#                                                                                         --- full sequence --- -------------- this domain -------------   hmm coord   ali coord   env coord
# target name                     accession   tlen query name           accession   qlen   E-value  score  bias   #  of  c-Evalue  i-Evalue  score  bias  from    to  from    to  from    to  acc description of target
#             ------------------- ---------- ----- -------------------- ---------- ----- --------- ------ ----- --- --- --------- --------- ------ ----- ----- ----- ----- ----- ----- ----- ---- ---------------------
NZ_VBRW01000001.1:187963-189264|+ -            434 1140at2085           -            348  1.7e-118  390.8  10.4   1   1    3e-120  3.5e-118  389.8  10.4     1   346     5   429     5   431 0.85 NZ_VBRW01000001.1_130 # 187963 # 189264 # 1 # ID=1_130;partial=00;start_type=ATG;rbs_motif=3Base/5BMM;rbs_spacer=13-15bp;gc_cont=0.291
NZ_VBRW01000003.1:11204-12532|-   -            443 1140at2085           -            348   1.1e-22   75.7   4.7   1   1   3.4e-24   4.1e-22   73.9   4.7   130   301   217   389   212   399 0.77 NZ_VBRW01000003.1_11 # 11204 # 12532 # -1 # ID=3_11;partial=00;start_type=TTG;rbs_motif=AGGAG;rbs_spacer=5-10bp;gc_cont=0.313
NZ_VBRW01000002.1:51751-52632|-   -            294 1140at2085           -            348   6.3e-13   43.6   2.2   1   1     1e-14   1.2e-12   42.7   1.7     1   103     9   124     9   137 0.76 NZ_VBRW01000002.1_50 # 51751 # 52632 # -1 # ID=2_50;partial=00;start_type=ATG;rbs_motif=None;rbs_spacer=None;gc_cont=0.291
NZ_VBRW01000001.1:207824-208615|+ -            264 1140at2085           -            348   9.7e-10   33.1   6.4   1   2   0.00055     0.066    7.4   3.3   203   277    15   102     3   110 0.67 NZ_VBRW01000001.1_147 # 207824 # 208615 # 1 # ID=1_147;partial=00;start_type=ATG;rbs_motif=None;rbs_spacer=None;gc_cont=0.266
NZ_VBRW01000001.1:207824-208615|+ -            264 1140at2085           -            348   9.7e-10   33.1   6.4   2   2   7.8e-10   9.3e-08   26.6   0.1     3    60   115   173   113   191 0.85 NZ_VBRW01000001.1_147 # 207824 # 208615 # 1 # ID=1_147;partial=00;start_type=ATG;rbs_motif=None;rbs_spacer=None;gc_cont=0.266
NZ_VBRW01000005.1:240435-241031|- -            199 1140at2085           -            348   1.4e-07   26.0   2.7   1   1   2.2e-08   2.6e-06   21.9   2.7   132   178    40    92    32   198 0.45 NZ_VBRW01000005.1_178 # 240435 # 241031 # -1 # ID=5_178;partial=00;start_type=ATG;rbs_motif=None;rbs_spacer=None;gc_cont=0.293
NZ_VBRW01000002.1:48572-49429|-   -            286 1140at2085           -            348   0.00026   15.3   8.2   1   2    0.0028      0.33    5.1   1.5   181   237    61   120    42   156 0.69 NZ_VBRW01000002.1_46 # 48572 # 49429 # -1 # ID=2_46;partial=00;start_type=ATG;rbs_motif=3Base/5BMM;rbs_spacer=13-15bp;gc_cont=0.282
NZ_VBRW01000002.1:48572-49429|-   -            286 1140at2085           -            348   0.00026   15.3   8.2   2   2   4.8e-06   0.00058   14.2   0.7     3    62   157   224   155   233 0.71 NZ_VBRW01000002.1_46 # 48572 # 49429 # -1 # ID=2_46;partial=00;start_type=ATG;rbs_motif=3Base/5BMM;rbs_spacer=13-15bp;gc_cont=0.282
#
# Program:         hmmsearch
# Version:         3.4 (Aug 2023)
# Pipeline mode:   SEARCH
# Query file:      /home/lgef/Documentos/GitHub/Project_doctoral/IMPLEMENTACAO/Genomes/M_hyopneumoniae/MHP_ncbi_dataset/ncbi_dataset/data/strains/UFV01/Use/busco_downloads/lineages/mycoplasmatales_odb10/hmms/1140at2085.hmm
# Target file:     /home/lgef/Documentos/GitHub/Project_doctoral/IMPLEMENTACAO/Genomes/M_hyopneumoniae/MHP_ncbi_dataset/ncbi_dataset/data/strains/UFV01/Use/busco_draft/prodigal_output/predicted_genes/predicted.faa
# Option settings: hmmsearch --domtblout /home/lgef/Documentos/GitHub/Project_doctoral/IMPLEMENTACAO/Genomes/M_hyopneumoniae/MHP_ncbi_dataset/ncbi_dataset/data/strains/UFV01/Use/busco_draft/run_mycoplasmatales_odb10/hmmer_output/1140at2085.out --cpu 1 /home/lgef/Documentos/GitHub/Project_doctoral/IMPLEMENTACAO/Genomes/M_hyopneumoniae/MHP_ncbi_dataset/ncbi_dataset/data/strains/UFV01/Use/busco_downloads/lineages/mycoplasmatales_odb10/hmms/1140at2085.hmm /home/lgef/Documentos/GitHub/Project_doctoral/IMPLEMENTACAO/Genomes/M_hyopneumoniae/MHP_ncbi_dataset/ncbi_dataset/data/strains/UFV01/Use/busco_draft/prodigal_output/predicted_genes/predicted.faa 
# Current dir:     /home/lgef/Documentos/GitHub/Project_doctoral/IMPLEMENTACAO/Genomes/M_hyopneumoniae/MHP_ncbi_dataset/ncbi_dataset/data/strains/UFV01/Use
# Date:            Thu Nov 28 19:30:36 2024
# [ok]
