#                                                                                       --- full sequence --- -------------- this domain -------------   hmm coord   ali coord   env coord
# target name                   accession   tlen query name           accession   qlen   E-value  score  bias   #  of  c-Evalue  i-Evalue  score  bias  from    to  from    to  from    to  acc description of target
#           ------------------- ---------- ----- -------------------- ---------- ----- --------- ------ ----- --- --- --------- --------- ------ ----- ----- ----- ----- ----- ----- ----- ---- ---------------------
NZ_QQRA01000001.1:5673-7757|+   -            695 148at2085            -            586         0 1036.6  12.7   1   2  5.8e-114  1.1e-111  369.5   3.0     1   181    11   193    11   218 0.94 NZ_QQRA01000001.1_8 # 5673 # 7757 # 1 # ID=12_8;partial=00;start_type=ATG;rbs_motif=AGGA;rbs_spacer=5-10bp;gc_cont=0.373
NZ_QQRA01000001.1:5673-7757|+   -            695 148at2085            -            586         0 1036.6  12.7   2   2  5.1e-205  9.3e-203  670.2   2.4   174   579   221   671   209   688 0.89 NZ_QQRA01000001.1_8 # 5673 # 7757 # 1 # ID=12_8;partial=00;start_type=ATG;rbs_motif=AGGA;rbs_spacer=5-10bp;gc_cont=0.373
NZ_QQRA01000001.1:9089-10885|-  -            599 148at2085            -            586   7.1e-42  139.0   0.2   1   3   2.7e-30   4.9e-28   93.3   0.1     1   150     7   153     7   164 0.92 NZ_QQRA01000001.1_10 # 9089 # 10885 # -1 # ID=12_10;partial=00;start_type=ATG;rbs_motif=None;rbs_spacer=None;gc_cont=0.346
NZ_QQRA01000001.1:9089-10885|-  -            599 148at2085            -            586   7.1e-42  139.0   0.2   2   3   1.3e-13   2.4e-11   38.2   0.0   218   415   163   375   154   381 0.75 NZ_QQRA01000001.1_10 # 9089 # 10885 # -1 # ID=12_10;partial=00;start_type=ATG;rbs_motif=None;rbs_spacer=None;gc_cont=0.346
NZ_QQRA01000001.1:9089-10885|-  -            599 148at2085            -            586   7.1e-42  139.0   0.2   3   3    0.0027       0.5    4.1   0.0   521   574   402   467   395   478 0.62 NZ_QQRA01000001.1_10 # 9089 # 10885 # -1 # ID=12_10;partial=00;start_type=ATG;rbs_motif=None;rbs_spacer=None;gc_cont=0.346
NZ_QQRA01000007.1:20876-22675|+ -            600 148at2085            -            586   4.7e-18   60.3   0.9   1   2   2.6e-20   4.7e-18   60.3   0.9    31   135   120   230   115   244 0.82 NZ_QQRA01000007.1_18 # 20876 # 22675 # 1 # ID=78_18;partial=00;start_type=ATG;rbs_motif=GGAG/GAGG;rbs_spacer=5-10bp;gc_cont=0.351
NZ_QQRA01000007.1:20876-22675|+ -            600 148at2085            -            586   4.7e-18   60.3   0.9   2   2       0.5        91   -3.4   0.1    45    70   379   404   369   455 0.69 NZ_QQRA01000007.1_18 # 20876 # 22675 # 1 # ID=78_18;partial=00;start_type=ATG;rbs_motif=GGAG/GAGG;rbs_spacer=5-10bp;gc_cont=0.351
NZ_QQRA01000010.1:3042-4250|+   -            403 148at2085            -            586   2.5e-15   51.3   1.4   1   2     3e-17   5.4e-15   50.2   0.3     2   130    20   147    19   166 0.91 NZ_QQRA01000010.1_2 # 3042 # 4250 # 1 # ID=2_2;partial=00;start_type=ATG;rbs_motif=AGGA;rbs_spacer=5-10bp;gc_cont=0.403
NZ_QQRA01000010.1:3042-4250|+   -            403 148at2085            -            586   2.5e-15   51.3   1.4   2   2     0.043       7.8    0.2   0.0   220   327   195   304   148   324 0.67 NZ_QQRA01000010.1_2 # 3042 # 4250 # 1 # ID=2_2;partial=00;start_type=ATG;rbs_motif=AGGA;rbs_spacer=5-10bp;gc_cont=0.403
#
# Program:         hmmsearch
# Version:         3.4 (Aug 2023)
# Pipeline mode:   SEARCH
# Query file:      /home/lgef/Documentos/GitHub/Project_doctoral/IMPLEMENTACAO/Genomes/M_hyopneumoniae/MHP_ncbi_dataset/ncbi_dataset/data/strains/MHP682/Use/busco_downloads/lineages/mycoplasmatales_odb10/hmms/148at2085.hmm
# Target file:     /home/lgef/Documentos/GitHub/Project_doctoral/IMPLEMENTACAO/Genomes/M_hyopneumoniae/MHP_ncbi_dataset/ncbi_dataset/data/strains/MHP682/Use/busco_draft/prodigal_output/predicted_genes/predicted.faa
# Option settings: hmmsearch --domtblout /home/lgef/Documentos/GitHub/Project_doctoral/IMPLEMENTACAO/Genomes/M_hyopneumoniae/MHP_ncbi_dataset/ncbi_dataset/data/strains/MHP682/Use/busco_draft/run_mycoplasmatales_odb10/hmmer_output/148at2085.out --cpu 1 /home/lgef/Documentos/GitHub/Project_doctoral/IMPLEMENTACAO/Genomes/M_hyopneumoniae/MHP_ncbi_dataset/ncbi_dataset/data/strains/MHP682/Use/busco_downloads/lineages/mycoplasmatales_odb10/hmms/148at2085.hmm /home/lgef/Documentos/GitHub/Project_doctoral/IMPLEMENTACAO/Genomes/M_hyopneumoniae/MHP_ncbi_dataset/ncbi_dataset/data/strains/MHP682/Use/busco_draft/prodigal_output/predicted_genes/predicted.faa 
# Current dir:     /home/lgef/Documentos/GitHub/Project_doctoral/IMPLEMENTACAO/Genomes/M_hyopneumoniae/MHP_ncbi_dataset/ncbi_dataset/data/strains/MHP682/Use
# Date:            Thu Nov 28 19:38:56 2024
# [ok]
