#                                                                                       --- full sequence --- -------------- this domain -------------   hmm coord   ali coord   env coord
# target name                   accession   tlen query name           accession   qlen   E-value  score  bias   #  of  c-Evalue  i-Evalue  score  bias  from    to  from    to  from    to  acc description of target
#           ------------------- ---------- ----- -------------------- ---------- ----- --------- ------ ----- --- --- --------- --------- ------ ----- ----- ----- ----- ----- ----- ----- ---- ---------------------
NZ_QQRA01000003.1:29673-30887|+ -            405 1830at2085           -            299  6.5e-101  332.9  31.0   1   3   2.2e-38     4e-36  120.2  10.0     1   129    10   157    10   159 0.84 NZ_QQRA01000003.1_22 # 29673 # 30887 # 1 # ID=34_22;partial=00;start_type=ATG;rbs_motif=None;rbs_spacer=None;gc_cont=0.259
NZ_QQRA01000003.1:29673-30887|+ -            405 1830at2085           -            299  6.5e-101  332.9  31.0   2   3   2.2e-65     4e-63  208.9   6.6   114   296   157   345   152   348 0.87 NZ_QQRA01000003.1_22 # 29673 # 30887 # 1 # ID=34_22;partial=00;start_type=ATG;rbs_motif=None;rbs_spacer=None;gc_cont=0.259
NZ_QQRA01000003.1:29673-30887|+ -            405 1830at2085           -            299  6.5e-101  332.9  31.0   3   3   3.2e-06   0.00059   14.6   2.1   244   295   347   399   337   402 0.86 NZ_QQRA01000003.1_22 # 29673 # 30887 # 1 # ID=34_22;partial=00;start_type=ATG;rbs_motif=None;rbs_spacer=None;gc_cont=0.259
NZ_QQRA01000021.1:9501-11042|+  -            514 1830at2085           -            299   6.2e-09   30.9   5.9   1   3   0.00066      0.12    7.0   0.3     2    99     5   110     4   133 0.79 NZ_QQRA01000021.1_11 # 9501 # 11042 # 1 # ID=14_11;partial=00;start_type=ATG;rbs_motif=GGA/GAG/AGG;rbs_spacer=5-10bp;gc_cont=0.272
NZ_QQRA01000021.1:9501-11042|+  -            514 1830at2085           -            299   6.2e-09   30.9   5.9   2   3   1.3e-09   2.4e-07   25.7   0.1   193   259   294   361   282   383 0.81 NZ_QQRA01000021.1_11 # 9501 # 11042 # 1 # ID=14_11;partial=00;start_type=ATG;rbs_motif=GGA/GAG/AGG;rbs_spacer=5-10bp;gc_cont=0.272
NZ_QQRA01000021.1:9501-11042|+  -            514 1830at2085           -            299   6.2e-09   30.9   5.9   3   3      0.19        35   -1.1   0.1    67   100   405   442   393   450 0.62 NZ_QQRA01000021.1_11 # 9501 # 11042 # 1 # ID=14_11;partial=00;start_type=ATG;rbs_motif=GGA/GAG/AGG;rbs_spacer=5-10bp;gc_cont=0.272
NZ_QQRA01000003.1:21612-23984|+ -            791 1830at2085           -            299   2.6e-06   22.3   0.3   1   2   4.6e-08   8.4e-06   20.6   0.0   191   236   548   594   504   626 0.85 NZ_QQRA01000003.1_16 # 21612 # 23984 # 1 # ID=34_16;partial=00;start_type=ATG;rbs_motif=GGA/GAG/AGG;rbs_spacer=5-10bp;gc_cont=0.306
NZ_QQRA01000003.1:21612-23984|+ -            791 1830at2085           -            299   2.6e-06   22.3   0.3   2   2      0.63   1.2e+02   -2.8   0.1   106   136   698   728   647   731 0.64 NZ_QQRA01000003.1_16 # 21612 # 23984 # 1 # ID=34_16;partial=00;start_type=ATG;rbs_motif=GGA/GAG/AGG;rbs_spacer=5-10bp;gc_cont=0.306
NZ_QQRA01000001.1:63872-66532|+ -            887 1830at2085           -            299   1.3e-05   20.0   0.1   1   4     0.048       8.7    0.9   0.0    12    39    65    92    57   176 0.65 NZ_QQRA01000001.1_54 # 63872 # 66532 # 1 # ID=12_54;partial=00;start_type=ATG;rbs_motif=AGGA;rbs_spacer=5-10bp;gc_cont=0.307
NZ_QQRA01000001.1:63872-66532|+ -            887 1830at2085           -            299   1.3e-05   20.0   0.1   2   4      0.23        41   -1.3   0.1   143   174   364   395   340   398 0.80 NZ_QQRA01000001.1_54 # 63872 # 66532 # 1 # ID=12_54;partial=00;start_type=ATG;rbs_motif=AGGA;rbs_spacer=5-10bp;gc_cont=0.307
NZ_QQRA01000001.1:63872-66532|+ -            887 1830at2085           -            299   1.3e-05   20.0   0.1   3   4   7.2e-08   1.3e-05   20.0   0.1   198   295   580   681   564   684 0.77 NZ_QQRA01000001.1_54 # 63872 # 66532 # 1 # ID=12_54;partial=00;start_type=ATG;rbs_motif=AGGA;rbs_spacer=5-10bp;gc_cont=0.307
NZ_QQRA01000001.1:63872-66532|+ -            887 1830at2085           -            299   1.3e-05   20.0   0.1   4   4      0.52        95   -2.5   0.4   251   279   756   784   721   837 0.57 NZ_QQRA01000001.1_54 # 63872 # 66532 # 1 # ID=12_54;partial=00;start_type=ATG;rbs_motif=AGGA;rbs_spacer=5-10bp;gc_cont=0.307
#
# Program:         hmmsearch
# Version:         3.4 (Aug 2023)
# Pipeline mode:   SEARCH
# Query file:      /home/lgef/Documentos/GitHub/Project_doctoral/IMPLEMENTACAO/Genomes/M_hyopneumoniae/MHP_ncbi_dataset/ncbi_dataset/data/strains/MHP682/Use/busco_downloads/lineages/mycoplasmatales_odb10/hmms/1830at2085.hmm
# Target file:     /home/lgef/Documentos/GitHub/Project_doctoral/IMPLEMENTACAO/Genomes/M_hyopneumoniae/MHP_ncbi_dataset/ncbi_dataset/data/strains/MHP682/Use/busco_draft/prodigal_output/predicted_genes/predicted.faa
# Option settings: hmmsearch --domtblout /home/lgef/Documentos/GitHub/Project_doctoral/IMPLEMENTACAO/Genomes/M_hyopneumoniae/MHP_ncbi_dataset/ncbi_dataset/data/strains/MHP682/Use/busco_draft/run_mycoplasmatales_odb10/hmmer_output/1830at2085.out --cpu 1 /home/lgef/Documentos/GitHub/Project_doctoral/IMPLEMENTACAO/Genomes/M_hyopneumoniae/MHP_ncbi_dataset/ncbi_dataset/data/strains/MHP682/Use/busco_downloads/lineages/mycoplasmatales_odb10/hmms/1830at2085.hmm /home/lgef/Documentos/GitHub/Project_doctoral/IMPLEMENTACAO/Genomes/M_hyopneumoniae/MHP_ncbi_dataset/ncbi_dataset/data/strains/MHP682/Use/busco_draft/prodigal_output/predicted_genes/predicted.faa 
# Current dir:     /home/lgef/Documentos/GitHub/Project_doctoral/IMPLEMENTACAO/Genomes/M_hyopneumoniae/MHP_ncbi_dataset/ncbi_dataset/data/strains/MHP682/Use
# Date:            Thu Nov 28 19:38:56 2024
# [ok]
