#                                                                                       --- full sequence --- -------------- this domain -------------   hmm coord   ali coord   env coord
# target name                   accession   tlen query name           accession   qlen   E-value  score  bias   #  of  c-Evalue  i-Evalue  score  bias  from    to  from    to  from    to  acc description of target
#           ------------------- ---------- ----- -------------------- ---------- ----- --------- ------ ----- --- --- --------- --------- ------ ----- ----- ----- ----- ----- ----- ----- ---- ---------------------
NZ_QQRA01000007.1:23066-26011|+ -            982 543at2085            -            552  9.7e-181  597.3  39.5   1   3     1e-21   3.6e-19   64.0   1.7     1    73     3    85     3   144 0.88 NZ_QQRA01000007.1_20 # 23066 # 26011 # 1 # ID=78_20;partial=00;start_type=ATG;rbs_motif=None;rbs_spacer=None;gc_cont=0.289
NZ_QQRA01000007.1:23066-26011|+ -            982 543at2085            -            552  9.7e-181  597.3  39.5   2   3   1.9e-69   6.9e-67  221.5   2.3    86   255   237   404   161   420 0.86 NZ_QQRA01000007.1_20 # 23066 # 26011 # 1 # ID=78_20;partial=00;start_type=ATG;rbs_motif=None;rbs_spacer=None;gc_cont=0.289
NZ_QQRA01000007.1:23066-26011|+ -            982 543at2085            -            552  9.7e-181  597.3  39.5   3   3     1e-99   3.7e-97  321.5  20.3   227   542   437   822   430   834 0.82 NZ_QQRA01000007.1_20 # 23066 # 26011 # 1 # ID=78_20;partial=00;start_type=ATG;rbs_motif=None;rbs_spacer=None;gc_cont=0.289
NZ_QQRA01000006.1:7731-12137|-  -           1469 543at2085            -            552   3.9e-17   57.3  24.9   1   6      0.31   1.1e+02   -3.6   0.8   457   536   545   625   541   632 0.68 NZ_QQRA01000006.1_8 # 7731 # 12137 # -1 # ID=67_8;partial=00;start_type=ATG;rbs_motif=AGGAG;rbs_spacer=5-10bp;gc_cont=0.302
NZ_QQRA01000006.1:7731-12137|-  -           1469 543at2085            -            552   3.9e-17   57.3  24.9   2   6   7.2e-11   2.6e-08   28.2   0.0   106   169   852   914   836   918 0.91 NZ_QQRA01000006.1_8 # 7731 # 12137 # -1 # ID=67_8;partial=00;start_type=ATG;rbs_motif=AGGAG;rbs_spacer=5-10bp;gc_cont=0.302
NZ_QQRA01000006.1:7731-12137|-  -           1469 543at2085            -            552   3.9e-17   57.3  24.9   3   6   6.9e-05     0.025    8.4   0.0   171   216   957  1002   950  1024 0.88 NZ_QQRA01000006.1_8 # 7731 # 12137 # -1 # ID=67_8;partial=00;start_type=ATG;rbs_motif=AGGAG;rbs_spacer=5-10bp;gc_cont=0.302
NZ_QQRA01000006.1:7731-12137|-  -           1469 543at2085            -            552   3.9e-17   57.3  24.9   4   6    0.0028         1    3.1   0.0   233   267  1050  1084  1045  1137 0.60 NZ_QQRA01000006.1_8 # 7731 # 12137 # -1 # ID=67_8;partial=00;start_type=ATG;rbs_motif=AGGAG;rbs_spacer=5-10bp;gc_cont=0.302
NZ_QQRA01000006.1:7731-12137|-  -           1469 543at2085            -            552   3.9e-17   57.3  24.9   5   6   3.7e-09   1.4e-06   22.5   6.3   308   468  1167  1317  1157  1347 0.59 NZ_QQRA01000006.1_8 # 7731 # 12137 # -1 # ID=67_8;partial=00;start_type=ATG;rbs_motif=AGGAG;rbs_spacer=5-10bp;gc_cont=0.302
NZ_QQRA01000006.1:7731-12137|-  -           1469 543at2085            -            552   3.9e-17   57.3  24.9   6   6    0.0059       2.2    2.0   0.1   478   545  1385  1460  1365  1466 0.78 NZ_QQRA01000006.1_8 # 7731 # 12137 # -1 # ID=67_8;partial=00;start_type=ATG;rbs_motif=AGGAG;rbs_spacer=5-10bp;gc_cont=0.302
#
# Program:         hmmsearch
# Version:         3.4 (Aug 2023)
# Pipeline mode:   SEARCH
# Query file:      /home/lgef/Documentos/GitHub/Project_doctoral/IMPLEMENTACAO/Genomes/M_hyopneumoniae/MHP_ncbi_dataset/ncbi_dataset/data/strains/MHP682/Use/busco_downloads/lineages/mycoplasmatales_odb10/hmms/543at2085.hmm
# Target file:     /home/lgef/Documentos/GitHub/Project_doctoral/IMPLEMENTACAO/Genomes/M_hyopneumoniae/MHP_ncbi_dataset/ncbi_dataset/data/strains/MHP682/Use/busco_draft/prodigal_output/predicted_genes/predicted.faa
# Option settings: hmmsearch --domtblout /home/lgef/Documentos/GitHub/Project_doctoral/IMPLEMENTACAO/Genomes/M_hyopneumoniae/MHP_ncbi_dataset/ncbi_dataset/data/strains/MHP682/Use/busco_draft/run_mycoplasmatales_odb10/hmmer_output/543at2085.out --cpu 1 /home/lgef/Documentos/GitHub/Project_doctoral/IMPLEMENTACAO/Genomes/M_hyopneumoniae/MHP_ncbi_dataset/ncbi_dataset/data/strains/MHP682/Use/busco_downloads/lineages/mycoplasmatales_odb10/hmms/543at2085.hmm /home/lgef/Documentos/GitHub/Project_doctoral/IMPLEMENTACAO/Genomes/M_hyopneumoniae/MHP_ncbi_dataset/ncbi_dataset/data/strains/MHP682/Use/busco_draft/prodigal_output/predicted_genes/predicted.faa 
# Current dir:     /home/lgef/Documentos/GitHub/Project_doctoral/IMPLEMENTACAO/Genomes/M_hyopneumoniae/MHP_ncbi_dataset/ncbi_dataset/data/strains/MHP682/Use
# Date:            Thu Nov 28 19:38:59 2024
# [ok]
