#                                                                                       --- full sequence --- -------------- this domain -------------   hmm coord   ali coord   env coord
# target name                   accession   tlen query name           accession   qlen   E-value  score  bias   #  of  c-Evalue  i-Evalue  score  bias  from    to  from    to  from    to  acc description of target
#           ------------------- ---------- ----- -------------------- ---------- ----- --------- ------ ----- --- --- --------- --------- ------ ----- ----- ----- ----- ----- ----- ----- ---- ---------------------
NZ_QQRA01000002.1:535-2238|-    -            568 908at2085            -            403  4.9e-146  481.9  18.9   1   2   1.3e-85   2.3e-83  275.5  13.1     4   229    16   286    13   304 0.85 NZ_QQRA01000002.1_2 # 535 # 2238 # -1 # ID=23_2;partial=00;start_type=ATG;rbs_motif=GGA/GAG/AGG;rbs_spacer=5-10bp;gc_cont=0.323
NZ_QQRA01000002.1:535-2238|-    -            568 908at2085            -            403  4.9e-146  481.9  18.9   2   2   2.8e-63   5.1e-61  201.9   0.3   243   398   381   558   354   563 0.85 NZ_QQRA01000002.1_2 # 535 # 2238 # -1 # ID=23_2;partial=00;start_type=ATG;rbs_motif=GGA/GAG/AGG;rbs_spacer=5-10bp;gc_cont=0.323
NZ_QQRA01000002.1:50420-51886|- -            489 908at2085            -            403   1.9e-29   97.9   6.5   1   2   7.2e-18   1.3e-15   52.3   4.9    47   229   113   303    76   323 0.82 NZ_QQRA01000002.1_36 # 50420 # 51886 # -1 # ID=23_36;partial=00;start_type=ATG;rbs_motif=GGA/GAG/AGG;rbs_spacer=11-12bp;gc_cont=0.312
NZ_QQRA01000002.1:50420-51886|- -            489 908at2085            -            403   1.9e-29   97.9   6.5   2   2   1.3e-15   2.3e-13   44.9   0.0   318   378   423   482   397   488 0.78 NZ_QQRA01000002.1_36 # 50420 # 51886 # -1 # ID=23_36;partial=00;start_type=ATG;rbs_motif=GGA/GAG/AGG;rbs_spacer=11-12bp;gc_cont=0.312
NZ_QQRA01000028.1:433-1782|+    -            450 908at2085            -            403   4.4e-29   96.7   7.1   1   2   1.4e-14   2.5e-12   41.5   4.3     3   202    19   247    16   259 0.71 NZ_QQRA01000028.1_1 # 433 # 1782 # 1 # ID=21_1;partial=00;start_type=ATG;rbs_motif=None;rbs_spacer=None;gc_cont=0.320
NZ_QQRA01000028.1:433-1782|+    -            450 908at2085            -            403   4.4e-29   96.7   7.1   2   2   2.7e-17   4.9e-15   50.4   0.0   286   383   353   447   329   449 0.83 NZ_QQRA01000028.1_1 # 433 # 1782 # 1 # ID=21_1;partial=00;start_type=ATG;rbs_motif=None;rbs_spacer=None;gc_cont=0.320
NZ_QQRA01000008.1:8774-9775|+   -            334 908at2085            -            403   2.9e-07   24.8   0.4   1   2    0.0019      0.35    4.8   0.1   106   196    34   133    20   163 0.71 NZ_QQRA01000008.1_6 # 8774 # 9775 # 1 # ID=82_6;partial=00;start_type=ATG;rbs_motif=AGGA/GGAG/GAGG;rbs_spacer=11-12bp;gc_cont=0.258
NZ_QQRA01000008.1:8774-9775|+   -            334 908at2085            -            403   2.9e-07   24.8   0.4   2   2   1.3e-07   2.5e-05   18.5   0.0   294   380   245   327   175   332 0.79 NZ_QQRA01000008.1_6 # 8774 # 9775 # 1 # ID=82_6;partial=00;start_type=ATG;rbs_motif=AGGA/GGAG/GAGG;rbs_spacer=11-12bp;gc_cont=0.258
#
# Program:         hmmsearch
# Version:         3.4 (Aug 2023)
# Pipeline mode:   SEARCH
# Query file:      /home/lgef/Documentos/GitHub/Project_doctoral/IMPLEMENTACAO/Genomes/M_hyopneumoniae/MHP_ncbi_dataset/ncbi_dataset/data/strains/MHP682/Use/busco_downloads/lineages/mycoplasmatales_odb10/hmms/908at2085.hmm
# Target file:     /home/lgef/Documentos/GitHub/Project_doctoral/IMPLEMENTACAO/Genomes/M_hyopneumoniae/MHP_ncbi_dataset/ncbi_dataset/data/strains/MHP682/Use/busco_draft/prodigal_output/predicted_genes/predicted.faa
# Option settings: hmmsearch --domtblout /home/lgef/Documentos/GitHub/Project_doctoral/IMPLEMENTACAO/Genomes/M_hyopneumoniae/MHP_ncbi_dataset/ncbi_dataset/data/strains/MHP682/Use/busco_draft/run_mycoplasmatales_odb10/hmmer_output/908at2085.out --cpu 1 /home/lgef/Documentos/GitHub/Project_doctoral/IMPLEMENTACAO/Genomes/M_hyopneumoniae/MHP_ncbi_dataset/ncbi_dataset/data/strains/MHP682/Use/busco_downloads/lineages/mycoplasmatales_odb10/hmms/908at2085.hmm /home/lgef/Documentos/GitHub/Project_doctoral/IMPLEMENTACAO/Genomes/M_hyopneumoniae/MHP_ncbi_dataset/ncbi_dataset/data/strains/MHP682/Use/busco_draft/prodigal_output/predicted_genes/predicted.faa 
# Current dir:     /home/lgef/Documentos/GitHub/Project_doctoral/IMPLEMENTACAO/Genomes/M_hyopneumoniae/MHP_ncbi_dataset/ncbi_dataset/data/strains/MHP682/Use
# Date:            Thu Nov 28 19:38:59 2024
# [ok]
