#                                                                                       --- full sequence --- -------------- this domain -------------   hmm coord   ali coord   env coord
# target name                   accession   tlen query name           accession   qlen   E-value  score  bias   #  of  c-Evalue  i-Evalue  score  bias  from    to  from    to  from    to  acc description of target
#           ------------------- ---------- ----- -------------------- ---------- ----- --------- ------ ----- --- --- --------- --------- ------ ----- ----- ----- ----- ----- ----- ----- ---- ---------------------
NZ_QQRA01000021.1:9501-11042|+  -            514 913at2085            -            397  1.8e-135  447.5  28.5   1   2  3.7e-125  6.7e-123  406.1  18.8     2   316     3   378     2   388 0.85 NZ_QQRA01000021.1_11 # 9501 # 11042 # 1 # ID=14_11;partial=00;start_type=ATG;rbs_motif=GGA/GAG/AGG;rbs_spacer=5-10bp;gc_cont=0.272
NZ_QQRA01000021.1:9501-11042|+  -            514 913at2085            -            397  1.8e-135  447.5  28.5   2   2   4.1e-15   7.5e-13   43.7   2.1   311   386   406   485   393   500 0.84 NZ_QQRA01000021.1_11 # 9501 # 11042 # 1 # ID=14_11;partial=00;start_type=ATG;rbs_motif=GGA/GAG/AGG;rbs_spacer=5-10bp;gc_cont=0.272
NZ_QQRA01000003.1:21612-23984|+ -            791 913at2085            -            397     7e-18   60.3   0.6   1   2   1.4e-11   2.6e-09   32.0   0.0     2   165    29   204    28   213 0.83 NZ_QQRA01000003.1_16 # 21612 # 23984 # 1 # ID=34_16;partial=00;start_type=ATG;rbs_motif=GGA/GAG/AGG;rbs_spacer=5-10bp;gc_cont=0.306
NZ_QQRA01000003.1:21612-23984|+ -            791 913at2085            -            397     7e-18   60.3   0.6   2   2   1.5e-09   2.8e-07   25.3   0.4   238   340   547   647   512   694 0.74 NZ_QQRA01000003.1_16 # 21612 # 23984 # 1 # ID=34_16;partial=00;start_type=ATG;rbs_motif=GGA/GAG/AGG;rbs_spacer=5-10bp;gc_cont=0.306
NZ_QQRA01000001.1:63872-66532|+ -            887 913at2085            -            397   1.4e-15   52.7  23.4   1   5   2.1e-12   3.8e-10   34.8   0.2    12   128    61   194    59   224 0.70 NZ_QQRA01000001.1_54 # 63872 # 66532 # 1 # ID=12_54;partial=00;start_type=ATG;rbs_motif=AGGA;rbs_spacer=5-10bp;gc_cont=0.307
NZ_QQRA01000001.1:63872-66532|+ -            887 913at2085            -            397   1.4e-15   52.7  23.4   2   5      0.59   1.1e+02   -2.9   0.1   144   187   410   460   402   462 0.53 NZ_QQRA01000001.1_54 # 63872 # 66532 # 1 # ID=12_54;partial=00;start_type=ATG;rbs_motif=AGGA;rbs_spacer=5-10bp;gc_cont=0.307
NZ_QQRA01000001.1:63872-66532|+ -            887 913at2085            -            397   1.4e-15   52.7  23.4   3   5   3.1e-09   5.6e-07   24.4   0.1   238   306   571   645   563   660 0.75 NZ_QQRA01000001.1_54 # 63872 # 66532 # 1 # ID=12_54;partial=00;start_type=ATG;rbs_motif=AGGA;rbs_spacer=5-10bp;gc_cont=0.307
NZ_QQRA01000001.1:63872-66532|+ -            887 913at2085            -            397   1.4e-15   52.7  23.4   4   5      0.02       3.6    1.9  10.4   264   387   634   763   626   774 0.70 NZ_QQRA01000001.1_54 # 63872 # 66532 # 1 # ID=12_54;partial=00;start_type=ATG;rbs_motif=AGGA;rbs_spacer=5-10bp;gc_cont=0.307
NZ_QQRA01000001.1:63872-66532|+ -            887 913at2085            -            397   1.4e-15   52.7  23.4   5   5      0.13        24   -0.8   0.2   118   163   763   806   756   811 0.70 NZ_QQRA01000001.1_54 # 63872 # 66532 # 1 # ID=12_54;partial=00;start_type=ATG;rbs_motif=AGGA;rbs_spacer=5-10bp;gc_cont=0.307
NZ_QQRA01000019.1:4137-6605|-   -            823 913at2085            -            397   9.3e-11   36.8  10.0   1   5   3.8e-09   6.9e-07   24.1   1.7     5   147    35   199    31   220 0.64 NZ_QQRA01000019.1_4 # 4137 # 6605 # -1 # ID=11_4;partial=00;start_type=ATG;rbs_motif=AGGA;rbs_spacer=5-10bp;gc_cont=0.301
NZ_QQRA01000019.1:4137-6605|-   -            823 913at2085            -            397   9.3e-11   36.8  10.0   2   5      0.19        35   -1.3   0.1   276   308   269   302   246   352 0.75 NZ_QQRA01000019.1_4 # 4137 # 6605 # -1 # ID=11_4;partial=00;start_type=ATG;rbs_motif=AGGA;rbs_spacer=5-10bp;gc_cont=0.301
NZ_QQRA01000019.1:4137-6605|-   -            823 913at2085            -            397   9.3e-11   36.8  10.0   3   5       0.4        73   -2.4   0.1   140   165   351   376   328   411 0.54 NZ_QQRA01000019.1_4 # 4137 # 6605 # -1 # ID=11_4;partial=00;start_type=ATG;rbs_motif=AGGA;rbs_spacer=5-10bp;gc_cont=0.301
NZ_QQRA01000019.1:4137-6605|-   -            823 913at2085            -            397   9.3e-11   36.8  10.0   4   5   7.5e-10   1.4e-07   26.4   1.5   233   321   490   578   466   621 0.68 NZ_QQRA01000019.1_4 # 4137 # 6605 # -1 # ID=11_4;partial=00;start_type=ATG;rbs_motif=AGGA;rbs_spacer=5-10bp;gc_cont=0.301
NZ_QQRA01000019.1:4137-6605|-   -            823 913at2085            -            397   9.3e-11   36.8  10.0   5   5      0.55     1e+02   -2.8   0.5   317   342   682   707   665   764 0.61 NZ_QQRA01000019.1_4 # 4137 # 6605 # -1 # ID=11_4;partial=00;start_type=ATG;rbs_motif=AGGA;rbs_spacer=5-10bp;gc_cont=0.301
#
# Program:         hmmsearch
# Version:         3.4 (Aug 2023)
# Pipeline mode:   SEARCH
# Query file:      /home/lgef/Documentos/GitHub/Project_doctoral/IMPLEMENTACAO/Genomes/M_hyopneumoniae/MHP_ncbi_dataset/ncbi_dataset/data/strains/MHP682/Use/busco_downloads/lineages/mycoplasmatales_odb10/hmms/913at2085.hmm
# Target file:     /home/lgef/Documentos/GitHub/Project_doctoral/IMPLEMENTACAO/Genomes/M_hyopneumoniae/MHP_ncbi_dataset/ncbi_dataset/data/strains/MHP682/Use/busco_draft/prodigal_output/predicted_genes/predicted.faa
# Option settings: hmmsearch --domtblout /home/lgef/Documentos/GitHub/Project_doctoral/IMPLEMENTACAO/Genomes/M_hyopneumoniae/MHP_ncbi_dataset/ncbi_dataset/data/strains/MHP682/Use/busco_draft/run_mycoplasmatales_odb10/hmmer_output/913at2085.out --cpu 1 /home/lgef/Documentos/GitHub/Project_doctoral/IMPLEMENTACAO/Genomes/M_hyopneumoniae/MHP_ncbi_dataset/ncbi_dataset/data/strains/MHP682/Use/busco_downloads/lineages/mycoplasmatales_odb10/hmms/913at2085.hmm /home/lgef/Documentos/GitHub/Project_doctoral/IMPLEMENTACAO/Genomes/M_hyopneumoniae/MHP_ncbi_dataset/ncbi_dataset/data/strains/MHP682/Use/busco_draft/prodigal_output/predicted_genes/predicted.faa 
# Current dir:     /home/lgef/Documentos/GitHub/Project_doctoral/IMPLEMENTACAO/Genomes/M_hyopneumoniae/MHP_ncbi_dataset/ncbi_dataset/data/strains/MHP682/Use
# Date:            Thu Nov 28 19:38:59 2024
# [ok]
