#                                                                                     --- full sequence --- -------------- this domain -------------   hmm coord   ali coord   env coord
# target name                 accession   tlen query name           accession   qlen   E-value  score  bias   #  of  c-Evalue  i-Evalue  score  bias  from    to  from    to  from    to  acc description of target
#         ------------------- ---------- ----- -------------------- ---------- ----- --------- ------ ----- --- --- --------- --------- ------ ----- ----- ----- ----- ----- ----- ----- ---- ---------------------
NZ_CP038641.1:664046-664966|- -            307 2666at2085           -            250   1.1e-91  301.9   0.2   1   1   4.5e-93   5.6e-91  299.6   0.2     1   248     5   285     5   288 0.89 NZ_CP038641.1_542 # 664046 # 664966 # -1 # ID=1_542;partial=00;start_type=ATG;rbs_motif=None;rbs_spacer=None;gc_cont=0.333
NZ_CP038641.1:594094-595020|- -            309 2666at2085           -            250   3.4e-30  100.5   0.5   1   2   1.9e-14   2.3e-12   42.0   0.0     6    77    32   105    30   131 0.83 NZ_CP038641.1_502 # 594094 # 595020 # -1 # ID=1_502;partial=00;start_type=ATG;rbs_motif=None;rbs_spacer=None;gc_cont=0.320
NZ_CP038641.1:594094-595020|- -            309 2666at2085           -            250   3.4e-30  100.5   0.5   2   2   8.8e-19   1.1e-16   56.2   0.4   133   241   193   306   174   308 0.83 NZ_CP038641.1_502 # 594094 # 595020 # -1 # ID=1_502;partial=00;start_type=ATG;rbs_motif=None;rbs_spacer=None;gc_cont=0.320
NZ_CP038641.1:674458-675261|+ -            268 2666at2085           -            250   2.3e-25   84.6   4.9   1   2   3.4e-10   4.2e-08   28.1   0.1     2    70     2    69     1   122 0.88 NZ_CP038641.1_550 # 674458 # 675261 # 1 # ID=1_550;partial=00;start_type=ATG;rbs_motif=None;rbs_spacer=None;gc_cont=0.297
NZ_CP038641.1:674458-675261|+ -            268 2666at2085           -            250   2.3e-25   84.6   4.9   2   2   3.3e-19   4.1e-17   57.6   1.9   164   245   177   264   138   266 0.82 NZ_CP038641.1_550 # 674458 # 675261 # 1 # ID=1_550;partial=00;start_type=ATG;rbs_motif=None;rbs_spacer=None;gc_cont=0.297
NZ_CP038641.1:241488-242318|+ -            277 2666at2085           -            250   1.3e-21   72.4   4.4   1   1   6.4e-23     8e-21   69.8   4.4     3   246     2   272     1   274 0.73 NZ_CP038641.1_216 # 241488 # 242318 # 1 # ID=1_216;partial=00;start_type=ATG;rbs_motif=AGGA;rbs_spacer=5-10bp;gc_cont=0.312
NZ_CP038641.1:460552-461892|- -            447 2666at2085           -            250   9.1e-18   59.8   9.0   1   2   7.3e-20   9.1e-18   59.8   9.0     6   246     6   266     3   269 0.75 NZ_CP038641.1_383 # 460552 # 461892 # -1 # ID=1_383;partial=00;start_type=ATG;rbs_motif=GGA/GAG/AGG;rbs_spacer=5-10bp;gc_cont=0.247
NZ_CP038641.1:460552-461892|- -            447 2666at2085           -            250   9.1e-18   59.8   9.0   2   2     0.054       6.8    1.2   1.1   104   152   363   414   326   444 0.72 NZ_CP038641.1_383 # 460552 # 461892 # -1 # ID=1_383;partial=00;start_type=ATG;rbs_motif=GGA/GAG/AGG;rbs_spacer=5-10bp;gc_cont=0.247
NZ_CP038641.1:335734-336543|+ -            270 2666at2085           -            250   2.5e-17   58.3   3.6   1   2   1.6e-05     0.002   12.8   0.1     4    79     5    80     2    94 0.80 NZ_CP038641.1_285 # 335734 # 336543 # 1 # ID=1_285;partial=00;start_type=ATG;rbs_motif=None;rbs_spacer=None;gc_cont=0.294
NZ_CP038641.1:335734-336543|+ -            270 2666at2085           -            250   2.5e-17   58.3   3.6   2   2     8e-16   9.9e-14   46.5   0.7   107   223   132   242   104   263 0.81 NZ_CP038641.1_285 # 335734 # 336543 # 1 # ID=1_285;partial=00;start_type=ATG;rbs_motif=None;rbs_spacer=None;gc_cont=0.294
#
# Program:         hmmsearch
# Version:         3.4 (Aug 2023)
# Pipeline mode:   SEARCH
# Query file:      /home/bryan/Documentos/GitHub/Project_doctoral/IMPLEMENTACAO/Genomes/M_hyopneumoniae/strains/ES2/Use/busco_downloads/lineages/mycoplasmatales_odb10/hmms/2666at2085.hmm
# Target file:     /home/bryan/Documentos/GitHub/Project_doctoral/IMPLEMENTACAO/Genomes/M_hyopneumoniae/strains/ES2/Use/busco_complete/prodigal_output/predicted_genes/predicted.faa
# Option settings: hmmsearch --domtblout /home/bryan/Documentos/GitHub/Project_doctoral/IMPLEMENTACAO/Genomes/M_hyopneumoniae/strains/ES2/Use/busco_complete/run_mycoplasmatales_odb10/hmmer_output/2666at2085.out --cpu 1 /home/bryan/Documentos/GitHub/Project_doctoral/IMPLEMENTACAO/Genomes/M_hyopneumoniae/strains/ES2/Use/busco_downloads/lineages/mycoplasmatales_odb10/hmms/2666at2085.hmm /home/bryan/Documentos/GitHub/Project_doctoral/IMPLEMENTACAO/Genomes/M_hyopneumoniae/strains/ES2/Use/busco_complete/prodigal_output/predicted_genes/predicted.faa 
# Current dir:     /home/bryan/Documentos/GitHub/Project_doctoral/IMPLEMENTACAO/Genomes/M_hyopneumoniae/strains/ES2/Use
# Date:            Sun Dec  1 18:58:07 2024
# [ok]
