#                                                                                       --- full sequence --- -------------- this domain -------------   hmm coord   ali coord   env coord
# target name                   accession   tlen query name           accession   qlen   E-value  score  bias   #  of  c-Evalue  i-Evalue  score  bias  from    to  from    to  from    to  acc description of target
#           ------------------- ---------- ----- -------------------- ---------- ----- --------- ------ ----- --- --- --------- --------- ------ ----- ----- ----- ----- ----- ----- ----- ---- ---------------------
NZ_QQQY01000003.1:56124-58784|+ -            887 157at2085            -            637  7.5e-234  773.0  38.1   1   4   6.5e-92   1.1e-89  296.7   1.5     1   221    19   274    19   287 0.85 NZ_QQQY01000003.1_48 # 56124 # 58784 # 1 # ID=31_48;partial=00;start_type=ATG;rbs_motif=AGGA;rbs_spacer=5-10bp;gc_cont=0.307
NZ_QQQY01000003.1:56124-58784|+ -            887 157at2085            -            637  7.5e-234  773.0  38.1   2   4    5e-132  8.7e-130  429.2   7.9   224   543   303   675   293   677 0.88 NZ_QQQY01000003.1_48 # 56124 # 58784 # 1 # ID=31_48;partial=00;start_type=ATG;rbs_motif=AGGA;rbs_spacer=5-10bp;gc_cont=0.307
NZ_QQQY01000003.1:56124-58784|+ -            887 157at2085            -            637  7.5e-234  773.0  38.1   3   4   4.2e-20   7.4e-18   59.4  10.4   510   602   669   772   665   809 0.81 NZ_QQQY01000003.1_48 # 56124 # 58784 # 1 # ID=31_48;partial=00;start_type=ATG;rbs_motif=AGGA;rbs_spacer=5-10bp;gc_cont=0.307
NZ_QQQY01000003.1:56124-58784|+ -            887 157at2085            -            637  7.5e-234  773.0  38.1   4   4      0.02       3.5    1.0   0.2   611   637   837   863   824   863 0.76 NZ_QQQY01000003.1_48 # 56124 # 58784 # 1 # ID=31_48;partial=00;start_type=ATG;rbs_motif=AGGA;rbs_spacer=5-10bp;gc_cont=0.307
NZ_QQQY01000002.1:60061-62529|- -            823 157at2085            -            637   6.3e-45  148.8  32.3   1   2   5.7e-45   9.9e-43  141.6  23.6     8   531    17   586    10   599 0.75 NZ_QQQY01000002.1_50 # 60061 # 62529 # -1 # ID=22_50;partial=00;start_type=ATG;rbs_motif=AGGA;rbs_spacer=5-10bp;gc_cont=0.299
NZ_QQQY01000002.1:60061-62529|- -            823 157at2085            -            637   6.3e-45  148.8  32.3   2   2   0.00017      0.03    7.9   2.6   513   588   593   666   588   700 0.72 NZ_QQQY01000002.1_50 # 60061 # 62529 # -1 # ID=22_50;partial=00;start_type=ATG;rbs_motif=AGGA;rbs_spacer=5-10bp;gc_cont=0.299
NZ_QQQY01000012.1:26224-28596|- -            791 157at2085            -            637   4.6e-38  126.2   9.8   1   4     5e-15   8.7e-13   42.7   0.0    11   162    17   172    10   179 0.74 NZ_QQQY01000012.1_20 # 26224 # 28596 # -1 # ID=3_20;partial=00;start_type=ATG;rbs_motif=GGA/GAG/AGG;rbs_spacer=5-10bp;gc_cont=0.307
NZ_QQQY01000012.1:26224-28596|- -            791 157at2085            -            637   4.6e-38  126.2   9.8   2   4      0.17        29   -2.0   0.0   297   321   180   204   175   231 0.88 NZ_QQQY01000012.1_20 # 26224 # 28596 # -1 # ID=3_20;partial=00;start_type=ATG;rbs_motif=GGA/GAG/AGG;rbs_spacer=5-10bp;gc_cont=0.307
NZ_QQQY01000012.1:26224-28596|- -            791 157at2085            -            637   4.6e-38  126.2   9.8   3   4   1.3e-09   2.3e-07   24.8   0.2   321   411   385   480   378   494 0.62 NZ_QQQY01000012.1_20 # 26224 # 28596 # -1 # ID=3_20;partial=00;start_type=ATG;rbs_motif=GGA/GAG/AGG;rbs_spacer=5-10bp;gc_cont=0.307
NZ_QQQY01000012.1:26224-28596|- -            791 157at2085            -            637   4.6e-38  126.2   9.8   4   4   7.7e-21   1.3e-18   61.9   1.5   435   607   540   722   496   736 0.75 NZ_QQQY01000012.1_20 # 26224 # 28596 # -1 # ID=3_20;partial=00;start_type=ATG;rbs_motif=GGA/GAG/AGG;rbs_spacer=5-10bp;gc_cont=0.307
NZ_QQQY01000018.1:15514-17055|- -            514 157at2085            -            637   3.2e-17   57.3  13.8   1   4   1.4e-12   2.4e-10   34.6   1.0    33   170    13   151     2   160 0.72 NZ_QQQY01000018.1_14 # 15514 # 17055 # -1 # ID=9_14;partial=00;start_type=ATG;rbs_motif=GGA/GAG/AGG;rbs_spacer=5-10bp;gc_cont=0.273
NZ_QQQY01000018.1:15514-17055|- -            514 157at2085            -            637   3.2e-17   57.3  13.8   2   4     0.058        10   -0.5   0.2   388   439   217   267   177   274 0.72 NZ_QQQY01000018.1_14 # 15514 # 17055 # -1 # ID=9_14;partial=00;start_type=ATG;rbs_motif=GGA/GAG/AGG;rbs_spacer=5-10bp;gc_cont=0.273
NZ_QQQY01000018.1:15514-17055|- -            514 157at2085            -            637   3.2e-17   57.3  13.8   3   4   2.9e-11     5e-09   30.2   0.1   445   518   294   367   288   400 0.83 NZ_QQQY01000018.1_14 # 15514 # 17055 # -1 # ID=9_14;partial=00;start_type=ATG;rbs_motif=GGA/GAG/AGG;rbs_spacer=5-10bp;gc_cont=0.273
NZ_QQQY01000018.1:15514-17055|- -            514 157at2085            -            637   3.2e-17   57.3  13.8   4   4     0.086        15   -1.1   0.2   518   589   401   480   392   503 0.47 NZ_QQQY01000018.1_14 # 15514 # 17055 # -1 # ID=9_14;partial=00;start_type=ATG;rbs_motif=GGA/GAG/AGG;rbs_spacer=5-10bp;gc_cont=0.273
#
# Program:         hmmsearch
# Version:         3.4 (Aug 2023)
# Pipeline mode:   SEARCH
# Query file:      /home/lgef/Documentos/GitHub/Project_doctoral/IMPLEMENTACAO/Genomes/M_hyopneumoniae/MHP_ncbi_dataset/ncbi_dataset/data/strains/MHP694/Use/busco_downloads/lineages/mycoplasmatales_odb10/hmms/157at2085.hmm
# Target file:     /home/lgef/Documentos/GitHub/Project_doctoral/IMPLEMENTACAO/Genomes/M_hyopneumoniae/MHP_ncbi_dataset/ncbi_dataset/data/strains/MHP694/Use/busco_draft/prodigal_output/predicted_genes/predicted.faa
# Option settings: hmmsearch --domtblout /home/lgef/Documentos/GitHub/Project_doctoral/IMPLEMENTACAO/Genomes/M_hyopneumoniae/MHP_ncbi_dataset/ncbi_dataset/data/strains/MHP694/Use/busco_draft/run_mycoplasmatales_odb10/hmmer_output/157at2085.out --cpu 1 /home/lgef/Documentos/GitHub/Project_doctoral/IMPLEMENTACAO/Genomes/M_hyopneumoniae/MHP_ncbi_dataset/ncbi_dataset/data/strains/MHP694/Use/busco_downloads/lineages/mycoplasmatales_odb10/hmms/157at2085.hmm /home/lgef/Documentos/GitHub/Project_doctoral/IMPLEMENTACAO/Genomes/M_hyopneumoniae/MHP_ncbi_dataset/ncbi_dataset/data/strains/MHP694/Use/busco_draft/prodigal_output/predicted_genes/predicted.faa 
# Current dir:     /home/lgef/Documentos/GitHub/Project_doctoral/IMPLEMENTACAO/Genomes/M_hyopneumoniae/MHP_ncbi_dataset/ncbi_dataset/data/strains/MHP694/Use
# Date:            Thu Nov 28 19:35:40 2024
# [ok]
