#                                                                                       --- full sequence --- -------------- this domain -------------   hmm coord   ali coord   env coord
# target name                   accession   tlen query name           accession   qlen   E-value  score  bias   #  of  c-Evalue  i-Evalue  score  bias  from    to  from    to  from    to  acc description of target
#           ------------------- ---------- ----- -------------------- ---------- ----- --------- ------ ----- --- --- --------- --------- ------ ----- ----- ----- ----- ----- ----- ----- ---- ---------------------
NZ_QQQY01000012.1:26224-28596|- -            791 462at2085            -            610  1.1e-222  736.2  36.0   1   4  3.3e-121  5.7e-119  393.6   5.5     2   270     3   280     2   298 0.91 NZ_QQQY01000012.1_20 # 26224 # 28596 # -1 # ID=3_20;partial=00;start_type=ATG;rbs_motif=GGA/GAG/AGG;rbs_spacer=5-10bp;gc_cont=0.307
NZ_QQQY01000012.1:26224-28596|- -            791 462at2085            -            610  1.1e-222  736.2  36.0   2   4    0.0071       1.2    2.8   0.0   257   312   303   364   292   372 0.74 NZ_QQQY01000012.1_20 # 26224 # 28596 # -1 # ID=3_20;partial=00;start_type=ATG;rbs_motif=GGA/GAG/AGG;rbs_spacer=5-10bp;gc_cont=0.307
NZ_QQQY01000012.1:26224-28596|- -            791 462at2085            -            610  1.1e-222  736.2  36.0   3   4   1.5e-97   2.5e-95  315.5   1.8   292   516   381   619   362   625 0.88 NZ_QQQY01000012.1_20 # 26224 # 28596 # -1 # ID=3_20;partial=00;start_type=ATG;rbs_motif=GGA/GAG/AGG;rbs_spacer=5-10bp;gc_cont=0.307
NZ_QQQY01000012.1:26224-28596|- -            791 462at2085            -            610  1.1e-222  736.2  36.0   4   4   2.6e-12   4.5e-10   34.0  11.6   511   610   649   788   632   788 0.75 NZ_QQQY01000012.1_20 # 26224 # 28596 # -1 # ID=3_20;partial=00;start_type=ATG;rbs_motif=GGA/GAG/AGG;rbs_spacer=5-10bp;gc_cont=0.307
NZ_QQQY01000002.1:60061-62529|- -            823 462at2085            -            610   2.9e-37  123.8  39.5   1   5   7.2e-21   1.3e-18   62.2   6.5     1   178     5   194     5   210 0.78 NZ_QQQY01000002.1_50 # 60061 # 62529 # -1 # ID=22_50;partial=00;start_type=ATG;rbs_motif=AGGA;rbs_spacer=5-10bp;gc_cont=0.299
NZ_QQQY01000002.1:60061-62529|- -            823 462at2085            -            610   2.9e-37  123.8  39.5   2   5      0.14        24   -1.4   0.1   226   278   205   260   192   297 0.66 NZ_QQQY01000002.1_50 # 60061 # 62529 # -1 # ID=22_50;partial=00;start_type=ATG;rbs_motif=AGGA;rbs_spacer=5-10bp;gc_cont=0.299
NZ_QQQY01000002.1:60061-62529|- -            823 462at2085            -            610   2.9e-37  123.8  39.5   3   5   3.2e-05    0.0056   10.6   0.2   136   215   310   391   299   394 0.79 NZ_QQQY01000002.1_50 # 60061 # 62529 # -1 # ID=22_50;partial=00;start_type=ATG;rbs_motif=AGGA;rbs_spacer=5-10bp;gc_cont=0.299
NZ_QQQY01000002.1:60061-62529|- -            823 462at2085            -            610   2.9e-37  123.8  39.5   4   5   1.4e-19   2.4e-17   58.0  10.0   304   519   386   570   372   631 0.81 NZ_QQQY01000002.1_50 # 60061 # 62529 # -1 # ID=22_50;partial=00;start_type=ATG;rbs_motif=AGGA;rbs_spacer=5-10bp;gc_cont=0.299
NZ_QQQY01000002.1:60061-62529|- -            823 462at2085            -            610   2.9e-37  123.8  39.5   5   5    0.0087       1.5    2.5   2.5   529   606   644   720   623   725 0.78 NZ_QQQY01000002.1_50 # 60061 # 62529 # -1 # ID=22_50;partial=00;start_type=ATG;rbs_motif=AGGA;rbs_spacer=5-10bp;gc_cont=0.299
NZ_QQQY01000003.1:56124-58784|+ -            887 462at2085            -            610   9.6e-35  115.5  28.8   1   4   1.1e-23   1.9e-21   71.6   0.5     5   166    25   199    21   206 0.85 NZ_QQQY01000003.1_48 # 56124 # 58784 # 1 # ID=31_48;partial=00;start_type=ATG;rbs_motif=AGGA;rbs_spacer=5-10bp;gc_cont=0.307
NZ_QQQY01000003.1:56124-58784|+ -            887 462at2085            -            610   9.6e-35  115.5  28.8   2   4     0.032       5.7    0.6   0.1   140   204   218   278   212   289 0.82 NZ_QQQY01000003.1_48 # 56124 # 58784 # 1 # ID=31_48;partial=00;start_type=ATG;rbs_motif=AGGA;rbs_spacer=5-10bp;gc_cont=0.307
NZ_QQQY01000003.1:56124-58784|+ -            887 462at2085            -            610   9.6e-35  115.5  28.8   3   4   1.1e-17     2e-15   51.7   4.7   227   488   369   615   357   652 0.73 NZ_QQQY01000003.1_48 # 56124 # 58784 # 1 # ID=31_48;partial=00;start_type=ATG;rbs_motif=AGGA;rbs_spacer=5-10bp;gc_cont=0.307
NZ_QQQY01000003.1:56124-58784|+ -            887 462at2085            -            610   9.6e-35  115.5  28.8   4   4      0.14        24   -1.4   5.4   523   570   728   774   670   816 0.59 NZ_QQQY01000003.1_48 # 56124 # 58784 # 1 # ID=31_48;partial=00;start_type=ATG;rbs_motif=AGGA;rbs_spacer=5-10bp;gc_cont=0.307
NZ_QQQY01000018.1:15514-17055|- -            514 462at2085            -            610   4.6e-24   80.2  14.2   1   2   6.6e-19   1.1e-16   55.8   4.6    25   196     2   176     1   212 0.84 NZ_QQQY01000018.1_14 # 15514 # 17055 # -1 # ID=9_14;partial=00;start_type=ATG;rbs_motif=GGA/GAG/AGG;rbs_spacer=5-10bp;gc_cont=0.273
NZ_QQQY01000018.1:15514-17055|- -            514 462at2085            -            610   4.6e-24   80.2  14.2   2   2   2.5e-11   4.3e-09   30.8   0.9   356   508   212   354   183   384 0.77 NZ_QQQY01000018.1_14 # 15514 # 17055 # -1 # ID=9_14;partial=00;start_type=ATG;rbs_motif=GGA/GAG/AGG;rbs_spacer=5-10bp;gc_cont=0.273
#
# Program:         hmmsearch
# Version:         3.4 (Aug 2023)
# Pipeline mode:   SEARCH
# Query file:      /home/lgef/Documentos/GitHub/Project_doctoral/IMPLEMENTACAO/Genomes/M_hyopneumoniae/MHP_ncbi_dataset/ncbi_dataset/data/strains/MHP694/Use/busco_downloads/lineages/mycoplasmatales_odb10/hmms/462at2085.hmm
# Target file:     /home/lgef/Documentos/GitHub/Project_doctoral/IMPLEMENTACAO/Genomes/M_hyopneumoniae/MHP_ncbi_dataset/ncbi_dataset/data/strains/MHP694/Use/busco_draft/prodigal_output/predicted_genes/predicted.faa
# Option settings: hmmsearch --domtblout /home/lgef/Documentos/GitHub/Project_doctoral/IMPLEMENTACAO/Genomes/M_hyopneumoniae/MHP_ncbi_dataset/ncbi_dataset/data/strains/MHP694/Use/busco_draft/run_mycoplasmatales_odb10/hmmer_output/462at2085.out --cpu 1 /home/lgef/Documentos/GitHub/Project_doctoral/IMPLEMENTACAO/Genomes/M_hyopneumoniae/MHP_ncbi_dataset/ncbi_dataset/data/strains/MHP694/Use/busco_downloads/lineages/mycoplasmatales_odb10/hmms/462at2085.hmm /home/lgef/Documentos/GitHub/Project_doctoral/IMPLEMENTACAO/Genomes/M_hyopneumoniae/MHP_ncbi_dataset/ncbi_dataset/data/strains/MHP694/Use/busco_draft/prodigal_output/predicted_genes/predicted.faa 
# Current dir:     /home/lgef/Documentos/GitHub/Project_doctoral/IMPLEMENTACAO/Genomes/M_hyopneumoniae/MHP_ncbi_dataset/ncbi_dataset/data/strains/MHP694/Use
# Date:            Thu Nov 28 19:35:42 2024
# [ok]
