#                                                                                       --- full sequence --- -------------- this domain -------------   hmm coord   ali coord   env coord
# target name                   accession   tlen query name           accession   qlen   E-value  score  bias   #  of  c-Evalue  i-Evalue  score  bias  from    to  from    to  from    to  acc description of target
#           ------------------- ---------- ----- -------------------- ---------- ----- --------- ------ ----- --- --- --------- --------- ------ ----- ----- ----- ----- ----- ----- ----- ---- ---------------------
NZ_QQQY01000010.1:7760-9499|+   -            580 539at2085            -            541  3.1e-246  813.6  14.8   1   1    2e-248  3.5e-246  813.4  14.8     1   541     8   574     8   574 0.97 NZ_QQQY01000010.1_8 # 7760 # 9499 # 1 # ID=1_8;partial=00;start_type=ATG;rbs_motif=AGGA;rbs_spacer=5-10bp;gc_cont=0.297
NZ_QQQY01000003.1:25659-27026|- -            456 539at2085            -            541   4.2e-10   34.2   1.0   1   3      0.16        28   -1.5   0.0   197   228    56    87    39   101 0.72 NZ_QQQY01000003.1_20 # 25659 # 27026 # -1 # ID=31_20;partial=00;start_type=ATG;rbs_motif=AGGA;rbs_spacer=5-10bp;gc_cont=0.301
NZ_QQQY01000003.1:25659-27026|- -            456 539at2085            -            541   4.2e-10   34.2   1.0   2   3   1.3e-08   2.3e-06   21.9   0.1   235   346   157   268   150   272 0.88 NZ_QQQY01000003.1_20 # 25659 # 27026 # -1 # ID=31_20;partial=00;start_type=ATG;rbs_motif=AGGA;rbs_spacer=5-10bp;gc_cont=0.301
NZ_QQQY01000003.1:25659-27026|- -            456 539at2085            -            541   4.2e-10   34.2   1.0   3   3   5.9e-05      0.01    9.8   0.1   451   540   354   449   348   450 0.83 NZ_QQQY01000003.1_20 # 25659 # 27026 # -1 # ID=31_20;partial=00;start_type=ATG;rbs_motif=AGGA;rbs_spacer=5-10bp;gc_cont=0.301
NZ_QQQY01000006.1:37980-39419|- -            480 539at2085            -            541   4.9e-07   24.1   6.9   1   2     0.015       2.6    1.9   0.0   186   316    43   183    34   205 0.66 NZ_QQQY01000006.1_28 # 37980 # 39419 # -1 # ID=48_28;partial=00;start_type=ATG;rbs_motif=None;rbs_spacer=None;gc_cont=0.312
NZ_QQQY01000006.1:37980-39419|- -            480 539at2085            -            541   4.9e-07   24.1   6.9   2   2   2.8e-09   4.9e-07   24.1   2.2   408   525   237   366   229   382 0.78 NZ_QQQY01000006.1_28 # 37980 # 39419 # -1 # ID=48_28;partial=00;start_type=ATG;rbs_motif=None;rbs_spacer=None;gc_cont=0.312
NZ_QQQY01000004.1:29162-30403|+ -            414 539at2085            -            541   9.2e-05   16.6   0.5   1   3      0.17        29   -1.6   0.2    99   142     9    52     3    89 0.64 NZ_QQQY01000004.1_22 # 29162 # 30403 # 1 # ID=42_22;partial=00;start_type=ATG;rbs_motif=None;rbs_spacer=None;gc_cont=0.319
NZ_QQQY01000004.1:29162-30403|+ -            414 539at2085            -            541   9.2e-05   16.6   0.5   2   3   1.5e-05    0.0026   11.8   0.0   153   362   133   347   119   353 0.81 NZ_QQQY01000004.1_22 # 29162 # 30403 # 1 # ID=42_22;partial=00;start_type=ATG;rbs_motif=None;rbs_spacer=None;gc_cont=0.319
NZ_QQQY01000004.1:29162-30403|+ -            414 539at2085            -            541   9.2e-05   16.6   0.5   3   3     0.014       2.4    2.0   0.0   411   458   361   406   353   409 0.77 NZ_QQQY01000004.1_22 # 29162 # 30403 # 1 # ID=42_22;partial=00;start_type=ATG;rbs_motif=None;rbs_spacer=None;gc_cont=0.319
#
# Program:         hmmsearch
# Version:         3.4 (Aug 2023)
# Pipeline mode:   SEARCH
# Query file:      /home/lgef/Documentos/GitHub/Project_doctoral/IMPLEMENTACAO/Genomes/M_hyopneumoniae/MHP_ncbi_dataset/ncbi_dataset/data/strains/MHP694/Use/busco_downloads/lineages/mycoplasmatales_odb10/hmms/539at2085.hmm
# Target file:     /home/lgef/Documentos/GitHub/Project_doctoral/IMPLEMENTACAO/Genomes/M_hyopneumoniae/MHP_ncbi_dataset/ncbi_dataset/data/strains/MHP694/Use/busco_draft/prodigal_output/predicted_genes/predicted.faa
# Option settings: hmmsearch --domtblout /home/lgef/Documentos/GitHub/Project_doctoral/IMPLEMENTACAO/Genomes/M_hyopneumoniae/MHP_ncbi_dataset/ncbi_dataset/data/strains/MHP694/Use/busco_draft/run_mycoplasmatales_odb10/hmmer_output/539at2085.out --cpu 1 /home/lgef/Documentos/GitHub/Project_doctoral/IMPLEMENTACAO/Genomes/M_hyopneumoniae/MHP_ncbi_dataset/ncbi_dataset/data/strains/MHP694/Use/busco_downloads/lineages/mycoplasmatales_odb10/hmms/539at2085.hmm /home/lgef/Documentos/GitHub/Project_doctoral/IMPLEMENTACAO/Genomes/M_hyopneumoniae/MHP_ncbi_dataset/ncbi_dataset/data/strains/MHP694/Use/busco_draft/prodigal_output/predicted_genes/predicted.faa 
# Current dir:     /home/lgef/Documentos/GitHub/Project_doctoral/IMPLEMENTACAO/Genomes/M_hyopneumoniae/MHP_ncbi_dataset/ncbi_dataset/data/strains/MHP694/Use
# Date:            Thu Nov 28 19:35:42 2024
# [ok]
