#                                                                                       --- full sequence --- -------------- this domain -------------   hmm coord   ali coord   env coord
# target name                   accession   tlen query name           accession   qlen   E-value  score  bias   #  of  c-Evalue  i-Evalue  score  bias  from    to  from    to  from    to  acc description of target
#           ------------------- ---------- ----- -------------------- ---------- ----- --------- ------ ----- --- --- --------- --------- ------ ----- ----- ----- ----- ----- ----- ----- ---- ---------------------
NZ_QQQY01000013.1:8289-9755|+   -            489 759at2085            -            394    9e-157  517.2  10.8   1   2     0.017       2.4    2.1   0.1     1    19     3    21     3    25 0.90 NZ_QQQY01000013.1_8 # 8289 # 9755 # 1 # ID=4_8;partial=00;start_type=ATG;rbs_motif=GGA/GAG/AGG;rbs_spacer=11-12bp;gc_cont=0.310
NZ_QQQY01000013.1:8289-9755|+   -            489 759at2085            -            394    9e-157  517.2  10.8   2   2  8.5e-159  1.2e-156  516.8   6.4    11   394    44   484    34   484 0.87 NZ_QQQY01000013.1_8 # 8289 # 9755 # 1 # ID=4_8;partial=00;start_type=ATG;rbs_motif=GGA/GAG/AGG;rbs_spacer=11-12bp;gc_cont=0.310
NZ_QQQY01000004.1:15057-16760|+ -            568 759at2085            -            394   5.5e-26   86.6   1.2   1   2   5.8e-16   8.1e-14   46.5   1.1    83   235   116   270    36   284 0.86 NZ_QQQY01000004.1_13 # 15057 # 16760 # 1 # ID=42_13;partial=00;start_type=ATG;rbs_motif=GGA/GAG/AGG;rbs_spacer=5-10bp;gc_cont=0.323
NZ_QQQY01000004.1:15057-16760|+ -            568 759at2085            -            394   5.5e-26   86.6   1.2   2   2   1.9e-13   2.6e-11   38.3   0.0   353   391   497   535   394   537 0.91 NZ_QQQY01000004.1_13 # 15057 # 16760 # 1 # ID=42_13;partial=00;start_type=ATG;rbs_motif=GGA/GAG/AGG;rbs_spacer=5-10bp;gc_cont=0.323
NZ_QQQY01000018.1:9338-10687|-  -            450 759at2085            -            394   5.3e-20   66.9   4.4   1   1   5.8e-22   8.1e-20   66.3   4.4    87   392   124   442    87   444 0.81 NZ_QQQY01000018.1_9 # 9338 # 10687 # -1 # ID=9_9;partial=00;start_type=ATG;rbs_motif=None;rbs_spacer=None;gc_cont=0.320
NZ_QQQY01000001.1:24471-25472|+ -            334 759at2085            -            394   4.9e-06   20.9   3.1   1   3    0.0043      0.61    4.1   1.5   140   229    73   166    58   192 0.69 NZ_QQQY01000001.1_21 # 24471 # 25472 # 1 # ID=11_21;partial=00;start_type=GTG;rbs_motif=AGGA/GGAG/GAGG;rbs_spacer=11-12bp;gc_cont=0.259
NZ_QQQY01000001.1:24471-25472|+ -            334 759at2085            -            394   4.9e-06   20.9   3.1   2   3     0.087        12   -0.2   0.0    72   126   181   237   173   245 0.73 NZ_QQQY01000001.1_21 # 24471 # 25472 # 1 # ID=11_21;partial=00;start_type=GTG;rbs_motif=AGGA/GGAG/GAGG;rbs_spacer=11-12bp;gc_cont=0.259
NZ_QQQY01000001.1:24471-25472|+ -            334 759at2085            -            394   4.9e-06   20.9   3.1   3   3   2.9e-06    0.0004   14.6   0.0   353   391   286   324   255   326 0.82 NZ_QQQY01000001.1_21 # 24471 # 25472 # 1 # ID=11_21;partial=00;start_type=GTG;rbs_motif=AGGA/GGAG/GAGG;rbs_spacer=11-12bp;gc_cont=0.259
NZ_QQQY01000007.1:26699-27379|- -            227 759at2085            -            394   0.00041   14.5   0.2   1   2   3.7e-05    0.0051   10.9   0.0   167   218    87   139    76   152 0.80 NZ_QQQY01000007.1_29 # 26699 # 27379 # -1 # ID=49_29;partial=00;start_type=ATG;rbs_motif=GGA/GAG/AGG;rbs_spacer=11-12bp;gc_cont=0.298
NZ_QQQY01000007.1:26699-27379|- -            227 759at2085            -            394   0.00041   14.5   0.2   2   2     0.027       3.8    1.5   0.0   367   386   194   213   188   216 0.85 NZ_QQQY01000007.1_29 # 26699 # 27379 # -1 # ID=49_29;partial=00;start_type=ATG;rbs_motif=GGA/GAG/AGG;rbs_spacer=11-12bp;gc_cont=0.298
#
# Program:         hmmsearch
# Version:         3.4 (Aug 2023)
# Pipeline mode:   SEARCH
# Query file:      /home/lgef/Documentos/GitHub/Project_doctoral/IMPLEMENTACAO/Genomes/M_hyopneumoniae/MHP_ncbi_dataset/ncbi_dataset/data/strains/MHP694/Use/busco_downloads/lineages/mycoplasmatales_odb10/hmms/759at2085.hmm
# Target file:     /home/lgef/Documentos/GitHub/Project_doctoral/IMPLEMENTACAO/Genomes/M_hyopneumoniae/MHP_ncbi_dataset/ncbi_dataset/data/strains/MHP694/Use/busco_draft/prodigal_output/predicted_genes/predicted.faa
# Option settings: hmmsearch --domtblout /home/lgef/Documentos/GitHub/Project_doctoral/IMPLEMENTACAO/Genomes/M_hyopneumoniae/MHP_ncbi_dataset/ncbi_dataset/data/strains/MHP694/Use/busco_draft/run_mycoplasmatales_odb10/hmmer_output/759at2085.out --cpu 1 /home/lgef/Documentos/GitHub/Project_doctoral/IMPLEMENTACAO/Genomes/M_hyopneumoniae/MHP_ncbi_dataset/ncbi_dataset/data/strains/MHP694/Use/busco_downloads/lineages/mycoplasmatales_odb10/hmms/759at2085.hmm /home/lgef/Documentos/GitHub/Project_doctoral/IMPLEMENTACAO/Genomes/M_hyopneumoniae/MHP_ncbi_dataset/ncbi_dataset/data/strains/MHP694/Use/busco_draft/prodigal_output/predicted_genes/predicted.faa 
# Current dir:     /home/lgef/Documentos/GitHub/Project_doctoral/IMPLEMENTACAO/Genomes/M_hyopneumoniae/MHP_ncbi_dataset/ncbi_dataset/data/strains/MHP694/Use
# Date:            Thu Nov 28 19:35:42 2024
# [ok]
