#                                                                                       --- full sequence --- -------------- this domain -------------   hmm coord   ali coord   env coord
# target name                   accession   tlen query name           accession   qlen   E-value  score  bias   #  of  c-Evalue  i-Evalue  score  bias  from    to  from    to  from    to  acc description of target
#           ------------------- ---------- ----- -------------------- ---------- ----- --------- ------ ----- --- --- --------- --------- ------ ----- ----- ----- ----- ----- ----- ----- ---- ---------------------
NZ_QQQY01000004.1:15057-16760|+ -            568 908at2085            -            403  4.1e-146  482.1  18.8   1   2   1.2e-85   2.1e-83  275.6  13.1     4   229    16   286    13   304 0.85 NZ_QQQY01000004.1_13 # 15057 # 16760 # 1 # ID=42_13;partial=00;start_type=ATG;rbs_motif=GGA/GAG/AGG;rbs_spacer=5-10bp;gc_cont=0.323
NZ_QQQY01000004.1:15057-16760|+ -            568 908at2085            -            403  4.1e-146  482.1  18.8   2   2   2.7e-63   4.8e-61  201.9   0.3   243   398   381   558   352   563 0.84 NZ_QQQY01000004.1_13 # 15057 # 16760 # 1 # ID=42_13;partial=00;start_type=ATG;rbs_motif=GGA/GAG/AGG;rbs_spacer=5-10bp;gc_cont=0.323
NZ_QQQY01000013.1:8289-9755|+   -            489 908at2085            -            403   1.6e-29   98.1   6.1   1   2   6.5e-18   1.1e-15   52.5   4.5    47   229   113   303    76   324 0.82 NZ_QQQY01000013.1_8 # 8289 # 9755 # 1 # ID=4_8;partial=00;start_type=ATG;rbs_motif=GGA/GAG/AGG;rbs_spacer=11-12bp;gc_cont=0.310
NZ_QQQY01000013.1:8289-9755|+   -            489 908at2085            -            403   1.6e-29   98.1   6.1   2   2   1.3e-15   2.2e-13   44.9   0.0   318   378   423   482   397   488 0.78 NZ_QQQY01000013.1_8 # 8289 # 9755 # 1 # ID=4_8;partial=00;start_type=ATG;rbs_motif=GGA/GAG/AGG;rbs_spacer=11-12bp;gc_cont=0.310
NZ_QQQY01000018.1:9338-10687|-  -            450 908at2085            -            403   4.3e-29   96.7   7.1   1   2   1.4e-14   2.4e-12   41.5   4.3     3   202    19   247    16   259 0.71 NZ_QQQY01000018.1_9 # 9338 # 10687 # -1 # ID=9_9;partial=00;start_type=ATG;rbs_motif=None;rbs_spacer=None;gc_cont=0.320
NZ_QQQY01000018.1:9338-10687|-  -            450 908at2085            -            403   4.3e-29   96.7   7.1   2   2   2.7e-17   4.7e-15   50.4   0.0   286   383   353   447   329   449 0.83 NZ_QQQY01000018.1_9 # 9338 # 10687 # -1 # ID=9_9;partial=00;start_type=ATG;rbs_motif=None;rbs_spacer=None;gc_cont=0.320
NZ_QQQY01000001.1:24471-25472|+ -            334 908at2085            -            403   3.1e-07   24.7   0.4   1   2     0.002      0.35    4.8   0.1   106   196    34   133    19   163 0.71 NZ_QQQY01000001.1_21 # 24471 # 25472 # 1 # ID=11_21;partial=00;start_type=GTG;rbs_motif=AGGA/GGAG/GAGG;rbs_spacer=11-12bp;gc_cont=0.259
NZ_QQQY01000001.1:24471-25472|+ -            334 908at2085            -            403   3.1e-07   24.7   0.4   2   2   1.3e-07   2.4e-05   18.5   0.0   294   380   245   327   175   332 0.79 NZ_QQQY01000001.1_21 # 24471 # 25472 # 1 # ID=11_21;partial=00;start_type=GTG;rbs_motif=AGGA/GGAG/GAGG;rbs_spacer=11-12bp;gc_cont=0.259
#
# Program:         hmmsearch
# Version:         3.4 (Aug 2023)
# Pipeline mode:   SEARCH
# Query file:      /home/lgef/Documentos/GitHub/Project_doctoral/IMPLEMENTACAO/Genomes/M_hyopneumoniae/MHP_ncbi_dataset/ncbi_dataset/data/strains/MHP694/Use/busco_downloads/lineages/mycoplasmatales_odb10/hmms/908at2085.hmm
# Target file:     /home/lgef/Documentos/GitHub/Project_doctoral/IMPLEMENTACAO/Genomes/M_hyopneumoniae/MHP_ncbi_dataset/ncbi_dataset/data/strains/MHP694/Use/busco_draft/prodigal_output/predicted_genes/predicted.faa
# Option settings: hmmsearch --domtblout /home/lgef/Documentos/GitHub/Project_doctoral/IMPLEMENTACAO/Genomes/M_hyopneumoniae/MHP_ncbi_dataset/ncbi_dataset/data/strains/MHP694/Use/busco_draft/run_mycoplasmatales_odb10/hmmer_output/908at2085.out --cpu 1 /home/lgef/Documentos/GitHub/Project_doctoral/IMPLEMENTACAO/Genomes/M_hyopneumoniae/MHP_ncbi_dataset/ncbi_dataset/data/strains/MHP694/Use/busco_downloads/lineages/mycoplasmatales_odb10/hmms/908at2085.hmm /home/lgef/Documentos/GitHub/Project_doctoral/IMPLEMENTACAO/Genomes/M_hyopneumoniae/MHP_ncbi_dataset/ncbi_dataset/data/strains/MHP694/Use/busco_draft/prodigal_output/predicted_genes/predicted.faa 
# Current dir:     /home/lgef/Documentos/GitHub/Project_doctoral/IMPLEMENTACAO/Genomes/M_hyopneumoniae/MHP_ncbi_dataset/ncbi_dataset/data/strains/MHP694/Use
# Date:            Thu Nov 28 19:35:43 2024
# [ok]
