#                                                                                     --- full sequence --- -------------- this domain -------------   hmm coord   ali coord   env coord
# target name                 accession   tlen query name           accession   qlen   E-value  score  bias   #  of  c-Evalue  i-Evalue  score  bias  from    to  from    to  from    to  acc description of target
#         ------------------- ---------- ----- -------------------- ---------- ----- --------- ------ ----- --- --- --------- --------- ------ ----- ----- ----- ----- ----- ----- ----- ---- ---------------------
NZ_CP098241.1:594584-595180|- -            199 4324at2085           -            135   2.4e-41  136.4   3.5   1   1   5.6e-43   4.6e-41  135.4   3.5     2   134    24   190    23   191 0.78 NZ_CP098241.1_508 # 594584 # 595180 # -1 # ID=1_508;partial=00;start_type=ATG;rbs_motif=None;rbs_spacer=None;gc_cont=0.298
NZ_CP098241.1:85988-87289|+   -            434 4324at2085           -            135   1.7e-15   52.7   8.4   1   3   5.2e-10   4.3e-08   28.7   0.2    10    46     3    39     1   131 0.71 NZ_CP098241.1_77 # 85988 # 87289 # 1 # ID=1_77;partial=00;start_type=ATG;rbs_motif=3Base/5BMM;rbs_spacer=13-15bp;gc_cont=0.291
NZ_CP098241.1:85988-87289|+   -            434 4324at2085           -            135   1.7e-15   52.7   8.4   2   3   2.2e-09   1.8e-07   26.7   0.1    11   116   172   298   162   313 0.59 NZ_CP098241.1_77 # 85988 # 87289 # 1 # ID=1_77;partial=00;start_type=ATG;rbs_motif=3Base/5BMM;rbs_spacer=13-15bp;gc_cont=0.291
NZ_CP098241.1:85988-87289|+   -            434 4324at2085           -            135   1.7e-15   52.7   8.4   3   3      0.52        43   -0.5   0.4    25    82   353   412   334   421 0.72 NZ_CP098241.1_77 # 85988 # 87289 # 1 # ID=1_77;partial=00;start_type=ATG;rbs_motif=3Base/5BMM;rbs_spacer=13-15bp;gc_cont=0.291
NZ_CP098241.1:105883-106674|+ -            264 4324at2085           -            135     2e-08   29.8  11.5   1   4     0.021       1.7    4.1   1.2    99   124    41    66     9    73 0.69 NZ_CP098241.1_94 # 105883 # 106674 # 1 # ID=1_94;partial=00;start_type=ATG;rbs_motif=GGA/GAG/AGG;rbs_spacer=3-4bp;gc_cont=0.264
NZ_CP098241.1:105883-106674|+ -            264 4324at2085           -            135     2e-08   29.8  11.5   2   4      0.27        23    0.5   0.4    69   119    58   104    53   110 0.58 NZ_CP098241.1_94 # 105883 # 106674 # 1 # ID=1_94;partial=00;start_type=ATG;rbs_motif=GGA/GAG/AGG;rbs_spacer=3-4bp;gc_cont=0.264
NZ_CP098241.1:105883-106674|+ -            264 4324at2085           -            135     2e-08   29.8  11.5   3   4   2.9e-10   2.4e-08   29.5   0.2    11    71   112   174   103   205 0.79 NZ_CP098241.1_94 # 105883 # 106674 # 1 # ID=1_94;partial=00;start_type=ATG;rbs_motif=GGA/GAG/AGG;rbs_spacer=3-4bp;gc_cont=0.264
NZ_CP098241.1:105883-106674|+ -            264 4324at2085           -            135     2e-08   29.8  11.5   4   4      0.11         9    1.7   0.1    84   115   208   239   199   245 0.86 NZ_CP098241.1_94 # 105883 # 106674 # 1 # ID=1_94;partial=00;start_type=ATG;rbs_motif=GGA/GAG/AGG;rbs_spacer=3-4bp;gc_cont=0.264
NZ_CP098241.1:256668-257996|- -            443 4324at2085           -            135   6.6e-08   28.1   4.4   1   2       4.7   3.9e+02   -3.5   0.0    27    49    93   115    88   124 0.63 NZ_CP098241.1_254 # 256668 # 257996 # -1 # ID=1_254;partial=00;start_type=TTG;rbs_motif=AGGAG;rbs_spacer=5-10bp;gc_cont=0.317
NZ_CP098241.1:256668-257996|- -            443 4324at2085           -            135   6.6e-08   28.1   4.4   2   2   1.5e-09   1.3e-07   27.2   2.5    11   129   218   350   214   358 0.68 NZ_CP098241.1_254 # 256668 # 257996 # -1 # ID=1_254;partial=00;start_type=TTG;rbs_motif=AGGAG;rbs_spacer=5-10bp;gc_cont=0.317
NZ_CP098241.1:189047-189928|- -            294 4324at2085           -            135   1.3e-06   23.9   3.4   1   1   4.1e-08   3.4e-06   22.6   3.4    12   115     9   129     3   141 0.63 NZ_CP098241.1_171 # 189047 # 189928 # -1 # ID=1_171;partial=00;start_type=ATG;rbs_motif=None;rbs_spacer=None;gc_cont=0.291
NZ_CP098241.1:185868-186725|- -            286 4324at2085           -            135   4.8e-06   22.1   1.8   1   2       0.6        50   -0.7   0.2    96   117    99   120    87   142 0.60 NZ_CP098241.1_167 # 185868 # 186725 # -1 # ID=1_167;partial=00;start_type=ATG;rbs_motif=3Base/5BMM;rbs_spacer=13-15bp;gc_cont=0.277
NZ_CP098241.1:185868-186725|- -            286 4324at2085           -            135   4.8e-06   22.1   1.8   2   2   1.1e-07   8.9e-06   21.2   0.1    13    77   156   232   150   252 0.76 NZ_CP098241.1_167 # 185868 # 186725 # -1 # ID=1_167;partial=00;start_type=ATG;rbs_motif=3Base/5BMM;rbs_spacer=13-15bp;gc_cont=0.277
NZ_CP098241.1:49020-49814|+   -            265 4324at2085           -            135   0.00011   17.6   2.3   1   2   3.4e-06   0.00029   16.3   0.1    11   121     3   118     1   129 0.79 NZ_CP098241.1_44 # 49020 # 49814 # 1 # ID=1_44;partial=00;start_type=ATG;rbs_motif=None;rbs_spacer=None;gc_cont=0.278
NZ_CP098241.1:49020-49814|+   -            265 4324at2085           -            135   0.00011   17.6   2.3   2   2      0.18        15    1.1   0.2    32   104   144   216   136   233 0.80 NZ_CP098241.1_44 # 49020 # 49814 # 1 # ID=1_44;partial=00;start_type=ATG;rbs_motif=None;rbs_spacer=None;gc_cont=0.278
NZ_CP098241.1:779076-780875|- -            600 4324at2085           -            135   0.00039   15.9   0.1   1   3       1.3   1.1e+02   -1.7   0.1    77   115    30    68    16    78 0.77 NZ_CP098241.1_649 # 779076 # 780875 # -1 # ID=1_649;partial=00;start_type=ATG;rbs_motif=GGAG/GAGG;rbs_spacer=5-10bp;gc_cont=0.353
NZ_CP098241.1:779076-780875|- -            600 4324at2085           -            135   0.00039   15.9   0.1   2   3   4.7e-06   0.00039   15.9   0.1    12   123   116   236   112   245 0.79 NZ_CP098241.1_649 # 779076 # 780875 # -1 # ID=1_649;partial=00;start_type=ATG;rbs_motif=GGAG/GAGG;rbs_spacer=5-10bp;gc_cont=0.353
NZ_CP098241.1:779076-780875|- -            600 4324at2085           -            135   0.00039   15.9   0.1   3   3       2.5   2.1e+02   -2.7   0.1    90   116   468   494   448   500 0.74 NZ_CP098241.1_649 # 779076 # 780875 # -1 # ID=1_649;partial=00;start_type=ATG;rbs_motif=GGAG/GAGG;rbs_spacer=5-10bp;gc_cont=0.353
NZ_CP098241.1:112452-115295|- -            948 4324at2085           -            135    0.0045   12.4   1.9   1   2     0.085         7    2.1   0.0    10    29    32    52    24    59 0.80 NZ_CP098241.1_101 # 112452 # 115295 # -1 # ID=1_101;partial=00;start_type=ATG;rbs_motif=None;rbs_spacer=None;gc_cont=0.328
NZ_CP098241.1:112452-115295|- -            948 4324at2085           -            135    0.0045   12.4   1.9   2   2    0.0016      0.13    7.7   0.4    12    36   641   665   637   676 0.89 NZ_CP098241.1_101 # 112452 # 115295 # -1 # ID=1_101;partial=00;start_type=ATG;rbs_motif=None;rbs_spacer=None;gc_cont=0.328
#
# Program:         hmmsearch
# Version:         3.4 (Aug 2023)
# Pipeline mode:   SEARCH
# Query file:      /home/bryan/Documentos/GitHub/Project_doctoral/IMPLEMENTACAO/Genomes/M_hyopneumoniae/strains/111A/Use/busco_downloads/lineages/mycoplasmatales_odb10/hmms/4324at2085.hmm
# Target file:     /home/bryan/Documentos/GitHub/Project_doctoral/IMPLEMENTACAO/Genomes/M_hyopneumoniae/strains/111A/Use/busco_complete/prodigal_output/predicted_genes/predicted.faa
# Option settings: hmmsearch --domtblout /home/bryan/Documentos/GitHub/Project_doctoral/IMPLEMENTACAO/Genomes/M_hyopneumoniae/strains/111A/Use/busco_complete/run_mycoplasmatales_odb10/hmmer_output/4324at2085.out --cpu 1 /home/bryan/Documentos/GitHub/Project_doctoral/IMPLEMENTACAO/Genomes/M_hyopneumoniae/strains/111A/Use/busco_downloads/lineages/mycoplasmatales_odb10/hmms/4324at2085.hmm /home/bryan/Documentos/GitHub/Project_doctoral/IMPLEMENTACAO/Genomes/M_hyopneumoniae/strains/111A/Use/busco_complete/prodigal_output/predicted_genes/predicted.faa 
# Current dir:     /home/bryan/Documentos/GitHub/Project_doctoral/IMPLEMENTACAO/Genomes/M_hyopneumoniae/strains/111A/Use
# Date:            Sun Dec  1 18:59:43 2024
# [ok]
