#                                                                                     --- full sequence --- -------------- this domain -------------   hmm coord   ali coord   env coord
# target name                 accession   tlen query name           accession   qlen   E-value  score  bias   #  of  c-Evalue  i-Evalue  score  bias  from    to  from    to  from    to  acc description of target
#         ------------------- ---------- ----- -------------------- ---------- ----- --------- ------ ----- --- --- --------- --------- ------ ----- ----- ----- ----- ----- ----- ----- ---- ---------------------
NZ_CP098238.1:237868-239196|- -            443 1338at2085           -            333  1.9e-109  361.3  27.8   1   2  8.9e-104  9.2e-102  336.0  24.3     1   290     4   357     4   394 0.78 NZ_CP098238.1_219 # 237868 # 239196 # -1 # ID=1_219;partial=00;start_type=TTG;rbs_motif=AGGAG;rbs_spacer=5-10bp;gc_cont=0.315
NZ_CP098238.1:237868-239196|- -            443 1338at2085           -            333  1.9e-109  361.3  27.8   2   2   3.9e-08   4.1e-06   21.6   0.1   300   333   405   442   370   442 0.88 NZ_CP098238.1_219 # 237868 # 239196 # -1 # ID=1_219;partial=00;start_type=TTG;rbs_motif=AGGAG;rbs_spacer=5-10bp;gc_cont=0.315
NZ_CP098238.1:91074-92375|+   -            434 1338at2085           -            333   9.5e-41  135.4   3.8   1   3   6.8e-18   7.1e-16   53.6   0.8   179   329     5   160     2   161 0.85 NZ_CP098238.1_76 # 91074 # 92375 # 1 # ID=1_76;partial=00;start_type=ATG;rbs_motif=3Base/5BMM;rbs_spacer=13-15bp;gc_cont=0.293
NZ_CP098238.1:91074-92375|+   -            434 1338at2085           -            333   9.5e-41  135.4   3.8   2   3   1.5e-26   1.6e-24   82.0   0.0   176   323   170   316   149   322 0.73 NZ_CP098238.1_76 # 91074 # 92375 # 1 # ID=1_76;partial=00;start_type=ATG;rbs_motif=3Base/5BMM;rbs_spacer=13-15bp;gc_cont=0.293
NZ_CP098238.1:91074-92375|+   -            434 1338at2085           -            333   9.5e-41  135.4   3.8   3   3      0.19        19   -0.4   0.1   264   321   281   314   271   340 0.58 NZ_CP098238.1_76 # 91074 # 92375 # 1 # ID=1_76;partial=00;start_type=ATG;rbs_motif=3Base/5BMM;rbs_spacer=13-15bp;gc_cont=0.293
NZ_CP098238.1:170147-171028|+ -            294 1338at2085           -            333   7.1e-15   50.3   1.2   1   1   1.2e-16   1.2e-14   49.6   1.2   174   267     4    98     1   141 0.78 NZ_CP098238.1_155 # 170147 # 171028 # 1 # ID=1_155;partial=00;start_type=ATG;rbs_motif=None;rbs_spacer=None;gc_cont=0.294
NZ_CP098238.1:110956-111747|+ -            264 1338at2085           -            333   1.5e-09   32.8   0.1   1   2       0.4        42   -1.5   0.1   255   276    15    36     2    66 0.49 NZ_CP098238.1_93 # 110956 # 111747 # 1 # ID=1_93;partial=00;start_type=ATG;rbs_motif=GGA/GAG/AGG;rbs_spacer=3-4bp;gc_cont=0.264
NZ_CP098238.1:110956-111747|+ -            264 1338at2085           -            333   1.5e-09   32.8   0.1   2   2     4e-11   4.1e-09   31.4   0.1   151   234    80   164    37   180 0.76 NZ_CP098238.1_93 # 110956 # 111747 # 1 # ID=1_93;partial=00;start_type=ATG;rbs_motif=GGA/GAG/AGG;rbs_spacer=3-4bp;gc_cont=0.264
NZ_CP098238.1:596538-597134|- -            199 1338at2085           -            333   2.3e-07   25.6   0.3   1   2   5.7e-09     6e-07   24.3   0.0   160   212    21    73    16    92 0.89 NZ_CP098238.1_495 # 596538 # 597134 # -1 # ID=1_495;partial=00;start_type=ATG;rbs_motif=None;rbs_spacer=None;gc_cont=0.300
NZ_CP098238.1:596538-597134|- -            199 1338at2085           -            333   2.3e-07   25.6   0.3   2   2       0.3        31   -1.1   0.2    92    92   161   161    94   196 0.51 NZ_CP098238.1_495 # 596538 # 597134 # -1 # ID=1_495;partial=00;start_type=ATG;rbs_motif=None;rbs_spacer=None;gc_cont=0.300
NZ_CP098238.1:53655-54914|+   -            420 1338at2085           -            333   8.5e-06   20.5   0.2   1   1   1.6e-07   1.7e-05   19.5   0.1   178   307   158   288   150   303 0.76 NZ_CP098238.1_45 # 53655 # 54914 # 1 # ID=1_45;partial=00;start_type=ATG;rbs_motif=AGGA;rbs_spacer=5-10bp;gc_cont=0.307
NZ_CP098238.1:349511-350488|- -            326 1338at2085           -            333     7e-05   17.5   1.0   1   1   1.3e-05    0.0014   13.2   1.0   177   283     3   128     1   158 0.60 NZ_CP098238.1_306 # 349511 # 350488 # -1 # ID=1_306;partial=00;start_type=ATG;rbs_motif=None;rbs_spacer=None;gc_cont=0.294
#
# Program:         hmmsearch
# Version:         3.4 (Aug 2023)
# Pipeline mode:   SEARCH
# Query file:      /home/bryan/Documentos/GitHub/Project_doctoral/IMPLEMENTACAO/Genomes/M_hyopneumoniae/strains/153B/Use/busco_downloads/lineages/mycoplasmatales_odb10/hmms/1338at2085.hmm
# Target file:     /home/bryan/Documentos/GitHub/Project_doctoral/IMPLEMENTACAO/Genomes/M_hyopneumoniae/strains/153B/Use/busco_complete/prodigal_output/predicted_genes/predicted.faa
# Option settings: hmmsearch --domtblout /home/bryan/Documentos/GitHub/Project_doctoral/IMPLEMENTACAO/Genomes/M_hyopneumoniae/strains/153B/Use/busco_complete/run_mycoplasmatales_odb10/hmmer_output/1338at2085.out --cpu 1 /home/bryan/Documentos/GitHub/Project_doctoral/IMPLEMENTACAO/Genomes/M_hyopneumoniae/strains/153B/Use/busco_downloads/lineages/mycoplasmatales_odb10/hmms/1338at2085.hmm /home/bryan/Documentos/GitHub/Project_doctoral/IMPLEMENTACAO/Genomes/M_hyopneumoniae/strains/153B/Use/busco_complete/prodigal_output/predicted_genes/predicted.faa 
# Current dir:     /home/bryan/Documentos/GitHub/Project_doctoral/IMPLEMENTACAO/Genomes/M_hyopneumoniae/strains/153B/Use
# Date:            Sun Dec  1 19:01:13 2024
# [ok]
