#                                                                                     --- full sequence --- -------------- this domain -------------   hmm coord   ali coord   env coord
# target name                 accession   tlen query name           accession   qlen   E-value  score  bias   #  of  c-Evalue  i-Evalue  score  bias  from    to  from    to  from    to  acc description of target
#         ------------------- ---------- ----- -------------------- ---------- ----- --------- ------ ----- --- --- --------- --------- ------ ----- ----- ----- ----- ----- ----- ----- ---- ---------------------
NZ_CP098238.1:173350-174207|+ -            286 3843at2085           -            213   6.9e-67  220.4   6.9   1   1   1.9e-68   1.1e-66  219.8   6.9    13   211    37   278    32   280 0.89 NZ_CP098238.1_159 # 173350 # 174207 # 1 # ID=1_159;partial=00;start_type=ATG;rbs_motif=3Base/5BMM;rbs_spacer=13-15bp;gc_cont=0.276
NZ_CP098238.1:170147-171028|+ -            294 3843at2085           -            213   2.7e-07   25.7   5.1   1   2   2.6e-06   0.00015   16.8   0.1   108   172     6    73     1    82 0.73 NZ_CP098238.1_155 # 170147 # 171028 # 1 # ID=1_155;partial=00;start_type=ATG;rbs_motif=None;rbs_spacer=None;gc_cont=0.294
NZ_CP098238.1:170147-171028|+ -            294 3843at2085           -            213   2.7e-07   25.7   5.1   2   2   8.7e-05    0.0049   11.8   2.5    24   106    66   143    65   155 0.78 NZ_CP098238.1_155 # 170147 # 171028 # 1 # ID=1_155;partial=00;start_type=ATG;rbs_motif=None;rbs_spacer=None;gc_cont=0.294
NZ_CP098238.1:361772-363724|- -            651 3843at2085           -            213   5.6e-06   21.4   0.1   1   3     1e-07   5.6e-06   21.4   0.1   104   137    23    56     5    79 0.83 NZ_CP098238.1_320 # 361772 # 363724 # -1 # ID=1_320;partial=00;start_type=ATG;rbs_motif=GGA/GAG/AGG;rbs_spacer=5-10bp;gc_cont=0.250
NZ_CP098238.1:361772-363724|- -            651 3843at2085           -            213   5.6e-06   21.4   0.1   2   3      0.38        21   -0.1   0.4    72   109   174   212   152   222 0.74 NZ_CP098238.1_320 # 361772 # 363724 # -1 # ID=1_320;partial=00;start_type=ATG;rbs_motif=GGA/GAG/AGG;rbs_spacer=5-10bp;gc_cont=0.250
NZ_CP098238.1:361772-363724|- -            651 3843at2085           -            213   5.6e-06   21.4   0.1   3   3      0.69        39   -1.0   0.4    89   130   394   435   364   454 0.66 NZ_CP098238.1_320 # 361772 # 363724 # -1 # ID=1_320;partial=00;start_type=ATG;rbs_motif=GGA/GAG/AGG;rbs_spacer=5-10bp;gc_cont=0.250
NZ_CP098238.1:596538-597134|- -            199 3843at2085           -            213   6.3e-06   21.2   0.2   1   2   2.4e-07   1.3e-05   20.2   0.0   106   173    35   104    15   115 0.78 NZ_CP098238.1_495 # 596538 # 597134 # -1 # ID=1_495;partial=00;start_type=ATG;rbs_motif=None;rbs_spacer=None;gc_cont=0.300
NZ_CP098238.1:596538-597134|- -            199 3843at2085           -            213   6.3e-06   21.2   0.2   2   2       1.6        89   -2.1   0.0    76    77   149   150   125   182 0.52 NZ_CP098238.1_495 # 596538 # 597134 # -1 # ID=1_495;partial=00;start_type=ATG;rbs_motif=None;rbs_spacer=None;gc_cont=0.300
NZ_CP098238.1:363801-366083|- -            761 3843at2085           -            213   1.3e-05   20.2   0.6   1   5   2.3e-07   1.3e-05   20.2   0.6   103   140    22    59     2    92 0.80 NZ_CP098238.1_321 # 363801 # 366083 # -1 # ID=1_321;partial=00;start_type=ATG;rbs_motif=GGA/GAG/AGG;rbs_spacer=5-10bp;gc_cont=0.254
NZ_CP098238.1:363801-366083|- -            761 3843at2085           -            213   1.3e-05   20.2   0.6   2   5      0.86        48   -1.3   0.1    67   106   170   208   134   213 0.73 NZ_CP098238.1_321 # 363801 # 366083 # -1 # ID=1_321;partial=00;start_type=ATG;rbs_motif=GGA/GAG/AGG;rbs_spacer=5-10bp;gc_cont=0.254
NZ_CP098238.1:363801-366083|- -            761 3843at2085           -            213   1.3e-05   20.2   0.6   3   5      0.68        38   -0.9   0.1   147   179   417   449   389   459 0.69 NZ_CP098238.1_321 # 363801 # 366083 # -1 # ID=1_321;partial=00;start_type=ATG;rbs_motif=GGA/GAG/AGG;rbs_spacer=5-10bp;gc_cont=0.254
NZ_CP098238.1:363801-366083|- -            761 3843at2085           -            213   1.3e-05   20.2   0.6   4   5       2.5   1.4e+02   -2.8   0.1    46    75   561   590   523   596 0.76 NZ_CP098238.1_321 # 363801 # 366083 # -1 # ID=1_321;partial=00;start_type=ATG;rbs_motif=GGA/GAG/AGG;rbs_spacer=5-10bp;gc_cont=0.254
NZ_CP098238.1:363801-366083|- -            761 3843at2085           -            213   1.3e-05   20.2   0.6   5   5         1        56   -1.5   1.9    48   102   697   751   694   758 0.81 NZ_CP098238.1_321 # 363801 # 366083 # -1 # ID=1_321;partial=00;start_type=ATG;rbs_motif=GGA/GAG/AGG;rbs_spacer=5-10bp;gc_cont=0.254
NZ_CP098238.1:25311-26588|-   -            426 3843at2085           -            213   1.8e-05   19.7   0.1   1   3   3.2e-07   1.8e-05   19.7   0.1   104   129    23    48     5    66 0.84 NZ_CP098238.1_24 # 25311 # 26588 # -1 # ID=1_24;partial=00;start_type=ATG;rbs_motif=AGGAG(G)/GGAGG;rbs_spacer=13-15bp;gc_cont=0.246
NZ_CP098238.1:25311-26588|-   -            426 3843at2085           -            213   1.8e-05   19.7   0.1   2   3       1.3        72   -1.8   0.7    40    75    86   119    70   126 0.68 NZ_CP098238.1_24 # 25311 # 26588 # -1 # ID=1_24;partial=00;start_type=ATG;rbs_motif=AGGAG(G)/GGAGG;rbs_spacer=13-15bp;gc_cont=0.246
NZ_CP098238.1:25311-26588|-   -            426 3843at2085           -            213   1.8e-05   19.7   0.1   3   3       1.7        93   -2.2   0.2    83   115   337   370   314   371 0.68 NZ_CP098238.1_24 # 25311 # 26588 # -1 # ID=1_24;partial=00;start_type=ATG;rbs_motif=AGGAG(G)/GGAGG;rbs_spacer=13-15bp;gc_cont=0.246
NZ_CP098238.1:116070-118913|- -            948 3843at2085           -            213   2.7e-05   19.2   2.5   1   2    0.0027      0.15    6.9   0.1   100   125    22    48    10    57 0.77 NZ_CP098238.1_98 # 116070 # 118913 # -1 # ID=1_98;partial=00;start_type=ATG;rbs_motif=None;rbs_spacer=None;gc_cont=0.327
NZ_CP098238.1:116070-118913|- -            948 3843at2085           -            213   2.7e-05   19.2   2.5   2   2   0.00013    0.0073   11.2   0.6   107   139   637   667   617   677 0.74 NZ_CP098238.1_98 # 116070 # 118913 # -1 # ID=1_98;partial=00;start_type=ATG;rbs_motif=None;rbs_spacer=None;gc_cont=0.327
NZ_CP098238.1:341520-342206|- -            229 3843at2085           -            213   3.3e-05   18.9   0.8   1   2   5.8e-07   3.3e-05   18.9   0.8   104   134    23    53    15   116 0.73 NZ_CP098238.1_299 # 341520 # 342206 # -1 # ID=1_299;partial=00;start_type=ATG;rbs_motif=None;rbs_spacer=None;gc_cont=0.263
NZ_CP098238.1:341520-342206|- -            229 3843at2085           -            213   3.3e-05   18.9   0.8   2   2      0.51        29   -0.5   0.7    69   109   170   211   103   219 0.65 NZ_CP098238.1_299 # 341520 # 342206 # -1 # ID=1_299;partial=00;start_type=ATG;rbs_motif=None;rbs_spacer=None;gc_cont=0.263
NZ_CP098238.1:27820-29025|-   -            402 3843at2085           -            213   7.6e-05   17.7   0.1   1   2   1.4e-06   7.6e-05   17.7   0.1    97   130    16    49     1    68 0.75 NZ_CP098238.1_26 # 27820 # 29025 # -1 # ID=1_26;partial=00;start_type=ATG;rbs_motif=None;rbs_spacer=None;gc_cont=0.265
NZ_CP098238.1:27820-29025|-   -            402 3843at2085           -            213   7.6e-05   17.7   0.1   2   2       3.8   2.1e+02   -3.4   0.2    43    71    89   115    71   121 0.61 NZ_CP098238.1_26 # 27820 # 29025 # -1 # ID=1_26;partial=00;start_type=ATG;rbs_motif=None;rbs_spacer=None;gc_cont=0.265
NZ_CP098238.1:91074-92375|+   -            434 3843at2085           -            213    0.0002   16.3  10.4   1   4   0.00028     0.016   10.1   0.0   109   136     3    30     1    70 0.80 NZ_CP098238.1_76 # 91074 # 92375 # 1 # ID=1_76;partial=00;start_type=ATG;rbs_motif=3Base/5BMM;rbs_spacer=13-15bp;gc_cont=0.293
NZ_CP098238.1:91074-92375|+   -            434 3843at2085           -            213    0.0002   16.3  10.4   2   4    0.0094      0.53    5.1   0.0    97   162   160   228   153   257 0.67 NZ_CP098238.1_76 # 91074 # 92375 # 1 # ID=1_76;partial=00;start_type=ATG;rbs_motif=3Base/5BMM;rbs_spacer=13-15bp;gc_cont=0.293
NZ_CP098238.1:91074-92375|+   -            434 3843at2085           -            213    0.0002   16.3  10.4   3   4      0.46        26   -0.4   0.0    74    90   281   297   265   314 0.76 NZ_CP098238.1_76 # 91074 # 92375 # 1 # ID=1_76;partial=00;start_type=ATG;rbs_motif=3Base/5BMM;rbs_spacer=13-15bp;gc_cont=0.293
NZ_CP098238.1:91074-92375|+   -            434 3843at2085           -            213    0.0002   16.3  10.4   4   4     0.042       2.4    3.0   2.9    13    99   322   411   310   419 0.74 NZ_CP098238.1_76 # 91074 # 92375 # 1 # ID=1_76;partial=00;start_type=ATG;rbs_motif=3Base/5BMM;rbs_spacer=13-15bp;gc_cont=0.293
NZ_CP098238.1:134085-136163|- -            693 3843at2085           -            213   0.00024   16.0   1.6   1   4    0.0018       0.1    7.5   0.0   107   132    45    70    31    84 0.72 NZ_CP098238.1_108 # 134085 # 136163 # -1 # ID=1_108;partial=00;start_type=ATG;rbs_motif=AGGA;rbs_spacer=5-10bp;gc_cont=0.302
NZ_CP098238.1:134085-136163|- -            693 3843at2085           -            213   0.00024   16.0   1.6   2   4       2.4   1.3e+02   -2.7   0.0    55    86    99   129    75   134 0.65 NZ_CP098238.1_108 # 134085 # 136163 # -1 # ID=1_108;partial=00;start_type=ATG;rbs_motif=AGGA;rbs_spacer=5-10bp;gc_cont=0.302
NZ_CP098238.1:134085-136163|- -            693 3843at2085           -            213   0.00024   16.0   1.6   3   4       4.2   2.4e+02   -3.5   0.1    17    66   190   238   182   255 0.60 NZ_CP098238.1_108 # 134085 # 136163 # -1 # ID=1_108;partial=00;start_type=ATG;rbs_motif=AGGA;rbs_spacer=5-10bp;gc_cont=0.302
NZ_CP098238.1:134085-136163|- -            693 3843at2085           -            213   0.00024   16.0   1.6   4   4    0.0072       0.4    5.5   0.0   111   130   438   457   421   481 0.84 NZ_CP098238.1_108 # 134085 # 136163 # -1 # ID=1_108;partial=00;start_type=ATG;rbs_motif=AGGA;rbs_spacer=5-10bp;gc_cont=0.302
NZ_CP098238.1:625515-626231|- -            239 3843at2085           -            213   0.00039   15.4   0.7   1   2     7e-06   0.00039   15.4   0.7   104   138    28    62    10    67 0.81 NZ_CP098238.1_517 # 625515 # 626231 # -1 # ID=1_517;partial=00;start_type=ATG;rbs_motif=AGGA;rbs_spacer=5-10bp;gc_cont=0.265
NZ_CP098238.1:625515-626231|- -            239 3843at2085           -            213   0.00039   15.4   0.7   2   2         3   1.7e+02   -3.0   0.1    52    74   105   127   103   131 0.66 NZ_CP098238.1_517 # 625515 # 626231 # -1 # ID=1_517;partial=00;start_type=ATG;rbs_motif=AGGA;rbs_spacer=5-10bp;gc_cont=0.265
NZ_CP098238.1:309795-310697|+ -            301 3843at2085           -            213   0.00098   14.1   0.0   1   1   3.8e-05    0.0021   13.0   0.0   102   129    27    54     9    57 0.83 NZ_CP098238.1_273 # 309795 # 310697 # 1 # ID=1_273;partial=00;start_type=ATG;rbs_motif=GGA/GAG/AGG;rbs_spacer=5-10bp;gc_cont=0.308
#
# Program:         hmmsearch
# Version:         3.4 (Aug 2023)
# Pipeline mode:   SEARCH
# Query file:      /home/bryan/Documentos/GitHub/Project_doctoral/IMPLEMENTACAO/Genomes/M_hyopneumoniae/strains/153B/Use/busco_downloads/lineages/mycoplasmatales_odb10/hmms/3843at2085.hmm
# Target file:     /home/bryan/Documentos/GitHub/Project_doctoral/IMPLEMENTACAO/Genomes/M_hyopneumoniae/strains/153B/Use/busco_complete/prodigal_output/predicted_genes/predicted.faa
# Option settings: hmmsearch --domtblout /home/bryan/Documentos/GitHub/Project_doctoral/IMPLEMENTACAO/Genomes/M_hyopneumoniae/strains/153B/Use/busco_complete/run_mycoplasmatales_odb10/hmmer_output/3843at2085.out --cpu 1 /home/bryan/Documentos/GitHub/Project_doctoral/IMPLEMENTACAO/Genomes/M_hyopneumoniae/strains/153B/Use/busco_downloads/lineages/mycoplasmatales_odb10/hmms/3843at2085.hmm /home/bryan/Documentos/GitHub/Project_doctoral/IMPLEMENTACAO/Genomes/M_hyopneumoniae/strains/153B/Use/busco_complete/prodigal_output/predicted_genes/predicted.faa 
# Current dir:     /home/bryan/Documentos/GitHub/Project_doctoral/IMPLEMENTACAO/Genomes/M_hyopneumoniae/strains/153B/Use
# Date:            Sun Dec  1 19:01:17 2024
# [ok]
