#                                                                                         --- full sequence --- -------------- this domain -------------   hmm coord   ali coord   env coord
# target name                     accession   tlen query name           accession   qlen   E-value  score  bias   #  of  c-Evalue  i-Evalue  score  bias  from    to  from    to  from    to  acc description of target
#             ------------------- ---------- ----- -------------------- ---------- ----- --------- ------ ----- --- --- --------- --------- ------ ----- ----- ----- ----- ----- ----- ----- ---- ---------------------
NZ_QQRD01000001.1:153916-155250|- -            445 1064at2085           -            350  1.2e-149  493.1  20.1   1   2   3.4e-56   7.8e-55  181.3   0.3     1   110    10   119    10   153 0.89 NZ_QQRD01000001.1_90 # 153916 # 155250 # -1 # ID=10_90;partial=00;start_type=ATG;rbs_motif=GGA/GAG/AGG;rbs_spacer=11-12bp;gc_cont=0.302
NZ_QQRD01000001.1:153916-155250|- -            445 1064at2085           -            350  1.2e-149  493.1  20.1   2   2   3.9e-96     9e-95  312.7  16.0   106   349   154   441   130   442 0.84 NZ_QQRD01000001.1_90 # 153916 # 155250 # -1 # ID=10_90;partial=00;start_type=ATG;rbs_motif=GGA/GAG/AGG;rbs_spacer=11-12bp;gc_cont=0.302
NZ_QQRD01000007.1:5232-7421|-     -            730 1064at2085           -            350   3.7e-79  261.3   6.4   1   3   9.3e-36   2.2e-34  114.1   0.3     2   122    43   164    42   228 0.78 NZ_QQRD01000007.1_5 # 5232 # 7421 # -1 # ID=22_5;partial=00;start_type=ATG;rbs_motif=AGGA;rbs_spacer=5-10bp;gc_cont=0.308
NZ_QQRD01000007.1:5232-7421|-     -            730 1064at2085           -            350   3.7e-79  261.3   6.4   2   3       7.4   1.7e+02   -4.0   5.8   116   176   348   410   315   415 0.66 NZ_QQRD01000007.1_5 # 5232 # 7421 # -1 # ID=22_5;partial=00;start_type=ATG;rbs_motif=AGGA;rbs_spacer=5-10bp;gc_cont=0.308
NZ_QQRD01000007.1:5232-7421|-     -            730 1064at2085           -            350   3.7e-79  261.3   6.4   3   3   2.5e-49   5.8e-48  158.7   1.2   106   290   441   626   420   640 0.88 NZ_QQRD01000007.1_5 # 5232 # 7421 # -1 # ID=22_5;partial=00;start_type=ATG;rbs_motif=AGGA;rbs_spacer=5-10bp;gc_cont=0.308
NZ_QQRD01000001.1:108243-109781|+ -            513 1064at2085           -            350   2.4e-49  163.3  17.4   1   4   6.7e-14   1.6e-12   42.2   0.1     1    97     6   107     6   117 0.85 NZ_QQRD01000001.1_60 # 108243 # 109781 # 1 # ID=10_60;partial=00;start_type=TTG;rbs_motif=AGGA;rbs_spacer=5-10bp;gc_cont=0.311
NZ_QQRD01000001.1:108243-109781|+ -            513 1064at2085           -            350   2.4e-49  163.3  17.4   2   4   2.1e-20     5e-19   63.6   0.9   150   272   116   237   109   246 0.92 NZ_QQRD01000001.1_60 # 108243 # 109781 # 1 # ID=10_60;partial=00;start_type=TTG;rbs_motif=AGGA;rbs_spacer=5-10bp;gc_cont=0.311
NZ_QQRD01000001.1:108243-109781|+ -            513 1064at2085           -            350   2.4e-49  163.3  17.4   3   4   5.7e-08   1.3e-06   22.7   0.2    12    72   278   340   264   371 0.80 NZ_QQRD01000001.1_60 # 108243 # 109781 # 1 # ID=10_60;partial=00;start_type=TTG;rbs_motif=AGGA;rbs_spacer=5-10bp;gc_cont=0.311
NZ_QQRD01000001.1:108243-109781|+ -            513 1064at2085           -            350   2.4e-49  163.3  17.4   4   4   1.1e-14   2.5e-13   44.8   1.2   164   262   396   495   376   502 0.84 NZ_QQRD01000001.1_60 # 108243 # 109781 # 1 # ID=10_60;partial=00;start_type=TTG;rbs_motif=AGGA;rbs_spacer=5-10bp;gc_cont=0.311
NZ_QQRD01000006.1:8956-10116|+    -            387 1064at2085           -            350     7e-49  161.7  15.3   1   1   5.5e-50   1.3e-48  160.9  15.2     2   283     8   298     7   356 0.78 NZ_QQRD01000006.1_7 # 8956 # 10116 # 1 # ID=21_7;partial=00;start_type=ATG;rbs_motif=GGA/GAG/AGG;rbs_spacer=11-12bp;gc_cont=0.252
NZ_QQRD01000002.1:55539-56870|+   -            444 1064at2085           -            350   4.9e-36  119.5   4.8   1   2   1.1e-11   2.5e-10   35.0   0.5     3   116    45   169    43   184 0.67 NZ_QQRD01000002.1_67 # 55539 # 56870 # 1 # ID=17_67;partial=00;start_type=ATG;rbs_motif=GGAG/GAGG;rbs_spacer=5-10bp;gc_cont=0.303
NZ_QQRD01000002.1:55539-56870|+   -            444 1064at2085           -            350   4.9e-36  119.5   4.8   2   2   2.7e-27   6.3e-26   86.2   0.2   121   266   219   368   196   372 0.80 NZ_QQRD01000002.1_67 # 55539 # 56870 # 1 # ID=17_67;partial=00;start_type=ATG;rbs_motif=GGAG/GAGG;rbs_spacer=5-10bp;gc_cont=0.303
NZ_QQRD01000005.1:4439-5362|+     -            308 1064at2085           -            350   9.4e-36  118.6   3.6   1   2   1.4e-20   3.2e-19   64.2   0.6     1   112    60   181    60   195 0.78 NZ_QQRD01000005.1_2 # 4439 # 5362 # 1 # ID=20_2;partial=00;start_type=GTG;rbs_motif=AGGAGG;rbs_spacer=5-10bp;gc_cont=0.340
NZ_QQRD01000005.1:4439-5362|+     -            308 1064at2085           -            350   9.4e-36  118.6   3.6   2   2   2.8e-18   6.5e-17   56.6   0.2   159   258   179   277   176   285 0.91 NZ_QQRD01000005.1_2 # 4439 # 5362 # 1 # ID=20_2;partial=00;start_type=GTG;rbs_motif=AGGAGG;rbs_spacer=5-10bp;gc_cont=0.340
NZ_QQRD01000003.1:56395-57297|+   -            301 1064at2085           -            350   1.9e-34  114.3   2.5   1   2   1.5e-11   3.4e-10   34.5   1.4     4    66     5    72     2   131 0.78 NZ_QQRD01000003.1_48 # 56395 # 57297 # 1 # ID=18_48;partial=00;start_type=ATG;rbs_motif=None;rbs_spacer=None;gc_cont=0.308
NZ_QQRD01000003.1:56395-57297|+   -            301 1064at2085           -            350   1.9e-34  114.3   2.5   2   2   8.5e-24     2e-22   74.8   0.0   151   259   130   238   124   283 0.87 NZ_QQRD01000003.1_48 # 56395 # 57297 # 1 # ID=18_48;partial=00;start_type=ATG;rbs_motif=None;rbs_spacer=None;gc_cont=0.308
NZ_QQRD01000003.1:55604-56422|+   -            273 1064at2085           -            350   2.1e-33  110.8   9.8   1   2   7.7e-15   1.8e-13   45.3   1.8     2   102     2   108     1   117 0.85 NZ_QQRD01000003.1_47 # 55604 # 56422 # 1 # ID=18_47;partial=00;start_type=ATG;rbs_motif=None;rbs_spacer=None;gc_cont=0.289
NZ_QQRD01000003.1:55604-56422|+   -            273 1064at2085           -            350   2.1e-33  110.8   9.8   2   2   1.5e-22   3.4e-21   70.7   2.1   153   272   112   230   106   261 0.90 NZ_QQRD01000003.1_47 # 55604 # 56422 # 1 # ID=18_47;partial=00;start_type=ATG;rbs_motif=None;rbs_spacer=None;gc_cont=0.289
NZ_QQRD01000001.1:346382-348334|+ -            651 1064at2085           -            350   5.1e-33  109.6  11.0   1   2   5.3e-19   1.2e-17   59.0   7.0     1   122     1   123     1   125 0.85 NZ_QQRD01000001.1_227 # 346382 # 348334 # 1 # ID=10_227;partial=00;start_type=ATG;rbs_motif=GGA/GAG/AGG;rbs_spacer=5-10bp;gc_cont=0.243
NZ_QQRD01000001.1:346382-348334|+ -            651 1064at2085           -            350   5.1e-33  109.6  11.0   2   2   1.6e-17   3.6e-16   54.1   0.6   146   259    99   207    93   228 0.85 NZ_QQRD01000001.1_227 # 346382 # 348334 # 1 # ID=10_227;partial=00;start_type=ATG;rbs_motif=GGA/GAG/AGG;rbs_spacer=5-10bp;gc_cont=0.243
NZ_QQRD01000001.1:89488-91818|-   -            777 1064at2085           -            350   4.9e-29   96.5  30.9   1   3   7.6e-08   1.8e-06   22.3   2.1     8   100    15   112     5   182 0.80 NZ_QQRD01000001.1_49 # 89488 # 91818 # -1 # ID=10_49;partial=00;start_type=ATG;rbs_motif=AGxAG;rbs_spacer=5-10bp;gc_cont=0.267
NZ_QQRD01000001.1:89488-91818|-   -            777 1064at2085           -            350   4.9e-29   96.5  30.9   2   3      0.62        14   -0.4  10.2    95   148   443   496   432   539 0.85 NZ_QQRD01000001.1_49 # 89488 # 91818 # -1 # ID=10_49;partial=00;start_type=ATG;rbs_motif=AGxAG;rbs_spacer=5-10bp;gc_cont=0.267
NZ_QQRD01000001.1:89488-91818|-   -            777 1064at2085           -            350   4.9e-29   96.5  30.9   3   3     2e-27   4.7e-26   86.7   1.3   114   270   556   710   508   721 0.81 NZ_QQRD01000001.1_49 # 89488 # 91818 # -1 # ID=10_49;partial=00;start_type=ATG;rbs_motif=AGxAG;rbs_spacer=5-10bp;gc_cont=0.267
NZ_QQRD01000001.1:343974-346292|+ -            773 1064at2085           -            350   2.1e-27   91.1  15.0   1   3   2.4e-17   5.6e-16   53.5   3.2     1    95     1    93     1   103 0.93 NZ_QQRD01000001.1_226 # 343974 # 346292 # 1 # ID=10_226;partial=00;start_type=ATG;rbs_motif=None;rbs_spacer=None;gc_cont=0.261
NZ_QQRD01000001.1:343974-346292|+ -            773 1064at2085           -            350   2.1e-27   91.1  15.0   2   3   8.1e-15   1.9e-13   45.2   1.5   151   268   100   216    93   240 0.84 NZ_QQRD01000001.1_226 # 343974 # 346292 # 1 # ID=10_226;partial=00;start_type=ATG;rbs_motif=None;rbs_spacer=None;gc_cont=0.261
NZ_QQRD01000001.1:343974-346292|+ -            773 1064at2085           -            350   2.1e-27   91.1  15.0   3   3       4.6   1.1e+02   -3.3   0.1    33    94   548   606   529   612 0.66 NZ_QQRD01000001.1_226 # 343974 # 346292 # 1 # ID=10_226;partial=00;start_type=ATG;rbs_motif=None;rbs_spacer=None;gc_cont=0.261
NZ_QQRD01000001.1:91818-92867|-   -            350 1064at2085           -            350   1.2e-26   88.7   0.1   1   2   5.9e-07   1.4e-05   19.4   0.1    15    69    28    85    16    92 0.83 NZ_QQRD01000001.1_50 # 91818 # 92867 # -1 # ID=10_50;partial=00;start_type=ATG;rbs_motif=AGGAGG;rbs_spacer=5-10bp;gc_cont=0.337
NZ_QQRD01000001.1:91818-92867|-   -            350 1064at2085           -            350   1.2e-26   88.7   0.1   2   2   1.7e-21   3.9e-20   67.2   0.0   150   271   130   254   123   262 0.91 NZ_QQRD01000001.1_50 # 91818 # 92867 # -1 # ID=10_50;partial=00;start_type=ATG;rbs_motif=AGGAGG;rbs_spacer=5-10bp;gc_cont=0.337
NZ_QQRD01000002.1:115887-117413|+ -            509 1064at2085           -            350   1.3e-26   88.5  22.5   1   4   5.7e-13   1.3e-11   39.2   1.1     2   119     8   130     7   145 0.84 NZ_QQRD01000002.1_115 # 115887 # 117413 # 1 # ID=17_115;partial=00;start_type=ATG;rbs_motif=None;rbs_spacer=None;gc_cont=0.310
NZ_QQRD01000002.1:115887-117413|+ -            509 1064at2085           -            350   1.3e-26   88.5  22.5   2   4   1.5e-07   3.5e-06   21.3   4.4   138   294    97   262    93   270 0.76 NZ_QQRD01000002.1_115 # 115887 # 117413 # 1 # ID=17_115;partial=00;start_type=ATG;rbs_motif=None;rbs_spacer=None;gc_cont=0.310
NZ_QQRD01000002.1:115887-117413|+ -            509 1064at2085           -            350   1.3e-26   88.5  22.5   3   4     0.002     0.046    7.8   0.4    17    70   274   326   261   342 0.84 NZ_QQRD01000002.1_115 # 115887 # 117413 # 1 # ID=17_115;partial=00;start_type=ATG;rbs_motif=None;rbs_spacer=None;gc_cont=0.310
NZ_QQRD01000002.1:115887-117413|+ -            509 1064at2085           -            350   1.3e-26   88.5  22.5   4   4   4.2e-12   9.8e-11   36.3   0.7   150   259   376   486   363   496 0.80 NZ_QQRD01000002.1_115 # 115887 # 117413 # 1 # ID=17_115;partial=00;start_type=ATG;rbs_motif=None;rbs_spacer=None;gc_cont=0.310
NZ_QQRD01000002.1:45530-47146|-   -            539 1064at2085           -            350     1e-25   85.6   5.7   1   5   1.1e-13   2.6e-12   41.5   0.1     1    64     1    64     1    77 0.90 NZ_QQRD01000002.1_58 # 45530 # 47146 # -1 # ID=17_58;partial=00;start_type=ATG;rbs_motif=AGGA;rbs_spacer=5-10bp;gc_cont=0.318
NZ_QQRD01000002.1:45530-47146|-   -            539 1064at2085           -            350     1e-25   85.6   5.7   2   5      0.19       4.3    1.3   0.1   248   282    83   118    79   140 0.81 NZ_QQRD01000002.1_58 # 45530 # 47146 # -1 # ID=17_58;partial=00;start_type=ATG;rbs_motif=AGGA;rbs_spacer=5-10bp;gc_cont=0.318
NZ_QQRD01000002.1:45530-47146|-   -            539 1064at2085           -            350     1e-25   85.6   5.7   3   5     3e-08     7e-07   23.6   0.0   172   260   149   233   130   260 0.82 NZ_QQRD01000002.1_58 # 45530 # 47146 # -1 # ID=17_58;partial=00;start_type=ATG;rbs_motif=AGGA;rbs_spacer=5-10bp;gc_cont=0.318
NZ_QQRD01000002.1:45530-47146|-   -            539 1064at2085           -            350     1e-25   85.6   5.7   4   5      0.03       0.7    3.9   0.0    14    60   334   380   321   397 0.88 NZ_QQRD01000002.1_58 # 45530 # 47146 # -1 # ID=17_58;partial=00;start_type=ATG;rbs_motif=AGGA;rbs_spacer=5-10bp;gc_cont=0.318
NZ_QQRD01000002.1:45530-47146|-   -            539 1064at2085           -            350     1e-25   85.6   5.7   5   5   3.9e-05   0.00089   13.4   0.0   173   222   442   491   399   535 0.78 NZ_QQRD01000002.1_58 # 45530 # 47146 # -1 # ID=17_58;partial=00;start_type=ATG;rbs_motif=AGGA;rbs_spacer=5-10bp;gc_cont=0.318
NZ_QQRD01000006.1:12530-14830|+   -            767 1064at2085           -            350   3.6e-25   83.7  16.9   1   4   4.2e-19   9.8e-18   59.3   3.0     1   125     1   126     1   128 0.85 NZ_QQRD01000006.1_11 # 12530 # 14830 # 1 # ID=21_11;partial=00;start_type=ATG;rbs_motif=GGA/GAG/AGG;rbs_spacer=5-10bp;gc_cont=0.282
NZ_QQRD01000006.1:12530-14830|+   -            767 1064at2085           -            350   3.6e-25   83.7  16.9   2   4   7.3e-12   1.7e-10   35.5   0.6   162   255   111   203    97   218 0.81 NZ_QQRD01000006.1_11 # 12530 # 14830 # 1 # ID=21_11;partial=00;start_type=ATG;rbs_motif=GGA/GAG/AGG;rbs_spacer=5-10bp;gc_cont=0.282
NZ_QQRD01000006.1:12530-14830|+   -            767 1064at2085           -            350   3.6e-25   83.7  16.9   3   4      0.87        20   -0.9   0.2   220   251   234   265   226   271 0.85 NZ_QQRD01000006.1_11 # 12530 # 14830 # 1 # ID=21_11;partial=00;start_type=ATG;rbs_motif=GGA/GAG/AGG;rbs_spacer=5-10bp;gc_cont=0.282
NZ_QQRD01000006.1:12530-14830|+   -            767 1064at2085           -            350   3.6e-25   83.7  16.9   4   4         2        45   -2.1   0.1    84   147   526   590   502   606 0.63 NZ_QQRD01000006.1_11 # 12530 # 14830 # 1 # ID=21_11;partial=00;start_type=ATG;rbs_motif=GGA/GAG/AGG;rbs_spacer=5-10bp;gc_cont=0.282
NZ_QQRD01000002.1:54140-55549|+   -            470 1064at2085           -            350   1.4e-23   78.5   4.2   1   3       2.7        62   -2.5   3.4    93   163    59   120    46   136 0.51 NZ_QQRD01000002.1_66 # 54140 # 55549 # 1 # ID=17_66;partial=00;start_type=ATG;rbs_motif=AGGAG/GGAGG;rbs_spacer=11-12bp;gc_cont=0.324
NZ_QQRD01000002.1:54140-55549|+   -            470 1064at2085           -            350   1.4e-23   78.5   4.2   2   3   6.7e-07   1.5e-05   19.2   0.1    14   111   140   251   126   268 0.70 NZ_QQRD01000002.1_66 # 54140 # 55549 # 1 # ID=17_66;partial=00;start_type=ATG;rbs_motif=AGGAG/GGAGG;rbs_spacer=11-12bp;gc_cont=0.324
NZ_QQRD01000002.1:54140-55549|+   -            470 1064at2085           -            350   1.4e-23   78.5   4.2   3   3   6.7e-22   1.6e-20   68.5   1.0   173   270   271   368   246   374 0.89 NZ_QQRD01000002.1_66 # 54140 # 55549 # 1 # ID=17_66;partial=00;start_type=ATG;rbs_motif=AGGAG/GGAGG;rbs_spacer=11-12bp;gc_cont=0.324
NZ_QQRD01000001.1:44270-44986|-   -            239 1064at2085           -            350   3.7e-23   77.1   4.3   1   2   1.4e-08   3.3e-07   24.7   1.2     2    64     6    69     5    79 0.88 NZ_QQRD01000001.1_21 # 44270 # 44986 # -1 # ID=10_21;partial=00;start_type=ATG;rbs_motif=AGGA;rbs_spacer=5-10bp;gc_cont=0.257
NZ_QQRD01000001.1:44270-44986|-   -            239 1064at2085           -            350   3.7e-23   77.1   4.3   2   2     2e-17   4.7e-16   53.8   0.1   135   262    92   218    74   233 0.87 NZ_QQRD01000001.1_21 # 44270 # 44986 # -1 # ID=10_21;partial=00;start_type=ATG;rbs_motif=AGGA;rbs_spacer=5-10bp;gc_cont=0.257
NZ_QQRD01000012.1:1590-2360|+     -            257 1064at2085           -            350   3.9e-22   73.8   4.0   1   2   5.1e-06   0.00012   16.3   0.4    13    64    23    73     9    87 0.71 NZ_QQRD01000012.1_2 # 1590 # 2360 # 1 # ID=3_2;partial=00;start_type=ATG;rbs_motif=None;rbs_spacer=None;gc_cont=0.266
NZ_QQRD01000012.1:1590-2360|+     -            257 1064at2085           -            350   3.9e-22   73.8   4.0   2   2   3.6e-19   8.3e-18   59.5   1.2    83   265    56   240    53   245 0.70 NZ_QQRD01000012.1_2 # 1590 # 2360 # 1 # ID=3_2;partial=00;start_type=ATG;rbs_motif=None;rbs_spacer=None;gc_cont=0.266
NZ_QQRD01000001.1:388980-390599|- -            540 1064at2085           -            350   7.5e-22   72.8   5.6   1   2   4.3e-12   9.9e-11   36.3   0.8     1    72   336   408   336   424 0.91 NZ_QQRD01000001.1_258 # 388980 # 390599 # -1 # ID=10_258;partial=00;start_type=ATG;rbs_motif=AGGA;rbs_spacer=5-10bp;gc_cont=0.225
NZ_QQRD01000001.1:388980-390599|- -            540 1064at2085           -            350   7.5e-22   72.8   5.6   2   2   5.4e-13   1.3e-11   39.2   0.5   130   250   417   536   407   539 0.81 NZ_QQRD01000001.1_258 # 388980 # 390599 # -1 # ID=10_258;partial=00;start_type=ATG;rbs_motif=AGGA;rbs_spacer=5-10bp;gc_cont=0.225
NZ_QQRD01000001.1:327706-329307|- -            534 1064at2085           -            350   5.9e-21   69.9   5.1   1   2   9.4e-15   2.2e-13   45.0   1.0     1    71   324   394   324   420 0.94 NZ_QQRD01000001.1_218 # 327706 # 329307 # -1 # ID=10_218;partial=00;start_type=ATG;rbs_motif=GGAG/GAGG;rbs_spacer=5-10bp;gc_cont=0.258
NZ_QQRD01000001.1:327706-329307|- -            534 1064at2085           -            350   5.9e-21   69.9   5.1   2   2   4.4e-09     1e-07   26.3   0.2   157   240   427   514   400   520 0.77 NZ_QQRD01000001.1_218 # 327706 # 329307 # -1 # ID=10_218;partial=00;start_type=ATG;rbs_motif=GGAG/GAGG;rbs_spacer=5-10bp;gc_cont=0.258
NZ_QQRD01000001.1:203779-206622|+ -            948 1064at2085           -            350     2e-16   55.0   5.7   1   4    0.0032     0.074    7.1   0.1    15    42    19    46    13    54 0.90 NZ_QQRD01000001.1_123 # 203779 # 206622 # 1 # ID=10_123;partial=00;start_type=ATG;rbs_motif=None;rbs_spacer=None;gc_cont=0.335
NZ_QQRD01000001.1:203779-206622|+ -            948 1064at2085           -            350     2e-16   55.0   5.7   2   4   3.8e-07   8.9e-06   20.0   0.0   154   243   468   558   445   592 0.82 NZ_QQRD01000001.1_123 # 203779 # 206622 # 1 # ID=10_123;partial=00;start_type=ATG;rbs_motif=None;rbs_spacer=None;gc_cont=0.335
NZ_QQRD01000001.1:203779-206622|+ -            948 1064at2085           -            350     2e-16   55.0   5.7   3   4   3.4e-06   7.9e-05   16.9   0.2    14    47   625   658   618   681 0.85 NZ_QQRD01000001.1_123 # 203779 # 206622 # 1 # ID=10_123;partial=00;start_type=ATG;rbs_motif=None;rbs_spacer=None;gc_cont=0.335
NZ_QQRD01000001.1:203779-206622|+ -            948 1064at2085           -            350     2e-16   55.0   5.7   4   4   0.00028    0.0066   10.5   0.0   174   250   829   906   811   935 0.76 NZ_QQRD01000001.1_123 # 203779 # 206622 # 1 # ID=10_123;partial=00;start_type=ATG;rbs_motif=None;rbs_spacer=None;gc_cont=0.335
NZ_QQRD01000001.1:390608-392218|- -            537 1064at2085           -            350     5e-14   47.1   5.8   1   2   5.6e-11   1.3e-09   32.6   2.2     2   127   334   462   333   464 0.79 NZ_QQRD01000001.1_259 # 390608 # 392218 # -1 # ID=10_259;partial=00;start_type=ATG;rbs_motif=None;rbs_spacer=None;gc_cont=0.187
NZ_QQRD01000001.1:390608-392218|- -            537 1064at2085           -            350     5e-14   47.1   5.8   2   2     2e-06   4.8e-05   17.6   0.4   170   250   456   534   421   536 0.71 NZ_QQRD01000001.1_259 # 390608 # 392218 # -1 # ID=10_259;partial=00;start_type=ATG;rbs_motif=None;rbs_spacer=None;gc_cont=0.187
NZ_QQRD01000001.1:329291-330898|- -            536 1064at2085           -            350   1.3e-12   42.4  11.0   1   4       6.5   1.5e+02   -3.8   0.0   207   225    77    96    55    98 0.59 NZ_QQRD01000001.1_219 # 329291 # 330898 # -1 # ID=10_219;partial=00;start_type=ATG;rbs_motif=AGGAG;rbs_spacer=3-4bp;gc_cont=0.251
NZ_QQRD01000001.1:329291-330898|- -            536 1064at2085           -            350   1.3e-12   42.4  11.0   2   4      0.56        13   -0.3   0.3   126   155   211   242   183   255 0.78 NZ_QQRD01000001.1_219 # 329291 # 330898 # -1 # ID=10_219;partial=00;start_type=ATG;rbs_motif=AGGAG;rbs_spacer=3-4bp;gc_cont=0.251
NZ_QQRD01000001.1:329291-330898|- -            536 1064at2085           -            350   1.3e-12   42.4  11.0   3   4   4.6e-12   1.1e-10   36.2   1.2     2    78   327   406   326   425 0.80 NZ_QQRD01000001.1_219 # 329291 # 330898 # -1 # ID=10_219;partial=00;start_type=ATG;rbs_motif=AGGAG;rbs_spacer=3-4bp;gc_cont=0.251
NZ_QQRD01000001.1:329291-330898|- -            536 1064at2085           -            350   1.3e-12   42.4  11.0   4   4   0.00016    0.0036   11.4   0.0   169   241   445   514   423   528 0.78 NZ_QQRD01000001.1_219 # 329291 # 330898 # -1 # ID=10_219;partial=00;start_type=ATG;rbs_motif=AGGAG;rbs_spacer=3-4bp;gc_cont=0.251
NZ_QQRD01000001.1:395093-395572|- -            160 1064at2085           -            350     2e-12   41.8   3.7   1   1   2.3e-13   5.3e-12   40.4   3.7   113   240    20   144     6   155 0.69 NZ_QQRD01000001.1_261 # 395093 # 395572 # -1 # ID=10_261;partial=00;start_type=TTG;rbs_motif=None;rbs_spacer=None;gc_cont=0.210
NZ_QQRD01000002.1:9589-11628|-    -            680 1064at2085           -            350   7.3e-11   36.7   1.8   1   2   5.5e-06   0.00013   16.2   0.3     2    92   470   559   469   563 0.77 NZ_QQRD01000002.1_13 # 9589 # 11628 # -1 # ID=17_13;partial=00;start_type=ATG;rbs_motif=None;rbs_spacer=None;gc_cont=0.246
NZ_QQRD01000002.1:9589-11628|-    -            680 1064at2085           -            350   7.3e-11   36.7   1.8   2   2   7.6e-07   1.8e-05   19.0   0.1   165   239   589   661   559   669 0.87 NZ_QQRD01000002.1_13 # 9589 # 11628 # -1 # ID=17_13;partial=00;start_type=ATG;rbs_motif=None;rbs_spacer=None;gc_cont=0.246
#
# Program:         hmmsearch
# Version:         3.1b2 (February 2015)
# Pipeline mode:   SEARCH
# Query file:      /home/lgef/Documentos/GitHub/Project_doctoral/IMPLEMENTACAO/Genomes/M_flocculare/MFC_ncbi_dataset/ncbi_dataset/data/strains/MF22/Use/busco_downloads/lineages/mycoplasmatales_odb10/hmms/1064at2085.hmm
# Target file:     /home/lgef/Documentos/GitHub/Project_doctoral/IMPLEMENTACAO/Genomes/M_flocculare/MFC_ncbi_dataset/ncbi_dataset/data/strains/MF22/Use/busco_draft/prodigal_output/predicted_genes/predicted.faa
# Option settings: hmmsearch --domtblout /home/lgef/Documentos/GitHub/Project_doctoral/IMPLEMENTACAO/Genomes/M_flocculare/MFC_ncbi_dataset/ncbi_dataset/data/strains/MF22/Use/busco_draft/run_mycoplasmatales_odb10/hmmer_output/1064at2085.out --cpu 1 /home/lgef/Documentos/GitHub/Project_doctoral/IMPLEMENTACAO/Genomes/M_flocculare/MFC_ncbi_dataset/ncbi_dataset/data/strains/MF22/Use/busco_downloads/lineages/mycoplasmatales_odb10/hmms/1064at2085.hmm /home/lgef/Documentos/GitHub/Project_doctoral/IMPLEMENTACAO/Genomes/M_flocculare/MFC_ncbi_dataset/ncbi_dataset/data/strains/MF22/Use/busco_draft/prodigal_output/predicted_genes/predicted.faa 
# Current dir:     /home/lgef/Documentos/GitHub/Project_doctoral/IMPLEMENTACAO/Genomes/M_flocculare/MFC_ncbi_dataset/ncbi_dataset/data/strains/MF22/Use
# Date:            Fri Nov 29 09:59:29 2024
# [ok]
