#                                                                                         --- full sequence --- -------------- this domain -------------   hmm coord   ali coord   env coord
# target name                     accession   tlen query name           accession   qlen   E-value  score  bias   #  of  c-Evalue  i-Evalue  score  bias  from    to  from    to  from    to  acc description of target
#             ------------------- ---------- ----- -------------------- ---------- ----- --------- ------ ----- --- --- --------- --------- ------ ----- ----- ----- ----- ----- ----- ----- ---- ---------------------
NZ_QQRD01000002.1:44159-45487|-   -            443 1338at2085           -            333  3.9e-107  353.3  29.8   1   2  5.5e-101   4.6e-99  326.8  24.9     1   285     4   331     4   367 0.79 NZ_QQRD01000002.1_57 # 44159 # 45487 # -1 # ID=17_57;partial=00;start_type=TTG;rbs_motif=AGGAG;rbs_spacer=5-10bp;gc_cont=0.312
NZ_QQRD01000002.1:44159-45487|-   -            443 1338at2085           -            333  3.9e-107  353.3  29.8   2   2   6.9e-09   5.7e-07   24.0   0.4   299   333   404   442   358   442 0.78 NZ_QQRD01000002.1_57 # 44159 # 45487 # -1 # ID=17_57;partial=00;start_type=TTG;rbs_motif=AGGAG;rbs_spacer=5-10bp;gc_cont=0.312
NZ_QQRD01000001.1:227876-229189|- -            438 1338at2085           -            333   2.9e-40  133.5  14.6   1   2   4.5e-18   3.7e-16   54.2   3.9   179   329     5   160     2   164 0.86 NZ_QQRD01000001.1_142 # 227876 # 229189 # -1 # ID=10_142;partial=00;start_type=ATG;rbs_motif=None;rbs_spacer=None;gc_cont=0.299
NZ_QQRD01000001.1:227876-229189|- -            438 1338at2085           -            333   2.9e-40  133.5  14.6   2   2   1.6e-26   1.3e-24   82.0   4.9   168   268   162   266   151   347 0.80 NZ_QQRD01000001.1_142 # 227876 # 229189 # -1 # ID=10_142;partial=00;start_type=ATG;rbs_motif=None;rbs_spacer=None;gc_cont=0.299
NZ_QQRD01000002.1:7481-8362|-     -            294 1338at2085           -            333   7.4e-15   50.0   3.8   1   2     9e-17   7.4e-15   50.0   3.8   177   295     7   125     2   161 0.84 NZ_QQRD01000002.1_9 # 7481 # 8362 # -1 # ID=17_9;partial=00;start_type=ATG;rbs_motif=None;rbs_spacer=None;gc_cont=0.285
NZ_QQRD01000002.1:7481-8362|-     -            294 1338at2085           -            333   7.4e-15   50.0   3.8   2   2      0.83        68   -2.5   0.1   187   219   233   265   211   275 0.64 NZ_QQRD01000002.1_9 # 7481 # 8362 # -1 # ID=17_9;partial=00;start_type=ATG;rbs_motif=None;rbs_spacer=None;gc_cont=0.285
NZ_QQRD01000001.1:207931-208722|- -            264 1338at2085           -            333   4.5e-09   30.9   0.3   1   2      0.67        56   -2.2   0.1   122   271    26    48     6    71 0.55 NZ_QQRD01000001.1_125 # 207931 # 208722 # -1 # ID=10_125;partial=00;start_type=ATG;rbs_motif=None;rbs_spacer=None;gc_cont=0.265
NZ_QQRD01000001.1:207931-208722|- -            264 1338at2085           -            333   4.5e-09   30.9   0.3   2   2   5.5e-11   4.5e-09   30.9   0.3   168   249   100   179    75   247 0.80 NZ_QQRD01000001.1_125 # 207931 # 208722 # -1 # ID=10_125;partial=00;start_type=ATG;rbs_motif=None;rbs_spacer=None;gc_cont=0.265
NZ_QQRD01000001.1:30890-31420|-   -            177 1338at2085           -            333   1.6e-08   29.2   0.0   1   1   2.5e-10   2.1e-08   28.8   0.0   165   212     4    51     1   110 0.85 NZ_QQRD01000001.1_11 # 30890 # 31420 # -1 # ID=10_11;partial=00;start_type=ATG;rbs_motif=None;rbs_spacer=None;gc_cont=0.322
NZ_QQRD01000002.1:4143-5000|-     -            286 1338at2085           -            333     3e-06   21.7   1.4   1   1   5.2e-08   4.3e-06   21.2   0.9   164   254   141   234   107   240 0.74 NZ_QQRD01000002.1_5 # 4143 # 5000 # -1 # ID=17_5;partial=00;start_type=ATG;rbs_motif=None;rbs_spacer=None;gc_cont=0.272
NZ_QQRD01000005.1:7880-8983|-     -            368 1338at2085           -            333   3.8e-06   21.3   1.4   1   1     5e-07   4.2e-05   17.9   1.3   177   286     3   131     1   156 0.71 NZ_QQRD01000005.1_5 # 7880 # 8983 # -1 # ID=20_5;partial=00;start_type=ATG;rbs_motif=None;rbs_spacer=None;gc_cont=0.338
#
# Program:         hmmsearch
# Version:         3.1b2 (February 2015)
# Pipeline mode:   SEARCH
# Query file:      /home/lgef/Documentos/GitHub/Project_doctoral/IMPLEMENTACAO/Genomes/M_flocculare/MFC_ncbi_dataset/ncbi_dataset/data/strains/MF22/Use/busco_downloads/lineages/mycoplasmatales_odb10/hmms/1338at2085.hmm
# Target file:     /home/lgef/Documentos/GitHub/Project_doctoral/IMPLEMENTACAO/Genomes/M_flocculare/MFC_ncbi_dataset/ncbi_dataset/data/strains/MF22/Use/busco_draft/prodigal_output/predicted_genes/predicted.faa
# Option settings: hmmsearch --domtblout /home/lgef/Documentos/GitHub/Project_doctoral/IMPLEMENTACAO/Genomes/M_flocculare/MFC_ncbi_dataset/ncbi_dataset/data/strains/MF22/Use/busco_draft/run_mycoplasmatales_odb10/hmmer_output/1338at2085.out --cpu 1 /home/lgef/Documentos/GitHub/Project_doctoral/IMPLEMENTACAO/Genomes/M_flocculare/MFC_ncbi_dataset/ncbi_dataset/data/strains/MF22/Use/busco_downloads/lineages/mycoplasmatales_odb10/hmms/1338at2085.hmm /home/lgef/Documentos/GitHub/Project_doctoral/IMPLEMENTACAO/Genomes/M_flocculare/MFC_ncbi_dataset/ncbi_dataset/data/strains/MF22/Use/busco_draft/prodigal_output/predicted_genes/predicted.faa 
# Current dir:     /home/lgef/Documentos/GitHub/Project_doctoral/IMPLEMENTACAO/Genomes/M_flocculare/MFC_ncbi_dataset/ncbi_dataset/data/strains/MF22/Use
# Date:            Fri Nov 29 09:59:29 2024
# [ok]
