#                                                                                         --- full sequence --- -------------- this domain -------------   hmm coord   ali coord   env coord
# target name                     accession   tlen query name           accession   qlen   E-value  score  bias   #  of  c-Evalue  i-Evalue  score  bias  from    to  from    to  from    to  acc description of target
#             ------------------- ---------- ----- -------------------- ---------- ----- --------- ------ ----- --- --- --------- --------- ------ ----- ----- ----- ----- ----- ----- ----- ---- ---------------------
NZ_QQRD01000001.1:280294-282954|+ -            887 157at2085            -            637  5.2e-232  766.7  42.9   1   4   5.6e-90   8.1e-88  290.3   2.3     1   229    19   283    19   301 0.85 NZ_QQRD01000001.1_183 # 280294 # 282954 # 1 # ID=10_183;partial=00;start_type=ATG;rbs_motif=AGGA;rbs_spacer=5-10bp;gc_cont=0.297
NZ_QQRD01000001.1:280294-282954|+ -            887 157at2085            -            637  5.2e-232  766.7  42.9   2   4  2.2e-133  3.1e-131  433.7  10.8   224   543   303   675   288   677 0.87 NZ_QQRD01000001.1_183 # 280294 # 282954 # 1 # ID=10_183;partial=00;start_type=ATG;rbs_motif=AGGA;rbs_spacer=5-10bp;gc_cont=0.297
NZ_QQRD01000001.1:280294-282954|+ -            887 157at2085            -            637  5.2e-232  766.7  42.9   3   4   9.6e-19   1.4e-16   54.9  12.0   511   602   670   773   667   804 0.77 NZ_QQRD01000001.1_183 # 280294 # 282954 # 1 # ID=10_183;partial=00;start_type=ATG;rbs_motif=AGGA;rbs_spacer=5-10bp;gc_cont=0.297
NZ_QQRD01000001.1:280294-282954|+ -            887 157at2085            -            637  5.2e-232  766.7  42.9   4   4     0.039       5.7    0.1   0.1   620   637   846   863   818   863 0.80 NZ_QQRD01000001.1_183 # 280294 # 282954 # 1 # ID=10_183;partial=00;start_type=ATG;rbs_motif=AGGA;rbs_spacer=5-10bp;gc_cont=0.297
NZ_QQRD01000001.1:313995-316466|- -            824 157at2085            -            637   3.5e-43  142.8  33.6   1   2     7e-43     1e-40  134.7  24.8     7   532    16   587    10   597 0.75 NZ_QQRD01000001.1_212 # 313995 # 316466 # -1 # ID=10_212;partial=00;start_type=ATG;rbs_motif=GGA/GAG/AGG;rbs_spacer=5-10bp;gc_cont=0.286
NZ_QQRD01000001.1:313995-316466|- -            824 157at2085            -            637   3.5e-43  142.8  33.6   2   2   0.00023     0.033    7.5   2.8   516   583   596   661   588   712 0.74 NZ_QQRD01000001.1_212 # 313995 # 316466 # -1 # ID=10_212;partial=00;start_type=ATG;rbs_motif=GGA/GAG/AGG;rbs_spacer=5-10bp;gc_cont=0.286
NZ_QQRD01000001.1:366411-368783|+ -            791 157at2085            -            637     1e-38  128.1   9.8   1   3   4.7e-16   6.8e-14   46.1   0.1    11   161    17   171    10   179 0.81 NZ_QQRD01000001.1_240 # 366411 # 368783 # 1 # ID=10_240;partial=00;start_type=ATG;rbs_motif=None;rbs_spacer=None;gc_cont=0.303
NZ_QQRD01000001.1:366411-368783|+ -            791 157at2085            -            637     1e-38  128.1   9.8   2   3   1.6e-09   2.3e-07   24.5   0.2   320   377   384   443   373   495 0.66 NZ_QQRD01000001.1_240 # 366411 # 368783 # 1 # ID=10_240;partial=00;start_type=ATG;rbs_motif=None;rbs_spacer=None;gc_cont=0.303
NZ_QQRD01000001.1:366411-368783|+ -            791 157at2085            -            637     1e-38  128.1   9.8   3   3   1.1e-20   1.6e-18   61.3   1.2   438   610   543   725   506   746 0.72 NZ_QQRD01000001.1_240 # 366411 # 368783 # 1 # ID=10_240;partial=00;start_type=ATG;rbs_motif=None;rbs_spacer=None;gc_cont=0.303
NZ_QQRD01000003.1:9500-11044|+    -            515 157at2085            -            637   1.6e-18   61.4  10.1   1   2   3.1e-13   4.4e-11   36.8   1.2    30   164    10   145     2   158 0.79 NZ_QQRD01000003.1_9 # 9500 # 11044 # 1 # ID=18_9;partial=00;start_type=ATG;rbs_motif=GGA/GAG/AGG;rbs_spacer=5-10bp;gc_cont=0.275
NZ_QQRD01000003.1:9500-11044|+    -            515 157at2085            -            637   1.6e-18   61.4  10.1   2   2   1.2e-10   1.8e-08   28.1   2.1   444   519   293   368   288   503 0.86 NZ_QQRD01000003.1_9 # 9500 # 11044 # 1 # ID=18_9;partial=00;start_type=ATG;rbs_motif=GGA/GAG/AGG;rbs_spacer=5-10bp;gc_cont=0.275
#
# Program:         hmmsearch
# Version:         3.1b2 (February 2015)
# Pipeline mode:   SEARCH
# Query file:      /home/lgef/Documentos/GitHub/Project_doctoral/IMPLEMENTACAO/Genomes/M_flocculare/MFC_ncbi_dataset/ncbi_dataset/data/strains/MF22/Use/busco_downloads/lineages/mycoplasmatales_odb10/hmms/157at2085.hmm
# Target file:     /home/lgef/Documentos/GitHub/Project_doctoral/IMPLEMENTACAO/Genomes/M_flocculare/MFC_ncbi_dataset/ncbi_dataset/data/strains/MF22/Use/busco_draft/prodigal_output/predicted_genes/predicted.faa
# Option settings: hmmsearch --domtblout /home/lgef/Documentos/GitHub/Project_doctoral/IMPLEMENTACAO/Genomes/M_flocculare/MFC_ncbi_dataset/ncbi_dataset/data/strains/MF22/Use/busco_draft/run_mycoplasmatales_odb10/hmmer_output/157at2085.out --cpu 1 /home/lgef/Documentos/GitHub/Project_doctoral/IMPLEMENTACAO/Genomes/M_flocculare/MFC_ncbi_dataset/ncbi_dataset/data/strains/MF22/Use/busco_downloads/lineages/mycoplasmatales_odb10/hmms/157at2085.hmm /home/lgef/Documentos/GitHub/Project_doctoral/IMPLEMENTACAO/Genomes/M_flocculare/MFC_ncbi_dataset/ncbi_dataset/data/strains/MF22/Use/busco_draft/prodigal_output/predicted_genes/predicted.faa 
# Current dir:     /home/lgef/Documentos/GitHub/Project_doctoral/IMPLEMENTACAO/Genomes/M_flocculare/MFC_ncbi_dataset/ncbi_dataset/data/strains/MF22/Use
# Date:            Fri Nov 29 12:31:51 2024
# [ok]
