#                                                                                     --- full sequence --- -------------- this domain -------------   hmm coord   ali coord   env coord
# target name                 accession   tlen query name           accession   qlen   E-value  score  bias   #  of  c-Evalue  i-Evalue  score  bias  from    to  from    to  from    to  acc description of target
#         ------------------- ---------- ----- -------------------- ---------- ----- --------- ------ ----- --- --- --------- --------- ------ ----- ----- ----- ----- ----- ----- ----- ---- ---------------------
NZ_LR214993.1:116610-117938|+ -            443 1338at2085           -            333  1.6e-109  361.5  27.3   1   2    8e-104  8.4e-102  336.1  23.8     1   290     4   357     4   394 0.78 NZ_LR214993.1_94 # 116610 # 117938 # 1 # ID=2_94;partial=00;start_type=TTG;rbs_motif=AGGAG;rbs_spacer=5-10bp;gc_cont=0.314
NZ_LR214993.1:116610-117938|+ -            443 1338at2085           -            333  1.6e-109  361.5  27.3   2   2   3.9e-08   4.1e-06   21.6   0.1   300   333   405   442   370   442 0.88 NZ_LR214993.1_94 # 116610 # 117938 # 1 # ID=2_94;partial=00;start_type=TTG;rbs_motif=AGGAG;rbs_spacer=5-10bp;gc_cont=0.314
NZ_LR214992.1:92897-94198|+   -            434 1338at2085           -            333   3.8e-41  136.7   3.5   1   3     4e-18   4.2e-16   54.4   0.8   179   329     5   160     2   162 0.85 NZ_LR214992.1_74 # 92897 # 94198 # 1 # ID=1_74;partial=00;start_type=ATG;rbs_motif=3Base/5BMM;rbs_spacer=13-15bp;gc_cont=0.291
NZ_LR214992.1:92897-94198|+   -            434 1338at2085           -            333   3.8e-41  136.7   3.5   2   3   1.1e-26   1.1e-24   82.6   0.0   176   323   170   316   147   322 0.74 NZ_LR214992.1_74 # 92897 # 94198 # 1 # ID=1_74;partial=00;start_type=ATG;rbs_motif=3Base/5BMM;rbs_spacer=13-15bp;gc_cont=0.291
NZ_LR214992.1:92897-94198|+   -            434 1338at2085           -            333   3.8e-41  136.7   3.5   3   3      0.17        18   -0.2   0.1   264   297   281   316   276   350 0.56 NZ_LR214992.1_74 # 92897 # 94198 # 1 # ID=1_74;partial=00;start_type=ATG;rbs_motif=3Base/5BMM;rbs_spacer=13-15bp;gc_cont=0.291
NZ_LR214993.1:160531-161412|+ -            294 1338at2085           -            333   7.4e-15   50.3   1.2   1   1   1.2e-16   1.3e-14   49.6   1.2   174   267     4    98     1   141 0.78 NZ_LR214993.1_146 # 160531 # 161412 # 1 # ID=2_146;partial=00;start_type=ATG;rbs_motif=None;rbs_spacer=None;gc_cont=0.291
NZ_LR214993.1:243588-244379|- -            264 1338at2085           -            333   1.6e-09   32.8   0.2   1   1   3.5e-11   3.7e-09   31.6   0.1   151   234    80   164    29   180 0.75 NZ_LR214993.1_215 # 243588 # 244379 # -1 # ID=2_215;partial=00;start_type=ATG;rbs_motif=GGA/GAG/AGG;rbs_spacer=3-4bp;gc_cont=0.265
NZ_LR214992.1:330236-330832|- -            199 1338at2085           -            333   2.8e-07   25.4   0.5   1   2   6.5e-09   6.9e-07   24.1   0.0   160   212    21    73    16    91 0.89 NZ_LR214992.1_246 # 330236 # 330832 # -1 # ID=1_246;partial=00;start_type=ATG;rbs_motif=None;rbs_spacer=None;gc_cont=0.298
NZ_LR214992.1:330236-330832|- -            199 1338at2085           -            333   2.8e-07   25.4   0.5   2   2      0.28        30   -1.0   0.3    90    90   159   159    95   196 0.48 NZ_LR214992.1_246 # 330236 # 330832 # -1 # ID=1_246;partial=00;start_type=ATG;rbs_motif=None;rbs_spacer=None;gc_cont=0.298
NZ_LR214992.1:55473-56732|+   -            420 1338at2085           -            333   6.5e-06   20.9   0.3   1   1   1.5e-07   1.6e-05   19.6   0.1   178   307   158   288   151   295 0.76 NZ_LR214992.1_43 # 55473 # 56732 # 1 # ID=1_43;partial=00;start_type=ATG;rbs_motif=AGGA;rbs_spacer=5-10bp;gc_cont=0.308
NZ_LR214992.1:128928-130031|- -            368 1338at2085           -            333   8.9e-05   17.2   1.0   1   1   1.8e-05    0.0019   12.8   0.9   177   281     3   126     1   147 0.57 NZ_LR214992.1_106 # 128928 # 130031 # -1 # ID=1_106;partial=00;start_type=ATG;rbs_motif=None;rbs_spacer=None;gc_cont=0.303
#
# Program:         hmmsearch
# Version:         3.4 (Aug 2023)
# Pipeline mode:   SEARCH
# Query file:      /home/bryan/Documentos/GitHub/Project_doctoral/IMPLEMENTACAO/Genomes/M_hyopneumoniae/strains/NCTC10127/Use/busco_downloads/lineages/mycoplasmatales_odb10/hmms/1338at2085.hmm
# Target file:     /home/bryan/Documentos/GitHub/Project_doctoral/IMPLEMENTACAO/Genomes/M_hyopneumoniae/strains/NCTC10127/Use/busco_complete/prodigal_output/predicted_genes/predicted.faa
# Option settings: hmmsearch --domtblout /home/bryan/Documentos/GitHub/Project_doctoral/IMPLEMENTACAO/Genomes/M_hyopneumoniae/strains/NCTC10127/Use/busco_complete/run_mycoplasmatales_odb10/hmmer_output/1338at2085.out --cpu 1 /home/bryan/Documentos/GitHub/Project_doctoral/IMPLEMENTACAO/Genomes/M_hyopneumoniae/strains/NCTC10127/Use/busco_downloads/lineages/mycoplasmatales_odb10/hmms/1338at2085.hmm /home/bryan/Documentos/GitHub/Project_doctoral/IMPLEMENTACAO/Genomes/M_hyopneumoniae/strains/NCTC10127/Use/busco_complete/prodigal_output/predicted_genes/predicted.faa 
# Current dir:     /home/bryan/Documentos/GitHub/Project_doctoral/IMPLEMENTACAO/Genomes/M_hyopneumoniae/strains/NCTC10127/Use
# Date:            Sun Dec  1 19:04:53 2024
# [ok]
