#                                                                                     --- full sequence --- -------------- this domain -------------   hmm coord   ali coord   env coord
# target name                 accession   tlen query name           accession   qlen   E-value  score  bias   #  of  c-Evalue  i-Evalue  score  bias  from    to  from    to  from    to  acc description of target
#         ------------------- ---------- ----- -------------------- ---------- ----- --------- ------ ----- --- --- --------- --------- ------ ----- ----- ----- ----- ----- ----- ----- ---- ---------------------
NZ_LR214992.1:99840-101924|-  -            695 148at2085            -            586         0 1036.6  12.7   1   2  5.8e-114  1.1e-111  369.5   3.0     1   181    11   193    11   218 0.94 NZ_LR214992.1_80 # 99840 # 101924 # -1 # ID=1_80;partial=00;start_type=ATG;rbs_motif=AGGA;rbs_spacer=5-10bp;gc_cont=0.372
NZ_LR214992.1:99840-101924|-  -            695 148at2085            -            586         0 1036.6  12.7   2   2  5.1e-205  9.4e-203  670.2   2.4   174   579   221   671   209   688 0.89 NZ_LR214992.1_80 # 99840 # 101924 # -1 # ID=1_80;partial=00;start_type=ATG;rbs_motif=AGGA;rbs_spacer=5-10bp;gc_cont=0.372
NZ_LR214992.1:94756-96552|+   -            599 148at2085            -            586   7.5e-42  138.9   0.2   1   3   2.7e-30     5e-28   93.3   0.1     1   150     7   153     7   164 0.92 NZ_LR214992.1_77 # 94756 # 96552 # 1 # ID=1_77;partial=00;start_type=ATG;rbs_motif=None;rbs_spacer=None;gc_cont=0.343
NZ_LR214992.1:94756-96552|+   -            599 148at2085            -            586   7.5e-42  138.9   0.2   2   3   1.3e-13   2.4e-11   38.2   0.0   218   415   163   375   154   381 0.75 NZ_LR214992.1_77 # 94756 # 96552 # 1 # ID=1_77;partial=00;start_type=ATG;rbs_motif=None;rbs_spacer=None;gc_cont=0.343
NZ_LR214992.1:94756-96552|+   -            599 148at2085            -            586   7.5e-42  138.9   0.2   3   3    0.0028      0.52    4.1   0.0   521   574   402   467   395   478 0.63 NZ_LR214992.1_77 # 94756 # 96552 # 1 # ID=1_77;partial=00;start_type=ATG;rbs_motif=None;rbs_spacer=None;gc_cont=0.343
NZ_LR214992.1:509277-511076|- -            600 148at2085            -            586   4.7e-18   60.3   0.9   1   2   2.6e-20   4.7e-18   60.3   0.9    31   135   120   230   115   244 0.82 NZ_LR214992.1_377 # 509277 # 511076 # -1 # ID=1_377;partial=00;start_type=ATG;rbs_motif=GGAG/GAGG;rbs_spacer=5-10bp;gc_cont=0.351
NZ_LR214992.1:509277-511076|- -            600 148at2085            -            586   4.7e-18   60.3   0.9   2   2       0.5        93   -3.4   0.1    45    70   379   404   369   455 0.69 NZ_LR214992.1_377 # 509277 # 511076 # -1 # ID=1_377;partial=00;start_type=ATG;rbs_motif=GGAG/GAGG;rbs_spacer=5-10bp;gc_cont=0.351
NZ_LR214992.1:438624-439832|- -            403 148at2085            -            586   2.2e-15   51.5   1.7   1   2   2.2e-17     4e-15   50.6   0.3     2   130    20   147    19   168 0.90 NZ_LR214992.1_321 # 438624 # 439832 # -1 # ID=1_321;partial=00;start_type=ATG;rbs_motif=AGGA;rbs_spacer=5-10bp;gc_cont=0.400
NZ_LR214992.1:438624-439832|- -            403 148at2085            -            586   2.2e-15   51.5   1.7   2   2     0.048       8.9   -0.0   0.1   220   326   195   303   148   317 0.66 NZ_LR214992.1_321 # 438624 # 439832 # -1 # ID=1_321;partial=00;start_type=ATG;rbs_motif=AGGA;rbs_spacer=5-10bp;gc_cont=0.400
#
# Program:         hmmsearch
# Version:         3.4 (Aug 2023)
# Pipeline mode:   SEARCH
# Query file:      /home/bryan/Documentos/GitHub/Project_doctoral/IMPLEMENTACAO/Genomes/M_hyopneumoniae/strains/NCTC10127/Use/busco_downloads/lineages/mycoplasmatales_odb10/hmms/148at2085.hmm
# Target file:     /home/bryan/Documentos/GitHub/Project_doctoral/IMPLEMENTACAO/Genomes/M_hyopneumoniae/strains/NCTC10127/Use/busco_complete/prodigal_output/predicted_genes/predicted.faa
# Option settings: hmmsearch --domtblout /home/bryan/Documentos/GitHub/Project_doctoral/IMPLEMENTACAO/Genomes/M_hyopneumoniae/strains/NCTC10127/Use/busco_complete/run_mycoplasmatales_odb10/hmmer_output/148at2085.out --cpu 1 /home/bryan/Documentos/GitHub/Project_doctoral/IMPLEMENTACAO/Genomes/M_hyopneumoniae/strains/NCTC10127/Use/busco_downloads/lineages/mycoplasmatales_odb10/hmms/148at2085.hmm /home/bryan/Documentos/GitHub/Project_doctoral/IMPLEMENTACAO/Genomes/M_hyopneumoniae/strains/NCTC10127/Use/busco_complete/prodigal_output/predicted_genes/predicted.faa 
# Current dir:     /home/bryan/Documentos/GitHub/Project_doctoral/IMPLEMENTACAO/Genomes/M_hyopneumoniae/strains/NCTC10127/Use
# Date:            Sun Dec  1 19:04:54 2024
# [ok]
