#                                                                                     --- full sequence --- -------------- this domain -------------   hmm coord   ali coord   env coord
# target name                 accession   tlen query name           accession   qlen   E-value  score  bias   #  of  c-Evalue  i-Evalue  score  bias  from    to  from    to  from    to  acc description of target
#         ------------------- ---------- ----- -------------------- ---------- ----- --------- ------ ----- --- --- --------- --------- ------ ----- ----- ----- ----- ----- ----- ----- ---- ---------------------
NZ_LR214993.1:226247-227164|- -            306 3146at2085           -            235   2.1e-85  281.2   1.1   1   2   5.8e-29   1.1e-26   89.1   0.1     1    65     4    71     4   103 0.91 NZ_LR214993.1_202 # 226247 # 227164 # -1 # ID=2_202;partial=00;start_type=ATG;rbs_motif=GGA/GAG/AGG;rbs_spacer=5-10bp;gc_cont=0.357
NZ_LR214993.1:226247-227164|- -            306 3146at2085           -            235   2.1e-85  281.2   1.1   2   2   5.5e-60     1e-57  190.6   0.1    64   234   104   299    98   300 0.86 NZ_LR214993.1_202 # 226247 # 227164 # -1 # ID=2_202;partial=00;start_type=ATG;rbs_motif=GGA/GAG/AGG;rbs_spacer=5-10bp;gc_cont=0.357
NZ_LR214992.1:494578-495942|- -            455 3146at2085           -            235   9.8e-16   53.2   6.9   1   2     1e-07   1.9e-05   19.5   0.1     1    40     4    43     4    53 0.92 NZ_LR214992.1_363 # 494578 # 495942 # -1 # ID=1_363;partial=00;start_type=ATG;rbs_motif=GGA/GAG/AGG;rbs_spacer=5-10bp;gc_cont=0.316
NZ_LR214992.1:494578-495942|- -            455 3146at2085           -            235   9.8e-16   53.2   6.9   2   2   2.7e-12     5e-10   34.5   2.7   102   235   167   320   121   320 0.68 NZ_LR214992.1_363 # 494578 # 495942 # -1 # ID=1_363;partial=00;start_type=ATG;rbs_motif=GGA/GAG/AGG;rbs_spacer=5-10bp;gc_cont=0.316
NZ_LR214992.1:413711-415558|+ -            616 3146at2085           -            235   6.5e-11   37.4   9.5   1   2     3e-08   5.6e-06   21.3   0.1     1    38   161   198   161   206 0.93 NZ_LR214992.1_303 # 413711 # 415558 # 1 # ID=1_303;partial=00;start_type=ATG;rbs_motif=AGGA;rbs_spacer=5-10bp;gc_cont=0.362
NZ_LR214992.1:413711-415558|+ -            616 3146at2085           -            235   6.5e-11   37.4   9.5   2   2   2.3e-07   4.2e-05   18.4   3.6    63   218   287   466   265   483 0.66 NZ_LR214992.1_303 # 413711 # 415558 # 1 # ID=1_303;partial=00;start_type=ATG;rbs_motif=AGGA;rbs_spacer=5-10bp;gc_cont=0.362
NZ_LR214992.1:2775-4634|+     -            620 3146at2085           -            235     0.023    9.4   2.6   1   3    0.0011      0.21    6.3   0.0     1    30    12    41    12    49 0.85 NZ_LR214992.1_3 # 2775 # 4634 # 1 # ID=1_3;partial=00;start_type=ATG;rbs_motif=GGAG/GAGG;rbs_spacer=5-10bp;gc_cont=0.329
NZ_LR214992.1:2775-4634|+     -            620 3146at2085           -            235     0.023    9.4   2.6   2   3     0.028       5.2    1.7   0.7   129   169    98   142    79   162 0.72 NZ_LR214992.1_3 # 2775 # 4634 # 1 # ID=1_3;partial=00;start_type=ATG;rbs_motif=GGAG/GAGG;rbs_spacer=5-10bp;gc_cont=0.329
NZ_LR214992.1:2775-4634|+     -            620 3146at2085           -            235     0.023    9.4   2.6   3   3       1.1   2.1e+02   -3.5   0.0   201   215   361   376   354   392 0.73 NZ_LR214992.1_3 # 2775 # 4634 # 1 # ID=1_3;partial=00;start_type=ATG;rbs_motif=GGAG/GAGG;rbs_spacer=5-10bp;gc_cont=0.329
#
# Program:         hmmsearch
# Version:         3.4 (Aug 2023)
# Pipeline mode:   SEARCH
# Query file:      /home/bryan/Documentos/GitHub/Project_doctoral/IMPLEMENTACAO/Genomes/M_hyopneumoniae/strains/NCTC10127/Use/busco_downloads/lineages/mycoplasmatales_odb10/hmms/3146at2085.hmm
# Target file:     /home/bryan/Documentos/GitHub/Project_doctoral/IMPLEMENTACAO/Genomes/M_hyopneumoniae/strains/NCTC10127/Use/busco_complete/prodigal_output/predicted_genes/predicted.faa
# Option settings: hmmsearch --domtblout /home/bryan/Documentos/GitHub/Project_doctoral/IMPLEMENTACAO/Genomes/M_hyopneumoniae/strains/NCTC10127/Use/busco_complete/run_mycoplasmatales_odb10/hmmer_output/3146at2085.out --cpu 1 /home/bryan/Documentos/GitHub/Project_doctoral/IMPLEMENTACAO/Genomes/M_hyopneumoniae/strains/NCTC10127/Use/busco_downloads/lineages/mycoplasmatales_odb10/hmms/3146at2085.hmm /home/bryan/Documentos/GitHub/Project_doctoral/IMPLEMENTACAO/Genomes/M_hyopneumoniae/strains/NCTC10127/Use/busco_complete/prodigal_output/predicted_genes/predicted.faa 
# Current dir:     /home/bryan/Documentos/GitHub/Project_doctoral/IMPLEMENTACAO/Genomes/M_hyopneumoniae/strains/NCTC10127/Use
# Date:            Sun Dec  1 19:04:58 2024
# [ok]
