#                                                                                     --- full sequence --- -------------- this domain -------------   hmm coord   ali coord   env coord
# target name                 accession   tlen query name           accession   qlen   E-value  score  bias   #  of  c-Evalue  i-Evalue  score  bias  from    to  from    to  from    to  acc description of target
#         ------------------- ---------- ----- -------------------- ---------- ----- --------- ------ ----- --- --- --------- --------- ------ ----- ----- ----- ----- ----- ----- ----- ---- ---------------------
NZ_LR214992.1:15624-16469|+   -            282 3282at2085           -            198   8.1e-57  187.4  21.7   1   2   3.5e-37   6.4e-35  115.9  17.6     1   142     1   162     1   173 0.85 NZ_LR214992.1_15 # 15624 # 16469 # 1 # ID=1_15;partial=00;start_type=ATG;rbs_motif=None;rbs_spacer=None;gc_cont=0.249
NZ_LR214992.1:15624-16469|+   -            282 3282at2085           -            198   8.1e-57  187.4  21.7   2   2     3e-22   5.6e-20   67.1   0.1   141   198   214   274   195   274 0.89 NZ_LR214992.1_15 # 15624 # 16469 # 1 # ID=1_15;partial=00;start_type=ATG;rbs_motif=None;rbs_spacer=None;gc_cont=0.249
NZ_LR214992.1:344312-345226|+ -            305 3282at2085           -            198   1.8e-33  111.2  11.8   1   2   1.2e-20   2.2e-18   61.9   7.8    10   134    13   160     6   201 0.77 NZ_LR214992.1_255 # 344312 # 345226 # 1 # ID=1_255;partial=00;start_type=ATG;rbs_motif=None;rbs_spacer=None;gc_cont=0.323
NZ_LR214992.1:344312-345226|+ -            305 3282at2085           -            198   1.8e-33  111.2  11.8   2   2   9.9e-17   1.8e-14   49.1   0.1   135   189   224   280   206   286 0.86 NZ_LR214992.1_255 # 344312 # 345226 # 1 # ID=1_255;partial=00;start_type=ATG;rbs_motif=None;rbs_spacer=None;gc_cont=0.323
NZ_LR214995.1:8097-8714|+     -            206 3282at2085           -            198   1.9e-19   65.4   8.9   1   1     8e-21   1.5e-18   62.5   8.9    10   134    13   160     6   201 0.77 NZ_LR214995.1_9 # 8097 # 8714 # 1 # ID=4_9;partial=00;start_type=ATG;rbs_motif=None;rbs_spacer=None;gc_cont=0.309
NZ_LR214993.1:151599-152321|- -            241 3282at2085           -            198   1.2e-06   23.6   1.8   1   2   6.5e-09   1.2e-06   23.6   1.8    13   133     4   123     1   138 0.78 NZ_LR214993.1_135 # 151599 # 152321 # -1 # ID=2_135;partial=00;start_type=ATG;rbs_motif=GGA/GAG/AGG;rbs_spacer=5-10bp;gc_cont=0.289
NZ_LR214993.1:151599-152321|- -            241 3282at2085           -            198   1.2e-06   23.6   1.8   2   2      0.27        50   -1.3   0.9    32    57   201   224   171   234 0.50 NZ_LR214993.1_135 # 151599 # 152321 # -1 # ID=2_135;partial=00;start_type=ATG;rbs_motif=GGA/GAG/AGG;rbs_spacer=5-10bp;gc_cont=0.289
#
# Program:         hmmsearch
# Version:         3.4 (Aug 2023)
# Pipeline mode:   SEARCH
# Query file:      /home/bryan/Documentos/GitHub/Project_doctoral/IMPLEMENTACAO/Genomes/M_hyopneumoniae/strains/NCTC10127/Use/busco_downloads/lineages/mycoplasmatales_odb10/hmms/3282at2085.hmm
# Target file:     /home/bryan/Documentos/GitHub/Project_doctoral/IMPLEMENTACAO/Genomes/M_hyopneumoniae/strains/NCTC10127/Use/busco_complete/prodigal_output/predicted_genes/predicted.faa
# Option settings: hmmsearch --domtblout /home/bryan/Documentos/GitHub/Project_doctoral/IMPLEMENTACAO/Genomes/M_hyopneumoniae/strains/NCTC10127/Use/busco_complete/run_mycoplasmatales_odb10/hmmer_output/3282at2085.out --cpu 1 /home/bryan/Documentos/GitHub/Project_doctoral/IMPLEMENTACAO/Genomes/M_hyopneumoniae/strains/NCTC10127/Use/busco_downloads/lineages/mycoplasmatales_odb10/hmms/3282at2085.hmm /home/bryan/Documentos/GitHub/Project_doctoral/IMPLEMENTACAO/Genomes/M_hyopneumoniae/strains/NCTC10127/Use/busco_complete/prodigal_output/predicted_genes/predicted.faa 
# Current dir:     /home/bryan/Documentos/GitHub/Project_doctoral/IMPLEMENTACAO/Genomes/M_hyopneumoniae/strains/NCTC10127/Use
# Date:            Sun Dec  1 19:04:58 2024
# [ok]
