#                                                                                     --- full sequence --- -------------- this domain -------------   hmm coord   ali coord   env coord
# target name                 accession   tlen query name           accession   qlen   E-value  score  bias   #  of  c-Evalue  i-Evalue  score  bias  from    to  from    to  from    to  acc description of target
#         ------------------- ---------- ----- -------------------- ---------- ----- --------- ------ ----- --- --- --------- --------- ------ ----- ----- ----- ----- ----- ----- ----- ---- ---------------------
NZ_LR214992.1:265711-267252|+ -            514 913at2085            -            397  2.1e-135  447.3  29.9   1   2  5.8e-125  1.1e-122  405.4  20.2     2   316     3   378     2   388 0.85 NZ_LR214992.1_211 # 265711 # 267252 # 1 # ID=1_211;partial=00;start_type=ATG;rbs_motif=GGA/GAG/AGG;rbs_spacer=5-10bp;gc_cont=0.270
NZ_LR214992.1:265711-267252|+ -            514 913at2085            -            397  2.1e-135  447.3  29.9   2   2   4.1e-15   7.6e-13   43.7   2.1   311   386   406   485   393   500 0.84 NZ_LR214992.1_211 # 265711 # 267252 # 1 # ID=1_211;partial=00;start_type=ATG;rbs_motif=GGA/GAG/AGG;rbs_spacer=5-10bp;gc_cont=0.270
NZ_LR214992.1:600001-602373|- -            791 913at2085            -            397   4.6e-18   60.9   1.0   1   2   1.4e-11   2.6e-09   32.0   0.0     2   165    29   204    28   213 0.83 NZ_LR214992.1_441 # 600001 # 602373 # -1 # ID=1_441;partial=00;start_type=ATG;rbs_motif=GGA/GAG/AGG;rbs_spacer=5-10bp;gc_cont=0.308
NZ_LR214992.1:600001-602373|- -            791 913at2085            -            397   4.6e-18   60.9   1.0   2   2   8.1e-10   1.5e-07   26.3   0.5   238   342   547   649   512   694 0.75 NZ_LR214992.1_441 # 600001 # 602373 # -1 # ID=1_441;partial=00;start_type=ATG;rbs_motif=GGA/GAG/AGG;rbs_spacer=5-10bp;gc_cont=0.308
NZ_LR214992.1:39044-41704|-   -            887 913at2085            -            397   1.3e-15   52.8  23.7   1   5   1.5e-12   2.7e-10   35.3   0.2    12   129    61   195    58   224 0.71 NZ_LR214992.1_33 # 39044 # 41704 # -1 # ID=1_33;partial=00;start_type=ATG;rbs_motif=AGGA;rbs_spacer=5-10bp;gc_cont=0.305
NZ_LR214992.1:39044-41704|-   -            887 913at2085            -            397   1.3e-15   52.8  23.7   2   5      0.59   1.1e+02   -2.9   0.1   144   187   410   460   402   462 0.53 NZ_LR214992.1_33 # 39044 # 41704 # -1 # ID=1_33;partial=00;start_type=ATG;rbs_motif=AGGA;rbs_spacer=5-10bp;gc_cont=0.305
NZ_LR214992.1:39044-41704|-   -            887 913at2085            -            397   1.3e-15   52.8  23.7   3   5   3.5e-09   6.5e-07   24.2   0.1   238   305   571   644   563   658 0.74 NZ_LR214992.1_33 # 39044 # 41704 # -1 # ID=1_33;partial=00;start_type=ATG;rbs_motif=AGGA;rbs_spacer=5-10bp;gc_cont=0.305
NZ_LR214992.1:39044-41704|-   -            887 913at2085            -            397   1.3e-15   52.8  23.7   4   5     0.018       3.3    2.1  10.3   264   387   634   763   626   776 0.71 NZ_LR214992.1_33 # 39044 # 41704 # -1 # ID=1_33;partial=00;start_type=ATG;rbs_motif=AGGA;rbs_spacer=5-10bp;gc_cont=0.305
NZ_LR214992.1:39044-41704|-   -            887 913at2085            -            397   1.3e-15   52.8  23.7   5   5     0.082        15   -0.1   0.3   116   164   761   807   754   812 0.71 NZ_LR214992.1_33 # 39044 # 41704 # -1 # ID=1_33;partial=00;start_type=ATG;rbs_motif=AGGA;rbs_spacer=5-10bp;gc_cont=0.305
NZ_LR214992.1:643518-645986|+ -            823 913at2085            -            397   4.5e-11   37.8   8.7   1   5   3.8e-09     7e-07   24.1   1.7     5   147    35   199    31   220 0.64 NZ_LR214992.1_466 # 643518 # 645986 # 1 # ID=1_466;partial=00;start_type=ATG;rbs_motif=AGGA;rbs_spacer=5-10bp;gc_cont=0.299
NZ_LR214992.1:643518-645986|+ -            823 913at2085            -            397   4.5e-11   37.8   8.7   2   5      0.17        32   -1.2   0.1   261   306   254   300   243   324 0.70 NZ_LR214992.1_466 # 643518 # 645986 # 1 # ID=1_466;partial=00;start_type=ATG;rbs_motif=AGGA;rbs_spacer=5-10bp;gc_cont=0.299
NZ_LR214992.1:643518-645986|+ -            823 913at2085            -            397   4.5e-11   37.8   8.7   3   5      0.37        68   -2.2   0.1   139   165   350   376   310   411 0.61 NZ_LR214992.1_466 # 643518 # 645986 # 1 # ID=1_466;partial=00;start_type=ATG;rbs_motif=AGGA;rbs_spacer=5-10bp;gc_cont=0.299
NZ_LR214992.1:643518-645986|+ -            823 913at2085            -            397   4.5e-11   37.8   8.7   4   5   5.5e-10     1e-07   26.8   0.8   234   319   491   576   468   610 0.68 NZ_LR214992.1_466 # 643518 # 645986 # 1 # ID=1_466;partial=00;start_type=ATG;rbs_motif=AGGA;rbs_spacer=5-10bp;gc_cont=0.299
NZ_LR214992.1:643518-645986|+ -            823 913at2085            -            397   4.5e-11   37.8   8.7   5   5      0.46        84   -2.6   0.7   319   342   684   707   663   796 0.62 NZ_LR214992.1_466 # 643518 # 645986 # 1 # ID=1_466;partial=00;start_type=ATG;rbs_motif=AGGA;rbs_spacer=5-10bp;gc_cont=0.299
#
# Program:         hmmsearch
# Version:         3.4 (Aug 2023)
# Pipeline mode:   SEARCH
# Query file:      /home/bryan/Documentos/GitHub/Project_doctoral/IMPLEMENTACAO/Genomes/M_hyopneumoniae/strains/NCTC10127/Use/busco_downloads/lineages/mycoplasmatales_odb10/hmms/913at2085.hmm
# Target file:     /home/bryan/Documentos/GitHub/Project_doctoral/IMPLEMENTACAO/Genomes/M_hyopneumoniae/strains/NCTC10127/Use/busco_complete/prodigal_output/predicted_genes/predicted.faa
# Option settings: hmmsearch --domtblout /home/bryan/Documentos/GitHub/Project_doctoral/IMPLEMENTACAO/Genomes/M_hyopneumoniae/strains/NCTC10127/Use/busco_complete/run_mycoplasmatales_odb10/hmmer_output/913at2085.out --cpu 1 /home/bryan/Documentos/GitHub/Project_doctoral/IMPLEMENTACAO/Genomes/M_hyopneumoniae/strains/NCTC10127/Use/busco_downloads/lineages/mycoplasmatales_odb10/hmms/913at2085.hmm /home/bryan/Documentos/GitHub/Project_doctoral/IMPLEMENTACAO/Genomes/M_hyopneumoniae/strains/NCTC10127/Use/busco_complete/prodigal_output/predicted_genes/predicted.faa 
# Current dir:     /home/bryan/Documentos/GitHub/Project_doctoral/IMPLEMENTACAO/Genomes/M_hyopneumoniae/strains/NCTC10127/Use
# Date:            Sun Dec  1 19:05:02 2024
# [ok]
