#                                                                                       --- full sequence --- -------------- this domain -------------   hmm coord   ali coord   env coord
# target name                   accession   tlen query name           accession   qlen   E-value  score  bias   #  of  c-Evalue  i-Evalue  score  bias  from    to  from    to  from    to  acc description of target
#           ------------------- ---------- ----- -------------------- ---------- ----- --------- ------ ----- --- --- --------- --------- ------ ----- ----- ----- ----- ----- ----- ----- ---- ---------------------
NZ_QQRL01000001.1:57129-58430|+ -            434 1140at2085           -            348    2e-118  390.6  10.9   1   1  3.3e-120  4.1e-118  389.6  10.9     1   346     5   429     5   431 0.85 NZ_QQRL01000001.1_47 # 57129 # 58430 # 1 # ID=15_47;partial=00;start_type=ATG;rbs_motif=3Base/5BMM;rbs_spacer=13-15bp;gc_cont=0.293
NZ_QQRL01000010.1:11257-12585|- -            443 1140at2085           -            348   1.4e-22   75.5   4.8   1   1   3.7e-24   4.7e-22   73.7   4.8   130   303   217   391   210   399 0.78 NZ_QQRL01000010.1_11 # 11257 # 12585 # -1 # ID=5_11;partial=00;start_type=TTG;rbs_motif=AGGAG;rbs_spacer=5-10bp;gc_cont=0.315
NZ_QQRL01000021.1:7201-8082|-   -            294 1140at2085           -            348   5.4e-13   43.9   1.8   1   1   8.4e-15     1e-12   43.0   1.3     1   103     9   124     9   136 0.76 NZ_QQRL01000021.1_9 # 7201 # 8082 # -1 # ID=17_9;partial=00;start_type=ATG;rbs_motif=None;rbs_spacer=None;gc_cont=0.296
NZ_QQRL01000001.1:77033-77824|+ -            264 1140at2085           -            348   3.9e-09   31.2   6.7   1   2   0.00065     0.082    7.2   3.4   203   277    15   102     3   110 0.67 NZ_QQRL01000001.1_64 # 77033 # 77824 # 1 # ID=15_64;partial=00;start_type=ATG;rbs_motif=GGA/GAG/AGG;rbs_spacer=3-4bp;gc_cont=0.265
NZ_QQRL01000001.1:77033-77824|+ -            264 1140at2085           -            348   3.9e-09   31.2   6.7   2   2   2.1e-09   2.6e-07   25.2   0.1     3    60   115   173   113   201 0.85 NZ_QQRL01000001.1_64 # 77033 # 77824 # 1 # ID=15_64;partial=00;start_type=ATG;rbs_motif=GGA/GAG/AGG;rbs_spacer=3-4bp;gc_cont=0.265
NZ_QQRL01000014.1:19834-20430|+ -            199 1140at2085           -            348   1.5e-07   26.0   2.7   1   1   2.2e-08   2.8e-06   21.9   2.7   132   178    40    92    32   198 0.45 NZ_QQRL01000014.1_16 # 19834 # 20430 # 1 # ID=9_16;partial=00;start_type=ATG;rbs_motif=None;rbs_spacer=None;gc_cont=0.295
NZ_QQRL01000021.1:4022-4879|-   -            286 1140at2085           -            348   0.00023   15.5   7.6   1   2    0.0027      0.34    5.1   1.1   181   237    61   120    43   155 0.72 NZ_QQRL01000021.1_5 # 4022 # 4879 # -1 # ID=17_5;partial=00;start_type=ATG;rbs_motif=3Base/5BMM;rbs_spacer=13-15bp;gc_cont=0.279
NZ_QQRL01000021.1:4022-4879|-   -            286 1140at2085           -            348   0.00023   15.5   7.6   2   2   5.2e-06   0.00065   14.1   0.7     3    61   157   223   154   231 0.71 NZ_QQRL01000021.1_5 # 4022 # 4879 # -1 # ID=17_5;partial=00;start_type=ATG;rbs_motif=3Base/5BMM;rbs_spacer=13-15bp;gc_cont=0.279
#
# Program:         hmmsearch
# Version:         3.4 (Aug 2023)
# Pipeline mode:   SEARCH
# Query file:      /home/lgef/Documentos/GitHub/Project_doctoral/IMPLEMENTACAO/Genomes/M_hyopneumoniae/MHP_ncbi_dataset/ncbi_dataset/data/strains/MHP679/Use/busco_downloads/lineages/mycoplasmatales_odb10/hmms/1140at2085.hmm
# Target file:     /home/lgef/Documentos/GitHub/Project_doctoral/IMPLEMENTACAO/Genomes/M_hyopneumoniae/MHP_ncbi_dataset/ncbi_dataset/data/strains/MHP679/Use/busco_draft/prodigal_output/predicted_genes/predicted.faa
# Option settings: hmmsearch --domtblout /home/lgef/Documentos/GitHub/Project_doctoral/IMPLEMENTACAO/Genomes/M_hyopneumoniae/MHP_ncbi_dataset/ncbi_dataset/data/strains/MHP679/Use/busco_draft/run_mycoplasmatales_odb10/hmmer_output/1140at2085.out --cpu 1 /home/lgef/Documentos/GitHub/Project_doctoral/IMPLEMENTACAO/Genomes/M_hyopneumoniae/MHP_ncbi_dataset/ncbi_dataset/data/strains/MHP679/Use/busco_downloads/lineages/mycoplasmatales_odb10/hmms/1140at2085.hmm /home/lgef/Documentos/GitHub/Project_doctoral/IMPLEMENTACAO/Genomes/M_hyopneumoniae/MHP_ncbi_dataset/ncbi_dataset/data/strains/MHP679/Use/busco_draft/prodigal_output/predicted_genes/predicted.faa 
# Current dir:     /home/lgef/Documentos/GitHub/Project_doctoral/IMPLEMENTACAO/Genomes/M_hyopneumoniae/MHP_ncbi_dataset/ncbi_dataset/data/strains/MHP679/Use
# Date:            Thu Nov 28 19:39:44 2024
# [ok]
