#                                                                                       --- full sequence --- -------------- this domain -------------   hmm coord   ali coord   env coord
# target name                   accession   tlen query name           accession   qlen   E-value  score  bias   #  of  c-Evalue  i-Evalue  score  bias  from    to  from    to  from    to  acc description of target
#           ------------------- ---------- ----- -------------------- ---------- ----- --------- ------ ----- --- --- --------- --------- ------ ----- ----- ----- ----- ----- ----- ----- ---- ---------------------
NZ_QQRL01000010.1:11257-12585|- -            443 1338at2085           -            333  1.9e-109  361.3  27.7   1   2  7.6e-104  8.2e-102  336.2  24.0     1   318     4   357     4   394 0.78 NZ_QQRL01000010.1_11 # 11257 # 12585 # -1 # ID=5_11;partial=00;start_type=TTG;rbs_motif=AGGAG;rbs_spacer=5-10bp;gc_cont=0.315
NZ_QQRL01000010.1:11257-12585|- -            443 1338at2085           -            333  1.9e-109  361.3  27.7   2   2   3.9e-08   4.2e-06   21.5   0.1   300   333   405   442   370   442 0.88 NZ_QQRL01000010.1_11 # 11257 # 12585 # -1 # ID=5_11;partial=00;start_type=TTG;rbs_motif=AGGAG;rbs_spacer=5-10bp;gc_cont=0.315
NZ_QQRL01000001.1:57129-58430|+ -            434 1338at2085           -            333   3.8e-41  136.7   3.5   1   3     4e-18   4.3e-16   54.4   0.8   179   329     5   160     2   162 0.85 NZ_QQRL01000001.1_47 # 57129 # 58430 # 1 # ID=15_47;partial=00;start_type=ATG;rbs_motif=3Base/5BMM;rbs_spacer=13-15bp;gc_cont=0.293
NZ_QQRL01000001.1:57129-58430|+ -            434 1338at2085           -            333   3.8e-41  136.7   3.5   2   3   1.1e-26   1.1e-24   82.6   0.0   176   323   170   316   147   322 0.74 NZ_QQRL01000001.1_47 # 57129 # 58430 # 1 # ID=15_47;partial=00;start_type=ATG;rbs_motif=3Base/5BMM;rbs_spacer=13-15bp;gc_cont=0.293
NZ_QQRL01000001.1:57129-58430|+ -            434 1338at2085           -            333   3.8e-41  136.7   3.5   3   3      0.17        18   -0.2   0.1   264   297   281   316   276   350 0.56 NZ_QQRL01000001.1_47 # 57129 # 58430 # 1 # ID=15_47;partial=00;start_type=ATG;rbs_motif=3Base/5BMM;rbs_spacer=13-15bp;gc_cont=0.293
NZ_QQRL01000021.1:7201-8082|-   -            294 1338at2085           -            333   7.3e-15   50.3   1.2   1   1   1.2e-16   1.3e-14   49.6   1.2   174   267     4    98     1   141 0.78 NZ_QQRL01000021.1_9 # 7201 # 8082 # -1 # ID=17_9;partial=00;start_type=ATG;rbs_motif=None;rbs_spacer=None;gc_cont=0.296
NZ_QQRL01000001.1:77033-77824|+ -            264 1338at2085           -            333   1.6e-09   32.8   0.2   1   1   3.5e-11   3.7e-09   31.6   0.1   151   234    80   164    29   180 0.75 NZ_QQRL01000001.1_64 # 77033 # 77824 # 1 # ID=15_64;partial=00;start_type=ATG;rbs_motif=GGA/GAG/AGG;rbs_spacer=3-4bp;gc_cont=0.265
NZ_QQRL01000014.1:19834-20430|+ -            199 1338at2085           -            333   2.4e-07   25.6   0.3   1   2   5.7e-09   6.2e-07   24.3   0.0   160   212    21    73    16    92 0.89 NZ_QQRL01000014.1_16 # 19834 # 20430 # 1 # ID=9_16;partial=00;start_type=ATG;rbs_motif=None;rbs_spacer=None;gc_cont=0.295
NZ_QQRL01000014.1:19834-20430|+ -            199 1338at2085           -            333   2.4e-07   25.6   0.3   2   2       0.3        32   -1.1   0.2    92    92   161   161    94   196 0.51 NZ_QQRL01000014.1_16 # 19834 # 20430 # 1 # ID=9_16;partial=00;start_type=ATG;rbs_motif=None;rbs_spacer=None;gc_cont=0.295
NZ_QQRL01000001.1:19706-20965|+ -            420 1338at2085           -            333   6.9e-06   20.8   0.2   1   1   1.3e-07   1.4e-05   19.9   0.1   178   307   158   288   150   308 0.77 NZ_QQRL01000001.1_16 # 19706 # 20965 # 1 # ID=15_16;partial=00;start_type=ATG;rbs_motif=AGGA;rbs_spacer=5-10bp;gc_cont=0.310
NZ_QQRL01000030.1:5594-6697|+   -            368 1338at2085           -            333     9e-05   17.2   0.9   1   1   1.7e-05    0.0018   12.9   0.9   177   283     3   128     1   156 0.59 NZ_QQRL01000030.1_7 # 5594 # 6697 # 1 # ID=27_7;partial=00;start_type=ATG;rbs_motif=None;rbs_spacer=None;gc_cont=0.300
#
# Program:         hmmsearch
# Version:         3.4 (Aug 2023)
# Pipeline mode:   SEARCH
# Query file:      /home/lgef/Documentos/GitHub/Project_doctoral/IMPLEMENTACAO/Genomes/M_hyopneumoniae/MHP_ncbi_dataset/ncbi_dataset/data/strains/MHP679/Use/busco_downloads/lineages/mycoplasmatales_odb10/hmms/1338at2085.hmm
# Target file:     /home/lgef/Documentos/GitHub/Project_doctoral/IMPLEMENTACAO/Genomes/M_hyopneumoniae/MHP_ncbi_dataset/ncbi_dataset/data/strains/MHP679/Use/busco_draft/prodigal_output/predicted_genes/predicted.faa
# Option settings: hmmsearch --domtblout /home/lgef/Documentos/GitHub/Project_doctoral/IMPLEMENTACAO/Genomes/M_hyopneumoniae/MHP_ncbi_dataset/ncbi_dataset/data/strains/MHP679/Use/busco_draft/run_mycoplasmatales_odb10/hmmer_output/1338at2085.out --cpu 1 /home/lgef/Documentos/GitHub/Project_doctoral/IMPLEMENTACAO/Genomes/M_hyopneumoniae/MHP_ncbi_dataset/ncbi_dataset/data/strains/MHP679/Use/busco_downloads/lineages/mycoplasmatales_odb10/hmms/1338at2085.hmm /home/lgef/Documentos/GitHub/Project_doctoral/IMPLEMENTACAO/Genomes/M_hyopneumoniae/MHP_ncbi_dataset/ncbi_dataset/data/strains/MHP679/Use/busco_draft/prodigal_output/predicted_genes/predicted.faa 
# Current dir:     /home/lgef/Documentos/GitHub/Project_doctoral/IMPLEMENTACAO/Genomes/M_hyopneumoniae/MHP_ncbi_dataset/ncbi_dataset/data/strains/MHP679/Use
# Date:            Thu Nov 28 19:39:44 2024
# [ok]
