#                                                                                       --- full sequence --- -------------- this domain -------------   hmm coord   ali coord   env coord
# target name                   accession   tlen query name           accession   qlen   E-value  score  bias   #  of  c-Evalue  i-Evalue  score  bias  from    to  from    to  from    to  acc description of target
#           ------------------- ---------- ----- -------------------- ---------- ----- --------- ------ ----- --- --- --------- --------- ------ ----- ----- ----- ----- ----- ----- ----- ---- ---------------------
NZ_QQRL01000001.1:3367-6027|-   -            887 157at2085            -            637  1.6e-233  772.0  38.4   1   4   2.2e-91   4.1e-89  294.9   1.5     1   221    19   274    19   286 0.85 NZ_QQRL01000001.1_6 # 3367 # 6027 # -1 # ID=15_6;partial=00;start_type=ATG;rbs_motif=AGGA;rbs_spacer=5-10bp;gc_cont=0.306
NZ_QQRL01000001.1:3367-6027|-   -            887 157at2085            -            637  1.6e-233  772.0  38.4   2   4  3.5e-132  6.6e-130  429.7   8.2   224   543   303   675   293   680 0.88 NZ_QQRL01000001.1_6 # 3367 # 6027 # -1 # ID=15_6;partial=00;start_type=ATG;rbs_motif=AGGA;rbs_spacer=5-10bp;gc_cont=0.306
NZ_QQRL01000001.1:3367-6027|-   -            887 157at2085            -            637  1.6e-233  772.0  38.4   3   4   2.7e-19     5e-17   56.8  12.4   510   602   669   772   663   840 0.84 NZ_QQRL01000001.1_6 # 3367 # 6027 # -1 # ID=15_6;partial=00;start_type=ATG;rbs_motif=AGGA;rbs_spacer=5-10bp;gc_cont=0.306
NZ_QQRL01000001.1:3367-6027|-   -            887 157at2085            -            637  1.6e-233  772.0  38.4   4   4    0.0076       1.4    2.4   0.2   602   637   828   863   819   863 0.84 NZ_QQRL01000001.1_6 # 3367 # 6027 # -1 # ID=15_6;partial=00;start_type=ATG;rbs_motif=AGGA;rbs_spacer=5-10bp;gc_cont=0.306
NZ_QQRL01000006.1:23224-25692|- -            823 157at2085            -            637   1.2e-44  148.0  33.0   1   2   8.4e-45   1.6e-42  141.0  23.8     8   531    17   586    10   599 0.75 NZ_QQRL01000006.1_21 # 23224 # 25692 # -1 # ID=69_21;partial=00;start_type=ATG;rbs_motif=AGGA;rbs_spacer=5-10bp;gc_cont=0.299
NZ_QQRL01000006.1:23224-25692|- -            823 157at2085            -            637   1.2e-44  148.0  33.0   2   2   0.00017     0.032    7.9   2.8   513   589   593   667   587   719 0.73 NZ_QQRL01000006.1_21 # 23224 # 25692 # -1 # ID=69_21;partial=00;start_type=ATG;rbs_motif=AGGA;rbs_spacer=5-10bp;gc_cont=0.299
NZ_QQRL01000008.1:3184-5556|+   -            791 157at2085            -            637   5.1e-38  126.1   9.2   1   4     5e-15   9.3e-13   42.7   0.0    11   162    17   172    10   179 0.74 NZ_QQRL01000008.1_3 # 3184 # 5556 # 1 # ID=91_3;partial=00;start_type=ATG;rbs_motif=None;rbs_spacer=None;gc_cont=0.306
NZ_QQRL01000008.1:3184-5556|+   -            791 157at2085            -            637   5.1e-38  126.1   9.2   2   4      0.17        32   -2.0   0.0   297   321   180   204   175   231 0.88 NZ_QQRL01000008.1_3 # 3184 # 5556 # 1 # ID=91_3;partial=00;start_type=ATG;rbs_motif=None;rbs_spacer=None;gc_cont=0.306
NZ_QQRL01000008.1:3184-5556|+   -            791 157at2085            -            637   5.1e-38  126.1   9.2   3   4   9.9e-10   1.9e-07   25.2   0.2   320   412   384   481   377   494 0.63 NZ_QQRL01000008.1_3 # 3184 # 5556 # 1 # ID=91_3;partial=00;start_type=ATG;rbs_motif=None;rbs_spacer=None;gc_cont=0.306
NZ_QQRL01000008.1:3184-5556|+   -            791 157at2085            -            637   5.1e-38  126.1   9.2   4   4   1.2e-20   2.2e-18   61.3   1.1   435   607   540   722   496   736 0.75 NZ_QQRL01000008.1_3 # 3184 # 5556 # 1 # ID=91_3;partial=00;start_type=ATG;rbs_motif=None;rbs_spacer=None;gc_cont=0.306
NZ_QQRL01000013.1:15509-17050|- -            514 157at2085            -            637   8.1e-17   56.1   2.6   1   4   2.5e-12   4.7e-10   33.7   0.9    33   164    13   145     2   153 0.74 NZ_QQRL01000013.1_14 # 15509 # 17050 # -1 # ID=8_14;partial=00;start_type=ATG;rbs_motif=GGA/GAG/AGG;rbs_spacer=5-10bp;gc_cont=0.274
NZ_QQRL01000013.1:15509-17050|- -            514 157at2085            -            637   8.1e-17   56.1   2.6   2   4     0.058        11   -0.5   0.2   388   439   217   267   177   274 0.72 NZ_QQRL01000013.1_14 # 15509 # 17050 # -1 # ID=8_14;partial=00;start_type=ATG;rbs_motif=GGA/GAG/AGG;rbs_spacer=5-10bp;gc_cont=0.274
NZ_QQRL01000013.1:15509-17050|- -            514 157at2085            -            637   8.1e-17   56.1   2.6   3   4     3e-11   5.6e-09   30.2   0.0   445   516   294   365   284   386 0.82 NZ_QQRL01000013.1_14 # 15509 # 17050 # -1 # ID=8_14;partial=00;start_type=ATG;rbs_motif=GGA/GAG/AGG;rbs_spacer=5-10bp;gc_cont=0.274
NZ_QQRL01000013.1:15509-17050|- -            514 157at2085            -            637   8.1e-17   56.1   2.6   4   4      0.18        33   -2.1   1.2   518   589   401   480   392   503 0.47 NZ_QQRL01000013.1_14 # 15509 # 17050 # -1 # ID=8_14;partial=00;start_type=ATG;rbs_motif=GGA/GAG/AGG;rbs_spacer=5-10bp;gc_cont=0.274
#
# Program:         hmmsearch
# Version:         3.4 (Aug 2023)
# Pipeline mode:   SEARCH
# Query file:      /home/lgef/Documentos/GitHub/Project_doctoral/IMPLEMENTACAO/Genomes/M_hyopneumoniae/MHP_ncbi_dataset/ncbi_dataset/data/strains/MHP679/Use/busco_downloads/lineages/mycoplasmatales_odb10/hmms/157at2085.hmm
# Target file:     /home/lgef/Documentos/GitHub/Project_doctoral/IMPLEMENTACAO/Genomes/M_hyopneumoniae/MHP_ncbi_dataset/ncbi_dataset/data/strains/MHP679/Use/busco_draft/prodigal_output/predicted_genes/predicted.faa
# Option settings: hmmsearch --domtblout /home/lgef/Documentos/GitHub/Project_doctoral/IMPLEMENTACAO/Genomes/M_hyopneumoniae/MHP_ncbi_dataset/ncbi_dataset/data/strains/MHP679/Use/busco_draft/run_mycoplasmatales_odb10/hmmer_output/157at2085.out --cpu 1 /home/lgef/Documentos/GitHub/Project_doctoral/IMPLEMENTACAO/Genomes/M_hyopneumoniae/MHP_ncbi_dataset/ncbi_dataset/data/strains/MHP679/Use/busco_downloads/lineages/mycoplasmatales_odb10/hmms/157at2085.hmm /home/lgef/Documentos/GitHub/Project_doctoral/IMPLEMENTACAO/Genomes/M_hyopneumoniae/MHP_ncbi_dataset/ncbi_dataset/data/strains/MHP679/Use/busco_draft/prodigal_output/predicted_genes/predicted.faa 
# Current dir:     /home/lgef/Documentos/GitHub/Project_doctoral/IMPLEMENTACAO/Genomes/M_hyopneumoniae/MHP_ncbi_dataset/ncbi_dataset/data/strains/MHP679/Use
# Date:            Thu Nov 28 19:39:45 2024
# [ok]
