#                                                                                       --- full sequence --- -------------- this domain -------------   hmm coord   ali coord   env coord
# target name                   accession   tlen query name           accession   qlen   E-value  score  bias   #  of  c-Evalue  i-Evalue  score  bias  from    to  from    to  from    to  acc description of target
#           ------------------- ---------- ----- -------------------- ---------- ----- --------- ------ ----- --- --- --------- --------- ------ ----- ----- ----- ----- ----- ----- ----- ---- ---------------------
NZ_QQRL01000006.1:23224-25692|- -            823 534at2085            -            678  1.4e-263  871.6  53.8   1   2  6.2e-256  1.2e-253  838.8  45.7    14   657    28   750     1   767 0.85 NZ_QQRL01000006.1_21 # 23224 # 25692 # -1 # ID=69_21;partial=00;start_type=ATG;rbs_motif=AGGA;rbs_spacer=5-10bp;gc_cont=0.299
NZ_QQRL01000006.1:23224-25692|- -            823 534at2085            -            678  1.4e-263  871.6  53.8   2   2   2.6e-11     5e-09   30.4   3.7   628   678   769   819   744   819 0.85 NZ_QQRL01000006.1_21 # 23224 # 25692 # -1 # ID=69_21;partial=00;start_type=ATG;rbs_motif=AGGA;rbs_spacer=5-10bp;gc_cont=0.299
NZ_QQRL01000001.1:3367-6027|-   -            887 534at2085            -            678   2.9e-68  226.1  24.4   1   3   2.1e-26     4e-24   80.3   0.3     7   209    40   248    34   278 0.82 NZ_QQRL01000001.1_6 # 3367 # 6027 # -1 # ID=15_6;partial=00;start_type=ATG;rbs_motif=AGGA;rbs_spacer=5-10bp;gc_cont=0.306
NZ_QQRL01000001.1:3367-6027|-   -            887 534at2085            -            678   2.9e-68  226.1  24.4   2   3   1.4e-20   2.7e-18   61.0   0.2   217   382   293   468   288   478 0.80 NZ_QQRL01000001.1_6 # 3367 # 6027 # -1 # ID=15_6;partial=00;start_type=ATG;rbs_motif=AGGA;rbs_spacer=5-10bp;gc_cont=0.306
NZ_QQRL01000001.1:3367-6027|-   -            887 534at2085            -            678   2.9e-68  226.1  24.4   3   3   5.1e-30   9.7e-28   92.2  11.8   371   597   489   719   476   765 0.79 NZ_QQRL01000001.1_6 # 3367 # 6027 # -1 # ID=15_6;partial=00;start_type=ATG;rbs_motif=AGGA;rbs_spacer=5-10bp;gc_cont=0.306
NZ_QQRL01000008.1:3184-5556|+   -            791 534at2085            -            678   2.1e-38  127.4  19.0   1   6   3.4e-13   6.5e-11   36.6   0.0    14   169    26   171    13   175 0.79 NZ_QQRL01000008.1_3 # 3184 # 5556 # 1 # ID=91_3;partial=00;start_type=ATG;rbs_motif=None;rbs_spacer=None;gc_cont=0.306
NZ_QQRL01000008.1:3184-5556|+   -            791 534at2085            -            678   2.1e-38  127.4  19.0   2   6   7.9e-06    0.0015   12.3   0.2   308   365   177   233   170   238 0.89 NZ_QQRL01000008.1_3 # 3184 # 5556 # 1 # ID=91_3;partial=00;start_type=ATG;rbs_motif=None;rbs_spacer=None;gc_cont=0.306
NZ_QQRL01000008.1:3184-5556|+   -            791 534at2085            -            678   2.1e-38  127.4  19.0   3   6     0.014       2.6    1.6   0.0   176   210   231   266   226   287 0.77 NZ_QQRL01000008.1_3 # 3184 # 5556 # 1 # ID=91_3;partial=00;start_type=ATG;rbs_motif=None;rbs_spacer=None;gc_cont=0.306
NZ_QQRL01000008.1:3184-5556|+   -            791 534at2085            -            678   2.1e-38  127.4  19.0   4   6   9.3e-09   1.7e-06   22.0   0.1   216   300   302   391   295   397 0.86 NZ_QQRL01000008.1_3 # 3184 # 5556 # 1 # ID=91_3;partial=00;start_type=ATG;rbs_motif=None;rbs_spacer=None;gc_cont=0.306
NZ_QQRL01000008.1:3184-5556|+   -            791 534at2085            -            678   2.1e-38  127.4  19.0   5   6   1.8e-05    0.0034   11.1   0.0   359   388   398   427   393   440 0.84 NZ_QQRL01000008.1_3 # 3184 # 5556 # 1 # ID=91_3;partial=00;start_type=ATG;rbs_motif=None;rbs_spacer=None;gc_cont=0.306
NZ_QQRL01000008.1:3184-5556|+   -            791 534at2085            -            678   2.1e-38  127.4  19.0   6   6   1.5e-17   2.8e-15   51.0   4.8   437   595   530   704   500   775 0.75 NZ_QQRL01000008.1_3 # 3184 # 5556 # 1 # ID=91_3;partial=00;start_type=ATG;rbs_motif=None;rbs_spacer=None;gc_cont=0.306
NZ_QQRL01000013.1:15509-17050|- -            514 534at2085            -            678   1.7e-12   41.8  22.6   1   2   6.7e-10   1.3e-07   25.8   2.0    29   153    14   126     2   145 0.78 NZ_QQRL01000013.1_14 # 15509 # 17050 # -1 # ID=8_14;partial=00;start_type=ATG;rbs_motif=GGA/GAG/AGG;rbs_spacer=5-10bp;gc_cont=0.274
NZ_QQRL01000013.1:15509-17050|- -            514 534at2085            -            678   1.7e-12   41.8  22.6   2   2   2.8e-08   5.3e-06   20.4  12.8   312   561   151   392   128   468 0.67 NZ_QQRL01000013.1_14 # 15509 # 17050 # -1 # ID=8_14;partial=00;start_type=ATG;rbs_motif=GGA/GAG/AGG;rbs_spacer=5-10bp;gc_cont=0.274
#
# Program:         hmmsearch
# Version:         3.4 (Aug 2023)
# Pipeline mode:   SEARCH
# Query file:      /home/lgef/Documentos/GitHub/Project_doctoral/IMPLEMENTACAO/Genomes/M_hyopneumoniae/MHP_ncbi_dataset/ncbi_dataset/data/strains/MHP679/Use/busco_downloads/lineages/mycoplasmatales_odb10/hmms/534at2085.hmm
# Target file:     /home/lgef/Documentos/GitHub/Project_doctoral/IMPLEMENTACAO/Genomes/M_hyopneumoniae/MHP_ncbi_dataset/ncbi_dataset/data/strains/MHP679/Use/busco_draft/prodigal_output/predicted_genes/predicted.faa
# Option settings: hmmsearch --domtblout /home/lgef/Documentos/GitHub/Project_doctoral/IMPLEMENTACAO/Genomes/M_hyopneumoniae/MHP_ncbi_dataset/ncbi_dataset/data/strains/MHP679/Use/busco_draft/run_mycoplasmatales_odb10/hmmer_output/534at2085.out --cpu 1 /home/lgef/Documentos/GitHub/Project_doctoral/IMPLEMENTACAO/Genomes/M_hyopneumoniae/MHP_ncbi_dataset/ncbi_dataset/data/strains/MHP679/Use/busco_downloads/lineages/mycoplasmatales_odb10/hmms/534at2085.hmm /home/lgef/Documentos/GitHub/Project_doctoral/IMPLEMENTACAO/Genomes/M_hyopneumoniae/MHP_ncbi_dataset/ncbi_dataset/data/strains/MHP679/Use/busco_draft/prodigal_output/predicted_genes/predicted.faa 
# Current dir:     /home/lgef/Documentos/GitHub/Project_doctoral/IMPLEMENTACAO/Genomes/M_hyopneumoniae/MHP_ncbi_dataset/ncbi_dataset/data/strains/MHP679/Use
# Date:            Thu Nov 28 19:39:47 2024
# [ok]
