A	C	G	T	N	IUPAC	Other	GC	GC_stdev
0.3519	0.1461	0.1434	0.3586	0.0005	0.0000	0.0000	0.2895	0.0258

Main genome scaffold total:         	24
Main genome contig total:           	28
Main genome scaffold sequence total:	752968
Main genome contig sequence total:  	752573  	0.052% gap
Main genome scaffold N/L50:         	1/402310
Main genome contig N/L50:           	2/78713
Main genome scaffold N/L90:         	6/16271
Main genome contig N/L90:           	9/16271
Max scaffold length:                	402310
Max contig length:                  	333791
Number of scaffolds > 50 KB:        	3
% main genome in scaffolds > 50 KB: 	79.37%


Minimum 	Number        	Number        	Total         	Total         	Scaffold
Scaffold	of            	of            	Scaffold      	Contig        	Contig  
Length  	Scaffolds     	Contigs       	Length        	Length        	Coverage
--------	--------------	--------------	--------------	--------------	--------
    All 	            24	            28	        752968	        752573	  99.95%
    100 	            24	            28	        752968	        752573	  99.95%
    250 	            21	            25	        752268	        751873	  99.95%
    500 	            18	            22	        751401	        751006	  99.95%
   1000 	            14	            18	        748038	        747643	  99.95%
   2500 	            12	            16	        744867	        744472	  99.95%
   5000 	            12	            16	        744867	        744472	  99.95%
  10000 	            10	            13	        727211	        726915	  99.96%
  25000 	             4	             7	        646175	        645879	  99.95%
  50000 	             3	             6	        597619	        597323	  99.95%
 100000 	             2	             5	        530903	        530607	  99.94%
 250000 	             1	             2	        402310	        402211	  99.98%

