-------------------------------------
PRODIGAL v2.6.3 [February, 2016]         
Univ of Tenn / Oak Ridge National Lab
Doug Hyatt, Loren Hauser, et al.     
-------------------------------------
Request:  Single Genome, Phase:  Training
Reading in the sequence(s) to train...880848 bp seq created, 28.53 pct GC
Locating all potential starts and stops...26156 nodes
Looking for GC bias in different frames...frame bias scores: 2.35 0.33 0.33
Building initial set of genes to train from...done!
Creating coding model and scoring nodes...done!
Examining upstream regions and training starts...done!
-------------------------------------
Request:  Single Genome, Phase:  Gene Finding
Finding genes in sequence #1 (150146 bp)...done!
Finding genes in sequence #2 (22601 bp)...done!
Finding genes in sequence #3 (20069 bp)...done!
Finding genes in sequence #4 (18447 bp)...done!
Finding genes in sequence #5 (10540 bp)...done!
Finding genes in sequence #6 (9168 bp)...done!
Finding genes in sequence #7 (8630 bp)...done!
Finding genes in sequence #8 (5915 bp)...done!
Finding genes in sequence #9 (5733 bp)...done!
Finding genes in sequence #10 (5676 bp)...done!
Finding genes in sequence #11 (4921 bp)...done!
Finding genes in sequence #12 (149863 bp)...done!
Finding genes in sequence #13 (130138 bp)...done!
Finding genes in sequence #14 (95661 bp)...done!
Finding genes in sequence #15 (91877 bp)...done!
Finding genes in sequence #16 (69780 bp)...done!
Finding genes in sequence #17 (32468 bp)...done!
Finding genes in sequence #18 (25688 bp)...done!
Finding genes in sequence #19 (23299 bp)...done!
