#                                                                                   --- full sequence --- -------------- this domain -------------   hmm coord   ali coord   env coord
# target name               accession   tlen query name           accession   qlen   E-value  score  bias   #  of  c-Evalue  i-Evalue  score  bias  from    to  from    to  from    to  acc description of target
#       ------------------- ---------- ----- -------------------- ---------- ----- --------- ------ ----- --- --- --------- --------- ------ ----- ----- ----- ----- ----- ----- ----- ---- ---------------------
scf00000000:168515-169849|+ -            445 1064at2085           -            350  1.3e-149  493.1  20.1   1   2   3.4e-56   8.3e-55  181.3   0.3     1   110    10   119    10   153 0.89 scf00000000_127 # 168515 # 169849 # 1 # ID=1_127;partial=00;start_type=ATG;rbs_motif=GGA/GAG/AGG;rbs_spacer=11-12bp;gc_cont=0.302
scf00000000:168515-169849|+ -            445 1064at2085           -            350  1.3e-149  493.1  20.1   2   2   3.9e-96   9.5e-95  312.7  16.0   106   349   154   441   130   442 0.84 scf00000000_127 # 168515 # 169849 # 1 # ID=1_127;partial=00;start_type=ATG;rbs_motif=GGA/GAG/AGG;rbs_spacer=11-12bp;gc_cont=0.302
scf00000000:383762-385951|- -            730 1064at2085           -            350     4e-79  261.3   6.4   1   3   9.3e-36   2.3e-34  114.1   0.3     2   122    43   164    42   228 0.78 scf00000000_266 # 383762 # 385951 # -1 # ID=1_266;partial=00;start_type=ATG;rbs_motif=AGGA;rbs_spacer=5-10bp;gc_cont=0.307
scf00000000:383762-385951|- -            730 1064at2085           -            350     4e-79  261.3   6.4   2   3       7.4   1.8e+02   -4.0   5.8   116   176   348   410   315   415 0.66 scf00000000_266 # 383762 # 385951 # -1 # ID=1_266;partial=00;start_type=ATG;rbs_motif=AGGA;rbs_spacer=5-10bp;gc_cont=0.307
scf00000000:383762-385951|- -            730 1064at2085           -            350     4e-79  261.3   6.4   3   3   2.5e-49   6.2e-48  158.7   1.2   106   290   441   626   420   640 0.88 scf00000000_266 # 383762 # 385951 # -1 # ID=1_266;partial=00;start_type=ATG;rbs_motif=AGGA;rbs_spacer=5-10bp;gc_cont=0.307
scf00000000:213977-215515|- -            513 1064at2085           -            350   5.5e-49  162.2  16.5   1   4   5.6e-14   1.4e-12   42.5   0.1     1    98     6   108     6   121 0.84 scf00000000_158 # 213977 # 215515 # -1 # ID=1_158;partial=00;start_type=TTG;rbs_motif=AGGA;rbs_spacer=5-10bp;gc_cont=0.313
scf00000000:213977-215515|- -            513 1064at2085           -            350   5.5e-49  162.2  16.5   2   4   8.5e-20   2.1e-18   61.6   0.7   150   269   116   235   108   246 0.91 scf00000000_158 # 213977 # 215515 # -1 # ID=1_158;partial=00;start_type=TTG;rbs_motif=AGGA;rbs_spacer=5-10bp;gc_cont=0.313
scf00000000:213977-215515|- -            513 1064at2085           -            350   5.5e-49  162.2  16.5   3   4   4.4e-08   1.1e-06   23.1   0.2    12    72   278   340   264   371 0.80 scf00000000_158 # 213977 # 215515 # -1 # ID=1_158;partial=00;start_type=TTG;rbs_motif=AGGA;rbs_spacer=5-10bp;gc_cont=0.313
scf00000000:213977-215515|- -            513 1064at2085           -            350   5.5e-49  162.2  16.5   4   4   1.1e-14   2.6e-13   44.8   1.2   164   262   396   495   376   502 0.84 scf00000000_158 # 213977 # 215515 # -1 # ID=1_158;partial=00;start_type=TTG;rbs_motif=AGGA;rbs_spacer=5-10bp;gc_cont=0.313
scf00000000:368204-369364|- -            387 1064at2085           -            350   9.5e-49  161.4  15.6   1   1   6.7e-50   1.7e-48  160.6  15.6     2   283     8   298     7   366 0.78 scf00000000_256 # 368204 # 369364 # -1 # ID=1_256;partial=00;start_type=ATG;rbs_motif=GGA/GAG/AGG;rbs_spacer=11-12bp;gc_cont=0.251
scf00000000:591110-592441|+ -            444 1064at2085           -            350   5.2e-36  119.5   4.8   1   2   1.1e-11   2.6e-10   35.0   0.5     3   116    45   169    43   184 0.67 scf00000000_461 # 591110 # 592441 # 1 # ID=1_461;partial=00;start_type=ATG;rbs_motif=GGAG/GAGG;rbs_spacer=5-10bp;gc_cont=0.303
scf00000000:591110-592441|+ -            444 1064at2085           -            350   5.2e-36  119.5   4.8   2   2   2.7e-27   6.7e-26   86.2   0.2   121   266   219   368   196   372 0.80 scf00000000_461 # 591110 # 592441 # 1 # ID=1_461;partial=00;start_type=ATG;rbs_motif=GGAG/GAGG;rbs_spacer=5-10bp;gc_cont=0.303
scf00000000:328188-329111|+ -            308 1064at2085           -            350   9.9e-36  118.6   3.6   1   2   1.4e-20   3.4e-19   64.2   0.6     1   112    60   181    60   195 0.78 scf00000000_219 # 328188 # 329111 # 1 # ID=1_219;partial=00;start_type=GTG;rbs_motif=AGGAGG;rbs_spacer=5-10bp;gc_cont=0.340
scf00000000:328188-329111|+ -            308 1064at2085           -            350   9.9e-36  118.6   3.6   2   2   2.8e-18   6.9e-17   56.6   0.2   159   258   179   277   176   285 0.91 scf00000000_219 # 328188 # 329111 # 1 # ID=1_219;partial=00;start_type=GTG;rbs_motif=AGGAGG;rbs_spacer=5-10bp;gc_cont=0.340
scf00000000:462712-463614|+ -            301 1064at2085           -            350     2e-34  114.3   2.5   1   2   1.5e-11   3.6e-10   34.5   1.4     4    66     5    72     2   131 0.78 scf00000000_331 # 462712 # 463614 # 1 # ID=1_331;partial=00;start_type=ATG;rbs_motif=None;rbs_spacer=None;gc_cont=0.309
scf00000000:462712-463614|+ -            301 1064at2085           -            350     2e-34  114.3   2.5   2   2   8.5e-24   2.1e-22   74.8   0.0   151   259   130   238   124   283 0.87 scf00000000_331 # 462712 # 463614 # 1 # ID=1_331;partial=00;start_type=ATG;rbs_motif=None;rbs_spacer=None;gc_cont=0.309
scf00000000:461921-462739|+ -            273 1064at2085           -            350   2.2e-33  110.8   9.8   1   2   7.7e-15   1.9e-13   45.3   1.8     2   102     2   108     1   117 0.85 scf00000000_330 # 461921 # 462739 # 1 # ID=1_330;partial=00;start_type=ATG;rbs_motif=None;rbs_spacer=None;gc_cont=0.289
scf00000000:461921-462739|+ -            273 1064at2085           -            350   2.2e-33  110.8   9.8   2   2   1.5e-22   3.6e-21   70.7   2.1   153   272   112   230   106   261 0.90 scf00000000_330 # 461921 # 462739 # 1 # ID=1_330;partial=00;start_type=ATG;rbs_motif=None;rbs_spacer=None;gc_cont=0.289
scf00000000:728645-730597|- -            651 1064at2085           -            350   5.5e-33  109.6  11.0   1   2   5.3e-19   1.3e-17   59.0   7.0     1   122     1   123     1   125 0.85 scf00000000_561 # 728645 # 730597 # -1 # ID=1_561;partial=00;start_type=ATG;rbs_motif=GGA/GAG/AGG;rbs_spacer=5-10bp;gc_cont=0.243
scf00000000:728645-730597|- -            651 1064at2085           -            350   5.5e-33  109.6  11.0   2   2   1.6e-17   3.8e-16   54.1   0.6   146   259    99   207    93   228 0.85 scf00000000_561 # 728645 # 730597 # -1 # ID=1_561;partial=00;start_type=ATG;rbs_motif=GGA/GAG/AGG;rbs_spacer=5-10bp;gc_cont=0.243
scf00000000:231928-234255|+ -            776 1064at2085           -            350   1.1e-29   98.7  32.3   1   3   7.6e-08   1.9e-06   22.3   2.1     8   100    15   112     5   182 0.80 scf00000000_170 # 231928 # 234255 # 1 # ID=1_170;partial=00;start_type=ATG;rbs_motif=AGxAG;rbs_spacer=5-10bp;gc_cont=0.268
scf00000000:231928-234255|+ -            776 1064at2085           -            350   1.1e-29   98.7  32.3   2   3      0.53        13   -0.2  14.3    61   148   408   495   392   563 0.85 scf00000000_170 # 231928 # 234255 # 1 # ID=1_170;partial=00;start_type=ATG;rbs_motif=AGxAG;rbs_spacer=5-10bp;gc_cont=0.268
scf00000000:231928-234255|+ -            776 1064at2085           -            350   1.1e-29   98.7  32.3   3   3   2.2e-27   5.5e-26   86.5   1.5   114   270   555   709   507   720 0.81 scf00000000_170 # 231928 # 234255 # 1 # ID=1_170;partial=00;start_type=ATG;rbs_motif=AGxAG;rbs_spacer=5-10bp;gc_cont=0.268
scf00000000:730687-733005|- -            773 1064at2085           -            350   2.2e-27   91.1  15.0   1   3   2.4e-17     6e-16   53.5   3.2     1    95     1    93     1   103 0.93 scf00000000_562 # 730687 # 733005 # -1 # ID=1_562;partial=00;start_type=ATG;rbs_motif=None;rbs_spacer=None;gc_cont=0.262
scf00000000:730687-733005|- -            773 1064at2085           -            350   2.2e-27   91.1  15.0   2   3   8.1e-15     2e-13   45.2   1.5   151   268   100   216    93   240 0.84 scf00000000_562 # 730687 # 733005 # -1 # ID=1_562;partial=00;start_type=ATG;rbs_motif=None;rbs_spacer=None;gc_cont=0.262
scf00000000:730687-733005|- -            773 1064at2085           -            350   2.2e-27   91.1  15.0   3   3       4.6   1.1e+02   -3.3   0.1    33    94   548   606   529   612 0.66 scf00000000_562 # 730687 # 733005 # -1 # ID=1_562;partial=00;start_type=ATG;rbs_motif=None;rbs_spacer=None;gc_cont=0.262
scf00000000:230879-231928|+ -            350 1064at2085           -            350   4.4e-27   90.1   0.1   1   2   2.1e-07   5.1e-06   20.9   0.1    15    69    28    85    16    92 0.84 scf00000000_169 # 230879 # 231928 # 1 # ID=1_169;partial=00;start_type=ATG;rbs_motif=AGGAGG;rbs_spacer=5-10bp;gc_cont=0.339
scf00000000:230879-231928|+ -            350 1064at2085           -            350   4.4e-27   90.1   0.1   2   2   1.7e-21   4.2e-20   67.2   0.0   150   271   130   254   123   262 0.91 scf00000000_169 # 230879 # 231928 # 1 # ID=1_169;partial=00;start_type=ATG;rbs_motif=AGGAGG;rbs_spacer=5-10bp;gc_cont=0.339
scf00000000:651519-653045|+ -            509 1064at2085           -            350   1.3e-26   88.5  22.5   1   4   5.7e-13   1.4e-11   39.2   1.1     2   119     8   130     7   145 0.84 scf00000000_509 # 651519 # 653045 # 1 # ID=1_509;partial=00;start_type=ATG;rbs_motif=None;rbs_spacer=None;gc_cont=0.308
scf00000000:651519-653045|+ -            509 1064at2085           -            350   1.3e-26   88.5  22.5   2   4   1.5e-07   3.8e-06   21.3   4.4   138   294    97   262    93   270 0.76 scf00000000_509 # 651519 # 653045 # 1 # ID=1_509;partial=00;start_type=ATG;rbs_motif=None;rbs_spacer=None;gc_cont=0.308
scf00000000:651519-653045|+ -            509 1064at2085           -            350   1.3e-26   88.5  22.5   3   4     0.002     0.049    7.8   0.4    17    70   274   326   261   342 0.84 scf00000000_509 # 651519 # 653045 # 1 # ID=1_509;partial=00;start_type=ATG;rbs_motif=None;rbs_spacer=None;gc_cont=0.308
scf00000000:651519-653045|+ -            509 1064at2085           -            350   1.3e-26   88.5  22.5   4   4   4.2e-12     1e-10   36.3   0.7   150   259   376   486   363   496 0.80 scf00000000_509 # 651519 # 653045 # 1 # ID=1_509;partial=00;start_type=ATG;rbs_motif=None;rbs_spacer=None;gc_cont=0.308
scf00000000:581089-582705|- -            539 1064at2085           -            350   1.1e-25   85.6   5.7   1   5   1.1e-13   2.8e-12   41.5   0.1     1    64     1    64     1    77 0.90 scf00000000_453 # 581089 # 582705 # -1 # ID=1_453;partial=00;start_type=ATG;rbs_motif=AGGA;rbs_spacer=5-10bp;gc_cont=0.321
scf00000000:581089-582705|- -            539 1064at2085           -            350   1.1e-25   85.6   5.7   2   5      0.19       4.6    1.3   0.1   248   282    83   118    79   140 0.81 scf00000000_453 # 581089 # 582705 # -1 # ID=1_453;partial=00;start_type=ATG;rbs_motif=AGGA;rbs_spacer=5-10bp;gc_cont=0.321
scf00000000:581089-582705|- -            539 1064at2085           -            350   1.1e-25   85.6   5.7   3   5     3e-08   7.4e-07   23.6   0.0   172   260   149   233   130   260 0.82 scf00000000_453 # 581089 # 582705 # -1 # ID=1_453;partial=00;start_type=ATG;rbs_motif=AGGA;rbs_spacer=5-10bp;gc_cont=0.321
scf00000000:581089-582705|- -            539 1064at2085           -            350   1.1e-25   85.6   5.7   4   5      0.03      0.74    3.9   0.0    14    60   334   380   321   397 0.88 scf00000000_453 # 581089 # 582705 # -1 # ID=1_453;partial=00;start_type=ATG;rbs_motif=AGGA;rbs_spacer=5-10bp;gc_cont=0.321
scf00000000:581089-582705|- -            539 1064at2085           -            350   1.1e-25   85.6   5.7   5   5   3.9e-05   0.00095   13.4   0.0   173   222   442   491   399   535 0.78 scf00000000_453 # 581089 # 582705 # -1 # ID=1_453;partial=00;start_type=ATG;rbs_motif=AGGA;rbs_spacer=5-10bp;gc_cont=0.321
scf00000000:363478-365790|- -            771 1064at2085           -            350   3.8e-25   83.7  17.0   1   4   4.3e-19     1e-17   59.3   3.0     1   125     1   126     1   128 0.85 scf00000000_252 # 363478 # 365790 # -1 # ID=1_252;partial=00;start_type=ATG;rbs_motif=GGA/GAG/AGG;rbs_spacer=5-10bp;gc_cont=0.281
scf00000000:363478-365790|- -            771 1064at2085           -            350   3.8e-25   83.7  17.0   2   4   7.4e-12   1.8e-10   35.5   0.6   162   255   111   203    97   218 0.81 scf00000000_252 # 363478 # 365790 # -1 # ID=1_252;partial=00;start_type=ATG;rbs_motif=GGA/GAG/AGG;rbs_spacer=5-10bp;gc_cont=0.281
scf00000000:363478-365790|- -            771 1064at2085           -            350   3.8e-25   83.7  17.0   3   4      0.87        22   -0.9   0.2   220   251   234   265   226   271 0.85 scf00000000_252 # 363478 # 365790 # -1 # ID=1_252;partial=00;start_type=ATG;rbs_motif=GGA/GAG/AGG;rbs_spacer=5-10bp;gc_cont=0.281
scf00000000:363478-365790|- -            771 1064at2085           -            350   3.8e-25   83.7  17.0   4   4       1.9        47   -2.0   0.1    84   147   530   594   503   610 0.64 scf00000000_252 # 363478 # 365790 # -1 # ID=1_252;partial=00;start_type=ATG;rbs_motif=GGA/GAG/AGG;rbs_spacer=5-10bp;gc_cont=0.281
scf00000000:589711-591120|+ -            470 1064at2085           -            350   1.5e-23   78.5   4.2   1   3       2.7        65   -2.5   3.4    93   163    59   120    46   136 0.51 scf00000000_460 # 589711 # 591120 # 1 # ID=1_460;partial=00;start_type=ATG;rbs_motif=AGGAG/GGAGG;rbs_spacer=11-12bp;gc_cont=0.325
scf00000000:589711-591120|+ -            470 1064at2085           -            350   1.5e-23   78.5   4.2   2   3   6.7e-07   1.6e-05   19.2   0.1    14   111   140   251   126   268 0.70 scf00000000_460 # 589711 # 591120 # 1 # ID=1_460;partial=00;start_type=ATG;rbs_motif=AGGAG/GGAGG;rbs_spacer=11-12bp;gc_cont=0.325
scf00000000:589711-591120|+ -            470 1064at2085           -            350   1.5e-23   78.5   4.2   3   3   6.7e-22   1.6e-20   68.5   1.0   173   270   271   368   246   374 0.89 scf00000000_460 # 589711 # 591120 # 1 # ID=1_460;partial=00;start_type=ATG;rbs_motif=AGGAG/GGAGG;rbs_spacer=11-12bp;gc_cont=0.325
scf00000000:278647-279363|+ -            239 1064at2085           -            350     4e-23   77.1   4.3   1   2   1.4e-08   3.5e-07   24.7   1.2     2    64     6    69     5    79 0.88 scf00000000_198 # 278647 # 279363 # 1 # ID=1_198;partial=00;start_type=ATG;rbs_motif=AGGA;rbs_spacer=5-10bp;gc_cont=0.257
scf00000000:278647-279363|+ -            239 1064at2085           -            350     4e-23   77.1   4.3   2   2     2e-17     5e-16   53.8   0.1   135   262    92   218    74   233 0.87 scf00000000_198 # 278647 # 279363 # 1 # ID=1_198;partial=00;start_type=ATG;rbs_motif=AGGA;rbs_spacer=5-10bp;gc_cont=0.257
scf00000000:353578-354348|+ -            257 1064at2085           -            350   4.2e-22   73.8   4.0   1   2   5.1e-06   0.00013   16.3   0.4    13    64    23    73     9    87 0.71 scf00000000_240 # 353578 # 354348 # 1 # ID=1_240;partial=00;start_type=ATG;rbs_motif=None;rbs_spacer=None;gc_cont=0.266
scf00000000:353578-354348|+ -            257 1064at2085           -            350   4.2e-22   73.8   4.0   2   2   3.6e-19   8.8e-18   59.5   1.2    83   265    56   240    53   245 0.70 scf00000000_240 # 353578 # 354348 # 1 # ID=1_240;partial=00;start_type=ATG;rbs_motif=None;rbs_spacer=None;gc_cont=0.266
scf00000000:686378-687997|+ -            540 1064at2085           -            350     8e-22   72.8   5.6   1   2   4.3e-12   1.1e-10   36.3   0.8     1    72   336   408   336   424 0.91 scf00000000_529 # 686378 # 687997 # 1 # ID=1_529;partial=00;start_type=ATG;rbs_motif=AGGA;rbs_spacer=5-10bp;gc_cont=0.224
scf00000000:686378-687997|+ -            540 1064at2085           -            350     8e-22   72.8   5.6   2   2   5.4e-13   1.3e-11   39.2   0.5   130   250   417   536   407   539 0.81 scf00000000_529 # 686378 # 687997 # 1 # ID=1_529;partial=00;start_type=ATG;rbs_motif=AGGA;rbs_spacer=5-10bp;gc_cont=0.224
scf00000000:747631-749232|+ -            534 1064at2085           -            350   6.4e-21   69.9   5.1   1   2   9.4e-15   2.3e-13   45.0   1.0     1    71   324   394   324   420 0.94 scf00000000_571 # 747631 # 749232 # 1 # ID=1_571;partial=00;start_type=ATG;rbs_motif=GGAG/GAGG;rbs_spacer=5-10bp;gc_cont=0.258
scf00000000:747631-749232|+ -            534 1064at2085           -            350   6.4e-21   69.9   5.1   2   2   4.4e-09   1.1e-07   26.3   0.2   157   240   427   514   400   520 0.77 scf00000000_571 # 747631 # 749232 # 1 # ID=1_571;partial=00;start_type=ATG;rbs_motif=GGAG/GAGG;rbs_spacer=5-10bp;gc_cont=0.258
scf00000000:117140-119983|- -            948 1064at2085           -            350   2.1e-16   55.0   5.7   1   4    0.0032     0.079    7.1   0.1    15    42    19    46    13    54 0.90 scf00000000_94 # 117140 # 119983 # -1 # ID=1_94;partial=00;start_type=ATG;rbs_motif=None;rbs_spacer=None;gc_cont=0.335
scf00000000:117140-119983|- -            948 1064at2085           -            350   2.1e-16   55.0   5.7   2   4   3.8e-07   9.4e-06   20.0   0.0   154   243   468   558   445   592 0.82 scf00000000_94 # 117140 # 119983 # -1 # ID=1_94;partial=00;start_type=ATG;rbs_motif=None;rbs_spacer=None;gc_cont=0.335
scf00000000:117140-119983|- -            948 1064at2085           -            350   2.1e-16   55.0   5.7   3   4   3.4e-06   8.3e-05   16.9   0.2    14    47   625   658   618   681 0.85 scf00000000_94 # 117140 # 119983 # -1 # ID=1_94;partial=00;start_type=ATG;rbs_motif=None;rbs_spacer=None;gc_cont=0.335
scf00000000:117140-119983|- -            948 1064at2085           -            350   2.1e-16   55.0   5.7   4   4   0.00028     0.007   10.5   0.0   174   250   829   906   811   935 0.76 scf00000000_94 # 117140 # 119983 # -1 # ID=1_94;partial=00;start_type=ATG;rbs_motif=None;rbs_spacer=None;gc_cont=0.335
scf00000000:684759-686369|+ -            537 1064at2085           -            350   5.3e-14   47.1   5.8   1   2   5.6e-11   1.4e-09   32.6   2.2     2   127   334   462   333   464 0.79 scf00000000_528 # 684759 # 686369 # 1 # ID=1_528;partial=00;start_type=ATG;rbs_motif=None;rbs_spacer=None;gc_cont=0.187
scf00000000:684759-686369|+ -            537 1064at2085           -            350   5.3e-14   47.1   5.8   2   2     2e-06     5e-05   17.6   0.4   170   250   456   534   421   536 0.71 scf00000000_528 # 684759 # 686369 # 1 # ID=1_528;partial=00;start_type=ATG;rbs_motif=None;rbs_spacer=None;gc_cont=0.187
scf00000000:746040-747647|+ -            536 1064at2085           -            350   1.2e-12   42.6  10.8   1   4       6.5   1.6e+02   -3.8   0.0   207   225    77    96    55    98 0.59 scf00000000_570 # 746040 # 747647 # 1 # ID=1_570;partial=00;start_type=ATG;rbs_motif=AGGAG;rbs_spacer=3-4bp;gc_cont=0.251
scf00000000:746040-747647|+ -            536 1064at2085           -            350   1.2e-12   42.6  10.8   2   4      0.56        14   -0.3   0.3   126   155   211   242   183   255 0.78 scf00000000_570 # 746040 # 747647 # 1 # ID=1_570;partial=00;start_type=ATG;rbs_motif=AGGAG;rbs_spacer=3-4bp;gc_cont=0.251
scf00000000:746040-747647|+ -            536 1064at2085           -            350   1.2e-12   42.6  10.8   3   4   4.5e-12   1.1e-10   36.2   1.1     2    78   327   406   326   425 0.80 scf00000000_570 # 746040 # 747647 # 1 # ID=1_570;partial=00;start_type=ATG;rbs_motif=AGGAG;rbs_spacer=3-4bp;gc_cont=0.251
scf00000000:746040-747647|+ -            536 1064at2085           -            350   1.2e-12   42.6  10.8   4   4   0.00015    0.0038   11.4   0.0   169   241   445   514   423   528 0.78 scf00000000_570 # 746040 # 747647 # 1 # ID=1_570;partial=00;start_type=ATG;rbs_motif=AGGAG;rbs_spacer=3-4bp;gc_cont=0.251
scf00000000:681405-681884|+ -            160 1064at2085           -            350   2.1e-12   41.8   3.7   1   1   2.3e-13   5.6e-12   40.4   3.7   113   240    20   144     6   155 0.69 scf00000000_526 # 681405 # 681884 # 1 # ID=1_526;partial=00;start_type=TTG;rbs_motif=None;rbs_spacer=None;gc_cont=0.210
scf00000000:545177-547216|- -            680 1064at2085           -            350   7.7e-11   36.7   1.8   1   2   5.5e-06   0.00014   16.2   0.3     2    92   470   559   469   563 0.77 scf00000000_407 # 545177 # 547216 # -1 # ID=1_407;partial=00;start_type=ATG;rbs_motif=None;rbs_spacer=None;gc_cont=0.246
scf00000000:545177-547216|- -            680 1064at2085           -            350   7.7e-11   36.7   1.8   2   2   7.6e-07   1.9e-05   19.0   0.1   165   239   589   661   559   669 0.87 scf00000000_407 # 545177 # 547216 # -1 # ID=1_407;partial=00;start_type=ATG;rbs_motif=None;rbs_spacer=None;gc_cont=0.246
#
# Program:         hmmsearch
# Version:         3.1b2 (February 2015)
# Pipeline mode:   SEARCH
# Query file:      /home/lgef/Documentos/GitHub/Project_doctoral/IMPLEMENTACAO/Genomes/M_flocculare/MFC_ncbi_dataset/ncbi_dataset/data/strains/MF11/Use/busco_downloads/lineages/mycoplasmatales_odb10/hmms/1064at2085.hmm
# Target file:     /home/lgef/Documentos/GitHub/Project_doctoral/IMPLEMENTACAO/Genomes/M_flocculare/MFC_ncbi_dataset/ncbi_dataset/data/strains/MF11/Use/busco_complete/prodigal_output/predicted_genes/predicted.faa
# Option settings: hmmsearch --domtblout /home/lgef/Documentos/GitHub/Project_doctoral/IMPLEMENTACAO/Genomes/M_flocculare/MFC_ncbi_dataset/ncbi_dataset/data/strains/MF11/Use/busco_complete/run_mycoplasmatales_odb10/hmmer_output/1064at2085.out --cpu 1 /home/lgef/Documentos/GitHub/Project_doctoral/IMPLEMENTACAO/Genomes/M_flocculare/MFC_ncbi_dataset/ncbi_dataset/data/strains/MF11/Use/busco_downloads/lineages/mycoplasmatales_odb10/hmms/1064at2085.hmm /home/lgef/Documentos/GitHub/Project_doctoral/IMPLEMENTACAO/Genomes/M_flocculare/MFC_ncbi_dataset/ncbi_dataset/data/strains/MF11/Use/busco_complete/prodigal_output/predicted_genes/predicted.faa 
# Current dir:     /home/lgef/Documentos/GitHub/Project_doctoral/IMPLEMENTACAO/Genomes/M_flocculare/MFC_ncbi_dataset/ncbi_dataset/data/strains/MF11/Use
# Date:            Fri Nov 29 12:33:22 2024
# [ok]
