#                                                                                   --- full sequence --- -------------- this domain -------------   hmm coord   ali coord   env coord
# target name               accession   tlen query name           accession   qlen   E-value  score  bias   #  of  c-Evalue  i-Evalue  score  bias  from    to  from    to  from    to  acc description of target
#       ------------------- ---------- ----- -------------------- ---------- ----- --------- ------ ----- --- --- --------- --------- ------ ----- ----- ----- ----- ----- ----- ----- ---- ---------------------
scf00000000:579718-581046|- -            443 1338at2085           -            333  4.2e-107  353.3  29.8   1   2  5.5e-101   4.8e-99  326.8  24.9     1   285     4   331     4   367 0.79 scf00000000_452 # 579718 # 581046 # -1 # ID=1_452;partial=00;start_type=TTG;rbs_motif=AGGAG;rbs_spacer=5-10bp;gc_cont=0.312
scf00000000:579718-581046|- -            443 1338at2085           -            333  4.2e-107  353.3  29.8   2   2   6.9e-09   6.1e-07   24.0   0.4   299   333   404   442   358   442 0.78 scf00000000_452 # 579718 # 581046 # -1 # ID=1_452;partial=00;start_type=TTG;rbs_motif=AGGAG;rbs_spacer=5-10bp;gc_cont=0.312
scf00000000:94561-95874|+   -            438 1338at2085           -            333   2.8e-40  133.6  14.3   1   2   4.4e-18   3.9e-16   54.3   3.7   179   329     5   160     2   164 0.85 scf00000000_75 # 94561 # 95874 # 1 # ID=1_75;partial=00;start_type=ATG;rbs_motif=None;rbs_spacer=None;gc_cont=0.300
scf00000000:94561-95874|+   -            438 1338at2085           -            333   2.8e-40  133.6  14.3   2   2   1.5e-26   1.3e-24   82.1   4.9   168   268   162   266   151   347 0.80 scf00000000_75 # 94561 # 95874 # 1 # ID=1_75;partial=00;start_type=ATG;rbs_motif=None;rbs_spacer=None;gc_cont=0.300
scf00000000:543069-543950|- -            294 1338at2085           -            333   7.9e-15   50.0   3.8   1   2     9e-17   7.9e-15   50.0   3.8   177   295     7   125     2   161 0.84 scf00000000_403 # 543069 # 543950 # -1 # ID=1_403;partial=00;start_type=ATG;rbs_motif=None;rbs_spacer=None;gc_cont=0.285
scf00000000:543069-543950|- -            294 1338at2085           -            333   7.9e-15   50.0   3.8   2   2      0.83        73   -2.5   0.1   187   219   233   265   211   275 0.64 scf00000000_403 # 543069 # 543950 # -1 # ID=1_403;partial=00;start_type=ATG;rbs_motif=None;rbs_spacer=None;gc_cont=0.285
scf00000000:115038-115829|+ -            264 1338at2085           -            333   4.8e-09   30.9   0.3   1   2      0.67        59   -2.2   0.1   122   271    26    48     6    71 0.55 scf00000000_92 # 115038 # 115829 # 1 # ID=1_92;partial=00;start_type=ATG;rbs_motif=None;rbs_spacer=None;gc_cont=0.264
scf00000000:115038-115829|+ -            264 1338at2085           -            333   4.8e-09   30.9   0.3   2   2   5.5e-11   4.8e-09   30.9   0.3   168   249   100   179    75   247 0.80 scf00000000_92 # 115038 # 115829 # 1 # ID=1_92;partial=00;start_type=ATG;rbs_motif=None;rbs_spacer=None;gc_cont=0.264
scf00000000:292219-292749|+ -            177 1338at2085           -            333   1.6e-08   29.2   0.0   1   1   2.6e-10   2.2e-08   28.7   0.0   165   212     4    51     1   108 0.86 scf00000000_207 # 292219 # 292749 # 1 # ID=1_207;partial=00;start_type=ATG;rbs_motif=None;rbs_spacer=None;gc_cont=0.320
scf00000000:539731-540588|- -            286 1338at2085           -            333   3.2e-06   21.7   1.4   1   1   5.2e-08   4.5e-06   21.2   0.9   164   254   141   234   107   240 0.74 scf00000000_399 # 539731 # 540588 # -1 # ID=1_399;partial=00;start_type=ATG;rbs_motif=None;rbs_spacer=None;gc_cont=0.272
scf00000000:331628-332731|- -            368 1338at2085           -            333     4e-06   21.3   1.4   1   1   5.1e-07   4.5e-05   17.9   1.3   177   286     3   131     1   155 0.71 scf00000000_222 # 331628 # 332731 # -1 # ID=1_222;partial=00;start_type=ATG;rbs_motif=None;rbs_spacer=None;gc_cont=0.338
#
# Program:         hmmsearch
# Version:         3.1b2 (February 2015)
# Pipeline mode:   SEARCH
# Query file:      /home/lgef/Documentos/GitHub/Project_doctoral/IMPLEMENTACAO/Genomes/M_flocculare/MFC_ncbi_dataset/ncbi_dataset/data/strains/MF11/Use/busco_downloads/lineages/mycoplasmatales_odb10/hmms/1338at2085.hmm
# Target file:     /home/lgef/Documentos/GitHub/Project_doctoral/IMPLEMENTACAO/Genomes/M_flocculare/MFC_ncbi_dataset/ncbi_dataset/data/strains/MF11/Use/busco_complete/prodigal_output/predicted_genes/predicted.faa
# Option settings: hmmsearch --domtblout /home/lgef/Documentos/GitHub/Project_doctoral/IMPLEMENTACAO/Genomes/M_flocculare/MFC_ncbi_dataset/ncbi_dataset/data/strains/MF11/Use/busco_complete/run_mycoplasmatales_odb10/hmmer_output/1338at2085.out --cpu 1 /home/lgef/Documentos/GitHub/Project_doctoral/IMPLEMENTACAO/Genomes/M_flocculare/MFC_ncbi_dataset/ncbi_dataset/data/strains/MF11/Use/busco_downloads/lineages/mycoplasmatales_odb10/hmms/1338at2085.hmm /home/lgef/Documentos/GitHub/Project_doctoral/IMPLEMENTACAO/Genomes/M_flocculare/MFC_ncbi_dataset/ncbi_dataset/data/strains/MF11/Use/busco_complete/prodigal_output/predicted_genes/predicted.faa 
# Current dir:     /home/lgef/Documentos/GitHub/Project_doctoral/IMPLEMENTACAO/Genomes/M_flocculare/MFC_ncbi_dataset/ncbi_dataset/data/strains/MF11/Use
# Date:            Fri Nov 29 12:33:23 2024
# [ok]
