#                                                                                   --- full sequence --- -------------- this domain -------------   hmm coord   ali coord   env coord
# target name               accession   tlen query name           accession   qlen   E-value  score  bias   #  of  c-Evalue  i-Evalue  score  bias  from    to  from    to  from    to  acc description of target
#       ------------------- ---------- ----- -------------------- ---------- ----- --------- ------ ----- --- --- --------- --------- ------ ----- ----- ----- ----- ----- ----- ----- ---- ---------------------
scf00000000:361469-362128|+ -            220 1529at2085           -            392   4.2e-73  241.8   2.5   1   1   4.3e-75   5.2e-73  241.5   2.5     1   166    16   185    16   191 0.95 scf00000000_249 # 361469 # 362128 # 1 # ID=1_249;partial=00;start_type=ATG;rbs_motif=None;rbs_spacer=None;gc_cont=0.311
scf00000000:362187-362975|+ -            263 1529at2085           -            392   1.5e-60  200.4  10.5   1   2   3.4e-54   4.2e-52  172.6   3.2   208   346     1   160     1   173 0.83 scf00000000_250 # 362187 # 362975 # 1 # ID=1_250;partial=00;start_type=ATG;rbs_motif=None;rbs_spacer=None;gc_cont=0.308
scf00000000:362187-362975|+ -            263 1529at2085           -            392   1.5e-60  200.4  10.5   2   2   1.2e-09   1.4e-07   26.0   1.7   320   386   157   231   152   235 0.77 scf00000000_250 # 362187 # 362975 # 1 # ID=1_250;partial=00;start_type=ATG;rbs_motif=None;rbs_spacer=None;gc_cont=0.308
scf00000000:637178-638917|- -            580 1529at2085           -            392   4.4e-07   24.4   2.0   1   2     4e-07   4.9e-05   17.7   0.2    39   162   206   329   165   371 0.77 scf00000000_498 # 637178 # 638917 # -1 # ID=1_498;partial=00;start_type=ATG;rbs_motif=None;rbs_spacer=None;gc_cont=0.299
scf00000000:637178-638917|- -            580 1529at2085           -            392   4.4e-07   24.4   2.0   2   2    0.0016      0.19    5.8   0.1   289   344   512   565   482   574 0.82 scf00000000_498 # 637178 # 638917 # -1 # ID=1_498;partial=00;start_type=ATG;rbs_motif=None;rbs_spacer=None;gc_cont=0.299
scf00000000:451871-453112|+ -            414 1529at2085           -            392   4.8e-07   24.3   0.0   1   1   6.2e-09   7.6e-07   23.6   0.0   100   246   222   377   159   397 0.76 scf00000000_318 # 451871 # 453112 # 1 # ID=1_318;partial=00;start_type=ATG;rbs_motif=None;rbs_spacer=None;gc_cont=0.333
scf00000000:72532-73899|+   -            456 1529at2085           -            392   1.2e-06   23.0   2.8   1   2   2.7e-06   0.00034   14.9   1.5    82   167   143   232   104   253 0.76 scf00000000_62 # 72532 # 73899 # 1 # ID=1_62;partial=00;start_type=ATG;rbs_motif=GGA/GAG/AGG;rbs_spacer=5-10bp;gc_cont=0.300
scf00000000:72532-73899|+   -            456 1529at2085           -            392   1.2e-06   23.0   2.8   2   2   0.00062     0.076    7.2   0.0   294   338   393   437   359   444 0.86 scf00000000_62 # 72532 # 73899 # 1 # ID=1_62;partial=00;start_type=ATG;rbs_motif=GGA/GAG/AGG;rbs_spacer=5-10bp;gc_cont=0.300
#
# Program:         hmmsearch
# Version:         3.1b2 (February 2015)
# Pipeline mode:   SEARCH
# Query file:      /home/lgef/Documentos/GitHub/Project_doctoral/IMPLEMENTACAO/Genomes/M_flocculare/MFC_ncbi_dataset/ncbi_dataset/data/strains/MF11/Use/busco_downloads/lineages/mycoplasmatales_odb10/hmms/1529at2085.hmm
# Target file:     /home/lgef/Documentos/GitHub/Project_doctoral/IMPLEMENTACAO/Genomes/M_flocculare/MFC_ncbi_dataset/ncbi_dataset/data/strains/MF11/Use/busco_complete/prodigal_output/predicted_genes/predicted.faa
# Option settings: hmmsearch --domtblout /home/lgef/Documentos/GitHub/Project_doctoral/IMPLEMENTACAO/Genomes/M_flocculare/MFC_ncbi_dataset/ncbi_dataset/data/strains/MF11/Use/busco_complete/run_mycoplasmatales_odb10/hmmer_output/1529at2085.out --cpu 1 /home/lgef/Documentos/GitHub/Project_doctoral/IMPLEMENTACAO/Genomes/M_flocculare/MFC_ncbi_dataset/ncbi_dataset/data/strains/MF11/Use/busco_downloads/lineages/mycoplasmatales_odb10/hmms/1529at2085.hmm /home/lgef/Documentos/GitHub/Project_doctoral/IMPLEMENTACAO/Genomes/M_flocculare/MFC_ncbi_dataset/ncbi_dataset/data/strains/MF11/Use/busco_complete/prodigal_output/predicted_genes/predicted.faa 
# Current dir:     /home/lgef/Documentos/GitHub/Project_doctoral/IMPLEMENTACAO/Genomes/M_flocculare/MFC_ncbi_dataset/ncbi_dataset/data/strains/MF11/Use
# Date:            Fri Nov 29 12:33:23 2024
# [ok]
