#                                                                                   --- full sequence --- -------------- this domain -------------   hmm coord   ali coord   env coord
# target name               accession   tlen query name           accession   qlen   E-value  score  bias   #  of  c-Evalue  i-Evalue  score  bias  from    to  from    to  from    to  acc description of target
#       ------------------- ---------- ----- -------------------- ---------- ----- --------- ------ ----- --- --- --------- --------- ------ ----- ----- ----- ----- ----- ----- ----- ---- ---------------------
scf00000000:415804-417348|+ -            515 913at2085            -            397  3.7e-133  439.6  31.9   1   2  1.5e-124  2.3e-122  404.1  20.7     2   314     3   375     2   383 0.85 scf00000000_292 # 415804 # 417348 # 1 # ID=1_292;partial=00;start_type=ATG;rbs_motif=GGA/GAG/AGG;rbs_spacer=5-10bp;gc_cont=0.274
scf00000000:415804-417348|+ -            515 913at2085            -            397  3.7e-133  439.6  31.9   2   2   2.8e-13   4.4e-11   37.6   3.3   307   385   402   484   391   500 0.82 scf00000000_292 # 415804 # 417348 # 1 # ID=1_292;partial=00;start_type=ATG;rbs_motif=GGA/GAG/AGG;rbs_spacer=5-10bp;gc_cont=0.274
scf00000000:708194-710566|- -            791 913at2085            -            397   4.1e-20   67.4   1.4   1   2   5.4e-12   8.2e-10   33.4   0.0     1   166    28   205    28   215 0.82 scf00000000_547 # 708194 # 710566 # -1 # ID=1_547;partial=00;start_type=ATG;rbs_motif=None;rbs_spacer=None;gc_cont=0.303
scf00000000:708194-710566|- -            791 913at2085            -            397   4.1e-20   67.4   1.4   2   2   1.2e-11   1.8e-09   32.3   0.7   238   343   547   650   513   693 0.79 scf00000000_547 # 708194 # 710566 # -1 # ID=1_547;partial=00;start_type=ATG;rbs_motif=None;rbs_spacer=None;gc_cont=0.303
scf00000000:40819-43479|-   -            887 913at2085            -            397   8.4e-15   49.9   5.3   1   6   2.6e-12     4e-10   34.5   0.2    12   132    61   198    59   226 0.69 scf00000000_34 # 40819 # 43479 # -1 # ID=1_34;partial=00;start_type=ATG;rbs_motif=AGGA;rbs_spacer=5-10bp;gc_cont=0.297
scf00000000:40819-43479|-   -            887 913at2085            -            397   8.4e-15   49.9   5.3   2   6      0.19        28   -1.3   0.2   159   188   433   461   401   464 0.63 scf00000000_34 # 40819 # 43479 # -1 # ID=1_34;partial=00;start_type=ATG;rbs_motif=AGGA;rbs_spacer=5-10bp;gc_cont=0.297
scf00000000:40819-43479|-   -            887 913at2085            -            397   8.4e-15   49.9   5.3   3   6       1.4   2.2e+02   -4.2   0.0   183   205   511   532   508   535 0.77 scf00000000_34 # 40819 # 43479 # -1 # ID=1_34;partial=00;start_type=ATG;rbs_motif=AGGA;rbs_spacer=5-10bp;gc_cont=0.297
scf00000000:40819-43479|-   -            887 913at2085            -            397   8.4e-15   49.9   5.3   4   6     7e-10   1.1e-07   26.5   0.9   238   308   571   647   563   675 0.76 scf00000000_34 # 40819 # 43479 # -1 # ID=1_34;partial=00;start_type=ATG;rbs_motif=AGGA;rbs_spacer=5-10bp;gc_cont=0.297
scf00000000:40819-43479|-   -            887 913at2085            -            397   8.4e-15   49.9   5.3   5   6      0.27        41   -1.8  10.7   265   386   635   762   626   776 0.65 scf00000000_34 # 40819 # 43479 # -1 # ID=1_34;partial=00;start_type=ATG;rbs_motif=AGGA;rbs_spacer=5-10bp;gc_cont=0.297
scf00000000:40819-43479|-   -            887 913at2085            -            397   8.4e-15   49.9   5.3   6   6       0.1        16   -0.4   0.3   119   155   764   798   755   812 0.71 scf00000000_34 # 40819 # 43479 # -1 # ID=1_34;partial=00;start_type=ATG;rbs_motif=AGGA;rbs_spacer=5-10bp;gc_cont=0.297
scf00000000:7308-9779|+     -            824 913at2085            -            397   2.7e-14   48.2  20.9   1   3   5.8e-10   8.9e-08   26.7   2.1     2   136    32   186    31   218 0.65 scf00000000_6 # 7308 # 9779 # 1 # ID=1_6;partial=00;start_type=ATG;rbs_motif=GGA/GAG/AGG;rbs_spacer=5-10bp;gc_cont=0.286
scf00000000:7308-9779|+     -            824 913at2085            -            397   2.7e-14   48.2  20.9   2   3      0.08        12   -0.1   2.1   269   358   262   369   225   396 0.66 scf00000000_6 # 7308 # 9779 # 1 # ID=1_6;partial=00;start_type=ATG;rbs_motif=GGA/GAG/AGG;rbs_spacer=5-10bp;gc_cont=0.286
scf00000000:7308-9779|+     -            824 913at2085            -            397   2.7e-14   48.2  20.9   3   3   6.9e-11   1.1e-08   29.8   1.7   233   340   490   606   466   654 0.80 scf00000000_6 # 7308 # 9779 # 1 # ID=1_6;partial=00;start_type=ATG;rbs_motif=GGA/GAG/AGG;rbs_spacer=5-10bp;gc_cont=0.286
#
# Program:         hmmsearch
# Version:         3.1b2 (February 2015)
# Pipeline mode:   SEARCH
# Query file:      /home/lgef/Documentos/GitHub/Project_doctoral/IMPLEMENTACAO/Genomes/M_flocculare/MFC_ncbi_dataset/ncbi_dataset/data/strains/MF11/Use/busco_downloads/lineages/mycoplasmatales_odb10/hmms/913at2085.hmm
# Target file:     /home/lgef/Documentos/GitHub/Project_doctoral/IMPLEMENTACAO/Genomes/M_flocculare/MFC_ncbi_dataset/ncbi_dataset/data/strains/MF11/Use/busco_complete/prodigal_output/predicted_genes/predicted.faa
# Option settings: hmmsearch --domtblout /home/lgef/Documentos/GitHub/Project_doctoral/IMPLEMENTACAO/Genomes/M_flocculare/MFC_ncbi_dataset/ncbi_dataset/data/strains/MF11/Use/busco_complete/run_mycoplasmatales_odb10/hmmer_output/913at2085.out --cpu 1 /home/lgef/Documentos/GitHub/Project_doctoral/IMPLEMENTACAO/Genomes/M_flocculare/MFC_ncbi_dataset/ncbi_dataset/data/strains/MF11/Use/busco_downloads/lineages/mycoplasmatales_odb10/hmms/913at2085.hmm /home/lgef/Documentos/GitHub/Project_doctoral/IMPLEMENTACAO/Genomes/M_flocculare/MFC_ncbi_dataset/ncbi_dataset/data/strains/MF11/Use/busco_complete/prodigal_output/predicted_genes/predicted.faa 
# Current dir:     /home/lgef/Documentos/GitHub/Project_doctoral/IMPLEMENTACAO/Genomes/M_flocculare/MFC_ncbi_dataset/ncbi_dataset/data/strains/MF11/Use
# Date:            Fri Nov 29 12:33:27 2024
# [ok]
