#                                                                                         --- full sequence --- -------------- this domain -------------   hmm coord   ali coord   env coord
# target name                     accession   tlen query name           accession   qlen   E-value  score  bias   #  of  c-Evalue  i-Evalue  score  bias  from    to  from    to  from    to  acc description of target
#             ------------------- ---------- ----- -------------------- ---------- ----- --------- ------ ----- --- --- --------- --------- ------ ----- ----- ----- ----- ----- ----- ----- ---- ---------------------
NZ_QQRO01000001.1:94600-95913|+   -            438 1140at2085           -            348    2e-120  396.9  19.8   1   1  5.1e-122  3.8e-120  396.0  19.8     1   347     5   430     5   431 0.87 NZ_QQRO01000001.1_75 # 94600 # 95913 # 1 # ID=10_75;partial=00;start_type=ATG;rbs_motif=None;rbs_spacer=None;gc_cont=0.300
NZ_QQRO01000002.1:44150-45478|-   -            443 1140at2085           -            348   3.2e-20   67.4   7.9   1   1     2e-21   1.5e-19   65.2   7.9   130   274   217   362   209   396 0.71 NZ_QQRO01000002.1_57 # 44150 # 45478 # -1 # ID=21_57;partial=00;start_type=TTG;rbs_motif=AGGAG;rbs_spacer=5-10bp;gc_cont=0.312
NZ_QQRO01000002.1:7474-8355|-     -            294 1140at2085           -            348   2.7e-13   44.6   3.0   1   2   3.6e-15   2.7e-13   44.6   3.0     1   102     9   123     9   132 0.77 NZ_QQRO01000002.1_9 # 7474 # 8355 # -1 # ID=21_9;partial=00;start_type=ATG;rbs_motif=None;rbs_spacer=None;gc_cont=0.285
NZ_QQRO01000002.1:7474-8355|-     -            294 1140at2085           -            348   2.7e-13   44.6   3.0   2   2     0.026         2    2.3   2.0   214   276   108   168   105   241 0.78 NZ_QQRO01000002.1_9 # 7474 # 8355 # -1 # ID=21_9;partial=00;start_type=ATG;rbs_motif=None;rbs_spacer=None;gc_cont=0.285
NZ_QQRO01000001.1:292434-292964|+ -            177 1140at2085           -            348   1.2e-08   29.3   0.7   1   1   3.3e-10   2.4e-08   28.3   0.7   130   272    16   174     6   176 0.54 NZ_QQRO01000001.1_208 # 292434 # 292964 # 1 # ID=10_208;partial=00;start_type=ATG;rbs_motif=None;rbs_spacer=None;gc_cont=0.324
NZ_QQRO01000001.1:115075-115866|+ -            264 1140at2085           -            348   5.5e-07   23.8   3.7   1   2      0.15        11   -0.2   2.2   204   250    16    73     4   112 0.50 NZ_QQRO01000001.1_92 # 115075 # 115866 # 1 # ID=10_92;partial=00;start_type=ATG;rbs_motif=None;rbs_spacer=None;gc_cont=0.264
NZ_QQRO01000001.1:115075-115866|+ -            264 1140at2085           -            348   5.5e-07   23.8   3.7   2   2   1.1e-08   8.1e-07   23.3   0.0     2    54   114   167   106   210 0.59 NZ_QQRO01000001.1_92 # 115075 # 115866 # 1 # ID=10_92;partial=00;start_type=ATG;rbs_motif=None;rbs_spacer=None;gc_cont=0.264
NZ_QQRO01000001.1:57129-58388|+   -            420 1140at2085           -            348   4.2e-05   17.7   8.7   1   2   3.9e-06   0.00029   14.9   0.1   128   158   155   185   122   197 0.82 NZ_QQRO01000001.1_44 # 57129 # 58388 # 1 # ID=10_44;partial=00;start_type=ATG;rbs_motif=AGGA;rbs_spacer=5-10bp;gc_cont=0.296
NZ_QQRO01000001.1:57129-58388|+   -            420 1140at2085           -            348   4.2e-05   17.7   8.7   2   2     0.003      0.22    5.4   3.6   220   278   271   330   260   380 0.75 NZ_QQRO01000001.1_44 # 57129 # 58388 # 1 # ID=10_44;partial=00;start_type=ATG;rbs_motif=AGGA;rbs_spacer=5-10bp;gc_cont=0.296
NZ_QQRO01000002.1:4136-4993|-     -            286 1140at2085           -            348   7.5e-05   16.8   0.3   1   2     0.042       3.1    1.6   0.9   180   274    60   151    44   155 0.61 NZ_QQRO01000002.1_5 # 4136 # 4993 # -1 # ID=21_5;partial=00;start_type=ATG;rbs_motif=None;rbs_spacer=None;gc_cont=0.272
NZ_QQRO01000002.1:4136-4993|-     -            286 1140at2085           -            348   7.5e-05   16.8   0.3   2   2     1e-06   7.5e-05   16.8   0.3   107   179   130   213   122   223 0.64 NZ_QQRO01000002.1_5 # 4136 # 4993 # -1 # ID=21_5;partial=00;start_type=ATG;rbs_motif=None;rbs_spacer=None;gc_cont=0.272
NZ_QQRO01000001.1:331717-332820|- -            368 1140at2085           -            348    0.0002   15.4   0.0   1   4   2.7e-06    0.0002   15.4   0.0   129   185     2    58     1    82 0.83 NZ_QQRO01000001.1_222 # 331717 # 332820 # -1 # ID=10_222;partial=00;start_type=ATG;rbs_motif=None;rbs_spacer=None;gc_cont=0.338
NZ_QQRO01000001.1:331717-332820|- -            368 1140at2085           -            348    0.0002   15.4   0.0   2   4      0.64        47   -2.3   0.1    75   104    90   121    86   134 0.76 NZ_QQRO01000001.1_222 # 331717 # 332820 # -1 # ID=10_222;partial=00;start_type=ATG;rbs_motif=None;rbs_spacer=None;gc_cont=0.338
NZ_QQRO01000001.1:331717-332820|- -            368 1140at2085           -            348    0.0002   15.4   0.0   3   4      0.76        57   -2.5   0.1   265   299   143   177   131   181 0.74 NZ_QQRO01000001.1_222 # 331717 # 332820 # -1 # ID=10_222;partial=00;start_type=ATG;rbs_motif=None;rbs_spacer=None;gc_cont=0.338
NZ_QQRO01000001.1:331717-332820|- -            368 1140at2085           -            348    0.0002   15.4   0.0   4   4       0.2        15   -0.6   0.0    37    59   298   320   290   330 0.80 NZ_QQRO01000001.1_222 # 331717 # 332820 # -1 # ID=10_222;partial=00;start_type=ATG;rbs_motif=None;rbs_spacer=None;gc_cont=0.338
#
# Program:         hmmsearch
# Version:         3.1b2 (February 2015)
# Pipeline mode:   SEARCH
# Query file:      /home/lgef/Documentos/GitHub/Project_doctoral/IMPLEMENTACAO/Genomes/M_flocculare/MFC_ncbi_dataset/ncbi_dataset/data/strains/MF18/Use/busco_downloads/lineages/mycoplasmatales_odb10/hmms/1140at2085.hmm
# Target file:     /home/lgef/Documentos/GitHub/Project_doctoral/IMPLEMENTACAO/Genomes/M_flocculare/MFC_ncbi_dataset/ncbi_dataset/data/strains/MF18/Use/busco_draft/prodigal_output/predicted_genes/predicted.faa
# Option settings: hmmsearch --domtblout /home/lgef/Documentos/GitHub/Project_doctoral/IMPLEMENTACAO/Genomes/M_flocculare/MFC_ncbi_dataset/ncbi_dataset/data/strains/MF18/Use/busco_draft/run_mycoplasmatales_odb10/hmmer_output/1140at2085.out --cpu 1 /home/lgef/Documentos/GitHub/Project_doctoral/IMPLEMENTACAO/Genomes/M_flocculare/MFC_ncbi_dataset/ncbi_dataset/data/strains/MF18/Use/busco_downloads/lineages/mycoplasmatales_odb10/hmms/1140at2085.hmm /home/lgef/Documentos/GitHub/Project_doctoral/IMPLEMENTACAO/Genomes/M_flocculare/MFC_ncbi_dataset/ncbi_dataset/data/strains/MF18/Use/busco_draft/prodigal_output/predicted_genes/predicted.faa 
# Current dir:     /home/lgef/Documentos/GitHub/Project_doctoral/IMPLEMENTACAO/Genomes/M_flocculare/MFC_ncbi_dataset/ncbi_dataset/data/strains/MF18/Use
# Date:            Fri Nov 29 10:06:50 2024
# [ok]
