#                                                                                         --- full sequence --- -------------- this domain -------------   hmm coord   ali coord   env coord
# target name                     accession   tlen query name           accession   qlen   E-value  score  bias   #  of  c-Evalue  i-Evalue  score  bias  from    to  from    to  from    to  acc description of target
#             ------------------- ---------- ----- -------------------- ---------- ----- --------- ------ ----- --- --- --------- --------- ------ ----- ----- ----- ----- ----- ----- ----- ---- ---------------------
NZ_QQRO01000002.1:44150-45478|-   -            443 1338at2085           -            333    4e-107  353.3  29.8   1   2  5.5e-101   4.7e-99  326.8  24.9     1   285     4   331     4   367 0.79 NZ_QQRO01000002.1_57 # 44150 # 45478 # -1 # ID=21_57;partial=00;start_type=TTG;rbs_motif=AGGAG;rbs_spacer=5-10bp;gc_cont=0.312
NZ_QQRO01000002.1:44150-45478|-   -            443 1338at2085           -            333    4e-107  353.3  29.8   2   2   6.9e-09   5.9e-07   24.0   0.4   299   333   404   442   358   442 0.78 NZ_QQRO01000002.1_57 # 44150 # 45478 # -1 # ID=21_57;partial=00;start_type=TTG;rbs_motif=AGGAG;rbs_spacer=5-10bp;gc_cont=0.312
NZ_QQRO01000001.1:94600-95913|+   -            438 1338at2085           -            333   2.7e-40  133.6  14.3   1   2   4.4e-18   3.7e-16   54.3   3.7   179   329     5   160     2   164 0.85 NZ_QQRO01000001.1_75 # 94600 # 95913 # 1 # ID=10_75;partial=00;start_type=ATG;rbs_motif=None;rbs_spacer=None;gc_cont=0.300
NZ_QQRO01000001.1:94600-95913|+   -            438 1338at2085           -            333   2.7e-40  133.6  14.3   2   2   1.5e-26   1.3e-24   82.1   4.9   168   268   162   266   151   347 0.80 NZ_QQRO01000001.1_75 # 94600 # 95913 # 1 # ID=10_75;partial=00;start_type=ATG;rbs_motif=None;rbs_spacer=None;gc_cont=0.300
NZ_QQRO01000002.1:7474-8355|-     -            294 1338at2085           -            333   7.6e-15   50.0   3.8   1   2     9e-17   7.6e-15   50.0   3.8   177   295     7   125     2   161 0.84 NZ_QQRO01000002.1_9 # 7474 # 8355 # -1 # ID=21_9;partial=00;start_type=ATG;rbs_motif=None;rbs_spacer=None;gc_cont=0.285
NZ_QQRO01000002.1:7474-8355|-     -            294 1338at2085           -            333   7.6e-15   50.0   3.8   2   2      0.83        70   -2.5   0.1   187   219   233   265   211   275 0.64 NZ_QQRO01000002.1_9 # 7474 # 8355 # -1 # ID=21_9;partial=00;start_type=ATG;rbs_motif=None;rbs_spacer=None;gc_cont=0.285
NZ_QQRO01000001.1:115075-115866|+ -            264 1338at2085           -            333   4.7e-09   30.9   0.3   1   2      0.67        57   -2.2   0.1   122   271    26    48     6    71 0.55 NZ_QQRO01000001.1_92 # 115075 # 115866 # 1 # ID=10_92;partial=00;start_type=ATG;rbs_motif=None;rbs_spacer=None;gc_cont=0.264
NZ_QQRO01000001.1:115075-115866|+ -            264 1338at2085           -            333   4.7e-09   30.9   0.3   2   2   5.5e-11   4.7e-09   30.9   0.3   168   249   100   179    75   247 0.80 NZ_QQRO01000001.1_92 # 115075 # 115866 # 1 # ID=10_92;partial=00;start_type=ATG;rbs_motif=None;rbs_spacer=None;gc_cont=0.264
NZ_QQRO01000001.1:292434-292964|+ -            177 1338at2085           -            333   1.6e-08   29.2   0.0   1   1   2.5e-10   2.1e-08   28.8   0.0   165   212     4    51     1   110 0.85 NZ_QQRO01000001.1_208 # 292434 # 292964 # 1 # ID=10_208;partial=00;start_type=ATG;rbs_motif=None;rbs_spacer=None;gc_cont=0.324
NZ_QQRO01000002.1:4136-4993|-     -            286 1338at2085           -            333   3.1e-06   21.7   1.4   1   1   5.2e-08   4.4e-06   21.2   0.9   164   254   141   234   107   240 0.74 NZ_QQRO01000002.1_5 # 4136 # 4993 # -1 # ID=21_5;partial=00;start_type=ATG;rbs_motif=None;rbs_spacer=None;gc_cont=0.272
NZ_QQRO01000001.1:331717-332820|- -            368 1338at2085           -            333   3.9e-06   21.3   1.4   1   1     5e-07   4.3e-05   17.9   1.3   177   286     3   131     1   156 0.71 NZ_QQRO01000001.1_222 # 331717 # 332820 # -1 # ID=10_222;partial=00;start_type=ATG;rbs_motif=None;rbs_spacer=None;gc_cont=0.338
#
# Program:         hmmsearch
# Version:         3.1b2 (February 2015)
# Pipeline mode:   SEARCH
# Query file:      /home/lgef/Documentos/GitHub/Project_doctoral/IMPLEMENTACAO/Genomes/M_flocculare/MFC_ncbi_dataset/ncbi_dataset/data/strains/MF18/Use/busco_downloads/lineages/mycoplasmatales_odb10/hmms/1338at2085.hmm
# Target file:     /home/lgef/Documentos/GitHub/Project_doctoral/IMPLEMENTACAO/Genomes/M_flocculare/MFC_ncbi_dataset/ncbi_dataset/data/strains/MF18/Use/busco_draft/prodigal_output/predicted_genes/predicted.faa
# Option settings: hmmsearch --domtblout /home/lgef/Documentos/GitHub/Project_doctoral/IMPLEMENTACAO/Genomes/M_flocculare/MFC_ncbi_dataset/ncbi_dataset/data/strains/MF18/Use/busco_draft/run_mycoplasmatales_odb10/hmmer_output/1338at2085.out --cpu 1 /home/lgef/Documentos/GitHub/Project_doctoral/IMPLEMENTACAO/Genomes/M_flocculare/MFC_ncbi_dataset/ncbi_dataset/data/strains/MF18/Use/busco_downloads/lineages/mycoplasmatales_odb10/hmms/1338at2085.hmm /home/lgef/Documentos/GitHub/Project_doctoral/IMPLEMENTACAO/Genomes/M_flocculare/MFC_ncbi_dataset/ncbi_dataset/data/strains/MF18/Use/busco_draft/prodigal_output/predicted_genes/predicted.faa 
# Current dir:     /home/lgef/Documentos/GitHub/Project_doctoral/IMPLEMENTACAO/Genomes/M_flocculare/MFC_ncbi_dataset/ncbi_dataset/data/strains/MF18/Use
# Date:            Fri Nov 29 12:32:28 2024
# [ok]
