#                                                                                         --- full sequence --- -------------- this domain -------------   hmm coord   ali coord   env coord
# target name                     accession   tlen query name           accession   qlen   E-value  score  bias   #  of  c-Evalue  i-Evalue  score  bias  from    to  from    to  from    to  acc description of target
#             ------------------- ---------- ----- -------------------- ---------- ----- --------- ------ ----- --- --- --------- --------- ------ ----- ----- ----- ----- ----- ----- ----- ---- ---------------------
NZ_QQRO01000002.1:9582-11621|-    -            680 1371at2085           -            438   1.3e-81  269.6 102.0   1   5   6.4e-30   3.2e-28   93.7   6.3     1   103    21   133    21   136 0.93 NZ_QQRO01000002.1_13 # 9582 # 11621 # -1 # ID=21_13;partial=00;start_type=ATG;rbs_motif=None;rbs_spacer=None;gc_cont=0.246
NZ_QQRO01000002.1:9582-11621|-    -            680 1371at2085           -            438   1.3e-81  269.6 102.0   2   5   9.4e-27   4.6e-25   83.2  32.6   102   261   158   335   144   348 0.83 NZ_QQRO01000002.1_13 # 9582 # 11621 # -1 # ID=21_13;partial=00;start_type=ATG;rbs_motif=None;rbs_spacer=None;gc_cont=0.246
NZ_QQRO01000002.1:9582-11621|-    -            680 1371at2085           -            438   1.3e-81  269.6 102.0   3   5      0.45        22   -1.4   5.7   161   228   339   406   333   407 0.82 NZ_QQRO01000002.1_13 # 9582 # 11621 # -1 # ID=21_13;partial=00;start_type=ATG;rbs_motif=None;rbs_spacer=None;gc_cont=0.246
NZ_QQRO01000002.1:9582-11621|-    -            680 1371at2085           -            438   1.3e-81  269.6 102.0   4   5     3e-09   1.5e-07   25.5  19.9   269   372   408   552   406   559 0.78 NZ_QQRO01000002.1_13 # 9582 # 11621 # -1 # ID=21_13;partial=00;start_type=ATG;rbs_motif=None;rbs_spacer=None;gc_cont=0.246
NZ_QQRO01000002.1:9582-11621|-    -            680 1371at2085           -            438   1.3e-81  269.6 102.0   5   5   9.7e-28   4.8e-26   86.5   8.7   367   438   591   663   567   663 0.86 NZ_QQRO01000002.1_13 # 9582 # 11621 # -1 # ID=21_13;partial=00;start_type=ATG;rbs_motif=None;rbs_spacer=None;gc_cont=0.246
NZ_QQRO01000001.1:278838-279554|+ -            239 1371at2085           -            438   4.7e-10   33.8   4.6   1   2     0.014      0.69    3.6   1.5   333   373    43    89     8    95 0.84 NZ_QQRO01000001.1_198 # 278838 # 279554 # 1 # ID=10_198;partial=00;start_type=ATG;rbs_motif=AGGA;rbs_spacer=5-10bp;gc_cont=0.258
NZ_QQRO01000001.1:278838-279554|+ -            239 1371at2085           -            438   4.7e-10   33.8   4.6   2   2   9.5e-12   4.7e-10   33.8   4.6   374   435   131   194   110   196 0.81 NZ_QQRO01000001.1_198 # 278838 # 279554 # 1 # ID=10_198;partial=00;start_type=ATG;rbs_motif=AGGA;rbs_spacer=5-10bp;gc_cont=0.258
NZ_QQRO01000001.1:328276-329199|+ -            308 1371at2085           -            438   1.1e-08   29.2   1.5   1   3      0.36        18   -1.1   0.7   159   210    24    75     2    84 0.54 NZ_QQRO01000001.1_219 # 328276 # 329199 # 1 # ID=10_219;partial=00;start_type=GTG;rbs_motif=AGGAGG;rbs_spacer=5-10bp;gc_cont=0.340
NZ_QQRO01000001.1:328276-329199|+ -            308 1371at2085           -            438   1.1e-08   29.2   1.5   2   3      0.14       6.9    0.3   0.1   333   362   101   136    94   155 0.67 NZ_QQRO01000001.1_219 # 328276 # 329199 # 1 # ID=10_219;partial=00;start_type=GTG;rbs_motif=AGGAGG;rbs_spacer=5-10bp;gc_cont=0.340
NZ_QQRO01000001.1:328276-329199|+ -            308 1371at2085           -            438   1.1e-08   29.2   1.5   3   3   2.3e-10   1.1e-08   29.2   1.5   367   436   187   259   138   261 0.83 NZ_QQRO01000001.1_219 # 328276 # 329199 # 1 # ID=10_219;partial=00;start_type=GTG;rbs_motif=AGGAGG;rbs_spacer=5-10bp;gc_cont=0.340
NZ_QQRO01000001.1:214052-215590|- -            513 1371at2085           -            438   4.3e-08   27.3  24.3   1   4      0.13       6.4    0.4   0.1   334   344    44    54    41    58 0.91 NZ_QQRO01000001.1_158 # 214052 # 215590 # -1 # ID=10_158;partial=00;start_type=TTG;rbs_motif=AGGA;rbs_spacer=5-10bp;gc_cont=0.313
NZ_QQRO01000001.1:214052-215590|- -            513 1371at2085           -            438   4.3e-08   27.3  24.3   2   4   4.8e-07   2.4e-05   18.3   1.2   379   436   145   204   139   206 0.90 NZ_QQRO01000001.1_158 # 214052 # 215590 # -1 # ID=10_158;partial=00;start_type=TTG;rbs_motif=AGGA;rbs_spacer=5-10bp;gc_cont=0.313
NZ_QQRO01000001.1:214052-215590|- -            513 1371at2085           -            438   4.3e-08   27.3  24.3   3   4     0.015      0.73    3.5   7.1   274   322   356   404   325   407 0.85 NZ_QQRO01000001.1_158 # 214052 # 215590 # -1 # ID=10_158;partial=00;start_type=TTG;rbs_motif=AGGA;rbs_spacer=5-10bp;gc_cont=0.313
NZ_QQRO01000001.1:214052-215590|- -            513 1371at2085           -            438   4.3e-08   27.3  24.3   4   4   2.2e-06   0.00011   16.1   0.7   370   432   403   467   401   472 0.77 NZ_QQRO01000001.1_158 # 214052 # 215590 # -1 # ID=10_158;partial=00;start_type=TTG;rbs_motif=AGGA;rbs_spacer=5-10bp;gc_cont=0.313
NZ_QQRO01000007.1:17261-18031|+   -            257 1371at2085           -            438   5.5e-08   27.0   0.5   1   3       1.8        88   -3.4   9.7   137   206    53   122     1   127 0.57 NZ_QQRO01000007.1_14 # 17261 # 18031 # 1 # ID=29_14;partial=00;start_type=ATG;rbs_motif=None;rbs_spacer=None;gc_cont=0.266
NZ_QQRO01000007.1:17261-18031|+   -            257 1371at2085           -            438   5.5e-08   27.0   0.5   2   3   1.1e-09   5.5e-08   27.0   0.5   372   435   147   213   133   216 0.84 NZ_QQRO01000007.1_14 # 17261 # 18031 # 1 # ID=29_14;partial=00;start_type=ATG;rbs_motif=None;rbs_spacer=None;gc_cont=0.266
NZ_QQRO01000007.1:17261-18031|+   -            257 1371at2085           -            438   5.5e-08   27.0   0.5   3   3      0.15       7.6    0.1   1.4   236   275   209   248   208   250 0.87 NZ_QQRO01000007.1_14 # 17261 # 18031 # 1 # ID=29_14;partial=00;start_type=ATG;rbs_motif=None;rbs_spacer=None;gc_cont=0.266
NZ_QQRO01000010.1:10292-11110|-   -            273 1371at2085           -            438   2.2e-07   25.0   0.1   1   3       0.1       5.1    0.7   5.2   292   367     3    86     1    94 0.64 NZ_QQRO01000010.1_9 # 10292 # 11110 # -1 # ID=1_9;partial=00;start_type=ATG;rbs_motif=None;rbs_spacer=None;gc_cont=0.288
NZ_QQRO01000010.1:10292-11110|-   -            273 1371at2085           -            438   2.2e-07   25.0   0.1   2   3      0.58        29   -1.8   0.0   406   425   104   123   103   127 0.86 NZ_QQRO01000010.1_9 # 10292 # 11110 # -1 # ID=1_9;partial=00;start_type=ATG;rbs_motif=None;rbs_spacer=None;gc_cont=0.288
NZ_QQRO01000010.1:10292-11110|-   -            273 1371at2085           -            438   2.2e-07   25.0   0.1   3   3   4.5e-09   2.2e-07   25.0   0.1   368   436   127   198   118   200 0.87 NZ_QQRO01000010.1_9 # 10292 # 11110 # -1 # ID=1_9;partial=00;start_type=ATG;rbs_motif=None;rbs_spacer=None;gc_cont=0.288
NZ_QQRO01000005.1:33943-35544|+   -            534 1371at2085           -            438   2.3e-07   24.9   7.0   1   2       1.8        90   -3.4  45.8   104   334     9   255     3   258 0.66 NZ_QQRO01000005.1_22 # 33943 # 35544 # 1 # ID=27_22;partial=00;start_type=ATG;rbs_motif=GGAG/GAGG;rbs_spacer=5-10bp;gc_cont=0.258
NZ_QQRO01000005.1:33943-35544|+   -            534 1371at2085           -            438   2.3e-07   24.9   7.0   2   2   4.7e-09   2.3e-07   24.9   7.0   373   425   449   499   431   515 0.78 NZ_QQRO01000005.1_22 # 33943 # 35544 # 1 # ID=27_22;partial=00;start_type=ATG;rbs_motif=GGAG/GAGG;rbs_spacer=5-10bp;gc_cont=0.258
NZ_QQRO01000006.1:31842-32321|-   -            160 1371at2085           -            438   7.8e-07   23.2   8.9   1   2       0.2        10   -0.3   5.5   348   374    17    43     8    51 0.77 NZ_QQRO01000006.1_24 # 31842 # 32321 # -1 # ID=28_24;partial=00;start_type=TTG;rbs_motif=None;rbs_spacer=None;gc_cont=0.210
NZ_QQRO01000006.1:31842-32321|-   -            160 1371at2085           -            438   7.8e-07   23.2   8.9   2   2   1.6e-08   7.8e-07   23.2   8.9   366   434    73   141    55   147 0.74 NZ_QQRO01000006.1_24 # 31842 # 32321 # -1 # ID=28_24;partial=00;start_type=TTG;rbs_motif=None;rbs_spacer=None;gc_cont=0.210
NZ_QQRO01000001.1:168567-169901|+ -            445 1371at2085           -            438   1.2e-06   22.5   6.9   1   3     0.007      0.35    4.6   0.0   333   358    47    78    26    91 0.86 NZ_QQRO01000001.1_128 # 168567 # 169901 # 1 # ID=10_128;partial=00;start_type=ATG;rbs_motif=GGA/GAG/AGG;rbs_spacer=11-12bp;gc_cont=0.302
NZ_QQRO01000001.1:168567-169901|+ -            445 1371at2085           -            438   1.2e-06   22.5   6.9   2   3   8.1e-08     4e-06   20.8   0.9   376   436   229   292   187   293 0.83 NZ_QQRO01000001.1_128 # 168567 # 169901 # 1 # ID=10_128;partial=00;start_type=ATG;rbs_motif=GGA/GAG/AGG;rbs_spacer=11-12bp;gc_cont=0.302
NZ_QQRO01000001.1:168567-169901|+ -            445 1371at2085           -            438   1.2e-06   22.5   6.9   3   3       1.9        94   -3.5   0.2   163   187   390   414   383   427 0.51 NZ_QQRO01000001.1_128 # 168567 # 169901 # 1 # ID=10_128;partial=00;start_type=ATG;rbs_motif=GGA/GAG/AGG;rbs_spacer=11-12bp;gc_cont=0.302
NZ_QQRO01000005.1:32352-33959|+   -            536 1371at2085           -            438     3e-06   21.2   4.6   1   3      0.65        32   -1.9  38.3   101   318    12   242     2   243 0.61 NZ_QQRO01000005.1_21 # 32352 # 33959 # 1 # ID=27_21;partial=00;start_type=ATG;rbs_motif=AGGAG;rbs_spacer=3-4bp;gc_cont=0.252
NZ_QQRO01000005.1:32352-33959|+   -            536 1371at2085           -            438     3e-06   21.2   4.6   2   3      0.14       6.9    0.3  13.0   333   375   363   415   315   422 0.69 NZ_QQRO01000005.1_21 # 32352 # 33959 # 1 # ID=27_21;partial=00;start_type=ATG;rbs_motif=AGGAG;rbs_spacer=3-4bp;gc_cont=0.252
NZ_QQRO01000005.1:32352-33959|+   -            536 1371at2085           -            438     3e-06   21.2   4.6   3   3   6.1e-08     3e-06   21.2   4.6   373   435   449   511   417   513 0.78 NZ_QQRO01000005.1_21 # 32352 # 33959 # 1 # ID=27_21;partial=00;start_type=ATG;rbs_motif=AGGAG;rbs_spacer=3-4bp;gc_cont=0.252
NZ_QQRO01000006.1:25729-27348|-   -            540 1371at2085           -            438   7.1e-06   20.0   5.1   1   1   1.4e-07   7.1e-06   20.0   5.1   367   434   455   522   445   526 0.77 NZ_QQRO01000006.1_21 # 25729 # 27348 # -1 # ID=28_21;partial=00;start_type=ATG;rbs_motif=AGGA;rbs_spacer=5-10bp;gc_cont=0.224
NZ_QQRO01000001.1:230907-231956|+ -            350 1371at2085           -            438    0.0011   12.7   0.1   1   1   3.4e-05    0.0017   12.2   0.1   358   436   141   222   132   224 0.80 NZ_QQRO01000001.1_168 # 230907 # 231956 # 1 # ID=10_168;partial=00;start_type=ATG;rbs_motif=AGGAGG;rbs_spacer=5-10bp;gc_cont=0.337
#
# Program:         hmmsearch
# Version:         3.1b2 (February 2015)
# Pipeline mode:   SEARCH
# Query file:      /home/lgef/Documentos/GitHub/Project_doctoral/IMPLEMENTACAO/Genomes/M_flocculare/MFC_ncbi_dataset/ncbi_dataset/data/strains/MF18/Use/busco_downloads/lineages/mycoplasmatales_odb10/hmms/1371at2085.hmm
# Target file:     /home/lgef/Documentos/GitHub/Project_doctoral/IMPLEMENTACAO/Genomes/M_flocculare/MFC_ncbi_dataset/ncbi_dataset/data/strains/MF18/Use/busco_draft/prodigal_output/predicted_genes/predicted.faa
# Option settings: hmmsearch --domtblout /home/lgef/Documentos/GitHub/Project_doctoral/IMPLEMENTACAO/Genomes/M_flocculare/MFC_ncbi_dataset/ncbi_dataset/data/strains/MF18/Use/busco_draft/run_mycoplasmatales_odb10/hmmer_output/1371at2085.out --cpu 1 /home/lgef/Documentos/GitHub/Project_doctoral/IMPLEMENTACAO/Genomes/M_flocculare/MFC_ncbi_dataset/ncbi_dataset/data/strains/MF18/Use/busco_downloads/lineages/mycoplasmatales_odb10/hmms/1371at2085.hmm /home/lgef/Documentos/GitHub/Project_doctoral/IMPLEMENTACAO/Genomes/M_flocculare/MFC_ncbi_dataset/ncbi_dataset/data/strains/MF18/Use/busco_draft/prodigal_output/predicted_genes/predicted.faa 
# Current dir:     /home/lgef/Documentos/GitHub/Project_doctoral/IMPLEMENTACAO/Genomes/M_flocculare/MFC_ncbi_dataset/ncbi_dataset/data/strains/MF18/Use
# Date:            Fri Nov 29 10:06:51 2024
# [ok]
