#                                                                                         --- full sequence --- -------------- this domain -------------   hmm coord   ali coord   env coord
# target name                     accession   tlen query name           accession   qlen   E-value  score  bias   #  of  c-Evalue  i-Evalue  score  bias  from    to  from    to  from    to  acc description of target
#             ------------------- ---------- ----- -------------------- ---------- ----- --------- ------ ----- --- --- --------- --------- ------ ----- ----- ----- ----- ----- ----- ----- ---- ---------------------
NZ_QQRO01000001.1:115075-115866|+ -            264 1679at2085           -            265   1.8e-79  261.9  16.0   1   1   2.6e-81     2e-79  261.7  16.0    12   264     1   262     1   263 0.90 NZ_QQRO01000001.1_92 # 115075 # 115866 # 1 # ID=10_92;partial=00;start_type=ATG;rbs_motif=None;rbs_spacer=None;gc_cont=0.264
NZ_QQRO01000001.1:94600-95913|+   -            438 1679at2085           -            265   3.7e-22   74.0  15.4   1   3   5.4e-12     4e-10   34.5   0.3   123   178     6    65     1    84 0.77 NZ_QQRO01000001.1_75 # 94600 # 95913 # 1 # ID=10_75;partial=00;start_type=ATG;rbs_motif=None;rbs_spacer=None;gc_cont=0.300
NZ_QQRO01000001.1:94600-95913|+   -            438 1679at2085           -            265   3.7e-22   74.0  15.4   2   3   1.3e-12   9.6e-11   36.6   1.4    24   173    80   228    68   240 0.73 NZ_QQRO01000001.1_75 # 94600 # 95913 # 1 # ID=10_75;partial=00;start_type=ATG;rbs_motif=None;rbs_spacer=None;gc_cont=0.300
NZ_QQRO01000001.1:94600-95913|+   -            438 1679at2085           -            265   3.7e-22   74.0  15.4   3   3   5.8e-05    0.0043   11.5   1.9    25   110   252   349   242   381 0.63 NZ_QQRO01000001.1_75 # 94600 # 95913 # 1 # ID=10_75;partial=00;start_type=ATG;rbs_motif=None;rbs_spacer=None;gc_cont=0.300
NZ_QQRO01000001.1:292434-292964|+ -            177 1679at2085           -            265   3.8e-12   41.1   2.4   1   2   3.9e-13   2.9e-11   38.3   0.1   123   194    19    92     6   102 0.86 NZ_QQRO01000001.1_208 # 292434 # 292964 # 1 # ID=10_208;partial=00;start_type=ATG;rbs_motif=None;rbs_spacer=None;gc_cont=0.324
NZ_QQRO01000001.1:292434-292964|+ -            177 1679at2085           -            265   3.8e-12   41.1   2.4   2   2     0.015       1.1    3.6   0.6    29    91   100   167    89   176 0.60 NZ_QQRO01000001.1_208 # 292434 # 292964 # 1 # ID=10_208;partial=00;start_type=ATG;rbs_motif=None;rbs_spacer=None;gc_cont=0.324
NZ_QQRO01000002.1:7474-8355|-     -            294 1679at2085           -            265   5.5e-11   37.3  12.7   1   2   5.2e-12   3.9e-10   34.6   0.5   120   189     7    79     2    85 0.80 NZ_QQRO01000002.1_9 # 7474 # 8355 # -1 # ID=21_9;partial=00;start_type=ATG;rbs_motif=None;rbs_spacer=None;gc_cont=0.285
NZ_QQRO01000002.1:7474-8355|-     -            294 1679at2085           -            265   5.5e-11   37.3  12.7   2   2     0.002      0.15    6.5   6.4    46   103   107   169    77   191 0.77 NZ_QQRO01000002.1_9 # 7474 # 8355 # -1 # ID=21_9;partial=00;start_type=ATG;rbs_motif=None;rbs_spacer=None;gc_cont=0.285
NZ_QQRO01000002.1:44150-45478|-   -            443 1679at2085           -            265   1.9e-10   35.6   0.3   1   3         1        78   -2.5   0.1   233   259   139   165   113   170 0.63 NZ_QQRO01000002.1_57 # 44150 # 45478 # -1 # ID=21_57;partial=00;start_type=TTG;rbs_motif=AGGAG;rbs_spacer=5-10bp;gc_cont=0.312
NZ_QQRO01000002.1:44150-45478|-   -            443 1679at2085           -            265   1.9e-10   35.6   0.3   2   3   2.6e-12   1.9e-10   35.6   0.3    98   175   195   276   184   288 0.74 NZ_QQRO01000002.1_57 # 44150 # 45478 # -1 # ID=21_57;partial=00;start_type=TTG;rbs_motif=AGGAG;rbs_spacer=5-10bp;gc_cont=0.312
NZ_QQRO01000002.1:44150-45478|-   -            443 1679at2085           -            265   1.9e-10   35.6   0.3   3   3     0.041         3    2.1   7.7    23   104   293   366   284   386 0.73 NZ_QQRO01000002.1_57 # 44150 # 45478 # -1 # ID=21_57;partial=00;start_type=TTG;rbs_motif=AGGAG;rbs_spacer=5-10bp;gc_cont=0.312
NZ_QQRO01000002.1:4136-4993|-     -            286 1679at2085           -            265   1.5e-06   22.8   7.7   1   2    0.0006     0.044    8.1   3.9    24   102    70   153    58   155 0.71 NZ_QQRO01000002.1_5 # 4136 # 4993 # -1 # ID=21_5;partial=00;start_type=ATG;rbs_motif=None;rbs_spacer=None;gc_cont=0.272
NZ_QQRO01000002.1:4136-4993|-     -            286 1679at2085           -            265   1.5e-06   22.8   7.7   2   2   1.9e-06   0.00014   16.3   0.1   123   172   156   211   153   218 0.78 NZ_QQRO01000002.1_5 # 4136 # 4993 # -1 # ID=21_5;partial=00;start_type=ATG;rbs_motif=None;rbs_spacer=None;gc_cont=0.272
NZ_QQRO01000001.1:57129-58388|+   -            420 1679at2085           -            265     1e-05   20.1  11.9   1   2   3.1e-07   2.3e-05   18.9   0.1   124   176   161   216   137   236 0.75 NZ_QQRO01000001.1_44 # 57129 # 58388 # 1 # ID=10_44;partial=00;start_type=ATG;rbs_motif=AGGA;rbs_spacer=5-10bp;gc_cont=0.296
NZ_QQRO01000001.1:57129-58388|+   -            420 1679at2085           -            265     1e-05   20.1  11.9   2   2     0.016       1.2    3.5   7.1    46   114   264   332   255   342 0.64 NZ_QQRO01000001.1_44 # 57129 # 58388 # 1 # ID=10_44;partial=00;start_type=ATG;rbs_motif=AGGA;rbs_spacer=5-10bp;gc_cont=0.296
NZ_QQRO01000001.1:331717-332820|- -            368 1679at2085           -            265   2.8e-05   18.6   5.6   1   2   4.4e-07   3.3e-05   18.4   0.1   119   154     2    36     1    45 0.87 NZ_QQRO01000001.1_222 # 331717 # 332820 # -1 # ID=10_222;partial=00;start_type=ATG;rbs_motif=None;rbs_spacer=None;gc_cont=0.338
NZ_QQRO01000001.1:331717-332820|- -            368 1679at2085           -            265   2.8e-05   18.6   5.6   2   2     0.059       4.4    1.6   1.4    48   114   105   176   100   184 0.71 NZ_QQRO01000001.1_222 # 331717 # 332820 # -1 # ID=10_222;partial=00;start_type=ATG;rbs_motif=None;rbs_spacer=None;gc_cont=0.338
#
# Program:         hmmsearch
# Version:         3.1b2 (February 2015)
# Pipeline mode:   SEARCH
# Query file:      /home/lgef/Documentos/GitHub/Project_doctoral/IMPLEMENTACAO/Genomes/M_flocculare/MFC_ncbi_dataset/ncbi_dataset/data/strains/MF18/Use/busco_downloads/lineages/mycoplasmatales_odb10/hmms/1679at2085.hmm
# Target file:     /home/lgef/Documentos/GitHub/Project_doctoral/IMPLEMENTACAO/Genomes/M_flocculare/MFC_ncbi_dataset/ncbi_dataset/data/strains/MF18/Use/busco_draft/prodigal_output/predicted_genes/predicted.faa
# Option settings: hmmsearch --domtblout /home/lgef/Documentos/GitHub/Project_doctoral/IMPLEMENTACAO/Genomes/M_flocculare/MFC_ncbi_dataset/ncbi_dataset/data/strains/MF18/Use/busco_draft/run_mycoplasmatales_odb10/hmmer_output/1679at2085.out --cpu 1 /home/lgef/Documentos/GitHub/Project_doctoral/IMPLEMENTACAO/Genomes/M_flocculare/MFC_ncbi_dataset/ncbi_dataset/data/strains/MF18/Use/busco_downloads/lineages/mycoplasmatales_odb10/hmms/1679at2085.hmm /home/lgef/Documentos/GitHub/Project_doctoral/IMPLEMENTACAO/Genomes/M_flocculare/MFC_ncbi_dataset/ncbi_dataset/data/strains/MF18/Use/busco_draft/prodigal_output/predicted_genes/predicted.faa 
# Current dir:     /home/lgef/Documentos/GitHub/Project_doctoral/IMPLEMENTACAO/Genomes/M_flocculare/MFC_ncbi_dataset/ncbi_dataset/data/strains/MF18/Use
# Date:            Fri Nov 29 10:06:51 2024
# [ok]
