#                                                                                         --- full sequence --- -------------- this domain -------------   hmm coord   ali coord   env coord
# target name                     accession   tlen query name           accession   qlen   E-value  score  bias   #  of  c-Evalue  i-Evalue  score  bias  from    to  from    to  from    to  acc description of target
#             ------------------- ---------- ----- -------------------- ---------- ----- --------- ------ ----- --- --- --------- --------- ------ ----- ----- ----- ----- ----- ----- ----- ---- ---------------------
NZ_QQRO01000001.1:127440-128357|+ -            306 3146at2085           -            235   6.2e-86  282.6   3.6   1   2   3.4e-28   5.1e-26   86.5   0.0     1    63     4    69     4    76 0.96 NZ_QQRO01000001.1_101 # 127440 # 128357 # 1 # ID=10_101;partial=00;start_type=ATG;rbs_motif=GGA/GAG/AGG;rbs_spacer=5-10bp;gc_cont=0.345
NZ_QQRO01000001.1:127440-128357|+ -            306 3146at2085           -            235   6.2e-86  282.6   3.6   2   2   1.9e-61   2.8e-59  195.4   1.5    64   234   104   299    89   300 0.85 NZ_QQRO01000001.1_101 # 127440 # 128357 # 1 # ID=10_101;partial=00;start_type=ATG;rbs_motif=GGA/GAG/AGG;rbs_spacer=5-10bp;gc_cont=0.345
NZ_QQRO01000001.1:219829-221664|- -            612 3146at2085           -            235   4.6e-12   40.8   9.0   1   2   3.1e-08   4.6e-06   21.2   0.1     1    38   157   194   157   210 0.93 NZ_QQRO01000001.1_162 # 219829 # 221664 # -1 # ID=10_162;partial=00;start_type=ATG;rbs_motif=AGGA;rbs_spacer=5-10bp;gc_cont=0.350
NZ_QQRO01000001.1:219829-221664|- -            612 3146at2085           -            235   4.6e-12   40.8   9.0   2   2   6.1e-08     9e-06   20.3   5.0    49   224   271   468   237   479 0.66 NZ_QQRO01000001.1_162 # 219829 # 221664 # -1 # ID=10_162;partial=00;start_type=ATG;rbs_motif=AGGA;rbs_spacer=5-10bp;gc_cont=0.350
NZ_QQRO01000002.1:83027-83866|-   -            280 3146at2085           -            235   3.5e-09   31.4   0.1   1   1     5e-11   7.4e-09   30.4   0.0   188   235    39    86    31    86 0.92 NZ_QQRO01000002.1_88 # 83027 # 83866 # -1 # ID=21_88;partial=00;start_type=ATG;rbs_motif=None;rbs_spacer=None;gc_cont=0.420
NZ_QQRO01000001.1:18700-20559|+   -            620 3146at2085           -            235    0.0035   11.8   1.7   1   3    0.0014      0.21    6.0   0.0     1    30    12    41    12    48 0.85 NZ_QQRO01000001.1_13 # 18700 # 20559 # 1 # ID=10_13;partial=00;start_type=ATG;rbs_motif=GGAG/GAGG;rbs_spacer=5-10bp;gc_cont=0.322
NZ_QQRO01000001.1:18700-20559|+   -            620 3146at2085           -            235    0.0035   11.8   1.7   2   3    0.0061      0.91    3.9   0.2   117   169    86   142    72   164 0.73 NZ_QQRO01000001.1_13 # 18700 # 20559 # 1 # ID=10_13;partial=00;start_type=ATG;rbs_motif=GGAG/GAGG;rbs_spacer=5-10bp;gc_cont=0.322
NZ_QQRO01000001.1:18700-20559|+   -            620 3146at2085           -            235    0.0035   11.8   1.7   3   3      0.51        76   -2.4   0.0   200   231   360   391   350   394 0.66 NZ_QQRO01000001.1_13 # 18700 # 20559 # 1 # ID=10_13;partial=00;start_type=ATG;rbs_motif=GGAG/GAGG;rbs_spacer=5-10bp;gc_cont=0.322
#
# Program:         hmmsearch
# Version:         3.1b2 (February 2015)
# Pipeline mode:   SEARCH
# Query file:      /home/lgef/Documentos/GitHub/Project_doctoral/IMPLEMENTACAO/Genomes/M_flocculare/MFC_ncbi_dataset/ncbi_dataset/data/strains/MF18/Use/busco_downloads/lineages/mycoplasmatales_odb10/hmms/3146at2085.hmm
# Target file:     /home/lgef/Documentos/GitHub/Project_doctoral/IMPLEMENTACAO/Genomes/M_flocculare/MFC_ncbi_dataset/ncbi_dataset/data/strains/MF18/Use/busco_draft/prodigal_output/predicted_genes/predicted.faa
# Option settings: hmmsearch --domtblout /home/lgef/Documentos/GitHub/Project_doctoral/IMPLEMENTACAO/Genomes/M_flocculare/MFC_ncbi_dataset/ncbi_dataset/data/strains/MF18/Use/busco_draft/run_mycoplasmatales_odb10/hmmer_output/3146at2085.out --cpu 1 /home/lgef/Documentos/GitHub/Project_doctoral/IMPLEMENTACAO/Genomes/M_flocculare/MFC_ncbi_dataset/ncbi_dataset/data/strains/MF18/Use/busco_downloads/lineages/mycoplasmatales_odb10/hmms/3146at2085.hmm /home/lgef/Documentos/GitHub/Project_doctoral/IMPLEMENTACAO/Genomes/M_flocculare/MFC_ncbi_dataset/ncbi_dataset/data/strains/MF18/Use/busco_draft/prodigal_output/predicted_genes/predicted.faa 
# Current dir:     /home/lgef/Documentos/GitHub/Project_doctoral/IMPLEMENTACAO/Genomes/M_flocculare/MFC_ncbi_dataset/ncbi_dataset/data/strains/MF18/Use
# Date:            Fri Nov 29 09:59:54 2024
# [ok]
