#                                                                                         --- full sequence --- -------------- this domain -------------   hmm coord   ali coord   env coord
# target name                     accession   tlen query name           accession   qlen   E-value  score  bias   #  of  c-Evalue  i-Evalue  score  bias  from    to  from    to  from    to  acc description of target
#             ------------------- ---------- ----- -------------------- ---------- ----- --------- ------ ----- --- --- --------- --------- ------ ----- ----- ----- ----- ----- ----- ----- ---- ---------------------
NZ_QQRO01000002.1:4136-4993|-     -            286 3843at2085           -            213   5.1e-68  223.8   6.2   1   1   6.8e-70   8.1e-68  223.2   6.2    11   211    35   278    30   280 0.88 NZ_QQRO01000002.1_5 # 4136 # 4993 # -1 # ID=21_5;partial=00;start_type=ATG;rbs_motif=None;rbs_spacer=None;gc_cont=0.272
NZ_QQRO01000001.1:292434-292964|+ -            177 3843at2085           -            213   3.1e-07   25.2   0.1   1   1   4.3e-09   5.1e-07   24.5   0.1   107   175    14    84     3   108 0.82 NZ_QQRO01000001.1_208 # 292434 # 292964 # 1 # ID=10_208;partial=00;start_type=ATG;rbs_motif=None;rbs_spacer=None;gc_cont=0.324
NZ_QQRO01000001.1:117179-120022|- -            948 3843at2085           -            213   1.7e-05   19.6   1.9   1   2     0.001      0.12    7.0   0.0   105   125    28    48    11    57 0.77 NZ_QQRO01000001.1_94 # 117179 # 120022 # -1 # ID=10_94;partial=00;start_type=ATG;rbs_motif=None;rbs_spacer=None;gc_cont=0.335
NZ_QQRO01000001.1:117179-120022|- -            948 3843at2085           -            213   1.7e-05   19.6   1.9   2   2     5e-05    0.0059   11.2   0.4   107   140   637   668   605   682 0.78 NZ_QQRO01000001.1_94 # 117179 # 120022 # -1 # ID=10_94;partial=00;start_type=ATG;rbs_motif=None;rbs_spacer=None;gc_cont=0.335
NZ_QQRO01000001.1:278838-279554|+ -            239 3843at2085           -            213   0.00036   15.2   0.8   1   2   3.1e-06   0.00036   15.2   0.8   103   137    27    61     6    69 0.78 NZ_QQRO01000001.1_198 # 278838 # 279554 # 1 # ID=10_198;partial=00;start_type=ATG;rbs_motif=AGGA;rbs_spacer=5-10bp;gc_cont=0.258
NZ_QQRO01000001.1:278838-279554|+ -            239 3843at2085           -            213   0.00036   15.2   0.8   2   2       1.4   1.7e+02   -3.3   0.1    53    72   106   125   103   131 0.57 NZ_QQRO01000001.1_198 # 278838 # 279554 # 1 # ID=10_198;partial=00;start_type=ATG;rbs_motif=AGGA;rbs_spacer=5-10bp;gc_cont=0.258
NZ_QQRO01000007.1:17261-18031|+   -            257 3843at2085           -            213    0.0096   10.5  11.1   1   3   2.3e-05    0.0027   12.3   1.7   104   182    33   116     2   122 0.74 NZ_QQRO01000007.1_14 # 17261 # 18031 # 1 # ID=29_14;partial=00;start_type=ATG;rbs_motif=None;rbs_spacer=None;gc_cont=0.266
NZ_QQRO01000007.1:17261-18031|+   -            257 3843at2085           -            213    0.0096   10.5  11.1   2   3      0.44        52   -1.7   0.0    72    95   129   151   115   157 0.68 NZ_QQRO01000007.1_14 # 17261 # 18031 # 1 # ID=29_14;partial=00;start_type=ATG;rbs_motif=None;rbs_spacer=None;gc_cont=0.266
NZ_QQRO01000007.1:17261-18031|+   -            257 3843at2085           -            213    0.0096   10.5  11.1   3   3     0.015       1.8    3.1   1.9    28   100   161   230   136   252 0.74 NZ_QQRO01000007.1_14 # 17261 # 18031 # 1 # ID=29_14;partial=00;start_type=ATG;rbs_motif=None;rbs_spacer=None;gc_cont=0.266
#
# Program:         hmmsearch
# Version:         3.1b2 (February 2015)
# Pipeline mode:   SEARCH
# Query file:      /home/lgef/Documentos/GitHub/Project_doctoral/IMPLEMENTACAO/Genomes/M_flocculare/MFC_ncbi_dataset/ncbi_dataset/data/strains/MF18/Use/busco_downloads/lineages/mycoplasmatales_odb10/hmms/3843at2085.hmm
# Target file:     /home/lgef/Documentos/GitHub/Project_doctoral/IMPLEMENTACAO/Genomes/M_flocculare/MFC_ncbi_dataset/ncbi_dataset/data/strains/MF18/Use/busco_draft/prodigal_output/predicted_genes/predicted.faa
# Option settings: hmmsearch --domtblout /home/lgef/Documentos/GitHub/Project_doctoral/IMPLEMENTACAO/Genomes/M_flocculare/MFC_ncbi_dataset/ncbi_dataset/data/strains/MF18/Use/busco_draft/run_mycoplasmatales_odb10/hmmer_output/3843at2085.out --cpu 1 /home/lgef/Documentos/GitHub/Project_doctoral/IMPLEMENTACAO/Genomes/M_flocculare/MFC_ncbi_dataset/ncbi_dataset/data/strains/MF18/Use/busco_downloads/lineages/mycoplasmatales_odb10/hmms/3843at2085.hmm /home/lgef/Documentos/GitHub/Project_doctoral/IMPLEMENTACAO/Genomes/M_flocculare/MFC_ncbi_dataset/ncbi_dataset/data/strains/MF18/Use/busco_draft/prodigal_output/predicted_genes/predicted.faa 
# Current dir:     /home/lgef/Documentos/GitHub/Project_doctoral/IMPLEMENTACAO/Genomes/M_flocculare/MFC_ncbi_dataset/ncbi_dataset/data/strains/MF18/Use
# Date:            Fri Nov 29 10:06:53 2024
# [ok]
