#                                                                                       --- full sequence --- -------------- this domain -------------   hmm coord   ali coord   env coord
# target name                   accession   tlen query name           accession   qlen   E-value  score  bias   #  of  c-Evalue  i-Evalue  score  bias  from    to  from    to  from    to  acc description of target
#           ------------------- ---------- ----- -------------------- ---------- ----- --------- ------ ----- --- --- --------- --------- ------ ----- ----- ----- ----- ----- ----- ----- ---- ---------------------
NZ_QQRO01000002.1:21011-21649|- -            213 3895at2085           -            150   1.5e-46  153.1   3.8   1   1   6.7e-45     1e-42  140.7   3.8     1   148     6   188     6   190 0.81 NZ_QQRO01000002.1_27 # 21011 # 21649 # -1 # ID=21_27;partial=00;start_type=ATG;rbs_motif=None;rbs_spacer=None;gc_cont=0.310
NZ_QQRO01000001.1:93892-94575|+ -            228 3895at2085           -            150   3.3e-06   22.1   1.7   1   3   1.1e-07   1.6e-05   19.9   0.0     4    50    10    60     7    68 0.75 NZ_QQRO01000001.1_74 # 93892 # 94575 # 1 # ID=10_74;partial=00;start_type=ATG;rbs_motif=GGA/GAG/AGG;rbs_spacer=11-12bp;gc_cont=0.285
NZ_QQRO01000001.1:93892-94575|+ -            228 3895at2085           -            150   3.3e-06   22.1   1.7   2   3      0.24        35   -0.7   0.0    60    84   108   132    91   145 0.81 NZ_QQRO01000001.1_74 # 93892 # 94575 # 1 # ID=10_74;partial=00;start_type=ATG;rbs_motif=GGA/GAG/AGG;rbs_spacer=11-12bp;gc_cont=0.285
NZ_QQRO01000001.1:93892-94575|+ -            228 3895at2085           -            150   3.3e-06   22.1   1.7   3   3      0.16        24   -0.2   0.1    42    82   167   204   152   225 0.64 NZ_QQRO01000001.1_74 # 93892 # 94575 # 1 # ID=10_74;partial=00;start_type=ATG;rbs_motif=GGA/GAG/AGG;rbs_spacer=11-12bp;gc_cont=0.285
NZ_QQRO01000004.1:12270-13235|- -            322 3895at2085           -            150   0.00041   15.3   0.2   1   2   9.5e-06    0.0014   13.6   0.0     2    37    42    78    41   121 0.67 NZ_QQRO01000004.1_12 # 12270 # 13235 # -1 # ID=26_12;partial=00;start_type=ATG;rbs_motif=None;rbs_spacer=None;gc_cont=0.308
NZ_QQRO01000004.1:12270-13235|- -            322 3895at2085           -            150   0.00041   15.3   0.2   2   2       0.5        74   -1.7   0.1    37    72   176   213   164   236 0.64 NZ_QQRO01000004.1_12 # 12270 # 13235 # -1 # ID=26_12;partial=00;start_type=ATG;rbs_motif=None;rbs_spacer=None;gc_cont=0.308
NZ_QQRO01000002.1:4994-5575|-   -            194 3895at2085           -            150   0.00053   15.0   0.2   1   2   3.5e-06   0.00053   15.0   0.2     2    61     5    63     3    99 0.66 NZ_QQRO01000002.1_6 # 4994 # 5575 # -1 # ID=21_6;partial=00;start_type=ATG;rbs_motif=GGA/GAG/AGG;rbs_spacer=5-10bp;gc_cont=0.259
NZ_QQRO01000002.1:4994-5575|-   -            194 3895at2085           -            150   0.00053   15.0   0.2   2   2      0.16        24   -0.1   0.4    40    69   149   178   132   190 0.52 NZ_QQRO01000002.1_6 # 4994 # 5575 # -1 # ID=21_6;partial=00;start_type=ATG;rbs_motif=GGA/GAG/AGG;rbs_spacer=5-10bp;gc_cont=0.259
#
# Program:         hmmsearch
# Version:         3.1b2 (February 2015)
# Pipeline mode:   SEARCH
# Query file:      /home/lgef/Documentos/GitHub/Project_doctoral/IMPLEMENTACAO/Genomes/M_flocculare/MFC_ncbi_dataset/ncbi_dataset/data/strains/MF18/Use/busco_downloads/lineages/mycoplasmatales_odb10/hmms/3895at2085.hmm
# Target file:     /home/lgef/Documentos/GitHub/Project_doctoral/IMPLEMENTACAO/Genomes/M_flocculare/MFC_ncbi_dataset/ncbi_dataset/data/strains/MF18/Use/busco_draft/prodigal_output/predicted_genes/predicted.faa
# Option settings: hmmsearch --domtblout /home/lgef/Documentos/GitHub/Project_doctoral/IMPLEMENTACAO/Genomes/M_flocculare/MFC_ncbi_dataset/ncbi_dataset/data/strains/MF18/Use/busco_draft/run_mycoplasmatales_odb10/hmmer_output/3895at2085.out --cpu 1 /home/lgef/Documentos/GitHub/Project_doctoral/IMPLEMENTACAO/Genomes/M_flocculare/MFC_ncbi_dataset/ncbi_dataset/data/strains/MF18/Use/busco_downloads/lineages/mycoplasmatales_odb10/hmms/3895at2085.hmm /home/lgef/Documentos/GitHub/Project_doctoral/IMPLEMENTACAO/Genomes/M_flocculare/MFC_ncbi_dataset/ncbi_dataset/data/strains/MF18/Use/busco_draft/prodigal_output/predicted_genes/predicted.faa 
# Current dir:     /home/lgef/Documentos/GitHub/Project_doctoral/IMPLEMENTACAO/Genomes/M_flocculare/MFC_ncbi_dataset/ncbi_dataset/data/strains/MF18/Use
# Date:            Fri Nov 29 09:59:55 2024
# [ok]
