#                                                                                         --- full sequence --- -------------- this domain -------------   hmm coord   ali coord   env coord
# target name                     accession   tlen query name           accession   qlen   E-value  score  bias   #  of  c-Evalue  i-Evalue  score  bias  from    to  from    to  from    to  acc description of target
#             ------------------- ---------- ----- -------------------- ---------- ----- --------- ------ ----- --- --- --------- --------- ------ ----- ----- ----- ----- ----- ----- ----- ---- ---------------------
NZ_QQRO01000001.1:178500-182933|+ -           1478 56at2085             -           1080         0 1367.2  36.5   1   2     0.059        18   -2.0   0.2   290   370   145   228   139   293 0.66 NZ_QQRO01000001.1_138 # 178500 # 182933 # 1 # ID=10_138;partial=00;start_type=ATG;rbs_motif=GGA/GAG/AGG;rbs_spacer=5-10bp;gc_cont=0.298
NZ_QQRO01000001.1:178500-182933|+ -           1478 56at2085             -           1080         0 1367.2  36.5   2   2         0         0 1362.7  31.4    49  1080   326  1476   285  1476 0.89 NZ_QQRO01000001.1_138 # 178500 # 182933 # 1 # ID=10_138;partial=00;start_type=ATG;rbs_motif=GGA/GAG/AGG;rbs_spacer=5-10bp;gc_cont=0.298
NZ_QQRO01000002.1:94506-97460|-   -            985 56at2085             -           1080   3.4e-30   99.7  31.6   1   6     8e-08   2.4e-05   17.5   0.0    52   118     2    69     1    75 0.93 NZ_QQRO01000002.1_100 # 94506 # 97460 # -1 # ID=21_100;partial=00;start_type=ATG;rbs_motif=None;rbs_spacer=None;gc_cont=0.283
NZ_QQRO01000002.1:94506-97460|-   -            985 56at2085             -           1080   3.4e-30   99.7  31.6   2   6   5.9e-13   1.8e-10   34.5   3.3   436   566   186   320    82   324 0.70 NZ_QQRO01000002.1_100 # 94506 # 97460 # -1 # ID=21_100;partial=00;start_type=ATG;rbs_motif=None;rbs_spacer=None;gc_cont=0.283
NZ_QQRO01000002.1:94506-97460|-   -            985 56at2085             -           1080   3.4e-30   99.7  31.6   3   6   3.7e-06    0.0011   11.9   0.1   606   677   323   394   321   403 0.89 NZ_QQRO01000002.1_100 # 94506 # 97460 # -1 # ID=21_100;partial=00;start_type=ATG;rbs_motif=None;rbs_spacer=None;gc_cont=0.283
NZ_QQRO01000002.1:94506-97460|-   -            985 56at2085             -           1080   3.4e-30   99.7  31.6   4   6   0.00039      0.12    5.3   0.0   675   757   438   516   427   555 0.75 NZ_QQRO01000002.1_100 # 94506 # 97460 # -1 # ID=21_100;partial=00;start_type=ATG;rbs_motif=None;rbs_spacer=None;gc_cont=0.283
NZ_QQRO01000002.1:94506-97460|-   -            985 56at2085             -           1080   3.4e-30   99.7  31.6   5   6   1.4e-07   4.1e-05   16.7   6.9   904   943   682   721   614   731 0.77 NZ_QQRO01000002.1_100 # 94506 # 97460 # -1 # ID=21_100;partial=00;start_type=ATG;rbs_motif=None;rbs_spacer=None;gc_cont=0.283
NZ_QQRO01000002.1:94506-97460|-   -            985 56at2085             -           1080   3.4e-30   99.7  31.6   6   6     2e-10   6.1e-08   26.1   0.1   982  1074   729   823   718   830 0.84 NZ_QQRO01000002.1_100 # 94506 # 97460 # -1 # ID=21_100;partial=00;start_type=ATG;rbs_motif=None;rbs_spacer=None;gc_cont=0.283
#
# Program:         hmmsearch
# Version:         3.1b2 (February 2015)
# Pipeline mode:   SEARCH
# Query file:      /home/lgef/Documentos/GitHub/Project_doctoral/IMPLEMENTACAO/Genomes/M_flocculare/MFC_ncbi_dataset/ncbi_dataset/data/strains/MF18/Use/busco_downloads/lineages/mycoplasmatales_odb10/hmms/56at2085.hmm
# Target file:     /home/lgef/Documentos/GitHub/Project_doctoral/IMPLEMENTACAO/Genomes/M_flocculare/MFC_ncbi_dataset/ncbi_dataset/data/strains/MF18/Use/busco_draft/prodigal_output/predicted_genes/predicted.faa
# Option settings: hmmsearch --domtblout /home/lgef/Documentos/GitHub/Project_doctoral/IMPLEMENTACAO/Genomes/M_flocculare/MFC_ncbi_dataset/ncbi_dataset/data/strains/MF18/Use/busco_draft/run_mycoplasmatales_odb10/hmmer_output/56at2085.out --cpu 1 /home/lgef/Documentos/GitHub/Project_doctoral/IMPLEMENTACAO/Genomes/M_flocculare/MFC_ncbi_dataset/ncbi_dataset/data/strains/MF18/Use/busco_downloads/lineages/mycoplasmatales_odb10/hmms/56at2085.hmm /home/lgef/Documentos/GitHub/Project_doctoral/IMPLEMENTACAO/Genomes/M_flocculare/MFC_ncbi_dataset/ncbi_dataset/data/strains/MF18/Use/busco_draft/prodigal_output/predicted_genes/predicted.faa 
# Current dir:     /home/lgef/Documentos/GitHub/Project_doctoral/IMPLEMENTACAO/Genomes/M_flocculare/MFC_ncbi_dataset/ncbi_dataset/data/strains/MF18/Use
# Date:            Fri Nov 29 10:06:54 2024
# [ok]
