#                                                                                       --- full sequence --- -------------- this domain -------------   hmm coord   ali coord   env coord
# target name                   accession   tlen query name           accession   qlen   E-value  score  bias   #  of  c-Evalue  i-Evalue  score  bias  from    to  from    to  from    to  acc description of target
#           ------------------- ---------- ----- -------------------- ---------- ----- --------- ------ ----- --- --- --------- --------- ------ ----- ----- ----- ----- ----- ----- ----- ---- ---------------------
NZ_QQRO01000002.1:41860-43329|+ -            490 759at2085            -            394  2.9e-154  508.7   8.5   1   2     0.033       4.8    0.9   0.2     1    19     3    21     3    26 0.91 NZ_QQRO01000002.1_55 # 41860 # 43329 # 1 # ID=21_55;partial=00;start_type=ATG;rbs_motif=GGA/GAG/AGG;rbs_spacer=5-10bp;gc_cont=0.309
NZ_QQRO01000002.1:41860-43329|+ -            490 759at2085            -            394  2.9e-154  508.7   8.5   2   2    2e-156  2.9e-154  508.7   8.5    11   394    44   485    34   485 0.87 NZ_QQRO01000002.1_55 # 41860 # 43329 # 1 # ID=21_55;partial=00;start_type=ATG;rbs_motif=GGA/GAG/AGG;rbs_spacer=5-10bp;gc_cont=0.309
NZ_QQRO01000003.1:32660-34363|+ -            568 759at2085            -            394   5.5e-28   92.9   4.2   1   2   1.5e-18   2.3e-16   54.7   2.8    83   234   116   269    33   312 0.84 NZ_QQRO01000003.1_28 # 32660 # 34363 # 1 # ID=25_28;partial=00;start_type=ATG;rbs_motif=GGAG/GAGG;rbs_spacer=5-10bp;gc_cont=0.317
NZ_QQRO01000003.1:32660-34363|+ -            568 759at2085            -            394   5.5e-28   92.9   4.2   2   2   2.3e-13   3.4e-11   37.6   0.0   347   391   488   535   448   537 0.89 NZ_QQRO01000003.1_28 # 32660 # 34363 # 1 # ID=25_28;partial=00;start_type=ATG;rbs_motif=GGAG/GAGG;rbs_spacer=5-10bp;gc_cont=0.317
NZ_QQRO01000004.1:18319-19668|- -            450 759at2085            -            394   4.7e-21   70.1   4.4   1   1   4.9e-23   7.2e-21   69.5   4.4    87   392   124   442    86   444 0.80 NZ_QQRO01000004.1_17 # 18319 # 19668 # -1 # ID=26_17;partial=00;start_type=ATG;rbs_motif=GGAG/GAGG;rbs_spacer=5-10bp;gc_cont=0.324
NZ_QQRO01000009.1:6828-7508|-   -            227 759at2085            -            394    0.0004   14.4   0.1   1   2   6.2e-05    0.0091    9.9   0.0   168   218    88   139    76   153 0.79 NZ_QQRO01000009.1_8 # 6828 # 7508 # -1 # ID=31_8;partial=00;start_type=ATG;rbs_motif=GGA/GAG/AGG;rbs_spacer=11-12bp;gc_cont=0.317
NZ_QQRO01000009.1:6828-7508|-   -            227 759at2085            -            394    0.0004   14.4   0.1   2   2     0.012       1.8    2.4   0.0   367   386   194   213   189   217 0.87 NZ_QQRO01000009.1_8 # 6828 # 7508 # -1 # ID=31_8;partial=00;start_type=ATG;rbs_motif=GGA/GAG/AGG;rbs_spacer=11-12bp;gc_cont=0.317
#
# Program:         hmmsearch
# Version:         3.1b2 (February 2015)
# Pipeline mode:   SEARCH
# Query file:      /home/lgef/Documentos/GitHub/Project_doctoral/IMPLEMENTACAO/Genomes/M_flocculare/MFC_ncbi_dataset/ncbi_dataset/data/strains/MF18/Use/busco_downloads/lineages/mycoplasmatales_odb10/hmms/759at2085.hmm
# Target file:     /home/lgef/Documentos/GitHub/Project_doctoral/IMPLEMENTACAO/Genomes/M_flocculare/MFC_ncbi_dataset/ncbi_dataset/data/strains/MF18/Use/busco_draft/prodigal_output/predicted_genes/predicted.faa
# Option settings: hmmsearch --domtblout /home/lgef/Documentos/GitHub/Project_doctoral/IMPLEMENTACAO/Genomes/M_flocculare/MFC_ncbi_dataset/ncbi_dataset/data/strains/MF18/Use/busco_draft/run_mycoplasmatales_odb10/hmmer_output/759at2085.out --cpu 1 /home/lgef/Documentos/GitHub/Project_doctoral/IMPLEMENTACAO/Genomes/M_flocculare/MFC_ncbi_dataset/ncbi_dataset/data/strains/MF18/Use/busco_downloads/lineages/mycoplasmatales_odb10/hmms/759at2085.hmm /home/lgef/Documentos/GitHub/Project_doctoral/IMPLEMENTACAO/Genomes/M_flocculare/MFC_ncbi_dataset/ncbi_dataset/data/strains/MF18/Use/busco_draft/prodigal_output/predicted_genes/predicted.faa 
# Current dir:     /home/lgef/Documentos/GitHub/Project_doctoral/IMPLEMENTACAO/Genomes/M_flocculare/MFC_ncbi_dataset/ncbi_dataset/data/strains/MF18/Use
# Date:            Fri Nov 29 10:06:54 2024
# [ok]
