#                                                                                   --- full sequence --- -------------- this domain -------------   hmm coord   ali coord   env coord
# target name               accession   tlen query name           accession   qlen   E-value  score  bias   #  of  c-Evalue  i-Evalue  score  bias  from    to  from    to  from    to  acc description of target
#       ------------------- ---------- ----- -------------------- ---------- ----- --------- ------ ----- --- --- --------- --------- ------ ----- ----- ----- ----- ----- ----- ----- ---- ---------------------
scf00000000:96437-99280|-   -            948 111at2085            -            770         0 1167.5  25.3   1   3   2.1e-85   8.4e-84  277.3   1.3     1   184    11   218    11   234 0.89 scf00000000_79 # 96437 # 99280 # -1 # ID=1_79;partial=00;start_type=ATG;rbs_motif=None;rbs_spacer=None;gc_cont=0.328
scf00000000:96437-99280|-   -            948 111at2085            -            770         0 1167.5  25.3   2   3   1.7e-36   6.9e-35  115.6   0.4   185   344   254   454   247   459 0.81 scf00000000_79 # 96437 # 99280 # -1 # ID=1_79;partial=00;start_type=ATG;rbs_motif=None;rbs_spacer=None;gc_cont=0.328
scf00000000:96437-99280|-   -            948 111at2085            -            770         0 1167.5  25.3   3   3  3.8e-235  1.5e-233  772.5  10.9   321   770   458   944   450   944 0.95 scf00000000_79 # 96437 # 99280 # -1 # ID=1_79;partial=00;start_type=ATG;rbs_motif=None;rbs_spacer=None;gc_cont=0.328
scf00000000:240464-241993|+ -            510 111at2085            -            770   3.7e-18   60.3   4.8   1   4    0.0025       0.1    5.9   0.1    10    43    25    60    21   115 0.77 scf00000000_211 # 240464 # 241993 # 1 # ID=1_211;partial=00;start_type=TTG;rbs_motif=GGAGG;rbs_spacer=5-10bp;gc_cont=0.322
scf00000000:240464-241993|+ -            510 111at2085            -            770   3.7e-18   60.3   4.8   2   4     5e-08     2e-06   21.5   0.0   662   735   151   222   131   238 0.86 scf00000000_211 # 240464 # 241993 # 1 # ID=1_211;partial=00;start_type=TTG;rbs_motif=GGAGG;rbs_spacer=5-10bp;gc_cont=0.322
scf00000000:240464-241993|+ -            510 111at2085            -            770   3.7e-18   60.3   4.8   3   4     0.028       1.1    2.5   0.0     3    40   273   310   271   319 0.86 scf00000000_211 # 240464 # 241993 # 1 # ID=1_211;partial=00;start_type=TTG;rbs_motif=GGAGG;rbs_spacer=5-10bp;gc_cont=0.322
scf00000000:240464-241993|+ -            510 111at2085            -            770   3.7e-18   60.3   4.8   4   4   1.8e-10   7.4e-09   29.5   0.1   658   738   405   483   368   506 0.84 scf00000000_211 # 240464 # 241993 # 1 # ID=1_211;partial=00;start_type=TTG;rbs_motif=GGAGG;rbs_spacer=5-10bp;gc_cont=0.322
scf00000000:344580-346898|+ -            773 111at2085            -            770     2e-14   47.9   3.1   1   2   4.7e-06   0.00019   14.9   0.2   484   513    17    46     5    53 0.88 scf00000000_296 # 344580 # 346898 # 1 # ID=1_296;partial=00;start_type=ATG;rbs_motif=None;rbs_spacer=None;gc_cont=0.262
scf00000000:344580-346898|+ -            773 111at2085            -            770     2e-14   47.9   3.1   2   2   1.5e-11   5.9e-10   33.1   0.3   645   738   110   200    60   206 0.75 scf00000000_296 # 344580 # 346898 # 1 # ID=1_296;partial=00;start_type=ATG;rbs_motif=None;rbs_spacer=None;gc_cont=0.262
scf00000000:646072-647610|+ -            513 111at2085            -            770   4.3e-14   46.8  13.5   1   4     0.045       1.8    1.8   0.2   484   512    22    50    14    57 0.84 scf00000000_511 # 646072 # 647610 # 1 # ID=1_511;partial=00;start_type=TTG;rbs_motif=AGGA;rbs_spacer=5-10bp;gc_cont=0.319
scf00000000:646072-647610|+ -            513 111at2085            -            770   4.3e-14   46.8  13.5   2   4   1.7e-08   6.8e-07   23.0   0.1   648   736   130   215   112   233 0.82 scf00000000_511 # 646072 # 647610 # 1 # ID=1_511;partial=00;start_type=TTG;rbs_motif=AGGA;rbs_spacer=5-10bp;gc_cont=0.319
scf00000000:646072-647610|+ -            513 111at2085            -            770   4.3e-14   46.8  13.5   3   4    0.0036      0.15    5.4   0.1   479   511   278   310   261   319 0.65 scf00000000_511 # 646072 # 647610 # 1 # ID=1_511;partial=00;start_type=TTG;rbs_motif=AGGA;rbs_spacer=5-10bp;gc_cont=0.319
scf00000000:646072-647610|+ -            513 111at2085            -            770   4.3e-14   46.8  13.5   4   4   1.6e-08   6.4e-07   23.1   1.3   643   736   391   482   361   508 0.78 scf00000000_511 # 646072 # 647610 # 1 # ID=1_511;partial=00;start_type=TTG;rbs_motif=AGGA;rbs_spacer=5-10bp;gc_cont=0.319
scf00000000:279073-279975|+ -            301 111at2085            -            770   2.2e-13   44.5   0.0   1   2   0.00026     0.011    9.2   0.0   482   513    21    52     6    60 0.89 scf00000000_243 # 279073 # 279975 # 1 # ID=1_243;partial=00;start_type=ATG;rbs_motif=GGA/GAG/AGG;rbs_spacer=5-10bp;gc_cont=0.306
scf00000000:279073-279975|+ -            301 111at2085            -            770   2.2e-13   44.5   0.0   2   2   1.3e-11   5.4e-10   33.3   0.0   645   729   140   221   120   231 0.92 scf00000000_243 # 279073 # 279975 # 1 # ID=1_243;partial=00;start_type=ATG;rbs_motif=GGA/GAG/AGG;rbs_spacer=5-10bp;gc_cont=0.306
scf00000000:310906-311706|- -            267 111at2085            -            770     9e-13   42.5   0.8   1   2   7.4e-06    0.0003   14.3   0.0   485   512    18    45     9    52 0.65 scf00000000_269 # 310906 # 311706 # -1 # ID=1_269;partial=00;start_type=ATG;rbs_motif=None;rbs_spacer=None;gc_cont=0.250
scf00000000:310906-311706|- -            267 111at2085            -            770     9e-13   42.5   0.8   2   2   1.2e-09   4.7e-08   26.9   0.1   656   738   120   199    64   204 0.82 scf00000000_269 # 310906 # 311706 # -1 # ID=1_269;partial=00;start_type=ATG;rbs_motif=None;rbs_spacer=None;gc_cont=0.250
scf00000000:629121-630173|- -            351 111at2085            -            770   5.6e-12   39.8   0.6   1   2    0.0028      0.11    5.8   0.1    11    37    30    56    17    66 0.78 scf00000000_497 # 629121 # 630173 # -1 # ID=1_497;partial=00;start_type=ATG;rbs_motif=GGxGG;rbs_spacer=5-10bp;gc_cont=0.330
scf00000000:629121-630173|- -            351 111at2085            -            770   5.6e-12   39.8   0.6   2   2   2.3e-11   9.1e-10   32.5   0.1   632   754   124   245   110   253 0.76 scf00000000_497 # 629121 # 630173 # -1 # ID=1_497;partial=00;start_type=ATG;rbs_motif=GGxGG;rbs_spacer=5-10bp;gc_cont=0.330
scf00000000:472660-473820|+ -            387 111at2085            -            770   1.4e-10   35.2   0.9   1   2   0.00015     0.006   10.0   0.0   479   512    18    51     3    65 0.78 scf00000000_393 # 472660 # 473820 # 1 # ID=1_393;partial=00;start_type=ATG;rbs_motif=None;rbs_spacer=None;gc_cont=0.257
scf00000000:472660-473820|+ -            387 111at2085            -            770   1.4e-10   35.2   0.9   2   2   1.2e-08   4.8e-07   23.5   0.1   657   756   186   278   148   290 0.76 scf00000000_393 # 472660 # 473820 # 1 # ID=1_393;partial=00;start_type=ATG;rbs_motif=None;rbs_spacer=None;gc_cont=0.257
scf00000000:278282-279100|+ -            273 111at2085            -            770   5.3e-10   33.3   1.7   1   2   8.1e-05    0.0033   10.9   0.1   482   510    18    46     9    55 0.86 scf00000000_242 # 278282 # 279100 # 1 # ID=1_242;partial=00;start_type=ATG;rbs_motif=GGA/GAG/AGG;rbs_spacer=5-10bp;gc_cont=0.306
scf00000000:278282-279100|+ -            273 111at2085            -            770   5.3e-10   33.3   1.7   2   2   3.6e-08   1.5e-06   21.9   0.2   657   757   131   223    93   231 0.83 scf00000000_242 # 278282 # 279100 # 1 # ID=1_242;partial=00;start_type=ATG;rbs_motif=GGA/GAG/AGG;rbs_spacer=5-10bp;gc_cont=0.306
scf00000000:687026-688360|- -            445 111at2085            -            770   5.8e-09   29.9   6.3   1   2     0.002     0.081    6.2   0.0   483   511    25    53    18    57 0.80 scf00000000_542 # 687026 # 688360 # -1 # ID=1_542;partial=00;start_type=ATG;rbs_motif=GGA/GAG/AGG;rbs_spacer=11-12bp;gc_cont=0.302
scf00000000:687026-688360|- -            445 111at2085            -            770   5.8e-09   29.9   6.3   2   2   9.7e-09   3.9e-07   23.8   3.8   241   426   120   302   107   314 0.73 scf00000000_542 # 687026 # 688360 # -1 # ID=1_542;partial=00;start_type=ATG;rbs_motif=GGA/GAG/AGG;rbs_spacer=11-12bp;gc_cont=0.302
scf00000000:7879-10296|-    -            806 111at2085            -            770   1.1e-08   28.9  11.3   1   3   3.4e-06   0.00014   15.4   0.4   478   513    11    46     4    53 0.82 scf00000000_7 # 7879 # 10296 # -1 # ID=1_7;partial=00;start_type=ATG;rbs_motif=None;rbs_spacer=None;gc_cont=0.286
scf00000000:7879-10296|-    -            806 111at2085            -            770   1.1e-08   28.9  11.3   2   3   9.1e-08   3.6e-06   20.6   0.1   653   739   176   259   123   265 0.85 scf00000000_7 # 7879 # 10296 # -1 # ID=1_7;partial=00;start_type=ATG;rbs_motif=None;rbs_spacer=None;gc_cont=0.286
scf00000000:7879-10296|-    -            806 111at2085            -            770   1.1e-08   28.9  11.3   3   3      0.87        35   -2.5   1.0   238   299   474   540   467   577 0.70 scf00000000_7 # 7879 # 10296 # -1 # ID=1_7;partial=00;start_type=ATG;rbs_motif=None;rbs_spacer=None;gc_cont=0.286
scf00000000:556321-557217|- -            299 111at2085            -            770   1.9e-08   28.1   1.3   1   2   0.00046     0.019    8.3   0.1   484   512    80   108    65   125 0.88 scf00000000_447 # 556321 # 557217 # -1 # ID=1_447;partial=00;start_type=GTG;rbs_motif=AGGAG;rbs_spacer=5-10bp;gc_cont=0.350
scf00000000:556321-557217|- -            299 111at2085            -            770   1.9e-08   28.1   1.3   2   2   3.2e-07   1.3e-05   18.8   0.1   645   738   181   271   161   278 0.84 scf00000000_447 # 556321 # 557217 # -1 # ID=1_447;partial=00;start_type=GTG;rbs_motif=AGGAG;rbs_spacer=5-10bp;gc_cont=0.350
scf00000000:440210-440887|- -            226 111at2085            -            770     9e-08   25.9   1.9   1   2   0.00064     0.026    7.9   0.2     8   510    25    54    11    90 0.73 scf00000000_371 # 440210 # 440887 # -1 # ID=1_371;partial=00;start_type=TTG;rbs_motif=GGA/GAG/AGG;rbs_spacer=5-10bp;gc_cont=0.268
scf00000000:440210-440887|- -            226 111at2085            -            770     9e-08   25.9   1.9   2   2   6.1e-07   2.5e-05   17.9   0.1   654   733   134   208   105   216 0.78 scf00000000_371 # 440210 # 440887 # -1 # ID=1_371;partial=00;start_type=TTG;rbs_motif=GGA/GAG/AGG;rbs_spacer=5-10bp;gc_cont=0.268
scf00000000:770405-771937|+ -            511 111at2085            -            770   1.3e-07   25.4   9.2   1   4     0.072       2.9    1.1   0.0    14   512    32    57    25    77 0.65 scf00000000_610 # 770405 # 771937 # 1 # ID=1_610;partial=00;start_type=GTG;rbs_motif=GGA/GAG/AGG;rbs_spacer=11-12bp;gc_cont=0.322
scf00000000:770405-771937|+ -            511 111at2085            -            770   1.3e-07   25.4   9.2   2   4   3.6e-08   1.5e-06   21.9   0.3   642   731   128   214   120   225 0.84 scf00000000_610 # 770405 # 771937 # 1 # ID=1_610;partial=00;start_type=GTG;rbs_motif=GGA/GAG/AGG;rbs_spacer=11-12bp;gc_cont=0.322
scf00000000:770405-771937|+ -            511 111at2085            -            770   1.3e-07   25.4   9.2   3   4      0.13       5.1    0.3   0.1   480   507   276   303   215   317 0.58 scf00000000_610 # 770405 # 771937 # 1 # ID=1_610;partial=00;start_type=GTG;rbs_motif=GGA/GAG/AGG;rbs_spacer=11-12bp;gc_cont=0.322
scf00000000:770405-771937|+ -            511 111at2085            -            770   1.3e-07   25.4   9.2   4   4    0.0063      0.25    4.6   0.4   658   736   407   483   377   490 0.85 scf00000000_610 # 770405 # 771937 # 1 # ID=1_610;partial=00;start_type=GTG;rbs_motif=GGA/GAG/AGG;rbs_spacer=11-12bp;gc_cont=0.322
scf00000000:445092-445862|+ -            257 111at2085            -            770   2.1e-07   24.7   2.8   1   2    0.0029      0.12    5.7   0.1   479   513    22    56    14    70 0.77 scf00000000_376 # 445092 # 445862 # 1 # ID=1_376;partial=00;start_type=ATG;rbs_motif=None;rbs_spacer=None;gc_cont=0.267
scf00000000:445092-445862|+ -            257 111at2085            -            770   2.1e-07   24.7   2.8   2   2   2.1e-07   8.6e-06   19.4   0.5   647   734   138   222    92   234 0.76 scf00000000_376 # 445092 # 445862 # 1 # ID=1_376;partial=00;start_type=ATG;rbs_motif=None;rbs_spacer=None;gc_cont=0.267
scf00000000:214761-216092|+ -            444 111at2085            -            770   4.6e-07   23.6   2.0   1   2      0.03       1.2    2.4   0.1     8    36    60    88    53    95 0.64 scf00000000_196 # 214761 # 216092 # 1 # ID=1_196;partial=00;start_type=ATG;rbs_motif=GGAG/GAGG;rbs_spacer=5-10bp;gc_cont=0.293
scf00000000:214761-216092|+ -            444 111at2085            -            770   4.6e-07   23.6   2.0   2   2   9.4e-08   3.8e-06   20.6   0.3   639   731   256   346   116   365 0.87 scf00000000_196 # 214761 # 216092 # 1 # ID=1_196;partial=00;start_type=ATG;rbs_motif=GGAG/GAGG;rbs_spacer=5-10bp;gc_cont=0.293
scf00000000:207995-209611|- -            539 111at2085            -            770    0.0006   13.3   2.6   1   3     0.035       1.4    2.1   0.1   481   512    14    45     8    66 0.82 scf00000000_191 # 207995 # 209611 # -1 # ID=1_191;partial=00;start_type=ATG;rbs_motif=AGGA;rbs_spacer=5-10bp;gc_cont=0.331
scf00000000:207995-209611|- -            539 111at2085            -            770    0.0006   13.3   2.6   2   3    0.0033      0.13    5.5   0.1   674   738   166   225   149   231 0.74 scf00000000_191 # 207995 # 209611 # -1 # ID=1_191;partial=00;start_type=ATG;rbs_motif=AGGA;rbs_spacer=5-10bp;gc_cont=0.331
scf00000000:207995-209611|- -            539 111at2085            -            770    0.0006   13.3   2.6   3   3    0.0099       0.4    3.9   0.0   661   740   445   519   439   526 0.84 scf00000000_191 # 207995 # 209611 # -1 # ID=1_191;partial=00;start_type=ATG;rbs_motif=AGGA;rbs_spacer=5-10bp;gc_cont=0.331
#
# Program:         hmmsearch
# Version:         3.4 (Aug 2023)
# Pipeline mode:   SEARCH
# Query file:      /home/bryan/Documentos/GitHub/Project_doctoral/IMPLEMENTACAO/Genomes/M_hyopneumoniae/strains/MHP694/Use/busco_downloads/lineages/mycoplasmatales_odb10/hmms/111at2085.hmm
# Target file:     /home/bryan/Documentos/GitHub/Project_doctoral/IMPLEMENTACAO/Genomes/M_hyopneumoniae/strains/MHP694/Use/busco_complete/prodigal_output/predicted_genes/predicted.faa
# Option settings: hmmsearch --domtblout /home/bryan/Documentos/GitHub/Project_doctoral/IMPLEMENTACAO/Genomes/M_hyopneumoniae/strains/MHP694/Use/busco_complete/run_mycoplasmatales_odb10/hmmer_output/111at2085.out --cpu 1 /home/bryan/Documentos/GitHub/Project_doctoral/IMPLEMENTACAO/Genomes/M_hyopneumoniae/strains/MHP694/Use/busco_downloads/lineages/mycoplasmatales_odb10/hmms/111at2085.hmm /home/bryan/Documentos/GitHub/Project_doctoral/IMPLEMENTACAO/Genomes/M_hyopneumoniae/strains/MHP694/Use/busco_complete/prodigal_output/predicted_genes/predicted.faa 
# Current dir:     /home/bryan/Documentos/GitHub/Project_doctoral/IMPLEMENTACAO/Genomes/M_hyopneumoniae/strains/MHP694/Use
# Date:            Sun Dec  1 19:19:31 2024
# [ok]
