#                                                                                   --- full sequence --- -------------- this domain -------------   hmm coord   ali coord   env coord
# target name               accession   tlen query name           accession   qlen   E-value  score  bias   #  of  c-Evalue  i-Evalue  score  bias  from    to  from    to  from    to  acc description of target
#       ------------------- ---------- ----- -------------------- ---------- ----- --------- ------ ----- --- --- --------- --------- ------ ----- ----- ----- ----- ----- ----- ----- ---- ---------------------
scf00000000:145293-147332|+ -            680 1371at2085           -            438   1.1e-84  279.9 108.2   1   5   2.4e-32   1.1e-30  102.0   7.3     1   103    21   133    21   135 0.93 scf00000000_131 # 145293 # 147332 # 1 # ID=1_131;partial=00;start_type=ATG;rbs_motif=None;rbs_spacer=None;gc_cont=0.248
scf00000000:145293-147332|+ -            680 1371at2085           -            438   1.1e-84  279.9 108.2   2   5   3.4e-27   1.6e-25   85.0  34.7   102   261   158   335   144   348 0.83 scf00000000_131 # 145293 # 147332 # 1 # ID=1_131;partial=00;start_type=ATG;rbs_motif=None;rbs_spacer=None;gc_cont=0.248
scf00000000:145293-147332|+ -            680 1371at2085           -            438   1.1e-84  279.9 108.2   3   5      0.86        39   -2.0   6.9   161   228   339   406   331   407 0.73 scf00000000_131 # 145293 # 147332 # 1 # ID=1_131;partial=00;start_type=ATG;rbs_motif=None;rbs_spacer=None;gc_cont=0.248
scf00000000:145293-147332|+ -            680 1371at2085           -            438   1.1e-84  279.9 108.2   4   5   1.7e-08     8e-07   23.3  19.9   269   372   408   552   405   559 0.75 scf00000000_131 # 145293 # 147332 # 1 # ID=1_131;partial=00;start_type=ATG;rbs_motif=None;rbs_spacer=None;gc_cont=0.248
scf00000000:145293-147332|+ -            680 1371at2085           -            438   1.1e-84  279.9 108.2   5   5   4.9e-28   2.3e-26   87.8  11.6   349   438   573   663   567   663 0.83 scf00000000_131 # 145293 # 147332 # 1 # ID=1_131;partial=00;start_type=ATG;rbs_motif=None;rbs_spacer=None;gc_cont=0.248
scf00000000:310906-311706|- -            267 1371at2085           -            438     1e-11   39.4   9.3   1   2      0.31        14   -0.6   0.1   333   345    38    50    24    53 0.89 scf00000000_269 # 310906 # 311706 # -1 # ID=1_269;partial=00;start_type=ATG;rbs_motif=None;rbs_spacer=None;gc_cont=0.250
scf00000000:310906-311706|- -            267 1371at2085           -            438     1e-11   39.4   9.3   2   2   2.3e-13     1e-11   39.4   9.3   350   437    99   187    77   188 0.90 scf00000000_269 # 310906 # 311706 # -1 # ID=1_269;partial=00;start_type=ATG;rbs_motif=None;rbs_spacer=None;gc_cont=0.250
scf00000000:580787-581503|- -            239 1371at2085           -            438   4.8e-10   34.0   2.6   1   2     0.038       1.7    2.4   1.2   333   374    43    90     6    95 0.76 scf00000000_465 # 580787 # 581503 # -1 # ID=1_465;partial=00;start_type=ATG;rbs_motif=AGGA;rbs_spacer=5-10bp;gc_cont=0.265
scf00000000:580787-581503|- -            239 1371at2085           -            438   4.8e-10   34.0   2.6   2   2   1.1e-11   4.8e-10   34.0   2.6   374   435   131   194   111   196 0.83 scf00000000_465 # 580787 # 581503 # -1 # ID=1_465;partial=00;start_type=ATG;rbs_motif=AGGA;rbs_spacer=5-10bp;gc_cont=0.265
scf00000000:240464-241993|+ -            510 1371at2085           -            438   4.9e-10   33.9   8.1   1   3   2.9e-08   1.3e-06   22.6   0.7   377   431   151   206   148   213 0.87 scf00000000_211 # 240464 # 241993 # 1 # ID=1_211;partial=00;start_type=TTG;rbs_motif=GGAGG;rbs_spacer=5-10bp;gc_cont=0.322
scf00000000:240464-241993|+ -            510 1371at2085           -            438   4.9e-10   33.9   8.1   2   3      0.48        22   -1.2   1.4   279   313   363   397   356   406 0.60 scf00000000_211 # 240464 # 241993 # 1 # ID=1_211;partial=00;start_type=TTG;rbs_motif=GGAGG;rbs_spacer=5-10bp;gc_cont=0.322
scf00000000:240464-241993|+ -            510 1371at2085           -            438   4.9e-10   33.9   8.1   3   3   1.7e-05   0.00076   13.5   0.0   377   432   409   465   406   470 0.91 scf00000000_211 # 240464 # 241993 # 1 # ID=1_211;partial=00;start_type=TTG;rbs_motif=GGAGG;rbs_spacer=5-10bp;gc_cont=0.322
scf00000000:440210-440887|- -            226 1371at2085           -            438   1.1e-09   32.7   4.6   1   2      0.37        17   -0.8  17.6   332   405    48   140     2   142 0.58 scf00000000_371 # 440210 # 440887 # -1 # ID=1_371;partial=00;start_type=TTG;rbs_motif=GGA/GAG/AGG;rbs_spacer=5-10bp;gc_cont=0.268
scf00000000:440210-440887|- -            226 1371at2085           -            438   1.1e-09   32.7   4.6   2   2   2.5e-11   1.1e-09   32.7   4.6   369   431   133   196   116   203 0.83 scf00000000_371 # 440210 # 440887 # -1 # ID=1_371;partial=00;start_type=TTG;rbs_motif=GGA/GAG/AGG;rbs_spacer=5-10bp;gc_cont=0.268
scf00000000:445092-445862|+ -            257 1371at2085           -            438   4.3e-08   27.5   0.9   1   2   9.4e-10   4.3e-08   27.5   0.9   370   435   145   213   130   216 0.83 scf00000000_376 # 445092 # 445862 # 1 # ID=1_376;partial=00;start_type=ATG;rbs_motif=None;rbs_spacer=None;gc_cont=0.267
scf00000000:445092-445862|+ -            257 1371at2085           -            438   4.3e-08   27.5   0.9   2   2     0.041       1.9    2.3   1.2   234   273   207   246   205   250 0.87 scf00000000_376 # 445092 # 445862 # 1 # ID=1_376;partial=00;start_type=ATG;rbs_motif=None;rbs_spacer=None;gc_cont=0.267
scf00000000:556321-557217|- -            299 1371at2085           -            438   4.7e-08   27.4   0.2   1   3         1        46   -2.2   0.4   163   212    28    77     6    81 0.67 scf00000000_447 # 556321 # 557217 # -1 # ID=1_447;partial=00;start_type=GTG;rbs_motif=AGGAG;rbs_spacer=5-10bp;gc_cont=0.350
scf00000000:556321-557217|- -            299 1371at2085           -            438   4.7e-08   27.4   0.2   2   3      0.25        12   -0.3   0.2   333   356   101   130    98   156 0.66 scf00000000_447 # 556321 # 557217 # -1 # ID=1_447;partial=00;start_type=GTG;rbs_motif=AGGAG;rbs_spacer=5-10bp;gc_cont=0.350
scf00000000:556321-557217|- -            299 1371at2085           -            438   4.7e-08   27.4   0.2   3   3     1e-09   4.7e-08   27.4   0.2   367   435   187   258   127   261 0.82 scf00000000_447 # 556321 # 557217 # -1 # ID=1_447;partial=00;start_type=GTG;rbs_motif=AGGAG;rbs_spacer=5-10bp;gc_cont=0.350
scf00000000:646072-647610|+ -            513 1371at2085           -            438   4.9e-08   27.3  22.2   1   4      0.14       6.6    0.5   0.1   333   344    43    54     9    56 0.94 scf00000000_511 # 646072 # 647610 # 1 # ID=1_511;partial=00;start_type=TTG;rbs_motif=AGGA;rbs_spacer=5-10bp;gc_cont=0.319
scf00000000:646072-647610|+ -            513 1371at2085           -            438   4.9e-08   27.3  22.2   2   4   1.7e-07   7.9e-06   20.1   0.8   378   436   144   204   136   206 0.90 scf00000000_511 # 646072 # 647610 # 1 # ID=1_511;partial=00;start_type=TTG;rbs_motif=AGGA;rbs_spacer=5-10bp;gc_cont=0.319
scf00000000:646072-647610|+ -            513 1371at2085           -            438   4.9e-08   27.3  22.2   3   4      0.14       6.6    0.5   5.7   274   324   356   406   324   407 0.82 scf00000000_511 # 646072 # 647610 # 1 # ID=1_511;partial=00;start_type=TTG;rbs_motif=AGGA;rbs_spacer=5-10bp;gc_cont=0.319
scf00000000:646072-647610|+ -            513 1371at2085           -            438   4.9e-08   27.3  22.2   4   4   7.7e-05    0.0035   11.3  10.3   338   431   372   465   359   471 0.74 scf00000000_511 # 646072 # 647610 # 1 # ID=1_511;partial=00;start_type=TTG;rbs_motif=AGGA;rbs_spacer=5-10bp;gc_cont=0.319
scf00000000:278282-279100|+ -            273 1371at2085           -            438   2.7e-07   24.9   5.2   1   2     0.061       2.8    1.8   1.7   318   354    27    68     1    93 0.55 scf00000000_242 # 278282 # 279100 # 1 # ID=1_242;partial=00;start_type=ATG;rbs_motif=GGA/GAG/AGG;rbs_spacer=5-10bp;gc_cont=0.306
scf00000000:278282-279100|+ -            273 1371at2085           -            438   2.7e-07   24.9   5.2   2   2   1.5e-08     7e-07   23.5   0.1   367   436   126   198   107   199 0.86 scf00000000_242 # 278282 # 279100 # 1 # ID=1_242;partial=00;start_type=ATG;rbs_motif=GGA/GAG/AGG;rbs_spacer=5-10bp;gc_cont=0.306
scf00000000:860037-861614|+ -            526 1371at2085           -            438     5e-07   24.0   3.1   1   2      0.31        14   -0.6  40.4   102   316    13   240     3   243 0.64 scf00000000_669 # 860037 # 861614 # 1 # ID=1_669;partial=00;start_type=ATG;rbs_motif=AGGAGG;rbs_spacer=5-10bp;gc_cont=0.253
scf00000000:860037-861614|+ -            526 1371at2085           -            438     5e-07   24.0   3.1   2   2   1.1e-08     5e-07   24.0   3.1   374   435   450   511   417   513 0.83 scf00000000_669 # 860037 # 861614 # 1 # ID=1_669;partial=00;start_type=ATG;rbs_motif=AGGAGG;rbs_spacer=5-10bp;gc_cont=0.253
scf00000000:807761-809371|+ -            537 1371at2085           -            438   5.8e-07   23.8   7.3   1   1   1.3e-08   5.8e-07   23.8   7.3   374   434   460   521   423   524 0.74 scf00000000_632 # 807761 # 809371 # 1 # ID=1_632;partial=00;start_type=ATG;rbs_motif=GGA/GAG/AGG;rbs_spacer=5-10bp;gc_cont=0.186
scf00000000:687026-688360|- -            445 1371at2085           -            438   1.1e-06   22.9   9.0   1   3    0.0076      0.35    4.7   0.0   333   358    47    78    44    91 0.84 scf00000000_542 # 687026 # 688360 # -1 # ID=1_542;partial=00;start_type=ATG;rbs_motif=GGA/GAG/AGG;rbs_spacer=11-12bp;gc_cont=0.302
scf00000000:687026-688360|- -            445 1371at2085           -            438   1.1e-06   22.9   9.0   2   3       1.4        62   -2.7   2.5   152   182   127   158   122   171 0.72 scf00000000_542 # 687026 # 688360 # -1 # ID=1_542;partial=00;start_type=ATG;rbs_motif=GGA/GAG/AGG;rbs_spacer=11-12bp;gc_cont=0.302
scf00000000:687026-688360|- -            445 1371at2085           -            438   1.1e-06   22.9   9.0   3   3   4.4e-08     2e-06   22.0   0.2   376   436   229   292   196   293 0.82 scf00000000_542 # 687026 # 688360 # -1 # ID=1_542;partial=00;start_type=ATG;rbs_motif=GGA/GAG/AGG;rbs_spacer=11-12bp;gc_cont=0.302
scf00000000:809380-810999|+ -            540 1371at2085           -            438   1.6e-05   19.0   3.3   1   1   3.5e-07   1.6e-05   19.0   3.3   367   422   455   512   445   526 0.77 scf00000000_633 # 809380 # 810999 # 1 # ID=1_633;partial=00;start_type=ATG;rbs_motif=None;rbs_spacer=None;gc_cont=0.228
scf00000000:800996-802606|+ -            537 1371at2085           -            438   1.7e-05   19.0   1.3   1   2       5.9   2.7e+02   -4.8  60.8    97   333    20   266     5   270 0.72 scf00000000_629 # 800996 # 802606 # 1 # ID=1_629;partial=00;start_type=ATG;rbs_motif=AGGA;rbs_spacer=5-10bp;gc_cont=0.238
scf00000000:800996-802606|+ -            537 1371at2085           -            438   1.7e-05   19.0   1.3   2   2   3.6e-07   1.7e-05   19.0   1.3   375   434   461   521   437   524 0.87 scf00000000_629 # 800996 # 802606 # 1 # ID=1_629;partial=00;start_type=ATG;rbs_motif=AGGA;rbs_spacer=5-10bp;gc_cont=0.238
scf00000000:802617-804230|+ -            538 1371at2085           -            438   0.00011   16.3   8.2   1   3   0.00044      0.02    8.8  39.3    99   266    11   191     8   203 0.65 scf00000000_630 # 802617 # 804230 # 1 # ID=1_630;partial=00;start_type=ATG;rbs_motif=AGGAG;rbs_spacer=5-10bp;gc_cont=0.243
scf00000000:802617-804230|+ -            538 1371at2085           -            438   0.00011   16.3   8.2   2   3     0.063       2.9    1.7  34.1   171   373   208   421   194   432 0.83 scf00000000_630 # 802617 # 804230 # 1 # ID=1_630;partial=00;start_type=ATG;rbs_motif=AGGAG;rbs_spacer=5-10bp;gc_cont=0.243
scf00000000:802617-804230|+ -            538 1371at2085           -            438   0.00011   16.3   8.2   3   3   2.4e-06   0.00011   16.3   8.2   373   435   458   520   424   523 0.76 scf00000000_630 # 802617 # 804230 # 1 # ID=1_630;partial=00;start_type=ATG;rbs_motif=AGGAG;rbs_spacer=5-10bp;gc_cont=0.243
#
# Program:         hmmsearch
# Version:         3.4 (Aug 2023)
# Pipeline mode:   SEARCH
# Query file:      /home/bryan/Documentos/GitHub/Project_doctoral/IMPLEMENTACAO/Genomes/M_hyopneumoniae/strains/MHP694/Use/busco_downloads/lineages/mycoplasmatales_odb10/hmms/1371at2085.hmm
# Target file:     /home/bryan/Documentos/GitHub/Project_doctoral/IMPLEMENTACAO/Genomes/M_hyopneumoniae/strains/MHP694/Use/busco_complete/prodigal_output/predicted_genes/predicted.faa
# Option settings: hmmsearch --domtblout /home/bryan/Documentos/GitHub/Project_doctoral/IMPLEMENTACAO/Genomes/M_hyopneumoniae/strains/MHP694/Use/busco_complete/run_mycoplasmatales_odb10/hmmer_output/1371at2085.out --cpu 1 /home/bryan/Documentos/GitHub/Project_doctoral/IMPLEMENTACAO/Genomes/M_hyopneumoniae/strains/MHP694/Use/busco_downloads/lineages/mycoplasmatales_odb10/hmms/1371at2085.hmm /home/bryan/Documentos/GitHub/Project_doctoral/IMPLEMENTACAO/Genomes/M_hyopneumoniae/strains/MHP694/Use/busco_complete/prodigal_output/predicted_genes/predicted.faa 
# Current dir:     /home/bryan/Documentos/GitHub/Project_doctoral/IMPLEMENTACAO/Genomes/M_hyopneumoniae/strains/MHP694/Use
# Date:            Sun Dec  1 19:19:32 2024
# [ok]
