#                                                                                   --- full sequence --- -------------- this domain -------------   hmm coord   ali coord   env coord
# target name               accession   tlen query name           accession   qlen   E-value  score  bias   #  of  c-Evalue  i-Evalue  score  bias  from    to  from    to  from    to  acc description of target
#       ------------------- ---------- ----- -------------------- ---------- ----- --------- ------ ----- --- --- --------- --------- ------ ----- ----- ----- ----- ----- ----- ----- ---- ---------------------
scf00000000:663692-666304|- -            871 147at2085            -            460  2.1e-195  645.1  22.6   1   4   5.4e-08   1.9e-05   18.9   1.2     2    33   276   307   275   319 0.91 scf00000000_524 # 663692 # 666304 # -1 # ID=1_524;partial=00;start_type=ATG;rbs_motif=AGGA/GGAG/GAGG;rbs_spacer=11-12bp;gc_cont=0.339
scf00000000:663692-666304|- -            871 147at2085            -            460  2.1e-195  645.1  22.6   2   4     6e-17   2.1e-14   48.4   1.2    37    95   341   407   314   411 0.78 scf00000000_524 # 663692 # 666304 # -1 # ID=1_524;partial=00;start_type=ATG;rbs_motif=AGGA/GGAG/GAGG;rbs_spacer=11-12bp;gc_cont=0.339
scf00000000:663692-666304|- -            871 147at2085            -            460  2.1e-195  645.1  22.6   3   4  3.6e-110  1.2e-107  355.7   0.6    94   300   444   657   435   666 0.95 scf00000000_524 # 663692 # 666304 # -1 # ID=1_524;partial=00;start_type=ATG;rbs_motif=AGGA/GGAG/GAGG;rbs_spacer=11-12bp;gc_cont=0.339
scf00000000:663692-666304|- -            871 147at2085            -            460  2.1e-195  645.1  22.6   4   4   9.5e-74   3.2e-71  235.7   0.7   301   460   695   869   690   869 0.95 scf00000000_524 # 663692 # 666304 # -1 # ID=1_524;partial=00;start_type=ATG;rbs_motif=AGGA/GGAG/GAGG;rbs_spacer=11-12bp;gc_cont=0.339
scf00000000:503095-504051|+ -            319 147at2085            -            460   1.3e-05   19.4   4.1   1   3   1.6e-06   0.00054   14.0   0.0   100   125    42    67    36    81 0.85 scf00000000_420 # 503095 # 504051 # 1 # ID=1_420;partial=00;start_type=ATG;rbs_motif=None;rbs_spacer=None;gc_cont=0.318
scf00000000:503095-504051|+ -            319 147at2085            -            460   1.3e-05   19.4   4.1   2   3    0.0014      0.49    4.3   0.6   208   273   134   196    84   203 0.71 scf00000000_420 # 503095 # 504051 # 1 # ID=1_420;partial=00;start_type=ATG;rbs_motif=None;rbs_spacer=None;gc_cont=0.318
scf00000000:503095-504051|+ -            319 147at2085            -            460   1.3e-05   19.4   4.1   3   3     0.019       6.4    0.6   0.1     8    78   205   277   199   290 0.77 scf00000000_420 # 503095 # 504051 # 1 # ID=1_420;partial=00;start_type=ATG;rbs_motif=None;rbs_spacer=None;gc_cont=0.318
#
# Program:         hmmsearch
# Version:         3.4 (Aug 2023)
# Pipeline mode:   SEARCH
# Query file:      /home/bryan/Documentos/GitHub/Project_doctoral/IMPLEMENTACAO/Genomes/M_hyopneumoniae/strains/MHP694/Use/busco_downloads/lineages/mycoplasmatales_odb10/hmms/147at2085.hmm
# Target file:     /home/bryan/Documentos/GitHub/Project_doctoral/IMPLEMENTACAO/Genomes/M_hyopneumoniae/strains/MHP694/Use/busco_complete/prodigal_output/predicted_genes/predicted.faa
# Option settings: hmmsearch --domtblout /home/bryan/Documentos/GitHub/Project_doctoral/IMPLEMENTACAO/Genomes/M_hyopneumoniae/strains/MHP694/Use/busco_complete/run_mycoplasmatales_odb10/hmmer_output/147at2085.out --cpu 1 /home/bryan/Documentos/GitHub/Project_doctoral/IMPLEMENTACAO/Genomes/M_hyopneumoniae/strains/MHP694/Use/busco_downloads/lineages/mycoplasmatales_odb10/hmms/147at2085.hmm /home/bryan/Documentos/GitHub/Project_doctoral/IMPLEMENTACAO/Genomes/M_hyopneumoniae/strains/MHP694/Use/busco_complete/prodigal_output/predicted_genes/predicted.faa 
# Current dir:     /home/bryan/Documentos/GitHub/Project_doctoral/IMPLEMENTACAO/Genomes/M_hyopneumoniae/strains/MHP694/Use
# Date:            Sun Dec  1 19:19:33 2024
# [ok]
