#                                                                                   --- full sequence --- -------------- this domain -------------   hmm coord   ali coord   env coord
# target name               accession   tlen query name           accession   qlen   E-value  score  bias   #  of  c-Evalue  i-Evalue  score  bias  from    to  from    to  from    to  acc description of target
#       ------------------- ---------- ----- -------------------- ---------- ----- --------- ------ ----- --- --- --------- --------- ------ ----- ----- ----- ----- ----- ----- ----- ---- ---------------------
scf00000000:479049-480488|- -            480 1529at2085           -            392  1.9e-153  506.4  18.5   1   2  5.6e-148  9.7e-146  481.1  12.3     1   341     1   372     1   384 0.90 scf00000000_399 # 479049 # 480488 # -1 # ID=1_399;partial=00;start_type=ATG;rbs_motif=None;rbs_spacer=None;gc_cont=0.312
scf00000000:479049-480488|- -            480 1529at2085           -            392  1.9e-153  506.4  18.5   2   2   7.6e-09   1.3e-06   23.0   0.5   334   386   386   448   377   451 0.85 scf00000000_399 # 479049 # 480488 # -1 # ID=1_399;partial=00;start_type=ATG;rbs_motif=None;rbs_spacer=None;gc_cont=0.312
scf00000000:50958-52325|+   -            456 1529at2085           -            392   1.2e-08   29.8   1.4   1   2   3.3e-06   0.00057   14.3   0.5    82   159   143   222   119   275 0.75 scf00000000_46 # 50958 # 52325 # 1 # ID=1_46;partial=00;start_type=ATG;rbs_motif=AGGA;rbs_spacer=5-10bp;gc_cont=0.301
scf00000000:50958-52325|+   -            456 1529at2085           -            392   1.2e-08   29.8   1.4   2   2   3.4e-06   0.00058   14.3   0.0   295   341   394   440   354   454 0.85 scf00000000_46 # 50958 # 52325 # 1 # ID=1_46;partial=00;start_type=ATG;rbs_motif=AGGA;rbs_spacer=5-10bp;gc_cont=0.301
scf00000000:268178-269419|+ -            414 1529at2085           -            392   1.2e-06   23.1   0.1   1   2     0.053       9.1    0.5   0.2   306   368    37   101    18   105 0.75 scf00000000_230 # 268178 # 269419 # 1 # ID=1_230;partial=00;start_type=ATG;rbs_motif=None;rbs_spacer=None;gc_cont=0.319
scf00000000:268178-269419|+ -            414 1529at2085           -            392   1.2e-06   23.1   0.1   2   2   5.5e-08   9.4e-06   20.2   0.0   103   246   225   377   162   400 0.80 scf00000000_230 # 268178 # 269419 # 1 # ID=1_230;partial=00;start_type=ATG;rbs_motif=None;rbs_spacer=None;gc_cont=0.319
scf00000000:745387-747126|- -            580 1529at2085           -            392   1.2e-05   19.8   2.1   1   2   9.7e-06    0.0017   12.8   0.1    39   158   206   325   174   353 0.79 scf00000000_590 # 745387 # 747126 # -1 # ID=1_590;partial=00;start_type=ATG;rbs_motif=AGGA;rbs_spacer=5-10bp;gc_cont=0.297
scf00000000:745387-747126|- -            580 1529at2085           -            392   1.2e-05   19.8   2.1   2   2     0.001      0.17    6.1   0.3   280   329   503   552   428   567 0.79 scf00000000_590 # 745387 # 747126 # -1 # ID=1_590;partial=00;start_type=ATG;rbs_motif=AGGA;rbs_spacer=5-10bp;gc_cont=0.297
#
# Program:         hmmsearch
# Version:         3.4 (Aug 2023)
# Pipeline mode:   SEARCH
# Query file:      /home/bryan/Documentos/GitHub/Project_doctoral/IMPLEMENTACAO/Genomes/M_hyopneumoniae/strains/MHP694/Use/busco_downloads/lineages/mycoplasmatales_odb10/hmms/1529at2085.hmm
# Target file:     /home/bryan/Documentos/GitHub/Project_doctoral/IMPLEMENTACAO/Genomes/M_hyopneumoniae/strains/MHP694/Use/busco_complete/prodigal_output/predicted_genes/predicted.faa
# Option settings: hmmsearch --domtblout /home/bryan/Documentos/GitHub/Project_doctoral/IMPLEMENTACAO/Genomes/M_hyopneumoniae/strains/MHP694/Use/busco_complete/run_mycoplasmatales_odb10/hmmer_output/1529at2085.out --cpu 1 /home/bryan/Documentos/GitHub/Project_doctoral/IMPLEMENTACAO/Genomes/M_hyopneumoniae/strains/MHP694/Use/busco_downloads/lineages/mycoplasmatales_odb10/hmms/1529at2085.hmm /home/bryan/Documentos/GitHub/Project_doctoral/IMPLEMENTACAO/Genomes/M_hyopneumoniae/strains/MHP694/Use/busco_complete/prodigal_output/predicted_genes/predicted.faa 
# Current dir:     /home/bryan/Documentos/GitHub/Project_doctoral/IMPLEMENTACAO/Genomes/M_hyopneumoniae/strains/MHP694/Use
# Date:            Sun Dec  1 19:19:33 2024
# [ok]
