#                                                                                   --- full sequence --- -------------- this domain -------------   hmm coord   ali coord   env coord
# target name               accession   tlen query name           accession   qlen   E-value  score  bias   #  of  c-Evalue  i-Evalue  score  bias  from    to  from    to  from    to  acc description of target
#       ------------------- ---------- ----- -------------------- ---------- ----- --------- ------ ----- --- --- --------- --------- ------ ----- ----- ----- ----- ----- ----- ----- ---- ---------------------
scf00000000:315383-316486|- -            368 1683at2085           -            284  1.7e-103  341.2  15.0   1   3   2.3e-71   2.6e-69  229.0   2.2     1   163     1   169     1   179 0.94 scf00000000_273 # 315383 # 316486 # -1 # ID=1_273;partial=00;start_type=ATG;rbs_motif=None;rbs_spacer=None;gc_cont=0.295
scf00000000:315383-316486|- -            368 1683at2085           -            284  1.7e-103  341.2  15.0   2   3   8.4e-08   9.6e-06   20.4   0.2   155   187   182   214   167   220 0.81 scf00000000_273 # 315383 # 316486 # -1 # ID=1_273;partial=00;start_type=ATG;rbs_motif=None;rbs_spacer=None;gc_cont=0.295
scf00000000:315383-316486|- -            368 1683at2085           -            284  1.7e-103  341.2  15.0   3   3   1.1e-31   1.2e-29   98.8   1.6   185   284   238   365   222   365 0.75 scf00000000_273 # 315383 # 316486 # -1 # ID=1_273;partial=00;start_type=ATG;rbs_motif=None;rbs_spacer=None;gc_cont=0.295
scf00000000:35506-36765|+   -            420 1683at2085           -            284   1.6e-16   55.8   5.4   1   1   3.4e-17   3.9e-15   51.2   5.5     4   135   158   274   155   347 0.82 scf00000000_28 # 35506 # 36765 # 1 # ID=1_28;partial=00;start_type=ATG;rbs_motif=AGGA;rbs_spacer=5-10bp;gc_cont=0.308
scf00000000:72936-74237|+   -            434 1683at2085           -            284   6.9e-07   24.2   2.7   1   3     2e-05    0.0023   12.6   0.1     2    25     2    25     1    32 0.84 scf00000000_59 # 72936 # 74237 # 1 # ID=1_59;partial=00;start_type=ATG;rbs_motif=None;rbs_spacer=None;gc_cont=0.294
scf00000000:72936-74237|+   -            434 1683at2085           -            284   6.9e-07   24.2   2.7   2   3    0.0004     0.045    8.4   0.0     3    22   171   190   169   253 0.82 scf00000000_59 # 72936 # 74237 # 1 # ID=1_59;partial=00;start_type=ATG;rbs_motif=None;rbs_spacer=None;gc_cont=0.294
scf00000000:72936-74237|+   -            434 1683at2085           -            284   6.9e-07   24.2   2.7   3   3     0.077       8.8    0.9   0.1    27    80   273   329   269   360 0.69 scf00000000_59 # 72936 # 74237 # 1 # ID=1_59;partial=00;start_type=ATG;rbs_motif=None;rbs_spacer=None;gc_cont=0.294
scf00000000:206623-207951|- -            443 1683at2085           -            284   3.3e-06   22.0   2.4   1   1   1.4e-06   0.00016   16.4   2.2     3   104   217   308   215   366 0.82 scf00000000_190 # 206623 # 207951 # -1 # ID=1_190;partial=00;start_type=TTG;rbs_motif=AGGAG;rbs_spacer=5-10bp;gc_cont=0.315
scf00000000:148559-149440|+ -            294 1683at2085           -            284   1.5e-05   19.8   0.1   1   1   2.9e-07   3.3e-05   18.7   0.1     5    26     9    30     6    55 0.85 scf00000000_135 # 148559 # 149440 # 1 # ID=1_135;partial=00;start_type=ATG;rbs_motif=None;rbs_spacer=None;gc_cont=0.295
scf00000000:93215-94006|+   -            264 1683at2085           -            284   5.5e-05   18.0   0.1   1   3       0.2        23   -0.5   0.9    83   149    33   102     7   107 0.56 scf00000000_76 # 93215 # 94006 # 1 # ID=1_76;partial=00;start_type=ATG;rbs_motif=None;rbs_spacer=None;gc_cont=0.270
scf00000000:93215-94006|+   -            264 1683at2085           -            284   5.5e-05   18.0   0.1   2   3   4.8e-07   5.5e-05   18.0   0.1     2    27   110   135   109   155 0.87 scf00000000_76 # 93215 # 94006 # 1 # ID=1_76;partial=00;start_type=ATG;rbs_motif=None;rbs_spacer=None;gc_cont=0.270
scf00000000:93215-94006|+   -            264 1683at2085           -            284   5.5e-05   18.0   0.1   3   3      0.53        60   -1.9   0.1    17    53   192   230   174   243 0.49 scf00000000_76 # 93215 # 94006 # 1 # ID=1_76;partial=00;start_type=ATG;rbs_motif=None;rbs_spacer=None;gc_cont=0.270
#
# Program:         hmmsearch
# Version:         3.4 (Aug 2023)
# Pipeline mode:   SEARCH
# Query file:      /home/bryan/Documentos/GitHub/Project_doctoral/IMPLEMENTACAO/Genomes/M_hyopneumoniae/strains/MHP694/Use/busco_downloads/lineages/mycoplasmatales_odb10/hmms/1683at2085.hmm
# Target file:     /home/bryan/Documentos/GitHub/Project_doctoral/IMPLEMENTACAO/Genomes/M_hyopneumoniae/strains/MHP694/Use/busco_complete/prodigal_output/predicted_genes/predicted.faa
# Option settings: hmmsearch --domtblout /home/bryan/Documentos/GitHub/Project_doctoral/IMPLEMENTACAO/Genomes/M_hyopneumoniae/strains/MHP694/Use/busco_complete/run_mycoplasmatales_odb10/hmmer_output/1683at2085.out --cpu 1 /home/bryan/Documentos/GitHub/Project_doctoral/IMPLEMENTACAO/Genomes/M_hyopneumoniae/strains/MHP694/Use/busco_downloads/lineages/mycoplasmatales_odb10/hmms/1683at2085.hmm /home/bryan/Documentos/GitHub/Project_doctoral/IMPLEMENTACAO/Genomes/M_hyopneumoniae/strains/MHP694/Use/busco_complete/prodigal_output/predicted_genes/predicted.faa 
# Current dir:     /home/bryan/Documentos/GitHub/Project_doctoral/IMPLEMENTACAO/Genomes/M_hyopneumoniae/strains/MHP694/Use
# Date:            Sun Dec  1 19:19:33 2024
# [ok]
