#                                                                                   --- full sequence --- -------------- this domain -------------   hmm coord   ali coord   env coord
# target name               accession   tlen query name           accession   qlen   E-value  score  bias   #  of  c-Evalue  i-Evalue  score  bias  from    to  from    to  from    to  acc description of target
#       ------------------- ---------- ----- -------------------- ---------- ----- --------- ------ ----- --- --- --------- --------- ------ ----- ----- ----- ----- ----- ----- ----- ---- ---------------------
scf00000000:148559-149440|+ -            294 2656at2085           -            232   5.2e-67  220.9  10.7   1   2   6.2e-41   5.3e-39  129.2   4.2     1   122     9   134     9   156 0.90 scf00000000_135 # 148559 # 149440 # 1 # ID=1_135;partial=00;start_type=ATG;rbs_motif=None;rbs_spacer=None;gc_cont=0.295
scf00000000:148559-149440|+ -            294 2656at2085           -            232   5.2e-67  220.9  10.7   2   2   9.6e-31   8.2e-29   95.8   0.5   119   232   159   293   147   293 0.82 scf00000000_135 # 148559 # 149440 # 1 # ID=1_135;partial=00;start_type=ATG;rbs_motif=None;rbs_spacer=None;gc_cont=0.295
scf00000000:72936-74237|+   -            434 2656at2085           -            232   1.1e-41  137.9   1.9   1   3   4.4e-21   3.8e-19   64.2   0.7     1   114     5   123     5   137 0.84 scf00000000_59 # 72936 # 74237 # 1 # ID=1_59;partial=00;start_type=ATG;rbs_motif=None;rbs_spacer=None;gc_cont=0.294
scf00000000:72936-74237|+   -            434 2656at2085           -            232   1.1e-41  137.9   1.9   2   3   2.2e-23   1.9e-21   71.7   0.0     2   121   174   301   173   317 0.84 scf00000000_59 # 72936 # 74237 # 1 # ID=1_59;partial=00;start_type=ATG;rbs_motif=None;rbs_spacer=None;gc_cont=0.294
scf00000000:72936-74237|+   -            434 2656at2085           -            232   1.1e-41  137.9   1.9   3   3      0.47        41   -1.3   0.1   116   145   329   358   311   365 0.64 scf00000000_59 # 72936 # 74237 # 1 # ID=1_59;partial=00;start_type=ATG;rbs_motif=None;rbs_spacer=None;gc_cont=0.294
scf00000000:206623-207951|- -            443 2656at2085           -            232   4.7e-18   60.7   5.8   1   2       0.2        18   -0.1   0.2   168   200   127   159   113   190 0.64 scf00000000_190 # 206623 # 207951 # -1 # ID=1_190;partial=00;start_type=TTG;rbs_motif=AGGAG;rbs_spacer=5-10bp;gc_cont=0.315
scf00000000:206623-207951|- -            443 2656at2085           -            232   4.7e-18   60.7   5.8   2   2   5.4e-20   4.7e-18   60.7   5.8     2   116   220   338   219   384 0.79 scf00000000_190 # 206623 # 207951 # -1 # ID=1_190;partial=00;start_type=TTG;rbs_motif=AGGAG;rbs_spacer=5-10bp;gc_cont=0.315
scf00000000:553316-553912|- -            199 2656at2085           -            232   2.2e-12   42.1   2.3   1   1   3.3e-14   2.8e-12   41.7   2.3     2   132    41   179    40   197 0.71 scf00000000_444 # 553316 # 553912 # -1 # ID=1_444;partial=00;start_type=ATG;rbs_motif=None;rbs_spacer=None;gc_cont=0.293
scf00000000:93215-94006|+   -            264 2656at2085           -            232   6.1e-11   37.4   9.2   1   2    0.0048      0.41    5.2   2.5    69   124     8    64     2   100 0.79 scf00000000_76 # 93215 # 94006 # 1 # ID=1_76;partial=00;start_type=ATG;rbs_motif=None;rbs_spacer=None;gc_cont=0.270
scf00000000:93215-94006|+   -            264 2656at2085           -            232   6.1e-11   37.4   9.2   2   2   1.8e-12   1.5e-10   36.1   0.6     3    66   115   174   113   239 0.92 scf00000000_76 # 93215 # 94006 # 1 # ID=1_76;partial=00;start_type=ATG;rbs_motif=None;rbs_spacer=None;gc_cont=0.270
scf00000000:35506-36765|+   -            420 2656at2085           -            232     6e-09   30.9   0.8   1   1   1.4e-10   1.2e-08   29.9   0.7     1   111   159   274   159   321 0.75 scf00000000_28 # 35506 # 36765 # 1 # ID=1_28;partial=00;start_type=ATG;rbs_motif=AGGA;rbs_spacer=5-10bp;gc_cont=0.308
scf00000000:315383-316486|- -            368 2656at2085           -            232   2.4e-08   28.9   3.0   1   1   6.4e-09   5.4e-07   24.4   2.5     2   143     6   162     5   214 0.71 scf00000000_273 # 315383 # 316486 # -1 # ID=1_273;partial=00;start_type=ATG;rbs_motif=None;rbs_spacer=None;gc_cont=0.295
scf00000000:151762-152619|+ -            286 2656at2085           -            232   2.9e-06   22.1   0.4   1   2     0.027       2.3    2.7   2.7    57   115    83   142    54   157 0.69 scf00000000_139 # 151762 # 152619 # 1 # ID=1_139;partial=00;start_type=ATG;rbs_motif=None;rbs_spacer=None;gc_cont=0.276
scf00000000:151762-152619|+ -            286 2656at2085           -            232   2.9e-06   22.1   0.4   2   2   3.4e-08   2.9e-06   22.1   0.4     3    68   157   224   155   235 0.72 scf00000000_139 # 151762 # 152619 # 1 # ID=1_139;partial=00;start_type=ATG;rbs_motif=None;rbs_spacer=None;gc_cont=0.276
#
# Program:         hmmsearch
# Version:         3.4 (Aug 2023)
# Pipeline mode:   SEARCH
# Query file:      /home/bryan/Documentos/GitHub/Project_doctoral/IMPLEMENTACAO/Genomes/M_hyopneumoniae/strains/MHP694/Use/busco_downloads/lineages/mycoplasmatales_odb10/hmms/2656at2085.hmm
# Target file:     /home/bryan/Documentos/GitHub/Project_doctoral/IMPLEMENTACAO/Genomes/M_hyopneumoniae/strains/MHP694/Use/busco_complete/prodigal_output/predicted_genes/predicted.faa
# Option settings: hmmsearch --domtblout /home/bryan/Documentos/GitHub/Project_doctoral/IMPLEMENTACAO/Genomes/M_hyopneumoniae/strains/MHP694/Use/busco_complete/run_mycoplasmatales_odb10/hmmer_output/2656at2085.out --cpu 1 /home/bryan/Documentos/GitHub/Project_doctoral/IMPLEMENTACAO/Genomes/M_hyopneumoniae/strains/MHP694/Use/busco_downloads/lineages/mycoplasmatales_odb10/hmms/2656at2085.hmm /home/bryan/Documentos/GitHub/Project_doctoral/IMPLEMENTACAO/Genomes/M_hyopneumoniae/strains/MHP694/Use/busco_complete/prodigal_output/predicted_genes/predicted.faa 
# Current dir:     /home/bryan/Documentos/GitHub/Project_doctoral/IMPLEMENTACAO/Genomes/M_hyopneumoniae/strains/MHP694/Use
# Date:            Sun Dec  1 19:19:35 2024
# [ok]
