#                                                                                   --- full sequence --- -------------- this domain -------------   hmm coord   ali coord   env coord
# target name               accession   tlen query name           accession   qlen   E-value  score  bias   #  of  c-Evalue  i-Evalue  score  bias  from    to  from    to  from    to  acc description of target
#       ------------------- ---------- ----- -------------------- ---------- ----- --------- ------ ----- --- --- --------- --------- ------ ----- ----- ----- ----- ----- ----- ----- ---- ---------------------
scf00000000:74795-76591|+   -            599 501at2085            -            526  2.5e-248  820.3   9.4   1   1  3.8e-250  5.2e-248  819.3   9.4     1   526     1   594     1   594 0.93 scf00000000_62 # 74795 # 76591 # 1 # ID=1_62;partial=00;start_type=ATG;rbs_motif=None;rbs_spacer=None;gc_cont=0.344
scf00000000:78307-80391|-   -            695 501at2085            -            526   5.7e-47  155.9   1.2   1   4   1.8e-36   2.4e-34  114.2   0.1     4   153     8   162     5   186 0.86 scf00000000_64 # 78307 # 80391 # -1 # ID=1_64;partial=00;start_type=ATG;rbs_motif=AGGA;rbs_spacer=5-10bp;gc_cont=0.374
scf00000000:78307-80391|-   -            695 501at2085            -            526   5.7e-47  155.9   1.2   2   4      0.53        73   -2.9   0.0   155   173   263   281   256   293 0.80 scf00000000_64 # 78307 # 80391 # -1 # ID=1_64;partial=00;start_type=ATG;rbs_motif=AGGA;rbs_spacer=5-10bp;gc_cont=0.374
scf00000000:78307-80391|-   -            695 501at2085            -            526   5.7e-47  155.9   1.2   3   4     6e-12   8.3e-10   33.2   0.1   170   339   301   485   289   498 0.69 scf00000000_64 # 78307 # 80391 # -1 # ID=1_64;partial=00;start_type=ATG;rbs_motif=AGGA;rbs_spacer=5-10bp;gc_cont=0.374
scf00000000:78307-80391|-   -            695 501at2085            -            526   5.7e-47  155.9   1.2   4   4    0.0026      0.36    4.7   0.0   350   411   607   675   595   691 0.78 scf00000000_64 # 78307 # 80391 # -1 # ID=1_64;partial=00;start_type=ATG;rbs_motif=AGGA;rbs_spacer=5-10bp;gc_cont=0.374
scf00000000:737204-739003|- -            600 501at2085            -            526   2.4e-19   64.7   2.9   1   3   1.7e-21   2.4e-19   64.7   2.9    10   196   117   308   115   321 0.77 scf00000000_583 # 737204 # 739003 # -1 # ID=1_583;partial=00;start_type=ATG;rbs_motif=GGAG/GAGG;rbs_spacer=5-10bp;gc_cont=0.349
scf00000000:737204-739003|- -            600 501at2085            -            526   2.4e-19   64.7   2.9   2   3      0.57        78   -3.0   0.6   135   181   388   434   377   454 0.72 scf00000000_583 # 737204 # 739003 # -1 # ID=1_583;partial=00;start_type=ATG;rbs_motif=GGAG/GAGG;rbs_spacer=5-10bp;gc_cont=0.349
scf00000000:737204-739003|- -            600 501at2085            -            526   2.4e-19   64.7   2.9   3   3      0.34        46   -2.2   0.0   382   408   480   506   459   516 0.80 scf00000000_583 # 737204 # 739003 # -1 # ID=1_583;partial=00;start_type=ATG;rbs_motif=GGAG/GAGG;rbs_spacer=5-10bp;gc_cont=0.349
scf00000000:662170-663378|- -            403 501at2085            -            526     2e-18   61.7   2.9   1   2   3.7e-20   5.1e-18   60.3   0.2     8   140    20   155    14   168 0.88 scf00000000_523 # 662170 # 663378 # -1 # ID=1_523;partial=00;start_type=ATG;rbs_motif=AGGA;rbs_spacer=5-10bp;gc_cont=0.404
scf00000000:662170-663378|- -            403 501at2085            -            526     2e-18   61.7   2.9   2   2     0.023       3.2    1.6   0.2   161   256   205   309   194   325 0.67 scf00000000_523 # 662170 # 663378 # -1 # ID=1_523;partial=00;start_type=ATG;rbs_motif=AGGA;rbs_spacer=5-10bp;gc_cont=0.404
scf00000000:72936-74237|+   -            434 501at2085            -            526   9.3e-13   43.0   0.5   1   2   3.1e-05    0.0042   11.1   0.1    62   180    45   170    35   173 0.76 scf00000000_59 # 72936 # 74237 # 1 # ID=1_59;partial=00;start_type=ATG;rbs_motif=None;rbs_spacer=None;gc_cont=0.294
scf00000000:72936-74237|+   -            434 501at2085            -            526   9.3e-13   43.0   0.5   2   2   5.5e-11   7.5e-09   30.1   0.1    78   168   238   340   214   363 0.81 scf00000000_59 # 72936 # 74237 # 1 # ID=1_59;partial=00;start_type=ATG;rbs_motif=None;rbs_spacer=None;gc_cont=0.294
#
# Program:         hmmsearch
# Version:         3.4 (Aug 2023)
# Pipeline mode:   SEARCH
# Query file:      /home/bryan/Documentos/GitHub/Project_doctoral/IMPLEMENTACAO/Genomes/M_hyopneumoniae/strains/MHP694/Use/busco_downloads/lineages/mycoplasmatales_odb10/hmms/501at2085.hmm
# Target file:     /home/bryan/Documentos/GitHub/Project_doctoral/IMPLEMENTACAO/Genomes/M_hyopneumoniae/strains/MHP694/Use/busco_complete/prodigal_output/predicted_genes/predicted.faa
# Option settings: hmmsearch --domtblout /home/bryan/Documentos/GitHub/Project_doctoral/IMPLEMENTACAO/Genomes/M_hyopneumoniae/strains/MHP694/Use/busco_complete/run_mycoplasmatales_odb10/hmmer_output/501at2085.out --cpu 1 /home/bryan/Documentos/GitHub/Project_doctoral/IMPLEMENTACAO/Genomes/M_hyopneumoniae/strains/MHP694/Use/busco_downloads/lineages/mycoplasmatales_odb10/hmms/501at2085.hmm /home/bryan/Documentos/GitHub/Project_doctoral/IMPLEMENTACAO/Genomes/M_hyopneumoniae/strains/MHP694/Use/busco_complete/prodigal_output/predicted_genes/predicted.faa 
# Current dir:     /home/bryan/Documentos/GitHub/Project_doctoral/IMPLEMENTACAO/Genomes/M_hyopneumoniae/strains/MHP694/Use
# Date:            Sun Dec  1 19:19:38 2024
# [ok]
