#                                                                                   --- full sequence --- -------------- this domain -------------   hmm coord   ali coord   env coord
# target name               accession   tlen query name           accession   qlen   E-value  score  bias   #  of  c-Evalue  i-Evalue  score  bias  from    to  from    to  from    to  acc description of target
#       ------------------- ---------- ----- -------------------- ---------- ----- --------- ------ ----- --- --- --------- --------- ------ ----- ----- ----- ----- ----- ----- ----- ---- ---------------------
scf00000000:426284-428752|- -            823 534at2085            -            678  2.3e-263  870.7  54.9   1   2  1.7e-255    3e-253  837.4  47.2    14   658    28   751     1   767 0.85 scf00000000_362 # 426284 # 428752 # -1 # ID=1_362;partial=00;start_type=ATG;rbs_motif=AGGA;rbs_spacer=5-10bp;gc_cont=0.299
scf00000000:426284-428752|- -            823 534at2085            -            678  2.3e-263  870.7  54.9   2   2   4.5e-11   7.8e-09   29.6   4.9   625   678   766   819   743   819 0.83 scf00000000_362 # 426284 # 428752 # -1 # ID=1_362;partial=00;start_type=ATG;rbs_motif=AGGA;rbs_spacer=5-10bp;gc_cont=0.299
scf00000000:19200-21860|-   -            887 534at2085            -            678   2.8e-68  226.0  25.2   1   3   1.8e-26   3.1e-24   80.5   0.3     7   211    40   250    34   275 0.82 scf00000000_18 # 19200 # 21860 # -1 # ID=1_18;partial=00;start_type=ATG;rbs_motif=AGGA;rbs_spacer=5-10bp;gc_cont=0.307
scf00000000:19200-21860|-   -            887 534at2085            -            678   2.8e-68  226.0  25.2   2   3   1.1e-20   1.9e-18   61.4   0.3   217   382   293   468   287   481 0.80 scf00000000_18 # 19200 # 21860 # -1 # ID=1_18;partial=00;start_type=ATG;rbs_motif=AGGA;rbs_spacer=5-10bp;gc_cont=0.307
scf00000000:19200-21860|-   -            887 534at2085            -            678   2.8e-68  226.0  25.2   3   3   6.4e-30   1.1e-27   91.9  12.5   371   599   489   721   476   780 0.77 scf00000000_18 # 19200 # 21860 # -1 # ID=1_18;partial=00;start_type=ATG;rbs_motif=AGGA;rbs_spacer=5-10bp;gc_cont=0.307
scf00000000:831079-833451|- -            791 534at2085            -            678   2.9e-38  126.9  20.2   1   6   3.4e-13   5.9e-11   36.6   0.0    14   169    26   171    13   175 0.79 scf00000000_650 # 831079 # 833451 # -1 # ID=1_650;partial=00;start_type=ATG;rbs_motif=GGA/GAG/AGG;rbs_spacer=5-10bp;gc_cont=0.307
scf00000000:831079-833451|- -            791 534at2085            -            678   2.9e-38  126.9  20.2   2   6   7.9e-06    0.0014   12.3   0.2   308   365   177   233   170   238 0.89 scf00000000_650 # 831079 # 833451 # -1 # ID=1_650;partial=00;start_type=ATG;rbs_motif=GGA/GAG/AGG;rbs_spacer=5-10bp;gc_cont=0.307
scf00000000:831079-833451|- -            791 534at2085            -            678   2.9e-38  126.9  20.2   3   6     0.014       2.4    1.6   0.0   176   210   231   266   226   287 0.77 scf00000000_650 # 831079 # 833451 # -1 # ID=1_650;partial=00;start_type=ATG;rbs_motif=GGA/GAG/AGG;rbs_spacer=5-10bp;gc_cont=0.307
scf00000000:831079-833451|- -            791 534at2085            -            678   2.9e-38  126.9  20.2   4   6   9.3e-09   1.6e-06   22.0   0.1   216   300   302   391   295   397 0.86 scf00000000_650 # 831079 # 833451 # -1 # ID=1_650;partial=00;start_type=ATG;rbs_motif=GGA/GAG/AGG;rbs_spacer=5-10bp;gc_cont=0.307
scf00000000:831079-833451|- -            791 534at2085            -            678   2.9e-38  126.9  20.2   5   6   1.8e-05    0.0031   11.1   0.0   359   388   398   427   393   440 0.84 scf00000000_650 # 831079 # 833451 # -1 # ID=1_650;partial=00;start_type=ATG;rbs_motif=GGA/GAG/AGG;rbs_spacer=5-10bp;gc_cont=0.307
scf00000000:831079-833451|- -            791 534at2085            -            678   2.9e-38  126.9  20.2   6   6   2.2e-17   3.8e-15   50.5   6.1   437   596   530   705   500   778 0.74 scf00000000_650 # 831079 # 833451 # -1 # ID=1_650;partial=00;start_type=ATG;rbs_motif=GGA/GAG/AGG;rbs_spacer=5-10bp;gc_cont=0.307
scf00000000:490287-491828|+ -            514 534at2085            -            678   6.1e-13   43.2  22.9   1   2   8.7e-10   1.5e-07   25.4   2.3    29   150    14   123     2   143 0.78 scf00000000_410 # 490287 # 491828 # 1 # ID=1_410;partial=00;start_type=ATG;rbs_motif=GGA/GAG/AGG;rbs_spacer=5-10bp;gc_cont=0.272
scf00000000:490287-491828|+ -            514 534at2085            -            678   6.1e-13   43.2  22.9   2   2   1.3e-08   2.2e-06   21.5  13.1   311   556   150   387   126   455 0.70 scf00000000_410 # 490287 # 491828 # 1 # ID=1_410;partial=00;start_type=ATG;rbs_motif=GGA/GAG/AGG;rbs_spacer=5-10bp;gc_cont=0.272
#
# Program:         hmmsearch
# Version:         3.4 (Aug 2023)
# Pipeline mode:   SEARCH
# Query file:      /home/bryan/Documentos/GitHub/Project_doctoral/IMPLEMENTACAO/Genomes/M_hyopneumoniae/strains/MHP694/Use/busco_downloads/lineages/mycoplasmatales_odb10/hmms/534at2085.hmm
# Target file:     /home/bryan/Documentos/GitHub/Project_doctoral/IMPLEMENTACAO/Genomes/M_hyopneumoniae/strains/MHP694/Use/busco_complete/prodigal_output/predicted_genes/predicted.faa
# Option settings: hmmsearch --domtblout /home/bryan/Documentos/GitHub/Project_doctoral/IMPLEMENTACAO/Genomes/M_hyopneumoniae/strains/MHP694/Use/busco_complete/run_mycoplasmatales_odb10/hmmer_output/534at2085.out --cpu 1 /home/bryan/Documentos/GitHub/Project_doctoral/IMPLEMENTACAO/Genomes/M_hyopneumoniae/strains/MHP694/Use/busco_downloads/lineages/mycoplasmatales_odb10/hmms/534at2085.hmm /home/bryan/Documentos/GitHub/Project_doctoral/IMPLEMENTACAO/Genomes/M_hyopneumoniae/strains/MHP694/Use/busco_complete/prodigal_output/predicted_genes/predicted.faa 
# Current dir:     /home/bryan/Documentos/GitHub/Project_doctoral/IMPLEMENTACAO/Genomes/M_hyopneumoniae/strains/MHP694/Use
# Date:            Sun Dec  1 19:19:38 2024
# [ok]
