#                                                                                  --- full sequence --- -------------- this domain -------------   hmm coord   ali coord   env coord
# target name              accession   tlen query name           accession   qlen   E-value  score  bias   #  of  c-Evalue  i-Evalue  score  bias  from    to  from    to  from    to  acc description of target
#      ------------------- ---------- ----- -------------------- ---------- ----- --------- ------ ----- --- --- --------- --------- ------ ----- ----- ----- ----- ----- ----- ----- ---- ---------------------
CP098239.1:730717-731346|- -            210 1064at2085           -            350   2.1e-67  223.0   9.2   1   1   4.8e-68   9.5e-67  220.8   9.2   183   349     1   206     1   207 0.80 CP098239.1_600 # 730717 # 731346 # -1 # ID=1_600;partial=00;start_type=ATG;rbs_motif=3Base/5BMM;rbs_spacer=13-15bp;gc_cont=0.310
CP098239.1:731685-732050|- -            122 1064at2085           -            350   2.1e-56  186.8   0.4   1   1   1.2e-57   2.3e-56  186.7   0.4     1   109    10   118    10   121 0.98 CP098239.1_601 # 731685 # 732050 # -1 # ID=1_601;partial=00;start_type=ATG;rbs_motif=GGA/GAG/AGG;rbs_spacer=11-12bp;gc_cont=0.325
CP098239.1:296495-298024|+ -            510 1064at2085           -            350   8.2e-50  165.2  10.4   1   4     2e-15   3.9e-14   47.8   0.2     2    99    11   116    10   121 0.89 CP098239.1_270 # 296495 # 298024 # 1 # ID=1_270;partial=00;start_type=TTG;rbs_motif=GGAGG;rbs_spacer=5-10bp;gc_cont=0.319
CP098239.1:296495-298024|+ -            510 1064at2085           -            350   8.2e-50  165.2  10.4   2   4   2.7e-15   5.4e-14   47.3   0.4   153   256   127   229   116   251 0.92 CP098239.1_270 # 296495 # 298024 # 1 # ID=1_270;partial=00;start_type=TTG;rbs_motif=GGAGG;rbs_spacer=5-10bp;gc_cont=0.319
CP098239.1:296495-298024|+ -            510 1064at2085           -            350   8.2e-50  165.2  10.4   3   4   0.00051      0.01   10.3   0.0    16    67   280   331   273   343 0.90 CP098239.1_270 # 296495 # 298024 # 1 # ID=1_270;partial=00;start_type=TTG;rbs_motif=GGAGG;rbs_spacer=5-10bp;gc_cont=0.319
CP098239.1:296495-298024|+ -            510 1064at2085           -            350   8.2e-50  165.2  10.4   4   4     2e-20   3.9e-19   64.3   0.2   150   259   381   490   374   502 0.90 CP098239.1_270 # 296495 # 298024 # 1 # ID=1_270;partial=00;start_type=TTG;rbs_motif=GGAGG;rbs_spacer=5-10bp;gc_cont=0.319
CP098239.1:688621-690159|+ -            513 1064at2085           -            350   1.3e-49  164.5  17.6   1   4   1.2e-12   2.3e-11   38.7   0.1     1    97     6   107     6   117 0.84 CP098239.1_570 # 688621 # 690159 # 1 # ID=1_570;partial=00;start_type=TTG;rbs_motif=AGGA;rbs_spacer=5-10bp;gc_cont=0.320
CP098239.1:688621-690159|+ -            513 1064at2085           -            350   1.3e-49  164.5  17.6   2   4   1.2e-20   2.5e-19   64.9   0.8   150   272   116   237   109   247 0.92 CP098239.1_570 # 688621 # 690159 # 1 # ID=1_570;partial=00;start_type=TTG;rbs_motif=AGGA;rbs_spacer=5-10bp;gc_cont=0.320
CP098239.1:688621-690159|+ -            513 1064at2085           -            350   1.3e-49  164.5  17.6   3   4   5.7e-08   1.2e-06   23.2   0.2    12    73   278   341   264   369 0.81 CP098239.1_570 # 688621 # 690159 # 1 # ID=1_570;partial=00;start_type=TTG;rbs_motif=AGGA;rbs_spacer=5-10bp;gc_cont=0.320
CP098239.1:688621-690159|+ -            513 1064at2085           -            350   1.3e-49  164.5  17.6   4   4   2.4e-15   4.8e-14   47.5   1.7   159   262   391   495   376   502 0.86 CP098239.1_570 # 688621 # 690159 # 1 # ID=1_570;partial=00;start_type=TTG;rbs_motif=AGGA;rbs_spacer=5-10bp;gc_cont=0.320
CP098239.1:475859-476686|+ -            276 1064at2085           -            350   1.5e-48  161.0   1.2   1   1     1e-49     2e-48  160.6   1.2   136   290    18   172     4   186 0.91 CP098239.1_416 # 475859 # 476686 # 1 # ID=1_416;partial=00;start_type=TTG;rbs_motif=GGA/GAG/AGG;rbs_spacer=5-10bp;gc_cont=0.327
CP098239.1:491254-492414|+ -            387 1064at2085           -            350   2.8e-47  156.8  13.2   1   1   2.9e-48   5.9e-47  155.8  13.2     2   298     8   314     7   362 0.77 CP098239.1_426 # 491254 # 492414 # 1 # ID=1_426;partial=00;start_type=ATG;rbs_motif=3Base/5BMM;rbs_spacer=13-15bp;gc_cont=0.259
CP098239.1:598824-599720|- -            299 1064at2085           -            350     2e-35  117.9   4.1   1   2   9.3e-21   1.9e-19   65.3   1.0     1   107    60   176    60   194 0.79 CP098239.1_507 # 598824 # 599720 # -1 # ID=1_507;partial=00;start_type=GTG;rbs_motif=AGGAG;rbs_spacer=5-10bp;gc_cont=0.356
CP098239.1:598824-599720|- -            299 1064at2085           -            350     2e-35  117.9   4.1   2   2   2.1e-17   4.2e-16   54.3   0.1   160   258   180   277   177   284 0.89 CP098239.1_507 # 598824 # 599720 # -1 # ID=1_507;partial=00;start_type=GTG;rbs_motif=AGGAG;rbs_spacer=5-10bp;gc_cont=0.356
CP098239.1:269269-270600|+ -            444 1064at2085           -            350   3.8e-35  116.9   3.2   1   2   1.5e-10     3e-09   31.8   0.2     3   103    45   160    43   184 0.73 CP098239.1_253 # 269269 # 270600 # 1 # ID=1_253;partial=00;start_type=ATG;rbs_motif=GGAG/GAGG;rbs_spacer=5-10bp;gc_cont=0.291
CP098239.1:269269-270600|+ -            444 1064at2085           -            350   3.8e-35  116.9   3.2   2   2   6.2e-27   1.2e-25   85.6   0.2   140   267   242   369   200   375 0.86 CP098239.1_253 # 269269 # 270600 # 1 # ID=1_253;partial=00;start_type=ATG;rbs_motif=GGAG/GAGG;rbs_spacer=5-10bp;gc_cont=0.291
CP098239.1:473565-475682|+ -            706 1064at2085           -            350   2.2e-34  114.4   0.2   1   3       7.9   1.6e+02   -3.5   3.9    97   145   303   345   291   351 0.51 CP098239.1_415 # 473565 # 475682 # 1 # ID=1_415;partial=00;start_type=ATG;rbs_motif=None;rbs_spacer=None;gc_cont=0.295
CP098239.1:473565-475682|+ -            706 1064at2085           -            350   2.2e-34  114.4   0.2   2   3   1.1e-35   2.2e-34  114.4   0.2     2   140   354   491   353   540 0.75 CP098239.1_415 # 473565 # 475682 # 1 # ID=1_415;partial=00;start_type=ATG;rbs_motif=None;rbs_spacer=None;gc_cont=0.295
CP098239.1:473565-475682|+ -            706 1064at2085           -            350   2.2e-34  114.4   0.2   3   3       9.7   1.9e+02   -3.8   1.6    96   132   581   601   571   651 0.54 CP098239.1_415 # 473565 # 475682 # 1 # ID=1_415;partial=00;start_type=ATG;rbs_motif=None;rbs_spacer=None;gc_cont=0.295
CP098239.1:334320-335138|+ -            273 1064at2085           -            350     1e-33  112.2   7.7   1   2   1.1e-14   2.2e-13   45.4   1.9     2   104     2   110     1   117 0.83 CP098239.1_303 # 334320 # 335138 # 1 # ID=1_303;partial=00;start_type=ATG;rbs_motif=GGA/GAG/AGG;rbs_spacer=5-10bp;gc_cont=0.305
CP098239.1:334320-335138|+ -            273 1064at2085           -            350     1e-33  112.2   7.7   2   2   1.5e-22     3e-21   71.2   0.8   153   271   112   229   106   245 0.94 CP098239.1_303 # 334320 # 335138 # 1 # ID=1_303;partial=00;start_type=ATG;rbs_motif=GGA/GAG/AGG;rbs_spacer=5-10bp;gc_cont=0.305
CP098239.1:401901-403853|+ -            651 1064at2085           -            350   5.1e-33  109.9  10.8   1   2     1e-18     2e-17   58.6   4.5     1    95     1    93     1   106 0.93 CP098239.1_354 # 401901 # 403853 # 1 # ID=1_354;partial=00;start_type=ATG;rbs_motif=GGA/GAG/AGG;rbs_spacer=5-10bp;gc_cont=0.244
CP098239.1:401901-403853|+ -            651 1064at2085           -            350   5.1e-33  109.9  10.8   2   2   1.8e-17   3.6e-16   54.5   0.6   146   259    99   207    93   229 0.84 CP098239.1_354 # 401901 # 403853 # 1 # ID=1_354;partial=00;start_type=ATG;rbs_motif=GGA/GAG/AGG;rbs_spacer=5-10bp;gc_cont=0.244
CP098239.1:433190-435577|- -            796 1064at2085           -            350   1.3e-32  108.6   8.4   1   2   1.6e-19   3.1e-18   61.3   2.2     1   115     1   112     1   125 0.82 CP098239.1_387 # 433190 # 435577 # -1 # ID=1_387;partial=00;start_type=ATG;rbs_motif=None;rbs_spacer=None;gc_cont=0.250
CP098239.1:433190-435577|- -            796 1064at2085           -            350   1.3e-32  108.6   8.4   2   2   1.2e-16   2.5e-15   51.8   1.6   157   266   105   213    98   219 0.88 CP098239.1_387 # 433190 # 435577 # -1 # ID=1_387;partial=00;start_type=ATG;rbs_motif=None;rbs_spacer=None;gc_cont=0.250
CP098239.1:335111-336013|+ -            301 1064at2085           -            350   3.2e-32  107.3   2.4   1   2   1.6e-11   3.3e-10   34.9   2.1     2   106     3   132     2   138 0.65 CP098239.1_304 # 335111 # 336013 # 1 # ID=1_304;partial=00;start_type=ATG;rbs_motif=GGA/GAG/AGG;rbs_spacer=5-10bp;gc_cont=0.307
CP098239.1:335111-336013|+ -            301 1064at2085           -            350   3.2e-32  107.3   2.4   2   2   1.1e-21   2.2e-20   68.4   0.0   152   282   131   261   125   294 0.86 CP098239.1_304 # 335111 # 336013 # 1 # ID=1_304;partial=00;start_type=ATG;rbs_motif=GGA/GAG/AGG;rbs_spacer=5-10bp;gc_cont=0.307
CP098239.1:382944-384896|- -            651 1064at2085           -            350   2.4e-30  101.2   8.4   1   2   5.5e-19   1.1e-17   59.5   5.4     1   124     1   125     1   127 0.86 CP098239.1_344 # 382944 # 384896 # -1 # ID=1_344;partial=00;start_type=ATG;rbs_motif=GGA/GAG/AGG;rbs_spacer=5-10bp;gc_cont=0.248
CP098239.1:382944-384896|- -            651 1064at2085           -            350   2.4e-30  101.2   8.4   2   2   2.6e-14   5.2e-13   44.1   0.1   172   259   122   207   114   221 0.89 CP098239.1_344 # 382944 # 384896 # -1 # ID=1_344;partial=00;start_type=ATG;rbs_motif=GGA/GAG/AGG;rbs_spacer=5-10bp;gc_cont=0.248
CP098239.1:18657-20933|-   -            759 1064at2085           -            350   5.3e-30  100.0   8.5   1   2   2.7e-19   5.4e-18   60.5   4.3     1   107     1   104     1   120 0.87 CP098239.1_21 # 18657 # 20933 # -1 # ID=1_21;partial=00;start_type=ATG;rbs_motif=None;rbs_spacer=None;gc_cont=0.253
CP098239.1:18657-20933|-   -            759 1064at2085           -            350   5.3e-30  100.0   8.5   2   2   2.5e-13     5e-12   40.9   0.1   170   258   119   205   106   218 0.90 CP098239.1_21 # 18657 # 20933 # -1 # ID=1_21;partial=00;start_type=ATG;rbs_motif=None;rbs_spacer=None;gc_cont=0.253
CP098239.1:669018-671342|- -            775 1064at2085           -            350   2.4e-29   97.8  13.6   1   4   4.1e-08   8.2e-07   23.7   6.5     8   113    15   124     5   201 0.79 CP098239.1_556 # 669018 # 671342 # -1 # ID=1_556;partial=00;start_type=ATG;rbs_motif=AGxAG;rbs_spacer=5-10bp;gc_cont=0.278
CP098239.1:669018-671342|- -            775 1064at2085           -            350   2.4e-29   97.8  13.6   2   4         4        81   -2.6   1.5    70   131   187   248   161   296 0.54 CP098239.1_556 # 669018 # 671342 # -1 # ID=1_556;partial=00;start_type=ATG;rbs_motif=AGxAG;rbs_spacer=5-10bp;gc_cont=0.278
CP098239.1:669018-671342|- -            775 1064at2085           -            350   2.4e-29   97.8  13.6   3   4       1.5        30   -1.1   1.2    71   147   313   391   305   422 0.55 CP098239.1_556 # 669018 # 671342 # -1 # ID=1_556;partial=00;start_type=ATG;rbs_motif=AGxAG;rbs_spacer=5-10bp;gc_cont=0.278
CP098239.1:669018-671342|- -            775 1064at2085           -            350   2.4e-29   97.8  13.6   4   4   1.9e-27   3.9e-26   87.3   0.6   145   271   582   709   523   719 0.79 CP098239.1_556 # 669018 # 671342 # -1 # ID=1_556;partial=00;start_type=ATG;rbs_motif=AGxAG;rbs_spacer=5-10bp;gc_cont=0.278
CP098239.1:29167-31494|-   -            776 1064at2085           -            350   5.1e-29   96.8  17.1   1   2   1.3e-19   2.6e-18   61.6   3.1     1   113     1   110     1   121 0.87 CP098239.1_26 # 29167 # 31494 # -1 # ID=1_26;partial=00;start_type=ATG;rbs_motif=None;rbs_spacer=None;gc_cont=0.262
CP098239.1:29167-31494|-   -            776 1064at2085           -            350   5.1e-29   96.8  17.1   2   2   4.5e-15   9.1e-14   46.6   0.4   170   258   119   205    97   221 0.87 CP098239.1_26 # 29167 # 31494 # -1 # ID=1_26;partial=00;start_type=ATG;rbs_motif=None;rbs_spacer=None;gc_cont=0.262
CP098239.1:671342-672394|- -            351 1064at2085           -            350   1.2e-28   95.5   0.7   1   2   8.5e-08   1.7e-06   22.7   0.2    11    72    26    88     9    94 0.78 CP098239.1_557 # 671342 # 672394 # -1 # ID=1_557;partial=00;start_type=ATG;rbs_motif=GGxGG;rbs_spacer=5-10bp;gc_cont=0.330
CP098239.1:671342-672394|- -            351 1064at2085           -            350   1.2e-28   95.5   0.7   2   2   1.3e-22   2.7e-21   71.4   0.0   153   271   133   254   121   263 0.89 CP098239.1_557 # 671342 # 672394 # -1 # ID=1_557;partial=00;start_type=ATG;rbs_motif=GGxGG;rbs_spacer=5-10bp;gc_cont=0.330
CP098239.1:399491-401809|+ -            773 1064at2085           -            350   4.5e-28   93.6  15.1   1   3   3.5e-18     7e-17   56.8   3.4     1    96     1    94     1   105 0.91 CP098239.1_353 # 399491 # 401809 # 1 # ID=1_353;partial=00;start_type=ATG;rbs_motif=GGA/GAG/AGG;rbs_spacer=5-10bp;gc_cont=0.266
CP098239.1:399491-401809|+ -            773 1064at2085           -            350   4.5e-28   93.6  15.1   2   3     2e-14   3.9e-13   44.5   1.3   151   268   100   216    93   239 0.84 CP098239.1_353 # 399491 # 401809 # 1 # ID=1_353;partial=00;start_type=ATG;rbs_motif=GGA/GAG/AGG;rbs_spacer=5-10bp;gc_cont=0.266
CP098239.1:399491-401809|+ -            773 1064at2085           -            350   4.5e-28   93.6  15.1   3   3       6.8   1.4e+02   -3.3   0.1    33    94   548   606   529   612 0.66 CP098239.1_353 # 399491 # 401809 # 1 # ID=1_353;partial=00;start_type=ATG;rbs_motif=GGA/GAG/AGG;rbs_spacer=5-10bp;gc_cont=0.266
CP098239.1:903802-907005|+ -           1068 1064at2085           -            350   9.9e-28   92.5  24.1   1   4   4.8e-09   9.6e-08   26.8   0.7     2    71   327   397   326   432 0.81 CP098239.1_729 # 903802 # 907005 # 1 # ID=1_729;partial=00;start_type=ATG;rbs_motif=AGGAGG;rbs_spacer=5-10bp;gc_cont=0.262
CP098239.1:903802-907005|+ -           1068 1064at2085           -            350   9.9e-28   92.5  24.1   2   4   9.4e-06   0.00019   16.0   0.4   157   246   431   519   390   536 0.74 CP098239.1_729 # 903802 # 907005 # 1 # ID=1_729;partial=00;start_type=ATG;rbs_motif=AGGAGG;rbs_spacer=5-10bp;gc_cont=0.262
CP098239.1:903802-907005|+ -           1068 1064at2085           -            350   9.9e-28   92.5  24.1   3   4   2.4e-14   4.9e-13   44.2   1.0     2    72   855   925   854   953 0.86 CP098239.1_729 # 903802 # 907005 # 1 # ID=1_729;partial=00;start_type=ATG;rbs_motif=AGGAGG;rbs_spacer=5-10bp;gc_cont=0.262
CP098239.1:903802-907005|+ -           1068 1064at2085           -            350   9.9e-28   92.5  24.1   4   4   2.7e-07   5.3e-06   21.1   0.8   157   240   957  1044   950  1050 0.78 CP098239.1_729 # 903802 # 907005 # 1 # ID=1_729;partial=00;start_type=ATG;rbs_motif=AGGAGG;rbs_spacer=5-10bp;gc_cont=0.262
CP098239.1:384973-387255|- -            761 1064at2085           -            350     1e-27   92.5  17.3   1   3   5.5e-18   1.1e-16   56.2   4.0     1    94     1    91     1    94 0.91 CP098239.1_345 # 384973 # 387255 # -1 # ID=1_345;partial=00;start_type=ATG;rbs_motif=GGA/GAG/AGG;rbs_spacer=5-10bp;gc_cont=0.254
CP098239.1:384973-387255|- -            761 1064at2085           -            350     1e-27   92.5  17.3   2   3   1.2e-13   2.4e-12   42.0   4.2   143   282    95   229    92   305 0.79 CP098239.1_345 # 384973 # 387255 # -1 # ID=1_345;partial=00;start_type=ATG;rbs_motif=GGA/GAG/AGG;rbs_spacer=5-10bp;gc_cont=0.254
CP098239.1:384973-387255|- -            761 1064at2085           -            350     1e-27   92.5  17.3   3   3       1.4        29   -1.1   0.1    84   121   276   320   258   349 0.55 CP098239.1_345 # 384973 # 387255 # -1 # ID=1_345;partial=00;start_type=ATG;rbs_motif=GGA/GAG/AGG;rbs_spacer=5-10bp;gc_cont=0.254
CP098239.1:262512-264128|- -            539 1064at2085           -            350   1.4e-27   92.1   4.6   1   5   2.7e-13   5.4e-12   40.8   0.8     1    64     1    64     1   104 0.82 CP098239.1_248 # 262512 # 264128 # -1 # ID=1_248;partial=00;start_type=ATG;rbs_motif=AGGA;rbs_spacer=5-10bp;gc_cont=0.332
CP098239.1:262512-264128|- -            539 1064at2085           -            350   1.4e-27   92.1   4.6   2   5       1.7        34   -1.3   0.0   248   273    83   109    62   116 0.75 CP098239.1_248 # 262512 # 264128 # -1 # ID=1_248;partial=00;start_type=ATG;rbs_motif=AGGA;rbs_spacer=5-10bp;gc_cont=0.332
CP098239.1:262512-264128|- -            539 1064at2085           -            350   1.4e-27   92.1   4.6   3   5   2.2e-09   4.3e-08   27.9   0.0   171   261   148   234   130   281 0.84 CP098239.1_248 # 262512 # 264128 # -1 # ID=1_248;partial=00;start_type=ATG;rbs_motif=AGGA;rbs_spacer=5-10bp;gc_cont=0.332
CP098239.1:262512-264128|- -            539 1064at2085           -            350   1.4e-27   92.1   4.6   4   5     0.012      0.23    5.8   0.0    14    60   334   380   321   395 0.87 CP098239.1_248 # 262512 # 264128 # -1 # ID=1_248;partial=00;start_type=ATG;rbs_motif=AGGA;rbs_spacer=5-10bp;gc_cont=0.332
CP098239.1:262512-264128|- -            539 1064at2085           -            350   1.4e-27   92.1   4.6   5   5   1.7e-05   0.00034   15.1   0.0   174   223   443   492   418   535 0.78 CP098239.1_248 # 262512 # 264128 # -1 # ID=1_248;partial=00;start_type=ATG;rbs_motif=AGGA;rbs_spacer=5-10bp;gc_cont=0.332
CP098239.1:812744-814276|+ -            511 1064at2085           -            350   6.4e-27   89.9  18.5   1   4     1e-12     2e-11   38.9   1.0     2   119    14   136    13   152 0.85 CP098239.1_667 # 812744 # 814276 # 1 # ID=1_667;partial=00;start_type=GTG;rbs_motif=GGA/GAG/AGG;rbs_spacer=11-12bp;gc_cont=0.320
CP098239.1:812744-814276|+ -            511 1064at2085           -            350   6.4e-27   89.9  18.5   2   4   3.2e-06   6.5e-05   17.5   1.5   153   260   124   230   120   273 0.79 CP098239.1_667 # 812744 # 814276 # 1 # ID=1_667;partial=00;start_type=GTG;rbs_motif=GGA/GAG/AGG;rbs_spacer=11-12bp;gc_cont=0.320
CP098239.1:812744-814276|+ -            511 1064at2085           -            350   6.4e-27   89.9  18.5   3   4    0.0029     0.057    7.8   0.2    17    69   280   331   267   337 0.84 CP098239.1_667 # 812744 # 814276 # 1 # ID=1_667;partial=00;start_type=GTG;rbs_motif=GGA/GAG/AGG;rbs_spacer=11-12bp;gc_cont=0.320
CP098239.1:812744-814276|+ -            511 1064at2085           -            350   6.4e-27   89.9  18.5   4   4   1.8e-12   3.7e-11   38.0   0.8   140   259   375   492   356   503 0.75 CP098239.1_667 # 812744 # 814276 # 1 # ID=1_667;partial=00;start_type=GTG;rbs_motif=GGA/GAG/AGG;rbs_spacer=11-12bp;gc_cont=0.320
CP098239.1:494848-497148|+ -            767 1064at2085           -            350   3.2e-26   87.6  10.4   1   3   6.1e-18   1.2e-16   56.1   2.6     1   126     1   127     1   128 0.86 CP098239.1_430 # 494848 # 497148 # 1 # ID=1_430;partial=00;start_type=ATG;rbs_motif=GGA/GAG/AGG;rbs_spacer=5-10bp;gc_cont=0.291
CP098239.1:494848-497148|+ -            767 1064at2085           -            350   3.2e-26   87.6  10.4   2   3   5.8e-12   1.2e-10   36.4   0.2   173   253   123   201   102   212 0.86 CP098239.1_430 # 494848 # 497148 # 1 # ID=1_430;partial=00;start_type=ATG;rbs_motif=GGA/GAG/AGG;rbs_spacer=5-10bp;gc_cont=0.291
CP098239.1:494848-497148|+ -            767 1064at2085           -            350   3.2e-26   87.6  10.4   3   3      0.56        11    0.3   0.1    85   157   527   600   521   607 0.82 CP098239.1_430 # 494848 # 497148 # 1 # ID=1_430;partial=00;start_type=ATG;rbs_motif=GGA/GAG/AGG;rbs_spacer=5-10bp;gc_cont=0.291
CP098239.1:21142-23382|-   -            747 1064at2085           -            350   2.8e-25   84.5   7.5   1   2   4.5e-17     9e-16   53.2   4.0     1   112     1   109     1   125 0.83 CP098239.1_22 # 21142 # 23382 # -1 # ID=1_22;partial=00;start_type=ATG;rbs_motif=None;rbs_spacer=None;gc_cont=0.261
CP098239.1:21142-23382|-   -            747 1064at2085           -            350   2.8e-25   84.5   7.5   2   2   5.9e-11   1.2e-09   33.1   0.2   170   258   119   205   107   219 0.88 CP098239.1_22 # 21142 # 23382 # -1 # ID=1_22;partial=00;start_type=ATG;rbs_motif=None;rbs_spacer=None;gc_cont=0.261
CP098239.1:623018-623734|- -            239 1064at2085           -            350   1.1e-24   82.5   3.1   1   2   4.7e-10   9.5e-09   30.1   0.7     1    63     5    68     5    90 0.88 CP098239.1_524 # 623018 # 623734 # -1 # ID=1_524;partial=00;start_type=ATG;rbs_motif=AGGA;rbs_spacer=5-10bp;gc_cont=0.266
CP098239.1:623018-623734|- -            239 1064at2085           -            350   1.1e-24   82.5   3.1   2   2   4.9e-17   9.9e-16   53.1   0.1   137   268    94   225    81   233 0.87 CP098239.1_524 # 623018 # 623734 # -1 # ID=1_524;partial=00;start_type=ATG;rbs_motif=AGGA;rbs_spacer=5-10bp;gc_cont=0.266
CP098239.1:267867-269279|+ -            471 1064at2085           -            350     5e-24   80.3   9.4   1   3       2.1        42   -1.6   0.4   101   152    68   115    37   139 0.51 CP098239.1_252 # 267867 # 269279 # 1 # ID=1_252;partial=00;start_type=ATG;rbs_motif=AGGAGG;rbs_spacer=5-10bp;gc_cont=0.321
CP098239.1:267867-269279|+ -            471 1064at2085           -            350     5e-24   80.3   9.4   2   3   2.6e-06   5.2e-05   17.8   0.1    14   110   141   251   127   266 0.70 CP098239.1_252 # 267867 # 269279 # 1 # ID=1_252;partial=00;start_type=ATG;rbs_motif=AGGAGG;rbs_spacer=5-10bp;gc_cont=0.321
CP098239.1:267867-269279|+ -            471 1064at2085           -            350     5e-24   80.3   9.4   3   3   1.3e-21   2.7e-20   68.1   0.9   173   270   272   369   247   375 0.90 CP098239.1_252 # 267867 # 269279 # 1 # ID=1_252;partial=00;start_type=ATG;rbs_motif=AGGAGG;rbs_spacer=5-10bp;gc_cont=0.321
CP098239.1:26774-29056|-   -            761 1064at2085           -            350     7e-24   79.9  14.7   1   3   6.7e-17   1.4e-15   52.6   5.2     1   121     1   121     1   125 0.82 CP098239.1_25 # 26774 # 29056 # -1 # ID=1_25;partial=00;start_type=ATG;rbs_motif=AGGAG(G)/GGAGG;rbs_spacer=13-15bp;gc_cont=0.238
CP098239.1:26774-29056|-   -            761 1064at2085           -            350     7e-24   79.9  14.7   2   3   2.4e-11   4.7e-10   34.4   0.8   163   258   111   205    95   226 0.79 CP098239.1_25 # 26774 # 29056 # -1 # ID=1_25;partial=00;start_type=ATG;rbs_motif=AGGAG(G)/GGAGG;rbs_spacer=13-15bp;gc_cont=0.238
CP098239.1:26774-29056|-   -            761 1064at2085           -            350     7e-24   79.9  14.7   3   3       1.3        26   -0.9   0.3   103   176   539   613   526   639 0.66 CP098239.1_25 # 26774 # 29056 # -1 # ID=1_25;partial=00;start_type=ATG;rbs_motif=AGGAG(G)/GGAGG;rbs_spacer=13-15bp;gc_cont=0.238
CP098239.1:463673-464443|+ -            257 1064at2085           -            350   1.8e-22   75.2   4.8   1   2   6.7e-07   1.3e-05   19.7   0.3    12    76    22    86     9   131 0.71 CP098239.1_408 # 463673 # 464443 # 1 # ID=1_408;partial=00;start_type=ATG;rbs_motif=None;rbs_spacer=None;gc_cont=0.265
CP098239.1:463673-464443|+ -            257 1064at2085           -            350   1.8e-22   75.2   4.8   2   2   6.8e-19   1.4e-17   59.2   2.7    83   267    56   242    56   249 0.74 CP098239.1_408 # 463673 # 464443 # 1 # ID=1_408;partial=00;start_type=ATG;rbs_motif=None;rbs_spacer=None;gc_cont=0.265
CP098239.1:851062-852681|+ -            540 1064at2085           -            350   4.3e-22   74.0   4.6   1   2   6.8e-12   1.4e-10   36.2   0.7     1    72   336   408   336   419 0.92 CP098239.1_690 # 851062 # 852681 # 1 # ID=1_690;partial=00;start_type=ATG;rbs_motif=None;rbs_spacer=None;gc_cont=0.228
CP098239.1:851062-852681|+ -            540 1064at2085           -            350   4.3e-22   74.0   4.6   2   2   6.7e-13   1.3e-11   39.5   0.3   131   250   418   536   408   539 0.82 CP098239.1_690 # 851062 # 852681 # 1 # ID=1_690;partial=00;start_type=ATG;rbs_motif=None;rbs_spacer=None;gc_cont=0.228
CP098239.1:844392-846005|+ -            538 1064at2085           -            350   3.1e-18   61.3   6.5   1   4       6.1   1.2e+02   -3.1   0.4    79   108    72   101    67   121 0.64 CP098239.1_687 # 844392 # 846005 # 1 # ID=1_687;partial=00;start_type=ATG;rbs_motif=AGGAG;rbs_spacer=5-10bp;gc_cont=0.242
CP098239.1:844392-846005|+ -            538 1064at2085           -            350   3.1e-18   61.3   6.5   2   4       7.6   1.5e+02   -3.5   0.1   131   150   300   316   289   332 0.60 CP098239.1_687 # 844392 # 846005 # 1 # ID=1_687;partial=00;start_type=ATG;rbs_motif=AGGAG;rbs_spacer=5-10bp;gc_cont=0.242
CP098239.1:844392-846005|+ -            538 1064at2085           -            350   3.1e-18   61.3   6.5   3   4   2.7e-10   5.5e-09   30.9   0.4     6    71   339   405   334   417 0.87 CP098239.1_687 # 844392 # 846005 # 1 # ID=1_687;partial=00;start_type=ATG;rbs_motif=AGGAG;rbs_spacer=5-10bp;gc_cont=0.242
CP098239.1:844392-846005|+ -            538 1064at2085           -            350   3.1e-18   61.3   6.5   4   4   1.5e-13   3.1e-12   41.6   1.2   154   251   435   534   421   537 0.79 CP098239.1_687 # 844392 # 846005 # 1 # ID=1_687;partial=00;start_type=ATG;rbs_motif=AGGAG;rbs_spacer=5-10bp;gc_cont=0.242
CP098239.1:141374-144217|- -            948 1064at2085           -            350   1.6e-15   52.3   5.9   1   4     0.017      0.34    5.3   0.1    15    42    19    46    13    57 0.90 CP098239.1_124 # 141374 # 144217 # -1 # ID=1_124;partial=00;start_type=ATG;rbs_motif=None;rbs_spacer=None;gc_cont=0.328
CP098239.1:141374-144217|- -            948 1064at2085           -            350   1.6e-15   52.3   5.9   2   4   7.3e-07   1.5e-05   19.6   0.0   153   249   467   563   443   601 0.77 CP098239.1_124 # 141374 # 144217 # -1 # ID=1_124;partial=00;start_type=ATG;rbs_motif=None;rbs_spacer=None;gc_cont=0.328
CP098239.1:141374-144217|- -            948 1064at2085           -            350   1.6e-15   52.3   5.9   3   4   9.5e-06   0.00019   16.0   0.4    15    47   626   658   618   680 0.82 CP098239.1_124 # 141374 # 144217 # -1 # ID=1_124;partial=00;start_type=ATG;rbs_motif=None;rbs_spacer=None;gc_cont=0.328
CP098239.1:141374-144217|- -            948 1064at2085           -            350   1.6e-15   52.3   5.9   4   4   0.00028    0.0057   11.1   0.0   174   251   829   907   811   940 0.74 CP098239.1_124 # 141374 # 144217 # -1 # ID=1_124;partial=00;start_type=ATG;rbs_motif=None;rbs_spacer=None;gc_cont=0.328
CP098239.1:849443-851053|+ -            537 1064at2085           -            350   9.7e-14   46.5   6.6   1   2   5.8e-11   1.2e-09   33.1   2.7     2   127   334   462   333   463 0.80 CP098239.1_689 # 849443 # 851053 # 1 # ID=1_689;partial=00;start_type=ATG;rbs_motif=GGA/GAG/AGG;rbs_spacer=5-10bp;gc_cont=0.187
CP098239.1:849443-851053|+ -            537 1064at2085           -            350   9.7e-14   46.5   6.6   2   2   3.4e-06   6.9e-05   17.4   0.4   170   250   456   534   431   536 0.70 CP098239.1_689 # 849443 # 851053 # 1 # ID=1_689;partial=00;start_type=ATG;rbs_motif=GGA/GAG/AGG;rbs_spacer=5-10bp;gc_cont=0.187
CP098239.1:842771-844381|+ -            537 1064at2085           -            350   1.6e-13   45.8   0.2   1   2     2e-10     4e-09   31.3   0.1     2    72   334   406   333   433 0.85 CP098239.1_686 # 842771 # 844381 # 1 # ID=1_686;partial=00;start_type=ATG;rbs_motif=AGGA;rbs_spacer=5-10bp;gc_cont=0.238
CP098239.1:842771-844381|+ -            537 1064at2085           -            350   1.6e-13   45.8   0.2   2   2   0.00017    0.0035   11.8   0.0   174   231   460   514   440   535 0.72 CP098239.1_686 # 842771 # 844381 # 1 # ID=1_686;partial=00;start_type=ATG;rbs_motif=AGGA;rbs_spacer=5-10bp;gc_cont=0.238
CP098239.1:23455-25467|-   -            671 1064at2085           -            350   3.7e-12   41.3   0.1   1   1   4.6e-13   9.3e-12   40.0   0.1   171   263    15   107     3   140 0.87 CP098239.1_23 # 23455 # 25467 # -1 # ID=1_23;partial=00;start_type=TTG;rbs_motif=None;rbs_spacer=None;gc_cont=0.269
CP098239.1:219850-221889|- -            680 1064at2085           -            350   1.5e-09   32.7   5.0   1   3         3        61   -2.2   0.1    68    86   113   131    78   146 0.69 CP098239.1_196 # 219850 # 221889 # -1 # ID=1_196;partial=00;start_type=ATG;rbs_motif=None;rbs_spacer=None;gc_cont=0.246
CP098239.1:219850-221889|- -            680 1064at2085           -            350   1.5e-09   32.7   5.0   2   3   9.9e-06    0.0002   15.9   0.5     2    94   470   561   469   584 0.80 CP098239.1_196 # 219850 # 221889 # -1 # ID=1_196;partial=00;start_type=ATG;rbs_motif=None;rbs_spacer=None;gc_cont=0.246
CP098239.1:219850-221889|- -            680 1064at2085           -            350   1.5e-09   32.7   5.0   3   3   2.7e-06   5.3e-05   17.8   0.1   165   239   589   661   568   666 0.88 CP098239.1_196 # 219850 # 221889 # -1 # ID=1_196;partial=00;start_type=ATG;rbs_motif=None;rbs_spacer=None;gc_cont=0.246
CP098239.1:18269-18502|-   -             78 1064at2085           -            350   0.00012   16.6   1.2   1   1   6.4e-06   0.00013   16.5   1.2    60   125     3    71     1    76 0.66 CP098239.1_20 # 18269 # 18502 # -1 # ID=1_20;partial=00;start_type=TTG;rbs_motif=None;rbs_spacer=None;gc_cont=0.244
#
# Program:         hmmsearch
# Version:         3.4 (Aug 2023)
# Pipeline mode:   SEARCH
# Query file:      /home/lgef/Documentos/GitHub/Project_doctoral/IMPLEMENTACAO/Genomes/M_hyopneumoniae/MHP_ncbi_dataset/ncbi_dataset/data/strains/133A/Use/busco_downloads/lineages/mycoplasmatales_odb10/hmms/1064at2085.hmm
# Target file:     /home/lgef/Documentos/GitHub/Project_doctoral/IMPLEMENTACAO/Genomes/M_hyopneumoniae/MHP_ncbi_dataset/ncbi_dataset/data/strains/133A/Use/busco_complete/prodigal_output/predicted_genes/predicted.faa
# Option settings: hmmsearch --domtblout /home/lgef/Documentos/GitHub/Project_doctoral/IMPLEMENTACAO/Genomes/M_hyopneumoniae/MHP_ncbi_dataset/ncbi_dataset/data/strains/133A/Use/busco_complete/run_mycoplasmatales_odb10/hmmer_output/1064at2085.out --cpu 1 /home/lgef/Documentos/GitHub/Project_doctoral/IMPLEMENTACAO/Genomes/M_hyopneumoniae/MHP_ncbi_dataset/ncbi_dataset/data/strains/133A/Use/busco_downloads/lineages/mycoplasmatales_odb10/hmms/1064at2085.hmm /home/lgef/Documentos/GitHub/Project_doctoral/IMPLEMENTACAO/Genomes/M_hyopneumoniae/MHP_ncbi_dataset/ncbi_dataset/data/strains/133A/Use/busco_complete/prodigal_output/predicted_genes/predicted.faa 
# Current dir:     /home/lgef/Documentos/GitHub/Project_doctoral/IMPLEMENTACAO/Genomes/M_hyopneumoniae/MHP_ncbi_dataset/ncbi_dataset/data/strains/133A/Use
# Date:            Thu Nov 28 19:20:29 2024
# [ok]
