#                                                                                  --- full sequence --- -------------- this domain -------------   hmm coord   ali coord   env coord
# target name              accession   tlen query name           accession   qlen   E-value  score  bias   #  of  c-Evalue  i-Evalue  score  bias  from    to  from    to  from    to  acc description of target
#      ------------------- ---------- ----- -------------------- ---------- ----- --------- ------ ----- --- --- --------- --------- ------ ----- ----- ----- ----- ----- ----- ----- ---- ---------------------
CP098239.1:865884-867098|- -            405 1830at2085           -            299  6.6e-101  332.9  31.0   1   3   1.7e-38   4.1e-36  120.2  10.0     1   129    10   157    10   159 0.84 CP098239.1_703 # 865884 # 867098 # -1 # ID=1_703;partial=00;start_type=ATG;rbs_motif=None;rbs_spacer=None;gc_cont=0.258
CP098239.1:865884-867098|- -            405 1830at2085           -            299  6.6e-101  332.9  31.0   2   3   1.6e-65     4e-63  208.9   6.6   114   296   157   345   152   348 0.87 CP098239.1_703 # 865884 # 867098 # -1 # ID=1_703;partial=00;start_type=ATG;rbs_motif=None;rbs_spacer=None;gc_cont=0.258
CP098239.1:865884-867098|- -            405 1830at2085           -            299  6.6e-101  332.9  31.0   3   3   2.4e-06    0.0006   14.6   2.1   244   295   347   399   337   402 0.86 CP098239.1_703 # 865884 # 867098 # -1 # ID=1_703;partial=00;start_type=ATG;rbs_motif=None;rbs_spacer=None;gc_cont=0.258
CP098239.1:530237-532540|+ -            768 1830at2085           -            299   4.5e-07   24.8   0.1   1   4      0.26        64   -1.9   0.3   240   289    72   121    57   124 0.79 CP098239.1_464 # 530237 # 532540 # 1 # ID=1_464;partial=00;start_type=ATG;rbs_motif=None;rbs_spacer=None;gc_cont=0.279
CP098239.1:530237-532540|+ -            768 1830at2085           -            299   4.5e-07   24.8   0.1   2   4    0.0011      0.28    5.8   0.3     2    99   259   364   258   387 0.79 CP098239.1_464 # 530237 # 532540 # 1 # ID=1_464;partial=00;start_type=ATG;rbs_motif=None;rbs_spacer=None;gc_cont=0.279
CP098239.1:530237-532540|+ -            768 1830at2085           -            299   4.5e-07   24.8   0.1   3   4   1.8e-09   4.5e-07   24.8   0.1   193   259   548   615   537   635 0.81 CP098239.1_464 # 530237 # 532540 # 1 # ID=1_464;partial=00;start_type=ATG;rbs_motif=None;rbs_spacer=None;gc_cont=0.279
CP098239.1:530237-532540|+ -            768 1830at2085           -            299   4.5e-07   24.8   0.1   4   4      0.26        63   -1.9   0.1    67   100   659   696   649   703 0.61 CP098239.1_464 # 530237 # 532540 # 1 # ID=1_464;partial=00;start_type=ATG;rbs_motif=None;rbs_spacer=None;gc_cont=0.279
CP098239.1:872787-875159|- -            791 1830at2085           -            299   2.7e-06   22.3   0.3   1   2   3.5e-08   8.5e-06   20.6   0.0   191   236   548   594   504   626 0.85 CP098239.1_709 # 872787 # 875159 # -1 # ID=1_709;partial=00;start_type=ATG;rbs_motif=GGA/GAG/AGG;rbs_spacer=5-10bp;gc_cont=0.306
CP098239.1:872787-875159|- -            791 1830at2085           -            299   2.7e-06   22.3   0.3   2   2      0.47   1.2e+02   -2.8   0.1   106   136   698   728   647   731 0.64 CP098239.1_709 # 872787 # 875159 # -1 # ID=1_709;partial=00;start_type=ATG;rbs_motif=GGA/GAG/AGG;rbs_spacer=5-10bp;gc_cont=0.306
#
# Program:         hmmsearch
# Version:         3.4 (Aug 2023)
# Pipeline mode:   SEARCH
# Query file:      /home/lgef/Documentos/GitHub/Project_doctoral/IMPLEMENTACAO/Genomes/M_hyopneumoniae/MHP_ncbi_dataset/ncbi_dataset/data/strains/133A/Use/busco_downloads/lineages/mycoplasmatales_odb10/hmms/1830at2085.hmm
# Target file:     /home/lgef/Documentos/GitHub/Project_doctoral/IMPLEMENTACAO/Genomes/M_hyopneumoniae/MHP_ncbi_dataset/ncbi_dataset/data/strains/133A/Use/busco_complete/prodigal_output/predicted_genes/predicted.faa
# Option settings: hmmsearch --domtblout /home/lgef/Documentos/GitHub/Project_doctoral/IMPLEMENTACAO/Genomes/M_hyopneumoniae/MHP_ncbi_dataset/ncbi_dataset/data/strains/133A/Use/busco_complete/run_mycoplasmatales_odb10/hmmer_output/1830at2085.out --cpu 1 /home/lgef/Documentos/GitHub/Project_doctoral/IMPLEMENTACAO/Genomes/M_hyopneumoniae/MHP_ncbi_dataset/ncbi_dataset/data/strains/133A/Use/busco_downloads/lineages/mycoplasmatales_odb10/hmms/1830at2085.hmm /home/lgef/Documentos/GitHub/Project_doctoral/IMPLEMENTACAO/Genomes/M_hyopneumoniae/MHP_ncbi_dataset/ncbi_dataset/data/strains/133A/Use/busco_complete/prodigal_output/predicted_genes/predicted.faa 
# Current dir:     /home/lgef/Documentos/GitHub/Project_doctoral/IMPLEMENTACAO/Genomes/M_hyopneumoniae/MHP_ncbi_dataset/ncbi_dataset/data/strains/133A/Use
# Date:            Thu Nov 28 19:20:30 2024
# [ok]
