#                                                                                  --- full sequence --- -------------- this domain -------------   hmm coord   ali coord   env coord
# target name              accession   tlen query name           accession   qlen   E-value  score  bias   #  of  c-Evalue  i-Evalue  score  bias  from    to  from    to  from    to  acc description of target
#      ------------------- ---------- ----- -------------------- ---------- ----- --------- ------ ----- --- --- --------- --------- ------ ----- ----- ----- ----- ----- ----- ----- ---- ---------------------
CP098239.1:54552-55346|+   -            265 1851at2085           -            347   4.6e-62  205.4   7.0   1   2   2.5e-50   3.1e-48  159.9   1.0   151   297     1   162     1   169 0.88 CP098239.1_45 # 54552 # 55346 # 1 # ID=1_45;partial=00;start_type=ATG;rbs_motif=None;rbs_spacer=None;gc_cont=0.279
CP098239.1:54552-55346|+   -            265 1851at2085           -            347   4.6e-62  205.4   7.0   2   2   1.2e-16   1.5e-14   49.1   0.5   287   347   197   263   167   263 0.83 CP098239.1_45 # 54552 # 55346 # 1 # ID=1_45;partial=00;start_type=ATG;rbs_motif=None;rbs_spacer=None;gc_cont=0.279
CP098239.1:54086-54484|+   -            133 1851at2085           -            347   7.6e-47  155.3   3.2   1   1   7.3e-49   9.1e-47  155.1   3.2     1   105     1   106     1   110 0.96 CP098239.1_44 # 54086 # 54484 # 1 # ID=1_44;partial=00;start_type=ATG;rbs_motif=AGGA;rbs_spacer=5-10bp;gc_cont=0.366
CP098239.1:370671-371648|- -            326 1851at2085           -            347   6.4e-15   50.4   1.2   1   2   7.3e-09     9e-07   23.6   0.0   154   208     5    59     2    66 0.91 CP098239.1_332 # 370671 # 371648 # -1 # ID=1_332;partial=00;start_type=ATG;rbs_motif=None;rbs_spacer=None;gc_cont=0.300
CP098239.1:370671-371648|- -            326 1851at2085           -            347   6.4e-15   50.4   1.2   2   2   2.2e-09   2.7e-07   25.3   0.4   197   250    67   118    57   191 0.85 CP098239.1_332 # 370671 # 371648 # -1 # ID=1_332;partial=00;start_type=ATG;rbs_motif=None;rbs_spacer=None;gc_cont=0.300
CP098239.1:91511-92812|+   -            434 1851at2085           -            347   8.3e-09   30.3   0.2   1   2   9.7e-06    0.0012   13.3   0.1   153   273     4   124     1   153 0.73 CP098239.1_80 # 91511 # 92812 # 1 # ID=1_80;partial=00;start_type=ATG;rbs_motif=3Base/5BMM;rbs_spacer=13-15bp;gc_cont=0.293
CP098239.1:91511-92812|+   -            434 1851at2085           -            347   8.3e-09   30.3   0.2   2   2   3.9e-06   0.00048   14.6   0.0   146   278   165   300   156   308 0.80 CP098239.1_80 # 91511 # 92812 # 1 # ID=1_80;partial=00;start_type=ATG;rbs_motif=3Base/5BMM;rbs_spacer=13-15bp;gc_cont=0.293
CP098239.1:134803-135594|+ -            264 1851at2085           -            347   6.3e-06   20.8   2.4   1   2     0.086        11    0.3   0.4   197   249    11    64     7   108 0.63 CP098239.1_118 # 134803 # 135594 # 1 # ID=1_118;partial=00;start_type=ATG;rbs_motif=GGA/GAG/AGG;rbs_spacer=3-4bp;gc_cont=0.265
CP098239.1:134803-135594|+ -            264 1851at2085           -            347   6.3e-06   20.8   2.4   2   2   6.4e-08   7.9e-06   20.5   0.1   156   296   115   251    98   261 0.86 CP098239.1_118 # 134803 # 135594 # 1 # ID=1_118;partial=00;start_type=ATG;rbs_motif=GGA/GAG/AGG;rbs_spacer=3-4bp;gc_cont=0.265
CP098239.1:217742-218623|- -            294 1851at2085           -            347   0.00053   14.5   1.7   1   1   6.2e-06   0.00076   13.9   1.7   148   302     3   157     1   163 0.78 CP098239.1_192 # 217742 # 218623 # -1 # ID=1_192;partial=00;start_type=ATG;rbs_motif=None;rbs_spacer=None;gc_cont=0.290
#
# Program:         hmmsearch
# Version:         3.4 (Aug 2023)
# Pipeline mode:   SEARCH
# Query file:      /home/lgef/Documentos/GitHub/Project_doctoral/IMPLEMENTACAO/Genomes/M_hyopneumoniae/MHP_ncbi_dataset/ncbi_dataset/data/strains/133A/Use/busco_downloads/lineages/mycoplasmatales_odb10/hmms/1851at2085.hmm
# Target file:     /home/lgef/Documentos/GitHub/Project_doctoral/IMPLEMENTACAO/Genomes/M_hyopneumoniae/MHP_ncbi_dataset/ncbi_dataset/data/strains/133A/Use/busco_complete/prodigal_output/predicted_genes/predicted.faa
# Option settings: hmmsearch --domtblout /home/lgef/Documentos/GitHub/Project_doctoral/IMPLEMENTACAO/Genomes/M_hyopneumoniae/MHP_ncbi_dataset/ncbi_dataset/data/strains/133A/Use/busco_complete/run_mycoplasmatales_odb10/hmmer_output/1851at2085.out --cpu 1 /home/lgef/Documentos/GitHub/Project_doctoral/IMPLEMENTACAO/Genomes/M_hyopneumoniae/MHP_ncbi_dataset/ncbi_dataset/data/strains/133A/Use/busco_downloads/lineages/mycoplasmatales_odb10/hmms/1851at2085.hmm /home/lgef/Documentos/GitHub/Project_doctoral/IMPLEMENTACAO/Genomes/M_hyopneumoniae/MHP_ncbi_dataset/ncbi_dataset/data/strains/133A/Use/busco_complete/prodigal_output/predicted_genes/predicted.faa 
# Current dir:     /home/lgef/Documentos/GitHub/Project_doctoral/IMPLEMENTACAO/Genomes/M_hyopneumoniae/MHP_ncbi_dataset/ncbi_dataset/data/strains/133A/Use
# Date:            Thu Nov 28 19:20:30 2024
# [ok]
