#                                                                                  --- full sequence --- -------------- this domain -------------   hmm coord   ali coord   env coord
# target name              accession   tlen query name           accession   qlen   E-value  score  bias   #  of  c-Evalue  i-Evalue  score  bias  from    to  from    to  from    to  acc description of target
#      ------------------- ---------- ----- -------------------- ---------- ----- --------- ------ ----- --- --- --------- --------- ------ ----- ----- ----- ----- ----- ----- ----- ---- ---------------------
CP098239.1:865329-865850|- -            174 3504at2085           -            172   1.6e-43  143.9   2.8   1   2    0.0012      0.17    7.0   0.0     1    31     5    37     5    48 0.77 CP098239.1_702 # 865329 # 865850 # -1 # ID=1_702;partial=00;start_type=ATG;rbs_motif=None;rbs_spacer=None;gc_cont=0.285
CP098239.1:865329-865850|- -            174 3504at2085           -            172   1.6e-43  143.9   2.8   2   2   2.8e-43   4.2e-41  136.0   2.4    14   125    46   164    37   167 0.89 CP098239.1_702 # 865329 # 865850 # -1 # ID=1_702;partial=00;start_type=ATG;rbs_motif=None;rbs_spacer=None;gc_cont=0.285
CP098239.1:865148-865381|- -             78 3504at2085           -            172   4.2e-14   48.1   0.1   1   1   3.2e-16   4.8e-14   47.9   0.1   125   170    19    66     5    68 0.87 CP098239.1_701 # 865148 # 865381 # -1 # ID=1_701;partial=00;start_type=ATG;rbs_motif=GGA/GAG/AGG;rbs_spacer=11-12bp;gc_cont=0.295
CP098239.1:207545-208060|+ -            172 3504at2085           -            172   1.7e-09   33.1   0.6   1   1     2e-11     3e-09   32.3   0.4    32   105    99   169    63   171 0.77 CP098239.1_179 # 207545 # 208060 # 1 # ID=1_179;partial=00;start_type=ATG;rbs_motif=4Base/6BMM;rbs_spacer=13-15bp;gc_cont=0.256
CP098239.1:208119-208301|+ -             61 3504at2085           -            172   4.6e-09   31.6   0.0   1   1   3.7e-11   5.4e-09   31.4   0.0   124   170     8    54     4    56 0.85 CP098239.1_180 # 208119 # 208301 # 1 # ID=1_180;partial=00;start_type=ATG;rbs_motif=None;rbs_spacer=None;gc_cont=0.230
CP098239.1:207031-207555|+ -            175 3504at2085           -            172   1.5e-06   23.5   0.0   1   2   0.00038     0.056    8.6   0.0    54    73    14    34     3    63 0.85 CP098239.1_178 # 207031 # 207555 # 1 # ID=1_178;partial=00;start_type=ATG;rbs_motif=GGA/GAG/AGG;rbs_spacer=5-10bp;gc_cont=0.307
CP098239.1:207031-207555|+ -            175 3504at2085           -            172   1.5e-06   23.5   0.0   2   2   1.5e-05    0.0023   13.1   0.0   120   171    94   149    83   150 0.79 CP098239.1_178 # 207031 # 207555 # 1 # ID=1_178;partial=00;start_type=ATG;rbs_motif=GGA/GAG/AGG;rbs_spacer=5-10bp;gc_cont=0.307
#
# Program:         hmmsearch
# Version:         3.4 (Aug 2023)
# Pipeline mode:   SEARCH
# Query file:      /home/lgef/Documentos/GitHub/Project_doctoral/IMPLEMENTACAO/Genomes/M_hyopneumoniae/MHP_ncbi_dataset/ncbi_dataset/data/strains/133A/Use/busco_downloads/lineages/mycoplasmatales_odb10/hmms/3504at2085.hmm
# Target file:     /home/lgef/Documentos/GitHub/Project_doctoral/IMPLEMENTACAO/Genomes/M_hyopneumoniae/MHP_ncbi_dataset/ncbi_dataset/data/strains/133A/Use/busco_complete/prodigal_output/predicted_genes/predicted.faa
# Option settings: hmmsearch --domtblout /home/lgef/Documentos/GitHub/Project_doctoral/IMPLEMENTACAO/Genomes/M_hyopneumoniae/MHP_ncbi_dataset/ncbi_dataset/data/strains/133A/Use/busco_complete/run_mycoplasmatales_odb10/hmmer_output/3504at2085.out --cpu 1 /home/lgef/Documentos/GitHub/Project_doctoral/IMPLEMENTACAO/Genomes/M_hyopneumoniae/MHP_ncbi_dataset/ncbi_dataset/data/strains/133A/Use/busco_downloads/lineages/mycoplasmatales_odb10/hmms/3504at2085.hmm /home/lgef/Documentos/GitHub/Project_doctoral/IMPLEMENTACAO/Genomes/M_hyopneumoniae/MHP_ncbi_dataset/ncbi_dataset/data/strains/133A/Use/busco_complete/prodigal_output/predicted_genes/predicted.faa 
# Current dir:     /home/lgef/Documentos/GitHub/Project_doctoral/IMPLEMENTACAO/Genomes/M_hyopneumoniae/MHP_ncbi_dataset/ncbi_dataset/data/strains/133A/Use
# Date:            Thu Nov 28 19:20:31 2024
# [ok]
