#                                                                                  --- full sequence --- -------------- this domain -------------   hmm coord   ali coord   env coord
# target name              accession   tlen query name           accession   qlen   E-value  score  bias   #  of  c-Evalue  i-Evalue  score  bias  from    to  from    to  from    to  acc description of target
#      ------------------- ---------- ----- -------------------- ---------- ----- --------- ------ ----- --- --- --------- --------- ------ ----- ----- ----- ----- ----- ----- ----- ---- ---------------------
CP098239.1:595820-596416|- -            199 4324at2085           -            135   3.2e-41  136.0   3.2   1   1   8.3e-43   6.2e-41  135.0   3.2     2   134    24   190    23   191 0.79 CP098239.1_504 # 595820 # 596416 # -1 # ID=1_504;partial=00;start_type=ATG;rbs_motif=None;rbs_spacer=None;gc_cont=0.296
CP098239.1:91511-92812|+   -            434 4324at2085           -            135   1.2e-15   53.1   6.9   1   3   5.4e-10     4e-08   28.8   0.1    10    46     3    39     1   129 0.72 CP098239.1_80 # 91511 # 92812 # 1 # ID=1_80;partial=00;start_type=ATG;rbs_motif=3Base/5BMM;rbs_spacer=13-15bp;gc_cont=0.293
CP098239.1:91511-92812|+   -            434 4324at2085           -            135   1.2e-15   53.1   6.9   2   3   4.1e-09     3e-07   25.9   0.1    11    60   172   228   162   313 0.60 CP098239.1_80 # 91511 # 92812 # 1 # ID=1_80;partial=00;start_type=ATG;rbs_motif=3Base/5BMM;rbs_spacer=13-15bp;gc_cont=0.293
CP098239.1:91511-92812|+   -            434 4324at2085           -            135   1.2e-15   53.1   6.9   3   3      0.58        43   -0.5   0.4    25    82   353   412   334   421 0.72 CP098239.1_80 # 91511 # 92812 # 1 # ID=1_80;partial=00;start_type=ATG;rbs_motif=3Base/5BMM;rbs_spacer=13-15bp;gc_cont=0.293
CP098239.1:261140-262468|- -            443 4324at2085           -            135   6.5e-08   28.1   4.4   1   2       5.2   3.8e+02   -3.5   0.0    27    49    93   115    88   124 0.63 CP098239.1_247 # 261140 # 262468 # -1 # ID=1_247;partial=00;start_type=TTG;rbs_motif=AGGAG;rbs_spacer=5-10bp;gc_cont=0.315
CP098239.1:261140-262468|- -            443 4324at2085           -            135   6.5e-08   28.1   4.4   2   2   1.7e-09   1.2e-07   27.2   2.5    11   129   218   350   214   358 0.68 CP098239.1_247 # 261140 # 262468 # -1 # ID=1_247;partial=00;start_type=TTG;rbs_motif=AGGAG;rbs_spacer=5-10bp;gc_cont=0.315
CP098239.1:134803-135594|+ -            264 4324at2085           -            135   1.5e-07   27.0  10.9   1   4     0.023       1.7    4.1   1.1    99   124    41    66    11    71 0.68 CP098239.1_118 # 134803 # 135594 # 1 # ID=1_118;partial=00;start_type=ATG;rbs_motif=GGA/GAG/AGG;rbs_spacer=3-4bp;gc_cont=0.265
CP098239.1:134803-135594|+ -            264 4324at2085           -            135   1.5e-07   27.0  10.9   2   4       0.3        22    0.5   0.4    69   119    58   104    53   110 0.58 CP098239.1_118 # 134803 # 135594 # 1 # ID=1_118;partial=00;start_type=ATG;rbs_motif=GGA/GAG/AGG;rbs_spacer=3-4bp;gc_cont=0.265
CP098239.1:134803-135594|+ -            264 4324at2085           -            135   1.5e-07   27.0  10.9   3   4   3.6e-09   2.7e-07   26.1   0.1    11    71   112   174   103   204 0.78 CP098239.1_118 # 134803 # 135594 # 1 # ID=1_118;partial=00;start_type=ATG;rbs_motif=GGA/GAG/AGG;rbs_spacer=3-4bp;gc_cont=0.265
CP098239.1:134803-135594|+ -            264 4324at2085           -            135   1.5e-07   27.0  10.9   4   4      0.12         9    1.7   0.1    84   115   208   239   199   245 0.86 CP098239.1_118 # 134803 # 135594 # 1 # ID=1_118;partial=00;start_type=ATG;rbs_motif=GGA/GAG/AGG;rbs_spacer=3-4bp;gc_cont=0.265
CP098239.1:217742-218623|- -            294 4324at2085           -            135   1.3e-06   23.9   3.4   1   1   4.5e-08   3.4e-06   22.6   3.4    12   115     9   129     3   141 0.63 CP098239.1_192 # 217742 # 218623 # -1 # ID=1_192;partial=00;start_type=ATG;rbs_motif=None;rbs_spacer=None;gc_cont=0.290
CP098239.1:214549-215406|- -            286 4324at2085           -            135   8.6e-06   21.2   2.5   1   2      0.67        50   -0.7   0.2    96   117    99   120    87   142 0.60 CP098239.1_188 # 214549 # 215406 # -1 # ID=1_188;partial=00;start_type=ATG;rbs_motif=3Base/5BMM;rbs_spacer=13-15bp;gc_cont=0.279
CP098239.1:214549-215406|- -            286 4324at2085           -            135   8.6e-06   21.2   2.5   2   2   1.4e-07     1e-05   21.0   0.2    13    77   156   232   150   241 0.73 CP098239.1_188 # 214549 # 215406 # -1 # ID=1_188;partial=00;start_type=ATG;rbs_motif=3Base/5BMM;rbs_spacer=13-15bp;gc_cont=0.279
CP098239.1:54552-55346|+   -            265 4324at2085           -            135   0.00011   17.6   2.3   1   2   3.8e-06   0.00028   16.3   0.1    11   121     3   118     1   129 0.79 CP098239.1_45 # 54552 # 55346 # 1 # ID=1_45;partial=00;start_type=ATG;rbs_motif=None;rbs_spacer=None;gc_cont=0.279
CP098239.1:54552-55346|+   -            265 4324at2085           -            135   0.00011   17.6   2.3   2   2      0.19        14    1.1   0.2    32   104   144   216   136   233 0.80 CP098239.1_45 # 54552 # 55346 # 1 # ID=1_45;partial=00;start_type=ATG;rbs_motif=None;rbs_spacer=None;gc_cont=0.279
CP098239.1:782499-784298|- -            600 4324at2085           -            135   0.00039   15.9   0.1   1   3       1.4   1.1e+02   -1.7   0.1    77   115    30    68    16    78 0.77 CP098239.1_643 # 782499 # 784298 # -1 # ID=1_643;partial=00;start_type=ATG;rbs_motif=GGAG/GAGG;rbs_spacer=5-10bp;gc_cont=0.350
CP098239.1:782499-784298|- -            600 4324at2085           -            135   0.00039   15.9   0.1   2   3   5.2e-06   0.00039   15.9   0.1    12   123   116   236   112   245 0.79 CP098239.1_643 # 782499 # 784298 # -1 # ID=1_643;partial=00;start_type=ATG;rbs_motif=GGAG/GAGG;rbs_spacer=5-10bp;gc_cont=0.350
CP098239.1:782499-784298|- -            600 4324at2085           -            135   0.00039   15.9   0.1   3   3       2.8   2.1e+02   -2.7   0.1    90   116   468   494   448   500 0.74 CP098239.1_643 # 782499 # 784298 # -1 # ID=1_643;partial=00;start_type=ATG;rbs_motif=GGAG/GAGG;rbs_spacer=5-10bp;gc_cont=0.350
CP098239.1:370671-371648|- -            326 4324at2085           -            135    0.0033   12.9   0.0   1   1   0.00012    0.0086   11.5   0.0    14    39     7    31     2    48 0.81 CP098239.1_332 # 370671 # 371648 # -1 # ID=1_332;partial=00;start_type=ATG;rbs_motif=None;rbs_spacer=None;gc_cont=0.300
CP098239.1:141374-144217|- -            948 4324at2085           -            135    0.0045   12.4   1.9   1   2     0.094         7    2.1   0.0    10    29    32    52    24    59 0.80 CP098239.1_124 # 141374 # 144217 # -1 # ID=1_124;partial=00;start_type=ATG;rbs_motif=None;rbs_spacer=None;gc_cont=0.328
CP098239.1:141374-144217|- -            948 4324at2085           -            135    0.0045   12.4   1.9   2   2    0.0018      0.13    7.7   0.4    12    36   641   665   637   676 0.89 CP098239.1_124 # 141374 # 144217 # -1 # ID=1_124;partial=00;start_type=ATG;rbs_motif=None;rbs_spacer=None;gc_cont=0.328
#
# Program:         hmmsearch
# Version:         3.4 (Aug 2023)
# Pipeline mode:   SEARCH
# Query file:      /home/lgef/Documentos/GitHub/Project_doctoral/IMPLEMENTACAO/Genomes/M_hyopneumoniae/MHP_ncbi_dataset/ncbi_dataset/data/strains/133A/Use/busco_downloads/lineages/mycoplasmatales_odb10/hmms/4324at2085.hmm
# Target file:     /home/lgef/Documentos/GitHub/Project_doctoral/IMPLEMENTACAO/Genomes/M_hyopneumoniae/MHP_ncbi_dataset/ncbi_dataset/data/strains/133A/Use/busco_complete/prodigal_output/predicted_genes/predicted.faa
# Option settings: hmmsearch --domtblout /home/lgef/Documentos/GitHub/Project_doctoral/IMPLEMENTACAO/Genomes/M_hyopneumoniae/MHP_ncbi_dataset/ncbi_dataset/data/strains/133A/Use/busco_complete/run_mycoplasmatales_odb10/hmmer_output/4324at2085.out --cpu 1 /home/lgef/Documentos/GitHub/Project_doctoral/IMPLEMENTACAO/Genomes/M_hyopneumoniae/MHP_ncbi_dataset/ncbi_dataset/data/strains/133A/Use/busco_downloads/lineages/mycoplasmatales_odb10/hmms/4324at2085.hmm /home/lgef/Documentos/GitHub/Project_doctoral/IMPLEMENTACAO/Genomes/M_hyopneumoniae/MHP_ncbi_dataset/ncbi_dataset/data/strains/133A/Use/busco_complete/prodigal_output/predicted_genes/predicted.faa 
# Current dir:     /home/lgef/Documentos/GitHub/Project_doctoral/IMPLEMENTACAO/Genomes/M_hyopneumoniae/MHP_ncbi_dataset/ncbi_dataset/data/strains/133A/Use
# Date:            Thu Nov 28 19:20:32 2024
# [ok]
