#                                                                                  --- full sequence --- -------------- this domain -------------   hmm coord   ali coord   env coord
# target name              accession   tlen query name           accession   qlen   E-value  score  bias   #  of  c-Evalue  i-Evalue  score  bias  from    to  from    to  from    to  acc description of target
#      ------------------- ---------- ----- -------------------- ---------- ----- --------- ------ ----- --- --- --------- --------- ------ ----- ----- ----- ----- ----- ----- ----- ---- ---------------------
CP098239.1:717744-722150|- -           1469 56at2085             -           1080         0 1374.2  30.4   1   1         0         0 1365.6  30.4    49  1080   317  1467   296  1467 0.89 CP098239.1_590 # 717744 # 722150 # -1 # ID=1_590;partial=00;start_type=ATG;rbs_motif=AGGAG;rbs_spacer=5-10bp;gc_cont=0.302
CP098239.1:779162-782107|- -            982 56at2085             -           1080   3.6e-27   90.0  36.2   1   7   3.7e-08   1.4e-05   18.6   0.0    54   118     4    69     1    87 0.92 CP098239.1_641 # 779162 # 782107 # -1 # ID=1_641;partial=00;start_type=ATG;rbs_motif=None;rbs_spacer=None;gc_cont=0.287
CP098239.1:779162-782107|- -            982 56at2085             -           1080   3.6e-27   90.0  36.2   2   7     1e-14   3.7e-12   40.3   2.6   348   566   100   320    78   324 0.73 CP098239.1_641 # 779162 # 782107 # -1 # ID=1_641;partial=00;start_type=ATG;rbs_motif=None;rbs_spacer=None;gc_cont=0.287
CP098239.1:779162-782107|- -            982 56at2085             -           1080   3.6e-27   90.0  36.2   3   7   2.1e-05    0.0076    9.5   0.0   606   677   323   394   321   402 0.89 CP098239.1_641 # 779162 # 782107 # -1 # ID=1_641;partial=00;start_type=ATG;rbs_motif=None;rbs_spacer=None;gc_cont=0.287
CP098239.1:779162-782107|- -            982 56at2085             -           1080   3.6e-27   90.0  36.2   4   7    0.0015      0.54    3.4   0.1   674   754   437   512   426   547 0.78 CP098239.1_641 # 779162 # 782107 # -1 # ID=1_641;partial=00;start_type=ATG;rbs_motif=None;rbs_spacer=None;gc_cont=0.287
CP098239.1:779162-782107|- -            982 56at2085             -           1080   3.6e-27   90.0  36.2   5   7     0.014       5.2    0.1   0.4   292   372   584   666   582   684 0.78 CP098239.1_641 # 779162 # 782107 # -1 # ID=1_641;partial=00;start_type=ATG;rbs_motif=None;rbs_spacer=None;gc_cont=0.287
CP098239.1:779162-782107|- -            982 56at2085             -           1080   3.6e-27   90.0  36.2   6   7     3e-07   0.00011   15.6   8.0   906   944   684   722   667   737 0.83 CP098239.1_641 # 779162 # 782107 # -1 # ID=1_641;partial=00;start_type=ATG;rbs_motif=None;rbs_spacer=None;gc_cont=0.287
CP098239.1:779162-782107|- -            982 56at2085             -           1080   3.6e-27   90.0  36.2   7   7   5.9e-08   2.2e-05   17.9   0.3   987  1065   734   814   726   830 0.80 CP098239.1_641 # 779162 # 782107 # -1 # ID=1_641;partial=00;start_type=ATG;rbs_motif=None;rbs_spacer=None;gc_cont=0.287
#
# Program:         hmmsearch
# Version:         3.4 (Aug 2023)
# Pipeline mode:   SEARCH
# Query file:      /home/lgef/Documentos/GitHub/Project_doctoral/IMPLEMENTACAO/Genomes/M_hyopneumoniae/MHP_ncbi_dataset/ncbi_dataset/data/strains/133A/Use/busco_downloads/lineages/mycoplasmatales_odb10/hmms/56at2085.hmm
# Target file:     /home/lgef/Documentos/GitHub/Project_doctoral/IMPLEMENTACAO/Genomes/M_hyopneumoniae/MHP_ncbi_dataset/ncbi_dataset/data/strains/133A/Use/busco_complete/prodigal_output/predicted_genes/predicted.faa
# Option settings: hmmsearch --domtblout /home/lgef/Documentos/GitHub/Project_doctoral/IMPLEMENTACAO/Genomes/M_hyopneumoniae/MHP_ncbi_dataset/ncbi_dataset/data/strains/133A/Use/busco_complete/run_mycoplasmatales_odb10/hmmer_output/56at2085.out --cpu 1 /home/lgef/Documentos/GitHub/Project_doctoral/IMPLEMENTACAO/Genomes/M_hyopneumoniae/MHP_ncbi_dataset/ncbi_dataset/data/strains/133A/Use/busco_downloads/lineages/mycoplasmatales_odb10/hmms/56at2085.hmm /home/lgef/Documentos/GitHub/Project_doctoral/IMPLEMENTACAO/Genomes/M_hyopneumoniae/MHP_ncbi_dataset/ncbi_dataset/data/strains/133A/Use/busco_complete/prodigal_output/predicted_genes/predicted.faa 
# Current dir:     /home/lgef/Documentos/GitHub/Project_doctoral/IMPLEMENTACAO/Genomes/M_hyopneumoniae/MHP_ncbi_dataset/ncbi_dataset/data/strains/133A/Use
# Date:            Thu Nov 28 19:20:33 2024
# [ok]
