#                                                                                  --- full sequence --- -------------- this domain -------------   hmm coord   ali coord   env coord
# target name              accession   tlen query name           accession   qlen   E-value  score  bias   #  of  c-Evalue  i-Evalue  score  bias  from    to  from    to  from    to  acc description of target
#      ------------------- ---------- ----- -------------------- ---------- ----- --------- ------ ----- --- --- --------- --------- ------ ----- ----- ----- ----- ----- ----- ----- ---- ---------------------
CP098239.1:310102-311805|+ -            568 908at2085            -            403  4.9e-146  481.9  18.8   1   2   1.4e-85   2.7e-83  275.3  13.3     4   229    16   286    13   304 0.85 CP098239.1_281 # 310102 # 311805 # 1 # ID=1_281;partial=00;start_type=ATG;rbs_motif=GGA/GAG/AGG;rbs_spacer=5-10bp;gc_cont=0.323
CP098239.1:310102-311805|+ -            568 908at2085            -            403  4.9e-146  481.9  18.8   2   2   2.9e-63   5.3e-61  201.8   0.2   243   398   381   558   352   563 0.84 CP098239.1_281 # 310102 # 311805 # 1 # ID=1_281;partial=00;start_type=ATG;rbs_motif=GGA/GAG/AGG;rbs_spacer=5-10bp;gc_cont=0.323
CP098239.1:258853-260319|+ -            489 908at2085            -            403   1.6e-29   98.1   6.1   1   2   6.4e-18   1.2e-15   52.5   4.6    47   229   113   303    75   324 0.82 CP098239.1_245 # 258853 # 260319 # 1 # ID=1_245;partial=00;start_type=ATG;rbs_motif=GGA/GAG/AGG;rbs_spacer=11-12bp;gc_cont=0.312
CP098239.1:258853-260319|+ -            489 908at2085            -            403   1.6e-29   98.1   6.1   2   2   1.3e-15   2.3e-13   44.9   0.0   318   378   423   482   397   488 0.78 CP098239.1_245 # 258853 # 260319 # 1 # ID=1_245;partial=00;start_type=ATG;rbs_motif=GGA/GAG/AGG;rbs_spacer=11-12bp;gc_cont=0.312
CP098239.1:537369-538718|+ -            450 908at2085            -            403   4.3e-29   96.8   7.2   1   2   1.4e-14   2.5e-12   41.5   4.3     3   202    19   247    16   259 0.71 CP098239.1_469 # 537369 # 538718 # 1 # ID=1_469;partial=00;start_type=ATG;rbs_motif=None;rbs_spacer=None;gc_cont=0.320
CP098239.1:537369-538718|+ -            450 908at2085            -            403   4.3e-29   96.8   7.2   2   2   2.3e-17   4.4e-15   50.6   0.0   286   383   353   447   329   449 0.85 CP098239.1_469 # 537369 # 538718 # 1 # ID=1_469;partial=00;start_type=ATG;rbs_motif=None;rbs_spacer=None;gc_cont=0.320
CP098239.1:667755-668756|- -            334 908at2085            -            403     3e-07   24.8   0.4   1   2    0.0019      0.35    4.8   0.1   106   196    34   133    20   163 0.71 CP098239.1_555 # 667755 # 668756 # -1 # ID=1_555;partial=00;start_type=ATG;rbs_motif=AGGA/GGAG/GAGG;rbs_spacer=11-12bp;gc_cont=0.258
CP098239.1:667755-668756|- -            334 908at2085            -            403     3e-07   24.8   0.4   2   2   1.3e-07   2.5e-05   18.5   0.0   294   380   245   327   175   332 0.79 CP098239.1_555 # 667755 # 668756 # -1 # ID=1_555;partial=00;start_type=ATG;rbs_motif=AGGA/GGAG/GAGG;rbs_spacer=11-12bp;gc_cont=0.258
#
# Program:         hmmsearch
# Version:         3.4 (Aug 2023)
# Pipeline mode:   SEARCH
# Query file:      /home/lgef/Documentos/GitHub/Project_doctoral/IMPLEMENTACAO/Genomes/M_hyopneumoniae/MHP_ncbi_dataset/ncbi_dataset/data/strains/133A/Use/busco_downloads/lineages/mycoplasmatales_odb10/hmms/908at2085.hmm
# Target file:     /home/lgef/Documentos/GitHub/Project_doctoral/IMPLEMENTACAO/Genomes/M_hyopneumoniae/MHP_ncbi_dataset/ncbi_dataset/data/strains/133A/Use/busco_complete/prodigal_output/predicted_genes/predicted.faa
# Option settings: hmmsearch --domtblout /home/lgef/Documentos/GitHub/Project_doctoral/IMPLEMENTACAO/Genomes/M_hyopneumoniae/MHP_ncbi_dataset/ncbi_dataset/data/strains/133A/Use/busco_complete/run_mycoplasmatales_odb10/hmmer_output/908at2085.out --cpu 1 /home/lgef/Documentos/GitHub/Project_doctoral/IMPLEMENTACAO/Genomes/M_hyopneumoniae/MHP_ncbi_dataset/ncbi_dataset/data/strains/133A/Use/busco_downloads/lineages/mycoplasmatales_odb10/hmms/908at2085.hmm /home/lgef/Documentos/GitHub/Project_doctoral/IMPLEMENTACAO/Genomes/M_hyopneumoniae/MHP_ncbi_dataset/ncbi_dataset/data/strains/133A/Use/busco_complete/prodigal_output/predicted_genes/predicted.faa 
# Current dir:     /home/lgef/Documentos/GitHub/Project_doctoral/IMPLEMENTACAO/Genomes/M_hyopneumoniae/MHP_ncbi_dataset/ncbi_dataset/data/strains/133A/Use
# Date:            Thu Nov 28 19:20:33 2024
# [ok]
