#                                                                                   --- full sequence --- -------------- this domain -------------   hmm coord   ali coord   env coord
# target name               accession   tlen query name           accession   qlen   E-value  score  bias   #  of  c-Evalue  i-Evalue  score  bias  from    to  from    to  from    to  acc description of target
#       ------------------- ---------- ----- -------------------- ---------- ----- --------- ------ ----- --- --- --------- --------- ------ ----- ----- ----- ----- ----- ----- ----- ---- ---------------------
scf00000000:117140-119983|- -            948 111at2085            -            770         0 1169.0  23.8   1   3   9.2e-86   4.3e-84  278.1   0.2     1   184    11   218    11   235 0.88 scf00000000_94 # 117140 # 119983 # -1 # ID=1_94;partial=00;start_type=ATG;rbs_motif=None;rbs_spacer=None;gc_cont=0.335
scf00000000:117140-119983|- -            948 111at2085            -            770         0 1169.0  23.8   2   3   7.7e-38   3.6e-36  119.7   0.3   186   344   255   454   247   458 0.81 scf00000000_94 # 117140 # 119983 # -1 # ID=1_94;partial=00;start_type=ATG;rbs_motif=None;rbs_spacer=None;gc_cont=0.335
scf00000000:117140-119983|- -            948 111at2085            -            770         0 1169.0  23.8   3   3  4.7e-234  2.2e-232  768.5  13.1   317   770   454   944   450   944 0.95 scf00000000_94 # 117140 # 119983 # -1 # ID=1_94;partial=00;start_type=ATG;rbs_motif=None;rbs_spacer=None;gc_cont=0.335
scf00000000:462712-463614|+ -            301 111at2085            -            770   9.6e-15   48.8   0.0   1   2   3.9e-05    0.0019   11.5   0.0   483   513    22    52    14    60 0.89 scf00000000_331 # 462712 # 463614 # 1 # ID=1_331;partial=00;start_type=ATG;rbs_motif=None;rbs_spacer=None;gc_cont=0.309
scf00000000:462712-463614|+ -            301 111at2085            -            770   9.6e-15   48.8   0.0   2   2   2.6e-12   1.2e-10   35.2   0.0   641   729   136   221   108   231 0.87 scf00000000_331 # 462712 # 463614 # 1 # ID=1_331;partial=00;start_type=ATG;rbs_motif=None;rbs_spacer=None;gc_cont=0.309
scf00000000:213977-215515|- -            513 111at2085            -            770   2.2e-14   47.6  14.1   1   4    0.0052      0.24    4.5   0.2   483   512    21    50    10    58 0.84 scf00000000_158 # 213977 # 215515 # -1 # ID=1_158;partial=00;start_type=TTG;rbs_motif=AGGA;rbs_spacer=5-10bp;gc_cont=0.313
scf00000000:213977-215515|- -            513 111at2085            -            770   2.2e-14   47.6  14.1   2   4     7e-09   3.3e-07   23.9   0.2   647   736   129   215   113   221 0.81 scf00000000_158 # 213977 # 215515 # -1 # ID=1_158;partial=00;start_type=TTG;rbs_motif=AGGA;rbs_spacer=5-10bp;gc_cont=0.313
scf00000000:213977-215515|- -            513 111at2085            -            770   2.2e-14   47.6  14.1   3   4    0.0039      0.19    4.9   0.0     6    39   278   311   270   320 0.76 scf00000000_158 # 213977 # 215515 # -1 # ID=1_158;partial=00;start_type=TTG;rbs_motif=AGGA;rbs_spacer=5-10bp;gc_cont=0.313
scf00000000:213977-215515|- -            513 111at2085            -            770   2.2e-14   47.6  14.1   4   4   5.1e-08   2.4e-06   21.0   1.6   640   736   388   482   361   507 0.82 scf00000000_158 # 213977 # 215515 # -1 # ID=1_158;partial=00;start_type=TTG;rbs_motif=AGGA;rbs_spacer=5-10bp;gc_cont=0.313
scf00000000:730687-733005|- -            773 111at2085            -            770   2.4e-14   47.5   3.3   1   2   3.6e-06   0.00017   14.9   0.2   484   513    17    46     5    53 0.88 scf00000000_562 # 730687 # 733005 # -1 # ID=1_562;partial=00;start_type=ATG;rbs_motif=None;rbs_spacer=None;gc_cont=0.262
scf00000000:730687-733005|- -            773 111at2085            -            770   2.4e-14   47.5   3.3   2   2   1.2e-11   5.7e-10   33.0   0.3   645   738   110   200    60   206 0.75 scf00000000_562 # 730687 # 733005 # -1 # ID=1_562;partial=00;start_type=ATG;rbs_motif=None;rbs_spacer=None;gc_cont=0.262
scf00000000:461921-462739|+ -            273 111at2085            -            770   1.8e-10   34.7   1.6   1   2   7.7e-05    0.0036   10.5   0.1   483   510    19    46     8    59 0.87 scf00000000_330 # 461921 # 462739 # 1 # ID=1_330;partial=00;start_type=ATG;rbs_motif=None;rbs_spacer=None;gc_cont=0.289
scf00000000:461921-462739|+ -            273 111at2085            -            770   1.8e-10   34.7   1.6   2   2     9e-09   4.3e-07   23.5   0.3   657   759   131   225    91   236 0.85 scf00000000_330 # 461921 # 462739 # 1 # ID=1_330;partial=00;start_type=ATG;rbs_motif=None;rbs_spacer=None;gc_cont=0.289
scf00000000:230879-231928|+ -            350 111at2085            -            770   4.9e-10   33.3   0.2   1   2    0.0058      0.27    4.3   0.1    12    36    31    55    19    72 0.74 scf00000000_169 # 230879 # 231928 # 1 # ID=1_169;partial=00;start_type=ATG;rbs_motif=AGGAGG;rbs_spacer=5-10bp;gc_cont=0.339
scf00000000:230879-231928|+ -            350 111at2085            -            770   4.9e-10   33.3   0.2   2   2   7.9e-10   3.7e-08   27.0   0.0   660   738   158   235   129   251 0.81 scf00000000_169 # 230879 # 231928 # 1 # ID=1_169;partial=00;start_type=ATG;rbs_motif=AGGAGG;rbs_spacer=5-10bp;gc_cont=0.339
scf00000000:168515-169849|+ -            445 111at2085            -            770   5.5e-10   33.1   6.1   1   2    0.0012     0.059    6.5   0.1   482   511    24    53    16    58 0.80 scf00000000_127 # 168515 # 169849 # 1 # ID=1_127;partial=00;start_type=ATG;rbs_motif=GGA/GAG/AGG;rbs_spacer=11-12bp;gc_cont=0.302
scf00000000:168515-169849|+ -            445 111at2085            -            770   5.5e-10   33.1   6.1   2   2   6.1e-10   2.9e-08   27.4   2.9   244   426   123   302   109   314 0.81 scf00000000_127 # 168515 # 169849 # 1 # ID=1_127;partial=00;start_type=ATG;rbs_motif=GGA/GAG/AGG;rbs_spacer=11-12bp;gc_cont=0.302
scf00000000:368204-369364|- -            387 111at2085            -            770   3.6e-08   27.1   6.7   1   3   5.7e-06   0.00027   14.3   0.1   477   512    16    51     4    60 0.80 scf00000000_256 # 368204 # 369364 # -1 # ID=1_256;partial=00;start_type=ATG;rbs_motif=GGA/GAG/AGG;rbs_spacer=11-12bp;gc_cont=0.251
scf00000000:368204-369364|- -            387 111at2085            -            770   3.6e-08   27.1   6.7   2   3   2.3e-06   0.00011   15.6   0.1   350   425   187   262   166   280 0.61 scf00000000_256 # 368204 # 369364 # -1 # ID=1_256;partial=00;start_type=ATG;rbs_motif=GGA/GAG/AGG;rbs_spacer=11-12bp;gc_cont=0.251
scf00000000:368204-369364|- -            387 111at2085            -            770   3.6e-08   27.1   6.7   3   3      0.27        13   -1.2   0.5   455   484   310   339   303   379 0.56 scf00000000_256 # 368204 # 369364 # -1 # ID=1_256;partial=00;start_type=ATG;rbs_motif=GGA/GAG/AGG;rbs_spacer=11-12bp;gc_cont=0.251
scf00000000:651519-653045|+ -            509 111at2085            -            770   1.6e-07   24.9   9.4   1   4     0.097       4.6    0.3   0.0    13   512    25    51    13    66 0.63 scf00000000_509 # 651519 # 653045 # 1 # ID=1_509;partial=00;start_type=ATG;rbs_motif=None;rbs_spacer=None;gc_cont=0.308
scf00000000:651519-653045|+ -            509 111at2085            -            770   1.6e-07   24.9   9.4   2   4     1e-08   4.9e-07   23.4   0.6   641   730   121   207   114   219 0.89 scf00000000_509 # 651519 # 653045 # 1 # ID=1_509;partial=00;start_type=ATG;rbs_motif=None;rbs_spacer=None;gc_cont=0.308
scf00000000:651519-653045|+ -            509 111at2085            -            770   1.6e-07   24.9   9.4   3   4      0.42        20   -1.8   0.0   478   508   268   298   215   311 0.62 scf00000000_509 # 651519 # 653045 # 1 # ID=1_509;partial=00;start_type=ATG;rbs_motif=None;rbs_spacer=None;gc_cont=0.308
scf00000000:651519-653045|+ -            509 111at2085            -            770   1.6e-07   24.9   9.4   4   4    0.0043      0.21    4.7   0.3   659   736   402   477   364   484 0.84 scf00000000_509 # 651519 # 653045 # 1 # ID=1_509;partial=00;start_type=ATG;rbs_motif=None;rbs_spacer=None;gc_cont=0.308
scf00000000:353578-354348|+ -            257 111at2085            -            770   2.2e-07   24.5   0.7   1   2     0.021      0.99    2.5   0.0   481   511    24    54    17    70 0.60 scf00000000_240 # 353578 # 354348 # 1 # ID=1_240;partial=00;start_type=ATG;rbs_motif=None;rbs_spacer=None;gc_cont=0.266
scf00000000:353578-354348|+ -            257 111at2085            -            770   2.2e-07   24.5   0.7   2   2   7.4e-08   3.5e-06   20.5   0.2   644   737   135   225   102   234 0.81 scf00000000_240 # 353578 # 354348 # 1 # ID=1_240;partial=00;start_type=ATG;rbs_motif=None;rbs_spacer=None;gc_cont=0.266
scf00000000:328188-329111|+ -            308 111at2085            -            770   3.3e-07   23.9   1.5   1   2    0.0027      0.13    5.4   0.1   487   512    83   108    68   128 0.87 scf00000000_219 # 328188 # 329111 # 1 # ID=1_219;partial=00;start_type=GTG;rbs_motif=AGGAGG;rbs_spacer=5-10bp;gc_cont=0.340
scf00000000:328188-329111|+ -            308 111at2085            -            770   3.3e-07   23.9   1.5   2   2   5.2e-07   2.5e-05   17.7   0.2   647   738   183   271   160   278 0.81 scf00000000_219 # 328188 # 329111 # 1 # ID=1_219;partial=00;start_type=GTG;rbs_motif=AGGAGG;rbs_spacer=5-10bp;gc_cont=0.340
scf00000000:278647-279363|+ -            239 111at2085            -            770   0.00021   14.7   0.6   1   2    0.0034      0.16    5.1   0.2     7   510    18    48     9    63 0.65 scf00000000_198 # 278647 # 279363 # 1 # ID=1_198;partial=00;start_type=ATG;rbs_motif=AGGA;rbs_spacer=5-10bp;gc_cont=0.257
scf00000000:278647-279363|+ -            239 111at2085            -            770   0.00021   14.7   0.6   2   2   0.00041     0.019    8.1   0.0   665   731   137   200   112   222 0.83 scf00000000_198 # 278647 # 279363 # 1 # ID=1_198;partial=00;start_type=ATG;rbs_motif=AGGA;rbs_spacer=5-10bp;gc_cont=0.257
scf00000000:581089-582705|- -            539 111at2085            -            770    0.0007   12.9   2.7   1   3     0.027       1.3    2.1   0.1   481   512    14    45     7    65 0.82 scf00000000_453 # 581089 # 582705 # -1 # ID=1_453;partial=00;start_type=ATG;rbs_motif=AGGA;rbs_spacer=5-10bp;gc_cont=0.321
scf00000000:581089-582705|- -            539 111at2085            -            770    0.0007   12.9   2.7   2   3    0.0012     0.057    6.6   0.2   678   738   166   225   151   230 0.76 scf00000000_453 # 581089 # 582705 # -1 # ID=1_453;partial=00;start_type=ATG;rbs_motif=AGGA;rbs_spacer=5-10bp;gc_cont=0.321
scf00000000:581089-582705|- -            539 111at2085            -            770    0.0007   12.9   2.7   3   3     0.021         1    2.5   0.0   662   741   446   520   437   528 0.84 scf00000000_453 # 581089 # 582705 # -1 # ID=1_453;partial=00;start_type=ATG;rbs_motif=AGGA;rbs_spacer=5-10bp;gc_cont=0.321
#
# Program:         hmmsearch
# Version:         3.4 (Aug 2023)
# Pipeline mode:   SEARCH
# Query file:      /home/bryan/Documentos/GitHub/Project_doctoral/IMPLEMENTACAO/Genomes/M_flocculare/strains/MF11/Use/busco_downloads/lineages/mycoplasmatales_odb10/hmms/111at2085.hmm
# Target file:     /home/bryan/Documentos/GitHub/Project_doctoral/IMPLEMENTACAO/Genomes/M_flocculare/strains/MF11/Use/busco_complete/prodigal_output/predicted_genes/predicted.faa
# Option settings: hmmsearch --domtblout /home/bryan/Documentos/GitHub/Project_doctoral/IMPLEMENTACAO/Genomes/M_flocculare/strains/MF11/Use/busco_complete/run_mycoplasmatales_odb10/hmmer_output/111at2085.out --cpu 1 /home/bryan/Documentos/GitHub/Project_doctoral/IMPLEMENTACAO/Genomes/M_flocculare/strains/MF11/Use/busco_downloads/lineages/mycoplasmatales_odb10/hmms/111at2085.hmm /home/bryan/Documentos/GitHub/Project_doctoral/IMPLEMENTACAO/Genomes/M_flocculare/strains/MF11/Use/busco_complete/prodigal_output/predicted_genes/predicted.faa 
# Current dir:     /home/bryan/Documentos/GitHub/Project_doctoral/IMPLEMENTACAO/Genomes/M_flocculare/strains/MF11/Use
# Date:            Sun Dec  1 18:46:21 2024
# [ok]
