#                                                                                   --- full sequence --- -------------- this domain -------------   hmm coord   ali coord   env coord
# target name               accession   tlen query name           accession   qlen   E-value  score  bias   #  of  c-Evalue  i-Evalue  score  bias  from    to  from    to  from    to  acc description of target
#       ------------------- ---------- ----- -------------------- ---------- ----- --------- ------ ----- --- --- --------- --------- ------ ----- ----- ----- ----- ----- ----- ----- ---- ---------------------
scf00000000:626805-629759|- -            985 543at2085            -            552  3.9e-179  591.8  37.4   1   3     2e-20   6.1e-18   59.7   4.7     1    79     3    91     3   147 0.74 scf00000000_490 # 626805 # 629759 # -1 # ID=1_490;partial=00;start_type=ATG;rbs_motif=None;rbs_spacer=None;gc_cont=0.283
scf00000000:626805-629759|- -            985 543at2085            -            552  3.9e-179  591.8  37.4   2   3   2.5e-68   7.7e-66  217.8   0.3    86   257   237   405   231   419 0.91 scf00000000_490 # 626805 # 629759 # -1 # ID=1_490;partial=00;start_type=ATG;rbs_motif=None;rbs_spacer=None;gc_cont=0.283
scf00000000:626805-629759|- -            985 543at2085            -            552  3.9e-179  591.8  37.4   3   3   1.6e-99     5e-97  320.8  18.9   227   542   437   822   430   834 0.82 scf00000000_490 # 626805 # 629759 # -1 # ID=1_490;partial=00;start_type=ATG;rbs_motif=None;rbs_spacer=None;gc_cont=0.283
scf00000000:178448-182881|+ -           1478 543at2085            -            552   1.2e-19   65.3  18.8   1   7      0.33     1e+02   -3.7   0.4   502   528   130   155    84   172 0.43 scf00000000_137 # 178448 # 182881 # 1 # ID=1_137;partial=00;start_type=ATG;rbs_motif=GGA/GAG/AGG;rbs_spacer=5-10bp;gc_cont=0.297
scf00000000:178448-182881|+ -           1478 543at2085            -            552   1.2e-19   65.3  18.8   2   7   2.9e-11   9.1e-09   29.4   0.0   106   169   861   923   848   930 0.90 scf00000000_137 # 178448 # 182881 # 1 # ID=1_137;partial=00;start_type=ATG;rbs_motif=GGA/GAG/AGG;rbs_spacer=5-10bp;gc_cont=0.297
scf00000000:178448-182881|+ -           1478 543at2085            -            552   1.2e-19   65.3  18.8   3   7   3.3e-05      0.01    9.5   0.0   171   216   966  1011   961  1034 0.88 scf00000000_137 # 178448 # 182881 # 1 # ID=1_137;partial=00;start_type=ATG;rbs_motif=GGA/GAG/AGG;rbs_spacer=5-10bp;gc_cont=0.297
scf00000000:178448-182881|+ -           1478 543at2085            -            552   1.2e-19   65.3  18.8   4   7    0.0027      0.84    3.2   0.0   233   266  1059  1092  1052  1156 0.60 scf00000000_137 # 178448 # 182881 # 1 # ID=1_137;partial=00;start_type=ATG;rbs_motif=GGA/GAG/AGG;rbs_spacer=5-10bp;gc_cont=0.297
scf00000000:178448-182881|+ -           1478 543at2085            -            552   1.2e-19   65.3  18.8   5   7     0.011       3.5    1.1   0.0   307   357  1175  1227  1164  1244 0.72 scf00000000_137 # 178448 # 182881 # 1 # ID=1_137;partial=00;start_type=ATG;rbs_motif=GGA/GAG/AGG;rbs_spacer=5-10bp;gc_cont=0.297
scf00000000:178448-182881|+ -           1478 543at2085            -            552   1.2e-19   65.3  18.8   6   7   1.1e-10   3.3e-08   27.6   0.4   434   472  1292  1330  1277  1367 0.77 scf00000000_137 # 178448 # 182881 # 1 # ID=1_137;partial=00;start_type=ATG;rbs_motif=GGA/GAG/AGG;rbs_spacer=5-10bp;gc_cont=0.297
scf00000000:178448-182881|+ -           1478 543at2085            -            552   1.2e-19   65.3  18.8   7   7    0.0069       2.1    1.8   0.2   482   545  1398  1469  1375  1475 0.80 scf00000000_137 # 178448 # 182881 # 1 # ID=1_137;partial=00;start_type=ATG;rbs_motif=GGA/GAG/AGG;rbs_spacer=5-10bp;gc_cont=0.297
#
# Program:         hmmsearch
# Version:         3.4 (Aug 2023)
# Pipeline mode:   SEARCH
# Query file:      /home/bryan/Documentos/GitHub/Project_doctoral/IMPLEMENTACAO/Genomes/M_flocculare/strains/MF11/Use/busco_downloads/lineages/mycoplasmatales_odb10/hmms/543at2085.hmm
# Target file:     /home/bryan/Documentos/GitHub/Project_doctoral/IMPLEMENTACAO/Genomes/M_flocculare/strains/MF11/Use/busco_complete/prodigal_output/predicted_genes/predicted.faa
# Option settings: hmmsearch --domtblout /home/bryan/Documentos/GitHub/Project_doctoral/IMPLEMENTACAO/Genomes/M_flocculare/strains/MF11/Use/busco_complete/run_mycoplasmatales_odb10/hmmer_output/543at2085.out --cpu 1 /home/bryan/Documentos/GitHub/Project_doctoral/IMPLEMENTACAO/Genomes/M_flocculare/strains/MF11/Use/busco_downloads/lineages/mycoplasmatales_odb10/hmms/543at2085.hmm /home/bryan/Documentos/GitHub/Project_doctoral/IMPLEMENTACAO/Genomes/M_flocculare/strains/MF11/Use/busco_complete/prodigal_output/predicted_genes/predicted.faa 
# Current dir:     /home/bryan/Documentos/GitHub/Project_doctoral/IMPLEMENTACAO/Genomes/M_flocculare/strains/MF11/Use
# Date:            Sun Dec  1 18:46:28 2024
# [ok]
