#                                                                                   --- full sequence --- -------------- this domain -------------   hmm coord   ali coord   env coord
# target name               accession   tlen query name           accession   qlen   E-value  score  bias   #  of  c-Evalue  i-Evalue  score  bias  from    to  from    to  from    to  acc description of target
#       ------------------- ---------- ----- -------------------- ---------- ----- --------- ------ ----- --- --- --------- --------- ------ ----- ----- ----- ----- ----- ----- ----- ---- ---------------------
scf00000001:210477-211826|- -            450 1184at2085           -            356  1.4e-138  457.9   8.3   1   1  2.8e-140    5e-138  456.1   8.3     1   356    22   449    22   449 0.82 scf00000001_176 # 210477 # 211826 # -1 # ID=2_176;partial=00;start_type=ATG;rbs_motif=None;rbs_spacer=None;gc_cont=0.321
seq00000023:140-1489|+      -            450 1184at2085           -            356  3.6e-138  456.5   8.1   1   1  7.3e-140  1.3e-137  454.7   8.1     1   356    22   449    22   449 0.82 seq00000023_1 # 140 # 1489 # 1 # ID=20_1;partial=00;start_type=ATG;rbs_motif=None;rbs_spacer=None;gc_cont=0.324
seq00000013:8764-9765|+     -            334 1184at2085           -            356   1.1e-24   83.3   2.6   1   1   8.5e-27   1.5e-24   82.8   2.6   127   352    81   328    73   331 0.77 seq00000013_6 # 8764 # 9765 # 1 # ID=10_6;partial=00;start_type=GTG;rbs_motif=AGGA/GGAG/GAGG;rbs_spacer=11-12bp;gc_cont=0.259
scf00000001:80903-83122|+   -            740 1184at2085           -            356   3.4e-18   61.9   2.3   1   1   3.3e-20   5.9e-18   61.1   2.3   184   352     6   191     2   195 0.76 scf00000001_69 # 80903 # 83122 # 1 # ID=2_69;partial=00;start_type=ATG;rbs_motif=None;rbs_spacer=None;gc_cont=0.272
scf00000001:436676-438379|- -            568 1184at2085           -            356   8.9e-11   37.5   0.3   1   2   3.6e-06   0.00063   15.0   0.2    25   196    64   252    19   294 0.67 scf00000001_399 # 436676 # 438379 # -1 # ID=2_399;partial=00;start_type=ATG;rbs_motif=GGA/GAG/AGG;rbs_spacer=5-10bp;gc_cont=0.324
scf00000001:436676-438379|- -            568 1184at2085           -            356   8.9e-11   37.5   0.3   2   2   7.8e-08   1.4e-05   20.4   0.0   266   354   442   541   433   543 0.65 scf00000001_399 # 436676 # 438379 # -1 # ID=2_399;partial=00;start_type=ATG;rbs_motif=GGA/GAG/AGG;rbs_spacer=5-10bp;gc_cont=0.324
scf00000001:486152-487618|- -            489 1184at2085           -            356     3e-10   35.8   1.2   1   2   5.4e-07   9.5e-05   17.7   1.6   138   234   231   330    95   345 0.83 scf00000001_436 # 486152 # 487618 # -1 # ID=2_436;partial=00;start_type=ATG;rbs_motif=GGA/GAG/AGG;rbs_spacer=11-12bp;gc_cont=0.313
scf00000001:486152-487618|- -            489 1184at2085           -            356     3e-10   35.8   1.2   2   2   2.4e-06   0.00042   15.5   0.0   321   350   454   483   430   487 0.88 scf00000001_436 # 486152 # 487618 # -1 # ID=2_436;partial=00;start_type=ATG;rbs_motif=GGA/GAG/AGG;rbs_spacer=11-12bp;gc_cont=0.313
seq00000011:20297-21763|-   -            489 1184at2085           -            356     3e-10   35.8   1.2   1   2   5.4e-07   9.5e-05   17.7   1.6   138   234   231   330    95   345 0.83 seq00000011_13 # 20297 # 21763 # -1 # ID=8_13;partial=00;start_type=ATG;rbs_motif=GGA/GAG/AGG;rbs_spacer=11-12bp;gc_cont=0.312
seq00000011:20297-21763|-   -            489 1184at2085           -            356     3e-10   35.8   1.2   2   2   2.4e-06   0.00042   15.5   0.0   321   350   454   483   430   487 0.88 seq00000011_13 # 20297 # 21763 # -1 # ID=8_13;partial=00;start_type=ATG;rbs_motif=GGA/GAG/AGG;rbs_spacer=11-12bp;gc_cont=0.312
#
# Program:         hmmsearch
# Version:         3.4 (Aug 2023)
# Pipeline mode:   SEARCH
# Query file:      /home/lgef/Documentos/GitHub/Project_doctoral/IMPLEMENTACAO/Genomes/M_hyopneumoniae/MHP_ncbi_dataset/ncbi_dataset/data/strains/MHP650/Use/busco_downloads/lineages/mycoplasmatales_odb10/hmms/1184at2085.hmm
# Target file:     /home/lgef/Documentos/GitHub/Project_doctoral/IMPLEMENTACAO/Genomes/M_hyopneumoniae/MHP_ncbi_dataset/ncbi_dataset/data/strains/MHP650/Use/busco_complete/prodigal_output/predicted_genes/predicted.faa
# Option settings: hmmsearch --domtblout /home/lgef/Documentos/GitHub/Project_doctoral/IMPLEMENTACAO/Genomes/M_hyopneumoniae/MHP_ncbi_dataset/ncbi_dataset/data/strains/MHP650/Use/busco_complete/run_mycoplasmatales_odb10/hmmer_output/1184at2085.out --cpu 1 /home/lgef/Documentos/GitHub/Project_doctoral/IMPLEMENTACAO/Genomes/M_hyopneumoniae/MHP_ncbi_dataset/ncbi_dataset/data/strains/MHP650/Use/busco_downloads/lineages/mycoplasmatales_odb10/hmms/1184at2085.hmm /home/lgef/Documentos/GitHub/Project_doctoral/IMPLEMENTACAO/Genomes/M_hyopneumoniae/MHP_ncbi_dataset/ncbi_dataset/data/strains/MHP650/Use/busco_complete/prodigal_output/predicted_genes/predicted.faa 
# Current dir:     /home/lgef/Documentos/GitHub/Project_doctoral/IMPLEMENTACAO/Genomes/M_hyopneumoniae/MHP_ncbi_dataset/ncbi_dataset/data/strains/MHP650/Use
# Date:            Thu Nov 28 19:37:49 2024
# [ok]
