#                                                                                   --- full sequence --- -------------- this domain -------------   hmm coord   ali coord   env coord
# target name               accession   tlen query name           accession   qlen   E-value  score  bias   #  of  c-Evalue  i-Evalue  score  bias  from    to  from    to  from    to  acc description of target
#       ------------------- ---------- ----- -------------------- ---------- ----- --------- ------ ----- --- --- --------- --------- ------ ----- ----- ----- ----- ----- ----- ----- ---- ---------------------
seq00000007:36700-38739|-   -            680 1371at2085           -            438     2e-84  279.9 108.2   1   5   3.8e-32   1.9e-30  102.0   7.3     1   103    21   133    21   135 0.93 seq00000007_43 # 36700 # 38739 # -1 # ID=4_43;partial=00;start_type=ATG;rbs_motif=None;rbs_spacer=None;gc_cont=0.248
seq00000007:36700-38739|-   -            680 1371at2085           -            438     2e-84  279.9 108.2   2   5   5.5e-27   2.8e-25   85.0  34.7   102   261   158   335   144   348 0.83 seq00000007_43 # 36700 # 38739 # -1 # ID=4_43;partial=00;start_type=ATG;rbs_motif=None;rbs_spacer=None;gc_cont=0.248
seq00000007:36700-38739|-   -            680 1371at2085           -            438     2e-84  279.9 108.2   3   5       1.4        71   -2.0   6.9   161   228   339   406   331   407 0.73 seq00000007_43 # 36700 # 38739 # -1 # ID=4_43;partial=00;start_type=ATG;rbs_motif=None;rbs_spacer=None;gc_cont=0.248
seq00000007:36700-38739|-   -            680 1371at2085           -            438     2e-84  279.9 108.2   4   5   2.8e-08   1.4e-06   23.3  19.9   269   372   408   552   405   559 0.75 seq00000007_43 # 36700 # 38739 # -1 # ID=4_43;partial=00;start_type=ATG;rbs_motif=None;rbs_spacer=None;gc_cont=0.248
seq00000007:36700-38739|-   -            680 1371at2085           -            438     2e-84  279.9 108.2   5   5   7.9e-28   4.1e-26   87.8  11.6   349   438   573   663   567   663 0.83 seq00000007_43 # 36700 # 38739 # -1 # ID=4_43;partial=00;start_type=ATG;rbs_motif=None;rbs_spacer=None;gc_cont=0.248
scf00000001:525164-526606|+ -            481 1371at2085           -            438   2.1e-49  164.5  82.4   1   4   6.3e-21   3.3e-19   65.0  24.2   140   262     2   137     1   153 0.80 scf00000001_486 # 525164 # 526606 # 1 # ID=2_486;partial=00;start_type=TTG;rbs_motif=None;rbs_spacer=None;gc_cont=0.233
scf00000001:525164-526606|+ -            481 1371at2085           -            438   2.1e-49  164.5  82.4   2   4       3.2   1.6e+02   -3.2   7.6   162   228   141   207   132   209 0.61 scf00000001_486 # 525164 # 526606 # 1 # ID=2_486;partial=00;start_type=TTG;rbs_motif=None;rbs_spacer=None;gc_cont=0.233
scf00000001:525164-526606|+ -            481 1371at2085           -            438   2.1e-49  164.5  82.4   3   4   6.6e-06   0.00034   15.5  28.1   269   372   209   353   178   360 0.70 scf00000001_486 # 525164 # 526606 # 1 # ID=2_486;partial=00;start_type=TTG;rbs_motif=None;rbs_spacer=None;gc_cont=0.233
scf00000001:525164-526606|+ -            481 1371at2085           -            438   2.1e-49  164.5  82.4   4   4   2.6e-28   1.4e-26   89.3  10.8   349   438   374   464   365   464 0.84 scf00000001_486 # 525164 # 526606 # 1 # ID=2_486;partial=00;start_type=TTG;rbs_motif=None;rbs_spacer=None;gc_cont=0.233
scf00000001:692215-694227|+ -            671 1371at2085           -            438   1.7e-12   42.9   1.0   1   4   3.3e-14   1.7e-12   42.9   1.0   363   437     7    82     3    83 0.92 scf00000001_641 # 692215 # 694227 # 1 # ID=2_641;partial=00;start_type=TTG;rbs_motif=None;rbs_spacer=None;gc_cont=0.267
scf00000001:692215-694227|+ -            671 1371at2085           -            438   1.7e-12   42.9   1.0   2   4       2.3   1.2e+02   -2.7   1.5   258   292   227   263   211   299 0.58 scf00000001_641 # 692215 # 694227 # 1 # ID=2_641;partial=00;start_type=TTG;rbs_motif=None;rbs_spacer=None;gc_cont=0.267
scf00000001:692215-694227|+ -            671 1371at2085           -            438   1.7e-12   42.9   1.0   3   4       1.6        80   -2.2   0.2   240   288   301   349   293   361 0.66 scf00000001_641 # 692215 # 694227 # 1 # ID=2_641;partial=00;start_type=TTG;rbs_motif=None;rbs_spacer=None;gc_cont=0.267
scf00000001:692215-694227|+ -            671 1371at2085           -            438   1.7e-12   42.9   1.0   4   4     0.049       2.5    2.8   3.4    83   122   618   658   608   670 0.82 scf00000001_641 # 692215 # 694227 # 1 # ID=2_641;partial=00;start_type=TTG;rbs_motif=None;rbs_spacer=None;gc_cont=0.267
scf00000001:379040-379861|+ -            274 1371at2085           -            438     2e-11   39.4   9.3   1   2      0.52        27   -0.6   0.1   333   345    38    50    24    53 0.89 scf00000001_349 # 379040 # 379861 # 1 # ID=2_349;partial=00;start_type=ATG;rbs_motif=None;rbs_spacer=None;gc_cont=0.269
scf00000001:379040-379861|+ -            274 1371at2085           -            438     2e-11   39.4   9.3   2   2   3.9e-13     2e-11   39.4   9.3   350   437    99   187    77   188 0.90 scf00000001_349 # 379040 # 379861 # 1 # ID=2_349;partial=00;start_type=ATG;rbs_motif=None;rbs_spacer=None;gc_cont=0.269
seq00000037:2107-3108|-     -            334 1371at2085           -            438   2.9e-11   38.8   9.2   1   2      0.74        38   -1.1   0.2   333   345    38    50    27    53 0.89 seq00000037_3 # 2107 # 3108 # -1 # ID=34_3;partial=00;start_type=ATG;rbs_motif=None;rbs_spacer=None;gc_cont=0.250
seq00000037:2107-3108|-     -            334 1371at2085           -            438   2.9e-11   38.8   9.2   2   2   5.7e-13   2.9e-11   38.8   9.2   350   437    99   187    77   188 0.90 seq00000037_3 # 2107 # 3108 # -1 # ID=34_3;partial=00;start_type=ATG;rbs_motif=None;rbs_spacer=None;gc_cont=0.250
scf00000001:694300-695787|+ -            496 1371at2085           -            438   1.4e-10   36.5   1.8   1   4      0.49        25   -0.5   0.8   333   345    38    50     2    53 0.70 scf00000001_642 # 694300 # 695787 # 1 # ID=2_642;partial=00;start_type=ATG;rbs_motif=None;rbs_spacer=None;gc_cont=0.264
scf00000001:694300-695787|+ -            496 1371at2085           -            438   1.4e-10   36.5   1.8   2   4   2.8e-12   1.4e-10   36.5   1.8   361   435   110   185    84   188 0.85 scf00000001_642 # 694300 # 695787 # 1 # ID=2_642;partial=00;start_type=ATG;rbs_motif=None;rbs_spacer=None;gc_cont=0.264
scf00000001:694300-695787|+ -            496 1371at2085           -            438   1.4e-10   36.5   1.8   3   4       3.3   1.7e+02   -3.3   6.4   185   246   216   275   187   299 0.57 scf00000001_642 # 694300 # 695787 # 1 # ID=2_642;partial=00;start_type=ATG;rbs_motif=None;rbs_spacer=None;gc_cont=0.264
scf00000001:694300-695787|+ -            496 1371at2085           -            438   1.4e-10   36.5   1.8   4   4       1.7        89   -2.3   6.3   356   396   423   463   376   485 0.74 scf00000001_642 # 694300 # 695787 # 1 # ID=2_642;partial=00;start_type=ATG;rbs_motif=None;rbs_spacer=None;gc_cont=0.264
scf00000001:357701-358762|+ -            354 1371at2085           -            438   3.9e-10   35.1  13.8   1   3       0.7        36   -1.0   0.1   333   345    38    50    22    53 0.90 scf00000001_321 # 357701 # 358762 # 1 # ID=2_321;partial=00;start_type=ATG;rbs_motif=GGA/GAG/AGG;rbs_spacer=5-10bp;gc_cont=0.239
scf00000001:357701-358762|+ -            354 1371at2085           -            438   3.9e-10   35.1  13.8   2   3   7.5e-12   3.9e-10   35.1  13.8   327   436    77   187    43   189 0.85 scf00000001_321 # 357701 # 358762 # 1 # ID=2_321;partial=00;start_type=ATG;rbs_motif=GGA/GAG/AGG;rbs_spacer=5-10bp;gc_cont=0.239
scf00000001:357701-358762|+ -            354 1371at2085           -            438   3.9e-10   35.1  13.8   3   3      0.81        42   -1.3   9.5   154   239   219   288   191   331 0.55 scf00000001_321 # 357701 # 358762 # 1 # ID=2_321;partial=00;start_type=ATG;rbs_motif=GGA/GAG/AGG;rbs_spacer=5-10bp;gc_cont=0.239
scf00000001:125421-126137|+ -            239 1371at2085           -            438   7.3e-10   34.2   2.3   1   2     0.061       3.2    2.4   1.2   333   374    43    90     6    95 0.76 scf00000001_106 # 125421 # 126137 # 1 # ID=2_106;partial=00;start_type=ATG;rbs_motif=AGGA;rbs_spacer=5-10bp;gc_cont=0.261
scf00000001:125421-126137|+ -            239 1371at2085           -            438   7.3e-10   34.2   2.3   2   2   1.4e-11   7.3e-10   34.2   2.3   374   435   131   194   111   196 0.83 scf00000001_106 # 125421 # 126137 # 1 # ID=2_106;partial=00;start_type=ATG;rbs_motif=AGGA;rbs_spacer=5-10bp;gc_cont=0.261
seq00000010:6390-7106|-     -            239 1371at2085           -            438   7.3e-10   34.2   2.3   1   2     0.061       3.2    2.4   1.2   333   374    43    90     6    95 0.76 seq00000010_7 # 6390 # 7106 # -1 # ID=7_7;partial=00;start_type=ATG;rbs_motif=AGGA;rbs_spacer=5-10bp;gc_cont=0.265
seq00000010:6390-7106|-     -            239 1371at2085           -            438   7.3e-10   34.2   2.3   2   2   1.4e-11   7.3e-10   34.2   2.3   374   435   131   194   111   196 0.83 seq00000010_7 # 6390 # 7106 # -1 # ID=7_7;partial=00;start_type=ATG;rbs_motif=AGGA;rbs_spacer=5-10bp;gc_cont=0.265
scf00000001:450457-451986|- -            510 1371at2085           -            438   8.8e-10   33.9   8.1   1   3   4.6e-08   2.4e-06   22.6   0.7   377   431   151   206   148   213 0.87 scf00000001_410 # 450457 # 451986 # -1 # ID=2_410;partial=00;start_type=TTG;rbs_motif=GGAGG;rbs_spacer=5-10bp;gc_cont=0.322
scf00000001:450457-451986|- -            510 1371at2085           -            438   8.8e-10   33.9   8.1   2   3      0.76        39   -1.2   1.4   279   313   363   397   356   406 0.60 scf00000001_410 # 450457 # 451986 # -1 # ID=2_410;partial=00;start_type=TTG;rbs_motif=GGAGG;rbs_spacer=5-10bp;gc_cont=0.322
scf00000001:450457-451986|- -            510 1371at2085           -            438   8.8e-10   33.9   8.1   3   3   2.7e-05    0.0014   13.5   0.0   377   432   409   465   406   470 0.91 scf00000001_410 # 450457 # 451986 # -1 # ID=2_410;partial=00;start_type=TTG;rbs_motif=GGAGG;rbs_spacer=5-10bp;gc_cont=0.322
seq00000016:4366-5895|-     -            510 1371at2085           -            438   8.8e-10   33.9   8.1   1   3   4.6e-08   2.4e-06   22.6   0.7   377   431   151   206   148   213 0.87 seq00000016_4 # 4366 # 5895 # -1 # ID=13_4;partial=00;start_type=TTG;rbs_motif=GGAGG;rbs_spacer=5-10bp;gc_cont=0.322
seq00000016:4366-5895|-     -            510 1371at2085           -            438   8.8e-10   33.9   8.1   2   3      0.76        39   -1.2   1.4   279   313   363   397   356   406 0.60 seq00000016_4 # 4366 # 5895 # -1 # ID=13_4;partial=00;start_type=TTG;rbs_motif=GGAGG;rbs_spacer=5-10bp;gc_cont=0.322
seq00000016:4366-5895|-     -            510 1371at2085           -            438   8.8e-10   33.9   8.1   3   3   2.7e-05    0.0014   13.5   0.0   377   432   409   465   406   470 0.91 seq00000016_4 # 4366 # 5895 # -1 # ID=13_4;partial=00;start_type=TTG;rbs_motif=GGAGG;rbs_spacer=5-10bp;gc_cont=0.322
scf00000001:739329-740942|- -            538 1371at2085           -            438   3.5e-08   28.7   6.3   1   4      0.53        27   -0.6  30.2   104   290     9   214     2   232 0.62 scf00000001_676 # 739329 # 740942 # -1 # ID=2_676;partial=00;start_type=ATG;rbs_motif=AGxAGG/AGGxGG;rbs_spacer=5-10bp;gc_cont=0.264
scf00000001:739329-740942|- -            538 1371at2085           -            438   3.5e-08   28.7   6.3   2   4       1.7        89   -2.3  22.4    93   199   230   338   213   349 0.71 scf00000001_676 # 739329 # 740942 # -1 # ID=2_676;partial=00;start_type=ATG;rbs_motif=AGxAGG/AGGxGG;rbs_spacer=5-10bp;gc_cont=0.264
scf00000001:739329-740942|- -            538 1371at2085           -            438   3.5e-08   28.7   6.3   3   4     0.028       1.5    3.5   7.1   333   404   361   451   359   453 0.66 scf00000001_676 # 739329 # 740942 # -1 # ID=2_676;partial=00;start_type=ATG;rbs_motif=AGxAGG/AGGxGG;rbs_spacer=5-10bp;gc_cont=0.264
scf00000001:739329-740942|- -            538 1371at2085           -            438   3.5e-08   28.7   6.3   4   4   6.7e-10   3.5e-08   28.7   6.3   367   431   443   508   428   514 0.81 scf00000001_676 # 739329 # 740942 # -1 # ID=2_676;partial=00;start_type=ATG;rbs_motif=AGxAGG/AGGxGG;rbs_spacer=5-10bp;gc_cont=0.264
seq00000001:27151-28047|-   -            299 1371at2085           -            438   6.7e-08   27.7   0.1   1   3       2.7   1.4e+02   -3.0   0.2   162   212    27    77    13    81 0.66 seq00000001_7 # 27151 # 28047 # -1 # ID=3_7;partial=00;start_type=GTG;rbs_motif=AGGAG;rbs_spacer=5-10bp;gc_cont=0.353
seq00000001:27151-28047|-   -            299 1371at2085           -            438   6.7e-08   27.7   0.1   2   3      0.37        19   -0.1   0.2   333   356   101   130    94   156 0.68 seq00000001_7 # 27151 # 28047 # -1 # ID=3_7;partial=00;start_type=GTG;rbs_motif=AGGAG;rbs_spacer=5-10bp;gc_cont=0.353
seq00000001:27151-28047|-   -            299 1371at2085           -            438   6.7e-08   27.7   0.1   3   3   1.3e-09   6.7e-08   27.7   0.1   369   435   189   258   138   261 0.83 seq00000001_7 # 27151 # 28047 # -1 # ID=3_7;partial=00;start_type=GTG;rbs_motif=AGGAG;rbs_spacer=5-10bp;gc_cont=0.353
scf00000001:280811-281581|- -            257 1371at2085           -            438   7.8e-08   27.5   0.9   1   2   1.5e-09   7.8e-08   27.5   0.9   370   435   145   213   130   216 0.83 scf00000001_253 # 280811 # 281581 # -1 # ID=2_253;partial=00;start_type=ATG;rbs_motif=None;rbs_spacer=None;gc_cont=0.263
scf00000001:280811-281581|- -            257 1371at2085           -            438   7.8e-08   27.5   0.9   2   2     0.066       3.4    2.3   1.2   234   273   207   246   205   250 0.87 scf00000001_253 # 280811 # 281581 # -1 # ID=2_253;partial=00;start_type=ATG;rbs_motif=None;rbs_spacer=None;gc_cont=0.263
seq00000008:21617-22387|+   -            257 1371at2085           -            438   7.8e-08   27.5   0.9   1   2   1.5e-09   7.8e-08   27.5   0.9   370   435   145   213   130   216 0.83 seq00000008_17 # 21617 # 22387 # 1 # ID=5_17;partial=00;start_type=ATG;rbs_motif=None;rbs_spacer=None;gc_cont=0.267
seq00000008:21617-22387|+   -            257 1371at2085           -            438   7.8e-08   27.5   0.9   2   2     0.066       3.4    2.3   1.2   234   273   207   246   205   250 0.87 seq00000008_17 # 21617 # 22387 # 1 # ID=5_17;partial=00;start_type=ATG;rbs_motif=None;rbs_spacer=None;gc_cont=0.267
scf00000001:59446-60984|-   -            513 1371at2085           -            438   3.2e-07   25.5  23.9   1   4      0.29        15    0.2   0.2   334   344    44    54    41    56 0.90 scf00000001_48 # 59446 # 60984 # -1 # ID=2_48;partial=00;start_type=TTG;rbs_motif=AGGA;rbs_spacer=5-10bp;gc_cont=0.320
scf00000001:59446-60984|-   -            513 1371at2085           -            438   3.2e-07   25.5  23.9   2   4   2.8e-07   1.4e-05   20.1   0.8   378   436   144   204   136   206 0.90 scf00000001_48 # 59446 # 60984 # -1 # ID=2_48;partial=00;start_type=TTG;rbs_motif=AGGA;rbs_spacer=5-10bp;gc_cont=0.320
scf00000001:59446-60984|-   -            513 1371at2085           -            438   3.2e-07   25.5  23.9   3   4      0.23        12    0.5   5.7   274   324   356   406   324   407 0.82 scf00000001_48 # 59446 # 60984 # -1 # ID=2_48;partial=00;start_type=TTG;rbs_motif=AGGA;rbs_spacer=5-10bp;gc_cont=0.320
scf00000001:59446-60984|-   -            513 1371at2085           -            438   3.2e-07   25.5  23.9   4   4   0.00012    0.0064   11.3  10.3   338   431   372   465   359   471 0.74 scf00000001_48 # 59446 # 60984 # -1 # ID=2_48;partial=00;start_type=TTG;rbs_motif=AGGA;rbs_spacer=5-10bp;gc_cont=0.320
scf00000001:355343-356017|+ -            225 1371at2085           -            438   3.9e-07   25.2  24.2   1   2   7.6e-09   3.9e-07   25.2  24.2   251   437     4   187     1   188 0.75 scf00000001_319 # 355343 # 356017 # 1 # ID=2_319;partial=00;start_type=ATG;rbs_motif=GGA/GAG/AGG;rbs_spacer=5-10bp;gc_cont=0.249
scf00000001:355343-356017|+ -            225 1371at2085           -            438   3.9e-07   25.2  24.2   2   2       5.6   2.9e+02   -4.0   0.5   301   311   201   211   190   221 0.45 scf00000001_319 # 355343 # 356017 # 1 # ID=2_319;partial=00;start_type=ATG;rbs_motif=GGA/GAG/AGG;rbs_spacer=5-10bp;gc_cont=0.249
scf00000001:413382-414200|- -            273 1371at2085           -            438   4.9e-07   24.9   5.2   1   2     0.097         5    1.8   1.7   318   354    27    68     1    93 0.55 scf00000001_377 # 413382 # 414200 # -1 # ID=2_377;partial=00;start_type=ATG;rbs_motif=GGA/GAG/AGG;rbs_spacer=5-10bp;gc_cont=0.304
scf00000001:413382-414200|- -            273 1371at2085           -            438   4.9e-07   24.9   5.2   2   2   2.5e-08   1.3e-06   23.5   0.1   367   436   126   198   107   199 0.86 scf00000001_377 # 413382 # 414200 # -1 # ID=2_377;partial=00;start_type=ATG;rbs_motif=GGA/GAG/AGG;rbs_spacer=5-10bp;gc_cont=0.304
scf00000001:740935-742206|- -            424 1371at2085           -            438     8e-07   24.2   1.8   1   2      0.41        21   -0.3  17.9   201   316    17   131     6   134 0.68 scf00000001_677 # 740935 # 742206 # -1 # ID=2_677;partial=00;start_type=ATG;rbs_motif=None;rbs_spacer=None;gc_cont=0.256
scf00000001:740935-742206|- -            424 1371at2085           -            438     8e-07   24.2   1.8   2   2   1.5e-08     8e-07   24.2   1.8   374   435   341   402   310   404 0.83 scf00000001_677 # 740935 # 742206 # -1 # ID=2_677;partial=00;start_type=ATG;rbs_motif=None;rbs_spacer=None;gc_cont=0.256
scf00000001:268577-269404|- -            276 1371at2085           -            438   9.9e-07   23.9   0.1   1   2      0.23        12    0.6   0.4     7    30    10    33     6    48 0.84 scf00000001_244 # 268577 # 269404 # -1 # ID=2_244;partial=00;start_type=TTG;rbs_motif=GGA/GAG/AGG;rbs_spacer=5-10bp;gc_cont=0.329
scf00000001:268577-269404|- -            276 1371at2085           -            438   9.9e-07   23.9   0.1   2   2   2.5e-07   1.3e-05   20.2   0.0   372   426    51   106    34   119 0.86 scf00000001_244 # 268577 # 269404 # -1 # ID=2_244;partial=00;start_type=TTG;rbs_motif=GGA/GAG/AGG;rbs_spacer=5-10bp;gc_cont=0.329
scf00000001:18806-20140|+   -            445 1371at2085           -            438     5e-06   21.6   0.7   1   3     0.012      0.63    4.7   0.0   333   358    47    78    44    91 0.84 scf00000001_18 # 18806 # 20140 # 1 # ID=2_18;partial=00;start_type=ATG;rbs_motif=GGA/GAG/AGG;rbs_spacer=11-12bp;gc_cont=0.307
scf00000001:18806-20140|+   -            445 1371at2085           -            438     5e-06   21.6   0.7   2   3       7.3   3.8e+02   -4.4   1.8   152   182   127   158   122   169 0.61 scf00000001_18 # 18806 # 20140 # 1 # ID=2_18;partial=00;start_type=ATG;rbs_motif=GGA/GAG/AGG;rbs_spacer=11-12bp;gc_cont=0.307
scf00000001:18806-20140|+   -            445 1371at2085           -            438     5e-06   21.6   0.7   3   3   9.6e-08     5e-06   21.6   0.7   376   436   229   292   184   293 0.84 scf00000001_18 # 18806 # 20140 # 1 # ID=2_18;partial=00;start_type=ATG;rbs_motif=GGA/GAG/AGG;rbs_spacer=11-12bp;gc_cont=0.307
seq00000022:7826-9289|+     -            488 1371at2085           -            438   1.9e-05   19.7   0.4   1   2       2.3   1.2e+02   -2.7  47.1   134   314     7   198     5   217 0.66 seq00000022_5 # 7826 # 9289 # 1 # ID=19_5;partial=00;start_type=GTG;rbs_motif=None;rbs_spacer=None;gc_cont=0.242
seq00000022:7826-9289|+     -            488 1371at2085           -            438   1.9e-05   19.7   0.4   2   2   3.6e-07   1.9e-05   19.7   0.4   375   434   412   472   408   475 0.88 seq00000022_5 # 7826 # 9289 # 1 # ID=19_5;partial=00;start_type=GTG;rbs_motif=None;rbs_spacer=None;gc_cont=0.242
seq00000028:1874-3493|-     -            540 1371at2085           -            438   2.9e-05   19.0   3.3   1   1   5.7e-07   2.9e-05   19.0   3.3   367   422   455   512   445   526 0.77 seq00000028_2 # 1874 # 3493 # -1 # ID=25_2;partial=00;start_type=ATG;rbs_motif=None;rbs_spacer=None;gc_cont=0.227
seq00000022:9300-10913|+    -            538 1371at2085           -            438   0.00017   16.5  96.9   1   3   0.00064     0.033    9.0  39.8    99   266    11   191     8   203 0.66 seq00000022_6 # 9300 # 10913 # 1 # ID=19_6;partial=00;start_type=ATG;rbs_motif=AGGAGG;rbs_spacer=5-10bp;gc_cont=0.242
seq00000022:9300-10913|+    -            538 1371at2085           -            438   0.00017   16.5  96.9   2   3       0.1       5.3    1.7  34.5   170   374   207   422   188   433 0.82 seq00000022_6 # 9300 # 10913 # 1 # ID=19_6;partial=00;start_type=ATG;rbs_motif=AGGAGG;rbs_spacer=5-10bp;gc_cont=0.242
seq00000022:9300-10913|+    -            538 1371at2085           -            438   0.00017   16.5  96.9   3   3   3.4e-06   0.00017   16.5   8.8   373   435   458   520   424   523 0.77 seq00000022_6 # 9300 # 10913 # 1 # ID=19_6;partial=00;start_type=ATG;rbs_motif=AGGAGG;rbs_spacer=5-10bp;gc_cont=0.242
#
# Program:         hmmsearch
# Version:         3.4 (Aug 2023)
# Pipeline mode:   SEARCH
# Query file:      /home/lgef/Documentos/GitHub/Project_doctoral/IMPLEMENTACAO/Genomes/M_hyopneumoniae/MHP_ncbi_dataset/ncbi_dataset/data/strains/MHP650/Use/busco_downloads/lineages/mycoplasmatales_odb10/hmms/1371at2085.hmm
# Target file:     /home/lgef/Documentos/GitHub/Project_doctoral/IMPLEMENTACAO/Genomes/M_hyopneumoniae/MHP_ncbi_dataset/ncbi_dataset/data/strains/MHP650/Use/busco_complete/prodigal_output/predicted_genes/predicted.faa
# Option settings: hmmsearch --domtblout /home/lgef/Documentos/GitHub/Project_doctoral/IMPLEMENTACAO/Genomes/M_hyopneumoniae/MHP_ncbi_dataset/ncbi_dataset/data/strains/MHP650/Use/busco_complete/run_mycoplasmatales_odb10/hmmer_output/1371at2085.out --cpu 1 /home/lgef/Documentos/GitHub/Project_doctoral/IMPLEMENTACAO/Genomes/M_hyopneumoniae/MHP_ncbi_dataset/ncbi_dataset/data/strains/MHP650/Use/busco_downloads/lineages/mycoplasmatales_odb10/hmms/1371at2085.hmm /home/lgef/Documentos/GitHub/Project_doctoral/IMPLEMENTACAO/Genomes/M_hyopneumoniae/MHP_ncbi_dataset/ncbi_dataset/data/strains/MHP650/Use/busco_complete/prodigal_output/predicted_genes/predicted.faa 
# Current dir:     /home/lgef/Documentos/GitHub/Project_doctoral/IMPLEMENTACAO/Genomes/M_hyopneumoniae/MHP_ncbi_dataset/ncbi_dataset/data/strains/MHP650/Use
# Date:            Thu Nov 28 19:37:49 2024
# [ok]
