#                                                                                   --- full sequence --- -------------- this domain -------------   hmm coord   ali coord   env coord
# target name               accession   tlen query name           accession   qlen   E-value  score  bias   #  of  c-Evalue  i-Evalue  score  bias  from    to  from    to  from    to  acc description of target
#       ------------------- ---------- ----- -------------------- ---------- ----- --------- ------ ----- --- --- --------- --------- ------ ----- ----- ----- ----- ----- ----- ----- ---- ---------------------
scf00000001:40862-43474|+   -            871 147at2085            -            460  9.9e-196  647.0  22.4   1   4   1.4e-07   3.3e-05   18.9   1.2     2    33   276   307   275   319 0.91 scf00000001_36 # 40862 # 43474 # 1 # ID=2_36;partial=00;start_type=ATG;rbs_motif=AGGA/GGAG/GAGG;rbs_spacer=11-12bp;gc_cont=0.338
scf00000001:40862-43474|+   -            871 147at2085            -            460  9.9e-196  647.0  22.4   2   4   1.5e-16   3.7e-14   48.4   1.2    37    95   341   407   314   411 0.78 scf00000001_36 # 40862 # 43474 # 1 # ID=2_36;partial=00;start_type=ATG;rbs_motif=AGGA/GGAG/GAGG;rbs_spacer=11-12bp;gc_cont=0.338
scf00000001:40862-43474|+   -            871 147at2085            -            460  9.9e-196  647.0  22.4   3   4  9.1e-110  2.2e-107  355.7   0.6    94   300   444   657   435   666 0.95 scf00000001_36 # 40862 # 43474 # 1 # ID=2_36;partial=00;start_type=ATG;rbs_motif=AGGA/GGAG/GAGG;rbs_spacer=11-12bp;gc_cont=0.338
scf00000001:40862-43474|+   -            871 147at2085            -            460  9.9e-196  647.0  22.4   4   4   6.9e-74   1.7e-71  237.4   0.6   301   460   695   869   690   869 0.95 scf00000001_36 # 40862 # 43474 # 1 # ID=2_36;partial=00;start_type=ATG;rbs_motif=AGGA/GGAG/GAGG;rbs_spacer=11-12bp;gc_cont=0.338
scf00000001:204434-205390|- -            319 147at2085            -            460   2.3e-05   19.4   4.1   1   3     4e-06   0.00098   14.0   0.0   100   125    42    67    36    81 0.85 scf00000001_170 # 204434 # 205390 # -1 # ID=2_170;partial=00;start_type=ATG;rbs_motif=None;rbs_spacer=None;gc_cont=0.315
scf00000001:204434-205390|- -            319 147at2085            -            460   2.3e-05   19.4   4.1   2   3    0.0036      0.88    4.3   0.6   208   273   134   196    84   203 0.71 scf00000001_170 # 204434 # 205390 # -1 # ID=2_170;partial=00;start_type=ATG;rbs_motif=None;rbs_spacer=None;gc_cont=0.315
scf00000001:204434-205390|- -            319 147at2085            -            460   2.3e-05   19.4   4.1   3   3     0.047        12    0.6   0.1     8    78   205   277   199   290 0.77 scf00000001_170 # 204434 # 205390 # -1 # ID=2_170;partial=00;start_type=ATG;rbs_motif=None;rbs_spacer=None;gc_cont=0.315
seq00000023:6577-7533|+     -            319 147at2085            -            460   2.3e-05   19.4   4.1   1   3     4e-06   0.00098   14.0   0.0   100   125    42    67    36    81 0.85 seq00000023_6 # 6577 # 7533 # 1 # ID=20_6;partial=00;start_type=ATG;rbs_motif=None;rbs_spacer=None;gc_cont=0.320
seq00000023:6577-7533|+     -            319 147at2085            -            460   2.3e-05   19.4   4.1   2   3    0.0036      0.88    4.3   0.6   208   273   134   196    84   203 0.71 seq00000023_6 # 6577 # 7533 # 1 # ID=20_6;partial=00;start_type=ATG;rbs_motif=None;rbs_spacer=None;gc_cont=0.320
seq00000023:6577-7533|+     -            319 147at2085            -            460   2.3e-05   19.4   4.1   3   3     0.047        12    0.6   0.1     8    78   205   277   199   290 0.77 seq00000023_6 # 6577 # 7533 # 1 # ID=20_6;partial=00;start_type=ATG;rbs_motif=None;rbs_spacer=None;gc_cont=0.320
seq00000011:21885-24032|-   -            716 147at2085            -            460   0.00063   14.7   0.0   1   1   7.5e-06    0.0019   13.1   0.0   100   249   265   407   252   462 0.70 seq00000011_14 # 21885 # 24032 # -1 # ID=8_14;partial=00;start_type=ATG;rbs_motif=GGAGG;rbs_spacer=5-10bp;gc_cont=0.368
scf00000001:270447-270752|- -            102 147at2085            -            460    0.0018   13.2   0.5   1   1   7.8e-06    0.0019   13.1   0.3    96   124    63    91    39   101 0.86 scf00000001_246 # 270447 # 270752 # -1 # ID=2_246;partial=00;start_type=ATG;rbs_motif=GGA/GAG/AGG;rbs_spacer=5-10bp;gc_cont=0.343
#
# Program:         hmmsearch
# Version:         3.4 (Aug 2023)
# Pipeline mode:   SEARCH
# Query file:      /home/lgef/Documentos/GitHub/Project_doctoral/IMPLEMENTACAO/Genomes/M_hyopneumoniae/MHP_ncbi_dataset/ncbi_dataset/data/strains/MHP650/Use/busco_downloads/lineages/mycoplasmatales_odb10/hmms/147at2085.hmm
# Target file:     /home/lgef/Documentos/GitHub/Project_doctoral/IMPLEMENTACAO/Genomes/M_hyopneumoniae/MHP_ncbi_dataset/ncbi_dataset/data/strains/MHP650/Use/busco_complete/prodigal_output/predicted_genes/predicted.faa
# Option settings: hmmsearch --domtblout /home/lgef/Documentos/GitHub/Project_doctoral/IMPLEMENTACAO/Genomes/M_hyopneumoniae/MHP_ncbi_dataset/ncbi_dataset/data/strains/MHP650/Use/busco_complete/run_mycoplasmatales_odb10/hmmer_output/147at2085.out --cpu 1 /home/lgef/Documentos/GitHub/Project_doctoral/IMPLEMENTACAO/Genomes/M_hyopneumoniae/MHP_ncbi_dataset/ncbi_dataset/data/strains/MHP650/Use/busco_downloads/lineages/mycoplasmatales_odb10/hmms/147at2085.hmm /home/lgef/Documentos/GitHub/Project_doctoral/IMPLEMENTACAO/Genomes/M_hyopneumoniae/MHP_ncbi_dataset/ncbi_dataset/data/strains/MHP650/Use/busco_complete/prodigal_output/predicted_genes/predicted.faa 
# Current dir:     /home/lgef/Documentos/GitHub/Project_doctoral/IMPLEMENTACAO/Genomes/M_hyopneumoniae/MHP_ncbi_dataset/ncbi_dataset/data/strains/MHP650/Use
# Date:            Thu Nov 28 19:37:50 2024
# [ok]
