#                                                                                   --- full sequence --- -------------- this domain -------------   hmm coord   ali coord   env coord
# target name               accession   tlen query name           accession   qlen   E-value  score  bias   #  of  c-Evalue  i-Evalue  score  bias  from    to  from    to  from    to  acc description of target
#       ------------------- ---------- ----- -------------------- ---------- ----- --------- ------ ----- --- --- --------- --------- ------ ----- ----- ----- ----- ----- ----- ----- ---- ---------------------
seq00000041:1781-2884|+     -            368 1683at2085           -            284  1.6e-103  342.1  14.9   1   2   1.1e-73   1.1e-71  237.6   6.2     1   187     1   214     1   217 0.85 seq00000041_4 # 1781 # 2884 # 1 # ID=38_4;partial=00;start_type=ATG;rbs_motif=None;rbs_spacer=None;gc_cont=0.300
seq00000041:1781-2884|+     -            368 1683at2085           -            284  1.6e-103  342.1  14.9   2   2   1.5e-31   1.5e-29   99.3   1.5   185   284   238   365   222   365 0.75 seq00000041_4 # 1781 # 2884 # 1 # ID=38_4;partial=00;start_type=ATG;rbs_motif=None;rbs_spacer=None;gc_cont=0.300
scf00000001:370751-371032|+ -             94 1683at2085           -            284   1.8e-32  109.0   0.2   1   1   1.8e-34   1.8e-32  108.9   0.2     1    78     1    83     1    93 0.90 scf00000001_334 # 370751 # 371032 # 1 # ID=2_334;partial=00;start_type=ATG;rbs_motif=None;rbs_spacer=None;gc_cont=0.333
scf00000001:371520-371852|+ -            111 1683at2085           -            284   8.8e-31  103.4   0.9   1   1   1.6e-32   1.6e-30  102.6   0.9   198   284     7   108     3   108 0.85 scf00000001_336 # 371520 # 371852 # 1 # ID=2_336;partial=00;start_type=TTG;rbs_motif=None;rbs_spacer=None;gc_cont=0.288
scf00000001:371050-371427|+ -            126 1683at2085           -            284   4.7e-25   84.6   4.8   1   1   1.1e-23   1.1e-21   73.5   4.8    96   184     1   111     1   115 0.76 scf00000001_335 # 371050 # 371427 # 1 # ID=2_335;partial=00;start_type=GTG;rbs_motif=GGA/GAG/AGG;rbs_spacer=5-10bp;gc_cont=0.283
scf00000001:662448-663707|- -            420 1683at2085           -            284   3.1e-16   55.7   5.8   1   1   6.3e-17   6.5e-15   51.4   5.8     4   136   158   277   155   367 0.77 scf00000001_617 # 662448 # 663707 # -1 # ID=2_617;partial=00;start_type=ATG;rbs_motif=AGGA;rbs_spacer=5-10bp;gc_cont=0.306
scf00000001:624983-626284|- -            434 1683at2085           -            284   3.4e-06   22.8   5.3   1   4     4e-05    0.0042   12.6   0.1     2    25     2    25     1    33 0.84 scf00000001_586 # 624983 # 626284 # -1 # ID=2_586;partial=00;start_type=ATG;rbs_motif=3Base/5BMM;rbs_spacer=13-15bp;gc_cont=0.297
scf00000001:624983-626284|- -            434 1683at2085           -            284   3.4e-06   22.8   5.3   2   4       3.2   3.3e+02   -3.4   0.0   171   181   108   118    92   129 0.69 scf00000001_586 # 624983 # 626284 # -1 # ID=2_586;partial=00;start_type=ATG;rbs_motif=3Base/5BMM;rbs_spacer=13-15bp;gc_cont=0.297
scf00000001:624983-626284|- -            434 1683at2085           -            284   3.4e-06   22.8   5.3   3   4   0.00079     0.082    8.4   0.0     3    22   171   190   169   253 0.82 scf00000001_586 # 624983 # 626284 # -1 # ID=2_586;partial=00;start_type=ATG;rbs_motif=3Base/5BMM;rbs_spacer=13-15bp;gc_cont=0.297
scf00000001:624983-626284|- -            434 1683at2085           -            284   3.4e-06   22.8   5.3   4   4     0.082       8.5    1.8   0.1    27    80   273   329   269   358 0.70 scf00000001_586 # 624983 # 626284 # -1 # ID=2_586;partial=00;start_type=ATG;rbs_motif=3Base/5BMM;rbs_spacer=13-15bp;gc_cont=0.297
scf00000001:484005-485333|+ -            443 1683at2085           -            284   5.5e-06   22.1   2.3   1   1   2.5e-06   0.00026   16.6   2.3     3   105   217   309   215   385 0.82 scf00000001_433 # 484005 # 485333 # 1 # ID=2_433;partial=00;start_type=TTG;rbs_motif=AGGAG;rbs_spacer=5-10bp;gc_cont=0.316
seq00000011:18148-19476|+   -            443 1683at2085           -            284   5.9e-06   22.0   2.4   1   1   2.8e-06   0.00029   16.4   2.2     3   104   217   308   215   366 0.82 seq00000011_11 # 18148 # 19476 # 1 # ID=8_11;partial=00;start_type=TTG;rbs_motif=AGGAG;rbs_spacer=5-10bp;gc_cont=0.314
seq00000007:34592-35473|-   -            294 1683at2085           -            284   2.6e-05   19.8   0.1   1   1   5.8e-07     6e-05   18.7   0.1     5    26     9    30     6    55 0.85 seq00000007_39 # 34592 # 35473 # -1 # ID=4_39;partial=00;start_type=ATG;rbs_motif=None;rbs_spacer=None;gc_cont=0.294
scf00000001:527833-528714|+ -            294 1683at2085           -            284   2.7e-05   19.8   0.1   1   1   5.8e-07     6e-05   18.7   0.1     5    26     9    30     6    55 0.85 scf00000001_490 # 527833 # 528714 # 1 # ID=2_490;partial=00;start_type=ATG;rbs_motif=None;rbs_spacer=None;gc_cont=0.295
scf00000001:605641-606432|- -            264 1683at2085           -            284   9.9e-05   18.0   0.1   1   3       0.3        31   -0.1   1.1    79   150    29   103     8   107 0.64 scf00000001_569 # 605641 # 606432 # -1 # ID=2_569;partial=00;start_type=ATG;rbs_motif=GGA/GAG/AGG;rbs_spacer=3-4bp;gc_cont=0.269
scf00000001:605641-606432|- -            264 1683at2085           -            284   9.9e-05   18.0   0.1   2   3   9.6e-07   9.9e-05   18.0   0.1     2    27   110   135   109   155 0.87 scf00000001_569 # 605641 # 606432 # -1 # ID=2_569;partial=00;start_type=ATG;rbs_motif=GGA/GAG/AGG;rbs_spacer=3-4bp;gc_cont=0.269
scf00000001:605641-606432|- -            264 1683at2085           -            284   9.9e-05   18.0   0.1   3   3       1.1   1.1e+02   -1.9   0.1    17    53   192   230   174   243 0.49 scf00000001_569 # 605641 # 606432 # -1 # ID=2_569;partial=00;start_type=ATG;rbs_motif=GGA/GAG/AGG;rbs_spacer=3-4bp;gc_cont=0.269
seq00000029:6878-7669|+     -            264 1683at2085           -            284    0.0002   17.0   0.1   1   3      0.31        32   -0.1   0.6    81   150    31   103     9   107 0.60 seq00000029_5 # 6878 # 7669 # 1 # ID=26_5;partial=00;start_type=ATG;rbs_motif=GGA/GAG/AGG;rbs_spacer=3-4bp;gc_cont=0.269
seq00000029:6878-7669|+     -            264 1683at2085           -            284    0.0002   17.0   0.1   2   3   1.9e-06    0.0002   17.0   0.1     2    27   110   135   109   153 0.87 seq00000029_5 # 6878 # 7669 # 1 # ID=26_5;partial=00;start_type=ATG;rbs_motif=GGA/GAG/AGG;rbs_spacer=3-4bp;gc_cont=0.269
seq00000029:6878-7669|+     -            264 1683at2085           -            284    0.0002   17.0   0.1   3   3      0.96        99   -1.7   0.1    16    56   191   233   173   243 0.50 seq00000029_5 # 6878 # 7669 # 1 # ID=26_5;partial=00;start_type=ATG;rbs_motif=GGA/GAG/AGG;rbs_spacer=3-4bp;gc_cont=0.269
#
# Program:         hmmsearch
# Version:         3.4 (Aug 2023)
# Pipeline mode:   SEARCH
# Query file:      /home/lgef/Documentos/GitHub/Project_doctoral/IMPLEMENTACAO/Genomes/M_hyopneumoniae/MHP_ncbi_dataset/ncbi_dataset/data/strains/MHP650/Use/busco_downloads/lineages/mycoplasmatales_odb10/hmms/1683at2085.hmm
# Target file:     /home/lgef/Documentos/GitHub/Project_doctoral/IMPLEMENTACAO/Genomes/M_hyopneumoniae/MHP_ncbi_dataset/ncbi_dataset/data/strains/MHP650/Use/busco_complete/prodigal_output/predicted_genes/predicted.faa
# Option settings: hmmsearch --domtblout /home/lgef/Documentos/GitHub/Project_doctoral/IMPLEMENTACAO/Genomes/M_hyopneumoniae/MHP_ncbi_dataset/ncbi_dataset/data/strains/MHP650/Use/busco_complete/run_mycoplasmatales_odb10/hmmer_output/1683at2085.out --cpu 1 /home/lgef/Documentos/GitHub/Project_doctoral/IMPLEMENTACAO/Genomes/M_hyopneumoniae/MHP_ncbi_dataset/ncbi_dataset/data/strains/MHP650/Use/busco_downloads/lineages/mycoplasmatales_odb10/hmms/1683at2085.hmm /home/lgef/Documentos/GitHub/Project_doctoral/IMPLEMENTACAO/Genomes/M_hyopneumoniae/MHP_ncbi_dataset/ncbi_dataset/data/strains/MHP650/Use/busco_complete/prodigal_output/predicted_genes/predicted.faa 
# Current dir:     /home/lgef/Documentos/GitHub/Project_doctoral/IMPLEMENTACAO/Genomes/M_hyopneumoniae/MHP_ncbi_dataset/ncbi_dataset/data/strains/MHP650/Use
# Date:            Thu Nov 28 19:37:50 2024
# [ok]
