#                                                                                   --- full sequence --- -------------- this domain -------------   hmm coord   ali coord   env coord
# target name               accession   tlen query name           accession   qlen   E-value  score  bias   #  of  c-Evalue  i-Evalue  score  bias  from    to  from    to  from    to  acc description of target
#       ------------------- ---------- ----- -------------------- ---------- ----- --------- ------ ----- --- --- --------- --------- ------ ----- ----- ----- ----- ----- ----- ----- ---- ---------------------
scf00000001:138357-139271|- -            305 1770at2085           -            239   2.9e-72  239.2   8.8   1   2   7.3e-05     0.015   10.9   2.4     3    50    13    62    11    69 0.80 scf00000001_120 # 138357 # 139271 # -1 # ID=2_120;partial=00;start_type=ATG;rbs_motif=None;rbs_spacer=None;gc_cont=0.321
scf00000001:138357-139271|- -            305 1770at2085           -            239   2.9e-72  239.2   8.8   2   2     2e-72   4.1e-70  232.1   0.5    42   238    76   294    72   295 0.86 scf00000001_120 # 138357 # 139271 # -1 # ID=2_120;partial=00;start_type=ATG;rbs_motif=None;rbs_spacer=None;gc_cont=0.321
seq00000001:38222-39136|+   -            305 1770at2085           -            239   7.6e-72  237.8   8.3   1   2   7.1e-05     0.015   11.0   2.4     3    50    13    62    11    70 0.80 seq00000001_13 # 38222 # 39136 # 1 # ID=3_13;partial=00;start_type=ATG;rbs_motif=None;rbs_spacer=None;gc_cont=0.322
seq00000001:38222-39136|+   -            305 1770at2085           -            239   7.6e-72  237.8   8.3   2   2   6.5e-72   1.3e-69  230.5   0.8    42   227    76   281    61   295 0.85 seq00000001_13 # 38222 # 39136 # 1 # ID=3_13;partial=00;start_type=ATG;rbs_motif=None;rbs_spacer=None;gc_cont=0.322
scf00000001:702640-703485|- -            282 1770at2085           -            239   1.1e-25   86.6  14.4   1   2   0.00037     0.076    8.6   4.9    13    68     7    62     2    70 0.86 scf00000001_649 # 702640 # 703485 # -1 # ID=2_649;partial=00;start_type=ATG;rbs_motif=None;rbs_spacer=None;gc_cont=0.251
scf00000001:702640-703485|- -            282 1770at2085           -            239   1.1e-25   86.6  14.4   2   2     5e-27     1e-24   83.5   3.4    28   224    61   260    56   264 0.82 scf00000001_649 # 702640 # 703485 # -1 # ID=2_649;partial=00;start_type=ATG;rbs_motif=None;rbs_spacer=None;gc_cont=0.251
seq00000018:582-1427|-      -            282 1770at2085           -            239   5.1e-25   84.5  14.4   1   2    0.0016      0.34    6.5   4.9    13    68     7    62     2    70 0.86 seq00000018_3 # 582 # 1427 # -1 # ID=15_3;partial=00;start_type=ATG;rbs_motif=None;rbs_spacer=None;gc_cont=0.249
seq00000018:582-1427|-      -            282 1770at2085           -            239   5.1e-25   84.5  14.4   2   2     5e-27     1e-24   83.5   3.4    28   224    61   260    56   264 0.82 seq00000018_3 # 582 # 1427 # -1 # ID=15_3;partial=00;start_type=ATG;rbs_motif=None;rbs_spacer=None;gc_cont=0.249
scf00000001:518906-519628|- -            241 1770at2085           -            239   3.4e-08   29.4   2.7   1   1   3.2e-10   6.5e-08   28.5   2.7     5   200     3   196     1   199 0.78 scf00000001_479 # 518906 # 519628 # -1 # ID=2_479;partial=00;start_type=ATG;rbs_motif=GGA/GAG/AGG;rbs_spacer=5-10bp;gc_cont=0.292
seq00000017:20232-20954|-   -            241 1770at2085           -            239   5.5e-08   28.7   3.3   1   1   5.3e-10   1.1e-07   27.8   3.3     4   200     2   196     1   199 0.78 seq00000017_32 # 20232 # 20954 # -1 # ID=14_32;partial=00;start_type=ATG;rbs_motif=GGA/GAG/AGG;rbs_spacer=5-10bp;gc_cont=0.288
#
# Program:         hmmsearch
# Version:         3.4 (Aug 2023)
# Pipeline mode:   SEARCH
# Query file:      /home/lgef/Documentos/GitHub/Project_doctoral/IMPLEMENTACAO/Genomes/M_hyopneumoniae/MHP_ncbi_dataset/ncbi_dataset/data/strains/MHP650/Use/busco_downloads/lineages/mycoplasmatales_odb10/hmms/1770at2085.hmm
# Target file:     /home/lgef/Documentos/GitHub/Project_doctoral/IMPLEMENTACAO/Genomes/M_hyopneumoniae/MHP_ncbi_dataset/ncbi_dataset/data/strains/MHP650/Use/busco_complete/prodigal_output/predicted_genes/predicted.faa
# Option settings: hmmsearch --domtblout /home/lgef/Documentos/GitHub/Project_doctoral/IMPLEMENTACAO/Genomes/M_hyopneumoniae/MHP_ncbi_dataset/ncbi_dataset/data/strains/MHP650/Use/busco_complete/run_mycoplasmatales_odb10/hmmer_output/1770at2085.out --cpu 1 /home/lgef/Documentos/GitHub/Project_doctoral/IMPLEMENTACAO/Genomes/M_hyopneumoniae/MHP_ncbi_dataset/ncbi_dataset/data/strains/MHP650/Use/busco_downloads/lineages/mycoplasmatales_odb10/hmms/1770at2085.hmm /home/lgef/Documentos/GitHub/Project_doctoral/IMPLEMENTACAO/Genomes/M_hyopneumoniae/MHP_ncbi_dataset/ncbi_dataset/data/strains/MHP650/Use/busco_complete/prodigal_output/predicted_genes/predicted.faa 
# Current dir:     /home/lgef/Documentos/GitHub/Project_doctoral/IMPLEMENTACAO/Genomes/M_hyopneumoniae/MHP_ncbi_dataset/ncbi_dataset/data/strains/MHP650/Use
# Date:            Thu Nov 28 19:37:50 2024
# [ok]
