#                                                                                   --- full sequence --- -------------- this domain -------------   hmm coord   ali coord   env coord
# target name               accession   tlen query name           accession   qlen   E-value  score  bias   #  of  c-Evalue  i-Evalue  score  bias  from    to  from    to  from    to  acc description of target
#       ------------------- ---------- ----- -------------------- ---------- ----- --------- ------ ----- --- --- --------- --------- ------ ----- ----- ----- ----- ----- ----- ----- ---- ---------------------
scf00000001:204434-205390|- -            319 1978at2085           -            276  2.9e-109  361.1  12.5   1   1  2.1e-111  4.3e-109  360.5  12.5     1   275     8   313     8   314 0.92 scf00000001_170 # 204434 # 205390 # -1 # ID=2_170;partial=00;start_type=ATG;rbs_motif=None;rbs_spacer=None;gc_cont=0.315
seq00000023:6577-7533|+     -            319 1978at2085           -            276  2.9e-109  361.1  12.5   1   1  2.1e-111  4.3e-109  360.5  12.5     1   275     8   313     8   314 0.92 seq00000023_6 # 6577 # 7533 # 1 # ID=20_6;partial=00;start_type=ATG;rbs_motif=None;rbs_spacer=None;gc_cont=0.320
scf00000001:417957-420110|- -            718 1978at2085           -            276   1.5e-07   27.5   9.6   1   1   6.1e-09   1.3e-06   24.4   9.6     1   226    15   259    15   306 0.57 scf00000001_384 # 417957 # 420110 # -1 # ID=2_384;partial=00;start_type=GTG;rbs_motif=GGA/GAG/AGG;rbs_spacer=5-10bp;gc_cont=0.264
scf00000001:626302-626991|- -            230 1978at2085           -            276   5.4e-05   19.1   2.2   1   2   0.00035     0.072    8.8   0.0    36    57     9    30     5    46 0.87 scf00000001_587 # 626302 # 626991 # -1 # ID=2_587;partial=00;start_type=ATG;rbs_motif=4Base/6BMM;rbs_spacer=13-15bp;gc_cont=0.296
scf00000001:626302-626991|- -            230 1978at2085           -            276   5.4e-05   19.1   2.2   2   2    0.0002     0.042    9.6   0.6    93   167   122   195    79   228 0.74 scf00000001_587 # 626302 # 626991 # -1 # ID=2_587;partial=00;start_type=ATG;rbs_motif=4Base/6BMM;rbs_spacer=13-15bp;gc_cont=0.296
seq00000011:21885-24032|-   -            716 1978at2085           -            276   0.00018   17.4   0.0   1   2   3.2e-06   0.00065   15.5   0.0    30    96   260   334   226   338 0.73 seq00000011_14 # 21885 # 24032 # -1 # ID=8_14;partial=00;start_type=ATG;rbs_motif=GGAGG;rbs_spacer=5-10bp;gc_cont=0.368
seq00000011:21885-24032|-   -            716 1978at2085           -            276   0.00018   17.4   0.0   2   2       1.2   2.5e+02   -2.8   0.0   160   190   401   435   368   452 0.52 seq00000011_14 # 21885 # 24032 # -1 # ID=8_14;partial=00;start_type=ATG;rbs_motif=GGAGG;rbs_spacer=5-10bp;gc_cont=0.368
scf00000001:487740-489887|- -            716 1978at2085           -            276   0.00019   17.3   0.0   1   2   3.3e-06   0.00068   15.5   0.0    30    96   260   334   226   337 0.73 scf00000001_437 # 487740 # 489887 # -1 # ID=2_437;partial=00;start_type=ATG;rbs_motif=GGAGG;rbs_spacer=5-10bp;gc_cont=0.368
scf00000001:487740-489887|- -            716 1978at2085           -            276   0.00019   17.3   0.0   2   2       1.7   3.4e+02   -3.2   0.0   160   190   401   435   369   451 0.55 scf00000001_437 # 487740 # 489887 # -1 # ID=2_437;partial=00;start_type=ATG;rbs_motif=GGAGG;rbs_spacer=5-10bp;gc_cont=0.368
#
# Program:         hmmsearch
# Version:         3.4 (Aug 2023)
# Pipeline mode:   SEARCH
# Query file:      /home/lgef/Documentos/GitHub/Project_doctoral/IMPLEMENTACAO/Genomes/M_hyopneumoniae/MHP_ncbi_dataset/ncbi_dataset/data/strains/MHP650/Use/busco_downloads/lineages/mycoplasmatales_odb10/hmms/1978at2085.hmm
# Target file:     /home/lgef/Documentos/GitHub/Project_doctoral/IMPLEMENTACAO/Genomes/M_hyopneumoniae/MHP_ncbi_dataset/ncbi_dataset/data/strains/MHP650/Use/busco_complete/prodigal_output/predicted_genes/predicted.faa
# Option settings: hmmsearch --domtblout /home/lgef/Documentos/GitHub/Project_doctoral/IMPLEMENTACAO/Genomes/M_hyopneumoniae/MHP_ncbi_dataset/ncbi_dataset/data/strains/MHP650/Use/busco_complete/run_mycoplasmatales_odb10/hmmer_output/1978at2085.out --cpu 1 /home/lgef/Documentos/GitHub/Project_doctoral/IMPLEMENTACAO/Genomes/M_hyopneumoniae/MHP_ncbi_dataset/ncbi_dataset/data/strains/MHP650/Use/busco_downloads/lineages/mycoplasmatales_odb10/hmms/1978at2085.hmm /home/lgef/Documentos/GitHub/Project_doctoral/IMPLEMENTACAO/Genomes/M_hyopneumoniae/MHP_ncbi_dataset/ncbi_dataset/data/strains/MHP650/Use/busco_complete/prodigal_output/predicted_genes/predicted.faa 
# Current dir:     /home/lgef/Documentos/GitHub/Project_doctoral/IMPLEMENTACAO/Genomes/M_hyopneumoniae/MHP_ncbi_dataset/ncbi_dataset/data/strains/MHP650/Use
# Date:            Thu Nov 28 19:37:50 2024
# [ok]
