#                                                                                   --- full sequence --- -------------- this domain -------------   hmm coord   ali coord   env coord
# target name               accession   tlen query name           accession   qlen   E-value  score  bias   #  of  c-Evalue  i-Evalue  score  bias  from    to  from    to  from    to  acc description of target
#       ------------------- ---------- ----- -------------------- ---------- ----- --------- ------ ----- --- --- --------- --------- ------ ----- ----- ----- ----- ----- ----- ----- ---- ---------------------
scf00000001:626302-626991|- -            230 2571at2085           -            187   3.6e-68  225.2   6.6   1   2   5.4e-24   1.3e-21   73.3   0.1     1    48     4    51     4    65 0.89 scf00000001_587 # 626302 # 626991 # -1 # ID=2_587;partial=00;start_type=ATG;rbs_motif=4Base/6BMM;rbs_spacer=13-15bp;gc_cont=0.296
scf00000001:626302-626991|- -            230 2571at2085           -            187   3.6e-68  225.2   6.6   2   2   8.1e-49     2e-46  154.3   2.3    52   182    81   216    72   221 0.93 scf00000001_587 # 626302 # 626991 # -1 # ID=2_587;partial=00;start_type=ATG;rbs_motif=4Base/6BMM;rbs_spacer=13-15bp;gc_cont=0.296
scf00000001:514596-515234|+ -            213 2571at2085           -            187   7.9e-07   25.2   0.1   1   1   1.1e-08   2.7e-06   23.4   0.1     9    97    11    90     3   101 0.72 scf00000001_471 # 514596 # 515234 # 1 # ID=2_471;partial=00;start_type=ATG;rbs_motif=AGxAGG/AGGxGG;rbs_spacer=11-12bp;gc_cont=0.291
seq00000017:15920-16558|+   -            213 2571at2085           -            187     8e-07   25.1   0.1   1   1   1.1e-08   2.8e-06   23.4   0.1     9    97    11    90     3    99 0.71 seq00000017_24 # 15920 # 16558 # 1 # ID=14_24;partial=00;start_type=ATG;rbs_motif=AGxAGG/AGGxGG;rbs_spacer=11-12bp;gc_cont=0.288
scf00000001:295875-296522|+ -            216 2571at2085           -            187   0.00013   18.0   0.9   1   2     4e-06     0.001   15.0   0.1     6    85    38   111    34   119 0.86 scf00000001_267 # 295875 # 296522 # 1 # ID=2_267;partial=00;start_type=ATG;rbs_motif=None;rbs_spacer=None;gc_cont=0.262
scf00000001:295875-296522|+ -            216 2571at2085           -            187   0.00013   18.0   0.9   2   2      0.06        15    1.4   0.1    32    74   145   188   138   205 0.72 scf00000001_267 # 295875 # 296522 # 1 # ID=2_267;partial=00;start_type=ATG;rbs_motif=None;rbs_spacer=None;gc_cont=0.262
scf00000001:270447-270752|- -            102 2571at2085           -            187     0.006   12.5   0.4   1   2      0.22        55   -0.4   0.0   139   144    23    28     3    62 0.55 scf00000001_246 # 270447 # 270752 # -1 # ID=2_246;partial=00;start_type=ATG;rbs_motif=GGA/GAG/AGG;rbs_spacer=5-10bp;gc_cont=0.343
scf00000001:270447-270752|- -            102 2571at2085           -            187     0.006   12.5   0.4   2   2   7.1e-05     0.018   11.0   0.1     7    26    69    88    63    92 0.86 scf00000001_246 # 270447 # 270752 # -1 # ID=2_246;partial=00;start_type=ATG;rbs_motif=GGA/GAG/AGG;rbs_spacer=5-10bp;gc_cont=0.343
#
# Program:         hmmsearch
# Version:         3.4 (Aug 2023)
# Pipeline mode:   SEARCH
# Query file:      /home/lgef/Documentos/GitHub/Project_doctoral/IMPLEMENTACAO/Genomes/M_hyopneumoniae/MHP_ncbi_dataset/ncbi_dataset/data/strains/MHP650/Use/busco_downloads/lineages/mycoplasmatales_odb10/hmms/2571at2085.hmm
# Target file:     /home/lgef/Documentos/GitHub/Project_doctoral/IMPLEMENTACAO/Genomes/M_hyopneumoniae/MHP_ncbi_dataset/ncbi_dataset/data/strains/MHP650/Use/busco_complete/prodigal_output/predicted_genes/predicted.faa
# Option settings: hmmsearch --domtblout /home/lgef/Documentos/GitHub/Project_doctoral/IMPLEMENTACAO/Genomes/M_hyopneumoniae/MHP_ncbi_dataset/ncbi_dataset/data/strains/MHP650/Use/busco_complete/run_mycoplasmatales_odb10/hmmer_output/2571at2085.out --cpu 1 /home/lgef/Documentos/GitHub/Project_doctoral/IMPLEMENTACAO/Genomes/M_hyopneumoniae/MHP_ncbi_dataset/ncbi_dataset/data/strains/MHP650/Use/busco_downloads/lineages/mycoplasmatales_odb10/hmms/2571at2085.hmm /home/lgef/Documentos/GitHub/Project_doctoral/IMPLEMENTACAO/Genomes/M_hyopneumoniae/MHP_ncbi_dataset/ncbi_dataset/data/strains/MHP650/Use/busco_complete/prodigal_output/predicted_genes/predicted.faa 
# Current dir:     /home/lgef/Documentos/GitHub/Project_doctoral/IMPLEMENTACAO/Genomes/M_hyopneumoniae/MHP_ncbi_dataset/ncbi_dataset/data/strains/MHP650/Use
# Date:            Thu Nov 28 19:37:51 2024
# [ok]
