#                                                                                   --- full sequence --- -------------- this domain -------------   hmm coord   ali coord   env coord
# target name               accession   tlen query name           accession   qlen   E-value  score  bias   #  of  c-Evalue  i-Evalue  score  bias  from    to  from    to  from    to  acc description of target
#       ------------------- ---------- ----- -------------------- ---------- ----- --------- ------ ----- --- --- --------- --------- ------ ----- ----- ----- ----- ----- ----- ----- ---- ---------------------
scf00000001:541311-542027|- -            239 3656at2085           -            168     1e-43  144.8   7.7   1   2   1.1e-45   2.2e-43  143.7   6.8     6   162    23   212    10   218 0.81 scf00000001_506 # 541311 # 542027 # -1 # ID=2_506;partial=00;start_type=ATG;rbs_motif=None;rbs_spacer=None;gc_cont=0.290
scf00000001:541311-542027|- -            239 3656at2085           -            168     1e-43  144.8   7.7   2   2      0.47        97   -1.5   0.0   155   167   219   231   215   232 0.86 scf00000001_506 # 541311 # 542027 # -1 # ID=2_506;partial=00;start_type=ATG;rbs_motif=None;rbs_spacer=None;gc_cont=0.290
seq00000007:21292-22008|+   -            239 3656at2085           -            168     1e-43  144.8   7.7   1   2   1.1e-45   2.2e-43  143.7   6.8     6   162    23   212    10   218 0.81 seq00000007_23 # 21292 # 22008 # 1 # ID=4_23;partial=00;start_type=ATG;rbs_motif=None;rbs_spacer=None;gc_cont=0.289
seq00000007:21292-22008|+   -            239 3656at2085           -            168     1e-43  144.8   7.7   2   2      0.47        97   -1.5   0.0   155   167   219   231   215   232 0.86 seq00000007_23 # 21292 # 22008 # 1 # ID=4_23;partial=00;start_type=ATG;rbs_motif=None;rbs_spacer=None;gc_cont=0.289
scf00000001:529900-530310|+ -            137 3656at2085           -            168   1.5e-06   23.9   0.3   1   1   1.3e-08   2.6e-06   23.1   0.3    52   117    45   125    40   131 0.71 scf00000001_493 # 529900 # 530310 # 1 # ID=2_493;partial=00;start_type=ATG;rbs_motif=None;rbs_spacer=None;gc_cont=0.307
seq00000007:32845-33405|-   -            187 3656at2085           -            168   3.1e-06   22.8   1.3   1   1   2.5e-08   5.2e-06   22.1   1.3    52   142    45   152    40   177 0.67 seq00000007_37 # 32845 # 33405 # -1 # ID=4_37;partial=00;start_type=ATG;rbs_motif=None;rbs_spacer=None;gc_cont=0.292
scf00000001:218208-218978|- -            257 3656at2085           -            168   3.7e-06   22.6   3.5   1   1   1.2e-07   2.5e-05   19.9   3.5    50   116    44   130    39   172 0.75 scf00000001_182 # 218208 # 218978 # -1 # ID=2_182;partial=00;start_type=ATG;rbs_motif=None;rbs_spacer=None;gc_cont=0.293
seq00000018:8308-9078|-     -            257 3656at2085           -            168   6.8e-06   21.7   3.9   1   1   2.3e-07   4.7e-05   19.0   3.9    50   116    44   130    39   172 0.75 seq00000018_10 # 8308 # 9078 # -1 # ID=15_10;partial=00;start_type=ATG;rbs_motif=None;rbs_spacer=None;gc_cont=0.297
#
# Program:         hmmsearch
# Version:         3.4 (Aug 2023)
# Pipeline mode:   SEARCH
# Query file:      /home/lgef/Documentos/GitHub/Project_doctoral/IMPLEMENTACAO/Genomes/M_hyopneumoniae/MHP_ncbi_dataset/ncbi_dataset/data/strains/MHP650/Use/busco_downloads/lineages/mycoplasmatales_odb10/hmms/3656at2085.hmm
# Target file:     /home/lgef/Documentos/GitHub/Project_doctoral/IMPLEMENTACAO/Genomes/M_hyopneumoniae/MHP_ncbi_dataset/ncbi_dataset/data/strains/MHP650/Use/busco_complete/prodigal_output/predicted_genes/predicted.faa
# Option settings: hmmsearch --domtblout /home/lgef/Documentos/GitHub/Project_doctoral/IMPLEMENTACAO/Genomes/M_hyopneumoniae/MHP_ncbi_dataset/ncbi_dataset/data/strains/MHP650/Use/busco_complete/run_mycoplasmatales_odb10/hmmer_output/3656at2085.out --cpu 1 /home/lgef/Documentos/GitHub/Project_doctoral/IMPLEMENTACAO/Genomes/M_hyopneumoniae/MHP_ncbi_dataset/ncbi_dataset/data/strains/MHP650/Use/busco_downloads/lineages/mycoplasmatales_odb10/hmms/3656at2085.hmm /home/lgef/Documentos/GitHub/Project_doctoral/IMPLEMENTACAO/Genomes/M_hyopneumoniae/MHP_ncbi_dataset/ncbi_dataset/data/strains/MHP650/Use/busco_complete/prodigal_output/predicted_genes/predicted.faa 
# Current dir:     /home/lgef/Documentos/GitHub/Project_doctoral/IMPLEMENTACAO/Genomes/M_hyopneumoniae/MHP_ncbi_dataset/ncbi_dataset/data/strains/MHP650/Use
# Date:            Thu Nov 28 19:37:52 2024
# [ok]
