#                                                                                   --- full sequence --- -------------- this domain -------------   hmm coord   ali coord   env coord
# target name               accession   tlen query name           accession   qlen   E-value  score  bias   #  of  c-Evalue  i-Evalue  score  bias  from    to  from    to  from    to  acc description of target
#       ------------------- ---------- ----- -------------------- ---------- ----- --------- ------ ----- --- --- --------- --------- ------ ----- ----- ----- ----- ----- ----- ----- ---- ---------------------
scf00000001:514596-515234|+ -            213 3895at2085           -            150   1.5e-48  160.6   4.5   1   1   3.4e-47     6e-45  148.9   4.5     1   149     6   189     6   190 0.82 scf00000001_471 # 514596 # 515234 # 1 # ID=2_471;partial=00;start_type=ATG;rbs_motif=AGxAGG/AGGxGG;rbs_spacer=11-12bp;gc_cont=0.291
seq00000017:15920-16558|+   -            213 3895at2085           -            150   1.8e-48  160.3   4.7   1   1   4.1e-47   7.3e-45  148.7   4.7     1   149     6   189     6   190 0.82 seq00000017_24 # 15920 # 16558 # 1 # ID=14_24;partial=00;start_type=ATG;rbs_motif=AGxAGG/AGGxGG;rbs_spacer=11-12bp;gc_cont=0.288
scf00000001:626302-626991|- -            230 3895at2085           -            150   1.6e-06   24.2   1.8   1   3   1.4e-07   2.5e-05   20.3   0.0     4    37    10    43     7    63 0.84 scf00000001_587 # 626302 # 626991 # -1 # ID=2_587;partial=00;start_type=ATG;rbs_motif=4Base/6BMM;rbs_spacer=13-15bp;gc_cont=0.296
scf00000001:626302-626991|- -            230 3895at2085           -            150   1.6e-06   24.2   1.8   2   3     0.082        14    1.6   0.1    60    85   108   133    83   143 0.84 scf00000001_587 # 626302 # 626991 # -1 # ID=2_587;partial=00;start_type=ATG;rbs_motif=4Base/6BMM;rbs_spacer=13-15bp;gc_cont=0.296
scf00000001:626302-626991|- -            230 3895at2085           -            150   1.6e-06   24.2   1.8   3   3      0.29        51   -0.2   0.1    45    94   170   216   154   226 0.55 scf00000001_587 # 626302 # 626991 # -1 # ID=2_587;partial=00;start_type=ATG;rbs_motif=4Base/6BMM;rbs_spacer=13-15bp;gc_cont=0.296
scf00000001:530451-531032|+ -            194 3895at2085           -            150    0.0017   14.4   0.2   1   2   9.5e-06    0.0017   14.4   0.2     2    36     5    40     3   100 0.79 scf00000001_494 # 530451 # 531032 # 1 # ID=2_494;partial=00;start_type=ATG;rbs_motif=GGA/GAG/AGG;rbs_spacer=5-10bp;gc_cont=0.270
scf00000001:530451-531032|+ -            194 3895at2085           -            150    0.0017   14.4   0.2   2   2      0.22        39    0.2   0.5    37    72   146   181   131   192 0.57 scf00000001_494 # 530451 # 531032 # 1 # ID=2_494;partial=00;start_type=ATG;rbs_motif=GGA/GAG/AGG;rbs_spacer=5-10bp;gc_cont=0.270
seq00000007:32271-32852|-   -            194 3895at2085           -            150    0.0017   14.4   0.2   1   2   9.6e-06    0.0017   14.4   0.2     2    36     5    40     3   103 0.80 seq00000007_36 # 32271 # 32852 # -1 # ID=4_36;partial=00;start_type=ATG;rbs_motif=GGAGG;rbs_spacer=5-10bp;gc_cont=0.270
seq00000007:32271-32852|-   -            194 3895at2085           -            150    0.0017   14.4   0.2   2   2      0.28        50   -0.1   0.5    37    69   146   178   131   191 0.56 seq00000007_36 # 32271 # 32852 # -1 # ID=4_36;partial=00;start_type=ATG;rbs_motif=GGAGG;rbs_spacer=5-10bp;gc_cont=0.270
scf00000001:204434-205390|- -            319 3895at2085           -            150    0.0034   13.4   0.0   1   1   5.4e-05    0.0096   11.9   0.0     2    24    42    64    41   120 0.80 scf00000001_170 # 204434 # 205390 # -1 # ID=2_170;partial=00;start_type=ATG;rbs_motif=None;rbs_spacer=None;gc_cont=0.315
seq00000023:6577-7533|+     -            319 3895at2085           -            150    0.0034   13.4   0.0   1   1   5.4e-05    0.0096   11.9   0.0     2    24    42    64    41   120 0.80 seq00000023_6 # 6577 # 7533 # 1 # ID=20_6;partial=00;start_type=ATG;rbs_motif=None;rbs_spacer=None;gc_cont=0.320
#
# Program:         hmmsearch
# Version:         3.4 (Aug 2023)
# Pipeline mode:   SEARCH
# Query file:      /home/lgef/Documentos/GitHub/Project_doctoral/IMPLEMENTACAO/Genomes/M_hyopneumoniae/MHP_ncbi_dataset/ncbi_dataset/data/strains/MHP650/Use/busco_downloads/lineages/mycoplasmatales_odb10/hmms/3895at2085.hmm
# Target file:     /home/lgef/Documentos/GitHub/Project_doctoral/IMPLEMENTACAO/Genomes/M_hyopneumoniae/MHP_ncbi_dataset/ncbi_dataset/data/strains/MHP650/Use/busco_complete/prodigal_output/predicted_genes/predicted.faa
# Option settings: hmmsearch --domtblout /home/lgef/Documentos/GitHub/Project_doctoral/IMPLEMENTACAO/Genomes/M_hyopneumoniae/MHP_ncbi_dataset/ncbi_dataset/data/strains/MHP650/Use/busco_complete/run_mycoplasmatales_odb10/hmmer_output/3895at2085.out --cpu 1 /home/lgef/Documentos/GitHub/Project_doctoral/IMPLEMENTACAO/Genomes/M_hyopneumoniae/MHP_ncbi_dataset/ncbi_dataset/data/strains/MHP650/Use/busco_downloads/lineages/mycoplasmatales_odb10/hmms/3895at2085.hmm /home/lgef/Documentos/GitHub/Project_doctoral/IMPLEMENTACAO/Genomes/M_hyopneumoniae/MHP_ncbi_dataset/ncbi_dataset/data/strains/MHP650/Use/busco_complete/prodigal_output/predicted_genes/predicted.faa 
# Current dir:     /home/lgef/Documentos/GitHub/Project_doctoral/IMPLEMENTACAO/Genomes/M_hyopneumoniae/MHP_ncbi_dataset/ncbi_dataset/data/strains/MHP650/Use
# Date:            Thu Nov 28 19:37:52 2024
# [ok]
