#                                                                                   --- full sequence --- -------------- this domain -------------   hmm coord   ali coord   env coord
# target name               accession   tlen query name           accession   qlen   E-value  score  bias   #  of  c-Evalue  i-Evalue  score  bias  from    to  from    to  from    to  acc description of target
#       ------------------- ---------- ----- -------------------- ---------- ----- --------- ------ ----- --- --- --------- --------- ------ ----- ----- ----- ----- ----- ----- ----- ---- ---------------------
scf00000001:530451-531032|+ -            194 4276at2085           -            173   1.9e-66  219.3   7.2   1   1   1.3e-68   2.3e-66  219.0   7.2     3   173     2   190     1   190 0.91 scf00000001_494 # 530451 # 531032 # 1 # ID=2_494;partial=00;start_type=ATG;rbs_motif=GGA/GAG/AGG;rbs_spacer=5-10bp;gc_cont=0.270
seq00000007:32271-32852|-   -            194 4276at2085           -            173   2.8e-66  218.8   7.5   1   1   1.9e-68   3.4e-66  218.5   7.5     3   173     2   190     1   190 0.91 seq00000007_36 # 32271 # 32852 # -1 # ID=4_36;partial=00;start_type=ATG;rbs_motif=GGAGG;rbs_spacer=5-10bp;gc_cont=0.270
scf00000001:626302-626991|- -            230 4276at2085           -            173   8.6e-05   18.6   0.5   1   2   9.7e-06    0.0017   14.3   0.0     6    27     8    29     3    39 0.82 scf00000001_587 # 626302 # 626991 # -1 # ID=2_587;partial=00;start_type=ATG;rbs_motif=4Base/6BMM;rbs_spacer=13-15bp;gc_cont=0.296
scf00000001:626302-626991|- -            230 4276at2085           -            173   8.6e-05   18.6   0.5   2   2     0.048       8.5    2.3   0.1    23    72   135   184   126   213 0.75 scf00000001_587 # 626302 # 626991 # -1 # ID=2_587;partial=00;start_type=ATG;rbs_motif=4Base/6BMM;rbs_spacer=13-15bp;gc_cont=0.296
seq00000017:15920-16558|+   -            213 4276at2085           -            173   0.00098   15.1   0.7   1   2   4.7e-05    0.0084   12.1   0.2     2    42     3    42     2    98 0.78 seq00000017_24 # 15920 # 16558 # 1 # ID=14_24;partial=00;start_type=ATG;rbs_motif=AGxAGG/AGGxGG;rbs_spacer=11-12bp;gc_cont=0.288
seq00000017:15920-16558|+   -            213 4276at2085           -            173   0.00098   15.1   0.7   2   2     0.091        16    1.4   0.0   125   146   157   178   139   208 0.88 seq00000017_24 # 15920 # 16558 # 1 # ID=14_24;partial=00;start_type=ATG;rbs_motif=AGxAGG/AGGxGG;rbs_spacer=11-12bp;gc_cont=0.288
scf00000001:514596-515234|+ -            213 4276at2085           -            173     0.001   15.1   0.7   1   2   4.7e-05    0.0084   12.1   0.2     2    42     3    42     2    98 0.78 scf00000001_471 # 514596 # 515234 # 1 # ID=2_471;partial=00;start_type=ATG;rbs_motif=AGxAGG/AGGxGG;rbs_spacer=11-12bp;gc_cont=0.291
scf00000001:514596-515234|+ -            213 4276at2085           -            173     0.001   15.1   0.7   2   2     0.095        17    1.3   0.0   125   146   157   178   140   208 0.88 scf00000001_471 # 514596 # 515234 # 1 # ID=2_471;partial=00;start_type=ATG;rbs_motif=AGxAGG/AGGxGG;rbs_spacer=11-12bp;gc_cont=0.291
scf00000001:598389-601232|+ -            948 4276at2085           -            173    0.0026   13.8   0.4   1   2    0.0058         1    5.3   0.0     2    22    30    50    29    74 0.74 scf00000001_562 # 598389 # 601232 # 1 # ID=2_562;partial=00;start_type=ATG;rbs_motif=None;rbs_spacer=None;gc_cont=0.327
scf00000001:598389-601232|+ -            948 4276at2085           -            173    0.0026   13.8   0.4   2   2    0.0039      0.69    5.9   0.2     4    26   639   661   637   679 0.86 scf00000001_562 # 598389 # 601232 # 1 # ID=2_562;partial=00;start_type=ATG;rbs_motif=None;rbs_spacer=None;gc_cont=0.327
seq00000015:2138-4981|-     -            948 4276at2085           -            173    0.0026   13.8   0.4   1   2    0.0058         1    5.3   0.0     2    22    30    50    29    74 0.74 seq00000015_4 # 2138 # 4981 # -1 # ID=12_4;partial=00;start_type=ATG;rbs_motif=None;rbs_spacer=None;gc_cont=0.328
seq00000015:2138-4981|-     -            948 4276at2085           -            173    0.0026   13.8   0.4   2   2    0.0039      0.69    5.9   0.2     4    26   639   661   637   679 0.86 seq00000015_4 # 2138 # 4981 # -1 # ID=12_4;partial=00;start_type=ATG;rbs_motif=None;rbs_spacer=None;gc_cont=0.328
#
# Program:         hmmsearch
# Version:         3.4 (Aug 2023)
# Pipeline mode:   SEARCH
# Query file:      /home/lgef/Documentos/GitHub/Project_doctoral/IMPLEMENTACAO/Genomes/M_hyopneumoniae/MHP_ncbi_dataset/ncbi_dataset/data/strains/MHP650/Use/busco_downloads/lineages/mycoplasmatales_odb10/hmms/4276at2085.hmm
# Target file:     /home/lgef/Documentos/GitHub/Project_doctoral/IMPLEMENTACAO/Genomes/M_hyopneumoniae/MHP_ncbi_dataset/ncbi_dataset/data/strains/MHP650/Use/busco_complete/prodigal_output/predicted_genes/predicted.faa
# Option settings: hmmsearch --domtblout /home/lgef/Documentos/GitHub/Project_doctoral/IMPLEMENTACAO/Genomes/M_hyopneumoniae/MHP_ncbi_dataset/ncbi_dataset/data/strains/MHP650/Use/busco_complete/run_mycoplasmatales_odb10/hmmer_output/4276at2085.out --cpu 1 /home/lgef/Documentos/GitHub/Project_doctoral/IMPLEMENTACAO/Genomes/M_hyopneumoniae/MHP_ncbi_dataset/ncbi_dataset/data/strains/MHP650/Use/busco_downloads/lineages/mycoplasmatales_odb10/hmms/4276at2085.hmm /home/lgef/Documentos/GitHub/Project_doctoral/IMPLEMENTACAO/Genomes/M_hyopneumoniae/MHP_ncbi_dataset/ncbi_dataset/data/strains/MHP650/Use/busco_complete/prodigal_output/predicted_genes/predicted.faa 
# Current dir:     /home/lgef/Documentos/GitHub/Project_doctoral/IMPLEMENTACAO/Genomes/M_hyopneumoniae/MHP_ncbi_dataset/ncbi_dataset/data/strains/MHP650/Use
# Date:            Thu Nov 28 19:37:52 2024
# [ok]
