#                                                                                   --- full sequence --- -------------- this domain -------------   hmm coord   ali coord   env coord
# target name               accession   tlen query name           accession   qlen   E-value  score  bias   #  of  c-Evalue  i-Evalue  score  bias  from    to  from    to  from    to  acc description of target
#       ------------------- ---------- ----- -------------------- ---------- ----- --------- ------ ----- --- --- --------- --------- ------ ----- ----- ----- ----- ----- ----- ----- ---- ---------------------
scf00000001:436676-438379|- -            568 908at2085            -            403  1.3e-145  481.2  18.4   1   2   3.3e-85   5.9e-83  274.9  12.7     4   229    16   286    13   304 0.85 scf00000001_399 # 436676 # 438379 # -1 # ID=2_399;partial=00;start_type=ATG;rbs_motif=GGA/GAG/AGG;rbs_spacer=5-10bp;gc_cont=0.324
scf00000001:436676-438379|- -            568 908at2085            -            403  1.3e-145  481.2  18.4   2   2   5.1e-63     9e-61  201.8   0.3   243   398   381   558   352   563 0.84 scf00000001_399 # 436676 # 438379 # -1 # ID=2_399;partial=00;start_type=ATG;rbs_motif=GGA/GAG/AGG;rbs_spacer=5-10bp;gc_cont=0.324
scf00000001:486152-487618|- -            489 908at2085            -            403   3.2e-29   97.9   6.4   1   2   1.2e-17   2.1e-15   52.4   4.8    47   229   113   303    76   325 0.82 scf00000001_436 # 486152 # 487618 # -1 # ID=2_436;partial=00;start_type=ATG;rbs_motif=GGA/GAG/AGG;rbs_spacer=11-12bp;gc_cont=0.313
scf00000001:486152-487618|- -            489 908at2085            -            403   3.2e-29   97.9   6.4   2   2   2.2e-15   3.9e-13   44.9   0.0   318   378   423   482   397   488 0.78 scf00000001_436 # 486152 # 487618 # -1 # ID=2_436;partial=00;start_type=ATG;rbs_motif=GGA/GAG/AGG;rbs_spacer=11-12bp;gc_cont=0.313
seq00000011:20297-21763|-   -            489 908at2085            -            403   3.2e-29   97.9   6.4   1   2   1.2e-17   2.1e-15   52.4   4.8    47   229   113   303    76   325 0.82 seq00000011_13 # 20297 # 21763 # -1 # ID=8_13;partial=00;start_type=ATG;rbs_motif=GGA/GAG/AGG;rbs_spacer=11-12bp;gc_cont=0.312
seq00000011:20297-21763|-   -            489 908at2085            -            403   3.2e-29   97.9   6.4   2   2   2.2e-15   3.9e-13   44.9   0.0   318   378   423   482   397   488 0.78 seq00000011_13 # 20297 # 21763 # -1 # ID=8_13;partial=00;start_type=ATG;rbs_motif=GGA/GAG/AGG;rbs_spacer=11-12bp;gc_cont=0.312
scf00000001:210477-211826|- -            450 908at2085            -            403   7.6e-29   96.7   7.1   1   2   2.4e-14   4.2e-12   41.5   4.3     3   202    19   247    16   259 0.71 scf00000001_176 # 210477 # 211826 # -1 # ID=2_176;partial=00;start_type=ATG;rbs_motif=None;rbs_spacer=None;gc_cont=0.321
scf00000001:210477-211826|- -            450 908at2085            -            403   7.6e-29   96.7   7.1   2   2   4.7e-17   8.4e-15   50.4   0.0   286   383   353   447   329   449 0.83 scf00000001_176 # 210477 # 211826 # -1 # ID=2_176;partial=00;start_type=ATG;rbs_motif=None;rbs_spacer=None;gc_cont=0.321
seq00000023:140-1489|+      -            450 908at2085            -            403   1.3e-28   96.0   7.0   1   2   5.1e-14     9e-12   40.5   4.5     3   202    19   247    16   265 0.71 seq00000023_1 # 140 # 1489 # 1 # ID=20_1;partial=00;start_type=ATG;rbs_motif=None;rbs_spacer=None;gc_cont=0.324
seq00000023:140-1489|+      -            450 908at2085            -            403   1.3e-28   96.0   7.0   2   2   4.5e-17   7.9e-15   50.5   0.0   286   383   353   447   329   449 0.84 seq00000023_1 # 140 # 1489 # 1 # ID=20_1;partial=00;start_type=ATG;rbs_motif=None;rbs_spacer=None;gc_cont=0.324
seq00000013:8764-9765|+     -            334 908at2085            -            403     5e-07   24.8   0.4   1   2    0.0048      0.85    4.3   0.0   107   196    35   133    20   163 0.68 seq00000013_6 # 8764 # 9765 # 1 # ID=10_6;partial=00;start_type=GTG;rbs_motif=AGGA/GGAG/GAGG;rbs_spacer=11-12bp;gc_cont=0.259
seq00000013:8764-9765|+     -            334 908at2085            -            403     5e-07   24.8   0.4   2   2   1.6e-07   2.9e-05   19.0   0.1   294   381   245   328   175   332 0.80 seq00000013_6 # 8764 # 9765 # 1 # ID=10_6;partial=00;start_type=GTG;rbs_motif=AGGA/GGAG/GAGG;rbs_spacer=11-12bp;gc_cont=0.259
scf00000001:80903-83122|+   -            740 908at2085            -            403   3.2e-06   22.2   1.5   1   2   3.1e-07   5.4e-05   18.1   0.0   295   393   109   202    47   212 0.78 scf00000001_69 # 80903 # 83122 # 1 # ID=2_69;partial=00;start_type=ATG;rbs_motif=None;rbs_spacer=None;gc_cont=0.272
scf00000001:80903-83122|+   -            740 908at2085            -            403   3.2e-06   22.2   1.5   2   2     0.019       3.3    2.4   0.3   255   344   628   725   585   729 0.67 scf00000001_69 # 80903 # 83122 # 1 # ID=2_69;partial=00;start_type=ATG;rbs_motif=None;rbs_spacer=None;gc_cont=0.272
#
# Program:         hmmsearch
# Version:         3.4 (Aug 2023)
# Pipeline mode:   SEARCH
# Query file:      /home/lgef/Documentos/GitHub/Project_doctoral/IMPLEMENTACAO/Genomes/M_hyopneumoniae/MHP_ncbi_dataset/ncbi_dataset/data/strains/MHP650/Use/busco_downloads/lineages/mycoplasmatales_odb10/hmms/908at2085.hmm
# Target file:     /home/lgef/Documentos/GitHub/Project_doctoral/IMPLEMENTACAO/Genomes/M_hyopneumoniae/MHP_ncbi_dataset/ncbi_dataset/data/strains/MHP650/Use/busco_complete/prodigal_output/predicted_genes/predicted.faa
# Option settings: hmmsearch --domtblout /home/lgef/Documentos/GitHub/Project_doctoral/IMPLEMENTACAO/Genomes/M_hyopneumoniae/MHP_ncbi_dataset/ncbi_dataset/data/strains/MHP650/Use/busco_complete/run_mycoplasmatales_odb10/hmmer_output/908at2085.out --cpu 1 /home/lgef/Documentos/GitHub/Project_doctoral/IMPLEMENTACAO/Genomes/M_hyopneumoniae/MHP_ncbi_dataset/ncbi_dataset/data/strains/MHP650/Use/busco_downloads/lineages/mycoplasmatales_odb10/hmms/908at2085.hmm /home/lgef/Documentos/GitHub/Project_doctoral/IMPLEMENTACAO/Genomes/M_hyopneumoniae/MHP_ncbi_dataset/ncbi_dataset/data/strains/MHP650/Use/busco_complete/prodigal_output/predicted_genes/predicted.faa 
# Current dir:     /home/lgef/Documentos/GitHub/Project_doctoral/IMPLEMENTACAO/Genomes/M_hyopneumoniae/MHP_ncbi_dataset/ncbi_dataset/data/strains/MHP650/Use
# Date:            Thu Nov 28 19:37:54 2024
# [ok]
