#                                                                                   --- full sequence --- -------------- this domain -------------   hmm coord   ali coord   env coord
# target name               accession   tlen query name           accession   qlen   E-value  score  bias   #  of  c-Evalue  i-Evalue  score  bias  from    to  from    to  from    to  acc description of target
#       ------------------- ---------- ----- -------------------- ---------- ----- --------- ------ ----- --- --- --------- --------- ------ ----- ----- ----- ----- ----- ----- ----- ---- ---------------------
scf00000001:216674-218215|- -            514 913at2085            -            397  1.1e-135  448.9  27.7   1   2  1.9e-125  4.7e-123  407.3  18.3     2   316     3   378     2   388 0.85 scf00000001_181 # 216674 # 218215 # -1 # ID=2_181;partial=00;start_type=ATG;rbs_motif=GGA/GAG/AGG;rbs_spacer=5-10bp;gc_cont=0.276
scf00000001:216674-218215|- -            514 913at2085            -            397  1.1e-135  448.9  27.7   2   2   4.7e-15   1.2e-12   43.8   1.9   311   386   406   485   393   500 0.84 scf00000001_181 # 216674 # 218215 # -1 # ID=2_181;partial=00;start_type=ATG;rbs_motif=GGA/GAG/AGG;rbs_spacer=5-10bp;gc_cont=0.276
seq00000018:6774-8315|-     -            514 913at2085            -            397  3.5e-135  447.3  27.8   1   2  5.3e-125  1.3e-122  405.9  18.1     2   316     3   378     2   388 0.85 seq00000018_9 # 6774 # 8315 # -1 # ID=15_9;partial=00;start_type=ATG;rbs_motif=GGA/GAG/AGG;rbs_spacer=5-10bp;gc_cont=0.272
seq00000018:6774-8315|-     -            514 913at2085            -            397  3.5e-135  447.3  27.8   2   2   5.1e-15   1.3e-12   43.7   2.1   311   386   406   485   393   500 0.84 seq00000018_9 # 6774 # 8315 # -1 # ID=15_9;partial=00;start_type=ATG;rbs_motif=GGA/GAG/AGG;rbs_spacer=5-10bp;gc_cont=0.272
scf00000000:18360-20732|-   -            791 913at2085            -            397   3.8e-17   58.6   3.4   1   3   1.8e-11   4.4e-09   32.0   0.0     2   165    29   204    28   213 0.83 scf00000000_16 # 18360 # 20732 # -1 # ID=1_16;partial=00;start_type=ATG;rbs_motif=None;rbs_spacer=None;gc_cont=0.306
scf00000000:18360-20732|-   -            791 913at2085            -            397   3.8e-17   58.6   3.4   2   3         1   2.5e+02   -3.4   0.1   330   349   356   375   329   399 0.45 scf00000000_16 # 18360 # 20732 # -1 # ID=1_16;partial=00;start_type=ATG;rbs_motif=None;rbs_spacer=None;gc_cont=0.306
scf00000000:18360-20732|-   -            791 913at2085            -            397   3.8e-17   58.6   3.4   3   3     1e-09   2.5e-07   26.3   0.5   238   342   547   649   512   694 0.75 scf00000000_16 # 18360 # 20732 # -1 # ID=1_16;partial=00;start_type=ATG;rbs_motif=None;rbs_spacer=None;gc_cont=0.306
scf00000001:677372-680032|+ -            887 913at2085            -            397   1.1e-15   53.8  22.5   1   4   1.8e-12   4.6e-10   35.3   0.2    12   129    61   195    58   224 0.71 scf00000001_627 # 677372 # 680032 # 1 # ID=2_627;partial=00;start_type=ATG;rbs_motif=AGGA;rbs_spacer=5-10bp;gc_cont=0.307
scf00000001:677372-680032|+ -            887 913at2085            -            397   1.1e-15   53.8  22.5   2   4      0.74   1.8e+02   -2.9   0.1   144   187   410   460   402   462 0.53 scf00000001_627 # 677372 # 680032 # 1 # ID=2_627;partial=00;start_type=ATG;rbs_motif=AGGA;rbs_spacer=5-10bp;gc_cont=0.307
scf00000001:677372-680032|+ -            887 913at2085            -            397   1.1e-15   53.8  22.5   3   4   4.1e-09     1e-06   24.3   0.1   238   305   571   644   565   660 0.74 scf00000001_627 # 677372 # 680032 # 1 # ID=2_627;partial=00;start_type=ATG;rbs_motif=AGGA;rbs_spacer=5-10bp;gc_cont=0.307
scf00000001:677372-680032|+ -            887 913at2085            -            397   1.1e-15   53.8  22.5   4   4      0.02       4.9    2.3  10.4   264   387   634   763   625   776 0.71 scf00000001_627 # 677372 # 680032 # 1 # ID=2_627;partial=00;start_type=ATG;rbs_motif=AGGA;rbs_spacer=5-10bp;gc_cont=0.307
scf00000001:725393-727861|- -            823 913at2085            -            397   1.6e-10   36.8  10.0   1   4   4.8e-09   1.2e-06   24.1   1.7     5   147    35   199    31   220 0.64 scf00000001_669 # 725393 # 727861 # -1 # ID=2_669;partial=00;start_type=ATG;rbs_motif=AGGA;rbs_spacer=5-10bp;gc_cont=0.299
scf00000001:725393-727861|- -            823 913at2085            -            397   1.6e-10   36.8  10.0   2   4      0.15        37   -0.6   0.1   256   306   249   300   243   322 0.74 scf00000001_669 # 725393 # 727861 # -1 # ID=2_669;partial=00;start_type=ATG;rbs_motif=AGGA;rbs_spacer=5-10bp;gc_cont=0.299
scf00000001:725393-727861|- -            823 913at2085            -            397   1.6e-10   36.8  10.0   3   4   9.4e-10   2.3e-07   26.4   1.5   233   321   490   578   466   621 0.68 scf00000001_669 # 725393 # 727861 # -1 # ID=2_669;partial=00;start_type=ATG;rbs_motif=AGGA;rbs_spacer=5-10bp;gc_cont=0.299
scf00000001:725393-727861|- -            823 913at2085            -            397   1.6e-10   36.8  10.0   4   4      0.68   1.7e+02   -2.8   0.5   317   342   682   707   665   764 0.61 scf00000001_669 # 725393 # 727861 # -1 # ID=2_669;partial=00;start_type=ATG;rbs_motif=AGGA;rbs_spacer=5-10bp;gc_cont=0.299
#
# Program:         hmmsearch
# Version:         3.4 (Aug 2023)
# Pipeline mode:   SEARCH
# Query file:      /home/lgef/Documentos/GitHub/Project_doctoral/IMPLEMENTACAO/Genomes/M_hyopneumoniae/MHP_ncbi_dataset/ncbi_dataset/data/strains/MHP650/Use/busco_downloads/lineages/mycoplasmatales_odb10/hmms/913at2085.hmm
# Target file:     /home/lgef/Documentos/GitHub/Project_doctoral/IMPLEMENTACAO/Genomes/M_hyopneumoniae/MHP_ncbi_dataset/ncbi_dataset/data/strains/MHP650/Use/busco_complete/prodigal_output/predicted_genes/predicted.faa
# Option settings: hmmsearch --domtblout /home/lgef/Documentos/GitHub/Project_doctoral/IMPLEMENTACAO/Genomes/M_hyopneumoniae/MHP_ncbi_dataset/ncbi_dataset/data/strains/MHP650/Use/busco_complete/run_mycoplasmatales_odb10/hmmer_output/913at2085.out --cpu 1 /home/lgef/Documentos/GitHub/Project_doctoral/IMPLEMENTACAO/Genomes/M_hyopneumoniae/MHP_ncbi_dataset/ncbi_dataset/data/strains/MHP650/Use/busco_downloads/lineages/mycoplasmatales_odb10/hmms/913at2085.hmm /home/lgef/Documentos/GitHub/Project_doctoral/IMPLEMENTACAO/Genomes/M_hyopneumoniae/MHP_ncbi_dataset/ncbi_dataset/data/strains/MHP650/Use/busco_complete/prodigal_output/predicted_genes/predicted.faa 
# Current dir:     /home/lgef/Documentos/GitHub/Project_doctoral/IMPLEMENTACAO/Genomes/M_hyopneumoniae/MHP_ncbi_dataset/ncbi_dataset/data/strains/MHP650/Use
# Date:            Thu Nov 28 19:37:54 2024
# [ok]
