#                                                                                   --- full sequence --- -------------- this domain -------------   hmm coord   ali coord   env coord
# target name               accession   tlen query name           accession   qlen   E-value  score  bias   #  of  c-Evalue  i-Evalue  score  bias  from    to  from    to  from    to  acc description of target
#       ------------------- ---------- ----- -------------------- ---------- ----- --------- ------ ----- --- --- --------- --------- ------ ----- ----- ----- ----- ----- ----- ----- ---- ---------------------
scf00000001:708101-710122|- -            674 946at2085            -            434  2.7e-128  424.4  32.9   1   2  9.5e-127  3.9e-124  410.7  20.6     1   393     1   474     1   488 0.83 scf00000001_655 # 708101 # 710122 # -1 # ID=2_655;partial=00;start_type=ATG;rbs_motif=AGGA;rbs_spacer=5-10bp;gc_cont=0.298
scf00000001:708101-710122|- -            674 946at2085            -            434  2.7e-128  424.4  32.9   2   2   1.8e-05    0.0075   11.0   4.4   391   433   512   555   506   556 0.82 scf00000001_655 # 708101 # 710122 # -1 # ID=2_655;partial=00;start_type=ATG;rbs_motif=AGGA;rbs_spacer=5-10bp;gc_cont=0.298
scf00000001:595931-598345|+ -            805 946at2085            -            434   5.6e-39  130.1  18.6   1   3   1.9e-25   7.8e-23   76.9   1.8     5   115     9   120     5   124 0.96 scf00000001_561 # 595931 # 598345 # 1 # ID=2_561;partial=00;start_type=ATG;rbs_motif=AGGA;rbs_spacer=5-10bp;gc_cont=0.297
scf00000001:595931-598345|+ -            805 946at2085            -            434   5.6e-39  130.1  18.6   2   3   4.5e-21   1.9e-18   62.5   0.6   180   393   221   472   213   487 0.76 scf00000001_561 # 595931 # 598345 # 1 # ID=2_561;partial=00;start_type=ATG;rbs_motif=AGGA;rbs_spacer=5-10bp;gc_cont=0.297
scf00000001:595931-598345|+ -            805 946at2085            -            434   5.6e-39  130.1  18.6   3   3      0.38   1.6e+02   -3.2   2.5   260   302   626   668   606   678 0.55 scf00000001_561 # 595931 # 598345 # 1 # ID=2_561;partial=00;start_type=ATG;rbs_motif=AGGA;rbs_spacer=5-10bp;gc_cont=0.297
seq00000015:4974-7433|-     -            820 946at2085            -            434   1.5e-38  128.7  19.4   1   3   1.9e-25     8e-23   76.8   1.8     5   115     9   120     5   124 0.96 seq00000015_5 # 4974 # 7433 # -1 # ID=12_5;partial=00;start_type=ATG;rbs_motif=AGGA;rbs_spacer=5-10bp;gc_cont=0.298
seq00000015:4974-7433|-     -            820 946at2085            -            434   1.5e-38  128.7  19.4   2   3   5.4e-21   2.2e-18   62.2   0.8   180   394   221   473   214   490 0.76 seq00000015_5 # 4974 # 7433 # -1 # ID=12_5;partial=00;start_type=ATG;rbs_motif=AGGA;rbs_spacer=5-10bp;gc_cont=0.298
seq00000015:4974-7433|-     -            820 946at2085            -            434   1.5e-38  128.7  19.4   3   3       0.8   3.3e+02   -4.3   2.8   258   309   624   675   607   678 0.61 seq00000015_5 # 4974 # 7433 # -1 # ID=12_5;partial=00;start_type=ATG;rbs_motif=AGGA;rbs_spacer=5-10bp;gc_cont=0.298
#
# Program:         hmmsearch
# Version:         3.4 (Aug 2023)
# Pipeline mode:   SEARCH
# Query file:      /home/lgef/Documentos/GitHub/Project_doctoral/IMPLEMENTACAO/Genomes/M_hyopneumoniae/MHP_ncbi_dataset/ncbi_dataset/data/strains/MHP650/Use/busco_downloads/lineages/mycoplasmatales_odb10/hmms/946at2085.hmm
# Target file:     /home/lgef/Documentos/GitHub/Project_doctoral/IMPLEMENTACAO/Genomes/M_hyopneumoniae/MHP_ncbi_dataset/ncbi_dataset/data/strains/MHP650/Use/busco_complete/prodigal_output/predicted_genes/predicted.faa
# Option settings: hmmsearch --domtblout /home/lgef/Documentos/GitHub/Project_doctoral/IMPLEMENTACAO/Genomes/M_hyopneumoniae/MHP_ncbi_dataset/ncbi_dataset/data/strains/MHP650/Use/busco_complete/run_mycoplasmatales_odb10/hmmer_output/946at2085.out --cpu 1 /home/lgef/Documentos/GitHub/Project_doctoral/IMPLEMENTACAO/Genomes/M_hyopneumoniae/MHP_ncbi_dataset/ncbi_dataset/data/strains/MHP650/Use/busco_downloads/lineages/mycoplasmatales_odb10/hmms/946at2085.hmm /home/lgef/Documentos/GitHub/Project_doctoral/IMPLEMENTACAO/Genomes/M_hyopneumoniae/MHP_ncbi_dataset/ncbi_dataset/data/strains/MHP650/Use/busco_complete/prodigal_output/predicted_genes/predicted.faa 
# Current dir:     /home/lgef/Documentos/GitHub/Project_doctoral/IMPLEMENTACAO/Genomes/M_hyopneumoniae/MHP_ncbi_dataset/ncbi_dataset/data/strains/MHP650/Use
# Date:            Thu Nov 28 19:37:54 2024
# [ok]
