#                                                                                   --- full sequence --- -------------- this domain -------------   hmm coord   ali coord   env coord
# target name               accession   tlen query name           accession   qlen   E-value  score  bias   #  of  c-Evalue  i-Evalue  score  bias  from    to  from    to  from    to  acc description of target
#       ------------------- ---------- ----- -------------------- ---------- ----- --------- ------ ----- --- --- --------- --------- ------ ----- ----- ----- ----- ----- ----- ----- ---- ---------------------
scf00000000:682630-683964|- -            445 1064at2085           -            350    1e-148  490.5  19.2   1   2   9.4e-57     2e-55  183.7   0.3     1   128    10   137    10   144 0.91 scf00000000_573 # 682630 # 683964 # -1 # ID=1_573;partial=00;start_type=ATG;rbs_motif=GGA/GAG/AGG;rbs_spacer=11-12bp;gc_cont=0.306
scf00000000:682630-683964|- -            445 1064at2085           -            350    1e-148  490.5  19.2   2   2   6.9e-95   1.5e-93  309.1  13.6   100   349   147   441   139   442 0.82 scf00000000_573 # 682630 # 683964 # -1 # ID=1_573;partial=00;start_type=ATG;rbs_motif=GGA/GAG/AGG;rbs_spacer=11-12bp;gc_cont=0.306
scf00000000:448199-450376|+ -            726 1064at2085           -            350   5.6e-79  261.1   7.6   1   3   1.6e-35   3.4e-34  113.8   0.2     2   123    39   161    38   225 0.76 scf00000000_398 # 448199 # 450376 # 1 # ID=1_398;partial=00;start_type=ATG;rbs_motif=GGA/GAG/AGG;rbs_spacer=5-10bp;gc_cont=0.305
scf00000000:448199-450376|+ -            726 1064at2085           -            350   5.6e-79  261.1   7.6   2   3       5.4   1.1e+02   -3.0   0.7    96   132   266   286   257   338 0.53 scf00000000_398 # 448199 # 450376 # 1 # ID=1_398;partial=00;start_type=ATG;rbs_motif=GGA/GAG/AGG;rbs_spacer=5-10bp;gc_cont=0.305
scf00000000:448199-450376|+ -            726 1064at2085           -            350   5.6e-79  261.1   7.6   3   3   3.2e-49   6.8e-48  158.9   2.4   104   289   435   621   421   635 0.85 scf00000000_398 # 448199 # 450376 # 1 # ID=1_398;partial=00;start_type=ATG;rbs_motif=GGA/GAG/AGG;rbs_spacer=5-10bp;gc_cont=0.305
scf00000000:641562-643100|+ -            513 1064at2085           -            350     3e-49  163.3  16.5   1   4   2.3e-12     5e-11   37.6   0.1     1    97     6   107     6   117 0.84 scf00000000_543 # 641562 # 643100 # 1 # ID=1_543;partial=00;start_type=TTG;rbs_motif=AGGA;rbs_spacer=5-10bp;gc_cont=0.321
scf00000000:641562-643100|+ -            513 1064at2085           -            350     3e-49  163.3  16.5   2   4   1.9e-20     4e-19   64.3   0.7   150   272   116   237   109   247 0.92 scf00000000_543 # 641562 # 643100 # 1 # ID=1_543;partial=00;start_type=TTG;rbs_motif=AGGA;rbs_spacer=5-10bp;gc_cont=0.321
scf00000000:641562-643100|+ -            513 1064at2085           -            350     3e-49  163.3  16.5   3   4   5.5e-08   1.2e-06   23.3   0.2    12    73   278   341   264   369 0.81 scf00000000_543 # 641562 # 643100 # 1 # ID=1_543;partial=00;start_type=TTG;rbs_motif=AGGA;rbs_spacer=5-10bp;gc_cont=0.321
scf00000000:641562-643100|+ -            513 1064at2085           -            350     3e-49  163.3  16.5   4   4   2.4e-15   5.1e-14   47.5   1.4   160   262   392   495   375   502 0.86 scf00000000_543 # 641562 # 643100 # 1 # ID=1_543;partial=00;start_type=TTG;rbs_motif=AGGA;rbs_spacer=5-10bp;gc_cont=0.321
scf00000000:475289-476449|- -            387 1064at2085           -            350   3.1e-47  156.7  14.0   1   1   3.2e-48   6.7e-47  155.6  14.0     2   298     8   314     7   362 0.77 scf00000000_424 # 475289 # 476449 # -1 # ID=1_424;partial=00;start_type=ATG;rbs_motif=None;rbs_spacer=None;gc_cont=0.256
scf00000000:551844-552740|- -            299 1064at2085           -            350   3.4e-35  117.1   4.2   1   2   9.5e-21     2e-19   65.3   1.1     1   107    60   176    60   194 0.79 scf00000000_471 # 551844 # 552740 # -1 # ID=1_471;partial=00;start_type=GTG;rbs_motif=AGGAG;rbs_spacer=5-10bp;gc_cont=0.349
scf00000000:551844-552740|- -            299 1064at2085           -            350   3.4e-35  117.1   4.2   2   2     3e-17   6.5e-16   53.7   0.1   160   258   180   277   176   284 0.90 scf00000000_471 # 551844 # 552740 # -1 # ID=1_471;partial=00;start_type=GTG;rbs_motif=AGGAG;rbs_spacer=5-10bp;gc_cont=0.349
scf00000000:219580-220911|+ -            444 1064at2085           -            350   3.9e-35  116.9   3.2   1   2   1.5e-10   3.1e-09   31.8   0.2     3   103    45   160    43   184 0.73 scf00000000_214 # 219580 # 220911 # 1 # ID=1_214;partial=00;start_type=ATG;rbs_motif=GGAG/GAGG;rbs_spacer=5-10bp;gc_cont=0.291
scf00000000:219580-220911|+ -            444 1064at2085           -            350   3.9e-35  116.9   3.2   2   2     6e-27   1.3e-25   85.6   0.2   140   267   242   369   200   375 0.86 scf00000000_214 # 219580 # 220911 # 1 # ID=1_214;partial=00;start_type=ATG;rbs_motif=GGAG/GAGG;rbs_spacer=5-10bp;gc_cont=0.291
scf00000000:306279-307097|+ -            273 1064at2085           -            350   1.1e-33  112.2   7.7   1   2   1.1e-14   2.2e-13   45.4   1.9     2   104     2   110     1   117 0.83 scf00000000_287 # 306279 # 307097 # 1 # ID=1_287;partial=00;start_type=ATG;rbs_motif=GGA/GAG/AGG;rbs_spacer=5-10bp;gc_cont=0.304
scf00000000:306279-307097|+ -            273 1064at2085           -            350   1.1e-33  112.2   7.7   2   2   1.5e-22   3.1e-21   71.2   0.8   153   271   112   229   106   245 0.94 scf00000000_287 # 306279 # 307097 # 1 # ID=1_287;partial=00;start_type=ATG;rbs_motif=GGA/GAG/AGG;rbs_spacer=5-10bp;gc_cont=0.304
scf00000000:355619-357571|- -            651 1064at2085           -            350   1.7e-33  111.5   9.5   1   2     5e-19   1.1e-17   59.6   3.2     1    95     1    93     1    99 0.94 scf00000000_329 # 355619 # 357571 # -1 # ID=1_329;partial=00;start_type=ATG;rbs_motif=GGA/GAG/AGG;rbs_spacer=5-10bp;gc_cont=0.242
scf00000000:355619-357571|- -            651 1064at2085           -            350   1.7e-33  111.5   9.5   2   2   1.4e-17     3e-16   54.8   0.5   146   260    99   208    94   235 0.84 scf00000000_329 # 355619 # 357571 # -1 # ID=1_329;partial=00;start_type=ATG;rbs_motif=GGA/GAG/AGG;rbs_spacer=5-10bp;gc_cont=0.242
scf00000000:406869-409256|- -            796 1064at2085           -            350   7.8e-32  106.1   9.3   1   2   7.9e-19   1.7e-17   58.9   2.9     1   115     1   112     1   125 0.82 scf00000000_370 # 406869 # 409256 # -1 # ID=1_370;partial=00;start_type=ATG;rbs_motif=None;rbs_spacer=None;gc_cont=0.250
scf00000000:406869-409256|- -            796 1064at2085           -            350   7.8e-32  106.1   9.3   2   2   1.3e-16   2.7e-15   51.7   1.1   159   266   107   213   104   219 0.87 scf00000000_370 # 406869 # 409256 # -1 # ID=1_370;partial=00;start_type=ATG;rbs_motif=None;rbs_spacer=None;gc_cont=0.250
scf00000000:307070-307972|+ -            301 1064at2085           -            350     1e-31  105.6   2.6   1   2   9.8e-12   2.1e-10   35.6   2.2     2   106     3   132     2   138 0.65 scf00000000_288 # 307070 # 307972 # 1 # ID=1_288;partial=00;start_type=ATG;rbs_motif=GGA/GAG/AGG;rbs_spacer=5-10bp;gc_cont=0.307
scf00000000:307070-307972|+ -            301 1064at2085           -            350     1e-31  105.6   2.6   2   2     6e-21   1.3e-19   65.9   0.0   152   276   131   255   125   288 0.86 scf00000000_288 # 307070 # 307972 # 1 # ID=1_288;partial=00;start_type=ATG;rbs_motif=GGA/GAG/AGG;rbs_spacer=5-10bp;gc_cont=0.307
scf00000000:9615-10316|-    -            234 1064at2085           -            350   1.4e-31  105.2   7.8   1   2   3.7e-22   7.8e-21   69.9   6.0     1   121     1   118     1   125 0.89 scf00000000_8 # 9615 # 10316 # -1 # ID=1_8;partial=00;start_type=ATG;rbs_motif=AGxAG;rbs_spacer=5-10bp;gc_cont=0.356
scf00000000:9615-10316|-    -            234 1064at2085           -            350   1.4e-31  105.2   7.8   2   2   1.2e-12   2.6e-11   38.6   0.1   159   238   107   185   104   189 0.86 scf00000000_8 # 9615 # 10316 # -1 # ID=1_8;partial=00;start_type=ATG;rbs_motif=AGxAG;rbs_spacer=5-10bp;gc_cont=0.356
scf00000000:621959-624283|- -            775 1064at2085           -            350   2.2e-30  101.3   9.4   1   4   4.4e-09   9.4e-08   26.9   2.7     8   100    15   112     5   160 0.80 scf00000000_528 # 621959 # 624283 # -1 # ID=1_528;partial=00;start_type=ATG;rbs_motif=AGxAG;rbs_spacer=5-10bp;gc_cont=0.277
scf00000000:621959-624283|- -            775 1064at2085           -            350   2.2e-30  101.3   9.4   2   4       7.5   1.6e+02   -3.5   3.5    60   147   177   264   162   319 0.60 scf00000000_528 # 621959 # 624283 # -1 # ID=1_528;partial=00;start_type=ATG;rbs_motif=AGxAG;rbs_spacer=5-10bp;gc_cont=0.277
scf00000000:621959-624283|- -            775 1064at2085           -            350   2.2e-30  101.3   9.4   3   4       4.9     1e+02   -2.9   3.4    70   152   312   395   301   428 0.56 scf00000000_528 # 621959 # 624283 # -1 # ID=1_528;partial=00;start_type=ATG;rbs_motif=AGxAG;rbs_spacer=5-10bp;gc_cont=0.277
scf00000000:621959-624283|- -            775 1064at2085           -            350   2.2e-30  101.3   9.4   4   4   1.8e-27   3.8e-26   87.4   0.6   145   271   582   709   523   720 0.79 scf00000000_528 # 621959 # 624283 # -1 # ID=1_528;partial=00;start_type=ATG;rbs_motif=AGxAG;rbs_spacer=5-10bp;gc_cont=0.277
scf00000000:374552-376516|+ -            655 1064at2085           -            350   3.1e-30  100.8   9.6   1   2   3.2e-19   6.8e-18   60.2   5.3     1   126     1   127     1   128 0.87 scf00000000_339 # 374552 # 376516 # 1 # ID=1_339;partial=00;start_type=ATG;rbs_motif=GGA/GAG/AGG;rbs_spacer=5-10bp;gc_cont=0.248
scf00000000:374552-376516|+ -            655 1064at2085           -            350   3.1e-30  100.8   9.6   2   2   9.2e-15     2e-13   45.6   0.4   171   265   121   213   109   248 0.86 scf00000000_339 # 374552 # 376516 # 1 # ID=1_339;partial=00;start_type=ATG;rbs_motif=GGA/GAG/AGG;rbs_spacer=5-10bp;gc_cont=0.248
scf00000000:268121-269056|+ -            312 1064at2085           -            350   5.1e-29   96.8   5.3   1   3   1.9e-15     4e-14   47.8   0.1     2    99    11   116    10   121 0.89 scf00000000_252 # 268121 # 269056 # 1 # ID=1_252;partial=00;start_type=TTG;rbs_motif=AGGAGG;rbs_spacer=5-10bp;gc_cont=0.335
scf00000000:268121-269056|+ -            312 1064at2085           -            350   5.1e-29   96.8   5.3   2   3   1.1e-15   2.3e-14   48.6   0.4   153   256   127   229   118   251 0.92 scf00000000_252 # 268121 # 269056 # 1 # ID=1_252;partial=00;start_type=TTG;rbs_motif=AGGAGG;rbs_spacer=5-10bp;gc_cont=0.335
scf00000000:268121-269056|+ -            312 1064at2085           -            350   5.1e-29   96.8   5.3   3   3      0.22       4.6    1.6   0.0    16    42   280   306   273   310 0.88 scf00000000_252 # 268121 # 269056 # 1 # ID=1_252;partial=00;start_type=TTG;rbs_motif=AGGAGG;rbs_spacer=5-10bp;gc_cont=0.335
scf00000000:624283-625335|- -            351 1064at2085           -            350   1.2e-28   95.6   0.7   1   2   8.2e-08   1.7e-06   22.7   0.2    11    72    26    88     9    94 0.78 scf00000000_529 # 624283 # 625335 # -1 # ID=1_529;partial=00;start_type=ATG;rbs_motif=GGxGG;rbs_spacer=5-10bp;gc_cont=0.333
scf00000000:624283-625335|- -            351 1064at2085           -            350   1.2e-28   95.6   0.7   2   2   1.3e-22   2.7e-21   71.4   0.0   153   271   133   254   121   263 0.89 scf00000000_529 # 624283 # 625335 # -1 # ID=1_529;partial=00;start_type=ATG;rbs_motif=GGxGG;rbs_spacer=5-10bp;gc_cont=0.333
scf00000000:357654-359978|- -            775 1064at2085           -            350     2e-28   94.8  10.9   1   2   3.5e-17   7.5e-16   53.5   3.2     1    95     1    93     1   103 0.93 scf00000000_330 # 357654 # 359978 # -1 # ID=1_330;partial=00;start_type=ATG;rbs_motif=None;rbs_spacer=None;gc_cont=0.264
scf00000000:357654-359978|- -            775 1064at2085           -            350     2e-28   94.8  10.9   2   2   1.1e-14   2.3e-13   45.4   1.1   151   268   100   216    93   240 0.84 scf00000000_330 # 357654 # 359978 # -1 # ID=1_330;partial=00;start_type=ATG;rbs_motif=None;rbs_spacer=None;gc_cont=0.264
scf00000000:337291-339609|- -            773 1064at2085           -            350   6.9e-28   93.1   7.9   1   2   2.7e-19   5.7e-18   60.5   4.1     1   124     1   124     1   127 0.83 scf00000000_314 # 337291 # 339609 # -1 # ID=1_314;partial=00;start_type=ATG;rbs_motif=None;rbs_spacer=None;gc_cont=0.263
scf00000000:337291-339609|- -            773 1064at2085           -            350   6.9e-28   93.1   7.9   2   2   1.2e-11   2.4e-10   35.4   0.1   172   254   121   201   116   220 0.88 scf00000000_314 # 337291 # 339609 # -1 # ID=1_314;partial=00;start_type=ATG;rbs_motif=None;rbs_spacer=None;gc_cont=0.263
scf00000000:372193-374475|+ -            761 1064at2085           -            350     2e-27   91.6  18.3   1   3   8.5e-18   1.8e-16   55.5   4.4     1    94     1    91     1    94 0.90 scf00000000_338 # 372193 # 374475 # 1 # ID=1_338;partial=00;start_type=ATG;rbs_motif=GGA/GAG/AGG;rbs_spacer=5-10bp;gc_cont=0.252
scf00000000:372193-374475|+ -            761 1064at2085           -            350     2e-27   91.6  18.3   2   3   1.2e-13   2.6e-12   41.9   4.8   143   292    95   243    92   306 0.75 scf00000000_338 # 372193 # 374475 # 1 # ID=1_338;partial=00;start_type=ATG;rbs_motif=GGA/GAG/AGG;rbs_spacer=5-10bp;gc_cont=0.252
scf00000000:372193-374475|+ -            761 1064at2085           -            350     2e-27   91.6  18.3   3   3       1.4        31   -1.1   0.1    83   121   275   320   255   348 0.55 scf00000000_338 # 372193 # 374475 # 1 # ID=1_338;partial=00;start_type=ATG;rbs_motif=GGA/GAG/AGG;rbs_spacer=5-10bp;gc_cont=0.252
scf00000000:212814-214430|- -            539 1064at2085           -            350   2.4e-27   91.3   4.5   1   5   2.6e-13   5.6e-12   40.8   0.8     1    64     1    64     1   104 0.82 scf00000000_209 # 212814 # 214430 # -1 # ID=1_209;partial=00;start_type=ATG;rbs_motif=AGGA;rbs_spacer=5-10bp;gc_cont=0.333
scf00000000:212814-214430|- -            539 1064at2085           -            350   2.4e-27   91.3   4.5   2   5       1.6        35   -1.3   0.0   248   273    83   109    62   116 0.75 scf00000000_209 # 212814 # 214430 # -1 # ID=1_209;partial=00;start_type=ATG;rbs_motif=AGGA;rbs_spacer=5-10bp;gc_cont=0.333
scf00000000:212814-214430|- -            539 1064at2085           -            350   2.4e-27   91.3   4.5   3   5   2.1e-09   4.5e-08   27.9   0.0   171   261   148   234   130   281 0.84 scf00000000_209 # 212814 # 214430 # -1 # ID=1_209;partial=00;start_type=ATG;rbs_motif=AGGA;rbs_spacer=5-10bp;gc_cont=0.333
scf00000000:212814-214430|- -            539 1064at2085           -            350   2.4e-27   91.3   4.5   4   5      0.02      0.43    5.0   0.0    14    60   334   380   321   395 0.86 scf00000000_209 # 212814 # 214430 # -1 # ID=1_209;partial=00;start_type=ATG;rbs_motif=AGGA;rbs_spacer=5-10bp;gc_cont=0.333
scf00000000:212814-214430|- -            539 1064at2085           -            350   2.4e-27   91.3   4.5   5   5   1.6e-05   0.00035   15.1   0.0   174   223   443   492   418   535 0.78 scf00000000_209 # 212814 # 214430 # -1 # ID=1_209;partial=00;start_type=ATG;rbs_motif=AGGA;rbs_spacer=5-10bp;gc_cont=0.333
scf00000000:751712-753244|+ -            511 1064at2085           -            350   1.5e-26   88.7  18.4   1   4   6.8e-13   1.4e-11   39.4   1.0     2   119    14   136    13   152 0.86 scf00000000_634 # 751712 # 753244 # 1 # ID=1_634;partial=00;start_type=GTG;rbs_motif=GGA/GAG/AGG;rbs_spacer=11-12bp;gc_cont=0.325
scf00000000:751712-753244|+ -            511 1064at2085           -            350   1.5e-26   88.7  18.4   2   4   5.5e-06   0.00012   16.7   1.5   156   258   127   228   121   271 0.79 scf00000000_634 # 751712 # 753244 # 1 # ID=1_634;partial=00;start_type=GTG;rbs_motif=GGA/GAG/AGG;rbs_spacer=11-12bp;gc_cont=0.325
scf00000000:751712-753244|+ -            511 1064at2085           -            350   1.5e-26   88.7  18.4   3   4    0.0028     0.059    7.8   0.2    17    69   280   331   267   337 0.84 scf00000000_634 # 751712 # 753244 # 1 # ID=1_634;partial=00;start_type=GTG;rbs_motif=GGA/GAG/AGG;rbs_spacer=11-12bp;gc_cont=0.325
scf00000000:751712-753244|+ -            511 1064at2085           -            350   1.5e-26   88.7  18.4   4   4   4.7e-12   9.9e-11   36.7   0.7   140   259   375   492   355   503 0.74 scf00000000_634 # 751712 # 753244 # 1 # ID=1_634;partial=00;start_type=GTG;rbs_motif=GGA/GAG/AGG;rbs_spacer=11-12bp;gc_cont=0.325
scf00000000:3050-5335|-     -            762 1064at2085           -            350   2.1e-26   88.2  15.1   1   3   3.3e-18   7.1e-17   56.9   4.5     1   126     1   126     1   127 0.82 scf00000000_4 # 3050 # 5335 # -1 # ID=1_4;partial=00;start_type=ATG;rbs_motif=None;rbs_spacer=None;gc_cont=0.251
scf00000000:3050-5335|-     -            762 1064at2085           -            350   2.1e-26   88.2  15.1   2   3   2.5e-13   5.2e-12   40.9   0.2   170   258   119   205   107   219 0.90 scf00000000_4 # 3050 # 5335 # -1 # ID=1_4;partial=00;start_type=ATG;rbs_motif=None;rbs_spacer=None;gc_cont=0.251
scf00000000:3050-5335|-     -            762 1064at2085           -            350   2.1e-26   88.2  15.1   3   3       8.9   1.9e+02   -3.7   0.6    98   158   444   505   435   536 0.57 scf00000000_4 # 3050 # 5335 # -1 # ID=1_4;partial=00;start_type=ATG;rbs_motif=None;rbs_spacer=None;gc_cont=0.251
scf00000000:470555-472855|- -            767 1064at2085           -            350   3.3e-26   87.6  10.4   1   3   5.9e-18   1.3e-16   56.1   2.6     1   126     1   127     1   128 0.86 scf00000000_420 # 470555 # 472855 # -1 # ID=1_420;partial=00;start_type=ATG;rbs_motif=GGA/GAG/AGG;rbs_spacer=5-10bp;gc_cont=0.292
scf00000000:470555-472855|- -            767 1064at2085           -            350   3.3e-26   87.6  10.4   2   3   5.6e-12   1.2e-10   36.4   0.2   173   253   123   201   102   212 0.86 scf00000000_420 # 470555 # 472855 # -1 # ID=1_420;partial=00;start_type=ATG;rbs_motif=GGA/GAG/AGG;rbs_spacer=5-10bp;gc_cont=0.292
scf00000000:470555-472855|- -            767 1064at2085           -            350   3.3e-26   87.6  10.4   3   3      0.54        12    0.3   0.1    85   157   527   600   521   607 0.82 scf00000000_420 # 470555 # 472855 # -1 # ID=1_420;partial=00;start_type=ATG;rbs_motif=GGA/GAG/AGG;rbs_spacer=5-10bp;gc_cont=0.292
scf00000000:576023-576739|- -            239 1064at2085           -            350   9.9e-25   82.7   3.0   1   2   4.4e-10   9.4e-09   30.2   0.7     1    63     5    68     5    90 0.88 scf00000000_490 # 576023 # 576739 # -1 # ID=1_490;partial=00;start_type=ATG;rbs_motif=AGGA;rbs_spacer=5-10bp;gc_cont=0.265
scf00000000:576023-576739|- -            239 1064at2085           -            350   9.9e-25   82.7   3.0   2   2   4.1e-17   8.7e-16   53.3   0.1   136   268    93   225    74   233 0.87 scf00000000_490 # 576023 # 576739 # -1 # ID=1_490;partial=00;start_type=ATG;rbs_motif=AGGA;rbs_spacer=5-10bp;gc_cont=0.265
scf00000000:218178-219590|+ -            471 1064at2085           -            350   3.8e-24   80.8   9.1   1   3       1.9        40   -1.5   0.3    99   152    66   115    38   136 0.49 scf00000000_213 # 218178 # 219590 # 1 # ID=1_213;partial=00;start_type=ATG;rbs_motif=AGGAGG;rbs_spacer=5-10bp;gc_cont=0.321
scf00000000:218178-219590|+ -            471 1064at2085           -            350   3.8e-24   80.8   9.1   2   3   2.5e-06   5.3e-05   17.8   0.1    14   110   141   251   127   266 0.70 scf00000000_213 # 218178 # 219590 # 1 # ID=1_213;partial=00;start_type=ATG;rbs_motif=AGGAGG;rbs_spacer=5-10bp;gc_cont=0.321
scf00000000:218178-219590|+ -            471 1064at2085           -            350   3.8e-24   80.8   9.1   3   3   1.3e-21   2.8e-20   68.1   0.9   173   270   272   369   247   375 0.90 scf00000000_213 # 218178 # 219590 # 1 # ID=1_213;partial=00;start_type=ATG;rbs_motif=AGGAGG;rbs_spacer=5-10bp;gc_cont=0.321
scf00000000:789589-791205|+ -            539 1064at2085           -            350     7e-22   73.3   4.2   1   2   1.3e-11   2.7e-10   35.2   0.5     1    72   335   407   335   418 0.92 scf00000000_656 # 789589 # 791205 # 1 # ID=1_656;partial=00;start_type=ATG;rbs_motif=None;rbs_spacer=None;gc_cont=0.228
scf00000000:789589-791205|+ -            539 1064at2085           -            350     7e-22   73.3   4.2   2   2   6.1e-13   1.3e-11   39.6   0.3   130   250   416   535   406   538 0.82 scf00000000_656 # 789589 # 791205 # 1 # ID=1_656;partial=00;start_type=ATG;rbs_motif=None;rbs_spacer=None;gc_cont=0.228
scf00000000:269073-269660|+ -            196 1064at2085           -            350   3.8e-20   67.6   0.3   1   1   2.4e-21   5.2e-20   67.2   0.3   150   259    67   176    59   188 0.90 scf00000000_253 # 269073 # 269660 # 1 # ID=1_253;partial=00;start_type=ATG;rbs_motif=None;rbs_spacer=None;gc_cont=0.303
scf00000000:437286-438047|+ -            254 1064at2085           -            350   6.2e-20   66.9   3.0   1   2   6.4e-07   1.4e-05   19.8   0.3    12    76    22    86     9   131 0.71 scf00000000_391 # 437286 # 438047 # 1 # ID=1_391;partial=00;start_type=ATG;rbs_motif=None;rbs_spacer=None;gc_cont=0.428
scf00000000:437286-438047|+ -            254 1064at2085           -            350   6.2e-20   66.9   3.0   2   2   1.1e-15   2.3e-14   48.6   0.7   148   220   123   195    76   201 0.74 scf00000000_391 # 437286 # 438047 # 1 # ID=1_391;partial=00;start_type=ATG;rbs_motif=None;rbs_spacer=None;gc_cont=0.428
scf00000000:860077-861690|+ -            538 1064at2085           -            350   1.6e-19   65.6   9.9   1   2     8e-15   1.7e-13   45.8   1.2     2    72   325   395   324   421 0.86 scf00000000_708 # 860077 # 861690 # 1 # ID=1_708;partial=00;start_type=ATG;rbs_motif=AGxAGG/AGGxGG;rbs_spacer=5-10bp;gc_cont=0.264
scf00000000:860077-861690|+ -            538 1064at2085           -            350   1.6e-19   65.6   9.9   2   2   3.3e-08     7e-07   24.0   2.1   157   240   427   514   420   521 0.83 scf00000000_708 # 860077 # 861690 # 1 # ID=1_708;partial=00;start_type=ATG;rbs_motif=AGxAGG/AGGxGG;rbs_spacer=5-10bp;gc_cont=0.264
scf00000000:5603-7894|-     -            764 1064at2085           -            350   1.8e-18   62.1  14.4   1   3   3.7e-16     8e-15   50.1   4.0     1   126     1   126     1   130 0.82 scf00000000_5 # 5603 # 7894 # -1 # ID=1_5;partial=00;start_type=ATG;rbs_motif=AGGAG(G)/GGAGG;rbs_spacer=13-15bp;gc_cont=0.254
scf00000000:5603-7894|-     -            764 1064at2085           -            350   1.8e-18   62.1  14.4   2   3   5.9e-07   1.2e-05   19.9   0.4   172   258   121   205   114   218 0.87 scf00000000_5 # 5603 # 7894 # -1 # ID=1_5;partial=00;start_type=ATG;rbs_motif=AGGAG(G)/GGAGG;rbs_spacer=13-15bp;gc_cont=0.254
scf00000000:5603-7894|-     -            764 1064at2085           -            350   1.8e-18   62.1  14.4   3   3         2        42   -1.6   0.3   100   163   441   505   431   531 0.76 scf00000000_5 # 5603 # 7894 # -1 # ID=1_5;partial=00;start_type=ATG;rbs_motif=AGGAG(G)/GGAGG;rbs_spacer=13-15bp;gc_cont=0.254
scf00000000:782905-784518|+ -            538 1064at2085           -            350   3.2e-18   61.3   6.5   1   4       5.9   1.3e+02   -3.1   0.4    79   108    72   101    67   121 0.64 scf00000000_652 # 782905 # 784518 # 1 # ID=1_652;partial=00;start_type=ATG;rbs_motif=AGGAGG;rbs_spacer=5-10bp;gc_cont=0.242
scf00000000:782905-784518|+ -            538 1064at2085           -            350   3.2e-18   61.3   6.5   2   4       7.4   1.6e+02   -3.5   0.1   131   150   300   316   289   332 0.60 scf00000000_652 # 782905 # 784518 # 1 # ID=1_652;partial=00;start_type=ATG;rbs_motif=AGGAGG;rbs_spacer=5-10bp;gc_cont=0.242
scf00000000:782905-784518|+ -            538 1064at2085           -            350   3.2e-18   61.3   6.5   3   4   2.7e-10   5.7e-09   30.9   0.4     6    71   339   405   334   417 0.87 scf00000000_652 # 782905 # 784518 # 1 # ID=1_652;partial=00;start_type=ATG;rbs_motif=AGGAGG;rbs_spacer=5-10bp;gc_cont=0.242
scf00000000:782905-784518|+ -            538 1064at2085           -            350   3.2e-18   61.3   6.5   4   4   1.5e-13   3.2e-12   41.6   1.2   154   251   435   534   421   537 0.79 scf00000000_652 # 782905 # 784518 # 1 # ID=1_652;partial=00;start_type=ATG;rbs_motif=AGGAGG;rbs_spacer=5-10bp;gc_cont=0.242
scf00000000:95346-98189|-   -            948 1064at2085           -            350   1.6e-15   52.5   5.8   1   4     0.016      0.35    5.3   0.1    15    42    19    46    13    57 0.90 scf00000000_84 # 95346 # 98189 # -1 # ID=1_84;partial=00;start_type=ATG;rbs_motif=None;rbs_spacer=None;gc_cont=0.328
scf00000000:95346-98189|-   -            948 1064at2085           -            350   1.6e-15   52.5   5.8   2   4   7.1e-07   1.5e-05   19.6   0.0   153   249   467   563   437   601 0.77 scf00000000_84 # 95346 # 98189 # -1 # ID=1_84;partial=00;start_type=ATG;rbs_motif=None;rbs_spacer=None;gc_cont=0.328
scf00000000:95346-98189|-   -            948 1064at2085           -            350   1.6e-15   52.5   5.8   3   4   9.2e-06    0.0002   16.0   0.4    15    47   626   658   618   680 0.82 scf00000000_84 # 95346 # 98189 # -1 # ID=1_84;partial=00;start_type=ATG;rbs_motif=None;rbs_spacer=None;gc_cont=0.328
scf00000000:95346-98189|-   -            948 1064at2085           -            350   1.6e-15   52.5   5.8   4   4   0.00026    0.0056   11.2   0.0   174   251   829   907   811   941 0.74 scf00000000_84 # 95346 # 98189 # -1 # ID=1_84;partial=00;start_type=ATG;rbs_motif=None;rbs_spacer=None;gc_cont=0.328
scf00000000:787970-789580|+ -            537 1064at2085           -            350     1e-13   46.5   6.6   1   2   5.6e-11   1.2e-09   33.1   2.7     2   127   334   462   333   463 0.80 scf00000000_655 # 787970 # 789580 # 1 # ID=1_655;partial=00;start_type=ATG;rbs_motif=GGA/GAG/AGG;rbs_spacer=5-10bp;gc_cont=0.188
scf00000000:787970-789580|+ -            537 1064at2085           -            350     1e-13   46.5   6.6   2   2   3.3e-06   7.1e-05   17.4   0.4   170   250   456   534   431   536 0.70 scf00000000_655 # 787970 # 789580 # 1 # ID=1_655;partial=00;start_type=ATG;rbs_motif=GGA/GAG/AGG;rbs_spacer=5-10bp;gc_cont=0.188
scf00000000:858486-860084|+ -            533 1064at2085           -            350   1.4e-13   46.0   8.3   1   3       3.3        69   -2.3   0.2   126   154   211   241   199   255 0.74 scf00000000_707 # 858486 # 860084 # 1 # ID=1_707;partial=00;start_type=ATG;rbs_motif=AGGAGG;rbs_spacer=5-10bp;gc_cont=0.252
scf00000000:858486-860084|+ -            533 1064at2085           -            350   1.4e-13   46.0   8.3   2   3   9.4e-10     2e-08   29.1   1.0     2    94   327   421   326   425 0.81 scf00000000_707 # 858486 # 860084 # 1 # ID=1_707;partial=00;start_type=ATG;rbs_motif=AGGAGG;rbs_spacer=5-10bp;gc_cont=0.252
scf00000000:858486-860084|+ -            533 1064at2085           -            350   1.4e-13   46.0   8.3   3   3   2.6e-07   5.6e-06   21.0   0.3   157   245   431   518   392   529 0.77 scf00000000_707 # 858486 # 860084 # 1 # ID=1_707;partial=00;start_type=ATG;rbs_motif=AGGAGG;rbs_spacer=5-10bp;gc_cont=0.252
scf00000000:781284-782894|+ -            537 1064at2085           -            350   2.3e-13   45.3   0.2   1   2   2.9e-10   6.1e-09   30.8   0.1     2    72   334   406   333   433 0.84 scf00000000_651 # 781284 # 782894 # 1 # ID=1_651;partial=00;start_type=ATG;rbs_motif=AGGA;rbs_spacer=5-10bp;gc_cont=0.235
scf00000000:781284-782894|+ -            537 1064at2085           -            350   2.3e-13   45.3   0.2   2   2   0.00017    0.0036   11.8   0.0   174   231   460   514   441   535 0.72 scf00000000_651 # 781284 # 782894 # 1 # ID=1_651;partial=00;start_type=ATG;rbs_motif=AGGA;rbs_spacer=5-10bp;gc_cont=0.235
scf00000000:144231-146270|+ -            680 1064at2085           -            350   1.7e-09   32.6   5.1   1   3       3.1        67   -2.2   0.1    68    86   113   131    80   145 0.69 scf00000000_138 # 144231 # 146270 # 1 # ID=1_138;partial=00;start_type=ATG;rbs_motif=None;rbs_spacer=None;gc_cont=0.249
scf00000000:144231-146270|+ -            680 1064at2085           -            350   1.7e-09   32.6   5.1   2   3   9.6e-06    0.0002   15.9   0.5     2    94   470   561   469   584 0.80 scf00000000_138 # 144231 # 146270 # 1 # ID=1_138;partial=00;start_type=ATG;rbs_motif=None;rbs_spacer=None;gc_cont=0.249
scf00000000:144231-146270|+ -            680 1064at2085           -            350   1.7e-09   32.6   5.1   3   3   2.6e-06   5.5e-05   17.8   0.1   165   239   589   661   568   666 0.88 scf00000000_138 # 144231 # 146270 # 1 # ID=1_138;partial=00;start_type=ATG;rbs_motif=None;rbs_spacer=None;gc_cont=0.249
scf00000000:2662-2895|-     -             78 1064at2085           -            350   8.1e-06   20.5   0.8   1   1   3.9e-07   8.4e-06   20.5   0.8    60   125     3    71     1    76 0.71 scf00000000_3 # 2662 # 2895 # -1 # ID=1_3;partial=00;start_type=TTG;rbs_motif=None;rbs_spacer=None;gc_cont=0.261
#
# Program:         hmmsearch
# Version:         3.4 (Aug 2023)
# Pipeline mode:   SEARCH
# Query file:      /home/bryan/Documentos/GitHub/Project_doctoral/IMPLEMENTACAO/Genomes/M_hyopneumoniae/strains/TB1/Use/busco_downloads/lineages/mycoplasmatales_odb10/hmms/1064at2085.hmm
# Target file:     /home/bryan/Documentos/GitHub/Project_doctoral/IMPLEMENTACAO/Genomes/M_hyopneumoniae/strains/TB1/Use/busco_complete/prodigal_output/predicted_genes/predicted.faa
# Option settings: hmmsearch --domtblout /home/bryan/Documentos/GitHub/Project_doctoral/IMPLEMENTACAO/Genomes/M_hyopneumoniae/strains/TB1/Use/busco_complete/run_mycoplasmatales_odb10/hmmer_output/1064at2085.out --cpu 1 /home/bryan/Documentos/GitHub/Project_doctoral/IMPLEMENTACAO/Genomes/M_hyopneumoniae/strains/TB1/Use/busco_downloads/lineages/mycoplasmatales_odb10/hmms/1064at2085.hmm /home/bryan/Documentos/GitHub/Project_doctoral/IMPLEMENTACAO/Genomes/M_hyopneumoniae/strains/TB1/Use/busco_complete/prodigal_output/predicted_genes/predicted.faa 
# Current dir:     /home/bryan/Documentos/GitHub/Project_doctoral/IMPLEMENTACAO/Genomes/M_hyopneumoniae/strains/TB1/Use
# Date:            Sun Dec  1 19:28:22 2024
# [ok]
