#                                                                                   --- full sequence --- -------------- this domain -------------   hmm coord   ali coord   env coord
# target name               accession   tlen query name           accession   qlen   E-value  score  bias   #  of  c-Evalue  i-Evalue  score  bias  from    to  from    to  from    to  acc description of target
#       ------------------- ---------- ----- -------------------- ---------- ----- --------- ------ ----- --- --- --------- --------- ------ ----- ----- ----- ----- ----- ----- ----- ---- ---------------------
scf00000000:90454-91245|+   -            264 1679at2085           -            265   5.8e-79  260.6  11.6   1   1   6.6e-81   6.3e-79  260.4  11.6    12   256     1   255     1   263 0.90 scf00000000_79 # 90454 # 91245 # 1 # ID=1_79;partial=00;start_type=ATG;rbs_motif=GGA/GAG/AGG;rbs_spacer=3-4bp;gc_cont=0.269
scf00000000:548839-549435|- -            199 1679at2085           -            265   6.8e-13   44.0   5.6   1   2   9.2e-13   8.8e-11   37.0   0.1   123   172    41    91    32   106 0.91 scf00000000_468 # 548839 # 549435 # -1 # ID=1_468;partial=00;start_type=ATG;rbs_motif=None;rbs_spacer=None;gc_cont=0.296
scf00000000:548839-549435|- -            199 1679at2085           -            265   6.8e-13   44.0   5.6   2   2   0.00032     0.031    9.0   1.7    24    97   117   195   102   198 0.77 scf00000000_468 # 548839 # 549435 # -1 # ID=1_468;partial=00;start_type=ATG;rbs_motif=None;rbs_spacer=None;gc_cont=0.296
scf00000000:211442-212770|- -            443 1679at2085           -            265   1.5e-12   42.8  16.1   1   3       1.1     1e+02   -2.5   0.1   231   258   137   164   114   170 0.58 scf00000000_208 # 211442 # 212770 # -1 # ID=1_208;partial=00;start_type=TTG;rbs_motif=AGGAG;rbs_spacer=5-10bp;gc_cont=0.313
scf00000000:211442-212770|- -            443 1679at2085           -            265   1.5e-12   42.8  16.1   2   3     1e-13   9.8e-12   40.2   0.3    97   174   194   275   184   289 0.78 scf00000000_208 # 211442 # 212770 # -1 # ID=1_208;partial=00;start_type=TTG;rbs_motif=AGGAG;rbs_spacer=5-10bp;gc_cont=0.313
scf00000000:211442-212770|- -            443 1679at2085           -            265   1.5e-12   42.8  16.1   3   3   0.00025     0.024    9.4   6.3    21   104   291   366   281   386 0.70 scf00000000_208 # 211442 # 212770 # -1 # ID=1_208;partial=00;start_type=TTG;rbs_motif=AGGAG;rbs_spacer=5-10bp;gc_cont=0.313
scf00000000:70365-70901|+   -            179 1679at2085           -            265     1e-10   36.8   0.6   1   2   2.9e-12   2.8e-10   35.4   0.2   123   178     6    65     1    81 0.80 scf00000000_58 # 70365 # 70901 # 1 # ID=1_58;partial=00;start_type=ATG;rbs_motif=None;rbs_spacer=None;gc_cont=0.520
scf00000000:70365-70901|+   -            179 1679at2085           -            265     1e-10   36.8   0.6   2   2       0.2        19   -0.1   0.0    22    44    78   100    70   110 0.77 scf00000000_58 # 70365 # 70901 # 1 # ID=1_58;partial=00;start_type=ATG;rbs_motif=None;rbs_spacer=None;gc_cont=0.520
scf00000000:147497-148378|+ -            294 1679at2085           -            265   2.5e-10   35.5   9.5   1   2     2e-11   1.9e-09   32.7   0.3   119   175     6    66     2    86 0.78 scf00000000_142 # 147497 # 148378 # 1 # ID=1_142;partial=00;start_type=ATG;rbs_motif=None;rbs_spacer=None;gc_cont=0.293
scf00000000:147497-148378|+ -            294 1679at2085           -            265   2.5e-10   35.5   9.5   2   2    0.0024      0.23    6.1   4.1    47   103   108   169    76   189 0.75 scf00000000_142 # 147497 # 148378 # 1 # ID=1_142;partial=00;start_type=ATG;rbs_motif=None;rbs_spacer=None;gc_cont=0.293
scf00000000:32950-34209|+   -            420 1679at2085           -            265   4.1e-06   21.7  12.8   1   2     5e-07   4.8e-05   18.2   0.1   124   175   161   215   145   236 0.75 scf00000000_27 # 32950 # 34209 # 1 # ID=1_27;partial=00;start_type=ATG;rbs_motif=AGGA;rbs_spacer=5-10bp;gc_cont=0.306
scf00000000:32950-34209|+   -            420 1679at2085           -            265   4.1e-06   21.7  12.8   2   2    0.0072      0.69    4.6   9.4    39   121   257   343   253   346 0.86 scf00000000_27 # 32950 # 34209 # 1 # ID=1_27;partial=00;start_type=ATG;rbs_motif=AGGA;rbs_spacer=5-10bp;gc_cont=0.306
scf00000000:150700-151557|+ -            286 1679at2085           -            265   2.1e-05   19.4   8.0   1   1   4.7e-05    0.0045   11.8   8.0    19   173    65   212    58   231 0.62 scf00000000_146 # 150700 # 151557 # 1 # ID=1_146;partial=00;start_type=ATG;rbs_motif=None;rbs_spacer=None;gc_cont=0.282
scf00000000:388048-389151|+ -            368 1679at2085           -            265   3.9e-05   18.5   0.2   1   1   9.3e-07   8.9e-05   17.3   0.2   119   154     2    36     1    47 0.84 scf00000000_351 # 388048 # 389151 # 1 # ID=1_351;partial=00;start_type=ATG;rbs_motif=None;rbs_spacer=None;gc_cont=0.298
#
# Program:         hmmsearch
# Version:         3.4 (Aug 2023)
# Pipeline mode:   SEARCH
# Query file:      /home/bryan/Documentos/GitHub/Project_doctoral/IMPLEMENTACAO/Genomes/M_hyopneumoniae/strains/TB1/Use/busco_downloads/lineages/mycoplasmatales_odb10/hmms/1679at2085.hmm
# Target file:     /home/bryan/Documentos/GitHub/Project_doctoral/IMPLEMENTACAO/Genomes/M_hyopneumoniae/strains/TB1/Use/busco_complete/prodigal_output/predicted_genes/predicted.faa
# Option settings: hmmsearch --domtblout /home/bryan/Documentos/GitHub/Project_doctoral/IMPLEMENTACAO/Genomes/M_hyopneumoniae/strains/TB1/Use/busco_complete/run_mycoplasmatales_odb10/hmmer_output/1679at2085.out --cpu 1 /home/bryan/Documentos/GitHub/Project_doctoral/IMPLEMENTACAO/Genomes/M_hyopneumoniae/strains/TB1/Use/busco_downloads/lineages/mycoplasmatales_odb10/hmms/1679at2085.hmm /home/bryan/Documentos/GitHub/Project_doctoral/IMPLEMENTACAO/Genomes/M_hyopneumoniae/strains/TB1/Use/busco_complete/prodigal_output/predicted_genes/predicted.faa 
# Current dir:     /home/bryan/Documentos/GitHub/Project_doctoral/IMPLEMENTACAO/Genomes/M_hyopneumoniae/strains/TB1/Use
# Date:            Sun Dec  1 19:28:24 2024
# [ok]
