#                                                                                   --- full sequence --- -------------- this domain -------------   hmm coord   ali coord   env coord
# target name               accession   tlen query name           accession   qlen   E-value  score  bias   #  of  c-Evalue  i-Evalue  score  bias  from    to  from    to  from    to  acc description of target
#       ------------------- ---------- ----- -------------------- ---------- ----- --------- ------ ----- --- --- --------- --------- ------ ----- ----- ----- ----- ----- ----- ----- ---- ---------------------
scf00000000:804421-805635|- -            405 1830at2085           -            299  4.2e-101  333.6  31.7   1   3   2.2e-38   4.2e-36  120.2   9.9     1   129    10   157    10   159 0.84 scf00000000_667 # 804421 # 805635 # -1 # ID=1_667;partial=00;start_type=ATG;rbs_motif=None;rbs_spacer=None;gc_cont=0.255
scf00000000:804421-805635|- -            405 1830at2085           -            299  4.2e-101  333.6  31.7   2   3   1.8e-65   3.4e-63  209.1   6.0   115   296   158   345   156   348 0.87 scf00000000_667 # 804421 # 805635 # -1 # ID=1_667;partial=00;start_type=ATG;rbs_motif=None;rbs_spacer=None;gc_cont=0.255
scf00000000:804421-805635|- -            405 1830at2085           -            299  4.2e-101  333.6  31.7   3   3   2.5e-06   0.00048   14.9   3.1   244   295   347   399   325   402 0.83 scf00000000_667 # 804421 # 805635 # -1 # ID=1_667;partial=00;start_type=ATG;rbs_motif=None;rbs_spacer=None;gc_cont=0.255
scf00000000:457275-458816|- -            514 1830at2085           -            299   7.2e-09   30.8   5.7   1   3   0.00082      0.16    6.7   0.3     2    99     5   110     4   133 0.79 scf00000000_406 # 457275 # 458816 # -1 # ID=1_406;partial=00;start_type=ATG;rbs_motif=GGA/GAG/AGG;rbs_spacer=5-10bp;gc_cont=0.271
scf00000000:457275-458816|- -            514 1830at2085           -            299   7.2e-09   30.8   5.7   2   3   1.3e-09   2.5e-07   25.7   0.1   193   259   294   361   282   383 0.81 scf00000000_406 # 457275 # 458816 # -1 # ID=1_406;partial=00;start_type=ATG;rbs_motif=GGA/GAG/AGG;rbs_spacer=5-10bp;gc_cont=0.271
scf00000000:457275-458816|- -            514 1830at2085           -            299   7.2e-09   30.8   5.7   3   3      0.19        36   -1.0   0.1    67   100   405   442   393   451 0.62 scf00000000_406 # 457275 # 458816 # -1 # ID=1_406;partial=00;start_type=ATG;rbs_motif=GGA/GAG/AGG;rbs_spacer=5-10bp;gc_cont=0.271
scf00000000:811324-813696|- -            791 1830at2085           -            299   2.5e-06   22.5   0.0   1   1   4.3e-08   8.3e-06   20.7   0.0   191   236   548   594   503   626 0.84 scf00000000_673 # 811324 # 813696 # -1 # ID=1_673;partial=00;start_type=ATG;rbs_motif=GGA/GAG/AGG;rbs_spacer=5-10bp;gc_cont=0.307
scf00000000:16575-19235|-   -            887 1830at2085           -            299   1.4e-05   20.0   0.2   1   4     0.036         7    1.3   0.1    12    68    65   127    57   182 0.63 scf00000000_15 # 16575 # 19235 # -1 # ID=1_15;partial=00;start_type=ATG;rbs_motif=AGGA;rbs_spacer=5-10bp;gc_cont=0.308
scf00000000:16575-19235|-   -            887 1830at2085           -            299   1.4e-05   20.0   0.2   2   4      0.23        43   -1.3   0.1   143   174   364   395   340   398 0.80 scf00000000_15 # 16575 # 19235 # -1 # ID=1_15;partial=00;start_type=ATG;rbs_motif=AGGA;rbs_spacer=5-10bp;gc_cont=0.308
scf00000000:16575-19235|-   -            887 1830at2085           -            299   1.4e-05   20.0   0.2   3   4   7.1e-08   1.4e-05   20.0   0.2   198   295   580   681   564   684 0.76 scf00000000_15 # 16575 # 19235 # -1 # ID=1_15;partial=00;start_type=ATG;rbs_motif=AGGA;rbs_spacer=5-10bp;gc_cont=0.308
scf00000000:16575-19235|-   -            887 1830at2085           -            299   1.4e-05   20.0   0.2   4   4      0.59   1.1e+02   -2.7   0.7   242   284   747   789   719   814 0.55 scf00000000_15 # 16575 # 19235 # -1 # ID=1_15;partial=00;start_type=ATG;rbs_motif=AGGA;rbs_spacer=5-10bp;gc_cont=0.308
#
# Program:         hmmsearch
# Version:         3.4 (Aug 2023)
# Pipeline mode:   SEARCH
# Query file:      /home/bryan/Documentos/GitHub/Project_doctoral/IMPLEMENTACAO/Genomes/M_hyopneumoniae/strains/TB1/Use/busco_downloads/lineages/mycoplasmatales_odb10/hmms/1830at2085.hmm
# Target file:     /home/bryan/Documentos/GitHub/Project_doctoral/IMPLEMENTACAO/Genomes/M_hyopneumoniae/strains/TB1/Use/busco_complete/prodigal_output/predicted_genes/predicted.faa
# Option settings: hmmsearch --domtblout /home/bryan/Documentos/GitHub/Project_doctoral/IMPLEMENTACAO/Genomes/M_hyopneumoniae/strains/TB1/Use/busco_complete/run_mycoplasmatales_odb10/hmmer_output/1830at2085.out --cpu 1 /home/bryan/Documentos/GitHub/Project_doctoral/IMPLEMENTACAO/Genomes/M_hyopneumoniae/strains/TB1/Use/busco_downloads/lineages/mycoplasmatales_odb10/hmms/1830at2085.hmm /home/bryan/Documentos/GitHub/Project_doctoral/IMPLEMENTACAO/Genomes/M_hyopneumoniae/strains/TB1/Use/busco_complete/prodigal_output/predicted_genes/predicted.faa 
# Current dir:     /home/bryan/Documentos/GitHub/Project_doctoral/IMPLEMENTACAO/Genomes/M_hyopneumoniae/strains/TB1/Use
# Date:            Sun Dec  1 19:28:24 2024
# [ok]
