#                                                                                   --- full sequence --- -------------- this domain -------------   hmm coord   ali coord   env coord
# target name               accession   tlen query name           accession   qlen   E-value  score  bias   #  of  c-Evalue  i-Evalue  score  bias  from    to  from    to  from    to  acc description of target
#       ------------------- ---------- ----- -------------------- ---------- ----- --------- ------ ----- --- --- --------- --------- ------ ----- ----- ----- ----- ----- ----- ----- ---- ---------------------
scf00000000:584825-585745|- -            307 2666at2085           -            250   9.3e-92  302.2   0.2   1   1   3.8e-93   4.9e-91  299.8   0.2     1   248     5   285     5   288 0.89 scf00000000_498 # 584825 # 585745 # -1 # ID=1_498;partial=00;start_type=ATG;rbs_motif=None;rbs_spacer=None;gc_cont=0.328
scf00000000:514981-515907|- -            309 2666at2085           -            250   9.3e-30   99.1   0.2   1   2   1.9e-14   2.4e-12   42.0   0.0     6    77    32   105    30   131 0.83 scf00000000_452 # 514981 # 515907 # -1 # ID=1_452;partial=00;start_type=ATG;rbs_motif=None;rbs_spacer=None;gc_cont=0.323
scf00000000:514981-515907|- -            309 2666at2085           -            250   9.3e-30   99.1   0.2   2   2   2.2e-18   2.9e-16   54.9   0.3   133   241   193   306   167   308 0.84 scf00000000_452 # 514981 # 515907 # -1 # ID=1_452;partial=00;start_type=ATG;rbs_motif=None;rbs_spacer=None;gc_cont=0.323
scf00000000:595296-596099|+ -            268 2666at2085           -            250   2.1e-25   84.8   4.9   1   2   2.9e-10   3.7e-08   28.3   0.1     2    70     2    69     1   122 0.88 scf00000000_509 # 595296 # 596099 # 1 # ID=1_509;partial=00;start_type=ATG;rbs_motif=None;rbs_spacer=None;gc_cont=0.295
scf00000000:595296-596099|+ -            268 2666at2085           -            250   2.1e-25   84.8   4.9   2   2   3.3e-19   4.2e-17   57.6   1.9   164   245   177   264   138   266 0.82 scf00000000_509 # 595296 # 596099 # 1 # ID=1_509;partial=00;start_type=ATG;rbs_motif=None;rbs_spacer=None;gc_cont=0.295
scf00000000:210623-211453|+ -            277 2666at2085           -            250   1.8e-21   72.0   4.4   1   1   8.6e-23   1.1e-20   69.3   4.4     3   246     2   272     1   274 0.73 scf00000000_207 # 210623 # 211453 # 1 # ID=1_207;partial=00;start_type=ATG;rbs_motif=AGGA;rbs_spacer=5-10bp;gc_cont=0.313
scf00000000:422377-423717|- -            447 2666at2085           -            250     7e-18   60.2   9.1   1   2   5.5e-20     7e-18   60.2   9.1     6   246     6   266     3   269 0.75 scf00000000_380 # 422377 # 423717 # -1 # ID=1_380;partial=00;start_type=ATG;rbs_motif=GGA/GAG/AGG;rbs_spacer=5-10bp;gc_cont=0.249
scf00000000:422377-423717|- -            447 2666at2085           -            250     7e-18   60.2   9.1   2   2     0.054       6.9    1.2   1.1   104   152   363   414   326   444 0.72 scf00000000_380 # 422377 # 423717 # -1 # ID=1_380;partial=00;start_type=ATG;rbs_motif=GGA/GAG/AGG;rbs_spacer=5-10bp;gc_cont=0.249
scf00000000:327280-328089|+ -            270 2666at2085           -            250   2.5e-17   58.3   3.6   1   2   1.6e-05    0.0021   12.8   0.1     4    79     5    80     2    94 0.80 scf00000000_303 # 327280 # 328089 # 1 # ID=1_303;partial=00;start_type=ATG;rbs_motif=None;rbs_spacer=None;gc_cont=0.299
scf00000000:327280-328089|+ -            270 2666at2085           -            250   2.5e-17   58.3   3.6   2   2     8e-16     1e-13   46.5   0.7   107   223   132   242   104   263 0.81 scf00000000_303 # 327280 # 328089 # 1 # ID=1_303;partial=00;start_type=ATG;rbs_motif=None;rbs_spacer=None;gc_cont=0.299
#
# Program:         hmmsearch
# Version:         3.4 (Aug 2023)
# Pipeline mode:   SEARCH
# Query file:      /home/bryan/Documentos/GitHub/Project_doctoral/IMPLEMENTACAO/Genomes/M_hyopneumoniae/strains/TB1/Use/busco_downloads/lineages/mycoplasmatales_odb10/hmms/2666at2085.hmm
# Target file:     /home/bryan/Documentos/GitHub/Project_doctoral/IMPLEMENTACAO/Genomes/M_hyopneumoniae/strains/TB1/Use/busco_complete/prodigal_output/predicted_genes/predicted.faa
# Option settings: hmmsearch --domtblout /home/bryan/Documentos/GitHub/Project_doctoral/IMPLEMENTACAO/Genomes/M_hyopneumoniae/strains/TB1/Use/busco_complete/run_mycoplasmatales_odb10/hmmer_output/2666at2085.out --cpu 1 /home/bryan/Documentos/GitHub/Project_doctoral/IMPLEMENTACAO/Genomes/M_hyopneumoniae/strains/TB1/Use/busco_downloads/lineages/mycoplasmatales_odb10/hmms/2666at2085.hmm /home/bryan/Documentos/GitHub/Project_doctoral/IMPLEMENTACAO/Genomes/M_hyopneumoniae/strains/TB1/Use/busco_complete/prodigal_output/predicted_genes/predicted.faa 
# Current dir:     /home/bryan/Documentos/GitHub/Project_doctoral/IMPLEMENTACAO/Genomes/M_hyopneumoniae/strains/TB1/Use
# Date:            Sun Dec  1 19:28:26 2024
# [ok]
