#                                                                                   --- full sequence --- -------------- this domain -------------   hmm coord   ali coord   env coord
# target name               accession   tlen query name           accession   qlen   E-value  score  bias   #  of  c-Evalue  i-Evalue  score  bias  from    to  from    to  from    to  acc description of target
#       ------------------- ---------- ----- -------------------- ---------- ----- --------- ------ ----- --- --- --------- --------- ------ ----- ----- ----- ----- ----- ----- ----- ---- ---------------------
scf00000000:457275-458816|- -            514 913at2085            -            397  1.5e-135  447.8  29.1   1   2  3.9e-125  7.4e-123  406.0  19.6     2   316     3   378     2   388 0.85 scf00000000_406 # 457275 # 458816 # -1 # ID=1_406;partial=00;start_type=ATG;rbs_motif=GGA/GAG/AGG;rbs_spacer=5-10bp;gc_cont=0.271
scf00000000:457275-458816|- -            514 913at2085            -            397  1.5e-135  447.8  29.1   2   2   3.7e-15   7.2e-13   43.8   1.9   311   386   406   485   393   500 0.84 scf00000000_406 # 457275 # 458816 # -1 # ID=1_406;partial=00;start_type=ATG;rbs_motif=GGA/GAG/AGG;rbs_spacer=5-10bp;gc_cont=0.271
scf00000000:811324-813696|- -            791 913at2085            -            397   7.5e-18   60.2   0.5   1   2   1.4e-11   2.7e-09   32.0   0.0     2   165    29   204    28   213 0.83 scf00000000_673 # 811324 # 813696 # -1 # ID=1_673;partial=00;start_type=ATG;rbs_motif=GGA/GAG/AGG;rbs_spacer=5-10bp;gc_cont=0.307
scf00000000:811324-813696|- -            791 913at2085            -            397   7.5e-18   60.2   0.5   2   2   1.6e-09   3.1e-07   25.3   0.3   238   340   547   647   513   694 0.75 scf00000000_673 # 811324 # 813696 # -1 # ID=1_673;partial=00;start_type=ATG;rbs_motif=GGA/GAG/AGG;rbs_spacer=5-10bp;gc_cont=0.307
scf00000000:16575-19235|-   -            887 913at2085            -            397   1.7e-15   52.5  24.3   1   5   1.5e-12   2.8e-10   35.3   0.2    12   129    61   195    58   224 0.71 scf00000000_15 # 16575 # 19235 # -1 # ID=1_15;partial=00;start_type=ATG;rbs_motif=AGGA;rbs_spacer=5-10bp;gc_cont=0.308
scf00000000:16575-19235|-   -            887 913at2085            -            397   1.7e-15   52.5  24.3   2   5      0.59   1.1e+02   -2.9   0.1   144   187   410   460   402   462 0.53 scf00000000_15 # 16575 # 19235 # -1 # ID=1_15;partial=00;start_type=ATG;rbs_motif=AGGA;rbs_spacer=5-10bp;gc_cont=0.308
scf00000000:16575-19235|-   -            887 913at2085            -            397   1.7e-15   52.5  24.3   3   5   7.9e-09   1.5e-06   23.0   0.0   238   292   571   630   563   644 0.77 scf00000000_15 # 16575 # 19235 # -1 # ID=1_15;partial=00;start_type=ATG;rbs_motif=AGGA;rbs_spacer=5-10bp;gc_cont=0.308
scf00000000:16575-19235|-   -            887 913at2085            -            397   1.7e-15   52.5  24.3   4   5     0.022       4.2    1.8  10.9   264   387   634   763   623   776 0.71 scf00000000_15 # 16575 # 19235 # -1 # ID=1_15;partial=00;start_type=ATG;rbs_motif=AGGA;rbs_spacer=5-10bp;gc_cont=0.308
scf00000000:16575-19235|-   -            887 913at2085            -            397   1.7e-15   52.5  24.3   5   5      0.11        20   -0.5   0.3   118   163   763   806   756   811 0.70 scf00000000_15 # 16575 # 19235 # -1 # ID=1_15;partial=00;start_type=ATG;rbs_motif=AGGA;rbs_spacer=5-10bp;gc_cont=0.308
scf00000000:873199-875667|+ -            823 913at2085            -            397   4.2e-11   38.0   8.6   1   5   3.8e-09   7.3e-07   24.1   1.7     5   147    35   199    31   220 0.64 scf00000000_716 # 873199 # 875667 # 1 # ID=1_716;partial=00;start_type=ATG;rbs_motif=AGGA;rbs_spacer=5-10bp;gc_cont=0.297
scf00000000:873199-875667|+ -            823 913at2085            -            397   4.2e-11   38.0   8.6   2   5      0.19        36   -1.3   0.1   276   308   269   302   246   352 0.75 scf00000000_716 # 873199 # 875667 # 1 # ID=1_716;partial=00;start_type=ATG;rbs_motif=AGGA;rbs_spacer=5-10bp;gc_cont=0.297
scf00000000:873199-875667|+ -            823 913at2085            -            397   4.2e-11   38.0   8.6   3   5       0.4        77   -2.4   0.1   140   165   351   376   328   411 0.54 scf00000000_716 # 873199 # 875667 # 1 # ID=1_716;partial=00;start_type=ATG;rbs_motif=AGGA;rbs_spacer=5-10bp;gc_cont=0.297
scf00000000:873199-875667|+ -            823 913at2085            -            397   4.2e-11   38.0   8.6   4   5   5.2e-10     1e-07   26.9   0.7   233   318   490   575   465   606 0.67 scf00000000_716 # 873199 # 875667 # 1 # ID=1_716;partial=00;start_type=ATG;rbs_motif=AGGA;rbs_spacer=5-10bp;gc_cont=0.297
scf00000000:873199-875667|+ -            823 913at2085            -            397   4.2e-11   38.0   8.6   5   5      0.46        88   -2.6   0.7   319   342   684   707   663   796 0.62 scf00000000_716 # 873199 # 875667 # 1 # ID=1_716;partial=00;start_type=ATG;rbs_motif=AGGA;rbs_spacer=5-10bp;gc_cont=0.297
#
# Program:         hmmsearch
# Version:         3.4 (Aug 2023)
# Pipeline mode:   SEARCH
# Query file:      /home/bryan/Documentos/GitHub/Project_doctoral/IMPLEMENTACAO/Genomes/M_hyopneumoniae/strains/TB1/Use/busco_downloads/lineages/mycoplasmatales_odb10/hmms/913at2085.hmm
# Target file:     /home/bryan/Documentos/GitHub/Project_doctoral/IMPLEMENTACAO/Genomes/M_hyopneumoniae/strains/TB1/Use/busco_complete/prodigal_output/predicted_genes/predicted.faa
# Option settings: hmmsearch --domtblout /home/bryan/Documentos/GitHub/Project_doctoral/IMPLEMENTACAO/Genomes/M_hyopneumoniae/strains/TB1/Use/busco_complete/run_mycoplasmatales_odb10/hmmer_output/913at2085.out --cpu 1 /home/bryan/Documentos/GitHub/Project_doctoral/IMPLEMENTACAO/Genomes/M_hyopneumoniae/strains/TB1/Use/busco_downloads/lineages/mycoplasmatales_odb10/hmms/913at2085.hmm /home/bryan/Documentos/GitHub/Project_doctoral/IMPLEMENTACAO/Genomes/M_hyopneumoniae/strains/TB1/Use/busco_complete/prodigal_output/predicted_genes/predicted.faa 
# Current dir:     /home/bryan/Documentos/GitHub/Project_doctoral/IMPLEMENTACAO/Genomes/M_hyopneumoniae/strains/TB1/Use
# Date:            Sun Dec  1 19:28:30 2024
# [ok]
