A	C	G	T	N	IUPAC	Other	GC	GC_stdev
0.3626	0.1424	0.1428	0.3523	0.0002	0.0000	0.0000	0.2852	0.0328

Main genome scaffold total:         	69
Main genome contig total:           	72
Main genome scaffold sequence total:	897976
Main genome contig sequence total:  	897767  	0.023% gap
Main genome scaffold N/L50:         	9/39975
Main genome contig N/L50:           	10/38061
Main genome scaffold N/L90:         	26/9798
Main genome contig N/L90:           	28/8386
Max scaffold length:                	87009
Max contig length:                  	87009
Number of scaffolds > 50 KB:        	4
% main genome in scaffolds > 50 KB: 	27.62%


Minimum 	Number        	Number        	Total         	Total         	Scaffold
Scaffold	of            	of            	Scaffold      	Contig        	Contig  
Length  	Scaffolds     	Contigs       	Length        	Length        	Coverage
--------	--------------	--------------	--------------	--------------	--------
    All 	            69	            72	        897976	        897767	  99.98%
    100 	            69	            72	        897976	        897767	  99.98%
    250 	            62	            65	        896360	        896151	  99.98%
    500 	            49	            52	        891440	        891231	  99.98%
   1000 	            41	            44	        885589	        885380	  99.98%
   2500 	            36	            39	        877390	        877181	  99.98%
   5000 	            34	            37	        870051	        869842	  99.98%
  10000 	            25	            27	        804988	        804878	  99.99%
  25000 	            13	            14	        585004	        584904	  99.98%
  50000 	             4	             5	        248045	        247945	  99.96%

