#                                                                                     --- full sequence --- -------------- this domain -------------   hmm coord   ali coord   env coord
# target name                 accession   tlen query name           accession   qlen   E-value  score  bias   #  of  c-Evalue  i-Evalue  score  bias  from    to  from    to  from    to  acc description of target
#         ------------------- ---------- ----- -------------------- ---------- ----- --------- ------ ----- --- --- --------- --------- ------ ----- ----- ----- ----- ----- ----- ----- ---- ---------------------
NZ_CP079799.1:722859-724193|- -            445 1064at2085           -            350  7.3e-149  490.9  19.6   1   2   9.1e-57   1.8e-55  183.7   0.3     1   128    10   137    10   144 0.91 NZ_CP079799.1_570 # 722859 # 724193 # -1 # ID=1_570;partial=00;start_type=ATG;rbs_motif=GGA/GAG/AGG;rbs_spacer=11-12bp;gc_cont=0.302
NZ_CP079799.1:722859-724193|- -            445 1064at2085           -            350  7.3e-149  490.9  19.6   2   2   5.3e-95   1.1e-93  309.4  14.0   100   349   147   441   139   442 0.82 NZ_CP079799.1_570 # 722859 # 724193 # -1 # ID=1_570;partial=00;start_type=ATG;rbs_motif=GGA/GAG/AGG;rbs_spacer=11-12bp;gc_cont=0.302
NZ_CP079799.1:471012-473189|+ -            726 1064at2085           -            350   5.6e-79  261.0   7.8   1   3   1.5e-35   3.1e-34  113.8   0.2     2   123    39   161    38   225 0.76 NZ_CP079799.1_392 # 471012 # 473189 # 1 # ID=1_392;partial=00;start_type=ATG;rbs_motif=GGA/GAG/AGG;rbs_spacer=5-10bp;gc_cont=0.304
NZ_CP079799.1:471012-473189|+ -            726 1064at2085           -            350   5.6e-79  261.0   7.8   2   3       4.7        96   -2.9   0.1    96   131   266   285   257   325 0.58 NZ_CP079799.1_392 # 471012 # 473189 # 1 # ID=1_392;partial=00;start_type=ATG;rbs_motif=GGA/GAG/AGG;rbs_spacer=5-10bp;gc_cont=0.304
NZ_CP079799.1:471012-473189|+ -            726 1064at2085           -            350   5.6e-79  261.0   7.8   3   3   3.3e-49   6.6e-48  158.8   2.5   104   289   435   621   420   635 0.85 NZ_CP079799.1_392 # 471012 # 473189 # 1 # ID=1_392;partial=00;start_type=ATG;rbs_motif=GGA/GAG/AGG;rbs_spacer=5-10bp;gc_cont=0.304
NZ_CP079799.1:296016-297545|+ -            510 1064at2085           -            350   1.5e-49  164.2  10.1   1   4   4.5e-15     9e-14   46.6   0.1     2    99    11   116    10   121 0.89 NZ_CP079799.1_252 # 296016 # 297545 # 1 # ID=1_252;partial=00;start_type=TTG;rbs_motif=AGGAGG;rbs_spacer=5-10bp;gc_cont=0.322
NZ_CP079799.1:296016-297545|+ -            510 1064at2085           -            350   1.5e-49  164.2  10.1   2   4   2.6e-15   5.2e-14   47.3   0.4   153   256   127   229   116   251 0.92 NZ_CP079799.1_252 # 296016 # 297545 # 1 # ID=1_252;partial=00;start_type=TTG;rbs_motif=AGGAGG;rbs_spacer=5-10bp;gc_cont=0.322
NZ_CP079799.1:296016-297545|+ -            510 1064at2085           -            350   1.5e-49  164.2  10.1   3   4   0.00048    0.0097   10.3   0.0    16    67   280   331   273   343 0.90 NZ_CP079799.1_252 # 296016 # 297545 # 1 # ID=1_252;partial=00;start_type=TTG;rbs_motif=AGGAGG;rbs_spacer=5-10bp;gc_cont=0.322
NZ_CP079799.1:296016-297545|+ -            510 1064at2085           -            350   1.5e-49  164.2  10.1   4   4   1.9e-20   3.7e-19   64.3   0.2   150   259   381   490   374   502 0.90 NZ_CP079799.1_252 # 296016 # 297545 # 1 # ID=1_252;partial=00;start_type=TTG;rbs_motif=AGGAGG;rbs_spacer=5-10bp;gc_cont=0.322
NZ_CP079799.1:682025-683563|+ -            513 1064at2085           -            350   1.7e-49  164.1  17.3   1   4   1.1e-12   2.2e-11   38.7   0.1     1    97     6   107     6   117 0.84 NZ_CP079799.1_541 # 682025 # 683563 # 1 # ID=1_541;partial=00;start_type=TTG;rbs_motif=AGGA;rbs_spacer=5-10bp;gc_cont=0.318
NZ_CP079799.1:682025-683563|+ -            513 1064at2085           -            350   1.7e-49  164.1  17.3   2   4   1.8e-20   3.7e-19   64.3   0.7   150   272   116   237   109   247 0.92 NZ_CP079799.1_541 # 682025 # 683563 # 1 # ID=1_541;partial=00;start_type=TTG;rbs_motif=AGGA;rbs_spacer=5-10bp;gc_cont=0.318
NZ_CP079799.1:682025-683563|+ -            513 1064at2085           -            350   1.7e-49  164.1  17.3   3   4   5.4e-08   1.1e-06   23.2   0.2    12    73   278   341   264   369 0.81 NZ_CP079799.1_541 # 682025 # 683563 # 1 # ID=1_541;partial=00;start_type=TTG;rbs_motif=AGGA;rbs_spacer=5-10bp;gc_cont=0.318
NZ_CP079799.1:682025-683563|+ -            513 1064at2085           -            350   1.7e-49  164.1  17.3   4   4   2.3e-15   4.6e-14   47.5   1.7   159   262   391   495   376   502 0.86 NZ_CP079799.1_541 # 682025 # 683563 # 1 # ID=1_541;partial=00;start_type=TTG;rbs_motif=AGGA;rbs_spacer=5-10bp;gc_cont=0.318
NZ_CP079799.1:487748-488908|+ -            387 1064at2085           -            350   4.4e-48  159.4  13.9   1   1   4.8e-49   9.6e-48  158.3  13.9     2   303     8   319     7   360 0.77 NZ_CP079799.1_402 # 487748 # 488908 # 1 # ID=1_402;partial=00;start_type=ATG;rbs_motif=None;rbs_spacer=None;gc_cont=0.258
NZ_CP079799.1:593128-594024|- -            299 1064at2085           -            350   1.9e-35  117.9   4.1   1   2   8.8e-21   1.8e-19   65.3   1.0     1   107    60   176    60   194 0.79 NZ_CP079799.1_479 # 593128 # 594024 # -1 # ID=1_479;partial=00;start_type=GTG;rbs_motif=AGGAG;rbs_spacer=5-10bp;gc_cont=0.358
NZ_CP079799.1:593128-594024|- -            299 1064at2085           -            350   1.9e-35  117.9   4.1   2   2     2e-17     4e-16   54.3   0.1   160   258   180   277   177   284 0.89 NZ_CP079799.1_479 # 593128 # 594024 # -1 # ID=1_479;partial=00;start_type=GTG;rbs_motif=AGGAG;rbs_spacer=5-10bp;gc_cont=0.358
NZ_CP079799.1:270690-272021|+ -            444 1064at2085           -            350   3.4e-35  117.0   3.1   1   2   1.3e-10   2.6e-09   31.9   0.2     3   104    45   161    43   199 0.74 NZ_CP079799.1_235 # 270690 # 272021 # 1 # ID=1_235;partial=00;start_type=ATG;rbs_motif=GGAG/GAGG;rbs_spacer=5-10bp;gc_cont=0.291
NZ_CP079799.1:270690-272021|+ -            444 1064at2085           -            350   3.4e-35  117.0   3.1   2   2   5.8e-27   1.2e-25   85.7   0.2   140   267   242   369   200   375 0.86 NZ_CP079799.1_235 # 270690 # 272021 # 1 # ID=1_235;partial=00;start_type=ATG;rbs_motif=GGAG/GAGG;rbs_spacer=5-10bp;gc_cont=0.291
NZ_CP079799.1:333833-334651|+ -            273 1064at2085           -            350   1.9e-33  111.3   7.5   1   2     1e-14     2e-13   45.4   1.7     2   103     2   109     1   116 0.83 NZ_CP079799.1_283 # 333833 # 334651 # 1 # ID=1_283;partial=00;start_type=ATG;rbs_motif=GGA/GAG/AGG;rbs_spacer=5-10bp;gc_cont=0.305
NZ_CP079799.1:333833-334651|+ -            273 1064at2085           -            350   1.9e-33  111.3   7.5   2   2   2.9e-22   5.9e-21   70.2   0.6   153   268   112   226   108   242 0.94 NZ_CP079799.1_283 # 333833 # 334651 # 1 # ID=1_283;partial=00;start_type=ATG;rbs_motif=GGA/GAG/AGG;rbs_spacer=5-10bp;gc_cont=0.305
NZ_CP079799.1:401223-403175|+ -            651 1064at2085           -            350   1.9e-33  111.2   9.5   1   2   3.6e-19   7.3e-18   60.0   5.3     1   118     1   119     1   123 0.83 NZ_CP079799.1_336 # 401223 # 403175 # 1 # ID=1_336;partial=00;start_type=ATG;rbs_motif=GGA/GAG/AGG;rbs_spacer=5-10bp;gc_cont=0.243
NZ_CP079799.1:401223-403175|+ -            651 1064at2085           -            350   1.9e-33  111.2   9.5   2   2   1.4e-17   2.8e-16   54.8   0.6   145   259    98   207    93   243 0.84 NZ_CP079799.1_336 # 401223 # 403175 # 1 # ID=1_336;partial=00;start_type=ATG;rbs_motif=GGA/GAG/AGG;rbs_spacer=5-10bp;gc_cont=0.243
NZ_CP079799.1:429765-432152|- -            796 1064at2085           -            350     1e-32  108.8   8.4   1   2   1.5e-19     3e-18   61.3   2.2     1   115     1   112     1   125 0.82 NZ_CP079799.1_365 # 429765 # 432152 # -1 # ID=1_365;partial=00;start_type=ATG;rbs_motif=None;rbs_spacer=None;gc_cont=0.248
NZ_CP079799.1:429765-432152|- -            796 1064at2085           -            350     1e-32  108.8   8.4   2   2   1.2e-16   2.3e-15   51.8   1.6   157   266   105   213    98   219 0.88 NZ_CP079799.1_365 # 429765 # 432152 # -1 # ID=1_365;partial=00;start_type=ATG;rbs_motif=None;rbs_spacer=None;gc_cont=0.248
NZ_CP079799.1:334624-335526|+ -            301 1064at2085           -            350   3.1e-32  107.3   2.4   1   2   1.5e-11   3.1e-10   34.9   2.1     2   106     3   132     2   138 0.65 NZ_CP079799.1_284 # 334624 # 335526 # 1 # ID=1_284;partial=00;start_type=ATG;rbs_motif=GGA/GAG/AGG;rbs_spacer=5-10bp;gc_cont=0.306
NZ_CP079799.1:334624-335526|+ -            301 1064at2085           -            350   3.1e-32  107.3   2.4   2   2     1e-21   2.1e-20   68.4   0.0   152   282   131   261   125   294 0.86 NZ_CP079799.1_284 # 334624 # 335526 # 1 # ID=1_284;partial=00;start_type=ATG;rbs_motif=GGA/GAG/AGG;rbs_spacer=5-10bp;gc_cont=0.306
NZ_CP079799.1:382271-384223|- -            651 1064at2085           -            350   1.9e-30  101.4   7.9   1   2   2.5e-19     5e-18   60.5   4.9     1   126     1   127     1   128 0.87 NZ_CP079799.1_326 # 382271 # 384223 # -1 # ID=1_326;partial=00;start_type=ATG;rbs_motif=GGA/GAG/AGG;rbs_spacer=5-10bp;gc_cont=0.249
NZ_CP079799.1:382271-384223|- -            651 1064at2085           -            350   1.9e-30  101.4   7.9   2   2   2.2e-14   4.5e-13   44.2   0.1   172   259   122   207   113   220 0.89 NZ_CP079799.1_326 # 382271 # 384223 # -1 # ID=1_326;partial=00;start_type=ATG;rbs_motif=GGA/GAG/AGG;rbs_spacer=5-10bp;gc_cont=0.249
NZ_CP079799.1:662402-664726|- -            775 1064at2085           -            350   3.2e-30  100.6   9.1   1   3   6.5e-09   1.3e-07   26.3   2.5     8   102    15   114     5   160 0.79 NZ_CP079799.1_528 # 662402 # 664726 # -1 # ID=1_528;partial=00;start_type=ATG;rbs_motif=None;rbs_spacer=None;gc_cont=0.280
NZ_CP079799.1:662402-664726|- -            775 1064at2085           -            350   3.2e-30  100.6   9.1   2   3       6.3   1.3e+02   -3.3   4.1    70   148   312   392   301   429 0.56 NZ_CP079799.1_528 # 662402 # 664726 # -1 # ID=1_528;partial=00;start_type=ATG;rbs_motif=None;rbs_spacer=None;gc_cont=0.280
NZ_CP079799.1:662402-664726|- -            775 1064at2085           -            350   3.2e-30  100.6   9.1   3   3     2e-27     4e-26   87.2   0.6   145   271   582   709   527   719 0.80 NZ_CP079799.1_528 # 662402 # 664726 # -1 # ID=1_528;partial=00;start_type=ATG;rbs_motif=None;rbs_spacer=None;gc_cont=0.280
NZ_CP079799.1:20060-22336|-   -            759 1064at2085           -            350   5.7e-30   99.8   8.8   1   2   2.7e-19   5.4e-18   60.4   5.3     1   112     1   109     1   125 0.83 NZ_CP079799.1_19 # 20060 # 22336 # -1 # ID=1_19;partial=00;start_type=ATG;rbs_motif=None;rbs_spacer=None;gc_cont=0.251
NZ_CP079799.1:20060-22336|-   -            759 1064at2085           -            350   5.7e-30   99.8   8.8   2   2   2.1e-13   4.2e-12   41.1   0.3   170   258   119   205    99   220 0.89 NZ_CP079799.1_19 # 20060 # 22336 # -1 # ID=1_19;partial=00;start_type=ATG;rbs_motif=None;rbs_spacer=None;gc_cont=0.251
NZ_CP079799.1:30548-32875|-   -            776 1064at2085           -            350   1.1e-29   98.9  16.3   1   3   8.2e-20   1.7e-18   62.1   3.0     1   113     1   110     1   121 0.87 NZ_CP079799.1_24 # 30548 # 32875 # -1 # ID=1_24;partial=00;start_type=ATG;rbs_motif=None;rbs_spacer=None;gc_cont=0.262
NZ_CP079799.1:30548-32875|-   -            776 1064at2085           -            350   1.1e-29   98.9  16.3   2   3   4.2e-15   8.6e-14   46.6   0.4   171   258   120   205   108   220 0.91 NZ_CP079799.1_24 # 30548 # 32875 # -1 # ID=1_24;partial=00;start_type=ATG;rbs_motif=None;rbs_spacer=None;gc_cont=0.262
NZ_CP079799.1:30548-32875|-   -            776 1064at2085           -            350   1.1e-29   98.9  16.3   3   3         5     1e+02   -2.9   1.0    95   146   404   451   401   492 0.53 NZ_CP079799.1_24 # 30548 # 32875 # -1 # ID=1_24;partial=00;start_type=ATG;rbs_motif=None;rbs_spacer=None;gc_cont=0.262
NZ_CP079799.1:24846-27173|-   -            776 1064at2085           -            350   1.6e-29   98.3   9.3   1   2   8.9e-19   1.8e-17   58.7   4.4     2   115     2   112     1   123 0.85 NZ_CP079799.1_21 # 24846 # 27173 # -1 # ID=1_21;partial=00;start_type=ATG;rbs_motif=None;rbs_spacer=None;gc_cont=0.264
NZ_CP079799.1:24846-27173|-   -            776 1064at2085           -            350   1.6e-29   98.3   9.3   2   2     9e-14   1.8e-12   42.3   0.4   171   258   120   205   104   230 0.86 NZ_CP079799.1_21 # 24846 # 27173 # -1 # ID=1_21;partial=00;start_type=ATG;rbs_motif=None;rbs_spacer=None;gc_cont=0.264
NZ_CP079799.1:664726-665778|- -            351 1064at2085           -            350   1.1e-28   95.7   0.7   1   2   7.5e-08   1.5e-06   22.8   0.2    11    72    26    88     9    94 0.78 NZ_CP079799.1_529 # 664726 # 665778 # -1 # ID=1_529;partial=00;start_type=ATG;rbs_motif=GGxGG;rbs_spacer=5-10bp;gc_cont=0.331
NZ_CP079799.1:664726-665778|- -            351 1064at2085           -            350   1.1e-28   95.7   0.7   2   2   1.2e-22   2.5e-21   71.4   0.0   153   271   133   254   121   263 0.89 NZ_CP079799.1_529 # 664726 # 665778 # -1 # ID=1_529;partial=00;start_type=ATG;rbs_motif=GGxGG;rbs_spacer=5-10bp;gc_cont=0.331
NZ_CP079799.1:384301-386583|- -            761 1064at2085           -            350     8e-28   92.8  17.1   1   3   4.8e-18   9.8e-17   56.3   3.9     1    94     1    91     1    94 0.91 NZ_CP079799.1_327 # 384301 # 386583 # -1 # ID=1_327;partial=00;start_type=ATG;rbs_motif=GGA/GAG/AGG;rbs_spacer=5-10bp;gc_cont=0.254
NZ_CP079799.1:384301-386583|- -            761 1064at2085           -            350     8e-28   92.8  17.1   2   3     9e-14   1.8e-12   42.3   4.1   143   282    95   229    92   306 0.75 NZ_CP079799.1_327 # 384301 # 386583 # -1 # ID=1_327;partial=00;start_type=ATG;rbs_motif=GGA/GAG/AGG;rbs_spacer=5-10bp;gc_cont=0.254
NZ_CP079799.1:384301-386583|- -            761 1064at2085           -            350     8e-28   92.8  17.1   3   3       1.5        30   -1.2   0.1    83   120   275   319   261   348 0.54 NZ_CP079799.1_327 # 384301 # 386583 # -1 # ID=1_327;partial=00;start_type=ATG;rbs_motif=GGA/GAG/AGG;rbs_spacer=5-10bp;gc_cont=0.254
NZ_CP079799.1:241335-242951|- -            539 1064at2085           -            350   1.3e-27   92.1   4.6   1   5   2.5e-13   5.2e-12   40.8   0.8     1    64     1    64     1   104 0.82 NZ_CP079799.1_212 # 241335 # 242951 # -1 # ID=1_212;partial=00;start_type=ATG;rbs_motif=AGGA;rbs_spacer=5-10bp;gc_cont=0.330
NZ_CP079799.1:241335-242951|- -            539 1064at2085           -            350   1.3e-27   92.1   4.6   2   5       1.6        32   -1.3   0.0   248   273    83   109    62   116 0.75 NZ_CP079799.1_212 # 241335 # 242951 # -1 # ID=1_212;partial=00;start_type=ATG;rbs_motif=AGGA;rbs_spacer=5-10bp;gc_cont=0.330
NZ_CP079799.1:241335-242951|- -            539 1064at2085           -            350   1.3e-27   92.1   4.6   3   5     2e-09   4.1e-08   27.9   0.0   171   261   148   234   130   281 0.84 NZ_CP079799.1_212 # 241335 # 242951 # -1 # ID=1_212;partial=00;start_type=ATG;rbs_motif=AGGA;rbs_spacer=5-10bp;gc_cont=0.330
NZ_CP079799.1:241335-242951|- -            539 1064at2085           -            350   1.3e-27   92.1   4.6   4   5     0.011      0.22    5.8   0.0    14    60   334   380   321   395 0.87 NZ_CP079799.1_212 # 241335 # 242951 # -1 # ID=1_212;partial=00;start_type=ATG;rbs_motif=AGGA;rbs_spacer=5-10bp;gc_cont=0.330
NZ_CP079799.1:241335-242951|- -            539 1064at2085           -            350   1.3e-27   92.1   4.6   5   5   1.6e-05   0.00032   15.1   0.0   174   223   443   492   418   535 0.78 NZ_CP079799.1_212 # 241335 # 242951 # -1 # ID=1_212;partial=00;start_type=ATG;rbs_motif=AGGA;rbs_spacer=5-10bp;gc_cont=0.330
NZ_CP079799.1:398813-401131|+ -            773 1064at2085           -            350   1.8e-27   91.6  14.6   1   3   3.4e-17   6.9e-16   53.5   3.2     1    95     1    93     1   103 0.93 NZ_CP079799.1_335 # 398813 # 401131 # 1 # ID=1_335;partial=00;start_type=ATG;rbs_motif=None;rbs_spacer=None;gc_cont=0.260
NZ_CP079799.1:398813-401131|+ -            773 1064at2085           -            350   1.8e-27   91.6  14.6   2   3   1.1e-14   2.3e-13   45.2   1.5   151   268   100   216    93   240 0.84 NZ_CP079799.1_335 # 398813 # 401131 # 1 # ID=1_335;partial=00;start_type=ATG;rbs_motif=None;rbs_spacer=None;gc_cont=0.260
NZ_CP079799.1:398813-401131|+ -            773 1064at2085           -            350   1.8e-27   91.6  14.6   3   3       5.4   1.1e+02   -3.1   0.1    32    94   547   606   528   612 0.68 NZ_CP079799.1_335 # 398813 # 401131 # 1 # ID=1_335;partial=00;start_type=ATG;rbs_motif=None;rbs_spacer=None;gc_cont=0.260
NZ_CP079799.1:22529-24772|-   -            748 1064at2085           -            350   5.8e-27   89.9   8.0   1   2     5e-18     1e-16   56.3   4.5     1   126     1   126     1   127 0.85 NZ_CP079799.1_20 # 22529 # 24772 # -1 # ID=1_20;partial=00;start_type=ATG;rbs_motif=None;rbs_spacer=None;gc_cont=0.262
NZ_CP079799.1:22529-24772|-   -            748 1064at2085           -            350   5.8e-27   89.9   8.0   2   2   2.5e-12   5.1e-11   37.5   0.6   166   258   114   205    97   219 0.83 NZ_CP079799.1_20 # 22529 # 24772 # -1 # ID=1_20;partial=00;start_type=ATG;rbs_motif=None;rbs_spacer=None;gc_cont=0.262
NZ_CP079799.1:807925-809439|+ -            505 1064at2085           -            350   1.9e-26   88.3  18.9   1   4   6.5e-13   1.3e-11   39.4   1.0     2   119     8   130     7   146 0.86 NZ_CP079799.1_638 # 807925 # 809439 # 1 # ID=1_638;partial=00;start_type=ATG;rbs_motif=None;rbs_spacer=None;gc_cont=0.324
NZ_CP079799.1:807925-809439|+ -            505 1064at2085           -            350   1.9e-26   88.3  18.9   2   4   5.4e-06   0.00011   16.7   1.4   156   258   121   222   115   262 0.80 NZ_CP079799.1_638 # 807925 # 809439 # 1 # ID=1_638;partial=00;start_type=ATG;rbs_motif=None;rbs_spacer=None;gc_cont=0.324
NZ_CP079799.1:807925-809439|+ -            505 1064at2085           -            350   1.9e-26   88.3  18.9   3   4    0.0027     0.055    7.8   0.2    17    69   274   325   261   331 0.84 NZ_CP079799.1_638 # 807925 # 809439 # 1 # ID=1_638;partial=00;start_type=ATG;rbs_motif=None;rbs_spacer=None;gc_cont=0.324
NZ_CP079799.1:807925-809439|+ -            505 1064at2085           -            350   1.9e-26   88.3  18.9   4   4   4.4e-12     9e-11   36.7   0.7   140   259   369   486   349   497 0.74 NZ_CP079799.1_638 # 807925 # 809439 # 1 # ID=1_638;partial=00;start_type=ATG;rbs_motif=None;rbs_spacer=None;gc_cont=0.324
NZ_CP079799.1:491342-493642|+ -            767 1064at2085           -            350   3.1e-26   87.5  10.4   1   3   5.7e-18   1.2e-16   56.1   2.6     1   126     1   127     1   128 0.86 NZ_CP079799.1_406 # 491342 # 493642 # 1 # ID=1_406;partial=00;start_type=ATG;rbs_motif=GGA/GAG/AGG;rbs_spacer=5-10bp;gc_cont=0.293
NZ_CP079799.1:491342-493642|+ -            767 1064at2085           -            350   3.1e-26   87.5  10.4   2   3   5.5e-12   1.1e-10   36.4   0.2   173   253   123   201   102   212 0.86 NZ_CP079799.1_406 # 491342 # 493642 # 1 # ID=1_406;partial=00;start_type=ATG;rbs_motif=GGA/GAG/AGG;rbs_spacer=5-10bp;gc_cont=0.293
NZ_CP079799.1:491342-493642|+ -            767 1064at2085           -            350   3.1e-26   87.5  10.4   3   3      0.53        11    0.3   0.1    85   157   527   600   521   607 0.82 NZ_CP079799.1_406 # 491342 # 493642 # 1 # ID=1_406;partial=00;start_type=ATG;rbs_motif=GGA/GAG/AGG;rbs_spacer=5-10bp;gc_cont=0.293
NZ_CP079799.1:617343-618059|- -            239 1064at2085           -            350   9.2e-25   82.7   3.0   1   2   4.3e-10   8.7e-09   30.2   0.7     1    63     5    68     5    90 0.88 NZ_CP079799.1_497 # 617343 # 618059 # -1 # ID=1_497;partial=00;start_type=ATG;rbs_motif=AGGA;rbs_spacer=5-10bp;gc_cont=0.265
NZ_CP079799.1:617343-618059|- -            239 1064at2085           -            350   9.2e-25   82.7   3.0   2   2     4e-17   8.1e-16   53.3   0.1   136   268    93   225    74   233 0.87 NZ_CP079799.1_497 # 617343 # 618059 # -1 # ID=1_497;partial=00;start_type=ATG;rbs_motif=AGGA;rbs_spacer=5-10bp;gc_cont=0.265
NZ_CP079799.1:28155-30437|-   -            761 1064at2085           -            350   3.3e-24   80.9  14.3   1   3   3.7e-17   7.5e-16   53.4   4.9     1   121     1   121     1   125 0.83 NZ_CP079799.1_23 # 28155 # 30437 # -1 # ID=1_23;partial=00;start_type=ATG;rbs_motif=AGGAG(G)/GGAGG;rbs_spacer=13-15bp;gc_cont=0.240
NZ_CP079799.1:28155-30437|-   -            761 1064at2085           -            350   3.3e-24   80.9  14.3   2   3   1.8e-11   3.7e-10   34.7   0.3   171   258   120   205   107   226 0.84 NZ_CP079799.1_23 # 28155 # 30437 # -1 # ID=1_23;partial=00;start_type=ATG;rbs_motif=AGGAG(G)/GGAGG;rbs_spacer=13-15bp;gc_cont=0.240
NZ_CP079799.1:28155-30437|-   -            761 1064at2085           -            350   3.3e-24   80.9  14.3   3   3         3        61   -2.2   0.2   104   166   540   603   529   637 0.62 NZ_CP079799.1_23 # 28155 # 30437 # -1 # ID=1_23;partial=00;start_type=ATG;rbs_motif=AGGAG(G)/GGAGG;rbs_spacer=13-15bp;gc_cont=0.240
NZ_CP079799.1:269288-270700|+ -            471 1064at2085           -            350   4.8e-24   80.3   9.4   1   3         2        40   -1.6   0.4   101   152    68   115    37   139 0.51 NZ_CP079799.1_234 # 269288 # 270700 # 1 # ID=1_234;partial=00;start_type=ATG;rbs_motif=AGGAGG;rbs_spacer=5-10bp;gc_cont=0.322
NZ_CP079799.1:269288-270700|+ -            471 1064at2085           -            350   4.8e-24   80.3   9.4   2   3   2.4e-06   4.9e-05   17.8   0.1    14   110   141   251   127   266 0.70 NZ_CP079799.1_234 # 269288 # 270700 # 1 # ID=1_234;partial=00;start_type=ATG;rbs_motif=AGGAGG;rbs_spacer=5-10bp;gc_cont=0.322
NZ_CP079799.1:269288-270700|+ -            471 1064at2085           -            350   4.8e-24   80.3   9.4   3   3   1.3e-21   2.6e-20   68.1   0.9   173   270   272   369   247   375 0.90 NZ_CP079799.1_234 # 269288 # 270700 # 1 # ID=1_234;partial=00;start_type=ATG;rbs_motif=AGGAGG;rbs_spacer=5-10bp;gc_cont=0.322
NZ_CP079799.1:460174-460944|+ -            257 1064at2085           -            350   1.7e-22   75.2   4.8   1   2   6.3e-07   1.3e-05   19.7   0.3    12    76    22    86     9   131 0.71 NZ_CP079799.1_385 # 460174 # 460944 # 1 # ID=1_385;partial=00;start_type=ATG;rbs_motif=None;rbs_spacer=None;gc_cont=0.267
NZ_CP079799.1:460174-460944|+ -            257 1064at2085           -            350   1.7e-22   75.2   4.8   2   2   6.4e-19   1.3e-17   59.2   2.7    83   267    56   242    56   249 0.74 NZ_CP079799.1_385 # 460174 # 460944 # 1 # ID=1_385;partial=00;start_type=ATG;rbs_motif=None;rbs_spacer=None;gc_cont=0.267
NZ_CP079799.1:846685-848304|+ -            540 1064at2085           -            350     1e-21   72.7   4.8   1   2   2.3e-11   4.6e-10   34.3   0.6     1    71   336   407   336   416 0.92 NZ_CP079799.1_660 # 846685 # 848304 # 1 # ID=1_660;partial=00;start_type=ATG;rbs_motif=None;rbs_spacer=None;gc_cont=0.227
NZ_CP079799.1:846685-848304|+ -            540 1064at2085           -            350     1e-21   72.7   4.8   2   2   4.8e-14   9.6e-13   43.2   0.5   110   251   398   537   396   539 0.86 NZ_CP079799.1_660 # 846685 # 848304 # 1 # ID=1_660;partial=00;start_type=ATG;rbs_motif=None;rbs_spacer=None;gc_cont=0.227
NZ_CP079799.1:898720-900333|+ -            538 1064at2085           -            350   6.2e-19   63.5   9.7   1   2   3.9e-14     8e-13   43.4   1.1     2    76   325   399   324   423 0.84 NZ_CP079799.1_696 # 898720 # 900333 # 1 # ID=1_696;partial=00;start_type=ATG;rbs_motif=GGAG/GAGG;rbs_spacer=5-10bp;gc_cont=0.261
NZ_CP079799.1:898720-900333|+ -            538 1064at2085           -            350   6.2e-19   63.5   9.7   2   2   2.5e-08     5e-07   24.4   1.9   157   240   427   514   419   520 0.83 NZ_CP079799.1_696 # 898720 # 900333 # 1 # ID=1_696;partial=00;start_type=ATG;rbs_motif=GGAG/GAGG;rbs_spacer=5-10bp;gc_cont=0.261
NZ_CP079799.1:839993-841606|+ -            538 1064at2085           -            350   2.9e-18   61.3   6.5   1   4       5.7   1.2e+02   -3.1   0.4    79   108    72   101    67   121 0.64 NZ_CP079799.1_657 # 839993 # 841606 # 1 # ID=1_657;partial=00;start_type=ATG;rbs_motif=AGGAGG;rbs_spacer=5-10bp;gc_cont=0.242
NZ_CP079799.1:839993-841606|+ -            538 1064at2085           -            350   2.9e-18   61.3   6.5   2   4       7.2   1.5e+02   -3.5   0.1   131   150   300   316   289   332 0.60 NZ_CP079799.1_657 # 839993 # 841606 # 1 # ID=1_657;partial=00;start_type=ATG;rbs_motif=AGGAGG;rbs_spacer=5-10bp;gc_cont=0.242
NZ_CP079799.1:839993-841606|+ -            538 1064at2085           -            350   2.9e-18   61.3   6.5   3   4   2.6e-10   5.2e-09   30.9   0.4     6    71   339   405   334   417 0.87 NZ_CP079799.1_657 # 839993 # 841606 # 1 # ID=1_657;partial=00;start_type=ATG;rbs_motif=AGGAGG;rbs_spacer=5-10bp;gc_cont=0.242
NZ_CP079799.1:839993-841606|+ -            538 1064at2085           -            350   2.9e-18   61.3   6.5   4   4   1.4e-13   2.9e-12   41.6   1.2   154   251   435   534   421   537 0.79 NZ_CP079799.1_657 # 839993 # 841606 # 1 # ID=1_657;partial=00;start_type=ATG;rbs_motif=AGGAGG;rbs_spacer=5-10bp;gc_cont=0.242
NZ_CP079799.1:120570-123413|- -            948 1064at2085           -            350   1.4e-15   52.5   5.7   1   4     0.016      0.32    5.3   0.1    15    42    19    46    13    57 0.90 NZ_CP079799.1_95 # 120570 # 123413 # -1 # ID=1_95;partial=00;start_type=ATG;rbs_motif=None;rbs_spacer=None;gc_cont=0.329
NZ_CP079799.1:120570-123413|- -            948 1064at2085           -            350   1.4e-15   52.5   5.7   2   4   6.9e-07   1.4e-05   19.6   0.0   153   249   467   563   437   601 0.77 NZ_CP079799.1_95 # 120570 # 123413 # -1 # ID=1_95;partial=00;start_type=ATG;rbs_motif=None;rbs_spacer=None;gc_cont=0.329
NZ_CP079799.1:120570-123413|- -            948 1064at2085           -            350   1.4e-15   52.5   5.7   3   4     9e-06   0.00018   16.0   0.4    15    47   626   658   618   680 0.82 NZ_CP079799.1_95 # 120570 # 123413 # -1 # ID=1_95;partial=00;start_type=ATG;rbs_motif=None;rbs_spacer=None;gc_cont=0.329
NZ_CP079799.1:120570-123413|- -            948 1064at2085           -            350   1.4e-15   52.5   5.7   4   4   0.00027    0.0054   11.1   0.0   174   251   829   907   811   940 0.74 NZ_CP079799.1_95 # 120570 # 123413 # -1 # ID=1_95;partial=00;start_type=ATG;rbs_motif=None;rbs_spacer=None;gc_cont=0.329
NZ_CP079799.1:845066-846676|+ -            537 1064at2085           -            350   9.3e-14   46.5   6.6   1   2   5.5e-11   1.1e-09   33.1   2.7     2   127   334   462   333   463 0.80 NZ_CP079799.1_659 # 845066 # 846676 # 1 # ID=1_659;partial=00;start_type=ATG;rbs_motif=GGA/GAG/AGG;rbs_spacer=5-10bp;gc_cont=0.186
NZ_CP079799.1:845066-846676|+ -            537 1064at2085           -            350   9.3e-14   46.5   6.6   2   2   3.3e-06   6.6e-05   17.4   0.4   170   250   456   534   431   536 0.70 NZ_CP079799.1_659 # 845066 # 846676 # 1 # ID=1_659;partial=00;start_type=ATG;rbs_motif=GGA/GAG/AGG;rbs_spacer=5-10bp;gc_cont=0.186
NZ_CP079799.1:897129-898727|+ -            533 1064at2085           -            350   1.4e-13   45.9   7.8   1   3       3.2        64   -2.3   0.2   126   154   211   241   199   255 0.74 NZ_CP079799.1_695 # 897129 # 898727 # 1 # ID=1_695;partial=00;start_type=ATG;rbs_motif=AGGAGG;rbs_spacer=5-10bp;gc_cont=0.252
NZ_CP079799.1:897129-898727|+ -            533 1064at2085           -            350   1.4e-13   45.9   7.8   2   3   9.7e-10     2e-08   29.0   0.7     2    71   327   397   326   427 0.81 NZ_CP079799.1_695 # 897129 # 898727 # 1 # ID=1_695;partial=00;start_type=ATG;rbs_motif=AGGAGG;rbs_spacer=5-10bp;gc_cont=0.252
NZ_CP079799.1:897129-898727|+ -            533 1064at2085           -            350   1.4e-13   45.9   7.8   3   3   2.2e-07   4.4e-06   21.3   0.3   157   250   431   524   390   532 0.73 NZ_CP079799.1_695 # 897129 # 898727 # 1 # ID=1_695;partial=00;start_type=ATG;rbs_motif=AGGAGG;rbs_spacer=5-10bp;gc_cont=0.252
NZ_CP079799.1:838372-839982|+ -            537 1064at2085           -            350   2.4e-13   45.1   0.2   1   2   3.1e-10   6.3e-09   30.6   0.1     2    72   334   406   333   433 0.84 NZ_CP079799.1_656 # 838372 # 839982 # 1 # ID=1_656;partial=00;start_type=ATG;rbs_motif=AGGA;rbs_spacer=5-10bp;gc_cont=0.236
NZ_CP079799.1:838372-839982|+ -            537 1064at2085           -            350   2.4e-13   45.1   0.2   2   2   0.00016    0.0033   11.8   0.0   174   231   460   514   440   535 0.72 NZ_CP079799.1_656 # 838372 # 839982 # 1 # ID=1_656;partial=00;start_type=ATG;rbs_motif=AGGA;rbs_spacer=5-10bp;gc_cont=0.236
NZ_CP079799.1:196683-198722|- -            680 1064at2085           -            350   1.7e-09   32.5   3.4   1   3       2.9        58   -2.2   0.1    68    86   113   131    78   146 0.69 NZ_CP079799.1_161 # 196683 # 198722 # -1 # ID=1_161;partial=00;start_type=ATG;rbs_motif=None;rbs_spacer=None;gc_cont=0.247
NZ_CP079799.1:196683-198722|- -            680 1064at2085           -            350   1.7e-09   32.5   3.4   2   3   2.9e-05   0.00059   14.3   0.2    30    94   497   561   469   585 0.78 NZ_CP079799.1_161 # 196683 # 198722 # -1 # ID=1_161;partial=00;start_type=ATG;rbs_motif=None;rbs_spacer=None;gc_cont=0.247
NZ_CP079799.1:196683-198722|- -            680 1064at2085           -            350   1.7e-09   32.5   3.4   3   3   2.4e-06   4.8e-05   17.9   0.0   165   239   589   661   564   666 0.87 NZ_CP079799.1_161 # 196683 # 198722 # -1 # ID=1_161;partial=00;start_type=ATG;rbs_motif=None;rbs_spacer=None;gc_cont=0.247
#
# Program:         hmmsearch
# Version:         3.4 (Aug 2023)
# Pipeline mode:   SEARCH
# Query file:      /home/bryan/Documentos/GitHub/Project_doctoral/IMPLEMENTACAO/Genomes/M_hyopneumoniae/strains/LH/Use/busco_downloads/lineages/mycoplasmatales_odb10/hmms/1064at2085.hmm
# Target file:     /home/bryan/Documentos/GitHub/Project_doctoral/IMPLEMENTACAO/Genomes/M_hyopneumoniae/strains/LH/Use/busco_complete/prodigal_output/predicted_genes/predicted.faa
# Option settings: hmmsearch --domtblout /home/bryan/Documentos/GitHub/Project_doctoral/IMPLEMENTACAO/Genomes/M_hyopneumoniae/strains/LH/Use/busco_complete/run_mycoplasmatales_odb10/hmmer_output/1064at2085.out --cpu 1 /home/bryan/Documentos/GitHub/Project_doctoral/IMPLEMENTACAO/Genomes/M_hyopneumoniae/strains/LH/Use/busco_downloads/lineages/mycoplasmatales_odb10/hmms/1064at2085.hmm /home/bryan/Documentos/GitHub/Project_doctoral/IMPLEMENTACAO/Genomes/M_hyopneumoniae/strains/LH/Use/busco_complete/prodigal_output/predicted_genes/predicted.faa 
# Current dir:     /home/bryan/Documentos/GitHub/Project_doctoral/IMPLEMENTACAO/Genomes/M_hyopneumoniae/strains/LH/Use
# Date:            Sun Dec  1 19:00:08 2024
# [ok]
