#                                                                                     --- full sequence --- -------------- this domain -------------   hmm coord   ali coord   env coord
# target name                 accession   tlen query name           accession   qlen   E-value  score  bias   #  of  c-Evalue  i-Evalue  score  bias  from    to  from    to  from    to  acc description of target
#         ------------------- ---------- ----- -------------------- ---------- ----- --------- ------ ----- --- --- --------- --------- ------ ----- ----- ----- ----- ----- ----- ----- ---- ---------------------
NZ_CP079799.1:196683-198722|- -            680 1371at2085           -            438   1.2e-84  279.8 109.5   1   5   2.4e-32   1.1e-30  102.0   7.3     1   103    21   133    21   135 0.93 NZ_CP079799.1_161 # 196683 # 198722 # -1 # ID=1_161;partial=00;start_type=ATG;rbs_motif=None;rbs_spacer=None;gc_cont=0.247
NZ_CP079799.1:196683-198722|- -            680 1371at2085           -            438   1.2e-84  279.8 109.5   2   5   3.6e-27   1.7e-25   84.9  36.3   102   261   158   335   144   348 0.83 NZ_CP079799.1_161 # 196683 # 198722 # -1 # ID=1_161;partial=00;start_type=ATG;rbs_motif=None;rbs_spacer=None;gc_cont=0.247
NZ_CP079799.1:196683-198722|- -            680 1371at2085           -            438   1.2e-84  279.8 109.5   3   5      0.82        39   -1.9   6.9   161   228   339   406   331   407 0.73 NZ_CP079799.1_161 # 196683 # 198722 # -1 # ID=1_161;partial=00;start_type=ATG;rbs_motif=None;rbs_spacer=None;gc_cont=0.247
NZ_CP079799.1:196683-198722|- -            680 1371at2085           -            438   1.2e-84  279.8 109.5   4   5   1.8e-08   8.7e-07   23.3  19.7   269   372   408   552   405   559 0.76 NZ_CP079799.1_161 # 196683 # 198722 # -1 # ID=1_161;partial=00;start_type=ATG;rbs_motif=None;rbs_spacer=None;gc_cont=0.247
NZ_CP079799.1:196683-198722|- -            680 1371at2085           -            438   1.2e-84  279.8 109.5   5   5   4.9e-28   2.3e-26   87.8  11.6   349   438   573   663   567   663 0.83 NZ_CP079799.1_161 # 196683 # 198722 # -1 # ID=1_161;partial=00;start_type=ATG;rbs_motif=None;rbs_spacer=None;gc_cont=0.247
NZ_CP079799.1:491342-493642|+ -            767 1371at2085           -            438   1.2e-11   39.3   3.8   1   4      0.16       7.7    0.4   2.3   333   375    38    79     6    86 0.77 NZ_CP079799.1_406 # 491342 # 493642 # 1 # ID=1_406;partial=00;start_type=ATG;rbs_motif=GGA/GAG/AGG;rbs_spacer=5-10bp;gc_cont=0.293
NZ_CP079799.1:491342-493642|+ -            767 1371at2085           -            438   1.2e-11   39.3   3.8   2   4   2.5e-13   1.2e-11   39.3   3.8   360   437   110   188    97   189 0.89 NZ_CP079799.1_406 # 491342 # 493642 # 1 # ID=1_406;partial=00;start_type=ATG;rbs_motif=GGA/GAG/AGG;rbs_spacer=5-10bp;gc_cont=0.293
NZ_CP079799.1:491342-493642|+ -            767 1371at2085           -            438   1.2e-11   39.3   3.8   3   4       1.7        82   -3.0   9.6   122   200   248   326   232   340 0.63 NZ_CP079799.1_406 # 491342 # 493642 # 1 # ID=1_406;partial=00;start_type=ATG;rbs_motif=GGA/GAG/AGG;rbs_spacer=5-10bp;gc_cont=0.293
NZ_CP079799.1:491342-493642|+ -            767 1371at2085           -            438   1.2e-11   39.3   3.8   4   4      0.04       1.9    2.4  14.5   145   264   558   675   555   718 0.68 NZ_CP079799.1_406 # 491342 # 493642 # 1 # ID=1_406;partial=00;start_type=ATG;rbs_motif=GGA/GAG/AGG;rbs_spacer=5-10bp;gc_cont=0.293
NZ_CP079799.1:617343-618059|- -            239 1371at2085           -            438   4.2e-10   34.2   2.3   1   2     0.038       1.8    2.4   1.2   333   374    43    90     6    95 0.76 NZ_CP079799.1_497 # 617343 # 618059 # -1 # ID=1_497;partial=00;start_type=ATG;rbs_motif=AGGA;rbs_spacer=5-10bp;gc_cont=0.265
NZ_CP079799.1:617343-618059|- -            239 1371at2085           -            438   4.2e-10   34.2   2.3   2   2   8.8e-12   4.2e-10   34.2   2.3   374   435   131   194   111   196 0.83 NZ_CP079799.1_497 # 617343 # 618059 # -1 # ID=1_497;partial=00;start_type=ATG;rbs_motif=AGGA;rbs_spacer=5-10bp;gc_cont=0.265
NZ_CP079799.1:296016-297545|+ -            510 1371at2085           -            438     5e-10   33.9   8.1   1   3   2.9e-08   1.4e-06   22.6   0.7   377   431   151   206   148   213 0.87 NZ_CP079799.1_252 # 296016 # 297545 # 1 # ID=1_252;partial=00;start_type=TTG;rbs_motif=AGGAGG;rbs_spacer=5-10bp;gc_cont=0.322
NZ_CP079799.1:296016-297545|+ -            510 1371at2085           -            438     5e-10   33.9   8.1   2   3      0.48        22   -1.2   1.4   279   313   363   397   356   406 0.60 NZ_CP079799.1_252 # 296016 # 297545 # 1 # ID=1_252;partial=00;start_type=TTG;rbs_motif=AGGAGG;rbs_spacer=5-10bp;gc_cont=0.322
NZ_CP079799.1:296016-297545|+ -            510 1371at2085           -            438     5e-10   33.9   8.1   3   3   1.7e-05   0.00079   13.5   0.0   377   432   409   465   406   470 0.91 NZ_CP079799.1_252 # 296016 # 297545 # 1 # ID=1_252;partial=00;start_type=TTG;rbs_motif=AGGAGG;rbs_spacer=5-10bp;gc_cont=0.322
NZ_CP079799.1:898720-900333|+ -            538 1371at2085           -            438   1.7e-08   28.9   6.2   1   4      0.49        23   -1.2  31.1   104   291     9   215     2   233 0.62 NZ_CP079799.1_696 # 898720 # 900333 # 1 # ID=1_696;partial=00;start_type=ATG;rbs_motif=GGAG/GAGG;rbs_spacer=5-10bp;gc_cont=0.261
NZ_CP079799.1:898720-900333|+ -            538 1371at2085           -            438   1.7e-08   28.9   6.2   2   4       2.2     1e+02   -3.4  24.6    95   199   233   338   219   349 0.77 NZ_CP079799.1_696 # 898720 # 900333 # 1 # ID=1_696;partial=00;start_type=ATG;rbs_motif=GGAG/GAGG;rbs_spacer=5-10bp;gc_cont=0.261
NZ_CP079799.1:898720-900333|+ -            538 1371at2085           -            438   1.7e-08   28.9   6.2   3   4     0.032       1.5    2.7   8.2   333   404   361   451   344   453 0.70 NZ_CP079799.1_696 # 898720 # 900333 # 1 # ID=1_696;partial=00;start_type=ATG;rbs_motif=GGAG/GAGG;rbs_spacer=5-10bp;gc_cont=0.261
NZ_CP079799.1:898720-900333|+ -            538 1371at2085           -            438   1.7e-08   28.9   6.2   4   4   3.7e-10   1.7e-08   28.9   6.2   367   431   443   508   425   514 0.81 NZ_CP079799.1_696 # 898720 # 900333 # 1 # ID=1_696;partial=00;start_type=ATG;rbs_motif=GGAG/GAGG;rbs_spacer=5-10bp;gc_cont=0.261
NZ_CP079799.1:593128-594024|- -            299 1371at2085           -            438   3.8e-08   27.7   0.1   1   3       1.7        79   -3.0   0.2   162   212    27    77    13    81 0.66 NZ_CP079799.1_479 # 593128 # 594024 # -1 # ID=1_479;partial=00;start_type=GTG;rbs_motif=AGGAG;rbs_spacer=5-10bp;gc_cont=0.358
NZ_CP079799.1:593128-594024|- -            299 1371at2085           -            438   3.8e-08   27.7   0.1   2   3      0.23        11   -0.1   0.2   333   356   101   130    94   156 0.68 NZ_CP079799.1_479 # 593128 # 594024 # -1 # ID=1_479;partial=00;start_type=GTG;rbs_motif=AGGAG;rbs_spacer=5-10bp;gc_cont=0.358
NZ_CP079799.1:593128-594024|- -            299 1371at2085           -            438   3.8e-08   27.7   0.1   3   3   8.1e-10   3.8e-08   27.7   0.1   369   435   189   258   138   261 0.83 NZ_CP079799.1_479 # 593128 # 594024 # -1 # ID=1_479;partial=00;start_type=GTG;rbs_motif=AGGAG;rbs_spacer=5-10bp;gc_cont=0.358
NZ_CP079799.1:460174-460944|+ -            257 1371at2085           -            438   4.5e-08   27.5   0.9   1   2   9.4e-10   4.5e-08   27.5   0.9   370   435   145   213   130   216 0.83 NZ_CP079799.1_385 # 460174 # 460944 # 1 # ID=1_385;partial=00;start_type=ATG;rbs_motif=None;rbs_spacer=None;gc_cont=0.267
NZ_CP079799.1:460174-460944|+ -            257 1371at2085           -            438   4.5e-08   27.5   0.9   2   2     0.041       1.9    2.3   1.2   234   273   207   246   205   250 0.87 NZ_CP079799.1_385 # 460174 # 460944 # 1 # ID=1_385;partial=00;start_type=ATG;rbs_motif=None;rbs_spacer=None;gc_cont=0.267
NZ_CP079799.1:682025-683563|+ -            513 1371at2085           -            438   2.2e-07   25.2  22.9   1   4      0.13       6.1    0.7   0.1   333   344    43    54     3    56 0.85 NZ_CP079799.1_541 # 682025 # 683563 # 1 # ID=1_541;partial=00;start_type=TTG;rbs_motif=AGGA;rbs_spacer=5-10bp;gc_cont=0.318
NZ_CP079799.1:682025-683563|+ -            513 1371at2085           -            438   2.2e-07   25.2  22.9   2   4   4.4e-07   2.1e-05   18.7   0.5   378   436   144   204   136   206 0.90 NZ_CP079799.1_541 # 682025 # 683563 # 1 # ID=1_541;partial=00;start_type=TTG;rbs_motif=AGGA;rbs_spacer=5-10bp;gc_cont=0.318
NZ_CP079799.1:682025-683563|+ -            513 1371at2085           -            438   2.2e-07   25.2  22.9   3   4      0.14       6.8    0.5   5.7   274   324   356   406   324   407 0.82 NZ_CP079799.1_541 # 682025 # 683563 # 1 # ID=1_541;partial=00;start_type=TTG;rbs_motif=AGGA;rbs_spacer=5-10bp;gc_cont=0.318
NZ_CP079799.1:682025-683563|+ -            513 1371at2085           -            438   2.2e-07   25.2  22.9   4   4   7.7e-05    0.0036   11.3  10.3   338   431   372   465   359   471 0.74 NZ_CP079799.1_541 # 682025 # 683563 # 1 # ID=1_541;partial=00;start_type=TTG;rbs_motif=AGGA;rbs_spacer=5-10bp;gc_cont=0.318
NZ_CP079799.1:333833-334651|+ -            273 1371at2085           -            438   2.9e-07   24.8   5.2   1   2     0.061       2.9    1.8   1.7   318   354    27    68     1    93 0.55 NZ_CP079799.1_283 # 333833 # 334651 # 1 # ID=1_283;partial=00;start_type=ATG;rbs_motif=GGA/GAG/AGG;rbs_spacer=5-10bp;gc_cont=0.305
NZ_CP079799.1:333833-334651|+ -            273 1371at2085           -            438   2.9e-07   24.8   5.2   2   2   1.5e-08   7.3e-07   23.5   0.1   367   436   126   198   107   199 0.86 NZ_CP079799.1_283 # 333833 # 334651 # 1 # ID=1_283;partial=00;start_type=ATG;rbs_motif=GGA/GAG/AGG;rbs_spacer=5-10bp;gc_cont=0.305
NZ_CP079799.1:897129-898727|+ -            533 1371at2085           -            438   4.8e-07   24.1   2.5   1   2      0.49        23   -1.2  40.7   102   316    13   240     3   243 0.64 NZ_CP079799.1_695 # 897129 # 898727 # 1 # ID=1_695;partial=00;start_type=ATG;rbs_motif=AGGAGG;rbs_spacer=5-10bp;gc_cont=0.252
NZ_CP079799.1:897129-898727|+ -            533 1371at2085           -            438   4.8e-07   24.1   2.5   2   2     1e-08   4.8e-07   24.1   2.5   374   435   450   511   418   513 0.83 NZ_CP079799.1_695 # 897129 # 898727 # 1 # ID=1_695;partial=00;start_type=ATG;rbs_motif=AGGAGG;rbs_spacer=5-10bp;gc_cont=0.252
NZ_CP079799.1:845066-846676|+ -            537 1371at2085           -            438     6e-07   23.8   7.3   1   1   1.3e-08     6e-07   23.8   7.3   374   434   460   521   423   524 0.74 NZ_CP079799.1_659 # 845066 # 846676 # 1 # ID=1_659;partial=00;start_type=ATG;rbs_motif=GGA/GAG/AGG;rbs_spacer=5-10bp;gc_cont=0.186
NZ_CP079799.1:722859-724193|- -            445 1371at2085           -            438   1.1e-06   23.0   7.7   1   3    0.0076      0.36    4.7   0.0   333   358    47    78    44    91 0.84 NZ_CP079799.1_570 # 722859 # 724193 # -1 # ID=1_570;partial=00;start_type=ATG;rbs_motif=GGA/GAG/AGG;rbs_spacer=11-12bp;gc_cont=0.302
NZ_CP079799.1:722859-724193|- -            445 1371at2085           -            438   1.1e-06   23.0   7.7   2   3       4.8   2.3e+02   -4.5   1.8   152   182   127   158   122   168 0.61 NZ_CP079799.1_570 # 722859 # 724193 # -1 # ID=1_570;partial=00;start_type=ATG;rbs_motif=GGA/GAG/AGG;rbs_spacer=11-12bp;gc_cont=0.302
NZ_CP079799.1:722859-724193|- -            445 1371at2085           -            438   1.1e-06   23.0   7.7   3   3   4.4e-08   2.1e-06   22.0   0.2   376   436   229   292   201   293 0.82 NZ_CP079799.1_570 # 722859 # 724193 # -1 # ID=1_570;partial=00;start_type=ATG;rbs_motif=GGA/GAG/AGG;rbs_spacer=11-12bp;gc_cont=0.302
NZ_CP079799.1:846685-848304|+ -            540 1371at2085           -            438   1.7e-05   19.0   3.3   1   1   3.5e-07   1.7e-05   19.0   3.3   367   422   455   512   445   526 0.77 NZ_CP079799.1_660 # 846685 # 848304 # 1 # ID=1_660;partial=00;start_type=ATG;rbs_motif=None;rbs_spacer=None;gc_cont=0.227
NZ_CP079799.1:838372-839982|+ -            537 1371at2085           -            438   1.8e-05   18.9   1.4   1   2       9.7   4.6e+02   -5.5  59.1    97   314    20   247     5   266 0.68 NZ_CP079799.1_656 # 838372 # 839982 # 1 # ID=1_656;partial=00;start_type=ATG;rbs_motif=AGGA;rbs_spacer=5-10bp;gc_cont=0.236
NZ_CP079799.1:838372-839982|+ -            537 1371at2085           -            438   1.8e-05   18.9   1.4   2   2   3.8e-07   1.8e-05   18.9   1.4   375   434   461   521   437   524 0.87 NZ_CP079799.1_656 # 838372 # 839982 # 1 # ID=1_656;partial=00;start_type=ATG;rbs_motif=AGGA;rbs_spacer=5-10bp;gc_cont=0.236
NZ_CP079799.1:839993-841606|+ -            538 1371at2085           -            438   9.6e-05   16.5  96.9   1   3    0.0004     0.019    9.0  39.8    99   266    11   191     8   203 0.66 NZ_CP079799.1_657 # 839993 # 841606 # 1 # ID=1_657;partial=00;start_type=ATG;rbs_motif=AGGAGG;rbs_spacer=5-10bp;gc_cont=0.242
NZ_CP079799.1:839993-841606|+ -            538 1371at2085           -            438   9.6e-05   16.5  96.9   2   3     0.064         3    1.7  34.5   170   374   207   422   188   433 0.82 NZ_CP079799.1_657 # 839993 # 841606 # 1 # ID=1_657;partial=00;start_type=ATG;rbs_motif=AGGAGG;rbs_spacer=5-10bp;gc_cont=0.242
NZ_CP079799.1:839993-841606|+ -            538 1371at2085           -            438   9.6e-05   16.5  96.9   3   3   2.1e-06   9.9e-05   16.5   8.8   373   435   458   520   424   523 0.77 NZ_CP079799.1_657 # 839993 # 841606 # 1 # ID=1_657;partial=00;start_type=ATG;rbs_motif=AGGAGG;rbs_spacer=5-10bp;gc_cont=0.242
#
# Program:         hmmsearch
# Version:         3.4 (Aug 2023)
# Pipeline mode:   SEARCH
# Query file:      /home/bryan/Documentos/GitHub/Project_doctoral/IMPLEMENTACAO/Genomes/M_hyopneumoniae/strains/LH/Use/busco_downloads/lineages/mycoplasmatales_odb10/hmms/1371at2085.hmm
# Target file:     /home/bryan/Documentos/GitHub/Project_doctoral/IMPLEMENTACAO/Genomes/M_hyopneumoniae/strains/LH/Use/busco_complete/prodigal_output/predicted_genes/predicted.faa
# Option settings: hmmsearch --domtblout /home/bryan/Documentos/GitHub/Project_doctoral/IMPLEMENTACAO/Genomes/M_hyopneumoniae/strains/LH/Use/busco_complete/run_mycoplasmatales_odb10/hmmer_output/1371at2085.out --cpu 1 /home/bryan/Documentos/GitHub/Project_doctoral/IMPLEMENTACAO/Genomes/M_hyopneumoniae/strains/LH/Use/busco_downloads/lineages/mycoplasmatales_odb10/hmms/1371at2085.hmm /home/bryan/Documentos/GitHub/Project_doctoral/IMPLEMENTACAO/Genomes/M_hyopneumoniae/strains/LH/Use/busco_complete/prodigal_output/predicted_genes/predicted.faa 
# Current dir:     /home/bryan/Documentos/GitHub/Project_doctoral/IMPLEMENTACAO/Genomes/M_hyopneumoniae/strains/LH/Use
# Date:            Sun Dec  1 19:00:10 2024
# [ok]
