#                                                                                     --- full sequence --- -------------- this domain -------------   hmm coord   ali coord   env coord
# target name                 accession   tlen query name           accession   qlen   E-value  score  bias   #  of  c-Evalue  i-Evalue  score  bias  from    to  from    to  from    to  acc description of target
#         ------------------- ---------- ----- -------------------- ---------- ----- --------- ------ ----- --- --- --------- --------- ------ ----- ----- ----- ----- ----- ----- ----- ---- ---------------------
NZ_CP079799.1:97888-99972|-   -            695 148at2085            -            586         0 1036.0  12.3   1   2  5.8e-114    1e-111  369.5   3.0     1   181    11   193    11   218 0.94 NZ_CP079799.1_78 # 97888 # 99972 # -1 # ID=1_78;partial=00;start_type=ATG;rbs_motif=AGGA;rbs_spacer=5-10bp;gc_cont=0.375
NZ_CP079799.1:97888-99972|-   -            695 148at2085            -            586         0 1036.0  12.3   2   2  8.2e-205  1.5e-202  669.5   2.1   174   579   221   671   209   688 0.89 NZ_CP079799.1_78 # 97888 # 99972 # -1 # ID=1_78;partial=00;start_type=ATG;rbs_motif=AGGA;rbs_spacer=5-10bp;gc_cont=0.375
NZ_CP079799.1:94757-96553|+   -            599 148at2085            -            586   6.9e-42  139.0   0.2   1   3   2.7e-30   4.8e-28   93.3   0.1     1   150     7   153     7   164 0.92 NZ_CP079799.1_76 # 94757 # 96553 # 1 # ID=1_76;partial=00;start_type=ATG;rbs_motif=None;rbs_spacer=None;gc_cont=0.344
NZ_CP079799.1:94757-96553|+   -            599 148at2085            -            586   6.9e-42  139.0   0.2   2   3   1.3e-13   2.3e-11   38.2   0.0   218   415   163   375   154   381 0.75 NZ_CP079799.1_76 # 94757 # 96553 # 1 # ID=1_76;partial=00;start_type=ATG;rbs_motif=None;rbs_spacer=None;gc_cont=0.344
NZ_CP079799.1:94757-96553|+   -            599 148at2085            -            586   6.9e-42  139.0   0.2   3   3    0.0027      0.48    4.1   0.0   521   574   402   467   395   478 0.62 NZ_CP079799.1_76 # 94757 # 96553 # 1 # ID=1_76;partial=00;start_type=ATG;rbs_motif=None;rbs_spacer=None;gc_cont=0.344
NZ_CP079799.1:777618-779417|- -            600 148at2085            -            586   4.6e-18   60.3   0.9   1   2   2.6e-20   4.6e-18   60.3   0.9    31   135   120   230   115   244 0.82 NZ_CP079799.1_613 # 777618 # 779417 # -1 # ID=1_613;partial=00;start_type=ATG;rbs_motif=GGAG/GAGG;rbs_spacer=5-10bp;gc_cont=0.354
NZ_CP079799.1:777618-779417|- -            600 148at2085            -            586   4.6e-18   60.3   0.9   2   2      0.41        73   -3.1   0.1    44    70   378   404   368   457 0.69 NZ_CP079799.1_613 # 777618 # 779417 # -1 # ID=1_613;partial=00;start_type=ATG;rbs_motif=GGAG/GAGG;rbs_spacer=5-10bp;gc_cont=0.354
NZ_CP079799.1:698020-699228|- -            403 148at2085            -            586   2.1e-15   51.5   1.7   1   2   2.2e-17   3.8e-15   50.6   0.3     2   130    20   147    19   168 0.90 NZ_CP079799.1_551 # 698020 # 699228 # -1 # ID=1_551;partial=00;start_type=ATG;rbs_motif=AGGA;rbs_spacer=5-10bp;gc_cont=0.403
NZ_CP079799.1:698020-699228|- -            403 148at2085            -            586   2.1e-15   51.5   1.7   2   2     0.048       8.6   -0.0   0.1   220   326   195   303   148   317 0.66 NZ_CP079799.1_551 # 698020 # 699228 # -1 # ID=1_551;partial=00;start_type=ATG;rbs_motif=AGGA;rbs_spacer=5-10bp;gc_cont=0.403
#
# Program:         hmmsearch
# Version:         3.4 (Aug 2023)
# Pipeline mode:   SEARCH
# Query file:      /home/bryan/Documentos/GitHub/Project_doctoral/IMPLEMENTACAO/Genomes/M_hyopneumoniae/strains/LH/Use/busco_downloads/lineages/mycoplasmatales_odb10/hmms/148at2085.hmm
# Target file:     /home/bryan/Documentos/GitHub/Project_doctoral/IMPLEMENTACAO/Genomes/M_hyopneumoniae/strains/LH/Use/busco_complete/prodigal_output/predicted_genes/predicted.faa
# Option settings: hmmsearch --domtblout /home/bryan/Documentos/GitHub/Project_doctoral/IMPLEMENTACAO/Genomes/M_hyopneumoniae/strains/LH/Use/busco_complete/run_mycoplasmatales_odb10/hmmer_output/148at2085.out --cpu 1 /home/bryan/Documentos/GitHub/Project_doctoral/IMPLEMENTACAO/Genomes/M_hyopneumoniae/strains/LH/Use/busco_downloads/lineages/mycoplasmatales_odb10/hmms/148at2085.hmm /home/bryan/Documentos/GitHub/Project_doctoral/IMPLEMENTACAO/Genomes/M_hyopneumoniae/strains/LH/Use/busco_complete/prodigal_output/predicted_genes/predicted.faa 
# Current dir:     /home/bryan/Documentos/GitHub/Project_doctoral/IMPLEMENTACAO/Genomes/M_hyopneumoniae/strains/LH/Use
# Date:            Sun Dec  1 19:00:10 2024
# [ok]
