#                                                                                     --- full sequence --- -------------- this domain -------------   hmm coord   ali coord   env coord
# target name                 accession   tlen query name           accession   qlen   E-value  score  bias   #  of  c-Evalue  i-Evalue  score  bias  from    to  from    to  from    to  acc description of target
#         ------------------- ---------- ----- -------------------- ---------- ----- --------- ------ ----- --- --- --------- --------- ------ ----- ----- ----- ----- ----- ----- ----- ---- ---------------------
NZ_CP079799.1:39059-41719|-   -            887 157at2085            -            637    3e-233  771.1  36.0   1   4   2.2e-91   3.9e-89  294.9   1.5     1   221    19   274    19   286 0.85 NZ_CP079799.1_32 # 39059 # 41719 # -1 # ID=1_32;partial=00;start_type=ATG;rbs_motif=AGGA;rbs_spacer=5-10bp;gc_cont=0.306
NZ_CP079799.1:39059-41719|-   -            887 157at2085            -            637    3e-233  771.1  36.0   2   4    2e-131  3.6e-129  427.2   8.2   224   543   303   675   293   677 0.88 NZ_CP079799.1_32 # 39059 # 41719 # -1 # ID=1_32;partial=00;start_type=ATG;rbs_motif=AGGA;rbs_spacer=5-10bp;gc_cont=0.306
NZ_CP079799.1:39059-41719|-   -            887 157at2085            -            637    3e-233  771.1  36.0   3   4   4.3e-20   7.7e-18   59.4  10.3   511   603   670   773   667   809 0.81 NZ_CP079799.1_32 # 39059 # 41719 # -1 # ID=1_32;partial=00;start_type=ATG;rbs_motif=AGGA;rbs_spacer=5-10bp;gc_cont=0.306
NZ_CP079799.1:39059-41719|-   -            887 157at2085            -            637    3e-233  771.1  36.0   4   4     0.031       5.5    0.4   0.0   619   637   845   863   821   863 0.75 NZ_CP079799.1_32 # 39059 # 41719 # -1 # ID=1_32;partial=00;start_type=ATG;rbs_motif=AGGA;rbs_spacer=5-10bp;gc_cont=0.306
NZ_CP079799.1:911801-914269|+ -            823 157at2085            -            637     1e-44  148.2  33.6   1   2   6.5e-45   1.2e-42  141.4  24.2     8   531    17   586    10   598 0.75 NZ_CP079799.1_704 # 911801 # 914269 # 1 # ID=1_704;partial=00;start_type=ATG;rbs_motif=AGGA;rbs_spacer=5-10bp;gc_cont=0.299
NZ_CP079799.1:911801-914269|+ -            823 157at2085            -            637     1e-44  148.2  33.6   2   2   0.00019     0.034    7.7   2.9   513   589   593   667   588   719 0.73 NZ_CP079799.1_704 # 911801 # 914269 # 1 # ID=1_704;partial=00;start_type=ATG;rbs_motif=AGGA;rbs_spacer=5-10bp;gc_cont=0.299
NZ_CP079799.1:868378-870750|- -            791 157at2085            -            637   3.9e-38  126.5   9.3   1   4     5e-15   8.8e-13   42.7   0.0    11   162    17   172    10   179 0.74 NZ_CP079799.1_677 # 868378 # 870750 # -1 # ID=1_677;partial=00;start_type=ATG;rbs_motif=GGA/GAG/AGG;rbs_spacer=5-10bp;gc_cont=0.311
NZ_CP079799.1:868378-870750|- -            791 157at2085            -            637   3.9e-38  126.5   9.3   2   4      0.17        30   -2.0   0.0   297   321   180   204   175   231 0.88 NZ_CP079799.1_677 # 868378 # 870750 # -1 # ID=1_677;partial=00;start_type=ATG;rbs_motif=GGA/GAG/AGG;rbs_spacer=5-10bp;gc_cont=0.311
NZ_CP079799.1:868378-870750|- -            791 157at2085            -            637   3.9e-38  126.5   9.3   3   4   9.9e-10   1.7e-07   25.2   0.2   320   412   384   481   377   494 0.63 NZ_CP079799.1_677 # 868378 # 870750 # -1 # ID=1_677;partial=00;start_type=ATG;rbs_motif=GGA/GAG/AGG;rbs_spacer=5-10bp;gc_cont=0.311
NZ_CP079799.1:868378-870750|- -            791 157at2085            -            637   3.9e-38  126.5   9.3   4   4   9.3e-21   1.6e-18   61.6   1.2   435   607   540   722   502   736 0.75 NZ_CP079799.1_677 # 868378 # 870750 # -1 # ID=1_677;partial=00;start_type=ATG;rbs_motif=GGA/GAG/AGG;rbs_spacer=5-10bp;gc_cont=0.311
NZ_CP079799.1:525232-526773|+ -            514 157at2085            -            637   3.1e-16   54.1   3.6   1   4     8e-12   1.4e-09   32.1   1.5    33   162    13   143     2   148 0.73 NZ_CP079799.1_439 # 525232 # 526773 # 1 # ID=1_439;partial=00;start_type=ATG;rbs_motif=GGA/GAG/AGG;rbs_spacer=5-10bp;gc_cont=0.269
NZ_CP079799.1:525232-526773|+ -            514 157at2085            -            637   3.1e-16   54.1   3.6   2   4     0.058        10   -0.5   0.2   388   439   217   267   177   274 0.72 NZ_CP079799.1_439 # 525232 # 526773 # 1 # ID=1_439;partial=00;start_type=ATG;rbs_motif=GGA/GAG/AGG;rbs_spacer=5-10bp;gc_cont=0.269
NZ_CP079799.1:525232-526773|+ -            514 157at2085            -            637   3.1e-16   54.1   3.6   3   4     3e-11   5.3e-09   30.2   0.0   445   516   294   365   284   386 0.82 NZ_CP079799.1_439 # 525232 # 526773 # 1 # ID=1_439;partial=00;start_type=ATG;rbs_motif=GGA/GAG/AGG;rbs_spacer=5-10bp;gc_cont=0.269
NZ_CP079799.1:525232-526773|+ -            514 157at2085            -            637   3.1e-16   54.1   3.6   4   4      0.19        34   -2.2   1.4   518   589   401   480   392   503 0.48 NZ_CP079799.1_439 # 525232 # 526773 # 1 # ID=1_439;partial=00;start_type=ATG;rbs_motif=GGA/GAG/AGG;rbs_spacer=5-10bp;gc_cont=0.269
#
# Program:         hmmsearch
# Version:         3.4 (Aug 2023)
# Pipeline mode:   SEARCH
# Query file:      /home/bryan/Documentos/GitHub/Project_doctoral/IMPLEMENTACAO/Genomes/M_hyopneumoniae/strains/LH/Use/busco_downloads/lineages/mycoplasmatales_odb10/hmms/157at2085.hmm
# Target file:     /home/bryan/Documentos/GitHub/Project_doctoral/IMPLEMENTACAO/Genomes/M_hyopneumoniae/strains/LH/Use/busco_complete/prodigal_output/predicted_genes/predicted.faa
# Option settings: hmmsearch --domtblout /home/bryan/Documentos/GitHub/Project_doctoral/IMPLEMENTACAO/Genomes/M_hyopneumoniae/strains/LH/Use/busco_complete/run_mycoplasmatales_odb10/hmmer_output/157at2085.out --cpu 1 /home/bryan/Documentos/GitHub/Project_doctoral/IMPLEMENTACAO/Genomes/M_hyopneumoniae/strains/LH/Use/busco_downloads/lineages/mycoplasmatales_odb10/hmms/157at2085.hmm /home/bryan/Documentos/GitHub/Project_doctoral/IMPLEMENTACAO/Genomes/M_hyopneumoniae/strains/LH/Use/busco_complete/prodigal_output/predicted_genes/predicted.faa 
# Current dir:     /home/bryan/Documentos/GitHub/Project_doctoral/IMPLEMENTACAO/Genomes/M_hyopneumoniae/strains/LH/Use
# Date:            Sun Dec  1 19:00:10 2024
# [ok]
