#                                                                                     --- full sequence --- -------------- this domain -------------   hmm coord   ali coord   env coord
# target name                 accession   tlen query name           accession   qlen   E-value  score  bias   #  of  c-Evalue  i-Evalue  score  bias  from    to  from    to  from    to  acc description of target
#         ------------------- ---------- ----- -------------------- ---------- ----- --------- ------ ----- --- --- --------- --------- ------ ----- ----- ----- ----- ----- ----- ----- ---- ---------------------
NZ_CP079799.1:112795-113586|+ -            264 1679at2085           -            265   5.5e-79  260.5  12.6   1   1   6.7e-81     6e-79  260.4  12.6    12   256     1   255     1   263 0.90 NZ_CP079799.1_89 # 112795 # 113586 # 1 # ID=1_89;partial=00;start_type=ATG;rbs_motif=GGA/GAG/AGG;rbs_spacer=3-4bp;gc_cont=0.265
NZ_CP079799.1:92898-94199|+   -            434 1679at2085           -            265   2.5e-23   78.1  11.3   1   3   1.5e-11   1.3e-09   33.1   0.2   123   177     6    64     1    79 0.80 NZ_CP079799.1_73 # 92898 # 94199 # 1 # ID=1_73;partial=00;start_type=ATG;rbs_motif=None;rbs_spacer=None;gc_cont=0.294
NZ_CP079799.1:92898-94199|+   -            434 1679at2085           -            265   2.5e-23   78.1  11.3   2   3   1.6e-12   1.4e-10   36.3   0.5    22   173    78   228    71   240 0.77 NZ_CP079799.1_73 # 92898 # 94199 # 1 # ID=1_73;partial=00;start_type=ATG;rbs_motif=None;rbs_spacer=None;gc_cont=0.294
NZ_CP079799.1:92898-94199|+   -            434 1679at2085           -            265   2.5e-23   78.1  11.3   3   3   6.1e-06   0.00054   14.7   0.8    24   139   251   380   245   386 0.62 NZ_CP079799.1_73 # 92898 # 94199 # 1 # ID=1_73;partial=00;start_type=ATG;rbs_motif=None;rbs_spacer=None;gc_cont=0.294
NZ_CP079799.1:590123-590653|- -            177 1679at2085           -            265   2.3e-13   45.4   6.0   1   2     7e-13   6.2e-11   37.4   0.1   124   172    20    69    12    88 0.90 NZ_CP079799.1_476 # 590123 # 590653 # -1 # ID=1_476;partial=00;start_type=GTG;rbs_motif=GGA/GAG/AGG;rbs_spacer=3-4bp;gc_cont=0.303
NZ_CP079799.1:590123-590653|- -            177 1679at2085           -            265   2.3e-13   45.4   6.0   2   2   0.00015     0.013   10.1   2.2    24    97    95   173    80   176 0.78 NZ_CP079799.1_476 # 590123 # 590653 # -1 # ID=1_476;partial=00;start_type=GTG;rbs_motif=GGA/GAG/AGG;rbs_spacer=3-4bp;gc_cont=0.303
NZ_CP079799.1:239963-241291|- -            443 1679at2085           -            265   1.6e-12   42.7  16.2   1   3       1.1        94   -2.5   0.1   231   258   137   164   114   170 0.58 NZ_CP079799.1_211 # 239963 # 241291 # -1 # ID=1_211;partial=00;start_type=TTG;rbs_motif=AGGAG;rbs_spacer=5-10bp;gc_cont=0.313
NZ_CP079799.1:239963-241291|- -            443 1679at2085           -            265   1.6e-12   42.7  16.2   2   3     1e-13     9e-12   40.2   0.3    97   174   194   275   184   289 0.78 NZ_CP079799.1_211 # 239963 # 241291 # -1 # ID=1_211;partial=00;start_type=TTG;rbs_motif=AGGAG;rbs_spacer=5-10bp;gc_cont=0.313
NZ_CP079799.1:239963-241291|- -            443 1679at2085           -            265   1.6e-12   42.7  16.2   3   3    0.0003     0.026    9.1   6.5    21   104   291   366   281   386 0.71 NZ_CP079799.1_211 # 239963 # 241291 # -1 # ID=1_211;partial=00;start_type=TTG;rbs_motif=AGGAG;rbs_spacer=5-10bp;gc_cont=0.313
NZ_CP079799.1:194575-195456|- -            294 1679at2085           -            265   1.3e-10   36.3   9.5   1   2   2.1e-11   1.8e-09   32.6   0.3   119   175     6    66     2    84 0.78 NZ_CP079799.1_157 # 194575 # 195456 # -1 # ID=1_157;partial=00;start_type=ATG;rbs_motif=None;rbs_spacer=None;gc_cont=0.293
NZ_CP079799.1:194575-195456|- -            294 1679at2085           -            265   1.3e-10   36.3   9.5   2   2    0.0013      0.11    7.1   3.9    47   103   108   169    77   190 0.77 NZ_CP079799.1_157 # 194575 # 195456 # -1 # ID=1_157;partial=00;start_type=ATG;rbs_motif=None;rbs_spacer=None;gc_cont=0.293
NZ_CP079799.1:55473-56732|+   -            420 1679at2085           -            265   6.8e-06   20.9  11.9   1   2     5e-07   4.4e-05   18.2   0.1   124   175   161   215   145   236 0.75 NZ_CP079799.1_42 # 55473 # 56732 # 1 # ID=1_42;partial=00;start_type=ATG;rbs_motif=AGGA;rbs_spacer=5-10bp;gc_cont=0.306
NZ_CP079799.1:55473-56732|+   -            420 1679at2085           -            265   6.8e-06   20.9  11.9   2   2     0.013       1.1    3.8   8.4    39   121   257   343   253   346 0.85 NZ_CP079799.1_42 # 55473 # 56732 # 1 # ID=1_42;partial=00;start_type=ATG;rbs_motif=AGGA;rbs_spacer=5-10bp;gc_cont=0.306
NZ_CP079799.1:370103-371206|- -            368 1679at2085           -            265   1.4e-05   19.9   0.1   1   1   3.4e-07     3e-05   18.8   0.1   119   155     2    37     1    47 0.85 NZ_CP079799.1_313 # 370103 # 371206 # -1 # ID=1_313;partial=00;start_type=ATG;rbs_motif=None;rbs_spacer=None;gc_cont=0.297
NZ_CP079799.1:191396-192253|- -            286 1679at2085           -            265   1.4e-05   19.9   7.9   1   1   3.2e-05    0.0028   12.3   7.9    19   173    65   212    58   231 0.61 NZ_CP079799.1_153 # 191396 # 192253 # -1 # ID=1_153;partial=00;start_type=ATG;rbs_motif=None;rbs_spacer=None;gc_cont=0.284
#
# Program:         hmmsearch
# Version:         3.4 (Aug 2023)
# Pipeline mode:   SEARCH
# Query file:      /home/bryan/Documentos/GitHub/Project_doctoral/IMPLEMENTACAO/Genomes/M_hyopneumoniae/strains/LH/Use/busco_downloads/lineages/mycoplasmatales_odb10/hmms/1679at2085.hmm
# Target file:     /home/bryan/Documentos/GitHub/Project_doctoral/IMPLEMENTACAO/Genomes/M_hyopneumoniae/strains/LH/Use/busco_complete/prodigal_output/predicted_genes/predicted.faa
# Option settings: hmmsearch --domtblout /home/bryan/Documentos/GitHub/Project_doctoral/IMPLEMENTACAO/Genomes/M_hyopneumoniae/strains/LH/Use/busco_complete/run_mycoplasmatales_odb10/hmmer_output/1679at2085.out --cpu 1 /home/bryan/Documentos/GitHub/Project_doctoral/IMPLEMENTACAO/Genomes/M_hyopneumoniae/strains/LH/Use/busco_downloads/lineages/mycoplasmatales_odb10/hmms/1679at2085.hmm /home/bryan/Documentos/GitHub/Project_doctoral/IMPLEMENTACAO/Genomes/M_hyopneumoniae/strains/LH/Use/busco_complete/prodigal_output/predicted_genes/predicted.faa 
# Current dir:     /home/bryan/Documentos/GitHub/Project_doctoral/IMPLEMENTACAO/Genomes/M_hyopneumoniae/strains/LH/Use
# Date:            Sun Dec  1 19:00:11 2024
# [ok]
