#                                                                                     --- full sequence --- -------------- this domain -------------   hmm coord   ali coord   env coord
# target name                 accession   tlen query name           accession   qlen   E-value  score  bias   #  of  c-Evalue  i-Evalue  score  bias  from    to  from    to  from    to  acc description of target
#         ------------------- ---------- ----- -------------------- ---------- ----- --------- ------ ----- --- --- --------- --------- ------ ----- ----- ----- ----- ----- ----- ----- ---- ---------------------
NZ_CP079799.1:861475-862689|- -            405 1830at2085           -            299  7.8e-101  332.6  30.6   1   3   2.2e-38   3.9e-36  120.2  10.0     1   129    10   157    10   159 0.84 NZ_CP079799.1_671 # 861475 # 862689 # -1 # ID=1_671;partial=00;start_type=ATG;rbs_motif=None;rbs_spacer=None;gc_cont=0.253
NZ_CP079799.1:861475-862689|- -            405 1830at2085           -            299  7.8e-101  332.6  30.6   2   3   2.5e-65   4.4e-63  208.7   6.6   114   296   157   345   152   347 0.86 NZ_CP079799.1_671 # 861475 # 862689 # -1 # ID=1_671;partial=00;start_type=ATG;rbs_motif=None;rbs_spacer=None;gc_cont=0.253
NZ_CP079799.1:861475-862689|- -            405 1830at2085           -            299  7.8e-101  332.6  30.6   3   3   3.9e-06   0.00068   14.3   1.9   244   295   347   399   336   402 0.87 NZ_CP079799.1_671 # 861475 # 862689 # -1 # ID=1_671;partial=00;start_type=ATG;rbs_motif=None;rbs_spacer=None;gc_cont=0.253
NZ_CP079799.1:525232-526773|+ -            514 1830at2085           -            299     7e-09   30.7   5.7   1   3   0.00082      0.14    6.7   0.3     2    99     5   110     4   133 0.79 NZ_CP079799.1_439 # 525232 # 526773 # 1 # ID=1_439;partial=00;start_type=ATG;rbs_motif=GGA/GAG/AGG;rbs_spacer=5-10bp;gc_cont=0.269
NZ_CP079799.1:525232-526773|+ -            514 1830at2085           -            299     7e-09   30.7   5.7   2   3   1.3e-09   2.3e-07   25.7   0.1   193   259   294   361   282   383 0.81 NZ_CP079799.1_439 # 525232 # 526773 # 1 # ID=1_439;partial=00;start_type=ATG;rbs_motif=GGA/GAG/AGG;rbs_spacer=5-10bp;gc_cont=0.269
NZ_CP079799.1:525232-526773|+ -            514 1830at2085           -            299     7e-09   30.7   5.7   3   3      0.19        34   -1.1   0.1    67   100   405   442   393   450 0.62 NZ_CP079799.1_439 # 525232 # 526773 # 1 # ID=1_439;partial=00;start_type=ATG;rbs_motif=GGA/GAG/AGG;rbs_spacer=5-10bp;gc_cont=0.269
NZ_CP079799.1:868378-870750|- -            791 1830at2085           -            299   1.9e-06   22.7   0.0   1   1   3.5e-08   6.3e-06   21.0   0.0   191   242   548   600   504   628 0.84 NZ_CP079799.1_677 # 868378 # 870750 # -1 # ID=1_677;partial=00;start_type=ATG;rbs_motif=GGA/GAG/AGG;rbs_spacer=5-10bp;gc_cont=0.311
NZ_CP079799.1:39059-41719|-   -            887 1830at2085           -            299   1.3e-05   20.0   0.1   1   4     0.036       6.4    1.3   0.1    12    68    65   127    57   182 0.63 NZ_CP079799.1_32 # 39059 # 41719 # -1 # ID=1_32;partial=00;start_type=ATG;rbs_motif=AGGA;rbs_spacer=5-10bp;gc_cont=0.306
NZ_CP079799.1:39059-41719|-   -            887 1830at2085           -            299   1.3e-05   20.0   0.1   2   4      0.23        40   -1.3   0.1   143   174   364   395   340   398 0.80 NZ_CP079799.1_32 # 39059 # 41719 # -1 # ID=1_32;partial=00;start_type=ATG;rbs_motif=AGGA;rbs_spacer=5-10bp;gc_cont=0.306
NZ_CP079799.1:39059-41719|-   -            887 1830at2085           -            299   1.3e-05   20.0   0.1   3   4   7.1e-08   1.3e-05   20.0   0.1   198   295   580   681   563   684 0.77 NZ_CP079799.1_32 # 39059 # 41719 # -1 # ID=1_32;partial=00;start_type=ATG;rbs_motif=AGGA;rbs_spacer=5-10bp;gc_cont=0.306
NZ_CP079799.1:39059-41719|-   -            887 1830at2085           -            299   1.3e-05   20.0   0.1   4   4      0.72   1.3e+02   -3.0   0.9   241   284   746   789   719   810 0.54 NZ_CP079799.1_32 # 39059 # 41719 # -1 # ID=1_32;partial=00;start_type=ATG;rbs_motif=AGGA;rbs_spacer=5-10bp;gc_cont=0.306
#
# Program:         hmmsearch
# Version:         3.4 (Aug 2023)
# Pipeline mode:   SEARCH
# Query file:      /home/bryan/Documentos/GitHub/Project_doctoral/IMPLEMENTACAO/Genomes/M_hyopneumoniae/strains/LH/Use/busco_downloads/lineages/mycoplasmatales_odb10/hmms/1830at2085.hmm
# Target file:     /home/bryan/Documentos/GitHub/Project_doctoral/IMPLEMENTACAO/Genomes/M_hyopneumoniae/strains/LH/Use/busco_complete/prodigal_output/predicted_genes/predicted.faa
# Option settings: hmmsearch --domtblout /home/bryan/Documentos/GitHub/Project_doctoral/IMPLEMENTACAO/Genomes/M_hyopneumoniae/strains/LH/Use/busco_complete/run_mycoplasmatales_odb10/hmmer_output/1830at2085.out --cpu 1 /home/bryan/Documentos/GitHub/Project_doctoral/IMPLEMENTACAO/Genomes/M_hyopneumoniae/strains/LH/Use/busco_downloads/lineages/mycoplasmatales_odb10/hmms/1830at2085.hmm /home/bryan/Documentos/GitHub/Project_doctoral/IMPLEMENTACAO/Genomes/M_hyopneumoniae/strains/LH/Use/busco_complete/prodigal_output/predicted_genes/predicted.faa 
# Current dir:     /home/bryan/Documentos/GitHub/Project_doctoral/IMPLEMENTACAO/Genomes/M_hyopneumoniae/strains/LH/Use
# Date:            Sun Dec  1 19:00:11 2024
# [ok]
