#                                                                                     --- full sequence --- -------------- this domain -------------   hmm coord   ali coord   env coord
# target name                 accession   tlen query name           accession   qlen   E-value  score  bias   #  of  c-Evalue  i-Evalue  score  bias  from    to  from    to  from    to  acc description of target
#         ------------------- ---------- ----- -------------------- ---------- ----- --------- ------ ----- --- --- --------- --------- ------ ----- ----- ----- ----- ----- ----- ----- ---- ---------------------
NZ_CP079799.1:626146-627066|- -            307 2666at2085           -            250     1e-91  301.9   0.2   1   1   4.5e-93   5.3e-91  299.6   0.2     1   248     5   285     5   288 0.89 NZ_CP079799.1_505 # 626146 # 627066 # -1 # ID=1_505;partial=00;start_type=ATG;rbs_motif=None;rbs_spacer=None;gc_cont=0.330
NZ_CP079799.1:556105-557001|- -            299 2666at2085           -            250   6.2e-29   96.3   0.4   1   2   4.2e-13     5e-11   37.6   0.0     6    77    22    95    20   120 0.83 NZ_CP079799.1_463 # 556105 # 557001 # -1 # ID=1_463;partial=00;start_type=ATG;rbs_motif=None;rbs_spacer=None;gc_cont=0.309
NZ_CP079799.1:556105-557001|- -            299 2666at2085           -            250   6.2e-29   96.3   0.4   2   2   9.3e-19   1.1e-16   56.1   0.6   133   241   183   296   164   298 0.83 NZ_CP079799.1_463 # 556105 # 557001 # -1 # ID=1_463;partial=00;start_type=ATG;rbs_motif=None;rbs_spacer=None;gc_cont=0.309
NZ_CP079799.1:636586-637389|+ -            268 2666at2085           -            250   1.4e-25   85.3   4.5   1   2   3.4e-10     4e-08   28.1   0.1     2    70     2    69     1   122 0.88 NZ_CP079799.1_514 # 636586 # 637389 # 1 # ID=1_514;partial=00;start_type=ATG;rbs_motif=None;rbs_spacer=None;gc_cont=0.299
NZ_CP079799.1:636586-637389|+ -            268 2666at2085           -            250   1.4e-25   85.3   4.5   2   2   2.3e-19   2.7e-17   58.1   1.6   164   245   177   264   138   266 0.82 NZ_CP079799.1_514 # 636586 # 637389 # 1 # ID=1_514;partial=00;start_type=ATG;rbs_motif=None;rbs_spacer=None;gc_cont=0.299
NZ_CP079799.1:239144-239974|+ -            277 2666at2085           -            250   1.2e-21   72.4   4.4   1   1   6.4e-23   7.6e-21   69.8   4.4     3   246     2   272     1   274 0.73 NZ_CP079799.1_210 # 239144 # 239974 # 1 # ID=1_210;partial=00;start_type=ATG;rbs_motif=AGGA;rbs_spacer=5-10bp;gc_cont=0.315
NZ_CP079799.1:445246-446586|- -            447 2666at2085           -            250   6.5e-18   60.2   9.1   1   2   5.5e-20   6.5e-18   60.2   9.1     6   246     6   266     3   269 0.75 NZ_CP079799.1_375 # 445246 # 446586 # -1 # ID=1_375;partial=00;start_type=ATG;rbs_motif=GGA/GAG/AGG;rbs_spacer=5-10bp;gc_cont=0.250
NZ_CP079799.1:445246-446586|- -            447 2666at2085           -            250   6.5e-18   60.2   9.1   2   2     0.054       6.4    1.2   1.1   104   152   363   414   326   444 0.72 NZ_CP079799.1_375 # 445246 # 446586 # -1 # ID=1_375;partial=00;start_type=ATG;rbs_motif=GGA/GAG/AGG;rbs_spacer=5-10bp;gc_cont=0.250
NZ_CP079799.1:354757-355566|+ -            270 2666at2085           -            250   1.5e-17   58.9   3.5   1   2   1.6e-05    0.0019   12.8   0.1     4    79     5    80     2    94 0.80 NZ_CP079799.1_297 # 354757 # 355566 # 1 # ID=1_297;partial=00;start_type=ATG;rbs_motif=None;rbs_spacer=None;gc_cont=0.295
NZ_CP079799.1:354757-355566|+ -            270 2666at2085           -            250   1.5e-17   58.9   3.5   2   2   5.3e-16   6.3e-14   47.1   0.6   107   223   132   242   104   263 0.81 NZ_CP079799.1_297 # 354757 # 355566 # 1 # ID=1_297;partial=00;start_type=ATG;rbs_motif=None;rbs_spacer=None;gc_cont=0.295
#
# Program:         hmmsearch
# Version:         3.4 (Aug 2023)
# Pipeline mode:   SEARCH
# Query file:      /home/bryan/Documentos/GitHub/Project_doctoral/IMPLEMENTACAO/Genomes/M_hyopneumoniae/strains/LH/Use/busco_downloads/lineages/mycoplasmatales_odb10/hmms/2666at2085.hmm
# Target file:     /home/bryan/Documentos/GitHub/Project_doctoral/IMPLEMENTACAO/Genomes/M_hyopneumoniae/strains/LH/Use/busco_complete/prodigal_output/predicted_genes/predicted.faa
# Option settings: hmmsearch --domtblout /home/bryan/Documentos/GitHub/Project_doctoral/IMPLEMENTACAO/Genomes/M_hyopneumoniae/strains/LH/Use/busco_complete/run_mycoplasmatales_odb10/hmmer_output/2666at2085.out --cpu 1 /home/bryan/Documentos/GitHub/Project_doctoral/IMPLEMENTACAO/Genomes/M_hyopneumoniae/strains/LH/Use/busco_downloads/lineages/mycoplasmatales_odb10/hmms/2666at2085.hmm /home/bryan/Documentos/GitHub/Project_doctoral/IMPLEMENTACAO/Genomes/M_hyopneumoniae/strains/LH/Use/busco_complete/prodigal_output/predicted_genes/predicted.faa 
# Current dir:     /home/bryan/Documentos/GitHub/Project_doctoral/IMPLEMENTACAO/Genomes/M_hyopneumoniae/strains/LH/Use
# Date:            Sun Dec  1 19:00:13 2024
# [ok]
