#                                                                                   --- full sequence --- -------------- this domain -------------   hmm coord   ali coord   env coord
# target name               accession   tlen query name           accession   qlen   E-value  score  bias   #  of  c-Evalue  i-Evalue  score  bias  from    to  from    to  from    to  acc description of target
#       ------------------- ---------- ----- -------------------- ---------- ----- --------- ------ ----- --- --- --------- --------- ------ ----- ----- ----- ----- ----- ----- ----- ---- ---------------------
scf00000000:725314-726648|- -            445 1064at2085           -            350  7.3e-149  490.9  19.4   1   2     1e-56   2.1e-55  183.6   0.3     1   127    10   136    10   144 0.91 scf00000000_569 # 725314 # 726648 # -1 # ID=1_569;partial=00;start_type=ATG;rbs_motif=GGA/GAG/AGG;rbs_spacer=11-12bp;gc_cont=0.303
scf00000000:725314-726648|- -            445 1064at2085           -            350  7.3e-149  490.9  19.4   2   2     5e-95     1e-93  309.5  13.9   100   349   147   441   139   442 0.82 scf00000000_569 # 725314 # 726648 # -1 # ID=1_569;partial=00;start_type=ATG;rbs_motif=GGA/GAG/AGG;rbs_spacer=11-12bp;gc_cont=0.303
scf00000000:477473-479650|+ -            726 1064at2085           -            350   8.1e-79  260.5   7.9   1   3   2.1e-35   4.3e-34  113.4   0.3     2   123    39   161    38   225 0.76 scf00000000_394 # 477473 # 479650 # 1 # ID=1_394;partial=00;start_type=ATG;rbs_motif=GGA/GAG/AGG;rbs_spacer=5-10bp;gc_cont=0.304
scf00000000:477473-479650|+ -            726 1064at2085           -            350   8.1e-79  260.5   7.9   2   3       4.9        98   -2.9   0.1    96   131   266   285   257   325 0.58 scf00000000_394 # 477473 # 479650 # 1 # ID=1_394;partial=00;start_type=ATG;rbs_motif=GGA/GAG/AGG;rbs_spacer=5-10bp;gc_cont=0.304
scf00000000:477473-479650|+ -            726 1064at2085           -            350   8.1e-79  260.5   7.9   3   3   3.4e-49   6.8e-48  158.8   2.5   104   289   435   621   420   635 0.85 scf00000000_394 # 477473 # 479650 # 1 # ID=1_394;partial=00;start_type=ATG;rbs_motif=GGA/GAG/AGG;rbs_spacer=5-10bp;gc_cont=0.304
scf00000000:293293-294822|+ -            510 1064at2085           -            350   1.3e-49  164.5   9.8   1   4   4.6e-15   9.3e-14   46.6   0.1     2    99    11   116    10   121 0.89 scf00000000_248 # 293293 # 294822 # 1 # ID=1_248;partial=00;start_type=TTG;rbs_motif=GGAGG;rbs_spacer=5-10bp;gc_cont=0.323
scf00000000:293293-294822|+ -            510 1064at2085           -            350   1.3e-49  164.5   9.8   2   4   2.6e-15   5.3e-14   47.3   0.4   153   256   127   229   116   251 0.92 scf00000000_248 # 293293 # 294822 # 1 # ID=1_248;partial=00;start_type=TTG;rbs_motif=GGAGG;rbs_spacer=5-10bp;gc_cont=0.323
scf00000000:293293-294822|+ -            510 1064at2085           -            350   1.3e-49  164.5   9.8   3   4   0.00048    0.0098   10.3   0.0    16    67   280   331   273   344 0.89 scf00000000_248 # 293293 # 294822 # 1 # ID=1_248;partial=00;start_type=TTG;rbs_motif=GGAGG;rbs_spacer=5-10bp;gc_cont=0.323
scf00000000:293293-294822|+ -            510 1064at2085           -            350   1.3e-49  164.5   9.8   4   4   1.8e-20   3.7e-19   64.3   0.3   150   259   381   490   371   502 0.90 scf00000000_248 # 293293 # 294822 # 1 # ID=1_248;partial=00;start_type=TTG;rbs_motif=GGAGG;rbs_spacer=5-10bp;gc_cont=0.323
scf00000000:684796-686334|+ -            513 1064at2085           -            350   4.3e-49  162.8  17.4   1   4   1.1e-12   2.3e-11   38.7   0.1     1    97     6   107     6   117 0.84 scf00000000_538 # 684796 # 686334 # 1 # ID=1_538;partial=00;start_type=TTG;rbs_motif=AGGA;rbs_spacer=5-10bp;gc_cont=0.319
scf00000000:684796-686334|+ -            513 1064at2085           -            350   4.3e-49  162.8  17.4   2   4   4.4e-20   8.9e-19   63.1   0.7   150   272   116   237   109   247 0.92 scf00000000_538 # 684796 # 686334 # 1 # ID=1_538;partial=00;start_type=TTG;rbs_motif=AGGA;rbs_spacer=5-10bp;gc_cont=0.319
scf00000000:684796-686334|+ -            513 1064at2085           -            350   4.3e-49  162.8  17.4   3   4   5.6e-08   1.1e-06   23.2   0.2    12    73   278   341   264   369 0.81 scf00000000_538 # 684796 # 686334 # 1 # ID=1_538;partial=00;start_type=TTG;rbs_motif=AGGA;rbs_spacer=5-10bp;gc_cont=0.319
scf00000000:684796-686334|+ -            513 1064at2085           -            350   4.3e-49  162.8  17.4   4   4   2.3e-15   4.7e-14   47.5   1.7   159   262   391   495   376   502 0.86 scf00000000_538 # 684796 # 686334 # 1 # ID=1_538;partial=00;start_type=TTG;rbs_motif=AGGA;rbs_spacer=5-10bp;gc_cont=0.319
scf00000000:494686-495846|+ -            387 1064at2085           -            350   2.7e-48  160.1  13.9   1   1   2.7e-49   5.5e-48  159.1  13.9     2   303     8   319     7   362 0.78 scf00000000_404 # 494686 # 495846 # 1 # ID=1_404;partial=00;start_type=ATG;rbs_motif=None;rbs_spacer=None;gc_cont=0.258
scf00000000:266713-268044|+ -            444 1064at2085           -            350   3.5e-35  117.0   3.1   1   2   1.3e-10   2.7e-09   31.9   0.2     3   104    45   161    43   199 0.74 scf00000000_232 # 266713 # 268044 # 1 # ID=1_232;partial=00;start_type=ATG;rbs_motif=GGAG/GAGG;rbs_spacer=5-10bp;gc_cont=0.294
scf00000000:266713-268044|+ -            444 1064at2085           -            350   3.5e-35  117.0   3.1   2   2   5.9e-27   1.2e-25   85.7   0.2   140   267   242   369   200   375 0.86 scf00000000_232 # 266713 # 268044 # 1 # ID=1_232;partial=00;start_type=ATG;rbs_motif=GGAG/GAGG;rbs_spacer=5-10bp;gc_cont=0.294
scf00000000:595653-596549|- -            299 1064at2085           -            350   1.2e-34  115.2   4.1   1   2   5.8e-20   1.2e-18   62.7   1.0     1   107    60   176    60   194 0.79 scf00000000_478 # 595653 # 596549 # -1 # ID=1_478;partial=00;start_type=GTG;rbs_motif=AGGAG;rbs_spacer=5-10bp;gc_cont=0.356
scf00000000:595653-596549|- -            299 1064at2085           -            350   1.2e-34  115.2   4.1   2   2   2.1e-17   4.2e-16   54.3   0.1   160   258   180   277   177   284 0.89 scf00000000_478 # 595653 # 596549 # -1 # ID=1_478;partial=00;start_type=GTG;rbs_motif=AGGAG;rbs_spacer=5-10bp;gc_cont=0.356
scf00000000:331151-331969|+ -            273 1064at2085           -            350     1e-33  112.2   7.7   1   2   1.1e-14   2.1e-13   45.4   1.9     2   104     2   110     1   117 0.83 scf00000000_278 # 331151 # 331969 # 1 # ID=1_278;partial=00;start_type=ATG;rbs_motif=GGA/GAG/AGG;rbs_spacer=5-10bp;gc_cont=0.306
scf00000000:331151-331969|+ -            273 1064at2085           -            350     1e-33  112.2   7.7   2   2   1.5e-22     3e-21   71.2   0.8   153   271   112   229   106   245 0.94 scf00000000_278 # 331151 # 331969 # 1 # ID=1_278;partial=00;start_type=ATG;rbs_motif=GGA/GAG/AGG;rbs_spacer=5-10bp;gc_cont=0.306
scf00000000:406373-408325|+ -            651 1064at2085           -            350   1.2e-32  108.7  11.5   1   2   2.6e-18   5.2e-17   57.2   4.7     1    95     1    93     1   102 0.93 scf00000000_337 # 406373 # 408325 # 1 # ID=1_337;partial=00;start_type=ATG;rbs_motif=GGA/GAG/AGG;rbs_spacer=5-10bp;gc_cont=0.242
scf00000000:406373-408325|+ -            651 1064at2085           -            350   1.2e-32  108.7  11.5   2   2   1.2e-17   2.5e-16   55.0   0.7   146   260    99   208    93   243 0.80 scf00000000_337 # 406373 # 408325 # 1 # ID=1_337;partial=00;start_type=ATG;rbs_motif=GGA/GAG/AGG;rbs_spacer=5-10bp;gc_cont=0.242
scf00000000:435831-438218|- -            796 1064at2085           -            350   1.3e-32  108.6   8.4   1   2   1.5e-19   3.1e-18   61.3   2.2     1   115     1   112     1   125 0.82 scf00000000_366 # 435831 # 438218 # -1 # ID=1_366;partial=00;start_type=ATG;rbs_motif=None;rbs_spacer=None;gc_cont=0.247
scf00000000:435831-438218|- -            796 1064at2085           -            350   1.3e-32  108.6   8.4   2   2   1.2e-16   2.4e-15   51.8   1.6   157   266   105   213    98   219 0.88 scf00000000_366 # 435831 # 438218 # -1 # ID=1_366;partial=00;start_type=ATG;rbs_motif=None;rbs_spacer=None;gc_cont=0.247
scf00000000:331942-332844|+ -            301 1064at2085           -            350   3.1e-32  107.3   2.4   1   2   1.6e-11   3.2e-10   34.9   2.1     2   106     3   132     2   138 0.65 scf00000000_279 # 331942 # 332844 # 1 # ID=1_279;partial=00;start_type=ATG;rbs_motif=GGA/GAG/AGG;rbs_spacer=5-10bp;gc_cont=0.306
scf00000000:331942-332844|+ -            301 1064at2085           -            350   3.1e-32  107.3   2.4   2   2   1.1e-21   2.2e-20   68.4   0.0   152   282   131   261   125   294 0.86 scf00000000_279 # 331942 # 332844 # 1 # ID=1_279;partial=00;start_type=ATG;rbs_motif=GGA/GAG/AGG;rbs_spacer=5-10bp;gc_cont=0.306
scf00000000:665436-667760|- -            775 1064at2085           -            350     7e-31  102.9   8.6   1   3   2.4e-09   4.8e-08   27.8   1.9     8   101    15   113     5   130 0.77 scf00000000_524 # 665436 # 667760 # -1 # ID=1_524;partial=00;start_type=ATG;rbs_motif=AGxAG;rbs_spacer=5-10bp;gc_cont=0.280
scf00000000:665436-667760|- -            775 1064at2085           -            350     7e-31  102.9   8.6   2   3       1.9        39   -1.5   1.2    70   143   312   385   306   417 0.57 scf00000000_524 # 665436 # 667760 # -1 # ID=1_524;partial=00;start_type=ATG;rbs_motif=AGxAG;rbs_spacer=5-10bp;gc_cont=0.280
scf00000000:665436-667760|- -            775 1064at2085           -            350     7e-31  102.9   8.6   3   3   1.2e-27   2.5e-26   87.9   0.7   106   271   547   709   523   720 0.79 scf00000000_524 # 665436 # 667760 # -1 # ID=1_524;partial=00;start_type=ATG;rbs_motif=AGxAG;rbs_spacer=5-10bp;gc_cont=0.280
scf00000000:387420-389384|- -            655 1064at2085           -            350   3.6e-30  100.5  10.3   1   2     9e-19   1.8e-17   58.8   5.7     1   122     1   120     1   126 0.86 scf00000000_327 # 387420 # 389384 # -1 # ID=1_327;partial=00;start_type=ATG;rbs_motif=GGA/GAG/AGG;rbs_spacer=5-10bp;gc_cont=0.245
scf00000000:387420-389384|- -            655 1064at2085           -            350   3.6e-30  100.5  10.3   2   2     1e-14   2.1e-13   45.4   0.5   171   268   121   216   110   250 0.86 scf00000000_327 # 387420 # 389384 # -1 # ID=1_327;partial=00;start_type=ATG;rbs_motif=GGA/GAG/AGG;rbs_spacer=5-10bp;gc_cont=0.245
scf00000000:43225-45501|-   -            759 1064at2085           -            350   5.7e-30   99.9   8.8   1   2   1.2e-19   2.5e-18   61.6   5.2     1   126     1   126     1   127 0.82 scf00000000_32 # 43225 # 45501 # -1 # ID=1_32;partial=00;start_type=ATG;rbs_motif=None;rbs_spacer=None;gc_cont=0.249
scf00000000:43225-45501|-   -            759 1064at2085           -            350   5.7e-30   99.9   8.8   2   2   2.4e-13   4.8e-12   40.9   0.3   170   258   119   205   100   215 0.89 scf00000000_32 # 43225 # 45501 # -1 # ID=1_32;partial=00;start_type=ATG;rbs_motif=None;rbs_spacer=None;gc_cont=0.249
scf00000000:363859-364545|- -            229 1064at2085           -            350   1.2e-29   98.8   8.1   1   2   1.7e-20   3.4e-19   64.4   3.9     1   124     1   124     1   127 0.83 scf00000000_305 # 363859 # 364545 # -1 # ID=1_305;partial=00;start_type=ATG;rbs_motif=None;rbs_spacer=None;gc_cont=0.265
scf00000000:363859-364545|- -            229 1064at2085           -            350   1.2e-29   98.8   8.1   2   2   1.4e-12   2.8e-11   38.4   0.2   172   254   121   201   114   219 0.88 scf00000000_305 # 363859 # 364545 # -1 # ID=1_305;partial=00;start_type=ATG;rbs_motif=None;rbs_spacer=None;gc_cont=0.265
scf00000000:48007-50511|-   -            835 1064at2085           -            350   1.5e-29   98.5  14.1   1   3     7e-13   1.4e-11   39.4   2.1     2    61     2    61     1    68 0.94 scf00000000_34 # 48007 # 50511 # -1 # ID=1_34;partial=00;start_type=ATG;rbs_motif=None;rbs_spacer=None;gc_cont=0.290
scf00000000:48007-50511|-   -            835 1064at2085           -            350   1.5e-29   98.5  14.1   2   3   5.2e-09   1.1e-07   26.6   1.0    41   125   100   184    97   186 0.77 scf00000000_34 # 48007 # 50511 # -1 # ID=1_34;partial=00;start_type=ATG;rbs_motif=None;rbs_spacer=None;gc_cont=0.290
scf00000000:48007-50511|-   -            835 1064at2085           -            350   1.5e-29   98.5  14.1   3   3     2e-13   4.1e-12   41.1   0.7   170   258   178   264   159   288 0.84 scf00000000_34 # 48007 # 50511 # -1 # ID=1_34;partial=00;start_type=ATG;rbs_motif=None;rbs_spacer=None;gc_cont=0.290
scf00000000:53885-56212|-   -            776 1064at2085           -            350   8.3e-29   96.1  18.2   1   2   6.5e-20   1.3e-18   62.5   4.0     1   114     1   111     1   123 0.87 scf00000000_37 # 53885 # 56212 # -1 # ID=1_37;partial=00;start_type=ATG;rbs_motif=None;rbs_spacer=None;gc_cont=0.261
scf00000000:53885-56212|-   -            776 1064at2085           -            350   8.3e-29   96.1  18.2   2   2   1.5e-14   3.1e-13   44.8   0.2   171   258   120   205   112   217 0.92 scf00000000_37 # 53885 # 56212 # -1 # ID=1_37;partial=00;start_type=ATG;rbs_motif=None;rbs_spacer=None;gc_cont=0.261
scf00000000:667760-668812|- -            351 1064at2085           -            350   1.2e-28   95.5   0.7   1   2   8.2e-08   1.7e-06   22.7   0.2    11    72    26    88     9    94 0.78 scf00000000_525 # 667760 # 668812 # -1 # ID=1_525;partial=00;start_type=ATG;rbs_motif=GGxGG;rbs_spacer=5-10bp;gc_cont=0.329
scf00000000:667760-668812|- -            351 1064at2085           -            350   1.2e-28   95.5   0.7   2   2   1.3e-22   2.6e-21   71.4   0.0   153   271   133   254   121   263 0.89 scf00000000_525 # 667760 # 668812 # -1 # ID=1_525;partial=00;start_type=ATG;rbs_motif=GGxGG;rbs_spacer=5-10bp;gc_cont=0.329
scf00000000:259947-261563|- -            539 1064at2085           -            350   1.3e-27   92.1   4.6   1   5   2.6e-13   5.3e-12   40.8   0.8     1    64     1    64     1   104 0.82 scf00000000_227 # 259947 # 261563 # -1 # ID=1_227;partial=00;start_type=ATG;rbs_motif=AGGA;rbs_spacer=5-10bp;gc_cont=0.332
scf00000000:259947-261563|- -            539 1064at2085           -            350   1.3e-27   92.1   4.6   2   5       1.6        33   -1.3   0.0   248   273    83   109    62   116 0.75 scf00000000_227 # 259947 # 261563 # -1 # ID=1_227;partial=00;start_type=ATG;rbs_motif=AGGA;rbs_spacer=5-10bp;gc_cont=0.332
scf00000000:259947-261563|- -            539 1064at2085           -            350   1.3e-27   92.1   4.6   3   5   2.1e-09   4.3e-08   27.9   0.0   171   261   148   234   130   281 0.84 scf00000000_227 # 259947 # 261563 # -1 # ID=1_227;partial=00;start_type=ATG;rbs_motif=AGGA;rbs_spacer=5-10bp;gc_cont=0.332
scf00000000:259947-261563|- -            539 1064at2085           -            350   1.3e-27   92.1   4.6   4   5     0.011      0.23    5.8   0.0    14    60   334   380   321   395 0.87 scf00000000_227 # 259947 # 261563 # -1 # ID=1_227;partial=00;start_type=ATG;rbs_motif=AGGA;rbs_spacer=5-10bp;gc_cont=0.332
scf00000000:259947-261563|- -            539 1064at2085           -            350   1.3e-27   92.1   4.6   5   5   1.6e-05   0.00033   15.1   0.0   174   223   443   492   418   535 0.78 scf00000000_227 # 259947 # 261563 # -1 # ID=1_227;partial=00;start_type=ATG;rbs_motif=AGGA;rbs_spacer=5-10bp;gc_cont=0.332
scf00000000:403965-406283|+ -            773 1064at2085           -            350   1.4e-27   92.0  14.6   1   3   3.3e-17   6.7e-16   53.6   3.4     1    96     1    94     1   106 0.92 scf00000000_336 # 403965 # 406283 # 1 # ID=1_336;partial=00;start_type=ATG;rbs_motif=None;rbs_spacer=None;gc_cont=0.260
scf00000000:403965-406283|+ -            773 1064at2085           -            350   1.4e-27   92.0  14.6   2   3   7.4e-15   1.5e-13   45.9   1.2   151   267   100   215    93   238 0.85 scf00000000_336 # 403965 # 406283 # 1 # ID=1_336;partial=00;start_type=ATG;rbs_motif=None;rbs_spacer=None;gc_cont=0.260
scf00000000:403965-406283|+ -            773 1064at2085           -            350   1.4e-27   92.0  14.6   3   3       5.8   1.2e+02   -3.1   0.1    33    94   548   606   529   612 0.68 scf00000000_336 # 403965 # 406283 # 1 # ID=1_336;partial=00;start_type=ATG;rbs_motif=None;rbs_spacer=None;gc_cont=0.260
scf00000000:389461-391743|- -            761 1064at2085           -            350   1.5e-27   91.9  17.7   1   3   8.4e-18   1.7e-16   55.6   4.4     1    94     1    91     1    94 0.90 scf00000000_328 # 389461 # 391743 # -1 # ID=1_328;partial=00;start_type=ATG;rbs_motif=GGA/GAG/AGG;rbs_spacer=5-10bp;gc_cont=0.253
scf00000000:389461-391743|- -            761 1064at2085           -            350   1.5e-27   91.9  17.7   2   3     1e-13   2.1e-12   42.1   4.3   143   282    95   229    92   307 0.75 scf00000000_328 # 389461 # 391743 # -1 # ID=1_328;partial=00;start_type=ATG;rbs_motif=GGA/GAG/AGG;rbs_spacer=5-10bp;gc_cont=0.253
scf00000000:389461-391743|- -            761 1064at2085           -            350   1.5e-27   91.9  17.7   3   3       1.6        33   -1.3   0.1    83   126   275   320   266   348 0.53 scf00000000_328 # 389461 # 391743 # -1 # ID=1_328;partial=00;start_type=ATG;rbs_motif=GGA/GAG/AGG;rbs_spacer=5-10bp;gc_cont=0.253
scf00000000:821054-822586|+ -            511 1064at2085           -            350   1.9e-26   88.3  18.9   1   4   7.8e-13   1.6e-11   39.2   1.0     2   119    14   136    13   148 0.86 scf00000000_649 # 821054 # 822586 # 1 # ID=1_649;partial=00;start_type=GTG;rbs_motif=GGA/GAG/AGG;rbs_spacer=11-12bp;gc_cont=0.322
scf00000000:821054-822586|+ -            511 1064at2085           -            350   1.9e-26   88.3  18.9   2   4   7.3e-06   0.00015   16.3   1.7   155   260   126   230   120   275 0.77 scf00000000_649 # 821054 # 822586 # 1 # ID=1_649;partial=00;start_type=GTG;rbs_motif=GGA/GAG/AGG;rbs_spacer=11-12bp;gc_cont=0.322
scf00000000:821054-822586|+ -            511 1064at2085           -            350   1.9e-26   88.3  18.9   3   4    0.0034     0.069    7.5   0.2    17    69   280   331   266   336 0.84 scf00000000_649 # 821054 # 822586 # 1 # ID=1_649;partial=00;start_type=GTG;rbs_motif=GGA/GAG/AGG;rbs_spacer=11-12bp;gc_cont=0.322
scf00000000:821054-822586|+ -            511 1064at2085           -            350   1.9e-26   88.3  18.9   4   4   2.7e-12   5.4e-11   37.4   0.8   140   260   375   493   356   503 0.75 scf00000000_649 # 821054 # 822586 # 1 # ID=1_649;partial=00;start_type=GTG;rbs_motif=GGA/GAG/AGG;rbs_spacer=11-12bp;gc_cont=0.322
scf00000000:498280-500580|+ -            767 1064at2085           -            350   3.1e-26   87.6  10.4   1   3   5.9e-18   1.2e-16   56.1   2.6     1   126     1   127     1   128 0.86 scf00000000_408 # 498280 # 500580 # 1 # ID=1_408;partial=00;start_type=ATG;rbs_motif=GGA/GAG/AGG;rbs_spacer=5-10bp;gc_cont=0.289
scf00000000:498280-500580|+ -            767 1064at2085           -            350   3.1e-26   87.6  10.4   2   3   5.6e-12   1.1e-10   36.4   0.2   173   253   123   201   102   212 0.86 scf00000000_408 # 498280 # 500580 # 1 # ID=1_408;partial=00;start_type=ATG;rbs_motif=GGA/GAG/AGG;rbs_spacer=5-10bp;gc_cont=0.289
scf00000000:498280-500580|+ -            767 1064at2085           -            350   3.1e-26   87.6  10.4   3   3      0.54        11    0.3   0.1    85   157   527   600   521   607 0.82 scf00000000_408 # 498280 # 500580 # 1 # ID=1_408;partial=00;start_type=ATG;rbs_motif=GGA/GAG/AGG;rbs_spacer=5-10bp;gc_cont=0.289
scf00000000:45693-47933|-   -            747 1064at2085           -            350     1e-25   85.9   8.6   1   2   2.4e-17   4.8e-16   54.1   5.0     1   116     1   113     1   125 0.83 scf00000000_33 # 45693 # 47933 # -1 # ID=1_33;partial=00;start_type=ATG;rbs_motif=None;rbs_spacer=None;gc_cont=0.254
scf00000000:45693-47933|-   -            747 1064at2085           -            350     1e-25   85.9   8.6   2   2   2.1e-11   4.2e-10   34.5   0.5   165   258   113   205    97   225 0.83 scf00000000_33 # 45693 # 47933 # -1 # ID=1_33;partial=00;start_type=ATG;rbs_motif=None;rbs_spacer=None;gc_cont=0.254
scf00000000:618397-619113|- -            239 1064at2085           -            350   6.9e-25   83.1   3.0   1   2   4.4e-10   8.9e-09   30.2   0.6     1    63     5    68     5    90 0.88 scf00000000_493 # 618397 # 619113 # -1 # ID=1_493;partial=00;start_type=ATG;rbs_motif=AGGA;rbs_spacer=5-10bp;gc_cont=0.265
scf00000000:618397-619113|- -            239 1064at2085           -            350   6.9e-25   83.1   3.0   2   2   3.2e-17   6.4e-16   53.7   0.1   137   269    94   226    75   233 0.87 scf00000000_493 # 618397 # 619113 # -1 # ID=1_493;partial=00;start_type=ATG;rbs_motif=AGGA;rbs_spacer=5-10bp;gc_cont=0.265
scf00000000:265311-266723|+ -            471 1064at2085           -            350     5e-24   80.3   9.4   1   3         2        41   -1.6   0.4   101   152    68   115    37   139 0.51 scf00000000_231 # 265311 # 266723 # 1 # ID=1_231;partial=00;start_type=ATG;rbs_motif=AGGAGG;rbs_spacer=5-10bp;gc_cont=0.324
scf00000000:265311-266723|+ -            471 1064at2085           -            350     5e-24   80.3   9.4   2   3   2.5e-06   5.1e-05   17.8   0.1    14   110   141   251   127   266 0.70 scf00000000_231 # 265311 # 266723 # 1 # ID=1_231;partial=00;start_type=ATG;rbs_motif=AGGAGG;rbs_spacer=5-10bp;gc_cont=0.324
scf00000000:265311-266723|+ -            471 1064at2085           -            350     5e-24   80.3   9.4   3   3   1.3e-21   2.6e-20   68.1   0.9   173   270   272   369   247   375 0.90 scf00000000_231 # 265311 # 266723 # 1 # ID=1_231;partial=00;start_type=ATG;rbs_motif=AGGAGG;rbs_spacer=5-10bp;gc_cont=0.324
scf00000000:51492-53774|-   -            761 1064at2085           -            350   5.8e-24   80.1  14.5   1   3   9.6e-17     2e-15   52.1   4.9     1   116     1   113     1   125 0.83 scf00000000_36 # 51492 # 53774 # -1 # ID=1_36;partial=00;start_type=ATG;rbs_motif=AGGAG(G)/GGAGG;rbs_spacer=13-15bp;gc_cont=0.239
scf00000000:51492-53774|-   -            761 1064at2085           -            350   5.8e-24   80.1  14.5   2   3   1.5e-11   3.1e-10   35.0   0.7   166   258   114   205    95   225 0.80 scf00000000_36 # 51492 # 53774 # -1 # ID=1_36;partial=00;start_type=ATG;rbs_motif=AGGAG(G)/GGAGG;rbs_spacer=13-15bp;gc_cont=0.239
scf00000000:51492-53774|-   -            761 1064at2085           -            350   5.8e-24   80.1  14.5   3   3       1.3        26   -0.9   0.3   103   176   539   613   526   639 0.66 scf00000000_36 # 51492 # 53774 # -1 # ID=1_36;partial=00;start_type=ATG;rbs_motif=AGGAG(G)/GGAGG;rbs_spacer=13-15bp;gc_cont=0.239
scf00000000:466607-467377|+ -            257 1064at2085           -            350   1.8e-22   75.2   4.8   1   2   6.5e-07   1.3e-05   19.7   0.3    12    76    22    86     9   131 0.71 scf00000000_387 # 466607 # 467377 # 1 # ID=1_387;partial=00;start_type=ATG;rbs_motif=None;rbs_spacer=None;gc_cont=0.265
scf00000000:466607-467377|+ -            257 1064at2085           -            350   1.8e-22   75.2   4.8   2   2   6.6e-19   1.3e-17   59.2   2.7    83   267    56   242    56   249 0.74 scf00000000_387 # 466607 # 467377 # 1 # ID=1_387;partial=00;start_type=ATG;rbs_motif=None;rbs_spacer=None;gc_cont=0.265
scf00000000:859217-860836|+ -            540 1064at2085           -            350   5.9e-22   73.5   4.5   1   2   6.6e-12   1.3e-10   36.2   0.7     1    72   336   408   336   419 0.92 scf00000000_670 # 859217 # 860836 # 1 # ID=1_670;partial=00;start_type=ATG;rbs_motif=None;rbs_spacer=None;gc_cont=0.230
scf00000000:859217-860836|+ -            540 1064at2085           -            350   5.9e-22   73.5   4.5   2   2   9.2e-13   1.9e-11   39.0   0.2   130   242   417   528   407   539 0.81 scf00000000_670 # 859217 # 860836 # 1 # ID=1_670;partial=00;start_type=ATG;rbs_motif=None;rbs_spacer=None;gc_cont=0.230
scf00000000:3788-5401|+     -            538 1064at2085           -            350   3.4e-19   64.4   7.3   1   2   7.7e-15   1.6e-13   45.8   1.1     2    72   325   395   324   421 0.86 scf00000000_3 # 3788 # 5401 # 1 # ID=1_3;partial=00;start_type=ATG;rbs_motif=AGxAGG/AGGxGG;rbs_spacer=5-10bp;gc_cont=0.261
scf00000000:3788-5401|+     -            538 1064at2085           -            350   3.4e-19   64.4   7.3   2   2   1.7e-07   3.5e-06   21.7   0.6   157   240   427   514   416   520 0.81 scf00000000_3 # 3788 # 5401 # 1 # ID=1_3;partial=00;start_type=ATG;rbs_motif=AGxAGG/AGGxGG;rbs_spacer=5-10bp;gc_cont=0.261
scf00000000:852604-854217|+ -            538 1064at2085           -            350     3e-18   61.3   6.5   1   4       5.9   1.2e+02   -3.1   0.4    79   108    72   101    67   121 0.64 scf00000000_667 # 852604 # 854217 # 1 # ID=1_667;partial=00;start_type=ATG;rbs_motif=AGGAGG;rbs_spacer=5-10bp;gc_cont=0.239
scf00000000:852604-854217|+ -            538 1064at2085           -            350     3e-18   61.3   6.5   2   4       7.4   1.5e+02   -3.5   0.1   131   150   300   316   289   332 0.60 scf00000000_667 # 852604 # 854217 # 1 # ID=1_667;partial=00;start_type=ATG;rbs_motif=AGGAGG;rbs_spacer=5-10bp;gc_cont=0.239
scf00000000:852604-854217|+ -            538 1064at2085           -            350     3e-18   61.3   6.5   3   4   2.7e-10   5.4e-09   30.9   0.4     6    71   339   405   334   417 0.87 scf00000000_667 # 852604 # 854217 # 1 # ID=1_667;partial=00;start_type=ATG;rbs_motif=AGGAGG;rbs_spacer=5-10bp;gc_cont=0.239
scf00000000:852604-854217|+ -            538 1064at2085           -            350     3e-18   61.3   6.5   4   4   1.5e-13     3e-12   41.6   1.2   154   251   435   534   421   537 0.79 scf00000000_667 # 852604 # 854217 # 1 # ID=1_667;partial=00;start_type=ATG;rbs_motif=AGGAGG;rbs_spacer=5-10bp;gc_cont=0.239
scf00000000:138809-141652|- -            948 1064at2085           -            350   1.6e-15   52.3   5.9   1   4     0.016      0.33    5.3   0.1    15    42    19    46    13    57 0.90 scf00000000_106 # 138809 # 141652 # -1 # ID=1_106;partial=00;start_type=ATG;rbs_motif=None;rbs_spacer=None;gc_cont=0.327
scf00000000:138809-141652|- -            948 1064at2085           -            350   1.6e-15   52.3   5.9   2   4   7.1e-07   1.4e-05   19.6   0.0   153   249   467   563   443   601 0.77 scf00000000_106 # 138809 # 141652 # -1 # ID=1_106;partial=00;start_type=ATG;rbs_motif=None;rbs_spacer=None;gc_cont=0.327
scf00000000:138809-141652|- -            948 1064at2085           -            350   1.6e-15   52.3   5.9   3   4   9.2e-06   0.00019   16.0   0.4    15    47   626   658   618   680 0.82 scf00000000_106 # 138809 # 141652 # -1 # ID=1_106;partial=00;start_type=ATG;rbs_motif=None;rbs_spacer=None;gc_cont=0.327
scf00000000:138809-141652|- -            948 1064at2085           -            350   1.6e-15   52.3   5.9   4   4   0.00027    0.0056   11.1   0.0   174   251   829   907   811   940 0.74 scf00000000_106 # 138809 # 141652 # -1 # ID=1_106;partial=00;start_type=ATG;rbs_motif=None;rbs_spacer=None;gc_cont=0.327
scf00000000:857598-859208|+ -            537 1064at2085           -            350   9.4e-14   46.5   6.6   1   2   5.6e-11   1.1e-09   33.1   2.7     2   127   334   462   333   463 0.80 scf00000000_669 # 857598 # 859208 # 1 # ID=1_669;partial=00;start_type=ATG;rbs_motif=GGA/GAG/AGG;rbs_spacer=5-10bp;gc_cont=0.188
scf00000000:857598-859208|+ -            537 1064at2085           -            350   9.4e-14   46.5   6.6   2   2   3.3e-06   6.8e-05   17.4   0.4   170   250   456   534   431   536 0.70 scf00000000_669 # 857598 # 859208 # 1 # ID=1_669;partial=00;start_type=ATG;rbs_motif=GGA/GAG/AGG;rbs_spacer=5-10bp;gc_cont=0.188
scf00000000:850983-852593|+ -            537 1064at2085           -            350   1.5e-13   45.8   0.2   1   2   1.9e-10   3.9e-09   31.3   0.1     2    72   334   406   333   433 0.85 scf00000000_666 # 850983 # 852593 # 1 # ID=1_666;partial=00;start_type=ATG;rbs_motif=AGGA;rbs_spacer=5-10bp;gc_cont=0.233
scf00000000:850983-852593|+ -            537 1064at2085           -            350   1.5e-13   45.8   0.2   2   2   0.00017    0.0034   11.8   0.0   174   231   460   514   440   535 0.72 scf00000000_666 # 850983 # 852593 # 1 # ID=1_666;partial=00;start_type=ATG;rbs_motif=AGGA;rbs_spacer=5-10bp;gc_cont=0.233
scf00000000:2197-3795|+     -            533 1064at2085           -            350   2.1e-13   45.4   7.8   1   3       3.3        66   -2.3   0.2   126   154   211   241   199   255 0.74 scf00000000_2 # 2197 # 3795 # 1 # ID=1_2;partial=00;start_type=ATG;rbs_motif=AGGAGG;rbs_spacer=5-10bp;gc_cont=0.256
scf00000000:2197-3795|+     -            533 1064at2085           -            350   2.1e-13   45.4   7.8   2   3   1.1e-09   2.3e-08   28.8   0.8     2    71   327   397   326   424 0.81 scf00000000_2 # 2197 # 3795 # 1 # ID=1_2;partial=00;start_type=ATG;rbs_motif=AGGAGG;rbs_spacer=5-10bp;gc_cont=0.256
scf00000000:2197-3795|+     -            533 1064at2085           -            350   2.1e-13   45.4   7.8   3   3     3e-07   6.1e-06   20.8   0.3   157   245   431   518   388   529 0.72 scf00000000_2 # 2197 # 3795 # 1 # ID=1_2;partial=00;start_type=ATG;rbs_motif=AGGAGG;rbs_spacer=5-10bp;gc_cont=0.256
scf00000000:213478-215517|- -            680 1064at2085           -            350   1.5e-09   32.7   5.0   1   3         3        60   -2.2   0.1    68    86   113   131    78   146 0.69 scf00000000_171 # 213478 # 215517 # -1 # ID=1_171;partial=00;start_type=ATG;rbs_motif=None;rbs_spacer=None;gc_cont=0.248
scf00000000:213478-215517|- -            680 1064at2085           -            350   1.5e-09   32.7   5.0   2   3   9.6e-06   0.00019   15.9   0.5     2    94   470   561   469   584 0.80 scf00000000_171 # 213478 # 215517 # -1 # ID=1_171;partial=00;start_type=ATG;rbs_motif=None;rbs_spacer=None;gc_cont=0.248
scf00000000:213478-215517|- -            680 1064at2085           -            350   1.5e-09   32.7   5.0   3   3   2.6e-06   5.2e-05   17.8   0.1   165   239   589   661   568   666 0.88 scf00000000_171 # 213478 # 215517 # -1 # ID=1_171;partial=00;start_type=ATG;rbs_motif=None;rbs_spacer=None;gc_cont=0.248
#
# Program:         hmmsearch
# Version:         3.4 (Aug 2023)
# Pipeline mode:   SEARCH
# Query file:      /home/bryan/Documentos/GitHub/Project_doctoral/IMPLEMENTACAO/Genomes/M_hyopneumoniae/strains/MHP699/Use/busco_downloads/lineages/mycoplasmatales_odb10/hmms/1064at2085.hmm
# Target file:     /home/bryan/Documentos/GitHub/Project_doctoral/IMPLEMENTACAO/Genomes/M_hyopneumoniae/strains/MHP699/Use/busco_complete/prodigal_output/predicted_genes/predicted.faa
# Option settings: hmmsearch --domtblout /home/bryan/Documentos/GitHub/Project_doctoral/IMPLEMENTACAO/Genomes/M_hyopneumoniae/strains/MHP699/Use/busco_complete/run_mycoplasmatales_odb10/hmmer_output/1064at2085.out --cpu 1 /home/bryan/Documentos/GitHub/Project_doctoral/IMPLEMENTACAO/Genomes/M_hyopneumoniae/strains/MHP699/Use/busco_downloads/lineages/mycoplasmatales_odb10/hmms/1064at2085.hmm /home/bryan/Documentos/GitHub/Project_doctoral/IMPLEMENTACAO/Genomes/M_hyopneumoniae/strains/MHP699/Use/busco_complete/prodigal_output/predicted_genes/predicted.faa 
# Current dir:     /home/bryan/Documentos/GitHub/Project_doctoral/IMPLEMENTACAO/Genomes/M_hyopneumoniae/strains/MHP699/Use
# Date:            Sun Dec  1 19:18:02 2024
# [ok]
