#                                                                                   --- full sequence --- -------------- this domain -------------   hmm coord   ali coord   env coord
# target name               accession   tlen query name           accession   qlen   E-value  score  bias   #  of  c-Evalue  i-Evalue  score  bias  from    to  from    to  from    to  acc description of target
#       ------------------- ---------- ----- -------------------- ---------- ----- --------- ------ ----- --- --- --------- --------- ------ ----- ----- ----- ----- ----- ----- ----- ---- ---------------------
scf00000000:116373-117674|+ -            434 1140at2085           -            348  2.9e-118  390.1  10.8   1   1  4.9e-120    6e-118  389.1  10.8     1   346     5   429     5   431 0.85 scf00000000_87 # 116373 # 117674 # 1 # ID=1_87;partial=00;start_type=ATG;rbs_motif=None;rbs_spacer=None;gc_cont=0.293
scf00000000:258572-259903|- -            444 1140at2085           -            348   1.5e-22   75.3   4.3   1   1   3.7e-24   4.5e-22   73.7   4.3   130   275   217   363   210   399 0.75 scf00000000_226 # 258572 # 259903 # -1 # ID=1_226;partial=00;start_type=TTG;rbs_motif=AGGAG;rbs_spacer=5-10bp;gc_cont=0.314
scf00000000:211370-212251|- -            294 1140at2085           -            348   5.2e-13   43.9   1.8   1   1   8.4e-15     1e-12   43.0   1.3     1   103     9   124     9   136 0.76 scf00000000_167 # 211370 # 212251 # -1 # ID=1_167;partial=00;start_type=ATG;rbs_motif=None;rbs_spacer=None;gc_cont=0.290
scf00000000:136255-137046|+ -            264 1140at2085           -            348   1.1e-09   33.0   6.2   1   2   0.00064     0.078    7.2   3.1   203   277    15   102     3   110 0.67 scf00000000_104 # 136255 # 137046 # 1 # ID=1_104;partial=00;start_type=ATG;rbs_motif=GGA/GAG/AGG;rbs_spacer=3-4bp;gc_cont=0.270
scf00000000:136255-137046|+ -            264 1140at2085           -            348   1.1e-09   33.0   6.2   2   2   7.8e-10   9.5e-08   26.6   0.1     3    60   115   173   113   191 0.85 scf00000000_104 # 136255 # 137046 # 1 # ID=1_104;partial=00;start_type=ATG;rbs_motif=GGA/GAG/AGG;rbs_spacer=3-4bp;gc_cont=0.270
scf00000000:592642-593238|- -            199 1140at2085           -            348   1.4e-07   26.1   2.7   1   1   2.1e-08   2.5e-06   21.9   2.7   132   191    40   108    32   198 0.44 scf00000000_475 # 592642 # 593238 # -1 # ID=1_475;partial=00;start_type=ATG;rbs_motif=None;rbs_spacer=None;gc_cont=0.291
scf00000000:208191-209048|- -            286 1140at2085           -            348   0.00018   15.8   7.3   1   2    0.0025      0.31    5.2   1.1   181   237    61   120    41   155 0.73 scf00000000_163 # 208191 # 209048 # -1 # ID=1_163;partial=00;start_type=ATG;rbs_motif=None;rbs_spacer=None;gc_cont=0.279
scf00000000:208191-209048|- -            286 1140at2085           -            348   0.00018   15.8   7.3   2   2   4.7e-06   0.00057   14.2   0.6     3    62   157   224   155   233 0.71 scf00000000_163 # 208191 # 209048 # -1 # ID=1_163;partial=00;start_type=ATG;rbs_motif=None;rbs_spacer=None;gc_cont=0.279
#
# Program:         hmmsearch
# Version:         3.4 (Aug 2023)
# Pipeline mode:   SEARCH
# Query file:      /home/bryan/Documentos/GitHub/Project_doctoral/IMPLEMENTACAO/Genomes/M_hyopneumoniae/strains/MHP699/Use/busco_downloads/lineages/mycoplasmatales_odb10/hmms/1140at2085.hmm
# Target file:     /home/bryan/Documentos/GitHub/Project_doctoral/IMPLEMENTACAO/Genomes/M_hyopneumoniae/strains/MHP699/Use/busco_complete/prodigal_output/predicted_genes/predicted.faa
# Option settings: hmmsearch --domtblout /home/bryan/Documentos/GitHub/Project_doctoral/IMPLEMENTACAO/Genomes/M_hyopneumoniae/strains/MHP699/Use/busco_complete/run_mycoplasmatales_odb10/hmmer_output/1140at2085.out --cpu 1 /home/bryan/Documentos/GitHub/Project_doctoral/IMPLEMENTACAO/Genomes/M_hyopneumoniae/strains/MHP699/Use/busco_downloads/lineages/mycoplasmatales_odb10/hmms/1140at2085.hmm /home/bryan/Documentos/GitHub/Project_doctoral/IMPLEMENTACAO/Genomes/M_hyopneumoniae/strains/MHP699/Use/busco_complete/prodigal_output/predicted_genes/predicted.faa 
# Current dir:     /home/bryan/Documentos/GitHub/Project_doctoral/IMPLEMENTACAO/Genomes/M_hyopneumoniae/strains/MHP699/Use
# Date:            Sun Dec  1 19:18:02 2024
# [ok]
