#                                                                                   --- full sequence --- -------------- this domain -------------   hmm coord   ali coord   env coord
# target name               accession   tlen query name           accession   qlen   E-value  score  bias   #  of  c-Evalue  i-Evalue  score  bias  from    to  from    to  from    to  acc description of target
#       ------------------- ---------- ----- -------------------- ---------- ----- --------- ------ ----- --- --- --------- --------- ------ ----- ----- ----- ----- ----- ----- ----- ---- ---------------------
scf00000000:874010-875224|- -            405 1830at2085           -            299    7e-101  332.8  30.2   1   3   1.8e-38   4.3e-36  120.1   9.6     1   129    10   157    10   160 0.84 scf00000000_681 # 874010 # 875224 # -1 # ID=1_681;partial=00;start_type=ATG;rbs_motif=None;rbs_spacer=None;gc_cont=0.263
scf00000000:874010-875224|- -            405 1830at2085           -            299    7e-101  332.8  30.2   2   3   1.8e-65   4.4e-63  208.7   6.4   114   296   157   345   152   348 0.87 scf00000000_681 # 874010 # 875224 # -1 # ID=1_681;partial=00;start_type=ATG;rbs_motif=None;rbs_spacer=None;gc_cont=0.263
scf00000000:874010-875224|- -            405 1830at2085           -            299    7e-101  332.8  30.2   3   3   2.6e-06   0.00062   14.5   2.0   244   295   347   399   340   402 0.87 scf00000000_681 # 874010 # 875224 # -1 # ID=1_681;partial=00;start_type=ATG;rbs_motif=None;rbs_spacer=None;gc_cont=0.263
scf00000000:526913-528454|+ -            514 1830at2085           -            299   6.1e-09   30.9   5.9   1   3   0.00049      0.12    7.0   0.3     2    99     5   110     4   133 0.79 scf00000000_438 # 526913 # 528454 # 1 # ID=1_438;partial=00;start_type=ATG;rbs_motif=GGA/GAG/AGG;rbs_spacer=5-10bp;gc_cont=0.270
scf00000000:526913-528454|+ -            514 1830at2085           -            299   6.1e-09   30.9   5.9   2   3   9.8e-10   2.4e-07   25.7   0.1   193   259   294   361   282   383 0.81 scf00000000_438 # 526913 # 528454 # 1 # ID=1_438;partial=00;start_type=ATG;rbs_motif=GGA/GAG/AGG;rbs_spacer=5-10bp;gc_cont=0.270
scf00000000:526913-528454|+ -            514 1830at2085           -            299   6.1e-09   30.9   5.9   3   3      0.14        35   -1.1   0.1    67   100   405   442   393   450 0.62 scf00000000_438 # 526913 # 528454 # 1 # ID=1_438;partial=00;start_type=ATG;rbs_motif=GGA/GAG/AGG;rbs_spacer=5-10bp;gc_cont=0.270
scf00000000:880913-883285|- -            791 1830at2085           -            299   2.6e-06   22.3   0.3   1   2   3.5e-08   8.4e-06   20.6   0.0   191   236   548   594   504   626 0.85 scf00000000_687 # 880913 # 883285 # -1 # ID=1_687;partial=00;start_type=ATG;rbs_motif=GGA/GAG/AGG;rbs_spacer=5-10bp;gc_cont=0.306
scf00000000:880913-883285|- -            791 1830at2085           -            299   2.6e-06   22.3   0.3   2   2      0.47   1.2e+02   -2.8   0.1   106   136   698   728   647   731 0.64 scf00000000_687 # 880913 # 883285 # -1 # ID=1_687;partial=00;start_type=ATG;rbs_motif=GGA/GAG/AGG;rbs_spacer=5-10bp;gc_cont=0.306
#
# Program:         hmmsearch
# Version:         3.4 (Aug 2023)
# Pipeline mode:   SEARCH
# Query file:      /home/bryan/Documentos/GitHub/Project_doctoral/IMPLEMENTACAO/Genomes/M_hyopneumoniae/strains/MHP699/Use/busco_downloads/lineages/mycoplasmatales_odb10/hmms/1830at2085.hmm
# Target file:     /home/bryan/Documentos/GitHub/Project_doctoral/IMPLEMENTACAO/Genomes/M_hyopneumoniae/strains/MHP699/Use/busco_complete/prodigal_output/predicted_genes/predicted.faa
# Option settings: hmmsearch --domtblout /home/bryan/Documentos/GitHub/Project_doctoral/IMPLEMENTACAO/Genomes/M_hyopneumoniae/strains/MHP699/Use/busco_complete/run_mycoplasmatales_odb10/hmmer_output/1830at2085.out --cpu 1 /home/bryan/Documentos/GitHub/Project_doctoral/IMPLEMENTACAO/Genomes/M_hyopneumoniae/strains/MHP699/Use/busco_downloads/lineages/mycoplasmatales_odb10/hmms/1830at2085.hmm /home/bryan/Documentos/GitHub/Project_doctoral/IMPLEMENTACAO/Genomes/M_hyopneumoniae/strains/MHP699/Use/busco_complete/prodigal_output/predicted_genes/predicted.faa 
# Current dir:     /home/bryan/Documentos/GitHub/Project_doctoral/IMPLEMENTACAO/Genomes/M_hyopneumoniae/strains/MHP699/Use
# Date:            Sun Dec  1 19:18:04 2024
# [ok]
