#                                                                                   --- full sequence --- -------------- this domain -------------   hmm coord   ali coord   env coord
# target name               accession   tlen query name           accession   qlen   E-value  score  bias   #  of  c-Evalue  i-Evalue  score  bias  from    to  from    to  from    to  acc description of target
#       ------------------- ---------- ----- -------------------- ---------- ----- --------- ------ ----- --- --- --------- --------- ------ ----- ----- ----- ----- ----- ----- ----- ---- ---------------------
scf00000000:230266-230904|- -            213 3895at2085           -            150   4.6e-48  158.3   4.9   1   1   9.9e-47   1.8e-44  146.6   4.9     1   149     6   189     6   190 0.82 scf00000000_191 # 230266 # 230904 # -1 # ID=1_191;partial=00;start_type=ATG;rbs_motif=AGxAGG/AGGxGG;rbs_spacer=11-12bp;gc_cont=0.290
scf00000000:115666-116355|+ -            230 3895at2085           -            150   1.2e-06   23.9   1.7   1   3   1.1e-07     2e-05   19.9   0.0     4    37    10    43     7    63 0.84 scf00000000_86 # 115666 # 116355 # 1 # ID=1_86;partial=00;start_type=ATG;rbs_motif=4Base/6BMM;rbs_spacer=13-15bp;gc_cont=0.296
scf00000000:115666-116355|+ -            230 3895at2085           -            150   1.2e-06   23.9   1.7   2   3     0.047       8.5    1.6   0.1    60    85   108   133    83   143 0.84 scf00000000_86 # 115666 # 116355 # 1 # ID=1_86;partial=00;start_type=ATG;rbs_motif=4Base/6BMM;rbs_spacer=13-15bp;gc_cont=0.296
scf00000000:115666-116355|+ -            230 3895at2085           -            150   1.2e-06   23.9   1.7   3   3      0.17        31   -0.2   0.1    45    93   170   215   154   225 0.55 scf00000000_86 # 115666 # 116355 # 1 # ID=1_86;partial=00;start_type=ATG;rbs_motif=4Base/6BMM;rbs_spacer=13-15bp;gc_cont=0.296
scf00000000:209049-209630|- -            194 3895at2085           -            150   0.00099   14.4   0.2   1   2   5.5e-06   0.00099   14.4   0.2     2    36     5    40     3   100 0.79 scf00000000_164 # 209049 # 209630 # -1 # ID=1_164;partial=00;start_type=ATG;rbs_motif=GGA/GAG/AGG;rbs_spacer=5-10bp;gc_cont=0.268
scf00000000:209049-209630|- -            194 3895at2085           -            150   0.00099   14.4   0.2   2   2      0.13        23    0.2   0.5    37    72   146   181   131   192 0.57 scf00000000_164 # 209049 # 209630 # -1 # ID=1_164;partial=00;start_type=ATG;rbs_motif=GGA/GAG/AGG;rbs_spacer=5-10bp;gc_cont=0.268
scf00000000:539963-540919|+ -            319 3895at2085           -            150     0.002   13.4   0.0   1   1   3.1e-05    0.0056   11.9   0.0     2    24    42    64    41   120 0.80 scf00000000_448 # 539963 # 540919 # 1 # ID=1_448;partial=00;start_type=ATG;rbs_motif=None;rbs_spacer=None;gc_cont=0.316
#
# Program:         hmmsearch
# Version:         3.4 (Aug 2023)
# Pipeline mode:   SEARCH
# Query file:      /home/bryan/Documentos/GitHub/Project_doctoral/IMPLEMENTACAO/Genomes/M_hyopneumoniae/strains/MHP699/Use/busco_downloads/lineages/mycoplasmatales_odb10/hmms/3895at2085.hmm
# Target file:     /home/bryan/Documentos/GitHub/Project_doctoral/IMPLEMENTACAO/Genomes/M_hyopneumoniae/strains/MHP699/Use/busco_complete/prodigal_output/predicted_genes/predicted.faa
# Option settings: hmmsearch --domtblout /home/bryan/Documentos/GitHub/Project_doctoral/IMPLEMENTACAO/Genomes/M_hyopneumoniae/strains/MHP699/Use/busco_complete/run_mycoplasmatales_odb10/hmmer_output/3895at2085.out --cpu 1 /home/bryan/Documentos/GitHub/Project_doctoral/IMPLEMENTACAO/Genomes/M_hyopneumoniae/strains/MHP699/Use/busco_downloads/lineages/mycoplasmatales_odb10/hmms/3895at2085.hmm /home/bryan/Documentos/GitHub/Project_doctoral/IMPLEMENTACAO/Genomes/M_hyopneumoniae/strains/MHP699/Use/busco_complete/prodigal_output/predicted_genes/predicted.faa 
# Current dir:     /home/bryan/Documentos/GitHub/Project_doctoral/IMPLEMENTACAO/Genomes/M_hyopneumoniae/strains/MHP699/Use
# Date:            Sun Dec  1 19:18:07 2024
# [ok]
