#                                                                                   --- full sequence --- -------------- this domain -------------   hmm coord   ali coord   env coord
# target name               accession   tlen query name           accession   qlen   E-value  score  bias   #  of  c-Evalue  i-Evalue  score  bias  from    to  from    to  from    to  acc description of target
#       ------------------- ---------- ----- -------------------- ---------- ----- --------- ------ ----- --- --- --------- --------- ------ ----- ----- ----- ----- ----- ----- ----- ---- ---------------------
scf00000000:765474-767273|- -            600 801at2085            -            486  1.6e-190  629.3  28.9   1   2  1.2e-156  1.7e-154  510.5   9.3     3   342    16   391    14   394 0.90 scf00000000_604 # 765474 # 767273 # -1 # ID=1_604;partial=00;start_type=ATG;rbs_motif=GGAG/GAGG;rbs_spacer=5-10bp;gc_cont=0.353
scf00000000:765474-767273|- -            600 801at2085            -            486  1.6e-190  629.3  28.9   2   2   1.4e-39     2e-37  124.4  13.6   320   485   388   594   383   595 0.82 scf00000000_604 # 765474 # 767273 # -1 # ID=1_604;partial=00;start_type=ATG;rbs_motif=GGAG/GAGG;rbs_spacer=5-10bp;gc_cont=0.353
scf00000000:118232-120028|+ -            599 801at2085            -            486   1.7e-19   65.3   6.1   1   2   1.2e-21   1.8e-19   65.2   3.9    86   282    10   221     3   243 0.80 scf00000000_90 # 118232 # 120028 # 1 # ID=1_90;partial=00;start_type=ATG;rbs_motif=None;rbs_spacer=None;gc_cont=0.338
scf00000000:118232-120028|+ -            599 801at2085            -            486   1.7e-19   65.3   6.1   2   2      0.29        42   -2.0   0.0    26    81   464   520   441   535 0.61 scf00000000_90 # 118232 # 120028 # 1 # ID=1_90;partial=00;start_type=ATG;rbs_motif=None;rbs_spacer=None;gc_cont=0.338
scf00000000:700455-701663|- -            403 801at2085            -            486   1.3e-18   62.4   3.1   1   2   1.7e-05    0.0025   11.9   0.1    85   103    21    39     7    56 0.83 scf00000000_550 # 700455 # 701663 # -1 # ID=1_550;partial=00;start_type=ATG;rbs_motif=AGGA;rbs_spacer=5-10bp;gc_cont=0.403
scf00000000:700455-701663|- -            403 801at2085            -            486   1.3e-18   62.4   3.1   2   2   2.4e-17   3.6e-15   51.0   0.5   127   281    85   249    59   320 0.74 scf00000000_550 # 700455 # 701663 # -1 # ID=1_550;partial=00;start_type=ATG;rbs_motif=AGGA;rbs_spacer=5-10bp;gc_cont=0.403
scf00000000:121363-123447|- -            695 801at2085            -            486   9.7e-16   52.9   4.4   1   2   3.9e-16   5.7e-14   47.0   3.0   112   205    58   161     6   210 0.69 scf00000000_92 # 121363 # 123447 # -1 # ID=1_92;partial=00;start_type=ATG;rbs_motif=AGGA;rbs_spacer=5-10bp;gc_cont=0.375
scf00000000:121363-123447|- -            695 801at2085            -            486   9.7e-16   52.9   4.4   2   2     0.015       2.2    2.2   0.0   203   234   243   275   223   386 0.80 scf00000000_92 # 121363 # 123447 # -1 # ID=1_92;partial=00;start_type=ATG;rbs_motif=AGGA;rbs_spacer=5-10bp;gc_cont=0.375
scf00000000:136255-137046|+ -            264 801at2085            -            486   4.5e-06   21.0   0.6   1   2     0.012       1.7    2.6   0.2   144   201    12    68     8    74 0.76 scf00000000_104 # 136255 # 137046 # 1 # ID=1_104;partial=00;start_type=ATG;rbs_motif=GGA/GAG/AGG;rbs_spacer=3-4bp;gc_cont=0.270
scf00000000:136255-137046|+ -            264 801at2085            -            486   4.5e-06   21.0   0.6   2   2   5.7e-07   8.3e-05   16.8   0.0    86   132   114   162    62   168 0.81 scf00000000_104 # 136255 # 137046 # 1 # ID=1_104;partial=00;start_type=ATG;rbs_motif=GGA/GAG/AGG;rbs_spacer=3-4bp;gc_cont=0.270
#
# Program:         hmmsearch
# Version:         3.4 (Aug 2023)
# Pipeline mode:   SEARCH
# Query file:      /home/bryan/Documentos/GitHub/Project_doctoral/IMPLEMENTACAO/Genomes/M_hyopneumoniae/strains/MHP699/Use/busco_downloads/lineages/mycoplasmatales_odb10/hmms/801at2085.hmm
# Target file:     /home/bryan/Documentos/GitHub/Project_doctoral/IMPLEMENTACAO/Genomes/M_hyopneumoniae/strains/MHP699/Use/busco_complete/prodigal_output/predicted_genes/predicted.faa
# Option settings: hmmsearch --domtblout /home/bryan/Documentos/GitHub/Project_doctoral/IMPLEMENTACAO/Genomes/M_hyopneumoniae/strains/MHP699/Use/busco_complete/run_mycoplasmatales_odb10/hmmer_output/801at2085.out --cpu 1 /home/bryan/Documentos/GitHub/Project_doctoral/IMPLEMENTACAO/Genomes/M_hyopneumoniae/strains/MHP699/Use/busco_downloads/lineages/mycoplasmatales_odb10/hmms/801at2085.hmm /home/bryan/Documentos/GitHub/Project_doctoral/IMPLEMENTACAO/Genomes/M_hyopneumoniae/strains/MHP699/Use/busco_complete/prodigal_output/predicted_genes/predicted.faa 
# Current dir:     /home/bryan/Documentos/GitHub/Project_doctoral/IMPLEMENTACAO/Genomes/M_hyopneumoniae/strains/MHP699/Use
# Date:            Sun Dec  1 19:18:10 2024
# [ok]
