#                                                                                   --- full sequence --- -------------- this domain -------------   hmm coord   ali coord   env coord
# target name               accession   tlen query name           accession   qlen   E-value  score  bias   #  of  c-Evalue  i-Evalue  score  bias  from    to  from    to  from    to  acc description of target
#       ------------------- ---------- ----- -------------------- ---------- ----- --------- ------ ----- --- --- --------- --------- ------ ----- ----- ----- ----- ----- ----- ----- ---- ---------------------
seq00000000:191160-193199|- -            680 1371at2085           -            438   1.2e-84  279.9 108.2   1   5     2e-32   1.2e-30  102.0   7.3     1   103    21   133    21   135 0.93 seq00000000_172 # 191160 # 193199 # -1 # ID=1_172;partial=00;start_type=ATG;rbs_motif=None;rbs_spacer=None;gc_cont=0.248
seq00000000:191160-193199|- -            680 1371at2085           -            438   1.2e-84  279.9 108.2   2   5     3e-27   1.7e-25   85.0  34.7   102   261   158   335   144   348 0.83 seq00000000_172 # 191160 # 193199 # -1 # ID=1_172;partial=00;start_type=ATG;rbs_motif=None;rbs_spacer=None;gc_cont=0.248
seq00000000:191160-193199|- -            680 1371at2085           -            438   1.2e-84  279.9 108.2   3   5      0.75        43   -2.0   6.9   161   228   339   406   331   407 0.73 seq00000000_172 # 191160 # 193199 # -1 # ID=1_172;partial=00;start_type=ATG;rbs_motif=None;rbs_spacer=None;gc_cont=0.248
seq00000000:191160-193199|- -            680 1371at2085           -            438   1.2e-84  279.9 108.2   4   5   1.5e-08   8.6e-07   23.3  19.9   269   372   408   552   405   559 0.75 seq00000000_172 # 191160 # 193199 # -1 # ID=1_172;partial=00;start_type=ATG;rbs_motif=None;rbs_spacer=None;gc_cont=0.248
seq00000000:191160-193199|- -            680 1371at2085           -            438   1.2e-84  279.9 108.2   5   5   4.3e-28   2.4e-26   87.8  11.6   349   438   573   663   567   663 0.83 seq00000000_172 # 191160 # 193199 # -1 # ID=1_172;partial=00;start_type=ATG;rbs_motif=None;rbs_spacer=None;gc_cont=0.248
seq00000000:437881-440181|- -            767 1371at2085           -            438   1.7e-12   42.1   3.9   1   5      0.11       6.4    0.7   1.9   333   375    38    79     6    85 0.77 seq00000000_391 # 437881 # 440181 # -1 # ID=1_391;partial=00;start_type=ATG;rbs_motif=GGA/GAG/AGG;rbs_spacer=5-10bp;gc_cont=0.290
seq00000000:437881-440181|- -            767 1371at2085           -            438   1.7e-12   42.1   3.9   2   5     3e-14   1.7e-12   42.1   3.9   360   437   110   188    96   189 0.89 seq00000000_391 # 437881 # 440181 # -1 # ID=1_391;partial=00;start_type=ATG;rbs_motif=GGA/GAG/AGG;rbs_spacer=5-10bp;gc_cont=0.290
seq00000000:437881-440181|- -            767 1371at2085           -            438   1.7e-12   42.1   3.9   3   5       1.5        83   -3.0   9.4   122   200   248   326   235   341 0.62 seq00000000_391 # 437881 # 440181 # -1 # ID=1_391;partial=00;start_type=ATG;rbs_motif=GGA/GAG/AGG;rbs_spacer=5-10bp;gc_cont=0.290
seq00000000:437881-440181|- -            767 1371at2085           -            438   1.7e-12   42.1   3.9   4   5     0.034         2    2.4  14.5   145   264   558   675   555   718 0.68 seq00000000_391 # 437881 # 440181 # -1 # ID=1_391;partial=00;start_type=ATG;rbs_motif=GGA/GAG/AGG;rbs_spacer=5-10bp;gc_cont=0.290
seq00000000:437881-440181|- -            767 1371at2085           -            438   1.7e-12   42.1   3.9   5   5       4.7   2.7e+02   -4.7   1.2   227   242   740   755   728   763 0.38 seq00000000_391 # 437881 # 440181 # -1 # ID=1_391;partial=00;start_type=ATG;rbs_motif=GGA/GAG/AGG;rbs_spacer=5-10bp;gc_cont=0.290
seq00000000:900090-903293|+ -           1068 1371at2085           -            438   2.5e-11   38.3  13.9   1   6       3.4     2e+02   -4.2  40.8   103   316    14   240     3   243 0.63 seq00000000_730 # 900090 # 903293 # 1 # ID=1_730;partial=00;start_type=ATG;rbs_motif=AGGAGG;rbs_spacer=5-10bp;gc_cont=0.257
seq00000000:900090-903293|+ -           1068 1371at2085           -            438   2.5e-11   38.3  13.9   2   6   1.7e-08   9.5e-07   23.2   2.2   374   434   450   510   416   513 0.83 seq00000000_730 # 900090 # 903293 # 1 # ID=1_730;partial=00;start_type=ATG;rbs_motif=AGGAGG;rbs_spacer=5-10bp;gc_cont=0.257
seq00000000:900090-903293|+ -           1068 1371at2085           -            438   2.5e-11   38.3  13.9   3   6      0.97        55   -2.4  31.7   104   290   539   744   532   762 0.64 seq00000000_730 # 900090 # 903293 # 1 # ID=1_730;partial=00;start_type=ATG;rbs_motif=AGGAGG;rbs_spacer=5-10bp;gc_cont=0.257
seq00000000:900090-903293|+ -           1068 1371at2085           -            438   2.5e-11   38.3  13.9   4   6       4.8   2.8e+02   -4.7  23.4    95   199   763   868   747   879 0.70 seq00000000_730 # 900090 # 903293 # 1 # ID=1_730;partial=00;start_type=ATG;rbs_motif=AGGAGG;rbs_spacer=5-10bp;gc_cont=0.257
seq00000000:900090-903293|+ -           1068 1371at2085           -            438   2.5e-11   38.3  13.9   5   6    0.0063      0.36    4.8   6.4   333   397   891   973   887   983 0.63 seq00000000_730 # 900090 # 903293 # 1 # ID=1_730;partial=00;start_type=ATG;rbs_motif=AGGAGG;rbs_spacer=5-10bp;gc_cont=0.257
seq00000000:900090-903293|+ -           1068 1371at2085           -            438   2.5e-11   38.3  13.9   6   6   1.6e-10   9.1e-09   29.9   4.1   369   431   975  1038   955  1044 0.83 seq00000000_730 # 900090 # 903293 # 1 # ID=1_730;partial=00;start_type=ATG;rbs_motif=AGGAGG;rbs_spacer=5-10bp;gc_cont=0.257
seq00000000:623785-624501|- -            239 1371at2085           -            438   4.3e-10   34.2   2.3   1   2     0.033       1.9    2.4   1.2   333   374    43    90     6    95 0.76 seq00000000_525 # 623785 # 624501 # -1 # ID=1_525;partial=00;start_type=ATG;rbs_motif=AGGA;rbs_spacer=5-10bp;gc_cont=0.264
seq00000000:623785-624501|- -            239 1371at2085           -            438   4.3e-10   34.2   2.3   2   2   7.6e-12   4.3e-10   34.2   2.3   374   435   131   194   111   196 0.83 seq00000000_525 # 623785 # 624501 # -1 # ID=1_525;partial=00;start_type=ATG;rbs_motif=AGGA;rbs_spacer=5-10bp;gc_cont=0.264
seq00000000:291917-293446|+ -            510 1371at2085           -            438   5.2e-10   33.9   8.1   1   3   2.5e-08   1.4e-06   22.6   0.7   377   431   151   206   148   213 0.87 seq00000000_275 # 291917 # 293446 # 1 # ID=1_275;partial=00;start_type=TTG;rbs_motif=GGAGG;rbs_spacer=5-10bp;gc_cont=0.320
seq00000000:291917-293446|+ -            510 1371at2085           -            438   5.2e-10   33.9   8.1   2   3      0.41        24   -1.2   1.4   279   313   363   397   356   406 0.60 seq00000000_275 # 291917 # 293446 # 1 # ID=1_275;partial=00;start_type=TTG;rbs_motif=GGAGG;rbs_spacer=5-10bp;gc_cont=0.320
seq00000000:291917-293446|+ -            510 1371at2085           -            438   5.2e-10   33.9   8.1   3   3   1.4e-05   0.00083   13.5   0.0   377   432   409   465   406   470 0.91 seq00000000_275 # 291917 # 293446 # 1 # ID=1_275;partial=00;start_type=TTG;rbs_motif=GGAGG;rbs_spacer=5-10bp;gc_cont=0.320
seq00000000:470606-471376|- -            257 1371at2085           -            438   4.7e-08   27.5   0.9   1   2   8.2e-10   4.7e-08   27.5   0.9   370   435   145   213   130   216 0.83 seq00000000_413 # 470606 # 471376 # -1 # ID=1_413;partial=00;start_type=ATG;rbs_motif=None;rbs_spacer=None;gc_cont=0.263
seq00000000:470606-471376|- -            257 1371at2085           -            438   4.7e-08   27.5   0.9   2   2     0.036         2    2.3   1.2   234   273   207   246   205   250 0.87 seq00000000_413 # 470606 # 471376 # -1 # ID=1_413;partial=00;start_type=ATG;rbs_motif=None;rbs_spacer=None;gc_cont=0.263
seq00000000:599542-600438|- -            299 1371at2085           -            438   5.6e-08   27.3   0.0   1   3       1.4        82   -3.0   0.2   162   212    27    77    13    81 0.66 seq00000000_507 # 599542 # 600438 # -1 # ID=1_507;partial=00;start_type=GTG;rbs_motif=AGGAG;rbs_spacer=5-10bp;gc_cont=0.355
seq00000000:599542-600438|- -            299 1371at2085           -            438   5.6e-08   27.3   0.0   2   3      0.19        11   -0.0   0.2   333   355   101   129    92   156 0.68 seq00000000_507 # 599542 # 600438 # -1 # ID=1_507;partial=00;start_type=GTG;rbs_motif=AGGAG;rbs_spacer=5-10bp;gc_cont=0.355
seq00000000:599542-600438|- -            299 1371at2085           -            438   5.6e-08   27.3   0.0   3   3   9.8e-10   5.6e-08   27.3   0.0   373   435   193   258   168   261 0.83 seq00000000_507 # 599542 # 600438 # -1 # ID=1_507;partial=00;start_type=GTG;rbs_motif=AGGAG;rbs_spacer=5-10bp;gc_cont=0.355
seq00000000:688407-689945|+ -            513 1371at2085           -            438   1.2e-07   26.1  23.6   1   4      0.11       6.4    0.7   0.1   333   344    43    54     3    56 0.85 seq00000000_573 # 688407 # 689945 # 1 # ID=1_573;partial=00;start_type=TTG;rbs_motif=AGGA;rbs_spacer=5-10bp;gc_cont=0.320
seq00000000:688407-689945|+ -            513 1371at2085           -            438   1.2e-07   26.1  23.6   2   4   1.5e-07   8.5e-06   20.1   0.8   378   436   144   204   136   206 0.90 seq00000000_573 # 688407 # 689945 # 1 # ID=1_573;partial=00;start_type=TTG;rbs_motif=AGGA;rbs_spacer=5-10bp;gc_cont=0.320
seq00000000:688407-689945|+ -            513 1371at2085           -            438   1.2e-07   26.1  23.6   3   4      0.13       7.1    0.5   5.7   274   324   356   406   324   407 0.82 seq00000000_573 # 688407 # 689945 # 1 # ID=1_573;partial=00;start_type=TTG;rbs_motif=AGGA;rbs_spacer=5-10bp;gc_cont=0.320
seq00000000:688407-689945|+ -            513 1371at2085           -            438   1.2e-07   26.1  23.6   4   4   6.7e-05    0.0038   11.3  10.3   338   431   372   465   359   471 0.74 seq00000000_573 # 688407 # 689945 # 1 # ID=1_573;partial=00;start_type=TTG;rbs_motif=AGGA;rbs_spacer=5-10bp;gc_cont=0.320
seq00000000:329791-330609|+ -            273 1371at2085           -            438   2.9e-07   24.9   5.2   1   2     0.053         3    1.8   1.7   318   354    27    68     1    93 0.55 seq00000000_307 # 329791 # 330609 # 1 # ID=1_307;partial=00;start_type=ATG;rbs_motif=GGA/GAG/AGG;rbs_spacer=5-10bp;gc_cont=0.306
seq00000000:329791-330609|+ -            273 1371at2085           -            438   2.9e-07   24.9   5.2   2   2   1.3e-08   7.6e-07   23.5   0.1   367   436   126   198   107   199 0.86 seq00000000_307 # 329791 # 330609 # 1 # ID=1_307;partial=00;start_type=ATG;rbs_motif=GGA/GAG/AGG;rbs_spacer=5-10bp;gc_cont=0.306
seq00000000:848001-849530|+ -            510 1371at2085           -            438   1.2e-06   22.9   8.3   1   1   2.1e-08   1.2e-06   22.9   8.3   374   434   433   494   396   497 0.74 seq00000000_694 # 848001 # 849530 # 1 # ID=1_694;partial=00;start_type=TTG;rbs_motif=None;rbs_spacer=None;gc_cont=0.191
seq00000000:849539-851158|+ -            540 1371at2085           -            438   1.7e-05   19.0   3.3   1   1   3.1e-07   1.7e-05   19.0   3.3   367   422   455   512   445   526 0.77 seq00000000_695 # 849539 # 851158 # 1 # ID=1_695;partial=00;start_type=ATG;rbs_motif=None;rbs_spacer=None;gc_cont=0.228
seq00000000:841230-842840|+ -            537 1371at2085           -            438   1.9e-05   18.9   1.4   1   2       5.4   3.1e+02   -4.8  57.8    96   314    18   247     6   266 0.69 seq00000000_690 # 841230 # 842840 # 1 # ID=1_690;partial=00;start_type=ATG;rbs_motif=AGGA;rbs_spacer=5-10bp;gc_cont=0.233
seq00000000:841230-842840|+ -            537 1371at2085           -            438   1.9e-05   18.9   1.4   2   2   3.4e-07   1.9e-05   18.9   1.4   375   434   461   521   437   524 0.87 seq00000000_690 # 841230 # 842840 # 1 # ID=1_690;partial=00;start_type=ATG;rbs_motif=AGGA;rbs_spacer=5-10bp;gc_cont=0.233
seq00000000:842851-844464|+ -            538 1371at2085           -            438    0.0001   16.5  96.7   1   3   0.00035      0.02    9.0  39.6    99   266    11   191     8   203 0.66 seq00000000_691 # 842851 # 844464 # 1 # ID=1_691;partial=00;start_type=ATG;rbs_motif=AGGAGG;rbs_spacer=5-10bp;gc_cont=0.241
seq00000000:842851-844464|+ -            538 1371at2085           -            438    0.0001   16.5  96.7   2   3     0.055       3.2    1.7  34.5   170   374   207   422   188   433 0.82 seq00000000_691 # 842851 # 844464 # 1 # ID=1_691;partial=00;start_type=ATG;rbs_motif=AGGAGG;rbs_spacer=5-10bp;gc_cont=0.241
seq00000000:842851-844464|+ -            538 1371at2085           -            438    0.0001   16.5  96.7   3   3   1.8e-06    0.0001   16.5   8.8   373   435   458   520   424   523 0.77 seq00000000_691 # 842851 # 844464 # 1 # ID=1_691;partial=00;start_type=ATG;rbs_motif=AGGAGG;rbs_spacer=5-10bp;gc_cont=0.241
#
# Program:         hmmsearch
# Version:         3.4 (Aug 2023)
# Pipeline mode:   SEARCH
# Query file:      /home/lgef/Documentos/GitHub/Project_doctoral/IMPLEMENTACAO/Genomes/M_hyopneumoniae/MHP_ncbi_dataset/ncbi_dataset/data/strains/112B/Use/busco_downloads/lineages/mycoplasmatales_odb10/hmms/1371at2085.hmm
# Target file:     /home/lgef/Documentos/GitHub/Project_doctoral/IMPLEMENTACAO/Genomes/M_hyopneumoniae/MHP_ncbi_dataset/ncbi_dataset/data/strains/112B/Use/busco_complete/prodigal_output/predicted_genes/predicted.faa
# Option settings: hmmsearch --domtblout /home/lgef/Documentos/GitHub/Project_doctoral/IMPLEMENTACAO/Genomes/M_hyopneumoniae/MHP_ncbi_dataset/ncbi_dataset/data/strains/112B/Use/busco_complete/run_mycoplasmatales_odb10/hmmer_output/1371at2085.out --cpu 1 /home/lgef/Documentos/GitHub/Project_doctoral/IMPLEMENTACAO/Genomes/M_hyopneumoniae/MHP_ncbi_dataset/ncbi_dataset/data/strains/112B/Use/busco_downloads/lineages/mycoplasmatales_odb10/hmms/1371at2085.hmm /home/lgef/Documentos/GitHub/Project_doctoral/IMPLEMENTACAO/Genomes/M_hyopneumoniae/MHP_ncbi_dataset/ncbi_dataset/data/strains/112B/Use/busco_complete/prodigal_output/predicted_genes/predicted.faa 
# Current dir:     /home/lgef/Documentos/GitHub/Project_doctoral/IMPLEMENTACAO/Genomes/M_hyopneumoniae/MHP_ncbi_dataset/ncbi_dataset/data/strains/112B/Use
# Date:            Thu Nov 28 19:30:20 2024
# [ok]
