#                                                                                   --- full sequence --- -------------- this domain -------------   hmm coord   ali coord   env coord
# target name               accession   tlen query name           accession   qlen   E-value  score  bias   #  of  c-Evalue  i-Evalue  score  bias  from    to  from    to  from    to  acc description of target
#       ------------------- ---------- ----- -------------------- ---------- ----- --------- ------ ----- --- --- --------- --------- ------ ----- ----- ----- ----- ----- ----- ----- ---- ---------------------
seq00000000:105852-106643|+ -            264 1679at2085           -            265   2.4e-78  258.5  13.8   1   1   2.4e-80   2.6e-78  258.4  13.8    12   256     1   255     1   263 0.90 seq00000000_93 # 105852 # 106643 # 1 # ID=1_93;partial=00;start_type=ATG;rbs_motif=None;rbs_spacer=None;gc_cont=0.264
seq00000000:85960-87261|+   -            434 1679at2085           -            265   2.4e-23   78.2  12.7   1   3   1.4e-11   1.5e-09   33.0   0.2   123   177     6    64     1    77 0.80 seq00000000_76 # 85960 # 87261 # 1 # ID=1_76;partial=00;start_type=ATG;rbs_motif=None;rbs_spacer=None;gc_cont=0.291
seq00000000:85960-87261|+   -            434 1679at2085           -            265   2.4e-23   78.2  12.7   2   3   7.9e-13   8.4e-11   37.1   0.9    22   173    78   228    71   239 0.76 seq00000000_76 # 85960 # 87261 # 1 # ID=1_76;partial=00;start_type=ATG;rbs_motif=None;rbs_spacer=None;gc_cont=0.291
seq00000000:85960-87261|+   -            434 1679at2085           -            265   2.4e-23   78.2  12.7   3   3   5.4e-06   0.00057   14.7   0.9    24   139   251   380   245   386 0.62 seq00000000_76 # 85960 # 87261 # 1 # ID=1_76;partial=00;start_type=ATG;rbs_motif=None;rbs_spacer=None;gc_cont=0.291
seq00000000:596537-597133|- -            199 1679at2085           -            265   2.5e-13   45.3   5.4   1   2   6.6e-13     7e-11   37.3   0.1   123   172    41    91    29   109 0.90 seq00000000_504 # 596537 # 597133 # -1 # ID=1_504;partial=00;start_type=ATG;rbs_motif=None;rbs_spacer=None;gc_cont=0.298
seq00000000:596537-597133|- -            199 1679at2085           -            265   2.5e-13   45.3   5.4   2   2   0.00017     0.018    9.7   1.8    24    97   117   195   105   198 0.78 seq00000000_504 # 596537 # 597133 # -1 # ID=1_504;partial=00;start_type=ATG;rbs_motif=None;rbs_spacer=None;gc_cont=0.298
seq00000000:258576-259904|- -            443 1679at2085           -            265   1.2e-12   43.1  15.8   1   3      0.93        99   -2.5   0.1   231   258   137   164   114   170 0.58 seq00000000_252 # 258576 # 259904 # -1 # ID=1_252;partial=00;start_type=TTG;rbs_motif=AGGAG;rbs_spacer=5-10bp;gc_cont=0.317
seq00000000:258576-259904|- -            443 1679at2085           -            265   1.2e-12   43.1  15.8   2   3   8.9e-14   9.4e-12   40.2   0.3    97   174   194   275   184   289 0.78 seq00000000_252 # 258576 # 259904 # -1 # ID=1_252;partial=00;start_type=TTG;rbs_motif=AGGAG;rbs_spacer=5-10bp;gc_cont=0.317
seq00000000:258576-259904|- -            443 1679at2085           -            265   1.2e-12   43.1  15.8   3   3   0.00018     0.019    9.7   6.0    21   104   291   366   281   386 0.71 seq00000000_252 # 258576 # 259904 # -1 # ID=1_252;partial=00;start_type=TTG;rbs_motif=AGGAG;rbs_spacer=5-10bp;gc_cont=0.317
seq00000000:189052-189933|- -            294 1679at2085           -            265   1.6e-10   36.1   9.5   1   2   1.8e-11   1.9e-09   32.6   0.3   119   175     6    66     2    84 0.78 seq00000000_168 # 189052 # 189933 # -1 # ID=1_168;partial=00;start_type=ATG;rbs_motif=None;rbs_spacer=None;gc_cont=0.291
seq00000000:189052-189933|- -            294 1679at2085           -            265   1.6e-10   36.1   9.5   2   2    0.0013      0.14    6.8   4.0    47   103   108   169    77   190 0.77 seq00000000_168 # 189052 # 189933 # -1 # ID=1_168;partial=00;start_type=ATG;rbs_motif=None;rbs_spacer=None;gc_cont=0.291
seq00000000:48997-49791|+   -            265 1679at2085           -            265   9.6e-06   20.5  12.1   1   2   3.4e-07   3.6e-05   18.6   0.1   124   175     6    60     2    83 0.75 seq00000000_43 # 48997 # 49791 # 1 # ID=1_43;partial=00;start_type=ATG;rbs_motif=None;rbs_spacer=None;gc_cont=0.278
seq00000000:48997-49791|+   -            265 1679at2085           -            265   9.6e-06   20.5  12.1   2   2     0.013       1.4    3.6   8.1    39   121   102   188    98   191 0.85 seq00000000_43 # 48997 # 49791 # 1 # ID=1_43;partial=00;start_type=ATG;rbs_motif=None;rbs_spacer=None;gc_cont=0.278
seq00000000:368106-369083|- -            326 1679at2085           -            265   2.7e-05   19.0   0.1   1   2   2.5e-07   2.7e-05   19.0   0.1   119   155     2    37     1    47 0.85 seq00000000_337 # 368106 # 369083 # -1 # ID=1_337;partial=00;start_type=ATG;rbs_motif=None;rbs_spacer=None;gc_cont=0.298
seq00000000:368106-369083|- -            326 1679at2085           -            265   2.7e-05   19.0   0.1   2   2       1.3   1.3e+02   -2.9   0.2    99   103   147   151   115   178 0.53 seq00000000_337 # 368106 # 369083 # -1 # ID=1_337;partial=00;start_type=ATG;rbs_motif=None;rbs_spacer=None;gc_cont=0.298
#
# Program:         hmmsearch
# Version:         3.4 (Aug 2023)
# Pipeline mode:   SEARCH
# Query file:      /home/lgef/Documentos/GitHub/Project_doctoral/IMPLEMENTACAO/Genomes/M_hyopneumoniae/MHP_ncbi_dataset/ncbi_dataset/data/strains/112B/Use/busco_downloads/lineages/mycoplasmatales_odb10/hmms/1679at2085.hmm
# Target file:     /home/lgef/Documentos/GitHub/Project_doctoral/IMPLEMENTACAO/Genomes/M_hyopneumoniae/MHP_ncbi_dataset/ncbi_dataset/data/strains/112B/Use/busco_complete/prodigal_output/predicted_genes/predicted.faa
# Option settings: hmmsearch --domtblout /home/lgef/Documentos/GitHub/Project_doctoral/IMPLEMENTACAO/Genomes/M_hyopneumoniae/MHP_ncbi_dataset/ncbi_dataset/data/strains/112B/Use/busco_complete/run_mycoplasmatales_odb10/hmmer_output/1679at2085.out --cpu 1 /home/lgef/Documentos/GitHub/Project_doctoral/IMPLEMENTACAO/Genomes/M_hyopneumoniae/MHP_ncbi_dataset/ncbi_dataset/data/strains/112B/Use/busco_downloads/lineages/mycoplasmatales_odb10/hmms/1679at2085.hmm /home/lgef/Documentos/GitHub/Project_doctoral/IMPLEMENTACAO/Genomes/M_hyopneumoniae/MHP_ncbi_dataset/ncbi_dataset/data/strains/112B/Use/busco_complete/prodigal_output/predicted_genes/predicted.faa 
# Current dir:     /home/lgef/Documentos/GitHub/Project_doctoral/IMPLEMENTACAO/Genomes/M_hyopneumoniae/MHP_ncbi_dataset/ncbi_dataset/data/strains/112B/Use
# Date:            Thu Nov 28 19:30:21 2024
# [ok]
