#                                                                                   --- full sequence --- -------------- this domain -------------   hmm coord   ali coord   env coord
# target name               accession   tlen query name           accession   qlen   E-value  score  bias   #  of  c-Evalue  i-Evalue  score  bias  from    to  from    to  from    to  acc description of target
#       ------------------- ---------- ----- -------------------- ---------- ----- --------- ------ ----- --- --- --------- --------- ------ ----- ----- ----- ----- ----- ----- ----- ---- ---------------------
seq00000000:596537-597133|- -            199 4324at2085           -            135   2.3e-41  136.4   3.5   1   1   6.2e-43   4.6e-41  135.4   3.5     2   134    24   190    23   191 0.78 seq00000000_504 # 596537 # 597133 # -1 # ID=1_504;partial=00;start_type=ATG;rbs_motif=None;rbs_spacer=None;gc_cont=0.298
seq00000000:85960-87261|+   -            434 4324at2085           -            135   1.7e-15   52.7   8.4   1   3   5.8e-10   4.3e-08   28.7   0.2    10    46     3    39     1   131 0.71 seq00000000_76 # 85960 # 87261 # 1 # ID=1_76;partial=00;start_type=ATG;rbs_motif=None;rbs_spacer=None;gc_cont=0.291
seq00000000:85960-87261|+   -            434 4324at2085           -            135   1.7e-15   52.7   8.4   2   3   2.4e-09   1.8e-07   26.7   0.1    11   116   172   298   162   313 0.59 seq00000000_76 # 85960 # 87261 # 1 # ID=1_76;partial=00;start_type=ATG;rbs_motif=None;rbs_spacer=None;gc_cont=0.291
seq00000000:85960-87261|+   -            434 4324at2085           -            135   1.7e-15   52.7   8.4   3   3      0.58        43   -0.5   0.4    25    82   353   412   334   421 0.72 seq00000000_76 # 85960 # 87261 # 1 # ID=1_76;partial=00;start_type=ATG;rbs_motif=None;rbs_spacer=None;gc_cont=0.291
seq00000000:105852-106643|+ -            264 4324at2085           -            135     2e-08   29.8  11.5   1   4     0.023       1.7    4.1   1.2    99   124    41    66     9    73 0.69 seq00000000_93 # 105852 # 106643 # 1 # ID=1_93;partial=00;start_type=ATG;rbs_motif=None;rbs_spacer=None;gc_cont=0.264
seq00000000:105852-106643|+ -            264 4324at2085           -            135     2e-08   29.8  11.5   2   4       0.3        22    0.5   0.4    69   119    58   104    53   110 0.58 seq00000000_93 # 105852 # 106643 # 1 # ID=1_93;partial=00;start_type=ATG;rbs_motif=None;rbs_spacer=None;gc_cont=0.264
seq00000000:105852-106643|+ -            264 4324at2085           -            135     2e-08   29.8  11.5   3   4   3.2e-10   2.4e-08   29.5   0.2    11    71   112   174   103   205 0.79 seq00000000_93 # 105852 # 106643 # 1 # ID=1_93;partial=00;start_type=ATG;rbs_motif=None;rbs_spacer=None;gc_cont=0.264
seq00000000:105852-106643|+ -            264 4324at2085           -            135     2e-08   29.8  11.5   4   4      0.12       8.9    1.7   0.1    84   115   208   239   199   245 0.86 seq00000000_93 # 105852 # 106643 # 1 # ID=1_93;partial=00;start_type=ATG;rbs_motif=None;rbs_spacer=None;gc_cont=0.264
seq00000000:258576-259904|- -            443 4324at2085           -            135   6.5e-08   28.1   4.4   1   2       5.2   3.8e+02   -3.5   0.0    27    49    93   115    88   124 0.63 seq00000000_252 # 258576 # 259904 # -1 # ID=1_252;partial=00;start_type=TTG;rbs_motif=AGGAG;rbs_spacer=5-10bp;gc_cont=0.317
seq00000000:258576-259904|- -            443 4324at2085           -            135   6.5e-08   28.1   4.4   2   2   1.7e-09   1.2e-07   27.2   2.5    11   129   218   350   214   358 0.68 seq00000000_252 # 258576 # 259904 # -1 # ID=1_252;partial=00;start_type=TTG;rbs_motif=AGGAG;rbs_spacer=5-10bp;gc_cont=0.317
seq00000000:189052-189933|- -            294 4324at2085           -            135   1.3e-06   23.9   3.4   1   1   4.5e-08   3.4e-06   22.6   3.4    12   115     9   129     3   141 0.63 seq00000000_168 # 189052 # 189933 # -1 # ID=1_168;partial=00;start_type=ATG;rbs_motif=None;rbs_spacer=None;gc_cont=0.291
seq00000000:185873-186730|- -            286 4324at2085           -            135   4.7e-06   22.1   1.8   1   2      0.67        50   -0.7   0.2    96   117    99   120    87   142 0.60 seq00000000_164 # 185873 # 186730 # -1 # ID=1_164;partial=00;start_type=ATG;rbs_motif=None;rbs_spacer=None;gc_cont=0.277
seq00000000:185873-186730|- -            286 4324at2085           -            135   4.7e-06   22.1   1.8   2   2   1.2e-07   8.8e-06   21.2   0.1    13    77   156   232   150   252 0.76 seq00000000_164 # 185873 # 186730 # -1 # ID=1_164;partial=00;start_type=ATG;rbs_motif=None;rbs_spacer=None;gc_cont=0.277
seq00000000:48997-49791|+   -            265 4324at2085           -            135   0.00011   17.6   2.3   1   2   3.8e-06   0.00028   16.3   0.1    11   121     3   118     1   129 0.79 seq00000000_43 # 48997 # 49791 # 1 # ID=1_43;partial=00;start_type=ATG;rbs_motif=None;rbs_spacer=None;gc_cont=0.278
seq00000000:48997-49791|+   -            265 4324at2085           -            135   0.00011   17.6   2.3   2   2      0.19        14    1.1   0.2    32   104   144   216   136   233 0.80 seq00000000_43 # 48997 # 49791 # 1 # ID=1_43;partial=00;start_type=ATG;rbs_motif=None;rbs_spacer=None;gc_cont=0.278
seq00000000:781052-782851|- -            600 4324at2085           -            135   0.00039   15.9   0.1   1   3       1.4   1.1e+02   -1.7   0.1    77   115    30    68    16    78 0.77 seq00000000_647 # 781052 # 782851 # -1 # ID=1_647;partial=00;start_type=ATG;rbs_motif=GGAG/GAGG;rbs_spacer=5-10bp;gc_cont=0.353
seq00000000:781052-782851|- -            600 4324at2085           -            135   0.00039   15.9   0.1   2   3   5.2e-06   0.00039   15.9   0.1    12   123   116   236   112   245 0.79 seq00000000_647 # 781052 # 782851 # -1 # ID=1_647;partial=00;start_type=ATG;rbs_motif=GGAG/GAGG;rbs_spacer=5-10bp;gc_cont=0.353
seq00000000:781052-782851|- -            600 4324at2085           -            135   0.00039   15.9   0.1   3   3       2.8   2.1e+02   -2.7   0.1    90   116   468   494   448   500 0.74 seq00000000_647 # 781052 # 782851 # -1 # ID=1_647;partial=00;start_type=ATG;rbs_motif=GGAG/GAGG;rbs_spacer=5-10bp;gc_cont=0.353
seq00000000:368106-369083|- -            326 4324at2085           -            135    0.0037   12.7   0.4   1   2   0.00012    0.0086   11.5   0.0    14    39     7    31     2    48 0.81 seq00000000_337 # 368106 # 369083 # -1 # ID=1_337;partial=00;start_type=ATG;rbs_motif=None;rbs_spacer=None;gc_cont=0.298
seq00000000:368106-369083|- -            326 4324at2085           -            135    0.0037   12.7   0.4   2   2       3.6   2.7e+02   -3.0   0.1    94   116   134   158   118   168 0.54 seq00000000_337 # 368106 # 369083 # -1 # ID=1_337;partial=00;start_type=ATG;rbs_motif=None;rbs_spacer=None;gc_cont=0.298
seq00000000:112421-115264|- -            948 4324at2085           -            135    0.0044   12.4   1.9   1   2     0.094         7    2.1   0.0    10    29    32    52    24    59 0.80 seq00000000_100 # 112421 # 115264 # -1 # ID=1_100;partial=00;start_type=ATG;rbs_motif=None;rbs_spacer=None;gc_cont=0.328
seq00000000:112421-115264|- -            948 4324at2085           -            135    0.0044   12.4   1.9   2   2    0.0018      0.13    7.7   0.4    12    36   641   665   637   676 0.89 seq00000000_100 # 112421 # 115264 # -1 # ID=1_100;partial=00;start_type=ATG;rbs_motif=None;rbs_spacer=None;gc_cont=0.328
#
# Program:         hmmsearch
# Version:         3.4 (Aug 2023)
# Pipeline mode:   SEARCH
# Query file:      /home/lgef/Documentos/GitHub/Project_doctoral/IMPLEMENTACAO/Genomes/M_hyopneumoniae/MHP_ncbi_dataset/ncbi_dataset/data/strains/112B/Use/busco_downloads/lineages/mycoplasmatales_odb10/hmms/4324at2085.hmm
# Target file:     /home/lgef/Documentos/GitHub/Project_doctoral/IMPLEMENTACAO/Genomes/M_hyopneumoniae/MHP_ncbi_dataset/ncbi_dataset/data/strains/112B/Use/busco_complete/prodigal_output/predicted_genes/predicted.faa
# Option settings: hmmsearch --domtblout /home/lgef/Documentos/GitHub/Project_doctoral/IMPLEMENTACAO/Genomes/M_hyopneumoniae/MHP_ncbi_dataset/ncbi_dataset/data/strains/112B/Use/busco_complete/run_mycoplasmatales_odb10/hmmer_output/4324at2085.out --cpu 1 /home/lgef/Documentos/GitHub/Project_doctoral/IMPLEMENTACAO/Genomes/M_hyopneumoniae/MHP_ncbi_dataset/ncbi_dataset/data/strains/112B/Use/busco_downloads/lineages/mycoplasmatales_odb10/hmms/4324at2085.hmm /home/lgef/Documentos/GitHub/Project_doctoral/IMPLEMENTACAO/Genomes/M_hyopneumoniae/MHP_ncbi_dataset/ncbi_dataset/data/strains/112B/Use/busco_complete/prodigal_output/predicted_genes/predicted.faa 
# Current dir:     /home/lgef/Documentos/GitHub/Project_doctoral/IMPLEMENTACAO/Genomes/M_hyopneumoniae/MHP_ncbi_dataset/ncbi_dataset/data/strains/112B/Use
# Date:            Thu Nov 28 19:30:23 2024
# [ok]
