-------------------------------------
PRODIGAL v2.6.3 [February, 2016]         
Univ of Tenn / Oak Ridge National Lab
Doug Hyatt, Loren Hauser, et al.     
-------------------------------------
Request:  Single Genome, Phase:  Training
Reading in the sequence(s) to train...880936 bp seq created, 28.52 pct GC
Locating all potential starts and stops...26160 nodes
Looking for GC bias in different frames...frame bias scores: 2.34 0.33 0.33
Building initial set of genes to train from...done!
Creating coding model and scoring nodes...done!
Examining upstream regions and training starts...done!
-------------------------------------
Request:  Single Genome, Phase:  Gene Finding
Finding genes in sequence #1 (91877 bp)...done!
Finding genes in sequence #2 (69780 bp)...done!
Finding genes in sequence #3 (300109 bp)...done!
Finding genes in sequence #4 (95661 bp)...done!
Finding genes in sequence #5 (32468 bp)...done!
Finding genes in sequence #6 (25688 bp)...done!
Finding genes in sequence #7 (23299 bp)...done!
Finding genes in sequence #8 (22601 bp)...done!
Finding genes in sequence #9 (20069 bp)...done!
Finding genes in sequence #10 (18447 bp)...done!
Finding genes in sequence #11 (10540 bp)...done!
Finding genes in sequence #12 (9168 bp)...done!
Finding genes in sequence #13 (8630 bp)...done!
Finding genes in sequence #14 (5915 bp)...done!
Finding genes in sequence #15 (5733 bp)...done!
Finding genes in sequence #16 (5676 bp)...done!
Finding genes in sequence #17 (4921 bp)...done!
Finding genes in sequence #18 (130138 bp)...done!
