#                                                                                         --- full sequence --- -------------- this domain -------------   hmm coord   ali coord   env coord
# target name                     accession   tlen query name           accession   qlen   E-value  score  bias   #  of  c-Evalue  i-Evalue  score  bias  from    to  from    to  from    to  acc description of target
#             ------------------- ---------- ----- -------------------- ---------- ----- --------- ------ ----- --- --- --------- --------- ------ ----- ----- ----- ----- ----- ----- ----- ---- ---------------------
NZ_QQRN01000001.1:132198-136610|+ -           1471 56at2085             -           1080         0 1365.7  36.7   1   2     0.066        19   -2.1   0.4   290   370   138   221   133   289 0.66 NZ_QQRN01000001.1_103 # 132198 # 136610 # 1 # ID=10_103;partial=00;start_type=ATG;rbs_motif=GGA/GAG/AGG;rbs_spacer=5-10bp;gc_cont=0.298
NZ_QQRN01000001.1:132198-136610|+ -           1471 56at2085             -           1080         0 1365.7  36.7   2   2         0         0 1361.6  31.2    35  1080   302  1469   273  1469 0.88 NZ_QQRN01000001.1_103 # 132198 # 136610 # 1 # ID=10_103;partial=00;start_type=ATG;rbs_motif=GGA/GAG/AGG;rbs_spacer=5-10bp;gc_cont=0.298
NZ_QQRN01000004.1:12464-15409|-   -            982 56at2085             -           1080   4.7e-30   99.2  31.8   1   6     8e-08   2.3e-05   17.5   0.0    52   118     2    69     1    75 0.93 NZ_QQRN01000004.1_14 # 12464 # 15409 # -1 # ID=26_14;partial=00;start_type=ATG;rbs_motif=None;rbs_spacer=None;gc_cont=0.284
NZ_QQRN01000004.1:12464-15409|-   -            982 56at2085             -           1080   4.7e-30   99.2  31.8   2   6   5.9e-13   1.7e-10   34.5   3.3   436   566   186   320    82   324 0.70 NZ_QQRN01000004.1_14 # 12464 # 15409 # -1 # ID=26_14;partial=00;start_type=ATG;rbs_motif=None;rbs_spacer=None;gc_cont=0.284
NZ_QQRN01000004.1:12464-15409|-   -            982 56at2085             -           1080   4.7e-30   99.2  31.8   3   6   3.7e-06    0.0011   11.9   0.1   606   677   323   394   321   403 0.89 NZ_QQRN01000004.1_14 # 12464 # 15409 # -1 # ID=26_14;partial=00;start_type=ATG;rbs_motif=None;rbs_spacer=None;gc_cont=0.284
NZ_QQRN01000004.1:12464-15409|-   -            982 56at2085             -           1080   4.7e-30   99.2  31.8   4   6   0.00039      0.11    5.3   0.0   675   757   438   516   427   555 0.75 NZ_QQRN01000004.1_14 # 12464 # 15409 # -1 # ID=26_14;partial=00;start_type=ATG;rbs_motif=None;rbs_spacer=None;gc_cont=0.284
NZ_QQRN01000004.1:12464-15409|-   -            982 56at2085             -           1080   4.7e-30   99.2  31.8   5   6   1.9e-07   5.4e-05   16.2   7.7   905   944   683   722   616   737 0.80 NZ_QQRN01000004.1_14 # 12464 # 15409 # -1 # ID=26_14;partial=00;start_type=ATG;rbs_motif=None;rbs_spacer=None;gc_cont=0.284
NZ_QQRN01000004.1:12464-15409|-   -            982 56at2085             -           1080   4.7e-30   99.2  31.8   6   6   2.2e-10   6.3e-08   26.0   0.1   983  1074   730   823   719   830 0.84 NZ_QQRN01000004.1_14 # 12464 # 15409 # -1 # ID=26_14;partial=00;start_type=ATG;rbs_motif=None;rbs_spacer=None;gc_cont=0.284
#
# Program:         hmmsearch
# Version:         3.4 (Aug 2023)
# Pipeline mode:   SEARCH
# Query file:      /home/bryan/Documentos/GitHub/Project_doctoral/IMPLEMENTACAO/Genomes/M_flocculare/strains/MF30/Use/busco_downloads/lineages/mycoplasmatales_odb10/hmms/56at2085.hmm
# Target file:     /home/bryan/Documentos/GitHub/Project_doctoral/IMPLEMENTACAO/Genomes/M_flocculare/strains/MF30/Use/busco_draft/prodigal_output/predicted_genes/predicted.faa
# Option settings: hmmsearch --domtblout /home/bryan/Documentos/GitHub/Project_doctoral/IMPLEMENTACAO/Genomes/M_flocculare/strains/MF30/Use/busco_draft/run_mycoplasmatales_odb10/hmmer_output/56at2085.out --cpu 1 /home/bryan/Documentos/GitHub/Project_doctoral/IMPLEMENTACAO/Genomes/M_flocculare/strains/MF30/Use/busco_downloads/lineages/mycoplasmatales_odb10/hmms/56at2085.hmm /home/bryan/Documentos/GitHub/Project_doctoral/IMPLEMENTACAO/Genomes/M_flocculare/strains/MF30/Use/busco_draft/prodigal_output/predicted_genes/predicted.faa 
# Current dir:     /home/bryan/Documentos/GitHub/Project_doctoral/IMPLEMENTACAO/Genomes/M_flocculare/strains/MF30/Use
# Date:            Sun Dec  1 18:41:43 2024
# [ok]
