#                                                                                   --- full sequence --- -------------- this domain -------------   hmm coord   ali coord   env coord
# target name               accession   tlen query name           accession   qlen   E-value  score  bias   #  of  c-Evalue  i-Evalue  score  bias  from    to  from    to  from    to  acc description of target
#       ------------------- ---------- ----- -------------------- ---------- ----- --------- ------ ----- --- --- --------- --------- ------ ----- ----- ----- ----- ----- ----- ----- ---- ---------------------
scf00000000:88946-89737|+   -            264 1679at2085           -            265   4.9e-79  260.6  12.6   1   1   5.5e-81   5.4e-79  260.5  12.6    12   256     1   255     1   263 0.90 scf00000000_74 # 88946 # 89737 # 1 # ID=1_74;partial=00;start_type=ATG;rbs_motif=None;rbs_spacer=None;gc_cont=0.269
scf00000000:69066-70367|+   -            434 1679at2085           -            265   2.2e-23   78.2  12.7   1   3   1.4e-11   1.4e-09   33.0   0.2   123   177     6    64     1    77 0.80 scf00000000_57 # 69066 # 70367 # 1 # ID=1_57;partial=00;start_type=ATG;rbs_motif=3Base/5BMM;rbs_spacer=13-15bp;gc_cont=0.291
scf00000000:69066-70367|+   -            434 1679at2085           -            265   2.2e-23   78.2  12.7   2   3   7.9e-13   7.8e-11   37.1   0.9    22   173    78   228    71   239 0.76 scf00000000_57 # 69066 # 70367 # 1 # ID=1_57;partial=00;start_type=ATG;rbs_motif=3Base/5BMM;rbs_spacer=13-15bp;gc_cont=0.291
scf00000000:69066-70367|+   -            434 1679at2085           -            265   2.2e-23   78.2  12.7   3   3   5.4e-06   0.00053   14.7   0.9    24   139   251   380   245   386 0.62 scf00000000_57 # 69066 # 70367 # 1 # ID=1_57;partial=00;start_type=ATG;rbs_motif=3Base/5BMM;rbs_spacer=13-15bp;gc_cont=0.291
scf00000000:532335-532931|- -            199 1679at2085           -            265   5.1e-13   44.2   5.5   1   2   7.4e-13   7.3e-11   37.1   0.1   123   172    41    91    32   109 0.90 scf00000000_432 # 532335 # 532931 # -1 # ID=1_432;partial=00;start_type=ATG;rbs_motif=None;rbs_spacer=None;gc_cont=0.295
scf00000000:532335-532931|- -            199 1679at2085           -            265   5.1e-13   44.2   5.5   2   2   0.00031      0.03    8.9   1.9    24    97   117   195   102   198 0.77 scf00000000_432 # 532335 # 532931 # -1 # ID=1_432;partial=00;start_type=ATG;rbs_motif=None;rbs_spacer=None;gc_cont=0.295
scf00000000:209428-210756|- -            443 1679at2085           -            265   1.6e-12   42.6  16.2   1   3      0.93        91   -2.5   0.1   231   258   137   164   114   170 0.58 scf00000000_191 # 209428 # 210756 # -1 # ID=1_191;partial=00;start_type=TTG;rbs_motif=AGGAG;rbs_spacer=5-10bp;gc_cont=0.314
scf00000000:209428-210756|- -            443 1679at2085           -            265   1.6e-12   42.6  16.2   2   3   8.9e-14   8.7e-12   40.2   0.3    97   174   194   275   184   289 0.78 scf00000000_191 # 209428 # 210756 # -1 # ID=1_191;partial=00;start_type=TTG;rbs_motif=AGGAG;rbs_spacer=5-10bp;gc_cont=0.314
scf00000000:209428-210756|- -            443 1679at2085           -            265   1.6e-12   42.6  16.2   3   3   0.00026     0.025    9.1   6.5    21   104   291   366   281   386 0.71 scf00000000_191 # 209428 # 210756 # -1 # ID=1_191;partial=00;start_type=TTG;rbs_motif=AGGAG;rbs_spacer=5-10bp;gc_cont=0.314
scf00000000:145940-146821|+ -            294 1679at2085           -            265   1.6e-10   36.0   9.5   1   2   1.8e-11   1.8e-09   32.6   0.3   119   175     6    66     2    84 0.78 scf00000000_134 # 145940 # 146821 # 1 # ID=1_134;partial=00;start_type=ATG;rbs_motif=None;rbs_spacer=None;gc_cont=0.294
scf00000000:145940-146821|+ -            294 1679at2085           -            265   1.6e-10   36.0   9.5   2   2    0.0013      0.13    6.8   4.0    47   103   108   169    77   190 0.77 scf00000000_134 # 145940 # 146821 # 1 # ID=1_134;partial=00;start_type=ATG;rbs_motif=None;rbs_spacer=None;gc_cont=0.294
scf00000000:316369-317472|- -            368 1679at2085           -            265   1.3e-05   20.0   0.1   1   1     3e-07   2.9e-05   18.8   0.1   119   155     2    37     1    47 0.85 scf00000000_274 # 316369 # 317472 # -1 # ID=1_274;partial=00;start_type=ATG;rbs_motif=None;rbs_spacer=None;gc_cont=0.302
scf00000000:31639-32898|+   -            420 1679at2085           -            265   1.7e-05   19.5  11.5   1   2   4.4e-07   4.3e-05   18.2   0.1   124   175   161   215   145   236 0.75 scf00000000_25 # 31639 # 32898 # 1 # ID=1_25;partial=00;start_type=ATG;rbs_motif=AGGA;rbs_spacer=5-10bp;gc_cont=0.308
scf00000000:31639-32898|+   -            420 1679at2085           -            265   1.7e-05   19.5  11.5   2   2      0.03       2.9    2.4   8.1    39   121   257   343   253   346 0.84 scf00000000_25 # 31639 # 32898 # 1 # ID=1_25;partial=00;start_type=ATG;rbs_motif=AGGA;rbs_spacer=5-10bp;gc_cont=0.308
#
# Program:         hmmsearch
# Version:         3.4 (Aug 2023)
# Pipeline mode:   SEARCH
# Query file:      /home/bryan/Documentos/GitHub/Project_doctoral/IMPLEMENTACAO/Genomes/M_hyopneumoniae/strains/MHP696/Use/busco_downloads/lineages/mycoplasmatales_odb10/hmms/1679at2085.hmm
# Target file:     /home/bryan/Documentos/GitHub/Project_doctoral/IMPLEMENTACAO/Genomes/M_hyopneumoniae/strains/MHP696/Use/busco_complete/prodigal_output/predicted_genes/predicted.faa
# Option settings: hmmsearch --domtblout /home/bryan/Documentos/GitHub/Project_doctoral/IMPLEMENTACAO/Genomes/M_hyopneumoniae/strains/MHP696/Use/busco_complete/run_mycoplasmatales_odb10/hmmer_output/1679at2085.out --cpu 1 /home/bryan/Documentos/GitHub/Project_doctoral/IMPLEMENTACAO/Genomes/M_hyopneumoniae/strains/MHP696/Use/busco_downloads/lineages/mycoplasmatales_odb10/hmms/1679at2085.hmm /home/bryan/Documentos/GitHub/Project_doctoral/IMPLEMENTACAO/Genomes/M_hyopneumoniae/strains/MHP696/Use/busco_complete/prodigal_output/predicted_genes/predicted.faa 
# Current dir:     /home/bryan/Documentos/GitHub/Project_doctoral/IMPLEMENTACAO/Genomes/M_hyopneumoniae/strains/MHP696/Use
# Date:            Sun Dec  1 19:16:33 2024
# [ok]
