#                                                                                   --- full sequence --- -------------- this domain -------------   hmm coord   ali coord   env coord
# target name               accession   tlen query name           accession   qlen   E-value  score  bias   #  of  c-Evalue  i-Evalue  score  bias  from    to  from    to  from    to  acc description of target
#       ------------------- ---------- ----- -------------------- ---------- ----- --------- ------ ----- --- --- --------- --------- ------ ----- ----- ----- ----- ----- ----- ----- ---- ---------------------
scf00000000:840316-842784|+ -            823 534at2085            -            678  1.9e-263  871.1  54.2   1   2    1e-255  1.7e-253  838.1  46.2    14   658    28   751     1   770 0.85 scf00000000_654 # 840316 # 842784 # 1 # ID=1_654;partial=00;start_type=ATG;rbs_motif=AGGA;rbs_spacer=5-10bp;gc_cont=0.299
scf00000000:840316-842784|+ -            823 534at2085            -            678  1.9e-263  871.1  54.2   2   2   6.7e-11   1.2e-08   29.1   5.6   625   678   766   819   741   819 0.83 scf00000000_654 # 840316 # 842784 # 1 # ID=1_654;partial=00;start_type=ATG;rbs_motif=AGGA;rbs_spacer=5-10bp;gc_cont=0.299
scf00000000:15335-17995|-   -            887 534at2085            -            678   5.2e-68  225.2  24.8   1   3   3.9e-26   6.7e-24   79.4   0.3     7   211    40   250    34   275 0.82 scf00000000_15 # 15335 # 17995 # -1 # ID=1_15;partial=00;start_type=ATG;rbs_motif=AGGA;rbs_spacer=5-10bp;gc_cont=0.306
scf00000000:15335-17995|-   -            887 534at2085            -            678   5.2e-68  225.2  24.8   2   3   1.1e-20   1.9e-18   61.4   0.3   217   382   293   468   287   481 0.80 scf00000000_15 # 15335 # 17995 # -1 # ID=1_15;partial=00;start_type=ATG;rbs_motif=AGGA;rbs_spacer=5-10bp;gc_cont=0.306
scf00000000:15335-17995|-   -            887 534at2085            -            678   5.2e-68  225.2  24.8   3   3   6.4e-30   1.1e-27   91.9  12.5   371   599   489   721   476   780 0.77 scf00000000_15 # 15335 # 17995 # -1 # ID=1_15;partial=00;start_type=ATG;rbs_motif=AGGA;rbs_spacer=5-10bp;gc_cont=0.306
scf00000000:796803-799175|- -            791 534at2085            -            678   5.9e-38  125.8  20.1   1   6   3.4e-13   5.9e-11   36.6   0.0    14   169    26   171    13   175 0.79 scf00000000_628 # 796803 # 799175 # -1 # ID=1_628;partial=00;start_type=ATG;rbs_motif=GGA/GAG/AGG;rbs_spacer=5-10bp;gc_cont=0.306
scf00000000:796803-799175|- -            791 534at2085            -            678   5.9e-38  125.8  20.1   2   6   7.9e-06    0.0014   12.3   0.2   308   365   177   233   170   238 0.89 scf00000000_628 # 796803 # 799175 # -1 # ID=1_628;partial=00;start_type=ATG;rbs_motif=GGA/GAG/AGG;rbs_spacer=5-10bp;gc_cont=0.306
scf00000000:796803-799175|- -            791 534at2085            -            678   5.9e-38  125.8  20.1   3   6     0.014       2.4    1.6   0.0   176   210   231   266   226   287 0.77 scf00000000_628 # 796803 # 799175 # -1 # ID=1_628;partial=00;start_type=ATG;rbs_motif=GGA/GAG/AGG;rbs_spacer=5-10bp;gc_cont=0.306
scf00000000:796803-799175|- -            791 534at2085            -            678   5.9e-38  125.8  20.1   4   6   9.3e-09   1.6e-06   22.0   0.1   216   300   302   391   295   397 0.86 scf00000000_628 # 796803 # 799175 # -1 # ID=1_628;partial=00;start_type=ATG;rbs_motif=GGA/GAG/AGG;rbs_spacer=5-10bp;gc_cont=0.306
scf00000000:796803-799175|- -            791 534at2085            -            678   5.9e-38  125.8  20.1   5   6   1.8e-05    0.0031   11.1   0.0   359   388   398   427   393   440 0.84 scf00000000_628 # 796803 # 799175 # -1 # ID=1_628;partial=00;start_type=ATG;rbs_motif=GGA/GAG/AGG;rbs_spacer=5-10bp;gc_cont=0.306
scf00000000:796803-799175|- -            791 534at2085            -            678   5.9e-38  125.8  20.1   6   6   4.5e-17   7.8e-15   49.4   5.9   437   596   530   705   500   778 0.74 scf00000000_628 # 796803 # 799175 # -1 # ID=1_628;partial=00;start_type=ATG;rbs_motif=GGA/GAG/AGG;rbs_spacer=5-10bp;gc_cont=0.306
scf00000000:466870-468411|+ -            514 534at2085            -            678   1.8e-12   41.7  22.7   1   2   6.9e-10   1.2e-07   25.7   2.2    29   156    14   129     2   146 0.78 scf00000000_395 # 466870 # 468411 # 1 # ID=1_395;partial=00;start_type=ATG;rbs_motif=GGA/GAG/AGG;rbs_spacer=5-10bp;gc_cont=0.271
scf00000000:466870-468411|+ -            514 534at2085            -            678   1.8e-12   41.7  22.7   2   2   3.6e-08   6.2e-06   20.0  13.2   312   561   151   392   127   471 0.68 scf00000000_395 # 466870 # 468411 # 1 # ID=1_395;partial=00;start_type=ATG;rbs_motif=GGA/GAG/AGG;rbs_spacer=5-10bp;gc_cont=0.271
#
# Program:         hmmsearch
# Version:         3.4 (Aug 2023)
# Pipeline mode:   SEARCH
# Query file:      /home/bryan/Documentos/GitHub/Project_doctoral/IMPLEMENTACAO/Genomes/M_hyopneumoniae/strains/MHP696/Use/busco_downloads/lineages/mycoplasmatales_odb10/hmms/534at2085.hmm
# Target file:     /home/bryan/Documentos/GitHub/Project_doctoral/IMPLEMENTACAO/Genomes/M_hyopneumoniae/strains/MHP696/Use/busco_complete/prodigal_output/predicted_genes/predicted.faa
# Option settings: hmmsearch --domtblout /home/bryan/Documentos/GitHub/Project_doctoral/IMPLEMENTACAO/Genomes/M_hyopneumoniae/strains/MHP696/Use/busco_complete/run_mycoplasmatales_odb10/hmmer_output/534at2085.out --cpu 1 /home/bryan/Documentos/GitHub/Project_doctoral/IMPLEMENTACAO/Genomes/M_hyopneumoniae/strains/MHP696/Use/busco_downloads/lineages/mycoplasmatales_odb10/hmms/534at2085.hmm /home/bryan/Documentos/GitHub/Project_doctoral/IMPLEMENTACAO/Genomes/M_hyopneumoniae/strains/MHP696/Use/busco_complete/prodigal_output/predicted_genes/predicted.faa 
# Current dir:     /home/bryan/Documentos/GitHub/Project_doctoral/IMPLEMENTACAO/Genomes/M_hyopneumoniae/strains/MHP696/Use
# Date:            Sun Dec  1 19:16:37 2024
# [ok]
