#                                                                                   --- full sequence --- -------------- this domain -------------   hmm coord   ali coord   env coord
# target name               accession   tlen query name           accession   qlen   E-value  score  bias   #  of  c-Evalue  i-Evalue  score  bias  from    to  from    to  from    to  acc description of target
#       ------------------- ---------- ----- -------------------- ---------- ----- --------- ------ ----- --- --- --------- --------- ------ ----- ----- ----- ----- ----- ----- ----- ---- ---------------------
scf00000000:705794-707593|- -            600 801at2085            -            486  1.5e-190  629.3  28.9   1   2  1.2e-156  1.6e-154  510.5   9.3     3   342    16   391    14   394 0.90 scf00000000_561 # 705794 # 707593 # -1 # ID=1_561;partial=00;start_type=ATG;rbs_motif=GGAG/GAGG;rbs_spacer=5-10bp;gc_cont=0.354
scf00000000:705794-707593|- -            600 801at2085            -            486  1.5e-190  629.3  28.9   2   2   1.4e-39   1.9e-37  124.4  13.6   320   485   388   594   383   595 0.82 scf00000000_561 # 705794 # 707593 # -1 # ID=1_561;partial=00;start_type=ATG;rbs_motif=GGAG/GAGG;rbs_spacer=5-10bp;gc_cont=0.354
scf00000000:70925-72721|+   -            599 801at2085            -            486   2.3e-19   64.8   6.3   1   2   1.7e-21   2.3e-19   64.7   4.1    86   282    10   221     3   244 0.79 scf00000000_60 # 70925 # 72721 # 1 # ID=1_60;partial=00;start_type=ATG;rbs_motif=None;rbs_spacer=None;gc_cont=0.344
scf00000000:70925-72721|+   -            599 801at2085            -            486   2.3e-19   64.8   6.3   2   2      0.29        39   -2.0   0.0    26    81   464   520   441   535 0.61 scf00000000_60 # 70925 # 72721 # 1 # ID=1_60;partial=00;start_type=ATG;rbs_motif=None;rbs_spacer=None;gc_cont=0.344
scf00000000:641438-642646|- -            403 801at2085            -            486   1.2e-18   62.4   3.1   1   2   1.7e-05    0.0023   11.9   0.1    85   103    21    39     7    56 0.83 scf00000000_508 # 641438 # 642646 # -1 # ID=1_508;partial=00;start_type=ATG;rbs_motif=AGGA;rbs_spacer=5-10bp;gc_cont=0.404
scf00000000:641438-642646|- -            403 801at2085            -            486   1.2e-18   62.4   3.1   2   2   2.4e-17   3.4e-15   51.0   0.5   127   281    85   249    59   320 0.74 scf00000000_508 # 641438 # 642646 # -1 # ID=1_508;partial=00;start_type=ATG;rbs_motif=AGGA;rbs_spacer=5-10bp;gc_cont=0.404
scf00000000:74053-76137|-   -            695 801at2085            -            486     1e-15   52.7   4.7   1   2   3.9e-16   5.4e-14   47.0   3.0   112   205    58   161     6   210 0.69 scf00000000_62 # 74053 # 76137 # -1 # ID=1_62;partial=00;start_type=ATG;rbs_motif=AGGA;rbs_spacer=5-10bp;gc_cont=0.373
scf00000000:74053-76137|-   -            695 801at2085            -            486     1e-15   52.7   4.7   2   2     0.014       1.9    2.3   0.0   203   234   243   275   223   396 0.77 scf00000000_62 # 74053 # 76137 # -1 # ID=1_62;partial=00;start_type=ATG;rbs_motif=AGGA;rbs_spacer=5-10bp;gc_cont=0.373
scf00000000:88946-89737|+   -            264 801at2085            -            486   5.5e-06   20.6   0.6   1   2    0.0067      0.93    3.4   0.3   144   201    12    68     8    77 0.79 scf00000000_74 # 88946 # 89737 # 1 # ID=1_74;partial=00;start_type=ATG;rbs_motif=None;rbs_spacer=None;gc_cont=0.269
scf00000000:88946-89737|+   -            264 801at2085            -            486   5.5e-06   20.6   0.6   2   2   1.6e-06   0.00023   15.3   0.0    87   132   115   162    85   168 0.82 scf00000000_74 # 88946 # 89737 # 1 # ID=1_74;partial=00;start_type=ATG;rbs_motif=None;rbs_spacer=None;gc_cont=0.269
#
# Program:         hmmsearch
# Version:         3.4 (Aug 2023)
# Pipeline mode:   SEARCH
# Query file:      /home/bryan/Documentos/GitHub/Project_doctoral/IMPLEMENTACAO/Genomes/M_hyopneumoniae/strains/MHP696/Use/busco_downloads/lineages/mycoplasmatales_odb10/hmms/801at2085.hmm
# Target file:     /home/bryan/Documentos/GitHub/Project_doctoral/IMPLEMENTACAO/Genomes/M_hyopneumoniae/strains/MHP696/Use/busco_complete/prodigal_output/predicted_genes/predicted.faa
# Option settings: hmmsearch --domtblout /home/bryan/Documentos/GitHub/Project_doctoral/IMPLEMENTACAO/Genomes/M_hyopneumoniae/strains/MHP696/Use/busco_complete/run_mycoplasmatales_odb10/hmmer_output/801at2085.out --cpu 1 /home/bryan/Documentos/GitHub/Project_doctoral/IMPLEMENTACAO/Genomes/M_hyopneumoniae/strains/MHP696/Use/busco_downloads/lineages/mycoplasmatales_odb10/hmms/801at2085.hmm /home/bryan/Documentos/GitHub/Project_doctoral/IMPLEMENTACAO/Genomes/M_hyopneumoniae/strains/MHP696/Use/busco_complete/prodigal_output/predicted_genes/predicted.faa 
# Current dir:     /home/bryan/Documentos/GitHub/Project_doctoral/IMPLEMENTACAO/Genomes/M_hyopneumoniae/strains/MHP696/Use
# Date:            Sun Dec  1 19:16:38 2024
# [ok]
