#                                                                                       --- full sequence --- -------------- this domain -------------   hmm coord   ali coord   env coord
# target name                   accession   tlen query name           accession   qlen   E-value  score  bias   #  of  c-Evalue  i-Evalue  score  bias  from    to  from    to  from    to  acc description of target
#           ------------------- ---------- ----- -------------------- ---------- ----- --------- ------ ----- --- --- --------- --------- ------ ----- ----- ----- ----- ----- ----- ----- ---- ---------------------
NZ_VBRV01000001.1:11168-13252|- -            695 148at2085            -            586         0 1036.6  12.7   1   2  7.3e-114  1.1e-111  369.5   3.0     1   181    11   193    11   218 0.94 NZ_VBRV01000001.1_11 # 11168 # 13252 # -1 # ID=1_11;partial=00;start_type=ATG;rbs_motif=AGGA;rbs_spacer=5-10bp;gc_cont=0.375
NZ_VBRV01000001.1:11168-13252|- -            695 148at2085            -            586         0 1036.6  12.7   2   2  6.4e-205  9.6e-203  670.2   2.4   174   579   221   671   209   688 0.89 NZ_VBRV01000001.1_11 # 11168 # 13252 # -1 # ID=1_11;partial=00;start_type=ATG;rbs_motif=AGGA;rbs_spacer=5-10bp;gc_cont=0.375
NZ_VBRV01000001.1:8039-9835|+   -            599 148at2085            -            586   3.2e-42  140.2   0.2   1   3   3.4e-30   5.1e-28   93.3   0.1     1   150     7   153     7   164 0.92 NZ_VBRV01000001.1_9 # 8039 # 9835 # 1 # ID=1_9;partial=00;start_type=ATG;rbs_motif=None;rbs_spacer=None;gc_cont=0.342
NZ_VBRV01000001.1:8039-9835|+   -            599 148at2085            -            586   3.2e-42  140.2   0.2   2   3   6.8e-14     1e-11   39.4   0.0   218   415   163   375   154   381 0.75 NZ_VBRV01000001.1_9 # 8039 # 9835 # 1 # ID=1_9;partial=00;start_type=ATG;rbs_motif=None;rbs_spacer=None;gc_cont=0.342
NZ_VBRV01000001.1:8039-9835|+   -            599 148at2085            -            586   3.2e-42  140.2   0.2   3   3    0.0035      0.53    4.1   0.0   521   574   402   467   395   478 0.63 NZ_VBRV01000001.1_9 # 8039 # 9835 # 1 # ID=1_9;partial=00;start_type=ATG;rbs_motif=None;rbs_spacer=None;gc_cont=0.342
NZ_VBRV01000006.1:68857-70656|- -            600 148at2085            -            586   4.9e-18   60.3   0.9   1   2   3.2e-20   4.9e-18   60.3   0.9    31   135   120   230   115   244 0.82 NZ_VBRV01000006.1_54 # 68857 # 70656 # -1 # ID=6_54;partial=00;start_type=ATG;rbs_motif=GGAG/GAGG;rbs_spacer=5-10bp;gc_cont=0.352
NZ_VBRV01000006.1:68857-70656|- -            600 148at2085            -            586   4.9e-18   60.3   0.9   2   2      0.51        77   -3.1   0.1    44    70   378   404   368   457 0.69 NZ_VBRV01000006.1_54 # 68857 # 70656 # -1 # ID=6_54;partial=00;start_type=ATG;rbs_motif=GGAG/GAGG;rbs_spacer=5-10bp;gc_cont=0.352
NZ_VBRV01000008.1:17011-18810|- -            600 148at2085            -            586   4.9e-18   60.3   0.9   1   2   3.2e-20   4.9e-18   60.3   0.9    31   135   120   230   115   244 0.82 NZ_VBRV01000008.1_17 # 17011 # 18810 # -1 # ID=8_17;partial=00;start_type=ATG;rbs_motif=GGAG/GAGG;rbs_spacer=5-10bp;gc_cont=0.352
NZ_VBRV01000008.1:17011-18810|- -            600 148at2085            -            586   4.9e-18   60.3   0.9   2   2      0.51        77   -3.1   0.1    44    70   378   404   368   457 0.69 NZ_VBRV01000008.1_17 # 17011 # 18810 # -1 # ID=8_17;partial=00;start_type=ATG;rbs_motif=GGAG/GAGG;rbs_spacer=5-10bp;gc_cont=0.352
NZ_VBRV01000006.1:9185-10393|-  -            403 148at2085            -            586   2.6e-15   51.3   1.4   1   2   3.7e-17   5.6e-15   50.2   0.3     2   130    20   147    19   166 0.91 NZ_VBRV01000006.1_4 # 9185 # 10393 # -1 # ID=6_4;partial=00;start_type=ATG;rbs_motif=AGGA;rbs_spacer=5-10bp;gc_cont=0.401
NZ_VBRV01000006.1:9185-10393|-  -            403 148at2085            -            586   2.6e-15   51.3   1.4   2   2     0.053         8    0.2   0.0   220   327   195   304   148   324 0.67 NZ_VBRV01000006.1_4 # 9185 # 10393 # -1 # ID=6_4;partial=00;start_type=ATG;rbs_motif=AGGA;rbs_spacer=5-10bp;gc_cont=0.401
#
# Program:         hmmsearch
# Version:         3.4 (Aug 2023)
# Pipeline mode:   SEARCH
# Query file:      /home/bryan/Documentos/GitHub/Project_doctoral/IMPLEMENTACAO/Genomes/M_hyopneumoniae/strains/UFV02/Use/busco_downloads/lineages/mycoplasmatales_odb10/hmms/148at2085.hmm
# Target file:     /home/bryan/Documentos/GitHub/Project_doctoral/IMPLEMENTACAO/Genomes/M_hyopneumoniae/strains/UFV02/Use/busco_draft/prodigal_output/predicted_genes/predicted.faa
# Option settings: hmmsearch --domtblout /home/bryan/Documentos/GitHub/Project_doctoral/IMPLEMENTACAO/Genomes/M_hyopneumoniae/strains/UFV02/Use/busco_draft/run_mycoplasmatales_odb10/hmmer_output/148at2085.out --cpu 1 /home/bryan/Documentos/GitHub/Project_doctoral/IMPLEMENTACAO/Genomes/M_hyopneumoniae/strains/UFV02/Use/busco_downloads/lineages/mycoplasmatales_odb10/hmms/148at2085.hmm /home/bryan/Documentos/GitHub/Project_doctoral/IMPLEMENTACAO/Genomes/M_hyopneumoniae/strains/UFV02/Use/busco_draft/prodigal_output/predicted_genes/predicted.faa 
# Current dir:     /home/bryan/Documentos/GitHub/Project_doctoral/IMPLEMENTACAO/Genomes/M_hyopneumoniae/strains/UFV02/Use
# Date:            Sun Dec  1 19:12:26 2024
# [ok]
