#                                                                                         --- full sequence --- -------------- this domain -------------   hmm coord   ali coord   env coord
# target name                     accession   tlen query name           accession   qlen   E-value  score  bias   #  of  c-Evalue  i-Evalue  score  bias  from    to  from    to  from    to  acc description of target
#             ------------------- ---------- ----- -------------------- ---------- ----- --------- ------ ----- --- --- --------- --------- ------ ----- ----- ----- ----- ----- ----- ----- ---- ---------------------
NZ_VBRV01000007.1:150354-151613|+ -            420 1851at2085           -            347  1.2e-133  440.8  14.3   1   2  1.3e-122    2e-120  397.4   7.3     1   297     1   317     1   323 0.92 NZ_VBRV01000007.1_99 # 150354 # 151613 # 1 # ID=7_99;partial=00;start_type=ATG;rbs_motif=AGGA;rbs_spacer=5-10bp;gc_cont=0.306
NZ_VBRV01000007.1:150354-151613|+ -            420 1851at2085           -            347  1.2e-133  440.8  14.3   2   2   2.8e-16   4.3e-14   47.7   1.5   281   347   346   418   309   418 0.76 NZ_VBRV01000007.1_99 # 150354 # 151613 # 1 # ID=7_99;partial=00;start_type=ATG;rbs_motif=AGGA;rbs_spacer=5-10bp;gc_cont=0.306
NZ_VBRV01000004.1:342-1445|-      -            368 1851at2085           -            347   7.1e-15   50.2   0.6   1   2   7.6e-09   1.1e-06   23.2   0.0   154   208     5    59     2    64 0.90 NZ_VBRV01000004.1_2 # 342 # 1445 # -1 # ID=4_2;partial=00;start_type=ATG;rbs_motif=None;rbs_spacer=None;gc_cont=0.301
NZ_VBRV01000004.1:342-1445|-      -            368 1851at2085           -            347   7.1e-15   50.2   0.6   2   2   2.8e-09   4.2e-07   24.7   0.1   197   241    67   111    62   138 0.83 NZ_VBRV01000004.1_2 # 342 # 1445 # -1 # ID=4_2;partial=00;start_type=ATG;rbs_motif=None;rbs_spacer=None;gc_cont=0.301
NZ_VBRV01000001.1:6180-7481|+     -            434 1851at2085           -            347   2.8e-09   31.8   0.2   1   2   4.2e-06   0.00064   14.2   0.1   153   273     4   124     1   153 0.75 NZ_VBRV01000001.1_6 # 6180 # 7481 # 1 # ID=1_6;partial=00;start_type=ATG;rbs_motif=3Base/5BMM;rbs_spacer=13-15bp;gc_cont=0.291
NZ_VBRV01000001.1:6180-7481|+     -            434 1851at2085           -            347   2.8e-09   31.8   0.2   2   2   2.1e-06   0.00031   15.2   0.0   144   278   163   300   156   308 0.80 NZ_VBRV01000001.1_6 # 6180 # 7481 # 1 # ID=1_6;partial=00;start_type=ATG;rbs_motif=3Base/5BMM;rbs_spacer=13-15bp;gc_cont=0.291
NZ_VBRV01000001.1:26043-26834|+   -            264 1851at2085           -            347   3.6e-06   21.6   0.1   1   2      0.12        18   -0.4   0.3   214   248    29    63     8   111 0.60 NZ_VBRV01000001.1_23 # 26043 # 26834 # 1 # ID=1_23;partial=00;start_type=ATG;rbs_motif=None;rbs_spacer=None;gc_cont=0.266
NZ_VBRV01000001.1:26043-26834|+   -            264 1851at2085           -            347   3.6e-06   21.6   0.1   2   2   2.4e-08   3.6e-06   21.6   0.1   156   296   115   251    99   261 0.86 NZ_VBRV01000001.1_23 # 26043 # 26834 # 1 # ID=1_23;partial=00;start_type=ATG;rbs_motif=None;rbs_spacer=None;gc_cont=0.266
NZ_VBRV01000001.1:109115-109996|- -            294 1851at2085           -            347   0.00054   14.5   1.7   1   1   5.2e-06   0.00078   13.9   1.7   148   302     3   157     1   163 0.78 NZ_VBRV01000001.1_90 # 109115 # 109996 # -1 # ID=1_90;partial=00;start_type=ATG;rbs_motif=None;rbs_spacer=None;gc_cont=0.291
#
# Program:         hmmsearch
# Version:         3.4 (Aug 2023)
# Pipeline mode:   SEARCH
# Query file:      /home/bryan/Documentos/GitHub/Project_doctoral/IMPLEMENTACAO/Genomes/M_hyopneumoniae/strains/UFV02/Use/busco_downloads/lineages/mycoplasmatales_odb10/hmms/1851at2085.hmm
# Target file:     /home/bryan/Documentos/GitHub/Project_doctoral/IMPLEMENTACAO/Genomes/M_hyopneumoniae/strains/UFV02/Use/busco_draft/prodigal_output/predicted_genes/predicted.faa
# Option settings: hmmsearch --domtblout /home/bryan/Documentos/GitHub/Project_doctoral/IMPLEMENTACAO/Genomes/M_hyopneumoniae/strains/UFV02/Use/busco_draft/run_mycoplasmatales_odb10/hmmer_output/1851at2085.out --cpu 1 /home/bryan/Documentos/GitHub/Project_doctoral/IMPLEMENTACAO/Genomes/M_hyopneumoniae/strains/UFV02/Use/busco_downloads/lineages/mycoplasmatales_odb10/hmms/1851at2085.hmm /home/bryan/Documentos/GitHub/Project_doctoral/IMPLEMENTACAO/Genomes/M_hyopneumoniae/strains/UFV02/Use/busco_draft/prodigal_output/predicted_genes/predicted.faa 
# Current dir:     /home/bryan/Documentos/GitHub/Project_doctoral/IMPLEMENTACAO/Genomes/M_hyopneumoniae/strains/UFV02/Use
# Date:            Sun Dec  1 19:12:27 2024
# [ok]
