#                                                                                         --- full sequence --- -------------- this domain -------------   hmm coord   ali coord   env coord
# target name                     accession   tlen query name           accession   qlen   E-value  score  bias   #  of  c-Evalue  i-Evalue  score  bias  from    to  from    to  from    to  acc description of target
#             ------------------- ---------- ----- -------------------- ---------- ----- --------- ------ ----- --- --- --------- --------- ------ ----- ----- ----- ----- ----- ----- ----- ---- ---------------------
NZ_VBRV01000004.1:240204-240800|- -            199 4324at2085           -            135   3.2e-41  136.0   3.2   1   1   8.3e-43   6.3e-41  135.0   3.2     2   134    24   190    23   191 0.79 NZ_VBRV01000004.1_180 # 240204 # 240800 # -1 # ID=4_180;partial=00;start_type=ATG;rbs_motif=None;rbs_spacer=None;gc_cont=0.293
NZ_VBRV01000001.1:6180-7481|+     -            434 4324at2085           -            135   6.6e-15   50.8   9.6   1   3   6.9e-10   5.2e-08   28.4   0.4    10    46     3    39     1   132 0.74 NZ_VBRV01000001.1_6 # 6180 # 7481 # 1 # ID=1_6;partial=00;start_type=ATG;rbs_motif=3Base/5BMM;rbs_spacer=13-15bp;gc_cont=0.291
NZ_VBRV01000001.1:6180-7481|+     -            434 4324at2085           -            135   6.6e-15   50.8   9.6   2   3   3.8e-09   2.8e-07   26.0   0.2    11    60   172   228   162   313 0.59 NZ_VBRV01000001.1_6 # 6180 # 7481 # 1 # ID=1_6;partial=00;start_type=ATG;rbs_motif=3Base/5BMM;rbs_spacer=13-15bp;gc_cont=0.291
NZ_VBRV01000001.1:6180-7481|+     -            434 4324at2085           -            135   6.6e-15   50.8   9.6   3   3      0.58        44   -0.5   0.4    25    82   353   412   334   421 0.72 NZ_VBRV01000001.1_6 # 6180 # 7481 # 1 # ID=1_6;partial=00;start_type=ATG;rbs_motif=3Base/5BMM;rbs_spacer=13-15bp;gc_cont=0.291
NZ_VBRV01000001.1:26043-26834|+   -            264 4324at2085           -            135   1.7e-08   30.0  10.4   1   4     0.028       2.1    3.8   1.2   100   124    42    66     8    73 0.72 NZ_VBRV01000001.1_23 # 26043 # 26834 # 1 # ID=1_23;partial=00;start_type=ATG;rbs_motif=None;rbs_spacer=None;gc_cont=0.266
NZ_VBRV01000001.1:26043-26834|+   -            264 4324at2085           -            135   1.7e-08   30.0  10.4   2   4      0.47        36   -0.2   0.6    74   119    62   104    55   108 0.56 NZ_VBRV01000001.1_23 # 26043 # 26834 # 1 # ID=1_23;partial=00;start_type=ATG;rbs_motif=None;rbs_spacer=None;gc_cont=0.266
NZ_VBRV01000001.1:26043-26834|+   -            264 4324at2085           -            135   1.7e-08   30.0  10.4   3   4   2.7e-10     2e-08   29.8   0.1    11    71   112   174   103   208 0.79 NZ_VBRV01000001.1_23 # 26043 # 26834 # 1 # ID=1_23;partial=00;start_type=ATG;rbs_motif=None;rbs_spacer=None;gc_cont=0.266
NZ_VBRV01000001.1:26043-26834|+   -            264 4324at2085           -            135   1.7e-08   30.0  10.4   4   4       0.2        15    1.1   0.1    85   114   209   238   203   244 0.84 NZ_VBRV01000001.1_23 # 26043 # 26834 # 1 # ID=1_23;partial=00;start_type=ATG;rbs_motif=None;rbs_spacer=None;gc_cont=0.266
NZ_VBRV01000002.1:11184-12512|-   -            443 4324at2085           -            135   6.2e-08   28.2   4.2   1   2       5.2   3.9e+02   -3.5   0.0    27    49    93   115    88   124 0.63 NZ_VBRV01000002.1_11 # 11184 # 12512 # -1 # ID=2_11;partial=00;start_type=TTG;rbs_motif=AGGAG;rbs_spacer=5-10bp;gc_cont=0.313
NZ_VBRV01000002.1:11184-12512|-   -            443 4324at2085           -            135   6.2e-08   28.2   4.2   2   2   1.5e-09   1.2e-07   27.3   2.3    12   129   219   350   215   357 0.68 NZ_VBRV01000002.1_11 # 11184 # 12512 # -1 # ID=2_11;partial=00;start_type=TTG;rbs_motif=AGGAG;rbs_spacer=5-10bp;gc_cont=0.313
NZ_VBRV01000001.1:109115-109996|- -            294 4324at2085           -            135   1.3e-06   23.9   3.4   1   1   4.5e-08   3.4e-06   22.6   3.4    12   115     9   129     3   141 0.63 NZ_VBRV01000001.1_90 # 109115 # 109996 # -1 # ID=1_90;partial=00;start_type=ATG;rbs_motif=None;rbs_spacer=None;gc_cont=0.291
NZ_VBRV01000001.1:105936-106793|- -            286 4324at2085           -            135   6.8e-06   21.6   2.2   1   2      0.67        50   -0.7   0.2    96   117    99   120    87   142 0.60 NZ_VBRV01000001.1_86 # 105936 # 106793 # -1 # ID=1_86;partial=00;start_type=ATG;rbs_motif=3Base/5BMM;rbs_spacer=13-15bp;gc_cont=0.282
NZ_VBRV01000001.1:105936-106793|- -            286 4324at2085           -            135   6.8e-06   21.6   2.2   2   2   1.3e-07   9.5e-06   21.1   0.2    13    77   156   232   148   241 0.74 NZ_VBRV01000001.1_86 # 105936 # 106793 # -1 # ID=1_86;partial=00;start_type=ATG;rbs_motif=3Base/5BMM;rbs_spacer=13-15bp;gc_cont=0.282
NZ_VBRV01000006.1:68857-70656|-   -            600 4324at2085           -            135   0.00039   15.9   0.1   1   3       1.4   1.1e+02   -1.7   0.1    77   115    30    68    16    78 0.77 NZ_VBRV01000006.1_54 # 68857 # 70656 # -1 # ID=6_54;partial=00;start_type=ATG;rbs_motif=GGAG/GAGG;rbs_spacer=5-10bp;gc_cont=0.352
NZ_VBRV01000006.1:68857-70656|-   -            600 4324at2085           -            135   0.00039   15.9   0.1   2   3   5.2e-06   0.00039   15.9   0.1    12   123   116   236   112   245 0.79 NZ_VBRV01000006.1_54 # 68857 # 70656 # -1 # ID=6_54;partial=00;start_type=ATG;rbs_motif=GGAG/GAGG;rbs_spacer=5-10bp;gc_cont=0.352
NZ_VBRV01000006.1:68857-70656|-   -            600 4324at2085           -            135   0.00039   15.9   0.1   3   3       2.8   2.1e+02   -2.7   0.1    90   116   468   494   448   500 0.74 NZ_VBRV01000006.1_54 # 68857 # 70656 # -1 # ID=6_54;partial=00;start_type=ATG;rbs_motif=GGAG/GAGG;rbs_spacer=5-10bp;gc_cont=0.352
NZ_VBRV01000008.1:17011-18810|-   -            600 4324at2085           -            135   0.00039   15.9   0.1   1   3       1.4   1.1e+02   -1.7   0.1    77   115    30    68    16    78 0.77 NZ_VBRV01000008.1_17 # 17011 # 18810 # -1 # ID=8_17;partial=00;start_type=ATG;rbs_motif=GGAG/GAGG;rbs_spacer=5-10bp;gc_cont=0.352
NZ_VBRV01000008.1:17011-18810|-   -            600 4324at2085           -            135   0.00039   15.9   0.1   2   3   5.2e-06   0.00039   15.9   0.1    12   123   116   236   112   245 0.79 NZ_VBRV01000008.1_17 # 17011 # 18810 # -1 # ID=8_17;partial=00;start_type=ATG;rbs_motif=GGAG/GAGG;rbs_spacer=5-10bp;gc_cont=0.352
NZ_VBRV01000008.1:17011-18810|-   -            600 4324at2085           -            135   0.00039   15.9   0.1   3   3       2.8   2.1e+02   -2.7   0.1    90   116   468   494   448   500 0.74 NZ_VBRV01000008.1_17 # 17011 # 18810 # -1 # ID=8_17;partial=00;start_type=ATG;rbs_motif=GGAG/GAGG;rbs_spacer=5-10bp;gc_cont=0.352
NZ_VBRV01000007.1:150354-151613|+ -            420 4324at2085           -            135    0.0004   15.9   2.4   1   2   7.5e-06   0.00056   15.4   0.2    10   121   157   273   152   282 0.79 NZ_VBRV01000007.1_99 # 150354 # 151613 # 1 # ID=7_99;partial=00;start_type=ATG;rbs_motif=AGGA;rbs_spacer=5-10bp;gc_cont=0.306
NZ_VBRV01000007.1:150354-151613|+ -            420 4324at2085           -            135    0.0004   15.9   2.4   2   2       0.6        45   -0.5   0.1    33   103   300   370   293   384 0.73 NZ_VBRV01000007.1_99 # 150354 # 151613 # 1 # ID=7_99;partial=00;start_type=ATG;rbs_motif=AGGA;rbs_spacer=5-10bp;gc_cont=0.306
NZ_VBRV01000001.1:32684-35527|-   -            948 4324at2085           -            135    0.0051   12.3   1.9   1   2     0.094       7.1    2.1   0.0    10    29    32    52    24    59 0.80 NZ_VBRV01000001.1_28 # 32684 # 35527 # -1 # ID=1_28;partial=00;start_type=ATG;rbs_motif=None;rbs_spacer=None;gc_cont=0.327
NZ_VBRV01000001.1:32684-35527|-   -            948 4324at2085           -            135    0.0051   12.3   1.9   2   2    0.0018      0.14    7.7   0.4    12    36   641   665   637   676 0.89 NZ_VBRV01000001.1_28 # 32684 # 35527 # -1 # ID=1_28;partial=00;start_type=ATG;rbs_motif=None;rbs_spacer=None;gc_cont=0.327
#
# Program:         hmmsearch
# Version:         3.4 (Aug 2023)
# Pipeline mode:   SEARCH
# Query file:      /home/bryan/Documentos/GitHub/Project_doctoral/IMPLEMENTACAO/Genomes/M_hyopneumoniae/strains/UFV02/Use/busco_downloads/lineages/mycoplasmatales_odb10/hmms/4324at2085.hmm
# Target file:     /home/bryan/Documentos/GitHub/Project_doctoral/IMPLEMENTACAO/Genomes/M_hyopneumoniae/strains/UFV02/Use/busco_draft/prodigal_output/predicted_genes/predicted.faa
# Option settings: hmmsearch --domtblout /home/bryan/Documentos/GitHub/Project_doctoral/IMPLEMENTACAO/Genomes/M_hyopneumoniae/strains/UFV02/Use/busco_draft/run_mycoplasmatales_odb10/hmmer_output/4324at2085.out --cpu 1 /home/bryan/Documentos/GitHub/Project_doctoral/IMPLEMENTACAO/Genomes/M_hyopneumoniae/strains/UFV02/Use/busco_downloads/lineages/mycoplasmatales_odb10/hmms/4324at2085.hmm /home/bryan/Documentos/GitHub/Project_doctoral/IMPLEMENTACAO/Genomes/M_hyopneumoniae/strains/UFV02/Use/busco_draft/prodigal_output/predicted_genes/predicted.faa 
# Current dir:     /home/bryan/Documentos/GitHub/Project_doctoral/IMPLEMENTACAO/Genomes/M_hyopneumoniae/strains/UFV02/Use
# Date:            Sun Dec  1 19:12:31 2024
# [ok]
