#                                                                                         --- full sequence --- -------------- this domain -------------   hmm coord   ali coord   env coord
# target name                     accession   tlen query name           accession   qlen   E-value  score  bias   #  of  c-Evalue  i-Evalue  score  bias  from    to  from    to  from    to  acc description of target
#             ------------------- ---------- ----- -------------------- ---------- ----- --------- ------ ----- --- --- --------- --------- ------ ----- ----- ----- ----- ----- ----- ----- ---- ---------------------
NZ_VBRV01000002.1:8897-10363|+    -            489 759at2085            -            394    4e-157  518.5  11.1   1   2     0.017       2.6    2.1   0.1     1    19     3    21     3    25 0.90 NZ_VBRV01000002.1_9 # 8897 # 10363 # 1 # ID=2_9;partial=00;start_type=ATG;rbs_motif=GGA/GAG/AGG;rbs_spacer=11-12bp;gc_cont=0.311
NZ_VBRV01000002.1:8897-10363|+    -            489 759at2085            -            394    4e-157  518.5  11.1   2   2  3.5e-159  5.3e-157  518.1   6.7    11   394    44   484    34   484 0.87 NZ_VBRV01000002.1_9 # 8897 # 10363 # 1 # ID=2_9;partial=00;start_type=ATG;rbs_motif=GGA/GAG/AGG;rbs_spacer=11-12bp;gc_cont=0.311
NZ_VBRV01000002.1:58205-59908|+   -            568 759at2085            -            394   1.5e-25   85.3   1.0   1   2   1.5e-15   2.2e-13   45.2   0.9    83   235   116   270    36   284 0.86 NZ_VBRV01000002.1_43 # 58205 # 59908 # 1 # ID=2_43;partial=00;start_type=ATG;rbs_motif=GGA/GAG/AGG;rbs_spacer=5-10bp;gc_cont=0.322
NZ_VBRV01000002.1:58205-59908|+   -            568 759at2085            -            394   1.5e-25   85.3   1.0   2   2   1.9e-13   2.8e-11   38.3   0.0   353   391   497   535   394   537 0.91 NZ_VBRV01000002.1_43 # 58205 # 59908 # 1 # ID=2_43;partial=00;start_type=ATG;rbs_motif=GGA/GAG/AGG;rbs_spacer=5-10bp;gc_cont=0.322
NZ_VBRV01000004.1:181709-183058|+ -            450 759at2085            -            394   4.1e-21   70.6   4.7   1   1   3.9e-23   5.9e-21   70.1   4.7    87   392   124   442    87   444 0.82 NZ_VBRV01000004.1_151 # 181709 # 183058 # 1 # ID=4_151;partial=00;start_type=ATG;rbs_motif=None;rbs_spacer=None;gc_cont=0.323
NZ_VBRV01000005.1:53203-54204|-   -            334 759at2085            -            394   6.4e-06   20.6   3.2   1   3    0.0051      0.77    3.9   1.8   140   229    73   166    58   194 0.70 NZ_VBRV01000005.1_37 # 53203 # 54204 # -1 # ID=5_37;partial=00;start_type=ATG;rbs_motif=AGGA/GGAG/GAGG;rbs_spacer=11-12bp;gc_cont=0.257
NZ_VBRV01000005.1:53203-54204|-   -            334 759at2085            -            394   6.4e-06   20.6   3.2   2   3     0.088        13   -0.2   0.0    72   126   181   237   174   246 0.73 NZ_VBRV01000005.1_37 # 53203 # 54204 # -1 # ID=5_37;partial=00;start_type=ATG;rbs_motif=AGGA/GGAG/GAGG;rbs_spacer=11-12bp;gc_cont=0.257
NZ_VBRV01000005.1:53203-54204|-   -            334 759at2085            -            394   6.4e-06   20.6   3.2   3   3   2.9e-06   0.00043   14.6   0.0   353   391   286   324   255   326 0.82 NZ_VBRV01000005.1_37 # 53203 # 54204 # -1 # ID=5_37;partial=00;start_type=ATG;rbs_motif=AGGA/GGAG/GAGG;rbs_spacer=11-12bp;gc_cont=0.257
NZ_VBRV01000003.1:24759-25439|+   -            227 759at2085            -            394   0.00044   14.6   0.2   1   2   3.7e-05    0.0055   10.9   0.0   167   218    87   139    76   152 0.80 NZ_VBRV01000003.1_22 # 24759 # 25439 # 1 # ID=3_22;partial=00;start_type=ATG;rbs_motif=GGA/GAG/AGG;rbs_spacer=11-12bp;gc_cont=0.301
NZ_VBRV01000003.1:24759-25439|+   -            227 759at2085            -            394   0.00044   14.6   0.2   2   2     0.027       4.1    1.5   0.0   367   386   194   213   188   216 0.85 NZ_VBRV01000003.1_22 # 24759 # 25439 # 1 # ID=3_22;partial=00;start_type=ATG;rbs_motif=GGA/GAG/AGG;rbs_spacer=11-12bp;gc_cont=0.301
#
# Program:         hmmsearch
# Version:         3.4 (Aug 2023)
# Pipeline mode:   SEARCH
# Query file:      /home/bryan/Documentos/GitHub/Project_doctoral/IMPLEMENTACAO/Genomes/M_hyopneumoniae/strains/UFV02/Use/busco_downloads/lineages/mycoplasmatales_odb10/hmms/759at2085.hmm
# Target file:     /home/bryan/Documentos/GitHub/Project_doctoral/IMPLEMENTACAO/Genomes/M_hyopneumoniae/strains/UFV02/Use/busco_draft/prodigal_output/predicted_genes/predicted.faa
# Option settings: hmmsearch --domtblout /home/bryan/Documentos/GitHub/Project_doctoral/IMPLEMENTACAO/Genomes/M_hyopneumoniae/strains/UFV02/Use/busco_draft/run_mycoplasmatales_odb10/hmmer_output/759at2085.out --cpu 1 /home/bryan/Documentos/GitHub/Project_doctoral/IMPLEMENTACAO/Genomes/M_hyopneumoniae/strains/UFV02/Use/busco_downloads/lineages/mycoplasmatales_odb10/hmms/759at2085.hmm /home/bryan/Documentos/GitHub/Project_doctoral/IMPLEMENTACAO/Genomes/M_hyopneumoniae/strains/UFV02/Use/busco_draft/prodigal_output/predicted_genes/predicted.faa 
# Current dir:     /home/bryan/Documentos/GitHub/Project_doctoral/IMPLEMENTACAO/Genomes/M_hyopneumoniae/strains/UFV02/Use
# Date:            Sun Dec  1 19:12:33 2024
# [ok]
