#                                                                                       --- full sequence --- -------------- this domain -------------   hmm coord   ali coord   env coord
# target name                   accession   tlen query name           accession   qlen   E-value  score  bias   #  of  c-Evalue  i-Evalue  score  bias  from    to  from    to  from    to  acc description of target
#           ------------------- ---------- ----- -------------------- ---------- ----- --------- ------ ----- --- --- --------- --------- ------ ----- ----- ----- ----- ----- ----- ----- ---- ---------------------
NZ_QQQY01000001.1:60496-61416|+ -            307 2666at2085           -            250   9.9e-92  301.9   0.2   1   1   4.5e-93   5.2e-91  299.6   0.2     1   248     5   285     5   288 0.89 NZ_QQQY01000001.1_43 # 60496 # 61416 # 1 # ID=11_43;partial=00;start_type=ATG;rbs_motif=None;rbs_spacer=None;gc_cont=0.327
NZ_QQQY01000011.1:27846-28742|+ -            299 2666at2085           -            250   4.1e-29   96.8   0.7   1   3   3.2e-13   3.7e-11   38.0   0.0     6    77    22    95    20   114 0.83 NZ_QQQY01000011.1_10 # 27846 # 28742 # 1 # ID=2_10;partial=00;start_type=ATG;rbs_motif=None;rbs_spacer=None;gc_cont=0.319
NZ_QQQY01000011.1:27846-28742|+ -            299 2666at2085           -            250   4.1e-29   96.8   0.7   2   3      0.25        29   -0.9   0.1   138   188   117   164    93   172 0.47 NZ_QQQY01000011.1_10 # 27846 # 28742 # 1 # ID=2_10;partial=00;start_type=ATG;rbs_motif=None;rbs_spacer=None;gc_cont=0.319
NZ_QQQY01000011.1:27846-28742|+ -            299 2666at2085           -            250   4.1e-29   96.8   0.7   3   3   8.8e-19     1e-16   56.2   0.4   133   241   183   296   163   298 0.83 NZ_QQQY01000011.1_10 # 27846 # 28742 # 1 # ID=2_10;partial=00;start_type=ATG;rbs_motif=None;rbs_spacer=None;gc_cont=0.319
NZ_QQQY01000001.1:50204-51007|- -            268 2666at2085           -            250   2.5e-24   81.2   9.0   1   1   6.6e-25   7.6e-23   76.3   9.0     2   245     2   264     1   266 0.71 NZ_QQQY01000001.1_35 # 50204 # 51007 # -1 # ID=11_35;partial=00;start_type=ATG;rbs_motif=None;rbs_spacer=None;gc_cont=0.294
NZ_QQQY01000013.1:9757-10587|+  -            277 2666at2085           -            250   1.2e-21   72.4   4.4   1   1   6.4e-23   7.5e-21   69.8   4.4     3   246     2   272     1   274 0.73 NZ_QQQY01000013.1_9 # 9757 # 10587 # 1 # ID=4_9;partial=00;start_type=ATG;rbs_motif=AGGA;rbs_spacer=5-10bp;gc_cont=0.315
NZ_QQQY01000002.1:27971-29311|- -            447 2666at2085           -            250   1.4e-17   59.1   8.5   1   2   1.2e-19   1.4e-17   59.1   8.5     6   245     6   265     3   269 0.74 NZ_QQQY01000002.1_24 # 27971 # 29311 # -1 # ID=22_24;partial=00;start_type=ATG;rbs_motif=GGA/GAG/AGG;rbs_spacer=5-10bp;gc_cont=0.245
NZ_QQQY01000002.1:27971-29311|- -            447 2666at2085           -            250   1.4e-17   59.1   8.5   2   2     0.054       6.3    1.2   1.1   104   152   363   414   326   444 0.72 NZ_QQQY01000002.1_24 # 27971 # 29311 # -1 # ID=22_24;partial=00;start_type=ATG;rbs_motif=GGA/GAG/AGG;rbs_spacer=5-10bp;gc_cont=0.245
NZ_QQQY01000007.1:21911-22720|- -            270 2666at2085           -            250   3.9e-17   57.6   3.3   1   2   2.2e-05    0.0025   12.4   0.1     4    79     5    80     2    94 0.80 NZ_QQQY01000007.1_25 # 21911 # 22720 # -1 # ID=49_25;partial=00;start_type=ATG;rbs_motif=None;rbs_spacer=None;gc_cont=0.299
NZ_QQQY01000007.1:21911-22720|- -            270 2666at2085           -            250   3.9e-17   57.6   3.3   2   2   1.1e-15   1.3e-13   46.0   0.6   107   223   132   242   104   263 0.81 NZ_QQQY01000007.1_25 # 21911 # 22720 # -1 # ID=49_25;partial=00;start_type=ATG;rbs_motif=None;rbs_spacer=None;gc_cont=0.299
#
# Program:         hmmsearch
# Version:         3.4 (Aug 2023)
# Pipeline mode:   SEARCH
# Query file:      /home/bryan/Documentos/GitHub/Project_doctoral/IMPLEMENTACAO/Genomes/M_hyopneumoniae/strains/MHP694/Use/busco_downloads/lineages/mycoplasmatales_odb10/hmms/2666at2085.hmm
# Target file:     /home/bryan/Documentos/GitHub/Project_doctoral/IMPLEMENTACAO/Genomes/M_hyopneumoniae/strains/MHP694/Use/busco_draft/prodigal_output/predicted_genes/predicted.faa
# Option settings: hmmsearch --domtblout /home/bryan/Documentos/GitHub/Project_doctoral/IMPLEMENTACAO/Genomes/M_hyopneumoniae/strains/MHP694/Use/busco_draft/run_mycoplasmatales_odb10/hmmer_output/2666at2085.out --cpu 1 /home/bryan/Documentos/GitHub/Project_doctoral/IMPLEMENTACAO/Genomes/M_hyopneumoniae/strains/MHP694/Use/busco_downloads/lineages/mycoplasmatales_odb10/hmms/2666at2085.hmm /home/bryan/Documentos/GitHub/Project_doctoral/IMPLEMENTACAO/Genomes/M_hyopneumoniae/strains/MHP694/Use/busco_draft/prodigal_output/predicted_genes/predicted.faa 
# Current dir:     /home/bryan/Documentos/GitHub/Project_doctoral/IMPLEMENTACAO/Genomes/M_hyopneumoniae/strains/MHP694/Use
# Date:            Sun Dec  1 19:18:41 2024
# [ok]
