#                                                                                       --- full sequence --- -------------- this domain -------------   hmm coord   ali coord   env coord
# target name                   accession   tlen query name           accession   qlen   E-value  score  bias   #  of  c-Evalue  i-Evalue  score  bias  from    to  from    to  from    to  acc description of target
#           ------------------- ---------- ----- -------------------- ---------- ----- --------- ------ ----- --- --- --------- --------- ------ ----- ----- ----- ----- ----- ----- ----- ---- ---------------------
NZ_QQQY01000017.1:12211-13128|+ -            306 3146at2085           -            235   1.1e-85  282.1   1.2   1   2   5.3e-29   9.2e-27   89.2   0.1     1    65     4    71     4   105 0.89 NZ_QQQY01000017.1_9 # 12211 # 13128 # 1 # ID=8_9;partial=00;start_type=ATG;rbs_motif=GGA/GAG/AGG;rbs_spacer=5-10bp;gc_cont=0.356
NZ_QQQY01000017.1:12211-13128|+ -            306 3146at2085           -            235   1.1e-85  282.1   1.2   2   2   2.6e-60   4.5e-58  191.7   0.2    64   234   104   299    98   300 0.86 NZ_QQQY01000017.1_9 # 12211 # 13128 # 1 # ID=8_9;partial=00;start_type=ATG;rbs_motif=GGA/GAG/AGG;rbs_spacer=5-10bp;gc_cont=0.356
NZ_QQQY01000010.1:31012-32376|+ -            455 3146at2085           -            235   2.9e-16   54.9   6.8   1   2   9.4e-08   1.6e-05   19.7   0.1     1    40     4    43     4    53 0.93 NZ_QQQY01000010.1_29 # 31012 # 32376 # 1 # ID=1_29;partial=00;start_type=ATG;rbs_motif=GGA/GAG/AGG;rbs_spacer=5-10bp;gc_cont=0.312
NZ_QQQY01000010.1:31012-32376|+ -            455 3146at2085           -            235   2.9e-16   54.9   6.8   2   2   1.2e-12   2.2e-10   35.6   3.0   102   235   167   320   128   320 0.67 NZ_QQQY01000010.1_29 # 31012 # 32376 # 1 # ID=1_29;partial=00;start_type=ATG;rbs_motif=GGA/GAG/AGG;rbs_spacer=5-10bp;gc_cont=0.312
NZ_QQQY01000001.1:12011-13858|- -            616 3146at2085           -            235   1.2e-11   39.7   9.9   1   2     3e-08   5.3e-06   21.3   0.1     1    38   161   198   161   206 0.93 NZ_QQQY01000001.1_14 # 12011 # 13858 # -1 # ID=11_14;partial=00;start_type=ATG;rbs_motif=AGGA;rbs_spacer=5-10bp;gc_cont=0.367
NZ_QQQY01000001.1:12011-13858|- -            616 3146at2085           -            235   1.2e-11   39.7   9.9   2   2   3.3e-08   5.8e-06   21.1   3.8    58   218   284   466   244   483 0.67 NZ_QQQY01000001.1_14 # 12011 # 13858 # -1 # ID=11_14;partial=00;start_type=ATG;rbs_motif=AGGA;rbs_spacer=5-10bp;gc_cont=0.367
NZ_QQQY01000002.1:49140-50999|- -            620 3146at2085           -            235     0.024    9.3   2.9   1   3    0.0011       0.2    6.3   0.0     1    30    12    41    12    49 0.85 NZ_QQQY01000002.1_42 # 49140 # 50999 # -1 # ID=22_42;partial=00;start_type=ATG;rbs_motif=GGAG/GAGG;rbs_spacer=5-10bp;gc_cont=0.326
NZ_QQQY01000002.1:49140-50999|- -            620 3146at2085           -            235     0.024    9.3   2.9   2   3     0.028       4.9    1.7   0.7   129   169    98   142    79   162 0.72 NZ_QQQY01000002.1_42 # 49140 # 50999 # -1 # ID=22_42;partial=00;start_type=ATG;rbs_motif=GGAG/GAGG;rbs_spacer=5-10bp;gc_cont=0.326
NZ_QQQY01000002.1:49140-50999|- -            620 3146at2085           -            235     0.024    9.3   2.9   3   3      0.61   1.1e+02   -2.6   0.0   201   215   361   376   350   393 0.73 NZ_QQQY01000002.1_42 # 49140 # 50999 # -1 # ID=22_42;partial=00;start_type=ATG;rbs_motif=GGAG/GAGG;rbs_spacer=5-10bp;gc_cont=0.326
#
# Program:         hmmsearch
# Version:         3.4 (Aug 2023)
# Pipeline mode:   SEARCH
# Query file:      /home/bryan/Documentos/GitHub/Project_doctoral/IMPLEMENTACAO/Genomes/M_hyopneumoniae/strains/MHP694/Use/busco_downloads/lineages/mycoplasmatales_odb10/hmms/3146at2085.hmm
# Target file:     /home/bryan/Documentos/GitHub/Project_doctoral/IMPLEMENTACAO/Genomes/M_hyopneumoniae/strains/MHP694/Use/busco_draft/prodigal_output/predicted_genes/predicted.faa
# Option settings: hmmsearch --domtblout /home/bryan/Documentos/GitHub/Project_doctoral/IMPLEMENTACAO/Genomes/M_hyopneumoniae/strains/MHP694/Use/busco_draft/run_mycoplasmatales_odb10/hmmer_output/3146at2085.out --cpu 1 /home/bryan/Documentos/GitHub/Project_doctoral/IMPLEMENTACAO/Genomes/M_hyopneumoniae/strains/MHP694/Use/busco_downloads/lineages/mycoplasmatales_odb10/hmms/3146at2085.hmm /home/bryan/Documentos/GitHub/Project_doctoral/IMPLEMENTACAO/Genomes/M_hyopneumoniae/strains/MHP694/Use/busco_draft/prodigal_output/predicted_genes/predicted.faa 
# Current dir:     /home/bryan/Documentos/GitHub/Project_doctoral/IMPLEMENTACAO/Genomes/M_hyopneumoniae/strains/MHP694/Use
# Date:            Sun Dec  1 19:18:42 2024
# [ok]
