#                                                                                       --- full sequence --- -------------- this domain -------------   hmm coord   ali coord   env coord
# target name                   accession   tlen query name           accession   qlen   E-value  score  bias   #  of  c-Evalue  i-Evalue  score  bias  from    to  from    to  from    to  acc description of target
#           ------------------- ---------- ----- -------------------- ---------- ----- --------- ------ ----- --- --- --------- --------- ------ ----- ----- ----- ----- ----- ----- ----- ---- ---------------------
NZ_QQQY01000009.1:32388-33245|+ -            286 3843at2085           -            213   1.6e-66  219.2   6.6   1   1   3.7e-68   2.6e-66  218.5   6.6    13   211    37   278    32   280 0.89 NZ_QQQY01000009.1_47 # 32388 # 33245 # 1 # ID=51_47;partial=00;start_type=ATG;rbs_motif=None;rbs_spacer=None;gc_cont=0.276
NZ_QQQY01000009.1:29185-30066|+ -            294 3843at2085           -            213   2.5e-07   25.7   5.1   1   2     2e-06   0.00014   16.8   0.1   108   172     6    73     1    82 0.73 NZ_QQQY01000009.1_43 # 29185 # 30066 # 1 # ID=51_43;partial=00;start_type=ATG;rbs_motif=None;rbs_spacer=None;gc_cont=0.295
NZ_QQQY01000009.1:29185-30066|+ -            294 3843at2085           -            213   2.5e-07   25.7   5.1   2   2   6.7e-05    0.0047   11.8   2.5    24   106    66   143    65   155 0.78 NZ_QQQY01000009.1_43 # 29185 # 30066 # 1 # ID=51_43;partial=00;start_type=ATG;rbs_motif=None;rbs_spacer=None;gc_cont=0.295
NZ_QQQY01000016.1:19713-20309|+ -            199 3843at2085           -            213   5.8e-06   21.3   0.2   1   2   1.7e-07   1.2e-05   20.2   0.0   104   173    33   104    11   115 0.77 NZ_QQQY01000016.1_16 # 19713 # 20309 # 1 # ID=7_16;partial=00;start_type=ATG;rbs_motif=None;rbs_spacer=None;gc_cont=0.293
NZ_QQQY01000016.1:19713-20309|+ -            199 3843at2085           -            213   5.8e-06   21.3   0.2   2   2       1.2        84   -2.1   0.1    76    80   149   153   125   182 0.51 NZ_QQQY01000016.1_16 # 19713 # 20309 # 1 # ID=7_16;partial=00;start_type=ATG;rbs_motif=None;rbs_spacer=None;gc_cont=0.293
NZ_QQQY01000014.1:17569-19851|+ -            761 3843at2085           -            213   8.1e-06   20.8   0.7   1   5   1.2e-07   8.1e-06   20.8   0.7   103   144    22    63     2    98 0.79 NZ_QQQY01000014.1_12 # 17569 # 19851 # 1 # ID=5_12;partial=00;start_type=ATG;rbs_motif=GGA/GAG/AGG;rbs_spacer=5-10bp;gc_cont=0.253
NZ_QQQY01000014.1:17569-19851|+ -            761 3843at2085           -            213   8.1e-06   20.8   0.7   2   5      0.66        46   -1.3   0.1    67   106   170   208   134   213 0.73 NZ_QQQY01000014.1_12 # 17569 # 19851 # 1 # ID=5_12;partial=00;start_type=ATG;rbs_motif=GGA/GAG/AGG;rbs_spacer=5-10bp;gc_cont=0.253
NZ_QQQY01000014.1:17569-19851|+ -            761 3843at2085           -            213   8.1e-06   20.8   0.7   3   5      0.54        38   -1.0   0.1   147   179   417   449   390   459 0.70 NZ_QQQY01000014.1_12 # 17569 # 19851 # 1 # ID=5_12;partial=00;start_type=ATG;rbs_motif=GGA/GAG/AGG;rbs_spacer=5-10bp;gc_cont=0.253
NZ_QQQY01000014.1:17569-19851|+ -            761 3843at2085           -            213   8.1e-06   20.8   0.7   4   5       1.6   1.1e+02   -2.5   0.1    46    75   561   590   523   601 0.77 NZ_QQQY01000014.1_12 # 17569 # 19851 # 1 # ID=5_12;partial=00;start_type=ATG;rbs_motif=GGA/GAG/AGG;rbs_spacer=5-10bp;gc_cont=0.253
NZ_QQQY01000014.1:17569-19851|+ -            761 3843at2085           -            213   8.1e-06   20.8   0.7   5   5      0.98        69   -1.8   2.0    48   102   697   751   693   758 0.80 NZ_QQQY01000014.1_12 # 17569 # 19851 # 1 # ID=5_12;partial=00;start_type=ATG;rbs_motif=GGA/GAG/AGG;rbs_spacer=5-10bp;gc_cont=0.253
NZ_QQQY01000003.1:3747-5048|-   -            434 3843at2085           -            213   2.3e-05   19.3   7.3   1   4   0.00021     0.015   10.1   0.0   109   136     3    30     1    70 0.80 NZ_QQQY01000003.1_6 # 3747 # 5048 # -1 # ID=31_6;partial=00;start_type=ATG;rbs_motif=None;rbs_spacer=None;gc_cont=0.294
NZ_QQQY01000003.1:3747-5048|-   -            434 3843at2085           -            213   2.3e-05   19.3   7.3   2   4    0.0071       0.5    5.2   0.0    97   162   160   228   153   259 0.68 NZ_QQQY01000003.1_6 # 3747 # 5048 # -1 # ID=31_6;partial=00;start_type=ATG;rbs_motif=None;rbs_spacer=None;gc_cont=0.294
NZ_QQQY01000003.1:3747-5048|-   -            434 3843at2085           -            213   2.3e-05   19.3   7.3   3   4      0.39        27   -0.5   0.0    73    90   280   297   262   307 0.77 NZ_QQQY01000003.1_6 # 3747 # 5048 # -1 # ID=31_6;partial=00;start_type=ATG;rbs_motif=None;rbs_spacer=None;gc_cont=0.294
NZ_QQQY01000003.1:3747-5048|-   -            434 3843at2085           -            213   2.3e-05   19.3   7.3   4   4     0.013      0.89    4.3   1.6    13    99   322   411   310   419 0.74 NZ_QQQY01000003.1_6 # 3747 # 5048 # -1 # ID=31_6;partial=00;start_type=ATG;rbs_motif=None;rbs_spacer=None;gc_cont=0.294
NZ_QQQY01000017.1:1522-4365|-   -            948 3843at2085           -            213   2.6e-05   19.2   2.5   1   2    0.0021      0.15    6.9   0.1   100   125    22    48    10    57 0.77 NZ_QQQY01000017.1_2 # 1522 # 4365 # -1 # ID=8_2;partial=00;start_type=ATG;rbs_motif=None;rbs_spacer=None;gc_cont=0.328
NZ_QQQY01000017.1:1522-4365|-   -            948 3843at2085           -            213   2.6e-05   19.2   2.5   2   2    0.0001     0.007   11.2   0.6   107   139   637   667   617   677 0.74 NZ_QQQY01000017.1_2 # 1522 # 4365 # -1 # ID=8_2;partial=00;start_type=ATG;rbs_motif=None;rbs_spacer=None;gc_cont=0.328
NZ_QQQY01000007.1:10399-11199|+ -            267 3843at2085           -            213   3.7e-05   18.6   0.6   1   3   5.3e-07   3.7e-05   18.6   0.6   104   133    23    52    14   113 0.75 NZ_QQQY01000007.1_13 # 10399 # 11199 # 1 # ID=49_13;partial=00;start_type=ATG;rbs_motif=None;rbs_spacer=None;gc_cont=0.250
NZ_QQQY01000007.1:10399-11199|+ -            267 3843at2085           -            213   3.7e-05   18.6   0.6   2   3      0.23        16    0.2   0.8    69   110   170   212   103   223 0.72 NZ_QQQY01000007.1_13 # 10399 # 11199 # 1 # ID=49_13;partial=00;start_type=ATG;rbs_motif=None;rbs_spacer=None;gc_cont=0.250
NZ_QQQY01000007.1:10399-11199|+ -            267 3843at2085           -            213   3.7e-05   18.6   0.6   3   3       0.4        28   -0.5   0.3    50    87   196   234   189   253 0.75 NZ_QQQY01000007.1_13 # 10399 # 11199 # 1 # ID=49_13;partial=00;start_type=ATG;rbs_motif=None;rbs_spacer=None;gc_cont=0.250
NZ_QQQY01000017.1:19540-21618|- -            693 3843at2085           -            213   0.00023   16.0   1.6   1   4    0.0014     0.097    7.5   0.0   107   132    45    70    31    84 0.72 NZ_QQQY01000017.1_12 # 19540 # 21618 # -1 # ID=8_12;partial=00;start_type=ATG;rbs_motif=AGGA;rbs_spacer=5-10bp;gc_cont=0.303
NZ_QQQY01000017.1:19540-21618|- -            693 3843at2085           -            213   0.00023   16.0   1.6   2   4       1.8   1.3e+02   -2.7   0.0    55    86    99   129    75   134 0.65 NZ_QQQY01000017.1_12 # 19540 # 21618 # -1 # ID=8_12;partial=00;start_type=ATG;rbs_motif=AGGA;rbs_spacer=5-10bp;gc_cont=0.303
NZ_QQQY01000017.1:19540-21618|- -            693 3843at2085           -            213   0.00023   16.0   1.6   3   4       3.2   2.3e+02   -3.5   0.1    17    66   190   238   182   255 0.60 NZ_QQQY01000017.1_12 # 19540 # 21618 # -1 # ID=8_12;partial=00;start_type=ATG;rbs_motif=AGGA;rbs_spacer=5-10bp;gc_cont=0.303
NZ_QQQY01000017.1:19540-21618|- -            693 3843at2085           -            213   0.00023   16.0   1.6   4   4    0.0055      0.39    5.5   0.0   111   130   438   457   421   481 0.84 NZ_QQQY01000017.1_12 # 19540 # 21618 # -1 # ID=8_12;partial=00;start_type=ATG;rbs_motif=AGGA;rbs_spacer=5-10bp;gc_cont=0.303
NZ_QQQY01000001.1:69502-70218|+ -            239 3843at2085           -            213   0.00038   15.4   0.7   1   2   5.4e-06   0.00038   15.4   0.7   104   138    28    62    10    67 0.81 NZ_QQQY01000001.1_51 # 69502 # 70218 # 1 # ID=11_51;partial=00;start_type=ATG;rbs_motif=AGGA;rbs_spacer=5-10bp;gc_cont=0.265
NZ_QQQY01000001.1:69502-70218|+ -            239 3843at2085           -            213   0.00038   15.4   0.7   2   2       1.9   1.4e+02   -2.8   0.1    52    74   105   127   103   132 0.68 NZ_QQQY01000001.1_51 # 69502 # 70218 # 1 # ID=11_51;partial=00;start_type=ATG;rbs_motif=AGGA;rbs_spacer=5-10bp;gc_cont=0.265
NZ_QQQY01000004.1:40057-40959|+ -            301 3843at2085           -            213    0.0011   13.9   0.1   1   1   3.3e-05    0.0023   12.8   0.1   102   129    27    54     9    57 0.82 NZ_QQQY01000004.1_35 # 40057 # 40959 # 1 # ID=42_35;partial=00;start_type=ATG;rbs_motif=GGA/GAG/AGG;rbs_spacer=5-10bp;gc_cont=0.306
#
# Program:         hmmsearch
# Version:         3.4 (Aug 2023)
# Pipeline mode:   SEARCH
# Query file:      /home/bryan/Documentos/GitHub/Project_doctoral/IMPLEMENTACAO/Genomes/M_hyopneumoniae/strains/MHP694/Use/busco_downloads/lineages/mycoplasmatales_odb10/hmms/3843at2085.hmm
# Target file:     /home/bryan/Documentos/GitHub/Project_doctoral/IMPLEMENTACAO/Genomes/M_hyopneumoniae/strains/MHP694/Use/busco_draft/prodigal_output/predicted_genes/predicted.faa
# Option settings: hmmsearch --domtblout /home/bryan/Documentos/GitHub/Project_doctoral/IMPLEMENTACAO/Genomes/M_hyopneumoniae/strains/MHP694/Use/busco_draft/run_mycoplasmatales_odb10/hmmer_output/3843at2085.out --cpu 1 /home/bryan/Documentos/GitHub/Project_doctoral/IMPLEMENTACAO/Genomes/M_hyopneumoniae/strains/MHP694/Use/busco_downloads/lineages/mycoplasmatales_odb10/hmms/3843at2085.hmm /home/bryan/Documentos/GitHub/Project_doctoral/IMPLEMENTACAO/Genomes/M_hyopneumoniae/strains/MHP694/Use/busco_draft/prodigal_output/predicted_genes/predicted.faa 
# Current dir:     /home/bryan/Documentos/GitHub/Project_doctoral/IMPLEMENTACAO/Genomes/M_hyopneumoniae/strains/MHP694/Use
# Date:            Sun Dec  1 19:18:42 2024
# [ok]
