#                                                                                       --- full sequence --- -------------- this domain -------------   hmm coord   ali coord   env coord
# target name                   accession   tlen query name           accession   qlen   E-value  score  bias   #  of  c-Evalue  i-Evalue  score  bias  from    to  from    to  from    to  acc description of target
#           ------------------- ---------- ----- -------------------- ---------- ----- --------- ------ ----- --- --- --------- --------- ------ ----- ----- ----- ----- ----- ----- ----- ---- ---------------------
NZ_QQQY01000010.1:18073-21018|+ -            982 543at2085            -            552  3.6e-180  595.4  44.5   1   3   3.1e-21   1.1e-18   62.4   4.0     1    74     3    86     3   147 0.75 NZ_QQQY01000010.1_17 # 18073 # 21018 # 1 # ID=1_17;partial=00;start_type=ATG;rbs_motif=None;rbs_spacer=None;gc_cont=0.289
NZ_QQQY01000010.1:18073-21018|+ -            982 543at2085            -            552  3.6e-180  595.4  44.5   2   3   1.3e-69   4.5e-67  222.1   2.5    86   255   237   404   161   419 0.86 NZ_QQQY01000010.1_17 # 18073 # 21018 # 1 # ID=1_17;partial=00;start_type=ATG;rbs_motif=None;rbs_spacer=None;gc_cont=0.289
NZ_QQQY01000010.1:18073-21018|+ -            982 543at2085            -            552  3.6e-180  595.4  44.5   3   3   1.7e-99   5.8e-97  320.7  22.4   227   542   437   822   431   834 0.83 NZ_QQQY01000010.1_17 # 18073 # 21018 # 1 # ID=1_17;partial=00;start_type=ATG;rbs_motif=None;rbs_spacer=None;gc_cont=0.289
NZ_QQQY01000005.1:15397-19806|+ -           1470 543at2085            -            552   5.8e-17   56.7  25.2   1   7      0.35   1.2e+02   -3.8   0.0    13    57   334   383   325   388 0.71 NZ_QQQY01000005.1_15 # 15397 # 19806 # 1 # ID=47_15;partial=00;start_type=ATG;rbs_motif=AGGAG;rbs_spacer=5-10bp;gc_cont=0.301
NZ_QQQY01000005.1:15397-19806|+ -           1470 543at2085            -            552   5.8e-17   56.7  25.2   2   7      0.31   1.1e+02   -3.6   0.8   457   536   546   626   542   633 0.68 NZ_QQQY01000005.1_15 # 15397 # 19806 # 1 # ID=47_15;partial=00;start_type=ATG;rbs_motif=AGGAG;rbs_spacer=5-10bp;gc_cont=0.301
NZ_QQQY01000005.1:15397-19806|+ -           1470 543at2085            -            552   5.8e-17   56.7  25.2   3   7   9.1e-11   3.2e-08   27.8   0.0   106   169   853   915   837   919 0.91 NZ_QQQY01000005.1_15 # 15397 # 19806 # 1 # ID=47_15;partial=00;start_type=ATG;rbs_motif=AGGAG;rbs_spacer=5-10bp;gc_cont=0.301
NZ_QQQY01000005.1:15397-19806|+ -           1470 543at2085            -            552   5.8e-17   56.7  25.2   4   7   6.9e-05     0.024    8.4   0.0   171   216   958  1003   951  1025 0.88 NZ_QQQY01000005.1_15 # 15397 # 19806 # 1 # ID=47_15;partial=00;start_type=ATG;rbs_motif=AGGAG;rbs_spacer=5-10bp;gc_cont=0.301
NZ_QQQY01000005.1:15397-19806|+ -           1470 543at2085            -            552   5.8e-17   56.7  25.2   5   7    0.0028      0.98    3.1   0.0   233   267  1051  1085  1046  1138 0.60 NZ_QQQY01000005.1_15 # 15397 # 19806 # 1 # ID=47_15;partial=00;start_type=ATG;rbs_motif=AGGAG;rbs_spacer=5-10bp;gc_cont=0.301
NZ_QQQY01000005.1:15397-19806|+ -           1470 543at2085            -            552   5.8e-17   56.7  25.2   6   7     3e-09     1e-06   22.8   6.0   308   468  1168  1318  1158  1346 0.60 NZ_QQQY01000005.1_15 # 15397 # 19806 # 1 # ID=47_15;partial=00;start_type=ATG;rbs_motif=AGGAG;rbs_spacer=5-10bp;gc_cont=0.301
NZ_QQQY01000005.1:15397-19806|+ -           1470 543at2085            -            552   5.8e-17   56.7  25.2   7   7    0.0059       2.1    2.0   0.1   478   545  1386  1461  1366  1467 0.78 NZ_QQQY01000005.1_15 # 15397 # 19806 # 1 # ID=47_15;partial=00;start_type=ATG;rbs_motif=AGGAG;rbs_spacer=5-10bp;gc_cont=0.301
#
# Program:         hmmsearch
# Version:         3.4 (Aug 2023)
# Pipeline mode:   SEARCH
# Query file:      /home/bryan/Documentos/GitHub/Project_doctoral/IMPLEMENTACAO/Genomes/M_hyopneumoniae/strains/MHP694/Use/busco_downloads/lineages/mycoplasmatales_odb10/hmms/543at2085.hmm
# Target file:     /home/bryan/Documentos/GitHub/Project_doctoral/IMPLEMENTACAO/Genomes/M_hyopneumoniae/strains/MHP694/Use/busco_draft/prodigal_output/predicted_genes/predicted.faa
# Option settings: hmmsearch --domtblout /home/bryan/Documentos/GitHub/Project_doctoral/IMPLEMENTACAO/Genomes/M_hyopneumoniae/strains/MHP694/Use/busco_draft/run_mycoplasmatales_odb10/hmmer_output/543at2085.out --cpu 1 /home/bryan/Documentos/GitHub/Project_doctoral/IMPLEMENTACAO/Genomes/M_hyopneumoniae/strains/MHP694/Use/busco_downloads/lineages/mycoplasmatales_odb10/hmms/543at2085.hmm /home/bryan/Documentos/GitHub/Project_doctoral/IMPLEMENTACAO/Genomes/M_hyopneumoniae/strains/MHP694/Use/busco_draft/prodigal_output/predicted_genes/predicted.faa 
# Current dir:     /home/bryan/Documentos/GitHub/Project_doctoral/IMPLEMENTACAO/Genomes/M_hyopneumoniae/strains/MHP694/Use
# Date:            Sun Dec  1 19:18:45 2024
# [ok]
