#                                                                                     --- full sequence --- -------------- this domain -------------   hmm coord   ali coord   env coord
# target name                 accession   tlen query name           accession   qlen   E-value  score  bias   #  of  c-Evalue  i-Evalue  score  bias  from    to  from    to  from    to  acc description of target
#         ------------------- ---------- ----- -------------------- ---------- ----- --------- ------ ----- --- --- --------- --------- ------ ----- ----- ----- ----- ----- ----- ----- ---- ---------------------
NZ_CP034597.1:192205-194244|- -            680 1371at2085           -            438   1.3e-84  279.6 107.2   1   5   1.9e-32   1.1e-30  102.0   7.3     1   103    21   133    21   135 0.93 NZ_CP034597.1_159 # 192205 # 194244 # -1 # ID=1_159;partial=00;start_type=ATG;rbs_motif=None;rbs_spacer=None;gc_cont=0.247
NZ_CP034597.1:192205-194244|- -            680 1371at2085           -            438   1.3e-84  279.6 107.2   2   5   2.7e-27   1.6e-25   85.0  34.7   102   261   158   335   144   348 0.83 NZ_CP034597.1_159 # 192205 # 194244 # -1 # ID=1_159;partial=00;start_type=ATG;rbs_motif=None;rbs_spacer=None;gc_cont=0.247
NZ_CP034597.1:192205-194244|- -            680 1371at2085           -            438   1.3e-84  279.6 107.2   3   5      0.69        40   -2.0   6.9   161   228   339   406   331   407 0.73 NZ_CP034597.1_159 # 192205 # 194244 # -1 # ID=1_159;partial=00;start_type=ATG;rbs_motif=None;rbs_spacer=None;gc_cont=0.247
NZ_CP034597.1:192205-194244|- -            680 1371at2085           -            438   1.3e-84  279.6 107.2   4   5   4.3e-08   2.5e-06   21.7  20.3   269   372   408   552   405   559 0.75 NZ_CP034597.1_159 # 192205 # 194244 # -1 # ID=1_159;partial=00;start_type=ATG;rbs_motif=None;rbs_spacer=None;gc_cont=0.247
NZ_CP034597.1:192205-194244|- -            680 1371at2085           -            438   1.3e-84  279.6 107.2   5   5   1.5e-28   8.7e-27   89.1  10.3   349   438   573   663   566   663 0.83 NZ_CP034597.1_159 # 192205 # 194244 # -1 # ID=1_159;partial=00;start_type=ATG;rbs_motif=None;rbs_spacer=None;gc_cont=0.247
NZ_CP034597.1:597520-598236|- -            239 1371at2085           -            438     4e-10   34.2   2.3   1   2     0.031       1.7    2.4   1.2   333   374    43    90     6    95 0.76 NZ_CP034597.1_477 # 597520 # 598236 # -1 # ID=1_477;partial=00;start_type=ATG;rbs_motif=AGGA;rbs_spacer=5-10bp;gc_cont=0.265
NZ_CP034597.1:597520-598236|- -            239 1371at2085           -            438     4e-10   34.2   2.3   2   2     7e-12     4e-10   34.2   2.3   374   435   131   194   111   196 0.83 NZ_CP034597.1_477 # 597520 # 598236 # -1 # ID=1_477;partial=00;start_type=ATG;rbs_motif=AGGA;rbs_spacer=5-10bp;gc_cont=0.265
NZ_CP034597.1:288314-289843|+ -            510 1371at2085           -            438   4.9e-10   33.9   8.1   1   3   2.3e-08   1.3e-06   22.6   0.7   377   431   151   206   148   213 0.87 NZ_CP034597.1_251 # 288314 # 289843 # 1 # ID=1_251;partial=00;start_type=TTG;rbs_motif=GGAGG;rbs_spacer=5-10bp;gc_cont=0.319
NZ_CP034597.1:288314-289843|+ -            510 1371at2085           -            438   4.9e-10   33.9   8.1   2   3      0.38        22   -1.2   1.4   279   313   363   397   356   406 0.60 NZ_CP034597.1_251 # 288314 # 289843 # 1 # ID=1_251;partial=00;start_type=TTG;rbs_motif=GGAGG;rbs_spacer=5-10bp;gc_cont=0.319
NZ_CP034597.1:288314-289843|+ -            510 1371at2085           -            438   4.9e-10   33.9   8.1   3   3   1.3e-05   0.00076   13.5   0.0   377   432   409   465   406   470 0.91 NZ_CP034597.1_251 # 288314 # 289843 # 1 # ID=1_251;partial=00;start_type=TTG;rbs_motif=GGAGG;rbs_spacer=5-10bp;gc_cont=0.319
NZ_CP034597.1:873163-874776|+ -            538 1371at2085           -            438   3.1e-09   31.3   4.4   1   4      0.22        12   -0.4  33.5   104   288     9   212     2   232 0.65 NZ_CP034597.1_672 # 873163 # 874776 # 1 # ID=1_672;partial=00;start_type=ATG;rbs_motif=GGAG/GAGG;rbs_spacer=5-10bp;gc_cont=0.260
NZ_CP034597.1:873163-874776|+ -            538 1371at2085           -            438   3.1e-09   31.3   4.4   2   4         2   1.2e+02   -3.5  23.6    95   198   233   337   217   347 0.70 NZ_CP034597.1_672 # 873163 # 874776 # 1 # ID=1_672;partial=00;start_type=ATG;rbs_motif=GGAG/GAGG;rbs_spacer=5-10bp;gc_cont=0.260
NZ_CP034597.1:873163-874776|+ -            538 1371at2085           -            438   3.1e-09   31.3   4.4   3   4     0.013      0.75    3.7   8.3   333   373   361   410   337   452 0.69 NZ_CP034597.1_672 # 873163 # 874776 # 1 # ID=1_672;partial=00;start_type=ATG;rbs_motif=GGAG/GAGG;rbs_spacer=5-10bp;gc_cont=0.260
NZ_CP034597.1:873163-874776|+ -            538 1371at2085           -            438   3.1e-09   31.3   4.4   4   4   5.4e-11   3.1e-09   31.3   4.4   367   431   443   508   429   514 0.82 NZ_CP034597.1_672 # 873163 # 874776 # 1 # ID=1_672;partial=00;start_type=ATG;rbs_motif=GGAG/GAGG;rbs_spacer=5-10bp;gc_cont=0.260
NZ_CP034597.1:663088-664626|+ -            513 1371at2085           -            438   3.6e-08   27.8  21.4   1   4      0.12       6.6    0.5   0.1   333   344    43    54     9    56 0.94 NZ_CP034597.1_522 # 663088 # 664626 # 1 # ID=1_522;partial=00;start_type=TTG;rbs_motif=AGGA;rbs_spacer=5-10bp;gc_cont=0.320
NZ_CP034597.1:663088-664626|+ -            513 1371at2085           -            438   3.6e-08   27.8  21.4   2   4   1.5e-07   8.3e-06   20.0   0.5   378   436   144   204   136   206 0.90 NZ_CP034597.1_522 # 663088 # 664626 # 1 # ID=1_522;partial=00;start_type=TTG;rbs_motif=AGGA;rbs_spacer=5-10bp;gc_cont=0.320
NZ_CP034597.1:663088-664626|+ -            513 1371at2085           -            438   3.6e-08   27.8  21.4   3   4      0.12       6.6    0.5   5.7   274   324   356   406   324   407 0.82 NZ_CP034597.1_522 # 663088 # 664626 # 1 # ID=1_522;partial=00;start_type=TTG;rbs_motif=AGGA;rbs_spacer=5-10bp;gc_cont=0.320
NZ_CP034597.1:663088-664626|+ -            513 1371at2085           -            438   3.6e-08   27.8  21.4   4   4   6.2e-05    0.0035   11.3  10.3   338   431   372   465   359   471 0.74 NZ_CP034597.1_522 # 663088 # 664626 # 1 # ID=1_522;partial=00;start_type=TTG;rbs_motif=AGGA;rbs_spacer=5-10bp;gc_cont=0.320
NZ_CP034597.1:442091-442861|- -            257 1371at2085           -            438   4.3e-08   27.5   0.9   1   2   7.6e-10   4.3e-08   27.5   0.9   370   435   145   213   130   216 0.83 NZ_CP034597.1_368 # 442091 # 442861 # -1 # ID=1_368;partial=00;start_type=ATG;rbs_motif=None;rbs_spacer=None;gc_cont=0.262
NZ_CP034597.1:442091-442861|- -            257 1371at2085           -            438   4.3e-08   27.5   0.9   2   2     0.033       1.9    2.3   1.2   234   273   207   246   205   250 0.87 NZ_CP034597.1_368 # 442091 # 442861 # -1 # ID=1_368;partial=00;start_type=ATG;rbs_motif=None;rbs_spacer=None;gc_cont=0.262
NZ_CP034597.1:573484-574380|- -            299 1371at2085           -            438   5.2e-08   27.3   0.0   1   3       1.3        76   -3.0   0.2   162   212    27    77    13    81 0.66 NZ_CP034597.1_460 # 573484 # 574380 # -1 # ID=1_460;partial=00;start_type=GTG;rbs_motif=AGGAG;rbs_spacer=5-10bp;gc_cont=0.353
NZ_CP034597.1:573484-574380|- -            299 1371at2085           -            438   5.2e-08   27.3   0.0   2   3      0.17       9.9   -0.0   0.2   333   355   101   129    92   156 0.68 NZ_CP034597.1_460 # 573484 # 574380 # -1 # ID=1_460;partial=00;start_type=GTG;rbs_motif=AGGAG;rbs_spacer=5-10bp;gc_cont=0.353
NZ_CP034597.1:573484-574380|- -            299 1371at2085           -            438   5.2e-08   27.3   0.0   3   3   9.1e-10   5.2e-08   27.3   0.0   373   435   193   258   168   261 0.83 NZ_CP034597.1_460 # 573484 # 574380 # -1 # ID=1_460;partial=00;start_type=GTG;rbs_motif=AGGAG;rbs_spacer=5-10bp;gc_cont=0.353
NZ_CP034597.1:325200-326018|+ -            273 1371at2085           -            438   2.7e-07   24.9   5.2   1   2     0.048       2.8    1.8   1.7   318   354    27    68     1    93 0.55 NZ_CP034597.1_282 # 325200 # 326018 # 1 # ID=1_282;partial=00;start_type=ATG;rbs_motif=GGA/GAG/AGG;rbs_spacer=5-10bp;gc_cont=0.306
NZ_CP034597.1:325200-326018|+ -            273 1371at2085           -            438   2.7e-07   24.9   5.2   2   2   1.2e-08     7e-07   23.5   0.1   367   436   126   198   107   199 0.86 NZ_CP034597.1_282 # 325200 # 326018 # 1 # ID=1_282;partial=00;start_type=ATG;rbs_motif=GGA/GAG/AGG;rbs_spacer=5-10bp;gc_cont=0.306
NZ_CP034597.1:871572-873170|+ -            533 1371at2085           -            438   6.8e-07   23.6   3.2   1   2      0.37        21   -1.1  41.0   102   316    13   240     3   244 0.64 NZ_CP034597.1_671 # 871572 # 873170 # 1 # ID=1_671;partial=00;start_type=ATG;rbs_motif=AGGAGG;rbs_spacer=5-10bp;gc_cont=0.255
NZ_CP034597.1:871572-873170|+ -            533 1371at2085           -            438   6.8e-07   23.6   3.2   2   2   1.2e-08   6.8e-07   23.6   3.2   374   435   450   511   416   513 0.82 NZ_CP034597.1_671 # 871572 # 873170 # 1 # ID=1_671;partial=00;start_type=ATG;rbs_motif=AGGAGG;rbs_spacer=5-10bp;gc_cont=0.255
NZ_CP034597.1:703932-705266|- -            445 1371at2085           -            438     2e-06   22.1   0.2   1   3    0.0062      0.36    4.7   0.0   333   358    47    78    45    91 0.83 NZ_CP034597.1_553 # 703932 # 705266 # -1 # ID=1_553;partial=00;start_type=ATG;rbs_motif=GGA/GAG/AGG;rbs_spacer=11-12bp;gc_cont=0.299
NZ_CP034597.1:703932-705266|- -            445 1371at2085           -            438     2e-06   22.1   0.2   2   3       3.1   1.8e+02   -4.2   1.7   152   182   127   158   122   169 0.60 NZ_CP034597.1_553 # 703932 # 705266 # -1 # ID=1_553;partial=00;start_type=ATG;rbs_motif=GGA/GAG/AGG;rbs_spacer=11-12bp;gc_cont=0.299
NZ_CP034597.1:703932-705266|- -            445 1371at2085           -            438     2e-06   22.1   0.2   3   3   3.4e-08     2e-06   22.1   0.2   376   436   229   292   202   293 0.81 NZ_CP034597.1_553 # 703932 # 705266 # -1 # ID=1_553;partial=00;start_type=ATG;rbs_motif=GGA/GAG/AGG;rbs_spacer=11-12bp;gc_cont=0.299
NZ_CP034597.1:817497-819107|+ -            537 1371at2085           -            438   1.8e-05   18.9   1.4   1   2         5   2.8e+02   -4.8  57.8    96   314    18   247     6   266 0.69 NZ_CP034597.1_635 # 817497 # 819107 # 1 # ID=1_635;partial=00;start_type=ATG;rbs_motif=AGGA;rbs_spacer=5-10bp;gc_cont=0.233
NZ_CP034597.1:817497-819107|+ -            537 1371at2085           -            438   1.8e-05   18.9   1.4   2   2   3.1e-07   1.8e-05   18.9   1.4   375   434   461   521   437   524 0.87 NZ_CP034597.1_635 # 817497 # 819107 # 1 # ID=1_635;partial=00;start_type=ATG;rbs_motif=AGGA;rbs_spacer=5-10bp;gc_cont=0.233
NZ_CP034597.1:819118-820728|+ -            537 1371at2085           -            438     7e-05   16.9   4.4   1   3   0.00036      0.02    8.8  39.7    99   266    11   191     8   203 0.66 NZ_CP034597.1_636 # 819118 # 820728 # 1 # ID=1_636;partial=00;start_type=ATG;rbs_motif=AGGAGG;rbs_spacer=5-10bp;gc_cont=0.243
NZ_CP034597.1:819118-820728|+ -            537 1371at2085           -            438     7e-05   16.9   4.4   2   3     0.072       4.1    1.2  35.0   170   373   207   421   187   431 0.82 NZ_CP034597.1_636 # 819118 # 820728 # 1 # ID=1_636;partial=00;start_type=ATG;rbs_motif=AGGAGG;rbs_spacer=5-10bp;gc_cont=0.243
NZ_CP034597.1:819118-820728|+ -            537 1371at2085           -            438     7e-05   16.9   4.4   3   3   1.2e-06     7e-05   16.9   4.4   373   422   458   509   424   523 0.75 NZ_CP034597.1_636 # 819118 # 820728 # 1 # ID=1_636;partial=00;start_type=ATG;rbs_motif=AGGAGG;rbs_spacer=5-10bp;gc_cont=0.243
#
# Program:         hmmsearch
# Version:         3.4 (Aug 2023)
# Pipeline mode:   SEARCH
# Query file:      /home/lgef/Documentos/GitHub/Project_doctoral/IMPLEMENTACAO/Genomes/M_hyopneumoniae/MHP_ncbi_dataset/ncbi_dataset/data/strains/F72C/Use/busco_downloads/lineages/mycoplasmatales_odb10/hmms/1371at2085.hmm
# Target file:     /home/lgef/Documentos/GitHub/Project_doctoral/IMPLEMENTACAO/Genomes/M_hyopneumoniae/MHP_ncbi_dataset/ncbi_dataset/data/strains/F72C/Use/busco_complete/prodigal_output/predicted_genes/predicted.faa
# Option settings: hmmsearch --domtblout /home/lgef/Documentos/GitHub/Project_doctoral/IMPLEMENTACAO/Genomes/M_hyopneumoniae/MHP_ncbi_dataset/ncbi_dataset/data/strains/F72C/Use/busco_complete/run_mycoplasmatales_odb10/hmmer_output/1371at2085.out --cpu 1 /home/lgef/Documentos/GitHub/Project_doctoral/IMPLEMENTACAO/Genomes/M_hyopneumoniae/MHP_ncbi_dataset/ncbi_dataset/data/strains/F72C/Use/busco_downloads/lineages/mycoplasmatales_odb10/hmms/1371at2085.hmm /home/lgef/Documentos/GitHub/Project_doctoral/IMPLEMENTACAO/Genomes/M_hyopneumoniae/MHP_ncbi_dataset/ncbi_dataset/data/strains/F72C/Use/busco_complete/prodigal_output/predicted_genes/predicted.faa 
# Current dir:     /home/lgef/Documentos/GitHub/Project_doctoral/IMPLEMENTACAO/Genomes/M_hyopneumoniae/MHP_ncbi_dataset/ncbi_dataset/data/strains/F72C/Use
# Date:            Thu Nov 28 19:23:03 2024
# [ok]
