#                                                                                     --- full sequence --- -------------- this domain -------------   hmm coord   ali coord   env coord
# target name                 accession   tlen query name           accession   qlen   E-value  score  bias   #  of  c-Evalue  i-Evalue  score  bias  from    to  from    to  from    to  acc description of target
#         ------------------- ---------- ----- -------------------- ---------- ----- --------- ------ ----- --- --- --------- --------- ------ ----- ----- ----- ----- ----- ----- ----- ---- ---------------------
NZ_CP034597.1:224248-224886|- -            213 3895at2085           -            150     1e-48  160.3   4.7   1   1   2.3e-47     4e-45  148.7   4.7     1   149     6   189     6   190 0.82 NZ_CP034597.1_197 # 224248 # 224886 # -1 # ID=1_197;partial=00;start_type=ATG;rbs_motif=AGxAGG/AGGxGG;rbs_spacer=11-12bp;gc_cont=0.286
NZ_CP034597.1:92174-92863|+   -            230 3895at2085           -            150   8.9e-07   24.2   1.8   1   3   8.2e-08   1.4e-05   20.3   0.0     4    37    10    43     7    63 0.84 NZ_CP034597.1_73 # 92174 # 92863 # 1 # ID=1_73;partial=00;start_type=ATG;rbs_motif=4Base/6BMM;rbs_spacer=13-15bp;gc_cont=0.297
NZ_CP034597.1:92174-92863|+   -            230 3895at2085           -            150   8.9e-07   24.2   1.8   2   3     0.047         8    1.6   0.1    60    85   108   133    83   143 0.84 NZ_CP034597.1_73 # 92174 # 92863 # 1 # ID=1_73;partial=00;start_type=ATG;rbs_motif=4Base/6BMM;rbs_spacer=13-15bp;gc_cont=0.297
NZ_CP034597.1:92174-92863|+   -            230 3895at2085           -            150   8.9e-07   24.2   1.8   3   3      0.17        28   -0.2   0.1    45    94   170   216   154   226 0.55 NZ_CP034597.1_73 # 92174 # 92863 # 1 # ID=1_73;partial=00;start_type=ATG;rbs_motif=4Base/6BMM;rbs_spacer=13-15bp;gc_cont=0.297
NZ_CP034597.1:187776-188357|- -            194 3895at2085           -            150   0.00093   14.4   0.2   1   2   5.5e-06   0.00093   14.4   0.2     2    36     5    40     3    99 0.79 NZ_CP034597.1_152 # 187776 # 188357 # -1 # ID=1_152;partial=00;start_type=ATG;rbs_motif=GGA/GAG/AGG;rbs_spacer=5-10bp;gc_cont=0.270
NZ_CP034597.1:187776-188357|- -            194 3895at2085           -            150   0.00093   14.4   0.2   2   2      0.14        24    0.1   0.5    38    69   147   178   131   192 0.54 NZ_CP034597.1_152 # 187776 # 188357 # -1 # ID=1_152;partial=00;start_type=ATG;rbs_motif=GGA/GAG/AGG;rbs_spacer=5-10bp;gc_cont=0.270
NZ_CP034597.1:518486-519442|+ -            319 3895at2085           -            150    0.0018   13.5   0.0   1   1   3.1e-05    0.0053   11.9   0.0     2    24    42    64    41   120 0.80 NZ_CP034597.1_432 # 518486 # 519442 # 1 # ID=1_432;partial=00;start_type=ATG;rbs_motif=None;rbs_spacer=None;gc_cont=0.317
#
# Program:         hmmsearch
# Version:         3.4 (Aug 2023)
# Pipeline mode:   SEARCH
# Query file:      /home/lgef/Documentos/GitHub/Project_doctoral/IMPLEMENTACAO/Genomes/M_hyopneumoniae/MHP_ncbi_dataset/ncbi_dataset/data/strains/F72C/Use/busco_downloads/lineages/mycoplasmatales_odb10/hmms/3895at2085.hmm
# Target file:     /home/lgef/Documentos/GitHub/Project_doctoral/IMPLEMENTACAO/Genomes/M_hyopneumoniae/MHP_ncbi_dataset/ncbi_dataset/data/strains/F72C/Use/busco_complete/prodigal_output/predicted_genes/predicted.faa
# Option settings: hmmsearch --domtblout /home/lgef/Documentos/GitHub/Project_doctoral/IMPLEMENTACAO/Genomes/M_hyopneumoniae/MHP_ncbi_dataset/ncbi_dataset/data/strains/F72C/Use/busco_complete/run_mycoplasmatales_odb10/hmmer_output/3895at2085.out --cpu 1 /home/lgef/Documentos/GitHub/Project_doctoral/IMPLEMENTACAO/Genomes/M_hyopneumoniae/MHP_ncbi_dataset/ncbi_dataset/data/strains/F72C/Use/busco_downloads/lineages/mycoplasmatales_odb10/hmms/3895at2085.hmm /home/lgef/Documentos/GitHub/Project_doctoral/IMPLEMENTACAO/Genomes/M_hyopneumoniae/MHP_ncbi_dataset/ncbi_dataset/data/strains/F72C/Use/busco_complete/prodigal_output/predicted_genes/predicted.faa 
# Current dir:     /home/lgef/Documentos/GitHub/Project_doctoral/IMPLEMENTACAO/Genomes/M_hyopneumoniae/MHP_ncbi_dataset/ncbi_dataset/data/strains/F72C/Use
# Date:            Thu Nov 28 19:23:05 2024
# [ok]
