#                                                                                     --- full sequence --- -------------- this domain -------------   hmm coord   ali coord   env coord
# target name                 accession   tlen query name           accession   qlen   E-value  score  bias   #  of  c-Evalue  i-Evalue  score  bias  from    to  from    to  from    to  acc description of target
#         ------------------- ---------- ----- -------------------- ---------- ----- --------- ------ ----- --- --- --------- --------- ------ ----- ----- ----- ----- ----- ----- ----- ---- ---------------------
NZ_CP034597.1:187776-188357|- -            194 4276at2085           -            173   1.2e-66  219.1   7.5   1   1   8.6e-69   1.5e-66  218.8   7.5     3   173     2   190     1   190 0.91 NZ_CP034597.1_152 # 187776 # 188357 # -1 # ID=1_152;partial=00;start_type=ATG;rbs_motif=GGA/GAG/AGG;rbs_spacer=5-10bp;gc_cont=0.270
NZ_CP034597.1:92174-92863|+   -            230 4276at2085           -            173   4.7e-05   18.6   0.5   1   2   5.6e-06   0.00095   14.3   0.0     6    27     8    29     3    39 0.82 NZ_CP034597.1_73 # 92174 # 92863 # 1 # ID=1_73;partial=00;start_type=ATG;rbs_motif=4Base/6BMM;rbs_spacer=13-15bp;gc_cont=0.297
NZ_CP034597.1:92174-92863|+   -            230 4276at2085           -            173   4.7e-05   18.6   0.5   2   2     0.028       4.7    2.3   0.1    23    72   135   184   126   213 0.75 NZ_CP034597.1_73 # 92174 # 92863 # 1 # ID=1_73;partial=00;start_type=ATG;rbs_motif=4Base/6BMM;rbs_spacer=13-15bp;gc_cont=0.297
NZ_CP034597.1:224248-224886|- -            213 4276at2085           -            173   0.00054   15.1   0.7   1   2   2.7e-05    0.0046   12.1   0.2     2    42     3    42     2    98 0.78 NZ_CP034597.1_197 # 224248 # 224886 # -1 # ID=1_197;partial=00;start_type=ATG;rbs_motif=AGxAGG/AGGxGG;rbs_spacer=11-12bp;gc_cont=0.286
NZ_CP034597.1:224248-224886|- -            213 4276at2085           -            173   0.00054   15.1   0.7   2   2     0.052         9    1.4   0.0   125   146   157   178   139   208 0.88 NZ_CP034597.1_197 # 224248 # 224886 # -1 # ID=1_197;partial=00;start_type=ATG;rbs_motif=AGxAGG/AGGxGG;rbs_spacer=11-12bp;gc_cont=0.286
NZ_CP034597.1:117885-120728|- -            948 4276at2085           -            173    0.0015   13.7   0.4   1   2    0.0033      0.56    5.3   0.0     2    22    30    50    29    74 0.74 NZ_CP034597.1_96 # 117885 # 120728 # -1 # ID=1_96;partial=00;start_type=ATG;rbs_motif=None;rbs_spacer=None;gc_cont=0.328
NZ_CP034597.1:117885-120728|- -            948 4276at2085           -            173    0.0015   13.7   0.4   2   2    0.0022      0.38    5.9   0.2     4    26   639   661   637   679 0.86 NZ_CP034597.1_96 # 117885 # 120728 # -1 # ID=1_96;partial=00;start_type=ATG;rbs_motif=None;rbs_spacer=None;gc_cont=0.328
#
# Program:         hmmsearch
# Version:         3.4 (Aug 2023)
# Pipeline mode:   SEARCH
# Query file:      /home/lgef/Documentos/GitHub/Project_doctoral/IMPLEMENTACAO/Genomes/M_hyopneumoniae/MHP_ncbi_dataset/ncbi_dataset/data/strains/F72C/Use/busco_downloads/lineages/mycoplasmatales_odb10/hmms/4276at2085.hmm
# Target file:     /home/lgef/Documentos/GitHub/Project_doctoral/IMPLEMENTACAO/Genomes/M_hyopneumoniae/MHP_ncbi_dataset/ncbi_dataset/data/strains/F72C/Use/busco_complete/prodigal_output/predicted_genes/predicted.faa
# Option settings: hmmsearch --domtblout /home/lgef/Documentos/GitHub/Project_doctoral/IMPLEMENTACAO/Genomes/M_hyopneumoniae/MHP_ncbi_dataset/ncbi_dataset/data/strains/F72C/Use/busco_complete/run_mycoplasmatales_odb10/hmmer_output/4276at2085.out --cpu 1 /home/lgef/Documentos/GitHub/Project_doctoral/IMPLEMENTACAO/Genomes/M_hyopneumoniae/MHP_ncbi_dataset/ncbi_dataset/data/strains/F72C/Use/busco_downloads/lineages/mycoplasmatales_odb10/hmms/4276at2085.hmm /home/lgef/Documentos/GitHub/Project_doctoral/IMPLEMENTACAO/Genomes/M_hyopneumoniae/MHP_ncbi_dataset/ncbi_dataset/data/strains/F72C/Use/busco_complete/prodigal_output/predicted_genes/predicted.faa 
# Current dir:     /home/lgef/Documentos/GitHub/Project_doctoral/IMPLEMENTACAO/Genomes/M_hyopneumoniae/MHP_ncbi_dataset/ncbi_dataset/data/strains/F72C/Use
# Date:            Thu Nov 28 19:23:06 2024
# [ok]
