#                                                                                     --- full sequence --- -------------- this domain -------------   hmm coord   ali coord   env coord
# target name                 accession   tlen query name           accession   qlen   E-value  score  bias   #  of  c-Evalue  i-Evalue  score  bias  from    to  from    to  from    to  acc description of target
#         ------------------- ---------- ----- -------------------- ---------- ----- --------- ------ ----- --- --- --------- --------- ------ ----- ----- ----- ----- ----- ----- ----- ---- ---------------------
NZ_CP034597.1:253902-255368|+ -            489 759at2085            -            394  8.8e-157  517.2  10.8   1   2     0.017       2.4    2.1   0.1     1    19     3    21     3    25 0.90 NZ_CP034597.1_230 # 253902 # 255368 # 1 # ID=1_230;partial=00;start_type=ATG;rbs_motif=None;rbs_spacer=None;gc_cont=0.311
NZ_CP034597.1:253902-255368|+ -            489 759at2085            -            394  8.8e-157  517.2  10.8   2   2  8.5e-159  1.2e-156  516.8   6.4    11   394    44   484    34   484 0.87 NZ_CP034597.1_230 # 253902 # 255368 # 1 # ID=1_230;partial=00;start_type=ATG;rbs_motif=None;rbs_spacer=None;gc_cont=0.311
NZ_CP034597.1:300963-302666|+ -            568 759at2085            -            394   4.6e-26   86.8   1.1   1   2   4.9e-16   6.7e-14   46.7   1.0    83   235   116   270    36   284 0.86 NZ_CP034597.1_261 # 300963 # 302666 # 1 # ID=1_261;partial=00;start_type=ATG;rbs_motif=GGA/GAG/AGG;rbs_spacer=5-10bp;gc_cont=0.326
NZ_CP034597.1:300963-302666|+ -            568 759at2085            -            394   4.6e-26   86.8   1.1   2   2   1.9e-13   2.5e-11   38.3   0.0   353   391   497   535   394   537 0.91 NZ_CP034597.1_261 # 300963 # 302666 # 1 # ID=1_261;partial=00;start_type=ATG;rbs_motif=GGA/GAG/AGG;rbs_spacer=5-10bp;gc_cont=0.326
NZ_CP034597.1:512046-513395|+ -            450 759at2085            -            394   5.2e-20   66.9   4.4   1   1   5.8e-22   7.9e-20   66.3   4.4    87   392   124   442    87   444 0.81 NZ_CP034597.1_427 # 512046 # 513395 # 1 # ID=1_427;partial=00;start_type=ATG;rbs_motif=None;rbs_spacer=None;gc_cont=0.321
NZ_CP034597.1:642203-643204|- -            334 759at2085            -            394   7.3e-06   20.3   2.9   1   3    0.0051       0.7    3.9   1.8   140   229    73   166    58   194 0.70 NZ_CP034597.1_507 # 642203 # 643204 # -1 # ID=1_507;partial=00;start_type=ATG;rbs_motif=AGGA/GGAG/GAGG;rbs_spacer=11-12bp;gc_cont=0.258
NZ_CP034597.1:642203-643204|- -            334 759at2085            -            394   7.3e-06   20.3   2.9   2   3     0.088        12   -0.2   0.0    72   126   181   237   174   246 0.73 NZ_CP034597.1_507 # 642203 # 643204 # -1 # ID=1_507;partial=00;start_type=ATG;rbs_motif=AGGA/GGAG/GAGG;rbs_spacer=11-12bp;gc_cont=0.258
NZ_CP034597.1:642203-643204|- -            334 759at2085            -            394   7.3e-06   20.3   2.9   3   3   4.4e-06   0.00061   14.0   0.0   353   391   286   324   255   326 0.82 NZ_CP034597.1_507 # 642203 # 643204 # -1 # ID=1_507;partial=00;start_type=ATG;rbs_motif=AGGA/GGAG/GAGG;rbs_spacer=11-12bp;gc_cont=0.258
NZ_CP034597.1:341518-342198|+ -            227 759at2085            -            394    0.0004   14.6   0.2   1   2   3.7e-05     0.005   10.9   0.0   167   218    87   139    76   152 0.80 NZ_CP034597.1_292 # 341518 # 342198 # 1 # ID=1_292;partial=00;start_type=ATG;rbs_motif=GGA/GAG/AGG;rbs_spacer=11-12bp;gc_cont=0.300
NZ_CP034597.1:341518-342198|+ -            227 759at2085            -            394    0.0004   14.6   0.2   2   2     0.027       3.7    1.5   0.0   367   386   194   213   188   216 0.85 NZ_CP034597.1_292 # 341518 # 342198 # 1 # ID=1_292;partial=00;start_type=ATG;rbs_motif=GGA/GAG/AGG;rbs_spacer=11-12bp;gc_cont=0.300
#
# Program:         hmmsearch
# Version:         3.4 (Aug 2023)
# Pipeline mode:   SEARCH
# Query file:      /home/lgef/Documentos/GitHub/Project_doctoral/IMPLEMENTACAO/Genomes/M_hyopneumoniae/MHP_ncbi_dataset/ncbi_dataset/data/strains/F72C/Use/busco_downloads/lineages/mycoplasmatales_odb10/hmms/759at2085.hmm
# Target file:     /home/lgef/Documentos/GitHub/Project_doctoral/IMPLEMENTACAO/Genomes/M_hyopneumoniae/MHP_ncbi_dataset/ncbi_dataset/data/strains/F72C/Use/busco_complete/prodigal_output/predicted_genes/predicted.faa
# Option settings: hmmsearch --domtblout /home/lgef/Documentos/GitHub/Project_doctoral/IMPLEMENTACAO/Genomes/M_hyopneumoniae/MHP_ncbi_dataset/ncbi_dataset/data/strains/F72C/Use/busco_complete/run_mycoplasmatales_odb10/hmmer_output/759at2085.out --cpu 1 /home/lgef/Documentos/GitHub/Project_doctoral/IMPLEMENTACAO/Genomes/M_hyopneumoniae/MHP_ncbi_dataset/ncbi_dataset/data/strains/F72C/Use/busco_downloads/lineages/mycoplasmatales_odb10/hmms/759at2085.hmm /home/lgef/Documentos/GitHub/Project_doctoral/IMPLEMENTACAO/Genomes/M_hyopneumoniae/MHP_ncbi_dataset/ncbi_dataset/data/strains/F72C/Use/busco_complete/prodigal_output/predicted_genes/predicted.faa 
# Current dir:     /home/lgef/Documentos/GitHub/Project_doctoral/IMPLEMENTACAO/Genomes/M_hyopneumoniae/MHP_ncbi_dataset/ncbi_dataset/data/strains/F72C/Use
# Date:            Thu Nov 28 19:23:07 2024
# [ok]
