#                                                                                     --- full sequence --- -------------- this domain -------------   hmm coord   ali coord   env coord
# target name                 accession   tlen query name           accession   qlen   E-value  score  bias   #  of  c-Evalue  i-Evalue  score  bias  from    to  from    to  from    to  acc description of target
#         ------------------- ---------- ----- -------------------- ---------- ----- --------- ------ ----- --- --- --------- --------- ------ ----- ----- ----- ----- ----- ----- ----- ---- ---------------------
NZ_CP098240.1:730672-731301|- -            210 1064at2085           -            350   2.1e-67  223.0   9.2   1   1     5e-68   9.6e-67  220.8   9.2   183   349     1   206     1   207 0.80 NZ_CP098240.1_600 # 730672 # 731301 # -1 # ID=1_600;partial=00;start_type=ATG;rbs_motif=3Base/5BMM;rbs_spacer=13-15bp;gc_cont=0.310
NZ_CP098240.1:731640-732005|- -            122 1064at2085           -            350   2.1e-56  186.8   0.4   1   1   1.2e-57   2.4e-56  186.7   0.4     1   109    10   118    10   121 0.98 NZ_CP098240.1_601 # 731640 # 732005 # -1 # ID=1_601;partial=00;start_type=ATG;rbs_motif=GGA/GAG/AGG;rbs_spacer=11-12bp;gc_cont=0.325
NZ_CP098240.1:688577-690115|+ -            513 1064at2085           -            350   1.3e-49  164.5  17.6   1   4   1.2e-12   2.3e-11   38.7   0.1     1    97     6   107     6   117 0.84 NZ_CP098240.1_571 # 688577 # 690115 # 1 # ID=1_571;partial=00;start_type=TTG;rbs_motif=AGGA;rbs_spacer=5-10bp;gc_cont=0.320
NZ_CP098240.1:688577-690115|+ -            513 1064at2085           -            350   1.3e-49  164.5  17.6   2   4   1.3e-20   2.5e-19   64.9   0.8   150   272   116   237   109   247 0.92 NZ_CP098240.1_571 # 688577 # 690115 # 1 # ID=1_571;partial=00;start_type=TTG;rbs_motif=AGGA;rbs_spacer=5-10bp;gc_cont=0.320
NZ_CP098240.1:688577-690115|+ -            513 1064at2085           -            350   1.3e-49  164.5  17.6   3   4     6e-08   1.2e-06   23.2   0.2    12    73   278   341   264   369 0.81 NZ_CP098240.1_571 # 688577 # 690115 # 1 # ID=1_571;partial=00;start_type=TTG;rbs_motif=AGGA;rbs_spacer=5-10bp;gc_cont=0.320
NZ_CP098240.1:688577-690115|+ -            513 1064at2085           -            350   1.3e-49  164.5  17.6   4   4   2.5e-15   4.9e-14   47.5   1.7   159   262   391   495   376   502 0.86 NZ_CP098240.1_571 # 688577 # 690115 # 1 # ID=1_571;partial=00;start_type=TTG;rbs_motif=AGGA;rbs_spacer=5-10bp;gc_cont=0.320
NZ_CP098240.1:475859-476686|+ -            276 1064at2085           -            350   1.5e-48  161.0   1.2   1   1   1.1e-49     2e-48  160.6   1.2   136   290    18   172     4   186 0.91 NZ_CP098240.1_413 # 475859 # 476686 # 1 # ID=1_413;partial=00;start_type=TTG;rbs_motif=GGA/GAG/AGG;rbs_spacer=5-10bp;gc_cont=0.327
NZ_CP098240.1:491252-492412|+ -            387 1064at2085           -            350   2.8e-47  156.8  13.2   1   1   3.1e-48   5.9e-47  155.8  13.2     2   298     8   314     7   362 0.77 NZ_CP098240.1_424 # 491252 # 492412 # 1 # ID=1_424;partial=00;start_type=ATG;rbs_motif=3Base/5BMM;rbs_spacer=13-15bp;gc_cont=0.259
NZ_CP098240.1:598781-599677|- -            299 1064at2085           -            350     2e-35  117.9   4.1   1   2   9.8e-21   1.9e-19   65.3   1.0     1   107    60   176    60   194 0.79 NZ_CP098240.1_506 # 598781 # 599677 # -1 # ID=1_506;partial=00;start_type=GTG;rbs_motif=AGGAG;rbs_spacer=5-10bp;gc_cont=0.356
NZ_CP098240.1:598781-599677|- -            299 1064at2085           -            350     2e-35  117.9   4.1   2   2   2.2e-17   4.3e-16   54.3   0.1   160   258   180   277   177   284 0.89 NZ_CP098240.1_506 # 598781 # 599677 # -1 # ID=1_506;partial=00;start_type=GTG;rbs_motif=AGGAG;rbs_spacer=5-10bp;gc_cont=0.356
NZ_CP098240.1:269285-270616|+ -            444 1064at2085           -            350   3.8e-35  116.9   3.2   1   2   1.6e-10     3e-09   31.8   0.2     3   103    45   160    43   184 0.73 NZ_CP098240.1_250 # 269285 # 270616 # 1 # ID=1_250;partial=00;start_type=ATG;rbs_motif=GGAG/GAGG;rbs_spacer=5-10bp;gc_cont=0.291
NZ_CP098240.1:269285-270616|+ -            444 1064at2085           -            350   3.8e-35  116.9   3.2   2   2   6.5e-27   1.2e-25   85.6   0.2   140   267   242   369   200   375 0.86 NZ_CP098240.1_250 # 269285 # 270616 # 1 # ID=1_250;partial=00;start_type=ATG;rbs_motif=GGAG/GAGG;rbs_spacer=5-10bp;gc_cont=0.291
NZ_CP098240.1:473565-475682|+ -            706 1064at2085           -            350   2.2e-34  114.4   0.2   1   2       8.3   1.6e+02   -3.5   3.9    97   145   303   345   291   351 0.51 NZ_CP098240.1_412 # 473565 # 475682 # 1 # ID=1_412;partial=00;start_type=ATG;rbs_motif=None;rbs_spacer=None;gc_cont=0.295
NZ_CP098240.1:473565-475682|+ -            706 1064at2085           -            350   2.2e-34  114.4   0.2   2   2   1.2e-35   2.2e-34  114.4   0.2     2   140   354   491   353   540 0.75 NZ_CP098240.1_412 # 473565 # 475682 # 1 # ID=1_412;partial=00;start_type=ATG;rbs_motif=None;rbs_spacer=None;gc_cont=0.295
NZ_CP098240.1:334328-335146|+ -            273 1064at2085           -            350   1.1e-33  112.2   7.7   1   2   1.1e-14   2.2e-13   45.4   1.9     2   104     2   110     1   117 0.83 NZ_CP098240.1_300 # 334328 # 335146 # 1 # ID=1_300;partial=00;start_type=ATG;rbs_motif=GGA/GAG/AGG;rbs_spacer=5-10bp;gc_cont=0.305
NZ_CP098240.1:334328-335146|+ -            273 1064at2085           -            350   1.1e-33  112.2   7.7   2   2   1.6e-22   3.1e-21   71.2   0.8   153   271   112   229   106   245 0.94 NZ_CP098240.1_300 # 334328 # 335146 # 1 # ID=1_300;partial=00;start_type=ATG;rbs_motif=GGA/GAG/AGG;rbs_spacer=5-10bp;gc_cont=0.305
NZ_CP098240.1:401899-403851|+ -            651 1064at2085           -            350   5.1e-33  109.9  10.8   1   2   1.1e-18     2e-17   58.6   4.5     1    95     1    93     1   106 0.93 NZ_CP098240.1_353 # 401899 # 403851 # 1 # ID=1_353;partial=00;start_type=ATG;rbs_motif=GGA/GAG/AGG;rbs_spacer=5-10bp;gc_cont=0.244
NZ_CP098240.1:401899-403851|+ -            651 1064at2085           -            350   5.1e-33  109.9  10.8   2   2   1.9e-17   3.6e-16   54.5   0.6   146   259    99   207    93   229 0.84 NZ_CP098240.1_353 # 401899 # 403851 # 1 # ID=1_353;partial=00;start_type=ATG;rbs_motif=GGA/GAG/AGG;rbs_spacer=5-10bp;gc_cont=0.244
NZ_CP098240.1:433191-435578|- -            796 1064at2085           -            350   1.3e-32  108.6   8.4   1   2   1.6e-19   3.1e-18   61.3   2.2     1   115     1   112     1   125 0.82 NZ_CP098240.1_384 # 433191 # 435578 # -1 # ID=1_384;partial=00;start_type=ATG;rbs_motif=None;rbs_spacer=None;gc_cont=0.250
NZ_CP098240.1:433191-435578|- -            796 1064at2085           -            350   1.3e-32  108.6   8.4   2   2   1.3e-16   2.5e-15   51.8   1.6   157   266   105   213    98   219 0.88 NZ_CP098240.1_384 # 433191 # 435578 # -1 # ID=1_384;partial=00;start_type=ATG;rbs_motif=None;rbs_spacer=None;gc_cont=0.250
NZ_CP098240.1:335119-336021|+ -            301 1064at2085           -            350   3.2e-32  107.3   2.4   1   2   1.7e-11   3.3e-10   34.9   2.1     2   106     3   132     2   138 0.65 NZ_CP098240.1_301 # 335119 # 336021 # 1 # ID=1_301;partial=00;start_type=ATG;rbs_motif=GGA/GAG/AGG;rbs_spacer=5-10bp;gc_cont=0.307
NZ_CP098240.1:335119-336021|+ -            301 1064at2085           -            350   3.2e-32  107.3   2.4   2   2   1.2e-21   2.2e-20   68.4   0.0   152   282   131   261   125   294 0.86 NZ_CP098240.1_301 # 335119 # 336021 # 1 # ID=1_301;partial=00;start_type=ATG;rbs_motif=GGA/GAG/AGG;rbs_spacer=5-10bp;gc_cont=0.307
NZ_CP098240.1:382942-384894|- -            651 1064at2085           -            350   2.4e-30  101.2   8.4   1   2   5.8e-19   1.1e-17   59.5   5.4     1   124     1   125     1   127 0.86 NZ_CP098240.1_343 # 382942 # 384894 # -1 # ID=1_343;partial=00;start_type=ATG;rbs_motif=GGA/GAG/AGG;rbs_spacer=5-10bp;gc_cont=0.248
NZ_CP098240.1:382942-384894|- -            651 1064at2085           -            350   2.4e-30  101.2   8.4   2   2   2.7e-14   5.2e-13   44.1   0.1   172   259   122   207   114   221 0.89 NZ_CP098240.1_343 # 382942 # 384894 # -1 # ID=1_343;partial=00;start_type=ATG;rbs_motif=GGA/GAG/AGG;rbs_spacer=5-10bp;gc_cont=0.248
NZ_CP098240.1:18658-20934|-   -            759 1064at2085           -            350   5.3e-30  100.0   8.5   1   2   2.8e-19   5.4e-18   60.5   4.3     1   107     1   104     1   120 0.87 NZ_CP098240.1_21 # 18658 # 20934 # -1 # ID=1_21;partial=00;start_type=ATG;rbs_motif=None;rbs_spacer=None;gc_cont=0.253
NZ_CP098240.1:18658-20934|-   -            759 1064at2085           -            350   5.3e-30  100.0   8.5   2   2   2.6e-13     5e-12   40.9   0.1   170   258   119   205   106   218 0.90 NZ_CP098240.1_21 # 18658 # 20934 # -1 # ID=1_21;partial=00;start_type=ATG;rbs_motif=None;rbs_spacer=None;gc_cont=0.253
NZ_CP098240.1:668973-671297|- -            775 1064at2085           -            350   2.4e-29   97.8  13.6   1   4   4.3e-08   8.2e-07   23.7   6.5     8   113    15   124     5   201 0.79 NZ_CP098240.1_556 # 668973 # 671297 # -1 # ID=1_556;partial=00;start_type=ATG;rbs_motif=AGxAG;rbs_spacer=5-10bp;gc_cont=0.278
NZ_CP098240.1:668973-671297|- -            775 1064at2085           -            350   2.4e-29   97.8  13.6   2   4       4.2        81   -2.6   1.5    70   131   187   248   161   296 0.54 NZ_CP098240.1_556 # 668973 # 671297 # -1 # ID=1_556;partial=00;start_type=ATG;rbs_motif=AGxAG;rbs_spacer=5-10bp;gc_cont=0.278
NZ_CP098240.1:668973-671297|- -            775 1064at2085           -            350   2.4e-29   97.8  13.6   3   4       1.6        30   -1.1   1.2    71   147   313   391   305   422 0.55 NZ_CP098240.1_556 # 668973 # 671297 # -1 # ID=1_556;partial=00;start_type=ATG;rbs_motif=AGxAG;rbs_spacer=5-10bp;gc_cont=0.278
NZ_CP098240.1:668973-671297|- -            775 1064at2085           -            350   2.4e-29   97.8  13.6   4   4     2e-27   3.9e-26   87.3   0.6   145   271   582   709   523   719 0.79 NZ_CP098240.1_556 # 668973 # 671297 # -1 # ID=1_556;partial=00;start_type=ATG;rbs_motif=AGxAG;rbs_spacer=5-10bp;gc_cont=0.278
NZ_CP098240.1:29168-31495|-   -            776 1064at2085           -            350   5.1e-29   96.8  17.1   1   2   1.4e-19   2.6e-18   61.6   3.1     1   113     1   110     1   121 0.87 NZ_CP098240.1_26 # 29168 # 31495 # -1 # ID=1_26;partial=00;start_type=ATG;rbs_motif=None;rbs_spacer=None;gc_cont=0.262
NZ_CP098240.1:29168-31495|-   -            776 1064at2085           -            350   5.1e-29   96.8  17.1   2   2   4.8e-15   9.2e-14   46.6   0.4   170   258   119   205    97   221 0.87 NZ_CP098240.1_26 # 29168 # 31495 # -1 # ID=1_26;partial=00;start_type=ATG;rbs_motif=None;rbs_spacer=None;gc_cont=0.262
NZ_CP098240.1:671297-672349|- -            351 1064at2085           -            350   1.2e-28   95.5   0.7   1   2   8.9e-08   1.7e-06   22.7   0.2    11    72    26    88     9    94 0.78 NZ_CP098240.1_557 # 671297 # 672349 # -1 # ID=1_557;partial=00;start_type=ATG;rbs_motif=GGxGG;rbs_spacer=5-10bp;gc_cont=0.330
NZ_CP098240.1:671297-672349|- -            351 1064at2085           -            350   1.2e-28   95.5   0.7   2   2   1.4e-22   2.7e-21   71.4   0.0   153   271   133   254   121   263 0.89 NZ_CP098240.1_557 # 671297 # 672349 # -1 # ID=1_557;partial=00;start_type=ATG;rbs_motif=GGxGG;rbs_spacer=5-10bp;gc_cont=0.330
NZ_CP098240.1:399489-401807|+ -            773 1064at2085           -            350   4.6e-28   93.6  15.1   1   3   3.7e-18     7e-17   56.8   3.4     1    96     1    94     1   105 0.91 NZ_CP098240.1_352 # 399489 # 401807 # 1 # ID=1_352;partial=00;start_type=ATG;rbs_motif=GGA/GAG/AGG;rbs_spacer=5-10bp;gc_cont=0.266
NZ_CP098240.1:399489-401807|+ -            773 1064at2085           -            350   4.6e-28   93.6  15.1   2   3   2.1e-14   3.9e-13   44.5   1.3   151   268   100   216    93   239 0.84 NZ_CP098240.1_352 # 399489 # 401807 # 1 # ID=1_352;partial=00;start_type=ATG;rbs_motif=GGA/GAG/AGG;rbs_spacer=5-10bp;gc_cont=0.266
NZ_CP098240.1:399489-401807|+ -            773 1064at2085           -            350   4.6e-28   93.6  15.1   3   3       7.2   1.4e+02   -3.3   0.1    33    94   548   606   529   612 0.66 NZ_CP098240.1_352 # 399489 # 401807 # 1 # ID=1_352;partial=00;start_type=ATG;rbs_motif=GGA/GAG/AGG;rbs_spacer=5-10bp;gc_cont=0.266
NZ_CP098240.1:384971-387253|- -            761 1064at2085           -            350     1e-27   92.5  17.3   1   3   5.8e-18   1.1e-16   56.2   4.0     1    94     1    91     1    94 0.91 NZ_CP098240.1_344 # 384971 # 387253 # -1 # ID=1_344;partial=00;start_type=ATG;rbs_motif=GGA/GAG/AGG;rbs_spacer=5-10bp;gc_cont=0.254
NZ_CP098240.1:384971-387253|- -            761 1064at2085           -            350     1e-27   92.5  17.3   2   3   1.2e-13   2.4e-12   42.0   4.2   143   282    95   229    92   305 0.79 NZ_CP098240.1_344 # 384971 # 387253 # -1 # ID=1_344;partial=00;start_type=ATG;rbs_motif=GGA/GAG/AGG;rbs_spacer=5-10bp;gc_cont=0.254
NZ_CP098240.1:384971-387253|- -            761 1064at2085           -            350     1e-27   92.5  17.3   3   3       1.5        29   -1.1   0.1    84   121   276   320   258   349 0.55 NZ_CP098240.1_344 # 384971 # 387253 # -1 # ID=1_344;partial=00;start_type=ATG;rbs_motif=GGA/GAG/AGG;rbs_spacer=5-10bp;gc_cont=0.254
NZ_CP098240.1:262528-264144|- -            539 1064at2085           -            350   1.4e-27   92.1   4.6   1   5   2.8e-13   5.4e-12   40.8   0.8     1    64     1    64     1   104 0.82 NZ_CP098240.1_245 # 262528 # 264144 # -1 # ID=1_245;partial=00;start_type=ATG;rbs_motif=AGGA;rbs_spacer=5-10bp;gc_cont=0.332
NZ_CP098240.1:262528-264144|- -            539 1064at2085           -            350   1.4e-27   92.1   4.6   2   5       1.8        34   -1.3   0.0   248   273    83   109    62   116 0.75 NZ_CP098240.1_245 # 262528 # 264144 # -1 # ID=1_245;partial=00;start_type=ATG;rbs_motif=AGGA;rbs_spacer=5-10bp;gc_cont=0.332
NZ_CP098240.1:262528-264144|- -            539 1064at2085           -            350   1.4e-27   92.1   4.6   3   5   2.3e-09   4.4e-08   27.9   0.0   171   261   148   234   130   281 0.84 NZ_CP098240.1_245 # 262528 # 264144 # -1 # ID=1_245;partial=00;start_type=ATG;rbs_motif=AGGA;rbs_spacer=5-10bp;gc_cont=0.332
NZ_CP098240.1:262528-264144|- -            539 1064at2085           -            350   1.4e-27   92.1   4.6   4   5     0.012      0.23    5.8   0.0    14    60   334   380   321   395 0.87 NZ_CP098240.1_245 # 262528 # 264144 # -1 # ID=1_245;partial=00;start_type=ATG;rbs_motif=AGGA;rbs_spacer=5-10bp;gc_cont=0.332
NZ_CP098240.1:262528-264144|- -            539 1064at2085           -            350   1.4e-27   92.1   4.6   5   5   1.8e-05   0.00034   15.1   0.0   174   223   443   492   418   535 0.78 NZ_CP098240.1_245 # 262528 # 264144 # -1 # ID=1_245;partial=00;start_type=ATG;rbs_motif=AGGA;rbs_spacer=5-10bp;gc_cont=0.332
NZ_CP098240.1:812705-814237|+ -            511 1064at2085           -            350   6.4e-27   89.9  18.5   1   4   1.1e-12   2.1e-11   38.9   1.0     2   119    14   136    13   152 0.85 NZ_CP098240.1_668 # 812705 # 814237 # 1 # ID=1_668;partial=00;start_type=GTG;rbs_motif=GGA/GAG/AGG;rbs_spacer=11-12bp;gc_cont=0.320
NZ_CP098240.1:812705-814237|+ -            511 1064at2085           -            350   6.4e-27   89.9  18.5   2   4   3.4e-06   6.5e-05   17.5   1.5   153   260   124   230   120   273 0.79 NZ_CP098240.1_668 # 812705 # 814237 # 1 # ID=1_668;partial=00;start_type=GTG;rbs_motif=GGA/GAG/AGG;rbs_spacer=11-12bp;gc_cont=0.320
NZ_CP098240.1:812705-814237|+ -            511 1064at2085           -            350   6.4e-27   89.9  18.5   3   4     0.003     0.058    7.8   0.2    17    69   280   331   267   337 0.84 NZ_CP098240.1_668 # 812705 # 814237 # 1 # ID=1_668;partial=00;start_type=GTG;rbs_motif=GGA/GAG/AGG;rbs_spacer=11-12bp;gc_cont=0.320
NZ_CP098240.1:812705-814237|+ -            511 1064at2085           -            350   6.4e-27   89.9  18.5   4   4   1.9e-12   3.7e-11   38.0   0.8   140   259   375   492   356   503 0.75 NZ_CP098240.1_668 # 812705 # 814237 # 1 # ID=1_668;partial=00;start_type=GTG;rbs_motif=GGA/GAG/AGG;rbs_spacer=11-12bp;gc_cont=0.320
NZ_CP098240.1:494846-497146|+ -            767 1064at2085           -            350   3.2e-26   87.6  10.4   1   3   6.4e-18   1.2e-16   56.1   2.6     1   126     1   127     1   128 0.86 NZ_CP098240.1_428 # 494846 # 497146 # 1 # ID=1_428;partial=00;start_type=ATG;rbs_motif=GGA/GAG/AGG;rbs_spacer=5-10bp;gc_cont=0.291
NZ_CP098240.1:494846-497146|+ -            767 1064at2085           -            350   3.2e-26   87.6  10.4   2   3   6.1e-12   1.2e-10   36.4   0.2   173   253   123   201   102   212 0.86 NZ_CP098240.1_428 # 494846 # 497146 # 1 # ID=1_428;partial=00;start_type=ATG;rbs_motif=GGA/GAG/AGG;rbs_spacer=5-10bp;gc_cont=0.291
NZ_CP098240.1:494846-497146|+ -            767 1064at2085           -            350   3.2e-26   87.6  10.4   3   3      0.59        11    0.3   0.1    85   157   527   600   521   607 0.82 NZ_CP098240.1_428 # 494846 # 497146 # 1 # ID=1_428;partial=00;start_type=ATG;rbs_motif=GGA/GAG/AGG;rbs_spacer=5-10bp;gc_cont=0.291
NZ_CP098240.1:21143-23383|-   -            747 1064at2085           -            350   2.8e-25   84.5   7.5   1   2   4.7e-17     9e-16   53.2   4.0     1   112     1   109     1   125 0.83 NZ_CP098240.1_22 # 21143 # 23383 # -1 # ID=1_22;partial=00;start_type=ATG;rbs_motif=None;rbs_spacer=None;gc_cont=0.261
NZ_CP098240.1:21143-23383|-   -            747 1064at2085           -            350   2.8e-25   84.5   7.5   2   2   6.2e-11   1.2e-09   33.1   0.2   170   258   119   205   107   219 0.88 NZ_CP098240.1_22 # 21143 # 23383 # -1 # ID=1_22;partial=00;start_type=ATG;rbs_motif=None;rbs_spacer=None;gc_cont=0.261
NZ_CP098240.1:622974-623690|- -            239 1064at2085           -            350   1.1e-24   82.5   3.1   1   2     5e-10   9.5e-09   30.1   0.7     1    63     5    68     5    90 0.88 NZ_CP098240.1_523 # 622974 # 623690 # -1 # ID=1_523;partial=00;start_type=ATG;rbs_motif=AGGA;rbs_spacer=5-10bp;gc_cont=0.266
NZ_CP098240.1:622974-623690|- -            239 1064at2085           -            350   1.1e-24   82.5   3.1   2   2   5.2e-17   9.9e-16   53.1   0.1   137   268    94   225    81   233 0.87 NZ_CP098240.1_523 # 622974 # 623690 # -1 # ID=1_523;partial=00;start_type=ATG;rbs_motif=AGGA;rbs_spacer=5-10bp;gc_cont=0.266
NZ_CP098240.1:267883-269295|+ -            471 1064at2085           -            350   5.1e-24   80.3   9.4   1   3       2.2        42   -1.6   0.4   101   152    68   115    37   139 0.51 NZ_CP098240.1_249 # 267883 # 269295 # 1 # ID=1_249;partial=00;start_type=ATG;rbs_motif=AGGAGG;rbs_spacer=5-10bp;gc_cont=0.321
NZ_CP098240.1:267883-269295|+ -            471 1064at2085           -            350   5.1e-24   80.3   9.4   2   3   2.7e-06   5.2e-05   17.8   0.1    14   110   141   251   127   266 0.70 NZ_CP098240.1_249 # 267883 # 269295 # 1 # ID=1_249;partial=00;start_type=ATG;rbs_motif=AGGAGG;rbs_spacer=5-10bp;gc_cont=0.321
NZ_CP098240.1:267883-269295|+ -            471 1064at2085           -            350   5.1e-24   80.3   9.4   3   3   1.4e-21   2.7e-20   68.1   0.9   173   270   272   369   247   375 0.90 NZ_CP098240.1_249 # 267883 # 269295 # 1 # ID=1_249;partial=00;start_type=ATG;rbs_motif=AGGAGG;rbs_spacer=5-10bp;gc_cont=0.321
NZ_CP098240.1:26775-29057|-   -            761 1064at2085           -            350     7e-24   79.9  14.7   1   3   7.1e-17   1.4e-15   52.6   5.2     1   121     1   121     1   125 0.82 NZ_CP098240.1_25 # 26775 # 29057 # -1 # ID=1_25;partial=00;start_type=ATG;rbs_motif=AGGAG(G)/GGAGG;rbs_spacer=13-15bp;gc_cont=0.238
NZ_CP098240.1:26775-29057|-   -            761 1064at2085           -            350     7e-24   79.9  14.7   2   3   2.5e-11   4.8e-10   34.4   0.8   163   258   111   205    95   226 0.79 NZ_CP098240.1_25 # 26775 # 29057 # -1 # ID=1_25;partial=00;start_type=ATG;rbs_motif=AGGAG(G)/GGAGG;rbs_spacer=13-15bp;gc_cont=0.238
NZ_CP098240.1:26775-29057|-   -            761 1064at2085           -            350     7e-24   79.9  14.7   3   3       1.4        26   -0.9   0.3   103   176   539   613   526   639 0.66 NZ_CP098240.1_25 # 26775 # 29057 # -1 # ID=1_25;partial=00;start_type=ATG;rbs_motif=AGGAG(G)/GGAGG;rbs_spacer=13-15bp;gc_cont=0.238
NZ_CP098240.1:297136-298032|+ -            299 1064at2085           -            350   1.3e-23   79.0   0.5   1   2   0.00024    0.0045   11.4   0.0    16    67    69   120    62   133 0.89 NZ_CP098240.1_268 # 297136 # 298032 # 1 # ID=1_268;partial=00;start_type=ATG;rbs_motif=None;rbs_spacer=None;gc_cont=0.308
NZ_CP098240.1:297136-298032|+ -            299 1064at2085           -            350   1.3e-23   79.0   0.5   2   2   7.5e-21   1.4e-19   65.7   0.3   150   259   170   279   162   291 0.90 NZ_CP098240.1_268 # 297136 # 298032 # 1 # ID=1_268;partial=00;start_type=ATG;rbs_motif=None;rbs_spacer=None;gc_cont=0.308
NZ_CP098240.1:463675-464445|+ -            257 1064at2085           -            350   1.8e-22   75.2   4.8   1   2     7e-07   1.3e-05   19.7   0.3    12    76    22    86     9   131 0.71 NZ_CP098240.1_405 # 463675 # 464445 # 1 # ID=1_405;partial=00;start_type=ATG;rbs_motif=None;rbs_spacer=None;gc_cont=0.265
NZ_CP098240.1:463675-464445|+ -            257 1064at2085           -            350   1.8e-22   75.2   4.8   2   2   7.1e-19   1.4e-17   59.2   2.7    83   267    56   242    56   249 0.74 NZ_CP098240.1_405 # 463675 # 464445 # 1 # ID=1_405;partial=00;start_type=ATG;rbs_motif=None;rbs_spacer=None;gc_cont=0.265
NZ_CP098240.1:851022-852641|+ -            540 1064at2085           -            350   4.3e-22   74.0   4.6   1   2   7.1e-12   1.4e-10   36.2   0.7     1    72   336   408   336   419 0.92 NZ_CP098240.1_692 # 851022 # 852641 # 1 # ID=1_692;partial=00;start_type=ATG;rbs_motif=None;rbs_spacer=None;gc_cont=0.228
NZ_CP098240.1:851022-852641|+ -            540 1064at2085           -            350   4.3e-22   74.0   4.6   2   2     7e-13   1.3e-11   39.5   0.3   131   250   418   536   408   539 0.82 NZ_CP098240.1_692 # 851022 # 852641 # 1 # ID=1_692;partial=00;start_type=ATG;rbs_motif=None;rbs_spacer=None;gc_cont=0.228
NZ_CP098240.1:905349-906962|+ -            538 1064at2085           -            350   3.8e-19   64.3   8.0   1   2   1.1e-14     2e-13   45.5   1.2     2    72   325   395   324   428 0.85 NZ_CP098240.1_732 # 905349 # 906962 # 1 # ID=1_732;partial=00;start_type=ATG;rbs_motif=AGxAGG/AGGxGG;rbs_spacer=5-10bp;gc_cont=0.267
NZ_CP098240.1:905349-906962|+ -            538 1064at2085           -            350   3.8e-19   64.3   8.0   2   2   1.2e-07   2.2e-06   22.3   1.0   157   240   427   514   420   521 0.78 NZ_CP098240.1_732 # 905349 # 906962 # 1 # ID=1_732;partial=00;start_type=ATG;rbs_motif=AGxAGG/AGGxGG;rbs_spacer=5-10bp;gc_cont=0.267
NZ_CP098240.1:844353-845966|+ -            538 1064at2085           -            350   3.1e-18   61.3   6.5   1   4       6.4   1.2e+02   -3.1   0.4    79   108    72   101    67   121 0.64 NZ_CP098240.1_689 # 844353 # 845966 # 1 # ID=1_689;partial=00;start_type=ATG;rbs_motif=AGGAG;rbs_spacer=5-10bp;gc_cont=0.242
NZ_CP098240.1:844353-845966|+ -            538 1064at2085           -            350   3.1e-18   61.3   6.5   2   4         8   1.5e+02   -3.5   0.1   131   150   300   316   289   332 0.60 NZ_CP098240.1_689 # 844353 # 845966 # 1 # ID=1_689;partial=00;start_type=ATG;rbs_motif=AGGAG;rbs_spacer=5-10bp;gc_cont=0.242
NZ_CP098240.1:844353-845966|+ -            538 1064at2085           -            350   3.1e-18   61.3   6.5   3   4   2.9e-10   5.5e-09   30.9   0.4     6    71   339   405   334   417 0.87 NZ_CP098240.1_689 # 844353 # 845966 # 1 # ID=1_689;partial=00;start_type=ATG;rbs_motif=AGGAG;rbs_spacer=5-10bp;gc_cont=0.242
NZ_CP098240.1:844353-845966|+ -            538 1064at2085           -            350   3.1e-18   61.3   6.5   4   4   1.6e-13   3.1e-12   41.6   1.2   154   251   435   534   421   537 0.79 NZ_CP098240.1_689 # 844353 # 845966 # 1 # ID=1_689;partial=00;start_type=ATG;rbs_motif=AGGAG;rbs_spacer=5-10bp;gc_cont=0.242
NZ_CP098240.1:141380-144223|- -            948 1064at2085           -            350   1.6e-15   52.3   5.9   1   4     0.018      0.34    5.3   0.1    15    42    19    46    13    57 0.90 NZ_CP098240.1_124 # 141380 # 144223 # -1 # ID=1_124;partial=00;start_type=ATG;rbs_motif=None;rbs_spacer=None;gc_cont=0.328
NZ_CP098240.1:141380-144223|- -            948 1064at2085           -            350   1.6e-15   52.3   5.9   2   4   7.7e-07   1.5e-05   19.6   0.0   153   249   467   563   443   601 0.77 NZ_CP098240.1_124 # 141380 # 144223 # -1 # ID=1_124;partial=00;start_type=ATG;rbs_motif=None;rbs_spacer=None;gc_cont=0.328
NZ_CP098240.1:141380-144223|- -            948 1064at2085           -            350   1.6e-15   52.3   5.9   3   4     1e-05   0.00019   16.0   0.4    15    47   626   658   618   680 0.82 NZ_CP098240.1_124 # 141380 # 144223 # -1 # ID=1_124;partial=00;start_type=ATG;rbs_motif=None;rbs_spacer=None;gc_cont=0.328
NZ_CP098240.1:141380-144223|- -            948 1064at2085           -            350   1.6e-15   52.3   5.9   4   4    0.0003    0.0057   11.1   0.0   174   251   829   907   811   940 0.74 NZ_CP098240.1_124 # 141380 # 144223 # -1 # ID=1_124;partial=00;start_type=ATG;rbs_motif=None;rbs_spacer=None;gc_cont=0.328
NZ_CP098240.1:849484-851013|+ -            510 1064at2085           -            350   8.3e-14   46.7   6.6   1   2   5.6e-11   1.1e-09   33.2   2.7     2   127   307   435   306   436 0.80 NZ_CP098240.1_691 # 849484 # 851013 # 1 # ID=1_691;partial=00;start_type=TTG;rbs_motif=None;rbs_spacer=None;gc_cont=0.190
NZ_CP098240.1:849484-851013|+ -            510 1064at2085           -            350   8.3e-14   46.7   6.6   2   2   3.4e-06   6.4e-05   17.5   0.4   170   250   429   507   404   509 0.70 NZ_CP098240.1_691 # 849484 # 851013 # 1 # ID=1_691;partial=00;start_type=TTG;rbs_motif=None;rbs_spacer=None;gc_cont=0.190
NZ_CP098240.1:842732-844342|+ -            537 1064at2085           -            350   1.6e-13   45.8   0.2   1   2   2.1e-10     4e-09   31.3   0.1     2    72   334   406   333   433 0.85 NZ_CP098240.1_688 # 842732 # 844342 # 1 # ID=1_688;partial=00;start_type=ATG;rbs_motif=AGGA;rbs_spacer=5-10bp;gc_cont=0.238
NZ_CP098240.1:842732-844342|+ -            537 1064at2085           -            350   1.6e-13   45.8   0.2   2   2   0.00018    0.0035   11.8   0.0   174   231   460   514   440   535 0.72 NZ_CP098240.1_688 # 842732 # 844342 # 1 # ID=1_688;partial=00;start_type=ATG;rbs_motif=AGGA;rbs_spacer=5-10bp;gc_cont=0.238
NZ_CP098240.1:23456-25468|-   -            671 1064at2085           -            350   3.7e-12   41.3   0.1   1   1   4.9e-13   9.4e-12   40.0   0.1   171   263    15   107     3   140 0.87 NZ_CP098240.1_23 # 23456 # 25468 # -1 # ID=1_23;partial=00;start_type=TTG;rbs_motif=None;rbs_spacer=None;gc_cont=0.269
NZ_CP098240.1:903758-905356|+ -            533 1064at2085           -            350   4.1e-12   41.2   7.9   1   3       3.5        67   -2.3   0.2   126   154   211   241   199   255 0.74 NZ_CP098240.1_731 # 903758 # 905356 # 1 # ID=1_731;partial=00;start_type=ATG;rbs_motif=AGGAGG;rbs_spacer=5-10bp;gc_cont=0.258
NZ_CP098240.1:903758-905356|+ -            533 1064at2085           -            350   4.1e-12   41.2   7.9   2   3   2.1e-09   3.9e-08   28.1   0.7     2    71   327   397   326   425 0.80 NZ_CP098240.1_731 # 903758 # 905356 # 1 # ID=1_731;partial=00;start_type=ATG;rbs_motif=AGGAGG;rbs_spacer=5-10bp;gc_cont=0.258
NZ_CP098240.1:903758-905356|+ -            533 1064at2085           -            350   4.1e-12   41.2   7.9   3   3   3.6e-06   6.9e-05   17.4   0.3   157   245   431   518   388   529 0.72 NZ_CP098240.1_731 # 903758 # 905356 # 1 # ID=1_731;partial=00;start_type=ATG;rbs_motif=AGGAGG;rbs_spacer=5-10bp;gc_cont=0.258
NZ_CP098240.1:296504-296755|+ -             84 1064at2085           -            350   1.7e-11   39.1   0.2   1   1   9.6e-13   1.8e-11   39.0   0.2     2    61    11    70    10    80 0.94 NZ_CP098240.1_267 # 296504 # 296755 # 1 # ID=1_267;partial=00;start_type=TTG;rbs_motif=GGAGG;rbs_spacer=5-10bp;gc_cont=0.313
NZ_CP098240.1:219863-221902|- -            680 1064at2085           -            350   1.5e-09   32.7   5.0   1   3       3.2        61   -2.2   0.1    68    86   113   131    78   146 0.69 NZ_CP098240.1_195 # 219863 # 221902 # -1 # ID=1_195;partial=00;start_type=ATG;rbs_motif=None;rbs_spacer=None;gc_cont=0.246
NZ_CP098240.1:219863-221902|- -            680 1064at2085           -            350   1.5e-09   32.7   5.0   2   3     1e-05    0.0002   15.9   0.5     2    94   470   561   469   584 0.80 NZ_CP098240.1_195 # 219863 # 221902 # -1 # ID=1_195;partial=00;start_type=ATG;rbs_motif=None;rbs_spacer=None;gc_cont=0.246
NZ_CP098240.1:219863-221902|- -            680 1064at2085           -            350   1.5e-09   32.7   5.0   3   3   2.8e-06   5.4e-05   17.8   0.1   165   239   589   661   568   666 0.88 NZ_CP098240.1_195 # 219863 # 221902 # -1 # ID=1_195;partial=00;start_type=ATG;rbs_motif=None;rbs_spacer=None;gc_cont=0.246
NZ_CP098240.1:18270-18503|-   -             78 1064at2085           -            350   0.00012   16.6   1.2   1   1   6.7e-06   0.00013   16.5   1.2    60   125     3    71     1    76 0.66 NZ_CP098240.1_20 # 18270 # 18503 # -1 # ID=1_20;partial=00;start_type=TTG;rbs_motif=None;rbs_spacer=None;gc_cont=0.244
#
# Program:         hmmsearch
# Version:         3.4 (Aug 2023)
# Pipeline mode:   SEARCH
# Query file:      /home/bryan/Documentos/GitHub/Project_doctoral/IMPLEMENTACAO/Genomes/M_hyopneumoniae/strains/131B/Use/busco_downloads/lineages/mycoplasmatales_odb10/hmms/1064at2085.hmm
# Target file:     /home/bryan/Documentos/GitHub/Project_doctoral/IMPLEMENTACAO/Genomes/M_hyopneumoniae/strains/131B/Use/busco_complete/prodigal_output/predicted_genes/predicted.faa
# Option settings: hmmsearch --domtblout /home/bryan/Documentos/GitHub/Project_doctoral/IMPLEMENTACAO/Genomes/M_hyopneumoniae/strains/131B/Use/busco_complete/run_mycoplasmatales_odb10/hmmer_output/1064at2085.out --cpu 1 /home/bryan/Documentos/GitHub/Project_doctoral/IMPLEMENTACAO/Genomes/M_hyopneumoniae/strains/131B/Use/busco_downloads/lineages/mycoplasmatales_odb10/hmms/1064at2085.hmm /home/bryan/Documentos/GitHub/Project_doctoral/IMPLEMENTACAO/Genomes/M_hyopneumoniae/strains/131B/Use/busco_complete/prodigal_output/predicted_genes/predicted.faa 
# Current dir:     /home/bryan/Documentos/GitHub/Project_doctoral/IMPLEMENTACAO/Genomes/M_hyopneumoniae/strains/131B/Use
# Date:            Sun Dec  1 18:59:07 2024
# [ok]
