#                                                                                     --- full sequence --- -------------- this domain -------------   hmm coord   ali coord   env coord
# target name                 accession   tlen query name           accession   qlen   E-value  score  bias   #  of  c-Evalue  i-Evalue  score  bias  from    to  from    to  from    to  acc description of target
#         ------------------- ---------- ----- -------------------- ---------- ----- --------- ------ ----- --- --- --------- --------- ------ ----- ----- ----- ----- ----- ----- ----- ---- ---------------------
NZ_CP098240.1:782458-784257|- -            600 801at2085            -            486  2.9e-190  628.5  29.4   1   2    2e-156  2.9e-154  509.8  10.0     3   343    16   392    14   395 0.90 NZ_CP098240.1_644 # 782458 # 784257 # -1 # ID=1_644;partial=00;start_type=ATG;rbs_motif=GGAG/GAGG;rbs_spacer=5-10bp;gc_cont=0.350
NZ_CP098240.1:782458-784257|- -            600 801at2085            -            486  2.9e-190  628.5  29.4   2   2   1.3e-39   1.9e-37  124.5  13.6   320   485   388   594   383   595 0.82 NZ_CP098240.1_644 # 782458 # 784257 # -1 # ID=1_644;partial=00;start_type=ATG;rbs_motif=GGAG/GAGG;rbs_spacer=5-10bp;gc_cont=0.350
NZ_CP098240.1:93374-95137|+   -            588 801at2085            -            486   1.5e-19   65.5   6.2   1   2   1.1e-21   1.7e-19   65.3   4.0    86   282    10   221     3   243 0.80 NZ_CP098240.1_84 # 93374 # 95137 # 1 # ID=1_84;partial=00;start_type=ATG;rbs_motif=None;rbs_spacer=None;gc_cont=0.348
NZ_CP098240.1:93374-95137|+   -            588 801at2085            -            486   1.5e-19   65.5   6.2   2   2      0.29        43   -2.0   0.0    26    81   464   520   441   534 0.61 NZ_CP098240.1_84 # 93374 # 95137 # 1 # ID=1_84;partial=00;start_type=ATG;rbs_motif=None;rbs_spacer=None;gc_cont=0.348
NZ_CP098240.1:705827-707035|- -            403 801at2085            -            486   5.2e-18   60.4   5.2   1   1   7.8e-19   1.2e-16   55.9   5.1    85   280    21   248     7   297 0.66 NZ_CP098240.1_581 # 705827 # 707035 # -1 # ID=1_581;partial=00;start_type=ATG;rbs_motif=AGGA;rbs_spacer=5-10bp;gc_cont=0.402
NZ_CP098240.1:96503-98587|-   -            695 801at2085            -            486   1.1e-15   52.7   4.7   1   2   3.9e-16   5.8e-14   47.0   3.0   112   205    58   161     6   210 0.69 NZ_CP098240.1_86 # 96503 # 98587 # -1 # ID=1_86;partial=00;start_type=ATG;rbs_motif=AGGA;rbs_spacer=5-10bp;gc_cont=0.374
NZ_CP098240.1:96503-98587|-   -            695 801at2085            -            486   1.1e-15   52.7   4.7   2   2     0.014       2.1    2.3   0.0   203   234   243   275   223   396 0.77 NZ_CP098240.1_86 # 96503 # 98587 # -1 # ID=1_86;partial=00;start_type=ATG;rbs_motif=AGGA;rbs_spacer=5-10bp;gc_cont=0.374
NZ_CP098240.1:134809-135600|+ -            264 801at2085            -            486   1.1e-05   19.8   0.5   1   2     0.013         2    2.4   0.3   144   201    12    68     8    74 0.77 NZ_CP098240.1_118 # 134809 # 135600 # 1 # ID=1_118;partial=00;start_type=ATG;rbs_motif=GGA/GAG/AGG;rbs_spacer=3-4bp;gc_cont=0.265
NZ_CP098240.1:134809-135600|+ -            264 801at2085            -            486   1.1e-05   19.8   0.5   2   2   1.7e-06   0.00025   15.3   0.0    87   132   115   162    86   169 0.82 NZ_CP098240.1_118 # 134809 # 135600 # 1 # ID=1_118;partial=00;start_type=ATG;rbs_motif=GGA/GAG/AGG;rbs_spacer=3-4bp;gc_cont=0.265
#
# Program:         hmmsearch
# Version:         3.4 (Aug 2023)
# Pipeline mode:   SEARCH
# Query file:      /home/bryan/Documentos/GitHub/Project_doctoral/IMPLEMENTACAO/Genomes/M_hyopneumoniae/strains/131B/Use/busco_downloads/lineages/mycoplasmatales_odb10/hmms/801at2085.hmm
# Target file:     /home/bryan/Documentos/GitHub/Project_doctoral/IMPLEMENTACAO/Genomes/M_hyopneumoniae/strains/131B/Use/busco_complete/prodigal_output/predicted_genes/predicted.faa
# Option settings: hmmsearch --domtblout /home/bryan/Documentos/GitHub/Project_doctoral/IMPLEMENTACAO/Genomes/M_hyopneumoniae/strains/131B/Use/busco_complete/run_mycoplasmatales_odb10/hmmer_output/801at2085.out --cpu 1 /home/bryan/Documentos/GitHub/Project_doctoral/IMPLEMENTACAO/Genomes/M_hyopneumoniae/strains/131B/Use/busco_downloads/lineages/mycoplasmatales_odb10/hmms/801at2085.hmm /home/bryan/Documentos/GitHub/Project_doctoral/IMPLEMENTACAO/Genomes/M_hyopneumoniae/strains/131B/Use/busco_complete/prodigal_output/predicted_genes/predicted.faa 
# Current dir:     /home/bryan/Documentos/GitHub/Project_doctoral/IMPLEMENTACAO/Genomes/M_hyopneumoniae/strains/131B/Use
# Date:            Sun Dec  1 18:59:14 2024
# [ok]
