-------------------------------------
PRODIGAL v2.6.3 [February, 2016]         
Univ of Tenn / Oak Ridge National Lab
Doug Hyatt, Loren Hauser, et al.     
-------------------------------------
Request:  Single Genome, Phase:  Training
Reading in the sequence(s) to train...910084 bp seq created, 28.44 pct GC
Locating all potential starts and stops...27040 nodes
Looking for GC bias in different frames...frame bias scores: 2.34 0.33 0.33
Building initial set of genes to train from...done!
Creating coding model and scoring nodes...done!
Examining upstream regions and training starts...done!
-------------------------------------
Request:  Single Genome, Phase:  Gene Finding
Finding genes in sequence #1 (83929 bp)...done!
Finding genes in sequence #2 (59623 bp)...done!
Finding genes in sequence #3 (4450 bp)...done!
Finding genes in sequence #4 (496707 bp)...done!
Finding genes in sequence #5 (74188 bp)...done!
Finding genes in sequence #6 (45128 bp)...done!
Finding genes in sequence #7 (80612 bp)...done!
Finding genes in sequence #8 (58830 bp)...done!
Finding genes in sequence #9 (1704 bp)...done!
Finding genes in sequence #10 (1911 bp)...done!
Finding genes in sequence #11 (1053 bp)...done!
Finding genes in sequence #12 (1053 bp)...done!
Finding genes in sequence #13 (477 bp)...done!
Finding genes in sequence #14 (251 bp)...done!
