#                                                                                       --- full sequence --- -------------- this domain -------------   hmm coord   ali coord   env coord
# target name                   accession   tlen query name           accession   qlen   E-value  score  bias   #  of  c-Evalue  i-Evalue  score  bias  from    to  from    to  from    to  acc description of target
#           ------------------- ---------- ----- -------------------- ---------- ----- --------- ------ ----- --- --- --------- --------- ------ ----- ----- ----- ----- ----- ----- ----- ---- ---------------------
NZ_QQRA01000020.1:43-963|+      -            307 2666at2085           -            250     1e-91  301.9   0.2   1   1   4.5e-93   5.4e-91  299.6   0.2     1   248     5   285     5   288 0.89 NZ_QQRA01000020.1_1 # 43 # 963 # 1 # ID=13_1;partial=00;start_type=ATG;rbs_motif=None;rbs_spacer=None;gc_cont=0.330
NZ_QQRA01000014.1:10593-11489|- -            299 2666at2085           -            250   2.8e-29   97.4   0.9   1   3   2.8e-13   3.4e-11   38.2   0.0     6    77    22    95    20   121 0.82 NZ_QQRA01000014.1_9 # 10593 # 11489 # -1 # ID=6_9;partial=00;start_type=ATG;rbs_motif=3Base/5BMM;rbs_spacer=13-15bp;gc_cont=0.311
NZ_QQRA01000014.1:10593-11489|- -            299 2666at2085           -            250   2.8e-29   97.4   0.9   2   3      0.26        31   -1.0   0.1   139   188   118   164    94   174 0.48 NZ_QQRA01000014.1_9 # 10593 # 11489 # -1 # ID=6_9;partial=00;start_type=ATG;rbs_motif=3Base/5BMM;rbs_spacer=13-15bp;gc_cont=0.311
NZ_QQRA01000014.1:10593-11489|- -            299 2666at2085           -            250   2.8e-29   97.4   0.9   3   3   5.2e-19   6.3e-17   57.0   0.4   133   241   183   296   164   298 0.83 NZ_QQRA01000014.1_9 # 10593 # 11489 # -1 # ID=6_9;partial=00;start_type=ATG;rbs_motif=3Base/5BMM;rbs_spacer=13-15bp;gc_cont=0.311
NZ_QQRA01000008.1:34381-35184|- -            268 2666at2085           -            250   1.6e-25   85.1   4.6   1   2   1.3e-09   1.6e-07   26.2   0.1     2    70     2    69     1   122 0.88 NZ_QQRA01000008.1_20 # 34381 # 35184 # -1 # ID=82_20;partial=00;start_type=ATG;rbs_motif=None;rbs_spacer=None;gc_cont=0.300
NZ_QQRA01000008.1:34381-35184|- -            268 2666at2085           -            250   1.6e-25   85.1   4.6   2   2     7e-20   8.5e-18   59.8   1.8   164   245   177   264   138   266 0.83 NZ_QQRA01000008.1_20 # 34381 # 35184 # -1 # ID=82_20;partial=00;start_type=ATG;rbs_motif=None;rbs_spacer=None;gc_cont=0.300
NZ_QQRA01000002.1:49588-50418|- -            277 2666at2085           -            250   8.5e-22   72.9   5.1   1   1   2.1e-23   2.5e-21   71.4   5.1     3   246     2   272     1   274 0.73 NZ_QQRA01000002.1_35 # 49588 # 50418 # -1 # ID=23_35;partial=00;start_type=ATG;rbs_motif=AGGA;rbs_spacer=5-10bp;gc_cont=0.313
NZ_QQRA01000004.1:34333-35673|+ -            447 2666at2085           -            250     2e-17   58.6   9.2   1   2   1.7e-19     2e-17   58.6   9.2     6   245     6   265     3   269 0.74 NZ_QQRA01000004.1_23 # 34333 # 35673 # 1 # ID=45_23;partial=00;start_type=ATG;rbs_motif=GGA/GAG/AGG;rbs_spacer=5-10bp;gc_cont=0.245
NZ_QQRA01000004.1:34333-35673|+ -            447 2666at2085           -            250     2e-17   58.6   9.2   2   2     0.054       6.6    1.2   1.1   104   152   363   414   326   444 0.72 NZ_QQRA01000004.1_23 # 34333 # 35673 # 1 # ID=45_23;partial=00;start_type=ATG;rbs_motif=GGA/GAG/AGG;rbs_spacer=5-10bp;gc_cont=0.245
NZ_QQRA01000034.1:1838-2647|-   -            270 2666at2085           -            250   2.4e-17   58.4   3.5   1   2   1.6e-05     0.002   12.8   0.1     4    79     5    80     2    94 0.80 NZ_QQRA01000034.1_3 # 1838 # 2647 # -1 # ID=28_3;partial=00;start_type=ATG;rbs_motif=None;rbs_spacer=None;gc_cont=0.298
NZ_QQRA01000034.1:1838-2647|-   -            270 2666at2085           -            250   2.4e-17   58.4   3.5   2   2   7.9e-16   9.6e-14   46.5   0.6   107   223   132   242   104   263 0.81 NZ_QQRA01000034.1_3 # 1838 # 2647 # -1 # ID=28_3;partial=00;start_type=ATG;rbs_motif=None;rbs_spacer=None;gc_cont=0.298
#
# Program:         hmmsearch
# Version:         3.4 (Aug 2023)
# Pipeline mode:   SEARCH
# Query file:      /home/bryan/Documentos/GitHub/Project_doctoral/IMPLEMENTACAO/Genomes/M_hyopneumoniae/strains/MHP682/Use/busco_downloads/lineages/mycoplasmatales_odb10/hmms/2666at2085.hmm
# Target file:     /home/bryan/Documentos/GitHub/Project_doctoral/IMPLEMENTACAO/Genomes/M_hyopneumoniae/strains/MHP682/Use/busco_draft/prodigal_output/predicted_genes/predicted.faa
# Option settings: hmmsearch --domtblout /home/bryan/Documentos/GitHub/Project_doctoral/IMPLEMENTACAO/Genomes/M_hyopneumoniae/strains/MHP682/Use/busco_draft/run_mycoplasmatales_odb10/hmmer_output/2666at2085.out --cpu 1 /home/bryan/Documentos/GitHub/Project_doctoral/IMPLEMENTACAO/Genomes/M_hyopneumoniae/strains/MHP682/Use/busco_downloads/lineages/mycoplasmatales_odb10/hmms/2666at2085.hmm /home/bryan/Documentos/GitHub/Project_doctoral/IMPLEMENTACAO/Genomes/M_hyopneumoniae/strains/MHP682/Use/busco_draft/prodigal_output/predicted_genes/predicted.faa 
# Current dir:     /home/bryan/Documentos/GitHub/Project_doctoral/IMPLEMENTACAO/Genomes/M_hyopneumoniae/strains/MHP682/Use
# Date:            Sun Dec  1 19:24:36 2024
# [ok]
