#                                                                                       --- full sequence --- -------------- this domain -------------   hmm coord   ali coord   env coord
# target name                   accession   tlen query name           accession   qlen   E-value  score  bias   #  of  c-Evalue  i-Evalue  score  bias  from    to  from    to  from    to  acc description of target
#           ------------------- ---------- ----- -------------------- ---------- ----- --------- ------ ----- --- --- --------- --------- ------ ----- ----- ----- ----- ----- ----- ----- ---- ---------------------
NZ_QQRA01000012.1:16207-16803|+ -            199 4324at2085           -            135     4e-41  135.6   3.3   1   1   8.5e-43   7.7e-41  134.7   3.3     2   134    24   190    23   191 0.79 NZ_QQRA01000012.1_12 # 16207 # 16803 # 1 # ID=4_12;partial=00;start_type=ATG;rbs_motif=None;rbs_spacer=None;gc_cont=0.296
NZ_QQRA01000001.1:11443-12744|- -            434 4324at2085           -            135   1.7e-15   52.7   8.4   1   3   4.6e-10   4.2e-08   28.7   0.2    10    46     3    39     1   131 0.71 NZ_QQRA01000001.1_13 # 11443 # 12744 # -1 # ID=12_13;partial=00;start_type=ATG;rbs_motif=3Base/5BMM;rbs_spacer=13-15bp;gc_cont=0.291
NZ_QQRA01000001.1:11443-12744|- -            434 4324at2085           -            135   1.7e-15   52.7   8.4   2   3   1.9e-09   1.8e-07   26.7   0.1    11   116   172   298   162   313 0.59 NZ_QQRA01000001.1_13 # 11443 # 12744 # -1 # ID=12_13;partial=00;start_type=ATG;rbs_motif=3Base/5BMM;rbs_spacer=13-15bp;gc_cont=0.291
NZ_QQRA01000001.1:11443-12744|- -            434 4324at2085           -            135   1.7e-15   52.7   8.4   3   3      0.47        42   -0.5   0.4    25    82   353   412   334   421 0.72 NZ_QQRA01000001.1_13 # 11443 # 12744 # -1 # ID=12_13;partial=00;start_type=ATG;rbs_motif=3Base/5BMM;rbs_spacer=13-15bp;gc_cont=0.291
NZ_QQRA01000002.1:48271-49599|+ -            443 4324at2085           -            135     4e-08   28.8   4.3   1   2       4.1   3.8e+02   -3.5   0.0    27    49    93   115    88   124 0.63 NZ_QQRA01000002.1_34 # 48271 # 49599 # 1 # ID=23_34;partial=00;start_type=TTG;rbs_motif=AGGAG;rbs_spacer=5-10bp;gc_cont=0.314
NZ_QQRA01000002.1:48271-49599|+ -            443 4324at2085           -            135     4e-08   28.8   4.3   2   2   7.9e-10   7.2e-08   27.9   2.4    11   129   218   350   214   358 0.69 NZ_QQRA01000002.1_34 # 48271 # 49599 # 1 # ID=23_34;partial=00;start_type=TTG;rbs_motif=AGGAG;rbs_spacer=5-10bp;gc_cont=0.314
NZ_QQRA01000033.1:664-1455|-    -            264 4324at2085           -            135   7.7e-08   27.8   0.6   1   3     0.024       2.2    3.7   1.2   100   124    42    66    12    73 0.72 NZ_QQRA01000033.1_2 # 664 # 1455 # -1 # ID=27_2;partial=00;start_type=ATG;rbs_motif=None;rbs_spacer=None;gc_cont=0.268
NZ_QQRA01000033.1:664-1455|-    -            264 4324at2085           -            135   7.7e-08   27.8   0.6   2   3      0.22        20    0.6   0.6    68   119    57   104    53   112 0.59 NZ_QQRA01000033.1_2 # 664 # 1455 # -1 # ID=27_2;partial=00;start_type=ATG;rbs_motif=None;rbs_spacer=None;gc_cont=0.268
NZ_QQRA01000033.1:664-1455|-    -            264 4324at2085           -            135   7.7e-08   27.8   0.6   3   3   8.4e-10   7.7e-08   27.8   0.6    11    89   112   194   103   238 0.73 NZ_QQRA01000033.1_2 # 664 # 1455 # -1 # ID=27_2;partial=00;start_type=ATG;rbs_motif=None;rbs_spacer=None;gc_cont=0.268
NZ_QQRA01000005.1:8215-9096|+   -            294 4324at2085           -            135     1e-06   24.2   3.1   1   1   2.9e-08   2.7e-06   22.9   3.1    12   115     9   129     3   142 0.63 NZ_QQRA01000005.1_11 # 8215 # 9096 # 1 # ID=56_11;partial=00;start_type=ATG;rbs_motif=None;rbs_spacer=None;gc_cont=0.289
NZ_QQRA01000005.1:11418-12275|+ -            286 4324at2085           -            135   4.7e-06   22.1   1.8   1   2      0.53        49   -0.7   0.2    96   117    99   120    87   142 0.60 NZ_QQRA01000005.1_15 # 11418 # 12275 # 1 # ID=56_15;partial=00;start_type=ATG;rbs_motif=3Base/5BMM;rbs_spacer=13-15bp;gc_cont=0.277
NZ_QQRA01000005.1:11418-12275|+ -            286 4324at2085           -            135   4.7e-06   22.1   1.8   2   2   9.5e-08   8.7e-06   21.2   0.1    13    77   156   232   150   252 0.76 NZ_QQRA01000005.1_15 # 11418 # 12275 # 1 # ID=56_15;partial=00;start_type=ATG;rbs_motif=3Base/5BMM;rbs_spacer=13-15bp;gc_cont=0.277
NZ_QQRA01000001.1:48912-50171|- -            420 4324at2085           -            135    0.0003   16.2   0.1   1   1   9.6e-06   0.00088   14.7   0.1    10   121   157   273   152   283 0.78 NZ_QQRA01000001.1_44 # 48912 # 50171 # -1 # ID=12_44;partial=00;start_type=ATG;rbs_motif=AGGA;rbs_spacer=5-10bp;gc_cont=0.310
NZ_QQRA01000007.1:20876-22675|+ -            600 4324at2085           -            135   0.00038   15.9   0.1   1   3       1.2   1.1e+02   -1.7   0.1    77   115    30    68    16    78 0.77 NZ_QQRA01000007.1_18 # 20876 # 22675 # 1 # ID=78_18;partial=00;start_type=ATG;rbs_motif=GGAG/GAGG;rbs_spacer=5-10bp;gc_cont=0.351
NZ_QQRA01000007.1:20876-22675|+ -            600 4324at2085           -            135   0.00038   15.9   0.1   2   3   4.2e-06   0.00038   15.9   0.1    12   123   116   236   112   245 0.79 NZ_QQRA01000007.1_18 # 20876 # 22675 # 1 # ID=78_18;partial=00;start_type=ATG;rbs_motif=GGAG/GAGG;rbs_spacer=5-10bp;gc_cont=0.351
NZ_QQRA01000007.1:20876-22675|+ -            600 4324at2085           -            135   0.00038   15.9   0.1   3   3       2.2     2e+02   -2.7   0.1    90   116   468   494   448   500 0.74 NZ_QQRA01000007.1_18 # 20876 # 22675 # 1 # ID=78_18;partial=00;start_type=ATG;rbs_motif=GGAG/GAGG;rbs_spacer=5-10bp;gc_cont=0.351
#
# Program:         hmmsearch
# Version:         3.4 (Aug 2023)
# Pipeline mode:   SEARCH
# Query file:      /home/bryan/Documentos/GitHub/Project_doctoral/IMPLEMENTACAO/Genomes/M_hyopneumoniae/strains/MHP682/Use/busco_downloads/lineages/mycoplasmatales_odb10/hmms/4324at2085.hmm
# Target file:     /home/bryan/Documentos/GitHub/Project_doctoral/IMPLEMENTACAO/Genomes/M_hyopneumoniae/strains/MHP682/Use/busco_draft/prodigal_output/predicted_genes/predicted.faa
# Option settings: hmmsearch --domtblout /home/bryan/Documentos/GitHub/Project_doctoral/IMPLEMENTACAO/Genomes/M_hyopneumoniae/strains/MHP682/Use/busco_draft/run_mycoplasmatales_odb10/hmmer_output/4324at2085.out --cpu 1 /home/bryan/Documentos/GitHub/Project_doctoral/IMPLEMENTACAO/Genomes/M_hyopneumoniae/strains/MHP682/Use/busco_downloads/lineages/mycoplasmatales_odb10/hmms/4324at2085.hmm /home/bryan/Documentos/GitHub/Project_doctoral/IMPLEMENTACAO/Genomes/M_hyopneumoniae/strains/MHP682/Use/busco_draft/prodigal_output/predicted_genes/predicted.faa 
# Current dir:     /home/bryan/Documentos/GitHub/Project_doctoral/IMPLEMENTACAO/Genomes/M_hyopneumoniae/strains/MHP682/Use
# Date:            Sun Dec  1 19:24:38 2024
# [ok]
