#                                                                                       --- full sequence --- -------------- this domain -------------   hmm coord   ali coord   env coord
# target name                   accession   tlen query name           accession   qlen   E-value  score  bias   #  of  c-Evalue  i-Evalue  score  bias  from    to  from    to  from    to  acc description of target
#           ------------------- ---------- ----- -------------------- ---------- ----- --------- ------ ----- --- --- --------- --------- ------ ----- ----- ----- ----- ----- ----- ----- ---- ---------------------
NZ_QQRA01000002.1:50420-51886|- -            489 759at2085            -            394  9.9e-157  517.1  10.7   1   2     0.017       2.5    2.1   0.1     1    19     3    21     3    25 0.90 NZ_QQRA01000002.1_36 # 50420 # 51886 # -1 # ID=23_36;partial=00;start_type=ATG;rbs_motif=GGA/GAG/AGG;rbs_spacer=11-12bp;gc_cont=0.312
NZ_QQRA01000002.1:50420-51886|- -            489 759at2085            -            394  9.9e-157  517.1  10.7   2   2  9.1e-159  1.3e-156  516.7   6.3    11   394    44   484    34   484 0.87 NZ_QQRA01000002.1_36 # 50420 # 51886 # -1 # ID=23_36;partial=00;start_type=ATG;rbs_motif=GGA/GAG/AGG;rbs_spacer=11-12bp;gc_cont=0.312
NZ_QQRA01000002.1:535-2238|-    -            568 759at2085            -            394   6.5e-26   86.4   1.3   1   2   6.5e-16   9.5e-14   46.3   1.2    83   235   116   270    36   284 0.86 NZ_QQRA01000002.1_2 # 535 # 2238 # -1 # ID=23_2;partial=00;start_type=ATG;rbs_motif=GGA/GAG/AGG;rbs_spacer=5-10bp;gc_cont=0.323
NZ_QQRA01000002.1:535-2238|-    -            568 759at2085            -            394   6.5e-26   86.4   1.3   2   2   1.9e-13   2.7e-11   38.3   0.0   353   391   497   535   394   537 0.91 NZ_QQRA01000002.1_2 # 535 # 2238 # -1 # ID=23_2;partial=00;start_type=ATG;rbs_motif=GGA/GAG/AGG;rbs_spacer=5-10bp;gc_cont=0.323
NZ_QQRA01000028.1:433-1782|+    -            450 759at2085            -            394   5.6e-20   66.9   4.4   1   1   5.8e-22   8.4e-20   66.3   4.4    87   392   124   442    87   444 0.81 NZ_QQRA01000028.1_1 # 433 # 1782 # 1 # ID=21_1;partial=00;start_type=ATG;rbs_motif=None;rbs_spacer=None;gc_cont=0.320
NZ_QQRA01000008.1:8774-9775|+   -            334 759at2085            -            394   6.2e-06   20.6   3.2   1   3    0.0051      0.74    3.9   1.8   140   229    73   166    58   194 0.70 NZ_QQRA01000008.1_6 # 8774 # 9775 # 1 # ID=82_6;partial=00;start_type=ATG;rbs_motif=AGGA/GGAG/GAGG;rbs_spacer=11-12bp;gc_cont=0.258
NZ_QQRA01000008.1:8774-9775|+   -            334 759at2085            -            394   6.2e-06   20.6   3.2   2   3     0.088        13   -0.2   0.0    72   126   181   237   174   246 0.73 NZ_QQRA01000008.1_6 # 8774 # 9775 # 1 # ID=82_6;partial=00;start_type=ATG;rbs_motif=AGGA/GGAG/GAGG;rbs_spacer=11-12bp;gc_cont=0.258
NZ_QQRA01000008.1:8774-9775|+   -            334 759at2085            -            394   6.2e-06   20.6   3.2   3   3   2.9e-06   0.00042   14.6   0.0   353   391   286   324   255   326 0.82 NZ_QQRA01000008.1_6 # 8774 # 9775 # 1 # ID=82_6;partial=00;start_type=ATG;rbs_motif=AGGA/GGAG/GAGG;rbs_spacer=11-12bp;gc_cont=0.258
NZ_QQRA01000034.1:6533-7213|-   -            227 759at2085            -            394   0.00043   14.6   0.2   1   2   3.7e-05    0.0053   10.9   0.0   167   218    87   139    76   152 0.80 NZ_QQRA01000034.1_7 # 6533 # 7213 # -1 # ID=28_7;partial=00;start_type=ATG;rbs_motif=GGA/GAG/AGG;rbs_spacer=11-12bp;gc_cont=0.298
NZ_QQRA01000034.1:6533-7213|-   -            227 759at2085            -            394   0.00043   14.6   0.2   2   2     0.027         4    1.5   0.0   367   386   194   213   188   216 0.85 NZ_QQRA01000034.1_7 # 6533 # 7213 # -1 # ID=28_7;partial=00;start_type=ATG;rbs_motif=GGA/GAG/AGG;rbs_spacer=11-12bp;gc_cont=0.298
#
# Program:         hmmsearch
# Version:         3.4 (Aug 2023)
# Pipeline mode:   SEARCH
# Query file:      /home/bryan/Documentos/GitHub/Project_doctoral/IMPLEMENTACAO/Genomes/M_hyopneumoniae/strains/MHP682/Use/busco_downloads/lineages/mycoplasmatales_odb10/hmms/759at2085.hmm
# Target file:     /home/bryan/Documentos/GitHub/Project_doctoral/IMPLEMENTACAO/Genomes/M_hyopneumoniae/strains/MHP682/Use/busco_draft/prodigal_output/predicted_genes/predicted.faa
# Option settings: hmmsearch --domtblout /home/bryan/Documentos/GitHub/Project_doctoral/IMPLEMENTACAO/Genomes/M_hyopneumoniae/strains/MHP682/Use/busco_draft/run_mycoplasmatales_odb10/hmmer_output/759at2085.out --cpu 1 /home/bryan/Documentos/GitHub/Project_doctoral/IMPLEMENTACAO/Genomes/M_hyopneumoniae/strains/MHP682/Use/busco_downloads/lineages/mycoplasmatales_odb10/hmms/759at2085.hmm /home/bryan/Documentos/GitHub/Project_doctoral/IMPLEMENTACAO/Genomes/M_hyopneumoniae/strains/MHP682/Use/busco_draft/prodigal_output/predicted_genes/predicted.faa 
# Current dir:     /home/bryan/Documentos/GitHub/Project_doctoral/IMPLEMENTACAO/Genomes/M_hyopneumoniae/strains/MHP682/Use
# Date:            Sun Dec  1 19:24:40 2024
# [ok]
