#                                                                                   --- full sequence --- -------------- this domain -------------   hmm coord   ali coord   env coord
# target name               accession   tlen query name           accession   qlen   E-value  score  bias   #  of  c-Evalue  i-Evalue  score  bias  from    to  from    to  from    to  acc description of target
#       ------------------- ---------- ----- -------------------- ---------- ----- --------- ------ ----- --- --- --------- --------- ------ ----- ----- ----- ----- ----- ----- ----- ---- ---------------------
seq00000005:20704-22038|-   -            445 1064at2085           -            350    9e-149  490.8  18.6   1   2   2.2e-56   4.9e-55  182.6   0.3     1   127    10   136    10   144 0.91 seq00000005_18 # 20704 # 22038 # -1 # ID=7_18;partial=00;start_type=ATG;rbs_motif=GGA/GAG/AGG;rbs_spacer=11-12bp;gc_cont=0.300
seq00000005:20704-22038|-   -            445 1064at2085           -            350    9e-149  490.8  18.6   2   2   3.2e-95   7.1e-94  310.3  13.3   100   349   147   441   139   442 0.82 seq00000005_18 # 20704 # 22038 # -1 # ID=7_18;partial=00;start_type=ATG;rbs_motif=GGA/GAG/AGG;rbs_spacer=11-12bp;gc_cont=0.300
seq00000003:7737-9914|-     -            726 1064at2085           -            350   7.5e-79  260.9   7.7   1   3   1.7e-35   3.8e-34  113.8   0.2     2   123    39   161    38   225 0.76 seq00000003_5 # 7737 # 9914 # -1 # ID=5_5;partial=00;start_type=ATG;rbs_motif=GGA/GAG/AGG;rbs_spacer=5-10bp;gc_cont=0.304
seq00000003:7737-9914|-     -            726 1064at2085           -            350   7.5e-79  260.9   7.7   2   3       5.1   1.1e+02   -2.8   0.1    96   131   266   285   256   322 0.58 seq00000003_5 # 7737 # 9914 # -1 # ID=5_5;partial=00;start_type=ATG;rbs_motif=GGA/GAG/AGG;rbs_spacer=5-10bp;gc_cont=0.304
seq00000003:7737-9914|-     -            726 1064at2085           -            350   7.5e-79  260.9   7.7   3   3     4e-49   8.9e-48  158.7   2.5   104   289   435   621   424   635 0.85 seq00000003_5 # 7737 # 9914 # -1 # ID=5_5;partial=00;start_type=ATG;rbs_motif=GGA/GAG/AGG;rbs_spacer=5-10bp;gc_cont=0.304
scf00000000:259705-261234|+ -            510 1064at2085           -            350   1.9e-49  164.2  10.1   1   4     5e-15   1.1e-13   46.6   0.1     2    99    11   116    10   121 0.89 scf00000000_230 # 259705 # 261234 # 1 # ID=1_230;partial=00;start_type=TTG;rbs_motif=GGAGG;rbs_spacer=5-10bp;gc_cont=0.320
scf00000000:259705-261234|+ -            510 1064at2085           -            350   1.9e-49  164.2  10.1   2   4   2.9e-15   6.4e-14   47.3   0.4   153   256   127   229   116   251 0.92 scf00000000_230 # 259705 # 261234 # 1 # ID=1_230;partial=00;start_type=TTG;rbs_motif=GGAGG;rbs_spacer=5-10bp;gc_cont=0.320
scf00000000:259705-261234|+ -            510 1064at2085           -            350   1.9e-49  164.2  10.1   3   4   0.00053     0.012   10.3   0.0    16    67   280   331   273   343 0.90 scf00000000_230 # 259705 # 261234 # 1 # ID=1_230;partial=00;start_type=TTG;rbs_motif=GGAGG;rbs_spacer=5-10bp;gc_cont=0.320
scf00000000:259705-261234|+ -            510 1064at2085           -            350   1.9e-49  164.2  10.1   4   4   2.1e-20   4.6e-19   64.3   0.2   150   259   381   490   374   502 0.90 scf00000000_230 # 259705 # 261234 # 1 # ID=1_230;partial=00;start_type=TTG;rbs_motif=GGAGG;rbs_spacer=5-10bp;gc_cont=0.320
seq00000009:18712-20250|-   -            513 1064at2085           -            350   5.1e-49  162.8  17.4   1   4   1.2e-12   2.7e-11   38.7   0.1     1    97     6   107     6   117 0.84 seq00000009_12 # 18712 # 20250 # -1 # ID=11_12;partial=00;start_type=TTG;rbs_motif=AGGA;rbs_spacer=5-10bp;gc_cont=0.319
seq00000009:18712-20250|-   -            513 1064at2085           -            350   5.1e-49  162.8  17.4   2   4   4.7e-20   1.1e-18   63.1   0.7   150   272   116   237   109   247 0.92 seq00000009_12 # 18712 # 20250 # -1 # ID=11_12;partial=00;start_type=TTG;rbs_motif=AGGA;rbs_spacer=5-10bp;gc_cont=0.319
seq00000009:18712-20250|-   -            513 1064at2085           -            350   5.1e-49  162.8  17.4   3   4     6e-08   1.3e-06   23.2   0.2    12    73   278   341   264   369 0.81 seq00000009_12 # 18712 # 20250 # -1 # ID=11_12;partial=00;start_type=TTG;rbs_motif=AGGA;rbs_spacer=5-10bp;gc_cont=0.319
seq00000009:18712-20250|-   -            513 1064at2085           -            350   5.1e-49  162.8  17.4   4   4   2.5e-15   5.6e-14   47.5   1.7   159   262   391   495   376   502 0.86 seq00000009_12 # 18712 # 20250 # -1 # ID=11_12;partial=00;start_type=TTG;rbs_motif=AGGA;rbs_spacer=5-10bp;gc_cont=0.319
seq00000024:6754-7914|-     -            387 1064at2085           -            350   3.2e-48  160.1  13.9   1   1   2.9e-49   6.5e-48  159.1  13.9     2   303     8   319     7   362 0.78 seq00000024_7 # 6754 # 7914 # -1 # ID=23_7;partial=00;start_type=ATG;rbs_motif=3Base/5BMM;rbs_spacer=13-15bp;gc_cont=0.258
seq00000011:12901-13797|+   -            299 1064at2085           -            350   2.3e-35  117.9   4.1   1   2   9.8e-21   2.2e-19   65.3   1.0     1   107    60   176    60   194 0.79 seq00000011_9 # 12901 # 13797 # 1 # ID=13_9;partial=00;start_type=GTG;rbs_motif=AGGAG;rbs_spacer=5-10bp;gc_cont=0.353
seq00000011:12901-13797|+   -            299 1064at2085           -            350   2.3e-35  117.9   4.1   2   2   2.2e-17   4.9e-16   54.3   0.1   160   258   180   277   177   284 0.89 seq00000011_9 # 12901 # 13797 # 1 # ID=13_9;partial=00;start_type=GTG;rbs_motif=AGGAG;rbs_spacer=5-10bp;gc_cont=0.353
scf00000000:233132-234463|+ -            444 1064at2085           -            350   4.4e-35  116.9   3.2   1   2   1.6e-10   3.5e-09   31.8   0.2     3   103    45   160    43   184 0.73 scf00000000_214 # 233132 # 234463 # 1 # ID=1_214;partial=00;start_type=ATG;rbs_motif=GGAG/GAGG;rbs_spacer=5-10bp;gc_cont=0.288
scf00000000:233132-234463|+ -            444 1064at2085           -            350   4.4e-35  116.9   3.2   2   2   6.5e-27   1.4e-25   85.6   0.2   140   267   242   369   200   375 0.86 scf00000000_214 # 233132 # 234463 # 1 # ID=1_214;partial=00;start_type=ATG;rbs_motif=GGAG/GAGG;rbs_spacer=5-10bp;gc_cont=0.288
seq00000008:8888-9706|-     -            273 1064at2085           -            350   1.2e-33  112.2   7.7   1   2   1.1e-14   2.5e-13   45.4   1.9     2   104     2   110     1   117 0.83 seq00000008_8 # 8888 # 9706 # -1 # ID=10_8;partial=00;start_type=ATG;rbs_motif=GGA/GAG/AGG;rbs_spacer=5-10bp;gc_cont=0.304
seq00000008:8888-9706|-     -            273 1064at2085           -            350   1.2e-33  112.2   7.7   2   2   1.6e-22   3.6e-21   71.2   0.8   153   271   112   229   106   245 0.94 seq00000008_8 # 8888 # 9706 # -1 # ID=10_8;partial=00;start_type=ATG;rbs_motif=GGA/GAG/AGG;rbs_spacer=5-10bp;gc_cont=0.304
seq00000010:5544-7496|-     -            651 1064at2085           -            350   1.3e-32  108.8  11.5   1   2   2.8e-18   6.1e-17   57.3   4.7     1    95     1    93     1   101 0.93 seq00000010_4 # 5544 # 7496 # -1 # ID=12_4;partial=00;start_type=ATG;rbs_motif=GGA/GAG/AGG;rbs_spacer=5-10bp;gc_cont=0.242
seq00000010:5544-7496|-     -            651 1064at2085           -            350   1.3e-32  108.8  11.5   2   2   1.4e-17   3.1e-16   55.0   0.7   146   260    99   208    94   243 0.80 seq00000010_4 # 5544 # 7496 # -1 # ID=12_4;partial=00;start_type=ATG;rbs_motif=GGA/GAG/AGG;rbs_spacer=5-10bp;gc_cont=0.242
seq00000008:8013-8915|-     -            301 1064at2085           -            350   2.2e-32  108.0   2.5   1   2     1e-11   2.3e-10   35.6   2.2     2   106     3   132     2   138 0.65 seq00000008_7 # 8013 # 8915 # -1 # ID=10_7;partial=00;start_type=ATG;rbs_motif=GGA/GAG/AGG;rbs_spacer=5-10bp;gc_cont=0.307
seq00000008:8013-8915|-     -            301 1064at2085           -            350   2.2e-32  108.0   2.5   2   2   1.2e-21   2.6e-20   68.4   0.0   152   282   131   261   125   294 0.86 seq00000008_7 # 8013 # 8915 # -1 # ID=10_7;partial=00;start_type=ATG;rbs_motif=GGA/GAG/AGG;rbs_spacer=5-10bp;gc_cont=0.307
seq00000019:4860-7247|+     -            796 1064at2085           -            350   5.3e-32  106.8   9.5   1   2   6.2e-19   1.4e-17   59.4   2.9     1   114     1   111     1   124 0.84 seq00000019_4 # 4860 # 7247 # 1 # ID=18_4;partial=00;start_type=ATG;rbs_motif=None;rbs_spacer=None;gc_cont=0.247
seq00000019:4860-7247|+     -            796 1064at2085           -            350   5.3e-32  106.8   9.5   2   2   1.1e-16   2.4e-15   52.0   1.3   157   266   105   213   100   221 0.88 seq00000019_4 # 4860 # 7247 # 1 # ID=18_4;partial=00;start_type=ATG;rbs_motif=None;rbs_spacer=None;gc_cont=0.247
seq00000007:6188-8512|+     -            775 1064at2085           -            350   1.5e-30  102.0   9.1   1   3   3.3e-09   7.2e-08   27.4   2.5     8   102    15   114     5   160 0.78 seq00000007_5 # 6188 # 8512 # 1 # ID=9_5;partial=00;start_type=ATG;rbs_motif=None;rbs_spacer=None;gc_cont=0.280
seq00000007:6188-8512|+     -            775 1064at2085           -            350   1.5e-30  102.0   9.1   2   3       2.2        49   -1.6   2.2    69   160   311   404   298   426 0.59 seq00000007_5 # 6188 # 8512 # 1 # ID=9_5;partial=00;start_type=ATG;rbs_motif=None;rbs_spacer=None;gc_cont=0.280
seq00000007:6188-8512|+     -            775 1064at2085           -            350   1.5e-30  102.0   9.1   3   3   1.9e-27   4.2e-26   87.4   0.5   145   271   582   709   523   720 0.79 seq00000007_5 # 6188 # 8512 # 1 # ID=9_5;partial=00;start_type=ATG;rbs_motif=None;rbs_spacer=None;gc_cont=0.280
seq00000010:24493-26457|+   -            655 1064at2085           -            350   4.4e-30  100.5  10.3   1   2   9.7e-19   2.2e-17   58.8   5.7     1   122     1   120     1   126 0.86 seq00000010_14 # 24493 # 26457 # 1 # ID=12_14;partial=00;start_type=ATG;rbs_motif=GGA/GAG/AGG;rbs_spacer=5-10bp;gc_cont=0.247
seq00000010:24493-26457|+   -            655 1064at2085           -            350   4.4e-30  100.5  10.3   2   2   1.1e-14   2.4e-13   45.4   0.5   171   268   121   216   110   250 0.86 seq00000010_14 # 24493 # 26457 # 1 # ID=12_14;partial=00;start_type=ATG;rbs_motif=GGA/GAG/AGG;rbs_spacer=5-10bp;gc_cont=0.247
scf00000001:6794-9121|+     -            776 1064at2085           -            350   1.1e-29   99.2   9.9   1   2   2.3e-19   5.1e-18   60.8   5.8     2   127     2   127     1   128 0.84 scf00000001_5 # 6794 # 9121 # 1 # ID=2_5;partial=00;start_type=ATG;rbs_motif=None;rbs_spacer=None;gc_cont=0.263
scf00000001:6794-9121|+     -            776 1064at2085           -            350   1.1e-29   99.2   9.9   2   2   7.5e-14   1.7e-12   42.7   0.7   165   258   113   205    97   229 0.82 scf00000001_5 # 6794 # 9121 # 1 # ID=2_5;partial=00;start_type=ATG;rbs_motif=None;rbs_spacer=None;gc_cont=0.263
seq00000026:2360-3046|+     -            229 1064at2085           -            350   1.4e-29   98.8   8.1   1   2   1.8e-20     4e-19   64.4   3.9     1   124     1   124     1   127 0.83 seq00000026_3 # 2360 # 3046 # 1 # ID=25_3;partial=00;start_type=ATG;rbs_motif=None;rbs_spacer=None;gc_cont=0.265
seq00000026:2360-3046|+     -            229 1064at2085           -            350   1.4e-29   98.8   8.1   2   2   1.5e-12   3.4e-11   38.4   0.2   172   254   121   201   114   219 0.88 seq00000026_3 # 2360 # 3046 # 1 # ID=25_3;partial=00;start_type=ATG;rbs_motif=None;rbs_spacer=None;gc_cont=0.265
scf00000001:11646-14099|+   -            818 1064at2085           -            350   2.3e-29   98.1   8.9   1   3   3.3e-19   7.3e-18   60.3   4.7     1   126     1   126     1   127 0.82 scf00000001_7 # 11646 # 14099 # 1 # ID=2_7;partial=00;start_type=ATG;rbs_motif=None;rbs_spacer=None;gc_cont=0.283
scf00000001:11646-14099|+   -            818 1064at2085           -            350   2.3e-29   98.1   8.9   2   3   7.1e-09   1.6e-07   26.3   0.0   171   212   120   161   111   165 0.90 scf00000001_7 # 11646 # 14099 # 1 # ID=2_7;partial=00;start_type=ATG;rbs_motif=None;rbs_spacer=None;gc_cont=0.283
scf00000001:11646-14099|+   -            818 1064at2085           -            350   2.3e-29   98.1   8.9   3   3     8e-05    0.0018   13.0   0.1   191   258   199   264   194   282 0.87 scf00000001_7 # 11646 # 14099 # 1 # ID=2_7;partial=00;start_type=ATG;rbs_motif=None;rbs_spacer=None;gc_cont=0.283
scf00000001:923-3427|+      -            835 1064at2085           -            350   3.9e-29   97.4   9.0   1   3   2.4e-14   5.3e-13   44.3   0.4     1    62     1    62     1    80 0.91 scf00000001_2 # 923 # 3427 # 1 # ID=2_2;partial=00;start_type=ATG;rbs_motif=None;rbs_spacer=None;gc_cont=0.293
scf00000001:923-3427|+      -            835 1064at2085           -            350   3.9e-29   97.4   9.0   2   3   0.00032    0.0071   11.0   0.4    75   115   131   171   110   183 0.75 scf00000001_2 # 923 # 3427 # 1 # ID=2_2;partial=00;start_type=ATG;rbs_motif=None;rbs_spacer=None;gc_cont=0.293
scf00000001:923-3427|+      -            835 1064at2085           -            350   3.9e-29   97.4   9.0   3   3   6.2e-15   1.4e-13   46.2   0.3   171   258   179   264   170   276 0.92 scf00000001_2 # 923 # 3427 # 1 # ID=2_2;partial=00;start_type=ATG;rbs_motif=None;rbs_spacer=None;gc_cont=0.293
seq00000007:5136-6188|+     -            351 1064at2085           -            350   1.3e-28   95.7   0.7   1   2   8.3e-08   1.8e-06   22.8   0.2    11    72    26    88     9    94 0.78 seq00000007_4 # 5136 # 6188 # 1 # ID=9_4;partial=00;start_type=ATG;rbs_motif=GGxGG;rbs_spacer=5-10bp;gc_cont=0.327
seq00000007:5136-6188|+     -            351 1064at2085           -            350   1.3e-28   95.7   0.7   2   2   1.4e-22   3.1e-21   71.4   0.0   153   271   133   254   121   263 0.89 seq00000007_4 # 5136 # 6188 # 1 # ID=9_4;partial=00;start_type=ATG;rbs_motif=GGxGG;rbs_spacer=5-10bp;gc_cont=0.327
seq00000010:7586-9904|-     -            773 1064at2085           -            350   1.3e-27   92.4  14.2   1   3   3.6e-17     8e-16   53.6   3.4     1    96     1    94     1   106 0.92 seq00000010_5 # 7586 # 9904 # -1 # ID=12_5;partial=00;start_type=ATG;rbs_motif=None;rbs_spacer=None;gc_cont=0.260
seq00000010:7586-9904|-     -            773 1064at2085           -            350   1.3e-27   92.4  14.2   2   3     8e-15   1.8e-13   45.9   1.2   151   267   100   215    93   238 0.85 seq00000010_5 # 7586 # 9904 # -1 # ID=12_5;partial=00;start_type=ATG;rbs_motif=None;rbs_spacer=None;gc_cont=0.260
seq00000010:7586-9904|-     -            773 1064at2085           -            350   1.3e-27   92.4  14.2   3   3       6.1   1.3e+02   -3.1   0.1    32    94   547   606   528   612 0.68 seq00000010_5 # 7586 # 9904 # -1 # ID=12_5;partial=00;start_type=ATG;rbs_motif=None;rbs_spacer=None;gc_cont=0.260
scf00000000:226366-227982|- -            539 1064at2085           -            350   1.6e-27   92.1   4.6   1   5   2.8e-13   6.3e-12   40.8   0.8     1    64     1    64     1   104 0.82 scf00000000_209 # 226366 # 227982 # -1 # ID=1_209;partial=00;start_type=ATG;rbs_motif=AGGA;rbs_spacer=5-10bp;gc_cont=0.331
scf00000000:226366-227982|- -            539 1064at2085           -            350   1.6e-27   92.1   4.6   2   5       1.8        39   -1.3   0.0   248   273    83   109    62   116 0.75 scf00000000_209 # 226366 # 227982 # -1 # ID=1_209;partial=00;start_type=ATG;rbs_motif=AGGA;rbs_spacer=5-10bp;gc_cont=0.331
scf00000000:226366-227982|- -            539 1064at2085           -            350   1.6e-27   92.1   4.6   3   5   2.3e-09   5.1e-08   27.9   0.0   171   261   148   234   130   281 0.84 scf00000000_209 # 226366 # 227982 # -1 # ID=1_209;partial=00;start_type=ATG;rbs_motif=AGGA;rbs_spacer=5-10bp;gc_cont=0.331
scf00000000:226366-227982|- -            539 1064at2085           -            350   1.6e-27   92.1   4.6   4   5     0.012      0.27    5.8   0.0    14    60   334   380   321   395 0.87 scf00000000_209 # 226366 # 227982 # -1 # ID=1_209;partial=00;start_type=ATG;rbs_motif=AGGA;rbs_spacer=5-10bp;gc_cont=0.331
scf00000000:226366-227982|- -            539 1064at2085           -            350   1.6e-27   92.1   4.6   5   5   1.8e-05   0.00039   15.1   0.0   174   223   443   492   418   535 0.78 scf00000000_209 # 226366 # 227982 # -1 # ID=1_209;partial=00;start_type=ATG;rbs_motif=AGGA;rbs_spacer=5-10bp;gc_cont=0.331
seq00000010:22134-24416|+   -            761 1064at2085           -            350   2.5e-27   91.4  18.0   1   3     1e-17   2.2e-16   55.4   4.1     1    95     1    92     1    95 0.91 seq00000010_13 # 22134 # 24416 # 1 # ID=12_13;partial=00;start_type=ATG;rbs_motif=GGA/GAG/AGG;rbs_spacer=5-10bp;gc_cont=0.253
seq00000010:22134-24416|+   -            761 1064at2085           -            350   2.5e-27   91.4  18.0   2   3   1.4e-13   3.1e-12   41.8   4.8   143   292    95   243    93   306 0.75 seq00000010_13 # 22134 # 24416 # 1 # ID=12_13;partial=00;start_type=ATG;rbs_motif=GGA/GAG/AGG;rbs_spacer=5-10bp;gc_cont=0.253
seq00000010:22134-24416|+   -            761 1064at2085           -            350   2.5e-27   91.4  18.0   3   3       1.6        35   -1.1   0.1    83   121   275   320   255   348 0.55 seq00000010_13 # 22134 # 24416 # 1 # ID=12_13;partial=00;start_type=ATG;rbs_motif=GGA/GAG/AGG;rbs_spacer=5-10bp;gc_cont=0.253
scf00000001:9195-11435|+    -            747 1064at2085           -            350     6e-27   90.2   8.2   1   2   1.1e-17   2.4e-16   55.3   3.8     1   107     1   104     1   121 0.86 scf00000001_6 # 9195 # 11435 # 1 # ID=2_6;partial=00;start_type=ATG;rbs_motif=None;rbs_spacer=None;gc_cont=0.263
scf00000001:9195-11435|+    -            747 1064at2085           -            350     6e-27   90.2   8.2   2   2   4.9e-12   1.1e-10   36.7   0.2   170   258   119   205   105   219 0.87 scf00000001_6 # 9195 # 11435 # 1 # ID=2_6;partial=00;start_type=ATG;rbs_motif=None;rbs_spacer=None;gc_cont=0.263
seq00000033:4240-5754|+     -            505 1064at2085           -            350   6.4e-27   90.1  18.6   1   4   2.6e-13   5.7e-12   40.9   0.9     2   119     8   130     7   144 0.87 seq00000033_5 # 4240 # 5754 # 1 # ID=30_5;partial=00;start_type=ATG;rbs_motif=None;rbs_spacer=None;gc_cont=0.323
seq00000033:4240-5754|+     -            505 1064at2085           -            350   6.4e-27   90.1  18.6   2   4   7.4e-06   0.00016   16.4   1.4   156   260   121   224   115   266 0.77 seq00000033_5 # 4240 # 5754 # 1 # ID=30_5;partial=00;start_type=ATG;rbs_motif=None;rbs_spacer=None;gc_cont=0.323
seq00000033:4240-5754|+     -            505 1064at2085           -            350   6.4e-27   90.1  18.6   3   4    0.0037     0.082    7.5   0.2    17    69   274   325   261   330 0.84 seq00000033_5 # 4240 # 5754 # 1 # ID=30_5;partial=00;start_type=ATG;rbs_motif=None;rbs_spacer=None;gc_cont=0.323
seq00000033:4240-5754|+     -            505 1064at2085           -            350   6.4e-27   90.1  18.6   4   4   3.2e-12   7.1e-11   37.3   0.8   140   259   369   486   350   497 0.75 seq00000033_5 # 4240 # 5754 # 1 # ID=30_5;partial=00;start_type=ATG;rbs_motif=None;rbs_spacer=None;gc_cont=0.323
seq00000024:2020-4320|-     -            767 1064at2085           -            350   3.7e-26   87.6  10.4   1   3   6.4e-18   1.4e-16   56.1   2.6     1   126     1   127     1   128 0.86 seq00000024_3 # 2020 # 4320 # -1 # ID=23_3;partial=00;start_type=ATG;rbs_motif=GGA/GAG/AGG;rbs_spacer=5-10bp;gc_cont=0.288
seq00000024:2020-4320|-     -            767 1064at2085           -            350   3.7e-26   87.6  10.4   2   3   6.1e-12   1.4e-10   36.4   0.2   173   253   123   201   102   212 0.86 seq00000024_3 # 2020 # 4320 # -1 # ID=23_3;partial=00;start_type=ATG;rbs_motif=GGA/GAG/AGG;rbs_spacer=5-10bp;gc_cont=0.288
seq00000024:2020-4320|-     -            767 1064at2085           -            350   3.7e-26   87.6  10.4   3   3      0.59        13    0.3   0.1    85   157   527   600   521   607 0.82 seq00000024_3 # 2020 # 4320 # -1 # ID=23_3;partial=00;start_type=ATG;rbs_motif=GGA/GAG/AGG;rbs_spacer=5-10bp;gc_cont=0.288
seq00000021:9050-9766|+     -            239 1064at2085           -            350   1.1e-24   82.7   3.0   1   2   4.8e-10   1.1e-08   30.2   0.7     1    63     5    68     5    90 0.88 seq00000021_9 # 9050 # 9766 # 1 # ID=20_9;partial=00;start_type=ATG;rbs_motif=AGGA;rbs_spacer=5-10bp;gc_cont=0.265
seq00000021:9050-9766|+     -            239 1064at2085           -            350   1.1e-24   82.7   3.0   2   2   4.4e-17   9.8e-16   53.3   0.1   136   268    93   225    74   233 0.87 seq00000021_9 # 9050 # 9766 # 1 # ID=20_9;partial=00;start_type=ATG;rbs_motif=AGGA;rbs_spacer=5-10bp;gc_cont=0.265
scf00000000:231730-233142|+ -            471 1064at2085           -            350   5.9e-24   80.3   9.4   1   3       2.2        49   -1.6   0.4   101   152    68   115    37   139 0.51 scf00000000_213 # 231730 # 233142 # 1 # ID=1_213;partial=00;start_type=ATG;rbs_motif=AGGAGG;rbs_spacer=5-10bp;gc_cont=0.323
scf00000000:231730-233142|+ -            471 1064at2085           -            350   5.9e-24   80.3   9.4   2   3   2.7e-06     6e-05   17.8   0.1    14   110   141   251   127   266 0.70 scf00000000_213 # 231730 # 233142 # 1 # ID=1_213;partial=00;start_type=ATG;rbs_motif=AGGAGG;rbs_spacer=5-10bp;gc_cont=0.323
scf00000000:231730-233142|+ -            471 1064at2085           -            350   5.9e-24   80.3   9.4   3   3   1.4e-21   3.1e-20   68.1   0.9   173   270   272   369   247   375 0.90 scf00000000_213 # 231730 # 233142 # 1 # ID=1_213;partial=00;start_type=ATG;rbs_motif=AGGAGG;rbs_spacer=5-10bp;gc_cont=0.323
scf00000001:3538-5820|+     -            761 1064at2085           -            350   1.9e-23   78.7  14.6   1   3   1.2e-16   2.7e-15   51.8   4.9     1   121     1   121     1   125 0.83 scf00000001_3 # 3538 # 5820 # 1 # ID=2_3;partial=00;start_type=ATG;rbs_motif=AGGAG(G)/GGAGG;rbs_spacer=13-15bp;gc_cont=0.242
scf00000001:3538-5820|+     -            761 1064at2085           -            350   1.9e-23   78.7  14.6   2   3   2.7e-11   6.1e-10   34.2   0.4   171   258   120   205   108   228 0.83 scf00000001_3 # 3538 # 5820 # 1 # ID=2_3;partial=00;start_type=ATG;rbs_motif=AGGAG(G)/GGAGG;rbs_spacer=13-15bp;gc_cont=0.242
scf00000001:3538-5820|+     -            761 1064at2085           -            350   1.9e-23   78.7  14.6   3   3       6.8   1.5e+02   -3.2   0.2   114   162   550   599   531   623 0.56 scf00000001_3 # 3538 # 5820 # 1 # ID=2_3;partial=00;start_type=ATG;rbs_motif=AGGAG(G)/GGAGG;rbs_spacer=13-15bp;gc_cont=0.242
seq00000003:20013-20783|-   -            257 1064at2085           -            350   2.1e-22   75.2   4.8   1   2     7e-07   1.6e-05   19.7   0.3    12    76    22    86     9   131 0.71 seq00000003_12 # 20013 # 20783 # -1 # ID=5_12;partial=00;start_type=ATG;rbs_motif=None;rbs_spacer=None;gc_cont=0.262
seq00000003:20013-20783|-   -            257 1064at2085           -            350   2.1e-22   75.2   4.8   2   2   7.1e-19   1.6e-17   59.2   2.7    83   267    56   242    56   249 0.74 seq00000003_12 # 20013 # 20783 # -1 # ID=5_12;partial=00;start_type=ATG;rbs_motif=None;rbs_spacer=None;gc_cont=0.262
seq00000002:44055-45674|-   -            540 1064at2085           -            350     5e-22   74.0   4.6   1   2   7.1e-12   1.6e-10   36.2   0.7     1    72   336   408   336   419 0.92 seq00000002_33 # 44055 # 45674 # -1 # ID=4_33;partial=00;start_type=ATG;rbs_motif=None;rbs_spacer=None;gc_cont=0.229
seq00000002:44055-45674|-   -            540 1064at2085           -            350     5e-22   74.0   4.6   2   2     7e-13   1.6e-11   39.5   0.3   131   250   418   536   408   539 0.82 seq00000002_33 # 44055 # 45674 # -1 # ID=4_33;partial=00;start_type=ATG;rbs_motif=None;rbs_spacer=None;gc_cont=0.229
seq00000038:169-1782|-      -            538 1064at2085           -            350   5.3e-19   64.0   8.3   1   2   7.3e-15   1.6e-13   46.0   1.0     2    72   325   395   324   424 0.86 seq00000038_1 # 169 # 1782 # -1 # ID=35_1;partial=00;start_type=ATG;rbs_motif=AGxAGG/AGGxGG;rbs_spacer=5-10bp;gc_cont=0.256
seq00000038:169-1782|-      -            538 1064at2085           -            350   5.3e-19   64.0   8.3   2   2   1.6e-07   3.7e-06   21.8   1.0   157   240   427   514   420   521 0.81 seq00000038_1 # 169 # 1782 # -1 # ID=35_1;partial=00;start_type=ATG;rbs_motif=AGxAGG/AGGxGG;rbs_spacer=5-10bp;gc_cont=0.256
seq00000027:9171-10784|+    -            538 1064at2085           -            350   3.6e-18   61.3   6.5   1   4       6.4   1.4e+02   -3.1   0.4    79   108    72   101    67   121 0.64 seq00000027_5 # 9171 # 10784 # 1 # ID=26_5;partial=00;start_type=ATG;rbs_motif=AGGAGG;rbs_spacer=5-10bp;gc_cont=0.239
seq00000027:9171-10784|+    -            538 1064at2085           -            350   3.6e-18   61.3   6.5   2   4         8   1.8e+02   -3.5   0.1   131   150   300   316   289   332 0.60 seq00000027_5 # 9171 # 10784 # 1 # ID=26_5;partial=00;start_type=ATG;rbs_motif=AGGAGG;rbs_spacer=5-10bp;gc_cont=0.239
seq00000027:9171-10784|+    -            538 1064at2085           -            350   3.6e-18   61.3   6.5   3   4   2.9e-10   6.4e-09   30.9   0.4     6    71   339   405   334   417 0.87 seq00000027_5 # 9171 # 10784 # 1 # ID=26_5;partial=00;start_type=ATG;rbs_motif=AGGAGG;rbs_spacer=5-10bp;gc_cont=0.239
seq00000027:9171-10784|+    -            538 1064at2085           -            350   3.6e-18   61.3   6.5   4   4   1.6e-13   3.6e-12   41.6   1.2   154   251   435   534   421   537 0.79 seq00000027_5 # 9171 # 10784 # 1 # ID=26_5;partial=00;start_type=ATG;rbs_motif=AGGAGG;rbs_spacer=5-10bp;gc_cont=0.239
seq00000012:21660-23891|-   -            744 1064at2085           -            350     1e-14   50.0   2.6   1   3   5.3e-07   1.2e-05   20.1   0.0   153   249   263   359   237   397 0.77 seq00000012_19 # 21660 # 23891 # -1 # ID=14_19;partial=01;start_type=Edge;rbs_motif=None;rbs_spacer=None;gc_cont=0.330
seq00000012:21660-23891|-   -            744 1064at2085           -            350     1e-14   50.0   2.6   2   3   7.5e-06   0.00017   16.4   0.4    15    47   422   454   414   476 0.82 seq00000012_19 # 21660 # 23891 # -1 # ID=14_19;partial=01;start_type=Edge;rbs_motif=None;rbs_spacer=None;gc_cont=0.330
seq00000012:21660-23891|-   -            744 1064at2085           -            350     1e-14   50.0   2.6   3   3   0.00021    0.0047   11.6   0.0   174   251   625   703   607   736 0.74 seq00000012_19 # 21660 # 23891 # -1 # ID=14_19;partial=01;start_type=Edge;rbs_motif=None;rbs_spacer=None;gc_cont=0.330
seq00000002:45683-47293|-   -            537 1064at2085           -            350   1.1e-13   46.5   6.6   1   2   6.1e-11   1.3e-09   33.1   2.7     2   127   334   462   333   463 0.80 seq00000002_34 # 45683 # 47293 # -1 # ID=4_34;partial=00;start_type=ATG;rbs_motif=GGA/GAG/AGG;rbs_spacer=5-10bp;gc_cont=0.187
seq00000002:45683-47293|-   -            537 1064at2085           -            350   1.1e-13   46.5   6.6   2   2   3.6e-06   8.1e-05   17.4   0.4   170   250   456   534   431   536 0.70 seq00000002_34 # 45683 # 47293 # -1 # ID=4_34;partial=00;start_type=ATG;rbs_motif=GGA/GAG/AGG;rbs_spacer=5-10bp;gc_cont=0.187
seq00000038:1770-3374|-     -            535 1064at2085           -            350   1.5e-13   46.1   8.2   1   3       3.5        79   -2.3   0.2   126   154   211   241   199   255 0.74 seq00000038_2 # 1770 # 3374 # -1 # ID=35_2;partial=00;start_type=ATG;rbs_motif=AGGAGG;rbs_spacer=5-10bp;gc_cont=0.254
seq00000038:1770-3374|-     -            535 1064at2085           -            350   1.5e-13   46.1   8.2   2   3   9.8e-10   2.2e-08   29.1   0.9     2    94   327   421   326   424 0.80 seq00000038_2 # 1770 # 3374 # -1 # ID=35_2;partial=00;start_type=ATG;rbs_motif=AGGAGG;rbs_spacer=5-10bp;gc_cont=0.254
seq00000038:1770-3374|-     -            535 1064at2085           -            350   1.5e-13   46.1   8.2   3   3   3.5e-07   7.9e-06   20.7   0.1   166   246   442   519   424   531 0.79 seq00000038_2 # 1770 # 3374 # -1 # ID=35_2;partial=00;start_type=ATG;rbs_motif=AGGAGG;rbs_spacer=5-10bp;gc_cont=0.254
seq00000027:7550-9160|+     -            537 1064at2085           -            350   1.9e-13   45.8   0.3   1   2   2.1e-10   4.6e-09   31.4   0.1     2    72   334   406   333   434 0.84 seq00000027_4 # 7550 # 9160 # 1 # ID=26_4;partial=00;start_type=ATG;rbs_motif=AGGA;rbs_spacer=5-10bp;gc_cont=0.232
seq00000027:7550-9160|+     -            537 1064at2085           -            350   1.9e-13   45.8   0.3   2   2   0.00018    0.0041   11.8   0.0   174   231   460   514   440   535 0.72 seq00000027_4 # 7550 # 9160 # 1 # ID=26_4;partial=00;start_type=ATG;rbs_motif=AGGA;rbs_spacer=5-10bp;gc_cont=0.232
scf00000000:82522-85146|-   -            875 1064at2085           -            350   1.6e-11   39.4   8.3   1   4     0.016      0.36    5.4   0.1    15    42    19    46    13    57 0.90 scf00000000_70 # 82522 # 85146 # -1 # ID=1_70;partial=00;start_type=ATG;rbs_motif=None;rbs_spacer=None;gc_cont=0.328
scf00000000:82522-85146|-   -            875 1064at2085           -            350   1.6e-11   39.4   8.3   2   4   6.8e-07   1.5e-05   19.8   0.0   153   249   467   563   442   601 0.77 scf00000000_70 # 82522 # 85146 # -1 # ID=1_70;partial=00;start_type=ATG;rbs_motif=None;rbs_spacer=None;gc_cont=0.328
scf00000000:82522-85146|-   -            875 1064at2085           -            350   1.6e-11   39.4   8.3   3   4   9.1e-06    0.0002   16.1   0.4    15    47   626   658   618   680 0.82 scf00000000_70 # 82522 # 85146 # -1 # ID=1_70;partial=00;start_type=ATG;rbs_motif=None;rbs_spacer=None;gc_cont=0.328
scf00000000:82522-85146|-   -            875 1064at2085           -            350   1.6e-11   39.4   8.3   4   4         1        23   -0.6   0.0   174   191   829   846   813   851 0.77 scf00000000_70 # 82522 # 85146 # -1 # ID=1_70;partial=00;start_type=ATG;rbs_motif=None;rbs_spacer=None;gc_cont=0.328
seq00000004:4949-6988|+     -            680 1064at2085           -            350   1.4e-09   33.0   5.2   1   3       3.2        71   -2.2   0.1    68    86   113   131    78   146 0.69 seq00000004_7 # 4949 # 6988 # 1 # ID=6_7;partial=00;start_type=ATG;rbs_motif=None;rbs_spacer=None;gc_cont=0.246
seq00000004:4949-6988|+     -            680 1064at2085           -            350   1.4e-09   33.0   5.2   2   3   7.5e-06   0.00017   16.4   0.5     2    94   470   561   469   584 0.81 seq00000004_7 # 4949 # 6988 # 1 # ID=6_7;partial=00;start_type=ATG;rbs_motif=None;rbs_spacer=None;gc_cont=0.246
seq00000004:4949-6988|+     -            680 1064at2085           -            350   1.4e-09   33.0   5.2   3   3   2.7e-06   6.1e-05   17.8   0.0   165   239   589   661   568   667 0.88 seq00000004_7 # 4949 # 6988 # 1 # ID=6_7;partial=00;start_type=ATG;rbs_motif=None;rbs_spacer=None;gc_cont=0.246
scf00000000:183692-185731|- -            680 1064at2085           -            350   1.8e-09   32.7   5.0   1   3       3.2        71   -2.2   0.1    68    86   113   131    78   146 0.69 scf00000000_159 # 183692 # 185731 # -1 # ID=1_159;partial=00;start_type=ATG;rbs_motif=None;rbs_spacer=None;gc_cont=0.248
scf00000000:183692-185731|- -            680 1064at2085           -            350   1.8e-09   32.7   5.0   2   3     1e-05   0.00023   15.9   0.5     2    94   470   561   469   584 0.80 scf00000000_159 # 183692 # 185731 # -1 # ID=1_159;partial=00;start_type=ATG;rbs_motif=None;rbs_spacer=None;gc_cont=0.248
scf00000000:183692-185731|- -            680 1064at2085           -            350   1.8e-09   32.7   5.0   3   3   2.8e-06   6.2e-05   17.8   0.1   165   239   589   661   568   666 0.88 scf00000000_159 # 183692 # 185731 # -1 # ID=1_159;partial=00;start_type=ATG;rbs_motif=None;rbs_spacer=None;gc_cont=0.248
seq00000015:20040-20267|+   -             76 1064at2085           -            350    0.0068   11.1   0.0   1   1   0.00033    0.0073   11.0   0.0    15    43    19    47    11    60 0.90 seq00000015_14 # 20040 # 20267 # 1 # ID=17_14;partial=01;start_type=ATG;rbs_motif=None;rbs_spacer=None;gc_cont=0.333
#
# Program:         hmmsearch
# Version:         3.4 (Aug 2023)
# Pipeline mode:   SEARCH
# Query file:      /home/lgef/Documentos/GitHub/Project_doctoral/IMPLEMENTACAO/Genomes/M_hyopneumoniae/MHP_ncbi_dataset/ncbi_dataset/data/strains/MHP682/Use/busco_downloads/lineages/mycoplasmatales_odb10/hmms/1064at2085.hmm
# Target file:     /home/lgef/Documentos/GitHub/Project_doctoral/IMPLEMENTACAO/Genomes/M_hyopneumoniae/MHP_ncbi_dataset/ncbi_dataset/data/strains/MHP682/Use/busco_complete/prodigal_output/predicted_genes/predicted.faa
# Option settings: hmmsearch --domtblout /home/lgef/Documentos/GitHub/Project_doctoral/IMPLEMENTACAO/Genomes/M_hyopneumoniae/MHP_ncbi_dataset/ncbi_dataset/data/strains/MHP682/Use/busco_complete/run_mycoplasmatales_odb10/hmmer_output/1064at2085.out --cpu 1 /home/lgef/Documentos/GitHub/Project_doctoral/IMPLEMENTACAO/Genomes/M_hyopneumoniae/MHP_ncbi_dataset/ncbi_dataset/data/strains/MHP682/Use/busco_downloads/lineages/mycoplasmatales_odb10/hmms/1064at2085.hmm /home/lgef/Documentos/GitHub/Project_doctoral/IMPLEMENTACAO/Genomes/M_hyopneumoniae/MHP_ncbi_dataset/ncbi_dataset/data/strains/MHP682/Use/busco_complete/prodigal_output/predicted_genes/predicted.faa 
# Current dir:     /home/lgef/Documentos/GitHub/Project_doctoral/IMPLEMENTACAO/Genomes/M_hyopneumoniae/MHP_ncbi_dataset/ncbi_dataset/data/strains/MHP682/Use
# Date:            Thu Nov 28 19:39:28 2024
# [ok]
