#                                                                                   --- full sequence --- -------------- this domain -------------   hmm coord   ali coord   env coord
# target name               accession   tlen query name           accession   qlen   E-value  score  bias   #  of  c-Evalue  i-Evalue  score  bias  from    to  from    to  from    to  acc description of target
#       ------------------- ---------- ----- -------------------- ---------- ----- --------- ------ ----- --- --- --------- --------- ------ ----- ----- ----- ----- ----- ----- ----- ---- ---------------------
scf00000000:82522-85146|-   -            875 111at2085            -            770  1.1e-300  994.8  23.2   1   2   2.3e-85   9.2e-84  277.5   1.3     1   184    11   218    11   234 0.89 scf00000000_70 # 82522 # 85146 # -1 # ID=1_70;partial=00;start_type=ATG;rbs_motif=None;rbs_spacer=None;gc_cont=0.328
scf00000000:82522-85146|-   -            875 111at2085            -            770  1.1e-300  994.8  23.2   2   2  3.9e-213  1.5e-211  700.1  14.8   185   684   254   854   246   864 0.88 scf00000000_70 # 82522 # 85146 # -1 # ID=1_70;partial=00;start_type=ATG;rbs_motif=None;rbs_spacer=None;gc_cont=0.328
seq00000012:21660-23891|-   -            744 111at2085            -            770    2e-271  898.1  16.9   1   2   1.4e-36   5.5e-35  116.3   0.4   185   344    50   250    41   255 0.81 seq00000012_19 # 21660 # 23891 # -1 # ID=14_19;partial=01;start_type=Edge;rbs_motif=None;rbs_spacer=None;gc_cont=0.330
seq00000012:21660-23891|-   -            744 111at2085            -            770    2e-271  898.1  16.9   2   2  2.4e-235  9.5e-234  773.5  10.8   321   770   254   740   246   740 0.95 seq00000012_19 # 21660 # 23891 # -1 # ID=14_19;partial=01;start_type=Edge;rbs_motif=None;rbs_spacer=None;gc_cont=0.330
seq00000068:2-535|-         -            178 111at2085            -            770   3.6e-58  192.9   0.7   1   1   1.1e-59   4.4e-58  192.6   0.7    42   183     1   166     1   174 0.87 seq00000068_1 # 2 # 535 # -1 # ID=65_1;partial=11;start_type=Edge;rbs_motif=None;rbs_spacer=None;gc_cont=0.331
seq00000015:20040-20267|+   -             76 111at2085            -            770   1.3e-38  128.3   0.6   1   1   3.5e-40   1.4e-38  128.1   0.6     1    66    11    76    11    76 0.99 seq00000015_14 # 20040 # 20267 # 1 # ID=17_14;partial=01;start_type=ATG;rbs_motif=None;rbs_spacer=None;gc_cont=0.333
scf00000000:82304-82516|-   -             71 111at2085            -            770   5.7e-30   99.7   0.9   1   1   1.6e-31   6.2e-30   99.6   0.9   708   770     1    67     1    67 0.95 scf00000000_69 # 82304 # 82516 # -1 # ID=1_69;partial=00;start_type=GTG;rbs_motif=None;rbs_spacer=None;gc_cont=0.333
scf00000000:259705-261234|+ -            510 111at2085            -            770   4.7e-18   60.3   4.8   1   4    0.0032      0.13    5.9   0.1    10    43    25    60    21   115 0.77 scf00000000_230 # 259705 # 261234 # 1 # ID=1_230;partial=00;start_type=TTG;rbs_motif=GGAGG;rbs_spacer=5-10bp;gc_cont=0.320
scf00000000:259705-261234|+ -            510 111at2085            -            770   4.7e-18   60.3   4.8   2   4   6.5e-08   2.6e-06   21.5   0.0   662   735   151   222   131   238 0.86 scf00000000_230 # 259705 # 261234 # 1 # ID=1_230;partial=00;start_type=TTG;rbs_motif=GGAGG;rbs_spacer=5-10bp;gc_cont=0.320
scf00000000:259705-261234|+ -            510 111at2085            -            770   4.7e-18   60.3   4.8   3   4     0.036       1.4    2.5   0.0     3    40   273   310   271   319 0.86 scf00000000_230 # 259705 # 261234 # 1 # ID=1_230;partial=00;start_type=TTG;rbs_motif=GGAGG;rbs_spacer=5-10bp;gc_cont=0.320
scf00000000:259705-261234|+ -            510 111at2085            -            770   4.7e-18   60.3   4.8   4   4   2.4e-10   9.3e-09   29.5   0.1   658   738   405   483   368   506 0.84 scf00000000_230 # 259705 # 261234 # 1 # ID=1_230;partial=00;start_type=TTG;rbs_motif=GGAGG;rbs_spacer=5-10bp;gc_cont=0.320
seq00000010:7586-9904|-     -            773 111at2085            -            770     5e-15   50.3   3.3   1   2   6.1e-06   0.00024   14.9   0.2   484   513    17    46     5    53 0.88 seq00000010_5 # 7586 # 9904 # -1 # ID=12_5;partial=00;start_type=ATG;rbs_motif=None;rbs_spacer=None;gc_cont=0.260
seq00000010:7586-9904|-     -            773 111at2085            -            770     5e-15   50.3   3.3   2   2     3e-12   1.2e-10   35.8   0.3   645   738   110   200    60   206 0.76 seq00000010_5 # 7586 # 9904 # -1 # ID=12_5;partial=00;start_type=ATG;rbs_motif=None;rbs_spacer=None;gc_cont=0.260
seq00000009:18712-20250|-   -            513 111at2085            -            770   3.1e-14   47.6  13.5   1   4     0.031       1.2    2.7   0.2   484   512    22    50    13    57 0.84 seq00000009_12 # 18712 # 20250 # -1 # ID=11_12;partial=00;start_type=TTG;rbs_motif=AGGA;rbs_spacer=5-10bp;gc_cont=0.319
seq00000009:18712-20250|-   -            513 111at2085            -            770   3.1e-14   47.6  13.5   2   4   2.2e-08   8.6e-07   23.0   0.1   648   736   130   215   112   233 0.82 seq00000009_12 # 18712 # 20250 # -1 # ID=11_12;partial=00;start_type=TTG;rbs_motif=AGGA;rbs_spacer=5-10bp;gc_cont=0.319
seq00000009:18712-20250|-   -            513 111at2085            -            770   3.1e-14   47.6  13.5   3   4    0.0047      0.18    5.4   0.1   479   511   278   310   261   319 0.65 seq00000009_12 # 18712 # 20250 # -1 # ID=11_12;partial=00;start_type=TTG;rbs_motif=AGGA;rbs_spacer=5-10bp;gc_cont=0.319
seq00000009:18712-20250|-   -            513 111at2085            -            770   3.1e-14   47.6  13.5   4   4   2.1e-08   8.1e-07   23.1   1.3   643   736   391   482   361   508 0.78 seq00000009_12 # 18712 # 20250 # -1 # ID=11_12;partial=00;start_type=TTG;rbs_motif=AGGA;rbs_spacer=5-10bp;gc_cont=0.319
seq00000008:8013-8915|-     -            301 111at2085            -            770   2.7e-13   44.5   0.0   1   2   0.00034     0.013    9.2   0.0   482   513    21    52     6    60 0.89 seq00000008_7 # 8013 # 8915 # -1 # ID=10_7;partial=00;start_type=ATG;rbs_motif=GGA/GAG/AGG;rbs_spacer=5-10bp;gc_cont=0.307
seq00000008:8013-8915|-     -            301 111at2085            -            770   2.7e-13   44.5   0.0   2   2   1.7e-11   6.8e-10   33.3   0.0   645   729   140   221   119   231 0.92 seq00000008_7 # 8013 # 8915 # -1 # ID=10_7;partial=00;start_type=ATG;rbs_motif=GGA/GAG/AGG;rbs_spacer=5-10bp;gc_cont=0.307
scf00000001:6794-9121|+     -            776 111at2085            -            770   3.1e-13   44.3   2.3   1   2     2e-05   0.00079   13.2   0.1   484   513    17    46     5    56 0.87 scf00000001_5 # 6794 # 9121 # 1 # ID=2_5;partial=00;start_type=ATG;rbs_motif=None;rbs_spacer=None;gc_cont=0.263
scf00000001:6794-9121|+     -            776 111at2085            -            770   3.1e-13   44.3   2.3   2   2   1.3e-10   5.1e-09   30.4   0.1   654   739   118   200   102   205 0.86 scf00000001_5 # 6794 # 9121 # 1 # ID=2_5;partial=00;start_type=ATG;rbs_motif=None;rbs_spacer=None;gc_cont=0.263
seq00000026:2360-3046|+     -            229 111at2085            -            770   4.1e-13   43.9   0.9   1   2   7.7e-06    0.0003   14.6   0.0   485   512    18    45     9    52 0.65 seq00000026_3 # 2360 # 3046 # 1 # ID=25_3;partial=00;start_type=ATG;rbs_motif=None;rbs_spacer=None;gc_cont=0.265
seq00000026:2360-3046|+     -            229 111at2085            -            770   4.1e-13   43.9   0.9   2   2   5.9e-10   2.3e-08   28.2   0.2   656   738   120   199    64   205 0.83 seq00000026_3 # 2360 # 3046 # 1 # ID=25_3;partial=00;start_type=ATG;rbs_motif=None;rbs_spacer=None;gc_cont=0.265
scf00000001:923-3427|+      -            835 111at2085            -            770   2.1e-12   41.6   2.2   1   2   2.2e-05   0.00087   13.1   0.1   479   513    12    46     5    53 0.85 scf00000001_2 # 923 # 3427 # 1 # ID=2_2;partial=00;start_type=ATG;rbs_motif=None;rbs_spacer=None;gc_cont=0.293
scf00000001:923-3427|+      -            835 111at2085            -            770   2.1e-12   41.6   2.2   2   2   8.3e-10   3.3e-08   27.7   0.4   654   738   177   258   122   265 0.77 scf00000001_2 # 923 # 3427 # 1 # ID=2_2;partial=00;start_type=ATG;rbs_motif=None;rbs_spacer=None;gc_cont=0.293
seq00000007:5136-6188|+     -            351 111at2085            -            770   7.1e-12   39.8   0.6   1   2    0.0037      0.14    5.8   0.1    11    37    30    56    17    66 0.78 seq00000007_4 # 5136 # 6188 # 1 # ID=9_4;partial=00;start_type=ATG;rbs_motif=GGxGG;rbs_spacer=5-10bp;gc_cont=0.327
seq00000007:5136-6188|+     -            351 111at2085            -            770   7.1e-12   39.8   0.6   2   2   2.9e-11   1.1e-09   32.5   0.1   632   754   124   245   110   253 0.76 seq00000007_4 # 5136 # 6188 # 1 # ID=9_4;partial=00;start_type=ATG;rbs_motif=GGxGG;rbs_spacer=5-10bp;gc_cont=0.327
seq00000024:6754-7914|-     -            387 111at2085            -            770   2.5e-10   34.7   0.6   1   2   0.00019    0.0076   10.0   0.0   479   512    18    51     3    65 0.78 seq00000024_7 # 6754 # 7914 # -1 # ID=23_7;partial=00;start_type=ATG;rbs_motif=3Base/5BMM;rbs_spacer=13-15bp;gc_cont=0.258
seq00000024:6754-7914|-     -            387 111at2085            -            770   2.5e-10   34.7   0.6   2   2   2.5e-08   9.9e-07   22.8   0.1   658   756   187   278   154   292 0.78 seq00000024_7 # 6754 # 7914 # -1 # ID=23_7;partial=00;start_type=ATG;rbs_motif=3Base/5BMM;rbs_spacer=13-15bp;gc_cont=0.258
seq00000008:8888-9706|-     -            273 111at2085            -            770   6.7e-10   33.3   1.7   1   2    0.0001    0.0041   10.9   0.1   482   510    18    46     9    55 0.86 seq00000008_8 # 8888 # 9706 # -1 # ID=10_8;partial=00;start_type=ATG;rbs_motif=GGA/GAG/AGG;rbs_spacer=5-10bp;gc_cont=0.304
seq00000008:8888-9706|-     -            273 111at2085            -            770   6.7e-10   33.3   1.7   2   2   4.7e-08   1.8e-06   21.9   0.2   657   757   131   223    93   231 0.83 seq00000008_8 # 8888 # 9706 # -1 # ID=10_8;partial=00;start_type=ATG;rbs_motif=GGA/GAG/AGG;rbs_spacer=5-10bp;gc_cont=0.304
scf00000001:9195-11435|+    -            747 111at2085            -            770   2.1e-09   31.6  13.1   1   3   1.9e-05   0.00076   13.3   0.4   478   513    11    46     4    53 0.82 scf00000001_6 # 9195 # 11435 # 1 # ID=2_6;partial=00;start_type=ATG;rbs_motif=None;rbs_spacer=None;gc_cont=0.263
scf00000001:9195-11435|+    -            747 111at2085            -            770   2.1e-09   31.6  13.1   2   3   2.2e-09   8.8e-08   26.3   0.3   651   740   115   201    62   206 0.76 scf00000001_6 # 9195 # 11435 # 1 # ID=2_6;partial=00;start_type=ATG;rbs_motif=None;rbs_spacer=None;gc_cont=0.263
scf00000001:9195-11435|+    -            747 111at2085            -            770   2.1e-09   31.6  13.1   3   3      0.52        20   -1.4   1.4   238   300   415   482   407   519 0.71 scf00000001_6 # 9195 # 11435 # 1 # ID=2_6;partial=00;start_type=ATG;rbs_motif=None;rbs_spacer=None;gc_cont=0.263
seq00000005:20704-22038|-   -            445 111at2085            -            770   1.4e-08   29.0   5.9   1   2    0.0048      0.19    5.4   0.0   483   511    25    53    18    57 0.80 seq00000005_18 # 20704 # 22038 # -1 # ID=7_18;partial=00;start_type=ATG;rbs_motif=GGA/GAG/AGG;rbs_spacer=11-12bp;gc_cont=0.300
seq00000005:20704-22038|-   -            445 111at2085            -            770   1.4e-08   29.0   5.9   2   2   1.2e-08   4.9e-07   23.8   3.3   241   426   120   302   107   314 0.72 seq00000005_18 # 20704 # 22038 # -1 # ID=7_18;partial=00;start_type=ATG;rbs_motif=GGA/GAG/AGG;rbs_spacer=11-12bp;gc_cont=0.300
seq00000011:12901-13797|+   -            299 111at2085            -            770   1.8e-08   28.5   1.3   1   2   0.00044     0.018    8.8   0.1   484   512    80   108    65   125 0.88 seq00000011_9 # 12901 # 13797 # 1 # ID=13_9;partial=00;start_type=GTG;rbs_motif=AGGAG;rbs_spacer=5-10bp;gc_cont=0.353
seq00000011:12901-13797|+   -            299 111at2085            -            770   1.8e-08   28.5   1.3   2   2   4.3e-07   1.7e-05   18.7   0.2   645   738   181   271   161   278 0.84 seq00000011_9 # 12901 # 13797 # 1 # ID=13_9;partial=00;start_type=GTG;rbs_motif=AGGAG;rbs_spacer=5-10bp;gc_cont=0.353
seq00000033:4240-5754|+     -            505 111at2085            -            770   1.1e-07   25.9   7.2   1   4     0.094       3.7    1.1   0.0    14   512    26    51    19    69 0.64 seq00000033_5 # 4240 # 5754 # 1 # ID=30_5;partial=00;start_type=ATG;rbs_motif=None;rbs_spacer=None;gc_cont=0.323
seq00000033:4240-5754|+     -            505 111at2085            -            770   1.1e-07   25.9   7.2   2   4   8.6e-08   3.4e-06   21.1   0.3   642   731   122   208   114   219 0.84 seq00000033_5 # 4240 # 5754 # 1 # ID=30_5;partial=00;start_type=ATG;rbs_motif=None;rbs_spacer=None;gc_cont=0.323
seq00000033:4240-5754|+     -            505 111at2085            -            770   1.1e-07   25.9   7.2   3   4      0.38        15   -0.9   0.0     9    36   272   299   261   308 0.69 seq00000033_5 # 4240 # 5754 # 1 # ID=30_5;partial=00;start_type=ATG;rbs_motif=None;rbs_spacer=None;gc_cont=0.323
seq00000033:4240-5754|+     -            505 111at2085            -            770   1.1e-07   25.9   7.2   4   4     0.008      0.31    4.6   0.4   658   736   401   477   371   484 0.85 seq00000033_5 # 4240 # 5754 # 1 # ID=30_5;partial=00;start_type=ATG;rbs_motif=None;rbs_spacer=None;gc_cont=0.323
seq00000003:20013-20783|-   -            257 111at2085            -            770   2.7e-07   24.7   2.8   1   2    0.0038      0.15    5.7   0.1   479   513    22    56    14    70 0.77 seq00000003_12 # 20013 # 20783 # -1 # ID=5_12;partial=00;start_type=ATG;rbs_motif=None;rbs_spacer=None;gc_cont=0.262
seq00000003:20013-20783|-   -            257 111at2085            -            770   2.7e-07   24.7   2.8   2   2   2.8e-07   1.1e-05   19.4   0.5   647   734   138   222    92   234 0.76 seq00000003_12 # 20013 # 20783 # -1 # ID=5_12;partial=00;start_type=ATG;rbs_motif=None;rbs_spacer=None;gc_cont=0.262
scf00000000:233132-234463|+ -            444 111at2085            -            770   5.4e-07   23.7   1.8   1   2     0.038       1.5    2.4   0.1     8    36    60    88    53    95 0.64 scf00000000_214 # 233132 # 234463 # 1 # ID=1_214;partial=00;start_type=ATG;rbs_motif=GGAG/GAGG;rbs_spacer=5-10bp;gc_cont=0.288
scf00000000:233132-234463|+ -            444 111at2085            -            770   5.4e-07   23.7   1.8   2   2   1.2e-07   4.7e-06   20.6   0.3   639   731   256   346   116   366 0.88 scf00000000_214 # 233132 # 234463 # 1 # ID=1_214;partial=00;start_type=ATG;rbs_motif=GGAG/GAGG;rbs_spacer=5-10bp;gc_cont=0.288
scf00000000:226366-227982|- -            539 111at2085            -            770   0.00076   13.3   2.6   1   3     0.045       1.8    2.1   0.1   481   512    14    45     8    66 0.82 scf00000000_209 # 226366 # 227982 # -1 # ID=1_209;partial=00;start_type=ATG;rbs_motif=AGGA;rbs_spacer=5-10bp;gc_cont=0.331
scf00000000:226366-227982|- -            539 111at2085            -            770   0.00076   13.3   2.6   2   3    0.0043      0.17    5.5   0.1   674   738   166   225   149   231 0.74 scf00000000_209 # 226366 # 227982 # -1 # ID=1_209;partial=00;start_type=ATG;rbs_motif=AGGA;rbs_spacer=5-10bp;gc_cont=0.331
scf00000000:226366-227982|- -            539 111at2085            -            770   0.00076   13.3   2.6   3   3     0.013       0.5    3.9   0.0   661   740   445   519   439   526 0.84 scf00000000_209 # 226366 # 227982 # -1 # ID=1_209;partial=00;start_type=ATG;rbs_motif=AGGA;rbs_spacer=5-10bp;gc_cont=0.331
#
# Program:         hmmsearch
# Version:         3.4 (Aug 2023)
# Pipeline mode:   SEARCH
# Query file:      /home/lgef/Documentos/GitHub/Project_doctoral/IMPLEMENTACAO/Genomes/M_hyopneumoniae/MHP_ncbi_dataset/ncbi_dataset/data/strains/MHP682/Use/busco_downloads/lineages/mycoplasmatales_odb10/hmms/111at2085.hmm
# Target file:     /home/lgef/Documentos/GitHub/Project_doctoral/IMPLEMENTACAO/Genomes/M_hyopneumoniae/MHP_ncbi_dataset/ncbi_dataset/data/strains/MHP682/Use/busco_complete/prodigal_output/predicted_genes/predicted.faa
# Option settings: hmmsearch --domtblout /home/lgef/Documentos/GitHub/Project_doctoral/IMPLEMENTACAO/Genomes/M_hyopneumoniae/MHP_ncbi_dataset/ncbi_dataset/data/strains/MHP682/Use/busco_complete/run_mycoplasmatales_odb10/hmmer_output/111at2085.out --cpu 1 /home/lgef/Documentos/GitHub/Project_doctoral/IMPLEMENTACAO/Genomes/M_hyopneumoniae/MHP_ncbi_dataset/ncbi_dataset/data/strains/MHP682/Use/busco_downloads/lineages/mycoplasmatales_odb10/hmms/111at2085.hmm /home/lgef/Documentos/GitHub/Project_doctoral/IMPLEMENTACAO/Genomes/M_hyopneumoniae/MHP_ncbi_dataset/ncbi_dataset/data/strains/MHP682/Use/busco_complete/prodigal_output/predicted_genes/predicted.faa 
# Current dir:     /home/lgef/Documentos/GitHub/Project_doctoral/IMPLEMENTACAO/Genomes/M_hyopneumoniae/MHP_ncbi_dataset/ncbi_dataset/data/strains/MHP682/Use
# Date:            Thu Nov 28 19:39:28 2024
# [ok]
