#                                                                                   --- full sequence --- -------------- this domain -------------   hmm coord   ali coord   env coord
# target name               accession   tlen query name           accession   qlen   E-value  score  bias   #  of  c-Evalue  i-Evalue  score  bias  from    to  from    to  from    to  acc description of target
#       ------------------- ---------- ----- -------------------- ---------- ----- --------- ------ ----- --- --- --------- --------- ------ ----- ----- ----- ----- ----- ----- ----- ---- ---------------------
scf00000000:224992-226320|- -            443 1338at2085           -            333  2.6e-109  361.0  28.0   1   2  1.2e-103  1.1e-101  335.9  24.3     1   318     4   357     4   394 0.78 scf00000000_208 # 224992 # 226320 # -1 # ID=1_208;partial=00;start_type=TTG;rbs_motif=AGGAG;rbs_spacer=5-10bp;gc_cont=0.315
scf00000000:224992-226320|- -            443 1338at2085           -            333  2.6e-109  361.0  28.0   2   2   5.1e-08   4.9e-06   21.5   0.1   300   333   405   442   370   442 0.88 scf00000000_208 # 224992 # 226320 # -1 # ID=1_208;partial=00;start_type=TTG;rbs_motif=AGGAG;rbs_spacer=5-10bp;gc_cont=0.315
scf00000000:59101-60402|+   -            434 1338at2085           -            333   1.5e-40  135.0   4.0   1   3   1.1e-17   1.1e-15   53.3   0.9   179   329     5   160     2   161 0.84 scf00000000_48 # 59101 # 60402 # 1 # ID=1_48;partial=00;start_type=ATG;rbs_motif=3Base/5BMM;rbs_spacer=13-15bp;gc_cont=0.291
scf00000000:59101-60402|+   -            434 1338at2085           -            333   1.5e-40  135.0   4.0   2   3   2.1e-26   2.1e-24   81.9   0.0   176   322   170   315   149   318 0.72 scf00000000_48 # 59101 # 60402 # 1 # ID=1_48;partial=00;start_type=ATG;rbs_motif=3Base/5BMM;rbs_spacer=13-15bp;gc_cont=0.291
scf00000000:59101-60402|+   -            434 1338at2085           -            333   1.5e-40  135.0   4.0   3   3      0.21        20   -0.2   0.0   264   297   281   316   264   345 0.62 scf00000000_48 # 59101 # 60402 # 1 # ID=1_48;partial=00;start_type=ATG;rbs_motif=3Base/5BMM;rbs_spacer=13-15bp;gc_cont=0.291
scf00000000:181584-182465|- -            294 1338at2085           -            333   8.7e-15   50.3   1.2   1   1   1.5e-16   1.5e-14   49.6   1.2   174   267     4    98     1   141 0.78 scf00000000_155 # 181584 # 182465 # -1 # ID=1_155;partial=00;start_type=ATG;rbs_motif=None;rbs_spacer=None;gc_cont=0.290
seq00000004:8215-9096|+     -            294 1338at2085           -            333   9.6e-15   50.2   1.5   1   1   1.7e-16   1.6e-14   49.4   1.5   174   268     4    99     1   148 0.78 seq00000004_11 # 8215 # 9096 # 1 # ID=6_11;partial=00;start_type=ATG;rbs_motif=None;rbs_spacer=None;gc_cont=0.289
scf00000000:78984-79775|+   -            264 1338at2085           -            333   2.8e-10   35.5   0.2   1   2      0.28        27   -0.6   0.2   263   276    40    53     3    97 0.53 scf00000000_65 # 78984 # 79775 # 1 # ID=1_65;partial=00;start_type=ATG;rbs_motif=GGA/GAG/AGG;rbs_spacer=3-4bp;gc_cont=0.263
scf00000000:78984-79775|+   -            264 1338at2085           -            333   2.8e-10   35.5   0.2   2   2   7.5e-12   7.2e-10   34.1   0.1   151   234    80   164    39   180 0.77 scf00000000_65 # 78984 # 79775 # 1 # ID=1_65;partial=00;start_type=ATG;rbs_motif=GGA/GAG/AGG;rbs_spacer=3-4bp;gc_cont=0.263
seq00000035:664-1455|-      -            264 1338at2085           -            333   1.5e-09   33.0   0.3   1   2      0.24        23   -0.4   0.2   263   275    40    52     2    97 0.50 seq00000035_2 # 664 # 1455 # -1 # ID=32_2;partial=00;start_type=ATG;rbs_motif=GGA/GAG/AGG;rbs_spacer=3-4bp;gc_cont=0.268
seq00000035:664-1455|-      -            264 1338at2085           -            333   1.5e-09   33.0   0.3   2   2   4.3e-11   4.1e-09   31.7   0.2   151   234    80   164    31   181 0.76 seq00000035_2 # 664 # 1455 # -1 # ID=32_2;partial=00;start_type=ATG;rbs_motif=GGA/GAG/AGG;rbs_spacer=3-4bp;gc_cont=0.268
seq00000011:16207-16803|+   -            199 1338at2085           -            333   3.2e-07   25.4   0.4   1   2   8.4e-09     8e-07   24.1   0.0   160   212    21    73    16    91 0.89 seq00000011_12 # 16207 # 16803 # 1 # ID=13_12;partial=00;start_type=ATG;rbs_motif=None;rbs_spacer=None;gc_cont=0.296
seq00000011:16207-16803|+   -            199 1338at2085           -            333   3.2e-07   25.4   0.4   2   2      0.45        43   -1.3   0.3    83    83   146   146    95   194 0.48 seq00000011_12 # 16207 # 16803 # 1 # ID=13_12;partial=00;start_type=ATG;rbs_motif=None;rbs_spacer=None;gc_cont=0.296
scf00000000:21674-22933|+   -            420 1338at2085           -            333     1e-05   20.5   0.2   1   1   2.4e-07   2.3e-05   19.3   0.1   178   307   158   288   151   308 0.77 scf00000000_17 # 21674 # 22933 # 1 # ID=1_17;partial=00;start_type=ATG;rbs_motif=AGGA;rbs_spacer=5-10bp;gc_cont=0.310
scf00000002:4757-5860|-     -            368 1338at2085           -            333    0.0001   17.2   0.9   1   1   2.2e-05    0.0021   12.9   0.9   177   283     3   128     1   156 0.59 scf00000002_4 # 4757 # 5860 # -1 # ID=3_4;partial=00;start_type=ATG;rbs_motif=None;rbs_spacer=None;gc_cont=0.299
#
# Program:         hmmsearch
# Version:         3.4 (Aug 2023)
# Pipeline mode:   SEARCH
# Query file:      /home/lgef/Documentos/GitHub/Project_doctoral/IMPLEMENTACAO/Genomes/M_hyopneumoniae/MHP_ncbi_dataset/ncbi_dataset/data/strains/MHP682/Use/busco_downloads/lineages/mycoplasmatales_odb10/hmms/1338at2085.hmm
# Target file:     /home/lgef/Documentos/GitHub/Project_doctoral/IMPLEMENTACAO/Genomes/M_hyopneumoniae/MHP_ncbi_dataset/ncbi_dataset/data/strains/MHP682/Use/busco_complete/prodigal_output/predicted_genes/predicted.faa
# Option settings: hmmsearch --domtblout /home/lgef/Documentos/GitHub/Project_doctoral/IMPLEMENTACAO/Genomes/M_hyopneumoniae/MHP_ncbi_dataset/ncbi_dataset/data/strains/MHP682/Use/busco_complete/run_mycoplasmatales_odb10/hmmer_output/1338at2085.out --cpu 1 /home/lgef/Documentos/GitHub/Project_doctoral/IMPLEMENTACAO/Genomes/M_hyopneumoniae/MHP_ncbi_dataset/ncbi_dataset/data/strains/MHP682/Use/busco_downloads/lineages/mycoplasmatales_odb10/hmms/1338at2085.hmm /home/lgef/Documentos/GitHub/Project_doctoral/IMPLEMENTACAO/Genomes/M_hyopneumoniae/MHP_ncbi_dataset/ncbi_dataset/data/strains/MHP682/Use/busco_complete/prodigal_output/predicted_genes/predicted.faa 
# Current dir:     /home/lgef/Documentos/GitHub/Project_doctoral/IMPLEMENTACAO/Genomes/M_hyopneumoniae/MHP_ncbi_dataset/ncbi_dataset/data/strains/MHP682/Use
# Date:            Thu Nov 28 19:39:28 2024
# [ok]
