#                                                                                   --- full sequence --- -------------- this domain -------------   hmm coord   ali coord   env coord
# target name               accession   tlen query name           accession   qlen   E-value  score  bias   #  of  c-Evalue  i-Evalue  score  bias  from    to  from    to  from    to  acc description of target
#       ------------------- ---------- ----- -------------------- ---------- ----- --------- ------ ----- --- --- --------- --------- ------ ----- ----- ----- ----- ----- ----- ----- ---- ---------------------
scf00000000:183692-185731|- -            680 1371at2085           -            438   1.1e-84  280.3 107.2   1   5   2.5e-32   1.4e-30  102.0   7.3     1   103    21   133    21   135 0.93 scf00000000_159 # 183692 # 185731 # -1 # ID=1_159;partial=00;start_type=ATG;rbs_motif=None;rbs_spacer=None;gc_cont=0.248
scf00000000:183692-185731|- -            680 1371at2085           -            438   1.1e-84  280.3 107.2   2   5     2e-27   1.1e-25   85.8  33.5   102   265   158   335   144   345 0.83 scf00000000_159 # 183692 # 185731 # -1 # ID=1_159;partial=00;start_type=ATG;rbs_motif=None;rbs_spacer=None;gc_cont=0.248
scf00000000:183692-185731|- -            680 1371at2085           -            438   1.1e-84  280.3 107.2   3   5      0.96        52   -2.1   6.1   163   228   341   406   332   407 0.64 scf00000000_159 # 183692 # 185731 # -1 # ID=1_159;partial=00;start_type=ATG;rbs_motif=None;rbs_spacer=None;gc_cont=0.248
scf00000000:183692-185731|- -            680 1371at2085           -            438   1.1e-84  280.3 107.2   4   5   1.7e-08     9e-07   23.5  19.8   269   372   408   552   405   559 0.75 scf00000000_159 # 183692 # 185731 # -1 # ID=1_159;partial=00;start_type=ATG;rbs_motif=None;rbs_spacer=None;gc_cont=0.248
scf00000000:183692-185731|- -            680 1371at2085           -            438   1.1e-84  280.3 107.2   5   5   5.3e-28   2.9e-26   87.8  11.6   349   438   573   663   567   663 0.83 scf00000000_159 # 183692 # 185731 # -1 # ID=1_159;partial=00;start_type=ATG;rbs_motif=None;rbs_spacer=None;gc_cont=0.248
seq00000004:4949-6988|+     -            680 1371at2085           -            438   2.8e-84  278.9 110.8   1   5   2.5e-32   1.4e-30  102.0   7.3     1   103    21   133    21   135 0.93 seq00000004_7 # 4949 # 6988 # 1 # ID=6_7;partial=00;start_type=ATG;rbs_motif=None;rbs_spacer=None;gc_cont=0.246
seq00000004:4949-6988|+     -            680 1371at2085           -            438   2.8e-84  278.9 110.8   2   5   6.6e-27   3.6e-25   84.1  36.4   102   261   158   335   144   348 0.83 seq00000004_7 # 4949 # 6988 # 1 # ID=6_7;partial=00;start_type=ATG;rbs_motif=None;rbs_spacer=None;gc_cont=0.246
seq00000004:4949-6988|+     -            680 1371at2085           -            438   2.8e-84  278.9 110.8   3   5      0.87        47   -1.9   6.8   161   228   339   406   331   407 0.73 seq00000004_7 # 4949 # 6988 # 1 # ID=6_7;partial=00;start_type=ATG;rbs_motif=None;rbs_spacer=None;gc_cont=0.246
seq00000004:4949-6988|+     -            680 1371at2085           -            438   2.8e-84  278.9 110.8   4   5   2.8e-06   0.00015   16.2  28.7   269   372   408   552   377   559 0.72 seq00000004_7 # 4949 # 6988 # 1 # ID=6_7;partial=00;start_type=ATG;rbs_motif=None;rbs_spacer=None;gc_cont=0.246
seq00000004:4949-6988|+     -            680 1371at2085           -            438   2.8e-84  278.9 110.8   5   5   5.3e-28   2.9e-26   87.8  11.6   349   438   573   663   567   663 0.83 seq00000004_7 # 4949 # 6988 # 1 # ID=6_7;partial=00;start_type=ATG;rbs_motif=None;rbs_spacer=None;gc_cont=0.246
seq00000026:2360-3046|+     -            229 1371at2085           -            438     1e-11   39.8   9.4   1   2      0.27        14   -0.2   0.1   333   345    38    50    22    53 0.88 seq00000026_3 # 2360 # 3046 # 1 # ID=25_3;partial=00;start_type=ATG;rbs_motif=None;rbs_spacer=None;gc_cont=0.265
seq00000026:2360-3046|+     -            229 1371at2085           -            438     1e-11   39.8   9.4   2   2   1.9e-13     1e-11   39.8   9.4   350   437    99   187    76   188 0.90 seq00000026_3 # 2360 # 3046 # 1 # ID=25_3;partial=00;start_type=ATG;rbs_motif=None;rbs_spacer=None;gc_cont=0.265
seq00000021:9050-9766|+     -            239 1371at2085           -            438   5.1e-10   34.2   2.3   1   2     0.041       2.2    2.4   1.2   333   374    43    90     6    95 0.76 seq00000021_9 # 9050 # 9766 # 1 # ID=20_9;partial=00;start_type=ATG;rbs_motif=AGGA;rbs_spacer=5-10bp;gc_cont=0.265
seq00000021:9050-9766|+     -            239 1371at2085           -            438   5.1e-10   34.2   2.3   2   2   9.4e-12   5.1e-10   34.2   2.3   374   435   131   194   111   196 0.83 seq00000021_9 # 9050 # 9766 # 1 # ID=20_9;partial=00;start_type=ATG;rbs_motif=AGGA;rbs_spacer=5-10bp;gc_cont=0.265
scf00000000:259705-261234|+ -            510 1371at2085           -            438   6.2e-10   33.9   8.1   1   3   3.1e-08   1.7e-06   22.6   0.7   377   431   151   206   148   213 0.87 scf00000000_230 # 259705 # 261234 # 1 # ID=1_230;partial=00;start_type=TTG;rbs_motif=GGAGG;rbs_spacer=5-10bp;gc_cont=0.320
scf00000000:259705-261234|+ -            510 1371at2085           -            438   6.2e-10   33.9   8.1   2   3      0.51        27   -1.2   1.4   279   313   363   397   356   406 0.60 scf00000000_230 # 259705 # 261234 # 1 # ID=1_230;partial=00;start_type=TTG;rbs_motif=GGAGG;rbs_spacer=5-10bp;gc_cont=0.320
scf00000000:259705-261234|+ -            510 1371at2085           -            438   6.2e-10   33.9   8.1   3   3   1.8e-05   0.00097   13.5   0.0   377   432   409   465   406   470 0.91 scf00000000_230 # 259705 # 261234 # 1 # ID=1_230;partial=00;start_type=TTG;rbs_motif=GGAGG;rbs_spacer=5-10bp;gc_cont=0.320
seq00000038:169-1782|-      -            538 1371at2085           -            438   2.1e-09   32.2   5.1   1   4      0.59        32   -1.4  31.9   104   291     9   215     2   233 0.61 seq00000038_1 # 169 # 1782 # -1 # ID=35_1;partial=00;start_type=ATG;rbs_motif=AGxAGG/AGGxGG;rbs_spacer=5-10bp;gc_cont=0.256
seq00000038:169-1782|-      -            538 1371at2085           -            438   2.1e-09   32.2   5.1   2   4       1.8        99   -3.0  24.3    95   199   233   338   217   349 0.77 seq00000038_1 # 169 # 1782 # -1 # ID=35_1;partial=00;start_type=ATG;rbs_motif=AGxAGG/AGGxGG;rbs_spacer=5-10bp;gc_cont=0.256
seq00000038:169-1782|-      -            538 1371at2085           -            438   2.1e-09   32.2   5.1   3   4    0.0075      0.41    4.9   6.7   333   373   361   410   346   451 0.70 seq00000038_1 # 169 # 1782 # -1 # ID=35_1;partial=00;start_type=ATG;rbs_motif=AGxAGG/AGGxGG;rbs_spacer=5-10bp;gc_cont=0.256
seq00000038:169-1782|-      -            538 1371at2085           -            438   2.1e-09   32.2   5.1   4   4   3.9e-11   2.1e-09   32.2   5.1   367   431   443   508   425   514 0.81 seq00000038_1 # 169 # 1782 # -1 # ID=35_1;partial=00;start_type=ATG;rbs_motif=AGxAGG/AGGxGG;rbs_spacer=5-10bp;gc_cont=0.256
seq00000011:12901-13797|+   -            299 1371at2085           -            438   4.7e-08   27.7   0.1   1   3       1.8        96   -3.0   0.2   162   212    27    77    13    81 0.66 seq00000011_9 # 12901 # 13797 # 1 # ID=13_9;partial=00;start_type=GTG;rbs_motif=AGGAG;rbs_spacer=5-10bp;gc_cont=0.353
seq00000011:12901-13797|+   -            299 1371at2085           -            438   4.7e-08   27.7   0.1   2   3      0.25        13   -0.1   0.2   333   356   101   130    94   156 0.68 seq00000011_9 # 12901 # 13797 # 1 # ID=13_9;partial=00;start_type=GTG;rbs_motif=AGGAG;rbs_spacer=5-10bp;gc_cont=0.353
seq00000011:12901-13797|+   -            299 1371at2085           -            438   4.7e-08   27.7   0.1   3   3   8.6e-10   4.7e-08   27.7   0.1   369   435   189   258   138   261 0.83 seq00000011_9 # 12901 # 13797 # 1 # ID=13_9;partial=00;start_type=GTG;rbs_motif=AGGAG;rbs_spacer=5-10bp;gc_cont=0.353
seq00000003:20013-20783|-   -            257 1371at2085           -            438   5.5e-08   27.5   0.9   1   2     1e-09   5.5e-08   27.5   0.9   370   435   145   213   130   216 0.83 seq00000003_12 # 20013 # 20783 # -1 # ID=5_12;partial=00;start_type=ATG;rbs_motif=None;rbs_spacer=None;gc_cont=0.262
seq00000003:20013-20783|-   -            257 1371at2085           -            438   5.5e-08   27.5   0.9   2   2     0.044       2.4    2.3   1.2   234   273   207   246   205   250 0.87 seq00000003_12 # 20013 # 20783 # -1 # ID=5_12;partial=00;start_type=ATG;rbs_motif=None;rbs_spacer=None;gc_cont=0.262
seq00000009:18712-20250|-   -            513 1371at2085           -            438   1.4e-07   26.1  23.6   1   4      0.14       7.4    0.7   0.1   333   344    43    54     3    56 0.85 seq00000009_12 # 18712 # 20250 # -1 # ID=11_12;partial=00;start_type=TTG;rbs_motif=AGGA;rbs_spacer=5-10bp;gc_cont=0.319
seq00000009:18712-20250|-   -            513 1371at2085           -            438   1.4e-07   26.1  23.6   2   4   1.8e-07     1e-05   20.1   0.8   378   436   144   204   136   206 0.90 seq00000009_12 # 18712 # 20250 # -1 # ID=11_12;partial=00;start_type=TTG;rbs_motif=AGGA;rbs_spacer=5-10bp;gc_cont=0.319
seq00000009:18712-20250|-   -            513 1371at2085           -            438   1.4e-07   26.1  23.6   3   4      0.15       8.3    0.5   5.7   274   324   356   406   324   407 0.82 seq00000009_12 # 18712 # 20250 # -1 # ID=11_12;partial=00;start_type=TTG;rbs_motif=AGGA;rbs_spacer=5-10bp;gc_cont=0.319
seq00000009:18712-20250|-   -            513 1371at2085           -            438   1.4e-07   26.1  23.6   4   4   8.2e-05    0.0045   11.3  10.3   338   431   372   465   359   471 0.74 seq00000009_12 # 18712 # 20250 # -1 # ID=11_12;partial=00;start_type=TTG;rbs_motif=AGGA;rbs_spacer=5-10bp;gc_cont=0.319
seq00000008:8888-9706|-     -            273 1371at2085           -            438   3.4e-07   24.9   5.2   1   2     0.065       3.5    1.8   1.7   318   354    27    68     1    93 0.55 seq00000008_8 # 8888 # 9706 # -1 # ID=10_8;partial=00;start_type=ATG;rbs_motif=GGA/GAG/AGG;rbs_spacer=5-10bp;gc_cont=0.304
seq00000008:8888-9706|-     -            273 1371at2085           -            438   3.4e-07   24.9   5.2   2   2   1.6e-08   8.9e-07   23.5   0.1   367   436   126   198   107   199 0.86 seq00000008_8 # 8888 # 9706 # -1 # ID=10_8;partial=00;start_type=ATG;rbs_motif=GGA/GAG/AGG;rbs_spacer=5-10bp;gc_cont=0.304
seq00000038:1770-3374|-     -            535 1371at2085           -            438   4.5e-07   24.5   2.5   1   2      0.69        37   -1.6  41.4   102   316    13   240     3   243 0.65 seq00000038_2 # 1770 # 3374 # -1 # ID=35_2;partial=00;start_type=ATG;rbs_motif=AGGAGG;rbs_spacer=5-10bp;gc_cont=0.254
seq00000038:1770-3374|-     -            535 1371at2085           -            438   4.5e-07   24.5   2.5   2   2   8.2e-09   4.5e-07   24.5   2.5   374   435   450   511   419   513 0.84 seq00000038_2 # 1770 # 3374 # -1 # ID=35_2;partial=00;start_type=ATG;rbs_motif=AGGAGG;rbs_spacer=5-10bp;gc_cont=0.254
seq00000002:45683-47293|-   -            537 1371at2085           -            438   6.3e-07   24.0   6.9   1   1   1.2e-08   6.3e-07   24.0   6.9   374   434   460   521   424   524 0.76 seq00000002_34 # 45683 # 47293 # -1 # ID=4_34;partial=00;start_type=ATG;rbs_motif=GGA/GAG/AGG;rbs_spacer=5-10bp;gc_cont=0.187
seq00000005:20704-22038|-   -            445 1371at2085           -            438   2.5e-06   22.0   8.9   1   3    0.0083      0.45    4.7   0.0   333   358    47    78    45    91 0.83 seq00000005_18 # 20704 # 22038 # -1 # ID=7_18;partial=00;start_type=ATG;rbs_motif=GGA/GAG/AGG;rbs_spacer=11-12bp;gc_cont=0.300
seq00000005:20704-22038|-   -            445 1371at2085           -            438   2.5e-06   22.0   8.9   2   3       3.5   1.9e+02   -3.9   2.2   152   182   127   158   122   169 0.68 seq00000005_18 # 20704 # 22038 # -1 # ID=7_18;partial=00;start_type=ATG;rbs_motif=GGA/GAG/AGG;rbs_spacer=11-12bp;gc_cont=0.300
seq00000005:20704-22038|-   -            445 1371at2085           -            438   2.5e-06   22.0   8.9   3   3   4.7e-08   2.5e-06   22.0   0.2   376   436   229   292   201   293 0.82 seq00000005_18 # 20704 # 22038 # -1 # ID=7_18;partial=00;start_type=ATG;rbs_motif=GGA/GAG/AGG;rbs_spacer=11-12bp;gc_cont=0.300
seq00000027:7550-9160|+     -            537 1371at2085           -            438   1.4e-05   19.6   0.4   1   2       4.9   2.6e+02   -4.4  59.6    97   314    20   247     5   266 0.68 seq00000027_4 # 7550 # 9160 # 1 # ID=26_4;partial=00;start_type=ATG;rbs_motif=AGGA;rbs_spacer=5-10bp;gc_cont=0.232
seq00000027:7550-9160|+     -            537 1371at2085           -            438   1.4e-05   19.6   0.4   2   2   2.5e-07   1.4e-05   19.6   0.4   375   434   461   521   451   524 0.88 seq00000027_4 # 7550 # 9160 # 1 # ID=26_4;partial=00;start_type=ATG;rbs_motif=AGGA;rbs_spacer=5-10bp;gc_cont=0.232
seq00000002:44055-45674|-   -            540 1371at2085           -            438     2e-05   19.0   3.3   1   1   3.8e-07     2e-05   19.0   3.3   367   422   455   512   445   526 0.77 seq00000002_33 # 44055 # 45674 # -1 # ID=4_33;partial=00;start_type=ATG;rbs_motif=None;rbs_spacer=None;gc_cont=0.229
seq00000027:9171-10784|+    -            538 1371at2085           -            438   9.7e-05   16.8   8.5   1   3   0.00048     0.026    8.8  40.6    99   266    11   191     8   203 0.66 seq00000027_5 # 9171 # 10784 # 1 # ID=26_5;partial=00;start_type=ATG;rbs_motif=AGGAGG;rbs_spacer=5-10bp;gc_cont=0.239
seq00000027:9171-10784|+    -            538 1371at2085           -            438   9.7e-05   16.8   8.5   2   3     0.076       4.1    1.6  34.6   170   373   207   421   188   431 0.82 seq00000027_5 # 9171 # 10784 # 1 # ID=26_5;partial=00;start_type=ATG;rbs_motif=AGGAGG;rbs_spacer=5-10bp;gc_cont=0.239
seq00000027:9171-10784|+    -            538 1371at2085           -            438   9.7e-05   16.8   8.5   3   3   1.8e-06   9.7e-05   16.8   8.5   373   435   458   520   424   523 0.77 seq00000027_5 # 9171 # 10784 # 1 # ID=26_5;partial=00;start_type=ATG;rbs_motif=AGGAGG;rbs_spacer=5-10bp;gc_cont=0.239
#
# Program:         hmmsearch
# Version:         3.4 (Aug 2023)
# Pipeline mode:   SEARCH
# Query file:      /home/lgef/Documentos/GitHub/Project_doctoral/IMPLEMENTACAO/Genomes/M_hyopneumoniae/MHP_ncbi_dataset/ncbi_dataset/data/strains/MHP682/Use/busco_downloads/lineages/mycoplasmatales_odb10/hmms/1371at2085.hmm
# Target file:     /home/lgef/Documentos/GitHub/Project_doctoral/IMPLEMENTACAO/Genomes/M_hyopneumoniae/MHP_ncbi_dataset/ncbi_dataset/data/strains/MHP682/Use/busco_complete/prodigal_output/predicted_genes/predicted.faa
# Option settings: hmmsearch --domtblout /home/lgef/Documentos/GitHub/Project_doctoral/IMPLEMENTACAO/Genomes/M_hyopneumoniae/MHP_ncbi_dataset/ncbi_dataset/data/strains/MHP682/Use/busco_complete/run_mycoplasmatales_odb10/hmmer_output/1371at2085.out --cpu 1 /home/lgef/Documentos/GitHub/Project_doctoral/IMPLEMENTACAO/Genomes/M_hyopneumoniae/MHP_ncbi_dataset/ncbi_dataset/data/strains/MHP682/Use/busco_downloads/lineages/mycoplasmatales_odb10/hmms/1371at2085.hmm /home/lgef/Documentos/GitHub/Project_doctoral/IMPLEMENTACAO/Genomes/M_hyopneumoniae/MHP_ncbi_dataset/ncbi_dataset/data/strains/MHP682/Use/busco_complete/prodigal_output/predicted_genes/predicted.faa 
# Current dir:     /home/lgef/Documentos/GitHub/Project_doctoral/IMPLEMENTACAO/Genomes/M_hyopneumoniae/MHP_ncbi_dataset/ncbi_dataset/data/strains/MHP682/Use
# Date:            Thu Nov 28 19:39:28 2024
# [ok]
