#                                                                                 --- full sequence --- -------------- this domain -------------   hmm coord   ali coord   env coord
# target name             accession   tlen query name           accession   qlen   E-value  score  bias   #  of  c-Evalue  i-Evalue  score  bias  from    to  from    to  from    to  acc description of target
#     ------------------- ---------- ----- -------------------- ---------- ----- --------- ------ ----- --- --- --------- --------- ------ ----- ----- ----- ----- ----- ----- ----- ---- ---------------------
scf00000000:64088-66172|- -            695 148at2085            -            586         0 1036.6  12.7   1   2  5.8e-114  1.3e-111  369.5   3.0     1   181    11   193    11   218 0.94 scf00000000_53 # 64088 # 66172 # -1 # ID=1_53;partial=00;start_type=ATG;rbs_motif=AGGA;rbs_spacer=5-10bp;gc_cont=0.373
scf00000000:64088-66172|- -            695 148at2085            -            586         0 1036.6  12.7   2   2  5.1e-205  1.1e-202  670.2   2.4   174   579   221   671   209   688 0.89 scf00000000_53 # 64088 # 66172 # -1 # ID=1_53;partial=00;start_type=ATG;rbs_motif=AGGA;rbs_spacer=5-10bp;gc_cont=0.373
scf00000000:60960-62756|+ -            599 148at2085            -            586   8.4e-42  139.0   0.2   1   3   2.7e-30   5.8e-28   93.3   0.1     1   150     7   153     7   164 0.92 scf00000000_51 # 60960 # 62756 # 1 # ID=1_51;partial=00;start_type=ATG;rbs_motif=None;rbs_spacer=None;gc_cont=0.345
scf00000000:60960-62756|+ -            599 148at2085            -            586   8.4e-42  139.0   0.2   2   3   1.3e-13   2.8e-11   38.2   0.0   218   415   163   375   154   381 0.75 scf00000000_51 # 60960 # 62756 # 1 # ID=1_51;partial=00;start_type=ATG;rbs_motif=None;rbs_spacer=None;gc_cont=0.345
scf00000000:60960-62756|+ -            599 148at2085            -            586   8.4e-42  139.0   0.2   3   3    0.0027      0.59    4.1   0.0   521   574   402   467   395   478 0.62 scf00000000_51 # 60960 # 62756 # 1 # ID=1_51;partial=00;start_type=ATG;rbs_motif=None;rbs_spacer=None;gc_cont=0.345
seq00000006:20876-22675|+ -            600 148at2085            -            586   5.6e-18   60.3   0.9   1   2   2.6e-20   5.6e-18   60.3   0.9    31   135   120   230   115   244 0.82 seq00000006_18 # 20876 # 22675 # 1 # ID=8_18;partial=00;start_type=ATG;rbs_motif=GGAG/GAGG;rbs_spacer=5-10bp;gc_cont=0.351
seq00000006:20876-22675|+ -            600 148at2085            -            586   5.6e-18   60.3   0.9   2   2       0.5   1.1e+02   -3.4   0.1    45    70   379   404   369   455 0.69 seq00000006_18 # 20876 # 22675 # 1 # ID=8_18;partial=00;start_type=ATG;rbs_motif=GGAG/GAGG;rbs_spacer=5-10bp;gc_cont=0.351
seq00000009:3042-4250|+   -            403 148at2085            -            586   2.9e-15   51.3   1.4   1   2     3e-17   6.4e-15   50.2   0.3     2   130    20   147    19   166 0.91 seq00000009_2 # 3042 # 4250 # 1 # ID=11_2;partial=00;start_type=ATG;rbs_motif=AGGA;rbs_spacer=5-10bp;gc_cont=0.403
seq00000009:3042-4250|+   -            403 148at2085            -            586   2.9e-15   51.3   1.4   2   2     0.043       9.2    0.2   0.0   220   327   195   304   148   324 0.67 seq00000009_2 # 3042 # 4250 # 1 # ID=11_2;partial=00;start_type=ATG;rbs_motif=AGGA;rbs_spacer=5-10bp;gc_cont=0.403
#
# Program:         hmmsearch
# Version:         3.4 (Aug 2023)
# Pipeline mode:   SEARCH
# Query file:      /home/lgef/Documentos/GitHub/Project_doctoral/IMPLEMENTACAO/Genomes/M_hyopneumoniae/MHP_ncbi_dataset/ncbi_dataset/data/strains/MHP682/Use/busco_downloads/lineages/mycoplasmatales_odb10/hmms/148at2085.hmm
# Target file:     /home/lgef/Documentos/GitHub/Project_doctoral/IMPLEMENTACAO/Genomes/M_hyopneumoniae/MHP_ncbi_dataset/ncbi_dataset/data/strains/MHP682/Use/busco_complete/prodigal_output/predicted_genes/predicted.faa
# Option settings: hmmsearch --domtblout /home/lgef/Documentos/GitHub/Project_doctoral/IMPLEMENTACAO/Genomes/M_hyopneumoniae/MHP_ncbi_dataset/ncbi_dataset/data/strains/MHP682/Use/busco_complete/run_mycoplasmatales_odb10/hmmer_output/148at2085.out --cpu 1 /home/lgef/Documentos/GitHub/Project_doctoral/IMPLEMENTACAO/Genomes/M_hyopneumoniae/MHP_ncbi_dataset/ncbi_dataset/data/strains/MHP682/Use/busco_downloads/lineages/mycoplasmatales_odb10/hmms/148at2085.hmm /home/lgef/Documentos/GitHub/Project_doctoral/IMPLEMENTACAO/Genomes/M_hyopneumoniae/MHP_ncbi_dataset/ncbi_dataset/data/strains/MHP682/Use/busco_complete/prodigal_output/predicted_genes/predicted.faa 
# Current dir:     /home/lgef/Documentos/GitHub/Project_doctoral/IMPLEMENTACAO/Genomes/M_hyopneumoniae/MHP_ncbi_dataset/ncbi_dataset/data/strains/MHP682/Use
# Date:            Thu Nov 28 19:39:29 2024
# [ok]
