#                                                                                 --- full sequence --- -------------- this domain -------------   hmm coord   ali coord   env coord
# target name             accession   tlen query name           accession   qlen   E-value  score  bias   #  of  c-Evalue  i-Evalue  score  bias  from    to  from    to  from    to  acc description of target
#     ------------------- ---------- ----- -------------------- ---------- ----- --------- ------ ----- --- --- --------- --------- ------ ----- ----- ----- ----- ----- ----- ----- ---- ---------------------
scf00000000:5313-7973|-   -            887 157at2085            -            637  2.2e-233  771.7  38.3   1   4   2.4e-91   5.2e-89  294.8   1.7     1   221    19   274    19   286 0.85 scf00000000_7 # 5313 # 7973 # -1 # ID=1_7;partial=00;start_type=ATG;rbs_motif=AGGA;rbs_spacer=5-10bp;gc_cont=0.307
scf00000000:5313-7973|-   -            887 157at2085            -            637  2.2e-233  771.7  38.3   2   4  2.9e-132  6.2e-130  430.0   8.1   224   543   303   675   293   681 0.88 scf00000000_7 # 5313 # 7973 # -1 # ID=1_7;partial=00;start_type=ATG;rbs_motif=AGGA;rbs_spacer=5-10bp;gc_cont=0.307
scf00000000:5313-7973|-   -            887 157at2085            -            637  2.2e-233  771.7  38.3   3   4   7.2e-20   1.6e-17   58.7  10.7   511   602   670   772   667   809 0.81 scf00000000_7 # 5313 # 7973 # -1 # ID=1_7;partial=00;start_type=ATG;rbs_motif=AGGA;rbs_spacer=5-10bp;gc_cont=0.307
scf00000000:5313-7973|-   -            887 157at2085            -            637  2.2e-233  771.7  38.3   4   4     0.018       3.9    1.2   0.2   604   637   830   863   822   863 0.75 scf00000000_7 # 5313 # 7973 # -1 # ID=1_7;partial=00;start_type=ATG;rbs_motif=AGGA;rbs_spacer=5-10bp;gc_cont=0.307
seq00000020:4137-6605|-   -            823 157at2085            -            637   1.5e-44  147.9  33.1   1   2   8.4e-45   1.8e-42  141.0  23.9     8   531    17   586    10   599 0.75 seq00000020_4 # 4137 # 6605 # -1 # ID=19_4;partial=00;start_type=ATG;rbs_motif=AGGA;rbs_spacer=5-10bp;gc_cont=0.301
seq00000020:4137-6605|-   -            823 157at2085            -            637   1.5e-44  147.9  33.1   2   2   0.00015     0.033    8.0   2.4   513   588   593   666   588   702 0.72 seq00000020_4 # 4137 # 6605 # -1 # ID=19_4;partial=00;start_type=ATG;rbs_motif=AGGA;rbs_spacer=5-10bp;gc_cont=0.301
seq00000002:21612-23984|+ -            791 157at2085            -            637   4.4e-38  126.5   9.7   1   4     5e-15   1.1e-12   42.7   0.0    11   162    17   172    10   179 0.74 seq00000002_16 # 21612 # 23984 # 1 # ID=4_16;partial=00;start_type=ATG;rbs_motif=GGA/GAG/AGG;rbs_spacer=5-10bp;gc_cont=0.306
seq00000002:21612-23984|+ -            791 157at2085            -            637   4.4e-38  126.5   9.7   2   4      0.17        36   -2.0   0.0   297   321   180   204   175   231 0.88 seq00000002_16 # 21612 # 23984 # 1 # ID=4_16;partial=00;start_type=ATG;rbs_motif=GGA/GAG/AGG;rbs_spacer=5-10bp;gc_cont=0.306
seq00000002:21612-23984|+ -            791 157at2085            -            637   4.4e-38  126.5   9.7   3   4   9.3e-10     2e-07   25.3   0.2   320   413   384   482   377   508 0.67 seq00000002_16 # 21612 # 23984 # 1 # ID=4_16;partial=00;start_type=ATG;rbs_motif=GGA/GAG/AGG;rbs_spacer=5-10bp;gc_cont=0.306
seq00000002:21612-23984|+ -            791 157at2085            -            637   4.4e-38  126.5   9.7   4   4   7.3e-21   1.6e-18   61.9   1.4   435   607   540   722   496   736 0.75 seq00000002_16 # 21612 # 23984 # 1 # ID=4_16;partial=00;start_type=ATG;rbs_motif=GGA/GAG/AGG;rbs_spacer=5-10bp;gc_cont=0.306
seq00000022:9501-11042|+  -            514 157at2085            -            637   8.8e-17   56.2   2.6   1   4   2.4e-12   5.1e-10   33.8   0.9    33   164    13   145     2   153 0.74 seq00000022_11 # 9501 # 11042 # 1 # ID=21_11;partial=00;start_type=ATG;rbs_motif=GGA/GAG/AGG;rbs_spacer=5-10bp;gc_cont=0.272
seq00000022:9501-11042|+  -            514 157at2085            -            637   8.8e-17   56.2   2.6   2   4     0.058        13   -0.5   0.2   388   439   217   267   177   274 0.72 seq00000022_11 # 9501 # 11042 # 1 # ID=21_11;partial=00;start_type=ATG;rbs_motif=GGA/GAG/AGG;rbs_spacer=5-10bp;gc_cont=0.272
seq00000022:9501-11042|+  -            514 157at2085            -            637   8.8e-17   56.2   2.6   3   4     3e-11   6.5e-09   30.2   0.0   445   516   294   365   284   386 0.82 seq00000022_11 # 9501 # 11042 # 1 # ID=21_11;partial=00;start_type=ATG;rbs_motif=GGA/GAG/AGG;rbs_spacer=5-10bp;gc_cont=0.272
seq00000022:9501-11042|+  -            514 157at2085            -            637   8.8e-17   56.2   2.6   4   4      0.19        42   -2.2   1.4   518   589   401   480   392   503 0.48 seq00000022_11 # 9501 # 11042 # 1 # ID=21_11;partial=00;start_type=ATG;rbs_motif=GGA/GAG/AGG;rbs_spacer=5-10bp;gc_cont=0.272
#
# Program:         hmmsearch
# Version:         3.4 (Aug 2023)
# Pipeline mode:   SEARCH
# Query file:      /home/lgef/Documentos/GitHub/Project_doctoral/IMPLEMENTACAO/Genomes/M_hyopneumoniae/MHP_ncbi_dataset/ncbi_dataset/data/strains/MHP682/Use/busco_downloads/lineages/mycoplasmatales_odb10/hmms/157at2085.hmm
# Target file:     /home/lgef/Documentos/GitHub/Project_doctoral/IMPLEMENTACAO/Genomes/M_hyopneumoniae/MHP_ncbi_dataset/ncbi_dataset/data/strains/MHP682/Use/busco_complete/prodigal_output/predicted_genes/predicted.faa
# Option settings: hmmsearch --domtblout /home/lgef/Documentos/GitHub/Project_doctoral/IMPLEMENTACAO/Genomes/M_hyopneumoniae/MHP_ncbi_dataset/ncbi_dataset/data/strains/MHP682/Use/busco_complete/run_mycoplasmatales_odb10/hmmer_output/157at2085.out --cpu 1 /home/lgef/Documentos/GitHub/Project_doctoral/IMPLEMENTACAO/Genomes/M_hyopneumoniae/MHP_ncbi_dataset/ncbi_dataset/data/strains/MHP682/Use/busco_downloads/lineages/mycoplasmatales_odb10/hmms/157at2085.hmm /home/lgef/Documentos/GitHub/Project_doctoral/IMPLEMENTACAO/Genomes/M_hyopneumoniae/MHP_ncbi_dataset/ncbi_dataset/data/strains/MHP682/Use/busco_complete/prodigal_output/predicted_genes/predicted.faa 
# Current dir:     /home/lgef/Documentos/GitHub/Project_doctoral/IMPLEMENTACAO/Genomes/M_hyopneumoniae/MHP_ncbi_dataset/ncbi_dataset/data/strains/MHP682/Use
# Date:            Thu Nov 28 19:39:29 2024
# [ok]
