#                                                                                   --- full sequence --- -------------- this domain -------------   hmm coord   ali coord   env coord
# target name               accession   tlen query name           accession   qlen   E-value  score  bias   #  of  c-Evalue  i-Evalue  score  bias  from    to  from    to  from    to  acc description of target
#       ------------------- ---------- ----- -------------------- ---------- ----- --------- ------ ----- --- --- --------- --------- ------ ----- ----- ----- ----- ----- ----- ----- ---- ---------------------
seq00000035:664-1455|-      -            264 1679at2085           -            265     1e-78  259.9  13.6   1   1   1.2e-80   1.1e-78  259.8  13.6    12   256     1   255     1   263 0.90 seq00000035_2 # 664 # 1455 # -1 # ID=32_2;partial=00;start_type=ATG;rbs_motif=GGA/GAG/AGG;rbs_spacer=3-4bp;gc_cont=0.268
scf00000000:78984-79775|+   -            264 1679at2085           -            265   1.6e-78  259.3  12.8   1   1   1.8e-80   1.7e-78  259.2  12.8    12   256     1   255     1   263 0.90 scf00000000_65 # 78984 # 79775 # 1 # ID=1_65;partial=00;start_type=ATG;rbs_motif=GGA/GAG/AGG;rbs_spacer=3-4bp;gc_cont=0.263
scf00000000:59101-60402|+   -            434 1679at2085           -            265   2.8e-23   78.2  12.7   1   3   1.8e-11   1.7e-09   33.0   0.2   123   177     6    64     1    77 0.80 scf00000000_48 # 59101 # 60402 # 1 # ID=1_48;partial=00;start_type=ATG;rbs_motif=3Base/5BMM;rbs_spacer=13-15bp;gc_cont=0.291
scf00000000:59101-60402|+   -            434 1679at2085           -            265   2.8e-23   78.2  12.7   2   3     1e-12   9.8e-11   37.1   0.9    22   173    78   228    71   239 0.76 scf00000000_48 # 59101 # 60402 # 1 # ID=1_48;partial=00;start_type=ATG;rbs_motif=3Base/5BMM;rbs_spacer=13-15bp;gc_cont=0.291
scf00000000:59101-60402|+   -            434 1679at2085           -            265   2.8e-23   78.2  12.7   3   3   6.9e-06   0.00067   14.7   0.9    24   139   251   380   245   386 0.62 scf00000000_48 # 59101 # 60402 # 1 # ID=1_48;partial=00;start_type=ATG;rbs_motif=3Base/5BMM;rbs_spacer=13-15bp;gc_cont=0.291
seq00000011:16207-16803|+   -            199 1679at2085           -            265     1e-12   43.5   5.9   1   2   1.7e-12   1.7e-10   36.3   0.1   123   172    41    91    32   110 0.90 seq00000011_12 # 16207 # 16803 # 1 # ID=13_12;partial=00;start_type=ATG;rbs_motif=None;rbs_spacer=None;gc_cont=0.296
seq00000011:16207-16803|+   -            199 1679at2085           -            265     1e-12   43.5   5.9   2   2   0.00027     0.026    9.4   2.0    24    97   117   195   102   198 0.78 seq00000011_12 # 16207 # 16803 # 1 # ID=13_12;partial=00;start_type=ATG;rbs_motif=None;rbs_spacer=None;gc_cont=0.296
scf00000000:224992-226320|- -            443 1679at2085           -            265   1.1e-12   43.5  15.9   1   3       1.2   1.2e+02   -2.5   0.1   231   258   137   164   114   170 0.58 scf00000000_208 # 224992 # 226320 # -1 # ID=1_208;partial=00;start_type=TTG;rbs_motif=AGGAG;rbs_spacer=5-10bp;gc_cont=0.315
scf00000000:224992-226320|- -            443 1679at2085           -            265   1.1e-12   43.5  15.9   2   3   8.4e-14   8.1e-12   40.6   0.3    97   174   194   275   184   287 0.78 scf00000000_208 # 224992 # 226320 # -1 # ID=1_208;partial=00;start_type=TTG;rbs_motif=AGGAG;rbs_spacer=5-10bp;gc_cont=0.315
scf00000000:224992-226320|- -            443 1679at2085           -            265   1.1e-12   43.5  15.9   3   3   0.00023     0.023    9.6   6.1    21   104   291   366   281   386 0.71 scf00000000_208 # 224992 # 226320 # -1 # ID=1_208;partial=00;start_type=TTG;rbs_motif=AGGAG;rbs_spacer=5-10bp;gc_cont=0.315
scf00000000:181584-182465|- -            294 1679at2085           -            265   1.9e-10   36.1   9.5   1   2   2.3e-11   2.3e-09   32.6   0.3   119   175     6    66     2    84 0.78 scf00000000_155 # 181584 # 182465 # -1 # ID=1_155;partial=00;start_type=ATG;rbs_motif=None;rbs_spacer=None;gc_cont=0.290
scf00000000:181584-182465|- -            294 1679at2085           -            265   1.9e-10   36.1   9.5   2   2    0.0017      0.16    6.8   4.0    47   103   108   169    77   190 0.77 scf00000000_155 # 181584 # 182465 # -1 # ID=1_155;partial=00;start_type=ATG;rbs_motif=None;rbs_spacer=None;gc_cont=0.290
seq00000004:8215-9096|+     -            294 1679at2085           -            265   5.4e-10   34.6   9.3   1   2   2.2e-11   2.1e-09   32.7   0.2   119   175     6    66     2    85 0.78 seq00000004_11 # 8215 # 9096 # 1 # ID=6_11;partial=00;start_type=ATG;rbs_motif=None;rbs_spacer=None;gc_cont=0.289
seq00000004:8215-9096|+     -            294 1679at2085           -            265   5.4e-10   34.6   9.3   2   2    0.0057      0.55    5.1   4.0    47   103   108   169    78   189 0.75 seq00000004_11 # 8215 # 9096 # 1 # ID=6_11;partial=00;start_type=ATG;rbs_motif=None;rbs_spacer=None;gc_cont=0.289
scf00000000:21674-22933|+   -            420 1679at2085           -            265   4.3e-06   21.8  12.5   1   2   6.4e-07   6.2e-05   18.0   0.0   124   174   161   214   145   235 0.75 scf00000000_17 # 21674 # 22933 # 1 # ID=1_17;partial=00;start_type=ATG;rbs_motif=AGGA;rbs_spacer=5-10bp;gc_cont=0.310
scf00000000:21674-22933|+   -            420 1679at2085           -            265   4.3e-06   21.8  12.5   2   2    0.0081      0.78    4.6   9.4    39   121   257   343   253   346 0.86 scf00000000_17 # 21674 # 22933 # 1 # ID=1_17;partial=00;start_type=ATG;rbs_motif=AGGA;rbs_spacer=5-10bp;gc_cont=0.310
scf00000002:4757-5860|-     -            368 1679at2085           -            265   1.6e-05   20.0   0.1   1   1   3.9e-07   3.7e-05   18.8   0.1   119   155     2    37     1    47 0.85 scf00000002_4 # 4757 # 5860 # -1 # ID=3_4;partial=00;start_type=ATG;rbs_motif=None;rbs_spacer=None;gc_cont=0.299
#
# Program:         hmmsearch
# Version:         3.4 (Aug 2023)
# Pipeline mode:   SEARCH
# Query file:      /home/lgef/Documentos/GitHub/Project_doctoral/IMPLEMENTACAO/Genomes/M_hyopneumoniae/MHP_ncbi_dataset/ncbi_dataset/data/strains/MHP682/Use/busco_downloads/lineages/mycoplasmatales_odb10/hmms/1679at2085.hmm
# Target file:     /home/lgef/Documentos/GitHub/Project_doctoral/IMPLEMENTACAO/Genomes/M_hyopneumoniae/MHP_ncbi_dataset/ncbi_dataset/data/strains/MHP682/Use/busco_complete/prodigal_output/predicted_genes/predicted.faa
# Option settings: hmmsearch --domtblout /home/lgef/Documentos/GitHub/Project_doctoral/IMPLEMENTACAO/Genomes/M_hyopneumoniae/MHP_ncbi_dataset/ncbi_dataset/data/strains/MHP682/Use/busco_complete/run_mycoplasmatales_odb10/hmmer_output/1679at2085.out --cpu 1 /home/lgef/Documentos/GitHub/Project_doctoral/IMPLEMENTACAO/Genomes/M_hyopneumoniae/MHP_ncbi_dataset/ncbi_dataset/data/strains/MHP682/Use/busco_downloads/lineages/mycoplasmatales_odb10/hmms/1679at2085.hmm /home/lgef/Documentos/GitHub/Project_doctoral/IMPLEMENTACAO/Genomes/M_hyopneumoniae/MHP_ncbi_dataset/ncbi_dataset/data/strains/MHP682/Use/busco_complete/prodigal_output/predicted_genes/predicted.faa 
# Current dir:     /home/lgef/Documentos/GitHub/Project_doctoral/IMPLEMENTACAO/Genomes/M_hyopneumoniae/MHP_ncbi_dataset/ncbi_dataset/data/strains/MHP682/Use
# Date:            Thu Nov 28 19:39:29 2024
# [ok]
