#                                                                                   --- full sequence --- -------------- this domain -------------   hmm coord   ali coord   env coord
# target name               accession   tlen query name           accession   qlen   E-value  score  bias   #  of  c-Evalue  i-Evalue  score  bias  from    to  from    to  from    to  acc description of target
#       ------------------- ---------- ----- -------------------- ---------- ----- --------- ------ ----- --- --- --------- --------- ------ ----- ----- ----- ----- ----- ----- ----- ---- ---------------------
scf00000000:21674-22933|+   -            420 1851at2085           -            347  2.7e-133  439.9  14.8   1   2  2.6e-122  3.2e-120  396.9   6.7     1   297     1   317     1   324 0.92 scf00000000_17 # 21674 # 22933 # 1 # ID=1_17;partial=00;start_type=ATG;rbs_motif=AGGA;rbs_spacer=5-10bp;gc_cont=0.310
scf00000000:21674-22933|+   -            420 1851at2085           -            347  2.7e-133  439.9  14.8   2   2   3.2e-16     4e-14   48.0   2.3   253   347   321   418   309   418 0.78 scf00000000_17 # 21674 # 22933 # 1 # ID=1_17;partial=00;start_type=ATG;rbs_motif=AGGA;rbs_spacer=5-10bp;gc_cont=0.310
scf00000002:4757-5860|-     -            368 1851at2085           -            347   8.7e-15   50.1   1.0   1   1   1.4e-14   1.7e-12   42.6   1.0   154   250     5   118     2   209 0.80 scf00000002_4 # 4757 # 5860 # -1 # ID=3_4;partial=00;start_type=ATG;rbs_motif=None;rbs_spacer=None;gc_cont=0.299
scf00000000:59101-60402|+   -            434 1851at2085           -            347   4.5e-09   31.4   0.2   1   2   4.4e-06   0.00054   14.6   0.1   153   273     4   124     1   153 0.75 scf00000000_48 # 59101 # 60402 # 1 # ID=1_48;partial=00;start_type=ATG;rbs_motif=3Base/5BMM;rbs_spacer=13-15bp;gc_cont=0.291
scf00000000:59101-60402|+   -            434 1851at2085           -            347   4.5e-09   31.4   0.2   2   2   5.3e-06   0.00066   14.4   0.0   145   278   164   300   156   308 0.80 scf00000000_48 # 59101 # 60402 # 1 # ID=1_48;partial=00;start_type=ATG;rbs_motif=3Base/5BMM;rbs_spacer=13-15bp;gc_cont=0.291
scf00000000:78984-79775|+   -            264 1851at2085           -            347   3.8e-06   21.7   2.7   1   2       0.1        13    0.2   0.5   197   249    11    64     7   108 0.63 scf00000000_65 # 78984 # 79775 # 1 # ID=1_65;partial=00;start_type=ATG;rbs_motif=GGA/GAG/AGG;rbs_spacer=3-4bp;gc_cont=0.263
scf00000000:78984-79775|+   -            264 1851at2085           -            347   3.8e-06   21.7   2.7   2   2   3.3e-08   4.1e-06   21.6   0.1   156   296   115   251    99   261 0.86 scf00000000_65 # 78984 # 79775 # 1 # ID=1_65;partial=00;start_type=ATG;rbs_motif=GGA/GAG/AGG;rbs_spacer=3-4bp;gc_cont=0.263
seq00000035:664-1455|-      -            264 1851at2085           -            347     4e-06   21.6   0.1   1   2      0.15        19   -0.3   0.2   214   248    29    63     8   108 0.58 seq00000035_2 # 664 # 1455 # -1 # ID=32_2;partial=00;start_type=ATG;rbs_motif=GGA/GAG/AGG;rbs_spacer=3-4bp;gc_cont=0.268
seq00000035:664-1455|-      -            264 1851at2085           -            347     4e-06   21.6   0.1   2   2   3.2e-08     4e-06   21.6   0.1   156   296   115   251    98   261 0.86 seq00000035_2 # 664 # 1455 # -1 # ID=32_2;partial=00;start_type=ATG;rbs_motif=GGA/GAG/AGG;rbs_spacer=3-4bp;gc_cont=0.268
scf00000000:181584-182465|- -            294 1851at2085           -            347   0.00062   14.5   1.7   1   1   7.2e-06   0.00089   13.9   1.7   148   302     3   157     1   163 0.78 scf00000000_155 # 181584 # 182465 # -1 # ID=1_155;partial=00;start_type=ATG;rbs_motif=None;rbs_spacer=None;gc_cont=0.290
seq00000004:8215-9096|+     -            294 1851at2085           -            347    0.0018   13.0   1.6   1   1   2.1e-05    0.0026   12.4   1.6   148   295     3   150     1   160 0.74 seq00000004_11 # 8215 # 9096 # 1 # ID=6_11;partial=00;start_type=ATG;rbs_motif=None;rbs_spacer=None;gc_cont=0.289
#
# Program:         hmmsearch
# Version:         3.4 (Aug 2023)
# Pipeline mode:   SEARCH
# Query file:      /home/lgef/Documentos/GitHub/Project_doctoral/IMPLEMENTACAO/Genomes/M_hyopneumoniae/MHP_ncbi_dataset/ncbi_dataset/data/strains/MHP682/Use/busco_downloads/lineages/mycoplasmatales_odb10/hmms/1851at2085.hmm
# Target file:     /home/lgef/Documentos/GitHub/Project_doctoral/IMPLEMENTACAO/Genomes/M_hyopneumoniae/MHP_ncbi_dataset/ncbi_dataset/data/strains/MHP682/Use/busco_complete/prodigal_output/predicted_genes/predicted.faa
# Option settings: hmmsearch --domtblout /home/lgef/Documentos/GitHub/Project_doctoral/IMPLEMENTACAO/Genomes/M_hyopneumoniae/MHP_ncbi_dataset/ncbi_dataset/data/strains/MHP682/Use/busco_complete/run_mycoplasmatales_odb10/hmmer_output/1851at2085.out --cpu 1 /home/lgef/Documentos/GitHub/Project_doctoral/IMPLEMENTACAO/Genomes/M_hyopneumoniae/MHP_ncbi_dataset/ncbi_dataset/data/strains/MHP682/Use/busco_downloads/lineages/mycoplasmatales_odb10/hmms/1851at2085.hmm /home/lgef/Documentos/GitHub/Project_doctoral/IMPLEMENTACAO/Genomes/M_hyopneumoniae/MHP_ncbi_dataset/ncbi_dataset/data/strains/MHP682/Use/busco_complete/prodigal_output/predicted_genes/predicted.faa 
# Current dir:     /home/lgef/Documentos/GitHub/Project_doctoral/IMPLEMENTACAO/Genomes/M_hyopneumoniae/MHP_ncbi_dataset/ncbi_dataset/data/strains/MHP682/Use
# Date:            Thu Nov 28 19:39:29 2024
# [ok]
