#                                                                                   --- full sequence --- -------------- this domain -------------   hmm coord   ali coord   env coord
# target name               accession   tlen query name           accession   qlen   E-value  score  bias   #  of  c-Evalue  i-Evalue  score  bias  from    to  from    to  from    to  acc description of target
#       ------------------- ---------- ----- -------------------- ---------- ----- --------- ------ ----- --- --- --------- --------- ------ ----- ----- ----- ----- ----- ----- ----- ---- ---------------------
scf00000001:17693-18538|-   -            282 3282at2085           -            198   6.2e-57  188.0  21.8   1   2   1.6e-37   3.5e-35  117.0  17.3     1   142     1   162     1   173 0.86 scf00000001_12 # 17693 # 18538 # -1 # ID=2_12;partial=00;start_type=ATG;rbs_motif=None;rbs_spacer=None;gc_cont=0.248
scf00000001:17693-18538|-   -            282 3282at2085           -            198   6.2e-57  188.0  21.8   2   2   2.9e-22   6.4e-20   67.2   0.1   141   198   214   274   193   274 0.89 scf00000001_12 # 17693 # 18538 # -1 # ID=2_12;partial=00;start_type=ATG;rbs_motif=None;rbs_spacer=None;gc_cont=0.248
seq00000011:1809-2726|-     -            306 3282at2085           -            198   1.9e-33  111.3  12.3   1   2   1.1e-20   2.3e-18   62.1   8.3    10   134    13   160     6   201 0.77 seq00000011_3 # 1809 # 2726 # -1 # ID=13_3;partial=00;start_type=ATG;rbs_motif=None;rbs_spacer=None;gc_cont=0.319
seq00000011:1809-2726|-     -            306 3282at2085           -            198   1.9e-33  111.3  12.3   2   2     1e-16   2.2e-14   49.1   0.1   135   189   224   280   207   286 0.86 seq00000011_3 # 1809 # 2726 # -1 # ID=13_3;partial=00;start_type=ATG;rbs_motif=None;rbs_spacer=None;gc_cont=0.319
scf00000000:190674-191396|+ -            241 3282at2085           -            198   1.4e-06   23.6   1.8   1   2   6.5e-09   1.4e-06   23.6   1.8    13   133     4   123     1   138 0.78 scf00000000_166 # 190674 # 191396 # 1 # ID=1_166;partial=00;start_type=ATG;rbs_motif=GGA/GAG/AGG;rbs_spacer=5-10bp;gc_cont=0.286
scf00000000:190674-191396|+ -            241 3282at2085           -            198   1.4e-06   23.6   1.8   2   2      0.27        58   -1.3   0.9    32    57   201   224   171   234 0.50 scf00000000_166 # 190674 # 191396 # 1 # ID=1_166;partial=00;start_type=ATG;rbs_motif=GGA/GAG/AGG;rbs_spacer=5-10bp;gc_cont=0.286
seq00000042:5429-6151|-     -            241 3282at2085           -            198   7.2e-06   21.3   1.4   1   2   3.3e-08   7.2e-06   21.3   1.4    13   133     4   123     1   138 0.78 seq00000042_6 # 5429 # 6151 # -1 # ID=39_6;partial=00;start_type=ATG;rbs_motif=GGA/GAG/AGG;rbs_spacer=5-10bp;gc_cont=0.290
seq00000042:5429-6151|-     -            241 3282at2085           -            198   7.2e-06   21.3   1.4   2   2      0.34        73   -1.6   1.3    25    58   192   225   164   234 0.56 seq00000042_6 # 5429 # 6151 # -1 # ID=39_6;partial=00;start_type=ATG;rbs_motif=GGA/GAG/AGG;rbs_spacer=5-10bp;gc_cont=0.290
#
# Program:         hmmsearch
# Version:         3.4 (Aug 2023)
# Pipeline mode:   SEARCH
# Query file:      /home/lgef/Documentos/GitHub/Project_doctoral/IMPLEMENTACAO/Genomes/M_hyopneumoniae/MHP_ncbi_dataset/ncbi_dataset/data/strains/MHP682/Use/busco_downloads/lineages/mycoplasmatales_odb10/hmms/3282at2085.hmm
# Target file:     /home/lgef/Documentos/GitHub/Project_doctoral/IMPLEMENTACAO/Genomes/M_hyopneumoniae/MHP_ncbi_dataset/ncbi_dataset/data/strains/MHP682/Use/busco_complete/prodigal_output/predicted_genes/predicted.faa
# Option settings: hmmsearch --domtblout /home/lgef/Documentos/GitHub/Project_doctoral/IMPLEMENTACAO/Genomes/M_hyopneumoniae/MHP_ncbi_dataset/ncbi_dataset/data/strains/MHP682/Use/busco_complete/run_mycoplasmatales_odb10/hmmer_output/3282at2085.out --cpu 1 /home/lgef/Documentos/GitHub/Project_doctoral/IMPLEMENTACAO/Genomes/M_hyopneumoniae/MHP_ncbi_dataset/ncbi_dataset/data/strains/MHP682/Use/busco_downloads/lineages/mycoplasmatales_odb10/hmms/3282at2085.hmm /home/lgef/Documentos/GitHub/Project_doctoral/IMPLEMENTACAO/Genomes/M_hyopneumoniae/MHP_ncbi_dataset/ncbi_dataset/data/strains/MHP682/Use/busco_complete/prodigal_output/predicted_genes/predicted.faa 
# Current dir:     /home/lgef/Documentos/GitHub/Project_doctoral/IMPLEMENTACAO/Genomes/M_hyopneumoniae/MHP_ncbi_dataset/ncbi_dataset/data/strains/MHP682/Use
# Date:            Thu Nov 28 19:39:30 2024
# [ok]
