#                                                                                   --- full sequence --- -------------- this domain -------------   hmm coord   ali coord   env coord
# target name               accession   tlen query name           accession   qlen   E-value  score  bias   #  of  c-Evalue  i-Evalue  score  bias  from    to  from    to  from    to  acc description of target
#       ------------------- ---------- ----- -------------------- ---------- ----- --------- ------ ----- --- --- --------- --------- ------ ----- ----- ----- ----- ----- ----- ----- ---- ---------------------
seq00000002:30921-31622|+   -            234 3504at2085           -            172   1.7e-56  186.3   5.6   1   2    0.0019      0.32    6.3   0.0     1    31     5    37     5    48 0.77 seq00000002_23 # 30921 # 31622 # 1 # ID=4_23;partial=00;start_type=ATG;rbs_motif=None;rbs_spacer=None;gc_cont=0.286
seq00000002:30921-31622|+   -            234 3504at2085           -            172   1.7e-56  186.3   5.6   2   2   3.4e-56   5.8e-54  178.0   5.0    15   170    47   222    37   224 0.85 seq00000002_23 # 30921 # 31622 # 1 # ID=4_23;partial=00;start_type=ATG;rbs_motif=None;rbs_spacer=None;gc_cont=0.286
seq00000004:18530-19285|-   -            252 3504at2085           -            172   6.2e-18   60.8   2.1   1   1   1.7e-19     3e-17   58.5   2.0    32   170    99   245    56   247 0.74 seq00000004_23 # 18530 # 19285 # -1 # ID=6_23;partial=00;start_type=ATG;rbs_motif=4Base/6BMM;rbs_spacer=13-15bp;gc_cont=0.255
scf00000000:171401-172087|+ -            229 3504at2085           -            172   2.1e-13   46.0   2.4   1   1   5.3e-15   9.2e-13   43.9   1.9    32   144    99   219    66   225 0.71 scf00000000_142 # 171401 # 172087 # 1 # ID=1_142;partial=00;start_type=ATG;rbs_motif=4Base/6BMM;rbs_spacer=13-15bp;gc_cont=0.250
seq00000004:19275-19799|-   -            175 3504at2085           -            172   1.7e-06   23.5   0.0   1   2   0.00038     0.065    8.6   0.0    54    73    14    34     3    63 0.85 seq00000004_24 # 19275 # 19799 # -1 # ID=6_24;partial=00;start_type=ATG;rbs_motif=GGA/GAG/AGG;rbs_spacer=5-10bp;gc_cont=0.307
seq00000004:19275-19799|-   -            175 3504at2085           -            172   1.7e-06   23.5   0.0   2   2   1.5e-05    0.0026   13.1   0.0   120   171    94   149    83   150 0.79 seq00000004_24 # 19275 # 19799 # -1 # ID=6_24;partial=00;start_type=ATG;rbs_motif=GGA/GAG/AGG;rbs_spacer=5-10bp;gc_cont=0.307
scf00000000:170887-171411|+ -            175 3504at2085           -            172   1.7e-06   23.5   0.0   1   2   0.00038     0.065    8.6   0.0    54    73    14    34     3    63 0.85 scf00000000_141 # 170887 # 171411 # 1 # ID=1_141;partial=00;start_type=ATG;rbs_motif=GGA/GAG/AGG;rbs_spacer=5-10bp;gc_cont=0.307
scf00000000:170887-171411|+ -            175 3504at2085           -            172   1.7e-06   23.5   0.0   2   2   1.5e-05    0.0026   13.1   0.0   120   171    94   149    83   150 0.79 scf00000000_141 # 170887 # 171411 # 1 # ID=1_141;partial=00;start_type=ATG;rbs_motif=GGA/GAG/AGG;rbs_spacer=5-10bp;gc_cont=0.307
#
# Program:         hmmsearch
# Version:         3.4 (Aug 2023)
# Pipeline mode:   SEARCH
# Query file:      /home/lgef/Documentos/GitHub/Project_doctoral/IMPLEMENTACAO/Genomes/M_hyopneumoniae/MHP_ncbi_dataset/ncbi_dataset/data/strains/MHP682/Use/busco_downloads/lineages/mycoplasmatales_odb10/hmms/3504at2085.hmm
# Target file:     /home/lgef/Documentos/GitHub/Project_doctoral/IMPLEMENTACAO/Genomes/M_hyopneumoniae/MHP_ncbi_dataset/ncbi_dataset/data/strains/MHP682/Use/busco_complete/prodigal_output/predicted_genes/predicted.faa
# Option settings: hmmsearch --domtblout /home/lgef/Documentos/GitHub/Project_doctoral/IMPLEMENTACAO/Genomes/M_hyopneumoniae/MHP_ncbi_dataset/ncbi_dataset/data/strains/MHP682/Use/busco_complete/run_mycoplasmatales_odb10/hmmer_output/3504at2085.out --cpu 1 /home/lgef/Documentos/GitHub/Project_doctoral/IMPLEMENTACAO/Genomes/M_hyopneumoniae/MHP_ncbi_dataset/ncbi_dataset/data/strains/MHP682/Use/busco_downloads/lineages/mycoplasmatales_odb10/hmms/3504at2085.hmm /home/lgef/Documentos/GitHub/Project_doctoral/IMPLEMENTACAO/Genomes/M_hyopneumoniae/MHP_ncbi_dataset/ncbi_dataset/data/strains/MHP682/Use/busco_complete/prodigal_output/predicted_genes/predicted.faa 
# Current dir:     /home/lgef/Documentos/GitHub/Project_doctoral/IMPLEMENTACAO/Genomes/M_hyopneumoniae/MHP_ncbi_dataset/ncbi_dataset/data/strains/MHP682/Use
# Date:            Thu Nov 28 19:39:30 2024
# [ok]
