#                                                                                   --- full sequence --- -------------- this domain -------------   hmm coord   ali coord   env coord
# target name               accession   tlen query name           accession   qlen   E-value  score  bias   #  of  c-Evalue  i-Evalue  score  bias  from    to  from    to  from    to  acc description of target
#       ------------------- ---------- ----- -------------------- ---------- ----- --------- ------ ----- --- --- --------- --------- ------ ----- ----- ----- ----- ----- ----- ----- ---- ---------------------
scf00000000:168280-168996|+ -            239 3656at2085           -            168     7e-44  144.8   7.7   1   2     9e-46   1.6e-43  143.7   6.8     6   162    23   212    10   218 0.81 scf00000000_138 # 168280 # 168996 # 1 # ID=1_138;partial=00;start_type=ATG;rbs_motif=None;rbs_spacer=None;gc_cont=0.293
scf00000000:168280-168996|+ -            239 3656at2085           -            168     7e-44  144.8   7.7   2   2      0.39        68   -1.5   0.0   155   167   219   231   215   232 0.86 scf00000000_138 # 168280 # 168996 # 1 # ID=1_138;partial=00;start_type=ATG;rbs_motif=None;rbs_spacer=None;gc_cont=0.293
seq00000004:21666-22382|-   -            239 3656at2085           -            168   1.7e-43  143.6   7.3   1   2   2.2e-45   3.8e-43  142.5   6.5     6   162    23   212    10   219 0.81 seq00000004_27 # 21666 # 22382 # -1 # ID=6_27;partial=00;start_type=ATG;rbs_motif=None;rbs_spacer=None;gc_cont=0.286
seq00000004:21666-22382|-   -            239 3656at2085           -            168   1.7e-43  143.6   7.3   2   2      0.38        66   -1.5   0.0   155   167   219   231   213   232 0.87 seq00000004_27 # 21666 # 22382 # -1 # ID=6_27;partial=00;start_type=ATG;rbs_motif=None;rbs_spacer=None;gc_cont=0.286
scf00000000:179837-180397|- -            187 3656at2085           -            168   9.1e-07   24.1   1.5   1   1   8.4e-09   1.5e-06   23.4   1.5    52   142    45   152    40   178 0.66 scf00000000_153 # 179837 # 180397 # -1 # ID=1_153;partial=00;start_type=ATG;rbs_motif=None;rbs_spacer=None;gc_cont=0.285
seq00000004:10283-10843|+   -            187 3656at2085           -            168   1.9e-06   23.0   1.4   1   1   1.7e-08     3e-06   22.4   1.4    52   142    45   152    40   178 0.66 seq00000004_13 # 10283 # 10843 # 1 # ID=6_13;partial=00;start_type=ATG;rbs_motif=None;rbs_spacer=None;gc_cont=0.289
seq00000022:8738-9508|+     -            257 3656at2085           -            168   3.3e-06   22.2   3.9   1   1   1.3e-07   2.2e-05   19.5   3.9    50   116    44   130    39   172 0.75 seq00000022_10 # 8738 # 9508 # 1 # ID=21_10;partial=00;start_type=ATG;rbs_motif=None;rbs_spacer=None;gc_cont=0.296
#
# Program:         hmmsearch
# Version:         3.4 (Aug 2023)
# Pipeline mode:   SEARCH
# Query file:      /home/lgef/Documentos/GitHub/Project_doctoral/IMPLEMENTACAO/Genomes/M_hyopneumoniae/MHP_ncbi_dataset/ncbi_dataset/data/strains/MHP682/Use/busco_downloads/lineages/mycoplasmatales_odb10/hmms/3656at2085.hmm
# Target file:     /home/lgef/Documentos/GitHub/Project_doctoral/IMPLEMENTACAO/Genomes/M_hyopneumoniae/MHP_ncbi_dataset/ncbi_dataset/data/strains/MHP682/Use/busco_complete/prodigal_output/predicted_genes/predicted.faa
# Option settings: hmmsearch --domtblout /home/lgef/Documentos/GitHub/Project_doctoral/IMPLEMENTACAO/Genomes/M_hyopneumoniae/MHP_ncbi_dataset/ncbi_dataset/data/strains/MHP682/Use/busco_complete/run_mycoplasmatales_odb10/hmmer_output/3656at2085.out --cpu 1 /home/lgef/Documentos/GitHub/Project_doctoral/IMPLEMENTACAO/Genomes/M_hyopneumoniae/MHP_ncbi_dataset/ncbi_dataset/data/strains/MHP682/Use/busco_downloads/lineages/mycoplasmatales_odb10/hmms/3656at2085.hmm /home/lgef/Documentos/GitHub/Project_doctoral/IMPLEMENTACAO/Genomes/M_hyopneumoniae/MHP_ncbi_dataset/ncbi_dataset/data/strains/MHP682/Use/busco_complete/prodigal_output/predicted_genes/predicted.faa 
# Current dir:     /home/lgef/Documentos/GitHub/Project_doctoral/IMPLEMENTACAO/Genomes/M_hyopneumoniae/MHP_ncbi_dataset/ncbi_dataset/data/strains/MHP682/Use
# Date:            Thu Nov 28 19:39:30 2024
# [ok]
