#                                                                                 --- full sequence --- -------------- this domain -------------   hmm coord   ali coord   env coord
# target name             accession   tlen query name           accession   qlen   E-value  score  bias   #  of  c-Evalue  i-Evalue  score  bias  from    to  from    to  from    to  acc description of target
#     ------------------- ---------- ----- -------------------- ---------- ----- --------- ------ ----- --- --- --------- --------- ------ ----- ----- ----- ----- ----- ----- ----- ---- ---------------------
seq00000020:4137-6605|-   -            823 534at2085            -            678  5.1e-263  870.0  54.0   1   2    2e-255  4.3e-253  837.2  46.0    14   657    28   750     1   767 0.85 seq00000020_4 # 4137 # 6605 # -1 # ID=19_4;partial=00;start_type=ATG;rbs_motif=AGGA;rbs_spacer=5-10bp;gc_cont=0.301
seq00000020:4137-6605|-   -            823 534at2085            -            678  5.1e-263  870.0  54.0   2   2   2.6e-11   5.7e-09   30.4   3.7   628   678   769   819   744   819 0.85 seq00000020_4 # 4137 # 6605 # -1 # ID=19_4;partial=00;start_type=ATG;rbs_motif=AGGA;rbs_spacer=5-10bp;gc_cont=0.301
scf00000000:5313-7973|-   -            887 534at2085            -            678   1.5e-67  224.0  25.6   1   3     4e-26   8.8e-24   79.4   0.6     7   215    40   254    34   280 0.81 scf00000000_7 # 5313 # 7973 # -1 # ID=1_7;partial=00;start_type=ATG;rbs_motif=AGGA;rbs_spacer=5-10bp;gc_cont=0.307
scf00000000:5313-7973|-   -            887 534at2085            -            678   1.5e-67  224.0  25.6   2   3   1.3e-20   2.9e-18   61.1   0.3   217   383   293   469   288   482 0.80 scf00000000_7 # 5313 # 7973 # -1 # ID=1_7;partial=00;start_type=ATG;rbs_motif=AGGA;rbs_spacer=5-10bp;gc_cont=0.307
scf00000000:5313-7973|-   -            887 534at2085            -            678   1.5e-67  224.0  25.6   3   3   6.1e-30   1.3e-27   92.0  12.3   371   600   489   722   476   784 0.77 scf00000000_7 # 5313 # 7973 # -1 # ID=1_7;partial=00;start_type=ATG;rbs_motif=AGGA;rbs_spacer=5-10bp;gc_cont=0.307
seq00000002:21612-23984|+ -            791 534at2085            -            678   3.7e-38  126.9  20.2   1   6   3.4e-13   7.4e-11   36.6   0.0    14   169    26   171    13   175 0.79 seq00000002_16 # 21612 # 23984 # 1 # ID=4_16;partial=00;start_type=ATG;rbs_motif=GGA/GAG/AGG;rbs_spacer=5-10bp;gc_cont=0.306
seq00000002:21612-23984|+ -            791 534at2085            -            678   3.7e-38  126.9  20.2   2   6   7.9e-06    0.0017   12.3   0.2   308   365   177   233   170   238 0.89 seq00000002_16 # 21612 # 23984 # 1 # ID=4_16;partial=00;start_type=ATG;rbs_motif=GGA/GAG/AGG;rbs_spacer=5-10bp;gc_cont=0.306
seq00000002:21612-23984|+ -            791 534at2085            -            678   3.7e-38  126.9  20.2   3   6     0.014         3    1.6   0.0   176   210   231   266   226   287 0.77 seq00000002_16 # 21612 # 23984 # 1 # ID=4_16;partial=00;start_type=ATG;rbs_motif=GGA/GAG/AGG;rbs_spacer=5-10bp;gc_cont=0.306
seq00000002:21612-23984|+ -            791 534at2085            -            678   3.7e-38  126.9  20.2   4   6   9.3e-09     2e-06   22.0   0.1   216   300   302   391   295   397 0.86 seq00000002_16 # 21612 # 23984 # 1 # ID=4_16;partial=00;start_type=ATG;rbs_motif=GGA/GAG/AGG;rbs_spacer=5-10bp;gc_cont=0.306
seq00000002:21612-23984|+ -            791 534at2085            -            678   3.7e-38  126.9  20.2   5   6   1.8e-05     0.004   11.1   0.0   359   388   398   427   393   440 0.84 seq00000002_16 # 21612 # 23984 # 1 # ID=4_16;partial=00;start_type=ATG;rbs_motif=GGA/GAG/AGG;rbs_spacer=5-10bp;gc_cont=0.306
seq00000002:21612-23984|+ -            791 534at2085            -            678   3.7e-38  126.9  20.2   6   6   2.2e-17   4.8e-15   50.5   6.1   437   596   530   705   500   778 0.74 seq00000002_16 # 21612 # 23984 # 1 # ID=4_16;partial=00;start_type=ATG;rbs_motif=GGA/GAG/AGG;rbs_spacer=5-10bp;gc_cont=0.306
seq00000022:9501-11042|+  -            514 534at2085            -            678   2.4e-12   41.6  22.8   1   2   7.2e-10   1.6e-07   25.6   2.2    29   153    14   126     2   145 0.78 seq00000022_11 # 9501 # 11042 # 1 # ID=21_11;partial=00;start_type=ATG;rbs_motif=GGA/GAG/AGG;rbs_spacer=5-10bp;gc_cont=0.272
seq00000022:9501-11042|+  -            514 534at2085            -            678   2.4e-12   41.6  22.8   2   2   3.5e-08   7.7e-06   20.1  13.1   312   561   151   392   126   458 0.67 seq00000022_11 # 9501 # 11042 # 1 # ID=21_11;partial=00;start_type=ATG;rbs_motif=GGA/GAG/AGG;rbs_spacer=5-10bp;gc_cont=0.272
#
# Program:         hmmsearch
# Version:         3.4 (Aug 2023)
# Pipeline mode:   SEARCH
# Query file:      /home/lgef/Documentos/GitHub/Project_doctoral/IMPLEMENTACAO/Genomes/M_hyopneumoniae/MHP_ncbi_dataset/ncbi_dataset/data/strains/MHP682/Use/busco_downloads/lineages/mycoplasmatales_odb10/hmms/534at2085.hmm
# Target file:     /home/lgef/Documentos/GitHub/Project_doctoral/IMPLEMENTACAO/Genomes/M_hyopneumoniae/MHP_ncbi_dataset/ncbi_dataset/data/strains/MHP682/Use/busco_complete/prodigal_output/predicted_genes/predicted.faa
# Option settings: hmmsearch --domtblout /home/lgef/Documentos/GitHub/Project_doctoral/IMPLEMENTACAO/Genomes/M_hyopneumoniae/MHP_ncbi_dataset/ncbi_dataset/data/strains/MHP682/Use/busco_complete/run_mycoplasmatales_odb10/hmmer_output/534at2085.out --cpu 1 /home/lgef/Documentos/GitHub/Project_doctoral/IMPLEMENTACAO/Genomes/M_hyopneumoniae/MHP_ncbi_dataset/ncbi_dataset/data/strains/MHP682/Use/busco_downloads/lineages/mycoplasmatales_odb10/hmms/534at2085.hmm /home/lgef/Documentos/GitHub/Project_doctoral/IMPLEMENTACAO/Genomes/M_hyopneumoniae/MHP_ncbi_dataset/ncbi_dataset/data/strains/MHP682/Use/busco_complete/prodigal_output/predicted_genes/predicted.faa 
# Current dir:     /home/lgef/Documentos/GitHub/Project_doctoral/IMPLEMENTACAO/Genomes/M_hyopneumoniae/MHP_ncbi_dataset/ncbi_dataset/data/strains/MHP682/Use
# Date:            Thu Nov 28 19:39:31 2024
# [ok]
