#                                                                                 --- full sequence --- -------------- this domain -------------   hmm coord   ali coord   env coord
# target name             accession   tlen query name           accession   qlen   E-value  score  bias   #  of  c-Evalue  i-Evalue  score  bias  from    to  from    to  from    to  acc description of target
#     ------------------- ---------- ----- -------------------- ---------- ----- --------- ------ ----- --- --- --------- --------- ------ ----- ----- ----- ----- ----- ----- ----- ---- ---------------------
seq00000005:7731-12137|-  -           1469 56at2085             -           1080         0 1369.7  30.4   1   1         0         0 1361.3  30.4    49  1080   317  1467   286  1467 0.89 seq00000005_8 # 7731 # 12137 # -1 # ID=7_8;partial=00;start_type=ATG;rbs_motif=AGGAG;rbs_spacer=5-10bp;gc_cont=0.302
seq00000006:23066-26011|+ -            982 56at2085             -           1080   8.2e-28   92.4  34.8   1   7   4.2e-08   1.8e-05   18.4   0.0    54   118     4    69     1    75 0.92 seq00000006_20 # 23066 # 26011 # 1 # ID=8_20;partial=00;start_type=ATG;rbs_motif=None;rbs_spacer=None;gc_cont=0.289
seq00000006:23066-26011|+ -            982 56at2085             -           1080   8.2e-28   92.4  34.8   2   7   1.1e-14   4.8e-12   40.2   1.9   388   566   136   320    80   322 0.72 seq00000006_20 # 23066 # 26011 # 1 # ID=8_20;partial=00;start_type=ATG;rbs_motif=None;rbs_spacer=None;gc_cont=0.289
seq00000006:23066-26011|+ -            982 56at2085             -           1080   8.2e-28   92.4  34.8   3   7   2.2e-05    0.0094    9.4   0.0   607   678   324   395   321   403 0.90 seq00000006_20 # 23066 # 26011 # 1 # ID=8_20;partial=00;start_type=ATG;rbs_motif=None;rbs_spacer=None;gc_cont=0.289
seq00000006:23066-26011|+ -            982 56at2085             -           1080   8.2e-28   92.4  34.8   4   7    0.0015      0.63    3.4   0.1   674   754   437   512   426   547 0.78 seq00000006_20 # 23066 # 26011 # 1 # ID=8_20;partial=00;start_type=ATG;rbs_motif=None;rbs_spacer=None;gc_cont=0.289
seq00000006:23066-26011|+ -            982 56at2085             -           1080   8.2e-28   92.4  34.8   5   7     0.013       5.4    0.3   0.4   292   373   584   667   582   686 0.78 seq00000006_20 # 23066 # 26011 # 1 # ID=8_20;partial=00;start_type=ATG;rbs_motif=None;rbs_spacer=None;gc_cont=0.289
seq00000006:23066-26011|+ -            982 56at2085             -           1080   8.2e-28   92.4  34.8   6   7   1.6e-07     7e-05   16.5   7.2   906   945   684   723   667   737 0.83 seq00000006_20 # 23066 # 26011 # 1 # ID=8_20;partial=00;start_type=ATG;rbs_motif=None;rbs_spacer=None;gc_cont=0.289
seq00000006:23066-26011|+ -            982 56at2085             -           1080   8.2e-28   92.4  34.8   7   7     2e-08   8.6e-06   19.5   0.2   987  1065   734   814   722   830 0.80 seq00000006_20 # 23066 # 26011 # 1 # ID=8_20;partial=00;start_type=ATG;rbs_motif=None;rbs_spacer=None;gc_cont=0.289
#
# Program:         hmmsearch
# Version:         3.4 (Aug 2023)
# Pipeline mode:   SEARCH
# Query file:      /home/lgef/Documentos/GitHub/Project_doctoral/IMPLEMENTACAO/Genomes/M_hyopneumoniae/MHP_ncbi_dataset/ncbi_dataset/data/strains/MHP682/Use/busco_downloads/lineages/mycoplasmatales_odb10/hmms/56at2085.hmm
# Target file:     /home/lgef/Documentos/GitHub/Project_doctoral/IMPLEMENTACAO/Genomes/M_hyopneumoniae/MHP_ncbi_dataset/ncbi_dataset/data/strains/MHP682/Use/busco_complete/prodigal_output/predicted_genes/predicted.faa
# Option settings: hmmsearch --domtblout /home/lgef/Documentos/GitHub/Project_doctoral/IMPLEMENTACAO/Genomes/M_hyopneumoniae/MHP_ncbi_dataset/ncbi_dataset/data/strains/MHP682/Use/busco_complete/run_mycoplasmatales_odb10/hmmer_output/56at2085.out --cpu 1 /home/lgef/Documentos/GitHub/Project_doctoral/IMPLEMENTACAO/Genomes/M_hyopneumoniae/MHP_ncbi_dataset/ncbi_dataset/data/strains/MHP682/Use/busco_downloads/lineages/mycoplasmatales_odb10/hmms/56at2085.hmm /home/lgef/Documentos/GitHub/Project_doctoral/IMPLEMENTACAO/Genomes/M_hyopneumoniae/MHP_ncbi_dataset/ncbi_dataset/data/strains/MHP682/Use/busco_complete/prodigal_output/predicted_genes/predicted.faa 
# Current dir:     /home/lgef/Documentos/GitHub/Project_doctoral/IMPLEMENTACAO/Genomes/M_hyopneumoniae/MHP_ncbi_dataset/ncbi_dataset/data/strains/MHP682/Use
# Date:            Thu Nov 28 19:39:32 2024
# [ok]
