#                                                                                 --- full sequence --- -------------- this domain -------------   hmm coord   ali coord   env coord
# target name             accession   tlen query name           accession   qlen   E-value  score  bias   #  of  c-Evalue  i-Evalue  score  bias  from    to  from    to  from    to  acc description of target
#     ------------------- ---------- ----- -------------------- ---------- ----- --------- ------ ----- --- --- --------- --------- ------ ----- ----- ----- ----- ----- ----- ----- ---- ---------------------
seq00000006:20876-22675|+ -            600 801at2085            -            486  2.9e-190  628.7  28.4   1   2  2.1e-156    3e-154  509.9   9.1     3   343    16   392    14   395 0.90 seq00000006_18 # 20876 # 22675 # 1 # ID=8_18;partial=00;start_type=ATG;rbs_motif=GGAG/GAGG;rbs_spacer=5-10bp;gc_cont=0.351
seq00000006:20876-22675|+ -            600 801at2085            -            486  2.9e-190  628.7  28.4   2   2   1.6e-39   2.3e-37  124.5  13.6   320   485   388   594   383   595 0.82 seq00000006_18 # 20876 # 22675 # 1 # ID=8_18;partial=00;start_type=ATG;rbs_motif=GGAG/GAGG;rbs_spacer=5-10bp;gc_cont=0.351
scf00000000:60960-62756|+ -            599 801at2085            -            486   1.9e-19   65.3   6.3   1   2   1.4e-21   2.1e-19   65.2   4.1    86   282    10   221     3   243 0.80 scf00000000_51 # 60960 # 62756 # 1 # ID=1_51;partial=00;start_type=ATG;rbs_motif=None;rbs_spacer=None;gc_cont=0.345
scf00000000:60960-62756|+ -            599 801at2085            -            486   1.9e-19   65.3   6.3   2   2      0.34        50   -2.0   0.0    26    81   464   520   441   535 0.61 scf00000000_51 # 60960 # 62756 # 1 # ID=1_51;partial=00;start_type=ATG;rbs_motif=None;rbs_spacer=None;gc_cont=0.345
seq00000009:3042-4250|+   -            403 801at2085            -            486   1.5e-18   62.4   3.1   1   2     2e-05     0.003   11.9   0.1    85   103    21    39     7    56 0.83 seq00000009_2 # 3042 # 4250 # 1 # ID=11_2;partial=00;start_type=ATG;rbs_motif=AGGA;rbs_spacer=5-10bp;gc_cont=0.403
seq00000009:3042-4250|+   -            403 801at2085            -            486   1.5e-18   62.4   3.1   2   2   2.9e-17   4.2e-15   51.0   0.5   127   281    85   249    59   320 0.74 seq00000009_2 # 3042 # 4250 # 1 # ID=11_2;partial=00;start_type=ATG;rbs_motif=AGGA;rbs_spacer=5-10bp;gc_cont=0.403
scf00000000:64088-66172|- -            695 801at2085            -            486   1.3e-15   52.7   4.7   1   2   4.7e-16   6.8e-14   47.0   3.0   112   205    58   161     6   210 0.69 scf00000000_53 # 64088 # 66172 # -1 # ID=1_53;partial=00;start_type=ATG;rbs_motif=AGGA;rbs_spacer=5-10bp;gc_cont=0.373
scf00000000:64088-66172|- -            695 801at2085            -            486   1.3e-15   52.7   4.7   2   2     0.017       2.4    2.3   0.0   203   234   243   275   223   396 0.77 scf00000000_53 # 64088 # 66172 # -1 # ID=1_53;partial=00;start_type=ATG;rbs_motif=AGGA;rbs_spacer=5-10bp;gc_cont=0.373
seq00000035:664-1455|-    -            264 801at2085            -            486   6.7e-06   20.7   0.6   1   2    0.0081       1.2    3.4   0.3   144   201    12    68     8    77 0.79 seq00000035_2 # 664 # 1455 # -1 # ID=32_2;partial=00;start_type=ATG;rbs_motif=GGA/GAG/AGG;rbs_spacer=3-4bp;gc_cont=0.268
seq00000035:664-1455|-    -            264 801at2085            -            486   6.7e-06   20.7   0.6   2   2     2e-06   0.00029   15.3   0.0    87   132   115   162    85   168 0.82 seq00000035_2 # 664 # 1455 # -1 # ID=32_2;partial=00;start_type=ATG;rbs_motif=GGA/GAG/AGG;rbs_spacer=3-4bp;gc_cont=0.268
scf00000000:78984-79775|+ -            264 801at2085            -            486   6.9e-06   20.6   0.8   1   2     0.016       2.4    2.4   0.3   144   201    12    68     8    74 0.77 scf00000000_65 # 78984 # 79775 # 1 # ID=1_65;partial=00;start_type=ATG;rbs_motif=GGA/GAG/AGG;rbs_spacer=3-4bp;gc_cont=0.263
scf00000000:78984-79775|+ -            264 801at2085            -            486   6.9e-06   20.6   0.8   2   2   8.9e-07   0.00013   16.4   0.0    87   132   115   162    86   168 0.82 scf00000000_65 # 78984 # 79775 # 1 # ID=1_65;partial=00;start_type=ATG;rbs_motif=GGA/GAG/AGG;rbs_spacer=3-4bp;gc_cont=0.263
#
# Program:         hmmsearch
# Version:         3.4 (Aug 2023)
# Pipeline mode:   SEARCH
# Query file:      /home/lgef/Documentos/GitHub/Project_doctoral/IMPLEMENTACAO/Genomes/M_hyopneumoniae/MHP_ncbi_dataset/ncbi_dataset/data/strains/MHP682/Use/busco_downloads/lineages/mycoplasmatales_odb10/hmms/801at2085.hmm
# Target file:     /home/lgef/Documentos/GitHub/Project_doctoral/IMPLEMENTACAO/Genomes/M_hyopneumoniae/MHP_ncbi_dataset/ncbi_dataset/data/strains/MHP682/Use/busco_complete/prodigal_output/predicted_genes/predicted.faa
# Option settings: hmmsearch --domtblout /home/lgef/Documentos/GitHub/Project_doctoral/IMPLEMENTACAO/Genomes/M_hyopneumoniae/MHP_ncbi_dataset/ncbi_dataset/data/strains/MHP682/Use/busco_complete/run_mycoplasmatales_odb10/hmmer_output/801at2085.out --cpu 1 /home/lgef/Documentos/GitHub/Project_doctoral/IMPLEMENTACAO/Genomes/M_hyopneumoniae/MHP_ncbi_dataset/ncbi_dataset/data/strains/MHP682/Use/busco_downloads/lineages/mycoplasmatales_odb10/hmms/801at2085.hmm /home/lgef/Documentos/GitHub/Project_doctoral/IMPLEMENTACAO/Genomes/M_hyopneumoniae/MHP_ncbi_dataset/ncbi_dataset/data/strains/MHP682/Use/busco_complete/prodigal_output/predicted_genes/predicted.faa 
# Current dir:     /home/lgef/Documentos/GitHub/Project_doctoral/IMPLEMENTACAO/Genomes/M_hyopneumoniae/MHP_ncbi_dataset/ncbi_dataset/data/strains/MHP682/Use
# Date:            Thu Nov 28 19:39:32 2024
# [ok]
