#                                                                                       --- full sequence --- -------------- this domain -------------   hmm coord   ali coord   env coord
# target name                   accession   tlen query name           accession   qlen   E-value  score  bias   #  of  c-Evalue  i-Evalue  score  bias  from    to  from    to  from    to  acc description of target
#           ------------------- ---------- ----- -------------------- ---------- ----- --------- ------ ----- --- --- --------- --------- ------ ----- ----- ----- ----- ----- ----- ----- ---- ---------------------
NZ_QQRN01000005.1:28785-30389|+ -            535 1307at2085           -            408  8.6e-131  431.4  29.2   1   2   1.6e-43   3.1e-41  136.5   2.5     3   152    28   215    26   219 0.78 NZ_QQRN01000005.1_23 # 28785 # 30389 # 1 # ID=27_23;partial=00;start_type=ATG;rbs_motif=GGA/GAG/AGG;rbs_spacer=5-10bp;gc_cont=0.289
NZ_QQRN01000005.1:28785-30389|+ -            535 1307at2085           -            408  8.6e-131  431.4  29.2   2   2   4.4e-92   8.5e-90  296.4  18.8   139   408   220   529   216   529 0.87 NZ_QQRN01000005.1_23 # 28785 # 30389 # 1 # ID=27_23;partial=00;start_type=ATG;rbs_motif=GGA/GAG/AGG;rbs_spacer=5-10bp;gc_cont=0.289
NZ_QQRN01000005.1:7309-9780|+   -            824 1307at2085           -            408     1e-09   32.7   0.8   1   3     5e-06   0.00096   13.0   0.0    65    93    42    70    37    73 0.94 NZ_QQRN01000005.1_6 # 7309 # 9780 # 1 # ID=27_6;partial=00;start_type=ATG;rbs_motif=GGA/GAG/AGG;rbs_spacer=5-10bp;gc_cont=0.287
NZ_QQRN01000005.1:7309-9780|+   -            824 1307at2085           -            408     1e-09   32.7   0.8   2   3     5e-07   9.7e-05   16.3   0.4   255   385   500   636   478   659 0.74 NZ_QQRN01000005.1_6 # 7309 # 9780 # 1 # ID=27_6;partial=00;start_type=ATG;rbs_motif=GGA/GAG/AGG;rbs_spacer=5-10bp;gc_cont=0.287
NZ_QQRN01000005.1:7309-9780|+   -            824 1307at2085           -            408     1e-09   32.7   0.8   3   3     0.041         8    0.1   0.1     9    58   622   671   616   672 0.88 NZ_QQRN01000005.1_6 # 7309 # 9780 # 1 # ID=27_6;partial=00;start_type=ATG;rbs_motif=GGA/GAG/AGG;rbs_spacer=5-10bp;gc_cont=0.287
NZ_QQRN01000002.1:43357-44760|+ -            468 1307at2085           -            408   0.00012   16.0   3.0   1   3   0.00022     0.043    7.6   0.2    65    81    10    26     7    34 0.86 NZ_QQRN01000002.1_41 # 43357 # 44760 # 1 # ID=21_41;partial=00;start_type=ATG;rbs_motif=AGGA;rbs_spacer=5-10bp;gc_cont=0.314
NZ_QQRN01000002.1:43357-44760|+ -            468 1307at2085           -            408   0.00012   16.0   3.0   2   3     0.081        16   -0.9   0.1   171   219   112   168    92   174 0.67 NZ_QQRN01000002.1_41 # 43357 # 44760 # 1 # ID=21_41;partial=00;start_type=ATG;rbs_motif=AGGA;rbs_spacer=5-10bp;gc_cont=0.314
NZ_QQRN01000002.1:43357-44760|+ -            468 1307at2085           -            408   0.00012   16.0   3.0   3   3   0.00026      0.05    7.4   0.0   202   278   182   262   176   281 0.82 NZ_QQRN01000002.1_41 # 43357 # 44760 # 1 # ID=21_41;partial=00;start_type=ATG;rbs_motif=AGGA;rbs_spacer=5-10bp;gc_cont=0.314
#
# Program:         hmmsearch
# Version:         3.1b2 (February 2015)
# Pipeline mode:   SEARCH
# Query file:      /home/lgef/Documentos/GitHub/Project_doctoral/IMPLEMENTACAO/Genomes/M_flocculare/MFC_ncbi_dataset/ncbi_dataset/data/strains/MF30/Use/busco_downloads/lineages/mycoplasmatales_odb10/hmms/1307at2085.hmm
# Target file:     /home/lgef/Documentos/GitHub/Project_doctoral/IMPLEMENTACAO/Genomes/M_flocculare/MFC_ncbi_dataset/ncbi_dataset/data/strains/MF30/Use/busco_draft/prodigal_output/predicted_genes/predicted.faa
# Option settings: hmmsearch --domtblout /home/lgef/Documentos/GitHub/Project_doctoral/IMPLEMENTACAO/Genomes/M_flocculare/MFC_ncbi_dataset/ncbi_dataset/data/strains/MF30/Use/busco_draft/run_mycoplasmatales_odb10/hmmer_output/1307at2085.out --cpu 1 /home/lgef/Documentos/GitHub/Project_doctoral/IMPLEMENTACAO/Genomes/M_flocculare/MFC_ncbi_dataset/ncbi_dataset/data/strains/MF30/Use/busco_downloads/lineages/mycoplasmatales_odb10/hmms/1307at2085.hmm /home/lgef/Documentos/GitHub/Project_doctoral/IMPLEMENTACAO/Genomes/M_flocculare/MFC_ncbi_dataset/ncbi_dataset/data/strains/MF30/Use/busco_draft/prodigal_output/predicted_genes/predicted.faa 
# Current dir:     /home/lgef/Documentos/GitHub/Project_doctoral/IMPLEMENTACAO/Genomes/M_flocculare/MFC_ncbi_dataset/ncbi_dataset/data/strains/MF30/Use
# Date:            Fri Nov 29 12:30:34 2024
# [ok]
