#                                                                                         --- full sequence --- -------------- this domain -------------   hmm coord   ali coord   env coord
# target name                     accession   tlen query name           accession   qlen   E-value  score  bias   #  of  c-Evalue  i-Evalue  score  bias  from    to  from    to  from    to  acc description of target
#             ------------------- ---------- ----- -------------------- ---------- ----- --------- ------ ----- --- --- --------- --------- ------ ----- ----- ----- ----- ----- ----- ----- ---- ---------------------
NZ_QQRN01000001.1:144422-147040|+ -            873 147at2085            -            460    5e-199  656.8  18.4   1   4   1.2e-07   3.6e-05   17.7   0.7     2    33   278   309   277   319 0.92 NZ_QQRN01000001.1_111 # 144422 # 147040 # 1 # ID=10_111;partial=00;start_type=ATG;rbs_motif=GGAG/GAGG;rbs_spacer=5-10bp;gc_cont=0.344
NZ_QQRN01000001.1:144422-147040|+ -            873 147at2085            -            460    5e-199  656.8  18.4   2   4   1.3e-17   3.8e-15   50.6   0.7    36    95   342   409   311   412 0.78 NZ_QQRN01000001.1_111 # 144422 # 147040 # 1 # ID=10_111;partial=00;start_type=ATG;rbs_motif=GGAG/GAGG;rbs_spacer=5-10bp;gc_cont=0.344
NZ_QQRN01000001.1:144422-147040|+ -            873 147at2085            -            460    5e-199  656.8  18.4   3   4  2.3e-110  6.6e-108  356.4   0.3    96   300   448   659   438   666 0.95 NZ_QQRN01000001.1_111 # 144422 # 147040 # 1 # ID=10_111;partial=00;start_type=ATG;rbs_motif=GGAG/GAGG;rbs_spacer=5-10bp;gc_cont=0.344
NZ_QQRN01000001.1:144422-147040|+ -            873 147at2085            -            460    5e-199  656.8  18.4   4   4   5.4e-76   1.5e-73  243.1   0.4   301   460   697   871   692   871 0.95 NZ_QQRN01000001.1_111 # 144422 # 147040 # 1 # ID=10_111;partial=00;start_type=ATG;rbs_motif=GGAG/GAGG;rbs_spacer=5-10bp;gc_cont=0.344
NZ_QQRN01000002.1:12273-13238|-   -            322 147at2085            -            460   5.5e-06   20.4   4.2   1   3   6.9e-07    0.0002   15.2   0.0   100   125    42    67    36    84 0.86 NZ_QQRN01000002.1_12 # 12273 # 13238 # -1 # ID=21_12;partial=00;start_type=ATG;rbs_motif=None;rbs_spacer=None;gc_cont=0.306
NZ_QQRN01000002.1:12273-13238|-   -            322 147at2085            -            460   5.5e-06   20.4   4.2   2   3   0.00075      0.22    5.2   1.3   207   261   133   188    81   259 0.73 NZ_QQRN01000002.1_12 # 12273 # 13238 # -1 # ID=21_12;partial=00;start_type=ATG;rbs_motif=None;rbs_spacer=None;gc_cont=0.306
NZ_QQRN01000002.1:12273-13238|-   -            322 147at2085            -            460   5.5e-06   20.4   4.2   3   3     0.058        17   -1.0   0.0     8    64   205   261   198   287 0.71 NZ_QQRN01000002.1_12 # 12273 # 13238 # -1 # ID=21_12;partial=00;start_type=ATG;rbs_motif=None;rbs_spacer=None;gc_cont=0.306
#
# Program:         hmmsearch
# Version:         3.1b2 (February 2015)
# Pipeline mode:   SEARCH
# Query file:      /home/lgef/Documentos/GitHub/Project_doctoral/IMPLEMENTACAO/Genomes/M_flocculare/MFC_ncbi_dataset/ncbi_dataset/data/strains/MF30/Use/busco_downloads/lineages/mycoplasmatales_odb10/hmms/147at2085.hmm
# Target file:     /home/lgef/Documentos/GitHub/Project_doctoral/IMPLEMENTACAO/Genomes/M_flocculare/MFC_ncbi_dataset/ncbi_dataset/data/strains/MF30/Use/busco_draft/prodigal_output/predicted_genes/predicted.faa
# Option settings: hmmsearch --domtblout /home/lgef/Documentos/GitHub/Project_doctoral/IMPLEMENTACAO/Genomes/M_flocculare/MFC_ncbi_dataset/ncbi_dataset/data/strains/MF30/Use/busco_draft/run_mycoplasmatales_odb10/hmmer_output/147at2085.out --cpu 1 /home/lgef/Documentos/GitHub/Project_doctoral/IMPLEMENTACAO/Genomes/M_flocculare/MFC_ncbi_dataset/ncbi_dataset/data/strains/MF30/Use/busco_downloads/lineages/mycoplasmatales_odb10/hmms/147at2085.hmm /home/lgef/Documentos/GitHub/Project_doctoral/IMPLEMENTACAO/Genomes/M_flocculare/MFC_ncbi_dataset/ncbi_dataset/data/strains/MF30/Use/busco_draft/prodigal_output/predicted_genes/predicted.faa 
# Current dir:     /home/lgef/Documentos/GitHub/Project_doctoral/IMPLEMENTACAO/Genomes/M_flocculare/MFC_ncbi_dataset/ncbi_dataset/data/strains/MF30/Use
# Date:            Fri Nov 29 10:05:38 2024
# [ok]
