#                                                                                       --- full sequence --- -------------- this domain -------------   hmm coord   ali coord   env coord
# target name                   accession   tlen query name           accession   qlen   E-value  score  bias   #  of  c-Evalue  i-Evalue  score  bias  from    to  from    to  from    to  acc description of target
#           ------------------- ---------- ----- -------------------- ---------- ----- --------- ------ ----- --- --- --------- --------- ------ ----- ----- ----- ----- ----- ----- ----- ---- ---------------------
NZ_QQRN01000005.1:40824-43484|- -            887 157at2085            -            637  8.5e-232  765.9  43.5   1   4   6.6e-90   9.5e-88  290.0   2.5     1   228    19   282    19   298 0.85 NZ_QQRN01000005.1_36 # 40824 # 43484 # -1 # ID=27_36;partial=00;start_type=ATG;rbs_motif=AGGA;rbs_spacer=5-10bp;gc_cont=0.297
NZ_QQRN01000005.1:40824-43484|- -            887 157at2085            -            637  8.5e-232  765.9  43.5   2   4  4.6e-133  6.6e-131  432.6  12.1   224   543   303   675   293   681 0.87 NZ_QQRN01000005.1_36 # 40824 # 43484 # -1 # ID=27_36;partial=00;start_type=ATG;rbs_motif=AGGA;rbs_spacer=5-10bp;gc_cont=0.297
NZ_QQRN01000005.1:40824-43484|- -            887 157at2085            -            637  8.5e-232  765.9  43.5   3   4   7.8e-19   1.1e-16   55.2  12.0   509   602   668   773   662   807 0.78 NZ_QQRN01000005.1_36 # 40824 # 43484 # -1 # ID=27_36;partial=00;start_type=ATG;rbs_motif=AGGA;rbs_spacer=5-10bp;gc_cont=0.297
NZ_QQRN01000005.1:40824-43484|- -            887 157at2085            -            637  8.5e-232  765.9  43.5   4   4     0.039       5.6    0.1   0.1   620   637   846   863   818   863 0.80 NZ_QQRN01000005.1_36 # 40824 # 43484 # -1 # ID=27_36;partial=00;start_type=ATG;rbs_motif=AGGA;rbs_spacer=5-10bp;gc_cont=0.297
NZ_QQRN01000005.1:7309-9780|+   -            824 157at2085            -            637   1.7e-43  143.9  33.7   1   2   4.3e-43   6.2e-41  135.4  24.6     7   532    16   587    10   598 0.75 NZ_QQRN01000005.1_6 # 7309 # 9780 # 1 # ID=27_6;partial=00;start_type=ATG;rbs_motif=GGA/GAG/AGG;rbs_spacer=5-10bp;gc_cont=0.287
NZ_QQRN01000005.1:7309-9780|+   -            824 157at2085            -            637   1.7e-43  143.9  33.7   2   2   0.00013     0.019    8.2   2.5   511   583   591   661   588   692 0.75 NZ_QQRN01000005.1_6 # 7309 # 9780 # 1 # ID=27_6;partial=00;start_type=ATG;rbs_motif=GGA/GAG/AGG;rbs_spacer=5-10bp;gc_cont=0.287
NZ_QQRN01000007.1:3183-5555|+   -            791 157at2085            -            637   2.6e-38  126.7   9.8   1   3   4.7e-16   6.7e-14   46.1   0.1    11   161    17   171    10   179 0.81 NZ_QQRN01000007.1_3 # 3183 # 5555 # 1 # ID=29_3;partial=00;start_type=ATG;rbs_motif=None;rbs_spacer=None;gc_cont=0.303
NZ_QQRN01000007.1:3183-5555|+   -            791 157at2085            -            637   2.6e-38  126.7   9.8   2   3   4.1e-09   5.8e-07   23.1   0.2   320   377   384   443   372   495 0.65 NZ_QQRN01000007.1_3 # 3183 # 5555 # 1 # ID=29_3;partial=00;start_type=ATG;rbs_motif=None;rbs_spacer=None;gc_cont=0.303
NZ_QQRN01000007.1:3183-5555|+   -            791 157at2085            -            637   2.6e-38  126.7   9.8   3   3   1.1e-20   1.6e-18   61.3   1.2   438   610   543   725   506   746 0.72 NZ_QQRN01000007.1_3 # 3183 # 5555 # 1 # ID=29_3;partial=00;start_type=ATG;rbs_motif=None;rbs_spacer=None;gc_cont=0.303
NZ_QQRN01000003.1:9517-11061|+  -            515 157at2085            -            637   3.2e-17   57.1   4.4   1   4   3.1e-13   4.4e-11   36.8   1.2    30   164    10   145     2   158 0.79 NZ_QQRN01000003.1_9 # 9517 # 11061 # 1 # ID=25_9;partial=00;start_type=ATG;rbs_motif=GGA/GAG/AGG;rbs_spacer=5-10bp;gc_cont=0.273
NZ_QQRN01000003.1:9517-11061|+  -            515 157at2085            -            637   3.2e-17   57.1   4.4   2   4      0.48        70   -3.5   0.5   352   413   177   240   167   267 0.58 NZ_QQRN01000003.1_9 # 9517 # 11061 # 1 # ID=25_9;partial=00;start_type=ATG;rbs_motif=GGA/GAG/AGG;rbs_spacer=5-10bp;gc_cont=0.273
NZ_QQRN01000003.1:9517-11061|+  -            515 157at2085            -            637   3.2e-17   57.1   4.4   3   4   4.8e-11   6.9e-09   29.5   0.1   444   517   293   366   288   384 0.77 NZ_QQRN01000003.1_9 # 9517 # 11061 # 1 # ID=25_9;partial=00;start_type=ATG;rbs_motif=GGA/GAG/AGG;rbs_spacer=5-10bp;gc_cont=0.273
NZ_QQRN01000003.1:9517-11061|+  -            515 157at2085            -            637   3.2e-17   57.1   4.4   4   4      0.19        27   -2.2   0.1   521   590   407   481   389   502 0.48 NZ_QQRN01000003.1_9 # 9517 # 11061 # 1 # ID=25_9;partial=00;start_type=ATG;rbs_motif=GGA/GAG/AGG;rbs_spacer=5-10bp;gc_cont=0.273
#
# Program:         hmmsearch
# Version:         3.1b2 (February 2015)
# Pipeline mode:   SEARCH
# Query file:      /home/lgef/Documentos/GitHub/Project_doctoral/IMPLEMENTACAO/Genomes/M_flocculare/MFC_ncbi_dataset/ncbi_dataset/data/strains/MF30/Use/busco_downloads/lineages/mycoplasmatales_odb10/hmms/157at2085.hmm
# Target file:     /home/lgef/Documentos/GitHub/Project_doctoral/IMPLEMENTACAO/Genomes/M_flocculare/MFC_ncbi_dataset/ncbi_dataset/data/strains/MF30/Use/busco_draft/prodigal_output/predicted_genes/predicted.faa
# Option settings: hmmsearch --domtblout /home/lgef/Documentos/GitHub/Project_doctoral/IMPLEMENTACAO/Genomes/M_flocculare/MFC_ncbi_dataset/ncbi_dataset/data/strains/MF30/Use/busco_draft/run_mycoplasmatales_odb10/hmmer_output/157at2085.out --cpu 1 /home/lgef/Documentos/GitHub/Project_doctoral/IMPLEMENTACAO/Genomes/M_flocculare/MFC_ncbi_dataset/ncbi_dataset/data/strains/MF30/Use/busco_downloads/lineages/mycoplasmatales_odb10/hmms/157at2085.hmm /home/lgef/Documentos/GitHub/Project_doctoral/IMPLEMENTACAO/Genomes/M_flocculare/MFC_ncbi_dataset/ncbi_dataset/data/strains/MF30/Use/busco_draft/prodigal_output/predicted_genes/predicted.faa 
# Current dir:     /home/lgef/Documentos/GitHub/Project_doctoral/IMPLEMENTACAO/Genomes/M_flocculare/MFC_ncbi_dataset/ncbi_dataset/data/strains/MF30/Use
# Date:            Fri Nov 29 09:58:46 2024
# [ok]
