#                                                                                         --- full sequence --- -------------- this domain -------------   hmm coord   ali coord   env coord
# target name                     accession   tlen query name           accession   qlen   E-value  score  bias   #  of  c-Evalue  i-Evalue  score  bias  from    to  from    to  from    to  acc description of target
#             ------------------- ---------- ----- -------------------- ---------- ----- --------- ------ ----- --- --- --------- --------- ------ ----- ----- ----- ----- ----- ----- ----- ---- ---------------------
NZ_QQRN01000002.1:15409-17670|-   -            754 218at2085            -            506  2.9e-135  447.0  43.4   1   4   4.4e-33   8.5e-31  102.3   5.7     1   131     9   167     9   175 0.82 NZ_QQRN01000002.1_15 # 15409 # 17670 # -1 # ID=21_15;partial=00;start_type=ATG;rbs_motif=GGAGG;rbs_spacer=5-10bp;gc_cont=0.306
NZ_QQRN01000002.1:15409-17670|-   -            754 218at2085            -            506  2.9e-135  447.0  43.4   2   4   2.8e-72   5.4e-70  231.6  19.4    94   377   179   497   170   503 0.80 NZ_QQRN01000002.1_15 # 15409 # 17670 # -1 # ID=21_15;partial=00;start_type=ATG;rbs_motif=GGAGG;rbs_spacer=5-10bp;gc_cont=0.306
NZ_QQRN01000002.1:15409-17670|-   -            754 218at2085            -            506  2.9e-135  447.0  43.4   3   4   9.5e-32   1.8e-29   97.9   2.3   344   456   511   646   481   665 0.81 NZ_QQRN01000002.1_15 # 15409 # 17670 # -1 # ID=21_15;partial=00;start_type=ATG;rbs_motif=GGAGG;rbs_spacer=5-10bp;gc_cont=0.306
NZ_QQRN01000002.1:15409-17670|-   -            754 218at2085            -            506  2.9e-135  447.0  43.4   4   4   1.7e-07   3.2e-05   18.0   0.1   465   505   699   749   690   750 0.80 NZ_QQRN01000002.1_15 # 15409 # 17670 # -1 # ID=21_15;partial=00;start_type=ATG;rbs_motif=GGAGG;rbs_spacer=5-10bp;gc_cont=0.306
NZ_QQRN01000001.1:91055-91753|+   -            233 218at2085            -            506   0.00023   15.1   1.5   1   2     0.014       2.7    1.7   0.1    72   114    74   115    52   117 0.86 NZ_QQRN01000001.1_71 # 91055 # 91753 # 1 # ID=10_71;partial=00;start_type=ATG;rbs_motif=GGA/GAG/AGG;rbs_spacer=5-10bp;gc_cont=0.300
NZ_QQRN01000001.1:91055-91753|+   -            233 218at2085            -            506   0.00023   15.1   1.5   2   2     1e-05     0.002   12.1   0.3   207   282   145   222   126   231 0.78 NZ_QQRN01000001.1_71 # 91055 # 91753 # 1 # ID=10_71;partial=00;start_type=ATG;rbs_motif=GGA/GAG/AGG;rbs_spacer=5-10bp;gc_cont=0.300
NZ_QQRN01000001.1:313030-313257|- -             76 218at2085            -            506   0.00036   14.5   0.0   1   1     2e-06   0.00039   14.4   0.0     4    44    19    56    16    72 0.75 NZ_QQRN01000001.1_207 # 313030 # 313257 # -1 # ID=10_207;partial=00;start_type=ATG;rbs_motif=None;rbs_spacer=None;gc_cont=0.285
#
# Program:         hmmsearch
# Version:         3.1b2 (February 2015)
# Pipeline mode:   SEARCH
# Query file:      /home/lgef/Documentos/GitHub/Project_doctoral/IMPLEMENTACAO/Genomes/M_flocculare/MFC_ncbi_dataset/ncbi_dataset/data/strains/MF30/Use/busco_downloads/lineages/mycoplasmatales_odb10/hmms/218at2085.hmm
# Target file:     /home/lgef/Documentos/GitHub/Project_doctoral/IMPLEMENTACAO/Genomes/M_flocculare/MFC_ncbi_dataset/ncbi_dataset/data/strains/MF30/Use/busco_draft/prodigal_output/predicted_genes/predicted.faa
# Option settings: hmmsearch --domtblout /home/lgef/Documentos/GitHub/Project_doctoral/IMPLEMENTACAO/Genomes/M_flocculare/MFC_ncbi_dataset/ncbi_dataset/data/strains/MF30/Use/busco_draft/run_mycoplasmatales_odb10/hmmer_output/218at2085.out --cpu 1 /home/lgef/Documentos/GitHub/Project_doctoral/IMPLEMENTACAO/Genomes/M_flocculare/MFC_ncbi_dataset/ncbi_dataset/data/strains/MF30/Use/busco_downloads/lineages/mycoplasmatales_odb10/hmms/218at2085.hmm /home/lgef/Documentos/GitHub/Project_doctoral/IMPLEMENTACAO/Genomes/M_flocculare/MFC_ncbi_dataset/ncbi_dataset/data/strains/MF30/Use/busco_draft/prodigal_output/predicted_genes/predicted.faa 
# Current dir:     /home/lgef/Documentos/GitHub/Project_doctoral/IMPLEMENTACAO/Genomes/M_flocculare/MFC_ncbi_dataset/ncbi_dataset/data/strains/MF30/Use
# Date:            Fri Nov 29 10:05:39 2024
# [ok]
