#                                                                                         --- full sequence --- -------------- this domain -------------   hmm coord   ali coord   env coord
# target name                     accession   tlen query name           accession   qlen   E-value  score  bias   #  of  c-Evalue  i-Evalue  score  bias  from    to  from    to  from    to  acc description of target
#             ------------------- ---------- ----- -------------------- ---------- ----- --------- ------ ----- --- --- --------- --------- ------ ----- ----- ----- ----- ----- ----- ----- ---- ---------------------
NZ_QQRN01000002.1:55991-56872|-   -            294 2656at2085           -            232   5.9e-67  220.4  19.3   1   2     8e-41   5.7e-39  128.8   8.1     1   117     9   129     9   148 0.91 NZ_QQRN01000002.1_56 # 55991 # 56872 # -1 # ID=21_56;partial=00;start_type=ATG;rbs_motif=None;rbs_spacer=None;gc_cont=0.283
NZ_QQRN01000002.1:55991-56872|-   -            294 2656at2085           -            232   5.9e-67  220.4  19.3   2   2     6e-31   4.3e-29   96.5   4.6   120   232   160   293   127   293 0.80 NZ_QQRN01000002.1_56 # 55991 # 56872 # -1 # ID=21_56;partial=00;start_type=ATG;rbs_motif=None;rbs_spacer=None;gc_cont=0.283
NZ_QQRN01000001.1:48859-50172|+   -            438 2656at2085           -            232   7.2e-42  138.3   9.3   1   3   2.8e-20     2e-18   61.6   1.5     1   114     5   123     5   136 0.84 NZ_QQRN01000001.1_41 # 48859 # 50172 # 1 # ID=10_41;partial=00;start_type=ATG;rbs_motif=None;rbs_spacer=None;gc_cont=0.298
NZ_QQRN01000001.1:48859-50172|+   -            438 2656at2085           -            232   7.2e-42  138.3   9.3   2   3   2.7e-26   1.9e-24   81.3   0.3     2   132   174   312   173   319 0.86 NZ_QQRN01000001.1_41 # 48859 # 50172 # 1 # ID=10_41;partial=00;start_type=ATG;rbs_motif=None;rbs_spacer=None;gc_cont=0.298
NZ_QQRN01000001.1:48859-50172|+   -            438 2656at2085           -            232   7.2e-42  138.3   9.3   3   3       0.6        43   -1.6   0.1   105   132   321   348   302   361 0.68 NZ_QQRN01000001.1_41 # 48859 # 50172 # 1 # ID=10_41;partial=00;start_type=ATG;rbs_motif=None;rbs_spacer=None;gc_cont=0.298
NZ_QQRN01000002.1:92670-93998|-   -            443 2656at2085           -            232   1.3e-18   62.2   8.0   1   3       0.7        50   -1.9   0.2   116   146   126   156   112   210 0.56 NZ_QQRN01000002.1_104 # 92670 # 93998 # -1 # ID=21_104;partial=00;start_type=TTG;rbs_motif=AGGAG;rbs_spacer=5-10bp;gc_cont=0.312
NZ_QQRN01000002.1:92670-93998|-   -            443 2656at2085           -            232   1.3e-18   62.2   8.0   2   3   1.8e-20   1.3e-18   62.2   8.0     2   114   220   335   219   381 0.84 NZ_QQRN01000002.1_104 # 92670 # 93998 # -1 # ID=21_104;partial=00;start_type=TTG;rbs_motif=AGGAG;rbs_spacer=5-10bp;gc_cont=0.312
NZ_QQRN01000002.1:92670-93998|-   -            443 2656at2085           -            232   1.3e-18   62.2   8.0   3   3      0.89        64   -2.2   0.1    72   106   357   392   351   398 0.61 NZ_QQRN01000002.1_104 # 92670 # 93998 # -1 # ID=21_104;partial=00;start_type=TTG;rbs_motif=AGGAG;rbs_spacer=5-10bp;gc_cont=0.312
NZ_QQRN01000001.1:246520-247050|+ -            177 2656at2085           -            232   5.2e-13   43.9   0.5   1   1   8.5e-15   6.1e-13   43.7   0.5     2   129    19   154    18   172 0.78 NZ_QQRN01000001.1_170 # 246520 # 247050 # 1 # ID=10_170;partial=00;start_type=ATG;rbs_motif=None;rbs_spacer=None;gc_cont=0.324
NZ_QQRN01000001.1:285767-286870|- -            368 2656at2085           -            232   2.6e-09   31.8   1.7   1   1   1.7e-09   1.2e-07   26.4   1.7     2   136     6   151     5   176 0.67 NZ_QQRN01000001.1_185 # 285767 # 286870 # -1 # ID=10_185;partial=00;start_type=ATG;rbs_motif=None;rbs_spacer=None;gc_cont=0.337
NZ_QQRN01000001.1:69323-70114|+   -            264 2656at2085           -            232   4.3e-09   31.1   0.4   1   2     0.041         3    2.1   2.8    66   123     6    64     1    87 0.71 NZ_QQRN01000001.1_58 # 69323 # 70114 # 1 # ID=10_58;partial=00;start_type=ATG;rbs_motif=None;rbs_spacer=None;gc_cont=0.266
NZ_QQRN01000001.1:69323-70114|+   -            264 2656at2085           -            232   4.3e-09   31.1   0.4   2   2     6e-11   4.3e-09   31.1   0.4     2    65   114   173   113   262 0.81 NZ_QQRN01000001.1_58 # 69323 # 70114 # 1 # ID=10_58;partial=00;start_type=ATG;rbs_motif=None;rbs_spacer=None;gc_cont=0.266
NZ_QQRN01000001.1:11397-12656|+   -            420 2656at2085           -            232   4.4e-08   27.8   3.3   1   1   1.6e-09   1.1e-07   26.4   3.3     1   121   159   291   159   401 0.71 NZ_QQRN01000001.1_10 # 11397 # 12656 # 1 # ID=10_10;partial=00;start_type=ATG;rbs_motif=AGGA;rbs_spacer=5-10bp;gc_cont=0.297
NZ_QQRN01000002.1:52786-53643|-   -            286 2656at2085           -            232     2e-07   25.6   0.3   1   2     0.046       3.3    2.0   1.7    59   123    55   124    45   154 0.63 NZ_QQRN01000002.1_52 # 52786 # 53643 # -1 # ID=21_52;partial=00;start_type=ATG;rbs_motif=None;rbs_spacer=None;gc_cont=0.269
NZ_QQRN01000002.1:52786-53643|-   -            286 2656at2085           -            232     2e-07   25.6   0.3   2   2   2.8e-09     2e-07   25.6   0.3     3    58   157   215   155   238 0.74 NZ_QQRN01000002.1_52 # 52786 # 53643 # -1 # ID=21_52;partial=00;start_type=ATG;rbs_motif=None;rbs_spacer=None;gc_cont=0.269
#
# Program:         hmmsearch
# Version:         3.1b2 (February 2015)
# Pipeline mode:   SEARCH
# Query file:      /home/lgef/Documentos/GitHub/Project_doctoral/IMPLEMENTACAO/Genomes/M_flocculare/MFC_ncbi_dataset/ncbi_dataset/data/strains/MF30/Use/busco_downloads/lineages/mycoplasmatales_odb10/hmms/2656at2085.hmm
# Target file:     /home/lgef/Documentos/GitHub/Project_doctoral/IMPLEMENTACAO/Genomes/M_flocculare/MFC_ncbi_dataset/ncbi_dataset/data/strains/MF30/Use/busco_draft/prodigal_output/predicted_genes/predicted.faa
# Option settings: hmmsearch --domtblout /home/lgef/Documentos/GitHub/Project_doctoral/IMPLEMENTACAO/Genomes/M_flocculare/MFC_ncbi_dataset/ncbi_dataset/data/strains/MF30/Use/busco_draft/run_mycoplasmatales_odb10/hmmer_output/2656at2085.out --cpu 1 /home/lgef/Documentos/GitHub/Project_doctoral/IMPLEMENTACAO/Genomes/M_flocculare/MFC_ncbi_dataset/ncbi_dataset/data/strains/MF30/Use/busco_downloads/lineages/mycoplasmatales_odb10/hmms/2656at2085.hmm /home/lgef/Documentos/GitHub/Project_doctoral/IMPLEMENTACAO/Genomes/M_flocculare/MFC_ncbi_dataset/ncbi_dataset/data/strains/MF30/Use/busco_draft/prodigal_output/predicted_genes/predicted.faa 
# Current dir:     /home/lgef/Documentos/GitHub/Project_doctoral/IMPLEMENTACAO/Genomes/M_flocculare/MFC_ncbi_dataset/ncbi_dataset/data/strains/MF30/Use
# Date:            Fri Nov 29 12:30:36 2024
# [ok]
