#                                                                                         --- full sequence --- -------------- this domain -------------   hmm coord   ali coord   env coord
# target name                     accession   tlen query name           accession   qlen   E-value  score  bias   #  of  c-Evalue  i-Evalue  score  bias  from    to  from    to  from    to  acc description of target
#             ------------------- ---------- ----- -------------------- ---------- ----- --------- ------ ----- --- --- --------- --------- ------ ----- ----- ----- ----- ----- ----- ----- ---- ---------------------
NZ_QQRN01000001.1:223750-224670|+ -            307 2666at2085           -            250     1e-91  301.6   0.1   1   1     4e-93   3.9e-91  299.7   0.1     1   249     5   287     5   288 0.89 NZ_QQRN01000001.1_153 # 223750 # 224670 # 1 # ID=10_153;partial=00;start_type=ATG;rbs_motif=None;rbs_spacer=None;gc_cont=0.339
NZ_QQRN01000003.1:17934-18821|+   -            296 2666at2085           -            250   1.2e-32  108.1   2.1   1   2   9.9e-17   9.5e-15   49.5   0.0     6    80    21    95    16   155 0.84 NZ_QQRN01000003.1_17 # 17934 # 18821 # 1 # ID=25_17;partial=00;start_type=ATG;rbs_motif=3Base/5BMM;rbs_spacer=13-15bp;gc_cont=0.283
NZ_QQRN01000003.1:17934-18821|+   -            296 2666at2085           -            250   1.2e-32  108.1   2.1   2   2   2.4e-19   2.3e-17   58.1   0.8   146   241   192   293   152   295 0.84 NZ_QQRN01000003.1_17 # 17934 # 18821 # 1 # ID=25_17;partial=00;start_type=ATG;rbs_motif=3Base/5BMM;rbs_spacer=13-15bp;gc_cont=0.283
NZ_QQRN01000001.1:213621-214424|- -            268 2666at2085           -            250   2.2e-23   77.8   8.5   1   1   4.1e-24     4e-22   73.7   8.5     2   245     2   264     1   266 0.75 NZ_QQRN01000001.1_145 # 213621 # 214424 # -1 # ID=10_145;partial=00;start_type=ATG;rbs_motif=None;rbs_spacer=None;gc_cont=0.290
NZ_QQRN01000001.1:292399-293742|- -            448 2666at2085           -            250   3.4e-22   73.9  11.3   1   2   3.5e-24   3.4e-22   73.9  11.3     8   225     8   241     4   266 0.80 NZ_QQRN01000001.1_192 # 292399 # 293742 # -1 # ID=10_192;partial=00;start_type=ATG;rbs_motif=GGA/GAG/AGG;rbs_spacer=5-10bp;gc_cont=0.251
NZ_QQRN01000001.1:292399-293742|- -            448 2666at2085           -            250   3.4e-22   73.9  11.3   2   2     0.037       3.6    1.8   0.9   115   179   374   407   336   433 0.64 NZ_QQRN01000001.1_192 # 292399 # 293742 # -1 # ID=10_192;partial=00;start_type=ATG;rbs_motif=GGA/GAG/AGG;rbs_spacer=5-10bp;gc_cont=0.251
NZ_QQRN01000002.1:91851-92681|+   -            277 2666at2085           -            250   9.3e-21   69.2   5.6   1   1   4.2e-21     4e-19   63.8   5.6     3   246     2   272     1   274 0.67 NZ_QQRN01000002.1_103 # 91851 # 92681 # 1 # ID=21_103;partial=00;start_type=ATG;rbs_motif=AGGA;rbs_spacer=5-10bp;gc_cont=0.320
NZ_QQRN01000009.1:10141-10950|+   -            270 2666at2085           -            250   3.7e-15   50.8   7.5   1   1   2.8e-15   2.7e-13   44.7   7.5     4   225     5   247     2   265 0.64 NZ_QQRN01000009.1_7 # 10141 # 10950 # 1 # ID=31_7;partial=00;start_type=ATG;rbs_motif=None;rbs_spacer=None;gc_cont=0.272
#
# Program:         hmmsearch
# Version:         3.1b2 (February 2015)
# Pipeline mode:   SEARCH
# Query file:      /home/lgef/Documentos/GitHub/Project_doctoral/IMPLEMENTACAO/Genomes/M_flocculare/MFC_ncbi_dataset/ncbi_dataset/data/strains/MF30/Use/busco_downloads/lineages/mycoplasmatales_odb10/hmms/2666at2085.hmm
# Target file:     /home/lgef/Documentos/GitHub/Project_doctoral/IMPLEMENTACAO/Genomes/M_flocculare/MFC_ncbi_dataset/ncbi_dataset/data/strains/MF30/Use/busco_draft/prodigal_output/predicted_genes/predicted.faa
# Option settings: hmmsearch --domtblout /home/lgef/Documentos/GitHub/Project_doctoral/IMPLEMENTACAO/Genomes/M_flocculare/MFC_ncbi_dataset/ncbi_dataset/data/strains/MF30/Use/busco_draft/run_mycoplasmatales_odb10/hmmer_output/2666at2085.out --cpu 1 /home/lgef/Documentos/GitHub/Project_doctoral/IMPLEMENTACAO/Genomes/M_flocculare/MFC_ncbi_dataset/ncbi_dataset/data/strains/MF30/Use/busco_downloads/lineages/mycoplasmatales_odb10/hmms/2666at2085.hmm /home/lgef/Documentos/GitHub/Project_doctoral/IMPLEMENTACAO/Genomes/M_flocculare/MFC_ncbi_dataset/ncbi_dataset/data/strains/MF30/Use/busco_draft/prodigal_output/predicted_genes/predicted.faa 
# Current dir:     /home/lgef/Documentos/GitHub/Project_doctoral/IMPLEMENTACAO/Genomes/M_flocculare/MFC_ncbi_dataset/ncbi_dataset/data/strains/MF30/Use
# Date:            Fri Nov 29 10:05:40 2024
# [ok]
