#                                                                                  --- full sequence --- -------------- this domain -------------   hmm coord   ali coord   env coord
# target name              accession   tlen query name           accession   qlen   E-value  score  bias   #  of  c-Evalue  i-Evalue  score  bias  from    to  from    to  from    to  acc description of target
#      ------------------- ---------- ----- -------------------- ---------- ----- --------- ------ ----- --- --- --------- --------- ------ ----- ----- ----- ----- ----- ----- ----- ---- ---------------------
CP098240.1:219863-221902|- -            680 1371at2085           -            438   1.2e-84  279.9 108.2   1   5   2.2e-32   1.2e-30  102.0   7.3     1   103    21   133    21   135 0.93 CP098240.1_195 # 219863 # 221902 # -1 # ID=1_195;partial=00;start_type=ATG;rbs_motif=None;rbs_spacer=None;gc_cont=0.246
CP098240.1:219863-221902|- -            680 1371at2085           -            438   1.2e-84  279.9 108.2   2   5   3.2e-27   1.7e-25   85.0  34.7   102   261   158   335   144   348 0.83 CP098240.1_195 # 219863 # 221902 # -1 # ID=1_195;partial=00;start_type=ATG;rbs_motif=None;rbs_spacer=None;gc_cont=0.246
CP098240.1:219863-221902|- -            680 1371at2085           -            438   1.2e-84  279.9 108.2   3   5      0.81        43   -2.0   6.9   161   228   339   406   331   407 0.73 CP098240.1_195 # 219863 # 221902 # -1 # ID=1_195;partial=00;start_type=ATG;rbs_motif=None;rbs_spacer=None;gc_cont=0.246
CP098240.1:219863-221902|- -            680 1371at2085           -            438   1.2e-84  279.9 108.2   4   5   1.6e-08   8.7e-07   23.3  19.9   269   372   408   552   405   559 0.75 CP098240.1_195 # 219863 # 221902 # -1 # ID=1_195;partial=00;start_type=ATG;rbs_motif=None;rbs_spacer=None;gc_cont=0.246
CP098240.1:219863-221902|- -            680 1371at2085           -            438   1.2e-84  279.9 108.2   5   5   4.6e-28   2.5e-26   87.8  11.6   349   438   573   663   567   663 0.83 CP098240.1_195 # 219863 # 221902 # -1 # ID=1_195;partial=00;start_type=ATG;rbs_motif=None;rbs_spacer=None;gc_cont=0.246
CP098240.1:622974-623690|- -            239 1371at2085           -            438     1e-09   33.0   1.9   1   2     0.036       1.9    2.4   1.2   333   374    43    90     6    95 0.76 CP098240.1_523 # 622974 # 623690 # -1 # ID=1_523;partial=00;start_type=ATG;rbs_motif=AGGA;rbs_spacer=5-10bp;gc_cont=0.266
CP098240.1:622974-623690|- -            239 1371at2085           -            438     1e-09   33.0   1.9   2   2   1.9e-11     1e-09   33.0   1.9   374   435   131   194   111   196 0.82 CP098240.1_523 # 622974 # 623690 # -1 # ID=1_523;partial=00;start_type=ATG;rbs_motif=AGGA;rbs_spacer=5-10bp;gc_cont=0.266
CP098240.1:905349-906962|+ -            538 1371at2085           -            438   3.9e-09   31.1   3.4   1   4      0.37        20   -0.9  29.2   104   290     9   214     2   232 0.62 CP098240.1_732 # 905349 # 906962 # 1 # ID=1_732;partial=00;start_type=ATG;rbs_motif=AGxAGG/AGGxGG;rbs_spacer=5-10bp;gc_cont=0.267
CP098240.1:905349-906962|+ -            538 1371at2085           -            438   3.9e-09   31.1   3.4   2   4       2.5   1.3e+02   -3.6  25.6    95   199   233   338   217   348 0.75 CP098240.1_732 # 905349 # 906962 # 1 # ID=1_732;partial=00;start_type=ATG;rbs_motif=AGxAGG/AGGxGG;rbs_spacer=5-10bp;gc_cont=0.267
CP098240.1:905349-906962|+ -            538 1371at2085           -            438   3.9e-09   31.1   3.4   3   4    0.0023      0.12    6.4   5.4   333   373   361   410   344   454 0.68 CP098240.1_732 # 905349 # 906962 # 1 # ID=1_732;partial=00;start_type=ATG;rbs_motif=AGxAGG/AGGxGG;rbs_spacer=5-10bp;gc_cont=0.267
CP098240.1:905349-906962|+ -            538 1371at2085           -            438   3.9e-09   31.1   3.4   4   4   7.4e-11   3.9e-09   31.1   3.4   371   431   447   508   428   514 0.84 CP098240.1_732 # 905349 # 906962 # 1 # ID=1_732;partial=00;start_type=ATG;rbs_motif=AGxAGG/AGGxGG;rbs_spacer=5-10bp;gc_cont=0.267
CP098240.1:598781-599677|- -            299 1371at2085           -            438     4e-08   27.7   0.1   1   3       1.6        83   -3.0   0.2   162   212    27    77    13    81 0.66 CP098240.1_506 # 598781 # 599677 # -1 # ID=1_506;partial=00;start_type=GTG;rbs_motif=AGGAG;rbs_spacer=5-10bp;gc_cont=0.356
CP098240.1:598781-599677|- -            299 1371at2085           -            438     4e-08   27.7   0.1   2   3      0.22        12   -0.1   0.2   333   356   101   130    94   156 0.68 CP098240.1_506 # 598781 # 599677 # -1 # ID=1_506;partial=00;start_type=GTG;rbs_motif=AGGAG;rbs_spacer=5-10bp;gc_cont=0.356
CP098240.1:598781-599677|- -            299 1371at2085           -            438     4e-08   27.7   0.1   3   3   7.5e-10     4e-08   27.7   0.1   369   435   189   258   138   261 0.83 CP098240.1_506 # 598781 # 599677 # -1 # ID=1_506;partial=00;start_type=GTG;rbs_motif=AGGAG;rbs_spacer=5-10bp;gc_cont=0.356
CP098240.1:463675-464445|+ -            257 1371at2085           -            438   4.7e-08   27.5   0.9   1   2   8.8e-10   4.7e-08   27.5   0.9   370   435   145   213   130   216 0.83 CP098240.1_405 # 463675 # 464445 # 1 # ID=1_405;partial=00;start_type=ATG;rbs_motif=None;rbs_spacer=None;gc_cont=0.265
CP098240.1:463675-464445|+ -            257 1371at2085           -            438   4.7e-08   27.5   0.9   2   2     0.038         2    2.3   1.2   234   273   207   246   205   250 0.87 CP098240.1_405 # 463675 # 464445 # 1 # ID=1_405;partial=00;start_type=ATG;rbs_motif=None;rbs_spacer=None;gc_cont=0.265
CP098240.1:688577-690115|+ -            513 1371at2085           -            438   9.2e-08   26.6  22.8   1   4      0.12       6.4    0.7   0.1   333   344    43    54     3    56 0.85 CP098240.1_571 # 688577 # 690115 # 1 # ID=1_571;partial=00;start_type=TTG;rbs_motif=AGGA;rbs_spacer=5-10bp;gc_cont=0.320
CP098240.1:688577-690115|+ -            513 1371at2085           -            438   9.2e-08   26.6  22.8   2   4   1.7e-07   9.1e-06   20.0   0.5   378   436   144   204   136   206 0.90 CP098240.1_571 # 688577 # 690115 # 1 # ID=1_571;partial=00;start_type=TTG;rbs_motif=AGGA;rbs_spacer=5-10bp;gc_cont=0.320
CP098240.1:688577-690115|+ -            513 1371at2085           -            438   9.2e-08   26.6  22.8   3   4      0.13       7.2    0.5   5.7   274   324   356   406   324   407 0.82 CP098240.1_571 # 688577 # 690115 # 1 # ID=1_571;partial=00;start_type=TTG;rbs_motif=AGGA;rbs_spacer=5-10bp;gc_cont=0.320
CP098240.1:688577-690115|+ -            513 1371at2085           -            438   9.2e-08   26.6  22.8   4   4   7.2e-05    0.0038   11.3  10.3   338   431   372   465   359   471 0.74 CP098240.1_571 # 688577 # 690115 # 1 # ID=1_571;partial=00;start_type=TTG;rbs_motif=AGGA;rbs_spacer=5-10bp;gc_cont=0.320
CP098240.1:334328-335146|+ -            273 1371at2085           -            438     3e-07   24.9   5.2   1   2     0.057         3    1.8   1.7   318   354    27    68     1    93 0.55 CP098240.1_300 # 334328 # 335146 # 1 # ID=1_300;partial=00;start_type=ATG;rbs_motif=GGA/GAG/AGG;rbs_spacer=5-10bp;gc_cont=0.305
CP098240.1:334328-335146|+ -            273 1371at2085           -            438     3e-07   24.9   5.2   2   2   1.4e-08   7.6e-07   23.5   0.1   367   436   126   198   107   199 0.86 CP098240.1_300 # 334328 # 335146 # 1 # ID=1_300;partial=00;start_type=ATG;rbs_motif=GGA/GAG/AGG;rbs_spacer=5-10bp;gc_cont=0.305
CP098240.1:849484-851013|+ -            510 1371at2085           -            438     5e-07   24.1   7.0   1   1   9.3e-09     5e-07   24.1   7.0   374   434   433   494   396   497 0.74 CP098240.1_691 # 849484 # 851013 # 1 # ID=1_691;partial=00;start_type=TTG;rbs_motif=None;rbs_spacer=None;gc_cont=0.190
CP098240.1:475859-476686|+ -            276 1371at2085           -            438   5.9e-07   23.9   0.1   1   2      0.15       7.9    0.4   0.7     7    30    10    33     3    47 0.85 CP098240.1_413 # 475859 # 476686 # 1 # ID=1_413;partial=00;start_type=TTG;rbs_motif=GGA/GAG/AGG;rbs_spacer=5-10bp;gc_cont=0.327
CP098240.1:475859-476686|+ -            276 1371at2085           -            438   5.9e-07   23.9   0.1   2   2   1.7e-07   8.9e-06   20.0   0.0   372   426    51   106    44   119 0.85 CP098240.1_413 # 475859 # 476686 # 1 # ID=1_413;partial=00;start_type=TTG;rbs_motif=GGA/GAG/AGG;rbs_spacer=5-10bp;gc_cont=0.327
CP098240.1:903758-905356|+ -            533 1371at2085           -            438   8.3e-07   23.4   2.2   1   2      0.38        20   -0.9  40.8   102   316    13   240     3   244 0.64 CP098240.1_731 # 903758 # 905356 # 1 # ID=1_731;partial=00;start_type=ATG;rbs_motif=AGGAGG;rbs_spacer=5-10bp;gc_cont=0.258
CP098240.1:903758-905356|+ -            533 1371at2085           -            438   8.3e-07   23.4   2.2   2   2   1.6e-08   8.3e-07   23.4   2.2   374   435   450   511   416   513 0.82 CP098240.1_731 # 903758 # 905356 # 1 # ID=1_731;partial=00;start_type=ATG;rbs_motif=AGGAGG;rbs_spacer=5-10bp;gc_cont=0.258
CP098240.1:851022-852641|+ -            540 1371at2085           -            438   1.8e-05   19.0   3.3   1   1   3.3e-07   1.8e-05   19.0   3.3   367   422   455   512   445   526 0.77 CP098240.1_692 # 851022 # 852641 # 1 # ID=1_692;partial=00;start_type=ATG;rbs_motif=None;rbs_spacer=None;gc_cont=0.228
CP098240.1:842732-844342|+ -            537 1371at2085           -            438   1.8e-05   19.0   1.3   1   2       5.5     3e+02   -4.8  60.8    97   333    20   266     5   270 0.72 CP098240.1_688 # 842732 # 844342 # 1 # ID=1_688;partial=00;start_type=ATG;rbs_motif=AGGA;rbs_spacer=5-10bp;gc_cont=0.238
CP098240.1:842732-844342|+ -            537 1371at2085           -            438   1.8e-05   19.0   1.3   2   2   3.4e-07   1.8e-05   19.0   1.3   375   434   461   521   437   524 0.87 CP098240.1_688 # 842732 # 844342 # 1 # ID=1_688;partial=00;start_type=ATG;rbs_motif=AGGA;rbs_spacer=5-10bp;gc_cont=0.238
CP098240.1:297136-298032|+ -            299 1371at2085           -            438   7.7e-05   16.9   2.0   1   2      0.35        18   -0.8   1.8   279   313   152   186   146   193 0.66 CP098240.1_268 # 297136 # 298032 # 1 # ID=1_268;partial=00;start_type=ATG;rbs_motif=None;rbs_spacer=None;gc_cont=0.308
CP098240.1:297136-298032|+ -            299 1371at2085           -            438   7.7e-05   16.9   2.0   2   2   6.3e-06   0.00034   14.8   0.0   377   432   198   254   190   259 0.91 CP098240.1_268 # 297136 # 298032 # 1 # ID=1_268;partial=00;start_type=ATG;rbs_motif=None;rbs_spacer=None;gc_cont=0.308
CP098240.1:844353-845966|+ -            538 1371at2085           -            438   0.00011   16.4   8.8   1   3   0.00045     0.024    8.7  39.4    99   266    11   191     8   203 0.65 CP098240.1_689 # 844353 # 845966 # 1 # ID=1_689;partial=00;start_type=ATG;rbs_motif=AGGAG;rbs_spacer=5-10bp;gc_cont=0.242
CP098240.1:844353-845966|+ -            538 1371at2085           -            438   0.00011   16.4   8.8   2   3     0.059       3.1    1.7  34.5   170   374   207   422   188   433 0.82 CP098240.1_689 # 844353 # 845966 # 1 # ID=1_689;partial=00;start_type=ATG;rbs_motif=AGGAG;rbs_spacer=5-10bp;gc_cont=0.242
CP098240.1:844353-845966|+ -            538 1371at2085           -            438   0.00011   16.4   8.8   3   3     2e-06   0.00011   16.4   8.8   373   435   458   520   424   523 0.77 CP098240.1_689 # 844353 # 845966 # 1 # ID=1_689;partial=00;start_type=ATG;rbs_motif=AGGAG;rbs_spacer=5-10bp;gc_cont=0.242
#
# Program:         hmmsearch
# Version:         3.4 (Aug 2023)
# Pipeline mode:   SEARCH
# Query file:      /home/lgef/Documentos/GitHub/Project_doctoral/IMPLEMENTACAO/Genomes/M_hyopneumoniae/MHP_ncbi_dataset/ncbi_dataset/data/strains/131B/Use/busco_downloads/lineages/mycoplasmatales_odb10/hmms/1371at2085.hmm
# Target file:     /home/lgef/Documentos/GitHub/Project_doctoral/IMPLEMENTACAO/Genomes/M_hyopneumoniae/MHP_ncbi_dataset/ncbi_dataset/data/strains/131B/Use/busco_complete/prodigal_output/predicted_genes/predicted.faa
# Option settings: hmmsearch --domtblout /home/lgef/Documentos/GitHub/Project_doctoral/IMPLEMENTACAO/Genomes/M_hyopneumoniae/MHP_ncbi_dataset/ncbi_dataset/data/strains/131B/Use/busco_complete/run_mycoplasmatales_odb10/hmmer_output/1371at2085.out --cpu 1 /home/lgef/Documentos/GitHub/Project_doctoral/IMPLEMENTACAO/Genomes/M_hyopneumoniae/MHP_ncbi_dataset/ncbi_dataset/data/strains/131B/Use/busco_downloads/lineages/mycoplasmatales_odb10/hmms/1371at2085.hmm /home/lgef/Documentos/GitHub/Project_doctoral/IMPLEMENTACAO/Genomes/M_hyopneumoniae/MHP_ncbi_dataset/ncbi_dataset/data/strains/131B/Use/busco_complete/prodigal_output/predicted_genes/predicted.faa 
# Current dir:     /home/lgef/Documentos/GitHub/Project_doctoral/IMPLEMENTACAO/Genomes/M_hyopneumoniae/MHP_ncbi_dataset/ncbi_dataset/data/strains/131B/Use
# Date:            Thu Nov 28 19:20:47 2024
# [ok]
