#                                                                                  --- full sequence --- -------------- this domain -------------   hmm coord   ali coord   env coord
# target name              accession   tlen query name           accession   qlen   E-value  score  bias   #  of  c-Evalue  i-Evalue  score  bias  from    to  from    to  from    to  acc description of target
#      ------------------- ---------- ----- -------------------- ---------- ----- --------- ------ ----- --- --- --------- --------- ------ ----- ----- ----- ----- ----- ----- ----- ---- ---------------------
CP098240.1:37768-40428|-   -            887 157at2085            -            637  5.9e-233  770.1  37.8   1   4   3.9e-91   7.2e-89  294.1   1.4     1   221    19   274    19   286 0.85 CP098240.1_34 # 37768 # 40428 # -1 # ID=1_34;partial=00;start_type=ATG;rbs_motif=AGGA;rbs_spacer=5-10bp;gc_cont=0.307
CP098240.1:37768-40428|-   -            887 157at2085            -            637  5.9e-233  770.1  37.8   2   4  6.1e-132  1.1e-129  428.9   7.8   224   543   303   675   293   678 0.88 CP098240.1_34 # 37768 # 40428 # -1 # ID=1_34;partial=00;start_type=ATG;rbs_motif=AGGA;rbs_spacer=5-10bp;gc_cont=0.307
CP098240.1:37768-40428|-   -            887 157at2085            -            637  5.9e-233  770.1  37.8   3   4     4e-20   7.4e-18   59.5  10.5   510   603   669   773   663   807 0.81 CP098240.1_34 # 37768 # 40428 # -1 # ID=1_34;partial=00;start_type=ATG;rbs_motif=AGGA;rbs_spacer=5-10bp;gc_cont=0.307
CP098240.1:37768-40428|-   -            887 157at2085            -            637  5.9e-233  770.1  37.8   4   4     0.018       3.4    1.2   0.2   611   637   837   863   821   863 0.76 CP098240.1_34 # 37768 # 40428 # -1 # ID=1_34;partial=00;start_type=ATG;rbs_motif=AGGA;rbs_spacer=5-10bp;gc_cont=0.307
CP098240.1:918420-920888|+ -            823 157at2085            -            637   9.2e-45  148.4  32.7   1   2   9.8e-45   1.8e-42  140.8  24.3     8   531    17   586    10   599 0.75 CP098240.1_741 # 918420 # 920888 # 1 # ID=1_741;partial=00;start_type=ATG;rbs_motif=AGGA;rbs_spacer=5-10bp;gc_cont=0.301
CP098240.1:918420-920888|+ -            823 157at2085            -            637   9.2e-45  148.4  32.7   2   2   0.00014     0.026    8.2   2.4   513   589   593   667   588   715 0.73 CP098240.1_741 # 918420 # 920888 # 1 # ID=1_741;partial=00;start_type=ATG;rbs_motif=AGGA;rbs_spacer=5-10bp;gc_cont=0.301
CP098240.1:872742-875114|- -            791 157at2085            -            637   3.8e-38  126.5   9.7   1   4     5e-15   9.3e-13   42.7   0.0    11   162    17   172    10   179 0.74 CP098240.1_710 # 872742 # 875114 # -1 # ID=1_710;partial=00;start_type=ATG;rbs_motif=GGA/GAG/AGG;rbs_spacer=5-10bp;gc_cont=0.306
CP098240.1:872742-875114|- -            791 157at2085            -            637   3.8e-38  126.5   9.7   2   4      0.17        31   -2.0   0.0   297   321   180   204   175   231 0.88 CP098240.1_710 # 872742 # 875114 # -1 # ID=1_710;partial=00;start_type=ATG;rbs_motif=GGA/GAG/AGG;rbs_spacer=5-10bp;gc_cont=0.306
CP098240.1:872742-875114|- -            791 157at2085            -            637   3.8e-38  126.5   9.7   3   4   9.3e-10   1.7e-07   25.3   0.2   320   413   384   482   377   508 0.67 CP098240.1_710 # 872742 # 875114 # -1 # ID=1_710;partial=00;start_type=ATG;rbs_motif=GGA/GAG/AGG;rbs_spacer=5-10bp;gc_cont=0.306
CP098240.1:872742-875114|- -            791 157at2085            -            637   3.8e-38  126.5   9.7   4   4   7.3e-21   1.4e-18   61.9   1.4   435   607   540   722   496   736 0.75 CP098240.1_710 # 872742 # 875114 # -1 # ID=1_710;partial=00;start_type=ATG;rbs_motif=GGA/GAG/AGG;rbs_spacer=5-10bp;gc_cont=0.306
CP098240.1:530217-532520|+ -            768 157at2085            -            637   1.9e-16   54.9   4.2   1   4   1.5e-12   2.8e-10   34.5   1.9    14   164   248   399   238   407 0.72 CP098240.1_461 # 530217 # 532520 # 1 # ID=1_461;partial=00;start_type=ATG;rbs_motif=None;rbs_spacer=None;gc_cont=0.279
CP098240.1:530217-532520|+ -            768 157at2085            -            637   1.9e-16   54.9   4.2   2   4       0.1        19   -1.3   0.2   388   439   471   521   431   528 0.73 CP098240.1_461 # 530217 # 532520 # 1 # ID=1_461;partial=00;start_type=ATG;rbs_motif=None;rbs_spacer=None;gc_cont=0.279
CP098240.1:530217-532520|+ -            768 157at2085            -            637   1.9e-16   54.9   4.2   3   4   5.3e-11   9.8e-09   29.4   0.0   445   516   548   619   537   639 0.82 CP098240.1_461 # 530217 # 532520 # 1 # ID=1_461;partial=00;start_type=ATG;rbs_motif=None;rbs_spacer=None;gc_cont=0.279
CP098240.1:530217-532520|+ -            768 157at2085            -            637   1.9e-16   54.9   4.2   4   4       0.3        55   -2.8   1.0   518   589   655   734   647   754 0.46 CP098240.1_461 # 530217 # 532520 # 1 # ID=1_461;partial=00;start_type=ATG;rbs_motif=None;rbs_spacer=None;gc_cont=0.279
#
# Program:         hmmsearch
# Version:         3.4 (Aug 2023)
# Pipeline mode:   SEARCH
# Query file:      /home/lgef/Documentos/GitHub/Project_doctoral/IMPLEMENTACAO/Genomes/M_hyopneumoniae/MHP_ncbi_dataset/ncbi_dataset/data/strains/131B/Use/busco_downloads/lineages/mycoplasmatales_odb10/hmms/157at2085.hmm
# Target file:     /home/lgef/Documentos/GitHub/Project_doctoral/IMPLEMENTACAO/Genomes/M_hyopneumoniae/MHP_ncbi_dataset/ncbi_dataset/data/strains/131B/Use/busco_complete/prodigal_output/predicted_genes/predicted.faa
# Option settings: hmmsearch --domtblout /home/lgef/Documentos/GitHub/Project_doctoral/IMPLEMENTACAO/Genomes/M_hyopneumoniae/MHP_ncbi_dataset/ncbi_dataset/data/strains/131B/Use/busco_complete/run_mycoplasmatales_odb10/hmmer_output/157at2085.out --cpu 1 /home/lgef/Documentos/GitHub/Project_doctoral/IMPLEMENTACAO/Genomes/M_hyopneumoniae/MHP_ncbi_dataset/ncbi_dataset/data/strains/131B/Use/busco_downloads/lineages/mycoplasmatales_odb10/hmms/157at2085.hmm /home/lgef/Documentos/GitHub/Project_doctoral/IMPLEMENTACAO/Genomes/M_hyopneumoniae/MHP_ncbi_dataset/ncbi_dataset/data/strains/131B/Use/busco_complete/prodigal_output/predicted_genes/predicted.faa 
# Current dir:     /home/lgef/Documentos/GitHub/Project_doctoral/IMPLEMENTACAO/Genomes/M_hyopneumoniae/MHP_ncbi_dataset/ncbi_dataset/data/strains/131B/Use
# Date:            Thu Nov 28 19:20:47 2024
# [ok]
