#                                                                                         --- full sequence --- -------------- this domain -------------   hmm coord   ali coord   env coord
# target name                     accession   tlen query name           accession   qlen   E-value  score  bias   #  of  c-Evalue  i-Evalue  score  bias  from    to  from    to  from    to  acc description of target
#             ------------------- ---------- ----- -------------------- ---------- ----- --------- ------ ----- --- --- --------- --------- ------ ----- ----- ----- ----- ----- ----- ----- ---- ---------------------
NZ_VBRV01000001.1:109115-109996|- -            294 2656at2085           -            232   6.7e-67  220.6  11.6   1   2   6.2e-41   5.8e-39  129.2   4.2     1   122     9   134     9   156 0.90 NZ_VBRV01000001.1_90 # 109115 # 109996 # -1 # ID=1_90;partial=00;start_type=ATG;rbs_motif=None;rbs_spacer=None;gc_cont=0.291
NZ_VBRV01000001.1:109115-109996|- -            294 2656at2085           -            232   6.7e-67  220.6  11.6   2   2   7.3e-31   6.9e-29   96.2   0.8   119   232   159   293   147   293 0.81 NZ_VBRV01000001.1_90 # 109115 # 109996 # -1 # ID=1_90;partial=00;start_type=ATG;rbs_motif=None;rbs_spacer=None;gc_cont=0.291
NZ_VBRV01000001.1:6180-7481|+     -            434 2656at2085           -            232   7.2e-42  138.7   2.4   1   3     2e-21   1.9e-19   65.3   0.9     1   117     5   126     5   138 0.83 NZ_VBRV01000001.1_6 # 6180 # 7481 # 1 # ID=1_6;partial=00;start_type=ATG;rbs_motif=3Base/5BMM;rbs_spacer=13-15bp;gc_cont=0.291
NZ_VBRV01000001.1:6180-7481|+     -            434 2656at2085           -            232   7.2e-42  138.7   2.4   2   3   2.2e-23   2.1e-21   71.8   0.0     2   122   174   302   173   316 0.84 NZ_VBRV01000001.1_6 # 6180 # 7481 # 1 # ID=1_6;partial=00;start_type=ATG;rbs_motif=3Base/5BMM;rbs_spacer=13-15bp;gc_cont=0.291
NZ_VBRV01000001.1:6180-7481|+     -            434 2656at2085           -            232   7.2e-42  138.7   2.4   3   3       0.5        48   -1.4   0.1   116   145   329   358   316   365 0.62 NZ_VBRV01000001.1_6 # 6180 # 7481 # 1 # ID=1_6;partial=00;start_type=ATG;rbs_motif=3Base/5BMM;rbs_spacer=13-15bp;gc_cont=0.291
NZ_VBRV01000002.1:11184-12512|-   -            443 2656at2085           -            232   5.1e-18   60.7   5.8   1   2      0.22        20   -0.2   0.3   168   200   127   159   113   187 0.64 NZ_VBRV01000002.1_11 # 11184 # 12512 # -1 # ID=2_11;partial=00;start_type=TTG;rbs_motif=AGGAG;rbs_spacer=5-10bp;gc_cont=0.313
NZ_VBRV01000002.1:11184-12512|-   -            443 2656at2085           -            232   5.1e-18   60.7   5.8   2   2   5.4e-20   5.1e-18   60.7   5.8     2   116   220   338   219   384 0.79 NZ_VBRV01000002.1_11 # 11184 # 12512 # -1 # ID=2_11;partial=00;start_type=TTG;rbs_motif=AGGAG;rbs_spacer=5-10bp;gc_cont=0.313
NZ_VBRV01000004.1:240204-240800|- -            199 2656at2085           -            232   2.3e-12   42.2   1.9   1   1   3.2e-14   3.1e-12   41.8   1.9     2   132    41   179    40   197 0.71 NZ_VBRV01000004.1_180 # 240204 # 240800 # -1 # ID=4_180;partial=00;start_type=ATG;rbs_motif=None;rbs_spacer=None;gc_cont=0.293
NZ_VBRV01000001.1:26043-26834|+   -            264 2656at2085           -            232   3.8e-10   34.9   9.7   1   2    0.0097      0.92    4.2   2.7    70   124     9    64     2   100 0.76 NZ_VBRV01000001.1_23 # 26043 # 26834 # 1 # ID=1_23;partial=00;start_type=ATG;rbs_motif=None;rbs_spacer=None;gc_cont=0.266
NZ_VBRV01000001.1:26043-26834|+   -            264 2656at2085           -            232   3.8e-10   34.9   9.7   2   2   4.3e-12     4e-10   34.8   0.6     3    66   115   174   113   239 0.92 NZ_VBRV01000001.1_23 # 26043 # 26834 # 1 # ID=1_23;partial=00;start_type=ATG;rbs_motif=None;rbs_spacer=None;gc_cont=0.266
NZ_VBRV01000007.1:150354-151613|+ -            420 2656at2085           -            232   7.9e-09   30.6   1.1   1   1   1.4e-10   1.4e-08   29.8   0.9     1   111   159   274   159   322 0.74 NZ_VBRV01000007.1_99 # 150354 # 151613 # 1 # ID=7_99;partial=00;start_type=ATG;rbs_motif=AGGA;rbs_spacer=5-10bp;gc_cont=0.306
NZ_VBRV01000004.1:342-1445|-      -            368 2656at2085           -            232   2.4e-08   29.0   2.7   1   1   4.5e-09   4.3e-07   24.9   1.8     2   143     6   162     5   176 0.65 NZ_VBRV01000004.1_2 # 342 # 1445 # -1 # ID=4_2;partial=00;start_type=ATG;rbs_motif=None;rbs_spacer=None;gc_cont=0.301
NZ_VBRV01000001.1:105936-106793|- -            286 2656at2085           -            232   2.4e-06   22.5   7.0   1   2      0.02       1.9    3.2   1.7    57   113    83   140    52   153 0.68 NZ_VBRV01000001.1_86 # 105936 # 106793 # -1 # ID=1_86;partial=00;start_type=ATG;rbs_motif=3Base/5BMM;rbs_spacer=13-15bp;gc_cont=0.282
NZ_VBRV01000001.1:105936-106793|- -            286 2656at2085           -            232   2.4e-06   22.5   7.0   2   2     3e-08   2.9e-06   22.2   0.3     3    68   157   224   155   235 0.72 NZ_VBRV01000001.1_86 # 105936 # 106793 # -1 # ID=1_86;partial=00;start_type=ATG;rbs_motif=3Base/5BMM;rbs_spacer=13-15bp;gc_cont=0.282
#
# Program:         hmmsearch
# Version:         3.4 (Aug 2023)
# Pipeline mode:   SEARCH
# Query file:      /home/lgef/Documentos/GitHub/Project_doctoral/IMPLEMENTACAO/Genomes/M_hyopneumoniae/MHP_ncbi_dataset/ncbi_dataset/data/strains/UFV02/Use/busco_downloads/lineages/mycoplasmatales_odb10/hmms/2656at2085.hmm
# Target file:     /home/lgef/Documentos/GitHub/Project_doctoral/IMPLEMENTACAO/Genomes/M_hyopneumoniae/MHP_ncbi_dataset/ncbi_dataset/data/strains/UFV02/Use/busco_draft/prodigal_output/predicted_genes/predicted.faa
# Option settings: hmmsearch --domtblout /home/lgef/Documentos/GitHub/Project_doctoral/IMPLEMENTACAO/Genomes/M_hyopneumoniae/MHP_ncbi_dataset/ncbi_dataset/data/strains/UFV02/Use/busco_draft/run_mycoplasmatales_odb10/hmmer_output/2656at2085.out --cpu 1 /home/lgef/Documentos/GitHub/Project_doctoral/IMPLEMENTACAO/Genomes/M_hyopneumoniae/MHP_ncbi_dataset/ncbi_dataset/data/strains/UFV02/Use/busco_downloads/lineages/mycoplasmatales_odb10/hmms/2656at2085.hmm /home/lgef/Documentos/GitHub/Project_doctoral/IMPLEMENTACAO/Genomes/M_hyopneumoniae/MHP_ncbi_dataset/ncbi_dataset/data/strains/UFV02/Use/busco_draft/prodigal_output/predicted_genes/predicted.faa 
# Current dir:     /home/lgef/Documentos/GitHub/Project_doctoral/IMPLEMENTACAO/Genomes/M_hyopneumoniae/MHP_ncbi_dataset/ncbi_dataset/data/strains/UFV02/Use
# Date:            Thu Nov 28 19:32:44 2024
# [ok]
