#                                                                                         --- full sequence --- -------------- this domain -------------   hmm coord   ali coord   env coord
# target name                     accession   tlen query name           accession   qlen   E-value  score  bias   #  of  c-Evalue  i-Evalue  score  bias  from    to  from    to  from    to  acc description of target
#             ------------------- ---------- ----- -------------------- ---------- ----- --------- ------ ----- --- --- --------- --------- ------ ----- ----- ----- ----- ----- ----- ----- ---- ---------------------
NZ_VBRV01000006.1:77032-78771|-   -            580 539at2085            -            541  1.2e-246  815.1  15.7   1   1  8.8e-249  1.3e-246  814.9  15.7     1   540     8   573     8   574 0.97 NZ_VBRV01000006.1_61 # 77032 # 78771 # -1 # ID=6_61;partial=00;start_type=ATG;rbs_motif=AGGA;rbs_spacer=5-10bp;gc_cont=0.291
NZ_VBRV01000008.1:25186-26925|-   -            580 539at2085            -            541  1.2e-246  815.1  15.7   1   1  8.8e-249  1.3e-246  814.9  15.7     1   540     8   573     8   574 0.97 NZ_VBRV01000008.1_24 # 25186 # 26925 # -1 # ID=8_24;partial=00;start_type=ATG;rbs_motif=AGGA;rbs_spacer=5-10bp;gc_cont=0.291
NZ_VBRV01000007.1:165814-167181|+ -            456 539at2085            -            541   8.8e-10   33.2   1.9   1   3      0.16        25   -1.2   0.0   197   228    56    87    39   132 0.76 NZ_VBRV01000007.1_117 # 165814 # 167181 # 1 # ID=7_117;partial=00;start_type=ATG;rbs_motif=AGGA;rbs_spacer=5-10bp;gc_cont=0.299
NZ_VBRV01000007.1:165814-167181|+ -            456 539at2085            -            541   8.8e-10   33.2   1.9   2   3   1.7e-08   2.6e-06   21.8   0.1   235   346   157   268   150   272 0.88 NZ_VBRV01000007.1_117 # 165814 # 167181 # 1 # ID=7_117;partial=00;start_type=ATG;rbs_motif=AGGA;rbs_spacer=5-10bp;gc_cont=0.299
NZ_VBRV01000007.1:165814-167181|+ -            456 539at2085            -            541   8.8e-10   33.2   1.9   3   3   7.5e-05     0.011    9.8   0.2   451   540   354   449   348   450 0.83 NZ_VBRV01000007.1_117 # 165814 # 167181 # 1 # ID=7_117;partial=00;start_type=ATG;rbs_motif=AGGA;rbs_spacer=5-10bp;gc_cont=0.299
NZ_VBRV01000004.1:147574-149013|- -            480 539at2085            -            541   1.5e-07   25.9   6.9   1   3     0.011       1.6    2.7   0.0   186   317    43   184    34   196 0.69 NZ_VBRV01000004.1_116 # 147574 # 149013 # -1 # ID=4_116;partial=00;start_type=ATG;rbs_motif=None;rbs_spacer=None;gc_cont=0.308
NZ_VBRV01000004.1:147574-149013|- -            480 539at2085            -            541   1.5e-07   25.9   6.9   2   3   1.9e-09   2.9e-07   24.9   2.3   408   525   237   366   226   382 0.78 NZ_VBRV01000004.1_116 # 147574 # 149013 # -1 # ID=4_116;partial=00;start_type=ATG;rbs_motif=None;rbs_spacer=None;gc_cont=0.308
NZ_VBRV01000004.1:147574-149013|- -            480 539at2085            -            541   1.5e-07   25.9   6.9   3   3      0.15        22   -1.1   0.1    29   128   366   470   360   473 0.52 NZ_VBRV01000004.1_116 # 147574 # 149013 # -1 # ID=4_116;partial=00;start_type=ATG;rbs_motif=None;rbs_spacer=None;gc_cont=0.308
NZ_VBRV01000002.1:72330-73571|+   -            414 539at2085            -            541     5e-05   17.5   0.4   1   3      0.21        32   -1.6   0.2    99   142     9    52     3    89 0.64 NZ_VBRV01000002.1_52 # 72330 # 73571 # 1 # ID=2_52;partial=00;start_type=ATG;rbs_motif=None;rbs_spacer=None;gc_cont=0.316
NZ_VBRV01000002.1:72330-73571|+   -            414 539at2085            -            541     5e-05   17.5   0.4   2   3   2.1e-05    0.0032   11.6   0.0   153   362   133   347   128   352 0.80 NZ_VBRV01000002.1_52 # 72330 # 73571 # 1 # ID=2_52;partial=00;start_type=ATG;rbs_motif=None;rbs_spacer=None;gc_cont=0.316
NZ_VBRV01000002.1:72330-73571|+   -            414 539at2085            -            541     5e-05   17.5   0.4   3   3    0.0087       1.3    3.0   0.0   409   458   359   406   353   409 0.82 NZ_VBRV01000002.1_52 # 72330 # 73571 # 1 # ID=2_52;partial=00;start_type=ATG;rbs_motif=None;rbs_spacer=None;gc_cont=0.316
#
# Program:         hmmsearch
# Version:         3.4 (Aug 2023)
# Pipeline mode:   SEARCH
# Query file:      /home/lgef/Documentos/GitHub/Project_doctoral/IMPLEMENTACAO/Genomes/M_hyopneumoniae/MHP_ncbi_dataset/ncbi_dataset/data/strains/UFV02/Use/busco_downloads/lineages/mycoplasmatales_odb10/hmms/539at2085.hmm
# Target file:     /home/lgef/Documentos/GitHub/Project_doctoral/IMPLEMENTACAO/Genomes/M_hyopneumoniae/MHP_ncbi_dataset/ncbi_dataset/data/strains/UFV02/Use/busco_draft/prodigal_output/predicted_genes/predicted.faa
# Option settings: hmmsearch --domtblout /home/lgef/Documentos/GitHub/Project_doctoral/IMPLEMENTACAO/Genomes/M_hyopneumoniae/MHP_ncbi_dataset/ncbi_dataset/data/strains/UFV02/Use/busco_draft/run_mycoplasmatales_odb10/hmmer_output/539at2085.out --cpu 1 /home/lgef/Documentos/GitHub/Project_doctoral/IMPLEMENTACAO/Genomes/M_hyopneumoniae/MHP_ncbi_dataset/ncbi_dataset/data/strains/UFV02/Use/busco_downloads/lineages/mycoplasmatales_odb10/hmms/539at2085.hmm /home/lgef/Documentos/GitHub/Project_doctoral/IMPLEMENTACAO/Genomes/M_hyopneumoniae/MHP_ncbi_dataset/ncbi_dataset/data/strains/UFV02/Use/busco_draft/prodigal_output/predicted_genes/predicted.faa 
# Current dir:     /home/lgef/Documentos/GitHub/Project_doctoral/IMPLEMENTACAO/Genomes/M_hyopneumoniae/MHP_ncbi_dataset/ncbi_dataset/data/strains/UFV02/Use
# Date:            Thu Nov 28 19:32:45 2024
# [ok]
