#                                                                                   --- full sequence --- -------------- this domain -------------   hmm coord   ali coord   env coord
# target name               accession   tlen query name           accession   qlen   E-value  score  bias   #  of  c-Evalue  i-Evalue  score  bias  from    to  from    to  from    to  acc description of target
#       ------------------- ---------- ----- -------------------- ---------- ----- --------- ------ ----- --- --- --------- --------- ------ ----- ----- ----- ----- ----- ----- ----- ---- ---------------------
scf00000000:449825-451864|- -            680 1371at2085           -            438   6.6e-82  270.5 101.6   1   5   2.9e-30   1.7e-28   94.5   6.0     1   103    21   133    21   136 0.93 scf00000000_327 # 449825 # 451864 # -1 # ID=1_327;partial=00;start_type=ATG;rbs_motif=None;rbs_spacer=None;gc_cont=0.245
scf00000000:449825-451864|- -            680 1371at2085           -            438   6.6e-82  270.5 101.6   2   5   7.8e-27   4.5e-25   83.2  32.6   102   261   158   335   144   348 0.83 scf00000000_327 # 449825 # 451864 # -1 # ID=1_327;partial=00;start_type=ATG;rbs_motif=None;rbs_spacer=None;gc_cont=0.245
scf00000000:449825-451864|- -            680 1371at2085           -            438   6.6e-82  270.5 101.6   3   5      0.37        21   -1.4   5.7   161   228   339   406   333   407 0.82 scf00000000_327 # 449825 # 451864 # -1 # ID=1_327;partial=00;start_type=ATG;rbs_motif=None;rbs_spacer=None;gc_cont=0.245
scf00000000:449825-451864|- -            680 1371at2085           -            438   6.6e-82  270.5 101.6   4   5   2.5e-09   1.4e-07   25.5  19.9   269   372   408   552   406   559 0.78 scf00000000_327 # 449825 # 451864 # -1 # ID=1_327;partial=00;start_type=ATG;rbs_motif=None;rbs_spacer=None;gc_cont=0.245
scf00000000:449825-451864|- -            680 1371at2085           -            438   6.6e-82  270.5 101.6   5   5   8.1e-28   4.6e-26   86.5   8.7   367   438   591   663   567   663 0.86 scf00000000_327 # 449825 # 451864 # -1 # ID=1_327;partial=00;start_type=ATG;rbs_motif=None;rbs_spacer=None;gc_cont=0.245
scf00000000:278680-279396|+ -            239 1371at2085           -            438   4.5e-10   33.8   4.6   1   2     0.012      0.66    3.6   1.5   333   373    43    89     8    95 0.84 scf00000000_198 # 278680 # 279396 # 1 # ID=1_198;partial=00;start_type=ATG;rbs_motif=AGGA;rbs_spacer=5-10bp;gc_cont=0.258
scf00000000:278680-279396|+ -            239 1371at2085           -            438   4.5e-10   33.8   4.6   2   2   7.9e-12   4.5e-10   33.8   4.6   374   435   131   194   110   196 0.81 scf00000000_198 # 278680 # 279396 # 1 # ID=1_198;partial=00;start_type=ATG;rbs_motif=AGGA;rbs_spacer=5-10bp;gc_cont=0.258
scf00000000:328106-329029|+ -            308 1371at2085           -            438   1.1e-08   29.2   1.5   1   3       0.3        17   -1.1   0.7   159   210    24    75     2    84 0.54 scf00000000_219 # 328106 # 329029 # 1 # ID=1_219;partial=00;start_type=GTG;rbs_motif=AGGAGG;rbs_spacer=5-10bp;gc_cont=0.341
scf00000000:328106-329029|+ -            308 1371at2085           -            438   1.1e-08   29.2   1.5   2   3      0.12       6.6    0.3   0.1   333   362   101   136    94   155 0.67 scf00000000_219 # 328106 # 329029 # 1 # ID=1_219;partial=00;start_type=GTG;rbs_motif=AGGAGG;rbs_spacer=5-10bp;gc_cont=0.341
scf00000000:328106-329029|+ -            308 1371at2085           -            438   1.1e-08   29.2   1.5   3   3   1.9e-10   1.1e-08   29.2   1.5   367   436   187   259   138   261 0.83 scf00000000_219 # 328106 # 329029 # 1 # ID=1_219;partial=00;start_type=GTG;rbs_motif=AGGAGG;rbs_spacer=5-10bp;gc_cont=0.341
scf00000000:641416-642081|+ -            222 1371at2085           -            438   3.3e-08   27.7   6.0   1   3    0.0078      0.45    4.1  13.3   307   375    18   100     2   135 0.70 scf00000000_484 # 641416 # 642081 # 1 # ID=1_484;partial=00;start_type=TTG;rbs_motif=None;rbs_spacer=None;gc_cont=0.261
scf00000000:641416-642081|+ -            222 1371at2085           -            438   3.3e-08   27.7   6.0   2   3   5.7e-10   3.3e-08   27.7   6.0   374   427   138   189   121   202 0.80 scf00000000_484 # 641416 # 642081 # 1 # ID=1_484;partial=00;start_type=TTG;rbs_motif=None;rbs_spacer=None;gc_cont=0.261
scf00000000:641416-642081|+ -            222 1371at2085           -            438   3.3e-08   27.7   6.0   3   3      0.36        20   -1.3   0.4   230   257   190   217   184   219 0.66 scf00000000_484 # 641416 # 642081 # 1 # ID=1_484;partial=00;start_type=TTG;rbs_motif=None;rbs_spacer=None;gc_cont=0.261
scf00000000:214006-215544|- -            513 1371at2085           -            438   4.2e-08   27.3  24.3   1   4      0.11       6.1    0.4   0.1   334   344    44    54    41    58 0.91 scf00000000_159 # 214006 # 215544 # -1 # ID=1_159;partial=00;start_type=TTG;rbs_motif=AGGA;rbs_spacer=5-10bp;gc_cont=0.312
scf00000000:214006-215544|- -            513 1371at2085           -            438   4.2e-08   27.3  24.3   2   4     4e-07   2.3e-05   18.3   1.2   379   436   145   204   139   206 0.90 scf00000000_159 # 214006 # 215544 # -1 # ID=1_159;partial=00;start_type=TTG;rbs_motif=AGGA;rbs_spacer=5-10bp;gc_cont=0.312
scf00000000:214006-215544|- -            513 1371at2085           -            438   4.2e-08   27.3  24.3   3   4     0.012      0.71    3.5   7.1   274   322   356   404   325   407 0.85 scf00000000_159 # 214006 # 215544 # -1 # ID=1_159;partial=00;start_type=TTG;rbs_motif=AGGA;rbs_spacer=5-10bp;gc_cont=0.312
scf00000000:214006-215544|- -            513 1371at2085           -            438   4.2e-08   27.3  24.3   4   4   1.8e-06    0.0001   16.1   0.7   370   432   403   467   401   472 0.77 scf00000000_159 # 214006 # 215544 # -1 # ID=1_159;partial=00;start_type=TTG;rbs_motif=AGGA;rbs_spacer=5-10bp;gc_cont=0.312
scf00000000:353205-353975|+ -            257 1371at2085           -            438   5.3e-08   27.0   0.5   1   3       1.5        85   -3.4   9.7   137   206    53   122     1   127 0.57 scf00000000_239 # 353205 # 353975 # 1 # ID=1_239;partial=00;start_type=ATG;rbs_motif=None;rbs_spacer=None;gc_cont=0.268
scf00000000:353205-353975|+ -            257 1371at2085           -            438   5.3e-08   27.0   0.5   2   3   9.3e-10   5.3e-08   27.0   0.5   372   435   147   213   133   216 0.84 scf00000000_239 # 353205 # 353975 # 1 # ID=1_239;partial=00;start_type=ATG;rbs_motif=None;rbs_spacer=None;gc_cont=0.268
scf00000000:353205-353975|+ -            257 1371at2085           -            438   5.3e-08   27.0   0.5   3   3      0.13       7.3    0.1   1.4   236   275   209   248   208   250 0.87 scf00000000_239 # 353205 # 353975 # 1 # ID=1_239;partial=00;start_type=ATG;rbs_motif=None;rbs_spacer=None;gc_cont=0.268
seq00000013:55628-56446|+   -            273 1371at2085           -            438   2.1e-07   25.0   0.1   1   3     0.086       4.9    0.7   5.2   292   367     3    86     1    94 0.64 seq00000013_47 # 55628 # 56446 # 1 # ID=2_47;partial=00;start_type=ATG;rbs_motif=None;rbs_spacer=None;gc_cont=0.289
seq00000013:55628-56446|+   -            273 1371at2085           -            438   2.1e-07   25.0   0.1   2   3      0.48        27   -1.8   0.0   406   425   104   123   103   127 0.86 seq00000013_47 # 55628 # 56446 # 1 # ID=2_47;partial=00;start_type=ATG;rbs_motif=None;rbs_spacer=None;gc_cont=0.289
seq00000013:55628-56446|+   -            273 1371at2085           -            438   2.1e-07   25.0   0.1   3   3   3.7e-09   2.1e-07   25.0   0.1   368   436   127   198   118   200 0.87 seq00000013_47 # 55628 # 56446 # 1 # ID=2_47;partial=00;start_type=ATG;rbs_motif=None;rbs_spacer=None;gc_cont=0.289
scf00000000:168041-169375|+ -            445 1371at2085           -            438   1.2e-06   22.5   6.9   1   3    0.0058      0.33    4.6   0.0   333   358    47    78    26    91 0.86 scf00000000_130 # 168041 # 169375 # 1 # ID=1_130;partial=00;start_type=ATG;rbs_motif=GGA/GAG/AGG;rbs_spacer=11-12bp;gc_cont=0.302
scf00000000:168041-169375|+ -            445 1371at2085           -            438   1.2e-06   22.5   6.9   2   3   6.8e-08   3.9e-06   20.8   0.9   376   436   229   292   187   293 0.83 scf00000000_130 # 168041 # 169375 # 1 # ID=1_130;partial=00;start_type=ATG;rbs_motif=GGA/GAG/AGG;rbs_spacer=11-12bp;gc_cont=0.302
scf00000000:168041-169375|+ -            445 1371at2085           -            438   1.2e-06   22.5   6.9   3   3       1.6        91   -3.5   0.2   163   187   390   414   383   427 0.51 scf00000000_130 # 168041 # 169375 # 1 # ID=1_130;partial=00;start_type=ATG;rbs_motif=GGA/GAG/AGG;rbs_spacer=11-12bp;gc_cont=0.302
scf00000000:582109-583728|+ -            540 1371at2085           -            438   6.9e-06   20.0   5.1   1   3        10   5.7e+02   -6.4  42.6   103   267    14   192     8   202 0.54 scf00000000_443 # 582109 # 583728 # 1 # ID=1_443;partial=00;start_type=ATG;rbs_motif=AGGA;rbs_spacer=5-10bp;gc_cont=0.225
scf00000000:582109-583728|+ -            540 1371at2085           -            438   6.9e-06   20.0   5.1   2   3        10   5.7e+02   -8.7  36.8   169   375   207   425   186   435 0.72 scf00000000_443 # 582109 # 583728 # 1 # ID=1_443;partial=00;start_type=ATG;rbs_motif=AGGA;rbs_spacer=5-10bp;gc_cont=0.225
scf00000000:582109-583728|+ -            540 1371at2085           -            438   6.9e-06   20.0   5.1   3   3   1.2e-07   6.9e-06   20.0   5.1   367   434   455   522   445   526 0.77 scf00000000_443 # 582109 # 583728 # 1 # ID=1_443;partial=00;start_type=ATG;rbs_motif=AGGA;rbs_spacer=5-10bp;gc_cont=0.225
scf00000000:230915-231964|+ -            350 1371at2085           -            438    0.0011   12.8   0.1   1   1   2.8e-05    0.0016   12.2   0.1   358   436   141   222   131   224 0.81 scf00000000_169 # 230915 # 231964 # 1 # ID=1_169;partial=00;start_type=ATG;rbs_motif=AGGAGG;rbs_spacer=5-10bp;gc_cont=0.335
#
# Program:         hmmsearch
# Version:         3.4 (Aug 2023)
# Pipeline mode:   SEARCH
# Query file:      /home/bryan/Documentos/GitHub/Project_doctoral/IMPLEMENTACAO/Genomes/M_flocculare/strains/MF30/Use/busco_downloads/lineages/mycoplasmatales_odb10/hmms/1371at2085.hmm
# Target file:     /home/bryan/Documentos/GitHub/Project_doctoral/IMPLEMENTACAO/Genomes/M_flocculare/strains/MF30/Use/busco_complete/prodigal_output/predicted_genes/predicted.faa
# Option settings: hmmsearch --domtblout /home/bryan/Documentos/GitHub/Project_doctoral/IMPLEMENTACAO/Genomes/M_flocculare/strains/MF30/Use/busco_complete/run_mycoplasmatales_odb10/hmmer_output/1371at2085.out --cpu 1 /home/bryan/Documentos/GitHub/Project_doctoral/IMPLEMENTACAO/Genomes/M_flocculare/strains/MF30/Use/busco_downloads/lineages/mycoplasmatales_odb10/hmms/1371at2085.hmm /home/bryan/Documentos/GitHub/Project_doctoral/IMPLEMENTACAO/Genomes/M_flocculare/strains/MF30/Use/busco_complete/prodigal_output/predicted_genes/predicted.faa 
# Current dir:     /home/bryan/Documentos/GitHub/Project_doctoral/IMPLEMENTACAO/Genomes/M_flocculare/strains/MF30/Use
# Date:            Sun Dec  1 18:42:07 2024
# [ok]
