#                                                                                   --- full sequence --- -------------- this domain -------------   hmm coord   ali coord   env coord
# target name               accession   tlen query name           accession   qlen   E-value  score  bias   #  of  c-Evalue  i-Evalue  score  bias  from    to  from    to  from    to  acc description of target
#       ------------------- ---------- ----- -------------------- ---------- ----- --------- ------ ----- --- --- --------- --------- ------ ----- ----- ----- ----- ----- ----- ----- ---- ---------------------
scf00000000:527553-530498|- -            982 543at2085            -            552  1.3e-178  589.9  40.0   1   4     2e-20   5.6e-18   59.7   4.7     1    79     3    91     3   147 0.74 scf00000000_407 # 527553 # 530498 # -1 # ID=1_407;partial=00;start_type=ATG;rbs_motif=None;rbs_spacer=None;gc_cont=0.284
scf00000000:527553-530498|- -            982 543at2085            -            552  1.3e-178  589.9  40.0   2   4   2.5e-68   7.2e-66  217.8   0.3    86   257   237   405   231   419 0.91 scf00000000_407 # 527553 # 530498 # -1 # ID=1_407;partial=00;start_type=ATG;rbs_motif=None;rbs_spacer=None;gc_cont=0.284
scf00000000:527553-530498|- -            982 543at2085            -            552  1.3e-178  589.9  40.0   3   4   1.8e-99   5.1e-97  320.6  18.8   227   542   437   822   430   834 0.83 scf00000000_407 # 527553 # 530498 # -1 # ID=1_407;partial=00;start_type=ATG;rbs_motif=None;rbs_spacer=None;gc_cont=0.284
scf00000000:527553-530498|- -            982 543at2085            -            552  1.3e-178  589.9  40.0   4   4     0.085        24   -1.8   0.0   104   133   906   934   882   940 0.80 scf00000000_407 # 527553 # 530498 # -1 # ID=1_407;partial=00;start_type=ATG;rbs_motif=None;rbs_spacer=None;gc_cont=0.284
scf00000000:177974-182386|+ -           1471 543at2085            -            552   8.5e-20   65.7  18.2   1   7      0.37   1.1e+02   -3.9   0.3   244   274   122   159    84   166 0.46 scf00000000_140 # 177974 # 182386 # 1 # ID=1_140;partial=00;start_type=ATG;rbs_motif=GGA/GAG/AGG;rbs_spacer=5-10bp;gc_cont=0.298
scf00000000:177974-182386|+ -           1471 543at2085            -            552   8.5e-20   65.7  18.2   2   7   2.9e-11   8.4e-09   29.5   0.0   106   169   854   916   841   923 0.90 scf00000000_140 # 177974 # 182386 # 1 # ID=1_140;partial=00;start_type=ATG;rbs_motif=GGA/GAG/AGG;rbs_spacer=5-10bp;gc_cont=0.298
scf00000000:177974-182386|+ -           1471 543at2085            -            552   8.5e-20   65.7  18.2   3   7   3.3e-05    0.0093    9.5   0.0   171   216   959  1004   954  1027 0.88 scf00000000_140 # 177974 # 182386 # 1 # ID=1_140;partial=00;start_type=ATG;rbs_motif=GGA/GAG/AGG;rbs_spacer=5-10bp;gc_cont=0.298
scf00000000:177974-182386|+ -           1471 543at2085            -            552   8.5e-20   65.7  18.2   4   7    0.0027      0.78    3.2   0.0   233   266  1052  1085  1045  1148 0.60 scf00000000_140 # 177974 # 182386 # 1 # ID=1_140;partial=00;start_type=ATG;rbs_motif=GGA/GAG/AGG;rbs_spacer=5-10bp;gc_cont=0.298
scf00000000:177974-182386|+ -           1471 543at2085            -            552   8.5e-20   65.7  18.2   5   7     0.013       3.8    0.9   0.0   307   341  1168  1202  1157  1236 0.72 scf00000000_140 # 177974 # 182386 # 1 # ID=1_140;partial=00;start_type=ATG;rbs_motif=GGA/GAG/AGG;rbs_spacer=5-10bp;gc_cont=0.298
scf00000000:177974-182386|+ -           1471 543at2085            -            552   8.5e-20   65.7  18.2   6   7   1.1e-10   3.1e-08   27.6   0.4   434   472  1285  1323  1270  1360 0.77 scf00000000_140 # 177974 # 182386 # 1 # ID=1_140;partial=00;start_type=ATG;rbs_motif=GGA/GAG/AGG;rbs_spacer=5-10bp;gc_cont=0.298
scf00000000:177974-182386|+ -           1471 543at2085            -            552   8.5e-20   65.7  18.2   7   7    0.0069         2    1.8   0.2   482   545  1391  1462  1368  1468 0.80 scf00000000_140 # 177974 # 182386 # 1 # ID=1_140;partial=00;start_type=ATG;rbs_motif=GGA/GAG/AGG;rbs_spacer=5-10bp;gc_cont=0.298
#
# Program:         hmmsearch
# Version:         3.4 (Aug 2023)
# Pipeline mode:   SEARCH
# Query file:      /home/bryan/Documentos/GitHub/Project_doctoral/IMPLEMENTACAO/Genomes/M_flocculare/strains/MF30/Use/busco_downloads/lineages/mycoplasmatales_odb10/hmms/543at2085.hmm
# Target file:     /home/bryan/Documentos/GitHub/Project_doctoral/IMPLEMENTACAO/Genomes/M_flocculare/strains/MF30/Use/busco_complete/prodigal_output/predicted_genes/predicted.faa
# Option settings: hmmsearch --domtblout /home/bryan/Documentos/GitHub/Project_doctoral/IMPLEMENTACAO/Genomes/M_flocculare/strains/MF30/Use/busco_complete/run_mycoplasmatales_odb10/hmmer_output/543at2085.out --cpu 1 /home/bryan/Documentos/GitHub/Project_doctoral/IMPLEMENTACAO/Genomes/M_flocculare/strains/MF30/Use/busco_downloads/lineages/mycoplasmatales_odb10/hmms/543at2085.hmm /home/bryan/Documentos/GitHub/Project_doctoral/IMPLEMENTACAO/Genomes/M_flocculare/strains/MF30/Use/busco_complete/prodigal_output/predicted_genes/predicted.faa 
# Current dir:     /home/bryan/Documentos/GitHub/Project_doctoral/IMPLEMENTACAO/Genomes/M_flocculare/strains/MF30/Use
# Date:            Sun Dec  1 18:42:13 2024
# [ok]
