#                                                                                   --- full sequence --- -------------- this domain -------------   hmm coord   ali coord   env coord
# target name               accession   tlen query name           accession   qlen   E-value  score  bias   #  of  c-Evalue  i-Evalue  score  bias  from    to  from    to  from    to  acc description of target
#       ------------------- ---------- ----- -------------------- ---------- ----- --------- ------ ----- --- --- --------- --------- ------ ----- ----- ----- ----- ----- ----- ----- ---- ---------------------
seq00000013:9517-11061|+    -            515 913at2085            -            397  2.7e-133  440.0  32.2   1   2  1.1e-124  1.5e-122  404.5  20.9     2   314     3   375     2   385 0.85 seq00000013_9 # 9517 # 11061 # 1 # ID=2_9;partial=00;start_type=ATG;rbs_motif=GGA/GAG/AGG;rbs_spacer=5-10bp;gc_cont=0.273
seq00000013:9517-11061|+    -            515 913at2085            -            397  2.7e-133  440.0  32.2   2   2   2.9e-13   4.2e-11   37.6   3.4   309   385   404   484   391   500 0.81 seq00000013_9 # 9517 # 11061 # 1 # ID=2_9;partial=00;start_type=ATG;rbs_motif=GGA/GAG/AGG;rbs_spacer=5-10bp;gc_cont=0.273
scf00000000:603938-606310|- -            791 913at2085            -            397   3.7e-20   67.4   1.4   1   2   5.4e-12   7.7e-10   33.4   0.0     1   166    28   205    28   215 0.82 scf00000000_461 # 603938 # 606310 # -1 # ID=1_461;partial=00;start_type=ATG;rbs_motif=None;rbs_spacer=None;gc_cont=0.302
scf00000000:603938-606310|- -            791 913at2085            -            397   3.7e-20   67.4   1.4   2   2   1.2e-11   1.7e-09   32.3   0.7   238   343   547   650   513   693 0.79 scf00000000_461 # 603938 # 606310 # -1 # ID=1_461;partial=00;start_type=ATG;rbs_motif=None;rbs_spacer=None;gc_cont=0.302
scf00000000:40824-43484|-   -            887 913at2085            -            397   7.8e-15   49.9   5.3   1   6   2.6e-12   3.7e-10   34.5   0.2    12   132    61   198    59   226 0.69 scf00000000_36 # 40824 # 43484 # -1 # ID=1_36;partial=00;start_type=ATG;rbs_motif=AGGA;rbs_spacer=5-10bp;gc_cont=0.297
scf00000000:40824-43484|-   -            887 913at2085            -            397   7.8e-15   49.9   5.3   2   6      0.19        26   -1.3   0.2   159   188   433   461   401   464 0.63 scf00000000_36 # 40824 # 43484 # -1 # ID=1_36;partial=00;start_type=ATG;rbs_motif=AGGA;rbs_spacer=5-10bp;gc_cont=0.297
scf00000000:40824-43484|-   -            887 913at2085            -            397   7.8e-15   49.9   5.3   3   6       1.4   2.1e+02   -4.2   0.0   183   205   511   532   508   535 0.77 scf00000000_36 # 40824 # 43484 # -1 # ID=1_36;partial=00;start_type=ATG;rbs_motif=AGGA;rbs_spacer=5-10bp;gc_cont=0.297
scf00000000:40824-43484|-   -            887 913at2085            -            397   7.8e-15   49.9   5.3   4   6     7e-10     1e-07   26.5   0.9   238   308   571   647   563   675 0.76 scf00000000_36 # 40824 # 43484 # -1 # ID=1_36;partial=00;start_type=ATG;rbs_motif=AGGA;rbs_spacer=5-10bp;gc_cont=0.297
scf00000000:40824-43484|-   -            887 913at2085            -            397   7.8e-15   49.9   5.3   5   6      0.27        38   -1.8  10.7   265   386   635   762   626   776 0.65 scf00000000_36 # 40824 # 43484 # -1 # ID=1_36;partial=00;start_type=ATG;rbs_motif=AGGA;rbs_spacer=5-10bp;gc_cont=0.297
scf00000000:40824-43484|-   -            887 913at2085            -            397   7.8e-15   49.9   5.3   6   6       0.1        14   -0.4   0.3   119   155   764   798   755   812 0.71 scf00000000_36 # 40824 # 43484 # -1 # ID=1_36;partial=00;start_type=ATG;rbs_motif=AGGA;rbs_spacer=5-10bp;gc_cont=0.297
scf00000000:7309-9780|+     -            824 913at2085            -            397   1.5e-13   45.6  23.3   1   3   4.4e-10   6.3e-08   27.1   2.2     2   136    32   186    31   218 0.65 scf00000000_6 # 7309 # 9780 # 1 # ID=1_6;partial=00;start_type=ATG;rbs_motif=GGA/GAG/AGG;rbs_spacer=5-10bp;gc_cont=0.287
scf00000000:7309-9780|+     -            824 913at2085            -            397   1.5e-13   45.6  23.3   2   3     0.092        13   -0.3   2.0   281   358   274   369   231   398 0.66 scf00000000_6 # 7309 # 9780 # 1 # ID=1_6;partial=00;start_type=ATG;rbs_motif=GGA/GAG/AGG;rbs_spacer=5-10bp;gc_cont=0.287
scf00000000:7309-9780|+     -            824 913at2085            -            397   1.5e-13   45.6  23.3   3   3   7.9e-11   1.1e-08   29.6   1.5   234   340   491   606   466   623 0.76 scf00000000_6 # 7309 # 9780 # 1 # ID=1_6;partial=00;start_type=ATG;rbs_motif=GGA/GAG/AGG;rbs_spacer=5-10bp;gc_cont=0.287
#
# Program:         hmmsearch
# Version:         3.4 (Aug 2023)
# Pipeline mode:   SEARCH
# Query file:      /home/bryan/Documentos/GitHub/Project_doctoral/IMPLEMENTACAO/Genomes/M_flocculare/strains/MF30/Use/busco_downloads/lineages/mycoplasmatales_odb10/hmms/913at2085.hmm
# Target file:     /home/bryan/Documentos/GitHub/Project_doctoral/IMPLEMENTACAO/Genomes/M_flocculare/strains/MF30/Use/busco_complete/prodigal_output/predicted_genes/predicted.faa
# Option settings: hmmsearch --domtblout /home/bryan/Documentos/GitHub/Project_doctoral/IMPLEMENTACAO/Genomes/M_flocculare/strains/MF30/Use/busco_complete/run_mycoplasmatales_odb10/hmmer_output/913at2085.out --cpu 1 /home/bryan/Documentos/GitHub/Project_doctoral/IMPLEMENTACAO/Genomes/M_flocculare/strains/MF30/Use/busco_downloads/lineages/mycoplasmatales_odb10/hmms/913at2085.hmm /home/bryan/Documentos/GitHub/Project_doctoral/IMPLEMENTACAO/Genomes/M_flocculare/strains/MF30/Use/busco_complete/prodigal_output/predicted_genes/predicted.faa 
# Current dir:     /home/bryan/Documentos/GitHub/Project_doctoral/IMPLEMENTACAO/Genomes/M_flocculare/strains/MF30/Use
# Date:            Sun Dec  1 18:42:14 2024
# [ok]
