#                                                                                   --- full sequence --- -------------- this domain -------------   hmm coord   ali coord   env coord
# target name               accession   tlen query name           accession   qlen   E-value  score  bias   #  of  c-Evalue  i-Evalue  score  bias  from    to  from    to  from    to  acc description of target
#       ------------------- ---------- ----- -------------------- ---------- ----- --------- ------ ----- --- --- --------- --------- ------ ----- ----- ----- ----- ----- ----- ----- ---- ---------------------
scf00000000:55112-57772|-   -            887 157at2085            -            637  1.2e-233  772.3  37.8   1   4   1.1e-91     2e-89  295.9   1.3     1   221    19   274    19   287 0.85 scf00000000_45 # 55112 # 57772 # -1 # ID=1_45;partial=00;start_type=ATG;rbs_motif=AGGA;rbs_spacer=5-10bp;gc_cont=0.306
scf00000000:55112-57772|-   -            887 157at2085            -            637  1.2e-233  772.3  37.8   2   4    5e-132  8.5e-130  429.2   7.9   224   543   303   675   293   677 0.88 scf00000000_45 # 55112 # 57772 # -1 # ID=1_45;partial=00;start_type=ATG;rbs_motif=AGGA;rbs_spacer=5-10bp;gc_cont=0.306
scf00000000:55112-57772|-   -            887 157at2085            -            637  1.2e-233  772.3  37.8   3   4   4.2e-20   7.2e-18   59.4  10.4   510   602   669   772   665   809 0.81 scf00000000_45 # 55112 # 57772 # -1 # ID=1_45;partial=00;start_type=ATG;rbs_motif=AGGA;rbs_spacer=5-10bp;gc_cont=0.306
scf00000000:55112-57772|-   -            887 157at2085            -            637  1.2e-233  772.3  37.8   4   4      0.02       3.4    1.0   0.2   611   637   837   863   824   863 0.76 scf00000000_45 # 55112 # 57772 # -1 # ID=1_45;partial=00;start_type=ATG;rbs_motif=AGGA;rbs_spacer=5-10bp;gc_cont=0.306
scf00000000:6157-8625|+     -            823 157at2085            -            637   8.6e-45  148.4  33.1   1   2     1e-44   1.8e-42  140.7  24.3     8   528    17   583    10   596 0.75 scf00000000_6 # 6157 # 8625 # 1 # ID=1_6;partial=00;start_type=ATG;rbs_motif=AGGA;rbs_spacer=5-10bp;gc_cont=0.299
scf00000000:6157-8625|+     -            823 157at2085            -            637   8.6e-45  148.4  33.1   2   2   0.00017     0.029    7.9   2.7   513   589   593   667   588   715 0.73 scf00000000_6 # 6157 # 8625 # 1 # ID=1_6;partial=00;start_type=ATG;rbs_motif=AGGA;rbs_spacer=5-10bp;gc_cont=0.299
scf00000000:835345-837717|- -            791 157at2085            -            637   3.5e-38  126.5   9.6   1   4     5e-15   8.5e-13   42.7   0.0    11   162    17   172    10   179 0.74 scf00000000_654 # 835345 # 837717 # -1 # ID=1_654;partial=00;start_type=ATG;rbs_motif=GGA/GAG/AGG;rbs_spacer=5-10bp;gc_cont=0.306
scf00000000:835345-837717|- -            791 157at2085            -            637   3.5e-38  126.5   9.6   2   4      0.17        29   -2.0   0.0   297   321   180   204   175   231 0.88 scf00000000_654 # 835345 # 837717 # -1 # ID=1_654;partial=00;start_type=ATG;rbs_motif=GGA/GAG/AGG;rbs_spacer=5-10bp;gc_cont=0.306
scf00000000:835345-837717|- -            791 157at2085            -            637   3.5e-38  126.5   9.6   3   4   9.3e-10   1.6e-07   25.3   0.2   320   413   384   482   377   508 0.67 scf00000000_654 # 835345 # 837717 # -1 # ID=1_654;partial=00;start_type=ATG;rbs_motif=GGA/GAG/AGG;rbs_spacer=5-10bp;gc_cont=0.306
scf00000000:835345-837717|- -            791 157at2085            -            637   3.5e-38  126.5   9.6   4   4   7.7e-21   1.3e-18   61.9   1.3   435   607   540   722   496   736 0.75 scf00000000_654 # 835345 # 837717 # -1 # ID=1_654;partial=00;start_type=ATG;rbs_motif=GGA/GAG/AGG;rbs_spacer=5-10bp;gc_cont=0.306
scf00000000:504941-506482|+ -            514 157at2085            -            637     3e-16   54.1   3.6   1   4     8e-12   1.4e-09   32.1   1.5    33   162    13   143     2   148 0.73 scf00000000_424 # 504941 # 506482 # 1 # ID=1_424;partial=00;start_type=ATG;rbs_motif=GGA/GAG/AGG;rbs_spacer=5-10bp;gc_cont=0.271
scf00000000:504941-506482|+ -            514 157at2085            -            637     3e-16   54.1   3.6   2   4     0.058        10   -0.5   0.2   388   439   217   267   177   274 0.72 scf00000000_424 # 504941 # 506482 # 1 # ID=1_424;partial=00;start_type=ATG;rbs_motif=GGA/GAG/AGG;rbs_spacer=5-10bp;gc_cont=0.271
scf00000000:504941-506482|+ -            514 157at2085            -            637     3e-16   54.1   3.6   3   4     3e-11   5.1e-09   30.2   0.0   445   516   294   365   284   386 0.82 scf00000000_424 # 504941 # 506482 # 1 # ID=1_424;partial=00;start_type=ATG;rbs_motif=GGA/GAG/AGG;rbs_spacer=5-10bp;gc_cont=0.271
scf00000000:504941-506482|+ -            514 157at2085            -            637     3e-16   54.1   3.6   4   4      0.19        33   -2.2   1.4   518   589   401   480   392   503 0.48 scf00000000_424 # 504941 # 506482 # 1 # ID=1_424;partial=00;start_type=ATG;rbs_motif=GGA/GAG/AGG;rbs_spacer=5-10bp;gc_cont=0.271
#
# Program:         hmmsearch
# Version:         3.4 (Aug 2023)
# Pipeline mode:   SEARCH
# Query file:      /home/bryan/Documentos/GitHub/Project_doctoral/IMPLEMENTACAO/Genomes/M_hyopneumoniae/strains/MHP709/Use/busco_downloads/lineages/mycoplasmatales_odb10/hmms/157at2085.hmm
# Target file:     /home/bryan/Documentos/GitHub/Project_doctoral/IMPLEMENTACAO/Genomes/M_hyopneumoniae/strains/MHP709/Use/busco_complete/prodigal_output/predicted_genes/predicted.faa
# Option settings: hmmsearch --domtblout /home/bryan/Documentos/GitHub/Project_doctoral/IMPLEMENTACAO/Genomes/M_hyopneumoniae/strains/MHP709/Use/busco_complete/run_mycoplasmatales_odb10/hmmer_output/157at2085.out --cpu 1 /home/bryan/Documentos/GitHub/Project_doctoral/IMPLEMENTACAO/Genomes/M_hyopneumoniae/strains/MHP709/Use/busco_downloads/lineages/mycoplasmatales_odb10/hmms/157at2085.hmm /home/bryan/Documentos/GitHub/Project_doctoral/IMPLEMENTACAO/Genomes/M_hyopneumoniae/strains/MHP709/Use/busco_complete/prodigal_output/predicted_genes/predicted.faa 
# Current dir:     /home/bryan/Documentos/GitHub/Project_doctoral/IMPLEMENTACAO/Genomes/M_hyopneumoniae/strains/MHP709/Use
# Date:            Sun Dec  1 19:21:03 2024
# [ok]
