#                                                                                   --- full sequence --- -------------- this domain -------------   hmm coord   ali coord   env coord
# target name               accession   tlen query name           accession   qlen   E-value  score  bias   #  of  c-Evalue  i-Evalue  score  bias  from    to  from    to  from    to  acc description of target
#       ------------------- ---------- ----- -------------------- ---------- ----- --------- ------ ----- --- --- --------- --------- ------ ----- ----- ----- ----- ----- ----- ----- ---- ---------------------
scf00000000:605967-606887|- -            307 2666at2085           -            250   9.7e-92  301.9   0.2   1   1   4.5e-93   5.1e-91  299.6   0.2     1   248     5   285     5   288 0.89 scf00000000_489 # 605967 # 606887 # -1 # ID=1_489;partial=00;start_type=ATG;rbs_motif=None;rbs_spacer=None;gc_cont=0.334
scf00000000:535837-536733|- -            299 2666at2085           -            250   2.6e-29   97.4   0.9   1   3   2.8e-13   3.2e-11   38.2   0.0     6    77    22    95    20   121 0.82 scf00000000_449 # 535837 # 536733 # -1 # ID=1_449;partial=00;start_type=ATG;rbs_motif=3Base/5BMM;rbs_spacer=13-15bp;gc_cont=0.311
scf00000000:535837-536733|- -            299 2666at2085           -            250   2.6e-29   97.4   0.9   2   3      0.26        29   -1.0   0.1   139   188   118   164    94   174 0.48 scf00000000_449 # 535837 # 536733 # -1 # ID=1_449;partial=00;start_type=ATG;rbs_motif=3Base/5BMM;rbs_spacer=13-15bp;gc_cont=0.311
scf00000000:535837-536733|- -            299 2666at2085           -            250   2.6e-29   97.4   0.9   3   3   5.2e-19   5.9e-17   57.0   0.4   133   241   183   296   164   298 0.83 scf00000000_449 # 535837 # 536733 # -1 # ID=1_449;partial=00;start_type=ATG;rbs_motif=3Base/5BMM;rbs_spacer=13-15bp;gc_cont=0.311
scf00000000:618324-619127|+ -            268 2666at2085           -            250   2.4e-24   81.2   9.0   1   1   6.6e-25   7.5e-23   76.3   9.0     2   245     2   264     1   266 0.71 scf00000000_498 # 618324 # 619127 # 1 # ID=1_498;partial=00;start_type=ATG;rbs_motif=None;rbs_spacer=None;gc_cont=0.294
scf00000000:248136-248966|+ -            277 2666at2085           -            250   1.6e-21   72.0   4.4   1   1   8.6e-23   9.8e-21   69.3   4.4     3   246     2   272     1   274 0.73 scf00000000_221 # 248136 # 248966 # 1 # ID=1_221;partial=00;start_type=ATG;rbs_motif=AGGA;rbs_spacer=5-10bp;gc_cont=0.312
scf00000000:428193-429533|- -            447 2666at2085           -            250   5.7e-18   60.3   8.2   1   2     5e-20   5.7e-18   60.3   8.2     6   246     6   266     3   269 0.75 scf00000000_359 # 428193 # 429533 # -1 # ID=1_359;partial=00;start_type=ATG;rbs_motif=GGA/GAG/AGG;rbs_spacer=5-10bp;gc_cont=0.249
scf00000000:428193-429533|- -            447 2666at2085           -            250   5.7e-18   60.3   8.2   2   2     0.054       6.2    1.2   1.1   104   152   363   414   326   444 0.72 scf00000000_359 # 428193 # 429533 # -1 # ID=1_359;partial=00;start_type=ATG;rbs_motif=GGA/GAG/AGG;rbs_spacer=5-10bp;gc_cont=0.249
scf00000000:340790-341599|+ -            270 2666at2085           -            250   2.3e-17   58.3   3.6   1   2   1.6e-05    0.0018   12.8   0.1     4    79     5    80     2    94 0.80 scf00000000_288 # 340790 # 341599 # 1 # ID=1_288;partial=00;start_type=ATG;rbs_motif=None;rbs_spacer=None;gc_cont=0.299
scf00000000:340790-341599|+ -            270 2666at2085           -            250   2.3e-17   58.3   3.6   2   2     8e-16   9.1e-14   46.5   0.7   107   223   132   242   104   263 0.81 scf00000000_288 # 340790 # 341599 # 1 # ID=1_288;partial=00;start_type=ATG;rbs_motif=None;rbs_spacer=None;gc_cont=0.299
#
# Program:         hmmsearch
# Version:         3.4 (Aug 2023)
# Pipeline mode:   SEARCH
# Query file:      /home/bryan/Documentos/GitHub/Project_doctoral/IMPLEMENTACAO/Genomes/M_hyopneumoniae/strains/MHP709/Use/busco_downloads/lineages/mycoplasmatales_odb10/hmms/2666at2085.hmm
# Target file:     /home/bryan/Documentos/GitHub/Project_doctoral/IMPLEMENTACAO/Genomes/M_hyopneumoniae/strains/MHP709/Use/busco_complete/prodigal_output/predicted_genes/predicted.faa
# Option settings: hmmsearch --domtblout /home/bryan/Documentos/GitHub/Project_doctoral/IMPLEMENTACAO/Genomes/M_hyopneumoniae/strains/MHP709/Use/busco_complete/run_mycoplasmatales_odb10/hmmer_output/2666at2085.out --cpu 1 /home/bryan/Documentos/GitHub/Project_doctoral/IMPLEMENTACAO/Genomes/M_hyopneumoniae/strains/MHP709/Use/busco_downloads/lineages/mycoplasmatales_odb10/hmms/2666at2085.hmm /home/bryan/Documentos/GitHub/Project_doctoral/IMPLEMENTACAO/Genomes/M_hyopneumoniae/strains/MHP709/Use/busco_complete/prodigal_output/predicted_genes/predicted.faa 
# Current dir:     /home/bryan/Documentos/GitHub/Project_doctoral/IMPLEMENTACAO/Genomes/M_hyopneumoniae/strains/MHP709/Use
# Date:            Sun Dec  1 19:21:06 2024
# [ok]
