#                                                                                   --- full sequence --- -------------- this domain -------------   hmm coord   ali coord   env coord
# target name               accession   tlen query name           accession   qlen   E-value  score  bias   #  of  c-Evalue  i-Evalue  score  bias  from    to  from    to  from    to  acc description of target
#       ------------------- ---------- ----- -------------------- ---------- ----- --------- ------ ----- --- --- --------- --------- ------ ----- ----- ----- ----- ----- ----- ----- ---- ---------------------
scf00000000:569842-570438|- -            199 4324at2085           -            135   2.9e-41  136.0   3.2   1   1   7.5e-43   5.7e-41  135.0   3.2     2   134    24   190    23   191 0.79 scf00000000_461 # 569842 # 570438 # -1 # ID=1_461;partial=00;start_type=ATG;rbs_motif=None;rbs_spacer=None;gc_cont=0.295
scf00000000:108845-110146|+ -            434 4324at2085           -            135   1.6e-15   52.7   8.4   1   3   5.2e-10     4e-08   28.7   0.2    10    46     3    39     1   131 0.71 scf00000000_87 # 108845 # 110146 # 1 # ID=1_87;partial=00;start_type=ATG;rbs_motif=3Base/5BMM;rbs_spacer=13-15bp;gc_cont=0.291
scf00000000:108845-110146|+ -            434 4324at2085           -            135   1.6e-15   52.7   8.4   2   3   2.2e-09   1.7e-07   26.7   0.1    11   116   172   298   162   313 0.59 scf00000000_87 # 108845 # 110146 # 1 # ID=1_87;partial=00;start_type=ATG;rbs_motif=3Base/5BMM;rbs_spacer=13-15bp;gc_cont=0.291
scf00000000:108845-110146|+ -            434 4324at2085           -            135   1.6e-15   52.7   8.4   3   3      0.52        40   -0.5   0.4    25    82   353   412   334   421 0.72 scf00000000_87 # 108845 # 110146 # 1 # ID=1_87;partial=00;start_type=ATG;rbs_motif=3Base/5BMM;rbs_spacer=13-15bp;gc_cont=0.291
scf00000000:248955-250283|- -            443 4324at2085           -            135   5.1e-08   28.3   4.2   1   2       4.7   3.5e+02   -3.5   0.0    27    49    93   115    88   124 0.63 scf00000000_222 # 248955 # 250283 # -1 # ID=1_222;partial=00;start_type=TTG;rbs_motif=AGGAG;rbs_spacer=5-10bp;gc_cont=0.314
scf00000000:248955-250283|- -            443 4324at2085           -            135   5.1e-08   28.3   4.2   2   2   1.4e-09     1e-07   27.3   2.3    12   129   219   350   215   357 0.68 scf00000000_222 # 248955 # 250283 # -1 # ID=1_222;partial=00;start_type=TTG;rbs_motif=AGGAG;rbs_spacer=5-10bp;gc_cont=0.314
scf00000000:128725-129516|+ -            264 4324at2085           -            135   8.4e-08   27.6  10.6   1   3     0.027       2.1    3.7   1.2   100   124    42    66    12    73 0.72 scf00000000_104 # 128725 # 129516 # 1 # ID=1_104;partial=00;start_type=ATG;rbs_motif=None;rbs_spacer=None;gc_cont=0.269
scf00000000:128725-129516|+ -            264 4324at2085           -            135   8.4e-08   27.6  10.6   2   3      0.29        22    0.4   0.7    68   119    57   104    52   108 0.57 scf00000000_104 # 128725 # 129516 # 1 # ID=1_104;partial=00;start_type=ATG;rbs_motif=None;rbs_spacer=None;gc_cont=0.269
scf00000000:128725-129516|+ -            264 4324at2085           -            135   8.4e-08   27.6  10.6   3   3   1.5e-09   1.1e-07   27.2   1.1    10    87   111   192   102   246 0.76 scf00000000_104 # 128725 # 129516 # 1 # ID=1_104;partial=00;start_type=ATG;rbs_motif=None;rbs_spacer=None;gc_cont=0.269
scf00000000:185309-186190|+ -            294 4324at2085           -            135   1.2e-06   23.9   3.4   1   1   4.1e-08   3.1e-06   22.6   3.4    12   115     9   129     3   141 0.63 scf00000000_165 # 185309 # 186190 # 1 # ID=1_165;partial=00;start_type=ATG;rbs_motif=None;rbs_spacer=None;gc_cont=0.294
scf00000000:188512-189369|+ -            286 4324at2085           -            135     8e-06   21.2   2.5   1   2       0.6        46   -0.7   0.2    96   117    99   120    87   142 0.60 scf00000000_169 # 188512 # 189369 # 1 # ID=1_169;partial=00;start_type=ATG;rbs_motif=3Base/5BMM;rbs_spacer=13-15bp;gc_cont=0.277
scf00000000:188512-189369|+ -            286 4324at2085           -            135     8e-06   21.2   2.5   2   2   1.2e-07   9.5e-06   21.0   0.2    13    77   156   232   150   241 0.73 scf00000000_169 # 188512 # 189369 # 1 # ID=1_169;partial=00;start_type=ATG;rbs_motif=3Base/5BMM;rbs_spacer=13-15bp;gc_cont=0.277
scf00000000:744113-745912|- -            600 4324at2085           -            135   0.00036   15.9   0.1   1   3       1.3        99   -1.7   0.1    77   115    30    68    16    78 0.77 scf00000000_591 # 744113 # 745912 # -1 # ID=1_591;partial=00;start_type=ATG;rbs_motif=GGAG/GAGG;rbs_spacer=5-10bp;gc_cont=0.354
scf00000000:744113-745912|- -            600 4324at2085           -            135   0.00036   15.9   0.1   2   3   4.7e-06   0.00036   15.9   0.1    12   123   116   236   112   245 0.79 scf00000000_591 # 744113 # 745912 # -1 # ID=1_591;partial=00;start_type=ATG;rbs_motif=GGAG/GAGG;rbs_spacer=5-10bp;gc_cont=0.354
scf00000000:744113-745912|- -            600 4324at2085           -            135   0.00036   15.9   0.1   3   3       2.5   1.9e+02   -2.7   0.1    90   116   468   494   448   500 0.74 scf00000000_591 # 744113 # 745912 # -1 # ID=1_591;partial=00;start_type=ATG;rbs_motif=GGAG/GAGG;rbs_spacer=5-10bp;gc_cont=0.354
scf00000000:71416-72675|+   -            420 4324at2085           -            135   0.00038   15.8   2.8   1   2   6.7e-06   0.00051   15.4   0.2    10   121   157   273   152   282 0.79 scf00000000_55 # 71416 # 72675 # 1 # ID=1_55;partial=00;start_type=ATG;rbs_motif=AGGA;rbs_spacer=5-10bp;gc_cont=0.308
scf00000000:71416-72675|+   -            420 4324at2085           -            135   0.00038   15.8   2.8   2   2       0.4        31   -0.1   0.2    32   103   299   370   292   386 0.78 scf00000000_55 # 71416 # 72675 # 1 # ID=1_55;partial=00;start_type=ATG;rbs_motif=AGGA;rbs_spacer=5-10bp;gc_cont=0.308
scf00000000:132899-135742|- -            948 4324at2085           -            135    0.0041   12.4   1.9   1   2     0.085       6.4    2.1   0.0    10    29    32    52    24    59 0.80 scf00000000_108 # 132899 # 135742 # -1 # ID=1_108;partial=00;start_type=ATG;rbs_motif=None;rbs_spacer=None;gc_cont=0.328
scf00000000:132899-135742|- -            948 4324at2085           -            135    0.0041   12.4   1.9   2   2    0.0016      0.12    7.7   0.4    12    36   641   665   637   676 0.89 scf00000000_108 # 132899 # 135742 # -1 # ID=1_108;partial=00;start_type=ATG;rbs_motif=None;rbs_spacer=None;gc_cont=0.328
#
# Program:         hmmsearch
# Version:         3.4 (Aug 2023)
# Pipeline mode:   SEARCH
# Query file:      /home/bryan/Documentos/GitHub/Project_doctoral/IMPLEMENTACAO/Genomes/M_hyopneumoniae/strains/MHP709/Use/busco_downloads/lineages/mycoplasmatales_odb10/hmms/4324at2085.hmm
# Target file:     /home/bryan/Documentos/GitHub/Project_doctoral/IMPLEMENTACAO/Genomes/M_hyopneumoniae/strains/MHP709/Use/busco_complete/prodigal_output/predicted_genes/predicted.faa
# Option settings: hmmsearch --domtblout /home/bryan/Documentos/GitHub/Project_doctoral/IMPLEMENTACAO/Genomes/M_hyopneumoniae/strains/MHP709/Use/busco_complete/run_mycoplasmatales_odb10/hmmer_output/4324at2085.out --cpu 1 /home/bryan/Documentos/GitHub/Project_doctoral/IMPLEMENTACAO/Genomes/M_hyopneumoniae/strains/MHP709/Use/busco_downloads/lineages/mycoplasmatales_odb10/hmms/4324at2085.hmm /home/bryan/Documentos/GitHub/Project_doctoral/IMPLEMENTACAO/Genomes/M_hyopneumoniae/strains/MHP709/Use/busco_complete/prodigal_output/predicted_genes/predicted.faa 
# Current dir:     /home/bryan/Documentos/GitHub/Project_doctoral/IMPLEMENTACAO/Genomes/M_hyopneumoniae/strains/MHP709/Use
# Date:            Sun Dec  1 19:21:07 2024
# [ok]
