#                                                                                   --- full sequence --- -------------- this domain -------------   hmm coord   ali coord   env coord
# target name               accession   tlen query name           accession   qlen   E-value  score  bias   #  of  c-Evalue  i-Evalue  score  bias  from    to  from    to  from    to  acc description of target
#       ------------------- ---------- ----- -------------------- ---------- ----- --------- ------ ----- --- --- --------- --------- ------ ----- ----- ----- ----- ----- ----- ----- ---- ---------------------
scf00000000:835345-837717|- -            791 462at2085            -            610  9.7e-223  736.4  36.3   1   4  3.3e-121  5.6e-119  393.6   5.5     2   270     3   280     2   298 0.91 scf00000000_654 # 835345 # 837717 # -1 # ID=1_654;partial=00;start_type=ATG;rbs_motif=GGA/GAG/AGG;rbs_spacer=5-10bp;gc_cont=0.306
scf00000000:835345-837717|- -            791 462at2085            -            610  9.7e-223  736.4  36.3   2   4    0.0071       1.2    2.8   0.0   257   312   303   364   292   372 0.74 scf00000000_654 # 835345 # 837717 # -1 # ID=1_654;partial=00;start_type=ATG;rbs_motif=GGA/GAG/AGG;rbs_spacer=5-10bp;gc_cont=0.306
scf00000000:835345-837717|- -            791 462at2085            -            610  9.7e-223  736.4  36.3   3   4   1.2e-97   2.1e-95  315.8   2.0   292   516   381   619   362   625 0.88 scf00000000_654 # 835345 # 837717 # -1 # ID=1_654;partial=00;start_type=ATG;rbs_motif=GGA/GAG/AGG;rbs_spacer=5-10bp;gc_cont=0.306
scf00000000:835345-837717|- -            791 462at2085            -            610  9.7e-223  736.4  36.3   4   4   2.6e-12   4.4e-10   34.0  11.6   511   610   649   788   632   788 0.75 scf00000000_654 # 835345 # 837717 # -1 # ID=1_654;partial=00;start_type=ATG;rbs_motif=GGA/GAG/AGG;rbs_spacer=5-10bp;gc_cont=0.306
scf00000000:6157-8625|+     -            823 462at2085            -            610   2.2e-37  124.1  39.5   1   5   2.6e-21   4.4e-19   63.7   5.7     1   178     5   194     5   204 0.79 scf00000000_6 # 6157 # 8625 # 1 # ID=1_6;partial=00;start_type=ATG;rbs_motif=AGGA;rbs_spacer=5-10bp;gc_cont=0.299
scf00000000:6157-8625|+     -            823 462at2085            -            610   2.2e-37  124.1  39.5   2   5      0.11        19   -1.1   0.1   226   279   205   261   191   302 0.68 scf00000000_6 # 6157 # 8625 # 1 # ID=1_6;partial=00;start_type=ATG;rbs_motif=AGGA;rbs_spacer=5-10bp;gc_cont=0.299
scf00000000:6157-8625|+     -            823 462at2085            -            610   2.2e-37  124.1  39.5   3   5   3.5e-05     0.006   10.4   0.2   136   215   310   391   307   394 0.78 scf00000000_6 # 6157 # 8625 # 1 # ID=1_6;partial=00;start_type=ATG;rbs_motif=AGGA;rbs_spacer=5-10bp;gc_cont=0.299
scf00000000:6157-8625|+     -            823 462at2085            -            610   2.2e-37  124.1  39.5   4   5   2.1e-19   3.6e-17   57.4  10.3   305   518   387   569   374   621 0.82 scf00000000_6 # 6157 # 8625 # 1 # ID=1_6;partial=00;start_type=ATG;rbs_motif=AGGA;rbs_spacer=5-10bp;gc_cont=0.299
scf00000000:6157-8625|+     -            823 462at2085            -            610   2.2e-37  124.1  39.5   5   5    0.0088       1.5    2.5   2.5   529   606   644   720   623   725 0.78 scf00000000_6 # 6157 # 8625 # 1 # ID=1_6;partial=00;start_type=ATG;rbs_motif=AGGA;rbs_spacer=5-10bp;gc_cont=0.299
scf00000000:55112-57772|-   -            887 462at2085            -            610   1.7e-34  114.6  28.5   1   4   2.3e-23   3.9e-21   70.5   0.4     5   166    25   199    21   206 0.85 scf00000000_45 # 55112 # 57772 # -1 # ID=1_45;partial=00;start_type=ATG;rbs_motif=AGGA;rbs_spacer=5-10bp;gc_cont=0.306
scf00000000:55112-57772|-   -            887 462at2085            -            610   1.7e-34  114.6  28.5   2   4     0.032       5.5    0.6   0.1   140   204   218   278   212   289 0.82 scf00000000_45 # 55112 # 57772 # -1 # ID=1_45;partial=00;start_type=ATG;rbs_motif=AGGA;rbs_spacer=5-10bp;gc_cont=0.306
scf00000000:55112-57772|-   -            887 462at2085            -            610   1.7e-34  114.6  28.5   3   4   1.1e-17     2e-15   51.7   4.7   227   488   369   615   357   652 0.73 scf00000000_45 # 55112 # 57772 # -1 # ID=1_45;partial=00;start_type=ATG;rbs_motif=AGGA;rbs_spacer=5-10bp;gc_cont=0.306
scf00000000:55112-57772|-   -            887 462at2085            -            610   1.7e-34  114.6  28.5   4   4      0.14        23   -1.4   5.4   523   570   728   774   670   816 0.59 scf00000000_45 # 55112 # 57772 # -1 # ID=1_45;partial=00;start_type=ATG;rbs_motif=AGGA;rbs_spacer=5-10bp;gc_cont=0.306
scf00000000:504941-506482|+ -            514 462at2085            -            610   2.8e-24   80.9  16.6   1   3   1.6e-19   2.7e-17   57.8   5.5    25   198     2   178     1   214 0.86 scf00000000_424 # 504941 # 506482 # 1 # ID=1_424;partial=00;start_type=ATG;rbs_motif=GGA/GAG/AGG;rbs_spacer=5-10bp;gc_cont=0.271
scf00000000:504941-506482|+ -            514 462at2085            -            610   2.8e-24   80.9  16.6   2   3   2.7e-11   4.7e-09   30.6   0.9   356   507   212   353   184   385 0.77 scf00000000_424 # 504941 # 506482 # 1 # ID=1_424;partial=00;start_type=ATG;rbs_motif=GGA/GAG/AGG;rbs_spacer=5-10bp;gc_cont=0.271
scf00000000:504941-506482|+ -            514 462at2085            -            610   2.8e-24   80.9  16.6   3   3      0.17        29   -1.7   0.1   530   563   458   491   400   503 0.72 scf00000000_424 # 504941 # 506482 # 1 # ID=1_424;partial=00;start_type=ATG;rbs_motif=GGA/GAG/AGG;rbs_spacer=5-10bp;gc_cont=0.271
#
# Program:         hmmsearch
# Version:         3.4 (Aug 2023)
# Pipeline mode:   SEARCH
# Query file:      /home/bryan/Documentos/GitHub/Project_doctoral/IMPLEMENTACAO/Genomes/M_hyopneumoniae/strains/MHP709/Use/busco_downloads/lineages/mycoplasmatales_odb10/hmms/462at2085.hmm
# Target file:     /home/bryan/Documentos/GitHub/Project_doctoral/IMPLEMENTACAO/Genomes/M_hyopneumoniae/strains/MHP709/Use/busco_complete/prodigal_output/predicted_genes/predicted.faa
# Option settings: hmmsearch --domtblout /home/bryan/Documentos/GitHub/Project_doctoral/IMPLEMENTACAO/Genomes/M_hyopneumoniae/strains/MHP709/Use/busco_complete/run_mycoplasmatales_odb10/hmmer_output/462at2085.out --cpu 1 /home/bryan/Documentos/GitHub/Project_doctoral/IMPLEMENTACAO/Genomes/M_hyopneumoniae/strains/MHP709/Use/busco_downloads/lineages/mycoplasmatales_odb10/hmms/462at2085.hmm /home/bryan/Documentos/GitHub/Project_doctoral/IMPLEMENTACAO/Genomes/M_hyopneumoniae/strains/MHP709/Use/busco_complete/prodigal_output/predicted_genes/predicted.faa 
# Current dir:     /home/bryan/Documentos/GitHub/Project_doctoral/IMPLEMENTACAO/Genomes/M_hyopneumoniae/strains/MHP709/Use
# Date:            Sun Dec  1 19:21:08 2024
# [ok]
