-------------------------------------
PRODIGAL v2.6.3 [February, 2016]         
Univ of Tenn / Oak Ridge National Lab
Doug Hyatt, Loren Hauser, et al.     
-------------------------------------
Request:  Single Genome, Phase:  Training
Reading in the sequence(s) to train...754399 bp seq created, 28.88 pct GC
Locating all potential starts and stops...24535 nodes
Looking for GC bias in different frames...frame bias scores: 2.37 0.34 0.29
Building initial set of genes to train from...done!
Creating coding model and scoring nodes...done!
Examining upstream regions and training starts...done!
-------------------------------------
Request:  Single Genome, Phase:  Gene Finding
Finding genes in sequence #1 (672917 bp)...done!
Finding genes in sequence #2 (66716 bp)...done!
Finding genes in sequence #3 (13091 bp)...done!
Finding genes in sequence #4 (314 bp)...done!
Finding genes in sequence #5 (279 bp)...done!
Finding genes in sequence #6 (274 bp)...done!
Finding genes in sequence #7 (239 bp)...done!
Finding genes in sequence #8 (231 bp)...done!
Finding genes in sequence #9 (230 bp)...done!
