#                                                                                 --- full sequence --- -------------- this domain -------------   hmm coord   ali coord   env coord
# target name             accession   tlen query name           accession   qlen   E-value  score  bias   #  of  c-Evalue  i-Evalue  score  bias  from    to  from    to  from    to  acc description of target
#     ------------------- ---------- ----- -------------------- ---------- ----- --------- ------ ----- --- --- --------- --------- ------ ----- ----- ----- ----- ----- ----- ----- ---- ---------------------
seq00000113:1524-4367|-   -            948 111at2085            -            770         0 1169.6  25.7   1   3   2.4e-85   1.1e-83  277.1   1.3     1   184    11   218    11   234 0.89 seq00000113_3 # 1524 # 4367 # -1 # ID=40_3;partial=00;start_type=ATG;rbs_motif=None;rbs_spacer=None;gc_cont=0.328
seq00000113:1524-4367|-   -            948 111at2085            -            770         0 1169.6  25.7   2   3   2.9e-37   1.4e-35  118.0   0.4   185   344   254   454   247   458 0.82 seq00000113_3 # 1524 # 4367 # -1 # ID=40_3;partial=00;start_type=ATG;rbs_motif=None;rbs_spacer=None;gc_cont=0.328
seq00000113:1524-4367|-   -            948 111at2085            -            770         0 1169.6  25.7   3   3  3.4e-235  1.6e-233  772.6  11.0   321   770   458   944   451   944 0.95 seq00000113_3 # 1524 # 4367 # -1 # ID=40_3;partial=00;start_type=ATG;rbs_motif=None;rbs_spacer=None;gc_cont=0.328
scf00000013:10590-12128|+ -            513 111at2085            -            770   4.8e-14   46.8  12.9   1   4     0.042         2    1.8   0.2   484   512    22    50    14    57 0.84 scf00000013_10 # 10590 # 12128 # 1 # ID=14_10;partial=00;start_type=TTG;rbs_motif=AGGA;rbs_spacer=5-10bp;gc_cont=0.321
scf00000013:10590-12128|+ -            513 111at2085            -            770   4.8e-14   46.8  12.9   2   4   1.8e-08   8.5e-07   22.9   0.1   648   736   130   215   113   223 0.81 scf00000013_10 # 10590 # 12128 # 1 # ID=14_10;partial=00;start_type=TTG;rbs_motif=AGGA;rbs_spacer=5-10bp;gc_cont=0.321
scf00000013:10590-12128|+ -            513 111at2085            -            770   4.8e-14   46.8  12.9   3   4    0.0036      0.17    5.3   0.1   479   511   278   310   267   319 0.61 scf00000013_10 # 10590 # 12128 # 1 # ID=14_10;partial=00;start_type=TTG;rbs_motif=AGGA;rbs_spacer=5-10bp;gc_cont=0.321
scf00000013:10590-12128|+ -            513 111at2085            -            770   4.8e-14   46.8  12.9   4   4   1.8e-08   8.5e-07   22.9   1.1   645   736   393   482   361   508 0.79 scf00000013_10 # 10590 # 12128 # 1 # ID=14_10;partial=00;start_type=TTG;rbs_motif=AGGA;rbs_spacer=5-10bp;gc_cont=0.321
scf00000009:19893-22217|+ -            775 111at2085            -            770   1.1e-13   45.6   2.8   1   2   4.5e-06   0.00022   14.9   0.2   484   513    17    46     5    53 0.88 scf00000009_12 # 19893 # 22217 # 1 # ID=10_12;partial=00;start_type=ATG;rbs_motif=None;rbs_spacer=None;gc_cont=0.264
scf00000009:19893-22217|+ -            775 111at2085            -            770   1.1e-13   45.6   2.8   2   2   7.1e-11   3.4e-09   30.8   0.2   645   738   110   200    60   206 0.75 scf00000009_12 # 19893 # 22217 # 1 # ID=10_12;partial=00;start_type=ATG;rbs_motif=None;rbs_spacer=None;gc_cont=0.264
scf00000004:21886-22788|- -            301 111at2085            -            770   2.7e-13   44.3   0.0   1   2   0.00025     0.012    9.2   0.0   482   513    21    52     6    60 0.89 scf00000004_18 # 21886 # 22788 # -1 # ID=5_18;partial=00;start_type=ATG;rbs_motif=GGA/GAG/AGG;rbs_spacer=5-10bp;gc_cont=0.308
scf00000004:21886-22788|- -            301 111at2085            -            770   2.7e-13   44.3   0.0   2   2   1.4e-11   6.8e-10   33.1   0.0   645   729   140   221   119   231 0.92 scf00000004_18 # 21886 # 22788 # -1 # ID=5_18;partial=00;start_type=ATG;rbs_motif=GGA/GAG/AGG;rbs_spacer=5-10bp;gc_cont=0.308
scf00000000:8393-9094|-   -            234 111at2085            -            770   4.9e-12   40.2   3.7   1   2   1.9e-06   9.3e-05   16.1   0.4   479   513    12    46     4    55 0.86 scf00000000_7 # 8393 # 9094 # -1 # ID=1_7;partial=00;start_type=ATG;rbs_motif=AGxAG;rbs_spacer=5-10bp;gc_cont=0.356
scf00000000:8393-9094|-   -            234 111at2085            -            770   4.9e-12   40.2   3.7   2   2   3.6e-09   1.7e-07   25.2   0.2   651   727   115   187    64   192 0.85 scf00000000_7 # 8393 # 9094 # -1 # ID=1_7;partial=00;start_type=ATG;rbs_motif=AGxAG;rbs_spacer=5-10bp;gc_cont=0.356
scf00000003:5538-6590|+   -            351 111at2085            -            770   6.4e-12   39.8   0.6   1   2    0.0027      0.13    5.8   0.1    11    37    30    56    17    66 0.78 scf00000003_6 # 5538 # 6590 # 1 # ID=4_6;partial=00;start_type=ATG;rbs_motif=GGxGG;rbs_spacer=5-10bp;gc_cont=0.333
scf00000003:5538-6590|+   -            351 111at2085            -            770   6.4e-12   39.8   0.6   2   2   2.1e-11     1e-09   32.5   0.1   632   754   124   245   110   253 0.76 scf00000003_6 # 5538 # 6590 # 1 # ID=4_6;partial=00;start_type=ATG;rbs_motif=GGxGG;rbs_spacer=5-10bp;gc_cont=0.333
scf00000016:4807-5967|-   -            387 111at2085            -            770   1.9e-10   34.9   0.8   1   2   0.00014    0.0068   10.0   0.0   479   512    18    51     3    65 0.78 scf00000016_5 # 4807 # 5967 # -1 # ID=17_5;partial=00;start_type=ATG;rbs_motif=None;rbs_spacer=None;gc_cont=0.256
scf00000016:4807-5967|-   -            387 111at2085            -            770   1.9e-10   34.9   0.8   2   2   1.4e-08   6.6e-07   23.2   0.1   658   755   187   277   152   290 0.76 scf00000016_5 # 4807 # 5967 # -1 # ID=17_5;partial=00;start_type=ATG;rbs_motif=None;rbs_spacer=None;gc_cont=0.256
scf00000004:22761-23579|- -            273 111at2085            -            770     6e-10   33.3   1.7   1   2   7.6e-05    0.0037   10.9   0.1   482   510    18    46     9    55 0.86 scf00000004_19 # 22761 # 23579 # -1 # ID=5_19;partial=00;start_type=ATG;rbs_motif=GGA/GAG/AGG;rbs_spacer=5-10bp;gc_cont=0.302
scf00000004:22761-23579|- -            273 111at2085            -            770     6e-10   33.3   1.7   2   2   3.4e-08   1.6e-06   21.9   0.2   657   757   131   223    93   231 0.83 scf00000004_19 # 22761 # 23579 # -1 # ID=5_19;partial=00;start_type=ATG;rbs_motif=GGA/GAG/AGG;rbs_spacer=5-10bp;gc_cont=0.302
scf00000014:14916-15503|- -            196 111at2085            -            770   9.6e-10   32.6   0.1   1   1   2.2e-11   1.1e-09   32.5   0.1   658   738    91   169    48   192 0.82 scf00000014_14 # 14916 # 15503 # -1 # ID=15_14;partial=00;start_type=ATG;rbs_motif=None;rbs_spacer=None;gc_cont=0.303
scf00000014:15520-16455|- -            312 111at2085            -            770   2.1e-09   31.5   2.2   1   3    0.0012      0.06    6.9   0.1    10    43    25    60    21   111 0.76 scf00000014_15 # 15520 # 16455 # -1 # ID=15_15;partial=00;start_type=TTG;rbs_motif=AGGAGG;rbs_spacer=5-10bp;gc_cont=0.333
scf00000014:15520-16455|- -            312 111at2085            -            770   2.1e-09   31.5   2.2   2   3     2e-08   9.4e-07   22.7   0.0   662   735   151   222   131   247 0.87 scf00000014_15 # 15520 # 16455 # -1 # ID=15_15;partial=00;start_type=TTG;rbs_motif=AGGAGG;rbs_spacer=5-10bp;gc_cont=0.333
scf00000014:15520-16455|- -            312 111at2085            -            770   2.1e-09   31.5   2.2   3   3      0.18       8.7   -0.3   0.0     3    35   273   305   263   308 0.81 scf00000014_15 # 15520 # 16455 # -1 # ID=15_15;partial=00;start_type=TTG;rbs_motif=AGGAGG;rbs_spacer=5-10bp;gc_cont=0.333
scf00000005:18797-20131|+ -            445 111at2085            -            770   6.3e-09   29.9   5.8   1   2    0.0019     0.092    6.2   0.0   483   511    25    53    18    57 0.80 scf00000005_18 # 18797 # 20131 # 1 # ID=6_18;partial=00;start_type=ATG;rbs_motif=GGA/GAG/AGG;rbs_spacer=11-12bp;gc_cont=0.306
scf00000005:18797-20131|+ -            445 111at2085            -            770   6.3e-09   29.9   5.8   2   2     9e-09   4.3e-07   23.8   3.3   241   426   120   302   107   314 0.73 scf00000005_18 # 18797 # 20131 # 1 # ID=6_18;partial=00;start_type=ATG;rbs_motif=GGA/GAG/AGG;rbs_spacer=11-12bp;gc_cont=0.306
scf00000017:12705-13601|+ -            299 111at2085            -            770   1.5e-08   28.7   1.2   1   2   0.00032     0.016    8.8   0.1   484   512    80   108    65   125 0.88 scf00000017_9 # 12705 # 13601 # 1 # ID=18_9;partial=00;start_type=GTG;rbs_motif=AGGAG;rbs_spacer=5-10bp;gc_cont=0.348
scf00000017:12705-13601|+ -            299 111at2085            -            770   1.5e-08   28.7   1.2   2   2     3e-07   1.5e-05   18.8   0.1   645   738   181   271   161   278 0.84 scf00000017_9 # 12705 # 13601 # 1 # ID=18_9;partial=00;start_type=GTG;rbs_motif=AGGAG;rbs_spacer=5-10bp;gc_cont=0.348
scf00000020:9421-10953|-  -            511 111at2085            -            770   1.2e-07   25.7   9.0   1   4     0.067       3.3    1.1   0.0    14   512    32    57    25    77 0.65 scf00000020_8 # 9421 # 10953 # -1 # ID=21_8;partial=00;start_type=GTG;rbs_motif=GGA/GAG/AGG;rbs_spacer=11-12bp;gc_cont=0.324
scf00000020:9421-10953|-  -            511 111at2085            -            770   1.2e-07   25.7   9.0   2   4   3.5e-08   1.7e-06   21.9   0.3   642   731   128   214   121   226 0.84 scf00000020_8 # 9421 # 10953 # -1 # ID=21_8;partial=00;start_type=GTG;rbs_motif=GGA/GAG/AGG;rbs_spacer=11-12bp;gc_cont=0.324
scf00000020:9421-10953|-  -            511 111at2085            -            770   1.2e-07   25.7   9.0   3   4     0.096       4.7    0.6   0.1   480   508   276   304   212   317 0.58 scf00000020_8 # 9421 # 10953 # -1 # ID=21_8;partial=00;start_type=GTG;rbs_motif=GGA/GAG/AGG;rbs_spacer=11-12bp;gc_cont=0.324
scf00000020:9421-10953|-  -            511 111at2085            -            770   1.2e-07   25.7   9.0   4   4    0.0056      0.27    4.7   0.4   658   736   407   483   377   490 0.85 scf00000020_8 # 9421 # 10953 # -1 # ID=21_8;partial=00;start_type=GTG;rbs_motif=GGA/GAG/AGG;rbs_spacer=11-12bp;gc_cont=0.324
scf00000010:8553-9884|-   -            444 111at2085            -            770   4.8e-07   23.7   1.8   1   2     0.028       1.3    2.4   0.1     8    36    60    88    53    95 0.64 scf00000010_3 # 8553 # 9884 # -1 # ID=11_3;partial=00;start_type=ATG;rbs_motif=GGAG/GAGG;rbs_spacer=5-10bp;gc_cont=0.290
scf00000010:8553-9884|-   -            444 111at2085            -            770   4.8e-07   23.7   1.8   2   2   8.6e-08   4.2e-06   20.6   0.3   639   731   256   346   116   366 0.88 scf00000010_3 # 8553 # 9884 # -1 # ID=11_3;partial=00;start_type=ATG;rbs_motif=GGAG/GAGG;rbs_spacer=5-10bp;gc_cont=0.290
scf00000002:46161-46922|+ -            254 111at2085            -            770   1.3e-05   19.0   1.0   1   2    0.0027      0.13    5.7   0.1   479   513    22    56    14    70 0.77 scf00000002_39 # 46161 # 46922 # 1 # ID=3_39;partial=00;start_type=ATG;rbs_motif=None;rbs_spacer=None;gc_cont=0.428
scf00000002:46161-46922|+ -            254 111at2085            -            770   1.3e-05   19.0   1.0   2   2   3.2e-05    0.0015   12.1   0.1   647   709   138   196    94   200 0.75 scf00000002_39 # 46161 # 46922 # 1 # ID=3_39;partial=00;start_type=ATG;rbs_motif=None;rbs_spacer=None;gc_cont=0.428
scf00000010:15034-16650|+ -            539 111at2085            -            770   0.00068   13.3   2.6   1   3     0.033       1.6    2.1   0.1   481   512    14    45     8    66 0.82 scf00000010_8 # 15034 # 16650 # 1 # ID=11_8;partial=00;start_type=ATG;rbs_motif=AGGA;rbs_spacer=5-10bp;gc_cont=0.333
scf00000010:15034-16650|+ -            539 111at2085            -            770   0.00068   13.3   2.6   2   3    0.0031      0.15    5.5   0.1   674   738   166   225   149   231 0.74 scf00000010_8 # 15034 # 16650 # 1 # ID=11_8;partial=00;start_type=ATG;rbs_motif=AGGA;rbs_spacer=5-10bp;gc_cont=0.333
scf00000010:15034-16650|+ -            539 111at2085            -            770   0.00068   13.3   2.6   3   3    0.0093      0.45    3.9   0.0   661   740   445   519   439   526 0.84 scf00000010_8 # 15034 # 16650 # 1 # ID=11_8;partial=00;start_type=ATG;rbs_motif=AGGA;rbs_spacer=5-10bp;gc_cont=0.333
#
# Program:         hmmsearch
# Version:         3.4 (Aug 2023)
# Pipeline mode:   SEARCH
# Query file:      /home/lgef/Documentos/GitHub/Project_doctoral/IMPLEMENTACAO/Genomes/M_hyopneumoniae/MHP_ncbi_dataset/ncbi_dataset/data/strains/TB1/Use/busco_downloads/lineages/mycoplasmatales_odb10/hmms/111at2085.hmm
# Target file:     /home/lgef/Documentos/GitHub/Project_doctoral/IMPLEMENTACAO/Genomes/M_hyopneumoniae/MHP_ncbi_dataset/ncbi_dataset/data/strains/TB1/Use/busco_complete/prodigal_output/predicted_genes/predicted.faa
# Option settings: hmmsearch --domtblout /home/lgef/Documentos/GitHub/Project_doctoral/IMPLEMENTACAO/Genomes/M_hyopneumoniae/MHP_ncbi_dataset/ncbi_dataset/data/strains/TB1/Use/busco_complete/run_mycoplasmatales_odb10/hmmer_output/111at2085.out --cpu 1 /home/lgef/Documentos/GitHub/Project_doctoral/IMPLEMENTACAO/Genomes/M_hyopneumoniae/MHP_ncbi_dataset/ncbi_dataset/data/strains/TB1/Use/busco_downloads/lineages/mycoplasmatales_odb10/hmms/111at2085.hmm /home/lgef/Documentos/GitHub/Project_doctoral/IMPLEMENTACAO/Genomes/M_hyopneumoniae/MHP_ncbi_dataset/ncbi_dataset/data/strains/TB1/Use/busco_complete/prodigal_output/predicted_genes/predicted.faa 
# Current dir:     /home/lgef/Documentos/GitHub/Project_doctoral/IMPLEMENTACAO/Genomes/M_hyopneumoniae/MHP_ncbi_dataset/ncbi_dataset/data/strains/TB1/Use
# Date:            Thu Nov 28 19:41:00 2024
# [ok]
