#                                                                                 --- full sequence --- -------------- this domain -------------   hmm coord   ali coord   env coord
# target name             accession   tlen query name           accession   qlen   E-value  score  bias   #  of  c-Evalue  i-Evalue  score  bias  from    to  from    to  from    to  acc description of target
#     ------------------- ---------- ----- -------------------- ---------- ----- --------- ------ ----- --- --- --------- --------- ------ ----- ----- ----- ----- ----- ----- ----- ---- ---------------------
scf00000010:16694-18022|+ -            443 1338at2085           -            333  1.6e-109  361.5  27.0   1   2    7e-104  6.8e-102  336.5  23.4     1   320     4   359     4   394 0.78 scf00000010_9 # 16694 # 18022 # 1 # ID=11_9;partial=00;start_type=TTG;rbs_motif=AGGAG;rbs_spacer=5-10bp;gc_cont=0.312
scf00000010:16694-18022|+ -            443 1338at2085           -            333  1.6e-109  361.5  27.0   2   2     5e-08   4.8e-06   21.4   0.1   300   333   405   442   391   442 0.87 scf00000010_9 # 16694 # 18022 # 1 # ID=11_9;partial=00;start_type=TTG;rbs_motif=AGGAG;rbs_spacer=5-10bp;gc_cont=0.312
scf00000000:69143-69679|+ -            179 1338at2085           -            333   1.5e-15   52.7   0.2   1   1   1.9e-17   1.9e-15   52.3   0.2   179   268     5    95     2   103 0.91 scf00000000_57 # 69143 # 69679 # 1 # ID=1_57;partial=00;start_type=ATG;rbs_motif=None;rbs_spacer=None;gc_cont=0.520
scf00000007:8972-9853|+   -            294 1338at2085           -            333   6.5e-15   50.5   1.3   1   1   1.1e-16   1.1e-14   49.8   1.3   174   270     4   101     1   141 0.78 scf00000007_12 # 8972 # 9853 # 1 # ID=8_12;partial=00;start_type=ATG;rbs_motif=None;rbs_spacer=None;gc_cont=0.293
scf00000026:7045-7836|+   -            264 1338at2085           -            333     2e-09   32.5   0.1   1   2      0.35        34   -1.1   0.1   266   267    43    44     3    94 0.57 scf00000026_5 # 7045 # 7836 # 1 # ID=27_5;partial=00;start_type=ATG;rbs_motif=GGA/GAG/AGG;rbs_spacer=3-4bp;gc_cont=0.269
scf00000026:7045-7836|+   -            264 1338at2085           -            333     2e-09   32.5   0.1   2   2   5.4e-11   5.2e-09   31.1   0.1   151   234    80   164    43   180 0.77 scf00000026_5 # 7045 # 7836 # 1 # ID=27_5;partial=00;start_type=ATG;rbs_motif=GGA/GAG/AGG;rbs_spacer=3-4bp;gc_cont=0.269
scf00000017:16010-16606|+ -            199 1338at2085           -            333   3.7e-07   25.1   0.5   1   2   8.3e-09     8e-07   24.0   0.0   160   212    21    73    16    86 0.89 scf00000017_12 # 16010 # 16606 # 1 # ID=18_12;partial=00;start_type=ATG;rbs_motif=None;rbs_spacer=None;gc_cont=0.296
scf00000017:16010-16606|+ -            199 1338at2085           -            333   3.7e-07   25.1   0.5   2   2      0.37        35   -1.2   0.3    94    94   163   163    96   196 0.51 scf00000017_12 # 16010 # 16606 # 1 # ID=18_12;partial=00;start_type=ATG;rbs_motif=None;rbs_spacer=None;gc_cont=0.296
scf00000000:31728-32987|+ -            420 1338at2085           -            333   6.8e-06   20.9   0.3   1   1   1.8e-07   1.7e-05   19.6   0.1   178   307   158   288   151   295 0.76 scf00000000_26 # 31728 # 32987 # 1 # ID=1_26;partial=00;start_type=ATG;rbs_motif=AGGA;rbs_spacer=5-10bp;gc_cont=0.306
scf00000000:69877-70521|+ -            215 1338at2085           -            333   5.9e-05   17.8   0.9   1   2   2.3e-06   0.00022   15.9   0.3   226   323     2    97     1   121 0.75 scf00000000_58 # 69877 # 70521 # 1 # ID=1_58;partial=00;start_type=TTG;rbs_motif=GGA/GAG/AGG;rbs_spacer=5-10bp;gc_cont=0.274
scf00000000:69877-70521|+ -            215 1338at2085           -            333   5.9e-05   17.8   0.9   2   2      0.29        28   -0.8   0.1    21    51   108   138    97   145 0.59 scf00000000_58 # 69877 # 70521 # 1 # ID=1_58;partial=00;start_type=TTG;rbs_motif=GGA/GAG/AGG;rbs_spacer=5-10bp;gc_cont=0.274
scf00000024:1077-2180|-   -            368 1338at2085           -            333    0.0001   17.0   1.1   1   1   2.1e-05    0.0021   12.7   1.1   177   283     3   128     1   156 0.60 scf00000024_2 # 1077 # 2180 # -1 # ID=25_2;partial=00;start_type=ATG;rbs_motif=None;rbs_spacer=None;gc_cont=0.298
#
# Program:         hmmsearch
# Version:         3.4 (Aug 2023)
# Pipeline mode:   SEARCH
# Query file:      /home/lgef/Documentos/GitHub/Project_doctoral/IMPLEMENTACAO/Genomes/M_hyopneumoniae/MHP_ncbi_dataset/ncbi_dataset/data/strains/TB1/Use/busco_downloads/lineages/mycoplasmatales_odb10/hmms/1338at2085.hmm
# Target file:     /home/lgef/Documentos/GitHub/Project_doctoral/IMPLEMENTACAO/Genomes/M_hyopneumoniae/MHP_ncbi_dataset/ncbi_dataset/data/strains/TB1/Use/busco_complete/prodigal_output/predicted_genes/predicted.faa
# Option settings: hmmsearch --domtblout /home/lgef/Documentos/GitHub/Project_doctoral/IMPLEMENTACAO/Genomes/M_hyopneumoniae/MHP_ncbi_dataset/ncbi_dataset/data/strains/TB1/Use/busco_complete/run_mycoplasmatales_odb10/hmmer_output/1338at2085.out --cpu 1 /home/lgef/Documentos/GitHub/Project_doctoral/IMPLEMENTACAO/Genomes/M_hyopneumoniae/MHP_ncbi_dataset/ncbi_dataset/data/strains/TB1/Use/busco_downloads/lineages/mycoplasmatales_odb10/hmms/1338at2085.hmm /home/lgef/Documentos/GitHub/Project_doctoral/IMPLEMENTACAO/Genomes/M_hyopneumoniae/MHP_ncbi_dataset/ncbi_dataset/data/strains/TB1/Use/busco_complete/prodigal_output/predicted_genes/predicted.faa 
# Current dir:     /home/lgef/Documentos/GitHub/Project_doctoral/IMPLEMENTACAO/Genomes/M_hyopneumoniae/MHP_ncbi_dataset/ncbi_dataset/data/strains/TB1/Use
# Date:            Thu Nov 28 19:41:00 2024
# [ok]
