#                                                                                 --- full sequence --- -------------- this domain -------------   hmm coord   ali coord   env coord
# target name             accession   tlen query name           accession   qlen   E-value  score  bias   #  of  c-Evalue  i-Evalue  score  bias  from    to  from    to  from    to  acc description of target
#     ------------------- ---------- ----- -------------------- ---------- ----- --------- ------ ----- --- --- --------- --------- ------ ----- ----- ----- ----- ----- ----- ----- ---- ---------------------
scf00000003:45128-46048|+ -            307 2666at2085           -            250   9.4e-92  302.2   0.2   1   1   3.8e-93   4.9e-91  299.8   0.2     1   248     5   285     5   288 0.89 scf00000003_37 # 45128 # 46048 # 1 # ID=4_37;partial=00;start_type=ATG;rbs_motif=None;rbs_spacer=None;gc_cont=0.328
scf00000015:9301-10227|+  -            309 2666at2085           -            250   9.4e-30   99.1   0.2   1   2   1.9e-14   2.4e-12   42.0   0.0     6    77    32   105    30   131 0.83 scf00000015_8 # 9301 # 10227 # 1 # ID=16_8;partial=00;start_type=ATG;rbs_motif=None;rbs_spacer=None;gc_cont=0.324
scf00000015:9301-10227|+  -            309 2666at2085           -            250   9.4e-30   99.1   0.2   2   2   2.2e-18   2.9e-16   54.9   0.3   133   241   193   306   167   308 0.84 scf00000015_8 # 9301 # 10227 # 1 # ID=16_8;partial=00;start_type=ATG;rbs_motif=None;rbs_spacer=None;gc_cont=0.324
scf00000003:34774-35577|- -            268 2666at2085           -            250   2.1e-25   84.8   4.9   1   2   2.9e-10   3.8e-08   28.3   0.1     2    70     2    69     1   122 0.88 scf00000003_26 # 34774 # 35577 # -1 # ID=4_26;partial=00;start_type=ATG;rbs_motif=None;rbs_spacer=None;gc_cont=0.295
scf00000003:34774-35577|- -            268 2666at2085           -            250   2.1e-25   84.8   4.9   2   2   3.3e-19   4.2e-17   57.6   1.9   164   245   177   264   138   266 0.82 scf00000003_26 # 34774 # 35577 # -1 # ID=4_26;partial=00;start_type=ATG;rbs_motif=None;rbs_spacer=None;gc_cont=0.295
scf00000010:18011-18841|- -            277 2666at2085           -            250   1.8e-21   72.0   4.4   1   1   8.6e-23   1.1e-20   69.3   4.4     3   246     2   272     1   274 0.73 scf00000010_10 # 18011 # 18841 # -1 # ID=11_10;partial=00;start_type=ATG;rbs_motif=AGGA;rbs_spacer=5-10bp;gc_cont=0.310
scf00000002:31252-32592|- -            447 2666at2085           -            250     7e-18   60.2   9.1   1   2   5.5e-20     7e-18   60.2   9.1     6   246     6   266     3   269 0.75 scf00000002_28 # 31252 # 32592 # -1 # ID=3_28;partial=00;start_type=ATG;rbs_motif=GGA/GAG/AGG;rbs_spacer=5-10bp;gc_cont=0.249
scf00000002:31252-32592|- -            447 2666at2085           -            250     7e-18   60.2   9.1   2   2     0.054         7    1.2   1.1   104   152   363   414   326   444 0.72 scf00000002_28 # 31252 # 32592 # -1 # ID=3_28;partial=00;start_type=ATG;rbs_motif=GGA/GAG/AGG;rbs_spacer=5-10bp;gc_cont=0.249
scf00000004:1769-2578|-   -            270 2666at2085           -            250   2.6e-17   58.3   3.6   1   2   1.6e-05    0.0021   12.8   0.1     4    79     5    80     2    94 0.80 scf00000004_3 # 1769 # 2578 # -1 # ID=5_3;partial=00;start_type=ATG;rbs_motif=None;rbs_spacer=None;gc_cont=0.298
scf00000004:1769-2578|-   -            270 2666at2085           -            250   2.6e-17   58.3   3.6   2   2     8e-16     1e-13   46.5   0.7   107   223   132   242   104   263 0.81 scf00000004_3 # 1769 # 2578 # -1 # ID=5_3;partial=00;start_type=ATG;rbs_motif=None;rbs_spacer=None;gc_cont=0.298
#
# Program:         hmmsearch
# Version:         3.4 (Aug 2023)
# Pipeline mode:   SEARCH
# Query file:      /home/lgef/Documentos/GitHub/Project_doctoral/IMPLEMENTACAO/Genomes/M_hyopneumoniae/MHP_ncbi_dataset/ncbi_dataset/data/strains/TB1/Use/busco_downloads/lineages/mycoplasmatales_odb10/hmms/2666at2085.hmm
# Target file:     /home/lgef/Documentos/GitHub/Project_doctoral/IMPLEMENTACAO/Genomes/M_hyopneumoniae/MHP_ncbi_dataset/ncbi_dataset/data/strains/TB1/Use/busco_complete/prodigal_output/predicted_genes/predicted.faa
# Option settings: hmmsearch --domtblout /home/lgef/Documentos/GitHub/Project_doctoral/IMPLEMENTACAO/Genomes/M_hyopneumoniae/MHP_ncbi_dataset/ncbi_dataset/data/strains/TB1/Use/busco_complete/run_mycoplasmatales_odb10/hmmer_output/2666at2085.out --cpu 1 /home/lgef/Documentos/GitHub/Project_doctoral/IMPLEMENTACAO/Genomes/M_hyopneumoniae/MHP_ncbi_dataset/ncbi_dataset/data/strains/TB1/Use/busco_downloads/lineages/mycoplasmatales_odb10/hmms/2666at2085.hmm /home/lgef/Documentos/GitHub/Project_doctoral/IMPLEMENTACAO/Genomes/M_hyopneumoniae/MHP_ncbi_dataset/ncbi_dataset/data/strains/TB1/Use/busco_complete/prodigal_output/predicted_genes/predicted.faa 
# Current dir:     /home/lgef/Documentos/GitHub/Project_doctoral/IMPLEMENTACAO/Genomes/M_hyopneumoniae/MHP_ncbi_dataset/ncbi_dataset/data/strains/TB1/Use
# Date:            Thu Nov 28 19:41:02 2024
# [ok]
