#                                                                               --- full sequence --- -------------- this domain -------------   hmm coord   ali coord   env coord
# target name           accession   tlen query name           accession   qlen   E-value  score  bias   #  of  c-Evalue  i-Evalue  score  bias  from    to  from    to  from    to  acc description of target
#   ------------------- ---------- ----- -------------------- ---------- ----- --------- ------ ----- --- --- --------- --------- ------ ----- ----- ----- ----- ----- ----- ----- ---- ---------------------
scf00000000:3-707|+     -            235 3282at2085           -            198   5.5e-48  158.6   8.7   1   2   3.2e-29   6.2e-27   89.9   4.4    55   142    24   115     1   124 0.86 scf00000000_1 # 3 # 707 # 1 # ID=1_1;partial=10;start_type=Edge;rbs_motif=None;rbs_spacer=None;gc_cont=0.251
scf00000000:3-707|+     -            235 3282at2085           -            198   5.5e-48  158.6   8.7   2   2   2.1e-22   4.1e-20   67.6   0.1   141   198   167   227   147   227 0.89 scf00000000_1 # 3 # 707 # 1 # ID=1_1;partial=10;start_type=Edge;rbs_motif=None;rbs_spacer=None;gc_cont=0.251
scf00000017:1617-2531|- -            305 3282at2085           -            198   2.4e-33  110.8  12.4   1   2   1.4e-20   2.7e-18   61.7   8.4    10   134    13   160     6   201 0.77 scf00000017_3 # 1617 # 2531 # -1 # ID=18_3;partial=00;start_type=ATG;rbs_motif=None;rbs_spacer=None;gc_cont=0.323
scf00000017:1617-2531|- -            305 3282at2085           -            198   2.4e-33  110.8  12.4   2   2   9.9e-17   1.9e-14   49.1   0.1   135   189   224   280   206   286 0.86 scf00000017_3 # 1617 # 2531 # -1 # ID=18_3;partial=00;start_type=ATG;rbs_motif=None;rbs_spacer=None;gc_cont=0.323
seq00000229:1-210|-     -             70 3282at2085           -            198     5e-12   41.2   9.5   1   1   2.7e-14   5.2e-12   41.2   9.5     1    64     1    65     1    70 0.91 seq00000229_1 # 1 # 210 # -1 # ID=50_1;partial=10;start_type=ATG;rbs_motif=None;rbs_spacer=None;gc_cont=0.214
scf00000007:117-827|-   -            237 3282at2085           -            198   5.4e-07   24.8   1.6   1   2   2.8e-09   5.4e-07   24.8   1.6    13   133     4   123     1   138 0.78 scf00000007_1 # 117 # 827 # -1 # ID=8_1;partial=00;start_type=ATG;rbs_motif=GGA/GAG/AGG;rbs_spacer=5-10bp;gc_cont=0.283
scf00000007:117-827|-   -            237 3282at2085           -            198   5.4e-07   24.8   1.6   2   2       0.3        57   -1.4   1.6    35    42   204   211   159   235 0.51 scf00000007_1 # 117 # 827 # -1 # ID=8_1;partial=00;start_type=ATG;rbs_motif=GGA/GAG/AGG;rbs_spacer=5-10bp;gc_cont=0.283
#
# Program:         hmmsearch
# Version:         3.4 (Aug 2023)
# Pipeline mode:   SEARCH
# Query file:      /home/lgef/Documentos/GitHub/Project_doctoral/IMPLEMENTACAO/Genomes/M_hyopneumoniae/MHP_ncbi_dataset/ncbi_dataset/data/strains/TB1/Use/busco_downloads/lineages/mycoplasmatales_odb10/hmms/3282at2085.hmm
# Target file:     /home/lgef/Documentos/GitHub/Project_doctoral/IMPLEMENTACAO/Genomes/M_hyopneumoniae/MHP_ncbi_dataset/ncbi_dataset/data/strains/TB1/Use/busco_complete/prodigal_output/predicted_genes/predicted.faa
# Option settings: hmmsearch --domtblout /home/lgef/Documentos/GitHub/Project_doctoral/IMPLEMENTACAO/Genomes/M_hyopneumoniae/MHP_ncbi_dataset/ncbi_dataset/data/strains/TB1/Use/busco_complete/run_mycoplasmatales_odb10/hmmer_output/3282at2085.out --cpu 1 /home/lgef/Documentos/GitHub/Project_doctoral/IMPLEMENTACAO/Genomes/M_hyopneumoniae/MHP_ncbi_dataset/ncbi_dataset/data/strains/TB1/Use/busco_downloads/lineages/mycoplasmatales_odb10/hmms/3282at2085.hmm /home/lgef/Documentos/GitHub/Project_doctoral/IMPLEMENTACAO/Genomes/M_hyopneumoniae/MHP_ncbi_dataset/ncbi_dataset/data/strains/TB1/Use/busco_complete/prodigal_output/predicted_genes/predicted.faa 
# Current dir:     /home/lgef/Documentos/GitHub/Project_doctoral/IMPLEMENTACAO/Genomes/M_hyopneumoniae/MHP_ncbi_dataset/ncbi_dataset/data/strains/TB1/Use
# Date:            Thu Nov 28 19:41:02 2024
# [ok]
