#                                                                                     --- full sequence --- -------------- this domain -------------   hmm coord   ali coord   env coord
# target name                 accession   tlen query name           accession   qlen   E-value  score  bias   #  of  c-Evalue  i-Evalue  score  bias  from    to  from    to  from    to  acc description of target
#         ------------------- ---------- ----- -------------------- ---------- ----- --------- ------ ----- --- --- --------- --------- ------ ----- ----- ----- ----- ----- ----- ----- ---- ---------------------
NZ_CP098239.1:91511-92812|+   -            434 1140at2085           -            348  1.4e-118  391.1  10.4   1   1  2.9e-120  3.1e-118  390.0  10.4     1   346     5   429     5   431 0.85 NZ_CP098239.1_80 # 91511 # 92812 # 1 # ID=1_80;partial=00;start_type=ATG;rbs_motif=3Base/5BMM;rbs_spacer=13-15bp;gc_cont=0.293
NZ_CP098239.1:261140-262468|- -            443 1140at2085           -            348   1.4e-22   75.5   4.8   1   1   4.4e-24   4.6e-22   73.7   4.8   130   303   217   391   210   399 0.78 NZ_CP098239.1_247 # 261140 # 262468 # -1 # ID=1_247;partial=00;start_type=TTG;rbs_motif=AGGAG;rbs_spacer=5-10bp;gc_cont=0.315
NZ_CP098239.1:217742-218623|- -            294 1140at2085           -            348   5.3e-13   43.9   1.8   1   1   9.8e-15     1e-12   43.0   1.3     1   103     9   124     9   136 0.76 NZ_CP098239.1_192 # 217742 # 218623 # -1 # ID=1_192;partial=00;start_type=ATG;rbs_motif=None;rbs_spacer=None;gc_cont=0.290
NZ_CP098239.1:134803-135594|+ -            264 1140at2085           -            348   3.9e-09   31.2   6.7   1   2   0.00076     0.081    7.2   3.4   203   277    15   102     3   110 0.67 NZ_CP098239.1_118 # 134803 # 135594 # 1 # ID=1_118;partial=00;start_type=ATG;rbs_motif=GGA/GAG/AGG;rbs_spacer=3-4bp;gc_cont=0.265
NZ_CP098239.1:134803-135594|+ -            264 1140at2085           -            348   3.9e-09   31.2   6.7   2   2   2.4e-09   2.6e-07   25.2   0.1     3    60   115   173   113   201 0.85 NZ_CP098239.1_118 # 134803 # 135594 # 1 # ID=1_118;partial=00;start_type=ATG;rbs_motif=GGA/GAG/AGG;rbs_spacer=3-4bp;gc_cont=0.265
NZ_CP098239.1:595820-596416|- -            199 1140at2085           -            348   1.5e-07   26.0   2.7   1   1   2.6e-08   2.7e-06   21.9   2.7   132   178    40    92    32   198 0.45 NZ_CP098239.1_504 # 595820 # 596416 # -1 # ID=1_504;partial=00;start_type=ATG;rbs_motif=None;rbs_spacer=None;gc_cont=0.296
NZ_CP098239.1:214549-215406|- -            286 1140at2085           -            348   0.00023   15.5   7.6   1   2    0.0031      0.33    5.1   1.1   181   237    61   120    43   155 0.72 NZ_CP098239.1_188 # 214549 # 215406 # -1 # ID=1_188;partial=00;start_type=ATG;rbs_motif=3Base/5BMM;rbs_spacer=13-15bp;gc_cont=0.279
NZ_CP098239.1:214549-215406|- -            286 1140at2085           -            348   0.00023   15.5   7.6   2   2     6e-06   0.00064   14.1   0.7     3    61   157   223   154   231 0.71 NZ_CP098239.1_188 # 214549 # 215406 # -1 # ID=1_188;partial=00;start_type=ATG;rbs_motif=3Base/5BMM;rbs_spacer=13-15bp;gc_cont=0.279
NZ_CP098239.1:370671-371648|- -            326 1140at2085           -            348   0.00029   15.2   0.6   1   2   5.4e-06   0.00057   14.2   0.0   129   159     2    32     1    77 0.81 NZ_CP098239.1_332 # 370671 # 371648 # -1 # ID=1_332;partial=00;start_type=ATG;rbs_motif=None;rbs_spacer=None;gc_cont=0.300
NZ_CP098239.1:370671-371648|- -            326 1140at2085           -            348   0.00029   15.2   0.6   2   2      0.33        35   -1.5   0.2   266   299   144   177    90   199 0.66 NZ_CP098239.1_332 # 370671 # 371648 # -1 # ID=1_332;partial=00;start_type=ATG;rbs_motif=None;rbs_spacer=None;gc_cont=0.300
#
# Program:         hmmsearch
# Version:         3.4 (Aug 2023)
# Pipeline mode:   SEARCH
# Query file:      /home/bryan/Documentos/GitHub/Project_doctoral/IMPLEMENTACAO/Genomes/M_hyopneumoniae/strains/133A/Use/busco_downloads/lineages/mycoplasmatales_odb10/hmms/1140at2085.hmm
# Target file:     /home/bryan/Documentos/GitHub/Project_doctoral/IMPLEMENTACAO/Genomes/M_hyopneumoniae/strains/133A/Use/busco_complete/prodigal_output/predicted_genes/predicted.faa
# Option settings: hmmsearch --domtblout /home/bryan/Documentos/GitHub/Project_doctoral/IMPLEMENTACAO/Genomes/M_hyopneumoniae/strains/133A/Use/busco_complete/run_mycoplasmatales_odb10/hmmer_output/1140at2085.out --cpu 1 /home/bryan/Documentos/GitHub/Project_doctoral/IMPLEMENTACAO/Genomes/M_hyopneumoniae/strains/133A/Use/busco_downloads/lineages/mycoplasmatales_odb10/hmms/1140at2085.hmm /home/bryan/Documentos/GitHub/Project_doctoral/IMPLEMENTACAO/Genomes/M_hyopneumoniae/strains/133A/Use/busco_complete/prodigal_output/predicted_genes/predicted.faa 
# Current dir:     /home/bryan/Documentos/GitHub/Project_doctoral/IMPLEMENTACAO/Genomes/M_hyopneumoniae/strains/133A/Use
# Date:            Sun Dec  1 18:58:36 2024
# [ok]
