#                                                                                     --- full sequence --- -------------- this domain -------------   hmm coord   ali coord   env coord
# target name                 accession   tlen query name           accession   qlen   E-value  score  bias   #  of  c-Evalue  i-Evalue  score  bias  from    to  from    to  from    to  acc description of target
#         ------------------- ---------- ----- -------------------- ---------- ----- --------- ------ ----- --- --- --------- --------- ------ ----- ----- ----- ----- ----- ----- ----- ---- ---------------------
NZ_CP098239.1:217742-218623|- -            294 2656at2085           -            232   4.3e-67  221.2  11.2   1   2   6.2e-41   5.8e-39  129.2   4.2     1   122     9   134     9   156 0.90 NZ_CP098239.1_192 # 217742 # 218623 # -1 # ID=1_192;partial=00;start_type=ATG;rbs_motif=None;rbs_spacer=None;gc_cont=0.290
NZ_CP098239.1:217742-218623|- -            294 2656at2085           -            232   4.3e-67  221.2  11.2   2   2   5.5e-31   5.1e-29   96.6   0.6   119   232   159   293   147   293 0.81 NZ_CP098239.1_192 # 217742 # 218623 # -1 # ID=1_192;partial=00;start_type=ATG;rbs_motif=None;rbs_spacer=None;gc_cont=0.290
NZ_CP098239.1:91511-92812|+   -            434 2656at2085           -            232   1.4e-41  137.8   2.0   1   3   4.4e-21   4.1e-19   64.2   0.7     1   114     5   123     5   137 0.84 NZ_CP098239.1_80 # 91511 # 92812 # 1 # ID=1_80;partial=00;start_type=ATG;rbs_motif=3Base/5BMM;rbs_spacer=13-15bp;gc_cont=0.293
NZ_CP098239.1:91511-92812|+   -            434 2656at2085           -            232   1.4e-41  137.8   2.0   2   3   2.2e-23     2e-21   71.8   0.0     2   122   174   302   173   316 0.84 NZ_CP098239.1_80 # 91511 # 92812 # 1 # ID=1_80;partial=00;start_type=ATG;rbs_motif=3Base/5BMM;rbs_spacer=13-15bp;gc_cont=0.293
NZ_CP098239.1:91511-92812|+   -            434 2656at2085           -            232   1.4e-41  137.8   2.0   3   3       0.5        47   -1.4   0.1   116   145   329   358   316   365 0.62 NZ_CP098239.1_80 # 91511 # 92812 # 1 # ID=1_80;partial=00;start_type=ATG;rbs_motif=3Base/5BMM;rbs_spacer=13-15bp;gc_cont=0.293
NZ_CP098239.1:261140-262468|- -            443 2656at2085           -            232   3.7e-18   61.1   5.3   1   2       0.2        19   -0.1   0.3   168   200   127   159   113   196 0.65 NZ_CP098239.1_247 # 261140 # 262468 # -1 # ID=1_247;partial=00;start_type=TTG;rbs_motif=AGGAG;rbs_spacer=5-10bp;gc_cont=0.315
NZ_CP098239.1:261140-262468|- -            443 2656at2085           -            232   3.7e-18   61.1   5.3   2   2     4e-20   3.7e-18   61.1   5.3     2   116   220   338   219   381 0.79 NZ_CP098239.1_247 # 261140 # 262468 # -1 # ID=1_247;partial=00;start_type=TTG;rbs_motif=AGGAG;rbs_spacer=5-10bp;gc_cont=0.315
NZ_CP098239.1:595820-596416|- -            199 2656at2085           -            232   2.2e-12   42.2   1.9   1   1   3.2e-14     3e-12   41.8   1.9     2   132    41   179    40   197 0.71 NZ_CP098239.1_504 # 595820 # 596416 # -1 # ID=1_504;partial=00;start_type=ATG;rbs_motif=None;rbs_spacer=None;gc_cont=0.296
NZ_CP098239.1:134803-135594|+ -            264 2656at2085           -            232     1e-10   36.8   9.4   1   2      0.01      0.93    4.2   2.7    70   124     9    64     2   100 0.76 NZ_CP098239.1_118 # 134803 # 135594 # 1 # ID=1_118;partial=00;start_type=ATG;rbs_motif=GGA/GAG/AGG;rbs_spacer=3-4bp;gc_cont=0.265
NZ_CP098239.1:134803-135594|+ -            264 2656at2085           -            232     1e-10   36.8   9.4   2   2   1.5e-12   1.3e-10   36.4   0.2     3    66   115   174   113   180 0.88 NZ_CP098239.1_118 # 134803 # 135594 # 1 # ID=1_118;partial=00;start_type=ATG;rbs_motif=GGA/GAG/AGG;rbs_spacer=3-4bp;gc_cont=0.265
NZ_CP098239.1:54552-55346|+   -            265 2656at2085           -            232   8.8e-09   30.4   3.0   1   1   1.6e-10   1.5e-08   29.7   3.0     1   111     4   119     4   237 0.80 NZ_CP098239.1_45 # 54552 # 55346 # 1 # ID=1_45;partial=00;start_type=ATG;rbs_motif=None;rbs_spacer=None;gc_cont=0.279
NZ_CP098239.1:370671-371648|- -            326 2656at2085           -            232   2.9e-08   28.7   3.9   1   2   3.5e-09   3.2e-07   25.3   1.9     2   143     6   162     5   176 0.65 NZ_CP098239.1_332 # 370671 # 371648 # -1 # ID=1_332;partial=00;start_type=ATG;rbs_motif=None;rbs_spacer=None;gc_cont=0.300
NZ_CP098239.1:370671-371648|- -            326 2656at2085           -            232   2.9e-08   28.7   3.9   2   2      0.65        60   -1.8   0.0    90   161   174   248   164   250 0.69 NZ_CP098239.1_332 # 370671 # 371648 # -1 # ID=1_332;partial=00;start_type=ATG;rbs_motif=None;rbs_spacer=None;gc_cont=0.300
NZ_CP098239.1:214549-215406|- -            286 2656at2085           -            232   3.2e-06   22.1   0.4   1   2     0.027       2.5    2.7   2.7    57   115    83   142    54   157 0.69 NZ_CP098239.1_188 # 214549 # 215406 # -1 # ID=1_188;partial=00;start_type=ATG;rbs_motif=3Base/5BMM;rbs_spacer=13-15bp;gc_cont=0.279
NZ_CP098239.1:214549-215406|- -            286 2656at2085           -            232   3.2e-06   22.1   0.4   2   2   3.4e-08   3.2e-06   22.1   0.4     3    68   157   224   155   235 0.72 NZ_CP098239.1_188 # 214549 # 215406 # -1 # ID=1_188;partial=00;start_type=ATG;rbs_motif=3Base/5BMM;rbs_spacer=13-15bp;gc_cont=0.279
#
# Program:         hmmsearch
# Version:         3.4 (Aug 2023)
# Pipeline mode:   SEARCH
# Query file:      /home/bryan/Documentos/GitHub/Project_doctoral/IMPLEMENTACAO/Genomes/M_hyopneumoniae/strains/133A/Use/busco_downloads/lineages/mycoplasmatales_odb10/hmms/2656at2085.hmm
# Target file:     /home/bryan/Documentos/GitHub/Project_doctoral/IMPLEMENTACAO/Genomes/M_hyopneumoniae/strains/133A/Use/busco_complete/prodigal_output/predicted_genes/predicted.faa
# Option settings: hmmsearch --domtblout /home/bryan/Documentos/GitHub/Project_doctoral/IMPLEMENTACAO/Genomes/M_hyopneumoniae/strains/133A/Use/busco_complete/run_mycoplasmatales_odb10/hmmer_output/2656at2085.out --cpu 1 /home/bryan/Documentos/GitHub/Project_doctoral/IMPLEMENTACAO/Genomes/M_hyopneumoniae/strains/133A/Use/busco_downloads/lineages/mycoplasmatales_odb10/hmms/2656at2085.hmm /home/bryan/Documentos/GitHub/Project_doctoral/IMPLEMENTACAO/Genomes/M_hyopneumoniae/strains/133A/Use/busco_complete/prodigal_output/predicted_genes/predicted.faa 
# Current dir:     /home/bryan/Documentos/GitHub/Project_doctoral/IMPLEMENTACAO/Genomes/M_hyopneumoniae/strains/133A/Use
# Date:            Sun Dec  1 18:58:40 2024
# [ok]
