#                                                                                     --- full sequence --- -------------- this domain -------------   hmm coord   ali coord   env coord
# target name                 accession   tlen query name           accession   qlen   E-value  score  bias   #  of  c-Evalue  i-Evalue  score  bias  from    to  from    to  from    to  acc description of target
#         ------------------- ---------- ----- -------------------- ---------- ----- --------- ------ ----- --- --- --------- --------- ------ ----- ----- ----- ----- ----- ----- ----- ---- ---------------------
NZ_CP098239.1:631815-632735|- -            307 2666at2085           -            250     1e-91  301.9   0.2   1   1   4.5e-93   5.5e-91  299.6   0.2     1   248     5   285     5   288 0.89 NZ_CP098239.1_532 # 631815 # 632735 # -1 # ID=1_532;partial=00;start_type=ATG;rbs_motif=None;rbs_spacer=None;gc_cont=0.332
NZ_CP098239.1:562003-562899|- -            299 2666at2085           -            250   3.2e-30  100.6   0.9   1   3     2e-14   2.5e-12   41.9   0.0     6    77    22    95    20   114 0.83 NZ_CP098239.1_492 # 562003 # 562899 # -1 # ID=1_492;partial=00;start_type=ATG;rbs_motif=3Base/5BMM;rbs_spacer=13-15bp;gc_cont=0.314
NZ_CP098239.1:562003-562899|- -            299 2666at2085           -            250   3.2e-30  100.6   0.9   2   3      0.25        31   -0.9   0.1   138   188   117   164    93   172 0.47 NZ_CP098239.1_492 # 562003 # 562899 # -1 # ID=1_492;partial=00;start_type=ATG;rbs_motif=3Base/5BMM;rbs_spacer=13-15bp;gc_cont=0.314
NZ_CP098239.1:562003-562899|- -            299 2666at2085           -            250   3.2e-30  100.6   0.9   3   3   8.8e-19   1.1e-16   56.2   0.3   133   241   183   296   163   298 0.83 NZ_CP098239.1_492 # 562003 # 562899 # -1 # ID=1_492;partial=00;start_type=ATG;rbs_motif=3Base/5BMM;rbs_spacer=13-15bp;gc_cont=0.314
NZ_CP098239.1:642244-643047|+ -            268 2666at2085           -            250   2.3e-25   84.6   4.9   1   2   3.4e-10   4.2e-08   28.1   0.1     2    70     2    69     1   122 0.88 NZ_CP098239.1_541 # 642244 # 643047 # 1 # ID=1_541;partial=00;start_type=ATG;rbs_motif=None;rbs_spacer=None;gc_cont=0.297
NZ_CP098239.1:642244-643047|+ -            268 2666at2085           -            250   2.3e-25   84.6   4.9   2   2   3.3e-19   4.1e-17   57.6   1.9   164   245   177   264   138   266 0.82 NZ_CP098239.1_541 # 642244 # 643047 # 1 # ID=1_541;partial=00;start_type=ATG;rbs_motif=None;rbs_spacer=None;gc_cont=0.297
NZ_CP098239.1:260321-261151|+ -            277 2666at2085           -            250   1.3e-21   72.4   4.6   1   1   5.5e-23   6.8e-21   70.0   4.6     3   246     2   272     1   274 0.73 NZ_CP098239.1_246 # 260321 # 261151 # 1 # ID=1_246;partial=00;start_type=ATG;rbs_motif=AGGA;rbs_spacer=5-10bp;gc_cont=0.312
NZ_CP098239.1:448722-450062|- -            447 2666at2085           -            250   2.1e-17   58.6   9.2   1   2   1.7e-19   2.1e-17   58.6   9.2     6   245     6   265     3   269 0.74 NZ_CP098239.1_397 # 448722 # 450062 # -1 # ID=1_397;partial=00;start_type=ATG;rbs_motif=GGA/GAG/AGG;rbs_spacer=5-10bp;gc_cont=0.245
NZ_CP098239.1:448722-450062|- -            447 2666at2085           -            250   2.1e-17   58.6   9.2   2   2     0.054       6.7    1.2   1.1   104   152   363   414   326   444 0.72 NZ_CP098239.1_397 # 448722 # 450062 # -1 # ID=1_397;partial=00;start_type=ATG;rbs_motif=GGA/GAG/AGG;rbs_spacer=5-10bp;gc_cont=0.245
NZ_CP098239.1:355208-356017|+ -            270 2666at2085           -            250   2.5e-17   58.3   3.6   1   2   1.6e-05     0.002   12.8   0.1     4    79     5    80     2    94 0.80 NZ_CP098239.1_317 # 355208 # 356017 # 1 # ID=1_317;partial=00;start_type=ATG;rbs_motif=None;rbs_spacer=None;gc_cont=0.300
NZ_CP098239.1:355208-356017|+ -            270 2666at2085           -            250   2.5e-17   58.3   3.6   2   2     8e-16   9.8e-14   46.5   0.7   107   223   132   242   104   263 0.81 NZ_CP098239.1_317 # 355208 # 356017 # 1 # ID=1_317;partial=00;start_type=ATG;rbs_motif=None;rbs_spacer=None;gc_cont=0.300
#
# Program:         hmmsearch
# Version:         3.4 (Aug 2023)
# Pipeline mode:   SEARCH
# Query file:      /home/bryan/Documentos/GitHub/Project_doctoral/IMPLEMENTACAO/Genomes/M_hyopneumoniae/strains/133A/Use/busco_downloads/lineages/mycoplasmatales_odb10/hmms/2666at2085.hmm
# Target file:     /home/bryan/Documentos/GitHub/Project_doctoral/IMPLEMENTACAO/Genomes/M_hyopneumoniae/strains/133A/Use/busco_complete/prodigal_output/predicted_genes/predicted.faa
# Option settings: hmmsearch --domtblout /home/bryan/Documentos/GitHub/Project_doctoral/IMPLEMENTACAO/Genomes/M_hyopneumoniae/strains/133A/Use/busco_complete/run_mycoplasmatales_odb10/hmmer_output/2666at2085.out --cpu 1 /home/bryan/Documentos/GitHub/Project_doctoral/IMPLEMENTACAO/Genomes/M_hyopneumoniae/strains/133A/Use/busco_downloads/lineages/mycoplasmatales_odb10/hmms/2666at2085.hmm /home/bryan/Documentos/GitHub/Project_doctoral/IMPLEMENTACAO/Genomes/M_hyopneumoniae/strains/133A/Use/busco_complete/prodigal_output/predicted_genes/predicted.faa 
# Current dir:     /home/bryan/Documentos/GitHub/Project_doctoral/IMPLEMENTACAO/Genomes/M_hyopneumoniae/strains/133A/Use
# Date:            Sun Dec  1 18:58:40 2024
# [ok]
