#                                                                                     --- full sequence --- -------------- this domain -------------   hmm coord   ali coord   env coord
# target name                 accession   tlen query name           accession   qlen   E-value  score  bias   #  of  c-Evalue  i-Evalue  score  bias  from    to  from    to  from    to  acc description of target
#         ------------------- ---------- ----- -------------------- ---------- ----- --------- ------ ----- --- --- --------- --------- ------ ----- ----- ----- ----- ----- ----- ----- ---- ---------------------
NZ_CP098239.1:918464-920932|+ -            823 534at2085            -            678  9.8e-264  872.1  54.5   1   2  4.9e-256  9.1e-254  839.2  46.4    14   658    28   751     1   770 0.85 NZ_CP098239.1_737 # 918464 # 920932 # 1 # ID=1_737;partial=00;start_type=ATG;rbs_motif=AGGA;rbs_spacer=5-10bp;gc_cont=0.301
NZ_CP098239.1:918464-920932|+ -            823 534at2085            -            678  9.8e-264  872.1  54.5   2   2   6.7e-11   1.2e-08   29.1   5.6   625   678   766   819   741   819 0.83 NZ_CP098239.1_737 # 918464 # 920932 # 1 # ID=1_737;partial=00;start_type=ATG;rbs_motif=AGGA;rbs_spacer=5-10bp;gc_cont=0.301
NZ_CP098239.1:37765-40425|-   -            887 534at2085            -            678   2.9e-67  222.8  27.1   1   3   4.6e-26   8.5e-24   79.2   0.3     7   209    40   248    34   278 0.82 NZ_CP098239.1_34 # 37765 # 40425 # -1 # ID=1_34;partial=00;start_type=ATG;rbs_motif=AGGA;rbs_spacer=5-10bp;gc_cont=0.307
NZ_CP098239.1:37765-40425|-   -            887 534at2085            -            678   2.9e-67  222.8  27.1   2   3   1.5e-20   2.9e-18   60.9   0.5   217   383   293   469   287   484 0.79 NZ_CP098239.1_34 # 37765 # 40425 # -1 # ID=1_34;partial=00;start_type=ATG;rbs_motif=AGGA;rbs_spacer=5-10bp;gc_cont=0.307
NZ_CP098239.1:37765-40425|-   -            887 534at2085            -            678   2.9e-67  222.8  27.1   3   3   9.7e-30   1.8e-27   91.3  13.5   371   601   489   723   476   783 0.75 NZ_CP098239.1_34 # 37765 # 40425 # -1 # ID=1_34;partial=00;start_type=ATG;rbs_motif=AGGA;rbs_spacer=5-10bp;gc_cont=0.307
NZ_CP098239.1:872787-875159|- -            791 534at2085            -            678   3.1e-38  126.9  20.2   1   6   3.4e-13   6.4e-11   36.6   0.0    14   169    26   171    13   175 0.79 NZ_CP098239.1_709 # 872787 # 875159 # -1 # ID=1_709;partial=00;start_type=ATG;rbs_motif=GGA/GAG/AGG;rbs_spacer=5-10bp;gc_cont=0.306
NZ_CP098239.1:872787-875159|- -            791 534at2085            -            678   3.1e-38  126.9  20.2   2   6   7.9e-06    0.0015   12.3   0.2   308   365   177   233   170   238 0.89 NZ_CP098239.1_709 # 872787 # 875159 # -1 # ID=1_709;partial=00;start_type=ATG;rbs_motif=GGA/GAG/AGG;rbs_spacer=5-10bp;gc_cont=0.306
NZ_CP098239.1:872787-875159|- -            791 534at2085            -            678   3.1e-38  126.9  20.2   3   6     0.014       2.6    1.6   0.0   176   210   231   266   226   287 0.77 NZ_CP098239.1_709 # 872787 # 875159 # -1 # ID=1_709;partial=00;start_type=ATG;rbs_motif=GGA/GAG/AGG;rbs_spacer=5-10bp;gc_cont=0.306
NZ_CP098239.1:872787-875159|- -            791 534at2085            -            678   3.1e-38  126.9  20.2   4   6   9.3e-09   1.7e-06   22.0   0.1   216   300   302   391   295   397 0.86 NZ_CP098239.1_709 # 872787 # 875159 # -1 # ID=1_709;partial=00;start_type=ATG;rbs_motif=GGA/GAG/AGG;rbs_spacer=5-10bp;gc_cont=0.306
NZ_CP098239.1:872787-875159|- -            791 534at2085            -            678   3.1e-38  126.9  20.2   5   6   1.8e-05    0.0034   11.1   0.0   359   388   398   427   393   440 0.84 NZ_CP098239.1_709 # 872787 # 875159 # -1 # ID=1_709;partial=00;start_type=ATG;rbs_motif=GGA/GAG/AGG;rbs_spacer=5-10bp;gc_cont=0.306
NZ_CP098239.1:872787-875159|- -            791 534at2085            -            678   3.1e-38  126.9  20.2   6   6   2.2e-17   4.1e-15   50.5   6.1   437   596   530   705   500   778 0.74 NZ_CP098239.1_709 # 872787 # 875159 # -1 # ID=1_709;partial=00;start_type=ATG;rbs_motif=GGA/GAG/AGG;rbs_spacer=5-10bp;gc_cont=0.306
NZ_CP098239.1:530237-532540|+ -            768 534at2085            -            678   1.5e-12   42.0  22.4   1   2   3.8e-10     7e-08   26.6   2.8     9   153   248   380   240   399 0.75 NZ_CP098239.1_464 # 530237 # 532540 # 1 # ID=1_464;partial=00;start_type=ATG;rbs_motif=None;rbs_spacer=None;gc_cont=0.279
NZ_CP098239.1:530237-532540|+ -            768 534at2085            -            678   1.5e-12   42.0  22.4   2   2   3.9e-08   7.3e-06   19.9  12.0   312   561   405   646   381   712 0.67 NZ_CP098239.1_464 # 530237 # 532540 # 1 # ID=1_464;partial=00;start_type=ATG;rbs_motif=None;rbs_spacer=None;gc_cont=0.279
#
# Program:         hmmsearch
# Version:         3.4 (Aug 2023)
# Pipeline mode:   SEARCH
# Query file:      /home/bryan/Documentos/GitHub/Project_doctoral/IMPLEMENTACAO/Genomes/M_hyopneumoniae/strains/133A/Use/busco_downloads/lineages/mycoplasmatales_odb10/hmms/534at2085.hmm
# Target file:     /home/bryan/Documentos/GitHub/Project_doctoral/IMPLEMENTACAO/Genomes/M_hyopneumoniae/strains/133A/Use/busco_complete/prodigal_output/predicted_genes/predicted.faa
# Option settings: hmmsearch --domtblout /home/bryan/Documentos/GitHub/Project_doctoral/IMPLEMENTACAO/Genomes/M_hyopneumoniae/strains/133A/Use/busco_complete/run_mycoplasmatales_odb10/hmmer_output/534at2085.out --cpu 1 /home/bryan/Documentos/GitHub/Project_doctoral/IMPLEMENTACAO/Genomes/M_hyopneumoniae/strains/133A/Use/busco_downloads/lineages/mycoplasmatales_odb10/hmms/534at2085.hmm /home/bryan/Documentos/GitHub/Project_doctoral/IMPLEMENTACAO/Genomes/M_hyopneumoniae/strains/133A/Use/busco_complete/prodigal_output/predicted_genes/predicted.faa 
# Current dir:     /home/bryan/Documentos/GitHub/Project_doctoral/IMPLEMENTACAO/Genomes/M_hyopneumoniae/strains/133A/Use
# Date:            Sun Dec  1 18:58:43 2024
# [ok]
