#                                                                                     --- full sequence --- -------------- this domain -------------   hmm coord   ali coord   env coord
# target name                 accession   tlen query name           accession   qlen   E-value  score  bias   #  of  c-Evalue  i-Evalue  score  bias  from    to  from    to  from    to  acc description of target
#         ------------------- ---------- ----- -------------------- ---------- ----- --------- ------ ----- --- --- --------- --------- ------ ----- ----- ----- ----- ----- ----- ----- ---- ---------------------
NZ_CP157283.1:354493-355596|- -            368 1683at2085           -            284    1e-103  341.9  14.5   1   2   6.3e-74     7e-72  237.4   5.7     1   187     1   214     1   217 0.85 NZ_CP157283.1_300 # 354493 # 355596 # -1 # ID=1_300;partial=00;start_type=ATG;rbs_motif=None;rbs_spacer=None;gc_cont=0.300
NZ_CP157283.1:354493-355596|- -            368 1683at2085           -            284    1e-103  341.9  14.5   2   2   7.5e-32   8.3e-30   99.3   1.5   185   284   238   365   222   365 0.75 NZ_CP157283.1_300 # 354493 # 355596 # -1 # ID=1_300;partial=00;start_type=ATG;rbs_motif=None;rbs_spacer=None;gc_cont=0.300
NZ_CP157283.1:54132-55391|+   -            420 1683at2085           -            284   3.4e-16   54.7   6.5   1   1   6.9e-17   7.6e-15   50.3   6.5     4   136   158   277   155   371 0.76 NZ_CP157283.1_42 # 54132 # 55391 # 1 # ID=1_42;partial=00;start_type=ATG;rbs_motif=AGGA;rbs_spacer=5-10bp;gc_cont=0.310
NZ_CP157283.1:91555-92856|+   -            434 1683at2085           -            284   4.5e-07   24.8   3.0   1   3     2e-05    0.0022   12.6   0.1     2    25     2    25     1    32 0.84 NZ_CP157283.1_73 # 91555 # 92856 # 1 # ID=1_73;partial=00;start_type=ATG;rbs_motif=3Base/5BMM;rbs_spacer=13-15bp;gc_cont=0.293
NZ_CP157283.1:91555-92856|+   -            434 1683at2085           -            284   4.5e-07   24.8   3.0   2   3    0.0004     0.044    8.4   0.0     3    22   171   190   169   253 0.82 NZ_CP157283.1_73 # 91555 # 92856 # 1 # ID=1_73;partial=00;start_type=ATG;rbs_motif=3Base/5BMM;rbs_spacer=13-15bp;gc_cont=0.293
NZ_CP157283.1:91555-92856|+   -            434 1683at2085           -            284   4.5e-07   24.8   3.0   3   3     0.041       4.6    1.8   0.1    27    80   273   329   269   358 0.70 NZ_CP157283.1_73 # 91555 # 92856 # 1 # ID=1_73;partial=00;start_type=ATG;rbs_motif=3Base/5BMM;rbs_spacer=13-15bp;gc_cont=0.293
NZ_CP157283.1:244238-245566|- -            443 1683at2085           -            284   3.6e-06   21.8   2.7   1   1   1.6e-06   0.00018   16.2   2.7     3   105   217   309   215   386 0.80 NZ_CP157283.1_216 # 244238 # 245566 # -1 # ID=1_216;partial=00;start_type=TTG;rbs_motif=AGGAG;rbs_spacer=5-10bp;gc_cont=0.312
NZ_CP157283.1:178477-179358|+ -            294 1683at2085           -            284   1.4e-05   19.8   0.1   1   1   2.9e-07   3.2e-05   18.7   0.1     5    26     9    30     6    55 0.85 NZ_CP157283.1_156 # 178477 # 179358 # 1 # ID=1_156;partial=00;start_type=ATG;rbs_motif=None;rbs_spacer=None;gc_cont=0.294
NZ_CP157283.1:113402-114193|+ -            264 1683at2085           -            284   5.3e-05   18.0   0.1   1   3      0.14        16   -0.0   1.3    79   150    29   103     8   107 0.67 NZ_CP157283.1_91 # 113402 # 114193 # 1 # ID=1_91;partial=00;start_type=ATG;rbs_motif=None;rbs_spacer=None;gc_cont=0.266
NZ_CP157283.1:113402-114193|+ -            264 1683at2085           -            284   5.3e-05   18.0   0.1   2   3   4.8e-07   5.3e-05   18.0   0.1     2    27   110   135   109   155 0.87 NZ_CP157283.1_91 # 113402 # 114193 # 1 # ID=1_91;partial=00;start_type=ATG;rbs_motif=None;rbs_spacer=None;gc_cont=0.266
NZ_CP157283.1:113402-114193|+ -            264 1683at2085           -            284   5.3e-05   18.0   0.1   3   3      0.53        58   -1.9   0.1    17    53   192   230   174   243 0.49 NZ_CP157283.1_91 # 113402 # 114193 # 1 # ID=1_91;partial=00;start_type=ATG;rbs_motif=None;rbs_spacer=None;gc_cont=0.266
#
# Program:         hmmsearch
# Version:         3.4 (Aug 2023)
# Pipeline mode:   SEARCH
# Query file:      /home/bryan/Documentos/GitHub/Project_doctoral/IMPLEMENTACAO/Genomes/M_hyopneumoniae/strains/1257/Use/busco_downloads/lineages/mycoplasmatales_odb10/hmms/1683at2085.hmm
# Target file:     /home/bryan/Documentos/GitHub/Project_doctoral/IMPLEMENTACAO/Genomes/M_hyopneumoniae/strains/1257/Use/busco_complete/prodigal_output/predicted_genes/predicted.faa
# Option settings: hmmsearch --domtblout /home/bryan/Documentos/GitHub/Project_doctoral/IMPLEMENTACAO/Genomes/M_hyopneumoniae/strains/1257/Use/busco_complete/run_mycoplasmatales_odb10/hmmer_output/1683at2085.out --cpu 1 /home/bryan/Documentos/GitHub/Project_doctoral/IMPLEMENTACAO/Genomes/M_hyopneumoniae/strains/1257/Use/busco_downloads/lineages/mycoplasmatales_odb10/hmms/1683at2085.hmm /home/bryan/Documentos/GitHub/Project_doctoral/IMPLEMENTACAO/Genomes/M_hyopneumoniae/strains/1257/Use/busco_complete/prodigal_output/predicted_genes/predicted.faa 
# Current dir:     /home/bryan/Documentos/GitHub/Project_doctoral/IMPLEMENTACAO/Genomes/M_hyopneumoniae/strains/1257/Use
# Date:            Sun Dec  1 19:03:54 2024
# [ok]
