#                                                                                     --- full sequence --- -------------- this domain -------------   hmm coord   ali coord   env coord
# target name                 accession   tlen query name           accession   qlen   E-value  score  bias   #  of  c-Evalue  i-Evalue  score  bias  from    to  from    to  from    to  acc description of target
#         ------------------- ---------- ----- -------------------- ---------- ----- --------- ------ ----- --- --- --------- --------- ------ ----- ----- ----- ----- ----- ----- ----- ---- ---------------------
NZ_CP157283.1:882432-884900|+ -            823 534at2085            -            678  1.6e-263  871.3  55.1   1   2  1.2e-255  1.9e-253  837.9  47.3    14   658    28   751     1   767 0.85 NZ_CP157283.1_660 # 882432 # 884900 # 1 # ID=1_660;partial=00;start_type=ATG;rbs_motif=AGGA;rbs_spacer=5-10bp;gc_cont=0.299
NZ_CP157283.1:882432-884900|+ -            823 534at2085            -            678  1.6e-263  871.3  55.1   2   2   6.1e-11     1e-08   29.2   5.4   625   678   766   819   741   819 0.83 NZ_CP157283.1_660 # 882432 # 884900 # 1 # ID=1_660;partial=00;start_type=ATG;rbs_motif=AGGA;rbs_spacer=5-10bp;gc_cont=0.299
NZ_CP157283.1:37771-40431|-   -            887 534at2085            -            678   5.1e-68  225.2  25.0   1   3   3.9e-26   6.4e-24   79.4   0.3     7   211    40   250    34   275 0.82 NZ_CP157283.1_32 # 37771 # 40431 # -1 # ID=1_32;partial=00;start_type=ATG;rbs_motif=AGGA;rbs_spacer=5-10bp;gc_cont=0.307
NZ_CP157283.1:37771-40431|-   -            887 534at2085            -            678   5.1e-68  225.2  25.0   2   3     1e-20   1.7e-18   61.5   0.4   217   383   293   469   287   483 0.80 NZ_CP157283.1_32 # 37771 # 40431 # -1 # ID=1_32;partial=00;start_type=ATG;rbs_motif=AGGA;rbs_spacer=5-10bp;gc_cont=0.307
NZ_CP157283.1:37771-40431|-   -            887 534at2085            -            678   5.1e-68  225.2  25.0   3   3   6.8e-30   1.1e-27   91.8  12.6   371   599   489   721   476   780 0.77 NZ_CP157283.1_32 # 37771 # 40431 # -1 # ID=1_32;partial=00;start_type=ATG;rbs_motif=AGGA;rbs_spacer=5-10bp;gc_cont=0.307
NZ_CP157283.1:837026-839398|- -            791 534at2085            -            678   1.9e-38  127.4  19.0   1   6   3.4e-13   5.7e-11   36.6   0.0    14   169    26   171    13   175 0.79 NZ_CP157283.1_635 # 837026 # 839398 # -1 # ID=1_635;partial=00;start_type=ATG;rbs_motif=GGA/GAG/AGG;rbs_spacer=5-10bp;gc_cont=0.306
NZ_CP157283.1:837026-839398|- -            791 534at2085            -            678   1.9e-38  127.4  19.0   2   6   7.9e-06    0.0013   12.3   0.2   308   365   177   233   170   238 0.89 NZ_CP157283.1_635 # 837026 # 839398 # -1 # ID=1_635;partial=00;start_type=ATG;rbs_motif=GGA/GAG/AGG;rbs_spacer=5-10bp;gc_cont=0.306
NZ_CP157283.1:837026-839398|- -            791 534at2085            -            678   1.9e-38  127.4  19.0   3   6     0.014       2.3    1.6   0.0   176   210   231   266   226   287 0.77 NZ_CP157283.1_635 # 837026 # 839398 # -1 # ID=1_635;partial=00;start_type=ATG;rbs_motif=GGA/GAG/AGG;rbs_spacer=5-10bp;gc_cont=0.306
NZ_CP157283.1:837026-839398|- -            791 534at2085            -            678   1.9e-38  127.4  19.0   4   6   9.3e-09   1.5e-06   22.0   0.1   216   300   302   391   295   397 0.86 NZ_CP157283.1_635 # 837026 # 839398 # -1 # ID=1_635;partial=00;start_type=ATG;rbs_motif=GGA/GAG/AGG;rbs_spacer=5-10bp;gc_cont=0.306
NZ_CP157283.1:837026-839398|- -            791 534at2085            -            678   1.9e-38  127.4  19.0   5   6   1.8e-05     0.003   11.1   0.0   359   388   398   427   393   440 0.84 NZ_CP157283.1_635 # 837026 # 839398 # -1 # ID=1_635;partial=00;start_type=ATG;rbs_motif=GGA/GAG/AGG;rbs_spacer=5-10bp;gc_cont=0.306
NZ_CP157283.1:837026-839398|- -            791 534at2085            -            678   1.9e-38  127.4  19.0   6   6   1.5e-17   2.5e-15   51.0   4.8   437   595   530   704   500   775 0.75 NZ_CP157283.1_635 # 837026 # 839398 # -1 # ID=1_635;partial=00;start_type=ATG;rbs_motif=GGA/GAG/AGG;rbs_spacer=5-10bp;gc_cont=0.306
NZ_CP157283.1:503585-505126|- -            514 534at2085            -            678   1.5e-12   41.8  22.6   1   2   6.7e-10   1.1e-07   25.8   2.0    29   153    14   126     2   145 0.78 NZ_CP157283.1_406 # 503585 # 505126 # -1 # ID=1_406;partial=00;start_type=ATG;rbs_motif=GGA/GAG/AGG;rbs_spacer=5-10bp;gc_cont=0.274
NZ_CP157283.1:503585-505126|- -            514 534at2085            -            678   1.5e-12   41.8  22.6   2   2   2.8e-08   4.7e-06   20.4  12.8   312   561   151   392   128   468 0.67 NZ_CP157283.1_406 # 503585 # 505126 # -1 # ID=1_406;partial=00;start_type=ATG;rbs_motif=GGA/GAG/AGG;rbs_spacer=5-10bp;gc_cont=0.274
#
# Program:         hmmsearch
# Version:         3.4 (Aug 2023)
# Pipeline mode:   SEARCH
# Query file:      /home/bryan/Documentos/GitHub/Project_doctoral/IMPLEMENTACAO/Genomes/M_hyopneumoniae/strains/1257/Use/busco_downloads/lineages/mycoplasmatales_odb10/hmms/534at2085.hmm
# Target file:     /home/bryan/Documentos/GitHub/Project_doctoral/IMPLEMENTACAO/Genomes/M_hyopneumoniae/strains/1257/Use/busco_complete/prodigal_output/predicted_genes/predicted.faa
# Option settings: hmmsearch --domtblout /home/bryan/Documentos/GitHub/Project_doctoral/IMPLEMENTACAO/Genomes/M_hyopneumoniae/strains/1257/Use/busco_complete/run_mycoplasmatales_odb10/hmmer_output/534at2085.out --cpu 1 /home/bryan/Documentos/GitHub/Project_doctoral/IMPLEMENTACAO/Genomes/M_hyopneumoniae/strains/1257/Use/busco_downloads/lineages/mycoplasmatales_odb10/hmms/534at2085.hmm /home/bryan/Documentos/GitHub/Project_doctoral/IMPLEMENTACAO/Genomes/M_hyopneumoniae/strains/1257/Use/busco_complete/prodigal_output/predicted_genes/predicted.faa 
# Current dir:     /home/bryan/Documentos/GitHub/Project_doctoral/IMPLEMENTACAO/Genomes/M_hyopneumoniae/strains/1257/Use
# Date:            Sun Dec  1 19:03:59 2024
# [ok]
