#                                                                                     --- full sequence --- -------------- this domain -------------   hmm coord   ali coord   env coord
# target name                 accession   tlen query name           accession   qlen   E-value  score  bias   #  of  c-Evalue  i-Evalue  score  bias  from    to  from    to  from    to  acc description of target
#         ------------------- ---------- ----- -------------------- ---------- ----- --------- ------ ----- --- --- --------- --------- ------ ----- ----- ----- ----- ----- ----- ----- ---- ---------------------
NZ_CP007585.1:111459-112376|+ -            306 3146at2085           -            235   1.8e-85  281.1   3.5   1   2   3.4e-28   5.1e-26   86.5   0.0     1    63     4    69     4    76 0.96 NZ_CP007585.1_92 # 111459 # 112376 # 1 # ID=1_92;partial=00;start_type=ATG;rbs_motif=GGA/GAG/AGG;rbs_spacer=5-10bp;gc_cont=0.345
NZ_CP007585.1:111459-112376|+ -            306 3146at2085           -            235   1.8e-85  281.1   3.5   2   2   6.1e-61   9.1e-59  193.7   1.4    64   234   104   299    99   300 0.85 NZ_CP007585.1_92 # 111459 # 112376 # 1 # ID=1_92;partial=00;start_type=ATG;rbs_motif=GGA/GAG/AGG;rbs_spacer=5-10bp;gc_cont=0.345
NZ_CP007585.1:207006-208841|- -            612 3146at2085           -            235   2.4e-12   41.8   9.3   1   2   3.1e-08   4.6e-06   21.2   0.1     1    38   157   194   157   210 0.93 NZ_CP007585.1_153 # 207006 # 208841 # -1 # ID=1_153;partial=00;start_type=ATG;rbs_motif=AGGA;rbs_spacer=5-10bp;gc_cont=0.352
NZ_CP007585.1:207006-208841|- -            612 3146at2085           -            235   2.4e-12   41.8   9.3   2   2   2.6e-08   3.9e-06   21.5   5.3    49   224   271   468   236   480 0.68 NZ_CP007585.1_153 # 207006 # 208841 # -1 # ID=1_153;partial=00;start_type=ATG;rbs_motif=AGGA;rbs_spacer=5-10bp;gc_cont=0.352
NZ_CP007585.1:624949-625563|- -            205 3146at2085           -            235   1.3e-10   36.1   0.1   1   1   2.6e-12   3.8e-10   34.6   0.1   184   235    48    99     4    99 0.84 NZ_CP007585.1_487 # 624949 # 625563 # -1 # ID=1_487;partial=00;start_type=GTG;rbs_motif=GGA/GAG/AGG;rbs_spacer=5-10bp;gc_cont=0.348
NZ_CP007585.1:2791-4650|+     -            620 3146at2085           -            235    0.0035   11.8   1.7   1   3    0.0014      0.21    6.0   0.0     1    30    12    41    12    48 0.85 NZ_CP007585.1_3 # 2791 # 4650 # 1 # ID=1_3;partial=00;start_type=ATG;rbs_motif=GGAG/GAGG;rbs_spacer=5-10bp;gc_cont=0.322
NZ_CP007585.1:2791-4650|+     -            620 3146at2085           -            235    0.0035   11.8   1.7   2   3    0.0061      0.91    3.9   0.2   117   169    86   142    72   164 0.73 NZ_CP007585.1_3 # 2791 # 4650 # 1 # ID=1_3;partial=00;start_type=ATG;rbs_motif=GGAG/GAGG;rbs_spacer=5-10bp;gc_cont=0.322
NZ_CP007585.1:2791-4650|+     -            620 3146at2085           -            235    0.0035   11.8   1.7   3   3      0.51        76   -2.4   0.0   200   231   360   391   350   394 0.66 NZ_CP007585.1_3 # 2791 # 4650 # 1 # ID=1_3;partial=00;start_type=ATG;rbs_motif=GGAG/GAGG;rbs_spacer=5-10bp;gc_cont=0.322
#
# Program:         hmmsearch
# Version:         3.4 (Aug 2023)
# Pipeline mode:   SEARCH
# Query file:      /home/bryan/Documentos/GitHub/Project_doctoral/IMPLEMENTACAO/Genomes/M_flocculare/strains/Ms42/Use/busco_downloads/lineages/mycoplasmatales_odb10/hmms/3146at2085.hmm
# Target file:     /home/bryan/Documentos/GitHub/Project_doctoral/IMPLEMENTACAO/Genomes/M_flocculare/strains/Ms42/Use/busco_complete/prodigal_output/predicted_genes/predicted.faa
# Option settings: hmmsearch --domtblout /home/bryan/Documentos/GitHub/Project_doctoral/IMPLEMENTACAO/Genomes/M_flocculare/strains/Ms42/Use/busco_complete/run_mycoplasmatales_odb10/hmmer_output/3146at2085.out --cpu 1 /home/bryan/Documentos/GitHub/Project_doctoral/IMPLEMENTACAO/Genomes/M_flocculare/strains/Ms42/Use/busco_downloads/lineages/mycoplasmatales_odb10/hmms/3146at2085.hmm /home/bryan/Documentos/GitHub/Project_doctoral/IMPLEMENTACAO/Genomes/M_flocculare/strains/Ms42/Use/busco_complete/prodigal_output/predicted_genes/predicted.faa 
# Current dir:     /home/bryan/Documentos/GitHub/Project_doctoral/IMPLEMENTACAO/Genomes/M_flocculare/strains/Ms42/Use
# Date:            Sun Dec  1 18:41:09 2024
# [ok]
