-------------------------------------
PRODIGAL v2.6.3 [February, 2016]         
Univ of Tenn / Oak Ridge National Lab
Doug Hyatt, Loren Hauser, et al.     
-------------------------------------
Request:  Single Genome, Phase:  Training
Reading in the sequence(s) to train...734092 bp seq created, 29.09 pct GC
Locating all potential starts and stops...24124 nodes
Looking for GC bias in different frames...frame bias scores: 2.37 0.33 0.30
Building initial set of genes to train from...done!
Creating coding model and scoring nodes...done!
Examining upstream regions and training starts...done!
-------------------------------------
Request:  Single Genome, Phase:  Gene Finding
Finding genes in sequence #1 (12987 bp)...done!
Finding genes in sequence #2 (10246 bp)...done!
Finding genes in sequence #3 (2460 bp)...done!
Finding genes in sequence #4 (1571 bp)...done!
Finding genes in sequence #5 (881 bp)...done!
Finding genes in sequence #6 (880 bp)...done!
Finding genes in sequence #7 (830 bp)...done!
Finding genes in sequence #8 (459 bp)...done!
Finding genes in sequence #9 (344 bp)...done!
Finding genes in sequence #10 (313509 bp)...done!
Finding genes in sequence #11 (310 bp)...done!
Finding genes in sequence #12 (258 bp)...done!
Finding genes in sequence #13 (251 bp)...done!
Finding genes in sequence #14 (246 bp)...done!
Finding genes in sequence #15 (246 bp)...done!
Finding genes in sequence #16 (245 bp)...done!
Finding genes in sequence #17 (244 bp)...done!
Finding genes in sequence #18 (244 bp)...done!
Finding genes in sequence #19 (243 bp)...done!
Finding genes in sequence #20 (242 bp)...done!
Finding genes in sequence #21 (123263 bp)...done!
Finding genes in sequence #22 (236 bp)...done!
Finding genes in sequence #23 (234 bp)...done!
Finding genes in sequence #24 (233 bp)...done!
Finding genes in sequence #25 (66737 bp)...done!
Finding genes in sequence #26 (49860 bp)...done!
Finding genes in sequence #27 (45676 bp)...done!
Finding genes in sequence #28 (36428 bp)...done!
Finding genes in sequence #29 (34097 bp)...done!
Finding genes in sequence #30 (17243 bp)...done!
Finding genes in sequence #31 (13017 bp)...done!
