#                                                                                       --- full sequence --- -------------- this domain -------------   hmm coord   ali coord   env coord
# target name                   accession   tlen query name           accession   qlen   E-value  score  bias   #  of  c-Evalue  i-Evalue  score  bias  from    to  from    to  from    to  acc description of target
#           ------------------- ---------- ----- -------------------- ---------- ----- --------- ------ ----- --- --- --------- --------- ------ ----- ----- ----- ----- ----- ----- ----- ---- ---------------------
NZ_QQRJ01000010.1:11225-12439|+ -            405 1830at2085           -            299  6.3e-101  332.9  31.0   1   3   2.2e-38   3.9e-36  120.2  10.0     1   129    10   157    10   159 0.84 NZ_QQRJ01000010.1_9 # 11225 # 12439 # 1 # ID=1_9;partial=00;start_type=ATG;rbs_motif=None;rbs_spacer=None;gc_cont=0.258
NZ_QQRJ01000010.1:11225-12439|+ -            405 1830at2085           -            299  6.3e-101  332.9  31.0   2   3   2.2e-65   3.8e-63  208.9   6.6   114   296   157   345   152   348 0.87 NZ_QQRJ01000010.1_9 # 11225 # 12439 # 1 # ID=1_9;partial=00;start_type=ATG;rbs_motif=None;rbs_spacer=None;gc_cont=0.258
NZ_QQRJ01000010.1:11225-12439|+ -            405 1830at2085           -            299  6.3e-101  332.9  31.0   3   3   3.2e-06   0.00057   14.6   2.1   244   295   347   399   337   402 0.86 NZ_QQRJ01000010.1_9 # 11225 # 12439 # 1 # ID=1_9;partial=00;start_type=ATG;rbs_motif=None;rbs_spacer=None;gc_cont=0.258
NZ_QQRJ01000016.1:6428-7969|+   -            514 1830at2085           -            299   6.9e-09   30.7   5.7   1   3   0.00082      0.14    6.7   0.3     2    99     5   110     4   133 0.79 NZ_QQRJ01000016.1_7 # 6428 # 7969 # 1 # ID=7_7;partial=00;start_type=ATG;rbs_motif=GGA/GAG/AGG;rbs_spacer=5-10bp;gc_cont=0.271
NZ_QQRJ01000016.1:6428-7969|+   -            514 1830at2085           -            299   6.9e-09   30.7   5.7   2   3   1.3e-09   2.3e-07   25.7   0.1   193   259   294   361   282   383 0.81 NZ_QQRJ01000016.1_7 # 6428 # 7969 # 1 # ID=7_7;partial=00;start_type=ATG;rbs_motif=GGA/GAG/AGG;rbs_spacer=5-10bp;gc_cont=0.271
NZ_QQRJ01000016.1:6428-7969|+   -            514 1830at2085           -            299   6.9e-09   30.7   5.7   3   3      0.19        34   -1.1   0.1    67   100   405   442   393   450 0.62 NZ_QQRJ01000016.1_7 # 6428 # 7969 # 1 # ID=7_7;partial=00;start_type=ATG;rbs_motif=GGA/GAG/AGG;rbs_spacer=5-10bp;gc_cont=0.271
NZ_QQRJ01000010.1:3164-5536|+   -            791 1830at2085           -            299   3.4e-06   21.9   0.3   1   2   6.3e-08   1.1e-05   20.2   0.0   191   236   548   594   504   626 0.85 NZ_QQRJ01000010.1_3 # 3164 # 5536 # 1 # ID=1_3;partial=00;start_type=ATG;rbs_motif=GGA/GAG/AGG;rbs_spacer=5-10bp;gc_cont=0.306
NZ_QQRJ01000010.1:3164-5536|+   -            791 1830at2085           -            299   3.4e-06   21.9   0.3   2   2      0.63   1.1e+02   -2.8   0.1   106   136   698   728   647   731 0.64 NZ_QQRJ01000010.1_3 # 3164 # 5536 # 1 # ID=1_3;partial=00;start_type=ATG;rbs_motif=GGA/GAG/AGG;rbs_spacer=5-10bp;gc_cont=0.306
NZ_QQRJ01000004.1:73113-75773|+ -            887 1830at2085           -            299   1.2e-05   20.0   0.2   1   4     0.048       8.3    0.9   0.0    12    39    65    92    57   176 0.65 NZ_QQRJ01000004.1_61 # 73113 # 75773 # 1 # ID=43_61;partial=00;start_type=ATG;rbs_motif=AGGA;rbs_spacer=5-10bp;gc_cont=0.306
NZ_QQRJ01000004.1:73113-75773|+ -            887 1830at2085           -            299   1.2e-05   20.0   0.2   2   4      0.27        47   -1.6   0.1   144   174   365   395   342   398 0.81 NZ_QQRJ01000004.1_61 # 73113 # 75773 # 1 # ID=43_61;partial=00;start_type=ATG;rbs_motif=AGGA;rbs_spacer=5-10bp;gc_cont=0.306
NZ_QQRJ01000004.1:73113-75773|+ -            887 1830at2085           -            299   1.2e-05   20.0   0.2   3   4   7.1e-08   1.2e-05   20.0   0.2   198   295   580   681   564   684 0.76 NZ_QQRJ01000004.1_61 # 73113 # 75773 # 1 # ID=43_61;partial=00;start_type=ATG;rbs_motif=AGGA;rbs_spacer=5-10bp;gc_cont=0.306
NZ_QQRJ01000004.1:73113-75773|+ -            887 1830at2085           -            299   1.2e-05   20.0   0.2   4   4      0.55        97   -2.6   0.3   250   279   755   784   722   828 0.55 NZ_QQRJ01000004.1_61 # 73113 # 75773 # 1 # ID=43_61;partial=00;start_type=ATG;rbs_motif=AGGA;rbs_spacer=5-10bp;gc_cont=0.306
#
# Program:         hmmsearch
# Version:         3.4 (Aug 2023)
# Pipeline mode:   SEARCH
# Query file:      /home/bryan/Documentos/GitHub/Project_doctoral/IMPLEMENTACAO/Genomes/M_hyopneumoniae/strains/MHP709/Use/busco_downloads/lineages/mycoplasmatales_odb10/hmms/1830at2085.hmm
# Target file:     /home/bryan/Documentos/GitHub/Project_doctoral/IMPLEMENTACAO/Genomes/M_hyopneumoniae/strains/MHP709/Use/busco_draft/prodigal_output/predicted_genes/predicted.faa
# Option settings: hmmsearch --domtblout /home/bryan/Documentos/GitHub/Project_doctoral/IMPLEMENTACAO/Genomes/M_hyopneumoniae/strains/MHP709/Use/busco_draft/run_mycoplasmatales_odb10/hmmer_output/1830at2085.out --cpu 1 /home/bryan/Documentos/GitHub/Project_doctoral/IMPLEMENTACAO/Genomes/M_hyopneumoniae/strains/MHP709/Use/busco_downloads/lineages/mycoplasmatales_odb10/hmms/1830at2085.hmm /home/bryan/Documentos/GitHub/Project_doctoral/IMPLEMENTACAO/Genomes/M_hyopneumoniae/strains/MHP709/Use/busco_draft/prodigal_output/predicted_genes/predicted.faa 
# Current dir:     /home/bryan/Documentos/GitHub/Project_doctoral/IMPLEMENTACAO/Genomes/M_hyopneumoniae/strains/MHP709/Use
# Date:            Sun Dec  1 19:20:09 2024
# [ok]
