#                                                                                       --- full sequence --- -------------- this domain -------------   hmm coord   ali coord   env coord
# target name                   accession   tlen query name           accession   qlen   E-value  score  bias   #  of  c-Evalue  i-Evalue  score  bias  from    to  from    to  from    to  acc description of target
#           ------------------- ---------- ----- -------------------- ---------- ----- --------- ------ ----- --- --- --------- --------- ------ ----- ----- ----- ----- ----- ----- ----- ---- ---------------------
NZ_QQRJ01000006.1:16135-16773|+ -            213 3895at2085           -            150     1e-48  160.3   4.7   1   1   2.3e-47   4.1e-45  148.7   4.7     1   149     6   189     6   190 0.82 NZ_QQRJ01000006.1_25 # 16135 # 16773 # 1 # ID=55_25;partial=00;start_type=ATG;rbs_motif=AGxAGG/AGGxGG;rbs_spacer=11-12bp;gc_cont=0.288
NZ_QQRJ01000004.1:22058-22747|- -            230 3895at2085           -            150   1.1e-06   23.9   1.6   1   3   1.1e-07   1.9e-05   19.9   0.0     4    37    10    43     7    63 0.84 NZ_QQRJ01000004.1_20 # 22058 # 22747 # -1 # ID=43_20;partial=00;start_type=ATG;rbs_motif=4Base/6BMM;rbs_spacer=13-15bp;gc_cont=0.297
NZ_QQRJ01000004.1:22058-22747|- -            230 3895at2085           -            150   1.1e-06   23.9   1.6   2   3     0.047       8.2    1.6   0.1    60    85   108   133    83   143 0.84 NZ_QQRJ01000004.1_20 # 22058 # 22747 # -1 # ID=43_20;partial=00;start_type=ATG;rbs_motif=4Base/6BMM;rbs_spacer=13-15bp;gc_cont=0.297
NZ_QQRJ01000004.1:22058-22747|- -            230 3895at2085           -            150   1.1e-06   23.9   1.6   3   3      0.17        29   -0.2   0.1    45    94   170   216   154   226 0.55 NZ_QQRJ01000004.1_20 # 22058 # 22747 # -1 # ID=43_20;partial=00;start_type=ATG;rbs_motif=4Base/6BMM;rbs_spacer=13-15bp;gc_cont=0.297
NZ_QQRJ01000006.1:31997-32578|+ -            194 3895at2085           -            150   0.00096   14.4   0.2   1   2   5.5e-06   0.00096   14.4   0.2     2    36     5    40     3   100 0.79 NZ_QQRJ01000006.1_47 # 31997 # 32578 # 1 # ID=55_47;partial=00;start_type=ATG;rbs_motif=GGA/GAG/AGG;rbs_spacer=5-10bp;gc_cont=0.270
NZ_QQRJ01000006.1:31997-32578|+ -            194 3895at2085           -            150   0.00096   14.4   0.2   2   2      0.13        22    0.2   0.5    37    72   146   181   131   192 0.57 NZ_QQRJ01000006.1_47 # 31997 # 32578 # 1 # ID=55_47;partial=00;start_type=ATG;rbs_motif=GGA/GAG/AGG;rbs_spacer=5-10bp;gc_cont=0.270
NZ_QQRJ01000016.1:19249-20205|+ -            319 3895at2085           -            150    0.0018   13.5   0.0   1   1   3.1e-05    0.0054   11.9   0.0     2    24    42    64    41   120 0.80 NZ_QQRJ01000016.1_18 # 19249 # 20205 # 1 # ID=7_18;partial=00;start_type=ATG;rbs_motif=None;rbs_spacer=None;gc_cont=0.317
#
# Program:         hmmsearch
# Version:         3.4 (Aug 2023)
# Pipeline mode:   SEARCH
# Query file:      /home/bryan/Documentos/GitHub/Project_doctoral/IMPLEMENTACAO/Genomes/M_hyopneumoniae/strains/MHP709/Use/busco_downloads/lineages/mycoplasmatales_odb10/hmms/3895at2085.hmm
# Target file:     /home/bryan/Documentos/GitHub/Project_doctoral/IMPLEMENTACAO/Genomes/M_hyopneumoniae/strains/MHP709/Use/busco_draft/prodigal_output/predicted_genes/predicted.faa
# Option settings: hmmsearch --domtblout /home/bryan/Documentos/GitHub/Project_doctoral/IMPLEMENTACAO/Genomes/M_hyopneumoniae/strains/MHP709/Use/busco_draft/run_mycoplasmatales_odb10/hmmer_output/3895at2085.out --cpu 1 /home/bryan/Documentos/GitHub/Project_doctoral/IMPLEMENTACAO/Genomes/M_hyopneumoniae/strains/MHP709/Use/busco_downloads/lineages/mycoplasmatales_odb10/hmms/3895at2085.hmm /home/bryan/Documentos/GitHub/Project_doctoral/IMPLEMENTACAO/Genomes/M_hyopneumoniae/strains/MHP709/Use/busco_draft/prodigal_output/predicted_genes/predicted.faa 
# Current dir:     /home/bryan/Documentos/GitHub/Project_doctoral/IMPLEMENTACAO/Genomes/M_hyopneumoniae/strains/MHP709/Use
# Date:            Sun Dec  1 19:20:12 2024
# [ok]
