#                                                                                       --- full sequence --- -------------- this domain -------------   hmm coord   ali coord   env coord
# target name                   accession   tlen query name           accession   qlen   E-value  score  bias   #  of  c-Evalue  i-Evalue  score  bias  from    to  from    to  from    to  acc description of target
#           ------------------- ---------- ----- -------------------- ---------- ----- --------- ------ ----- --- --- --------- --------- ------ ----- ----- ----- ----- ----- ----- ----- ---- ---------------------
NZ_QQQX01000003.1:51393-53432|- -            680 1371at2085           -            438   1.2e-84  279.9 108.2   1   5   2.4e-32   1.2e-30  102.0   7.3     1   103    21   133    21   135 0.93 NZ_QQQX01000003.1_51 # 51393 # 53432 # -1 # ID=32_51;partial=00;start_type=ATG;rbs_motif=None;rbs_spacer=None;gc_cont=0.248
NZ_QQQX01000003.1:51393-53432|- -            680 1371at2085           -            438   1.2e-84  279.9 108.2   2   5   3.4e-27   1.7e-25   85.0  34.7   102   261   158   335   144   348 0.83 NZ_QQQX01000003.1_51 # 51393 # 53432 # -1 # ID=32_51;partial=00;start_type=ATG;rbs_motif=None;rbs_spacer=None;gc_cont=0.248
NZ_QQQX01000003.1:51393-53432|- -            680 1371at2085           -            438   1.2e-84  279.9 108.2   3   5      0.86        42   -2.0   6.9   161   228   339   406   331   407 0.73 NZ_QQQX01000003.1_51 # 51393 # 53432 # -1 # ID=32_51;partial=00;start_type=ATG;rbs_motif=None;rbs_spacer=None;gc_cont=0.248
NZ_QQQX01000003.1:51393-53432|- -            680 1371at2085           -            438   1.2e-84  279.9 108.2   4   5   1.7e-08   8.6e-07   23.3  19.9   269   372   408   552   405   559 0.75 NZ_QQQX01000003.1_51 # 51393 # 53432 # -1 # ID=32_51;partial=00;start_type=ATG;rbs_motif=None;rbs_spacer=None;gc_cont=0.248
NZ_QQQX01000003.1:51393-53432|- -            680 1371at2085           -            438   1.2e-84  279.9 108.2   5   5   4.9e-28   2.4e-26   87.8  11.6   349   438   573   663   567   663 0.83 NZ_QQQX01000003.1_51 # 51393 # 53432 # -1 # ID=32_51;partial=00;start_type=ATG;rbs_motif=None;rbs_spacer=None;gc_cont=0.248
NZ_QQQX01000012.1:28285-28971|- -            229 1371at2085           -            438   8.8e-12   39.8   9.4   1   2      0.25        12   -0.2   0.1   333   345    38    50    22    53 0.88 NZ_QQQX01000012.1_24 # 28285 # 28971 # -1 # ID=3_24;partial=00;start_type=ATG;rbs_motif=None;rbs_spacer=None;gc_cont=0.265
NZ_QQQX01000012.1:28285-28971|- -            229 1371at2085           -            438   8.8e-12   39.8   9.4   2   2   1.8e-13   8.8e-12   39.8   9.4   350   437    99   187    76   188 0.90 NZ_QQQX01000012.1_24 # 28285 # 28971 # -1 # ID=3_24;partial=00;start_type=ATG;rbs_motif=None;rbs_spacer=None;gc_cont=0.265
NZ_QQQX01000008.1:32181-32897|+ -            239 1371at2085           -            438   4.3e-10   34.2   2.3   1   2     0.038       1.9    2.4   1.2   333   374    43    90     6    95 0.76 NZ_QQQX01000008.1_27 # 32181 # 32897 # 1 # ID=73_27;partial=00;start_type=ATG;rbs_motif=AGGA;rbs_spacer=5-10bp;gc_cont=0.265
NZ_QQQX01000008.1:32181-32897|+ -            239 1371at2085           -            438   4.3e-10   34.2   2.3   2   2   8.8e-12   4.3e-10   34.2   2.3   374   435   131   194   111   196 0.83 NZ_QQQX01000008.1_27 # 32181 # 32897 # 1 # ID=73_27;partial=00;start_type=ATG;rbs_motif=AGGA;rbs_spacer=5-10bp;gc_cont=0.265
NZ_QQQX01000001.1:45942-47471|+ -            510 1371at2085           -            438   6.6e-10   33.6  10.7   1   3   2.9e-08   1.4e-06   22.6   0.7   377   431   151   206   148   213 0.87 NZ_QQQX01000001.1_33 # 45942 # 47471 # 1 # ID=11_33;partial=00;start_type=TTG;rbs_motif=GGAGG;rbs_spacer=5-10bp;gc_cont=0.323
NZ_QQQX01000001.1:45942-47471|+ -            510 1371at2085           -            438   6.6e-10   33.6  10.7   2   3      0.45        22   -1.1   3.6   278   313   362   397   355   403 0.73 NZ_QQQX01000001.1_33 # 45942 # 47471 # 1 # ID=11_33;partial=00;start_type=TTG;rbs_motif=GGAGG;rbs_spacer=5-10bp;gc_cont=0.323
NZ_QQQX01000001.1:45942-47471|+ -            510 1371at2085           -            438   6.6e-10   33.6  10.7   3   3   1.6e-05   0.00079   13.6   0.0   377   432   409   465   405   470 0.91 NZ_QQQX01000001.1_33 # 45942 # 47471 # 1 # ID=11_33;partial=00;start_type=TTG;rbs_motif=GGAGG;rbs_spacer=5-10bp;gc_cont=0.323
NZ_QQQX01000004.1:53702-55315|- -            538 1371at2085           -            438   4.7e-09   30.8   5.0   1   4      0.47        23   -1.1  33.4   104   290     9   214     2   232 0.61 NZ_QQQX01000004.1_39 # 53702 # 55315 # -1 # ID=43_39;partial=00;start_type=ATG;rbs_motif=AGxAGG/AGGxGG;rbs_spacer=5-10bp;gc_cont=0.260
NZ_QQQX01000004.1:53702-55315|- -            538 1371at2085           -            438   4.7e-09   30.8   5.0   2   4       3.3   1.6e+02   -3.9  24.8    95   199   233   338   219   348 0.75 NZ_QQQX01000004.1_39 # 53702 # 55315 # -1 # ID=43_39;partial=00;start_type=ATG;rbs_motif=AGxAGG/AGGxGG;rbs_spacer=5-10bp;gc_cont=0.260
NZ_QQQX01000004.1:53702-55315|- -            538 1371at2085           -            438   4.7e-09   30.8   5.0   3   4     0.008      0.39    4.7   7.7   333   404   361   451   344   453 0.67 NZ_QQQX01000004.1_39 # 53702 # 55315 # -1 # ID=43_39;partial=00;start_type=ATG;rbs_motif=AGxAGG/AGGxGG;rbs_spacer=5-10bp;gc_cont=0.260
NZ_QQQX01000004.1:53702-55315|- -            538 1371at2085           -            438   4.7e-09   30.8   5.0   4   4   9.6e-11   4.7e-09   30.8   5.0   367   431   443   508   424   514 0.81 NZ_QQQX01000004.1_39 # 53702 # 55315 # -1 # ID=43_39;partial=00;start_type=ATG;rbs_motif=AGxAGG/AGGxGG;rbs_spacer=5-10bp;gc_cont=0.260
NZ_QQQX01000016.1:8094-8990|-   -            299 1371at2085           -            438   4.1e-08   27.7   0.2   1   3       1.7        82   -3.0   0.2   162   212    27    77    13    81 0.66 NZ_QQQX01000016.1_5 # 8094 # 8990 # -1 # ID=7_5;partial=00;start_type=GTG;rbs_motif=AGGAG;rbs_spacer=5-10bp;gc_cont=0.356
NZ_QQQX01000016.1:8094-8990|-   -            299 1371at2085           -            438   4.1e-08   27.7   0.2   2   3       0.4        20   -0.9   0.1   333   344   101   112    92   156 0.80 NZ_QQQX01000016.1_5 # 8094 # 8990 # -1 # ID=7_5;partial=00;start_type=GTG;rbs_motif=AGGAG;rbs_spacer=5-10bp;gc_cont=0.356
NZ_QQQX01000016.1:8094-8990|-   -            299 1371at2085           -            438   4.1e-08   27.7   0.2   3   3   8.3e-10   4.1e-08   27.7   0.2   369   435   189   258   138   261 0.83 NZ_QQQX01000016.1_5 # 8094 # 8990 # -1 # ID=7_5;partial=00;start_type=GTG;rbs_motif=AGGAG;rbs_spacer=5-10bp;gc_cont=0.356
NZ_QQQX01000017.1:14740-15510|- -            257 1371at2085           -            438   4.6e-08   27.5   0.9   1   2   9.4e-10   4.6e-08   27.5   0.9   370   435   145   213   130   216 0.83 NZ_QQQX01000017.1_10 # 14740 # 15510 # -1 # ID=8_10;partial=00;start_type=ATG;rbs_motif=None;rbs_spacer=None;gc_cont=0.262
NZ_QQQX01000017.1:14740-15510|- -            257 1371at2085           -            438   4.6e-08   27.5   0.9   2   2     0.041         2    2.3   1.2   234   273   207   246   205   250 0.87 NZ_QQQX01000017.1_10 # 14740 # 15510 # -1 # ID=8_10;partial=00;start_type=ATG;rbs_motif=None;rbs_spacer=None;gc_cont=0.262
NZ_QQQX01000025.1:5712-7250|+   -            513 1371at2085           -            438   1.2e-07   26.1  23.6   1   4      0.13       6.3    0.7   0.1   333   344    43    54     3    56 0.85 NZ_QQQX01000025.1_8 # 5712 # 7250 # 1 # ID=17_8;partial=00;start_type=TTG;rbs_motif=AGGA;rbs_spacer=5-10bp;gc_cont=0.319
NZ_QQQX01000025.1:5712-7250|+   -            513 1371at2085           -            438   1.2e-07   26.1  23.6   2   4   1.7e-07   8.5e-06   20.1   0.8   378   436   144   204   136   206 0.90 NZ_QQQX01000025.1_8 # 5712 # 7250 # 1 # ID=17_8;partial=00;start_type=TTG;rbs_motif=AGGA;rbs_spacer=5-10bp;gc_cont=0.319
NZ_QQQX01000025.1:5712-7250|+   -            513 1371at2085           -            438   1.2e-07   26.1  23.6   3   4      0.14       7.1    0.5   5.7   274   324   356   406   324   407 0.82 NZ_QQQX01000025.1_8 # 5712 # 7250 # 1 # ID=17_8;partial=00;start_type=TTG;rbs_motif=AGGA;rbs_spacer=5-10bp;gc_cont=0.319
NZ_QQQX01000025.1:5712-7250|+   -            513 1371at2085           -            438   1.2e-07   26.1  23.6   4   4   7.7e-05    0.0038   11.3  10.3   338   431   372   465   359   471 0.74 NZ_QQQX01000025.1_8 # 5712 # 7250 # 1 # ID=17_8;partial=00;start_type=TTG;rbs_motif=AGGA;rbs_spacer=5-10bp;gc_cont=0.319
NZ_QQQX01000001.1:83800-84618|+ -            273 1371at2085           -            438   2.9e-07   24.9   5.2   1   2     0.061         3    1.8   1.7   318   354    27    68     1    93 0.55 NZ_QQQX01000001.1_63 # 83800 # 84618 # 1 # ID=11_63;partial=00;start_type=ATG;rbs_motif=GGA/GAG/AGG;rbs_spacer=5-10bp;gc_cont=0.306
NZ_QQQX01000001.1:83800-84618|+ -            273 1371at2085           -            438   2.9e-07   24.9   5.2   2   2   1.5e-08   7.5e-07   23.5   0.1   367   436   126   198   107   199 0.86 NZ_QQQX01000001.1_63 # 83800 # 84618 # 1 # ID=11_63;partial=00;start_type=ATG;rbs_motif=GGA/GAG/AGG;rbs_spacer=5-10bp;gc_cont=0.306
NZ_QQQX01000004.1:55308-56906|- -            533 1371at2085           -            438   3.5e-07   24.6   2.0   1   2      0.36        18   -0.8  40.6   102   316    13   240     3   243 0.64 NZ_QQQX01000004.1_40 # 55308 # 56906 # -1 # ID=43_40;partial=00;start_type=ATG;rbs_motif=AGGAGG;rbs_spacer=5-10bp;gc_cont=0.256
NZ_QQQX01000004.1:55308-56906|- -            533 1371at2085           -            438   3.5e-07   24.6   2.0   2   2   7.2e-09   3.5e-07   24.6   2.0   375   435   451   511   419   513 0.84 NZ_QQQX01000004.1_40 # 55308 # 56906 # -1 # ID=43_40;partial=00;start_type=ATG;rbs_motif=AGGAGG;rbs_spacer=5-10bp;gc_cont=0.256
NZ_QQQX01000005.1:42490-44100|- -            537 1371at2085           -            438   5.3e-07   24.0   6.9   1   1   1.1e-08   5.3e-07   24.0   6.9   374   434   460   521   424   524 0.76 NZ_QQQX01000005.1_33 # 42490 # 44100 # -1 # ID=54_33;partial=00;start_type=ATG;rbs_motif=GGA/GAG/AGG;rbs_spacer=5-10bp;gc_cont=0.187
NZ_QQQX01000007.1:5518-6852|+   -            445 1371at2085           -            438   1.2e-06   22.9   8.2   1   3    0.0076      0.38    4.7   0.0   333   358    47    78    44    91 0.84 NZ_QQQX01000007.1_5 # 5518 # 6852 # 1 # ID=72_5;partial=00;start_type=ATG;rbs_motif=GGA/GAG/AGG;rbs_spacer=11-12bp;gc_cont=0.303
NZ_QQQX01000007.1:5518-6852|+   -            445 1371at2085           -            438   1.2e-06   22.9   8.2   2   3       3.3   1.6e+02   -3.9   2.2   152   182   127   158   122   169 0.68 NZ_QQQX01000007.1_5 # 5518 # 6852 # 1 # ID=72_5;partial=00;start_type=ATG;rbs_motif=GGA/GAG/AGG;rbs_spacer=11-12bp;gc_cont=0.303
NZ_QQQX01000007.1:5518-6852|+   -            445 1371at2085           -            438   1.2e-06   22.9   8.2   3   3   4.4e-08   2.2e-06   22.0   0.2   376   436   229   292   201   293 0.82 NZ_QQQX01000007.1_5 # 5518 # 6852 # 1 # ID=72_5;partial=00;start_type=ATG;rbs_motif=GGA/GAG/AGG;rbs_spacer=11-12bp;gc_cont=0.303
NZ_QQQX01000024.1:1989-3599|-   -            537 1371at2085           -            438   1.6e-05   19.2   1.1   1   2       4.8   2.3e+02   -4.5  59.6    97   314    20   247     5   266 0.68 NZ_QQQX01000024.1_2 # 1989 # 3599 # -1 # ID=16_2;partial=00;start_type=ATG;rbs_motif=AGGA;rbs_spacer=5-10bp;gc_cont=0.233
NZ_QQQX01000024.1:1989-3599|-   -            537 1371at2085           -            438   1.6e-05   19.2   1.1   2   2   3.2e-07   1.6e-05   19.2   1.1   375   434   461   521   437   524 0.87 NZ_QQQX01000024.1_2 # 1989 # 3599 # -1 # ID=16_2;partial=00;start_type=ATG;rbs_motif=AGGA;rbs_spacer=5-10bp;gc_cont=0.233
NZ_QQQX01000005.1:40862-42481|- -            540 1371at2085           -            438   1.7e-05   19.0   3.3   1   1   3.5e-07   1.7e-05   19.0   3.3   367   422   455   512   445   526 0.77 NZ_QQQX01000005.1_32 # 40862 # 42481 # -1 # ID=54_32;partial=00;start_type=ATG;rbs_motif=None;rbs_spacer=None;gc_cont=0.231
NZ_QQQX01000024.1:365-1978|-    -            538 1371at2085           -            438   8.3e-05   16.8   8.5   1   3   0.00045     0.022    8.8  40.6    99   266    11   191     8   203 0.66 NZ_QQQX01000024.1_1 # 365 # 1978 # -1 # ID=16_1;partial=00;start_type=ATG;rbs_motif=AGGAGG;rbs_spacer=5-10bp;gc_cont=0.239
NZ_QQQX01000024.1:365-1978|-    -            538 1371at2085           -            438   8.3e-05   16.8   8.5   2   3     0.071       3.5    1.6  34.6   170   373   207   421   188   431 0.82 NZ_QQQX01000024.1_1 # 365 # 1978 # -1 # ID=16_1;partial=00;start_type=ATG;rbs_motif=AGGAGG;rbs_spacer=5-10bp;gc_cont=0.239
NZ_QQQX01000024.1:365-1978|-    -            538 1371at2085           -            438   8.3e-05   16.8   8.5   3   3   1.7e-06   8.3e-05   16.8   8.5   373   435   458   520   424   523 0.77 NZ_QQQX01000024.1_1 # 365 # 1978 # -1 # ID=16_1;partial=00;start_type=ATG;rbs_motif=AGGAGG;rbs_spacer=5-10bp;gc_cont=0.239
#
# Program:         hmmsearch
# Version:         3.4 (Aug 2023)
# Pipeline mode:   SEARCH
# Query file:      /home/bryan/Documentos/GitHub/Project_doctoral/IMPLEMENTACAO/Genomes/M_hyopneumoniae/strains/MHP699/Use/busco_downloads/lineages/mycoplasmatales_odb10/hmms/1371at2085.hmm
# Target file:     /home/bryan/Documentos/GitHub/Project_doctoral/IMPLEMENTACAO/Genomes/M_hyopneumoniae/strains/MHP699/Use/busco_draft/prodigal_output/predicted_genes/predicted.faa
# Option settings: hmmsearch --domtblout /home/bryan/Documentos/GitHub/Project_doctoral/IMPLEMENTACAO/Genomes/M_hyopneumoniae/strains/MHP699/Use/busco_draft/run_mycoplasmatales_odb10/hmmer_output/1371at2085.out --cpu 1 /home/bryan/Documentos/GitHub/Project_doctoral/IMPLEMENTACAO/Genomes/M_hyopneumoniae/strains/MHP699/Use/busco_downloads/lineages/mycoplasmatales_odb10/hmms/1371at2085.hmm /home/bryan/Documentos/GitHub/Project_doctoral/IMPLEMENTACAO/Genomes/M_hyopneumoniae/strains/MHP699/Use/busco_draft/prodigal_output/predicted_genes/predicted.faa 
# Current dir:     /home/bryan/Documentos/GitHub/Project_doctoral/IMPLEMENTACAO/Genomes/M_hyopneumoniae/strains/MHP699/Use
# Date:            Sun Dec  1 19:17:06 2024
# [ok]
