#                                                                                       --- full sequence --- -------------- this domain -------------   hmm coord   ali coord   env coord
# target name                   accession   tlen query name           accession   qlen   E-value  score  bias   #  of  c-Evalue  i-Evalue  score  bias  from    to  from    to  from    to  acc description of target
#           ------------------- ---------- ----- -------------------- ---------- ----- --------- ------ ----- --- --- --------- --------- ------ ----- ----- ----- ----- ----- ----- ----- ---- ---------------------
NZ_QQQX01000002.1:57022-58281|- -            420 1851at2085           -            347  8.9e-134  441.2  13.8   1   2    1e-122  1.5e-120  397.8   7.0     1   297     1   317     1   325 0.92 NZ_QQQX01000002.1_49 # 57022 # 58281 # -1 # ID=22_49;partial=00;start_type=ATG;rbs_motif=AGGA;rbs_spacer=5-10bp;gc_cont=0.308
NZ_QQQX01000002.1:57022-58281|- -            420 1851at2085           -            347  8.9e-134  441.2  13.8   2   2   2.4e-16   3.5e-14   47.9   0.5   287   347   352   418   324   418 0.83 NZ_QQQX01000002.1_49 # 57022 # 58281 # -1 # ID=22_49;partial=00;start_type=ATG;rbs_motif=AGGA;rbs_spacer=5-10bp;gc_cont=0.308
NZ_QQQX01000028.1:1940-3043|+   -            368 1851at2085           -            347   4.4e-14   47.6   0.9   1   1   5.8e-14   8.6e-12   40.1   0.9   154   250     5   118     2   209 0.80 NZ_QQQX01000028.1_4 # 1940 # 3043 # 1 # ID=20_4;partial=00;start_type=ATG;rbs_motif=None;rbs_spacer=None;gc_cont=0.298
NZ_QQQX01000002.1:19557-20858|- -            434 1851at2085           -            347   6.5e-09   30.6   0.2   1   2   8.7e-06    0.0013   13.2   0.1   153   273     4   124     1   153 0.73 NZ_QQQX01000002.1_18 # 19557 # 20858 # -1 # ID=22_18;partial=00;start_type=ATG;rbs_motif=None;rbs_spacer=None;gc_cont=0.293
NZ_QQQX01000002.1:19557-20858|- -            434 1851at2085           -            347   6.5e-09   30.6   0.2   2   2   2.3e-06   0.00035   15.1   0.0   145   278   164   300   156   308 0.80 NZ_QQQX01000002.1_18 # 19557 # 20858 # -1 # ID=22_18;partial=00;start_type=ATG;rbs_motif=None;rbs_spacer=None;gc_cont=0.293
NZ_QQQX01000002.1:185-976|-     -            264 1851at2085           -            347   2.3e-06   22.2   1.8   1   2     0.091        13   -0.0   0.2   213   249    28    64     8   108 0.61 NZ_QQQX01000002.1_1 # 185 # 976 # -1 # ID=22_1;partial=00;start_type=ATG;rbs_motif=GGA/GAG/AGG;rbs_spacer=3-4bp;gc_cont=0.270
NZ_QQQX01000002.1:185-976|-     -            264 1851at2085           -            347   2.3e-06   22.2   1.8   2   2   2.3e-08   3.4e-06   21.6   0.1   156   296   115   251    98   261 0.86 NZ_QQQX01000002.1_1 # 185 # 976 # -1 # ID=22_1;partial=00;start_type=ATG;rbs_motif=GGA/GAG/AGG;rbs_spacer=3-4bp;gc_cont=0.270
NZ_QQQX01000003.1:49285-50166|- -            294 1851at2085           -            347   0.00053   14.5   1.7   1   1   5.2e-06   0.00076   13.9   1.7   148   302     3   157     1   163 0.78 NZ_QQQX01000003.1_47 # 49285 # 50166 # -1 # ID=32_47;partial=00;start_type=ATG;rbs_motif=None;rbs_spacer=None;gc_cont=0.290
#
# Program:         hmmsearch
# Version:         3.4 (Aug 2023)
# Pipeline mode:   SEARCH
# Query file:      /home/bryan/Documentos/GitHub/Project_doctoral/IMPLEMENTACAO/Genomes/M_hyopneumoniae/strains/MHP699/Use/busco_downloads/lineages/mycoplasmatales_odb10/hmms/1851at2085.hmm
# Target file:     /home/bryan/Documentos/GitHub/Project_doctoral/IMPLEMENTACAO/Genomes/M_hyopneumoniae/strains/MHP699/Use/busco_draft/prodigal_output/predicted_genes/predicted.faa
# Option settings: hmmsearch --domtblout /home/bryan/Documentos/GitHub/Project_doctoral/IMPLEMENTACAO/Genomes/M_hyopneumoniae/strains/MHP699/Use/busco_draft/run_mycoplasmatales_odb10/hmmer_output/1851at2085.out --cpu 1 /home/bryan/Documentos/GitHub/Project_doctoral/IMPLEMENTACAO/Genomes/M_hyopneumoniae/strains/MHP699/Use/busco_downloads/lineages/mycoplasmatales_odb10/hmms/1851at2085.hmm /home/bryan/Documentos/GitHub/Project_doctoral/IMPLEMENTACAO/Genomes/M_hyopneumoniae/strains/MHP699/Use/busco_draft/prodigal_output/predicted_genes/predicted.faa 
# Current dir:     /home/bryan/Documentos/GitHub/Project_doctoral/IMPLEMENTACAO/Genomes/M_hyopneumoniae/strains/MHP699/Use
# Date:            Sun Dec  1 19:17:08 2024
# [ok]
