#                                                                                       --- full sequence --- -------------- this domain -------------   hmm coord   ali coord   env coord
# target name                   accession   tlen query name           accession   qlen   E-value  score  bias   #  of  c-Evalue  i-Evalue  score  bias  from    to  from    to  from    to  acc description of target
#           ------------------- ---------- ----- -------------------- ---------- ----- --------- ------ ----- --- --- --------- --------- ------ ----- ----- ----- ----- ----- ----- ----- ---- ---------------------
NZ_QQQX01000003.1:46106-46963|- -            286 3843at2085           -            213   9.5e-67  220.0   5.9   1   1     2e-68   1.5e-66  219.4   5.9    13   211    37   278    29   280 0.89 NZ_QQQX01000003.1_43 # 46106 # 46963 # -1 # ID=32_43;partial=00;start_type=ATG;rbs_motif=None;rbs_spacer=None;gc_cont=0.279
NZ_QQQX01000003.1:49285-50166|- -            294 3843at2085           -            213   2.6e-07   25.8   5.1   1   2     2e-06   0.00015   16.8   0.1   108   172     6    73     1    82 0.73 NZ_QQQX01000003.1_47 # 49285 # 50166 # -1 # ID=32_47;partial=00;start_type=ATG;rbs_motif=None;rbs_spacer=None;gc_cont=0.290
NZ_QQQX01000003.1:49285-50166|- -            294 3843at2085           -            213   2.6e-07   25.8   5.1   2   2   6.7e-05    0.0049   11.8   2.5    24   106    66   143    65   155 0.78 NZ_QQQX01000003.1_47 # 49285 # 50166 # -1 # ID=32_47;partial=00;start_type=ATG;rbs_motif=None;rbs_spacer=None;gc_cont=0.290
NZ_QQQX01000016.1:5083-5679|-   -            199 3843at2085           -            213   6.5e-06   21.2   0.2   1   2   1.8e-07   1.4e-05   20.2   0.0   106   173    35   104    15   115 0.78 NZ_QQQX01000016.1_2 # 5083 # 5679 # -1 # ID=7_2;partial=00;start_type=ATG;rbs_motif=None;rbs_spacer=None;gc_cont=0.291
NZ_QQQX01000016.1:5083-5679|-   -            199 3843at2085           -            213   6.5e-06   21.2   0.2   2   2       1.2        90   -2.1   0.1    76    82   149   155   125   182 0.51 NZ_QQQX01000016.1_2 # 5083 # 5679 # -1 # ID=7_2;partial=00;start_type=ATG;rbs_motif=None;rbs_spacer=None;gc_cont=0.291
NZ_QQQX01000010.1:24883-27165|+ -            761 3843at2085           -            213   8.5e-06   20.8   0.7   1   5   1.2e-07   8.5e-06   20.8   0.7   103   144    22    63     2    98 0.79 NZ_QQQX01000010.1_18 # 24883 # 27165 # 1 # ID=1_18;partial=00;start_type=ATG;rbs_motif=GGA/GAG/AGG;rbs_spacer=5-10bp;gc_cont=0.253
NZ_QQQX01000010.1:24883-27165|+ -            761 3843at2085           -            213   8.5e-06   20.8   0.7   2   5      0.66        49   -1.3   0.1    67   106   170   208   134   213 0.73 NZ_QQQX01000010.1_18 # 24883 # 27165 # 1 # ID=1_18;partial=00;start_type=ATG;rbs_motif=GGA/GAG/AGG;rbs_spacer=5-10bp;gc_cont=0.253
NZ_QQQX01000010.1:24883-27165|+ -            761 3843at2085           -            213   8.5e-06   20.8   0.7   3   5      0.45        33   -0.7   0.1   147   179   417   449   370   459 0.71 NZ_QQQX01000010.1_18 # 24883 # 27165 # 1 # ID=1_18;partial=00;start_type=ATG;rbs_motif=GGA/GAG/AGG;rbs_spacer=5-10bp;gc_cont=0.253
NZ_QQQX01000010.1:24883-27165|+ -            761 3843at2085           -            213   8.5e-06   20.8   0.7   4   5       1.6   1.2e+02   -2.5   0.1    46    75   561   590   523   601 0.77 NZ_QQQX01000010.1_18 # 24883 # 27165 # 1 # ID=1_18;partial=00;start_type=ATG;rbs_motif=GGA/GAG/AGG;rbs_spacer=5-10bp;gc_cont=0.253
NZ_QQQX01000010.1:24883-27165|+ -            761 3843at2085           -            213   8.5e-06   20.8   0.7   5   5      0.98        72   -1.8   2.0    48   102   697   751   693   758 0.80 NZ_QQQX01000010.1_18 # 24883 # 27165 # 1 # ID=1_18;partial=00;start_type=ATG;rbs_motif=GGA/GAG/AGG;rbs_spacer=5-10bp;gc_cont=0.253
NZ_QQQX01000015.1:18712-21555|+ -            948 3843at2085           -            213   2.7e-05   19.2   2.5   1   2    0.0021      0.15    6.9   0.1   100   125    22    48    10    57 0.77 NZ_QQQX01000015.1_13 # 18712 # 21555 # 1 # ID=6_13;partial=00;start_type=ATG;rbs_motif=None;rbs_spacer=None;gc_cont=0.327
NZ_QQQX01000015.1:18712-21555|+ -            948 3843at2085           -            213   2.7e-05   19.2   2.5   2   2    0.0001    0.0074   11.2   0.6   107   139   637   667   617   677 0.74 NZ_QQQX01000015.1_13 # 18712 # 21555 # 1 # ID=6_13;partial=00;start_type=ATG;rbs_motif=None;rbs_spacer=None;gc_cont=0.327
NZ_QQQX01000012.1:28285-28971|- -            229 3843at2085           -            213   3.6e-05   18.8   0.9   1   2   4.9e-07   3.6e-05   18.8   0.9   104   134    23    53    15   116 0.73 NZ_QQQX01000012.1_24 # 28285 # 28971 # -1 # ID=3_24;partial=00;start_type=ATG;rbs_motif=None;rbs_spacer=None;gc_cont=0.265
NZ_QQQX01000012.1:28285-28971|- -            229 3843at2085           -            213   3.6e-05   18.8   0.9   2   2      0.31        23   -0.2   1.0    69   110   170   212   103   219 0.69 NZ_QQQX01000012.1_24 # 28285 # 28971 # -1 # ID=3_24;partial=00;start_type=ATG;rbs_motif=None;rbs_spacer=None;gc_cont=0.265
NZ_QQQX01000002.1:19557-20858|- -            434 3843at2085           -            213   0.00022   16.2  10.5   1   4   0.00021     0.016   10.1   0.0   109   136     3    30     1    70 0.80 NZ_QQQX01000002.1_18 # 19557 # 20858 # -1 # ID=22_18;partial=00;start_type=ATG;rbs_motif=None;rbs_spacer=None;gc_cont=0.293
NZ_QQQX01000002.1:19557-20858|- -            434 3843at2085           -            213   0.00022   16.2  10.5   2   4    0.0073      0.54    5.1   0.0    97   162   160   228   154   259 0.68 NZ_QQQX01000002.1_18 # 19557 # 20858 # -1 # ID=22_18;partial=00;start_type=ATG;rbs_motif=None;rbs_spacer=None;gc_cont=0.293
NZ_QQQX01000002.1:19557-20858|- -            434 3843at2085           -            213   0.00022   16.2  10.5   3   4      0.36        26   -0.4   0.0    74    90   281   297   265   313 0.76 NZ_QQQX01000002.1_18 # 19557 # 20858 # -1 # ID=22_18;partial=00;start_type=ATG;rbs_motif=None;rbs_spacer=None;gc_cont=0.293
NZ_QQQX01000002.1:19557-20858|- -            434 3843at2085           -            213   0.00022   16.2  10.5   4   4     0.032       2.4    3.0   2.9    13    99   322   411   310   419 0.74 NZ_QQQX01000002.1_18 # 19557 # 20858 # -1 # ID=22_18;partial=00;start_type=ATG;rbs_motif=None;rbs_spacer=None;gc_cont=0.293
NZ_QQQX01000015.1:1453-3531|+   -            693 3843at2085           -            213   0.00025   16.0   1.6   1   4    0.0014       0.1    7.5   0.0   107   132    45    70    31    84 0.72 NZ_QQQX01000015.1_3 # 1453 # 3531 # 1 # ID=6_3;partial=00;start_type=ATG;rbs_motif=AGGA;rbs_spacer=5-10bp;gc_cont=0.304
NZ_QQQX01000015.1:1453-3531|+   -            693 3843at2085           -            213   0.00025   16.0   1.6   2   4       1.8   1.3e+02   -2.7   0.0    55    86    99   129    75   134 0.65 NZ_QQQX01000015.1_3 # 1453 # 3531 # 1 # ID=6_3;partial=00;start_type=ATG;rbs_motif=AGGA;rbs_spacer=5-10bp;gc_cont=0.304
NZ_QQQX01000015.1:1453-3531|+   -            693 3843at2085           -            213   0.00025   16.0   1.6   3   4       3.2   2.4e+02   -3.5   0.1    17    66   190   238   182   255 0.60 NZ_QQQX01000015.1_3 # 1453 # 3531 # 1 # ID=6_3;partial=00;start_type=ATG;rbs_motif=AGGA;rbs_spacer=5-10bp;gc_cont=0.304
NZ_QQQX01000015.1:1453-3531|+   -            693 3843at2085           -            213   0.00025   16.0   1.6   4   4    0.0055      0.41    5.5   0.0   111   130   438   457   421   481 0.84 NZ_QQQX01000015.1_3 # 1453 # 3531 # 1 # ID=6_3;partial=00;start_type=ATG;rbs_motif=AGGA;rbs_spacer=5-10bp;gc_cont=0.304
NZ_QQQX01000008.1:32181-32897|+ -            239 3843at2085           -            213    0.0004   15.4   0.7   1   2   5.4e-06    0.0004   15.4   0.7   104   138    28    62    10    67 0.81 NZ_QQQX01000008.1_27 # 32181 # 32897 # 1 # ID=73_27;partial=00;start_type=ATG;rbs_motif=AGGA;rbs_spacer=5-10bp;gc_cont=0.265
NZ_QQQX01000008.1:32181-32897|+ -            239 3843at2085           -            213    0.0004   15.4   0.7   2   2       2.3   1.7e+02   -3.0   0.1    52    74   105   127   103   131 0.66 NZ_QQQX01000008.1_27 # 32181 # 32897 # 1 # ID=73_27;partial=00;start_type=ATG;rbs_motif=AGGA;rbs_spacer=5-10bp;gc_cont=0.265
NZ_QQQX01000001.1:84591-85493|+ -            301 3843at2085           -            213    0.0011   13.9   0.1   1   1   3.3e-05    0.0024   12.8   0.1   102   129    27    54     9    57 0.82 NZ_QQQX01000001.1_64 # 84591 # 85493 # 1 # ID=11_64;partial=00;start_type=ATG;rbs_motif=GGA/GAG/AGG;rbs_spacer=5-10bp;gc_cont=0.306
#
# Program:         hmmsearch
# Version:         3.4 (Aug 2023)
# Pipeline mode:   SEARCH
# Query file:      /home/bryan/Documentos/GitHub/Project_doctoral/IMPLEMENTACAO/Genomes/M_hyopneumoniae/strains/MHP699/Use/busco_downloads/lineages/mycoplasmatales_odb10/hmms/3843at2085.hmm
# Target file:     /home/bryan/Documentos/GitHub/Project_doctoral/IMPLEMENTACAO/Genomes/M_hyopneumoniae/strains/MHP699/Use/busco_draft/prodigal_output/predicted_genes/predicted.faa
# Option settings: hmmsearch --domtblout /home/bryan/Documentos/GitHub/Project_doctoral/IMPLEMENTACAO/Genomes/M_hyopneumoniae/strains/MHP699/Use/busco_draft/run_mycoplasmatales_odb10/hmmer_output/3843at2085.out --cpu 1 /home/bryan/Documentos/GitHub/Project_doctoral/IMPLEMENTACAO/Genomes/M_hyopneumoniae/strains/MHP699/Use/busco_downloads/lineages/mycoplasmatales_odb10/hmms/3843at2085.hmm /home/bryan/Documentos/GitHub/Project_doctoral/IMPLEMENTACAO/Genomes/M_hyopneumoniae/strains/MHP699/Use/busco_draft/prodigal_output/predicted_genes/predicted.faa 
# Current dir:     /home/bryan/Documentos/GitHub/Project_doctoral/IMPLEMENTACAO/Genomes/M_hyopneumoniae/strains/MHP699/Use
# Date:            Sun Dec  1 19:17:10 2024
# [ok]
