#                                                                                       --- full sequence --- -------------- this domain -------------   hmm coord   ali coord   env coord
# target name                   accession   tlen query name           accession   qlen   E-value  score  bias   #  of  c-Evalue  i-Evalue  score  bias  from    to  from    to  from    to  acc description of target
#           ------------------- ---------- ----- -------------------- ---------- ----- --------- ------ ----- --- --- --------- --------- ------ ----- ----- ----- ----- ----- ----- ----- ---- ---------------------
NZ_QQQX01000007.1:15419-19825|+ -           1469 56at2085             -           1080         0 1371.1  30.4   1   1         0         0 1362.6  30.4    49  1080   317  1467   281  1467 0.89 NZ_QQQX01000007.1_15 # 15419 # 19825 # 1 # ID=72_15;partial=00;start_type=ATG;rbs_motif=AGGAG;rbs_spacer=5-10bp;gc_cont=0.304
NZ_QQQX01000006.1:12394-15339|- -            982 56at2085             -           1080   2.2e-27   90.7  35.2   1   7   4.2e-08   1.5e-05   18.4   0.0    54   118     4    69     1    75 0.92 NZ_QQQX01000006.1_14 # 12394 # 15339 # -1 # ID=65_14;partial=00;start_type=ATG;rbs_motif=None;rbs_spacer=None;gc_cont=0.288
NZ_QQQX01000006.1:12394-15339|- -            982 56at2085             -           1080   2.2e-27   90.7  35.2   2   7   1.4e-14   5.2e-12   39.8   2.4   388   566   136   320    80   324 0.73 NZ_QQQX01000006.1_14 # 12394 # 15339 # -1 # ID=65_14;partial=00;start_type=ATG;rbs_motif=None;rbs_spacer=None;gc_cont=0.288
NZ_QQQX01000006.1:12394-15339|- -            982 56at2085             -           1080   2.2e-27   90.7  35.2   3   7   4.8e-05     0.018    8.3   0.0   607   677   324   394   320   403 0.89 NZ_QQQX01000006.1_14 # 12394 # 15339 # -1 # ID=65_14;partial=00;start_type=ATG;rbs_motif=None;rbs_spacer=None;gc_cont=0.288
NZ_QQQX01000006.1:12394-15339|- -            982 56at2085             -           1080   2.2e-27   90.7  35.2   4   7    0.0015      0.54    3.4   0.1   674   754   437   512   426   547 0.78 NZ_QQQX01000006.1_14 # 12394 # 15339 # -1 # ID=65_14;partial=00;start_type=ATG;rbs_motif=None;rbs_spacer=None;gc_cont=0.288
NZ_QQQX01000006.1:12394-15339|- -            982 56at2085             -           1080   2.2e-27   90.7  35.2   5   7     0.013       4.6    0.3   0.4   292   373   584   667   582   686 0.78 NZ_QQQX01000006.1_14 # 12394 # 15339 # -1 # ID=65_14;partial=00;start_type=ATG;rbs_motif=None;rbs_spacer=None;gc_cont=0.288
NZ_QQQX01000006.1:12394-15339|- -            982 56at2085             -           1080   2.2e-27   90.7  35.2   6   7   1.6e-07   5.9e-05   16.5   7.2   906   945   684   723   667   737 0.83 NZ_QQQX01000006.1_14 # 12394 # 15339 # -1 # ID=65_14;partial=00;start_type=ATG;rbs_motif=None;rbs_spacer=None;gc_cont=0.288
NZ_QQQX01000006.1:12394-15339|- -            982 56at2085             -           1080   2.2e-27   90.7  35.2   7   7     2e-08   7.3e-06   19.5   0.2   987  1065   734   814   722   830 0.80 NZ_QQQX01000006.1_14 # 12394 # 15339 # -1 # ID=65_14;partial=00;start_type=ATG;rbs_motif=None;rbs_spacer=None;gc_cont=0.288
#
# Program:         hmmsearch
# Version:         3.4 (Aug 2023)
# Pipeline mode:   SEARCH
# Query file:      /home/bryan/Documentos/GitHub/Project_doctoral/IMPLEMENTACAO/Genomes/M_hyopneumoniae/strains/MHP699/Use/busco_downloads/lineages/mycoplasmatales_odb10/hmms/56at2085.hmm
# Target file:     /home/bryan/Documentos/GitHub/Project_doctoral/IMPLEMENTACAO/Genomes/M_hyopneumoniae/strains/MHP699/Use/busco_draft/prodigal_output/predicted_genes/predicted.faa
# Option settings: hmmsearch --domtblout /home/bryan/Documentos/GitHub/Project_doctoral/IMPLEMENTACAO/Genomes/M_hyopneumoniae/strains/MHP699/Use/busco_draft/run_mycoplasmatales_odb10/hmmer_output/56at2085.out --cpu 1 /home/bryan/Documentos/GitHub/Project_doctoral/IMPLEMENTACAO/Genomes/M_hyopneumoniae/strains/MHP699/Use/busco_downloads/lineages/mycoplasmatales_odb10/hmms/56at2085.hmm /home/bryan/Documentos/GitHub/Project_doctoral/IMPLEMENTACAO/Genomes/M_hyopneumoniae/strains/MHP699/Use/busco_draft/prodigal_output/predicted_genes/predicted.faa 
# Current dir:     /home/bryan/Documentos/GitHub/Project_doctoral/IMPLEMENTACAO/Genomes/M_hyopneumoniae/strains/MHP699/Use
# Date:            Sun Dec  1 19:17:13 2024
# [ok]
