#                                                                                         --- full sequence --- -------------- this domain -------------   hmm coord   ali coord   env coord
# target name                     accession   tlen query name           accession   qlen   E-value  score  bias   #  of  c-Evalue  i-Evalue  score  bias  from    to  from    to  from    to  acc description of target
#             ------------------- ---------- ----- -------------------- ---------- ----- --------- ------ ----- --- --- --------- --------- ------ ----- ----- ----- ----- ----- ----- ----- ---- ---------------------
NZ_WTQC01000002.1:146069-148681|+ -            871 147at2085            -            460  4.9e-196  647.2  22.2   1   4   5.4e-08   1.9e-05   18.9   1.2     2    33   276   307   275   319 0.91 NZ_WTQC01000002.1_112 # 146069 # 148681 # 1 # ID=12_112;partial=00;start_type=ATG;rbs_motif=AGGA/GGAG/GAGG;rbs_spacer=11-12bp;gc_cont=0.337
NZ_WTQC01000002.1:146069-148681|+ -            871 147at2085            -            460  4.9e-196  647.2  22.2   2   4     6e-17   2.1e-14   48.4   1.2    37    95   341   407   314   411 0.78 NZ_WTQC01000002.1_112 # 146069 # 148681 # 1 # ID=12_112;partial=00;start_type=ATG;rbs_motif=AGGA/GGAG/GAGG;rbs_spacer=11-12bp;gc_cont=0.337
NZ_WTQC01000002.1:146069-148681|+ -            871 147at2085            -            460  4.9e-196  647.2  22.2   3   4  3.4e-110  1.2e-107  355.8   0.5    94   300   444   657   435   666 0.95 NZ_WTQC01000002.1_112 # 146069 # 148681 # 1 # ID=12_112;partial=00;start_type=ATG;rbs_motif=AGGA/GGAG/GAGG;rbs_spacer=11-12bp;gc_cont=0.337
NZ_WTQC01000002.1:146069-148681|+ -            871 147at2085            -            460  4.9e-196  647.2  22.2   4   4   2.8e-74   9.7e-72  237.4   0.6   301   460   695   869   690   869 0.95 NZ_WTQC01000002.1_112 # 146069 # 148681 # 1 # ID=12_112;partial=00;start_type=ATG;rbs_motif=AGGA/GGAG/GAGG;rbs_spacer=11-12bp;gc_cont=0.337
NZ_WTQC01000005.1:62895-63851|+   -            319 147at2085            -            460     1e-05   19.7   5.3   1   3   1.6e-06   0.00055   14.0   0.0   100   125    42    67    36    81 0.85 NZ_WTQC01000005.1_52 # 62895 # 63851 # 1 # ID=15_52;partial=00;start_type=ATG;rbs_motif=None;rbs_spacer=None;gc_cont=0.320
NZ_WTQC01000005.1:62895-63851|+   -            319 147at2085            -            460     1e-05   19.7   5.3   2   3    0.0014      0.48    4.4   0.5   208   273   134   196    84   204 0.72 NZ_WTQC01000005.1_52 # 62895 # 63851 # 1 # ID=15_52;partial=00;start_type=ATG;rbs_motif=None;rbs_spacer=None;gc_cont=0.320
NZ_WTQC01000005.1:62895-63851|+   -            319 147at2085            -            460     1e-05   19.7   5.3   3   3    0.0053       1.8    2.4   0.1     8    78   205   277   199   290 0.82 NZ_WTQC01000005.1_52 # 62895 # 63851 # 1 # ID=15_52;partial=00;start_type=ATG;rbs_motif=None;rbs_spacer=None;gc_cont=0.320
#
# Program:         hmmsearch
# Version:         3.4 (Aug 2023)
# Pipeline mode:   SEARCH
# Query file:      /home/bryan/Documentos/GitHub/Project_doctoral/IMPLEMENTACAO/Genomes/M_hyopneumoniae/strains/98/Use/busco_downloads/lineages/mycoplasmatales_odb10/hmms/147at2085.hmm
# Target file:     /home/bryan/Documentos/GitHub/Project_doctoral/IMPLEMENTACAO/Genomes/M_hyopneumoniae/strains/98/Use/busco_draft/prodigal_output/predicted_genes/predicted.faa
# Option settings: hmmsearch --domtblout /home/bryan/Documentos/GitHub/Project_doctoral/IMPLEMENTACAO/Genomes/M_hyopneumoniae/strains/98/Use/busco_draft/run_mycoplasmatales_odb10/hmmer_output/147at2085.out --cpu 1 /home/bryan/Documentos/GitHub/Project_doctoral/IMPLEMENTACAO/Genomes/M_hyopneumoniae/strains/98/Use/busco_downloads/lineages/mycoplasmatales_odb10/hmms/147at2085.hmm /home/bryan/Documentos/GitHub/Project_doctoral/IMPLEMENTACAO/Genomes/M_hyopneumoniae/strains/98/Use/busco_draft/prodigal_output/predicted_genes/predicted.faa 
# Current dir:     /home/bryan/Documentos/GitHub/Project_doctoral/IMPLEMENTACAO/Genomes/M_hyopneumoniae/strains/98/Use
# Date:            Sun Dec  1 19:11:06 2024
# [ok]
