#                                                                                         --- full sequence --- -------------- this domain -------------   hmm coord   ali coord   env coord
# target name                     accession   tlen query name           accession   qlen   E-value  score  bias   #  of  c-Evalue  i-Evalue  score  bias  from    to  from    to  from    to  acc description of target
#             ------------------- ---------- ----- -------------------- ---------- ----- --------- ------ ----- --- --- --------- --------- ------ ----- ----- ----- ----- ----- ----- ----- ---- ---------------------
NZ_WTQC01000003.1:5367-8027|-     -            887 157at2085            -            637  4.4e-233  770.4  37.8   1   4   4.2e-91   7.3e-89  294.0   1.3     1   221    19   274    19   287 0.85 NZ_WTQC01000003.1_8 # 5367 # 8027 # -1 # ID=13_8;partial=00;start_type=ATG;rbs_motif=AGGA;rbs_spacer=5-10bp;gc_cont=0.307
NZ_WTQC01000003.1:5367-8027|-     -            887 157at2085            -            637  4.4e-233  770.4  37.8   2   4    5e-132  8.7e-130  429.2   7.9   224   543   303   675   293   677 0.88 NZ_WTQC01000003.1_8 # 5367 # 8027 # -1 # ID=13_8;partial=00;start_type=ATG;rbs_motif=AGGA;rbs_spacer=5-10bp;gc_cont=0.307
NZ_WTQC01000003.1:5367-8027|-     -            887 157at2085            -            637  4.4e-233  770.4  37.8   3   4   4.2e-20   7.3e-18   59.4  10.4   510   602   669   772   665   809 0.81 NZ_WTQC01000003.1_8 # 5367 # 8027 # -1 # ID=13_8;partial=00;start_type=ATG;rbs_motif=AGGA;rbs_spacer=5-10bp;gc_cont=0.307
NZ_WTQC01000003.1:5367-8027|-     -            887 157at2085            -            637  4.4e-233  770.4  37.8   4   4      0.02       3.5    1.0   0.2   611   637   837   863   824   863 0.76 NZ_WTQC01000003.1_8 # 5367 # 8027 # -1 # ID=13_8;partial=00;start_type=ATG;rbs_motif=AGGA;rbs_spacer=5-10bp;gc_cont=0.307
NZ_WTQC01000001.1:120224-122692|+ -            823 157at2085            -            637   8.7e-45  148.4  32.6   1   2   9.7e-45   1.7e-42  140.8  24.1     8   531    17   586    10   599 0.75 NZ_WTQC01000001.1_105 # 120224 # 122692 # 1 # ID=1_105;partial=00;start_type=ATG;rbs_motif=AGGA;rbs_spacer=5-10bp;gc_cont=0.299
NZ_WTQC01000001.1:120224-122692|+ -            823 157at2085            -            637   8.7e-45  148.4  32.6   2   2   0.00014     0.024    8.2   2.3   513   588   593   666   588   700 0.72 NZ_WTQC01000001.1_105 # 120224 # 122692 # 1 # ID=1_105;partial=00;start_type=ATG;rbs_motif=AGGA;rbs_spacer=5-10bp;gc_cont=0.299
NZ_WTQC01000001.1:76755-79127|-   -            791 157at2085            -            637   3.6e-38  126.5   9.7   1   4     5e-15   8.7e-13   42.7   0.0    11   162    17   172    10   179 0.74 NZ_WTQC01000001.1_80 # 76755 # 79127 # -1 # ID=1_80;partial=00;start_type=ATG;rbs_motif=GGA/GAG/AGG;rbs_spacer=5-10bp;gc_cont=0.308
NZ_WTQC01000001.1:76755-79127|-   -            791 157at2085            -            637   3.6e-38  126.5   9.7   2   4      0.17        29   -2.0   0.0   297   321   180   204   175   231 0.88 NZ_WTQC01000001.1_80 # 76755 # 79127 # -1 # ID=1_80;partial=00;start_type=ATG;rbs_motif=GGA/GAG/AGG;rbs_spacer=5-10bp;gc_cont=0.308
NZ_WTQC01000001.1:76755-79127|-   -            791 157at2085            -            637   3.6e-38  126.5   9.7   3   4   9.3e-10   1.6e-07   25.3   0.2   320   413   384   482   377   508 0.67 NZ_WTQC01000001.1_80 # 76755 # 79127 # -1 # ID=1_80;partial=00;start_type=ATG;rbs_motif=GGA/GAG/AGG;rbs_spacer=5-10bp;gc_cont=0.308
NZ_WTQC01000001.1:76755-79127|-   -            791 157at2085            -            637   3.6e-38  126.5   9.7   4   4   7.3e-21   1.3e-18   61.9   1.4   435   607   540   722   496   736 0.75 NZ_WTQC01000001.1_80 # 76755 # 79127 # -1 # ID=1_80;partial=00;start_type=ATG;rbs_motif=GGA/GAG/AGG;rbs_spacer=5-10bp;gc_cont=0.308
NZ_WTQC01000005.1:50086-51627|+   -            514 157at2085            -            637   7.5e-17   56.1   2.6   1   4   2.5e-12   4.4e-10   33.7   0.9    33   164    13   145     2   153 0.74 NZ_WTQC01000005.1_42 # 50086 # 51627 # 1 # ID=15_42;partial=00;start_type=ATG;rbs_motif=GGA/GAG/AGG;rbs_spacer=5-10bp;gc_cont=0.274
NZ_WTQC01000005.1:50086-51627|+   -            514 157at2085            -            637   7.5e-17   56.1   2.6   2   4     0.058        10   -0.5   0.2   388   439   217   267   177   274 0.72 NZ_WTQC01000005.1_42 # 50086 # 51627 # 1 # ID=15_42;partial=00;start_type=ATG;rbs_motif=GGA/GAG/AGG;rbs_spacer=5-10bp;gc_cont=0.274
NZ_WTQC01000005.1:50086-51627|+   -            514 157at2085            -            637   7.5e-17   56.1   2.6   3   4     3e-11   5.2e-09   30.2   0.0   445   516   294   365   284   386 0.82 NZ_WTQC01000005.1_42 # 50086 # 51627 # 1 # ID=15_42;partial=00;start_type=ATG;rbs_motif=GGA/GAG/AGG;rbs_spacer=5-10bp;gc_cont=0.274
NZ_WTQC01000005.1:50086-51627|+   -            514 157at2085            -            637   7.5e-17   56.1   2.6   4   4      0.18        31   -2.1   1.2   518   589   401   480   392   503 0.47 NZ_WTQC01000005.1_42 # 50086 # 51627 # 1 # ID=15_42;partial=00;start_type=ATG;rbs_motif=GGA/GAG/AGG;rbs_spacer=5-10bp;gc_cont=0.274
#
# Program:         hmmsearch
# Version:         3.4 (Aug 2023)
# Pipeline mode:   SEARCH
# Query file:      /home/bryan/Documentos/GitHub/Project_doctoral/IMPLEMENTACAO/Genomes/M_hyopneumoniae/strains/98/Use/busco_downloads/lineages/mycoplasmatales_odb10/hmms/157at2085.hmm
# Target file:     /home/bryan/Documentos/GitHub/Project_doctoral/IMPLEMENTACAO/Genomes/M_hyopneumoniae/strains/98/Use/busco_draft/prodigal_output/predicted_genes/predicted.faa
# Option settings: hmmsearch --domtblout /home/bryan/Documentos/GitHub/Project_doctoral/IMPLEMENTACAO/Genomes/M_hyopneumoniae/strains/98/Use/busco_draft/run_mycoplasmatales_odb10/hmmer_output/157at2085.out --cpu 1 /home/bryan/Documentos/GitHub/Project_doctoral/IMPLEMENTACAO/Genomes/M_hyopneumoniae/strains/98/Use/busco_downloads/lineages/mycoplasmatales_odb10/hmms/157at2085.hmm /home/bryan/Documentos/GitHub/Project_doctoral/IMPLEMENTACAO/Genomes/M_hyopneumoniae/strains/98/Use/busco_draft/prodigal_output/predicted_genes/predicted.faa 
# Current dir:     /home/bryan/Documentos/GitHub/Project_doctoral/IMPLEMENTACAO/Genomes/M_hyopneumoniae/strains/98/Use
# Date:            Sun Dec  1 19:11:06 2024
# [ok]
