#                                                                                         --- full sequence --- -------------- this domain -------------   hmm coord   ali coord   env coord
# target name                     accession   tlen query name           accession   qlen   E-value  score  bias   #  of  c-Evalue  i-Evalue  score  bias  from    to  from    to  from    to  acc description of target
#             ------------------- ---------- ----- -------------------- ---------- ----- --------- ------ ----- --- --- --------- --------- ------ ----- ----- ----- ----- ----- ----- ----- ---- ---------------------
NZ_WTQC01000001.1:52764-53621|-   -            286 3843at2085           -            213   9.8e-67  219.9   6.1   1   1   2.6e-68   1.5e-66  219.3   6.1    13   211    37   278    32   280 0.89 NZ_WTQC01000001.1_53 # 52764 # 53621 # -1 # ID=1_53;partial=00;start_type=ATG;rbs_motif=None;rbs_spacer=None;gc_cont=0.287
NZ_WTQC01000001.1:55943-56824|-   -            294 3843at2085           -            213   1.3e-06   23.4   6.0   1   2   2.4e-06   0.00014   16.8   0.2   108   172     6    73     1    82 0.73 NZ_WTQC01000001.1_57 # 55943 # 56824 # -1 # ID=1_57;partial=00;start_type=ATG;rbs_motif=None;rbs_spacer=None;gc_cont=0.291
NZ_WTQC01000001.1:55943-56824|-   -            294 3843at2085           -            213   1.3e-06   23.4   6.0   2   2   0.00037     0.021    9.6   3.2    24   106    66   143    65   155 0.74 NZ_WTQC01000001.1_57 # 55943 # 56824 # -1 # ID=1_57;partial=00;start_type=ATG;rbs_motif=None;rbs_spacer=None;gc_cont=0.291
NZ_WTQC01000004.1:10706-11302|-   -            199 3843at2085           -            213   5.8e-06   21.3   0.2   1   2   2.1e-07   1.2e-05   20.2   0.0   104   173    33   104    11   115 0.77 NZ_WTQC01000004.1_2 # 10706 # 11302 # -1 # ID=14_2;partial=00;start_type=ATG;rbs_motif=None;rbs_spacer=None;gc_cont=0.295
NZ_WTQC01000004.1:10706-11302|-   -            199 3843at2085           -            213   5.8e-06   21.3   0.2   2   2       1.4        84   -2.1   0.1    76    80   149   153   125   182 0.51 NZ_WTQC01000004.1_2 # 10706 # 11302 # -1 # ID=14_2;partial=00;start_type=ATG;rbs_motif=None;rbs_spacer=None;gc_cont=0.295
NZ_WTQC01000008.1:20360-22324|+   -            655 3843at2085           -            213   6.7e-06   21.1   0.4   1   3   1.2e-07   6.7e-06   21.1   0.4   104   137    23    56     5    79 0.83 NZ_WTQC01000008.1_13 # 20360 # 22324 # 1 # ID=18_13;partial=00;start_type=ATG;rbs_motif=GGA/GAG/AGG;rbs_spacer=5-10bp;gc_cont=0.247
NZ_WTQC01000008.1:20360-22324|+   -            655 3843at2085           -            213   6.7e-06   21.1   0.4   2   3      0.16       9.2    1.0   0.9    71   109   173   212   150   220 0.75 NZ_WTQC01000008.1_13 # 20360 # 22324 # 1 # ID=18_13;partial=00;start_type=ATG;rbs_motif=GGA/GAG/AGG;rbs_spacer=5-10bp;gc_cont=0.247
NZ_WTQC01000008.1:20360-22324|+   -            655 3843at2085           -            213   6.7e-06   21.1   0.4   3   3      0.41        24   -0.3   0.6    89   131   398   440   362   460 0.68 NZ_WTQC01000008.1_13 # 20360 # 22324 # 1 # ID=18_13;partial=00;start_type=ATG;rbs_motif=GGA/GAG/AGG;rbs_spacer=5-10bp;gc_cont=0.247
NZ_WTQC01000008.1:18001-20283|+   -            761 3843at2085           -            213   8.1e-06   20.8   0.7   1   5   1.4e-07   8.1e-06   20.8   0.7   103   144    22    63     2    98 0.79 NZ_WTQC01000008.1_12 # 18001 # 20283 # 1 # ID=18_12;partial=00;start_type=ATG;rbs_motif=GGA/GAG/AGG;rbs_spacer=5-10bp;gc_cont=0.253
NZ_WTQC01000008.1:18001-20283|+   -            761 3843at2085           -            213   8.1e-06   20.8   0.7   2   5       0.8        46   -1.3   0.1    67   106   170   208   134   213 0.73 NZ_WTQC01000008.1_12 # 18001 # 20283 # 1 # ID=18_12;partial=00;start_type=ATG;rbs_motif=GGA/GAG/AGG;rbs_spacer=5-10bp;gc_cont=0.253
NZ_WTQC01000008.1:18001-20283|+   -            761 3843at2085           -            213   8.1e-06   20.8   0.7   3   5      0.63        37   -0.9   0.1   147   179   417   449   389   459 0.69 NZ_WTQC01000008.1_12 # 18001 # 20283 # 1 # ID=18_12;partial=00;start_type=ATG;rbs_motif=GGA/GAG/AGG;rbs_spacer=5-10bp;gc_cont=0.253
NZ_WTQC01000008.1:18001-20283|+   -            761 3843at2085           -            213   8.1e-06   20.8   0.7   4   5       2.3   1.3e+02   -2.8   0.1    46    75   561   590   523   596 0.76 NZ_WTQC01000008.1_12 # 18001 # 20283 # 1 # ID=18_12;partial=00;start_type=ATG;rbs_motif=GGA/GAG/AGG;rbs_spacer=5-10bp;gc_cont=0.253
NZ_WTQC01000008.1:18001-20283|+   -            761 3843at2085           -            213   8.1e-06   20.8   0.7   5   5       1.2        69   -1.8   2.0    48   102   697   751   693   758 0.80 NZ_WTQC01000008.1_12 # 18001 # 20283 # 1 # ID=18_12;partial=00;start_type=ATG;rbs_motif=GGA/GAG/AGG;rbs_spacer=5-10bp;gc_cont=0.253
NZ_WTQC01000003.1:84289-87132|-   -            948 3843at2085           -            213   2.9e-05   19.0   2.5   1   2    0.0025      0.15    6.9   0.1   100   125    22    48    10    57 0.77 NZ_WTQC01000003.1_70 # 84289 # 87132 # -1 # ID=13_70;partial=00;start_type=ATG;rbs_motif=None;rbs_spacer=None;gc_cont=0.326
NZ_WTQC01000003.1:84289-87132|-   -            948 3843at2085           -            213   2.9e-05   19.0   2.5   2   2   0.00012     0.007   11.2   0.6   107   139   637   667   617   677 0.74 NZ_WTQC01000003.1_70 # 84289 # 87132 # -1 # ID=13_70;partial=00;start_type=ATG;rbs_motif=None;rbs_spacer=None;gc_cont=0.326
NZ_WTQC01000006.1:5815-6501|+     -            229 3843at2085           -            213   3.4e-05   18.8   0.9   1   2   5.8e-07   3.4e-05   18.8   0.9   104   134    23    53    15   116 0.73 NZ_WTQC01000006.1_6 # 5815 # 6501 # 1 # ID=16_6;partial=00;start_type=ATG;rbs_motif=None;rbs_spacer=None;gc_cont=0.265
NZ_WTQC01000006.1:5815-6501|+     -            229 3843at2085           -            213   3.4e-05   18.8   0.9   2   2      0.37        21   -0.2   1.0    69   110   170   212   103   219 0.69 NZ_WTQC01000006.1_6 # 5815 # 6501 # 1 # ID=16_6;partial=00;start_type=ATG;rbs_motif=None;rbs_spacer=None;gc_cont=0.265
NZ_WTQC01000008.1:3466-5784|-     -            773 3843at2085           -            213   7.1e-05   17.7   0.2   1   3   1.2e-06   7.1e-05   17.7   0.2    98   138    18    57     2    93 0.80 NZ_WTQC01000008.1_4 # 3466 # 5784 # -1 # ID=18_4;partial=00;start_type=ATG;rbs_motif=None;rbs_spacer=None;gc_cont=0.266
NZ_WTQC01000008.1:3466-5784|-     -            773 3843at2085           -            213   7.1e-05   17.7   0.2   2   3       2.5   1.4e+02   -2.9   0.2    86   103   187   204   168   263 0.55 NZ_WTQC01000008.1_4 # 3466 # 5784 # -1 # ID=18_4;partial=00;start_type=ATG;rbs_motif=None;rbs_spacer=None;gc_cont=0.266
NZ_WTQC01000008.1:3466-5784|-     -            773 3843at2085           -            213   7.1e-05   17.7   0.2   3   3      0.91        53   -1.5   0.1   119   187   400   469   375   472 0.77 NZ_WTQC01000008.1_4 # 3466 # 5784 # -1 # ID=18_4;partial=00;start_type=ATG;rbs_motif=None;rbs_spacer=None;gc_cont=0.266
NZ_WTQC01000003.1:102317-104395|- -            693 3843at2085           -            213   0.00022   16.1   1.6   1   4    0.0017     0.097    7.5   0.0   107   132    45    70    31    84 0.72 NZ_WTQC01000003.1_80 # 102317 # 104395 # -1 # ID=13_80;partial=00;start_type=ATG;rbs_motif=AGGA;rbs_spacer=5-10bp;gc_cont=0.302
NZ_WTQC01000003.1:102317-104395|- -            693 3843at2085           -            213   0.00022   16.1   1.6   2   4       2.2   1.3e+02   -2.7   0.0    55    86    99   129    75   134 0.65 NZ_WTQC01000003.1_80 # 102317 # 104395 # -1 # ID=13_80;partial=00;start_type=ATG;rbs_motif=AGGA;rbs_spacer=5-10bp;gc_cont=0.302
NZ_WTQC01000003.1:102317-104395|- -            693 3843at2085           -            213   0.00022   16.1   1.6   3   4       3.9   2.3e+02   -3.5   0.1    17    66   190   238   182   255 0.60 NZ_WTQC01000003.1_80 # 102317 # 104395 # -1 # ID=13_80;partial=00;start_type=ATG;rbs_motif=AGGA;rbs_spacer=5-10bp;gc_cont=0.302
NZ_WTQC01000003.1:102317-104395|- -            693 3843at2085           -            213   0.00022   16.1   1.6   4   4    0.0066      0.39    5.5   0.0   111   130   438   457   421   481 0.84 NZ_WTQC01000003.1_80 # 102317 # 104395 # -1 # ID=13_80;partial=00;start_type=ATG;rbs_motif=AGGA;rbs_spacer=5-10bp;gc_cont=0.302
NZ_WTQC01000004.1:37907-38623|-   -            239 3843at2085           -            213   0.00038   15.4   0.7   1   2   6.5e-06   0.00038   15.4   0.7   104   138    28    62    10    67 0.81 NZ_WTQC01000004.1_21 # 37907 # 38623 # -1 # ID=14_21;partial=00;start_type=ATG;rbs_motif=AGGA;rbs_spacer=5-10bp;gc_cont=0.265
NZ_WTQC01000004.1:37907-38623|-   -            239 3843at2085           -            213   0.00038   15.4   0.7   2   2       2.7   1.6e+02   -3.0   0.1    52    74   105   127   103   131 0.66 NZ_WTQC01000004.1_21 # 37907 # 38623 # -1 # ID=14_21;partial=00;start_type=ATG;rbs_motif=AGGA;rbs_spacer=5-10bp;gc_cont=0.265
NZ_WTQC01000003.1:59094-60395|+   -            434 3843at2085           -            213   0.00047   15.0  11.8   1   4   0.00026     0.015   10.1   0.0   109   136     3    30     1    70 0.80 NZ_WTQC01000003.1_50 # 59094 # 60395 # 1 # ID=13_50;partial=00;start_type=ATG;rbs_motif=None;rbs_spacer=None;gc_cont=0.293
NZ_WTQC01000003.1:59094-60395|+   -            434 3843at2085           -            213   0.00047   15.0  11.8   2   4    0.0081      0.47    5.2   0.1    97   162   160   228   153   254 0.68 NZ_WTQC01000003.1_50 # 59094 # 60395 # 1 # ID=13_50;partial=00;start_type=ATG;rbs_motif=None;rbs_spacer=None;gc_cont=0.293
NZ_WTQC01000003.1:59094-60395|+   -            434 3843at2085           -            213   0.00047   15.0  11.8   3   4      0.35        21   -0.1   0.0    73    90   280   297   249   314 0.78 NZ_WTQC01000003.1_50 # 59094 # 60395 # 1 # ID=13_50;partial=00;start_type=ATG;rbs_motif=None;rbs_spacer=None;gc_cont=0.293
NZ_WTQC01000003.1:59094-60395|+   -            434 3843at2085           -            213   0.00047   15.0  11.8   4   4     0.041       2.4    2.9   3.0    13    99   322   411   310   419 0.74 NZ_WTQC01000003.1_50 # 59094 # 60395 # 1 # ID=13_50;partial=00;start_type=ATG;rbs_motif=None;rbs_spacer=None;gc_cont=0.293
NZ_WTQC01000006.1:38149-39051|-   -            301 3843at2085           -            213    0.0011   13.9   0.1   1   1     4e-05    0.0023   12.8   0.1   102   129    27    54     9    57 0.82 NZ_WTQC01000006.1_33 # 38149 # 39051 # -1 # ID=16_33;partial=00;start_type=ATG;rbs_motif=GGA/GAG/AGG;rbs_spacer=5-10bp;gc_cont=0.305
#
# Program:         hmmsearch
# Version:         3.4 (Aug 2023)
# Pipeline mode:   SEARCH
# Query file:      /home/bryan/Documentos/GitHub/Project_doctoral/IMPLEMENTACAO/Genomes/M_hyopneumoniae/strains/98/Use/busco_downloads/lineages/mycoplasmatales_odb10/hmms/3843at2085.hmm
# Target file:     /home/bryan/Documentos/GitHub/Project_doctoral/IMPLEMENTACAO/Genomes/M_hyopneumoniae/strains/98/Use/busco_draft/prodigal_output/predicted_genes/predicted.faa
# Option settings: hmmsearch --domtblout /home/bryan/Documentos/GitHub/Project_doctoral/IMPLEMENTACAO/Genomes/M_hyopneumoniae/strains/98/Use/busco_draft/run_mycoplasmatales_odb10/hmmer_output/3843at2085.out --cpu 1 /home/bryan/Documentos/GitHub/Project_doctoral/IMPLEMENTACAO/Genomes/M_hyopneumoniae/strains/98/Use/busco_downloads/lineages/mycoplasmatales_odb10/hmms/3843at2085.hmm /home/bryan/Documentos/GitHub/Project_doctoral/IMPLEMENTACAO/Genomes/M_hyopneumoniae/strains/98/Use/busco_draft/prodigal_output/predicted_genes/predicted.faa 
# Current dir:     /home/bryan/Documentos/GitHub/Project_doctoral/IMPLEMENTACAO/Genomes/M_hyopneumoniae/strains/98/Use
# Date:            Sun Dec  1 19:11:10 2024
# [ok]
