#                                                                                         --- full sequence --- -------------- this domain -------------   hmm coord   ali coord   env coord
# target name                     accession   tlen query name           accession   qlen   E-value  score  bias   #  of  c-Evalue  i-Evalue  score  bias  from    to  from    to  from    to  acc description of target
#             ------------------- ---------- ----- -------------------- ---------- ----- --------- ------ ----- --- --- --------- --------- ------ ----- ----- ----- ----- ----- ----- ----- ---- ---------------------
NZ_WTQC01000001.1:53622-54203|-   -            194 4276at2085           -            173   1.6e-66  218.8   7.5   1   1   1.1e-68   1.9e-66  218.5   7.5     3   173     2   190     1   190 0.91 NZ_WTQC01000001.1_54 # 53622 # 54203 # -1 # ID=1_54;partial=00;start_type=ATG;rbs_motif=GGA/GAG/AGG;rbs_spacer=5-10bp;gc_cont=0.270
NZ_WTQC01000003.1:58387-59076|+   -            230 4276at2085           -            173   6.4e-05   18.2   0.5   1   2   7.5e-06    0.0013   13.9   0.0     6    27     8    29     3    39 0.82 NZ_WTQC01000003.1_49 # 58387 # 59076 # 1 # ID=13_49;partial=00;start_type=ATG;rbs_motif=4Base/6BMM;rbs_spacer=13-15bp;gc_cont=0.297
NZ_WTQC01000003.1:58387-59076|+   -            230 4276at2085           -            173   6.4e-05   18.2   0.5   2   2     0.028       4.8    2.3   0.1    23    72   135   184   126   213 0.75 NZ_WTQC01000003.1_49 # 58387 # 59076 # 1 # ID=13_49;partial=00;start_type=ATG;rbs_motif=4Base/6BMM;rbs_spacer=13-15bp;gc_cont=0.297
NZ_WTQC01000003.1:125169-125807|+ -            213 4276at2085           -            173   0.00055   15.1   0.7   1   2   2.7e-05    0.0047   12.1   0.2     2    42     3    42     2    98 0.78 NZ_WTQC01000003.1_107 # 125169 # 125807 # 1 # ID=13_107;partial=00;start_type=ATG;rbs_motif=AGxAGG/AGGxGG;rbs_spacer=11-12bp;gc_cont=0.286
NZ_WTQC01000003.1:125169-125807|+ -            213 4276at2085           -            173   0.00055   15.1   0.7   2   2     0.052       9.1    1.4   0.0   125   146   157   178   139   208 0.88 NZ_WTQC01000003.1_107 # 125169 # 125807 # 1 # ID=13_107;partial=00;start_type=ATG;rbs_motif=AGxAGG/AGGxGG;rbs_spacer=11-12bp;gc_cont=0.286
NZ_WTQC01000003.1:84289-87132|-   -            948 4276at2085           -            173    0.0015   13.7   0.4   1   2    0.0033      0.57    5.3   0.0     2    22    30    50    29    74 0.74 NZ_WTQC01000003.1_70 # 84289 # 87132 # -1 # ID=13_70;partial=00;start_type=ATG;rbs_motif=None;rbs_spacer=None;gc_cont=0.326
NZ_WTQC01000003.1:84289-87132|-   -            948 4276at2085           -            173    0.0015   13.7   0.4   2   2    0.0022      0.39    5.9   0.2     4    26   639   661   637   679 0.86 NZ_WTQC01000003.1_70 # 84289 # 87132 # -1 # ID=13_70;partial=00;start_type=ATG;rbs_motif=None;rbs_spacer=None;gc_cont=0.326
#
# Program:         hmmsearch
# Version:         3.4 (Aug 2023)
# Pipeline mode:   SEARCH
# Query file:      /home/bryan/Documentos/GitHub/Project_doctoral/IMPLEMENTACAO/Genomes/M_hyopneumoniae/strains/98/Use/busco_downloads/lineages/mycoplasmatales_odb10/hmms/4276at2085.hmm
# Target file:     /home/bryan/Documentos/GitHub/Project_doctoral/IMPLEMENTACAO/Genomes/M_hyopneumoniae/strains/98/Use/busco_draft/prodigal_output/predicted_genes/predicted.faa
# Option settings: hmmsearch --domtblout /home/bryan/Documentos/GitHub/Project_doctoral/IMPLEMENTACAO/Genomes/M_hyopneumoniae/strains/98/Use/busco_draft/run_mycoplasmatales_odb10/hmmer_output/4276at2085.out --cpu 1 /home/bryan/Documentos/GitHub/Project_doctoral/IMPLEMENTACAO/Genomes/M_hyopneumoniae/strains/98/Use/busco_downloads/lineages/mycoplasmatales_odb10/hmms/4276at2085.hmm /home/bryan/Documentos/GitHub/Project_doctoral/IMPLEMENTACAO/Genomes/M_hyopneumoniae/strains/98/Use/busco_draft/prodigal_output/predicted_genes/predicted.faa 
# Current dir:     /home/bryan/Documentos/GitHub/Project_doctoral/IMPLEMENTACAO/Genomes/M_hyopneumoniae/strains/98/Use
# Date:            Sun Dec  1 19:11:10 2024
# [ok]
