#                                                                                         --- full sequence --- -------------- this domain -------------   hmm coord   ali coord   env coord
# target name                     accession   tlen query name           accession   qlen   E-value  score  bias   #  of  c-Evalue  i-Evalue  score  bias  from    to  from    to  from    to  acc description of target
#             ------------------- ---------- ----- -------------------- ---------- ----- --------- ------ ----- --- --- --------- --------- ------ ----- ----- ----- ----- ----- ----- ----- ---- ---------------------
NZ_WTQC01000001.1:76755-79127|-   -            791 462at2085            -            610  9.4e-223  736.4  35.5   1   4  3.2e-121  5.5e-119  393.7   5.1     2   269     3   279     2   297 0.91 NZ_WTQC01000001.1_80 # 76755 # 79127 # -1 # ID=1_80;partial=00;start_type=ATG;rbs_motif=GGA/GAG/AGG;rbs_spacer=5-10bp;gc_cont=0.308
NZ_WTQC01000001.1:76755-79127|-   -            791 462at2085            -            610  9.4e-223  736.4  35.5   2   4     0.011         2    2.1   0.0   254   312   300   364   286   372 0.76 NZ_WTQC01000001.1_80 # 76755 # 79127 # -1 # ID=1_80;partial=00;start_type=ATG;rbs_motif=GGA/GAG/AGG;rbs_spacer=5-10bp;gc_cont=0.308
NZ_WTQC01000001.1:76755-79127|-   -            791 462at2085            -            610  9.4e-223  736.4  35.5   3   4   9.7e-98   1.7e-95  316.1   1.9   293   516   382   619   365   624 0.88 NZ_WTQC01000001.1_80 # 76755 # 79127 # -1 # ID=1_80;partial=00;start_type=ATG;rbs_motif=GGA/GAG/AGG;rbs_spacer=5-10bp;gc_cont=0.308
NZ_WTQC01000001.1:76755-79127|-   -            791 462at2085            -            610  9.4e-223  736.4  35.5   4   4   2.6e-12   4.5e-10   34.0  11.6   511   610   649   788   632   788 0.75 NZ_WTQC01000001.1_80 # 76755 # 79127 # -1 # ID=1_80;partial=00;start_type=ATG;rbs_motif=GGA/GAG/AGG;rbs_spacer=5-10bp;gc_cont=0.308
NZ_WTQC01000001.1:120224-122692|+ -            823 462at2085            -            610   2.9e-37  123.8  40.4   1   5   2.2e-21   3.9e-19   63.9   5.5     1   178     5   194     5   205 0.79 NZ_WTQC01000001.1_105 # 120224 # 122692 # 1 # ID=1_105;partial=00;start_type=ATG;rbs_motif=AGGA;rbs_spacer=5-10bp;gc_cont=0.299
NZ_WTQC01000001.1:120224-122692|+ -            823 462at2085            -            610   2.9e-37  123.8  40.4   2   5     0.098        17   -1.0   0.1   226   280   205   261   196   288 0.74 NZ_WTQC01000001.1_105 # 120224 # 122692 # 1 # ID=1_105;partial=00;start_type=ATG;rbs_motif=AGGA;rbs_spacer=5-10bp;gc_cont=0.299
NZ_WTQC01000001.1:120224-122692|+ -            823 462at2085            -            610   2.9e-37  123.8  40.4   3   5   3.5e-05    0.0062   10.4   0.2   136   214   310   390   294   393 0.79 NZ_WTQC01000001.1_105 # 120224 # 122692 # 1 # ID=1_105;partial=00;start_type=ATG;rbs_motif=AGGA;rbs_spacer=5-10bp;gc_cont=0.299
NZ_WTQC01000001.1:120224-122692|+ -            823 462at2085            -            610   2.9e-37  123.8  40.4   4   5   2.5e-19   4.3e-17   57.2  10.6   305   518   387   569   373   620 0.82 NZ_WTQC01000001.1_105 # 120224 # 122692 # 1 # ID=1_105;partial=00;start_type=ATG;rbs_motif=AGGA;rbs_spacer=5-10bp;gc_cont=0.299
NZ_WTQC01000001.1:120224-122692|+ -            823 462at2085            -            610   2.9e-37  123.8  40.4   5   5    0.0094       1.6    2.4   2.6   529   606   644   720   623   725 0.78 NZ_WTQC01000001.1_105 # 120224 # 122692 # 1 # ID=1_105;partial=00;start_type=ATG;rbs_motif=AGGA;rbs_spacer=5-10bp;gc_cont=0.299
NZ_WTQC01000003.1:5367-8027|-     -            887 462at2085            -            610   3.2e-35  117.0  28.4   1   4   4.5e-24   7.8e-22   72.8   0.4     5   166    25   199    21   206 0.85 NZ_WTQC01000003.1_8 # 5367 # 8027 # -1 # ID=13_8;partial=00;start_type=ATG;rbs_motif=AGGA;rbs_spacer=5-10bp;gc_cont=0.307
NZ_WTQC01000003.1:5367-8027|-     -            887 462at2085            -            610   3.2e-35  117.0  28.4   2   4     0.032       5.7    0.6   0.1   140   204   218   278   212   289 0.82 NZ_WTQC01000003.1_8 # 5367 # 8027 # -1 # ID=13_8;partial=00;start_type=ATG;rbs_motif=AGGA;rbs_spacer=5-10bp;gc_cont=0.307
NZ_WTQC01000003.1:5367-8027|-     -            887 462at2085            -            610   3.2e-35  117.0  28.4   3   4   1.1e-17     2e-15   51.7   4.7   227   488   369   615   357   652 0.73 NZ_WTQC01000003.1_8 # 5367 # 8027 # -1 # ID=13_8;partial=00;start_type=ATG;rbs_motif=AGGA;rbs_spacer=5-10bp;gc_cont=0.307
NZ_WTQC01000003.1:5367-8027|-     -            887 462at2085            -            610   3.2e-35  117.0  28.4   4   4      0.14        24   -1.4   5.4   523   570   728   774   670   816 0.59 NZ_WTQC01000003.1_8 # 5367 # 8027 # -1 # ID=13_8;partial=00;start_type=ATG;rbs_motif=AGGA;rbs_spacer=5-10bp;gc_cont=0.307
NZ_WTQC01000005.1:50086-51627|+   -            514 462at2085            -            610   1.7e-24   81.7  14.2   1   2   2.4e-19   4.1e-17   57.2   4.8    25   197     2   177     1   209 0.86 NZ_WTQC01000005.1_42 # 50086 # 51627 # 1 # ID=15_42;partial=00;start_type=ATG;rbs_motif=GGA/GAG/AGG;rbs_spacer=5-10bp;gc_cont=0.274
NZ_WTQC01000005.1:50086-51627|+   -            514 462at2085            -            610   1.7e-24   81.7  14.2   2   2   2.7e-11   4.8e-09   30.6   0.8   356   507   212   353   183   379 0.77 NZ_WTQC01000005.1_42 # 50086 # 51627 # 1 # ID=15_42;partial=00;start_type=ATG;rbs_motif=GGA/GAG/AGG;rbs_spacer=5-10bp;gc_cont=0.274
#
# Program:         hmmsearch
# Version:         3.4 (Aug 2023)
# Pipeline mode:   SEARCH
# Query file:      /home/bryan/Documentos/GitHub/Project_doctoral/IMPLEMENTACAO/Genomes/M_hyopneumoniae/strains/98/Use/busco_downloads/lineages/mycoplasmatales_odb10/hmms/462at2085.hmm
# Target file:     /home/bryan/Documentos/GitHub/Project_doctoral/IMPLEMENTACAO/Genomes/M_hyopneumoniae/strains/98/Use/busco_draft/prodigal_output/predicted_genes/predicted.faa
# Option settings: hmmsearch --domtblout /home/bryan/Documentos/GitHub/Project_doctoral/IMPLEMENTACAO/Genomes/M_hyopneumoniae/strains/98/Use/busco_draft/run_mycoplasmatales_odb10/hmmer_output/462at2085.out --cpu 1 /home/bryan/Documentos/GitHub/Project_doctoral/IMPLEMENTACAO/Genomes/M_hyopneumoniae/strains/98/Use/busco_downloads/lineages/mycoplasmatales_odb10/hmms/462at2085.hmm /home/bryan/Documentos/GitHub/Project_doctoral/IMPLEMENTACAO/Genomes/M_hyopneumoniae/strains/98/Use/busco_draft/prodigal_output/predicted_genes/predicted.faa 
# Current dir:     /home/bryan/Documentos/GitHub/Project_doctoral/IMPLEMENTACAO/Genomes/M_hyopneumoniae/strains/98/Use
# Date:            Sun Dec  1 19:11:11 2024
# [ok]
