#                                                                                   --- full sequence --- -------------- this domain -------------   hmm coord   ali coord   env coord
# target name               accession   tlen query name           accession   qlen   E-value  score  bias   #  of  c-Evalue  i-Evalue  score  bias  from    to  from    to  from    to  acc description of target
#       ------------------- ---------- ----- -------------------- ---------- ----- --------- ------ ----- --- --- --------- --------- ------ ----- ----- ----- ----- ----- ----- ----- ---- ---------------------
scf00000000:292257-292787|+ -            177 4324at2085           -            135   8.8e-44  143.9   2.1   1   1   2.1e-45   1.7e-43  142.9   2.1     1   133     1   167     1   169 0.78 scf00000000_207 # 292257 # 292787 # 1 # ID=1_207;partial=00;start_type=ATG;rbs_motif=None;rbs_spacer=None;gc_cont=0.324
scf00000000:94600-95913|+   -            438 4324at2085           -            135     7e-16   53.6  10.3   1   3   3.8e-11   3.2e-09   32.0   0.2    10    72     3    72     1   131 0.61 scf00000000_75 # 94600 # 95913 # 1 # ID=1_75;partial=00;start_type=ATG;rbs_motif=None;rbs_spacer=None;gc_cont=0.300
scf00000000:94600-95913|+   -            438 4324at2085           -            135     7e-16   53.6  10.3   2   3   2.7e-09   2.3e-07   26.0   1.1    12   115   173   297   167   314 0.59 scf00000000_75 # 94600 # 95913 # 1 # ID=1_75;partial=00;start_type=ATG;rbs_motif=None;rbs_spacer=None;gc_cont=0.300
scf00000000:94600-95913|+   -            438 4324at2085           -            135     7e-16   53.6  10.3   3   3       1.8   1.6e+02   -2.6   0.1    24    69   352   399   335   418 0.51 scf00000000_75 # 94600 # 95913 # 1 # ID=1_75;partial=00;start_type=ATG;rbs_motif=None;rbs_spacer=None;gc_cont=0.300
scf00000000:115075-115866|+ -            264 4324at2085           -            135   4.7e-07   25.0   5.2   1   2     0.028       2.4    3.3   1.0    82   119    18    61     3    86 0.73 scf00000000_92 # 115075 # 115866 # 1 # ID=1_92;partial=00;start_type=ATG;rbs_motif=None;rbs_spacer=None;gc_cont=0.264
scf00000000:115075-115866|+ -            264 4324at2085           -            135   4.7e-07   25.0   5.2   2   2     2e-08   1.7e-06   23.2   0.1    10    71   111   174   102   194 0.79 scf00000000_92 # 115075 # 115866 # 1 # ID=1_92;partial=00;start_type=ATG;rbs_motif=None;rbs_spacer=None;gc_cont=0.264
scf00000000:461892-462773|- -            294 4324at2085           -            135   5.8e-07   24.7   4.1   1   1   2.1e-08   1.8e-06   23.1   4.1    12   115     9   129     3   144 0.65 scf00000000_338 # 461892 # 462773 # -1 # ID=1_338;partial=00;start_type=ATG;rbs_motif=None;rbs_spacer=None;gc_cont=0.285
scf00000000:498568-499896|- -            443 4324at2085           -            135   7.1e-07   24.4   2.8   1   2      0.56        47   -0.9   0.1    80   114   163   198   147   207 0.69 scf00000000_386 # 498568 # 499896 # -1 # ID=1_386;partial=00;start_type=TTG;rbs_motif=AGGAG;rbs_spacer=5-10bp;gc_cont=0.312
scf00000000:498568-499896|- -            443 4324at2085           -            135   7.1e-07   24.4   2.8   2   2   8.4e-09   7.1e-07   24.4   2.8    11   114   218   337   214   358 0.59 scf00000000_386 # 498568 # 499896 # -1 # ID=1_386;partial=00;start_type=TTG;rbs_motif=AGGAG;rbs_spacer=5-10bp;gc_cont=0.312
scf00000000:458554-459411|- -            286 4324at2085           -            135   5.8e-06   21.5   0.9   1   2      0.54        46   -0.9   0.1    98   114   101   117    87   142 0.65 scf00000000_334 # 458554 # 459411 # -1 # ID=1_334;partial=00;start_type=ATG;rbs_motif=None;rbs_spacer=None;gc_cont=0.272
scf00000000:458554-459411|- -            286 4324at2085           -            135   5.8e-06   21.5   0.9   2   2   1.9e-07   1.6e-05   20.1   0.1    13    61   156   213   146   246 0.72 scf00000000_334 # 458554 # 459411 # -1 # ID=1_334;partial=00;start_type=ATG;rbs_motif=None;rbs_spacer=None;gc_cont=0.272
scf00000000:57129-58388|+   -            420 4324at2085           -            135   0.00022   16.3   0.2   1   1   6.3e-06   0.00053   15.1   0.2    10   123   157   275   153   290 0.78 scf00000000_44 # 57129 # 58388 # 1 # ID=1_44;partial=00;start_type=ATG;rbs_motif=AGGA;rbs_spacer=5-10bp;gc_cont=0.296
#
# Program:         hmmsearch
# Version:         3.4 (Aug 2023)
# Pipeline mode:   SEARCH
# Query file:      /home/bryan/Documentos/GitHub/Project_doctoral/IMPLEMENTACAO/Genomes/M_flocculare/strains/MF18/Use/busco_downloads/lineages/mycoplasmatales_odb10/hmms/4324at2085.hmm
# Target file:     /home/bryan/Documentos/GitHub/Project_doctoral/IMPLEMENTACAO/Genomes/M_flocculare/strains/MF18/Use/busco_complete/prodigal_output/predicted_genes/predicted.faa
# Option settings: hmmsearch --domtblout /home/bryan/Documentos/GitHub/Project_doctoral/IMPLEMENTACAO/Genomes/M_flocculare/strains/MF18/Use/busco_complete/run_mycoplasmatales_odb10/hmmer_output/4324at2085.out --cpu 1 /home/bryan/Documentos/GitHub/Project_doctoral/IMPLEMENTACAO/Genomes/M_flocculare/strains/MF18/Use/busco_downloads/lineages/mycoplasmatales_odb10/hmms/4324at2085.hmm /home/bryan/Documentos/GitHub/Project_doctoral/IMPLEMENTACAO/Genomes/M_flocculare/strains/MF18/Use/busco_complete/prodigal_output/predicted_genes/predicted.faa 
# Current dir:     /home/bryan/Documentos/GitHub/Project_doctoral/IMPLEMENTACAO/Genomes/M_flocculare/strains/MF18/Use
# Date:            Sun Dec  1 18:45:27 2024
# [ok]
