#                                                                                   --- full sequence --- -------------- this domain -------------   hmm coord   ali coord   env coord
# target name               accession   tlen query name           accession   qlen   E-value  score  bias   #  of  c-Evalue  i-Evalue  score  bias  from    to  from    to  from    to  acc description of target
#       ------------------- ---------- ----- -------------------- ---------- ----- --------- ------ ----- --- --- --------- --------- ------ ----- ----- ----- ----- ----- ----- ----- ---- ---------------------
NC_007295.1:702850-704184|- -            445 1064at2085           -            350  3.8e-149  491.7  18.8   1   2   9.1e-57   1.9e-55  183.6   0.3     1   127    10   136    10   144 0.91 NC_007295.1_560 # 702850 # 704184 # -1 # ID=1_560;partial=00;start_type=ATG;rbs_motif=GGA/GAG/AGG;rbs_spacer=11-12bp;gc_cont=0.302
NC_007295.1:702850-704184|- -            445 1064at2085           -            350  3.8e-149  491.7  18.8   2   2   2.7e-95   5.7e-94  310.3  13.3   100   349   147   441   139   442 0.82 NC_007295.1_560 # 702850 # 704184 # -1 # ID=1_560;partial=00;start_type=ATG;rbs_motif=GGA/GAG/AGG;rbs_spacer=11-12bp;gc_cont=0.302
NC_007295.1:446417-448594|+ -            726 1064at2085           -            350   4.3e-79  261.4   7.5   1   2   1.4e-35   2.9e-34  113.9   0.2     2   132    39   176    38   225 0.75 NC_007295.1_375 # 446417 # 448594 # 1 # ID=1_375;partial=00;start_type=ATG;rbs_motif=GGA/GAG/AGG;rbs_spacer=5-10bp;gc_cont=0.304
NC_007295.1:446417-448594|+ -            726 1064at2085           -            350   4.3e-79  261.4   7.5   2   2   2.7e-49   5.7e-48  159.0   2.4   104   289   435   621   421   635 0.85 NC_007295.1_375 # 446417 # 448594 # 1 # ID=1_375;partial=00;start_type=ATG;rbs_motif=GGA/GAG/AGG;rbs_spacer=5-10bp;gc_cont=0.304
NC_007295.1:264588-266117|+ -            510 1064at2085           -            350   1.5e-49  164.2  10.1   1   4   4.2e-15   8.9e-14   46.6   0.1     2    99    11   116    10   121 0.89 NC_007295.1_231 # 264588 # 266117 # 1 # ID=1_231;partial=00;start_type=TTG;rbs_motif=GGAGG;rbs_spacer=5-10bp;gc_cont=0.322
NC_007295.1:264588-266117|+ -            510 1064at2085           -            350   1.5e-49  164.2  10.1   2   4   2.4e-15   5.1e-14   47.3   0.4   153   256   127   229   116   251 0.92 NC_007295.1_231 # 264588 # 266117 # 1 # ID=1_231;partial=00;start_type=TTG;rbs_motif=GGAGG;rbs_spacer=5-10bp;gc_cont=0.322
NC_007295.1:264588-266117|+ -            510 1064at2085           -            350   1.5e-49  164.2  10.1   3   4   0.00045    0.0095   10.3   0.0    16    67   280   331   273   343 0.90 NC_007295.1_231 # 264588 # 266117 # 1 # ID=1_231;partial=00;start_type=TTG;rbs_motif=GGAGG;rbs_spacer=5-10bp;gc_cont=0.322
NC_007295.1:264588-266117|+ -            510 1064at2085           -            350   1.5e-49  164.2  10.1   4   4   1.7e-20   3.7e-19   64.3   0.2   150   259   381   490   374   502 0.90 NC_007295.1_231 # 264588 # 266117 # 1 # ID=1_231;partial=00;start_type=TTG;rbs_motif=GGAGG;rbs_spacer=5-10bp;gc_cont=0.322
NC_007295.1:658099-659637|+ -            513 1064at2085           -            350   3.1e-49  163.2  17.1   1   4   2.1e-12   4.5e-11   37.6   0.1     1    97     6   107     6   117 0.84 NC_007295.1_529 # 658099 # 659637 # 1 # ID=1_529;partial=00;start_type=TTG;rbs_motif=AGGA;rbs_spacer=5-10bp;gc_cont=0.321
NC_007295.1:658099-659637|+ -            513 1064at2085           -            350   3.1e-49  163.2  17.1   2   4   1.7e-20   3.6e-19   64.3   0.7   150   272   116   237   109   247 0.92 NC_007295.1_529 # 658099 # 659637 # 1 # ID=1_529;partial=00;start_type=TTG;rbs_motif=AGGA;rbs_spacer=5-10bp;gc_cont=0.321
NC_007295.1:658099-659637|+ -            513 1064at2085           -            350   3.1e-49  163.2  17.1   3   4   5.1e-08   1.1e-06   23.2   0.2    12    73   278   341   264   369 0.81 NC_007295.1_529 # 658099 # 659637 # 1 # ID=1_529;partial=00;start_type=TTG;rbs_motif=AGGA;rbs_spacer=5-10bp;gc_cont=0.321
NC_007295.1:658099-659637|+ -            513 1064at2085           -            350   3.1e-49  163.2  17.1   4   4   2.1e-15   4.5e-14   47.5   1.7   159   262   391   495   376   502 0.86 NC_007295.1_529 # 658099 # 659637 # 1 # ID=1_529;partial=00;start_type=TTG;rbs_motif=AGGA;rbs_spacer=5-10bp;gc_cont=0.321
NC_007295.1:463149-464309|+ -            387 1064at2085           -            350   4.5e-48  159.3  14.3   1   1   4.6e-49   9.7e-48  158.2  14.3     2   303     8   319     7   367 0.76 NC_007295.1_385 # 463149 # 464309 # 1 # ID=1_385;partial=00;start_type=ATG;rbs_motif=None;rbs_spacer=None;gc_cont=0.258
NC_007295.1:566618-567511|- -            298 1064at2085           -            350   1.8e-35  117.9   4.1   1   2   8.2e-21   1.7e-19   65.3   1.0     1   107    60   176    60   194 0.79 NC_007295.1_464 # 566618 # 567511 # -1 # ID=1_464;partial=00;start_type=GTG;rbs_motif=AGGAG;rbs_spacer=5-10bp;gc_cont=0.351
NC_007295.1:566618-567511|- -            298 1064at2085           -            350   1.8e-35  117.9   4.1   2   2   1.9e-17   3.9e-16   54.3   0.1   160   258   180   277   177   284 0.89 NC_007295.1_464 # 566618 # 567511 # -1 # ID=1_464;partial=00;start_type=GTG;rbs_motif=AGGAG;rbs_spacer=5-10bp;gc_cont=0.351
NC_007295.1:239325-240656|+ -            444 1064at2085           -            350   3.5e-35  116.9   3.2   1   2   1.3e-10   2.8e-09   31.8   0.2     3   103    45   160    43   184 0.73 NC_007295.1_215 # 239325 # 240656 # 1 # ID=1_215;partial=00;start_type=ATG;rbs_motif=GGAG/GAGG;rbs_spacer=5-10bp;gc_cont=0.288
NC_007295.1:239325-240656|+ -            444 1064at2085           -            350   3.5e-35  116.9   3.2   2   2   5.5e-27   1.2e-25   85.6   0.2   140   267   242   369   200   375 0.86 NC_007295.1_215 # 239325 # 240656 # 1 # ID=1_215;partial=00;start_type=ATG;rbs_motif=GGAG/GAGG;rbs_spacer=5-10bp;gc_cont=0.288
NC_007295.1:370415-372367|+ -            651 1064at2085           -            350   1.5e-33  111.6   9.5   1   2   4.6e-19   9.7e-18   59.6   3.2     1    95     1    93     1    99 0.94 NC_007295.1_313 # 370415 # 372367 # 1 # ID=1_313;partial=00;start_type=ATG;rbs_motif=GGA/GAG/AGG;rbs_spacer=5-10bp;gc_cont=0.243
NC_007295.1:370415-372367|+ -            651 1064at2085           -            350   1.5e-33  111.6   9.5   2   2   1.3e-17   2.7e-16   54.8   0.5   146   260    99   208    94   235 0.84 NC_007295.1_313 # 370415 # 372367 # 1 # ID=1_313;partial=00;start_type=ATG;rbs_motif=GGA/GAG/AGG;rbs_spacer=5-10bp;gc_cont=0.243
NC_007295.1:302382-303200|+ -            273 1064at2085           -            350   2.6e-33  110.8   8.0   1   2   9.6e-15     2e-13   45.4   1.9     2   104     2   110     1   117 0.83 NC_007295.1_262 # 302382 # 303200 # 1 # ID=1_262;partial=00;start_type=ATG;rbs_motif=GGA/GAG/AGG;rbs_spacer=5-10bp;gc_cont=0.305
NC_007295.1:302382-303200|+ -            273 1064at2085           -            350   2.6e-33  110.8   8.0   2   2   3.2e-22   6.7e-21   70.0   0.9   153   271   112   229   106   245 0.94 NC_007295.1_262 # 302382 # 303200 # 1 # ID=1_262;partial=00;start_type=ATG;rbs_motif=GGA/GAG/AGG;rbs_spacer=5-10bp;gc_cont=0.305
NC_007295.1:303173-304075|+ -            301 1064at2085           -            350   1.8e-32  108.0   2.5   1   2   8.9e-12   1.9e-10   35.6   2.2     2   106     3   132     2   138 0.65 NC_007295.1_263 # 303173 # 304075 # 1 # ID=1_263;partial=00;start_type=ATG;rbs_motif=GGA/GAG/AGG;rbs_spacer=5-10bp;gc_cont=0.307
NC_007295.1:303173-304075|+ -            301 1064at2085           -            350   1.8e-32  108.0   2.5   2   2   9.9e-22   2.1e-20   68.4   0.0   152   282   131   261   125   294 0.86 NC_007295.1_263 # 303173 # 304075 # 1 # ID=1_263;partial=00;start_type=ATG;rbs_motif=GGA/GAG/AGG;rbs_spacer=5-10bp;gc_cont=0.307
NC_007295.1:405169-407556|- -            796 1064at2085           -            350   5.9e-32  106.3   9.3   1   2   7.3e-19   1.5e-17   58.9   2.9     1   115     1   112     1   125 0.82 NC_007295.1_345 # 405169 # 407556 # -1 # ID=1_345;partial=00;start_type=ATG;rbs_motif=None;rbs_spacer=None;gc_cont=0.252
NC_007295.1:405169-407556|- -            796 1064at2085           -            350   5.9e-32  106.3   9.3   2   2   1.2e-16   2.5e-15   51.7   1.1   159   266   107   213   104   219 0.87 NC_007295.1_345 # 405169 # 407556 # -1 # ID=1_345;partial=00;start_type=ATG;rbs_motif=None;rbs_spacer=None;gc_cont=0.252
NC_007295.1:638850-641174|- -            775 1064at2085           -            350   7.6e-31  102.7   8.2   1   4   2.1e-09   4.3e-08   27.8   1.8     8   101    15   113     5   133 0.78 NC_007295.1_515 # 638850 # 641174 # -1 # ID=1_515;partial=00;start_type=ATG;rbs_motif=AGxAG;rbs_spacer=5-10bp;gc_cont=0.278
NC_007295.1:638850-641174|- -            775 1064at2085           -            350   7.6e-31  102.7   8.2   2   4      0.96        20   -0.7   0.6   106   159   144   196   129   209 0.73 NC_007295.1_515 # 638850 # 641174 # -1 # ID=1_515;partial=00;start_type=ATG;rbs_motif=AGxAG;rbs_spacer=5-10bp;gc_cont=0.278
NC_007295.1:638850-641174|- -            775 1064at2085           -            350   7.6e-31  102.7   8.2   3   4       4.6        96   -2.9   3.6    69   161   311   405   301   430 0.58 NC_007295.1_515 # 638850 # 641174 # -1 # ID=1_515;partial=00;start_type=ATG;rbs_motif=AGxAG;rbs_spacer=5-10bp;gc_cont=0.278
NC_007295.1:638850-641174|- -            775 1064at2085           -            350   7.6e-31  102.7   8.2   4   4   1.6e-27   3.4e-26   87.4   0.5   145   271   582   709   523   720 0.79 NC_007295.1_515 # 638850 # 641174 # -1 # ID=1_515;partial=00;start_type=ATG;rbs_motif=AGxAG;rbs_spacer=5-10bp;gc_cont=0.278
NC_007295.1:351466-353418|- -            651 1064at2085           -            350   1.8e-30  101.4   8.1   1   2   4.5e-19   9.4e-18   59.6   5.2     1   124     1   125     1   127 0.86 NC_007295.1_303 # 351466 # 353418 # -1 # ID=1_303;partial=00;start_type=ATG;rbs_motif=GGA/GAG/AGG;rbs_spacer=5-10bp;gc_cont=0.250
NC_007295.1:351466-353418|- -            651 1064at2085           -            350   1.8e-30  101.4   8.1   2   2   1.9e-14   4.1e-13   44.4   0.1   171   259   121   207   112   220 0.89 NC_007295.1_303 # 351466 # 353418 # -1 # ID=1_303;partial=00;start_type=ATG;rbs_motif=GGA/GAG/AGG;rbs_spacer=5-10bp;gc_cont=0.250
NC_007295.1:17804-20071|-   -            756 1064at2085           -            350   2.2e-30  101.1   8.5   1   2   1.2e-19   2.4e-18   61.6   4.0     1   106     1   103     1   117 0.88 NC_007295.1_18 # 17804 # 20071 # -1 # ID=1_18;partial=00;start_type=ATG;rbs_motif=None;rbs_spacer=None;gc_cont=0.251
NC_007295.1:17804-20071|-   -            756 1064at2085           -            350   2.2e-30  101.1   8.5   2   2   2.1e-13   4.5e-12   41.0   0.2   170   258   119   205   107   221 0.90 NC_007295.1_18 # 17804 # 20071 # -1 # ID=1_18;partial=00;start_type=ATG;rbs_motif=None;rbs_spacer=None;gc_cont=0.251
NC_007295.1:22579-24906|-   -            776 1064at2085           -            350   1.1e-29   98.8   9.5   1   2     6e-19   1.3e-17   59.2   5.1     2   116     2   113     1   125 0.83 NC_007295.1_20 # 22579 # 24906 # -1 # ID=1_20;partial=00;start_type=ATG;rbs_motif=None;rbs_spacer=None;gc_cont=0.263
NC_007295.1:22579-24906|-   -            776 1064at2085           -            350   1.1e-29   98.8   9.5   2   2     6e-14   1.3e-12   42.8   0.8   165   263   113   212    97   236 0.83 NC_007295.1_20 # 22579 # 24906 # -1 # ID=1_20;partial=00;start_type=ATG;rbs_motif=None;rbs_spacer=None;gc_cont=0.263
NC_007295.1:641174-642226|- -            351 1064at2085           -            350     1e-28   95.7   0.7   1   2     7e-08   1.5e-06   22.8   0.2    11    72    26    88     9    94 0.78 NC_007295.1_516 # 641174 # 642226 # -1 # ID=1_516;partial=00;start_type=ATG;rbs_motif=GGxGG;rbs_spacer=5-10bp;gc_cont=0.330
NC_007295.1:641174-642226|- -            351 1064at2085           -            350     1e-28   95.7   0.7   2   2   1.2e-22   2.5e-21   71.4   0.0   153   271   133   254   121   263 0.89 NC_007295.1_516 # 641174 # 642226 # -1 # ID=1_516;partial=00;start_type=ATG;rbs_motif=GGxGG;rbs_spacer=5-10bp;gc_cont=0.330
NC_007295.1:232559-234175|- -            539 1064at2085           -            350   1.3e-27   92.1   4.6   1   5   2.4e-13   5.1e-12   40.8   0.8     1    64     1    64     1   104 0.82 NC_007295.1_210 # 232559 # 234175 # -1 # ID=1_210;partial=00;start_type=ATG;rbs_motif=AGGA;rbs_spacer=5-10bp;gc_cont=0.330
NC_007295.1:232559-234175|- -            539 1064at2085           -            350   1.3e-27   92.1   4.6   2   5       1.5        32   -1.3   0.0   248   273    83   109    62   116 0.75 NC_007295.1_210 # 232559 # 234175 # -1 # ID=1_210;partial=00;start_type=ATG;rbs_motif=AGGA;rbs_spacer=5-10bp;gc_cont=0.330
NC_007295.1:232559-234175|- -            539 1064at2085           -            350   1.3e-27   92.1   4.6   3   5   1.9e-09   4.1e-08   27.9   0.0   171   261   148   234   130   281 0.84 NC_007295.1_210 # 232559 # 234175 # -1 # ID=1_210;partial=00;start_type=ATG;rbs_motif=AGGA;rbs_spacer=5-10bp;gc_cont=0.330
NC_007295.1:232559-234175|- -            539 1064at2085           -            350   1.3e-27   92.1   4.6   4   5      0.01      0.22    5.8   0.0    14    60   334   380   321   395 0.87 NC_007295.1_210 # 232559 # 234175 # -1 # ID=1_210;partial=00;start_type=ATG;rbs_motif=AGGA;rbs_spacer=5-10bp;gc_cont=0.330
NC_007295.1:232559-234175|- -            539 1064at2085           -            350   1.3e-27   92.1   4.6   5   5   1.5e-05   0.00031   15.1   0.0   174   223   443   492   418   535 0.78 NC_007295.1_210 # 232559 # 234175 # -1 # ID=1_210;partial=00;start_type=ATG;rbs_motif=AGGA;rbs_spacer=5-10bp;gc_cont=0.330
NC_007295.1:353495-355777|- -            761 1064at2085           -            350   1.8e-27   91.6  18.3   1   3   7.8e-18   1.6e-16   55.5   4.4     1    94     1    91     1    94 0.90 NC_007295.1_304 # 353495 # 355777 # -1 # ID=1_304;partial=00;start_type=ATG;rbs_motif=GGA/GAG/AGG;rbs_spacer=5-10bp;gc_cont=0.252
NC_007295.1:353495-355777|- -            761 1064at2085           -            350   1.8e-27   91.6  18.3   2   3   1.1e-13   2.3e-12   41.9   4.8   143   292    95   243    92   306 0.75 NC_007295.1_304 # 353495 # 355777 # -1 # ID=1_304;partial=00;start_type=ATG;rbs_motif=GGA/GAG/AGG;rbs_spacer=5-10bp;gc_cont=0.252
NC_007295.1:353495-355777|- -            761 1064at2085           -            350   1.8e-27   91.6  18.3   3   3       1.3        28   -1.1   0.1    83   121   275   320   255   348 0.55 NC_007295.1_304 # 353495 # 355777 # -1 # ID=1_304;partial=00;start_type=ATG;rbs_motif=GGA/GAG/AGG;rbs_spacer=5-10bp;gc_cont=0.252
NC_007295.1:368005-370323|+ -            773 1064at2085           -            350   1.8e-27   91.6  14.6   1   3   3.2e-17   6.8e-16   53.5   3.2     1    95     1    93     1   103 0.93 NC_007295.1_312 # 368005 # 370323 # 1 # ID=1_312;partial=00;start_type=ATG;rbs_motif=None;rbs_spacer=None;gc_cont=0.260
NC_007295.1:368005-370323|+ -            773 1064at2085           -            350   1.8e-27   91.6  14.6   2   3   1.1e-14   2.2e-13   45.2   1.5   151   268   100   216    93   240 0.84 NC_007295.1_312 # 368005 # 370323 # 1 # ID=1_312;partial=00;start_type=ATG;rbs_motif=None;rbs_spacer=None;gc_cont=0.260
NC_007295.1:368005-370323|+ -            773 1064at2085           -            350   1.8e-27   91.6  14.6   3   3       5.1   1.1e+02   -3.1   0.1    32    94   547   606   528   612 0.68 NC_007295.1_312 # 368005 # 370323 # 1 # ID=1_312;partial=00;start_type=ATG;rbs_motif=None;rbs_spacer=None;gc_cont=0.260
NC_007295.1:787449-788981|+ -            511 1064at2085           -            350   1.4e-26   88.7  18.4   1   4   6.2e-13   1.3e-11   39.4   1.0     2   119    14   136    13   152 0.86 NC_007295.1_627 # 787449 # 788981 # 1 # ID=1_627;partial=00;start_type=GTG;rbs_motif=GGA/GAG/AGG;rbs_spacer=11-12bp;gc_cont=0.321
NC_007295.1:787449-788981|+ -            511 1064at2085           -            350   1.4e-26   88.7  18.4   2   4     5e-06   0.00011   16.7   1.5   156   258   127   228   121   271 0.79 NC_007295.1_627 # 787449 # 788981 # 1 # ID=1_627;partial=00;start_type=GTG;rbs_motif=GGA/GAG/AGG;rbs_spacer=11-12bp;gc_cont=0.321
NC_007295.1:787449-788981|+ -            511 1064at2085           -            350   1.4e-26   88.7  18.4   3   4    0.0025     0.054    7.8   0.2    17    69   280   331   267   337 0.84 NC_007295.1_627 # 787449 # 788981 # 1 # ID=1_627;partial=00;start_type=GTG;rbs_motif=GGA/GAG/AGG;rbs_spacer=11-12bp;gc_cont=0.321
NC_007295.1:787449-788981|+ -            511 1064at2085           -            350   1.4e-26   88.7  18.4   4   4   4.3e-12     9e-11   36.7   0.7   140   259   375   492   355   503 0.74 NC_007295.1_627 # 787449 # 788981 # 1 # ID=1_627;partial=00;start_type=GTG;rbs_motif=GGA/GAG/AGG;rbs_spacer=11-12bp;gc_cont=0.321
NC_007295.1:466743-469043|+ -            767 1064at2085           -            350     3e-26   87.5  10.4   1   3   5.4e-18   1.1e-16   56.1   2.6     1   126     1   127     1   128 0.86 NC_007295.1_389 # 466743 # 469043 # 1 # ID=1_389;partial=00;start_type=ATG;rbs_motif=GGA/GAG/AGG;rbs_spacer=5-10bp;gc_cont=0.292
NC_007295.1:466743-469043|+ -            767 1064at2085           -            350     3e-26   87.5  10.4   2   3   5.2e-12   1.1e-10   36.4   0.2   173   253   123   201   102   212 0.86 NC_007295.1_389 # 466743 # 469043 # 1 # ID=1_389;partial=00;start_type=ATG;rbs_motif=GGA/GAG/AGG;rbs_spacer=5-10bp;gc_cont=0.292
NC_007295.1:466743-469043|+ -            767 1064at2085           -            350     3e-26   87.5  10.4   3   3       0.5        10    0.3   0.1    85   157   527   600   521   607 0.82 NC_007295.1_389 # 466743 # 469043 # 1 # ID=1_389;partial=00;start_type=ATG;rbs_motif=GGA/GAG/AGG;rbs_spacer=5-10bp;gc_cont=0.292
NC_007295.1:20265-22505|-   -            747 1064at2085           -            350   9.5e-26   85.9   8.6   1   2     2e-17   4.3e-16   54.2   4.3     1   115     1   112     1   123 0.85 NC_007295.1_19 # 20265 # 22505 # -1 # ID=1_19;partial=00;start_type=ATG;rbs_motif=None;rbs_spacer=None;gc_cont=0.256
NC_007295.1:20265-22505|-   -            747 1064at2085           -            350   9.5e-26   85.9   8.6   2   2   1.6e-11   3.3e-10   34.8   0.5   163   258   111   205    96   226 0.82 NC_007295.1_19 # 20265 # 22505 # -1 # ID=1_19;partial=00;start_type=ATG;rbs_motif=None;rbs_spacer=None;gc_cont=0.256
NC_007295.1:237923-239335|+ -            471 1064at2085           -            350   4.7e-24   80.3   9.4   1   3       1.9        39   -1.6   0.4   101   152    68   115    37   139 0.51 NC_007295.1_214 # 237923 # 239335 # 1 # ID=1_214;partial=00;start_type=ATG;rbs_motif=AGGAGG;rbs_spacer=5-10bp;gc_cont=0.323
NC_007295.1:237923-239335|+ -            471 1064at2085           -            350   4.7e-24   80.3   9.4   2   3   2.3e-06   4.8e-05   17.8   0.1    14   110   141   251   127   266 0.70 NC_007295.1_214 # 237923 # 239335 # 1 # ID=1_214;partial=00;start_type=ATG;rbs_motif=AGGAGG;rbs_spacer=5-10bp;gc_cont=0.323
NC_007295.1:237923-239335|+ -            471 1064at2085           -            350   4.7e-24   80.3   9.4   3   3   1.2e-21   2.5e-20   68.1   0.9   173   270   272   369   247   375 0.90 NC_007295.1_214 # 237923 # 239335 # 1 # ID=1_214;partial=00;start_type=ATG;rbs_motif=AGGAGG;rbs_spacer=5-10bp;gc_cont=0.323
NC_007295.1:435579-436349|+ -            257 1064at2085           -            350   1.7e-22   75.2   4.8   1   2   5.9e-07   1.3e-05   19.7   0.3    12    76    22    86     9   131 0.71 NC_007295.1_368 # 435579 # 436349 # 1 # ID=1_368;partial=00;start_type=ATG;rbs_motif=None;rbs_spacer=None;gc_cont=0.267
NC_007295.1:435579-436349|+ -            257 1064at2085           -            350   1.7e-22   75.2   4.8   2   2     6e-19   1.3e-17   59.2   2.7    83   267    56   242    56   249 0.74 NC_007295.1_368 # 435579 # 436349 # 1 # ID=1_368;partial=00;start_type=ATG;rbs_motif=None;rbs_spacer=None;gc_cont=0.267
NC_007295.1:825766-827382|+ -            539 1064at2085           -            350   9.4e-22   72.8   5.5   1   2     6e-12   1.3e-10   36.2   0.7     1    72   335   407   335   418 0.92 NC_007295.1_648 # 825766 # 827382 # 1 # ID=1_648;partial=00;start_type=ATG;rbs_motif=None;rbs_spacer=None;gc_cont=0.229
NC_007295.1:825766-827382|+ -            539 1064at2085           -            350   9.4e-22   72.8   5.5   2   2   8.6e-13   1.8e-11   39.0   0.4   130   242   416   527   406   538 0.81 NC_007295.1_648 # 825766 # 827382 # 1 # ID=1_648;partial=00;start_type=ATG;rbs_motif=None;rbs_spacer=None;gc_cont=0.229
NC_007295.1:590769-591416|- -            216 1064at2085           -            350   8.9e-21   69.6   0.9   1   2   1.1e-05   0.00022   15.6   0.1    22    63     4    45     1    66 0.86 NC_007295.1_483 # 590769 # 591416 # -1 # ID=1_483;partial=00;start_type=ATG;rbs_motif=AGxAGG/AGGxGG;rbs_spacer=5-10bp;gc_cont=0.261
NC_007295.1:590769-591416|- -            216 1064at2085           -            350   8.9e-21   69.6   0.9   2   2   4.2e-17   8.9e-16   53.1   0.1   136   268    70   202    51   210 0.87 NC_007295.1_483 # 590769 # 591416 # -1 # ID=1_483;partial=00;start_type=ATG;rbs_motif=AGxAGG/AGGxGG;rbs_spacer=5-10bp;gc_cont=0.261
NC_007295.1:819096-820709|+ -            538 1064at2085           -            350   5.3e-20   67.0  10.0   1   3       6.8   1.4e+02   -3.5   0.1   131   150   300   316   289   332 0.60 NC_007295.1_645 # 819096 # 820709 # 1 # ID=1_645;partial=00;start_type=ATG;rbs_motif=AGGAGG;rbs_spacer=5-10bp;gc_cont=0.242
NC_007295.1:819096-820709|+ -            538 1064at2085           -            350   5.3e-20   67.0  10.0   2   3   2.4e-10   5.1e-09   30.9   0.4     6    71   339   405   334   417 0.87 NC_007295.1_645 # 819096 # 820709 # 1 # ID=1_645;partial=00;start_type=ATG;rbs_motif=AGGAGG;rbs_spacer=5-10bp;gc_cont=0.242
NC_007295.1:819096-820709|+ -            538 1064at2085           -            350   5.3e-20   67.0  10.0   3   3   1.4e-13   2.9e-12   41.6   1.2   154   251   435   534   421   537 0.79 NC_007295.1_645 # 819096 # 820709 # 1 # ID=1_645;partial=00;start_type=ATG;rbs_motif=AGGAGG;rbs_spacer=5-10bp;gc_cont=0.242
NC_007295.1:111446-114289|- -            948 1064at2085           -            350   1.3e-15   52.5   6.4   1   4     0.015      0.32    5.3   0.1    15    42    19    46    13    57 0.90 NC_007295.1_92 # 111446 # 114289 # -1 # ID=1_92;partial=00;start_type=ATG;rbs_motif=None;rbs_spacer=None;gc_cont=0.329
NC_007295.1:111446-114289|- -            948 1064at2085           -            350   1.3e-15   52.5   6.4   2   4   6.5e-07   1.4e-05   19.6   0.0   153   249   467   563   437   601 0.77 NC_007295.1_92 # 111446 # 114289 # -1 # ID=1_92;partial=00;start_type=ATG;rbs_motif=None;rbs_spacer=None;gc_cont=0.329
NC_007295.1:111446-114289|- -            948 1064at2085           -            350   1.3e-15   52.5   6.4   3   4   8.3e-06   0.00018   16.0   0.5    15    47   626   658   618   683 0.80 NC_007295.1_92 # 111446 # 114289 # -1 # ID=1_92;partial=00;start_type=ATG;rbs_motif=None;rbs_spacer=None;gc_cont=0.329
NC_007295.1:111446-114289|- -            948 1064at2085           -            350   1.3e-15   52.5   6.4   4   4   0.00018    0.0037   11.6   0.0   174   251   829   907   811   940 0.74 NC_007295.1_92 # 111446 # 114289 # -1 # ID=1_92;partial=00;start_type=ATG;rbs_motif=None;rbs_spacer=None;gc_cont=0.329
NC_007295.1:817475-819085|+ -            537 1064at2085           -            350   2.1e-13   45.3   0.2   1   2   2.6e-10   5.5e-09   30.8   0.1     2    72   334   406   333   433 0.84 NC_007295.1_644 # 817475 # 819085 # 1 # ID=1_644;partial=00;start_type=ATG;rbs_motif=None;rbs_spacer=None;gc_cont=0.236
NC_007295.1:817475-819085|+ -            537 1064at2085           -            350   2.1e-13   45.3   0.2   2   2   0.00016    0.0033   11.8   0.0   174   231   460   514   441   535 0.72 NC_007295.1_644 # 817475 # 819085 # 1 # ID=1_644;partial=00;start_type=ATG;rbs_motif=None;rbs_spacer=None;gc_cont=0.236
NC_007295.1:824147-825757|+ -            537 1064at2085           -            350   4.3e-13   44.3   8.4   1   3       6.1   1.3e+02   -3.3   0.0    21    37    49    65    43   107 0.74 NC_007295.1_647 # 824147 # 825757 # 1 # ID=1_647;partial=00;start_type=ATG;rbs_motif=GGA/GAG/AGG;rbs_spacer=5-10bp;gc_cont=0.189
NC_007295.1:824147-825757|+ -            537 1064at2085           -            350   4.3e-13   44.3   8.4   2   3   1.1e-10   2.3e-09   32.0   2.3     2   126   334   461   333   463 0.78 NC_007295.1_647 # 824147 # 825757 # 1 # ID=1_647;partial=00;start_type=ATG;rbs_motif=GGA/GAG/AGG;rbs_spacer=5-10bp;gc_cont=0.189
NC_007295.1:824147-825757|+ -            537 1064at2085           -            350   4.3e-13   44.3   8.4   3   3   3.4e-06   7.2e-05   17.2   1.1   148   250   434   534   398   536 0.71 NC_007295.1_647 # 824147 # 825757 # 1 # ID=1_647;partial=00;start_type=ATG;rbs_motif=GGA/GAG/AGG;rbs_spacer=5-10bp;gc_cont=0.189
NC_007295.1:333347-335347|- -            667 1064at2085           -            350   8.9e-11   36.7   0.5   1   1   9.1e-12   1.9e-10   35.6   0.5   171   254    14    95     5   117 0.88 NC_007295.1_287 # 333347 # 335347 # -1 # ID=1_287;partial=00;start_type=ATG;rbs_motif=None;rbs_spacer=None;gc_cont=0.264
NC_007295.1:189921-191960|- -            680 1064at2085           -            350   1.4e-09   32.7   5.0   1   3       2.7        57   -2.2   0.1    68    86   113   131    78   146 0.69 NC_007295.1_160 # 189921 # 191960 # -1 # ID=1_160;partial=00;start_type=ATG;rbs_motif=None;rbs_spacer=None;gc_cont=0.246
NC_007295.1:189921-191960|- -            680 1064at2085           -            350   1.4e-09   32.7   5.0   2   3   8.8e-06   0.00019   15.9   0.5     2    94   470   561   469   584 0.80 NC_007295.1_160 # 189921 # 191960 # -1 # ID=1_160;partial=00;start_type=ATG;rbs_motif=None;rbs_spacer=None;gc_cont=0.246
NC_007295.1:189921-191960|- -            680 1064at2085           -            350   1.4e-09   32.7   5.0   3   3   2.4e-06     5e-05   17.8   0.1   165   239   589   661   568   666 0.88 NC_007295.1_160 # 189921 # 191960 # -1 # ID=1_160;partial=00;start_type=ATG;rbs_motif=None;rbs_spacer=None;gc_cont=0.246
NC_007295.1:17416-17649|-   -             78 1064at2085           -            350   7.3e-06   20.5   0.8   1   1   3.6e-07   7.6e-06   20.5   0.8    60   125     3    71     1    76 0.71 NC_007295.1_17 # 17416 # 17649 # -1 # ID=1_17;partial=00;start_type=TTG;rbs_motif=None;rbs_spacer=None;gc_cont=0.261
#
# Program:         hmmsearch
# Version:         3.4 (Aug 2023)
# Pipeline mode:   SEARCH
# Query file:      /home/bryan/Documentos/GitHub/Project_doctoral/IMPLEMENTACAO/Genomes/M_hyopneumoniae/strains/J/Use/busco_downloads/lineages/mycoplasmatales_odb10/hmms/1064at2085.hmm
# Target file:     /home/bryan/Documentos/GitHub/Project_doctoral/IMPLEMENTACAO/Genomes/M_hyopneumoniae/strains/J/Use/busco_complete/prodigal_output/predicted_genes/predicted.faa
# Option settings: hmmsearch --domtblout /home/bryan/Documentos/GitHub/Project_doctoral/IMPLEMENTACAO/Genomes/M_hyopneumoniae/strains/J/Use/busco_complete/run_mycoplasmatales_odb10/hmmer_output/1064at2085.out --cpu 1 /home/bryan/Documentos/GitHub/Project_doctoral/IMPLEMENTACAO/Genomes/M_hyopneumoniae/strains/J/Use/busco_downloads/lineages/mycoplasmatales_odb10/hmms/1064at2085.hmm /home/bryan/Documentos/GitHub/Project_doctoral/IMPLEMENTACAO/Genomes/M_hyopneumoniae/strains/J/Use/busco_complete/prodigal_output/predicted_genes/predicted.faa 
# Current dir:     /home/bryan/Documentos/GitHub/Project_doctoral/IMPLEMENTACAO/Genomes/M_hyopneumoniae/strains/J/Use
# Date:            Sun Dec  1 18:57:32 2024
# [ok]
