#                                                                                   --- full sequence --- -------------- this domain -------------   hmm coord   ali coord   env coord
# target name               accession   tlen query name           accession   qlen   E-value  score  bias   #  of  c-Evalue  i-Evalue  score  bias  from    to  from    to  from    to  acc description of target
#       ------------------- ---------- ----- -------------------- ---------- ----- --------- ------ ----- --- --- --------- --------- ------ ----- ----- ----- ----- ----- ----- ----- ---- ---------------------
NC_007295.1:89995-92079|-   -            695 148at2085            -            586         0 1036.6  12.7   1   2  5.8e-114    1e-111  369.5   3.0     1   181    11   193    11   218 0.94 NC_007295.1_74 # 89995 # 92079 # -1 # ID=1_74;partial=00;start_type=ATG;rbs_motif=AGGA;rbs_spacer=5-10bp;gc_cont=0.371
NC_007295.1:89995-92079|-   -            695 148at2085            -            586         0 1036.6  12.7   2   2  5.1e-205  8.9e-203  670.2   2.4   174   579   221   671   209   688 0.89 NC_007295.1_74 # 89995 # 92079 # -1 # ID=1_74;partial=00;start_type=ATG;rbs_motif=AGGA;rbs_spacer=5-10bp;gc_cont=0.371
NC_007295.1:86866-88662|+   -            599 148at2085            -            586   7.1e-42  138.9   0.2   1   3   2.7e-30   4.7e-28   93.3   0.1     1   150     7   153     7   164 0.92 NC_007295.1_72 # 86866 # 88662 # 1 # ID=1_72;partial=00;start_type=ATG;rbs_motif=None;rbs_spacer=None;gc_cont=0.344
NC_007295.1:86866-88662|+   -            599 148at2085            -            586   7.1e-42  138.9   0.2   2   3   1.3e-13   2.2e-11   38.2   0.0   218   415   163   375   154   381 0.75 NC_007295.1_72 # 86866 # 88662 # 1 # ID=1_72;partial=00;start_type=ATG;rbs_motif=None;rbs_spacer=None;gc_cont=0.344
NC_007295.1:86866-88662|+   -            599 148at2085            -            586   7.1e-42  138.9   0.2   3   3    0.0028      0.49    4.1   0.0   521   574   402   467   395   478 0.63 NC_007295.1_72 # 86866 # 88662 # 1 # ID=1_72;partial=00;start_type=ATG;rbs_motif=None;rbs_spacer=None;gc_cont=0.344
NC_007295.1:753844-755643|- -            600 148at2085            -            586   4.5e-18   60.3   0.9   1   2   2.6e-20   4.5e-18   60.3   0.9    31   135   120   230   115   244 0.82 NC_007295.1_602 # 753844 # 755643 # -1 # ID=1_602;partial=00;start_type=ATG;rbs_motif=GGAG/GAGG;rbs_spacer=5-10bp;gc_cont=0.351
NC_007295.1:753844-755643|- -            600 148at2085            -            586   4.5e-18   60.3   0.9   2   2       0.5        87   -3.4   0.1    45    70   379   404   369   455 0.69 NC_007295.1_602 # 753844 # 755643 # -1 # ID=1_602;partial=00;start_type=ATG;rbs_motif=GGAG/GAGG;rbs_spacer=5-10bp;gc_cont=0.351
NC_007295.1:676055-677263|- -            403 148at2085            -            586   2.4e-15   51.3   1.4   1   2     3e-17   5.1e-15   50.2   0.3     2   130    20   147    19   166 0.91 NC_007295.1_540 # 676055 # 677263 # -1 # ID=1_540;partial=00;start_type=ATG;rbs_motif=AGGA;rbs_spacer=5-10bp;gc_cont=0.404
NC_007295.1:676055-677263|- -            403 148at2085            -            586   2.4e-15   51.3   1.4   2   2     0.043       7.4    0.2   0.0   220   327   195   304   148   324 0.67 NC_007295.1_540 # 676055 # 677263 # -1 # ID=1_540;partial=00;start_type=ATG;rbs_motif=AGGA;rbs_spacer=5-10bp;gc_cont=0.404
#
# Program:         hmmsearch
# Version:         3.4 (Aug 2023)
# Pipeline mode:   SEARCH
# Query file:      /home/bryan/Documentos/GitHub/Project_doctoral/IMPLEMENTACAO/Genomes/M_hyopneumoniae/strains/J/Use/busco_downloads/lineages/mycoplasmatales_odb10/hmms/148at2085.hmm
# Target file:     /home/bryan/Documentos/GitHub/Project_doctoral/IMPLEMENTACAO/Genomes/M_hyopneumoniae/strains/J/Use/busco_complete/prodigal_output/predicted_genes/predicted.faa
# Option settings: hmmsearch --domtblout /home/bryan/Documentos/GitHub/Project_doctoral/IMPLEMENTACAO/Genomes/M_hyopneumoniae/strains/J/Use/busco_complete/run_mycoplasmatales_odb10/hmmer_output/148at2085.out --cpu 1 /home/bryan/Documentos/GitHub/Project_doctoral/IMPLEMENTACAO/Genomes/M_hyopneumoniae/strains/J/Use/busco_downloads/lineages/mycoplasmatales_odb10/hmms/148at2085.hmm /home/bryan/Documentos/GitHub/Project_doctoral/IMPLEMENTACAO/Genomes/M_hyopneumoniae/strains/J/Use/busco_complete/prodigal_output/predicted_genes/predicted.faa 
# Current dir:     /home/bryan/Documentos/GitHub/Project_doctoral/IMPLEMENTACAO/Genomes/M_hyopneumoniae/strains/J/Use
# Date:            Sun Dec  1 18:57:33 2024
# [ok]
