#                                                                                   --- full sequence --- -------------- this domain -------------   hmm coord   ali coord   env coord
# target name               accession   tlen query name           accession   qlen   E-value  score  bias   #  of  c-Evalue  i-Evalue  score  bias  from    to  from    to  from    to  acc description of target
#       ------------------- ---------- ----- -------------------- ---------- ----- --------- ------ ----- --- --- --------- --------- ------ ----- ----- ----- ----- ----- ----- ----- ---- ---------------------
NC_007295.1:469539-470978|- -            480 1529at2085           -            392  7.5e-153  504.5  18.6   1   2  3.2e-147  5.5e-145  478.6  12.8     1   341     1   372     1   387 0.90 NC_007295.1_391 # 469539 # 470978 # -1 # ID=1_391;partial=00;start_type=ATG;rbs_motif=None;rbs_spacer=None;gc_cont=0.308
NC_007295.1:469539-470978|- -            480 1529at2085           -            392  7.5e-153  504.5  18.6   2   2   7.7e-09   1.3e-06   23.0   0.5   334   386   386   448   377   451 0.85 NC_007295.1_391 # 469539 # 470978 # -1 # ID=1_391;partial=00;start_type=ATG;rbs_motif=None;rbs_spacer=None;gc_cont=0.308
NC_007295.1:63041-64408|+   -            456 1529at2085           -            392   1.9e-08   29.1   2.3   1   2   3.9e-06   0.00068   14.1   1.0    80   160   141   223   113   282 0.76 NC_007295.1_56 # 63041 # 64408 # 1 # ID=1_56;partial=00;start_type=ATG;rbs_motif=AGGA;rbs_spacer=5-10bp;gc_cont=0.300
NC_007295.1:63041-64408|+   -            456 1529at2085           -            392   1.9e-08   29.1   2.3   2   2   3.4e-06   0.00058   14.3   0.0   295   341   394   440   354   454 0.85 NC_007295.1_56 # 63041 # 64408 # 1 # ID=1_56;partial=00;start_type=ATG;rbs_motif=AGGA;rbs_spacer=5-10bp;gc_cont=0.300
NC_007295.1:292306-293547|+ -            414 1529at2085           -            392   1.2e-06   23.1   0.1   1   2     0.053       9.2    0.5   0.2   306   368    37   101    18   105 0.75 NC_007295.1_250 # 292306 # 293547 # 1 # ID=1_250;partial=00;start_type=ATG;rbs_motif=None;rbs_spacer=None;gc_cont=0.316
NC_007295.1:292306-293547|+ -            414 1529at2085           -            392   1.2e-06   23.1   0.1   2   2   5.6e-08   9.7e-06   20.2   0.0   103   246   225   377   162   400 0.80 NC_007295.1_250 # 292306 # 293547 # 1 # ID=1_250;partial=00;start_type=ATG;rbs_motif=None;rbs_spacer=None;gc_cont=0.316
NC_007295.1:762018-763757|- -            580 1529at2085           -            392   1.4e-05   19.7   2.2   1   2   9.7e-06    0.0017   12.8   0.1    39   158   206   325   174   353 0.79 NC_007295.1_609 # 762018 # 763757 # -1 # ID=1_609;partial=00;start_type=ATG;rbs_motif=AGGA;rbs_spacer=5-10bp;gc_cont=0.296
NC_007295.1:762018-763757|- -            580 1529at2085           -            392   1.4e-05   19.7   2.2   2   2     0.001      0.18    6.1   0.3   281   329   504   552   433   569 0.82 NC_007295.1_609 # 762018 # 763757 # -1 # ID=1_609;partial=00;start_type=ATG;rbs_motif=AGGA;rbs_spacer=5-10bp;gc_cont=0.296
#
# Program:         hmmsearch
# Version:         3.4 (Aug 2023)
# Pipeline mode:   SEARCH
# Query file:      /home/bryan/Documentos/GitHub/Project_doctoral/IMPLEMENTACAO/Genomes/M_hyopneumoniae/strains/J/Use/busco_downloads/lineages/mycoplasmatales_odb10/hmms/1529at2085.hmm
# Target file:     /home/bryan/Documentos/GitHub/Project_doctoral/IMPLEMENTACAO/Genomes/M_hyopneumoniae/strains/J/Use/busco_complete/prodigal_output/predicted_genes/predicted.faa
# Option settings: hmmsearch --domtblout /home/bryan/Documentos/GitHub/Project_doctoral/IMPLEMENTACAO/Genomes/M_hyopneumoniae/strains/J/Use/busco_complete/run_mycoplasmatales_odb10/hmmer_output/1529at2085.out --cpu 1 /home/bryan/Documentos/GitHub/Project_doctoral/IMPLEMENTACAO/Genomes/M_hyopneumoniae/strains/J/Use/busco_downloads/lineages/mycoplasmatales_odb10/hmms/1529at2085.hmm /home/bryan/Documentos/GitHub/Project_doctoral/IMPLEMENTACAO/Genomes/M_hyopneumoniae/strains/J/Use/busco_complete/prodigal_output/predicted_genes/predicted.faa 
# Current dir:     /home/bryan/Documentos/GitHub/Project_doctoral/IMPLEMENTACAO/Genomes/M_hyopneumoniae/strains/J/Use
# Date:            Sun Dec  1 18:57:33 2024
# [ok]
