#                                                                                   --- full sequence --- -------------- this domain -------------   hmm coord   ali coord   env coord
# target name               accession   tlen query name           accession   qlen   E-value  score  bias   #  of  c-Evalue  i-Evalue  score  bias  from    to  from    to  from    to  acc description of target
#       ------------------- ---------- ----- -------------------- ---------- ----- --------- ------ ----- --- --- --------- --------- ------ ----- ----- ----- ----- ----- ----- ----- ---- ---------------------
NC_007295.1:104894-105685|+ -            264 1679at2085           -            265   1.9e-78  258.7  13.1   1   1   2.5e-80   2.1e-78  258.6  13.1    12   252     1   248     1   263 0.90 NC_007295.1_86 # 104894 # 105685 # 1 # ID=1_86;partial=00;start_type=ATG;rbs_motif=GGA/GAG/AGG;rbs_spacer=3-4bp;gc_cont=0.265
NC_007295.1:85007-86308|+   -            434 1679at2085           -            265   4.4e-23   77.2  13.7   1   3   1.7e-11   1.5e-09   32.9   0.4   123   177     6    64     1    77 0.80 NC_007295.1_69 # 85007 # 86308 # 1 # ID=1_69;partial=00;start_type=ATG;rbs_motif=None;rbs_spacer=None;gc_cont=0.293
NC_007295.1:85007-86308|+   -            434 1679at2085           -            265   4.4e-23   77.2  13.7   2   3   8.3e-13   7.2e-11   37.2   0.8    22   173    78   228    70   239 0.76 NC_007295.1_69 # 85007 # 86308 # 1 # ID=1_69;partial=00;start_type=ATG;rbs_motif=None;rbs_spacer=None;gc_cont=0.293
NC_007295.1:85007-86308|+   -            434 1679at2085           -            265   4.4e-23   77.2  13.7   3   3   7.1e-06   0.00062   14.4   1.1    24   139   251   380   245   386 0.62 NC_007295.1_69 # 85007 # 86308 # 1 # ID=1_69;partial=00;start_type=ATG;rbs_motif=None;rbs_spacer=None;gc_cont=0.293
NC_007295.1:563611-564141|- -            177 1679at2085           -            265     2e-13   45.5   5.8   1   2   6.9e-13     6e-11   37.4   0.1   124   172    20    69    12    88 0.90 NC_007295.1_461 # 563611 # 564141 # -1 # ID=1_461;partial=00;start_type=GTG;rbs_motif=GGA/GAG/AGG;rbs_spacer=3-4bp;gc_cont=0.303
NC_007295.1:563611-564141|- -            177 1679at2085           -            265     2e-13   45.5   5.8   2   2   0.00015     0.013   10.1   2.2    24    97    95   173    83   176 0.78 NC_007295.1_461 # 563611 # 564141 # -1 # ID=1_461;partial=00;start_type=GTG;rbs_motif=GGA/GAG/AGG;rbs_spacer=3-4bp;gc_cont=0.303
NC_007295.1:231187-232515|- -            443 1679at2085           -            265   1.5e-12   42.7  15.7   1   3       1.1        92   -2.5   0.1   231   258   137   164   114   170 0.58 NC_007295.1_209 # 231187 # 232515 # -1 # ID=1_209;partial=00;start_type=TTG;rbs_motif=AGGAG;rbs_spacer=5-10bp;gc_cont=0.314
NC_007295.1:231187-232515|- -            443 1679at2085           -            265   1.5e-12   42.7  15.7   2   3   1.3e-13   1.2e-11   39.8   0.2    97   174   194   275   185   287 0.79 NC_007295.1_209 # 231187 # 232515 # -1 # ID=1_209;partial=00;start_type=TTG;rbs_motif=AGGAG;rbs_spacer=5-10bp;gc_cont=0.314
NC_007295.1:231187-232515|- -            443 1679at2085           -            265   1.5e-12   42.7  15.7   3   3   0.00027     0.024    9.3   6.3    21   104   291   366   283   386 0.70 NC_007295.1_209 # 231187 # 232515 # -1 # ID=1_209;partial=00;start_type=TTG;rbs_motif=AGGAG;rbs_spacer=5-10bp;gc_cont=0.314
NC_007295.1:187813-188694|- -            294 1679at2085           -            265   1.3e-10   36.3   9.5   1   2   2.1e-11   1.8e-09   32.6   0.3   119   175     6    66     2    84 0.78 NC_007295.1_156 # 187813 # 188694 # -1 # ID=1_156;partial=00;start_type=ATG;rbs_motif=None;rbs_spacer=None;gc_cont=0.293
NC_007295.1:187813-188694|- -            294 1679at2085           -            265   1.3e-10   36.3   9.5   2   2    0.0013      0.11    7.1   3.9    47   103   108   169    77   190 0.77 NC_007295.1_156 # 187813 # 188694 # -1 # ID=1_156;partial=00;start_type=ATG;rbs_motif=None;rbs_spacer=None;gc_cont=0.293
NC_007295.1:47574-48833|+   -            420 1679at2085           -            265   3.1e-06   22.0  11.5   1   2     3e-07   2.6e-05   18.9   0.0   124   175   161   215   145   236 0.76 NC_007295.1_38 # 47574 # 48833 # 1 # ID=1_38;partial=00;start_type=ATG;rbs_motif=AGGA;rbs_spacer=5-10bp;gc_cont=0.306
NC_007295.1:47574-48833|+   -            420 1679at2085           -            265   3.1e-06   22.0  11.5   2   2     0.013       1.1    3.8   8.4    39   121   257   343   253   346 0.85 NC_007295.1_38 # 47574 # 48833 # 1 # ID=1_38;partial=00;start_type=ATG;rbs_motif=AGGA;rbs_spacer=5-10bp;gc_cont=0.306
NC_007295.1:339318-340421|- -            368 1679at2085           -            265   1.3e-05   20.0   0.1   1   1   3.4e-07     3e-05   18.8   0.1   119   155     2    37     1    47 0.85 NC_007295.1_290 # 339318 # 340421 # -1 # ID=1_290;partial=00;start_type=ATG;rbs_motif=None;rbs_spacer=None;gc_cont=0.299
NC_007295.1:184634-185491|- -            286 1679at2085           -            265     2e-05   19.4   8.0   1   1   4.7e-05    0.0041   11.8   8.0    19   173    65   212    58   231 0.62 NC_007295.1_152 # 184634 # 185491 # -1 # ID=1_152;partial=00;start_type=ATG;rbs_motif=None;rbs_spacer=None;gc_cont=0.283
#
# Program:         hmmsearch
# Version:         3.4 (Aug 2023)
# Pipeline mode:   SEARCH
# Query file:      /home/bryan/Documentos/GitHub/Project_doctoral/IMPLEMENTACAO/Genomes/M_hyopneumoniae/strains/J/Use/busco_downloads/lineages/mycoplasmatales_odb10/hmms/1679at2085.hmm
# Target file:     /home/bryan/Documentos/GitHub/Project_doctoral/IMPLEMENTACAO/Genomes/M_hyopneumoniae/strains/J/Use/busco_complete/prodigal_output/predicted_genes/predicted.faa
# Option settings: hmmsearch --domtblout /home/bryan/Documentos/GitHub/Project_doctoral/IMPLEMENTACAO/Genomes/M_hyopneumoniae/strains/J/Use/busco_complete/run_mycoplasmatales_odb10/hmmer_output/1679at2085.out --cpu 1 /home/bryan/Documentos/GitHub/Project_doctoral/IMPLEMENTACAO/Genomes/M_hyopneumoniae/strains/J/Use/busco_downloads/lineages/mycoplasmatales_odb10/hmms/1679at2085.hmm /home/bryan/Documentos/GitHub/Project_doctoral/IMPLEMENTACAO/Genomes/M_hyopneumoniae/strains/J/Use/busco_complete/prodigal_output/predicted_genes/predicted.faa 
# Current dir:     /home/bryan/Documentos/GitHub/Project_doctoral/IMPLEMENTACAO/Genomes/M_hyopneumoniae/strains/J/Use
# Date:            Sun Dec  1 18:57:34 2024
# [ok]
