#                                                                                   --- full sequence --- -------------- this domain -------------   hmm coord   ali coord   env coord
# target name               accession   tlen query name           accession   qlen   E-value  score  bias   #  of  c-Evalue  i-Evalue  score  bias  from    to  from    to  from    to  acc description of target
#       ------------------- ---------- ----- -------------------- ---------- ----- --------- ------ ----- --- --- --------- --------- ------ ----- ----- ----- ----- ----- ----- ----- ---- ---------------------
NC_007295.1:840556-841770|- -            405 1830at2085           -            299  2.4e-100  331.0  31.4   1   3   1.7e-38   3.8e-36  120.2  10.0     1   129    10   157    10   159 0.84 NC_007295.1_660 # 840556 # 841770 # -1 # ID=1_660;partial=00;start_type=ATG;rbs_motif=None;rbs_spacer=None;gc_cont=0.258
NC_007295.1:840556-841770|- -            405 1830at2085           -            299  2.4e-100  331.0  31.4   2   3   6.4e-65   1.5e-62  206.9   7.1   114   296   157   345   152   348 0.87 NC_007295.1_660 # 840556 # 841770 # -1 # ID=1_660;partial=00;start_type=ATG;rbs_motif=None;rbs_spacer=None;gc_cont=0.258
NC_007295.1:840556-841770|- -            405 1830at2085           -            299  2.4e-100  331.0  31.4   3   3   2.4e-06   0.00056   14.6   2.1   244   295   347   399   337   402 0.86 NC_007295.1_660 # 840556 # 841770 # -1 # ID=1_660;partial=00;start_type=ATG;rbs_motif=None;rbs_spacer=None;gc_cont=0.258
NC_007295.1:496800-498341|+ -            514 1830at2085           -            299   3.6e-09   31.6   5.1   1   3   0.00061      0.14    6.7   0.3     2    99     5   110     4   133 0.79 NC_007295.1_423 # 496800 # 498341 # 1 # ID=1_423;partial=00;start_type=ATG;rbs_motif=GGA/GAG/AGG;rbs_spacer=5-10bp;gc_cont=0.270
NC_007295.1:496800-498341|+ -            514 1830at2085           -            299   3.6e-09   31.6   5.1   2   3   7.9e-10   1.8e-07   26.0   0.1   190   259   291   361   282   383 0.81 NC_007295.1_423 # 496800 # 498341 # 1 # ID=1_423;partial=00;start_type=ATG;rbs_motif=GGA/GAG/AGG;rbs_spacer=5-10bp;gc_cont=0.270
NC_007295.1:496800-498341|+ -            514 1830at2085           -            299   3.6e-09   31.6   5.1   3   3      0.14        33   -1.1   0.1    67   100   405   442   393   450 0.62 NC_007295.1_423 # 496800 # 498341 # 1 # ID=1_423;partial=00;start_type=ATG;rbs_motif=GGA/GAG/AGG;rbs_spacer=5-10bp;gc_cont=0.270
NC_007295.1:847459-849831|- -            791 1830at2085           -            299   2.4e-06   22.3   0.0   1   1   3.6e-08   8.4e-06   20.6   0.0   191   236   548   594   504   629 0.85 NC_007295.1_666 # 847459 # 849831 # -1 # ID=1_666;partial=00;start_type=ATG;rbs_motif=GGA/GAG/AGG;rbs_spacer=5-10bp;gc_cont=0.309
#
# Program:         hmmsearch
# Version:         3.4 (Aug 2023)
# Pipeline mode:   SEARCH
# Query file:      /home/bryan/Documentos/GitHub/Project_doctoral/IMPLEMENTACAO/Genomes/M_hyopneumoniae/strains/J/Use/busco_downloads/lineages/mycoplasmatales_odb10/hmms/1830at2085.hmm
# Target file:     /home/bryan/Documentos/GitHub/Project_doctoral/IMPLEMENTACAO/Genomes/M_hyopneumoniae/strains/J/Use/busco_complete/prodigal_output/predicted_genes/predicted.faa
# Option settings: hmmsearch --domtblout /home/bryan/Documentos/GitHub/Project_doctoral/IMPLEMENTACAO/Genomes/M_hyopneumoniae/strains/J/Use/busco_complete/run_mycoplasmatales_odb10/hmmer_output/1830at2085.out --cpu 1 /home/bryan/Documentos/GitHub/Project_doctoral/IMPLEMENTACAO/Genomes/M_hyopneumoniae/strains/J/Use/busco_downloads/lineages/mycoplasmatales_odb10/hmms/1830at2085.hmm /home/bryan/Documentos/GitHub/Project_doctoral/IMPLEMENTACAO/Genomes/M_hyopneumoniae/strains/J/Use/busco_complete/prodigal_output/predicted_genes/predicted.faa 
# Current dir:     /home/bryan/Documentos/GitHub/Project_doctoral/IMPLEMENTACAO/Genomes/M_hyopneumoniae/strains/J/Use
# Date:            Sun Dec  1 18:57:34 2024
# [ok]
