#                                                                                   --- full sequence --- -------------- this domain -------------   hmm coord   ali coord   env coord
# target name               accession   tlen query name           accession   qlen   E-value  score  bias   #  of  c-Evalue  i-Evalue  score  bias  from    to  from    to  from    to  acc description of target
#       ------------------- ---------- ----- -------------------- ---------- ----- --------- ------ ----- --- --- --------- --------- ------ ----- ----- ----- ----- ----- ----- ----- ---- ---------------------
NC_007295.1:753844-755643|- -            600 801at2085            -            486  2.4e-190  628.7  28.4   1   2  1.7e-156  2.4e-154  509.9   9.1     3   343    16   392    14   395 0.90 NC_007295.1_602 # 753844 # 755643 # -1 # ID=1_602;partial=00;start_type=ATG;rbs_motif=GGAG/GAGG;rbs_spacer=5-10bp;gc_cont=0.351
NC_007295.1:753844-755643|- -            600 801at2085            -            486  2.4e-190  628.7  28.4   2   2   1.3e-39   1.8e-37  124.5  13.6   320   485   388   594   383   595 0.82 NC_007295.1_602 # 753844 # 755643 # -1 # ID=1_602;partial=00;start_type=ATG;rbs_motif=GGAG/GAGG;rbs_spacer=5-10bp;gc_cont=0.351
NC_007295.1:86866-88662|+   -            599 801at2085            -            486   1.5e-19   65.3   6.3   1   2   1.2e-21   1.7e-19   65.2   4.1    86   282    10   221     3   243 0.80 NC_007295.1_72 # 86866 # 88662 # 1 # ID=1_72;partial=00;start_type=ATG;rbs_motif=None;rbs_spacer=None;gc_cont=0.344
NC_007295.1:86866-88662|+   -            599 801at2085            -            486   1.5e-19   65.3   6.3   2   2      0.29        40   -2.0   0.0    26    81   464   520   441   535 0.61 NC_007295.1_72 # 86866 # 88662 # 1 # ID=1_72;partial=00;start_type=ATG;rbs_motif=None;rbs_spacer=None;gc_cont=0.344
NC_007295.1:676055-677263|- -            403 801at2085            -            486   1.2e-18   62.4   3.1   1   2   1.7e-05    0.0024   11.9   0.1    85   103    21    39     7    56 0.83 NC_007295.1_540 # 676055 # 677263 # -1 # ID=1_540;partial=00;start_type=ATG;rbs_motif=AGGA;rbs_spacer=5-10bp;gc_cont=0.404
NC_007295.1:676055-677263|- -            403 801at2085            -            486   1.2e-18   62.4   3.1   2   2   2.4e-17   3.4e-15   51.0   0.5   127   281    85   249    59   320 0.74 NC_007295.1_540 # 676055 # 677263 # -1 # ID=1_540;partial=00;start_type=ATG;rbs_motif=AGGA;rbs_spacer=5-10bp;gc_cont=0.404
NC_007295.1:89995-92079|-   -            695 801at2085            -            486     1e-15   52.7   4.7   1   2   3.9e-16   5.4e-14   47.0   3.0   112   205    58   161     6   210 0.69 NC_007295.1_74 # 89995 # 92079 # -1 # ID=1_74;partial=00;start_type=ATG;rbs_motif=AGGA;rbs_spacer=5-10bp;gc_cont=0.371
NC_007295.1:89995-92079|-   -            695 801at2085            -            486     1e-15   52.7   4.7   2   2     0.014         2    2.3   0.0   203   234   243   275   223   396 0.77 NC_007295.1_74 # 89995 # 92079 # -1 # ID=1_74;partial=00;start_type=ATG;rbs_motif=AGGA;rbs_spacer=5-10bp;gc_cont=0.371
NC_007295.1:104894-105685|+ -            264 801at2085            -            486   9.9e-06   19.8   0.5   1   2     0.013       1.9    2.4   0.3   144   201    12    68     8    74 0.77 NC_007295.1_86 # 104894 # 105685 # 1 # ID=1_86;partial=00;start_type=ATG;rbs_motif=GGA/GAG/AGG;rbs_spacer=3-4bp;gc_cont=0.265
NC_007295.1:104894-105685|+ -            264 801at2085            -            486   9.9e-06   19.8   0.5   2   2   1.7e-06   0.00023   15.3   0.0    87   132   115   162    86   169 0.82 NC_007295.1_86 # 104894 # 105685 # 1 # ID=1_86;partial=00;start_type=ATG;rbs_motif=GGA/GAG/AGG;rbs_spacer=3-4bp;gc_cont=0.265
#
# Program:         hmmsearch
# Version:         3.4 (Aug 2023)
# Pipeline mode:   SEARCH
# Query file:      /home/bryan/Documentos/GitHub/Project_doctoral/IMPLEMENTACAO/Genomes/M_hyopneumoniae/strains/J/Use/busco_downloads/lineages/mycoplasmatales_odb10/hmms/801at2085.hmm
# Target file:     /home/bryan/Documentos/GitHub/Project_doctoral/IMPLEMENTACAO/Genomes/M_hyopneumoniae/strains/J/Use/busco_complete/prodigal_output/predicted_genes/predicted.faa
# Option settings: hmmsearch --domtblout /home/bryan/Documentos/GitHub/Project_doctoral/IMPLEMENTACAO/Genomes/M_hyopneumoniae/strains/J/Use/busco_complete/run_mycoplasmatales_odb10/hmmer_output/801at2085.out --cpu 1 /home/bryan/Documentos/GitHub/Project_doctoral/IMPLEMENTACAO/Genomes/M_hyopneumoniae/strains/J/Use/busco_downloads/lineages/mycoplasmatales_odb10/hmms/801at2085.hmm /home/bryan/Documentos/GitHub/Project_doctoral/IMPLEMENTACAO/Genomes/M_hyopneumoniae/strains/J/Use/busco_complete/prodigal_output/predicted_genes/predicted.faa 
# Current dir:     /home/bryan/Documentos/GitHub/Project_doctoral/IMPLEMENTACAO/Genomes/M_hyopneumoniae/strains/J/Use
# Date:            Sun Dec  1 18:57:39 2024
# [ok]
