#                                                                                     --- full sequence --- -------------- this domain -------------   hmm coord   ali coord   env coord
# target name                 accession   tlen query name           accession   qlen   E-value  score  bias   #  of  c-Evalue  i-Evalue  score  bias  from    to  from    to  from    to  acc description of target
#         ------------------- ---------- ----- -------------------- ---------- ----- --------- ------ ----- --- --- --------- --------- ------ ----- ----- ----- ----- ----- ----- ----- ---- ---------------------
NZ_CP058578.1:472699-474138|- -            480 1529at2085           -            392  7.7e-153  504.5  18.6   1   2  3.2e-147  5.7e-145  478.6  12.8     1   341     1   372     1   387 0.90 NZ_CP058578.1_392 # 472699 # 474138 # -1 # ID=1_392;partial=00;start_type=ATG;rbs_motif=None;rbs_spacer=None;gc_cont=0.308
NZ_CP058578.1:472699-474138|- -            480 1529at2085           -            392  7.7e-153  504.5  18.6   2   2   7.7e-09   1.4e-06   23.0   0.5   334   386   386   448   377   451 0.85 NZ_CP058578.1_392 # 472699 # 474138 # -1 # ID=1_392;partial=00;start_type=ATG;rbs_motif=None;rbs_spacer=None;gc_cont=0.308
NZ_CP058578.1:68312-69679|+   -            456 1529at2085           -            392   1.2e-08   29.8   1.4   1   2   3.3e-06   0.00059   14.3   0.5    82   159   143   222   119   275 0.75 NZ_CP058578.1_58 # 68312 # 69679 # 1 # ID=1_58;partial=00;start_type=ATG;rbs_motif=AGGA;rbs_spacer=5-10bp;gc_cont=0.300
NZ_CP058578.1:68312-69679|+   -            456 1529at2085           -            392   1.2e-08   29.8   1.4   2   2   3.4e-06    0.0006   14.3   0.0   295   341   394   440   354   454 0.85 NZ_CP058578.1_58 # 68312 # 69679 # 1 # ID=1_58;partial=00;start_type=ATG;rbs_motif=AGGA;rbs_spacer=5-10bp;gc_cont=0.300
NZ_CP058578.1:295835-297076|+ -            414 1529at2085           -            392   1.1e-06   23.3   0.1   1   2     0.053       9.5    0.5   0.2   306   368    37   101    18   105 0.75 NZ_CP058578.1_251 # 295835 # 297076 # 1 # ID=1_251;partial=00;start_type=ATG;rbs_motif=None;rbs_spacer=None;gc_cont=0.316
NZ_CP058578.1:295835-297076|+ -            414 1529at2085           -            392   1.1e-06   23.3   0.1   2   2   4.8e-08   8.6e-06   20.4   0.0   103   246   225   377   162   400 0.79 NZ_CP058578.1_251 # 295835 # 297076 # 1 # ID=1_251;partial=00;start_type=ATG;rbs_motif=None;rbs_spacer=None;gc_cont=0.316
NZ_CP058578.1:782444-784183|- -            580 1529at2085           -            392   1.4e-05   19.7   2.0   1   2   1.2e-05    0.0021   12.5   0.1    40   158   207   325   175   353 0.80 NZ_CP058578.1_628 # 782444 # 784183 # -1 # ID=1_628;partial=00;start_type=ATG;rbs_motif=GGA/GAG/AGG;rbs_spacer=5-10bp;gc_cont=0.299
NZ_CP058578.1:782444-784183|- -            580 1529at2085           -            392   1.4e-05   19.7   2.0   2   2   0.00099      0.18    6.2   0.3   280   329   503   552   428   567 0.79 NZ_CP058578.1_628 # 782444 # 784183 # -1 # ID=1_628;partial=00;start_type=ATG;rbs_motif=GGA/GAG/AGG;rbs_spacer=5-10bp;gc_cont=0.299
#
# Program:         hmmsearch
# Version:         3.4 (Aug 2023)
# Pipeline mode:   SEARCH
# Query file:      /home/lgef/Documentos/GitHub/Project_doctoral/IMPLEMENTACAO/Genomes/M_hyopneumoniae/MHP_ncbi_dataset/ncbi_dataset/data/strains/ES2L/Use/busco_downloads/lineages/mycoplasmatales_odb10/hmms/1529at2085.hmm
# Target file:     /home/lgef/Documentos/GitHub/Project_doctoral/IMPLEMENTACAO/Genomes/M_hyopneumoniae/MHP_ncbi_dataset/ncbi_dataset/data/strains/ES2L/Use/busco_complete/prodigal_output/predicted_genes/predicted.faa
# Option settings: hmmsearch --domtblout /home/lgef/Documentos/GitHub/Project_doctoral/IMPLEMENTACAO/Genomes/M_hyopneumoniae/MHP_ncbi_dataset/ncbi_dataset/data/strains/ES2L/Use/busco_complete/run_mycoplasmatales_odb10/hmmer_output/1529at2085.out --cpu 1 /home/lgef/Documentos/GitHub/Project_doctoral/IMPLEMENTACAO/Genomes/M_hyopneumoniae/MHP_ncbi_dataset/ncbi_dataset/data/strains/ES2L/Use/busco_downloads/lineages/mycoplasmatales_odb10/hmms/1529at2085.hmm /home/lgef/Documentos/GitHub/Project_doctoral/IMPLEMENTACAO/Genomes/M_hyopneumoniae/MHP_ncbi_dataset/ncbi_dataset/data/strains/ES2L/Use/busco_complete/prodigal_output/predicted_genes/predicted.faa 
# Current dir:     /home/lgef/Documentos/GitHub/Project_doctoral/IMPLEMENTACAO/Genomes/M_hyopneumoniae/MHP_ncbi_dataset/ncbi_dataset/data/strains/ES2L/Use
# Date:            Thu Nov 28 19:22:14 2024
# [ok]
