#                                                                                   --- full sequence --- -------------- this domain -------------   hmm coord   ali coord   env coord
# target name               accession   tlen query name           accession   qlen   E-value  score  bias   #  of  c-Evalue  i-Evalue  score  bias  from    to  from    to  from    to  acc description of target
#       ------------------- ---------- ----- -------------------- ---------- ----- --------- ------ ----- --- --- --------- --------- ------ ----- ----- ----- ----- ----- ----- ----- ---- ---------------------
NC_017509.1:47506-48765|+   -            420 1851at2085           -            347  1.5e-133  440.5  15.4   1   2  1.3e-122  1.8e-120  397.4   7.3     1   297     1   317     1   324 0.92 NC_017509.1_38 # 47506 # 48765 # 1 # ID=1_38;partial=00;start_type=ATG;rbs_motif=AGGA;rbs_spacer=5-10bp;gc_cont=0.306
NC_017509.1:47506-48765|+   -            420 1851at2085           -            347  1.5e-133  440.5  15.4   2   2   2.3e-16   3.3e-14   48.0   2.3   253   347   321   418   309   418 0.78 NC_017509.1_38 # 47506 # 48765 # 1 # ID=1_38;partial=00;start_type=ATG;rbs_motif=AGGA;rbs_spacer=5-10bp;gc_cont=0.306
NC_017509.1:413620-414723|+ -            368 1851at2085           -            347     2e-14   48.7   0.9   1   1   2.7e-14   3.9e-12   41.1   0.9   154   250     5   118     2   209 0.80 NC_017509.1_348 # 413620 # 414723 # 1 # ID=1_348;partial=00;start_type=ATG;rbs_motif=None;rbs_spacer=None;gc_cont=0.298
NC_017509.1:84933-86234|+   -            434 1851at2085           -            347   3.1e-09   31.6   0.2   1   2   4.2e-06    0.0006   14.2   0.1   153   273     4   124     1   153 0.75 NC_017509.1_69 # 84933 # 86234 # 1 # ID=1_69;partial=00;start_type=ATG;rbs_motif=3Base/5BMM;rbs_spacer=13-15bp;gc_cont=0.291
NC_017509.1:84933-86234|+   -            434 1851at2085           -            347   3.1e-09   31.6   0.2   2   2   2.3e-06   0.00033   15.1   0.0   145   278   164   300   156   308 0.80 NC_017509.1_69 # 84933 # 86234 # 1 # ID=1_69;partial=00;start_type=ATG;rbs_motif=3Base/5BMM;rbs_spacer=13-15bp;gc_cont=0.291
NC_017509.1:104811-105602|+ -            264 1851at2085           -            347   6.1e-06   20.8   0.2   1   2      0.12        16   -0.4   0.2   213   249    28    64     8    87 0.58 NC_017509.1_86 # 104811 # 105602 # 1 # ID=1_86;partial=00;start_type=ATG;rbs_motif=GGA/GAG/AGG;rbs_spacer=3-4bp;gc_cont=0.269
NC_017509.1:104811-105602|+ -            264 1851at2085           -            347   6.1e-06   20.8   0.2   2   2   4.3e-08   6.1e-06   20.8   0.2   156   296   115   251    98   261 0.86 NC_017509.1_86 # 104811 # 105602 # 1 # ID=1_86;partial=00;start_type=ATG;rbs_motif=GGA/GAG/AGG;rbs_spacer=3-4bp;gc_cont=0.269
NC_017509.1:167264-168145|+ -            294 1851at2085           -            347   0.00052   14.4   1.7   1   1   5.2e-06   0.00074   13.9   1.7   148   302     3   157     1   163 0.77 NC_017509.1_151 # 167264 # 168145 # 1 # ID=1_151;partial=00;start_type=ATG;rbs_motif=None;rbs_spacer=None;gc_cont=0.293
#
# Program:         hmmsearch
# Version:         3.4 (Aug 2023)
# Pipeline mode:   SEARCH
# Query file:      /home/bryan/Documentos/GitHub/Project_doctoral/IMPLEMENTACAO/Genomes/M_hyopneumoniae/strains/168/Use/busco_downloads/lineages/mycoplasmatales_odb10/hmms/1851at2085.hmm
# Target file:     /home/bryan/Documentos/GitHub/Project_doctoral/IMPLEMENTACAO/Genomes/M_hyopneumoniae/strains/168/Use/busco_complete/prodigal_output/predicted_genes/predicted.faa
# Option settings: hmmsearch --domtblout /home/bryan/Documentos/GitHub/Project_doctoral/IMPLEMENTACAO/Genomes/M_hyopneumoniae/strains/168/Use/busco_complete/run_mycoplasmatales_odb10/hmmer_output/1851at2085.out --cpu 1 /home/bryan/Documentos/GitHub/Project_doctoral/IMPLEMENTACAO/Genomes/M_hyopneumoniae/strains/168/Use/busco_downloads/lineages/mycoplasmatales_odb10/hmms/1851at2085.hmm /home/bryan/Documentos/GitHub/Project_doctoral/IMPLEMENTACAO/Genomes/M_hyopneumoniae/strains/168/Use/busco_complete/prodigal_output/predicted_genes/predicted.faa 
# Current dir:     /home/bryan/Documentos/GitHub/Project_doctoral/IMPLEMENTACAO/Genomes/M_hyopneumoniae/strains/168/Use
# Date:            Sun Dec  1 19:05:27 2024
# [ok]
