/home/lgef/miniconda3/envs/quast/bin/quast /home/lgef/Documentos/GitHub/Project_doctoral/IMPLEMENTACAO/Genomes/M_flocculare/MFC_ncbi_dataset/ncbi_dataset/data/strains/ATCC27716/Use/GCF_000367185.1/GCF_000367185.1_Mycoplasma_flocculare_genome_genomic.fna -o /home/lgef/Documentos/GitHub/Project_doctoral/IMPLEMENTACAO/Genomes/M_flocculare/MFC_ncbi_dataset/ncbi_dataset/data/strains/ATCC27716/Use/quast_draft

Version: 5.0.2

System information:
  OS: Linux-6.8.0-49-generic-x86_64-with-debian-trixie-sid (linux_64)
  Python version: 3.6.13
  CPUs number: 8

Started: 2024-11-29 12:31:20

Logging to /home/lgef/Documentos/GitHub/Project_doctoral/IMPLEMENTACAO/Genomes/M_flocculare/MFC_ncbi_dataset/ncbi_dataset/data/strains/ATCC27716/Use/quast_draft/quast.log
NOTICE: Maximum number of threads is set to 2 (use --threads option to set it manually)

CWD: /home/lgef/Documentos/GitHub/Project_doctoral/IMPLEMENTACAO/Genomes/M_flocculare/MFC_ncbi_dataset/ncbi_dataset/data/strains/ATCC27716
Main parameters: 
  MODE: default, threads: 2, minimum contig length: 500, minimum alignment length: 65, \
  ambiguity: one, threshold for extensive misassembly size: 1000

Contigs:
  Pre-processing...
  /home/lgef/Documentos/GitHub/Project_doctoral/IMPLEMENTACAO/Genomes/M_flocculare/MFC_ncbi_dataset/ncbi_dataset/data/strains/ATCC27716/Use/GCF_000367185.1/GCF_000367185.1_Mycoplasma_flocculare_genome_genomic.fna ==> GCF_000367185.1_Mycoplasma_flocculare_genome_genomic

2024-11-29 12:31:20
Running Basic statistics processor...
  Contig files: 
    GCF_000367185.1_Mycoplasma_flocculare_genome_genomic
  Calculating N50 and L50...
    GCF_000367185.1_Mycoplasma_flocculare_genome_genomic, N50 = 82174, L50 = 3, Total length = 763948, GC % = 28.94, # N's per 100 kbp =  0.52
  Drawing Nx plot...
    saved to /home/lgef/Documentos/GitHub/Project_doctoral/IMPLEMENTACAO/Genomes/M_flocculare/MFC_ncbi_dataset/ncbi_dataset/data/strains/ATCC27716/Use/quast_draft/basic_stats/Nx_plot.pdf
  Drawing cumulative plot...
    saved to /home/lgef/Documentos/GitHub/Project_doctoral/IMPLEMENTACAO/Genomes/M_flocculare/MFC_ncbi_dataset/ncbi_dataset/data/strains/ATCC27716/Use/quast_draft/basic_stats/cumulative_plot.pdf
  Drawing GC content plot...
    saved to /home/lgef/Documentos/GitHub/Project_doctoral/IMPLEMENTACAO/Genomes/M_flocculare/MFC_ncbi_dataset/ncbi_dataset/data/strains/ATCC27716/Use/quast_draft/basic_stats/GC_content_plot.pdf
  Drawing GCF_000367185.1_Mycoplasma_flocculare_genome_genomic GC content plot...
    saved to /home/lgef/Documentos/GitHub/Project_doctoral/IMPLEMENTACAO/Genomes/M_flocculare/MFC_ncbi_dataset/ncbi_dataset/data/strains/ATCC27716/Use/quast_draft/basic_stats/GCF_000367185.1_Mycoplasma_flocculare_genome_genomic_GC_content_plot.pdf
Done.

NOTICE: Genes are not predicted by default. Use --gene-finding or --glimmer option to enable it.

2024-11-29 12:31:21
Creating large visual summaries...
This may take a while: press Ctrl-C to skip this step..
  1 of 2: Creating Icarus viewers...
  2 of 2: Creating PDF with all tables and plots...
Done

2024-11-29 12:31:21
RESULTS:
  Text versions of total report are saved to /home/lgef/Documentos/GitHub/Project_doctoral/IMPLEMENTACAO/Genomes/M_flocculare/MFC_ncbi_dataset/ncbi_dataset/data/strains/ATCC27716/Use/quast_draft/report.txt, report.tsv, and report.tex
  Text versions of transposed total report are saved to /home/lgef/Documentos/GitHub/Project_doctoral/IMPLEMENTACAO/Genomes/M_flocculare/MFC_ncbi_dataset/ncbi_dataset/data/strains/ATCC27716/Use/quast_draft/transposed_report.txt, transposed_report.tsv, and transposed_report.tex
  HTML version (interactive tables and plots) is saved to /home/lgef/Documentos/GitHub/Project_doctoral/IMPLEMENTACAO/Genomes/M_flocculare/MFC_ncbi_dataset/ncbi_dataset/data/strains/ATCC27716/Use/quast_draft/report.html
  PDF version (tables and plots) is saved to /home/lgef/Documentos/GitHub/Project_doctoral/IMPLEMENTACAO/Genomes/M_flocculare/MFC_ncbi_dataset/ncbi_dataset/data/strains/ATCC27716/Use/quast_draft/report.pdf
  Icarus (contig browser) is saved to /home/lgef/Documentos/GitHub/Project_doctoral/IMPLEMENTACAO/Genomes/M_flocculare/MFC_ncbi_dataset/ncbi_dataset/data/strains/ATCC27716/Use/quast_draft/icarus.html
  Log is saved to /home/lgef/Documentos/GitHub/Project_doctoral/IMPLEMENTACAO/Genomes/M_flocculare/MFC_ncbi_dataset/ncbi_dataset/data/strains/ATCC27716/Use/quast_draft/quast.log

Finished: 2024-11-29 12:31:21
Elapsed time: 0:00:01.505013
NOTICEs: 2; WARNINGs: 0; non-fatal ERRORs: 0

Thank you for using QUAST!
