#                                                                                     --- full sequence --- -------------- this domain -------------   hmm coord   ali coord   env coord
# target name                 accession   tlen query name           accession   qlen   E-value  score  bias   #  of  c-Evalue  i-Evalue  score  bias  from    to  from    to  from    to  acc description of target
#         ------------------- ---------- ----- -------------------- ---------- ----- --------- ------ ----- --- --- --------- --------- ------ ----- ----- ----- ----- ----- ----- ----- ---- ---------------------
NZ_CP079799.1:494136-495575|- -            480 1529at2085           -            392  9.1e-153  504.3  18.2   1   2  2.6e-147  4.6e-145  478.9  12.0     1   341     1   372     1   384 0.90 NZ_CP079799.1_408 # 494136 # 495575 # -1 # ID=1_408;partial=00;start_type=ATG;rbs_motif=None;rbs_spacer=None;gc_cont=0.311
NZ_CP079799.1:494136-495575|- -            480 1529at2085           -            392  9.1e-153  504.3  18.2   2   2   7.6e-09   1.3e-06   23.0   0.5   334   386   386   448   377   451 0.85 NZ_CP079799.1_408 # 494136 # 495575 # -1 # ID=1_408;partial=00;start_type=ATG;rbs_motif=None;rbs_spacer=None;gc_cont=0.311
NZ_CP079799.1:70932-72299|+   -            456 1529at2085           -            392   1.2e-08   29.8   1.4   1   2   3.3e-06   0.00059   14.3   0.5    82   159   143   222   119   275 0.75 NZ_CP079799.1_60 # 70932 # 72299 # 1 # ID=1_60;partial=00;start_type=ATG;rbs_motif=AGGA;rbs_spacer=5-10bp;gc_cont=0.300
NZ_CP079799.1:70932-72299|+   -            456 1529at2085           -            392   1.2e-08   29.8   1.4   2   2   3.4e-06    0.0006   14.3   0.0   295   341   394   440   354   454 0.85 NZ_CP079799.1_60 # 70932 # 72299 # 1 # ID=1_60;partial=00;start_type=ATG;rbs_motif=AGGA;rbs_spacer=5-10bp;gc_cont=0.300
NZ_CP079799.1:323754-324995|+ -            414 1529at2085           -            392   1.3e-06   23.1   0.1   1   2     0.053       9.4    0.5   0.2   306   368    37   101    18   105 0.75 NZ_CP079799.1_271 # 323754 # 324995 # 1 # ID=1_271;partial=00;start_type=ATG;rbs_motif=None;rbs_spacer=None;gc_cont=0.317
NZ_CP079799.1:323754-324995|+ -            414 1529at2085           -            392   1.3e-06   23.1   0.1   2   2   5.6e-08   9.9e-06   20.2   0.0   103   246   225   377   162   400 0.80 NZ_CP079799.1_271 # 323754 # 324995 # 1 # ID=1_271;partial=00;start_type=ATG;rbs_motif=None;rbs_spacer=None;gc_cont=0.317
NZ_CP079799.1:785799-787538|- -            580 1529at2085           -            392   8.3e-06   20.4   2.1   1   2   9.7e-06    0.0017   12.8   0.1    39   158   206   325   174   353 0.79 NZ_CP079799.1_620 # 785799 # 787538 # -1 # ID=1_620;partial=00;start_type=ATG;rbs_motif=AGGA;rbs_spacer=5-10bp;gc_cont=0.294
NZ_CP079799.1:785799-787538|- -            580 1529at2085           -            392   8.3e-06   20.4   2.1   2   2   0.00076      0.13    6.6   0.4   279   329   502   552   419   565 0.70 NZ_CP079799.1_620 # 785799 # 787538 # -1 # ID=1_620;partial=00;start_type=ATG;rbs_motif=AGGA;rbs_spacer=5-10bp;gc_cont=0.294
#
# Program:         hmmsearch
# Version:         3.4 (Aug 2023)
# Pipeline mode:   SEARCH
# Query file:      /home/lgef/Documentos/GitHub/Project_doctoral/IMPLEMENTACAO/Genomes/M_hyopneumoniae/MHP_ncbi_dataset/ncbi_dataset/data/strains/LH/Use/busco_downloads/lineages/mycoplasmatales_odb10/hmms/1529at2085.hmm
# Target file:     /home/lgef/Documentos/GitHub/Project_doctoral/IMPLEMENTACAO/Genomes/M_hyopneumoniae/MHP_ncbi_dataset/ncbi_dataset/data/strains/LH/Use/busco_complete/prodigal_output/predicted_genes/predicted.faa
# Option settings: hmmsearch --domtblout /home/lgef/Documentos/GitHub/Project_doctoral/IMPLEMENTACAO/Genomes/M_hyopneumoniae/MHP_ncbi_dataset/ncbi_dataset/data/strains/LH/Use/busco_complete/run_mycoplasmatales_odb10/hmmer_output/1529at2085.out --cpu 1 /home/lgef/Documentos/GitHub/Project_doctoral/IMPLEMENTACAO/Genomes/M_hyopneumoniae/MHP_ncbi_dataset/ncbi_dataset/data/strains/LH/Use/busco_downloads/lineages/mycoplasmatales_odb10/hmms/1529at2085.hmm /home/lgef/Documentos/GitHub/Project_doctoral/IMPLEMENTACAO/Genomes/M_hyopneumoniae/MHP_ncbi_dataset/ncbi_dataset/data/strains/LH/Use/busco_complete/prodigal_output/predicted_genes/predicted.faa 
# Current dir:     /home/lgef/Documentos/GitHub/Project_doctoral/IMPLEMENTACAO/Genomes/M_hyopneumoniae/MHP_ncbi_dataset/ncbi_dataset/data/strains/LH/Use
# Date:            Thu Nov 28 19:21:21 2024
# [ok]
