#                                                                                     --- full sequence --- -------------- this domain -------------   hmm coord   ali coord   env coord
# target name                 accession   tlen query name           accession   qlen   E-value  score  bias   #  of  c-Evalue  i-Evalue  score  bias  from    to  from    to  from    to  acc description of target
#         ------------------- ---------- ----- -------------------- ---------- ----- --------- ------ ----- --- --- --------- --------- ------ ----- ----- ----- ----- ----- ----- ----- ---- ---------------------
NZ_CP079799.1:192254-192835|- -            194 4276at2085           -            173   1.3e-66  219.1   7.5   1   1   8.6e-69   1.5e-66  218.8   7.5     3   173     2   190     1   190 0.91 NZ_CP079799.1_154 # 192254 # 192835 # -1 # ID=1_154;partial=00;start_type=ATG;rbs_motif=GGA/GAG/AGG;rbs_spacer=5-10bp;gc_cont=0.268
NZ_CP079799.1:92191-92880|+   -            230 4276at2085           -            173   4.9e-05   18.6   0.5   1   2   5.6e-06   0.00099   14.3   0.0     6    27     8    29     3    39 0.82 NZ_CP079799.1_72 # 92191 # 92880 # 1 # ID=1_72;partial=00;start_type=ATG;rbs_motif=4Base/6BMM;rbs_spacer=13-15bp;gc_cont=0.300
NZ_CP079799.1:92191-92880|+   -            230 4276at2085           -            173   4.9e-05   18.6   0.5   2   2     0.028       4.9    2.3   0.1    23    72   135   184   126   213 0.75 NZ_CP079799.1_72 # 92191 # 92880 # 1 # ID=1_72;partial=00;start_type=ATG;rbs_motif=4Base/6BMM;rbs_spacer=13-15bp;gc_cont=0.300
NZ_CP079799.1:208063-208701|- -            213 4276at2085           -            173   0.00058   15.1   0.8   1   2   3.1e-05    0.0054   11.9   0.2     2    42     3    42     2    84 0.76 NZ_CP079799.1_176 # 208063 # 208701 # -1 # ID=1_176;partial=00;start_type=ATG;rbs_motif=AGxAGG/AGGxGG;rbs_spacer=11-12bp;gc_cont=0.290
NZ_CP079799.1:208063-208701|- -            213 4276at2085           -            173   0.00058   15.1   0.8   2   2     0.052       9.1    1.4   0.0   125   146   157   178   138   208 0.88 NZ_CP079799.1_176 # 208063 # 208701 # -1 # ID=1_176;partial=00;start_type=ATG;rbs_motif=AGxAGG/AGGxGG;rbs_spacer=11-12bp;gc_cont=0.290
NZ_CP079799.1:120570-123413|- -            948 4276at2085           -            173    0.0015   13.7   0.4   1   2    0.0033      0.58    5.3   0.0     2    22    30    50    29    74 0.74 NZ_CP079799.1_95 # 120570 # 123413 # -1 # ID=1_95;partial=00;start_type=ATG;rbs_motif=None;rbs_spacer=None;gc_cont=0.329
NZ_CP079799.1:120570-123413|- -            948 4276at2085           -            173    0.0015   13.7   0.4   2   2    0.0022      0.39    5.9   0.2     4    26   639   661   637   679 0.86 NZ_CP079799.1_95 # 120570 # 123413 # -1 # ID=1_95;partial=00;start_type=ATG;rbs_motif=None;rbs_spacer=None;gc_cont=0.329
#
# Program:         hmmsearch
# Version:         3.4 (Aug 2023)
# Pipeline mode:   SEARCH
# Query file:      /home/lgef/Documentos/GitHub/Project_doctoral/IMPLEMENTACAO/Genomes/M_hyopneumoniae/MHP_ncbi_dataset/ncbi_dataset/data/strains/LH/Use/busco_downloads/lineages/mycoplasmatales_odb10/hmms/4276at2085.hmm
# Target file:     /home/lgef/Documentos/GitHub/Project_doctoral/IMPLEMENTACAO/Genomes/M_hyopneumoniae/MHP_ncbi_dataset/ncbi_dataset/data/strains/LH/Use/busco_complete/prodigal_output/predicted_genes/predicted.faa
# Option settings: hmmsearch --domtblout /home/lgef/Documentos/GitHub/Project_doctoral/IMPLEMENTACAO/Genomes/M_hyopneumoniae/MHP_ncbi_dataset/ncbi_dataset/data/strains/LH/Use/busco_complete/run_mycoplasmatales_odb10/hmmer_output/4276at2085.out --cpu 1 /home/lgef/Documentos/GitHub/Project_doctoral/IMPLEMENTACAO/Genomes/M_hyopneumoniae/MHP_ncbi_dataset/ncbi_dataset/data/strains/LH/Use/busco_downloads/lineages/mycoplasmatales_odb10/hmms/4276at2085.hmm /home/lgef/Documentos/GitHub/Project_doctoral/IMPLEMENTACAO/Genomes/M_hyopneumoniae/MHP_ncbi_dataset/ncbi_dataset/data/strains/LH/Use/busco_complete/prodigal_output/predicted_genes/predicted.faa 
# Current dir:     /home/lgef/Documentos/GitHub/Project_doctoral/IMPLEMENTACAO/Genomes/M_hyopneumoniae/MHP_ncbi_dataset/ncbi_dataset/data/strains/LH/Use
# Date:            Thu Nov 28 19:21:23 2024
# [ok]
