#                                                                                   --- full sequence --- -------------- this domain -------------   hmm coord   ali coord   env coord
# target name               accession   tlen query name           accession   qlen   E-value  score  bias   #  of  c-Evalue  i-Evalue  score  bias  from    to  from    to  from    to  acc description of target
#       ------------------- ---------- ----- -------------------- ---------- ----- --------- ------ ----- --- --- --------- --------- ------ ----- ----- ----- ----- ----- ----- ----- ---- ---------------------
NC_007332.1:127407-128324|+ -            306 3146at2085           -            235     2e-85  281.2   1.1   1   2   5.8e-29     1e-26   89.1   0.1     1    65     4    71     4   103 0.91 NC_007332.1_103 # 127407 # 128324 # 1 # ID=1_103;partial=00;start_type=ATG;rbs_motif=GGA/GAG/AGG;rbs_spacer=5-10bp;gc_cont=0.352
NC_007332.1:127407-128324|+ -            306 3146at2085           -            235     2e-85  281.2   1.1   2   2   5.5e-60   9.5e-58  190.6   0.1    64   234   104   299    98   300 0.86 NC_007332.1_103 # 127407 # 128324 # 1 # ID=1_103;partial=00;start_type=ATG;rbs_motif=GGA/GAG/AGG;rbs_spacer=5-10bp;gc_cont=0.352
NC_007332.1:758738-760102|- -            455 3146at2085           -            235   2.9e-16   54.8   5.1   1   2     1e-07   1.8e-05   19.5   0.1     1    39     4    42     4    51 0.94 NC_007332.1_585 # 758738 # 760102 # -1 # ID=1_585;partial=00;start_type=ATG;rbs_motif=GGA/GAG/AGG;rbs_spacer=5-10bp;gc_cont=0.318
NC_007332.1:758738-760102|- -            455 3146at2085           -            235   2.9e-16   54.8   5.1   2   2   1.9e-12   3.4e-10   35.0   2.0   102   235   167   320   124   320 0.66 NC_007332.1_585 # 758738 # 760102 # -1 # ID=1_585;partial=00;start_type=ATG;rbs_motif=GGA/GAG/AGG;rbs_spacer=5-10bp;gc_cont=0.318
NC_007332.1:672369-674249|+ -            627 3146at2085           -            235   1.8e-11   39.2   9.2   1   2     3e-08   5.2e-06   21.3   0.1     1    38   161   198   161   207 0.93 NC_007332.1_520 # 672369 # 674249 # 1 # ID=1_520;partial=00;start_type=ATG;rbs_motif=AGGA;rbs_spacer=5-10bp;gc_cont=0.365
NC_007332.1:672369-674249|+ -            627 3146at2085           -            235   1.8e-11   39.2   9.2   2   2   7.7e-08   1.3e-05   19.9   3.4    63   218   298   477   272   494 0.68 NC_007332.1_520 # 672369 # 674249 # 1 # ID=1_520;partial=00;start_type=ATG;rbs_motif=AGGA;rbs_spacer=5-10bp;gc_cont=0.365
NC_007332.1:2983-4842|+     -            620 3146at2085           -            235     0.024    9.3   2.9   1   3    0.0011       0.2    6.3   0.0     1    30    12    41    12    49 0.85 NC_007332.1_3 # 2983 # 4842 # 1 # ID=1_3;partial=00;start_type=ATG;rbs_motif=GGAG/GAGG;rbs_spacer=5-10bp;gc_cont=0.327
NC_007332.1:2983-4842|+     -            620 3146at2085           -            235     0.024    9.3   2.9   2   3     0.028       4.8    1.7   0.7   129   169    98   142    79   162 0.72 NC_007332.1_3 # 2983 # 4842 # 1 # ID=1_3;partial=00;start_type=ATG;rbs_motif=GGAG/GAGG;rbs_spacer=5-10bp;gc_cont=0.327
NC_007332.1:2983-4842|+     -            620 3146at2085           -            235     0.024    9.3   2.9   3   3      0.61     1e+02   -2.6   0.0   201   215   361   376   350   393 0.73 NC_007332.1_3 # 2983 # 4842 # 1 # ID=1_3;partial=00;start_type=ATG;rbs_motif=GGAG/GAGG;rbs_spacer=5-10bp;gc_cont=0.327
#
# Program:         hmmsearch
# Version:         3.4 (Aug 2023)
# Pipeline mode:   SEARCH
# Query file:      /home/lgef/Documentos/GitHub/Project_doctoral/busco_downloads/lineages/mycoplasmatales_odb10/hmms/3146at2085.hmm
# Target file:     /home/lgef/Documentos/GitHub/Project_doctoral/BUSCO_OUTPUT/prodigal_output/predicted_genes/predicted.faa
# Option settings: hmmsearch --domtblout /home/lgef/Documentos/GitHub/Project_doctoral/BUSCO_OUTPUT/run_mycoplasmatales_odb10/hmmer_output/3146at2085.out --cpu 1 /home/lgef/Documentos/GitHub/Project_doctoral/busco_downloads/lineages/mycoplasmatales_odb10/hmms/3146at2085.hmm /home/lgef/Documentos/GitHub/Project_doctoral/BUSCO_OUTPUT/prodigal_output/predicted_genes/predicted.faa 
# Current dir:     /home/lgef/Documentos/GitHub/Project_doctoral
# Date:            Wed Nov 27 09:15:16 2024
# [ok]
