#                                                                                   --- full sequence --- -------------- this domain -------------   hmm coord   ali coord   env coord
# target name               accession   tlen query name           accession   qlen   E-value  score  bias   #  of  c-Evalue  i-Evalue  score  bias  from    to  from    to  from    to  acc description of target
#       ------------------- ---------- ----- -------------------- ---------- ----- --------- ------ ----- --- --- --------- --------- ------ ----- ----- ----- ----- ----- ----- ----- ---- ---------------------
NC_007332.1:192864-193445|- -            194 4276at2085           -            173   1.1e-66  219.3   7.2   1   1   7.4e-69   1.3e-66  219.0   7.2     3   173     2   190     1   190 0.91 NC_007332.1_158 # 192864 # 193445 # -1 # ID=1_158;partial=00;start_type=ATG;rbs_motif=GGA/GAG/AGG;rbs_spacer=5-10bp;gc_cont=0.268
NC_007332.1:91041-91730|+   -            230 4276at2085           -            173   4.8e-05   18.6   0.5   1   2   5.6e-06   0.00096   14.3   0.0     6    27     8    29     3    39 0.82 NC_007332.1_73 # 91041 # 91730 # 1 # ID=1_73;partial=00;start_type=ATG;rbs_motif=4Base/6BMM;rbs_spacer=13-15bp;gc_cont=0.297
NC_007332.1:91041-91730|+   -            230 4276at2085           -            173   4.8e-05   18.6   0.5   2   2     0.028       4.8    2.3   0.1    23    72   135   184   126   213 0.75 NC_007332.1_73 # 91041 # 91730 # 1 # ID=1_73;partial=00;start_type=ATG;rbs_motif=4Base/6BMM;rbs_spacer=13-15bp;gc_cont=0.297
NC_007332.1:208669-209307|- -            213 4276at2085           -            173   0.00041   15.5   0.2   1   2   2.3e-05    0.0039   12.3   0.1     2    42     3    42     2   106 0.78 NC_007332.1_180 # 208669 # 209307 # -1 # ID=1_180;partial=00;start_type=ATG;rbs_motif=AGxAGG/AGGxGG;rbs_spacer=11-12bp;gc_cont=0.290
NC_007332.1:208669-209307|- -            213 4276at2085           -            173   0.00041   15.5   0.2   2   2     0.062        11    1.2   0.0   126   146   158   178   151   208 0.87 NC_007332.1_180 # 208669 # 209307 # -1 # ID=1_180;partial=00;start_type=ATG;rbs_motif=AGxAGG/AGGxGG;rbs_spacer=11-12bp;gc_cont=0.290
NC_007332.1:116732-119575|- -            948 4276at2085           -            173    0.0015   13.7   0.4   1   2    0.0033      0.57    5.3   0.0     2    22    30    50    29    74 0.74 NC_007332.1_96 # 116732 # 119575 # -1 # ID=1_96;partial=00;start_type=ATG;rbs_motif=None;rbs_spacer=None;gc_cont=0.328
NC_007332.1:116732-119575|- -            948 4276at2085           -            173    0.0015   13.7   0.4   2   2    0.0022      0.38    5.9   0.2     4    26   639   661   637   679 0.86 NC_007332.1_96 # 116732 # 119575 # -1 # ID=1_96;partial=00;start_type=ATG;rbs_motif=None;rbs_spacer=None;gc_cont=0.328
#
# Program:         hmmsearch
# Version:         3.4 (Aug 2023)
# Pipeline mode:   SEARCH
# Query file:      /home/lgef/Documentos/GitHub/Project_doctoral/busco_downloads/lineages/mycoplasmatales_odb10/hmms/4276at2085.hmm
# Target file:     /home/lgef/Documentos/GitHub/Project_doctoral/BUSCO_OUTPUT/prodigal_output/predicted_genes/predicted.faa
# Option settings: hmmsearch --domtblout /home/lgef/Documentos/GitHub/Project_doctoral/BUSCO_OUTPUT/run_mycoplasmatales_odb10/hmmer_output/4276at2085.out --cpu 1 /home/lgef/Documentos/GitHub/Project_doctoral/busco_downloads/lineages/mycoplasmatales_odb10/hmms/4276at2085.hmm /home/lgef/Documentos/GitHub/Project_doctoral/BUSCO_OUTPUT/prodigal_output/predicted_genes/predicted.faa 
# Current dir:     /home/lgef/Documentos/GitHub/Project_doctoral
# Date:            Wed Nov 27 09:15:17 2024
# [ok]
