#                                                                                   --- full sequence --- -------------- this domain -------------   hmm coord   ali coord   env coord
# target name               accession   tlen query name           accession   qlen   E-value  score  bias   #  of  c-Evalue  i-Evalue  score  bias  from    to  from    to  from    to  acc description of target
#       ------------------- ---------- ----- -------------------- ---------- ----- --------- ------ ----- --- --- --------- --------- ------ ----- ----- ----- ----- ----- ----- ----- ---- ---------------------
NC_007295.1:228900-230366|+ -            489 759at2085            -            394  3.2e-157  518.7  11.1   1   2     0.017       2.4    2.1   0.1     1    19     3    21     3    25 0.90 NC_007295.1_207 # 228900 # 230366 # 1 # ID=1_207;partial=00;start_type=ATG;rbs_motif=GGA/GAG/AGG;rbs_spacer=11-12bp;gc_cont=0.314
NC_007295.1:228900-230366|+ -            489 759at2085            -            394  3.2e-157  518.7  11.1   2   2    3e-159  4.2e-157  518.3   6.7    11   394    44   484    34   484 0.87 NC_007295.1_207 # 228900 # 230366 # 1 # ID=1_207;partial=00;start_type=ATG;rbs_motif=GGA/GAG/AGG;rbs_spacer=11-12bp;gc_cont=0.314
NC_007295.1:278195-279898|+ -            568 759at2085            -            394   1.4e-25   85.2   1.1   1   2   1.5e-15     2e-13   45.2   0.9    83   235   116   270    36   284 0.86 NC_007295.1_241 # 278195 # 279898 # 1 # ID=1_241;partial=00;start_type=ATG;rbs_motif=GGA/GAG/AGG;rbs_spacer=5-10bp;gc_cont=0.325
NC_007295.1:278195-279898|+ -            568 759at2085            -            394   1.4e-25   85.2   1.1   2   2   1.8e-13   2.5e-11   38.3   0.0   353   391   497   535   393   537 0.90 NC_007295.1_241 # 278195 # 279898 # 1 # ID=1_241;partial=00;start_type=ATG;rbs_motif=GGA/GAG/AGG;rbs_spacer=5-10bp;gc_cont=0.325
NC_007295.1:503044-504393|+ -            450 759at2085            -            394   4.2e-21   70.5   4.1   1   1   4.3e-23     6e-21   70.0   4.1    87   392   124   442    86   444 0.82 NC_007295.1_428 # 503044 # 504393 # 1 # ID=1_428;partial=00;start_type=ATG;rbs_motif=None;rbs_spacer=None;gc_cont=0.324
NC_007295.1:637586-638587|- -            334 759at2085            -            394   4.9e-06   20.9   3.1   1   3    0.0043       0.6    4.1   1.5   140   229    73   166    58   192 0.69 NC_007295.1_514 # 637586 # 638587 # -1 # ID=1_514;partial=00;start_type=GTG;rbs_motif=AGGA/GGAG/GAGG;rbs_spacer=11-12bp;gc_cont=0.258
NC_007295.1:637586-638587|- -            334 759at2085            -            394   4.9e-06   20.9   3.1   2   3     0.087        12   -0.2   0.0    72   126   181   237   173   245 0.73 NC_007295.1_514 # 637586 # 638587 # -1 # ID=1_514;partial=00;start_type=GTG;rbs_motif=AGGA/GGAG/GAGG;rbs_spacer=11-12bp;gc_cont=0.258
NC_007295.1:637586-638587|- -            334 759at2085            -            394   4.9e-06   20.9   3.1   3   3   2.9e-06    0.0004   14.6   0.0   353   391   286   324   255   326 0.82 NC_007295.1_514 # 637586 # 638587 # -1 # ID=1_514;partial=00;start_type=GTG;rbs_motif=AGGA/GGAG/GAGG;rbs_spacer=11-12bp;gc_cont=0.258
NC_007295.1:318707-319387|+ -            227 759at2085            -            394   0.00041   14.6   0.2   1   2   3.7e-05    0.0051   10.9   0.0   167   218    87   139    76   152 0.80 NC_007295.1_272 # 318707 # 319387 # 1 # ID=1_272;partial=00;start_type=ATG;rbs_motif=GGA/GAG/AGG;rbs_spacer=11-12bp;gc_cont=0.302
NC_007295.1:318707-319387|+ -            227 759at2085            -            394   0.00041   14.6   0.2   2   2     0.027       3.8    1.5   0.0   367   386   194   213   188   216 0.85 NC_007295.1_272 # 318707 # 319387 # 1 # ID=1_272;partial=00;start_type=ATG;rbs_motif=GGA/GAG/AGG;rbs_spacer=11-12bp;gc_cont=0.302
#
# Program:         hmmsearch
# Version:         3.4 (Aug 2023)
# Pipeline mode:   SEARCH
# Query file:      /home/lgef/Documentos/GitHub/Project_doctoral/IMPLEMENTACAO/Genomes/M_hyopneumoniae/MHP_ncbi_dataset/ncbi_dataset/data/strains/J/Use/busco_downloads/lineages/mycoplasmatales_odb10/hmms/759at2085.hmm
# Target file:     /home/lgef/Documentos/GitHub/Project_doctoral/IMPLEMENTACAO/Genomes/M_hyopneumoniae/MHP_ncbi_dataset/ncbi_dataset/data/strains/J/Use/busco_complete/prodigal_output/predicted_genes/predicted.faa
# Option settings: hmmsearch --domtblout /home/lgef/Documentos/GitHub/Project_doctoral/IMPLEMENTACAO/Genomes/M_hyopneumoniae/MHP_ncbi_dataset/ncbi_dataset/data/strains/J/Use/busco_complete/run_mycoplasmatales_odb10/hmmer_output/759at2085.out --cpu 1 /home/lgef/Documentos/GitHub/Project_doctoral/IMPLEMENTACAO/Genomes/M_hyopneumoniae/MHP_ncbi_dataset/ncbi_dataset/data/strains/J/Use/busco_downloads/lineages/mycoplasmatales_odb10/hmms/759at2085.hmm /home/lgef/Documentos/GitHub/Project_doctoral/IMPLEMENTACAO/Genomes/M_hyopneumoniae/MHP_ncbi_dataset/ncbi_dataset/data/strains/J/Use/busco_complete/prodigal_output/predicted_genes/predicted.faa 
# Current dir:     /home/lgef/Documentos/GitHub/Project_doctoral/IMPLEMENTACAO/Genomes/M_hyopneumoniae/MHP_ncbi_dataset/ncbi_dataset/data/strains/J/Use
# Date:            Thu Nov 28 19:19:59 2024
# [ok]
