#                                                                                   --- full sequence --- -------------- this domain -------------   hmm coord   ali coord   env coord
# target name               accession   tlen query name           accession   qlen   E-value  score  bias   #  of  c-Evalue  i-Evalue  score  bias  from    to  from    to  from    to  acc description of target
#       ------------------- ---------- ----- -------------------- ---------- ----- --------- ------ ----- --- --- --------- --------- ------ ----- ----- ----- ----- ----- ----- ----- ---- ---------------------
scf00000000:93447-96290|-   -            948 111at2085            -            770         0 1167.9  25.5   1   3   3.3e-85   1.5e-83  276.6   1.3     1   184    11   218    11   234 0.89 scf00000000_75 # 93447 # 96290 # -1 # ID=1_75;partial=00;start_type=ATG;rbs_motif=None;rbs_spacer=None;gc_cont=0.329
scf00000000:93447-96290|-   -            948 111at2085            -            770         0 1167.9  25.5   2   3   6.8e-37   3.1e-35  116.8   0.4   185   344   254   454   247   459 0.81 scf00000000_75 # 93447 # 96290 # -1 # ID=1_75;partial=00;start_type=ATG;rbs_motif=None;rbs_spacer=None;gc_cont=0.329
scf00000000:93447-96290|-   -            948 111at2085            -            770         0 1167.9  25.5   3   3  3.5e-235  1.6e-233  772.5  10.9   321   770   458   944   450   944 0.95 scf00000000_75 # 93447 # 96290 # -1 # ID=1_75;partial=00;start_type=ATG;rbs_motif=None;rbs_spacer=None;gc_cont=0.329
scf00000000:243542-245071|+ -            510 111at2085            -            770   4.5e-18   60.1   4.6   1   4    0.0028      0.13    5.7   0.1    11    38    26    53    21   109 0.82 scf00000000_216 # 243542 # 245071 # 1 # ID=1_216;partial=00;start_type=TTG;rbs_motif=GGAGG;rbs_spacer=5-10bp;gc_cont=0.321
scf00000000:243542-245071|+ -            510 111at2085            -            770   4.5e-18   60.1   4.6   2   4   4.8e-08   2.2e-06   21.4   0.0   662   735   151   222   131   237 0.86 scf00000000_216 # 243542 # 245071 # 1 # ID=1_216;partial=00;start_type=TTG;rbs_motif=GGAGG;rbs_spacer=5-10bp;gc_cont=0.321
scf00000000:243542-245071|+ -            510 111at2085            -            770   4.5e-18   60.1   4.6   3   4     0.026       1.2    2.5   0.0     3    40   273   310   271   319 0.86 scf00000000_216 # 243542 # 245071 # 1 # ID=1_216;partial=00;start_type=TTG;rbs_motif=GGAGG;rbs_spacer=5-10bp;gc_cont=0.321
scf00000000:243542-245071|+ -            510 111at2085            -            770   4.5e-18   60.1   4.6   4   4   1.7e-10   7.8e-09   29.5   0.1   658   738   405   483   368   506 0.84 scf00000000_216 # 243542 # 245071 # 1 # ID=1_216;partial=00;start_type=TTG;rbs_motif=GGAGG;rbs_spacer=5-10bp;gc_cont=0.321
scf00000000:345892-348210|+ -            773 111at2085            -            770   4.2e-15   50.2   3.3   1   2   4.5e-06    0.0002   14.9   0.2   484   513    17    46     5    53 0.88 scf00000000_298 # 345892 # 348210 # 1 # ID=1_298;partial=00;start_type=ATG;rbs_motif=None;rbs_spacer=None;gc_cont=0.259
scf00000000:345892-348210|+ -            773 111at2085            -            770   4.2e-15   50.2   3.3   2   2   2.2e-12     1e-10   35.8   0.3   645   738   110   200    60   206 0.76 scf00000000_298 # 345892 # 348210 # 1 # ID=1_298;partial=00;start_type=ATG;rbs_motif=None;rbs_spacer=None;gc_cont=0.259
scf00000000:640171-641709|+ -            513 111at2085            -            770   3.7e-14   47.2  13.1   1   4     0.023         1    2.7   0.2   484   512    22    50    13    57 0.84 scf00000000_515 # 640171 # 641709 # 1 # ID=1_515;partial=00;start_type=TTG;rbs_motif=AGGA;rbs_spacer=5-10bp;gc_cont=0.317
scf00000000:640171-641709|+ -            513 111at2085            -            770   3.7e-14   47.2  13.1   2   4   1.8e-08     8e-07   22.9   0.1   648   736   130   215   113   223 0.81 scf00000000_515 # 640171 # 641709 # 1 # ID=1_515;partial=00;start_type=TTG;rbs_motif=AGGA;rbs_spacer=5-10bp;gc_cont=0.317
scf00000000:640171-641709|+ -            513 111at2085            -            770   3.7e-14   47.2  13.1   3   4    0.0036      0.16    5.3   0.1   479   511   278   310   267   319 0.61 scf00000000_515 # 640171 # 641709 # 1 # ID=1_515;partial=00;start_type=TTG;rbs_motif=AGGA;rbs_spacer=5-10bp;gc_cont=0.317
scf00000000:640171-641709|+ -            513 111at2085            -            770   3.7e-14   47.2  13.1   4   4   2.5e-08   1.1e-06   22.4   1.2   643   736   391   482   366   506 0.82 scf00000000_515 # 640171 # 641709 # 1 # ID=1_515;partial=00;start_type=TTG;rbs_motif=AGGA;rbs_spacer=5-10bp;gc_cont=0.317
scf00000000:282510-283412|+ -            301 111at2085            -            770   2.3e-13   44.5   0.0   1   2   0.00025     0.011    9.2   0.0   482   513    21    52     6    60 0.89 scf00000000_248 # 282510 # 283412 # 1 # ID=1_248;partial=00;start_type=ATG;rbs_motif=GGA/GAG/AGG;rbs_spacer=5-10bp;gc_cont=0.305
scf00000000:282510-283412|+ -            301 111at2085            -            770   2.3e-13   44.5   0.0   2   2   1.3e-11   5.7e-10   33.3   0.0   645   729   140   221   119   231 0.92 scf00000000_248 # 282510 # 283412 # 1 # ID=1_248;partial=00;start_type=ATG;rbs_motif=GGA/GAG/AGG;rbs_spacer=5-10bp;gc_cont=0.305
scf00000000:5674-7998|-     -            775 111at2085            -            770   1.1e-12   42.3   4.2   1   2     9e-06   0.00041   13.9   0.3   479   513    12    46     4    54 0.86 scf00000000_3 # 5674 # 7998 # -1 # ID=1_3;partial=00;start_type=ATG;rbs_motif=AGxAG;rbs_spacer=5-10bp;gc_cont=0.263
scf00000000:5674-7998|-     -            775 111at2085            -            770   1.1e-12   42.3   4.2   2   2   1.5e-10   6.6e-09   29.8   0.4   651   738   115   199    63   206 0.85 scf00000000_3 # 5674 # 7998 # -1 # ID=1_3;partial=00;start_type=ATG;rbs_motif=AGxAG;rbs_spacer=5-10bp;gc_cont=0.263
scf00000000:622367-623419|- -            351 111at2085            -            770     6e-12   39.8   0.6   1   2    0.0027      0.12    5.8   0.1    11    37    30    56    17    66 0.78 scf00000000_502 # 622367 # 623419 # -1 # ID=1_502;partial=00;start_type=ATG;rbs_motif=GGxGG;rbs_spacer=5-10bp;gc_cont=0.327
scf00000000:622367-623419|- -            351 111at2085            -            770     6e-12   39.8   0.6   2   2   2.1e-11   9.6e-10   32.5   0.1   632   754   124   245   110   253 0.76 scf00000000_502 # 622367 # 623419 # -1 # ID=1_502;partial=00;start_type=ATG;rbs_motif=GGxGG;rbs_spacer=5-10bp;gc_cont=0.327
scf00000000:457718-458878|+ -            387 111at2085            -            770   1.7e-10   35.1   0.7   1   2   0.00014    0.0064   10.0   0.0   479   512    18    51     3    65 0.78 scf00000000_380 # 457718 # 458878 # 1 # ID=1_380;partial=00;start_type=ATG;rbs_motif=3Base/5BMM;rbs_spacer=13-15bp;gc_cont=0.257
scf00000000:457718-458878|+ -            387 111at2085            -            770   1.7e-10   35.1   0.7   2   2   1.4e-08   6.2e-07   23.2   0.1   658   755   187   277   154   290 0.76 scf00000000_380 # 457718 # 458878 # 1 # ID=1_380;partial=00;start_type=ATG;rbs_motif=3Base/5BMM;rbs_spacer=13-15bp;gc_cont=0.257
scf00000000:281719-282537|+ -            273 111at2085            -            770   5.7e-10   33.3   1.7   1   2   7.6e-05    0.0035   10.9   0.1   482   510    18    46     9    55 0.86 scf00000000_247 # 281719 # 282537 # 1 # ID=1_247;partial=00;start_type=ATG;rbs_motif=GGA/GAG/AGG;rbs_spacer=5-10bp;gc_cont=0.306
scf00000000:281719-282537|+ -            273 111at2085            -            770   5.7e-10   33.3   1.7   2   2   3.4e-08   1.5e-06   21.9   0.2   657   757   131   223    93   231 0.83 scf00000000_247 # 281719 # 282537 # 1 # ID=1_247;partial=00;start_type=ATG;rbs_motif=GGA/GAG/AGG;rbs_spacer=5-10bp;gc_cont=0.306
scf00000000:681083-682417|- -            445 111at2085            -            770     6e-09   29.9   5.8   1   2    0.0019     0.086    6.2   0.0   483   511    25    53    18    57 0.80 scf00000000_546 # 681083 # 682417 # -1 # ID=1_546;partial=00;start_type=ATG;rbs_motif=GGA/GAG/AGG;rbs_spacer=11-12bp;gc_cont=0.306
scf00000000:681083-682417|- -            445 111at2085            -            770     6e-09   29.9   5.8   2   2   9.1e-09   4.1e-07   23.8   3.3   241   426   120   302   107   314 0.72 scf00000000_546 # 681083 # 682417 # -1 # ID=1_546;partial=00;start_type=ATG;rbs_motif=GGA/GAG/AGG;rbs_spacer=11-12bp;gc_cont=0.306
scf00000000:550803-551699|- -            299 111at2085            -            770   1.6e-08   28.5   1.3   1   2   0.00032     0.015    8.8   0.1   484   512    80   108    65   125 0.88 scf00000000_451 # 550803 # 551699 # -1 # ID=1_451;partial=00;start_type=GTG;rbs_motif=AGGAG;rbs_spacer=5-10bp;gc_cont=0.355
scf00000000:550803-551699|- -            299 111at2085            -            770   1.6e-08   28.5   1.3   2   2   3.1e-07   1.4e-05   18.7   0.2   645   738   181   271   161   278 0.84 scf00000000_451 # 550803 # 551699 # -1 # ID=1_451;partial=00;start_type=GTG;rbs_motif=AGGAG;rbs_spacer=5-10bp;gc_cont=0.355
scf00000000:752295-753809|+ -            505 111at2085            -            770   7.4e-08   26.3   8.0   1   4     0.067         3    1.1   0.0    14   512    26    51    19    71 0.65 scf00000000_604 # 752295 # 753809 # 1 # ID=1_604;partial=00;start_type=ATG;rbs_motif=None;rbs_spacer=None;gc_cont=0.329
scf00000000:752295-753809|+ -            505 111at2085            -            770   7.4e-08   26.3   8.0   2   4   3.2e-08   1.4e-06   22.0   0.3   642   731   122   208   114   224 0.85 scf00000000_604 # 752295 # 753809 # 1 # ID=1_604;partial=00;start_type=ATG;rbs_motif=None;rbs_spacer=None;gc_cont=0.329
scf00000000:752295-753809|+ -            505 111at2085            -            770   7.4e-08   26.3   8.0   3   4      0.21       9.7   -0.5   0.0     8    36   271   299   261   313 0.70 scf00000000_604 # 752295 # 753809 # 1 # ID=1_604;partial=00;start_type=ATG;rbs_motif=None;rbs_spacer=None;gc_cont=0.329
scf00000000:752295-753809|+ -            505 111at2085            -            770   7.4e-08   26.3   8.0   4   4    0.0058      0.26    4.6   0.4   658   736   401   477   371   484 0.85 scf00000000_604 # 752295 # 753809 # 1 # ID=1_604;partial=00;start_type=ATG;rbs_motif=None;rbs_spacer=None;gc_cont=0.329
scf00000000:430164-430934|+ -            257 111at2085            -            770   2.3e-07   24.7   2.8   1   2    0.0027      0.12    5.7   0.1   479   513    22    56    14    70 0.77 scf00000000_363 # 430164 # 430934 # 1 # ID=1_363;partial=00;start_type=ATG;rbs_motif=None;rbs_spacer=None;gc_cont=0.265
scf00000000:430164-430934|+ -            257 111at2085            -            770   2.3e-07   24.7   2.8   2   2     2e-07   9.2e-06   19.4   0.5   647   734   138   222    92   234 0.76 scf00000000_363 # 430164 # 430934 # 1 # ID=1_363;partial=00;start_type=ATG;rbs_motif=None;rbs_spacer=None;gc_cont=0.265
scf00000000:218431-219762|+ -            444 111at2085            -            770   4.9e-07   23.6   2.0   1   2     0.028       1.3    2.4   0.1     8    36    60    88    53    95 0.64 scf00000000_200 # 218431 # 219762 # 1 # ID=1_200;partial=00;start_type=ATG;rbs_motif=GGAG/GAGG;rbs_spacer=5-10bp;gc_cont=0.291
scf00000000:218431-219762|+ -            444 111at2085            -            770   4.9e-07   23.6   2.0   2   2   8.8e-08     4e-06   20.6   0.3   639   731   256   346   116   365 0.87 scf00000000_200 # 218431 # 219762 # 1 # ID=1_200;partial=00;start_type=ATG;rbs_motif=GGAG/GAGG;rbs_spacer=5-10bp;gc_cont=0.291
scf00000000:841266-841769|+ -            168 111at2085            -            770   3.1e-05   17.6   0.1   1   1     8e-07   3.6e-05   17.4   0.1   653   733    75   150    40   158 0.77 scf00000000_662 # 841266 # 841769 # 1 # ID=1_662;partial=00;start_type=ATG;rbs_motif=None;rbs_spacer=None;gc_cont=0.288
scf00000000:211660-213276|- -            539 111at2085            -            770   0.00064   13.3   2.6   1   3     0.033       1.5    2.1   0.1   481   512    14    45     8    66 0.82 scf00000000_195 # 211660 # 213276 # -1 # ID=1_195;partial=00;start_type=ATG;rbs_motif=AGGA;rbs_spacer=5-10bp;gc_cont=0.330
scf00000000:211660-213276|- -            539 111at2085            -            770   0.00064   13.3   2.6   2   3    0.0031      0.14    5.5   0.1   674   738   166   225   149   231 0.74 scf00000000_195 # 211660 # 213276 # -1 # ID=1_195;partial=00;start_type=ATG;rbs_motif=AGGA;rbs_spacer=5-10bp;gc_cont=0.330
scf00000000:211660-213276|- -            539 111at2085            -            770   0.00064   13.3   2.6   3   3    0.0093      0.42    3.9   0.0   661   740   445   519   439   526 0.84 scf00000000_195 # 211660 # 213276 # -1 # ID=1_195;partial=00;start_type=ATG;rbs_motif=AGGA;rbs_spacer=5-10bp;gc_cont=0.330
#
# Program:         hmmsearch
# Version:         3.4 (Aug 2023)
# Pipeline mode:   SEARCH
# Query file:      /home/bryan/Documentos/GitHub/Project_doctoral/IMPLEMENTACAO/Genomes/M_hyopneumoniae/strains/MHP679/Use/busco_downloads/lineages/mycoplasmatales_odb10/hmms/111at2085.hmm
# Target file:     /home/bryan/Documentos/GitHub/Project_doctoral/IMPLEMENTACAO/Genomes/M_hyopneumoniae/strains/MHP679/Use/busco_complete/prodigal_output/predicted_genes/predicted.faa
# Option settings: hmmsearch --domtblout /home/bryan/Documentos/GitHub/Project_doctoral/IMPLEMENTACAO/Genomes/M_hyopneumoniae/strains/MHP679/Use/busco_complete/run_mycoplasmatales_odb10/hmmer_output/111at2085.out --cpu 1 /home/bryan/Documentos/GitHub/Project_doctoral/IMPLEMENTACAO/Genomes/M_hyopneumoniae/strains/MHP679/Use/busco_downloads/lineages/mycoplasmatales_odb10/hmms/111at2085.hmm /home/bryan/Documentos/GitHub/Project_doctoral/IMPLEMENTACAO/Genomes/M_hyopneumoniae/strains/MHP679/Use/busco_complete/prodigal_output/predicted_genes/predicted.faa 
# Current dir:     /home/bryan/Documentos/GitHub/Project_doctoral/IMPLEMENTACAO/Genomes/M_hyopneumoniae/strains/MHP679/Use
# Date:            Sun Dec  1 19:26:57 2024
# [ok]
