#                                                                                   --- full sequence --- -------------- this domain -------------   hmm coord   ali coord   env coord
# target name               accession   tlen query name           accession   qlen   E-value  score  bias   #  of  c-Evalue  i-Evalue  score  bias  from    to  from    to  from    to  acc description of target
#       ------------------- ---------- ----- -------------------- ---------- ----- --------- ------ ----- --- --- --------- --------- ------ ----- ----- ----- ----- ----- ----- ----- ---- ---------------------
scf00000000:14326-16986|-   -            887 157at2085            -            637  1.6e-233  772.0  38.4   1   4   2.2e-91     4e-89  294.9   1.5     1   221    19   274    19   286 0.85 scf00000000_12 # 14326 # 16986 # -1 # ID=1_12;partial=00;start_type=ATG;rbs_motif=AGGA;rbs_spacer=5-10bp;gc_cont=0.306
scf00000000:14326-16986|-   -            887 157at2085            -            637  1.6e-233  772.0  38.4   2   4  3.5e-132  6.4e-130  429.7   8.2   224   543   303   675   293   680 0.88 scf00000000_12 # 14326 # 16986 # -1 # ID=1_12;partial=00;start_type=ATG;rbs_motif=AGGA;rbs_spacer=5-10bp;gc_cont=0.306
scf00000000:14326-16986|-   -            887 157at2085            -            637  1.6e-233  772.0  38.4   3   4   2.7e-19   4.8e-17   56.8  12.4   510   602   669   772   663   840 0.84 scf00000000_12 # 14326 # 16986 # -1 # ID=1_12;partial=00;start_type=ATG;rbs_motif=AGGA;rbs_spacer=5-10bp;gc_cont=0.306
scf00000000:14326-16986|-   -            887 157at2085            -            637  1.6e-233  772.0  38.4   4   4    0.0076       1.4    2.4   0.2   602   637   828   863   819   863 0.84 scf00000000_12 # 14326 # 16986 # -1 # ID=1_12;partial=00;start_type=ATG;rbs_motif=AGGA;rbs_spacer=5-10bp;gc_cont=0.306
scf00000000:855068-857536|+ -            823 157at2085            -            637   1.2e-44  148.0  33.0   1   2   8.4e-45   1.5e-42  141.0  23.8     8   531    17   586    10   599 0.75 scf00000000_671 # 855068 # 857536 # 1 # ID=1_671;partial=00;start_type=ATG;rbs_motif=AGGA;rbs_spacer=5-10bp;gc_cont=0.300
scf00000000:855068-857536|+ -            823 157at2085            -            637   1.2e-44  148.0  33.0   2   2   0.00017     0.031    7.9   2.8   513   589   593   667   587   719 0.73 scf00000000_671 # 855068 # 857536 # 1 # ID=1_671;partial=00;start_type=ATG;rbs_motif=AGGA;rbs_spacer=5-10bp;gc_cont=0.300
scf00000000:812435-814807|- -            791 157at2085            -            637     5e-38  126.1   9.2   1   4     5e-15     9e-13   42.7   0.0    11   162    17   172    10   179 0.74 scf00000000_644 # 812435 # 814807 # -1 # ID=1_644;partial=00;start_type=ATG;rbs_motif=None;rbs_spacer=None;gc_cont=0.306
scf00000000:812435-814807|- -            791 157at2085            -            637     5e-38  126.1   9.2   2   4      0.17        31   -2.0   0.0   297   321   180   204   175   231 0.88 scf00000000_644 # 812435 # 814807 # -1 # ID=1_644;partial=00;start_type=ATG;rbs_motif=None;rbs_spacer=None;gc_cont=0.306
scf00000000:812435-814807|- -            791 157at2085            -            637     5e-38  126.1   9.2   3   4   9.9e-10   1.8e-07   25.2   0.2   320   412   384   481   377   494 0.63 scf00000000_644 # 812435 # 814807 # -1 # ID=1_644;partial=00;start_type=ATG;rbs_motif=None;rbs_spacer=None;gc_cont=0.306
scf00000000:812435-814807|- -            791 157at2085            -            637     5e-38  126.1   9.2   4   4   1.2e-20   2.1e-18   61.3   1.1   435   607   540   722   496   736 0.75 scf00000000_644 # 812435 # 814807 # -1 # ID=1_644;partial=00;start_type=ATG;rbs_motif=None;rbs_spacer=None;gc_cont=0.306
scf00000000:489452-490993|+ -            514 157at2085            -            637   7.8e-17   56.1   2.6   1   4   2.5e-12   4.6e-10   33.7   0.9    33   164    13   145     2   153 0.74 scf00000000_411 # 489452 # 490993 # 1 # ID=1_411;partial=00;start_type=ATG;rbs_motif=GGA/GAG/AGG;rbs_spacer=5-10bp;gc_cont=0.274
scf00000000:489452-490993|+ -            514 157at2085            -            637   7.8e-17   56.1   2.6   2   4     0.058        11   -0.5   0.2   388   439   217   267   177   274 0.72 scf00000000_411 # 489452 # 490993 # 1 # ID=1_411;partial=00;start_type=ATG;rbs_motif=GGA/GAG/AGG;rbs_spacer=5-10bp;gc_cont=0.274
scf00000000:489452-490993|+ -            514 157at2085            -            637   7.8e-17   56.1   2.6   3   4     3e-11   5.4e-09   30.2   0.0   445   516   294   365   284   386 0.82 scf00000000_411 # 489452 # 490993 # 1 # ID=1_411;partial=00;start_type=ATG;rbs_motif=GGA/GAG/AGG;rbs_spacer=5-10bp;gc_cont=0.274
scf00000000:489452-490993|+ -            514 157at2085            -            637   7.8e-17   56.1   2.6   4   4      0.18        32   -2.1   1.2   518   589   401   480   392   503 0.47 scf00000000_411 # 489452 # 490993 # 1 # ID=1_411;partial=00;start_type=ATG;rbs_motif=GGA/GAG/AGG;rbs_spacer=5-10bp;gc_cont=0.274
#
# Program:         hmmsearch
# Version:         3.4 (Aug 2023)
# Pipeline mode:   SEARCH
# Query file:      /home/bryan/Documentos/GitHub/Project_doctoral/IMPLEMENTACAO/Genomes/M_hyopneumoniae/strains/MHP679/Use/busco_downloads/lineages/mycoplasmatales_odb10/hmms/157at2085.hmm
# Target file:     /home/bryan/Documentos/GitHub/Project_doctoral/IMPLEMENTACAO/Genomes/M_hyopneumoniae/strains/MHP679/Use/busco_complete/prodigal_output/predicted_genes/predicted.faa
# Option settings: hmmsearch --domtblout /home/bryan/Documentos/GitHub/Project_doctoral/IMPLEMENTACAO/Genomes/M_hyopneumoniae/strains/MHP679/Use/busco_complete/run_mycoplasmatales_odb10/hmmer_output/157at2085.out --cpu 1 /home/bryan/Documentos/GitHub/Project_doctoral/IMPLEMENTACAO/Genomes/M_hyopneumoniae/strains/MHP679/Use/busco_downloads/lineages/mycoplasmatales_odb10/hmms/157at2085.hmm /home/bryan/Documentos/GitHub/Project_doctoral/IMPLEMENTACAO/Genomes/M_hyopneumoniae/strains/MHP679/Use/busco_complete/prodigal_output/predicted_genes/predicted.faa 
# Current dir:     /home/bryan/Documentos/GitHub/Project_doctoral/IMPLEMENTACAO/Genomes/M_hyopneumoniae/strains/MHP679/Use
# Date:            Sun Dec  1 19:26:59 2024
# [ok]
