#                                                                                   --- full sequence --- -------------- this domain -------------   hmm coord   ali coord   env coord
# target name               accession   tlen query name           accession   qlen   E-value  score  bias   #  of  c-Evalue  i-Evalue  score  bias  from    to  from    to  from    to  acc description of target
#       ------------------- ---------- ----- -------------------- ---------- ----- --------- ------ ----- --- --- --------- --------- ------ ----- ----- ----- ----- ----- ----- ----- ---- ---------------------
scf00000000:317782-318885|- -            368 1683at2085           -            284  9.4e-104  342.1  14.5   1   3   2.3e-71   2.8e-69  229.0   2.1     1   162     1   168     1   175 0.94 scf00000000_277 # 317782 # 318885 # -1 # ID=1_277;partial=00;start_type=ATG;rbs_motif=None;rbs_spacer=None;gc_cont=0.300
scf00000000:317782-318885|- -            368 1683at2085           -            284  9.4e-104  342.1  14.5   2   3     8e-08   9.7e-06   20.5   0.2   155   187   182   214   167   222 0.82 scf00000000_277 # 317782 # 318885 # -1 # ID=1_277;partial=00;start_type=ATG;rbs_motif=None;rbs_spacer=None;gc_cont=0.300
scf00000000:317782-318885|- -            368 1683at2085           -            284  9.4e-104  342.1  14.5   3   3   7.4e-32   8.9e-30   99.4   1.5   185   284   238   365   222   365 0.75 scf00000000_277 # 317782 # 318885 # -1 # ID=1_277;partial=00;start_type=ATG;rbs_motif=None;rbs_spacer=None;gc_cont=0.300
scf00000000:30665-31924|+   -            420 1683at2085           -            284   1.6e-16   55.9   5.3   1   1   3.1e-17   3.8e-15   51.4   5.3     4   135   158   274   155   348 0.82 scf00000000_22 # 30665 # 31924 # 1 # ID=1_22;partial=00;start_type=ATG;rbs_motif=AGGA;rbs_spacer=5-10bp;gc_cont=0.310
scf00000000:68088-69389|+   -            434 1683at2085           -            284   4.9e-07   24.8   3.0   1   3     2e-05    0.0025   12.6   0.1     2    25     2    25     1    32 0.84 scf00000000_53 # 68088 # 69389 # 1 # ID=1_53;partial=00;start_type=ATG;rbs_motif=3Base/5BMM;rbs_spacer=13-15bp;gc_cont=0.293
scf00000000:68088-69389|+   -            434 1683at2085           -            284   4.9e-07   24.8   3.0   2   3    0.0004     0.048    8.4   0.0     3    22   171   190   169   253 0.82 scf00000000_53 # 68088 # 69389 # 1 # ID=1_53;partial=00;start_type=ATG;rbs_motif=3Base/5BMM;rbs_spacer=13-15bp;gc_cont=0.293
scf00000000:68088-69389|+   -            434 1683at2085           -            284   4.9e-07   24.8   3.0   3   3     0.041         5    1.8   0.1    27    80   273   329   269   358 0.70 scf00000000_53 # 68088 # 69389 # 1 # ID=1_53;partial=00;start_type=ATG;rbs_motif=3Base/5BMM;rbs_spacer=13-15bp;gc_cont=0.293
scf00000000:210286-211614|- -            443 1683at2085           -            284   3.2e-06   22.1   2.3   1   1   1.3e-06   0.00015   16.6   2.3     3   105   217   309   215   385 0.82 scf00000000_194 # 210286 # 211614 # -1 # ID=1_194;partial=00;start_type=TTG;rbs_motif=AGGAG;rbs_spacer=5-10bp;gc_cont=0.315
scf00000000:168382-169263|- -            294 1683at2085           -            284   1.6e-05   19.8   0.1   1   1   2.9e-07   3.5e-05   18.7   0.1     5    26     9    30     6    55 0.85 scf00000000_141 # 168382 # 169263 # -1 # ID=1_141;partial=00;start_type=ATG;rbs_motif=None;rbs_spacer=None;gc_cont=0.296
scf00000000:87992-88783|+   -            264 1683at2085           -            284   5.5e-05   18.0   0.0   1   3      0.15        18   -0.1   1.1    79   150    29   103     8   107 0.64 scf00000000_70 # 87992 # 88783 # 1 # ID=1_70;partial=00;start_type=ATG;rbs_motif=GGA/GAG/AGG;rbs_spacer=3-4bp;gc_cont=0.265
scf00000000:87992-88783|+   -            264 1683at2085           -            284   5.5e-05   18.0   0.0   2   3   4.5e-07   5.5e-05   18.0   0.0     2    27   110   135   109   156 0.85 scf00000000_70 # 87992 # 88783 # 1 # ID=1_70;partial=00;start_type=ATG;rbs_motif=GGA/GAG/AGG;rbs_spacer=3-4bp;gc_cont=0.265
scf00000000:87992-88783|+   -            264 1683at2085           -            284   5.5e-05   18.0   0.0   3   3      0.86     1e+02   -2.6   0.1    30    30   205   205   176   242 0.47 scf00000000_70 # 87992 # 88783 # 1 # ID=1_70;partial=00;start_type=ATG;rbs_motif=GGA/GAG/AGG;rbs_spacer=3-4bp;gc_cont=0.265
#
# Program:         hmmsearch
# Version:         3.4 (Aug 2023)
# Pipeline mode:   SEARCH
# Query file:      /home/bryan/Documentos/GitHub/Project_doctoral/IMPLEMENTACAO/Genomes/M_hyopneumoniae/strains/MHP679/Use/busco_downloads/lineages/mycoplasmatales_odb10/hmms/1683at2085.hmm
# Target file:     /home/bryan/Documentos/GitHub/Project_doctoral/IMPLEMENTACAO/Genomes/M_hyopneumoniae/strains/MHP679/Use/busco_complete/prodigal_output/predicted_genes/predicted.faa
# Option settings: hmmsearch --domtblout /home/bryan/Documentos/GitHub/Project_doctoral/IMPLEMENTACAO/Genomes/M_hyopneumoniae/strains/MHP679/Use/busco_complete/run_mycoplasmatales_odb10/hmmer_output/1683at2085.out --cpu 1 /home/bryan/Documentos/GitHub/Project_doctoral/IMPLEMENTACAO/Genomes/M_hyopneumoniae/strains/MHP679/Use/busco_downloads/lineages/mycoplasmatales_odb10/hmms/1683at2085.hmm /home/bryan/Documentos/GitHub/Project_doctoral/IMPLEMENTACAO/Genomes/M_hyopneumoniae/strains/MHP679/Use/busco_complete/prodigal_output/predicted_genes/predicted.faa 
# Current dir:     /home/bryan/Documentos/GitHub/Project_doctoral/IMPLEMENTACAO/Genomes/M_hyopneumoniae/strains/MHP679/Use
# Date:            Sun Dec  1 19:26:59 2024
# [ok]
