#                                                                                   --- full sequence --- -------------- this domain -------------   hmm coord   ali coord   env coord
# target name               accession   tlen query name           accession   qlen   E-value  score  bias   #  of  c-Evalue  i-Evalue  score  bias  from    to  from    to  from    to  acc description of target
#       ------------------- ---------- ----- -------------------- ---------- ----- --------- ------ ----- --- --- --------- --------- ------ ----- ----- ----- ----- ----- ----- ----- ---- ---------------------
scf00000000:168382-169263|- -            294 2656at2085           -            232   3.5e-67  221.5  10.3   1   2   6.2e-41   5.7e-39  129.2   4.2     1   122     9   134     9   156 0.90 scf00000000_141 # 168382 # 169263 # -1 # ID=1_141;partial=00;start_type=ATG;rbs_motif=None;rbs_spacer=None;gc_cont=0.296
scf00000000:168382-169263|- -            294 2656at2085           -            232   3.5e-67  221.5  10.3   2   2   7.6e-31   6.9e-29   96.2   0.4   119   232   159   293   147   293 0.82 scf00000000_141 # 168382 # 169263 # -1 # ID=1_141;partial=00;start_type=ATG;rbs_motif=None;rbs_spacer=None;gc_cont=0.296
scf00000000:68088-69389|+   -            434 2656at2085           -            232   1.3e-41  137.8   2.0   1   3   4.4e-21     4e-19   64.2   0.7     1   114     5   123     5   137 0.84 scf00000000_53 # 68088 # 69389 # 1 # ID=1_53;partial=00;start_type=ATG;rbs_motif=3Base/5BMM;rbs_spacer=13-15bp;gc_cont=0.293
scf00000000:68088-69389|+   -            434 2656at2085           -            232   1.3e-41  137.8   2.0   2   3   2.2e-23     2e-21   71.8   0.0     2   122   174   302   173   316 0.84 scf00000000_53 # 68088 # 69389 # 1 # ID=1_53;partial=00;start_type=ATG;rbs_motif=3Base/5BMM;rbs_spacer=13-15bp;gc_cont=0.293
scf00000000:68088-69389|+   -            434 2656at2085           -            232   1.3e-41  137.8   2.0   3   3       0.5        46   -1.4   0.1   116   145   329   358   316   365 0.62 scf00000000_53 # 68088 # 69389 # 1 # ID=1_53;partial=00;start_type=ATG;rbs_motif=3Base/5BMM;rbs_spacer=13-15bp;gc_cont=0.293
scf00000000:210286-211614|- -            443 2656at2085           -            232   3.7e-18   61.1   5.3   1   2       0.2        18   -0.1   0.3   168   200   127   159   113   196 0.65 scf00000000_194 # 210286 # 211614 # -1 # ID=1_194;partial=00;start_type=TTG;rbs_motif=AGGAG;rbs_spacer=5-10bp;gc_cont=0.315
scf00000000:210286-211614|- -            443 2656at2085           -            232   3.7e-18   61.1   5.3   2   2     4e-20   3.7e-18   61.1   5.3     2   116   220   338   219   381 0.79 scf00000000_194 # 210286 # 211614 # -1 # ID=1_194;partial=00;start_type=TTG;rbs_motif=AGGAG;rbs_spacer=5-10bp;gc_cont=0.315
scf00000000:547797-548393|- -            199 2656at2085           -            232   2.2e-12   42.2   1.9   1   1   3.2e-14   2.9e-12   41.8   1.9     2   132    41   179    40   197 0.71 scf00000000_448 # 547797 # 548393 # -1 # ID=1_448;partial=00;start_type=ATG;rbs_motif=None;rbs_spacer=None;gc_cont=0.295
scf00000000:87992-88783|+   -            264 2656at2085           -            232   9.9e-11   36.8   9.4   1   2      0.01      0.91    4.2   2.7    70   124     9    64     2   100 0.76 scf00000000_70 # 87992 # 88783 # 1 # ID=1_70;partial=00;start_type=ATG;rbs_motif=GGA/GAG/AGG;rbs_spacer=3-4bp;gc_cont=0.265
scf00000000:87992-88783|+   -            264 2656at2085           -            232   9.9e-11   36.8   9.4   2   2   1.5e-12   1.3e-10   36.4   0.2     3    66   115   174   113   180 0.88 scf00000000_70 # 87992 # 88783 # 1 # ID=1_70;partial=00;start_type=ATG;rbs_motif=GGA/GAG/AGG;rbs_spacer=3-4bp;gc_cont=0.265
scf00000000:30665-31924|+   -            420 2656at2085           -            232   5.8e-09   31.0   0.7   1   1   1.3e-10   1.1e-08   30.0   0.6     1   111   159   274   159   321 0.75 scf00000000_22 # 30665 # 31924 # 1 # ID=1_22;partial=00;start_type=ATG;rbs_motif=AGGA;rbs_spacer=5-10bp;gc_cont=0.310
scf00000000:317782-318885|- -            368 2656at2085           -            232   3.1e-08   28.6   3.5   1   2   5.2e-09   4.7e-07   24.7   2.0     2   143     6   162     5   175 0.65 scf00000000_277 # 317782 # 318885 # -1 # ID=1_277;partial=00;start_type=ATG;rbs_motif=None;rbs_spacer=None;gc_cont=0.300
scf00000000:317782-318885|- -            368 2656at2085           -            232   3.1e-08   28.6   3.5   2   2       0.8        73   -2.1   0.0    90   161   174   248   165   250 0.68 scf00000000_277 # 317782 # 318885 # -1 # ID=1_277;partial=00;start_type=ATG;rbs_motif=None;rbs_spacer=None;gc_cont=0.300
scf00000000:165203-166060|- -            286 2656at2085           -            232   3.1e-06   22.1   0.4   1   2     0.027       2.5    2.7   2.7    57   115    83   142    54   157 0.69 scf00000000_137 # 165203 # 166060 # -1 # ID=1_137;partial=00;start_type=ATG;rbs_motif=3Base/5BMM;rbs_spacer=13-15bp;gc_cont=0.279
scf00000000:165203-166060|- -            286 2656at2085           -            232   3.1e-06   22.1   0.4   2   2   3.4e-08   3.1e-06   22.1   0.4     3    68   157   224   155   235 0.72 scf00000000_137 # 165203 # 166060 # -1 # ID=1_137;partial=00;start_type=ATG;rbs_motif=3Base/5BMM;rbs_spacer=13-15bp;gc_cont=0.279
#
# Program:         hmmsearch
# Version:         3.4 (Aug 2023)
# Pipeline mode:   SEARCH
# Query file:      /home/bryan/Documentos/GitHub/Project_doctoral/IMPLEMENTACAO/Genomes/M_hyopneumoniae/strains/MHP679/Use/busco_downloads/lineages/mycoplasmatales_odb10/hmms/2656at2085.hmm
# Target file:     /home/bryan/Documentos/GitHub/Project_doctoral/IMPLEMENTACAO/Genomes/M_hyopneumoniae/strains/MHP679/Use/busco_complete/prodigal_output/predicted_genes/predicted.faa
# Option settings: hmmsearch --domtblout /home/bryan/Documentos/GitHub/Project_doctoral/IMPLEMENTACAO/Genomes/M_hyopneumoniae/strains/MHP679/Use/busco_complete/run_mycoplasmatales_odb10/hmmer_output/2656at2085.out --cpu 1 /home/bryan/Documentos/GitHub/Project_doctoral/IMPLEMENTACAO/Genomes/M_hyopneumoniae/strains/MHP679/Use/busco_downloads/lineages/mycoplasmatales_odb10/hmms/2656at2085.hmm /home/bryan/Documentos/GitHub/Project_doctoral/IMPLEMENTACAO/Genomes/M_hyopneumoniae/strains/MHP679/Use/busco_complete/prodigal_output/predicted_genes/predicted.faa 
# Current dir:     /home/bryan/Documentos/GitHub/Project_doctoral/IMPLEMENTACAO/Genomes/M_hyopneumoniae/strains/MHP679/Use
# Date:            Sun Dec  1 19:27:01 2024
# [ok]
