#                                                                                   --- full sequence --- -------------- this domain -------------   hmm coord   ali coord   env coord
# target name               accession   tlen query name           accession   qlen   E-value  score  bias   #  of  c-Evalue  i-Evalue  score  bias  from    to  from    to  from    to  acc description of target
#       ------------------- ---------- ----- -------------------- ---------- ----- --------- ------ ----- --- --- --------- --------- ------ ----- ----- ----- ----- ----- ----- ----- ---- ---------------------
scf00000000:104136-105053|+ -            306 3146at2085           -            235   2.1e-85  281.2   1.1   1   2   5.8e-29   1.1e-26   89.1   0.1     1    65     4    71     4   103 0.91 scf00000000_83 # 104136 # 105053 # 1 # ID=1_83;partial=00;start_type=ATG;rbs_motif=GGA/GAG/AGG;rbs_spacer=5-10bp;gc_cont=0.354
scf00000000:104136-105053|+ -            306 3146at2085           -            235   2.1e-85  281.2   1.1   2   2   5.5e-60     1e-57  190.6   0.1    64   234   104   299    98   300 0.86 scf00000000_83 # 104136 # 105053 # 1 # ID=1_83;partial=00;start_type=ATG;rbs_motif=GGA/GAG/AGG;rbs_spacer=5-10bp;gc_cont=0.354
scf00000000:707041-708405|- -            455 3146at2085           -            235   8.3e-17   56.7   6.0   1   2   1.1e-07     2e-05   19.4   0.1     1    39     4    42     4    51 0.93 scf00000000_567 # 707041 # 708405 # -1 # ID=1_567;partial=00;start_type=ATG;rbs_motif=GGA/GAG/AGG;rbs_spacer=5-10bp;gc_cont=0.319
scf00000000:707041-708405|- -            455 3146at2085           -            235   8.3e-17   56.7   6.0   2   2   3.2e-13   5.8e-11   37.6   2.4   102   235   167   320   125   320 0.68 scf00000000_567 # 707041 # 708405 # -1 # ID=1_567;partial=00;start_type=ATG;rbs_motif=GGA/GAG/AGG;rbs_spacer=5-10bp;gc_cont=0.319
scf00000000:630383-632230|+ -            616 3146at2085           -            235   1.2e-11   39.8   9.8   1   2   2.9e-08   5.4e-06   21.3   0.1     1    38   161   198   161   207 0.93 scf00000000_507 # 630383 # 632230 # 1 # ID=1_507;partial=00;start_type=ATG;rbs_motif=AGGA;rbs_spacer=5-10bp;gc_cont=0.367
scf00000000:630383-632230|+ -            616 3146at2085           -            235   1.2e-11   39.8   9.8   2   2     4e-08   7.2e-06   20.9   4.0    58   218   284   466   244   483 0.67 scf00000000_507 # 630383 # 632230 # 1 # ID=1_507;partial=00;start_type=ATG;rbs_motif=AGGA;rbs_spacer=5-10bp;gc_cont=0.367
scf00000000:866597-868456|+ -            620 3146at2085           -            235     0.025    9.3   2.9   1   3    0.0011      0.21    6.3   0.0     1    30    12    41    12    49 0.85 scf00000000_679 # 866597 # 868456 # 1 # ID=1_679;partial=00;start_type=ATG;rbs_motif=GGAG/GAGG;rbs_spacer=5-10bp;gc_cont=0.327
scf00000000:866597-868456|+ -            620 3146at2085           -            235     0.025    9.3   2.9   2   3     0.028       5.1    1.7   0.7   129   169    98   142    79   162 0.72 scf00000000_679 # 866597 # 868456 # 1 # ID=1_679;partial=00;start_type=ATG;rbs_motif=GGAG/GAGG;rbs_spacer=5-10bp;gc_cont=0.327
scf00000000:866597-868456|+ -            620 3146at2085           -            235     0.025    9.3   2.9   3   3      0.61   1.1e+02   -2.6   0.0   201   215   361   376   350   393 0.73 scf00000000_679 # 866597 # 868456 # 1 # ID=1_679;partial=00;start_type=ATG;rbs_motif=GGAG/GAGG;rbs_spacer=5-10bp;gc_cont=0.327
#
# Program:         hmmsearch
# Version:         3.4 (Aug 2023)
# Pipeline mode:   SEARCH
# Query file:      /home/bryan/Documentos/GitHub/Project_doctoral/IMPLEMENTACAO/Genomes/M_hyopneumoniae/strains/MHP679/Use/busco_downloads/lineages/mycoplasmatales_odb10/hmms/3146at2085.hmm
# Target file:     /home/bryan/Documentos/GitHub/Project_doctoral/IMPLEMENTACAO/Genomes/M_hyopneumoniae/strains/MHP679/Use/busco_complete/prodigal_output/predicted_genes/predicted.faa
# Option settings: hmmsearch --domtblout /home/bryan/Documentos/GitHub/Project_doctoral/IMPLEMENTACAO/Genomes/M_hyopneumoniae/strains/MHP679/Use/busco_complete/run_mycoplasmatales_odb10/hmmer_output/3146at2085.out --cpu 1 /home/bryan/Documentos/GitHub/Project_doctoral/IMPLEMENTACAO/Genomes/M_hyopneumoniae/strains/MHP679/Use/busco_downloads/lineages/mycoplasmatales_odb10/hmms/3146at2085.hmm /home/bryan/Documentos/GitHub/Project_doctoral/IMPLEMENTACAO/Genomes/M_hyopneumoniae/strains/MHP679/Use/busco_complete/prodigal_output/predicted_genes/predicted.faa 
# Current dir:     /home/bryan/Documentos/GitHub/Project_doctoral/IMPLEMENTACAO/Genomes/M_hyopneumoniae/strains/MHP679/Use
# Date:            Sun Dec  1 19:27:01 2024
# [ok]
