#                                                                                   --- full sequence --- -------------- this domain -------------   hmm coord   ali coord   env coord
# target name               accession   tlen query name           accession   qlen   E-value  score  bias   #  of  c-Evalue  i-Evalue  score  bias  from    to  from    to  from    to  acc description of target
#       ------------------- ---------- ----- -------------------- ---------- ----- --------- ------ ----- --- --- --------- --------- ------ ----- ----- ----- ----- ----- ----- ----- ---- ---------------------
scf00000000:812435-814807|- -            791 462at2085            -            610  5.5e-223  737.3  35.2   1   4  3.3e-121    6e-119  393.6   5.5     2   270     3   280     2   298 0.91 scf00000000_644 # 812435 # 814807 # -1 # ID=1_644;partial=00;start_type=ATG;rbs_motif=None;rbs_spacer=None;gc_cont=0.306
scf00000000:812435-814807|- -            791 462at2085            -            610  5.5e-223  737.3  35.2   2   4    0.0071       1.3    2.8   0.0   257   312   303   364   292   372 0.74 scf00000000_644 # 812435 # 814807 # -1 # ID=1_644;partial=00;start_type=ATG;rbs_motif=None;rbs_spacer=None;gc_cont=0.306
scf00000000:812435-814807|- -            791 462at2085            -            610  5.5e-223  737.3  35.2   3   4   9.6e-98   1.8e-95  316.1   2.0   292   516   381   619   362   625 0.88 scf00000000_644 # 812435 # 814807 # -1 # ID=1_644;partial=00;start_type=ATG;rbs_motif=None;rbs_spacer=None;gc_cont=0.306
scf00000000:812435-814807|- -            791 462at2085            -            610  5.5e-223  737.3  35.2   4   4   1.9e-12   3.4e-10   34.5  10.5   512   610   650   788   643   788 0.74 scf00000000_644 # 812435 # 814807 # -1 # ID=1_644;partial=00;start_type=ATG;rbs_motif=None;rbs_spacer=None;gc_cont=0.306
scf00000000:855068-857536|+ -            823 462at2085            -            610   2.2e-37  124.3  39.6   1   5   2.4e-21   4.3e-19   63.8   5.6     1   178     5   194     5   206 0.79 scf00000000_671 # 855068 # 857536 # 1 # ID=1_671;partial=00;start_type=ATG;rbs_motif=AGGA;rbs_spacer=5-10bp;gc_cont=0.300
scf00000000:855068-857536|+ -            823 462at2085            -            610   2.2e-37  124.3  39.6   2   5      0.13        23   -1.3   0.1   226   278   205   260   191   294 0.65 scf00000000_671 # 855068 # 857536 # 1 # ID=1_671;partial=00;start_type=ATG;rbs_motif=AGGA;rbs_spacer=5-10bp;gc_cont=0.300
scf00000000:855068-857536|+ -            823 462at2085            -            610   2.2e-37  124.3  39.6   3   5   3.1e-05    0.0057   10.6   0.6   136   215   310   391   232   394 0.83 scf00000000_671 # 855068 # 857536 # 1 # ID=1_671;partial=00;start_type=ATG;rbs_motif=AGGA;rbs_spacer=5-10bp;gc_cont=0.300
scf00000000:855068-857536|+ -            823 462at2085            -            610   2.2e-37  124.3  39.6   4   5   2.5e-19   4.5e-17   57.2  10.5   305   518   387   569   373   618 0.83 scf00000000_671 # 855068 # 857536 # 1 # ID=1_671;partial=00;start_type=ATG;rbs_motif=AGGA;rbs_spacer=5-10bp;gc_cont=0.300
scf00000000:855068-857536|+ -            823 462at2085            -            610   2.2e-37  124.3  39.6   5   5    0.0093       1.7    2.4   2.8   529   606   644   720   623   726 0.77 scf00000000_671 # 855068 # 857536 # 1 # ID=1_671;partial=00;start_type=ATG;rbs_motif=AGGA;rbs_spacer=5-10bp;gc_cont=0.300
scf00000000:14326-16986|-   -            887 462at2085            -            610   5.1e-34  113.1  29.0   1   4   1.1e-23     2e-21   71.6   0.5     5   166    25   199    21   206 0.85 scf00000000_12 # 14326 # 16986 # -1 # ID=1_12;partial=00;start_type=ATG;rbs_motif=AGGA;rbs_spacer=5-10bp;gc_cont=0.306
scf00000000:14326-16986|-   -            887 462at2085            -            610   5.1e-34  113.1  29.0   2   4      0.17        30   -1.7   0.1   141   203   219   277   215   281 0.73 scf00000000_12 # 14326 # 16986 # -1 # ID=1_12;partial=00;start_type=ATG;rbs_motif=AGGA;rbs_spacer=5-10bp;gc_cont=0.306
scf00000000:14326-16986|-   -            887 462at2085            -            610   5.1e-34  113.1  29.0   3   4   1.5e-17   2.7e-15   51.3   4.8   230   488   372   615   358   650 0.72 scf00000000_12 # 14326 # 16986 # -1 # ID=1_12;partial=00;start_type=ATG;rbs_motif=AGGA;rbs_spacer=5-10bp;gc_cont=0.306
scf00000000:14326-16986|-   -            887 462at2085            -            610   5.1e-34  113.1  29.0   4   4     0.095        17   -0.9   4.2   526   571   731   775   676   818 0.64 scf00000000_12 # 14326 # 16986 # -1 # ID=1_12;partial=00;start_type=ATG;rbs_motif=AGGA;rbs_spacer=5-10bp;gc_cont=0.306
scf00000000:489452-490993|+ -            514 462at2085            -            610   1.7e-24   81.7  14.2   1   2   2.4e-19   4.3e-17   57.2   4.8    25   197     2   177     1   209 0.86 scf00000000_411 # 489452 # 490993 # 1 # ID=1_411;partial=00;start_type=ATG;rbs_motif=GGA/GAG/AGG;rbs_spacer=5-10bp;gc_cont=0.274
scf00000000:489452-490993|+ -            514 462at2085            -            610   1.7e-24   81.7  14.2   2   2   2.7e-11     5e-09   30.6   0.8   356   507   212   353   183   379 0.77 scf00000000_411 # 489452 # 490993 # 1 # ID=1_411;partial=00;start_type=ATG;rbs_motif=GGA/GAG/AGG;rbs_spacer=5-10bp;gc_cont=0.274
#
# Program:         hmmsearch
# Version:         3.4 (Aug 2023)
# Pipeline mode:   SEARCH
# Query file:      /home/bryan/Documentos/GitHub/Project_doctoral/IMPLEMENTACAO/Genomes/M_hyopneumoniae/strains/MHP679/Use/busco_downloads/lineages/mycoplasmatales_odb10/hmms/462at2085.hmm
# Target file:     /home/bryan/Documentos/GitHub/Project_doctoral/IMPLEMENTACAO/Genomes/M_hyopneumoniae/strains/MHP679/Use/busco_complete/prodigal_output/predicted_genes/predicted.faa
# Option settings: hmmsearch --domtblout /home/bryan/Documentos/GitHub/Project_doctoral/IMPLEMENTACAO/Genomes/M_hyopneumoniae/strains/MHP679/Use/busco_complete/run_mycoplasmatales_odb10/hmmer_output/462at2085.out --cpu 1 /home/bryan/Documentos/GitHub/Project_doctoral/IMPLEMENTACAO/Genomes/M_hyopneumoniae/strains/MHP679/Use/busco_downloads/lineages/mycoplasmatales_odb10/hmms/462at2085.hmm /home/bryan/Documentos/GitHub/Project_doctoral/IMPLEMENTACAO/Genomes/M_hyopneumoniae/strains/MHP679/Use/busco_complete/prodigal_output/predicted_genes/predicted.faa 
# Current dir:     /home/bryan/Documentos/GitHub/Project_doctoral/IMPLEMENTACAO/Genomes/M_hyopneumoniae/strains/MHP679/Use
# Date:            Sun Dec  1 19:27:03 2024
# [ok]
