#                                                                                   --- full sequence --- -------------- this domain -------------   hmm coord   ali coord   env coord
# target name               accession   tlen query name           accession   qlen   E-value  score  bias   #  of  c-Evalue  i-Evalue  score  bias  from    to  from    to  from    to  acc description of target
#       ------------------- ---------- ----- -------------------- ---------- ----- --------- ------ ----- --- --- --------- --------- ------ ----- ----- ----- ----- ----- ----- ----- ---- ---------------------
scf00000000:668106-672512|- -           1469 56at2085             -           1080         0 1374.5  30.9   1   1         0         0 1366.0  30.9    49  1080   317  1467   283  1467 0.89 scf00000000_536 # 668106 # 672512 # -1 # ID=1_536;partial=00;start_type=ATG;rbs_motif=AGGAG;rbs_spacer=5-10bp;gc_cont=0.303
scf00000000:718399-721344|- -            982 56at2085             -           1080   1.6e-27   91.2  34.5   1   7   4.2e-08   1.5e-05   18.4   0.0    54   118     4    69     1    75 0.92 scf00000000_579 # 718399 # 721344 # -1 # ID=1_579;partial=00;start_type=ATG;rbs_motif=None;rbs_spacer=None;gc_cont=0.288
scf00000000:718399-721344|- -            982 56at2085             -           1080   1.6e-27   91.2  34.5   2   7   1.1e-14     4e-12   40.2   1.9   388   566   136   320    80   322 0.72 scf00000000_579 # 718399 # 721344 # -1 # ID=1_579;partial=00;start_type=ATG;rbs_motif=None;rbs_spacer=None;gc_cont=0.288
scf00000000:718399-721344|- -            982 56at2085             -           1080   1.6e-27   91.2  34.5   3   7   2.2e-05    0.0079    9.4   0.0   607   678   324   395   321   403 0.90 scf00000000_579 # 718399 # 721344 # -1 # ID=1_579;partial=00;start_type=ATG;rbs_motif=None;rbs_spacer=None;gc_cont=0.288
scf00000000:718399-721344|- -            982 56at2085             -           1080   1.6e-27   91.2  34.5   4   7    0.0015      0.53    3.4   0.1   674   754   437   512   426   547 0.78 scf00000000_579 # 718399 # 721344 # -1 # ID=1_579;partial=00;start_type=ATG;rbs_motif=None;rbs_spacer=None;gc_cont=0.288
scf00000000:718399-721344|- -            982 56at2085             -           1080   1.6e-27   91.2  34.5   5   7     0.013       4.6    0.3   0.4   292   373   584   667   582   686 0.78 scf00000000_579 # 718399 # 721344 # -1 # ID=1_579;partial=00;start_type=ATG;rbs_motif=None;rbs_spacer=None;gc_cont=0.288
scf00000000:718399-721344|- -            982 56at2085             -           1080   1.6e-27   91.2  34.5   6   7   1.6e-07   5.9e-05   16.5   7.2   906   945   684   723   667   737 0.83 scf00000000_579 # 718399 # 721344 # -1 # ID=1_579;partial=00;start_type=ATG;rbs_motif=None;rbs_spacer=None;gc_cont=0.288
scf00000000:718399-721344|- -            982 56at2085             -           1080   1.6e-27   91.2  34.5   7   7   5.2e-08   1.9e-05   18.1   0.2   987  1065   734   814   722   830 0.80 scf00000000_579 # 718399 # 721344 # -1 # ID=1_579;partial=00;start_type=ATG;rbs_motif=None;rbs_spacer=None;gc_cont=0.288
#
# Program:         hmmsearch
# Version:         3.4 (Aug 2023)
# Pipeline mode:   SEARCH
# Query file:      /home/bryan/Documentos/GitHub/Project_doctoral/IMPLEMENTACAO/Genomes/M_hyopneumoniae/strains/MHP679/Use/busco_downloads/lineages/mycoplasmatales_odb10/hmms/56at2085.hmm
# Target file:     /home/bryan/Documentos/GitHub/Project_doctoral/IMPLEMENTACAO/Genomes/M_hyopneumoniae/strains/MHP679/Use/busco_complete/prodigal_output/predicted_genes/predicted.faa
# Option settings: hmmsearch --domtblout /home/bryan/Documentos/GitHub/Project_doctoral/IMPLEMENTACAO/Genomes/M_hyopneumoniae/strains/MHP679/Use/busco_complete/run_mycoplasmatales_odb10/hmmer_output/56at2085.out --cpu 1 /home/bryan/Documentos/GitHub/Project_doctoral/IMPLEMENTACAO/Genomes/M_hyopneumoniae/strains/MHP679/Use/busco_downloads/lineages/mycoplasmatales_odb10/hmms/56at2085.hmm /home/bryan/Documentos/GitHub/Project_doctoral/IMPLEMENTACAO/Genomes/M_hyopneumoniae/strains/MHP679/Use/busco_complete/prodigal_output/predicted_genes/predicted.faa 
# Current dir:     /home/bryan/Documentos/GitHub/Project_doctoral/IMPLEMENTACAO/Genomes/M_hyopneumoniae/strains/MHP679/Use
# Date:            Sun Dec  1 19:27:05 2024
# [ok]
