#                                                                                         --- full sequence --- -------------- this domain -------------   hmm coord   ali coord   env coord
# target name                     accession   tlen query name           accession   qlen   E-value  score  bias   #  of  c-Evalue  i-Evalue  score  bias  from    to  from    to  from    to  acc description of target
#             ------------------- ---------- ----- -------------------- ---------- ----- --------- ------ ----- --- --- --------- --------- ------ ----- ----- ----- ----- ----- ----- ----- ---- ---------------------
NZ_QQRM01000001.1:69324-70115|+   -            264 1679at2085           -            265   1.5e-79  262.1  16.3   1   1   2.2e-81   1.7e-79  262.0  16.3    12   264     1   262     1   263 0.90 NZ_QQRM01000001.1_58 # 69324 # 70115 # 1 # ID=10_58;partial=00;start_type=ATG;rbs_motif=None;rbs_spacer=None;gc_cont=0.264
NZ_QQRM01000001.1:48875-50188|+   -            438 1679at2085           -            265   2.9e-22   74.3  15.9   1   3   5.5e-12   4.1e-10   34.5   0.3   123   178     6    65     1    84 0.77 NZ_QQRM01000001.1_41 # 48875 # 50188 # 1 # ID=10_41;partial=00;start_type=ATG;rbs_motif=None;rbs_spacer=None;gc_cont=0.299
NZ_QQRM01000001.1:48875-50188|+   -            438 1679at2085           -            265   2.9e-22   74.3  15.9   2   3   8.2e-13   6.1e-11   37.2   1.7    23   173    79   228    68   239 0.75 NZ_QQRM01000001.1_41 # 48875 # 50188 # 1 # ID=10_41;partial=00;start_type=ATG;rbs_motif=None;rbs_spacer=None;gc_cont=0.299
NZ_QQRM01000001.1:48875-50188|+   -            438 1679at2085           -            265   2.9e-22   74.3  15.9   3   3   5.8e-05    0.0043   11.5   1.9    25   110   252   349   242   381 0.63 NZ_QQRM01000001.1_41 # 48875 # 50188 # 1 # ID=10_41;partial=00;start_type=ATG;rbs_motif=None;rbs_spacer=None;gc_cont=0.299
NZ_QQRM01000001.1:250136-250666|+ -            177 1679at2085           -            265   1.4e-12   42.6   2.5   1   2   4.5e-13   3.4e-11   38.0   0.1   123   193    19    91     6    97 0.85 NZ_QQRM01000001.1_174 # 250136 # 250666 # 1 # ID=10_174;partial=00;start_type=ATG;rbs_motif=None;rbs_spacer=None;gc_cont=0.324
NZ_QQRM01000001.1:250136-250666|+ -            177 1679at2085           -            265   1.4e-12   42.6   2.5   2   2    0.0045      0.34    5.3   0.6    29    91   100   167    88   176 0.62 NZ_QQRM01000001.1_174 # 250136 # 250666 # 1 # ID=10_174;partial=00;start_type=ATG;rbs_motif=None;rbs_spacer=None;gc_cont=0.324
NZ_QQRM01000002.1:7381-8262|-     -            294 1679at2085           -            265   8.3e-11   36.8  13.0   1   2   5.3e-12   3.9e-10   34.5   0.5   121   189     8    79     3    88 0.80 NZ_QQRM01000002.1_9 # 7381 # 8262 # -1 # ID=20_9;partial=00;start_type=ATG;rbs_motif=None;rbs_spacer=None;gc_cont=0.283
NZ_QQRM01000002.1:7381-8262|-     -            294 1679at2085           -            265   8.3e-11   36.8  13.0   2   2    0.0029      0.22    5.9   6.6    44   103   105   169    78   189 0.78 NZ_QQRM01000002.1_9 # 7381 # 8262 # -1 # ID=20_9;partial=00;start_type=ATG;rbs_motif=None;rbs_spacer=None;gc_cont=0.283
NZ_QQRM01000002.1:44040-45368|-   -            443 1679at2085           -            265   1.9e-10   35.6   0.3   1   3         1        78   -2.5   0.1   233   259   139   165   113   170 0.63 NZ_QQRM01000002.1_57 # 44040 # 45368 # -1 # ID=20_57;partial=00;start_type=TTG;rbs_motif=AGGAG;rbs_spacer=5-10bp;gc_cont=0.311
NZ_QQRM01000002.1:44040-45368|-   -            443 1679at2085           -            265   1.9e-10   35.6   0.3   2   3   2.6e-12   1.9e-10   35.6   0.3    98   175   195   276   184   288 0.74 NZ_QQRM01000002.1_57 # 44040 # 45368 # -1 # ID=20_57;partial=00;start_type=TTG;rbs_motif=AGGAG;rbs_spacer=5-10bp;gc_cont=0.311
NZ_QQRM01000002.1:44040-45368|-   -            443 1679at2085           -            265   1.9e-10   35.6   0.3   3   3     0.041         3    2.1   7.7    23   104   293   366   284   386 0.73 NZ_QQRM01000002.1_57 # 44040 # 45368 # -1 # ID=20_57;partial=00;start_type=TTG;rbs_motif=AGGAG;rbs_spacer=5-10bp;gc_cont=0.311
NZ_QQRM01000002.1:4141-4998|-     -            286 1679at2085           -            265   1.1e-06   23.3   7.6   1   1     5e-06   0.00037   14.9   7.5    45   173    93   212    58   223 0.63 NZ_QQRM01000002.1_5 # 4141 # 4998 # -1 # ID=20_5;partial=00;start_type=ATG;rbs_motif=None;rbs_spacer=None;gc_cont=0.270
NZ_QQRM01000001.1:11408-12667|+   -            420 1679at2085           -            265     1e-05   20.1  11.9   1   2   3.1e-07   2.3e-05   18.9   0.1   124   176   161   216   137   236 0.75 NZ_QQRM01000001.1_10 # 11408 # 12667 # 1 # ID=10_10;partial=00;start_type=ATG;rbs_motif=AGGA;rbs_spacer=5-10bp;gc_cont=0.295
NZ_QQRM01000001.1:11408-12667|+   -            420 1679at2085           -            265     1e-05   20.1  11.9   2   2     0.016       1.2    3.5   7.1    46   114   264   332   255   342 0.64 NZ_QQRM01000001.1_10 # 11408 # 12667 # 1 # ID=10_10;partial=00;start_type=ATG;rbs_motif=AGGA;rbs_spacer=5-10bp;gc_cont=0.295
NZ_QQRM01000008.1:8979-10082|+    -            368 1679at2085           -            265   3.3e-05   18.4   0.1   1   3   4.4e-07   3.3e-05   18.4   0.1   119   154     2    36     1    45 0.87 NZ_QQRM01000008.1_9 # 8979 # 10082 # 1 # ID=27_9;partial=00;start_type=ATG;rbs_motif=None;rbs_spacer=None;gc_cont=0.337
NZ_QQRM01000008.1:8979-10082|+    -            368 1679at2085           -            265   3.3e-05   18.4   0.1   2   3     0.059       4.4    1.6   1.4    48   114   105   176   100   184 0.71 NZ_QQRM01000008.1_9 # 8979 # 10082 # 1 # ID=27_9;partial=00;start_type=ATG;rbs_motif=None;rbs_spacer=None;gc_cont=0.337
NZ_QQRM01000008.1:8979-10082|+    -            368 1679at2085           -            265   3.3e-05   18.4   0.1   3   3       2.1   1.5e+02   -3.5   0.0    81    96   311   326   289   347 0.50 NZ_QQRM01000008.1_9 # 8979 # 10082 # 1 # ID=27_9;partial=00;start_type=ATG;rbs_motif=None;rbs_spacer=None;gc_cont=0.337
#
# Program:         hmmsearch
# Version:         3.1b2 (February 2015)
# Pipeline mode:   SEARCH
# Query file:      /home/lgef/Documentos/GitHub/Project_doctoral/IMPLEMENTACAO/Genomes/M_flocculare/MFC_ncbi_dataset/ncbi_dataset/data/strains/MF33/Use/busco_downloads/lineages/mycoplasmatales_odb10/hmms/1679at2085.hmm
# Target file:     /home/lgef/Documentos/GitHub/Project_doctoral/IMPLEMENTACAO/Genomes/M_flocculare/MFC_ncbi_dataset/ncbi_dataset/data/strains/MF33/Use/busco_draft/prodigal_output/predicted_genes/predicted.faa
# Option settings: hmmsearch --domtblout /home/lgef/Documentos/GitHub/Project_doctoral/IMPLEMENTACAO/Genomes/M_flocculare/MFC_ncbi_dataset/ncbi_dataset/data/strains/MF33/Use/busco_draft/run_mycoplasmatales_odb10/hmmer_output/1679at2085.out --cpu 1 /home/lgef/Documentos/GitHub/Project_doctoral/IMPLEMENTACAO/Genomes/M_flocculare/MFC_ncbi_dataset/ncbi_dataset/data/strains/MF33/Use/busco_downloads/lineages/mycoplasmatales_odb10/hmms/1679at2085.hmm /home/lgef/Documentos/GitHub/Project_doctoral/IMPLEMENTACAO/Genomes/M_flocculare/MFC_ncbi_dataset/ncbi_dataset/data/strains/MF33/Use/busco_draft/prodigal_output/predicted_genes/predicted.faa 
# Current dir:     /home/lgef/Documentos/GitHub/Project_doctoral/IMPLEMENTACAO/Genomes/M_flocculare/MFC_ncbi_dataset/ncbi_dataset/data/strains/MF33/Use
# Date:            Fri Nov 29 10:07:38 2024
# [ok]
