#                                                                                       --- full sequence --- -------------- this domain -------------   hmm coord   ali coord   env coord
# target name                   accession   tlen query name           accession   qlen   E-value  score  bias   #  of  c-Evalue  i-Evalue  score  bias  from    to  from    to  from    to  acc description of target
#           ------------------- ---------- ----- -------------------- ---------- ----- --------- ------ ----- --- --- --------- --------- ------ ----- ----- ----- ----- ----- ----- ----- ---- ---------------------
NZ_QQRM01000008.1:8979-10082|+  -            368 1683at2085           -            284  3.2e-105  346.7  15.7   1   3   3.2e-72   4.7e-70  231.2   3.5     1   163     1   171     1   177 0.91 NZ_QQRM01000008.1_9 # 8979 # 10082 # 1 # ID=27_9;partial=00;start_type=ATG;rbs_motif=None;rbs_spacer=None;gc_cont=0.337
NZ_QQRM01000008.1:8979-10082|+  -            368 1683at2085           -            284  3.2e-105  346.7  15.7   2   3   9.2e-08   1.4e-05   19.7   0.1   151   187   177   214   164   227 0.79 NZ_QQRM01000008.1_9 # 8979 # 10082 # 1 # ID=27_9;partial=00;start_type=ATG;rbs_motif=None;rbs_spacer=None;gc_cont=0.337
NZ_QQRM01000008.1:8979-10082|+  -            368 1683at2085           -            284  3.2e-105  346.7  15.7   3   3   8.1e-33   1.2e-30  101.9   2.0   181   284   234   365   222   365 0.80 NZ_QQRM01000008.1_9 # 8979 # 10082 # 1 # ID=27_9;partial=00;start_type=ATG;rbs_motif=None;rbs_spacer=None;gc_cont=0.337
NZ_QQRM01000001.1:11408-12667|+ -            420 1683at2085           -            284   9.4e-15   49.8   5.2   1   1   1.3e-15     2e-13   45.5   5.2     4   193   158   348   155   371 0.66 NZ_QQRM01000001.1_10 # 11408 # 12667 # 1 # ID=10_10;partial=00;start_type=ATG;rbs_motif=AGGA;rbs_spacer=5-10bp;gc_cont=0.295
NZ_QQRM01000001.1:48875-50188|+ -            438 1683at2085           -            284   2.6e-07   25.4   2.2   1   3   2.2e-05    0.0032   12.0   0.1     2    23     2    23     1    31 0.83 NZ_QQRM01000001.1_41 # 48875 # 50188 # 1 # ID=10_41;partial=00;start_type=ATG;rbs_motif=None;rbs_spacer=None;gc_cont=0.299
NZ_QQRM01000001.1:48875-50188|+ -            438 1683at2085           -            284   2.6e-07   25.4   2.2   2   3   6.3e-05    0.0094   10.4   0.0     3    34   171   205   170   245 0.72 NZ_QQRM01000001.1_41 # 48875 # 50188 # 1 # ID=10_41;partial=00;start_type=ATG;rbs_motif=None;rbs_spacer=None;gc_cont=0.299
NZ_QQRM01000001.1:48875-50188|+ -            438 1683at2085           -            284   2.6e-07   25.4   2.2   3   3     0.074        11    0.4   0.1    54    78   303   327   271   361 0.69 NZ_QQRM01000001.1_41 # 48875 # 50188 # 1 # ID=10_41;partial=00;start_type=ATG;rbs_motif=None;rbs_spacer=None;gc_cont=0.299
NZ_QQRM01000002.1:7381-8262|-   -            294 1683at2085           -            284   5.2e-05   17.8   0.1   1   2   3.5e-07   5.2e-05   17.8   0.1     5    27     9    31     6    56 0.84 NZ_QQRM01000002.1_9 # 7381 # 8262 # -1 # ID=20_9;partial=00;start_type=ATG;rbs_motif=None;rbs_spacer=None;gc_cont=0.283
NZ_QQRM01000002.1:7381-8262|-   -            294 1683at2085           -            284   5.2e-05   17.8   0.1   2   2      0.86   1.3e+02   -3.2   4.4   132   195   104   167    68   232 0.58 NZ_QQRM01000002.1_9 # 7381 # 8262 # -1 # ID=20_9;partial=00;start_type=ATG;rbs_motif=None;rbs_spacer=None;gc_cont=0.283
#
# Program:         hmmsearch
# Version:         3.1b2 (February 2015)
# Pipeline mode:   SEARCH
# Query file:      /home/lgef/Documentos/GitHub/Project_doctoral/IMPLEMENTACAO/Genomes/M_flocculare/MFC_ncbi_dataset/ncbi_dataset/data/strains/MF33/Use/busco_downloads/lineages/mycoplasmatales_odb10/hmms/1683at2085.hmm
# Target file:     /home/lgef/Documentos/GitHub/Project_doctoral/IMPLEMENTACAO/Genomes/M_flocculare/MFC_ncbi_dataset/ncbi_dataset/data/strains/MF33/Use/busco_draft/prodigal_output/predicted_genes/predicted.faa
# Option settings: hmmsearch --domtblout /home/lgef/Documentos/GitHub/Project_doctoral/IMPLEMENTACAO/Genomes/M_flocculare/MFC_ncbi_dataset/ncbi_dataset/data/strains/MF33/Use/busco_draft/run_mycoplasmatales_odb10/hmmer_output/1683at2085.out --cpu 1 /home/lgef/Documentos/GitHub/Project_doctoral/IMPLEMENTACAO/Genomes/M_flocculare/MFC_ncbi_dataset/ncbi_dataset/data/strains/MF33/Use/busco_downloads/lineages/mycoplasmatales_odb10/hmms/1683at2085.hmm /home/lgef/Documentos/GitHub/Project_doctoral/IMPLEMENTACAO/Genomes/M_flocculare/MFC_ncbi_dataset/ncbi_dataset/data/strains/MF33/Use/busco_draft/prodigal_output/predicted_genes/predicted.faa 
# Current dir:     /home/lgef/Documentos/GitHub/Project_doctoral/IMPLEMENTACAO/Genomes/M_flocculare/MFC_ncbi_dataset/ncbi_dataset/data/strains/MF33/Use
# Date:            Fri Nov 29 10:07:38 2024
# [ok]
