#                                                                                   --- full sequence --- -------------- this domain -------------   hmm coord   ali coord   env coord
# target name               accession   tlen query name           accession   qlen   E-value  score  bias   #  of  c-Evalue  i-Evalue  score  bias  from    to  from    to  from    to  acc description of target
#       ------------------- ---------- ----- -------------------- ---------- ----- --------- ------ ----- --- --- --------- --------- ------ ----- ----- ----- ----- ----- ----- ----- ---- ---------------------
scf00000000:84162-87005|-   -            948 111at2085            -            770         0 1169.3  24.1   1   3   1.1e-85   4.5e-84  278.1   0.2     1   184    11   218    11   235 0.88 scf00000000_71 # 84162 # 87005 # -1 # ID=1_71;partial=00;start_type=ATG;rbs_motif=None;rbs_spacer=None;gc_cont=0.334
scf00000000:84162-87005|-   -            948 111at2085            -            770         0 1169.3  24.1   2   3   8.9e-38   3.8e-36  119.7   0.3   186   344   255   454   247   458 0.81 scf00000000_71 # 84162 # 87005 # -1 # ID=1_71;partial=00;start_type=ATG;rbs_motif=None;rbs_spacer=None;gc_cont=0.334
scf00000000:84162-87005|-   -            948 111at2085            -            770         0 1169.3  24.1   3   3  4.4e-234  1.9e-232  768.8  13.4   317   770   454   944   450   944 0.95 scf00000000_71 # 84162 # 87005 # -1 # ID=1_71;partial=00;start_type=ATG;rbs_motif=None;rbs_spacer=None;gc_cont=0.334
scf00000000:445150-446052|+ -            301 111at2085            -            770     1e-14   48.8   0.0   1   2   4.5e-05    0.0019   11.5   0.0   483   513    22    52    14    60 0.89 scf00000000_319 # 445150 # 446052 # 1 # ID=1_319;partial=00;start_type=ATG;rbs_motif=None;rbs_spacer=None;gc_cont=0.308
scf00000000:445150-446052|+ -            301 111at2085            -            770     1e-14   48.8   0.0   2   2     3e-12   1.3e-10   35.2   0.0   641   729   136   221   108   231 0.87 scf00000000_319 # 445150 # 446052 # 1 # ID=1_319;partial=00;start_type=ATG;rbs_motif=None;rbs_spacer=None;gc_cont=0.308
scf00000000:184192-185730|- -            513 111at2085            -            770   1.6e-14   48.2  13.6   1   4     0.006      0.25    4.5   0.2   483   512    21    50    10    58 0.84 scf00000000_136 # 184192 # 185730 # -1 # ID=1_136;partial=00;start_type=TTG;rbs_motif=AGGA;rbs_spacer=5-10bp;gc_cont=0.311
scf00000000:184192-185730|- -            513 111at2085            -            770   1.6e-14   48.2  13.6   2   4     8e-09   3.4e-07   23.9   0.2   647   736   129   215   113   221 0.81 scf00000000_136 # 184192 # 185730 # -1 # ID=1_136;partial=00;start_type=TTG;rbs_motif=AGGA;rbs_spacer=5-10bp;gc_cont=0.311
scf00000000:184192-185730|- -            513 111at2085            -            770   1.6e-14   48.2  13.6   3   4    0.0044      0.19    4.9   0.0     6    39   278   311   270   321 0.76 scf00000000_136 # 184192 # 185730 # -1 # ID=1_136;partial=00;start_type=TTG;rbs_motif=AGGA;rbs_spacer=5-10bp;gc_cont=0.311
scf00000000:184192-185730|- -            513 111at2085            -            770   1.6e-14   48.2  13.6   4   4   5.9e-08   2.5e-06   21.0   1.5   640   736   388   482   362   506 0.83 scf00000000_136 # 184192 # 185730 # -1 # ID=1_136;partial=00;start_type=TTG;rbs_motif=AGGA;rbs_spacer=5-10bp;gc_cont=0.311
scf00000000:715495-717813|- -            773 111at2085            -            770   2.5e-14   47.5   3.3   1   2   4.2e-06   0.00018   14.9   0.2   484   513    17    46     5    53 0.88 scf00000000_562 # 715495 # 717813 # -1 # ID=1_562;partial=00;start_type=ATG;rbs_motif=None;rbs_spacer=None;gc_cont=0.260
scf00000000:715495-717813|- -            773 111at2085            -            770   2.5e-14   47.5   3.3   2   2   1.4e-11     6e-10   33.0   0.3   645   738   110   200    60   206 0.75 scf00000000_562 # 715495 # 717813 # -1 # ID=1_562;partial=00;start_type=ATG;rbs_motif=None;rbs_spacer=None;gc_cont=0.260
scf00000000:444359-445177|+ -            273 111at2085            -            770   3.1e-10   34.0   1.6   1   2   8.9e-05    0.0038   10.5   0.1   483   510    19    46     8    59 0.87 scf00000000_318 # 444359 # 445177 # 1 # ID=1_318;partial=00;start_type=ATG;rbs_motif=None;rbs_spacer=None;gc_cont=0.288
scf00000000:444359-445177|+ -            273 111at2085            -            770   3.1e-10   34.0   1.6   2   2   1.7e-08   7.3e-07   22.8   0.3   657   759   131   225    91   236 0.85 scf00000000_318 # 444359 # 445177 # 1 # ID=1_318;partial=00;start_type=ATG;rbs_motif=None;rbs_spacer=None;gc_cont=0.288
scf00000000:201054-202103|+ -            350 111at2085            -            770   5.1e-10   33.3   0.2   1   2    0.0067      0.29    4.3   0.1    12    36    31    55    19    72 0.74 scf00000000_147 # 201054 # 202103 # 1 # ID=1_147;partial=00;start_type=ATG;rbs_motif=AGGAGG;rbs_spacer=5-10bp;gc_cont=0.337
scf00000000:201054-202103|+ -            350 111at2085            -            770   5.1e-10   33.3   0.2   2   2   9.1e-10   3.9e-08   27.0   0.0   660   738   158   235   129   251 0.81 scf00000000_147 # 201054 # 202103 # 1 # ID=1_147;partial=00;start_type=ATG;rbs_motif=AGGAGG;rbs_spacer=5-10bp;gc_cont=0.337
scf00000000:138162-139496|+ -            445 111at2085            -            770     6e-10   33.0   6.2   1   2    0.0014     0.061    6.5   0.1   482   511    24    53    16    58 0.80 scf00000000_106 # 138162 # 139496 # 1 # ID=1_106;partial=00;start_type=ATG;rbs_motif=GGA/GAG/AGG;rbs_spacer=11-12bp;gc_cont=0.302
scf00000000:138162-139496|+ -            445 111at2085            -            770     6e-10   33.0   6.2   2   2   7.4e-10   3.1e-08   27.3   3.0   244   426   123   302   109   314 0.81 scf00000000_106 # 138162 # 139496 # 1 # ID=1_106;partial=00;start_type=ATG;rbs_motif=GGA/GAG/AGG;rbs_spacer=11-12bp;gc_cont=0.302
scf00000000:349230-350390|- -            387 111at2085            -            770   2.9e-08   27.5   5.5   1   3   6.5e-06   0.00028   14.3   0.1   477   512    16    51     4    60 0.80 scf00000000_243 # 349230 # 350390 # -1 # ID=1_243;partial=00;start_type=ATG;rbs_motif=GGA/GAG/AGG;rbs_spacer=11-12bp;gc_cont=0.250
scf00000000:349230-350390|- -            387 111at2085            -            770   2.9e-08   27.5   5.5   2   3   2.6e-06   0.00011   15.6   0.1   350   425   187   262   165   280 0.61 scf00000000_243 # 349230 # 350390 # -1 # ID=1_243;partial=00;start_type=ATG;rbs_motif=GGA/GAG/AGG;rbs_spacer=11-12bp;gc_cont=0.250
scf00000000:349230-350390|- -            387 111at2085            -            770   2.9e-08   27.5   5.5   3   3      0.93        39   -2.7   0.3   455   481   310   336   306   377 0.56 scf00000000_243 # 349230 # 350390 # -1 # ID=1_243;partial=00;start_type=ATG;rbs_motif=GGA/GAG/AGG;rbs_spacer=11-12bp;gc_cont=0.250
scf00000000:635542-637068|+ -            509 111at2085            -            770   1.7e-07   24.9   9.4   1   4      0.11       4.7    0.3   0.0    13   512    25    51    13    66 0.63 scf00000000_504 # 635542 # 637068 # 1 # ID=1_504;partial=00;start_type=ATG;rbs_motif=None;rbs_spacer=None;gc_cont=0.307
scf00000000:635542-637068|+ -            509 111at2085            -            770   1.7e-07   24.9   9.4   2   4   1.2e-08     5e-07   23.4   0.6   641   730   121   207   114   219 0.89 scf00000000_504 # 635542 # 637068 # 1 # ID=1_504;partial=00;start_type=ATG;rbs_motif=None;rbs_spacer=None;gc_cont=0.307
scf00000000:635542-637068|+ -            509 111at2085            -            770   1.7e-07   24.9   9.4   3   4      0.48        20   -1.8   0.0   478   508   268   298   215   311 0.62 scf00000000_504 # 635542 # 637068 # 1 # ID=1_504;partial=00;start_type=ATG;rbs_motif=None;rbs_spacer=None;gc_cont=0.307
scf00000000:635542-637068|+ -            509 111at2085            -            770   1.7e-07   24.9   9.4   4   4     0.005      0.21    4.7   0.3   659   736   402   477   364   484 0.84 scf00000000_504 # 635542 # 637068 # 1 # ID=1_504;partial=00;start_type=ATG;rbs_motif=None;rbs_spacer=None;gc_cont=0.307
scf00000000:334154-334924|+ -            257 111at2085            -            770   3.1e-07   24.0   0.7   1   2     0.035       1.5    2.0   0.0   481   511    24    54    17    70 0.60 scf00000000_228 # 334154 # 334924 # 1 # ID=1_228;partial=00;start_type=ATG;rbs_motif=None;rbs_spacer=None;gc_cont=0.267
scf00000000:334154-334924|+ -            257 111at2085            -            770   3.1e-07   24.0   0.7   2   2   8.6e-08   3.7e-06   20.5   0.2   644   737   135   225   102   234 0.81 scf00000000_228 # 334154 # 334924 # 1 # ID=1_228;partial=00;start_type=ATG;rbs_motif=None;rbs_spacer=None;gc_cont=0.267
scf00000000:309158-310081|+ -            308 111at2085            -            770   3.3e-07   23.9   1.6   1   2    0.0029      0.12    5.5   0.1   487   512    83   108    68   128 0.86 scf00000000_207 # 309158 # 310081 # 1 # ID=1_207;partial=00;start_type=GTG;rbs_motif=AGGAGG;rbs_spacer=5-10bp;gc_cont=0.339
scf00000000:309158-310081|+ -            308 111at2085            -            770   3.3e-07   23.9   1.6   2   2     6e-07   2.6e-05   17.7   0.2   647   738   183   271   160   278 0.81 scf00000000_207 # 309158 # 310081 # 1 # ID=1_207;partial=00;start_type=GTG;rbs_motif=AGGAGG;rbs_spacer=5-10bp;gc_cont=0.339
scf00000000:572892-573599|+ -            236 111at2085            -            770   8.4e-06   19.3   0.4   1   1   2.4e-07     1e-05   19.0   0.4   662   756    41   128     7   134 0.80 scf00000000_450 # 572892 # 573599 # 1 # ID=1_450;partial=00;start_type=ATG;rbs_motif=None;rbs_spacer=None;gc_cont=0.357
scf00000000:259685-260401|+ -            239 111at2085            -            770   0.00021   14.7   0.6   1   2    0.0039      0.17    5.1   0.2     7   510    18    48     9    63 0.65 scf00000000_186 # 259685 # 260401 # 1 # ID=1_186;partial=00;start_type=ATG;rbs_motif=AGGA;rbs_spacer=5-10bp;gc_cont=0.259
scf00000000:259685-260401|+ -            239 111at2085            -            770   0.00021   14.7   0.6   2   2   0.00047      0.02    8.1   0.0   665   731   137   200   112   222 0.83 scf00000000_186 # 259685 # 260401 # 1 # ID=1_186;partial=00;start_type=ATG;rbs_motif=AGGA;rbs_spacer=5-10bp;gc_cont=0.259
seq00000001:13606-14322|-   -            239 111at2085            -            770   0.00021   14.7   0.6   1   2    0.0039      0.17    5.1   0.2     7   510    18    48     9    63 0.65 seq00000001_10 # 13606 # 14322 # -1 # ID=3_10;partial=00;start_type=ATG;rbs_motif=AGGA;rbs_spacer=5-10bp;gc_cont=0.258
seq00000001:13606-14322|-   -            239 111at2085            -            770   0.00021   14.7   0.6   2   2   0.00047      0.02    8.1   0.0   665   731   137   200   112   222 0.83 seq00000001_10 # 13606 # 14322 # -1 # ID=3_10;partial=00;start_type=ATG;rbs_motif=AGGA;rbs_spacer=5-10bp;gc_cont=0.258
scf00000000:563556-565172|- -            539 111at2085            -            770   0.00059   13.2   2.5   1   3     0.032       1.3    2.1   0.1   481   512    14    45     7    65 0.82 scf00000000_441 # 563556 # 565172 # -1 # ID=1_441;partial=00;start_type=ATG;rbs_motif=AGGA;rbs_spacer=5-10bp;gc_cont=0.320
scf00000000:563556-565172|- -            539 111at2085            -            770   0.00059   13.2   2.5   2   3    0.0012     0.053    6.8   0.2   677   738   165   225   150   230 0.77 scf00000000_441 # 563556 # 565172 # -1 # ID=1_441;partial=00;start_type=ATG;rbs_motif=AGGA;rbs_spacer=5-10bp;gc_cont=0.320
scf00000000:563556-565172|- -            539 111at2085            -            770   0.00059   13.2   2.5   3   3     0.024         1    2.5   0.0   662   741   446   520   437   528 0.84 scf00000000_441 # 563556 # 565172 # -1 # ID=1_441;partial=00;start_type=ATG;rbs_motif=AGGA;rbs_spacer=5-10bp;gc_cont=0.320
#
# Program:         hmmsearch
# Version:         3.1b2 (February 2015)
# Pipeline mode:   SEARCH
# Query file:      /home/lgef/Documentos/GitHub/Project_doctoral/IMPLEMENTACAO/Genomes/M_flocculare/MFC_ncbi_dataset/ncbi_dataset/data/strains/ATCC27716/Use/busco_downloads/lineages/mycoplasmatales_odb10/hmms/111at2085.hmm
# Target file:     /home/lgef/Documentos/GitHub/Project_doctoral/IMPLEMENTACAO/Genomes/M_flocculare/MFC_ncbi_dataset/ncbi_dataset/data/strains/ATCC27716/Use/busco_complete/prodigal_output/predicted_genes/predicted.faa
# Option settings: hmmsearch --domtblout /home/lgef/Documentos/GitHub/Project_doctoral/IMPLEMENTACAO/Genomes/M_flocculare/MFC_ncbi_dataset/ncbi_dataset/data/strains/ATCC27716/Use/busco_complete/run_mycoplasmatales_odb10/hmmer_output/111at2085.out --cpu 1 /home/lgef/Documentos/GitHub/Project_doctoral/IMPLEMENTACAO/Genomes/M_flocculare/MFC_ncbi_dataset/ncbi_dataset/data/strains/ATCC27716/Use/busco_downloads/lineages/mycoplasmatales_odb10/hmms/111at2085.hmm /home/lgef/Documentos/GitHub/Project_doctoral/IMPLEMENTACAO/Genomes/M_flocculare/MFC_ncbi_dataset/ncbi_dataset/data/strains/ATCC27716/Use/busco_complete/prodigal_output/predicted_genes/predicted.faa 
# Current dir:     /home/lgef/Documentos/GitHub/Project_doctoral/IMPLEMENTACAO/Genomes/M_flocculare/MFC_ncbi_dataset/ncbi_dataset/data/strains/ATCC27716/Use
# Date:            Fri Nov 29 12:31:31 2024
# [ok]
