#                                                                                   --- full sequence --- -------------- this domain -------------   hmm coord   ali coord   env coord
# target name               accession   tlen query name           accession   qlen   E-value  score  bias   #  of  c-Evalue  i-Evalue  score  bias  from    to  from    to  from    to  acc description of target
#       ------------------- ---------- ----- -------------------- ---------- ----- --------- ------ ----- --- --- --------- --------- ------ ----- ----- ----- ----- ----- ----- ----- ---- ---------------------
scf00000000:61602-62915|+   -            438 1140at2085           -            348  2.2e-120  396.9  20.0   1   1    6e-122  4.2e-120  395.9  20.0     1   347     5   430     5   431 0.87 scf00000000_52 # 61602 # 62915 # 1 # ID=1_52;partial=00;start_type=ATG;rbs_motif=None;rbs_spacer=None;gc_cont=0.299
scf00000000:562185-563513|- -            443 1140at2085           -            348   3.4e-20   67.4   7.9   1   1   2.2e-21   1.6e-19   65.2   7.9   130   274   217   362   209   396 0.71 scf00000000_440 # 562185 # 563513 # -1 # ID=1_440;partial=00;start_type=TTG;rbs_motif=AGGAG;rbs_spacer=5-10bp;gc_cont=0.312
scf00000000:525523-526404|- -            294 1140at2085           -            348   2.9e-13   44.6   2.9   1   2   4.1e-15   2.9e-13   44.6   2.9     1   101     9   122     9   131 0.77 scf00000000_392 # 525523 # 526404 # -1 # ID=1_392;partial=00;start_type=ATG;rbs_motif=None;rbs_spacer=None;gc_cont=0.283
scf00000000:525523-526404|- -            294 1140at2085           -            348   2.9e-13   44.6   2.9   2   2      0.03       2.2    2.3   1.2   214   275   108   167   105   244 0.76 scf00000000_392 # 525523 # 526404 # -1 # ID=1_392;partial=00;start_type=ATG;rbs_motif=None;rbs_spacer=None;gc_cont=0.283
scf00000000:273291-273821|+ -            177 1140at2085           -            348   1.2e-08   29.3   0.7   1   1   3.7e-10   2.6e-08   28.3   0.7   130   272    16   174     6   176 0.54 scf00000000_195 # 273291 # 273821 # 1 # ID=1_195;partial=00;start_type=ATG;rbs_motif=None;rbs_spacer=None;gc_cont=0.322
seq00000001:186-716|-       -            177 1140at2085           -            348   1.2e-08   29.3   0.7   1   1   3.7e-10   2.6e-08   28.3   0.7   130   272    16   174     6   176 0.54 seq00000001_1 # 186 # 716 # -1 # ID=3_1;partial=00;start_type=ATG;rbs_motif=None;rbs_spacer=None;gc_cont=0.320
scf00000000:82062-82853|+   -            264 1140at2085           -            348     7e-07   23.6   0.0   1   2       0.3        22   -1.0   3.2   204   257    16    75     3   112 0.53 scf00000000_69 # 82062 # 82853 # 1 # ID=1_69;partial=00;start_type=ATG;rbs_motif=None;rbs_spacer=None;gc_cont=0.264
scf00000000:82062-82853|+   -            264 1140at2085           -            348     7e-07   23.6   0.0   2   2   9.9e-09     7e-07   23.6   0.0   132   179   113   164   102   232 0.62 scf00000000_69 # 82062 # 82853 # 1 # ID=1_69;partial=00;start_type=ATG;rbs_motif=None;rbs_spacer=None;gc_cont=0.264
scf00000000:24139-25398|+   -            420 1140at2085           -            348   4.5e-05   17.7   8.7   1   2   4.4e-06   0.00031   14.9   0.1   128   158   155   185   122   197 0.82 scf00000000_19 # 24139 # 25398 # 1 # ID=1_19;partial=00;start_type=ATG;rbs_motif=AGGA;rbs_spacer=5-10bp;gc_cont=0.297
scf00000000:24139-25398|+   -            420 1140at2085           -            348   4.5e-05   17.7   8.7   2   2    0.0034      0.24    5.4   3.6   220   278   271   330   260   380 0.75 scf00000000_19 # 24139 # 25398 # 1 # ID=1_19;partial=00;start_type=ATG;rbs_motif=AGGA;rbs_spacer=5-10bp;gc_cont=0.297
scf00000000:522318-523175|- -            286 1140at2085           -            348   6.5e-05   17.1   0.6   1   2     0.043         3    1.8   0.8   181   275    61   152    44   156 0.62 scf00000000_388 # 522318 # 523175 # -1 # ID=1_388;partial=00;start_type=ATG;rbs_motif=None;rbs_spacer=None;gc_cont=0.270
scf00000000:522318-523175|- -            286 1140at2085           -            348   6.5e-05   17.1   0.6   2   2   9.2e-07   6.5e-05   17.1   0.6   109   180   132   214   122   234 0.61 scf00000000_388 # 522318 # 523175 # -1 # ID=1_388;partial=00;start_type=ATG;rbs_motif=None;rbs_spacer=None;gc_cont=0.270
scf00000000:312633-313736|- -            368 1140at2085           -            348   9.8e-05   16.5   2.3   1   2   5.5e-06   0.00039   14.6   1.0   129   185     2    58     1   180 0.90 scf00000000_210 # 312633 # 313736 # -1 # ID=1_210;partial=00;start_type=ATG;rbs_motif=None;rbs_spacer=None;gc_cont=0.335
scf00000000:312633-313736|- -            368 1140at2085           -            348   9.8e-05   16.5   2.3   2   2      0.23        16   -0.6   0.0    37    59   298   320   290   330 0.80 scf00000000_210 # 312633 # 313736 # -1 # ID=1_210;partial=00;start_type=ATG;rbs_motif=None;rbs_spacer=None;gc_cont=0.335
#
# Program:         hmmsearch
# Version:         3.1b2 (February 2015)
# Pipeline mode:   SEARCH
# Query file:      /home/lgef/Documentos/GitHub/Project_doctoral/IMPLEMENTACAO/Genomes/M_flocculare/MFC_ncbi_dataset/ncbi_dataset/data/strains/ATCC27716/Use/busco_downloads/lineages/mycoplasmatales_odb10/hmms/1140at2085.hmm
# Target file:     /home/lgef/Documentos/GitHub/Project_doctoral/IMPLEMENTACAO/Genomes/M_flocculare/MFC_ncbi_dataset/ncbi_dataset/data/strains/ATCC27716/Use/busco_complete/prodigal_output/predicted_genes/predicted.faa
# Option settings: hmmsearch --domtblout /home/lgef/Documentos/GitHub/Project_doctoral/IMPLEMENTACAO/Genomes/M_flocculare/MFC_ncbi_dataset/ncbi_dataset/data/strains/ATCC27716/Use/busco_complete/run_mycoplasmatales_odb10/hmmer_output/1140at2085.out --cpu 1 /home/lgef/Documentos/GitHub/Project_doctoral/IMPLEMENTACAO/Genomes/M_flocculare/MFC_ncbi_dataset/ncbi_dataset/data/strains/ATCC27716/Use/busco_downloads/lineages/mycoplasmatales_odb10/hmms/1140at2085.hmm /home/lgef/Documentos/GitHub/Project_doctoral/IMPLEMENTACAO/Genomes/M_flocculare/MFC_ncbi_dataset/ncbi_dataset/data/strains/ATCC27716/Use/busco_complete/prodigal_output/predicted_genes/predicted.faa 
# Current dir:     /home/lgef/Documentos/GitHub/Project_doctoral/IMPLEMENTACAO/Genomes/M_flocculare/MFC_ncbi_dataset/ncbi_dataset/data/strains/ATCC27716/Use
# Date:            Fri Nov 29 12:31:31 2024
# [ok]
