#                                                                                   --- full sequence --- -------------- this domain -------------   hmm coord   ali coord   env coord
# target name               accession   tlen query name           accession   qlen   E-value  score  bias   #  of  c-Evalue  i-Evalue  score  bias  from    to  from    to  from    to  acc description of target
#       ------------------- ---------- ----- -------------------- ---------- ----- --------- ------ ----- --- --- --------- --------- ------ ----- ----- ----- ----- ----- ----- ----- ---- ---------------------
scf00000000:559895-561364|+ -            490 759at2085            -            394  2.8e-154  508.9   8.0   1   2     0.033       5.2    0.9   0.2     1    19     3    21     3    26 0.91 scf00000000_438 # 559895 # 561364 # 1 # ID=1_438;partial=00;start_type=ATG;rbs_motif=GGA/GAG/AGG;rbs_spacer=5-10bp;gc_cont=0.310
scf00000000:559895-561364|+ -            490 759at2085            -            394  2.8e-154  508.9   8.0   2   2  1.7e-156  2.8e-154  508.9   8.0    12   394    45   485    35   485 0.87 scf00000000_438 # 559895 # 561364 # 1 # ID=1_438;partial=00;start_type=ATG;rbs_motif=GGA/GAG/AGG;rbs_spacer=5-10bp;gc_cont=0.310
scf00000000:420571-422274|+ -            568 759at2085            -            394   7.9e-28   92.5   4.7   1   2     2e-18   3.2e-16   54.3   3.2    83   234   116   269    33   319 0.84 scf00000000_298 # 420571 # 422274 # 1 # ID=1_298;partial=00;start_type=ATG;rbs_motif=GGAG/GAGG;rbs_spacer=5-10bp;gc_cont=0.317
scf00000000:420571-422274|+ -            568 759at2085            -            394   7.9e-28   92.5   4.7   2   2   2.3e-13   3.7e-11   37.6   0.0   347   391   488   535   448   537 0.89 scf00000000_298 # 420571 # 422274 # 1 # ID=1_298;partial=00;start_type=ATG;rbs_motif=GGAG/GAGG;rbs_spacer=5-10bp;gc_cont=0.317
scf00000000:487859-489208|- -            450 759at2085            -            394     5e-21   70.1   4.4   1   1   4.9e-23   7.8e-21   69.5   4.4    87   392   124   442    86   444 0.80 scf00000000_352 # 487859 # 489208 # -1 # ID=1_352;partial=00;start_type=ATG;rbs_motif=GGAG/GAGG;rbs_spacer=5-10bp;gc_cont=0.324
scf00000000:461056-461736|+ -            227 759at2085            -            394   0.00043   14.4   0.1   1   2   6.2e-05    0.0098    9.9   0.0   168   218    88   139    76   153 0.79 scf00000000_328 # 461056 # 461736 # 1 # ID=1_328;partial=00;start_type=ATG;rbs_motif=GGA/GAG/AGG;rbs_spacer=11-12bp;gc_cont=0.319
scf00000000:461056-461736|+ -            227 759at2085            -            394   0.00043   14.4   0.1   2   2     0.012       1.9    2.4   0.0   367   386   194   213   189   217 0.87 scf00000000_328 # 461056 # 461736 # 1 # ID=1_328;partial=00;start_type=ATG;rbs_motif=GGA/GAG/AGG;rbs_spacer=11-12bp;gc_cont=0.319
#
# Program:         hmmsearch
# Version:         3.1b2 (February 2015)
# Pipeline mode:   SEARCH
# Query file:      /home/lgef/Documentos/GitHub/Project_doctoral/IMPLEMENTACAO/Genomes/M_flocculare/MFC_ncbi_dataset/ncbi_dataset/data/strains/ATCC27716/Use/busco_downloads/lineages/mycoplasmatales_odb10/hmms/759at2085.hmm
# Target file:     /home/lgef/Documentos/GitHub/Project_doctoral/IMPLEMENTACAO/Genomes/M_flocculare/MFC_ncbi_dataset/ncbi_dataset/data/strains/ATCC27716/Use/busco_complete/prodigal_output/predicted_genes/predicted.faa
# Option settings: hmmsearch --domtblout /home/lgef/Documentos/GitHub/Project_doctoral/IMPLEMENTACAO/Genomes/M_flocculare/MFC_ncbi_dataset/ncbi_dataset/data/strains/ATCC27716/Use/busco_complete/run_mycoplasmatales_odb10/hmmer_output/759at2085.out --cpu 1 /home/lgef/Documentos/GitHub/Project_doctoral/IMPLEMENTACAO/Genomes/M_flocculare/MFC_ncbi_dataset/ncbi_dataset/data/strains/ATCC27716/Use/busco_downloads/lineages/mycoplasmatales_odb10/hmms/759at2085.hmm /home/lgef/Documentos/GitHub/Project_doctoral/IMPLEMENTACAO/Genomes/M_flocculare/MFC_ncbi_dataset/ncbi_dataset/data/strains/ATCC27716/Use/busco_complete/prodigal_output/predicted_genes/predicted.faa 
# Current dir:     /home/lgef/Documentos/GitHub/Project_doctoral/IMPLEMENTACAO/Genomes/M_flocculare/MFC_ncbi_dataset/ncbi_dataset/data/strains/ATCC27716/Use
# Date:            Fri Nov 29 12:31:36 2024
# [ok]
