#                                                                                     --- full sequence --- -------------- this domain -------------   hmm coord   ali coord   env coord
# target name                 accession   tlen query name           accession   qlen   E-value  score  bias   #  of  c-Evalue  i-Evalue  score  bias  from    to  from    to  from    to  acc description of target
#         ------------------- ---------- ----- -------------------- ---------- ----- --------- ------ ----- --- --- --------- --------- ------ ----- ----- ----- ----- ----- ----- ----- ---- ---------------------
NZ_CP098601.1:368106-369083|- -            326 1683at2085           -            284   9.9e-88  289.6  12.1   1   3   1.2e-71   1.5e-69  229.9   2.3     1   162     1   168     1   176 0.94 NZ_CP098601.1_337 # 368106 # 369083 # -1 # ID=1_337;partial=00;start_type=ATG;rbs_motif=None;rbs_spacer=None;gc_cont=0.298
NZ_CP098601.1:368106-369083|- -            326 1683at2085           -            284   9.9e-88  289.6  12.1   2   3     7e-08   8.6e-06   20.7   0.2   155   187   182   214   165   220 0.79 NZ_CP098601.1_337 # 368106 # 369083 # -1 # ID=1_337;partial=00;start_type=ATG;rbs_motif=None;rbs_spacer=None;gc_cont=0.298
NZ_CP098601.1:368106-369083|- -            326 1683at2085           -            284   9.9e-88  289.6  12.1   3   3   3.8e-15   4.7e-13   44.5   0.3   185   246   238   319   221   321 0.71 NZ_CP098601.1_337 # 368106 # 369083 # -1 # ID=1_337;partial=00;start_type=ATG;rbs_motif=None;rbs_spacer=None;gc_cont=0.298
NZ_CP098601.1:48997-49791|+   -            265 1683at2085           -            284   1.3e-16   56.2   7.1   1   2   3.8e-17   4.7e-15   51.1   6.9     4   136     3   120     1   193 0.81 NZ_CP098601.1_43 # 48997 # 49791 # 1 # ID=1_43;partial=00;start_type=ATG;rbs_motif=None;rbs_spacer=None;gc_cont=0.278
NZ_CP098601.1:48997-49791|+   -            265 1683at2085           -            284   1.3e-16   56.2   7.1   2   2      0.26        32   -0.8   0.3   119   139   143   163   132   227 0.69 NZ_CP098601.1_43 # 48997 # 49791 # 1 # ID=1_43;partial=00;start_type=ATG;rbs_motif=None;rbs_spacer=None;gc_cont=0.278
NZ_CP098601.1:85960-87261|+   -            434 1683at2085           -            284   2.8e-06   22.3   5.8   1   4     2e-05    0.0024   12.7   0.1     2    25     2    25     1    35 0.85 NZ_CP098601.1_76 # 85960 # 87261 # 1 # ID=1_76;partial=00;start_type=ATG;rbs_motif=None;rbs_spacer=None;gc_cont=0.291
NZ_CP098601.1:85960-87261|+   -            434 1683at2085           -            284   2.8e-06   22.3   5.8   2   4       1.5   1.8e+02   -3.3   0.0   171   181   108   118    92   130 0.69 NZ_CP098601.1_76 # 85960 # 87261 # 1 # ID=1_76;partial=00;start_type=ATG;rbs_motif=None;rbs_spacer=None;gc_cont=0.291
NZ_CP098601.1:85960-87261|+   -            434 1683at2085           -            284   2.8e-06   22.3   5.8   3   4    0.0004     0.049    8.4   0.0     3    22   171   190   169   253 0.82 NZ_CP098601.1_76 # 85960 # 87261 # 1 # ID=1_76;partial=00;start_type=ATG;rbs_motif=None;rbs_spacer=None;gc_cont=0.291
NZ_CP098601.1:85960-87261|+   -            434 1683at2085           -            284   2.8e-06   22.3   5.8   4   4     0.041       5.1    1.8   0.1    27    80   273   329   269   358 0.70 NZ_CP098601.1_76 # 85960 # 87261 # 1 # ID=1_76;partial=00;start_type=ATG;rbs_motif=None;rbs_spacer=None;gc_cont=0.291
NZ_CP098601.1:258576-259904|- -            443 1683at2085           -            284   3.3e-06   22.1   2.3   1   1   1.3e-06   0.00016   16.6   2.3     3   105   217   309   215   385 0.82 NZ_CP098601.1_252 # 258576 # 259904 # -1 # ID=1_252;partial=00;start_type=TTG;rbs_motif=AGGAG;rbs_spacer=5-10bp;gc_cont=0.317
NZ_CP098601.1:189052-189933|- -            294 1683at2085           -            284   1.6e-05   19.8   0.1   1   1   2.9e-07   3.6e-05   18.7   0.1     5    26     9    30     6    55 0.85 NZ_CP098601.1_168 # 189052 # 189933 # -1 # ID=1_168;partial=00;start_type=ATG;rbs_motif=None;rbs_spacer=None;gc_cont=0.291
NZ_CP098601.1:105852-106643|+ -            264 1683at2085           -            284   6.6e-05   17.8   0.1   1   3      0.15        18   -0.1   1.1    79   150    29   103     8   107 0.64 NZ_CP098601.1_93 # 105852 # 106643 # 1 # ID=1_93;partial=00;start_type=ATG;rbs_motif=None;rbs_spacer=None;gc_cont=0.264
NZ_CP098601.1:105852-106643|+ -            264 1683at2085           -            284   6.6e-05   17.8   0.1   2   3   5.4e-07   6.6e-05   17.8   0.1     2    27   110   135   109   151 0.87 NZ_CP098601.1_93 # 105852 # 106643 # 1 # ID=1_93;partial=00;start_type=ATG;rbs_motif=None;rbs_spacer=None;gc_cont=0.264
NZ_CP098601.1:105852-106643|+ -            264 1683at2085           -            284   6.6e-05   17.8   0.1   3   3      0.29        36   -1.0   0.0    60    73   152   165   140   239 0.63 NZ_CP098601.1_93 # 105852 # 106643 # 1 # ID=1_93;partial=00;start_type=ATG;rbs_motif=None;rbs_spacer=None;gc_cont=0.264
#
# Program:         hmmsearch
# Version:         3.4 (Aug 2023)
# Pipeline mode:   SEARCH
# Query file:      /home/bryan/Documentos/GitHub/Project_doctoral/IMPLEMENTACAO/Genomes/M_hyopneumoniae/strains/112B/Use/busco_downloads/lineages/mycoplasmatales_odb10/hmms/1683at2085.hmm
# Target file:     /home/bryan/Documentos/GitHub/Project_doctoral/IMPLEMENTACAO/Genomes/M_hyopneumoniae/strains/112B/Use/busco_complete/prodigal_output/predicted_genes/predicted.faa
# Option settings: hmmsearch --domtblout /home/bryan/Documentos/GitHub/Project_doctoral/IMPLEMENTACAO/Genomes/M_hyopneumoniae/strains/112B/Use/busco_complete/run_mycoplasmatales_odb10/hmmer_output/1683at2085.out --cpu 1 /home/bryan/Documentos/GitHub/Project_doctoral/IMPLEMENTACAO/Genomes/M_hyopneumoniae/strains/112B/Use/busco_downloads/lineages/mycoplasmatales_odb10/hmms/1683at2085.hmm /home/bryan/Documentos/GitHub/Project_doctoral/IMPLEMENTACAO/Genomes/M_hyopneumoniae/strains/112B/Use/busco_complete/prodigal_output/predicted_genes/predicted.faa 
# Current dir:     /home/bryan/Documentos/GitHub/Project_doctoral/IMPLEMENTACAO/Genomes/M_hyopneumoniae/strains/112B/Use
# Date:            Sun Dec  1 19:08:03 2024
# [ok]
