#                                                                                     --- full sequence --- -------------- this domain -------------   hmm coord   ali coord   env coord
# target name                 accession   tlen query name           accession   qlen   E-value  score  bias   #  of  c-Evalue  i-Evalue  score  bias  from    to  from    to  from    to  acc description of target
#         ------------------- ---------- ----- -------------------- ---------- ----- --------- ------ ----- --- --- --------- --------- ------ ----- ----- ----- ----- ----- ----- ----- ---- ---------------------
NZ_CP098601.1:716287-720696|- -           1470 56at2085             -           1080         0 1364.2  30.6   1   2         2   4.9e+02   -6.4   2.5   139   221    57   137    35   143 0.72 NZ_CP098601.1_594 # 716287 # 720696 # -1 # ID=1_594;partial=00;start_type=ATG;rbs_motif=AGGAG;rbs_spacer=5-10bp;gc_cont=0.301
NZ_CP098601.1:716287-720696|- -           1470 56at2085             -           1080         0 1364.2  30.6   2   2         0         0 1364.2  30.6    49  1080   318  1468   282  1468 0.89 NZ_CP098601.1_594 # 716287 # 720696 # -1 # ID=1_594;partial=00;start_type=ATG;rbs_motif=AGGAG;rbs_spacer=5-10bp;gc_cont=0.301
NZ_CP098601.1:777717-779879|- -            721 56at2085             -           1080   1.9e-18   61.2  25.4   1   6   3.2e-08   7.8e-06   19.4   0.0   510   566     2    59     1    63 0.94 NZ_CP098601.1_644 # 777717 # 779879 # -1 # ID=1_644;partial=00;start_type=TTG;rbs_motif=GGA/GAG/AGG;rbs_spacer=5-10bp;gc_cont=0.298
NZ_CP098601.1:777717-779879|- -            721 56at2085             -           1080   1.9e-18   61.2  25.4   2   6   2.2e-05    0.0054   10.0   0.0   607   678    63   134    60   142 0.90 NZ_CP098601.1_644 # 777717 # 779879 # -1 # ID=1_644;partial=00;start_type=TTG;rbs_motif=GGA/GAG/AGG;rbs_spacer=5-10bp;gc_cont=0.298
NZ_CP098601.1:777717-779879|- -            721 56at2085             -           1080   1.9e-18   61.2  25.4   3   6    0.0014      0.36    4.0   0.1   674   754   176   251   165   286 0.78 NZ_CP098601.1_644 # 777717 # 779879 # -1 # ID=1_644;partial=00;start_type=TTG;rbs_motif=GGA/GAG/AGG;rbs_spacer=5-10bp;gc_cont=0.298
NZ_CP098601.1:777717-779879|- -            721 56at2085             -           1080   1.9e-18   61.2  25.4   4   6     0.014       3.6    0.6   0.5   292   372   323   405   320   423 0.79 NZ_CP098601.1_644 # 777717 # 779879 # -1 # ID=1_644;partial=00;start_type=TTG;rbs_motif=GGA/GAG/AGG;rbs_spacer=5-10bp;gc_cont=0.298
NZ_CP098601.1:777717-779879|- -            721 56at2085             -           1080   1.9e-18   61.2  25.4   5   6   2.5e-07   6.3e-05   16.4   7.5   906   945   423   462   409   473 0.85 NZ_CP098601.1_644 # 777717 # 779879 # -1 # ID=1_644;partial=00;start_type=TTG;rbs_motif=GGA/GAG/AGG;rbs_spacer=5-10bp;gc_cont=0.298
NZ_CP098601.1:777717-779879|- -            721 56at2085             -           1080   1.9e-18   61.2  25.4   6   6   1.7e-08   4.3e-06   20.3   0.1   987  1065   473   553   459   569 0.80 NZ_CP098601.1_644 # 777717 # 779879 # -1 # ID=1_644;partial=00;start_type=TTG;rbs_motif=GGA/GAG/AGG;rbs_spacer=5-10bp;gc_cont=0.298
NZ_CP098601.1:780356-780661|- -            102 56at2085             -           1080   3.6e-07   23.8   0.0   1   1   1.5e-09   3.7e-07   23.8   0.0    54   118     4    69     1    86 0.92 NZ_CP098601.1_645 # 780356 # 780661 # -1 # ID=1_645;partial=00;start_type=ATG;rbs_motif=None;rbs_spacer=None;gc_cont=0.242
#
# Program:         hmmsearch
# Version:         3.4 (Aug 2023)
# Pipeline mode:   SEARCH
# Query file:      /home/bryan/Documentos/GitHub/Project_doctoral/IMPLEMENTACAO/Genomes/M_hyopneumoniae/strains/112B/Use/busco_downloads/lineages/mycoplasmatales_odb10/hmms/56at2085.hmm
# Target file:     /home/bryan/Documentos/GitHub/Project_doctoral/IMPLEMENTACAO/Genomes/M_hyopneumoniae/strains/112B/Use/busco_complete/prodigal_output/predicted_genes/predicted.faa
# Option settings: hmmsearch --domtblout /home/bryan/Documentos/GitHub/Project_doctoral/IMPLEMENTACAO/Genomes/M_hyopneumoniae/strains/112B/Use/busco_complete/run_mycoplasmatales_odb10/hmmer_output/56at2085.out --cpu 1 /home/bryan/Documentos/GitHub/Project_doctoral/IMPLEMENTACAO/Genomes/M_hyopneumoniae/strains/112B/Use/busco_downloads/lineages/mycoplasmatales_odb10/hmms/56at2085.hmm /home/bryan/Documentos/GitHub/Project_doctoral/IMPLEMENTACAO/Genomes/M_hyopneumoniae/strains/112B/Use/busco_complete/prodigal_output/predicted_genes/predicted.faa 
# Current dir:     /home/bryan/Documentos/GitHub/Project_doctoral/IMPLEMENTACAO/Genomes/M_hyopneumoniae/strains/112B/Use
# Date:            Sun Dec  1 19:08:08 2024
# [ok]
