#                                                                                         --- full sequence --- -------------- this domain -------------   hmm coord   ali coord   env coord
# target name                     accession   tlen query name           accession   qlen   E-value  score  bias   #  of  c-Evalue  i-Evalue  score  bias  from    to  from    to  from    to  acc description of target
#             ------------------- ---------- ----- -------------------- ---------- ----- --------- ------ ----- --- --- --------- --------- ------ ----- ----- ----- ----- ----- ----- ----- ---- ---------------------
NZ_AFCG01000007.1:58850-60889|-   -            680 1371at2085           -            438   6.9e-82  270.5 101.6   1   5   3.5e-30   1.7e-28   94.5   6.0     1   103    21   133    21   136 0.93 NZ_AFCG01000007.1_61 # 58850 # 60889 # -1 # ID=7_61;partial=00;start_type=ATG;rbs_motif=None;rbs_spacer=None;gc_cont=0.245
NZ_AFCG01000007.1:58850-60889|-   -            680 1371at2085           -            438   6.9e-82  270.5 101.6   2   5   9.4e-27   4.7e-25   83.2  32.6   102   261   158   335   144   348 0.83 NZ_AFCG01000007.1_61 # 58850 # 60889 # -1 # ID=7_61;partial=00;start_type=ATG;rbs_motif=None;rbs_spacer=None;gc_cont=0.245
NZ_AFCG01000007.1:58850-60889|-   -            680 1371at2085           -            438   6.9e-82  270.5 101.6   3   5      0.45        22   -1.4   5.7   161   228   339   406   333   407 0.82 NZ_AFCG01000007.1_61 # 58850 # 60889 # -1 # ID=7_61;partial=00;start_type=ATG;rbs_motif=None;rbs_spacer=None;gc_cont=0.245
NZ_AFCG01000007.1:58850-60889|-   -            680 1371at2085           -            438   6.9e-82  270.5 101.6   4   5     3e-09   1.5e-07   25.5  19.9   269   372   408   552   406   559 0.78 NZ_AFCG01000007.1_61 # 58850 # 60889 # -1 # ID=7_61;partial=00;start_type=ATG;rbs_motif=None;rbs_spacer=None;gc_cont=0.245
NZ_AFCG01000007.1:58850-60889|-   -            680 1371at2085           -            438   6.9e-82  270.5 101.6   5   5   9.7e-28   4.8e-26   86.5   8.7   367   438   591   663   567   663 0.86 NZ_AFCG01000007.1_61 # 58850 # 60889 # -1 # ID=7_61;partial=00;start_type=ATG;rbs_motif=None;rbs_spacer=None;gc_cont=0.245
NZ_AFCG01000010.1:13606-14322|-   -            239 1371at2085           -            438   4.8e-10   33.8   4.6   1   2     0.014      0.69    3.6   1.5   333   373    43    89     8    95 0.84 NZ_AFCG01000010.1_10 # 13606 # 14322 # -1 # ID=10_10;partial=00;start_type=ATG;rbs_motif=AGGA;rbs_spacer=5-10bp;gc_cont=0.258
NZ_AFCG01000010.1:13606-14322|-   -            239 1371at2085           -            438   4.8e-10   33.8   4.6   2   2   9.5e-12   4.8e-10   33.8   4.6   374   435   131   194   110   196 0.81 NZ_AFCG01000010.1_10 # 13606 # 14322 # -1 # ID=10_10;partial=00;start_type=ATG;rbs_motif=AGGA;rbs_spacer=5-10bp;gc_cont=0.258
NZ_AFCG01000005.1:160169-161092|+ -            308 1371at2085           -            438   1.1e-08   29.2   1.5   1   3      0.38        19   -1.2   0.9   159   211    24    76     2    85 0.57 NZ_AFCG01000005.1_94 # 160169 # 161092 # 1 # ID=5_94;partial=00;start_type=GTG;rbs_motif=AGGAGG;rbs_spacer=5-10bp;gc_cont=0.339
NZ_AFCG01000005.1:160169-161092|+ -            308 1371at2085           -            438   1.1e-08   29.2   1.5   2   3      0.14       6.9    0.3   0.1   333   362   101   136    94   155 0.67 NZ_AFCG01000005.1_94 # 160169 # 161092 # 1 # ID=5_94;partial=00;start_type=GTG;rbs_motif=AGGAGG;rbs_spacer=5-10bp;gc_cont=0.339
NZ_AFCG01000005.1:160169-161092|+ -            308 1371at2085           -            438   1.1e-08   29.2   1.5   3   3   2.3e-10   1.1e-08   29.2   1.5   367   436   187   259   138   261 0.83 NZ_AFCG01000005.1_94 # 160169 # 161092 # 1 # ID=5_94;partial=00;start_type=GTG;rbs_motif=AGGAGG;rbs_spacer=5-10bp;gc_cont=0.339
NZ_AFCG01000005.1:103227-104765|- -            513 1371at2085           -            438   4.4e-08   27.3  24.3   1   4      0.13       6.4    0.4   0.1   334   344    44    54    41    58 0.91 NZ_AFCG01000005.1_69 # 103227 # 104765 # -1 # ID=5_69;partial=00;start_type=TTG;rbs_motif=AGGA;rbs_spacer=5-10bp;gc_cont=0.311
NZ_AFCG01000005.1:103227-104765|- -            513 1371at2085           -            438   4.4e-08   27.3  24.3   2   4   4.8e-07   2.4e-05   18.3   1.2   379   436   145   204   139   206 0.90 NZ_AFCG01000005.1_69 # 103227 # 104765 # -1 # ID=5_69;partial=00;start_type=TTG;rbs_motif=AGGA;rbs_spacer=5-10bp;gc_cont=0.311
NZ_AFCG01000005.1:103227-104765|- -            513 1371at2085           -            438   4.4e-08   27.3  24.3   3   4     0.015      0.74    3.5   7.1   274   322   356   404   325   407 0.85 NZ_AFCG01000005.1_69 # 103227 # 104765 # -1 # ID=5_69;partial=00;start_type=TTG;rbs_motif=AGGA;rbs_spacer=5-10bp;gc_cont=0.311
NZ_AFCG01000005.1:103227-104765|- -            513 1371at2085           -            438   4.4e-08   27.3  24.3   4   4   2.2e-06   0.00011   16.1   0.7   370   432   403   467   401   472 0.77 NZ_AFCG01000005.1_69 # 103227 # 104765 # -1 # ID=5_69;partial=00;start_type=TTG;rbs_motif=AGGA;rbs_spacer=5-10bp;gc_cont=0.311
NZ_AFCG01000005.1:185165-185935|+ -            257 1371at2085           -            438   5.1e-08   27.1   0.4   1   3       1.5        77   -3.2   9.5   137   206    53   122     1   128 0.59 NZ_AFCG01000005.1_115 # 185165 # 185935 # 1 # ID=5_115;partial=00;start_type=ATG;rbs_motif=None;rbs_spacer=None;gc_cont=0.267
NZ_AFCG01000005.1:185165-185935|+ -            257 1371at2085           -            438   5.1e-08   27.1   0.4   2   3     1e-09   5.1e-08   27.1   0.4   372   435   147   213   130   216 0.84 NZ_AFCG01000005.1_115 # 185165 # 185935 # 1 # ID=5_115;partial=00;start_type=ATG;rbs_motif=None;rbs_spacer=None;gc_cont=0.267
NZ_AFCG01000005.1:185165-185935|+ -            257 1371at2085           -            438   5.1e-08   27.1   0.4   3   3     0.073       3.6    1.2   1.5   234   275   207   248   205   250 0.88 NZ_AFCG01000005.1_115 # 185165 # 185935 # 1 # ID=5_115;partial=00;start_type=ATG;rbs_motif=None;rbs_spacer=None;gc_cont=0.267
NZ_AFCG01000003.1:36876-38477|-   -            534 1371at2085           -            438   9.2e-08   26.2   5.6   1   2       2.2   1.1e+02   -3.7  46.5   104   334     9   255     4   256 0.69 NZ_AFCG01000003.1_28 # 36876 # 38477 # -1 # ID=3_28;partial=00;start_type=ATG;rbs_motif=GGAG/GAGG;rbs_spacer=5-10bp;gc_cont=0.258
NZ_AFCG01000003.1:36876-38477|-   -            534 1371at2085           -            438   9.2e-08   26.2   5.6   2   2   1.8e-09   9.2e-08   26.2   5.6   373   425   449   499   430   515 0.79 NZ_AFCG01000003.1_28 # 36876 # 38477 # -1 # ID=3_28;partial=00;start_type=ATG;rbs_motif=GGAG/GAGG;rbs_spacer=5-10bp;gc_cont=0.258
NZ_AFCG01000005.1:57197-58531|+   -            445 1371at2085           -            438   2.4e-07   24.8   4.6   1   3     0.007      0.35    4.6   0.0   333   358    47    78    26    91 0.86 NZ_AFCG01000005.1_39 # 57197 # 58531 # 1 # ID=5_39;partial=00;start_type=ATG;rbs_motif=GGA/GAG/AGG;rbs_spacer=11-12bp;gc_cont=0.302
NZ_AFCG01000005.1:57197-58531|+   -            445 1371at2085           -            438   2.4e-07   24.8   4.6   2   3   5.2e-08   2.6e-06   21.5   0.2   376   436   229   292   196   293 0.81 NZ_AFCG01000005.1_39 # 57197 # 58531 # 1 # ID=5_39;partial=00;start_type=ATG;rbs_motif=GGA/GAG/AGG;rbs_spacer=11-12bp;gc_cont=0.302
NZ_AFCG01000005.1:57197-58531|+   -            445 1371at2085           -            438   2.4e-07   24.8   4.6   3   3       1.9        95   -3.5   0.2   163   187   390   414   383   427 0.51 NZ_AFCG01000005.1_39 # 57197 # 58531 # 1 # ID=5_39;partial=00;start_type=ATG;rbs_motif=GGA/GAG/AGG;rbs_spacer=11-12bp;gc_cont=0.302
NZ_AFCG01000004.1:57912-58730|+   -            273 1371at2085           -            438   2.6e-07   24.8   0.1   1   3       0.1       5.1    0.7   5.2   292   367     3    86     1    94 0.64 NZ_AFCG01000004.1_48 # 57912 # 58730 # 1 # ID=4_48;partial=00;start_type=ATG;rbs_motif=None;rbs_spacer=None;gc_cont=0.288
NZ_AFCG01000004.1:57912-58730|+   -            273 1371at2085           -            438   2.6e-07   24.8   0.1   2   3      0.58        29   -1.8   0.0   406   425   104   123   103   127 0.86 NZ_AFCG01000004.1_48 # 57912 # 58730 # 1 # ID=4_48;partial=00;start_type=ATG;rbs_motif=None;rbs_spacer=None;gc_cont=0.288
NZ_AFCG01000004.1:57912-58730|+   -            273 1371at2085           -            438   2.6e-07   24.8   0.1   3   3   5.2e-09   2.6e-07   24.8   0.1   368   436   127   198   118   199 0.86 NZ_AFCG01000004.1_48 # 57912 # 58730 # 1 # ID=4_48;partial=00;start_type=ATG;rbs_motif=None;rbs_spacer=None;gc_cont=0.288
NZ_AFCG01000003.1:38461-40068|-   -            536 1371at2085           -            438     3e-06   21.2   4.6   1   3      0.73        36   -2.1  38.5   102   318    13   242     2   243 0.61 NZ_AFCG01000003.1_29 # 38461 # 40068 # -1 # ID=3_29;partial=00;start_type=ATG;rbs_motif=AGGAG;rbs_spacer=3-4bp;gc_cont=0.252
NZ_AFCG01000003.1:38461-40068|-   -            536 1371at2085           -            438     3e-06   21.2   4.6   2   3      0.14         7    0.3  13.0   333   375   363   415   315   422 0.69 NZ_AFCG01000003.1_29 # 38461 # 40068 # -1 # ID=3_29;partial=00;start_type=ATG;rbs_motif=AGGAG;rbs_spacer=3-4bp;gc_cont=0.252
NZ_AFCG01000003.1:38461-40068|-   -            536 1371at2085           -            438     3e-06   21.2   4.6   3   3   6.1e-08     3e-06   21.2   4.6   373   435   449   511   417   513 0.78 NZ_AFCG01000003.1_29 # 38461 # 40068 # -1 # ID=3_29;partial=00;start_type=ATG;rbs_motif=AGGAG;rbs_spacer=3-4bp;gc_cont=0.252
NZ_AFCG01000009.1:39641-41260|-   -            540 1371at2085           -            438   7.2e-06   20.0   5.1   1   1   1.4e-07   7.2e-06   20.0   5.1   367   434   455   522   445   526 0.77 NZ_AFCG01000009.1_36 # 39641 # 41260 # -1 # ID=9_36;partial=00;start_type=ATG;rbs_motif=AGGA;rbs_spacer=5-10bp;gc_cont=0.224
NZ_AFCG01000007.1:104111-104818|+ -            236 1371at2085           -            438   1.3e-05   19.1   0.4   1   1   3.3e-07   1.6e-05   18.8   0.4   375   435    39   102     4   105 0.82 NZ_AFCG01000007.1_115 # 104111 # 104818 # 1 # ID=7_115;partial=00;start_type=ATG;rbs_motif=None;rbs_spacer=None;gc_cont=0.357
NZ_AFCG01000005.1:120089-121138|+ -            350 1371at2085           -            438    0.0011   12.8   0.1   1   1   3.4e-05    0.0017   12.2   0.1   358   436   141   222   131   224 0.81 NZ_AFCG01000005.1_80 # 120089 # 121138 # 1 # ID=5_80;partial=00;start_type=ATG;rbs_motif=AGGAGG;rbs_spacer=5-10bp;gc_cont=0.337
#
# Program:         hmmsearch
# Version:         3.1b2 (February 2015)
# Pipeline mode:   SEARCH
# Query file:      /home/lgef/Documentos/GitHub/Project_doctoral/IMPLEMENTACAO/Genomes/M_flocculare/MFC_ncbi_dataset/ncbi_dataset/data/strains/ATCC27716/Use/busco_downloads/lineages/mycoplasmatales_odb10/hmms/1371at2085.hmm
# Target file:     /home/lgef/Documentos/GitHub/Project_doctoral/IMPLEMENTACAO/Genomes/M_flocculare/MFC_ncbi_dataset/ncbi_dataset/data/strains/ATCC27716/Use/busco_draft/prodigal_output/predicted_genes/predicted.faa
# Option settings: hmmsearch --domtblout /home/lgef/Documentos/GitHub/Project_doctoral/IMPLEMENTACAO/Genomes/M_flocculare/MFC_ncbi_dataset/ncbi_dataset/data/strains/ATCC27716/Use/busco_draft/run_mycoplasmatales_odb10/hmmer_output/1371at2085.out --cpu 1 /home/lgef/Documentos/GitHub/Project_doctoral/IMPLEMENTACAO/Genomes/M_flocculare/MFC_ncbi_dataset/ncbi_dataset/data/strains/ATCC27716/Use/busco_downloads/lineages/mycoplasmatales_odb10/hmms/1371at2085.hmm /home/lgef/Documentos/GitHub/Project_doctoral/IMPLEMENTACAO/Genomes/M_flocculare/MFC_ncbi_dataset/ncbi_dataset/data/strains/ATCC27716/Use/busco_draft/prodigal_output/predicted_genes/predicted.faa 
# Current dir:     /home/lgef/Documentos/GitHub/Project_doctoral/IMPLEMENTACAO/Genomes/M_flocculare/MFC_ncbi_dataset/ncbi_dataset/data/strains/ATCC27716/Use
# Date:            Fri Nov 29 10:06:03 2024
# [ok]
