#                                                                                       --- full sequence --- -------------- this domain -------------   hmm coord   ali coord   env coord
# target name                   accession   tlen query name           accession   qlen   E-value  score  bias   #  of  c-Evalue  i-Evalue  score  bias  from    to  from    to  from    to  acc description of target
#           ------------------- ---------- ----- -------------------- ---------- ----- --------- ------ ----- --- --- --------- --------- ------ ----- ----- ----- ----- ----- ----- ----- ---- ---------------------
NZ_AFCG01000005.1:79392-82010|+ -            873 147at2085            -            460  5.2e-199  656.8  18.4   1   4   1.2e-07   3.7e-05   17.7   0.7     2    33   278   309   277   319 0.92 NZ_AFCG01000005.1_58 # 79392 # 82010 # 1 # ID=5_58;partial=00;start_type=ATG;rbs_motif=GGAG/GAGG;rbs_spacer=5-10bp;gc_cont=0.344
NZ_AFCG01000005.1:79392-82010|+ -            873 147at2085            -            460  5.2e-199  656.8  18.4   2   4   1.3e-17   3.9e-15   50.6   0.7    36    95   342   409   311   412 0.78 NZ_AFCG01000005.1_58 # 79392 # 82010 # 1 # ID=5_58;partial=00;start_type=ATG;rbs_motif=GGAG/GAGG;rbs_spacer=5-10bp;gc_cont=0.344
NZ_AFCG01000005.1:79392-82010|+ -            873 147at2085            -            460  5.2e-199  656.8  18.4   3   4  2.3e-110  6.8e-108  356.4   0.3    96   300   448   659   438   666 0.95 NZ_AFCG01000005.1_58 # 79392 # 82010 # 1 # ID=5_58;partial=00;start_type=ATG;rbs_motif=GGAG/GAGG;rbs_spacer=5-10bp;gc_cont=0.344
NZ_AFCG01000005.1:79392-82010|+ -            873 147at2085            -            460  5.2e-199  656.8  18.4   4   4   5.4e-76   1.6e-73  243.1   0.4   301   460   697   871   692   871 0.95 NZ_AFCG01000005.1_58 # 79392 # 82010 # 1 # ID=5_58;partial=00;start_type=ATG;rbs_motif=GGAG/GAGG;rbs_spacer=5-10bp;gc_cont=0.344
NZ_AFCG01000007.1:13028-13993|- -            322 147at2085            -            460     4e-06   20.9   3.3   1   3   7.2e-07   0.00022   15.2   0.0   100   125    42    67    36    81 0.86 NZ_AFCG01000007.1_12 # 13028 # 13993 # -1 # ID=7_12;partial=00;start_type=ATG;rbs_motif=None;rbs_spacer=None;gc_cont=0.307
NZ_AFCG01000007.1:13028-13993|- -            322 147at2085            -            460     4e-06   20.9   3.3   2   3   0.00066       0.2    5.4   0.3   207   255   133   182    82   198 0.68 NZ_AFCG01000007.1_12 # 13028 # 13993 # -1 # ID=7_12;partial=00;start_type=ATG;rbs_motif=None;rbs_spacer=None;gc_cont=0.307
NZ_AFCG01000007.1:13028-13993|- -            322 147at2085            -            460     4e-06   20.9   3.3   3   3     0.092        28   -1.7   0.0     8    63   205   260   199   287 0.68 NZ_AFCG01000007.1_12 # 13028 # 13993 # -1 # ID=7_12;partial=00;start_type=ATG;rbs_motif=None;rbs_spacer=None;gc_cont=0.307
#
# Program:         hmmsearch
# Version:         3.1b2 (February 2015)
# Pipeline mode:   SEARCH
# Query file:      /home/lgef/Documentos/GitHub/Project_doctoral/IMPLEMENTACAO/Genomes/M_flocculare/MFC_ncbi_dataset/ncbi_dataset/data/strains/ATCC27716/Use/busco_downloads/lineages/mycoplasmatales_odb10/hmms/147at2085.hmm
# Target file:     /home/lgef/Documentos/GitHub/Project_doctoral/IMPLEMENTACAO/Genomes/M_flocculare/MFC_ncbi_dataset/ncbi_dataset/data/strains/ATCC27716/Use/busco_draft/prodigal_output/predicted_genes/predicted.faa
# Option settings: hmmsearch --domtblout /home/lgef/Documentos/GitHub/Project_doctoral/IMPLEMENTACAO/Genomes/M_flocculare/MFC_ncbi_dataset/ncbi_dataset/data/strains/ATCC27716/Use/busco_draft/run_mycoplasmatales_odb10/hmmer_output/147at2085.out --cpu 1 /home/lgef/Documentos/GitHub/Project_doctoral/IMPLEMENTACAO/Genomes/M_flocculare/MFC_ncbi_dataset/ncbi_dataset/data/strains/ATCC27716/Use/busco_downloads/lineages/mycoplasmatales_odb10/hmms/147at2085.hmm /home/lgef/Documentos/GitHub/Project_doctoral/IMPLEMENTACAO/Genomes/M_flocculare/MFC_ncbi_dataset/ncbi_dataset/data/strains/ATCC27716/Use/busco_draft/prodigal_output/predicted_genes/predicted.faa 
# Current dir:     /home/lgef/Documentos/GitHub/Project_doctoral/IMPLEMENTACAO/Genomes/M_flocculare/MFC_ncbi_dataset/ncbi_dataset/data/strains/ATCC27716/Use
# Date:            Fri Nov 29 09:59:07 2024
# [ok]
