#                                                                                         --- full sequence --- -------------- this domain -------------   hmm coord   ali coord   env coord
# target name                     accession   tlen query name           accession   qlen   E-value  score  bias   #  of  c-Evalue  i-Evalue  score  bias  from    to  from    to  from    to  acc description of target
#             ------------------- ---------- ----- -------------------- ---------- ----- --------- ------ ----- --- --- --------- --------- ------ ----- ----- ----- ----- ----- ----- ----- ---- ---------------------
NZ_AFCG01000007.1:53537-54394|-   -            286 3843at2085           -            213   2.7e-68  224.8   6.8   1   1   3.5e-70   4.2e-68  224.1   6.8    11   211    35   278    30   280 0.88 NZ_AFCG01000007.1_53 # 53537 # 54394 # -1 # ID=7_53;partial=00;start_type=ATG;rbs_motif=None;rbs_spacer=None;gc_cont=0.270
NZ_AFCG01000010.1:186-716|-       -            177 3843at2085           -            213   3.1e-07   25.2   0.1   1   1   4.3e-09   5.2e-07   24.5   0.1   107   175    14    84     3   108 0.82 NZ_AFCG01000010.1_1 # 186 # 716 # -1 # ID=10_1;partial=00;start_type=ATG;rbs_motif=None;rbs_spacer=None;gc_cont=0.320
NZ_AFCG01000005.1:3197-6040|-     -            948 3843at2085           -            213   1.7e-05   19.5   2.0   1   2     0.001      0.12    7.0   0.0   105   125    28    48    11    57 0.77 NZ_AFCG01000005.1_3 # 3197 # 6040 # -1 # ID=5_3;partial=00;start_type=ATG;rbs_motif=None;rbs_spacer=None;gc_cont=0.334
NZ_AFCG01000005.1:3197-6040|-     -            948 3843at2085           -            213   1.7e-05   19.5   2.0   2   2   4.9e-05    0.0059   11.2   0.4   107   140   637   668   604   682 0.78 NZ_AFCG01000005.1_3 # 3197 # 6040 # -1 # ID=5_3;partial=00;start_type=ATG;rbs_motif=None;rbs_spacer=None;gc_cont=0.334
NZ_AFCG01000010.1:13606-14322|-   -            239 3843at2085           -            213   0.00037   15.2   0.8   1   2   3.1e-06   0.00037   15.2   0.8   103   137    27    61     6    69 0.78 NZ_AFCG01000010.1_10 # 13606 # 14322 # -1 # ID=10_10;partial=00;start_type=ATG;rbs_motif=AGGA;rbs_spacer=5-10bp;gc_cont=0.258
NZ_AFCG01000010.1:13606-14322|-   -            239 3843at2085           -            213   0.00037   15.2   0.8   2   2       1.4   1.7e+02   -3.3   0.1    53    72   106   125   103   131 0.57 NZ_AFCG01000010.1_10 # 13606 # 14322 # -1 # ID=10_10;partial=00;start_type=ATG;rbs_motif=AGGA;rbs_spacer=5-10bp;gc_cont=0.258
NZ_AFCG01000005.1:185165-185935|+ -            257 3843at2085           -            213    0.0099   10.5  10.6   1   3   3.1e-05    0.0037   11.9   1.5   104   182    33   116     6   123 0.76 NZ_AFCG01000005.1_115 # 185165 # 185935 # 1 # ID=5_115;partial=00;start_type=ATG;rbs_motif=None;rbs_spacer=None;gc_cont=0.267
NZ_AFCG01000005.1:185165-185935|+ -            257 3843at2085           -            213    0.0099   10.5  10.6   2   3      0.39        47   -1.5   0.0    71    95   128   151   111   156 0.67 NZ_AFCG01000005.1_115 # 185165 # 185935 # 1 # ID=5_115;partial=00;start_type=ATG;rbs_motif=None;rbs_spacer=None;gc_cont=0.267
NZ_AFCG01000005.1:185165-185935|+ -            257 3843at2085           -            213    0.0099   10.5  10.6   3   3     0.015       1.8    3.1   1.9    27   100   160   230   134   252 0.74 NZ_AFCG01000005.1_115 # 185165 # 185935 # 1 # ID=5_115;partial=00;start_type=ATG;rbs_motif=None;rbs_spacer=None;gc_cont=0.267
#
# Program:         hmmsearch
# Version:         3.1b2 (February 2015)
# Pipeline mode:   SEARCH
# Query file:      /home/lgef/Documentos/GitHub/Project_doctoral/IMPLEMENTACAO/Genomes/M_flocculare/MFC_ncbi_dataset/ncbi_dataset/data/strains/ATCC27716/Use/busco_downloads/lineages/mycoplasmatales_odb10/hmms/3843at2085.hmm
# Target file:     /home/lgef/Documentos/GitHub/Project_doctoral/IMPLEMENTACAO/Genomes/M_flocculare/MFC_ncbi_dataset/ncbi_dataset/data/strains/ATCC27716/Use/busco_draft/prodigal_output/predicted_genes/predicted.faa
# Option settings: hmmsearch --domtblout /home/lgef/Documentos/GitHub/Project_doctoral/IMPLEMENTACAO/Genomes/M_flocculare/MFC_ncbi_dataset/ncbi_dataset/data/strains/ATCC27716/Use/busco_draft/run_mycoplasmatales_odb10/hmmer_output/3843at2085.out --cpu 1 /home/lgef/Documentos/GitHub/Project_doctoral/IMPLEMENTACAO/Genomes/M_flocculare/MFC_ncbi_dataset/ncbi_dataset/data/strains/ATCC27716/Use/busco_downloads/lineages/mycoplasmatales_odb10/hmms/3843at2085.hmm /home/lgef/Documentos/GitHub/Project_doctoral/IMPLEMENTACAO/Genomes/M_flocculare/MFC_ncbi_dataset/ncbi_dataset/data/strains/ATCC27716/Use/busco_draft/prodigal_output/predicted_genes/predicted.faa 
# Current dir:     /home/lgef/Documentos/GitHub/Project_doctoral/IMPLEMENTACAO/Genomes/M_flocculare/MFC_ncbi_dataset/ncbi_dataset/data/strains/ATCC27716/Use
# Date:            Fri Nov 29 10:06:06 2024
# [ok]
