#                                                                                       --- full sequence --- -------------- this domain -------------   hmm coord   ali coord   env coord
# target name                   accession   tlen query name           accession   qlen   E-value  score  bias   #  of  c-Evalue  i-Evalue  score  bias  from    to  from    to  from    to  acc description of target
#           ------------------- ---------- ----- -------------------- ---------- ----- --------- ------ ----- --- --- --------- --------- ------ ----- ----- ----- ----- ----- ----- ----- ---- ---------------------
NZ_AFCG01000004.1:11795-13339|+ -            515 913at2085            -            397  2.7e-133  440.0  32.1   1   2    1e-124  1.6e-122  404.6  20.8     2   314     3   375     2   385 0.85 NZ_AFCG01000004.1_10 # 11795 # 13339 # 1 # ID=4_10;partial=00;start_type=ATG;rbs_motif=GGA/GAG/AGG;rbs_spacer=5-10bp;gc_cont=0.274
NZ_AFCG01000004.1:11795-13339|+ -            515 913at2085            -            397  2.7e-133  440.0  32.1   2   2   2.9e-13   4.4e-11   37.6   3.4   309   385   404   484   391   500 0.81 NZ_AFCG01000004.1_10 # 11795 # 13339 # 1 # ID=4_10;partial=00;start_type=ATG;rbs_motif=GGA/GAG/AGG;rbs_spacer=5-10bp;gc_cont=0.274
NZ_AFCG01000009.1:17065-19437|+ -            791 913at2085            -            397   3.9e-20   67.4   1.4   1   2   5.4e-12     8e-10   33.4   0.0     1   166    28   205    28   215 0.82 NZ_AFCG01000009.1_17 # 17065 # 19437 # 1 # ID=9_17;partial=00;start_type=ATG;rbs_motif=None;rbs_spacer=None;gc_cont=0.302
NZ_AFCG01000009.1:17065-19437|+ -            791 913at2085            -            397   3.9e-20   67.4   1.4   2   2   1.2e-11   1.8e-09   32.3   0.7   238   343   547   650   513   693 0.79 NZ_AFCG01000009.1_17 # 17065 # 19437 # 1 # ID=9_17;partial=00;start_type=ATG;rbs_motif=None;rbs_spacer=None;gc_cont=0.302
NZ_AFCG01000008.1:7877-10537|-  -            887 913at2085            -            397   8.2e-15   49.9   5.3   1   6   2.6e-12   3.9e-10   34.5   0.2    12   132    61   198    59   226 0.69 NZ_AFCG01000008.1_9 # 7877 # 10537 # -1 # ID=8_9;partial=00;start_type=ATG;rbs_motif=AGGA;rbs_spacer=5-10bp;gc_cont=0.297
NZ_AFCG01000008.1:7877-10537|-  -            887 913at2085            -            397   8.2e-15   49.9   5.3   2   6      0.19        28   -1.3   0.2   159   188   433   461   401   464 0.63 NZ_AFCG01000008.1_9 # 7877 # 10537 # -1 # ID=8_9;partial=00;start_type=ATG;rbs_motif=AGGA;rbs_spacer=5-10bp;gc_cont=0.297
NZ_AFCG01000008.1:7877-10537|-  -            887 913at2085            -            397   8.2e-15   49.9   5.3   3   6       1.4   2.2e+02   -4.2   0.0   183   205   511   532   508   535 0.77 NZ_AFCG01000008.1_9 # 7877 # 10537 # -1 # ID=8_9;partial=00;start_type=ATG;rbs_motif=AGGA;rbs_spacer=5-10bp;gc_cont=0.297
NZ_AFCG01000008.1:7877-10537|-  -            887 913at2085            -            397   8.2e-15   49.9   5.3   4   6     7e-10     1e-07   26.5   0.9   238   308   571   647   563   675 0.76 NZ_AFCG01000008.1_9 # 7877 # 10537 # -1 # ID=8_9;partial=00;start_type=ATG;rbs_motif=AGGA;rbs_spacer=5-10bp;gc_cont=0.297
NZ_AFCG01000008.1:7877-10537|-  -            887 913at2085            -            397   8.2e-15   49.9   5.3   5   6      0.27        40   -1.8  10.7   265   386   635   762   626   776 0.65 NZ_AFCG01000008.1_9 # 7877 # 10537 # -1 # ID=8_9;partial=00;start_type=ATG;rbs_motif=AGGA;rbs_spacer=5-10bp;gc_cont=0.297
NZ_AFCG01000008.1:7877-10537|-  -            887 913at2085            -            397   8.2e-15   49.9   5.3   6   6       0.1        15   -0.4   0.3   119   155   764   798   755   812 0.71 NZ_AFCG01000008.1_9 # 7877 # 10537 # -1 # ID=8_9;partial=00;start_type=ATG;rbs_motif=AGGA;rbs_spacer=5-10bp;gc_cont=0.297
NZ_AFCG01000003.1:23163-25634|- -            824 913at2085            -            397   2.6e-13   45.0  23.3   1   3     7e-10   1.1e-07   26.5   2.1     2   136    32   186    31   218 0.65 NZ_AFCG01000003.1_22 # 23163 # 25634 # -1 # ID=3_22;partial=00;start_type=ATG;rbs_motif=GGA/GAG/AGG;rbs_spacer=5-10bp;gc_cont=0.287
NZ_AFCG01000003.1:23163-25634|- -            824 913at2085            -            397   2.6e-13   45.0  23.3   2   3     0.092        14   -0.3   2.0   281   358   274   369   231   398 0.66 NZ_AFCG01000003.1_22 # 23163 # 25634 # -1 # ID=3_22;partial=00;start_type=ATG;rbs_motif=GGA/GAG/AGG;rbs_spacer=5-10bp;gc_cont=0.287
NZ_AFCG01000003.1:23163-25634|- -            824 913at2085            -            397   2.6e-13   45.0  23.3   3   3   7.9e-11   1.2e-08   29.6   1.5   234   340   491   606   466   623 0.76 NZ_AFCG01000003.1_22 # 23163 # 25634 # -1 # ID=3_22;partial=00;start_type=ATG;rbs_motif=GGA/GAG/AGG;rbs_spacer=5-10bp;gc_cont=0.287
#
# Program:         hmmsearch
# Version:         3.1b2 (February 2015)
# Pipeline mode:   SEARCH
# Query file:      /home/lgef/Documentos/GitHub/Project_doctoral/IMPLEMENTACAO/Genomes/M_flocculare/MFC_ncbi_dataset/ncbi_dataset/data/strains/ATCC27716/Use/busco_downloads/lineages/mycoplasmatales_odb10/hmms/913at2085.hmm
# Target file:     /home/lgef/Documentos/GitHub/Project_doctoral/IMPLEMENTACAO/Genomes/M_flocculare/MFC_ncbi_dataset/ncbi_dataset/data/strains/ATCC27716/Use/busco_draft/prodigal_output/predicted_genes/predicted.faa
# Option settings: hmmsearch --domtblout /home/lgef/Documentos/GitHub/Project_doctoral/IMPLEMENTACAO/Genomes/M_flocculare/MFC_ncbi_dataset/ncbi_dataset/data/strains/ATCC27716/Use/busco_draft/run_mycoplasmatales_odb10/hmmer_output/913at2085.out --cpu 1 /home/lgef/Documentos/GitHub/Project_doctoral/IMPLEMENTACAO/Genomes/M_flocculare/MFC_ncbi_dataset/ncbi_dataset/data/strains/ATCC27716/Use/busco_downloads/lineages/mycoplasmatales_odb10/hmms/913at2085.hmm /home/lgef/Documentos/GitHub/Project_doctoral/IMPLEMENTACAO/Genomes/M_flocculare/MFC_ncbi_dataset/ncbi_dataset/data/strains/ATCC27716/Use/busco_draft/prodigal_output/predicted_genes/predicted.faa 
# Current dir:     /home/lgef/Documentos/GitHub/Project_doctoral/IMPLEMENTACAO/Genomes/M_flocculare/MFC_ncbi_dataset/ncbi_dataset/data/strains/ATCC27716/Use
# Date:            Fri Nov 29 10:06:08 2024
# [ok]
