A	C	G	T	N	IUPAC	Other	GC	GC_stdev
0.3537	0.1425	0.1427	0.3611	0.0000	0.0000	0.0000	0.2852	0.0000

Main genome scaffold total:         	1
Main genome contig total:           	1
Main genome scaffold sequence total:	897405
Main genome contig sequence total:  	897405  	0.000% gap
Main genome scaffold N/L50:         	1/897405
Main genome contig N/L50:           	1/897405
Main genome scaffold N/L90:         	1/897405
Main genome contig N/L90:           	1/897405
Max scaffold length:                	897405
Max contig length:                  	897405
Number of scaffolds > 50 KB:        	1
% main genome in scaffolds > 50 KB: 	100.00%


Minimum 	Number        	Number        	Total         	Total         	Scaffold
Scaffold	of            	of            	Scaffold      	Contig        	Contig  
Length  	Scaffolds     	Contigs       	Length        	Length        	Coverage
--------	--------------	--------------	--------------	--------------	--------
    All 	             1	             1	        897405	        897405	 100.00%
 500000 	             1	             1	        897405	        897405	 100.00%

