#                                                                                   --- full sequence --- -------------- this domain -------------   hmm coord   ali coord   env coord
# target name               accession   tlen query name           accession   qlen   E-value  score  bias   #  of  c-Evalue  i-Evalue  score  bias  from    to  from    to  from    to  acc description of target
#       ------------------- ---------- ----- -------------------- ---------- ----- --------- ------ ----- --- --- --------- --------- ------ ----- ----- ----- ----- ----- ----- ----- ---- ---------------------
scf00000003:225142-226059|+ -            306 3146at2085           -            235   2.1e-85  281.2   1.1   1   2   5.8e-29     1e-26   89.1   0.1     1    65     4    71     4   103 0.91 scf00000003_159 # 225142 # 226059 # 1 # ID=4_159;partial=00;start_type=ATG;rbs_motif=GGA/GAG/AGG;rbs_spacer=5-10bp;gc_cont=0.353
scf00000003:225142-226059|+ -            306 3146at2085           -            235   2.1e-85  281.2   1.1   2   2   5.5e-60   9.8e-58  190.6   0.1    64   234   104   299    98   300 0.86 scf00000003_159 # 225142 # 226059 # 1 # ID=4_159;partial=00;start_type=ATG;rbs_motif=GGA/GAG/AGG;rbs_spacer=5-10bp;gc_cont=0.353
scf00000001:3563-4927|-     -            455 3146at2085           -            235     3e-16   54.8   5.1   1   2     1e-07   1.8e-05   19.5   0.1     1    39     4    42     4    51 0.94 scf00000001_6 # 3563 # 4927 # -1 # ID=2_6;partial=00;start_type=ATG;rbs_motif=GGA/GAG/AGG;rbs_spacer=5-10bp;gc_cont=0.318
scf00000001:3563-4927|-     -            455 3146at2085           -            235     3e-16   54.8   5.1   2   2   1.9e-12   3.5e-10   35.0   2.0   102   235   167   320   124   320 0.66 scf00000001_6 # 3563 # 4927 # -1 # ID=2_6;partial=00;start_type=ATG;rbs_motif=GGA/GAG/AGG;rbs_spacer=5-10bp;gc_cont=0.318
seq00000004:64823-66670|+   -            616 3146at2085           -            235   1.2e-11   39.7   9.4   1   2     3e-08   5.4e-06   21.3   0.1     1    38   161   198   161   206 0.93 seq00000004_44 # 64823 # 66670 # 1 # ID=7_44;partial=00;start_type=ATG;rbs_motif=AGGA;rbs_spacer=5-10bp;gc_cont=0.366
seq00000004:64823-66670|+   -            616 3146at2085           -            235   1.2e-11   39.7   9.4   2   2   4.7e-08   8.5e-06   20.6   3.7    59   218   285   466   244   483 0.67 seq00000004_44 # 64823 # 66670 # 1 # ID=7_44;partial=00;start_type=ATG;rbs_motif=AGGA;rbs_spacer=5-10bp;gc_cont=0.366
scf00000003:100362-102221|+ -            620 3146at2085           -            235    0.0054   11.4   1.2   1   3    0.0011       0.2    6.3   0.0     1    30    12    41    12    49 0.85 scf00000003_62 # 100362 # 102221 # 1 # ID=4_62;partial=00;start_type=ATG;rbs_motif=GGAG/GAGG;rbs_spacer=5-10bp;gc_cont=0.328
scf00000003:100362-102221|+ -            620 3146at2085           -            235    0.0054   11.4   1.2   2   3     0.013       2.2    2.9   0.2   128   170    97   143    74   166 0.73 scf00000003_62 # 100362 # 102221 # 1 # ID=4_62;partial=00;start_type=ATG;rbs_motif=GGAG/GAGG;rbs_spacer=5-10bp;gc_cont=0.328
scf00000003:100362-102221|+ -            620 3146at2085           -            235    0.0054   11.4   1.2   3   3      0.61   1.1e+02   -2.6   0.0   201   215   361   376   350   393 0.73 scf00000003_62 # 100362 # 102221 # 1 # ID=4_62;partial=00;start_type=ATG;rbs_motif=GGAG/GAGG;rbs_spacer=5-10bp;gc_cont=0.328
#
# Program:         hmmsearch
# Version:         3.4 (Aug 2023)
# Pipeline mode:   SEARCH
# Query file:      /home/lgef/Documentos/GitHub/Project_doctoral/IMPLEMENTACAO/Genomes/M_hyopneumoniae/MHP_ncbi_dataset/ncbi_dataset/data/strains/UFV01/Use/busco_downloads/lineages/mycoplasmatales_odb10/hmms/3146at2085.hmm
# Target file:     /home/lgef/Documentos/GitHub/Project_doctoral/IMPLEMENTACAO/Genomes/M_hyopneumoniae/MHP_ncbi_dataset/ncbi_dataset/data/strains/UFV01/Use/busco_complete/prodigal_output/predicted_genes/predicted.faa
# Option settings: hmmsearch --domtblout /home/lgef/Documentos/GitHub/Project_doctoral/IMPLEMENTACAO/Genomes/M_hyopneumoniae/MHP_ncbi_dataset/ncbi_dataset/data/strains/UFV01/Use/busco_complete/run_mycoplasmatales_odb10/hmmer_output/3146at2085.out --cpu 1 /home/lgef/Documentos/GitHub/Project_doctoral/IMPLEMENTACAO/Genomes/M_hyopneumoniae/MHP_ncbi_dataset/ncbi_dataset/data/strains/UFV01/Use/busco_downloads/lineages/mycoplasmatales_odb10/hmms/3146at2085.hmm /home/lgef/Documentos/GitHub/Project_doctoral/IMPLEMENTACAO/Genomes/M_hyopneumoniae/MHP_ncbi_dataset/ncbi_dataset/data/strains/UFV01/Use/busco_complete/prodigal_output/predicted_genes/predicted.faa 
# Current dir:     /home/lgef/Documentos/GitHub/Project_doctoral/IMPLEMENTACAO/Genomes/M_hyopneumoniae/MHP_ncbi_dataset/ncbi_dataset/data/strains/UFV01/Use
# Date:            Thu Nov 28 19:31:04 2024
# [ok]
