#                                                                                   --- full sequence --- -------------- this domain -------------   hmm coord   ali coord   env coord
# target name               accession   tlen query name           accession   qlen   E-value  score  bias   #  of  c-Evalue  i-Evalue  score  bias  from    to  from    to  from    to  acc description of target
#       ------------------- ---------- ----- -------------------- ---------- ----- --------- ------ ----- --- --- --------- --------- ------ ----- ----- ----- ----- ----- ----- ----- ---- ---------------------
seq00000002:8917-10383|+    -            489 759at2085            -            394  3.7e-157  518.5  11.1   1   2     0.017       2.5    2.1   0.1     1    19     3    21     3    25 0.90 seq00000002_9 # 8917 # 10383 # 1 # ID=5_9;partial=00;start_type=ATG;rbs_motif=GGA/GAG/AGG;rbs_spacer=11-12bp;gc_cont=0.311
seq00000002:8917-10383|+    -            489 759at2085            -            394  3.7e-157  518.5  11.1   2   2  3.5e-159    5e-157  518.1   6.7    11   394    44   484    34   484 0.87 seq00000002_9 # 8917 # 10383 # 1 # ID=5_9;partial=00;start_type=ATG;rbs_motif=GGA/GAG/AGG;rbs_spacer=11-12bp;gc_cont=0.311
seq00000002:58225-59928|+   -            568 759at2085            -            394   1.4e-25   85.3   1.0   1   2   1.5e-15   2.1e-13   45.2   0.9    83   235   116   270    36   284 0.86 seq00000002_43 # 58225 # 59928 # 1 # ID=5_43;partial=00;start_type=ATG;rbs_motif=GGA/GAG/AGG;rbs_spacer=5-10bp;gc_cont=0.322
seq00000002:58225-59928|+   -            568 759at2085            -            394   1.4e-25   85.3   1.0   2   2   1.9e-13   2.6e-11   38.3   0.0   353   391   497   535   394   537 0.91 seq00000002_43 # 58225 # 59928 # 1 # ID=5_43;partial=00;start_type=ATG;rbs_motif=GGA/GAG/AGG;rbs_spacer=5-10bp;gc_cont=0.322
scf00000003:419258-420607|+ -            450 759at2085            -            394   3.9e-21   70.6   4.7   1   1   3.9e-23   5.6e-21   70.1   4.7    87   392   124   442    87   444 0.82 scf00000003_312 # 419258 # 420607 # 1 # ID=4_312;partial=00;start_type=ATG;rbs_motif=None;rbs_spacer=None;gc_cont=0.323
seq00000004:53217-54218|-   -            334 759at2085            -            394     6e-06   20.6   3.2   1   3    0.0051      0.73    3.9   1.8   140   229    73   166    58   194 0.70 seq00000004_37 # 53217 # 54218 # -1 # ID=7_37;partial=00;start_type=ATG;rbs_motif=AGGA/GGAG/GAGG;rbs_spacer=11-12bp;gc_cont=0.257
seq00000004:53217-54218|-   -            334 759at2085            -            394     6e-06   20.6   3.2   2   3     0.088        13   -0.2   0.0    72   126   181   237   174   246 0.73 seq00000004_37 # 53217 # 54218 # -1 # ID=7_37;partial=00;start_type=ATG;rbs_motif=AGGA/GGAG/GAGG;rbs_spacer=11-12bp;gc_cont=0.257
seq00000004:53217-54218|-   -            334 759at2085            -            394     6e-06   20.6   3.2   3   3   2.9e-06   0.00041   14.6   0.0   353   391   286   324   255   326 0.82 seq00000004_37 # 53217 # 54218 # -1 # ID=7_37;partial=00;start_type=ATG;rbs_motif=AGGA/GGAG/GAGG;rbs_spacer=11-12bp;gc_cont=0.257
seq00000003:24781-25461|+   -            227 759at2085            -            394   0.00042   14.6   0.2   1   2   3.7e-05    0.0052   10.9   0.0   167   218    87   139    76   152 0.80 seq00000003_22 # 24781 # 25461 # 1 # ID=6_22;partial=00;start_type=ATG;rbs_motif=GGA/GAG/AGG;rbs_spacer=11-12bp;gc_cont=0.301
seq00000003:24781-25461|+   -            227 759at2085            -            394   0.00042   14.6   0.2   2   2     0.027       3.9    1.5   0.0   367   386   194   213   188   216 0.85 seq00000003_22 # 24781 # 25461 # 1 # ID=6_22;partial=00;start_type=ATG;rbs_motif=GGA/GAG/AGG;rbs_spacer=11-12bp;gc_cont=0.301
#
# Program:         hmmsearch
# Version:         3.4 (Aug 2023)
# Pipeline mode:   SEARCH
# Query file:      /home/lgef/Documentos/GitHub/Project_doctoral/IMPLEMENTACAO/Genomes/M_hyopneumoniae/MHP_ncbi_dataset/ncbi_dataset/data/strains/UFV01/Use/busco_downloads/lineages/mycoplasmatales_odb10/hmms/759at2085.hmm
# Target file:     /home/lgef/Documentos/GitHub/Project_doctoral/IMPLEMENTACAO/Genomes/M_hyopneumoniae/MHP_ncbi_dataset/ncbi_dataset/data/strains/UFV01/Use/busco_complete/prodigal_output/predicted_genes/predicted.faa
# Option settings: hmmsearch --domtblout /home/lgef/Documentos/GitHub/Project_doctoral/IMPLEMENTACAO/Genomes/M_hyopneumoniae/MHP_ncbi_dataset/ncbi_dataset/data/strains/UFV01/Use/busco_complete/run_mycoplasmatales_odb10/hmmer_output/759at2085.out --cpu 1 /home/lgef/Documentos/GitHub/Project_doctoral/IMPLEMENTACAO/Genomes/M_hyopneumoniae/MHP_ncbi_dataset/ncbi_dataset/data/strains/UFV01/Use/busco_downloads/lineages/mycoplasmatales_odb10/hmms/759at2085.hmm /home/lgef/Documentos/GitHub/Project_doctoral/IMPLEMENTACAO/Genomes/M_hyopneumoniae/MHP_ncbi_dataset/ncbi_dataset/data/strains/UFV01/Use/busco_complete/prodigal_output/predicted_genes/predicted.faa 
# Current dir:     /home/lgef/Documentos/GitHub/Project_doctoral/IMPLEMENTACAO/Genomes/M_hyopneumoniae/MHP_ncbi_dataset/ncbi_dataset/data/strains/UFV01/Use
# Date:            Thu Nov 28 19:31:06 2024
# [ok]
