#                                                                                   --- full sequence --- -------------- this domain -------------   hmm coord   ali coord   env coord
# target name               accession   tlen query name           accession   qlen   E-value  score  bias   #  of  c-Evalue  i-Evalue  score  bias  from    to  from    to  from    to  acc description of target
#       ------------------- ---------- ----- -------------------- ---------- ----- --------- ------ ----- --- --- --------- --------- ------ ----- ----- ----- ----- ----- ----- ----- ---- ---------------------
scf00000000:171250-172584|+ -            445 1064at2085           -            350  1.2e-149  493.1  20.1   1   2   3.2e-56   7.9e-55  181.3   0.3     1   110    10   119    10   153 0.89 scf00000000_131 # 171250 # 172584 # 1 # ID=1_131;partial=00;start_type=ATG;rbs_motif=GGA/GAG/AGG;rbs_spacer=11-12bp;gc_cont=0.302
scf00000000:171250-172584|+ -            445 1064at2085           -            350  1.2e-149  493.1  20.1   2   2   3.7e-96   9.1e-95  312.7  16.0   106   349   154   441   130   442 0.84 scf00000000_131 # 171250 # 172584 # 1 # ID=1_131;partial=00;start_type=ATG;rbs_motif=GGA/GAG/AGG;rbs_spacer=11-12bp;gc_cont=0.302
scf00000000:386956-389133|- -            726 1064at2085           -            350   2.5e-79  261.9   6.4   1   4   6.3e-36   1.6e-34  114.6   0.3     2   143    39   190    38   224 0.77 scf00000000_269 # 386956 # 389133 # -1 # ID=1_269;partial=00;start_type=ATG;rbs_motif=AGGA;rbs_spacer=5-10bp;gc_cont=0.308
scf00000000:386956-389133|- -            726 1064at2085           -            350   2.5e-79  261.9   6.4   2   4       2.9        71   -2.7   0.3    96   124   266   291   260   339 0.57 scf00000000_269 # 386956 # 389133 # -1 # ID=1_269;partial=00;start_type=ATG;rbs_motif=AGGA;rbs_spacer=5-10bp;gc_cont=0.308
scf00000000:386956-389133|- -            726 1064at2085           -            350   2.5e-79  261.9   6.4   3   4       6.1   1.5e+02   -3.8   5.6   116   176   344   406   311   411 0.66 scf00000000_269 # 386956 # 389133 # -1 # ID=1_269;partial=00;start_type=ATG;rbs_motif=AGGA;rbs_spacer=5-10bp;gc_cont=0.308
scf00000000:386956-389133|- -            726 1064at2085           -            350   2.5e-79  261.9   6.4   4   4   2.2e-49   5.5e-48  158.8   1.3   106   290   437   622   416   656 0.88 scf00000000_269 # 386956 # 389133 # -1 # ID=1_269;partial=00;start_type=ATG;rbs_motif=AGGA;rbs_spacer=5-10bp;gc_cont=0.308
scf00000000:217288-218826|- -            513 1064at2085           -            350   5.3e-49  162.2  16.5   1   4   5.4e-14   1.3e-12   42.5   0.1     1    98     6   108     6   121 0.84 scf00000000_160 # 217288 # 218826 # -1 # ID=1_160;partial=00;start_type=TTG;rbs_motif=AGGA;rbs_spacer=5-10bp;gc_cont=0.313
scf00000000:217288-218826|- -            513 1064at2085           -            350   5.3e-49  162.2  16.5   2   4   8.1e-20     2e-18   61.6   0.7   150   269   116   235   108   246 0.91 scf00000000_160 # 217288 # 218826 # -1 # ID=1_160;partial=00;start_type=TTG;rbs_motif=AGGA;rbs_spacer=5-10bp;gc_cont=0.313
scf00000000:217288-218826|- -            513 1064at2085           -            350   5.3e-49  162.2  16.5   3   4   4.3e-08   1.1e-06   23.1   0.2    12    72   278   340   264   371 0.80 scf00000000_160 # 217288 # 218826 # -1 # ID=1_160;partial=00;start_type=TTG;rbs_motif=AGGA;rbs_spacer=5-10bp;gc_cont=0.313
scf00000000:217288-218826|- -            513 1064at2085           -            350   5.3e-49  162.2  16.5   4   4     1e-14   2.5e-13   44.8   1.2   164   262   396   495   376   502 0.84 scf00000000_160 # 217288 # 218826 # -1 # ID=1_160;partial=00;start_type=TTG;rbs_motif=AGGA;rbs_spacer=5-10bp;gc_cont=0.313
scf00000000:371409-372569|- -            387 1064at2085           -            350   1.4e-48  160.7  15.3   1   1   9.4e-50   2.3e-48  160.1  15.3     2   286     8   303     7   366 0.77 scf00000000_258 # 371409 # 372569 # -1 # ID=1_258;partial=00;start_type=ATG;rbs_motif=GGA/GAG/AGG;rbs_spacer=11-12bp;gc_cont=0.249
scf00000000:593262-594593|+ -            444 1064at2085           -            350   1.6e-36  121.1   5.1   1   2   2.7e-12   6.7e-11   36.8   0.6     3   116    45   169    43   184 0.67 scf00000000_469 # 593262 # 594593 # 1 # ID=1_469;partial=00;start_type=ATG;rbs_motif=GGAG/GAGG;rbs_spacer=5-10bp;gc_cont=0.302
scf00000000:593262-594593|+ -            444 1064at2085           -            350   1.6e-36  121.1   5.1   2   2   2.6e-27   6.4e-26   86.3   0.3   121   266   219   368   195   372 0.80 scf00000000_469 # 593262 # 594593 # 1 # ID=1_469;partial=00;start_type=ATG;rbs_motif=GGAG/GAGG;rbs_spacer=5-10bp;gc_cont=0.302
scf00000000:331484-332407|+ -            308 1064at2085           -            350   1.1e-35  118.4   3.9   1   2   1.3e-20   3.2e-19   64.2   0.7     1   112    60   181    60   195 0.78 scf00000000_220 # 331484 # 332407 # 1 # ID=1_220;partial=00;start_type=GTG;rbs_motif=AGGAGG;rbs_spacer=5-10bp;gc_cont=0.338
scf00000000:331484-332407|+ -            308 1064at2085           -            350   1.1e-35  118.4   3.9   2   2   2.7e-18   6.7e-17   56.6   0.2   159   258   179   277   176   285 0.91 scf00000000_220 # 331484 # 332407 # 1 # ID=1_220;partial=00;start_type=GTG;rbs_motif=AGGAGG;rbs_spacer=5-10bp;gc_cont=0.338
scf00000000:465122-466024|+ -            301 1064at2085           -            350   1.9e-34  114.3   2.5   1   2   1.4e-11   3.5e-10   34.5   1.4     4    66     5    72     2   131 0.78 scf00000000_337 # 465122 # 466024 # 1 # ID=1_337;partial=00;start_type=ATG;rbs_motif=None;rbs_spacer=None;gc_cont=0.309
scf00000000:465122-466024|+ -            301 1064at2085           -            350   1.9e-34  114.3   2.5   2   2   8.2e-24     2e-22   74.8   0.0   151   259   130   238   124   283 0.87 scf00000000_337 # 465122 # 466024 # 1 # ID=1_337;partial=00;start_type=ATG;rbs_motif=None;rbs_spacer=None;gc_cont=0.309
scf00000000:726449-728401|- -            651 1064at2085           -            350   9.3e-34  112.0  10.3   1   2   5.1e-19   1.2e-17   59.0   7.0     1   122     1   123     1   125 0.85 scf00000000_567 # 726449 # 728401 # -1 # ID=1_567;partial=00;start_type=ATG;rbs_motif=GGA/GAG/AGG;rbs_spacer=5-10bp;gc_cont=0.242
scf00000000:726449-728401|- -            651 1064at2085           -            350   9.3e-34  112.0  10.3   2   2   3.9e-18   9.5e-17   56.1   0.4   146   259    99   207    93   228 0.85 scf00000000_567 # 726449 # 728401 # -1 # ID=1_567;partial=00;start_type=ATG;rbs_motif=GGA/GAG/AGG;rbs_spacer=5-10bp;gc_cont=0.242
scf00000000:464331-465149|+ -            273 1064at2085           -            350   2.2e-33  110.8   9.8   1   2   7.4e-15   1.8e-13   45.3   1.8     2   102     2   108     1   117 0.85 scf00000000_336 # 464331 # 465149 # 1 # ID=1_336;partial=00;start_type=ATG;rbs_motif=None;rbs_spacer=None;gc_cont=0.288
scf00000000:464331-465149|+ -            273 1064at2085           -            350   2.2e-33  110.8   9.8   2   2   1.4e-22   3.5e-21   70.7   2.1   153   272   112   230   106   261 0.90 scf00000000_336 # 464331 # 465149 # 1 # ID=1_336;partial=00;start_type=ATG;rbs_motif=None;rbs_spacer=None;gc_cont=0.288
scf00000000:235269-237596|+ -            776 1064at2085           -            350   1.7e-29   98.0  32.5   1   3   7.3e-08   1.8e-06   22.3   2.1     8   100    15   112     5   182 0.80 scf00000000_172 # 235269 # 237596 # 1 # ID=1_172;partial=00;start_type=ATG;rbs_motif=AGxAG;rbs_spacer=5-10bp;gc_cont=0.267
scf00000000:235269-237596|+ -            776 1064at2085           -            350   1.7e-29   98.0  32.5   2   3      0.18       4.5    1.3  11.9    62   148   409   495   394   519 0.85 scf00000000_172 # 235269 # 237596 # 1 # ID=1_172;partial=00;start_type=ATG;rbs_motif=AGxAG;rbs_spacer=5-10bp;gc_cont=0.267
scf00000000:235269-237596|+ -            776 1064at2085           -            350   1.7e-29   98.0  32.5   3   3   2.7e-27   6.7e-26   86.2   2.0   110   270   551   709   502   720 0.80 scf00000000_172 # 235269 # 237596 # 1 # ID=1_172;partial=00;start_type=ATG;rbs_motif=AGxAG;rbs_spacer=5-10bp;gc_cont=0.267
scf00000000:728491-730809|- -            773 1064at2085           -            350   2.2e-27   91.1  15.0   1   3   2.3e-17   5.8e-16   53.5   3.2     1    95     1    93     1   103 0.93 scf00000000_568 # 728491 # 730809 # -1 # ID=1_568;partial=00;start_type=ATG;rbs_motif=None;rbs_spacer=None;gc_cont=0.260
scf00000000:728491-730809|- -            773 1064at2085           -            350   2.2e-27   91.1  15.0   2   3   7.7e-15   1.9e-13   45.2   1.5   151   268   100   216    93   240 0.84 scf00000000_568 # 728491 # 730809 # -1 # ID=1_568;partial=00;start_type=ATG;rbs_motif=None;rbs_spacer=None;gc_cont=0.260
scf00000000:728491-730809|- -            773 1064at2085           -            350   2.2e-27   91.1  15.0   3   3       4.4   1.1e+02   -3.3   0.1    33    94   548   606   529   612 0.66 scf00000000_568 # 728491 # 730809 # -1 # ID=1_568;partial=00;start_type=ATG;rbs_motif=None;rbs_spacer=None;gc_cont=0.260
scf00000000:234220-235269|+ -            350 1064at2085           -            350   4.2e-27   90.1   0.1   1   2     2e-07   4.9e-06   20.9   0.1    15    69    28    85    16    92 0.84 scf00000000_171 # 234220 # 235269 # 1 # ID=1_171;partial=00;start_type=ATG;rbs_motif=AGGAGG;rbs_spacer=5-10bp;gc_cont=0.335
scf00000000:234220-235269|+ -            350 1064at2085           -            350   4.2e-27   90.1   0.1   2   2   1.6e-21     4e-20   67.2   0.0   150   271   130   254   123   262 0.91 scf00000000_171 # 234220 # 235269 # 1 # ID=1_171;partial=00;start_type=ATG;rbs_motif=AGGAGG;rbs_spacer=5-10bp;gc_cont=0.335
scf00000000:653599-655125|+ -            509 1064at2085           -            350   1.3e-26   88.5  22.5   1   4   5.4e-13   1.3e-11   39.2   1.1     2   119     8   130     7   145 0.84 scf00000000_517 # 653599 # 655125 # 1 # ID=1_517;partial=00;start_type=ATG;rbs_motif=None;rbs_spacer=None;gc_cont=0.309
scf00000000:653599-655125|+ -            509 1064at2085           -            350   1.3e-26   88.5  22.5   2   4   1.5e-07   3.6e-06   21.3   4.4   138   294    97   262    93   270 0.76 scf00000000_517 # 653599 # 655125 # 1 # ID=1_517;partial=00;start_type=ATG;rbs_motif=None;rbs_spacer=None;gc_cont=0.309
scf00000000:653599-655125|+ -            509 1064at2085           -            350   1.3e-26   88.5  22.5   3   4    0.0019     0.047    7.8   0.4    17    70   274   326   261   342 0.84 scf00000000_517 # 653599 # 655125 # 1 # ID=1_517;partial=00;start_type=ATG;rbs_motif=None;rbs_spacer=None;gc_cont=0.309
scf00000000:653599-655125|+ -            509 1064at2085           -            350   1.3e-26   88.5  22.5   4   4   4.1e-12     1e-10   36.3   0.7   150   259   376   486   363   496 0.80 scf00000000_517 # 653599 # 655125 # 1 # ID=1_517;partial=00;start_type=ATG;rbs_motif=None;rbs_spacer=None;gc_cont=0.309
scf00000000:583254-584870|- -            539 1064at2085           -            350     1e-25   85.6   5.7   1   5   1.1e-13   2.7e-12   41.5   0.1     1    64     1    64     1    77 0.90 scf00000000_460 # 583254 # 584870 # -1 # ID=1_460;partial=00;start_type=ATG;rbs_motif=AGGA;rbs_spacer=5-10bp;gc_cont=0.322
scf00000000:583254-584870|- -            539 1064at2085           -            350     1e-25   85.6   5.7   2   5      0.18       4.4    1.3   0.1   248   282    83   118    79   140 0.81 scf00000000_460 # 583254 # 584870 # -1 # ID=1_460;partial=00;start_type=ATG;rbs_motif=AGGA;rbs_spacer=5-10bp;gc_cont=0.322
scf00000000:583254-584870|- -            539 1064at2085           -            350     1e-25   85.6   5.7   3   5   2.9e-08   7.1e-07   23.6   0.0   172   260   149   233   130   260 0.82 scf00000000_460 # 583254 # 584870 # -1 # ID=1_460;partial=00;start_type=ATG;rbs_motif=AGGA;rbs_spacer=5-10bp;gc_cont=0.322
scf00000000:583254-584870|- -            539 1064at2085           -            350     1e-25   85.6   5.7   4   5     0.029      0.71    3.9   0.0    14    60   334   380   321   397 0.88 scf00000000_460 # 583254 # 584870 # -1 # ID=1_460;partial=00;start_type=ATG;rbs_motif=AGGA;rbs_spacer=5-10bp;gc_cont=0.322
scf00000000:583254-584870|- -            539 1064at2085           -            350     1e-25   85.6   5.7   5   5   3.7e-05   0.00091   13.4   0.0   173   222   442   491   399   535 0.78 scf00000000_460 # 583254 # 584870 # -1 # ID=1_460;partial=00;start_type=ATG;rbs_motif=AGGA;rbs_spacer=5-10bp;gc_cont=0.322
scf00000000:366695-368995|- -            767 1064at2085           -            350   3.5e-25   83.8  16.8   1   4   4.1e-19     1e-17   59.3   3.0     1   125     1   126     1   128 0.85 scf00000000_254 # 366695 # 368995 # -1 # ID=1_254;partial=00;start_type=ATG;rbs_motif=GGA/GAG/AGG;rbs_spacer=5-10bp;gc_cont=0.283
scf00000000:366695-368995|- -            767 1064at2085           -            350   3.5e-25   83.8  16.8   2   4     7e-12   1.7e-10   35.5   0.6   162   255   111   203    97   218 0.81 scf00000000_254 # 366695 # 368995 # -1 # ID=1_254;partial=00;start_type=ATG;rbs_motif=GGA/GAG/AGG;rbs_spacer=5-10bp;gc_cont=0.283
scf00000000:366695-368995|- -            767 1064at2085           -            350   3.5e-25   83.8  16.8   3   4      0.83        21   -0.9   0.2   220   251   234   265   226   271 0.85 scf00000000_254 # 366695 # 368995 # -1 # ID=1_254;partial=00;start_type=ATG;rbs_motif=GGA/GAG/AGG;rbs_spacer=5-10bp;gc_cont=0.283
scf00000000:366695-368995|- -            767 1064at2085           -            350   3.5e-25   83.8  16.8   4   4         2        48   -2.2   0.1    84   148   526   591   501   606 0.66 scf00000000_254 # 366695 # 368995 # -1 # ID=1_254;partial=00;start_type=ATG;rbs_motif=GGA/GAG/AGG;rbs_spacer=5-10bp;gc_cont=0.283
scf00000000:591863-593272|+ -            470 1064at2085           -            350   1.4e-23   78.5   4.2   1   3       2.5        63   -2.5   3.4    93   163    59   120    46   136 0.51 scf00000000_468 # 591863 # 593272 # 1 # ID=1_468;partial=00;start_type=ATG;rbs_motif=AGGAG/GGAGG;rbs_spacer=11-12bp;gc_cont=0.324
scf00000000:591863-593272|+ -            470 1064at2085           -            350   1.4e-23   78.5   4.2   2   3   6.4e-07   1.6e-05   19.2   0.1    14   111   140   251   126   268 0.70 scf00000000_468 # 591863 # 593272 # 1 # ID=1_468;partial=00;start_type=ATG;rbs_motif=AGGAG/GGAGG;rbs_spacer=11-12bp;gc_cont=0.324
scf00000000:591863-593272|+ -            470 1064at2085           -            350   1.4e-23   78.5   4.2   3   3   6.4e-22   1.6e-20   68.5   1.0   173   270   271   368   246   374 0.89 scf00000000_468 # 591863 # 593272 # 1 # ID=1_468;partial=00;start_type=ATG;rbs_motif=AGGAG/GGAGG;rbs_spacer=11-12bp;gc_cont=0.324
scf00000000:282018-282734|+ -            239 1064at2085           -            350   3.8e-23   77.1   4.3   1   2   1.4e-08   3.3e-07   24.7   1.2     2    64     6    69     5    79 0.88 scf00000000_199 # 282018 # 282734 # 1 # ID=1_199;partial=00;start_type=ATG;rbs_motif=AGGA;rbs_spacer=5-10bp;gc_cont=0.259
scf00000000:282018-282734|+ -            239 1064at2085           -            350   3.8e-23   77.1   4.3   2   2   1.9e-17   4.8e-16   53.8   0.1   135   262    92   218    74   233 0.87 scf00000000_199 # 282018 # 282734 # 1 # ID=1_199;partial=00;start_type=ATG;rbs_motif=AGGA;rbs_spacer=5-10bp;gc_cont=0.259
scf00000000:356721-357491|+ -            257 1064at2085           -            350     4e-22   73.8   4.0   1   2   4.9e-06   0.00012   16.3   0.4    13    64    23    73     9    87 0.71 scf00000000_242 # 356721 # 357491 # 1 # ID=1_242;partial=00;start_type=ATG;rbs_motif=None;rbs_spacer=None;gc_cont=0.268
scf00000000:356721-357491|+ -            257 1064at2085           -            350     4e-22   73.8   4.0   2   2   3.4e-19   8.5e-18   59.5   1.2    83   265    56   240    53   245 0.70 scf00000000_242 # 356721 # 357491 # 1 # ID=1_242;partial=00;start_type=ATG;rbs_motif=None;rbs_spacer=None;gc_cont=0.268
scf00000000:684097-685716|+ -            540 1064at2085           -            350   7.7e-22   72.8   5.6   1   2   4.1e-12     1e-10   36.3   0.8     1    72   336   408   336   424 0.91 scf00000000_535 # 684097 # 685716 # 1 # ID=1_535;partial=00;start_type=ATG;rbs_motif=AGGA;rbs_spacer=5-10bp;gc_cont=0.224
scf00000000:684097-685716|+ -            540 1064at2085           -            350   7.7e-22   72.8   5.6   2   2   5.2e-13   1.3e-11   39.2   0.5   130   250   417   536   407   539 0.81 scf00000000_535 # 684097 # 685716 # 1 # ID=1_535;partial=00;start_type=ATG;rbs_motif=AGGA;rbs_spacer=5-10bp;gc_cont=0.224
scf00000000:745490-747091|+ -            534 1064at2085           -            350   3.6e-21   70.6   4.9   1   2   8.4e-15   2.1e-13   45.1   0.9     1    71   324   394   324   420 0.94 scf00000000_577 # 745490 # 747091 # 1 # ID=1_577;partial=00;start_type=ATG;rbs_motif=GGAG/GAGG;rbs_spacer=5-10bp;gc_cont=0.260
scf00000000:745490-747091|+ -            534 1064at2085           -            350   3.6e-21   70.6   4.9   2   2   2.8e-09   6.8e-08   27.0   0.2   156   240   426   514   399   520 0.78 scf00000000_577 # 745490 # 747091 # 1 # ID=1_577;partial=00;start_type=ATG;rbs_motif=GGAG/GAGG;rbs_spacer=5-10bp;gc_cont=0.260
scf00000000:117246-120089|- -            948 1064at2085           -            350     2e-16   55.0   5.7   1   4    0.0031     0.076    7.1   0.1    15    42    19    46    13    54 0.90 scf00000000_95 # 117246 # 120089 # -1 # ID=1_95;partial=00;start_type=ATG;rbs_motif=None;rbs_spacer=None;gc_cont=0.335
scf00000000:117246-120089|- -            948 1064at2085           -            350     2e-16   55.0   5.7   2   4   3.7e-07   9.1e-06   20.0   0.0   154   243   468   558   445   592 0.82 scf00000000_95 # 117246 # 120089 # -1 # ID=1_95;partial=00;start_type=ATG;rbs_motif=None;rbs_spacer=None;gc_cont=0.335
scf00000000:117246-120089|- -            948 1064at2085           -            350     2e-16   55.0   5.7   3   4   3.3e-06     8e-05   16.9   0.2    14    47   625   658   618   681 0.85 scf00000000_95 # 117246 # 120089 # -1 # ID=1_95;partial=00;start_type=ATG;rbs_motif=None;rbs_spacer=None;gc_cont=0.335
scf00000000:117246-120089|- -            948 1064at2085           -            350     2e-16   55.0   5.7   4   4   0.00027    0.0067   10.5   0.0   174   250   829   906   811   935 0.76 scf00000000_95 # 117246 # 120089 # -1 # ID=1_95;partial=00;start_type=ATG;rbs_motif=None;rbs_spacer=None;gc_cont=0.335
scf00000000:682478-684088|+ -            537 1064at2085           -            350   5.5e-14   47.0   6.1   1   2   6.3e-11   1.5e-09   32.4   2.3     2   126   334   461   333   463 0.79 scf00000000_534 # 682478 # 684088 # 1 # ID=1_534;partial=00;start_type=ATG;rbs_motif=GGA/GAG/AGG;rbs_spacer=5-10bp;gc_cont=0.188
scf00000000:682478-684088|+ -            537 1064at2085           -            350   5.5e-14   47.0   6.1   2   2     2e-06   4.8e-05   17.6   1.1   148   250   434   534   398   536 0.70 scf00000000_534 # 682478 # 684088 # 1 # ID=1_534;partial=00;start_type=ATG;rbs_motif=GGA/GAG/AGG;rbs_spacer=5-10bp;gc_cont=0.188
scf00000000:743899-745506|+ -            536 1064at2085           -            350   1.2e-12   42.6  10.9   1   4       6.2   1.5e+02   -3.8   0.0   207   225    77    96    55    98 0.59 scf00000000_576 # 743899 # 745506 # 1 # ID=1_576;partial=00;start_type=ATG;rbs_motif=AGGAG;rbs_spacer=3-4bp;gc_cont=0.253
scf00000000:743899-745506|+ -            536 1064at2085           -            350   1.2e-12   42.6  10.9   2   4      0.52        13   -0.3   0.3   126   155   211   242   183   255 0.78 scf00000000_576 # 743899 # 745506 # 1 # ID=1_576;partial=00;start_type=ATG;rbs_motif=AGGAG;rbs_spacer=3-4bp;gc_cont=0.253
scf00000000:743899-745506|+ -            536 1064at2085           -            350   1.2e-12   42.6  10.9   3   4   4.4e-12   1.1e-10   36.2   1.2     2    78   327   406   326   425 0.80 scf00000000_576 # 743899 # 745506 # 1 # ID=1_576;partial=00;start_type=ATG;rbs_motif=AGGAG;rbs_spacer=3-4bp;gc_cont=0.253
scf00000000:743899-745506|+ -            536 1064at2085           -            350   1.2e-12   42.6  10.9   4   4   0.00015    0.0037   11.4   0.0   169   241   445   514   423   528 0.78 scf00000000_576 # 743899 # 745506 # 1 # ID=1_576;partial=00;start_type=ATG;rbs_motif=AGGAG;rbs_spacer=3-4bp;gc_cont=0.253
scf00000000:547332-549371|- -            680 1064at2085           -            350   7.4e-11   36.7   1.8   1   2   5.3e-06   0.00013   16.2   0.3     2    92   470   559   469   563 0.77 scf00000000_415 # 547332 # 549371 # -1 # ID=1_415;partial=00;start_type=ATG;rbs_motif=None;rbs_spacer=None;gc_cont=0.246
scf00000000:547332-549371|- -            680 1064at2085           -            350   7.4e-11   36.7   1.8   2   2   7.3e-07   1.8e-05   19.0   0.1   165   239   589   661   559   669 0.87 scf00000000_415 # 547332 # 549371 # -1 # ID=1_415;partial=00;start_type=ATG;rbs_motif=None;rbs_spacer=None;gc_cont=0.246
#
# Program:         hmmsearch
# Version:         3.4 (Aug 2023)
# Pipeline mode:   SEARCH
# Query file:      /home/bryan/Documentos/GitHub/Project_doctoral/IMPLEMENTACAO/Genomes/M_flocculare/strains/MF33/Use/busco_downloads/lineages/mycoplasmatales_odb10/hmms/1064at2085.hmm
# Target file:     /home/bryan/Documentos/GitHub/Project_doctoral/IMPLEMENTACAO/Genomes/M_flocculare/strains/MF33/Use/busco_complete/prodigal_output/predicted_genes/predicted.faa
# Option settings: hmmsearch --domtblout /home/bryan/Documentos/GitHub/Project_doctoral/IMPLEMENTACAO/Genomes/M_flocculare/strains/MF33/Use/busco_complete/run_mycoplasmatales_odb10/hmmer_output/1064at2085.out --cpu 1 /home/bryan/Documentos/GitHub/Project_doctoral/IMPLEMENTACAO/Genomes/M_flocculare/strains/MF33/Use/busco_downloads/lineages/mycoplasmatales_odb10/hmms/1064at2085.hmm /home/bryan/Documentos/GitHub/Project_doctoral/IMPLEMENTACAO/Genomes/M_flocculare/strains/MF33/Use/busco_complete/prodigal_output/predicted_genes/predicted.faa 
# Current dir:     /home/bryan/Documentos/GitHub/Project_doctoral/IMPLEMENTACAO/Genomes/M_flocculare/strains/MF33/Use
# Date:            Sun Dec  1 18:47:23 2024
# [ok]
