#                                                                                   --- full sequence --- -------------- this domain -------------   hmm coord   ali coord   env coord
# target name               accession   tlen query name           accession   qlen   E-value  score  bias   #  of  c-Evalue  i-Evalue  score  bias  from    to  from    to  from    to  acc description of target
#       ------------------- ---------- ----- -------------------- ---------- ----- --------- ------ ----- --- --- --------- --------- ------ ----- ----- ----- ----- ----- ----- ----- ---- ---------------------
scf00000000:547332-549371|- -            680 1371at2085           -            438     1e-81  269.9 102.6   1   5   3.2e-30   1.7e-28   94.5   6.0     1   103    21   133    21   136 0.93 scf00000000_415 # 547332 # 549371 # -1 # ID=1_415;partial=00;start_type=ATG;rbs_motif=None;rbs_spacer=None;gc_cont=0.246
scf00000000:547332-549371|- -            680 1371at2085           -            438     1e-81  269.9 102.6   2   5   1.1e-26   5.8e-25   82.9  33.3   102   262   158   336   145   349 0.83 scf00000000_415 # 547332 # 549371 # -1 # ID=1_415;partial=00;start_type=ATG;rbs_motif=None;rbs_spacer=None;gc_cont=0.246
scf00000000:547332-549371|- -            680 1371at2085           -            438     1e-81  269.9 102.6   3   5      0.62        33   -2.0   6.4   160   228   338   406   331   407 0.82 scf00000000_415 # 547332 # 549371 # -1 # ID=1_415;partial=00;start_type=ATG;rbs_motif=None;rbs_spacer=None;gc_cont=0.246
scf00000000:547332-549371|- -            680 1371at2085           -            438     1e-81  269.9 102.6   4   5   2.4e-09   1.3e-07   25.7  19.9   269   372   408   552   404   559 0.78 scf00000000_415 # 547332 # 549371 # -1 # ID=1_415;partial=00;start_type=ATG;rbs_motif=None;rbs_spacer=None;gc_cont=0.246
scf00000000:547332-549371|- -            680 1371at2085           -            438     1e-81  269.9 102.6   5   5   8.9e-28   4.8e-26   86.5   8.7   367   438   591   663   567   663 0.86 scf00000000_415 # 547332 # 549371 # -1 # ID=1_415;partial=00;start_type=ATG;rbs_motif=None;rbs_spacer=None;gc_cont=0.246
scf00000000:282018-282734|+ -            239 1371at2085           -            438   4.7e-10   33.8   4.6   1   2     0.013      0.69    3.6   1.5   333   373    43    89     8    95 0.84 scf00000000_199 # 282018 # 282734 # 1 # ID=1_199;partial=00;start_type=ATG;rbs_motif=AGGA;rbs_spacer=5-10bp;gc_cont=0.259
scf00000000:282018-282734|+ -            239 1371at2085           -            438   4.7e-10   33.8   4.6   2   2   8.7e-12   4.7e-10   33.8   4.6   374   435   131   194   110   196 0.81 scf00000000_199 # 282018 # 282734 # 1 # ID=1_199;partial=00;start_type=ATG;rbs_motif=AGGA;rbs_spacer=5-10bp;gc_cont=0.259
scf00000000:331484-332407|+ -            308 1371at2085           -            438   1.1e-08   29.2   1.5   1   3      0.35        19   -1.2   0.9   159   211    24    76     2    85 0.57 scf00000000_220 # 331484 # 332407 # 1 # ID=1_220;partial=00;start_type=GTG;rbs_motif=AGGAGG;rbs_spacer=5-10bp;gc_cont=0.338
scf00000000:331484-332407|+ -            308 1371at2085           -            438   1.1e-08   29.2   1.5   2   3      0.13       6.8    0.3   0.1   333   362   101   136    94   155 0.67 scf00000000_220 # 331484 # 332407 # 1 # ID=1_220;partial=00;start_type=GTG;rbs_motif=AGGAGG;rbs_spacer=5-10bp;gc_cont=0.338
scf00000000:331484-332407|+ -            308 1371at2085           -            438   1.1e-08   29.2   1.5   3   3   2.1e-10   1.1e-08   29.2   1.5   367   436   187   259   138   261 0.83 scf00000000_220 # 331484 # 332407 # 1 # ID=1_220;partial=00;start_type=GTG;rbs_motif=AGGAGG;rbs_spacer=5-10bp;gc_cont=0.338
scf00000000:217288-218826|- -            513 1371at2085           -            438   4.2e-08   27.3  24.2   1   4      0.12       6.3    0.4   0.1   334   344    44    54    41    58 0.91 scf00000000_160 # 217288 # 218826 # -1 # ID=1_160;partial=00;start_type=TTG;rbs_motif=AGGA;rbs_spacer=5-10bp;gc_cont=0.313
scf00000000:217288-218826|- -            513 1371at2085           -            438   4.2e-08   27.3  24.2   2   4   4.4e-07   2.4e-05   18.3   1.2   379   436   145   204   139   206 0.90 scf00000000_160 # 217288 # 218826 # -1 # ID=1_160;partial=00;start_type=TTG;rbs_motif=AGGA;rbs_spacer=5-10bp;gc_cont=0.313
scf00000000:217288-218826|- -            513 1371at2085           -            438   4.2e-08   27.3  24.2   3   4     0.013      0.68    3.6   6.4   275   320   357   402   326   405 0.87 scf00000000_160 # 217288 # 218826 # -1 # ID=1_160;partial=00;start_type=TTG;rbs_motif=AGGA;rbs_spacer=5-10bp;gc_cont=0.313
scf00000000:217288-218826|- -            513 1371at2085           -            438   4.2e-08   27.3  24.2   4   4     2e-06   0.00011   16.1   0.7   370   432   403   467   401   472 0.77 scf00000000_160 # 217288 # 218826 # -1 # ID=1_160;partial=00;start_type=TTG;rbs_motif=AGGA;rbs_spacer=5-10bp;gc_cont=0.313
scf00000000:356721-357491|+ -            257 1371at2085           -            438   5.5e-08   27.0   0.5   1   3       1.6        87   -3.4   9.7   137   206    53   122     1   127 0.57 scf00000000_242 # 356721 # 357491 # 1 # ID=1_242;partial=00;start_type=ATG;rbs_motif=None;rbs_spacer=None;gc_cont=0.268
scf00000000:356721-357491|+ -            257 1371at2085           -            438   5.5e-08   27.0   0.5   2   3     1e-09   5.5e-08   27.0   0.5   372   435   147   213   133   216 0.84 scf00000000_242 # 356721 # 357491 # 1 # ID=1_242;partial=00;start_type=ATG;rbs_motif=None;rbs_spacer=None;gc_cont=0.268
scf00000000:356721-357491|+ -            257 1371at2085           -            438   5.5e-08   27.0   0.5   3   3      0.14       7.6    0.1   1.4   236   275   209   248   208   250 0.87 scf00000000_242 # 356721 # 357491 # 1 # ID=1_242;partial=00;start_type=ATG;rbs_motif=None;rbs_spacer=None;gc_cont=0.268
scf00000000:745490-747091|+ -            534 1371at2085           -            438     8e-08   26.4   5.3   1   2       2.7   1.4e+02   -4.1  45.0   104   333     9   254     3   255 0.65 scf00000000_577 # 745490 # 747091 # 1 # ID=1_577;partial=00;start_type=ATG;rbs_motif=GGAG/GAGG;rbs_spacer=5-10bp;gc_cont=0.260
scf00000000:745490-747091|+ -            534 1371at2085           -            438     8e-08   26.4   5.3   2   2   1.5e-09     8e-08   26.4   5.3   374   425   450   499   433   515 0.80 scf00000000_577 # 745490 # 747091 # 1 # ID=1_577;partial=00;start_type=ATG;rbs_motif=GGAG/GAGG;rbs_spacer=5-10bp;gc_cont=0.260
scf00000000:464331-465149|+ -            273 1371at2085           -            438   2.2e-07   25.0   0.1   1   3     0.094       5.1    0.7   5.2   292   367     3    86     1    94 0.64 scf00000000_336 # 464331 # 465149 # 1 # ID=1_336;partial=00;start_type=ATG;rbs_motif=None;rbs_spacer=None;gc_cont=0.288
scf00000000:464331-465149|+ -            273 1371at2085           -            438   2.2e-07   25.0   0.1   2   3      0.53        28   -1.8   0.0   406   425   104   123   103   127 0.86 scf00000000_336 # 464331 # 465149 # 1 # ID=1_336;partial=00;start_type=ATG;rbs_motif=None;rbs_spacer=None;gc_cont=0.288
scf00000000:464331-465149|+ -            273 1371at2085           -            438   2.2e-07   25.0   0.1   3   3   4.1e-09   2.2e-07   25.0   0.1   368   436   127   198   118   200 0.87 scf00000000_336 # 464331 # 465149 # 1 # ID=1_336;partial=00;start_type=ATG;rbs_motif=None;rbs_spacer=None;gc_cont=0.288
scf00000000:171250-172584|+ -            445 1371at2085           -            438   1.2e-06   22.5   6.9   1   3    0.0064      0.34    4.6   0.0   333   358    47    78    26    91 0.86 scf00000000_131 # 171250 # 172584 # 1 # ID=1_131;partial=00;start_type=ATG;rbs_motif=GGA/GAG/AGG;rbs_spacer=11-12bp;gc_cont=0.302
scf00000000:171250-172584|+ -            445 1371at2085           -            438   1.2e-06   22.5   6.9   2   3   7.4e-08     4e-06   20.8   0.9   376   436   229   292   187   293 0.83 scf00000000_131 # 171250 # 172584 # 1 # ID=1_131;partial=00;start_type=ATG;rbs_motif=GGA/GAG/AGG;rbs_spacer=11-12bp;gc_cont=0.302
scf00000000:171250-172584|+ -            445 1371at2085           -            438   1.2e-06   22.5   6.9   3   3       1.7        94   -3.5   0.2   163   187   390   414   383   427 0.51 scf00000000_131 # 171250 # 172584 # 1 # ID=1_131;partial=00;start_type=ATG;rbs_motif=GGA/GAG/AGG;rbs_spacer=11-12bp;gc_cont=0.302
scf00000000:743899-745506|+ -            536 1371at2085           -            438   2.3e-06   21.6   4.3   1   4       1.3        71   -3.1  39.1   102   317    13   241     2   242 0.59 scf00000000_576 # 743899 # 745506 # 1 # ID=1_576;partial=00;start_type=ATG;rbs_motif=AGGAG;rbs_spacer=3-4bp;gc_cont=0.253
scf00000000:743899-745506|+ -            536 1371at2085           -            438   2.3e-06   21.6   4.3   2   4       8.3   4.5e+02   -5.7  21.2   170   271   213   307   192   310 0.75 scf00000000_576 # 743899 # 745506 # 1 # ID=1_576;partial=00;start_type=ATG;rbs_motif=AGGAG;rbs_spacer=3-4bp;gc_cont=0.253
scf00000000:743899-745506|+ -            536 1371at2085           -            438   2.3e-06   21.6   4.3   3   4       0.1       5.6    0.6  12.7   333   375   363   415   316   422 0.69 scf00000000_576 # 743899 # 745506 # 1 # ID=1_576;partial=00;start_type=ATG;rbs_motif=AGGAG;rbs_spacer=3-4bp;gc_cont=0.253
scf00000000:743899-745506|+ -            536 1371at2085           -            438   2.3e-06   21.6   4.3   4   4   4.2e-08   2.3e-06   21.6   4.3   373   435   449   511   416   513 0.77 scf00000000_576 # 743899 # 745506 # 1 # ID=1_576;partial=00;start_type=ATG;rbs_motif=AGGAG;rbs_spacer=3-4bp;gc_cont=0.253
scf00000000:684097-685716|+ -            540 1371at2085           -            438   7.1e-06   20.0   5.1   1   1   1.3e-07   7.1e-06   20.0   5.1   367   434   455   522   445   526 0.77 scf00000000_535 # 684097 # 685716 # 1 # ID=1_535;partial=00;start_type=ATG;rbs_motif=AGGA;rbs_spacer=5-10bp;gc_cont=0.224
scf00000000:234220-235269|+ -            350 1371at2085           -            438    0.0011   12.8   0.1   1   1   3.1e-05    0.0017   12.2   0.1   358   436   141   222   131   224 0.81 scf00000000_171 # 234220 # 235269 # 1 # ID=1_171;partial=00;start_type=ATG;rbs_motif=AGGAGG;rbs_spacer=5-10bp;gc_cont=0.335
#
# Program:         hmmsearch
# Version:         3.4 (Aug 2023)
# Pipeline mode:   SEARCH
# Query file:      /home/bryan/Documentos/GitHub/Project_doctoral/IMPLEMENTACAO/Genomes/M_flocculare/strains/MF33/Use/busco_downloads/lineages/mycoplasmatales_odb10/hmms/1371at2085.hmm
# Target file:     /home/bryan/Documentos/GitHub/Project_doctoral/IMPLEMENTACAO/Genomes/M_flocculare/strains/MF33/Use/busco_complete/prodigal_output/predicted_genes/predicted.faa
# Option settings: hmmsearch --domtblout /home/bryan/Documentos/GitHub/Project_doctoral/IMPLEMENTACAO/Genomes/M_flocculare/strains/MF33/Use/busco_complete/run_mycoplasmatales_odb10/hmmer_output/1371at2085.out --cpu 1 /home/bryan/Documentos/GitHub/Project_doctoral/IMPLEMENTACAO/Genomes/M_flocculare/strains/MF33/Use/busco_downloads/lineages/mycoplasmatales_odb10/hmms/1371at2085.hmm /home/bryan/Documentos/GitHub/Project_doctoral/IMPLEMENTACAO/Genomes/M_flocculare/strains/MF33/Use/busco_complete/prodigal_output/predicted_genes/predicted.faa 
# Current dir:     /home/bryan/Documentos/GitHub/Project_doctoral/IMPLEMENTACAO/Genomes/M_flocculare/strains/MF33/Use
# Date:            Sun Dec  1 18:47:24 2024
# [ok]
