#                                                                                   --- full sequence --- -------------- this domain -------------   hmm coord   ali coord   env coord
# target name               accession   tlen query name           accession   qlen   E-value  score  bias   #  of  c-Evalue  i-Evalue  score  bias  from    to  from    to  from    to  acc description of target
#       ------------------- ---------- ----- -------------------- ---------- ----- --------- ------ ----- --- --- --------- --------- ------ ----- ----- ----- ----- ----- ----- ----- ---- ---------------------
scf00000000:193454-196072|+ -            873 147at2085            -            460  5.6e-199  656.6  18.6   1   4   1.9e-07   3.6e-05   17.7   0.7     2    33   278   309   277   319 0.92 scf00000000_149 # 193454 # 196072 # 1 # ID=1_149;partial=00;start_type=ATG;rbs_motif=GGAG/GAGG;rbs_spacer=5-10bp;gc_cont=0.343
scf00000000:193454-196072|+ -            873 147at2085            -            460  5.6e-199  656.6  18.6   2   4     2e-17   3.9e-15   50.6   0.7    36    95   342   409   311   412 0.78 scf00000000_149 # 193454 # 196072 # 1 # ID=1_149;partial=00;start_type=ATG;rbs_motif=GGAG/GAGG;rbs_spacer=5-10bp;gc_cont=0.343
scf00000000:193454-196072|+ -            873 147at2085            -            460  5.6e-199  656.6  18.6   3   4  3.5e-110  6.9e-108  356.3   0.4    96   300   448   659   438   666 0.95 scf00000000_149 # 193454 # 196072 # 1 # ID=1_149;partial=00;start_type=ATG;rbs_motif=GGAG/GAGG;rbs_spacer=5-10bp;gc_cont=0.343
scf00000000:193454-196072|+ -            873 147at2085            -            460  5.6e-199  656.6  18.6   4   4     8e-76   1.6e-73  243.1   0.4   301   460   697   871   692   871 0.95 scf00000000_149 # 193454 # 196072 # 1 # ID=1_149;partial=00;start_type=ATG;rbs_motif=GGAG/GAGG;rbs_spacer=5-10bp;gc_cont=0.343
scf00000000:501494-502459|- -            322 147at2085            -            460   5.6e-06   20.4   4.2   1   3     1e-06    0.0002   15.2   0.0   100   125    42    67    36    84 0.86 scf00000000_366 # 501494 # 502459 # -1 # ID=1_366;partial=00;start_type=ATG;rbs_motif=None;rbs_spacer=None;gc_cont=0.304
scf00000000:501494-502459|- -            322 147at2085            -            460   5.6e-06   20.4   4.2   2   3    0.0011      0.22    5.2   1.3   207   261   133   188    81   259 0.73 scf00000000_366 # 501494 # 502459 # -1 # ID=1_366;partial=00;start_type=ATG;rbs_motif=None;rbs_spacer=None;gc_cont=0.304
scf00000000:501494-502459|- -            322 147at2085            -            460   5.6e-06   20.4   4.2   3   3     0.087        17   -1.0   0.0     8    64   205   261   198   287 0.71 scf00000000_366 # 501494 # 502459 # -1 # ID=1_366;partial=00;start_type=ATG;rbs_motif=None;rbs_spacer=None;gc_cont=0.304
scf00000000:593262-594593|+ -            444 147at2085            -            460     7e-05   16.7   0.1   1   1   9.6e-07   0.00019   15.3   0.1    79   134    52   110    41   132 0.85 scf00000000_469 # 593262 # 594593 # 1 # ID=1_469;partial=00;start_type=ATG;rbs_motif=GGAG/GAGG;rbs_spacer=5-10bp;gc_cont=0.302
#
# Program:         hmmsearch
# Version:         3.4 (Aug 2023)
# Pipeline mode:   SEARCH
# Query file:      /home/bryan/Documentos/GitHub/Project_doctoral/IMPLEMENTACAO/Genomes/M_flocculare/strains/MF33/Use/busco_downloads/lineages/mycoplasmatales_odb10/hmms/147at2085.hmm
# Target file:     /home/bryan/Documentos/GitHub/Project_doctoral/IMPLEMENTACAO/Genomes/M_flocculare/strains/MF33/Use/busco_complete/prodigal_output/predicted_genes/predicted.faa
# Option settings: hmmsearch --domtblout /home/bryan/Documentos/GitHub/Project_doctoral/IMPLEMENTACAO/Genomes/M_flocculare/strains/MF33/Use/busco_complete/run_mycoplasmatales_odb10/hmmer_output/147at2085.out --cpu 1 /home/bryan/Documentos/GitHub/Project_doctoral/IMPLEMENTACAO/Genomes/M_flocculare/strains/MF33/Use/busco_downloads/lineages/mycoplasmatales_odb10/hmms/147at2085.hmm /home/bryan/Documentos/GitHub/Project_doctoral/IMPLEMENTACAO/Genomes/M_flocculare/strains/MF33/Use/busco_complete/prodigal_output/predicted_genes/predicted.faa 
# Current dir:     /home/bryan/Documentos/GitHub/Project_doctoral/IMPLEMENTACAO/Genomes/M_flocculare/strains/MF33/Use
# Date:            Sun Dec  1 18:47:24 2024
# [ok]
