#                                                                                       --- full sequence --- -------------- this domain -------------   hmm coord   ali coord   env coord
# target name                   accession   tlen query name           accession   qlen   E-value  score  bias   #  of  c-Evalue  i-Evalue  score  bias  from    to  from    to  from    to  acc description of target
#           ------------------- ---------- ----- -------------------- ---------- ----- --------- ------ ----- --- --- --------- --------- ------ ----- ----- ----- ----- ----- ----- ----- ---- ---------------------
NZ_WTQC01000003.1:59094-60395|+ -            434 1140at2085           -            348  2.3e-118  390.3  10.9   1   1  4.1e-120  4.7e-118  389.3  10.9     1   346     5   429     5   431 0.85 NZ_WTQC01000003.1_50 # 59094 # 60395 # 1 # ID=13_50;partial=00;start_type=ATG;rbs_motif=None;rbs_spacer=None;gc_cont=0.293
NZ_WTQC01000007.1:12242-13570|- -            443 1140at2085           -            348   1.3e-22   75.5   4.8   1   1   3.7e-24   4.3e-22   73.7   4.8   130   303   217   391   210   399 0.78 NZ_WTQC01000007.1_11 # 12242 # 13570 # -1 # ID=17_11;partial=00;start_type=TTG;rbs_motif=AGGAG;rbs_spacer=5-10bp;gc_cont=0.316
NZ_WTQC01000001.1:55943-56824|- -            294 1140at2085           -            348     8e-13   43.3   3.0   1   1   1.4e-14   1.6e-12   42.2   2.2     1   103     9   124     9   137 0.73 NZ_WTQC01000001.1_57 # 55943 # 56824 # -1 # ID=1_57;partial=00;start_type=ATG;rbs_motif=None;rbs_spacer=None;gc_cont=0.291
NZ_WTQC01000003.1:78966-79757|+ -            264 1140at2085           -            348   1.1e-09   33.0   6.2   1   2   0.00064     0.075    7.2   3.1   203   277    15   102     3   110 0.67 NZ_WTQC01000003.1_66 # 78966 # 79757 # 1 # ID=13_66;partial=00;start_type=ATG;rbs_motif=GGA/GAG/AGG;rbs_spacer=3-4bp;gc_cont=0.268
NZ_WTQC01000003.1:78966-79757|+ -            264 1140at2085           -            348   1.1e-09   33.0   6.2   2   2   7.8e-10   9.1e-08   26.6   0.1     3    60   115   173   113   191 0.85 NZ_WTQC01000003.1_66 # 78966 # 79757 # 1 # ID=13_66;partial=00;start_type=ATG;rbs_motif=GGA/GAG/AGG;rbs_spacer=3-4bp;gc_cont=0.268
NZ_WTQC01000004.1:10706-11302|- -            199 1140at2085           -            348   1.4e-07   26.0   3.0   1   1   1.7e-08     2e-06   22.2   3.0   131   270    39   194    32   198 0.45 NZ_WTQC01000004.1_2 # 10706 # 11302 # -1 # ID=14_2;partial=00;start_type=ATG;rbs_motif=None;rbs_spacer=None;gc_cont=0.295
NZ_WTQC01000001.1:52764-53621|- -            286 1140at2085           -            348   0.00057   14.1   0.7   1   2    0.0077       0.9    3.6   1.2   181   237    61   120    43   156 0.68 NZ_WTQC01000001.1_53 # 52764 # 53621 # -1 # ID=1_53;partial=00;start_type=ATG;rbs_motif=None;rbs_spacer=None;gc_cont=0.287
NZ_WTQC01000001.1:52764-53621|- -            286 1140at2085           -            348   0.00057   14.1   0.7   2   2   4.9e-06   0.00057   14.1   0.7     3    62   157   224   155   233 0.71 NZ_WTQC01000001.1_53 # 52764 # 53621 # -1 # ID=1_53;partial=00;start_type=ATG;rbs_motif=None;rbs_spacer=None;gc_cont=0.287
#
# Program:         hmmsearch
# Version:         3.4 (Aug 2023)
# Pipeline mode:   SEARCH
# Query file:      /home/lgef/Documentos/GitHub/Project_doctoral/IMPLEMENTACAO/Genomes/M_hyopneumoniae/MHP_ncbi_dataset/ncbi_dataset/data/strains/98/Use/busco_downloads/lineages/mycoplasmatales_odb10/hmms/1140at2085.hmm
# Target file:     /home/lgef/Documentos/GitHub/Project_doctoral/IMPLEMENTACAO/Genomes/M_hyopneumoniae/MHP_ncbi_dataset/ncbi_dataset/data/strains/98/Use/busco_draft/prodigal_output/predicted_genes/predicted.faa
# Option settings: hmmsearch --domtblout /home/lgef/Documentos/GitHub/Project_doctoral/IMPLEMENTACAO/Genomes/M_hyopneumoniae/MHP_ncbi_dataset/ncbi_dataset/data/strains/98/Use/busco_draft/run_mycoplasmatales_odb10/hmmer_output/1140at2085.out --cpu 1 /home/lgef/Documentos/GitHub/Project_doctoral/IMPLEMENTACAO/Genomes/M_hyopneumoniae/MHP_ncbi_dataset/ncbi_dataset/data/strains/98/Use/busco_downloads/lineages/mycoplasmatales_odb10/hmms/1140at2085.hmm /home/lgef/Documentos/GitHub/Project_doctoral/IMPLEMENTACAO/Genomes/M_hyopneumoniae/MHP_ncbi_dataset/ncbi_dataset/data/strains/98/Use/busco_draft/prodigal_output/predicted_genes/predicted.faa 
# Current dir:     /home/lgef/Documentos/GitHub/Project_doctoral/IMPLEMENTACAO/Genomes/M_hyopneumoniae/MHP_ncbi_dataset/ncbi_dataset/data/strains/98/Use
# Date:            Thu Nov 28 19:31:58 2024
# [ok]
