#                                                                                         --- full sequence --- -------------- this domain -------------   hmm coord   ali coord   env coord
# target name                     accession   tlen query name           accession   qlen   E-value  score  bias   #  of  c-Evalue  i-Evalue  score  bias  from    to  from    to  from    to  acc description of target
#             ------------------- ---------- ----- -------------------- ---------- ----- --------- ------ ----- --- --- --------- --------- ------ ----- ----- ----- ----- ----- ----- ----- ---- ---------------------
NZ_WTQC01000003.1:64084-66168|-   -            695 148at2085            -            586         0 1036.6  12.7   1   2  5.8e-114    1e-111  369.5   3.0     1   181    11   193    11   218 0.94 NZ_WTQC01000003.1_55 # 64084 # 66168 # -1 # ID=13_55;partial=00;start_type=ATG;rbs_motif=AGGA;rbs_spacer=5-10bp;gc_cont=0.373
NZ_WTQC01000003.1:64084-66168|-   -            695 148at2085            -            586         0 1036.6  12.7   2   2  5.1e-205  8.9e-203  670.2   2.4   174   579   221   671   209   688 0.89 NZ_WTQC01000003.1_55 # 64084 # 66168 # -1 # ID=13_55;partial=00;start_type=ATG;rbs_motif=AGGA;rbs_spacer=5-10bp;gc_cont=0.373
NZ_WTQC01000003.1:60953-62749|+   -            599 148at2085            -            586     9e-42  138.6   0.2   1   3   2.7e-30   4.7e-28   93.3   0.1     1   150     7   153     7   164 0.92 NZ_WTQC01000003.1_53 # 60953 # 62749 # 1 # ID=13_53;partial=00;start_type=ATG;rbs_motif=None;rbs_spacer=None;gc_cont=0.341
NZ_WTQC01000003.1:60953-62749|+   -            599 148at2085            -            586     9e-42  138.6   0.2   2   3   1.5e-13   2.7e-11   37.9   0.0   218   415   163   375   154   381 0.75 NZ_WTQC01000003.1_53 # 60953 # 62749 # 1 # ID=13_53;partial=00;start_type=ATG;rbs_motif=None;rbs_spacer=None;gc_cont=0.341
NZ_WTQC01000003.1:60953-62749|+   -            599 148at2085            -            586     9e-42  138.6   0.2   3   3    0.0031      0.54    3.9   0.0   521   547   402   428   395   478 0.65 NZ_WTQC01000003.1_53 # 60953 # 62749 # 1 # ID=13_53;partial=00;start_type=ATG;rbs_motif=None;rbs_spacer=None;gc_cont=0.341
NZ_WTQC01000002.1:80640-82439|+   -            600 148at2085            -            586   4.5e-18   60.3   0.9   1   2   2.6e-20   4.5e-18   60.3   0.9    31   135   120   230   115   244 0.82 NZ_WTQC01000002.1_57 # 80640 # 82439 # 1 # ID=12_57;partial=00;start_type=ATG;rbs_motif=GGAG/GAGG;rbs_spacer=5-10bp;gc_cont=0.351
NZ_WTQC01000002.1:80640-82439|+   -            600 148at2085            -            586   4.5e-18   60.3   0.9   2   2      0.41        72   -3.1   0.1    44    70   378   404   368   457 0.69 NZ_WTQC01000002.1_57 # 80640 # 82439 # 1 # ID=12_57;partial=00;start_type=ATG;rbs_motif=GGAG/GAGG;rbs_spacer=5-10bp;gc_cont=0.351
NZ_WTQC01000002.1:148974-149861|+ -            296 148at2085            -            586   7.9e-16   52.9   0.3   1   2     1e-17   1.8e-15   51.7   0.2     2   130    20   147    19   168 0.90 NZ_WTQC01000002.1_113 # 148974 # 149861 # 1 # ID=12_113;partial=01;start_type=ATG;rbs_motif=AGGA;rbs_spacer=5-10bp;gc_cont=0.404
NZ_WTQC01000002.1:148974-149861|+ -            296 148at2085            -            586   7.9e-16   52.9   0.3   2   2      0.13        23   -1.5   0.0   221   239   196   214   176   286 0.61 NZ_WTQC01000002.1_113 # 148974 # 149861 # 1 # ID=12_113;partial=01;start_type=ATG;rbs_motif=AGGA;rbs_spacer=5-10bp;gc_cont=0.404
#
# Program:         hmmsearch
# Version:         3.4 (Aug 2023)
# Pipeline mode:   SEARCH
# Query file:      /home/lgef/Documentos/GitHub/Project_doctoral/IMPLEMENTACAO/Genomes/M_hyopneumoniae/MHP_ncbi_dataset/ncbi_dataset/data/strains/98/Use/busco_downloads/lineages/mycoplasmatales_odb10/hmms/148at2085.hmm
# Target file:     /home/lgef/Documentos/GitHub/Project_doctoral/IMPLEMENTACAO/Genomes/M_hyopneumoniae/MHP_ncbi_dataset/ncbi_dataset/data/strains/98/Use/busco_draft/prodigal_output/predicted_genes/predicted.faa
# Option settings: hmmsearch --domtblout /home/lgef/Documentos/GitHub/Project_doctoral/IMPLEMENTACAO/Genomes/M_hyopneumoniae/MHP_ncbi_dataset/ncbi_dataset/data/strains/98/Use/busco_draft/run_mycoplasmatales_odb10/hmmer_output/148at2085.out --cpu 1 /home/lgef/Documentos/GitHub/Project_doctoral/IMPLEMENTACAO/Genomes/M_hyopneumoniae/MHP_ncbi_dataset/ncbi_dataset/data/strains/98/Use/busco_downloads/lineages/mycoplasmatales_odb10/hmms/148at2085.hmm /home/lgef/Documentos/GitHub/Project_doctoral/IMPLEMENTACAO/Genomes/M_hyopneumoniae/MHP_ncbi_dataset/ncbi_dataset/data/strains/98/Use/busco_draft/prodigal_output/predicted_genes/predicted.faa 
# Current dir:     /home/lgef/Documentos/GitHub/Project_doctoral/IMPLEMENTACAO/Genomes/M_hyopneumoniae/MHP_ncbi_dataset/ncbi_dataset/data/strains/98/Use
# Date:            Thu Nov 28 19:31:59 2024
# [ok]
