#                                                                                       --- full sequence --- -------------- this domain -------------   hmm coord   ali coord   env coord
# target name                   accession   tlen query name           accession   qlen   E-value  score  bias   #  of  c-Evalue  i-Evalue  score  bias  from    to  from    to  from    to  acc description of target
#           ------------------- ---------- ----- -------------------- ---------- ----- --------- ------ ----- --- --- --------- --------- ------ ----- ----- ----- ----- ----- ----- ----- ---- ---------------------
NZ_WTQC01000018.1:2141-3244|-   -            368 1683at2085           -            284    9e-104  342.1  14.5   1   3   2.3e-71   2.7e-69  229.0   2.1     1   162     1   168     1   175 0.94 NZ_WTQC01000018.1_3 # 2141 # 3244 # -1 # ID=10_3;partial=00;start_type=ATG;rbs_motif=None;rbs_spacer=None;gc_cont=0.301
NZ_WTQC01000018.1:2141-3244|-   -            368 1683at2085           -            284    9e-104  342.1  14.5   2   3     8e-08   9.3e-06   20.5   0.2   155   187   182   214   167   222 0.82 NZ_WTQC01000018.1_3 # 2141 # 3244 # -1 # ID=10_3;partial=00;start_type=ATG;rbs_motif=None;rbs_spacer=None;gc_cont=0.301
NZ_WTQC01000018.1:2141-3244|-   -            368 1683at2085           -            284    9e-104  342.1  14.5   3   3   7.4e-32   8.6e-30   99.4   1.5   185   284   238   365   222   365 0.75 NZ_WTQC01000018.1_3 # 2141 # 3244 # -1 # ID=10_3;partial=00;start_type=ATG;rbs_motif=None;rbs_spacer=None;gc_cont=0.301
NZ_WTQC01000003.1:21670-22929|+ -            420 1683at2085           -            284   1.4e-16   56.0   5.1   1   1   2.1e-17   2.4e-15   51.9   4.3     4   132   158   273   155   322 0.83 NZ_WTQC01000003.1_18 # 21670 # 22929 # 1 # ID=13_18;partial=00;start_type=ATG;rbs_motif=AGGA;rbs_spacer=5-10bp;gc_cont=0.309
NZ_WTQC01000003.1:59094-60395|+ -            434 1683at2085           -            284   3.9e-07   25.0   2.9   1   3     2e-05    0.0024   12.6   0.1     2    25     2    25     1    32 0.84 NZ_WTQC01000003.1_50 # 59094 # 60395 # 1 # ID=13_50;partial=00;start_type=ATG;rbs_motif=None;rbs_spacer=None;gc_cont=0.293
NZ_WTQC01000003.1:59094-60395|+ -            434 1683at2085           -            284   3.9e-07   25.0   2.9   2   3   0.00037     0.043    8.5   0.0     3    23   171   191   169   253 0.80 NZ_WTQC01000003.1_50 # 59094 # 60395 # 1 # ID=13_50;partial=00;start_type=ATG;rbs_motif=None;rbs_spacer=None;gc_cont=0.293
NZ_WTQC01000003.1:59094-60395|+ -            434 1683at2085           -            284   3.9e-07   25.0   2.9   3   3     0.041       4.8    1.8   0.1    27    80   273   329   269   358 0.70 NZ_WTQC01000003.1_50 # 59094 # 60395 # 1 # ID=13_50;partial=00;start_type=ATG;rbs_motif=None;rbs_spacer=None;gc_cont=0.293
NZ_WTQC01000007.1:12242-13570|- -            443 1683at2085           -            284   3.1e-06   22.1   2.3   1   1   1.3e-06   0.00015   16.6   2.3     3   105   217   309   215   385 0.82 NZ_WTQC01000007.1_11 # 12242 # 13570 # -1 # ID=17_11;partial=00;start_type=TTG;rbs_motif=AGGAG;rbs_spacer=5-10bp;gc_cont=0.316
NZ_WTQC01000001.1:55943-56824|- -            294 1683at2085           -            284   1.5e-05   19.8   0.1   1   1     3e-07   3.5e-05   18.6   0.1     5    26     9    30     6    54 0.85 NZ_WTQC01000001.1_57 # 55943 # 56824 # -1 # ID=1_57;partial=00;start_type=ATG;rbs_motif=None;rbs_spacer=None;gc_cont=0.291
NZ_WTQC01000003.1:78966-79757|+ -            264 1683at2085           -            284   6.1e-05   17.8   0.1   1   4      0.17        20   -0.3   0.8    81   149    31   102     8   107 0.58 NZ_WTQC01000003.1_66 # 78966 # 79757 # 1 # ID=13_66;partial=00;start_type=ATG;rbs_motif=GGA/GAG/AGG;rbs_spacer=3-4bp;gc_cont=0.268
NZ_WTQC01000003.1:78966-79757|+ -            264 1683at2085           -            284   6.1e-05   17.8   0.1   2   4   5.2e-07   6.1e-05   17.8   0.1     2    27   110   135   109   152 0.87 NZ_WTQC01000003.1_66 # 78966 # 79757 # 1 # ID=13_66;partial=00;start_type=ATG;rbs_motif=GGA/GAG/AGG;rbs_spacer=3-4bp;gc_cont=0.268
NZ_WTQC01000003.1:78966-79757|+ -            264 1683at2085           -            284   6.1e-05   17.8   0.1   3   4         1   1.2e+02   -2.8   0.0    56    72   148   164   139   170 0.80 NZ_WTQC01000003.1_66 # 78966 # 79757 # 1 # ID=13_66;partial=00;start_type=ATG;rbs_motif=GGA/GAG/AGG;rbs_spacer=3-4bp;gc_cont=0.268
NZ_WTQC01000003.1:78966-79757|+ -            264 1683at2085           -            284   6.1e-05   17.8   0.1   4   4      0.48        56   -1.7   0.1    16    56   191   233   173   243 0.50 NZ_WTQC01000003.1_66 # 78966 # 79757 # 1 # ID=13_66;partial=00;start_type=ATG;rbs_motif=GGA/GAG/AGG;rbs_spacer=3-4bp;gc_cont=0.268
#
# Program:         hmmsearch
# Version:         3.4 (Aug 2023)
# Pipeline mode:   SEARCH
# Query file:      /home/lgef/Documentos/GitHub/Project_doctoral/IMPLEMENTACAO/Genomes/M_hyopneumoniae/MHP_ncbi_dataset/ncbi_dataset/data/strains/98/Use/busco_downloads/lineages/mycoplasmatales_odb10/hmms/1683at2085.hmm
# Target file:     /home/lgef/Documentos/GitHub/Project_doctoral/IMPLEMENTACAO/Genomes/M_hyopneumoniae/MHP_ncbi_dataset/ncbi_dataset/data/strains/98/Use/busco_draft/prodigal_output/predicted_genes/predicted.faa
# Option settings: hmmsearch --domtblout /home/lgef/Documentos/GitHub/Project_doctoral/IMPLEMENTACAO/Genomes/M_hyopneumoniae/MHP_ncbi_dataset/ncbi_dataset/data/strains/98/Use/busco_draft/run_mycoplasmatales_odb10/hmmer_output/1683at2085.out --cpu 1 /home/lgef/Documentos/GitHub/Project_doctoral/IMPLEMENTACAO/Genomes/M_hyopneumoniae/MHP_ncbi_dataset/ncbi_dataset/data/strains/98/Use/busco_downloads/lineages/mycoplasmatales_odb10/hmms/1683at2085.hmm /home/lgef/Documentos/GitHub/Project_doctoral/IMPLEMENTACAO/Genomes/M_hyopneumoniae/MHP_ncbi_dataset/ncbi_dataset/data/strains/98/Use/busco_draft/prodigal_output/predicted_genes/predicted.faa 
# Current dir:     /home/lgef/Documentos/GitHub/Project_doctoral/IMPLEMENTACAO/Genomes/M_hyopneumoniae/MHP_ncbi_dataset/ncbi_dataset/data/strains/98/Use
# Date:            Thu Nov 28 19:31:59 2024
# [ok]
