#                                                                                       --- full sequence --- -------------- this domain -------------   hmm coord   ali coord   env coord
# target name                   accession   tlen query name           accession   qlen   E-value  score  bias   #  of  c-Evalue  i-Evalue  score  bias  from    to  from    to  from    to  acc description of target
#           ------------------- ---------- ----- -------------------- ---------- ----- --------- ------ ----- --- --- --------- --------- ------ ----- ----- ----- ----- ----- ----- ----- ---- ---------------------
NZ_WTQC01000001.1:69852-71066|- -            405 1830at2085           -            299    7e-101  332.7  30.8   1   3   2.5e-38   4.3e-36  120.0  10.2     1   129    10   157    10   160 0.84 NZ_WTQC01000001.1_74 # 69852 # 71066 # -1 # ID=1_74;partial=00;start_type=ATG;rbs_motif=None;rbs_spacer=None;gc_cont=0.262
NZ_WTQC01000001.1:69852-71066|- -            405 1830at2085           -            299    7e-101  332.7  30.8   2   3   2.4e-65   4.2e-63  208.7   6.4   114   296   157   345   152   348 0.87 NZ_WTQC01000001.1_74 # 69852 # 71066 # -1 # ID=1_74;partial=00;start_type=ATG;rbs_motif=None;rbs_spacer=None;gc_cont=0.262
NZ_WTQC01000001.1:69852-71066|- -            405 1830at2085           -            299    7e-101  332.7  30.8   3   3   3.4e-06    0.0006   14.5   2.0   244   295   347   399   340   402 0.87 NZ_WTQC01000001.1_74 # 69852 # 71066 # -1 # ID=1_74;partial=00;start_type=ATG;rbs_motif=None;rbs_spacer=None;gc_cont=0.262
NZ_WTQC01000005.1:50086-51627|+ -            514 1830at2085           -            299   6.6e-09   30.8   5.7   1   3   0.00082      0.14    6.7   0.3     2    99     5   110     4   133 0.79 NZ_WTQC01000005.1_42 # 50086 # 51627 # 1 # ID=15_42;partial=00;start_type=ATG;rbs_motif=GGA/GAG/AGG;rbs_spacer=5-10bp;gc_cont=0.274
NZ_WTQC01000005.1:50086-51627|+ -            514 1830at2085           -            299   6.6e-09   30.8   5.7   2   3   1.3e-09   2.3e-07   25.7   0.1   193   259   294   361   282   383 0.81 NZ_WTQC01000005.1_42 # 50086 # 51627 # 1 # ID=15_42;partial=00;start_type=ATG;rbs_motif=GGA/GAG/AGG;rbs_spacer=5-10bp;gc_cont=0.274
NZ_WTQC01000005.1:50086-51627|+ -            514 1830at2085           -            299   6.6e-09   30.8   5.7   3   3      0.19        32   -1.0   0.1    67   100   405   442   393   451 0.62 NZ_WTQC01000005.1_42 # 50086 # 51627 # 1 # ID=15_42;partial=00;start_type=ATG;rbs_motif=GGA/GAG/AGG;rbs_spacer=5-10bp;gc_cont=0.274
NZ_WTQC01000001.1:76755-79127|- -            791 1830at2085           -            299   2.6e-06   22.3   0.3   1   2   4.6e-08     8e-06   20.6   0.0   191   236   548   594   504   626 0.85 NZ_WTQC01000001.1_80 # 76755 # 79127 # -1 # ID=1_80;partial=00;start_type=ATG;rbs_motif=GGA/GAG/AGG;rbs_spacer=5-10bp;gc_cont=0.308
NZ_WTQC01000001.1:76755-79127|- -            791 1830at2085           -            299   2.6e-06   22.3   0.3   2   2      0.63   1.1e+02   -2.8   0.1   106   136   698   728   647   731 0.64 NZ_WTQC01000001.1_80 # 76755 # 79127 # -1 # ID=1_80;partial=00;start_type=ATG;rbs_motif=GGA/GAG/AGG;rbs_spacer=5-10bp;gc_cont=0.308
NZ_WTQC01000003.1:5367-8027|-   -            887 1830at2085           -            299   1.2e-05   20.0   0.2   1   4     0.053       9.3    0.7   0.0    12    38    65    91    57   175 0.67 NZ_WTQC01000003.1_8 # 5367 # 8027 # -1 # ID=13_8;partial=00;start_type=ATG;rbs_motif=AGGA;rbs_spacer=5-10bp;gc_cont=0.307
NZ_WTQC01000003.1:5367-8027|-   -            887 1830at2085           -            299   1.2e-05   20.0   0.2   2   4      0.27        47   -1.6   0.1   144   174   365   395   342   398 0.81 NZ_WTQC01000003.1_8 # 5367 # 8027 # -1 # ID=13_8;partial=00;start_type=ATG;rbs_motif=AGGA;rbs_spacer=5-10bp;gc_cont=0.307
NZ_WTQC01000003.1:5367-8027|-   -            887 1830at2085           -            299   1.2e-05   20.0   0.2   3   4   7.1e-08   1.2e-05   20.0   0.2   198   295   580   681   564   684 0.76 NZ_WTQC01000003.1_8 # 5367 # 8027 # -1 # ID=13_8;partial=00;start_type=ATG;rbs_motif=AGGA;rbs_spacer=5-10bp;gc_cont=0.307
NZ_WTQC01000003.1:5367-8027|-   -            887 1830at2085           -            299   1.2e-05   20.0   0.2   4   4      0.55        97   -2.6   0.3   250   279   755   784   722   828 0.55 NZ_WTQC01000003.1_8 # 5367 # 8027 # -1 # ID=13_8;partial=00;start_type=ATG;rbs_motif=AGGA;rbs_spacer=5-10bp;gc_cont=0.307
#
# Program:         hmmsearch
# Version:         3.4 (Aug 2023)
# Pipeline mode:   SEARCH
# Query file:      /home/lgef/Documentos/GitHub/Project_doctoral/IMPLEMENTACAO/Genomes/M_hyopneumoniae/MHP_ncbi_dataset/ncbi_dataset/data/strains/98/Use/busco_downloads/lineages/mycoplasmatales_odb10/hmms/1830at2085.hmm
# Target file:     /home/lgef/Documentos/GitHub/Project_doctoral/IMPLEMENTACAO/Genomes/M_hyopneumoniae/MHP_ncbi_dataset/ncbi_dataset/data/strains/98/Use/busco_draft/prodigal_output/predicted_genes/predicted.faa
# Option settings: hmmsearch --domtblout /home/lgef/Documentos/GitHub/Project_doctoral/IMPLEMENTACAO/Genomes/M_hyopneumoniae/MHP_ncbi_dataset/ncbi_dataset/data/strains/98/Use/busco_draft/run_mycoplasmatales_odb10/hmmer_output/1830at2085.out --cpu 1 /home/lgef/Documentos/GitHub/Project_doctoral/IMPLEMENTACAO/Genomes/M_hyopneumoniae/MHP_ncbi_dataset/ncbi_dataset/data/strains/98/Use/busco_downloads/lineages/mycoplasmatales_odb10/hmms/1830at2085.hmm /home/lgef/Documentos/GitHub/Project_doctoral/IMPLEMENTACAO/Genomes/M_hyopneumoniae/MHP_ncbi_dataset/ncbi_dataset/data/strains/98/Use/busco_draft/prodigal_output/predicted_genes/predicted.faa 
# Current dir:     /home/lgef/Documentos/GitHub/Project_doctoral/IMPLEMENTACAO/Genomes/M_hyopneumoniae/MHP_ncbi_dataset/ncbi_dataset/data/strains/98/Use
# Date:            Thu Nov 28 19:32:00 2024
# [ok]
