#                                                                                       --- full sequence --- -------------- this domain -------------   hmm coord   ali coord   env coord
# target name                   accession   tlen query name           accession   qlen   E-value  score  bias   #  of  c-Evalue  i-Evalue  score  bias  from    to  from    to  from    to  acc description of target
#           ------------------- ---------- ----- -------------------- ---------- ----- --------- ------ ----- --- --- --------- --------- ------ ----- ----- ----- ----- ----- ----- ----- ---- ---------------------
NZ_WTQC01000001.1:55943-56824|- -            294 2656at2085           -            232   9.5e-67  220.0  12.6   1   2   1.4e-40   1.2e-38  128.0   5.5     1   122     9   134     9   156 0.90 NZ_WTQC01000001.1_57 # 55943 # 56824 # -1 # ID=1_57;partial=00;start_type=ATG;rbs_motif=None;rbs_spacer=None;gc_cont=0.291
NZ_WTQC01000001.1:55943-56824|- -            294 2656at2085           -            232   9.5e-67  220.0  12.6   2   2   5.5e-31   4.8e-29   96.6   0.6   119   232   159   293   147   293 0.81 NZ_WTQC01000001.1_57 # 55943 # 56824 # -1 # ID=1_57;partial=00;start_type=ATG;rbs_motif=None;rbs_spacer=None;gc_cont=0.291
NZ_WTQC01000003.1:59094-60395|+ -            434 2656at2085           -            232   1.2e-41  137.8   2.2   1   3   3.7e-21   3.3e-19   64.5   0.7     1   115     5   124     5   137 0.84 NZ_WTQC01000003.1_50 # 59094 # 60395 # 1 # ID=13_50;partial=00;start_type=ATG;rbs_motif=None;rbs_spacer=None;gc_cont=0.293
NZ_WTQC01000003.1:59094-60395|+ -            434 2656at2085           -            232   1.2e-41  137.8   2.2   2   3   2.2e-23   1.9e-21   71.8   0.0     2   122   174   302   173   316 0.84 NZ_WTQC01000003.1_50 # 59094 # 60395 # 1 # ID=13_50;partial=00;start_type=ATG;rbs_motif=None;rbs_spacer=None;gc_cont=0.293
NZ_WTQC01000003.1:59094-60395|+ -            434 2656at2085           -            232   1.2e-41  137.8   2.2   3   3       0.5        44   -1.4   0.1   116   145   329   358   316   365 0.62 NZ_WTQC01000003.1_50 # 59094 # 60395 # 1 # ID=13_50;partial=00;start_type=ATG;rbs_motif=None;rbs_spacer=None;gc_cont=0.293
NZ_WTQC01000007.1:12242-13570|- -            443 2656at2085           -            232   3.5e-18   61.1   5.3   1   2       0.2        18   -0.1   0.3   168   200   127   159   113   196 0.65 NZ_WTQC01000007.1_11 # 12242 # 13570 # -1 # ID=17_11;partial=00;start_type=TTG;rbs_motif=AGGAG;rbs_spacer=5-10bp;gc_cont=0.316
NZ_WTQC01000007.1:12242-13570|- -            443 2656at2085           -            232   3.5e-18   61.1   5.3   2   2     4e-20   3.5e-18   61.1   5.3     2   116   220   338   219   381 0.79 NZ_WTQC01000007.1_11 # 12242 # 13570 # -1 # ID=17_11;partial=00;start_type=TTG;rbs_motif=AGGAG;rbs_spacer=5-10bp;gc_cont=0.316
NZ_WTQC01000004.1:10706-11302|- -            199 2656at2085           -            232   2.2e-12   42.1   2.3   1   1   3.3e-14   2.9e-12   41.7   2.3     2   132    41   179    40   197 0.71 NZ_WTQC01000004.1_2 # 10706 # 11302 # -1 # ID=14_2;partial=00;start_type=ATG;rbs_motif=None;rbs_spacer=None;gc_cont=0.295
NZ_WTQC01000003.1:78966-79757|+ -            264 2656at2085           -            232   3.7e-10   34.8   0.6   1   2     0.013       1.2    3.8   2.3    71   124    10    64     2   100 0.75 NZ_WTQC01000003.1_66 # 78966 # 79757 # 1 # ID=13_66;partial=00;start_type=ATG;rbs_motif=GGA/GAG/AGG;rbs_spacer=3-4bp;gc_cont=0.268
NZ_WTQC01000003.1:78966-79757|+ -            264 2656at2085           -            232   3.7e-10   34.8   0.6   2   2   4.3e-12   3.7e-10   34.8   0.6     3    66   115   174   113   239 0.92 NZ_WTQC01000003.1_66 # 78966 # 79757 # 1 # ID=13_66;partial=00;start_type=ATG;rbs_motif=GGA/GAG/AGG;rbs_spacer=3-4bp;gc_cont=0.268
NZ_WTQC01000003.1:21670-22929|+ -            420 2656at2085           -            232   1.6e-08   29.5   1.6   1   1     3e-10   2.6e-08   28.8   1.6     1   110   159   273   159   392 0.80 NZ_WTQC01000003.1_18 # 21670 # 22929 # 1 # ID=13_18;partial=00;start_type=ATG;rbs_motif=AGGA;rbs_spacer=5-10bp;gc_cont=0.309
NZ_WTQC01000018.1:2141-3244|-   -            368 2656at2085           -            232     3e-08   28.6   3.5   1   2   5.2e-09   4.5e-07   24.7   2.0     2   143     6   162     5   175 0.65 NZ_WTQC01000018.1_3 # 2141 # 3244 # -1 # ID=10_3;partial=00;start_type=ATG;rbs_motif=None;rbs_spacer=None;gc_cont=0.301
NZ_WTQC01000018.1:2141-3244|-   -            368 2656at2085           -            232     3e-08   28.6   3.5   2   2       0.8        70   -2.1   0.0    90   161   174   248   165   250 0.68 NZ_WTQC01000018.1_3 # 2141 # 3244 # -1 # ID=10_3;partial=00;start_type=ATG;rbs_motif=None;rbs_spacer=None;gc_cont=0.301
NZ_WTQC01000001.1:52764-53621|- -            286 2656at2085           -            232   2.7e-06   22.2   0.3   1   2     0.054       4.7    1.8   1.6    59   110    85   137    51   152 0.53 NZ_WTQC01000001.1_53 # 52764 # 53621 # -1 # ID=1_53;partial=00;start_type=ATG;rbs_motif=None;rbs_spacer=None;gc_cont=0.287
NZ_WTQC01000001.1:52764-53621|- -            286 2656at2085           -            232   2.7e-06   22.2   0.3   2   2     3e-08   2.7e-06   22.2   0.3     3    68   157   224   155   235 0.72 NZ_WTQC01000001.1_53 # 52764 # 53621 # -1 # ID=1_53;partial=00;start_type=ATG;rbs_motif=None;rbs_spacer=None;gc_cont=0.287
#
# Program:         hmmsearch
# Version:         3.4 (Aug 2023)
# Pipeline mode:   SEARCH
# Query file:      /home/lgef/Documentos/GitHub/Project_doctoral/IMPLEMENTACAO/Genomes/M_hyopneumoniae/MHP_ncbi_dataset/ncbi_dataset/data/strains/98/Use/busco_downloads/lineages/mycoplasmatales_odb10/hmms/2656at2085.hmm
# Target file:     /home/lgef/Documentos/GitHub/Project_doctoral/IMPLEMENTACAO/Genomes/M_hyopneumoniae/MHP_ncbi_dataset/ncbi_dataset/data/strains/98/Use/busco_draft/prodigal_output/predicted_genes/predicted.faa
# Option settings: hmmsearch --domtblout /home/lgef/Documentos/GitHub/Project_doctoral/IMPLEMENTACAO/Genomes/M_hyopneumoniae/MHP_ncbi_dataset/ncbi_dataset/data/strains/98/Use/busco_draft/run_mycoplasmatales_odb10/hmmer_output/2656at2085.out --cpu 1 /home/lgef/Documentos/GitHub/Project_doctoral/IMPLEMENTACAO/Genomes/M_hyopneumoniae/MHP_ncbi_dataset/ncbi_dataset/data/strains/98/Use/busco_downloads/lineages/mycoplasmatales_odb10/hmms/2656at2085.hmm /home/lgef/Documentos/GitHub/Project_doctoral/IMPLEMENTACAO/Genomes/M_hyopneumoniae/MHP_ncbi_dataset/ncbi_dataset/data/strains/98/Use/busco_draft/prodigal_output/predicted_genes/predicted.faa 
# Current dir:     /home/lgef/Documentos/GitHub/Project_doctoral/IMPLEMENTACAO/Genomes/M_hyopneumoniae/MHP_ncbi_dataset/ncbi_dataset/data/strains/98/Use
# Date:            Thu Nov 28 19:32:00 2024
# [ok]
