#                                                                                       --- full sequence --- -------------- this domain -------------   hmm coord   ali coord   env coord
# target name                   accession   tlen query name           accession   qlen   E-value  score  bias   #  of  c-Evalue  i-Evalue  score  bias  from    to  from    to  from    to  acc description of target
#           ------------------- ---------- ----- -------------------- ---------- ----- --------- ------ ----- --- --- --------- --------- ------ ----- ----- ----- ----- ----- ----- ----- ---- ---------------------
NZ_WTQC01000004.1:10706-11302|- -            199 4324at2085           -            135   4.6e-41  135.3   3.0   1   1   1.1e-42   8.8e-41  134.4   3.0     2   134    24   190    23   191 0.78 NZ_WTQC01000004.1_2 # 10706 # 11302 # -1 # ID=14_2;partial=00;start_type=ATG;rbs_motif=None;rbs_spacer=None;gc_cont=0.295
NZ_WTQC01000003.1:59094-60395|+ -            434 4324at2085           -            135   2.4e-15   52.1   7.6   1   3   4.4e-10   3.4e-08   28.9   0.1    10    46     3    39     1   130 0.69 NZ_WTQC01000003.1_50 # 59094 # 60395 # 1 # ID=13_50;partial=00;start_type=ATG;rbs_motif=None;rbs_spacer=None;gc_cont=0.293
NZ_WTQC01000003.1:59094-60395|+ -            434 4324at2085           -            135   2.4e-15   52.1   7.6   2   3   5.8e-09   4.5e-07   25.3   0.2    11    60   172   228   162   313 0.64 NZ_WTQC01000003.1_50 # 59094 # 60395 # 1 # ID=13_50;partial=00;start_type=ATG;rbs_motif=None;rbs_spacer=None;gc_cont=0.293
NZ_WTQC01000003.1:59094-60395|+ -            434 4324at2085           -            135   2.4e-15   52.1   7.6   3   3      0.52        41   -0.5   0.4    25    82   353   412   334   421 0.72 NZ_WTQC01000003.1_50 # 59094 # 60395 # 1 # ID=13_50;partial=00;start_type=ATG;rbs_motif=None;rbs_spacer=None;gc_cont=0.293
NZ_WTQC01000003.1:78966-79757|+ -            264 4324at2085           -            135   1.4e-08   30.2  10.0   1   3     0.026         2    3.7   0.8   100   124    42    66    11    71 0.74 NZ_WTQC01000003.1_66 # 78966 # 79757 # 1 # ID=13_66;partial=00;start_type=ATG;rbs_motif=GGA/GAG/AGG;rbs_spacer=3-4bp;gc_cont=0.268
NZ_WTQC01000003.1:78966-79757|+ -            264 4324at2085           -            135   1.4e-08   30.2  10.0   2   3      0.44        34   -0.2   0.5    74   119    62   104    55   107 0.55 NZ_WTQC01000003.1_66 # 78966 # 79757 # 1 # ID=13_66;partial=00;start_type=ATG;rbs_motif=GGA/GAG/AGG;rbs_spacer=3-4bp;gc_cont=0.268
NZ_WTQC01000003.1:78966-79757|+ -            264 4324at2085           -            135   1.4e-08   30.2  10.0   3   3   3.1e-10   2.4e-08   29.4   1.1    10    86   111   191   102   238 0.76 NZ_WTQC01000003.1_66 # 78966 # 79757 # 1 # ID=13_66;partial=00;start_type=ATG;rbs_motif=GGA/GAG/AGG;rbs_spacer=3-4bp;gc_cont=0.268
NZ_WTQC01000007.1:12242-13570|- -            443 4324at2085           -            135   6.2e-08   28.1   4.4   1   2       4.7   3.6e+02   -3.5   0.0    27    49    93   115    88   124 0.63 NZ_WTQC01000007.1_11 # 12242 # 13570 # -1 # ID=17_11;partial=00;start_type=TTG;rbs_motif=AGGAG;rbs_spacer=5-10bp;gc_cont=0.316
NZ_WTQC01000007.1:12242-13570|- -            443 4324at2085           -            135   6.2e-08   28.1   4.4   2   2   1.5e-09   1.2e-07   27.2   2.5    11   129   218   350   214   358 0.68 NZ_WTQC01000007.1_11 # 12242 # 13570 # -1 # ID=17_11;partial=00;start_type=TTG;rbs_motif=AGGAG;rbs_spacer=5-10bp;gc_cont=0.316
NZ_WTQC01000001.1:55943-56824|- -            294 4324at2085           -            135   5.7e-07   25.0   3.3   1   1   1.9e-08   1.4e-06   23.7   3.3    12   115     9   129     3   142 0.64 NZ_WTQC01000001.1_57 # 55943 # 56824 # -1 # ID=1_57;partial=00;start_type=ATG;rbs_motif=None;rbs_spacer=None;gc_cont=0.291
NZ_WTQC01000001.1:52764-53621|- -            286 4324at2085           -            135   6.5e-06   21.5   1.9   1   2      0.87        68   -1.2   0.1    97   116   100   119    88   142 0.58 NZ_WTQC01000001.1_53 # 52764 # 53621 # -1 # ID=1_53;partial=00;start_type=ATG;rbs_motif=None;rbs_spacer=None;gc_cont=0.287
NZ_WTQC01000001.1:52764-53621|- -            286 4324at2085           -            135   6.5e-06   21.5   1.9   2   2   1.1e-07   8.8e-06   21.1   0.2    13    77   156   232   148   241 0.74 NZ_WTQC01000001.1_53 # 52764 # 53621 # -1 # ID=1_53;partial=00;start_type=ATG;rbs_motif=None;rbs_spacer=None;gc_cont=0.287
NZ_WTQC01000002.1:80640-82439|+ -            600 4324at2085           -            135   0.00036   15.9   0.1   1   3       1.3     1e+02   -1.7   0.1    77   115    30    68    16    78 0.77 NZ_WTQC01000002.1_57 # 80640 # 82439 # 1 # ID=12_57;partial=00;start_type=ATG;rbs_motif=GGAG/GAGG;rbs_spacer=5-10bp;gc_cont=0.351
NZ_WTQC01000002.1:80640-82439|+ -            600 4324at2085           -            135   0.00036   15.9   0.1   2   3   4.7e-06   0.00036   15.9   0.1    12   123   116   236   112   245 0.79 NZ_WTQC01000002.1_57 # 80640 # 82439 # 1 # ID=12_57;partial=00;start_type=ATG;rbs_motif=GGAG/GAGG;rbs_spacer=5-10bp;gc_cont=0.351
NZ_WTQC01000002.1:80640-82439|+ -            600 4324at2085           -            135   0.00036   15.9   0.1   3   3       2.5   1.9e+02   -2.7   0.1    90   116   468   494   448   500 0.74 NZ_WTQC01000002.1_57 # 80640 # 82439 # 1 # ID=12_57;partial=00;start_type=ATG;rbs_motif=GGAG/GAGG;rbs_spacer=5-10bp;gc_cont=0.351
NZ_WTQC01000003.1:21670-22929|+ -            420 4324at2085           -            135   0.00042   15.7   2.5   1   2   9.6e-06   0.00074   14.9   0.2    10   121   157   273   152   282 0.78 NZ_WTQC01000003.1_18 # 21670 # 22929 # 1 # ID=13_18;partial=00;start_type=ATG;rbs_motif=AGGA;rbs_spacer=5-10bp;gc_cont=0.309
NZ_WTQC01000003.1:21670-22929|+ -            420 4324at2085           -            135   0.00042   15.7   2.5   2   2      0.33        26    0.2   0.2    32   103   299   370   292   386 0.80 NZ_WTQC01000003.1_18 # 21670 # 22929 # 1 # ID=13_18;partial=00;start_type=ATG;rbs_motif=AGGA;rbs_spacer=5-10bp;gc_cont=0.309
NZ_WTQC01000003.1:84289-87132|- -            948 4324at2085           -            135    0.0047   12.3   1.9   1   2     0.085       6.6    2.1   0.0    10    29    32    52    24    59 0.80 NZ_WTQC01000003.1_70 # 84289 # 87132 # -1 # ID=13_70;partial=00;start_type=ATG;rbs_motif=None;rbs_spacer=None;gc_cont=0.326
NZ_WTQC01000003.1:84289-87132|- -            948 4324at2085           -            135    0.0047   12.3   1.9   2   2    0.0016      0.13    7.7   0.4    12    36   641   665   637   676 0.89 NZ_WTQC01000003.1_70 # 84289 # 87132 # -1 # ID=13_70;partial=00;start_type=ATG;rbs_motif=None;rbs_spacer=None;gc_cont=0.326
#
# Program:         hmmsearch
# Version:         3.4 (Aug 2023)
# Pipeline mode:   SEARCH
# Query file:      /home/lgef/Documentos/GitHub/Project_doctoral/IMPLEMENTACAO/Genomes/M_hyopneumoniae/MHP_ncbi_dataset/ncbi_dataset/data/strains/98/Use/busco_downloads/lineages/mycoplasmatales_odb10/hmms/4324at2085.hmm
# Target file:     /home/lgef/Documentos/GitHub/Project_doctoral/IMPLEMENTACAO/Genomes/M_hyopneumoniae/MHP_ncbi_dataset/ncbi_dataset/data/strains/98/Use/busco_draft/prodigal_output/predicted_genes/predicted.faa
# Option settings: hmmsearch --domtblout /home/lgef/Documentos/GitHub/Project_doctoral/IMPLEMENTACAO/Genomes/M_hyopneumoniae/MHP_ncbi_dataset/ncbi_dataset/data/strains/98/Use/busco_draft/run_mycoplasmatales_odb10/hmmer_output/4324at2085.out --cpu 1 /home/lgef/Documentos/GitHub/Project_doctoral/IMPLEMENTACAO/Genomes/M_hyopneumoniae/MHP_ncbi_dataset/ncbi_dataset/data/strains/98/Use/busco_downloads/lineages/mycoplasmatales_odb10/hmms/4324at2085.hmm /home/lgef/Documentos/GitHub/Project_doctoral/IMPLEMENTACAO/Genomes/M_hyopneumoniae/MHP_ncbi_dataset/ncbi_dataset/data/strains/98/Use/busco_draft/prodigal_output/predicted_genes/predicted.faa 
# Current dir:     /home/lgef/Documentos/GitHub/Project_doctoral/IMPLEMENTACAO/Genomes/M_hyopneumoniae/MHP_ncbi_dataset/ncbi_dataset/data/strains/98/Use
# Date:            Thu Nov 28 19:32:01 2024
# [ok]
