#                                                                                         --- full sequence --- -------------- this domain -------------   hmm coord   ali coord   env coord
# target name                     accession   tlen query name           accession   qlen   E-value  score  bias   #  of  c-Evalue  i-Evalue  score  bias  from    to  from    to  from    to  acc description of target
#             ------------------- ---------- ----- -------------------- ---------- ----- --------- ------ ----- --- --- --------- --------- ------ ----- ----- ----- ----- ----- ----- ----- ---- ---------------------
NZ_WTQC01000002.1:80640-82439|+   -            600 801at2085            -            486  1.5e-190  629.3  28.9   1   2  1.4e-156  1.6e-154  510.5   9.3     3   342    16   391    14   394 0.90 NZ_WTQC01000002.1_57 # 80640 # 82439 # 1 # ID=12_57;partial=00;start_type=ATG;rbs_motif=GGAG/GAGG;rbs_spacer=5-10bp;gc_cont=0.351
NZ_WTQC01000002.1:80640-82439|+   -            600 801at2085            -            486  1.5e-190  629.3  28.9   2   2   1.6e-39   1.9e-37  124.4  13.6   320   485   388   594   383   595 0.82 NZ_WTQC01000002.1_57 # 80640 # 82439 # 1 # ID=12_57;partial=00;start_type=ATG;rbs_motif=GGAG/GAGG;rbs_spacer=5-10bp;gc_cont=0.351
NZ_WTQC01000003.1:60953-62749|+   -            599 801at2085            -            486   1.1e-19   65.8   5.6   1   2   1.4e-21   1.6e-19   65.3   4.0    86   282    10   221     3   243 0.80 NZ_WTQC01000003.1_53 # 60953 # 62749 # 1 # ID=13_53;partial=00;start_type=ATG;rbs_motif=None;rbs_spacer=None;gc_cont=0.341
NZ_WTQC01000003.1:60953-62749|+   -            599 801at2085            -            486   1.1e-19   65.8   5.6   2   2      0.57        66   -2.7   0.0    26    81   464   520   442   533 0.63 NZ_WTQC01000003.1_53 # 60953 # 62749 # 1 # ID=13_53;partial=00;start_type=ATG;rbs_motif=None;rbs_spacer=None;gc_cont=0.341
NZ_WTQC01000002.1:148974-149861|+ -            296 801at2085            -            486   1.9e-18   61.8   5.1   1   1   4.3e-19     5e-17   57.1   5.1    85   280    21   248     8   283 0.65 NZ_WTQC01000002.1_113 # 148974 # 149861 # 1 # ID=12_113;partial=01;start_type=ATG;rbs_motif=AGGA;rbs_spacer=5-10bp;gc_cont=0.404
NZ_WTQC01000003.1:64084-66168|-   -            695 801at2085            -            486     1e-15   52.7   4.7   1   2   4.7e-16   5.4e-14   47.0   3.0   112   205    58   161     6   210 0.69 NZ_WTQC01000003.1_55 # 64084 # 66168 # -1 # ID=13_55;partial=00;start_type=ATG;rbs_motif=AGGA;rbs_spacer=5-10bp;gc_cont=0.373
NZ_WTQC01000003.1:64084-66168|-   -            695 801at2085            -            486     1e-15   52.7   4.7   2   2     0.017         2    2.3   0.0   203   234   243   275   223   396 0.77 NZ_WTQC01000003.1_55 # 64084 # 66168 # -1 # ID=13_55;partial=00;start_type=ATG;rbs_motif=AGGA;rbs_spacer=5-10bp;gc_cont=0.373
NZ_WTQC01000009.1:22386-23297|-   -            304 801at2085            -            486   4.2e-12   40.8   0.5   1   1   4.3e-14     5e-12   40.6   0.5   143   282     2   151     1   222 0.70 NZ_WTQC01000009.1_18 # 22386 # 23297 # -1 # ID=19_18;partial=01;start_type=Edge;rbs_motif=None;rbs_spacer=None;gc_cont=0.410
NZ_WTQC01000003.1:78966-79757|+   -            264 801at2085            -            486   4.3e-06   21.0   0.6   1   2     0.014       1.6    2.6   0.2   144   201    12    68     8    74 0.76 NZ_WTQC01000003.1_66 # 78966 # 79757 # 1 # ID=13_66;partial=00;start_type=ATG;rbs_motif=GGA/GAG/AGG;rbs_spacer=3-4bp;gc_cont=0.268
NZ_WTQC01000003.1:78966-79757|+   -            264 801at2085            -            486   4.3e-06   21.0   0.6   2   2   6.8e-07     8e-05   16.8   0.0    86   132   114   162    62   168 0.81 NZ_WTQC01000003.1_66 # 78966 # 79757 # 1 # ID=13_66;partial=00;start_type=ATG;rbs_motif=GGA/GAG/AGG;rbs_spacer=3-4bp;gc_cont=0.268
#
# Program:         hmmsearch
# Version:         3.4 (Aug 2023)
# Pipeline mode:   SEARCH
# Query file:      /home/lgef/Documentos/GitHub/Project_doctoral/IMPLEMENTACAO/Genomes/M_hyopneumoniae/MHP_ncbi_dataset/ncbi_dataset/data/strains/98/Use/busco_downloads/lineages/mycoplasmatales_odb10/hmms/801at2085.hmm
# Target file:     /home/lgef/Documentos/GitHub/Project_doctoral/IMPLEMENTACAO/Genomes/M_hyopneumoniae/MHP_ncbi_dataset/ncbi_dataset/data/strains/98/Use/busco_draft/prodigal_output/predicted_genes/predicted.faa
# Option settings: hmmsearch --domtblout /home/lgef/Documentos/GitHub/Project_doctoral/IMPLEMENTACAO/Genomes/M_hyopneumoniae/MHP_ncbi_dataset/ncbi_dataset/data/strains/98/Use/busco_draft/run_mycoplasmatales_odb10/hmmer_output/801at2085.out --cpu 1 /home/lgef/Documentos/GitHub/Project_doctoral/IMPLEMENTACAO/Genomes/M_hyopneumoniae/MHP_ncbi_dataset/ncbi_dataset/data/strains/98/Use/busco_downloads/lineages/mycoplasmatales_odb10/hmms/801at2085.hmm /home/lgef/Documentos/GitHub/Project_doctoral/IMPLEMENTACAO/Genomes/M_hyopneumoniae/MHP_ncbi_dataset/ncbi_dataset/data/strains/98/Use/busco_draft/prodigal_output/predicted_genes/predicted.faa 
# Current dir:     /home/lgef/Documentos/GitHub/Project_doctoral/IMPLEMENTACAO/Genomes/M_hyopneumoniae/MHP_ncbi_dataset/ncbi_dataset/data/strains/98/Use
# Date:            Thu Nov 28 19:32:02 2024
# [ok]
