#                                                                                   --- full sequence --- -------------- this domain -------------   hmm coord   ali coord   env coord
# target name               accession   tlen query name           accession   qlen   E-value  score  bias   #  of  c-Evalue  i-Evalue  score  bias  from    to  from    to  from    to  acc description of target
#       ------------------- ---------- ----- -------------------- ---------- ----- --------- ------ ----- --- --- --------- --------- ------ ----- ----- ----- ----- ----- ----- ----- ---- ---------------------
scf00000000:571873-574533|- -            887 157at2085            -            637  7.9e-234  772.9  38.2   1   4   2.2e-91   3.8e-89  294.9   1.5     1   221    19   274    19   286 0.85 scf00000000_409 # 571873 # 574533 # -1 # ID=1_409;partial=00;start_type=ATG;rbs_motif=AGGA;rbs_spacer=5-10bp;gc_cont=0.305
scf00000000:571873-574533|- -            887 157at2085            -            637  7.9e-234  772.9  38.2   2   4  2.1e-132  3.6e-130  430.4   7.9   224   543   303   675   293   677 0.88 scf00000000_409 # 571873 # 574533 # -1 # ID=1_409;partial=00;start_type=ATG;rbs_motif=AGGA;rbs_spacer=5-10bp;gc_cont=0.305
scf00000000:571873-574533|- -            887 157at2085            -            637  7.9e-234  772.9  38.2   3   4     3e-20   5.2e-18   59.9  10.3   510   603   669   773   665   807 0.81 scf00000000_409 # 571873 # 574533 # -1 # ID=1_409;partial=00;start_type=ATG;rbs_motif=AGGA;rbs_spacer=5-10bp;gc_cont=0.305
scf00000000:571873-574533|- -            887 157at2085            -            637  7.9e-234  772.9  38.2   4   4     0.018         3    1.2   0.2   610   637   836   863   817   863 0.77 scf00000000_409 # 571873 # 574533 # -1 # ID=1_409;partial=00;start_type=ATG;rbs_motif=AGGA;rbs_spacer=5-10bp;gc_cont=0.305
scf00000000:524037-526505|+ -            823 157at2085            -            637   3.3e-44  146.4  33.5   1   2   2.8e-44   4.7e-42  139.3  24.3     8   531    17   586    10   598 0.75 scf00000000_371 # 524037 # 526505 # 1 # ID=1_371;partial=00;start_type=ATG;rbs_motif=AGGA;rbs_spacer=5-10bp;gc_cont=0.299
scf00000000:524037-526505|+ -            823 157at2085            -            637   3.3e-44  146.4  33.5   2   2   0.00015     0.025    8.1   2.3   513   587   593   665   588   699 0.72 scf00000000_371 # 524037 # 526505 # 1 # ID=1_371;partial=00;start_type=ATG;rbs_motif=AGGA;rbs_spacer=5-10bp;gc_cont=0.299
scf00000000:480520-482892|- -            791 157at2085            -            637   1.8e-38  127.5   9.6   1   4     5e-15   8.5e-13   42.7   0.0    11   162    17   172    10   179 0.74 scf00000000_346 # 480520 # 482892 # -1 # ID=1_346;partial=00;start_type=ATG;rbs_motif=GGA/GAG/AGG;rbs_spacer=5-10bp;gc_cont=0.308
scf00000000:480520-482892|- -            791 157at2085            -            637   1.8e-38  127.5   9.6   2   4      0.19        33   -2.2   0.0   297   321   180   204   175   211 0.87 scf00000000_346 # 480520 # 482892 # -1 # ID=1_346;partial=00;start_type=ATG;rbs_motif=GGA/GAG/AGG;rbs_spacer=5-10bp;gc_cont=0.308
scf00000000:480520-482892|- -            791 157at2085            -            637   1.8e-38  127.5   9.6   3   4   9.8e-10   1.7e-07   25.2   0.2   320   412   384   481   377   494 0.63 scf00000000_346 # 480520 # 482892 # -1 # ID=1_346;partial=00;start_type=ATG;rbs_motif=GGA/GAG/AGG;rbs_spacer=5-10bp;gc_cont=0.308
scf00000000:480520-482892|- -            791 157at2085            -            637   1.8e-38  127.5   9.6   4   4   4.2e-21   7.1e-19   62.8   1.4   435   607   540   722   496   736 0.75 scf00000000_346 # 480520 # 482892 # -1 # ID=1_346;partial=00;start_type=ATG;rbs_motif=GGA/GAG/AGG;rbs_spacer=5-10bp;gc_cont=0.308
scf00000000:145586-147127|+ -            514 157at2085            -            637   1.5e-16   55.1   3.2   1   4   4.3e-12   7.3e-10   33.0   1.2    33   163    13   144     2   150 0.74 scf00000000_113 # 145586 # 147127 # 1 # ID=1_113;partial=00;start_type=ATG;rbs_motif=GGA/GAG/AGG;rbs_spacer=5-10bp;gc_cont=0.270
scf00000000:145586-147127|+ -            514 157at2085            -            637   1.5e-16   55.1   3.2   2   4     0.058        10   -0.5   0.2   388   439   217   267   177   274 0.72 scf00000000_113 # 145586 # 147127 # 1 # ID=1_113;partial=00;start_type=ATG;rbs_motif=GGA/GAG/AGG;rbs_spacer=5-10bp;gc_cont=0.270
scf00000000:145586-147127|+ -            514 157at2085            -            637   1.5e-16   55.1   3.2   3   4     3e-11   5.1e-09   30.2   0.0   445   516   294   365   284   386 0.82 scf00000000_113 # 145586 # 147127 # 1 # ID=1_113;partial=00;start_type=ATG;rbs_motif=GGA/GAG/AGG;rbs_spacer=5-10bp;gc_cont=0.270
scf00000000:145586-147127|+ -            514 157at2085            -            637   1.5e-16   55.1   3.2   4   4      0.19        33   -2.2   1.4   518   589   401   480   392   503 0.48 scf00000000_113 # 145586 # 147127 # 1 # ID=1_113;partial=00;start_type=ATG;rbs_motif=GGA/GAG/AGG;rbs_spacer=5-10bp;gc_cont=0.270
#
# Program:         hmmsearch
# Version:         3.4 (Aug 2023)
# Pipeline mode:   SEARCH
# Query file:      /home/bryan/Documentos/GitHub/Project_doctoral/IMPLEMENTACAO/Genomes/M_hyopneumoniae/strains/11/Use/busco_downloads/lineages/mycoplasmatales_odb10/hmms/157at2085.hmm
# Target file:     /home/bryan/Documentos/GitHub/Project_doctoral/IMPLEMENTACAO/Genomes/M_hyopneumoniae/strains/11/Use/busco_complete/prodigal_output/predicted_genes/predicted.faa
# Option settings: hmmsearch --domtblout /home/bryan/Documentos/GitHub/Project_doctoral/IMPLEMENTACAO/Genomes/M_hyopneumoniae/strains/11/Use/busco_complete/run_mycoplasmatales_odb10/hmmer_output/157at2085.out --cpu 1 /home/bryan/Documentos/GitHub/Project_doctoral/IMPLEMENTACAO/Genomes/M_hyopneumoniae/strains/11/Use/busco_downloads/lineages/mycoplasmatales_odb10/hmms/157at2085.hmm /home/bryan/Documentos/GitHub/Project_doctoral/IMPLEMENTACAO/Genomes/M_hyopneumoniae/strains/11/Use/busco_complete/prodigal_output/predicted_genes/predicted.faa 
# Current dir:     /home/bryan/Documentos/GitHub/Project_doctoral/IMPLEMENTACAO/Genomes/M_hyopneumoniae/strains/11/Use
# Date:            Sun Dec  1 19:10:36 2024
# [ok]
