#                                                                                   --- full sequence --- -------------- this domain -------------   hmm coord   ali coord   env coord
# target name               accession   tlen query name           accession   qlen   E-value  score  bias   #  of  c-Evalue  i-Evalue  score  bias  from    to  from    to  from    to  acc description of target
#       ------------------- ---------- ----- -------------------- ---------- ----- --------- ------ ----- --- --- --------- --------- ------ ----- ----- ----- ----- ----- ----- ----- ---- ---------------------
scf00000000:389803-391602|- -            600 801at2085            -            486  2.3e-190  628.7  28.4   1   2  1.7e-156  2.3e-154  509.9   9.1     3   343    16   392    14   395 0.90 scf00000000_282 # 389803 # 391602 # -1 # ID=1_282;partial=00;start_type=ATG;rbs_motif=GGAG/GAGG;rbs_spacer=5-10bp;gc_cont=0.351
scf00000000:389803-391602|- -            600 801at2085            -            486  2.3e-190  628.7  28.4   2   2   1.3e-39   1.8e-37  124.5  13.6   320   485   388   594   383   595 0.82 scf00000000_282 # 389803 # 391602 # -1 # ID=1_282;partial=00;start_type=ATG;rbs_motif=GGAG/GAGG;rbs_spacer=5-10bp;gc_cont=0.351
scf00000000:627549-629345|+ -            599 801at2085            -            486   1.5e-19   65.3   6.3   1   2   1.2e-21   1.6e-19   65.2   4.1    86   282    10   221     3   243 0.80 scf00000000_453 # 627549 # 629345 # 1 # ID=1_453;partial=00;start_type=ATG;rbs_motif=None;rbs_spacer=None;gc_cont=0.342
scf00000000:627549-629345|+ -            599 801at2085            -            486   1.5e-19   65.3   6.3   2   2      0.29        39   -2.0   0.0    26    81   464   520   441   535 0.61 scf00000000_453 # 627549 # 629345 # 1 # ID=1_453;partial=00;start_type=ATG;rbs_motif=None;rbs_spacer=None;gc_cont=0.342
scf00000000:324994-326202|- -            403 801at2085            -            486   4.7e-18   60.4   5.2   1   1   7.8e-19   1.1e-16   55.9   5.1    85   280    21   248     7   297 0.66 scf00000000_229 # 324994 # 326202 # -1 # ID=1_229;partial=00;start_type=ATG;rbs_motif=AGGA;rbs_spacer=5-10bp;gc_cont=0.400
scf00000000:632633-634717|- -            695 801at2085            -            486     1e-15   52.7   4.7   1   2   3.9e-16   5.3e-14   47.0   3.0   112   205    58   161     6   210 0.69 scf00000000_456 # 632633 # 634717 # -1 # ID=1_456;partial=00;start_type=ATG;rbs_motif=AGGA;rbs_spacer=5-10bp;gc_cont=0.371
scf00000000:632633-634717|- -            695 801at2085            -            486     1e-15   52.7   4.7   2   2     0.014       1.9    2.3   0.0   203   234   243   275   223   396 0.77 scf00000000_456 # 632633 # 634717 # -1 # ID=1_456;partial=00;start_type=ATG;rbs_motif=AGGA;rbs_spacer=5-10bp;gc_cont=0.371
scf00000001:233593-234384|- -            264 801at2085            -            486   9.9e-06   19.8   0.5   1   2     0.013       1.8    2.4   0.3   144   201    12    68     8    74 0.77 scf00000001_204 # 233593 # 234384 # -1 # ID=2_204;partial=00;start_type=ATG;rbs_motif=GGA/GAG/AGG;rbs_spacer=3-4bp;gc_cont=0.265
scf00000001:233593-234384|- -            264 801at2085            -            486   9.9e-06   19.8   0.5   2   2   1.7e-06   0.00023   15.3   0.0    87   132   115   162    86   169 0.82 scf00000001_204 # 233593 # 234384 # -1 # ID=2_204;partial=00;start_type=ATG;rbs_motif=GGA/GAG/AGG;rbs_spacer=3-4bp;gc_cont=0.265
#
# Program:         hmmsearch
# Version:         3.4 (Aug 2023)
# Pipeline mode:   SEARCH
# Query file:      /home/bryan/Documentos/GitHub/Project_doctoral/IMPLEMENTACAO/Genomes/M_hyopneumoniae/strains/11/Use/busco_downloads/lineages/mycoplasmatales_odb10/hmms/801at2085.hmm
# Target file:     /home/bryan/Documentos/GitHub/Project_doctoral/IMPLEMENTACAO/Genomes/M_hyopneumoniae/strains/11/Use/busco_complete/prodigal_output/predicted_genes/predicted.faa
# Option settings: hmmsearch --domtblout /home/bryan/Documentos/GitHub/Project_doctoral/IMPLEMENTACAO/Genomes/M_hyopneumoniae/strains/11/Use/busco_complete/run_mycoplasmatales_odb10/hmmer_output/801at2085.out --cpu 1 /home/bryan/Documentos/GitHub/Project_doctoral/IMPLEMENTACAO/Genomes/M_hyopneumoniae/strains/11/Use/busco_downloads/lineages/mycoplasmatales_odb10/hmms/801at2085.hmm /home/bryan/Documentos/GitHub/Project_doctoral/IMPLEMENTACAO/Genomes/M_hyopneumoniae/strains/11/Use/busco_complete/prodigal_output/predicted_genes/predicted.faa 
# Current dir:     /home/bryan/Documentos/GitHub/Project_doctoral/IMPLEMENTACAO/Genomes/M_hyopneumoniae/strains/11/Use
# Date:            Sun Dec  1 19:10:42 2024
# [ok]
