#                                                                                       --- full sequence --- -------------- this domain -------------   hmm coord   ali coord   env coord
# target name                   accession   tlen query name           accession   qlen   E-value  score  bias   #  of  c-Evalue  i-Evalue  score  bias  from    to  from    to  from    to  acc description of target
#           ------------------- ---------- ----- -------------------- ---------- ----- --------- ------ ----- --- --- --------- --------- ------ ----- ----- ----- ----- ----- ----- ----- ---- ---------------------
NZ_QQRK01000010.1:32961-34262|+ -            434 1140at2085           -            348  2.9e-118  390.1  10.7   1   1  4.9e-120  5.9e-118  389.1  10.7     1   346     5   429     5   431 0.85 NZ_QQRK01000010.1_27 # 32961 # 34262 # 1 # ID=1_27;partial=00;start_type=ATG;rbs_motif=3Base/5BMM;rbs_spacer=13-15bp;gc_cont=0.294
NZ_QQRK01000011.1:16657-17985|+ -            443 1140at2085           -            348   1.4e-22   75.4   4.8   1   1   4.1e-24     5e-22   73.6   4.8   130   301   217   389   212   398 0.77 NZ_QQRK01000011.1_9 # 16657 # 17985 # 1 # ID=2_9;partial=00;start_type=TTG;rbs_motif=AGGAG;rbs_spacer=5-10bp;gc_cont=0.315
NZ_QQRK01000017.1:13693-14574|+ -            294 1140at2085           -            348   5.2e-13   43.9   1.8   1   1   8.4e-15     1e-12   43.0   1.3     1   103     9   124     9   136 0.76 NZ_QQRK01000017.1_18 # 13693 # 14574 # 1 # ID=8_18;partial=00;start_type=ATG;rbs_motif=None;rbs_spacer=None;gc_cont=0.290
NZ_QQRK01000022.1:14109-14900|+ -            264 1140at2085           -            348   1.6e-09   32.5   5.5   1   2   0.00058      0.07    7.3   2.9   203   277    15   102     3   110 0.67 NZ_QQRK01000022.1_13 # 14109 # 14900 # 1 # ID=14_13;partial=00;start_type=ATG;rbs_motif=None;rbs_spacer=None;gc_cont=0.270
NZ_QQRK01000022.1:14109-14900|+ -            264 1140at2085           -            348   1.6e-09   32.5   5.5   2   2   1.6e-09   1.9e-07   25.6   0.0     3    60   115   173   113   197 0.85 NZ_QQRK01000022.1_13 # 14109 # 14900 # 1 # ID=14_13;partial=00;start_type=ATG;rbs_motif=None;rbs_spacer=None;gc_cont=0.270
NZ_QQRK01000016.1:5091-5687|-   -            199 1140at2085           -            348   1.4e-07   26.0   2.7   1   1   2.2e-08   2.7e-06   21.9   2.7   132   178    40    92    32   198 0.45 NZ_QQRK01000016.1_2 # 5091 # 5687 # -1 # ID=7_2;partial=00;start_type=ATG;rbs_motif=None;rbs_spacer=None;gc_cont=0.298
NZ_QQRK01000017.1:16895-17752|+ -            286 1140at2085           -            348   0.00022   15.6   7.6   1   2    0.0027      0.33    5.1   1.1   181   237    61   120    43   155 0.72 NZ_QQRK01000017.1_22 # 16895 # 17752 # 1 # ID=8_22;partial=00;start_type=ATG;rbs_motif=3Base/5BMM;rbs_spacer=13-15bp;gc_cont=0.276
NZ_QQRK01000017.1:16895-17752|+ -            286 1140at2085           -            348   0.00022   15.6   7.6   2   2   5.2e-06   0.00062   14.1   0.7     3    61   157   223   154   231 0.71 NZ_QQRK01000017.1_22 # 16895 # 17752 # 1 # ID=8_22;partial=00;start_type=ATG;rbs_motif=3Base/5BMM;rbs_spacer=13-15bp;gc_cont=0.276
#
# Program:         hmmsearch
# Version:         3.4 (Aug 2023)
# Pipeline mode:   SEARCH
# Query file:      /home/lgef/Documentos/GitHub/Project_doctoral/IMPLEMENTACAO/Genomes/M_hyopneumoniae/MHP_ncbi_dataset/ncbi_dataset/data/strains/MHP691/Use/busco_downloads/lineages/mycoplasmatales_odb10/hmms/1140at2085.hmm
# Target file:     /home/lgef/Documentos/GitHub/Project_doctoral/IMPLEMENTACAO/Genomes/M_hyopneumoniae/MHP_ncbi_dataset/ncbi_dataset/data/strains/MHP691/Use/busco_draft/prodigal_output/predicted_genes/predicted.faa
# Option settings: hmmsearch --domtblout /home/lgef/Documentos/GitHub/Project_doctoral/IMPLEMENTACAO/Genomes/M_hyopneumoniae/MHP_ncbi_dataset/ncbi_dataset/data/strains/MHP691/Use/busco_draft/run_mycoplasmatales_odb10/hmmer_output/1140at2085.out --cpu 1 /home/lgef/Documentos/GitHub/Project_doctoral/IMPLEMENTACAO/Genomes/M_hyopneumoniae/MHP_ncbi_dataset/ncbi_dataset/data/strains/MHP691/Use/busco_downloads/lineages/mycoplasmatales_odb10/hmms/1140at2085.hmm /home/lgef/Documentos/GitHub/Project_doctoral/IMPLEMENTACAO/Genomes/M_hyopneumoniae/MHP_ncbi_dataset/ncbi_dataset/data/strains/MHP691/Use/busco_draft/prodigal_output/predicted_genes/predicted.faa 
# Current dir:     /home/lgef/Documentos/GitHub/Project_doctoral/IMPLEMENTACAO/Genomes/M_hyopneumoniae/MHP_ncbi_dataset/ncbi_dataset/data/strains/MHP691/Use
# Date:            Thu Nov 28 19:33:24 2024
# [ok]
