#                                                                                       --- full sequence --- -------------- this domain -------------   hmm coord   ali coord   env coord
# target name                   accession   tlen query name           accession   qlen   E-value  score  bias   #  of  c-Evalue  i-Evalue  score  bias  from    to  from    to  from    to  acc description of target
#           ------------------- ---------- ----- -------------------- ---------- ----- --------- ------ ----- --- --- --------- --------- ------ ----- ----- ----- ----- ----- ----- ----- ---- ---------------------
NZ_QQRK01000011.1:16657-17985|+ -            443 1338at2085           -            333  1.4e-109  361.6  27.1   1   2    7e-104  7.3e-102  336.3  23.5     1   290     4   357     4   394 0.78 NZ_QQRK01000011.1_9 # 16657 # 17985 # 1 # ID=2_9;partial=00;start_type=TTG;rbs_motif=AGGAG;rbs_spacer=5-10bp;gc_cont=0.315
NZ_QQRK01000011.1:16657-17985|+ -            443 1338at2085           -            333  1.4e-109  361.6  27.1   2   2   5.1e-08   5.3e-06   21.2   0.1   300   333   405   442   403   442 0.86 NZ_QQRK01000011.1_9 # 16657 # 17985 # 1 # ID=2_9;partial=00;start_type=TTG;rbs_motif=AGGAG;rbs_spacer=5-10bp;gc_cont=0.315
NZ_QQRK01000010.1:32961-34262|+ -            434 1338at2085           -            333   1.1e-41  138.4   3.7   1   2   1.1e-18   1.2e-16   56.2   0.8   179   329     5   160     2   163 0.87 NZ_QQRK01000010.1_27 # 32961 # 34262 # 1 # ID=1_27;partial=00;start_type=ATG;rbs_motif=3Base/5BMM;rbs_spacer=13-15bp;gc_cont=0.294
NZ_QQRK01000010.1:32961-34262|+ -            434 1338at2085           -            333   1.1e-41  138.4   3.7   2   2   8.8e-27     9e-25   82.9   0.0   176   323   170   316   147   336 0.76 NZ_QQRK01000010.1_27 # 32961 # 34262 # 1 # ID=1_27;partial=00;start_type=ATG;rbs_motif=3Base/5BMM;rbs_spacer=13-15bp;gc_cont=0.294
NZ_QQRK01000017.1:13693-14574|+ -            294 1338at2085           -            333   7.3e-15   50.3   1.2   1   1   1.2e-16   1.2e-14   49.6   1.2   174   267     4    98     1   141 0.78 NZ_QQRK01000017.1_18 # 13693 # 14574 # 1 # ID=8_18;partial=00;start_type=ATG;rbs_motif=None;rbs_spacer=None;gc_cont=0.290
NZ_QQRK01000022.1:14109-14900|+ -            264 1338at2085           -            333   9.3e-10   33.5   0.2   1   2      0.23        24   -0.7   0.2   263   265    40    42     2    97 0.54 NZ_QQRK01000022.1_13 # 14109 # 14900 # 1 # ID=14_13;partial=00;start_type=ATG;rbs_motif=None;rbs_spacer=None;gc_cont=0.270
NZ_QQRK01000022.1:14109-14900|+ -            264 1338at2085           -            333   9.3e-10   33.5   0.2   2   2   2.6e-11   2.6e-09   32.0   0.1   151   234    80   164    45   180 0.78 NZ_QQRK01000022.1_13 # 14109 # 14900 # 1 # ID=14_13;partial=00;start_type=ATG;rbs_motif=None;rbs_spacer=None;gc_cont=0.270
NZ_QQRK01000016.1:5091-5687|-   -            199 1338at2085           -            333   2.3e-07   25.6   0.3   1   2   5.7e-09   5.9e-07   24.3   0.0   160   212    21    73    16    92 0.89 NZ_QQRK01000016.1_2 # 5091 # 5687 # -1 # ID=7_2;partial=00;start_type=ATG;rbs_motif=None;rbs_spacer=None;gc_cont=0.298
NZ_QQRK01000016.1:5091-5687|-   -            199 1338at2085           -            333   2.3e-07   25.6   0.3   2   2       0.3        31   -1.1   0.2    92    92   161   161    94   196 0.51 NZ_QQRK01000016.1_2 # 5091 # 5687 # -1 # ID=7_2;partial=00;start_type=ATG;rbs_motif=None;rbs_spacer=None;gc_cont=0.298
NZ_QQRK01000015.1:3393-4652|-   -            420 1338at2085           -            333   6.8e-06   20.8   0.3   1   1   1.4e-07   1.4e-05   19.8   0.1   178   307   158   288   150   302 0.76 NZ_QQRK01000015.1_5 # 3393 # 4652 # -1 # ID=6_5;partial=00;start_type=ATG;rbs_motif=AGGA;rbs_spacer=5-10bp;gc_cont=0.310
NZ_QQRK01000024.1:6988-8091|+   -            368 1338at2085           -            333   8.6e-05   17.2   0.9   1   1   1.7e-05    0.0017   12.9   0.9   177   283     3   128     1   156 0.59 NZ_QQRK01000024.1_8 # 6988 # 8091 # 1 # ID=16_8;partial=00;start_type=ATG;rbs_motif=None;rbs_spacer=None;gc_cont=0.300
#
# Program:         hmmsearch
# Version:         3.4 (Aug 2023)
# Pipeline mode:   SEARCH
# Query file:      /home/lgef/Documentos/GitHub/Project_doctoral/IMPLEMENTACAO/Genomes/M_hyopneumoniae/MHP_ncbi_dataset/ncbi_dataset/data/strains/MHP691/Use/busco_downloads/lineages/mycoplasmatales_odb10/hmms/1338at2085.hmm
# Target file:     /home/lgef/Documentos/GitHub/Project_doctoral/IMPLEMENTACAO/Genomes/M_hyopneumoniae/MHP_ncbi_dataset/ncbi_dataset/data/strains/MHP691/Use/busco_draft/prodigal_output/predicted_genes/predicted.faa
# Option settings: hmmsearch --domtblout /home/lgef/Documentos/GitHub/Project_doctoral/IMPLEMENTACAO/Genomes/M_hyopneumoniae/MHP_ncbi_dataset/ncbi_dataset/data/strains/MHP691/Use/busco_draft/run_mycoplasmatales_odb10/hmmer_output/1338at2085.out --cpu 1 /home/lgef/Documentos/GitHub/Project_doctoral/IMPLEMENTACAO/Genomes/M_hyopneumoniae/MHP_ncbi_dataset/ncbi_dataset/data/strains/MHP691/Use/busco_downloads/lineages/mycoplasmatales_odb10/hmms/1338at2085.hmm /home/lgef/Documentos/GitHub/Project_doctoral/IMPLEMENTACAO/Genomes/M_hyopneumoniae/MHP_ncbi_dataset/ncbi_dataset/data/strains/MHP691/Use/busco_draft/prodigal_output/predicted_genes/predicted.faa 
# Current dir:     /home/lgef/Documentos/GitHub/Project_doctoral/IMPLEMENTACAO/Genomes/M_hyopneumoniae/MHP_ncbi_dataset/ncbi_dataset/data/strains/MHP691/Use
# Date:            Thu Nov 28 19:33:24 2024
# [ok]
