#                                                                                       --- full sequence --- -------------- this domain -------------   hmm coord   ali coord   env coord
# target name                   accession   tlen query name           accession   qlen   E-value  score  bias   #  of  c-Evalue  i-Evalue  score  bias  from    to  from    to  from    to  acc description of target
#           ------------------- ---------- ----- -------------------- ---------- ----- --------- ------ ----- --- --- --------- --------- ------ ----- ----- ----- ----- ----- ----- ----- ---- ---------------------
NZ_QQRK01000024.1:6988-8091|+   -            368 1683at2085           -            284  9.3e-104  342.1  14.5   1   3   2.3e-71   2.8e-69  229.0   2.1     1   162     1   168     1   175 0.94 NZ_QQRK01000024.1_8 # 6988 # 8091 # 1 # ID=16_8;partial=00;start_type=ATG;rbs_motif=None;rbs_spacer=None;gc_cont=0.300
NZ_QQRK01000024.1:6988-8091|+   -            368 1683at2085           -            284  9.3e-104  342.1  14.5   2   3     8e-08   9.6e-06   20.5   0.2   155   187   182   214   167   222 0.82 NZ_QQRK01000024.1_8 # 6988 # 8091 # 1 # ID=16_8;partial=00;start_type=ATG;rbs_motif=None;rbs_spacer=None;gc_cont=0.300
NZ_QQRK01000024.1:6988-8091|+   -            368 1683at2085           -            284  9.3e-104  342.1  14.5   3   3   7.4e-32   8.9e-30   99.4   1.5   185   284   238   365   222   365 0.75 NZ_QQRK01000024.1_8 # 6988 # 8091 # 1 # ID=16_8;partial=00;start_type=ATG;rbs_motif=None;rbs_spacer=None;gc_cont=0.300
NZ_QQRK01000015.1:3393-4652|-   -            420 1683at2085           -            284   1.8e-16   55.7   5.8   1   1   3.1e-17   3.8e-15   51.4   5.8     4   136   158   277   155   367 0.77 NZ_QQRK01000015.1_5 # 3393 # 4652 # -1 # ID=6_5;partial=00;start_type=ATG;rbs_motif=AGGA;rbs_spacer=5-10bp;gc_cont=0.310
NZ_QQRK01000010.1:32961-34262|+ -            434 1683at2085           -            284   4.4e-07   24.9   2.9   1   3     2e-05    0.0024   12.6   0.1     2    25     2    25     1    32 0.84 NZ_QQRK01000010.1_27 # 32961 # 34262 # 1 # ID=1_27;partial=00;start_type=ATG;rbs_motif=3Base/5BMM;rbs_spacer=13-15bp;gc_cont=0.294
NZ_QQRK01000010.1:32961-34262|+ -            434 1683at2085           -            284   4.4e-07   24.9   2.9   2   3   0.00037     0.045    8.5   0.0     3    23   171   191   169   253 0.80 NZ_QQRK01000010.1_27 # 32961 # 34262 # 1 # ID=1_27;partial=00;start_type=ATG;rbs_motif=3Base/5BMM;rbs_spacer=13-15bp;gc_cont=0.294
NZ_QQRK01000010.1:32961-34262|+ -            434 1683at2085           -            284   4.4e-07   24.9   2.9   3   3     0.041         5    1.8   0.1    27    80   273   329   269   358 0.70 NZ_QQRK01000010.1_27 # 32961 # 34262 # 1 # ID=1_27;partial=00;start_type=ATG;rbs_motif=3Base/5BMM;rbs_spacer=13-15bp;gc_cont=0.294
NZ_QQRK01000011.1:16657-17985|+ -            443 1683at2085           -            284   3.5e-06   22.0   2.4   1   1   1.4e-06   0.00016   16.5   2.4     3   105   217   309   215   385 0.81 NZ_QQRK01000011.1_9 # 16657 # 17985 # 1 # ID=2_9;partial=00;start_type=TTG;rbs_motif=AGGAG;rbs_spacer=5-10bp;gc_cont=0.315
NZ_QQRK01000017.1:13693-14574|+ -            294 1683at2085           -            284   1.6e-05   19.8   0.1   1   1   2.9e-07   3.5e-05   18.7   0.1     5    26     9    30     6    55 0.85 NZ_QQRK01000017.1_18 # 13693 # 14574 # 1 # ID=8_18;partial=00;start_type=ATG;rbs_motif=None;rbs_spacer=None;gc_cont=0.290
NZ_QQRK01000022.1:14109-14900|+ -            264 1683at2085           -            284   5.7e-05   18.0   0.1   1   3      0.17        20   -0.3   0.8    80   150    30   103     8   107 0.62 NZ_QQRK01000022.1_13 # 14109 # 14900 # 1 # ID=14_13;partial=00;start_type=ATG;rbs_motif=None;rbs_spacer=None;gc_cont=0.270
NZ_QQRK01000022.1:14109-14900|+ -            264 1683at2085           -            284   5.7e-05   18.0   0.1   2   3   4.7e-07   5.7e-05   18.0   0.1     2    27   110   135   109   156 0.86 NZ_QQRK01000022.1_13 # 14109 # 14900 # 1 # ID=14_13;partial=00;start_type=ATG;rbs_motif=None;rbs_spacer=None;gc_cont=0.270
NZ_QQRK01000022.1:14109-14900|+ -            264 1683at2085           -            284   5.7e-05   18.0   0.1   3   3      0.86     1e+02   -2.6   0.1    30    30   205   205   176   242 0.47 NZ_QQRK01000022.1_13 # 14109 # 14900 # 1 # ID=14_13;partial=00;start_type=ATG;rbs_motif=None;rbs_spacer=None;gc_cont=0.270
#
# Program:         hmmsearch
# Version:         3.4 (Aug 2023)
# Pipeline mode:   SEARCH
# Query file:      /home/lgef/Documentos/GitHub/Project_doctoral/IMPLEMENTACAO/Genomes/M_hyopneumoniae/MHP_ncbi_dataset/ncbi_dataset/data/strains/MHP691/Use/busco_downloads/lineages/mycoplasmatales_odb10/hmms/1683at2085.hmm
# Target file:     /home/lgef/Documentos/GitHub/Project_doctoral/IMPLEMENTACAO/Genomes/M_hyopneumoniae/MHP_ncbi_dataset/ncbi_dataset/data/strains/MHP691/Use/busco_draft/prodigal_output/predicted_genes/predicted.faa
# Option settings: hmmsearch --domtblout /home/lgef/Documentos/GitHub/Project_doctoral/IMPLEMENTACAO/Genomes/M_hyopneumoniae/MHP_ncbi_dataset/ncbi_dataset/data/strains/MHP691/Use/busco_draft/run_mycoplasmatales_odb10/hmmer_output/1683at2085.out --cpu 1 /home/lgef/Documentos/GitHub/Project_doctoral/IMPLEMENTACAO/Genomes/M_hyopneumoniae/MHP_ncbi_dataset/ncbi_dataset/data/strains/MHP691/Use/busco_downloads/lineages/mycoplasmatales_odb10/hmms/1683at2085.hmm /home/lgef/Documentos/GitHub/Project_doctoral/IMPLEMENTACAO/Genomes/M_hyopneumoniae/MHP_ncbi_dataset/ncbi_dataset/data/strains/MHP691/Use/busco_draft/prodigal_output/predicted_genes/predicted.faa 
# Current dir:     /home/lgef/Documentos/GitHub/Project_doctoral/IMPLEMENTACAO/Genomes/M_hyopneumoniae/MHP_ncbi_dataset/ncbi_dataset/data/strains/MHP691/Use
# Date:            Thu Nov 28 19:33:25 2024
# [ok]
