#                                                                                       --- full sequence --- -------------- this domain -------------   hmm coord   ali coord   env coord
# target name                   accession   tlen query name           accession   qlen   E-value  score  bias   #  of  c-Evalue  i-Evalue  score  bias  from    to  from    to  from    to  acc description of target
#           ------------------- ---------- ----- -------------------- ---------- ----- --------- ------ ----- --- --- --------- --------- ------ ----- ----- ----- ----- ----- ----- ----- ---- ---------------------
NZ_QQRK01000003.1:19320-20534|- -            405 1830at2085           -            299    8e-101  332.6  31.2   1   3   2.2e-38     4e-36  120.2  10.0     1   129    10   157    10   159 0.84 NZ_QQRK01000003.1_14 # 19320 # 20534 # -1 # ID=32_14;partial=00;start_type=ATG;rbs_motif=None;rbs_spacer=None;gc_cont=0.259
NZ_QQRK01000003.1:19320-20534|- -            405 1830at2085           -            299    8e-101  332.6  31.2   2   3   2.7e-65   4.8e-63  208.6   6.9   114   296   157   345   152   348 0.87 NZ_QQRK01000003.1_14 # 19320 # 20534 # -1 # ID=32_14;partial=00;start_type=ATG;rbs_motif=None;rbs_spacer=None;gc_cont=0.259
NZ_QQRK01000003.1:19320-20534|- -            405 1830at2085           -            299    8e-101  332.6  31.2   3   3   3.2e-06   0.00058   14.6   2.1   244   295   347   399   337   402 0.86 NZ_QQRK01000003.1_14 # 19320 # 20534 # -1 # ID=32_14;partial=00;start_type=ATG;rbs_motif=None;rbs_spacer=None;gc_cont=0.259
NZ_QQRK01000001.1:49445-50986|+ -            514 1830at2085           -            299   6.9e-09   30.8   5.7   1   3   0.00082      0.15    6.7   0.3     2    99     5   110     4   133 0.79 NZ_QQRK01000001.1_39 # 49445 # 50986 # 1 # ID=11_39;partial=00;start_type=ATG;rbs_motif=GGA/GAG/AGG;rbs_spacer=5-10bp;gc_cont=0.274
NZ_QQRK01000001.1:49445-50986|+ -            514 1830at2085           -            299   6.9e-09   30.8   5.7   2   3   1.3e-09   2.4e-07   25.7   0.1   193   259   294   361   282   383 0.81 NZ_QQRK01000001.1_39 # 49445 # 50986 # 1 # ID=11_39;partial=00;start_type=ATG;rbs_motif=GGA/GAG/AGG;rbs_spacer=5-10bp;gc_cont=0.274
NZ_QQRK01000001.1:49445-50986|+ -            514 1830at2085           -            299   6.9e-09   30.8   5.7   3   3      0.19        34   -1.0   0.1    67   100   405   442   393   451 0.62 NZ_QQRK01000001.1_39 # 49445 # 50986 # 1 # ID=11_39;partial=00;start_type=ATG;rbs_motif=GGA/GAG/AGG;rbs_spacer=5-10bp;gc_cont=0.274
NZ_QQRK01000003.1:26223-28595|- -            791 1830at2085           -            299   2.6e-06   22.3   0.3   1   2   4.6e-08   8.3e-06   20.6   0.0   191   236   548   594   504   626 0.85 NZ_QQRK01000003.1_20 # 26223 # 28595 # -1 # ID=32_20;partial=00;start_type=ATG;rbs_motif=GGA/GAG/AGG;rbs_spacer=5-10bp;gc_cont=0.306
NZ_QQRK01000003.1:26223-28595|- -            791 1830at2085           -            299   2.6e-06   22.3   0.3   2   2      0.63   1.1e+02   -2.8   0.1   106   136   698   728   647   731 0.64 NZ_QQRK01000003.1_20 # 26223 # 28595 # -1 # ID=32_20;partial=00;start_type=ATG;rbs_motif=GGA/GAG/AGG;rbs_spacer=5-10bp;gc_cont=0.306
NZ_QQRK01000015.1:18350-21010|+ -            887 1830at2085           -            299   1.3e-05   20.0   0.1   1   4     0.048       8.6    0.9   0.0    12    39    65    92    57   176 0.65 NZ_QQRK01000015.1_15 # 18350 # 21010 # 1 # ID=6_15;partial=00;start_type=ATG;rbs_motif=AGGA;rbs_spacer=5-10bp;gc_cont=0.308
NZ_QQRK01000015.1:18350-21010|+ -            887 1830at2085           -            299   1.3e-05   20.0   0.1   2   4      0.23        41   -1.3   0.1   143   174   364   395   340   398 0.81 NZ_QQRK01000015.1_15 # 18350 # 21010 # 1 # ID=6_15;partial=00;start_type=ATG;rbs_motif=AGGA;rbs_spacer=5-10bp;gc_cont=0.308
NZ_QQRK01000015.1:18350-21010|+ -            887 1830at2085           -            299   1.3e-05   20.0   0.1   3   4   7.2e-08   1.3e-05   20.0   0.1   198   295   580   681   564   684 0.77 NZ_QQRK01000015.1_15 # 18350 # 21010 # 1 # ID=6_15;partial=00;start_type=ATG;rbs_motif=AGGA;rbs_spacer=5-10bp;gc_cont=0.308
NZ_QQRK01000015.1:18350-21010|+ -            887 1830at2085           -            299   1.3e-05   20.0   0.1   4   4      0.52        94   -2.5   0.4   251   279   756   784   721   837 0.57 NZ_QQRK01000015.1_15 # 18350 # 21010 # 1 # ID=6_15;partial=00;start_type=ATG;rbs_motif=AGGA;rbs_spacer=5-10bp;gc_cont=0.308
#
# Program:         hmmsearch
# Version:         3.4 (Aug 2023)
# Pipeline mode:   SEARCH
# Query file:      /home/lgef/Documentos/GitHub/Project_doctoral/IMPLEMENTACAO/Genomes/M_hyopneumoniae/MHP_ncbi_dataset/ncbi_dataset/data/strains/MHP691/Use/busco_downloads/lineages/mycoplasmatales_odb10/hmms/1830at2085.hmm
# Target file:     /home/lgef/Documentos/GitHub/Project_doctoral/IMPLEMENTACAO/Genomes/M_hyopneumoniae/MHP_ncbi_dataset/ncbi_dataset/data/strains/MHP691/Use/busco_draft/prodigal_output/predicted_genes/predicted.faa
# Option settings: hmmsearch --domtblout /home/lgef/Documentos/GitHub/Project_doctoral/IMPLEMENTACAO/Genomes/M_hyopneumoniae/MHP_ncbi_dataset/ncbi_dataset/data/strains/MHP691/Use/busco_draft/run_mycoplasmatales_odb10/hmmer_output/1830at2085.out --cpu 1 /home/lgef/Documentos/GitHub/Project_doctoral/IMPLEMENTACAO/Genomes/M_hyopneumoniae/MHP_ncbi_dataset/ncbi_dataset/data/strains/MHP691/Use/busco_downloads/lineages/mycoplasmatales_odb10/hmms/1830at2085.hmm /home/lgef/Documentos/GitHub/Project_doctoral/IMPLEMENTACAO/Genomes/M_hyopneumoniae/MHP_ncbi_dataset/ncbi_dataset/data/strains/MHP691/Use/busco_draft/prodigal_output/predicted_genes/predicted.faa 
# Current dir:     /home/lgef/Documentos/GitHub/Project_doctoral/IMPLEMENTACAO/Genomes/M_hyopneumoniae/MHP_ncbi_dataset/ncbi_dataset/data/strains/MHP691/Use
# Date:            Thu Nov 28 19:33:25 2024
# [ok]
