#                                                                                       --- full sequence --- -------------- this domain -------------   hmm coord   ali coord   env coord
# target name                   accession   tlen query name           accession   qlen   E-value  score  bias   #  of  c-Evalue  i-Evalue  score  bias  from    to  from    to  from    to  acc description of target
#           ------------------- ---------- ----- -------------------- ---------- ----- --------- ------ ----- --- --- --------- --------- ------ ----- ----- ----- ----- ----- ----- ----- ---- ---------------------
NZ_QQRK01000015.1:3393-4652|-   -            420 1851at2085           -            347  1.1e-133  440.8  14.3   1   2  1.3e-122  1.9e-120  397.4   7.3     1   297     1   317     1   323 0.92 NZ_QQRK01000015.1_5 # 3393 # 4652 # -1 # ID=6_5;partial=00;start_type=ATG;rbs_motif=AGGA;rbs_spacer=5-10bp;gc_cont=0.310
NZ_QQRK01000015.1:3393-4652|-   -            420 1851at2085           -            347  1.1e-133  440.8  14.3   2   2   2.8e-16   4.1e-14   47.7   1.5   281   347   346   418   309   418 0.76 NZ_QQRK01000015.1_5 # 3393 # 4652 # -1 # ID=6_5;partial=00;start_type=ATG;rbs_motif=AGGA;rbs_spacer=5-10bp;gc_cont=0.310
NZ_QQRK01000024.1:6988-8091|+   -            368 1851at2085           -            347   7.3e-15   50.1   1.0   1   1   9.9e-15   1.4e-12   42.6   1.0   154   250     5   118     2   209 0.80 NZ_QQRK01000024.1_8 # 6988 # 8091 # 1 # ID=16_8;partial=00;start_type=ATG;rbs_motif=None;rbs_spacer=None;gc_cont=0.300
NZ_QQRK01000010.1:32961-34262|+ -            434 1851at2085           -            347   2.9e-09   31.7   0.2   1   2   9.9e-06    0.0014   13.0   0.1   153   273     4   124     1   153 0.73 NZ_QQRK01000010.1_27 # 32961 # 34262 # 1 # ID=1_27;partial=00;start_type=ATG;rbs_motif=3Base/5BMM;rbs_spacer=13-15bp;gc_cont=0.294
NZ_QQRK01000010.1:32961-34262|+ -            434 1851at2085           -            347   2.9e-09   31.7   0.2   2   2     9e-07   0.00013   16.4   0.0   145   278   164   300   156   308 0.79 NZ_QQRK01000010.1_27 # 32961 # 34262 # 1 # ID=1_27;partial=00;start_type=ATG;rbs_motif=3Base/5BMM;rbs_spacer=13-15bp;gc_cont=0.294
NZ_QQRK01000022.1:14109-14900|+ -            264 1851at2085           -            347   4.5e-06   21.2   1.4   1   2      0.13        19   -0.6   0.2   215   248    30    63     8   104 0.60 NZ_QQRK01000022.1_13 # 14109 # 14900 # 1 # ID=14_13;partial=00;start_type=ATG;rbs_motif=None;rbs_spacer=None;gc_cont=0.270
NZ_QQRK01000022.1:14109-14900|+ -            264 1851at2085           -            347   4.5e-06   21.2   1.4   2   2   5.3e-08   7.7e-06   20.5   0.1   156   296   115   251   110   261 0.86 NZ_QQRK01000022.1_13 # 14109 # 14900 # 1 # ID=14_13;partial=00;start_type=ATG;rbs_motif=None;rbs_spacer=None;gc_cont=0.270
NZ_QQRK01000017.1:13693-14574|+ -            294 1851at2085           -            347   0.00052   14.5   1.7   1   1   5.2e-06   0.00074   13.9   1.7   148   302     3   157     1   163 0.78 NZ_QQRK01000017.1_18 # 13693 # 14574 # 1 # ID=8_18;partial=00;start_type=ATG;rbs_motif=None;rbs_spacer=None;gc_cont=0.290
#
# Program:         hmmsearch
# Version:         3.4 (Aug 2023)
# Pipeline mode:   SEARCH
# Query file:      /home/lgef/Documentos/GitHub/Project_doctoral/IMPLEMENTACAO/Genomes/M_hyopneumoniae/MHP_ncbi_dataset/ncbi_dataset/data/strains/MHP691/Use/busco_downloads/lineages/mycoplasmatales_odb10/hmms/1851at2085.hmm
# Target file:     /home/lgef/Documentos/GitHub/Project_doctoral/IMPLEMENTACAO/Genomes/M_hyopneumoniae/MHP_ncbi_dataset/ncbi_dataset/data/strains/MHP691/Use/busco_draft/prodigal_output/predicted_genes/predicted.faa
# Option settings: hmmsearch --domtblout /home/lgef/Documentos/GitHub/Project_doctoral/IMPLEMENTACAO/Genomes/M_hyopneumoniae/MHP_ncbi_dataset/ncbi_dataset/data/strains/MHP691/Use/busco_draft/run_mycoplasmatales_odb10/hmmer_output/1851at2085.out --cpu 1 /home/lgef/Documentos/GitHub/Project_doctoral/IMPLEMENTACAO/Genomes/M_hyopneumoniae/MHP_ncbi_dataset/ncbi_dataset/data/strains/MHP691/Use/busco_downloads/lineages/mycoplasmatales_odb10/hmms/1851at2085.hmm /home/lgef/Documentos/GitHub/Project_doctoral/IMPLEMENTACAO/Genomes/M_hyopneumoniae/MHP_ncbi_dataset/ncbi_dataset/data/strains/MHP691/Use/busco_draft/prodigal_output/predicted_genes/predicted.faa 
# Current dir:     /home/lgef/Documentos/GitHub/Project_doctoral/IMPLEMENTACAO/Genomes/M_hyopneumoniae/MHP_ncbi_dataset/ncbi_dataset/data/strains/MHP691/Use
# Date:            Thu Nov 28 19:33:25 2024
# [ok]
