#                                                                                       --- full sequence --- -------------- this domain -------------   hmm coord   ali coord   env coord
# target name                   accession   tlen query name           accession   qlen   E-value  score  bias   #  of  c-Evalue  i-Evalue  score  bias  from    to  from    to  from    to  acc description of target
#           ------------------- ---------- ----- -------------------- ---------- ----- --------- ------ ----- --- --- --------- --------- ------ ----- ----- ----- ----- ----- ----- ----- ---- ---------------------
NZ_QQRK01000017.1:13693-14574|+ -            294 2656at2085           -            232   4.2e-67  221.2  11.2   1   2   6.2e-41   5.6e-39  129.2   4.2     1   122     9   134     9   156 0.90 NZ_QQRK01000017.1_18 # 13693 # 14574 # 1 # ID=8_18;partial=00;start_type=ATG;rbs_motif=None;rbs_spacer=None;gc_cont=0.290
NZ_QQRK01000017.1:13693-14574|+ -            294 2656at2085           -            232   4.2e-67  221.2  11.2   2   2   5.5e-31     5e-29   96.6   0.6   119   232   159   293   147   293 0.81 NZ_QQRK01000017.1_18 # 13693 # 14574 # 1 # ID=8_18;partial=00;start_type=ATG;rbs_motif=None;rbs_spacer=None;gc_cont=0.290
NZ_QQRK01000010.1:32961-34262|+ -            434 2656at2085           -            232   1.2e-41  138.0   2.1   1   3   3.5e-21   3.2e-19   64.6   0.6     1   114     5   123     5   137 0.84 NZ_QQRK01000010.1_27 # 32961 # 34262 # 1 # ID=1_27;partial=00;start_type=ATG;rbs_motif=3Base/5BMM;rbs_spacer=13-15bp;gc_cont=0.294
NZ_QQRK01000010.1:32961-34262|+ -            434 2656at2085           -            232   1.2e-41  138.0   2.1   2   3   2.2e-23     2e-21   71.8   0.0     2   122   174   302   173   316 0.84 NZ_QQRK01000010.1_27 # 32961 # 34262 # 1 # ID=1_27;partial=00;start_type=ATG;rbs_motif=3Base/5BMM;rbs_spacer=13-15bp;gc_cont=0.294
NZ_QQRK01000010.1:32961-34262|+ -            434 2656at2085           -            232   1.2e-41  138.0   2.1   3   3       0.5        46   -1.4   0.1   116   145   329   358   316   365 0.62 NZ_QQRK01000010.1_27 # 32961 # 34262 # 1 # ID=1_27;partial=00;start_type=ATG;rbs_motif=3Base/5BMM;rbs_spacer=13-15bp;gc_cont=0.294
NZ_QQRK01000011.1:16657-17985|+ -            443 2656at2085           -            232   4.2e-18   60.9   5.6   1   2      0.22        20   -0.2   0.3   168   200   127   159   113   187 0.64 NZ_QQRK01000011.1_9 # 16657 # 17985 # 1 # ID=2_9;partial=00;start_type=TTG;rbs_motif=AGGAG;rbs_spacer=5-10bp;gc_cont=0.315
NZ_QQRK01000011.1:16657-17985|+ -            443 2656at2085           -            232   4.2e-18   60.9   5.6   2   2   4.7e-20   4.2e-18   60.9   5.6     2   116   220   338   219   384 0.79 NZ_QQRK01000011.1_9 # 16657 # 17985 # 1 # ID=2_9;partial=00;start_type=TTG;rbs_motif=AGGAG;rbs_spacer=5-10bp;gc_cont=0.315
NZ_QQRK01000016.1:5091-5687|-   -            199 2656at2085           -            232   2.2e-12   42.2   1.9   1   1   3.2e-14   2.9e-12   41.8   1.9     2   132    41   179    40   197 0.71 NZ_QQRK01000016.1_2 # 5091 # 5687 # -1 # ID=7_2;partial=00;start_type=ATG;rbs_motif=None;rbs_spacer=None;gc_cont=0.298
NZ_QQRK01000022.1:14109-14900|+ -            264 2656at2085           -            232   9.7e-11   36.8   8.8   1   2    0.0076      0.69    4.6   2.1    70   124     9    64     2   100 0.77 NZ_QQRK01000022.1_13 # 14109 # 14900 # 1 # ID=14_13;partial=00;start_type=ATG;rbs_motif=None;rbs_spacer=None;gc_cont=0.270
NZ_QQRK01000022.1:14109-14900|+ -            264 2656at2085           -            232   9.7e-11   36.8   8.8   2   2   1.8e-12   1.6e-10   36.1   0.6     3    66   115   174   113   238 0.92 NZ_QQRK01000022.1_13 # 14109 # 14900 # 1 # ID=14_13;partial=00;start_type=ATG;rbs_motif=None;rbs_spacer=None;gc_cont=0.270
NZ_QQRK01000015.1:3393-4652|-   -            420 2656at2085           -            232   7.6e-09   30.6   1.1   1   1   1.4e-10   1.3e-08   29.8   0.9     1   111   159   274   159   322 0.74 NZ_QQRK01000015.1_5 # 3393 # 4652 # -1 # ID=6_5;partial=00;start_type=ATG;rbs_motif=AGGA;rbs_spacer=5-10bp;gc_cont=0.310
NZ_QQRK01000024.1:6988-8091|+   -            368 2656at2085           -            232   3.1e-08   28.6   3.5   1   2   5.2e-09   4.7e-07   24.7   2.0     2   143     6   162     5   175 0.65 NZ_QQRK01000024.1_8 # 6988 # 8091 # 1 # ID=16_8;partial=00;start_type=ATG;rbs_motif=None;rbs_spacer=None;gc_cont=0.300
NZ_QQRK01000024.1:6988-8091|+   -            368 2656at2085           -            232   3.1e-08   28.6   3.5   2   2       0.8        72   -2.1   0.0    90   161   174   248   165   250 0.68 NZ_QQRK01000024.1_8 # 6988 # 8091 # 1 # ID=16_8;partial=00;start_type=ATG;rbs_motif=None;rbs_spacer=None;gc_cont=0.300
NZ_QQRK01000017.1:16895-17752|+ -            286 2656at2085           -            232   3.1e-06   22.1   0.4   1   2     0.027       2.5    2.7   2.7    57   115    83   142    54   157 0.69 NZ_QQRK01000017.1_22 # 16895 # 17752 # 1 # ID=8_22;partial=00;start_type=ATG;rbs_motif=3Base/5BMM;rbs_spacer=13-15bp;gc_cont=0.276
NZ_QQRK01000017.1:16895-17752|+ -            286 2656at2085           -            232   3.1e-06   22.1   0.4   2   2   3.4e-08   3.1e-06   22.1   0.4     3    68   157   224   155   235 0.72 NZ_QQRK01000017.1_22 # 16895 # 17752 # 1 # ID=8_22;partial=00;start_type=ATG;rbs_motif=3Base/5BMM;rbs_spacer=13-15bp;gc_cont=0.276
#
# Program:         hmmsearch
# Version:         3.4 (Aug 2023)
# Pipeline mode:   SEARCH
# Query file:      /home/lgef/Documentos/GitHub/Project_doctoral/IMPLEMENTACAO/Genomes/M_hyopneumoniae/MHP_ncbi_dataset/ncbi_dataset/data/strains/MHP691/Use/busco_downloads/lineages/mycoplasmatales_odb10/hmms/2656at2085.hmm
# Target file:     /home/lgef/Documentos/GitHub/Project_doctoral/IMPLEMENTACAO/Genomes/M_hyopneumoniae/MHP_ncbi_dataset/ncbi_dataset/data/strains/MHP691/Use/busco_draft/prodigal_output/predicted_genes/predicted.faa
# Option settings: hmmsearch --domtblout /home/lgef/Documentos/GitHub/Project_doctoral/IMPLEMENTACAO/Genomes/M_hyopneumoniae/MHP_ncbi_dataset/ncbi_dataset/data/strains/MHP691/Use/busco_draft/run_mycoplasmatales_odb10/hmmer_output/2656at2085.out --cpu 1 /home/lgef/Documentos/GitHub/Project_doctoral/IMPLEMENTACAO/Genomes/M_hyopneumoniae/MHP_ncbi_dataset/ncbi_dataset/data/strains/MHP691/Use/busco_downloads/lineages/mycoplasmatales_odb10/hmms/2656at2085.hmm /home/lgef/Documentos/GitHub/Project_doctoral/IMPLEMENTACAO/Genomes/M_hyopneumoniae/MHP_ncbi_dataset/ncbi_dataset/data/strains/MHP691/Use/busco_draft/prodigal_output/predicted_genes/predicted.faa 
# Current dir:     /home/lgef/Documentos/GitHub/Project_doctoral/IMPLEMENTACAO/Genomes/M_hyopneumoniae/MHP_ncbi_dataset/ncbi_dataset/data/strains/MHP691/Use
# Date:            Thu Nov 28 19:33:25 2024
# [ok]
