#                                                                                   --- full sequence --- -------------- this domain -------------   hmm coord   ali coord   env coord
# target name               accession   tlen query name           accession   qlen   E-value  score  bias   #  of  c-Evalue  i-Evalue  score  bias  from    to  from    to  from    to  acc description of target
#       ------------------- ---------- ----- -------------------- ---------- ----- --------- ------ ----- --- --- --------- --------- ------ ----- ----- ----- ----- ----- ----- ----- ---- ---------------------
NC_021283.1:234980-236308|- -            443 1338at2085           -            333  1.5e-109  361.5  27.0   1   2  6.1e-104  6.2e-102  336.5  23.4     1   320     4   359     4   394 0.78 NC_021283.1_211 # 234980 # 236308 # -1 # ID=1_211;partial=00;start_type=TTG;rbs_motif=AGGAG;rbs_spacer=5-10bp;gc_cont=0.313
NC_021283.1:234980-236308|- -            443 1338at2085           -            333  1.5e-109  361.5  27.0   2   2   4.3e-08   4.4e-06   21.4   0.1   300   333   405   442   391   442 0.87 NC_021283.1_211 # 234980 # 236308 # -1 # ID=1_211;partial=00;start_type=TTG;rbs_motif=AGGAG;rbs_spacer=5-10bp;gc_cont=0.313
NC_021283.1:84871-86172|+   -            434 1338at2085           -            333   6.8e-41  135.8   3.8   1   2   6.9e-18   6.9e-16   53.6   0.9   179   329     5   160     2   162 0.85 NC_021283.1_69 # 84871 # 86172 # 1 # ID=1_69;partial=00;start_type=ATG;rbs_motif=3Base/5BMM;rbs_spacer=13-15bp;gc_cont=0.291
NC_021283.1:84871-86172|+   -            434 1338at2085           -            333   6.8e-41  135.8   3.8   2   2   9.7e-27   9.7e-25   82.7   0.0   176   323   170   316   147   336 0.76 NC_021283.1_69 # 84871 # 86172 # 1 # ID=1_69;partial=00;start_type=ATG;rbs_motif=3Base/5BMM;rbs_spacer=13-15bp;gc_cont=0.291
NC_021283.1:167222-168103|+ -            294 1338at2085           -            333     6e-15   50.5   1.3   1   1   9.7e-17   9.8e-15   49.8   1.3   174   270     4   101     1   141 0.78 NC_021283.1_151 # 167222 # 168103 # 1 # ID=1_151;partial=00;start_type=ATG;rbs_motif=None;rbs_spacer=None;gc_cont=0.293
NC_021283.1:104754-105545|+ -            264 1338at2085           -            333   1.9e-09   32.5   0.1   1   2      0.31        31   -1.1   0.1   266   267    43    44     3    94 0.57 NC_021283.1_86 # 104754 # 105545 # 1 # ID=1_86;partial=00;start_type=ATG;rbs_motif=None;rbs_spacer=None;gc_cont=0.269
NC_021283.1:104754-105545|+ -            264 1338at2085           -            333   1.9e-09   32.5   0.1   2   2   4.7e-11   4.8e-09   31.1   0.1   151   234    80   164    43   180 0.77 NC_021283.1_86 # 104754 # 105545 # 1 # ID=1_86;partial=00;start_type=ATG;rbs_motif=None;rbs_spacer=None;gc_cont=0.269
NC_021283.1:585252-585848|- -            199 1338at2085           -            333   3.3e-07   25.1   0.5   1   2   7.2e-09   7.3e-07   24.0   0.0   160   212    21    73    16    86 0.89 NC_021283.1_468 # 585252 # 585848 # -1 # ID=1_468;partial=00;start_type=ATG;rbs_motif=None;rbs_spacer=None;gc_cont=0.296
NC_021283.1:585252-585848|- -            199 1338at2085           -            333   3.3e-07   25.1   0.5   2   2      0.32        32   -1.2   0.3    94    94   163   163    96   196 0.51 NC_021283.1_468 # 585252 # 585848 # -1 # ID=1_468;partial=00;start_type=ATG;rbs_motif=None;rbs_spacer=None;gc_cont=0.296
NC_021283.1:47445-48704|+   -            420 1338at2085           -            333   6.2e-06   20.9   0.3   1   1   1.5e-07   1.6e-05   19.6   0.1   178   307   158   288   151   295 0.76 NC_021283.1_38 # 47445 # 48704 # 1 # ID=1_38;partial=00;start_type=ATG;rbs_motif=AGGA;rbs_spacer=5-10bp;gc_cont=0.306
NC_021283.1:414845-415948|+ -            368 1338at2085           -            333   9.5e-05   17.0   1.1   1   1   1.9e-05    0.0019   12.7   1.1   177   283     3   128     1   156 0.60 NC_021283.1_350 # 414845 # 415948 # 1 # ID=1_350;partial=00;start_type=ATG;rbs_motif=None;rbs_spacer=None;gc_cont=0.298
#
# Program:         hmmsearch
# Version:         3.4 (Aug 2023)
# Pipeline mode:   SEARCH
# Query file:      /home/bryan/Documentos/GitHub/Project_doctoral/IMPLEMENTACAO/Genomes/M_hyopneumoniae/strains/168L/Use/busco_downloads/lineages/mycoplasmatales_odb10/hmms/1338at2085.hmm
# Target file:     /home/bryan/Documentos/GitHub/Project_doctoral/IMPLEMENTACAO/Genomes/M_hyopneumoniae/strains/168L/Use/busco_complete/prodigal_output/predicted_genes/predicted.faa
# Option settings: hmmsearch --domtblout /home/bryan/Documentos/GitHub/Project_doctoral/IMPLEMENTACAO/Genomes/M_hyopneumoniae/strains/168L/Use/busco_complete/run_mycoplasmatales_odb10/hmmer_output/1338at2085.out --cpu 1 /home/bryan/Documentos/GitHub/Project_doctoral/IMPLEMENTACAO/Genomes/M_hyopneumoniae/strains/168L/Use/busco_downloads/lineages/mycoplasmatales_odb10/hmms/1338at2085.hmm /home/bryan/Documentos/GitHub/Project_doctoral/IMPLEMENTACAO/Genomes/M_hyopneumoniae/strains/168L/Use/busco_complete/prodigal_output/predicted_genes/predicted.faa 
# Current dir:     /home/bryan/Documentos/GitHub/Project_doctoral/IMPLEMENTACAO/Genomes/M_hyopneumoniae/strains/168L/Use
# Date:            Sun Dec  1 19:05:56 2024
# [ok]
