#                                                                                   --- full sequence --- -------------- this domain -------------   hmm coord   ali coord   env coord
# target name               accession   tlen query name           accession   qlen   E-value  score  bias   #  of  c-Evalue  i-Evalue  score  bias  from    to  from    to  from    to  acc description of target
#       ------------------- ---------- ----- -------------------- ---------- ----- --------- ------ ----- --- --- --------- --------- ------ ----- ----- ----- ----- ----- ----- ----- ---- ---------------------
NC_021283.1:7817-8818|+     -            334 1633at2085           -            266   4.6e-99  326.5  14.4   1   1   3.3e-99   5.8e-97  319.6  14.4     9   265    21   326    16   327 0.87 NC_021283.1_8 # 7817 # 8818 # 1 # ID=1_8;partial=00;start_type=ATG;rbs_motif=AGGA;rbs_spacer=5-10bp;gc_cont=0.320
NC_021283.1:61558-62880|+   -            441 1633at2085           -            266   1.2e-42  141.6   9.3   1   3      0.18        32   -0.8   0.4    11    62    14    62     5    91 0.40 NC_021283.1_55 # 61558 # 62880 # 1 # ID=1_55;partial=00;start_type=ATG;rbs_motif=None;rbs_spacer=None;gc_cont=0.311
NC_021283.1:61558-62880|+   -            441 1633at2085           -            266   1.2e-42  141.6   9.3   2   3   6.7e-45   1.2e-42  141.6   9.3    52   257    74   287    27   294 0.86 NC_021283.1_55 # 61558 # 62880 # 1 # ID=1_55;partial=00;start_type=ATG;rbs_motif=None;rbs_spacer=None;gc_cont=0.311
NC_021283.1:61558-62880|+   -            441 1633at2085           -            266   1.2e-42  141.6   9.3   3   3      0.53        94   -2.3   0.1    56    72   362   378   326   385 0.51 NC_021283.1_55 # 61558 # 62880 # 1 # ID=1_55;partial=00;start_type=ATG;rbs_motif=None;rbs_spacer=None;gc_cont=0.311
NC_021283.1:803716-804135|- -            140 1633at2085           -            266    0.0014   13.5   0.9   1   1   1.3e-05    0.0023   12.8   0.9    60   100    17    59     3    67 0.72 NC_021283.1_633 # 803716 # 804135 # -1 # ID=1_633;partial=00;start_type=ATG;rbs_motif=None;rbs_spacer=None;gc_cont=0.245
NC_021283.1:331928-332830|+ -            301 1633at2085           -            266    0.0018   13.1   2.4   1   2   1.5e-05    0.0026   12.6   0.3    52    97     8    53     1    58 0.85 NC_021283.1_287 # 331928 # 332830 # 1 # ID=1_287;partial=00;start_type=ATG;rbs_motif=GGA/GAG/AGG;rbs_spacer=5-10bp;gc_cont=0.307
NC_021283.1:331928-332830|+ -            301 1633at2085           -            266    0.0018   13.1   2.4   2   2      0.11        19   -0.1   0.1    19    60    87   129    73   147 0.74 NC_021283.1_287 # 331928 # 332830 # 1 # ID=1_287;partial=00;start_type=ATG;rbs_motif=GGA/GAG/AGG;rbs_spacer=5-10bp;gc_cont=0.307
#
# Program:         hmmsearch
# Version:         3.4 (Aug 2023)
# Pipeline mode:   SEARCH
# Query file:      /home/bryan/Documentos/GitHub/Project_doctoral/IMPLEMENTACAO/Genomes/M_hyopneumoniae/strains/168L/Use/busco_downloads/lineages/mycoplasmatales_odb10/hmms/1633at2085.hmm
# Target file:     /home/bryan/Documentos/GitHub/Project_doctoral/IMPLEMENTACAO/Genomes/M_hyopneumoniae/strains/168L/Use/busco_complete/prodigal_output/predicted_genes/predicted.faa
# Option settings: hmmsearch --domtblout /home/bryan/Documentos/GitHub/Project_doctoral/IMPLEMENTACAO/Genomes/M_hyopneumoniae/strains/168L/Use/busco_complete/run_mycoplasmatales_odb10/hmmer_output/1633at2085.out --cpu 1 /home/bryan/Documentos/GitHub/Project_doctoral/IMPLEMENTACAO/Genomes/M_hyopneumoniae/strains/168L/Use/busco_downloads/lineages/mycoplasmatales_odb10/hmms/1633at2085.hmm /home/bryan/Documentos/GitHub/Project_doctoral/IMPLEMENTACAO/Genomes/M_hyopneumoniae/strains/168L/Use/busco_complete/prodigal_output/predicted_genes/predicted.faa 
# Current dir:     /home/bryan/Documentos/GitHub/Project_doctoral/IMPLEMENTACAO/Genomes/M_hyopneumoniae/strains/168L/Use
# Date:            Sun Dec  1 19:05:57 2024
# [ok]
