#                                                                                   --- full sequence --- -------------- this domain -------------   hmm coord   ali coord   env coord
# target name               accession   tlen query name           accession   qlen   E-value  score  bias   #  of  c-Evalue  i-Evalue  score  bias  from    to  from    to  from    to  acc description of target
#       ------------------- ---------- ----- -------------------- ---------- ----- --------- ------ ----- --- --- --------- --------- ------ ----- ----- ----- ----- ----- ----- ----- ---- ---------------------
NC_021283.1:104754-105545|+ -            264 1679at2085           -            265   5.3e-79  260.6  11.6   1   1   6.6e-81   5.8e-79  260.4  11.6    12   256     1   255     1   263 0.90 NC_021283.1_86 # 104754 # 105545 # 1 # ID=1_86;partial=00;start_type=ATG;rbs_motif=None;rbs_spacer=None;gc_cont=0.269
NC_021283.1:84871-86172|+   -            434 1679at2085           -            265   2.7e-23   78.0  12.8   1   3   1.6e-11   1.4e-09   33.0   0.2   123   177     6    64     1    77 0.80 NC_021283.1_69 # 84871 # 86172 # 1 # ID=1_69;partial=00;start_type=ATG;rbs_motif=3Base/5BMM;rbs_spacer=13-15bp;gc_cont=0.291
NC_021283.1:84871-86172|+   -            434 1679at2085           -            265   2.7e-23   78.0  12.8   2   3   8.6e-13   7.6e-11   37.1   0.9    22   173    78   228    70   239 0.76 NC_021283.1_69 # 84871 # 86172 # 1 # ID=1_69;partial=00;start_type=ATG;rbs_motif=3Base/5BMM;rbs_spacer=13-15bp;gc_cont=0.291
NC_021283.1:84871-86172|+   -            434 1679at2085           -            265   2.7e-23   78.0  12.8   3   3   7.1e-06   0.00063   14.4   1.1    24   139   251   380   245   386 0.62 NC_021283.1_69 # 84871 # 86172 # 1 # ID=1_69;partial=00;start_type=ATG;rbs_motif=3Base/5BMM;rbs_spacer=13-15bp;gc_cont=0.291
NC_021283.1:585252-585848|- -            199 1679at2085           -            265   6.3e-13   44.0   5.6   1   2   9.2e-13   8.1e-11   37.0   0.1   123   172    41    91    32   106 0.91 NC_021283.1_468 # 585252 # 585848 # -1 # ID=1_468;partial=00;start_type=ATG;rbs_motif=None;rbs_spacer=None;gc_cont=0.296
NC_021283.1:585252-585848|- -            199 1679at2085           -            265   6.3e-13   44.0   5.6   2   2   0.00032     0.028    9.0   1.7    24    97   117   195   102   198 0.77 NC_021283.1_468 # 585252 # 585848 # -1 # ID=1_468;partial=00;start_type=ATG;rbs_motif=None;rbs_spacer=None;gc_cont=0.296
NC_021283.1:234980-236308|- -            443 1679at2085           -            265   1.4e-12   42.8  16.1   1   3       1.1        94   -2.5   0.1   231   258   137   164   114   170 0.58 NC_021283.1_211 # 234980 # 236308 # -1 # ID=1_211;partial=00;start_type=TTG;rbs_motif=AGGAG;rbs_spacer=5-10bp;gc_cont=0.313
NC_021283.1:234980-236308|- -            443 1679at2085           -            265   1.4e-12   42.8  16.1   2   3     1e-13     9e-12   40.2   0.3    97   174   194   275   184   289 0.78 NC_021283.1_211 # 234980 # 236308 # -1 # ID=1_211;partial=00;start_type=TTG;rbs_motif=AGGAG;rbs_spacer=5-10bp;gc_cont=0.313
NC_021283.1:234980-236308|- -            443 1679at2085           -            265   1.4e-12   42.8  16.1   3   3   0.00025     0.022    9.4   6.3    21   104   291   366   281   386 0.70 NC_021283.1_211 # 234980 # 236308 # -1 # ID=1_211;partial=00;start_type=TTG;rbs_motif=AGGAG;rbs_spacer=5-10bp;gc_cont=0.313
NC_021283.1:167222-168103|+ -            294 1679at2085           -            265   2.3e-10   35.5   9.5   1   2     2e-11   1.8e-09   32.7   0.3   119   175     6    66     2    86 0.78 NC_021283.1_151 # 167222 # 168103 # 1 # ID=1_151;partial=00;start_type=ATG;rbs_motif=None;rbs_spacer=None;gc_cont=0.293
NC_021283.1:167222-168103|+ -            294 1679at2085           -            265   2.3e-10   35.5   9.5   2   2    0.0024      0.21    6.1   4.1    47   103   108   169    76   189 0.75 NC_021283.1_151 # 167222 # 168103 # 1 # ID=1_151;partial=00;start_type=ATG;rbs_motif=None;rbs_spacer=None;gc_cont=0.293
NC_021283.1:47445-48704|+   -            420 1679at2085           -            265   3.8e-06   21.7  12.8   1   2     5e-07   4.4e-05   18.2   0.1   124   175   161   215   145   236 0.75 NC_021283.1_38 # 47445 # 48704 # 1 # ID=1_38;partial=00;start_type=ATG;rbs_motif=AGGA;rbs_spacer=5-10bp;gc_cont=0.306
NC_021283.1:47445-48704|+   -            420 1679at2085           -            265   3.8e-06   21.7  12.8   2   2    0.0072      0.63    4.6   9.4    39   121   257   343   253   346 0.86 NC_021283.1_38 # 47445 # 48704 # 1 # ID=1_38;partial=00;start_type=ATG;rbs_motif=AGGA;rbs_spacer=5-10bp;gc_cont=0.306
NC_021283.1:170426-171283|+ -            286 1679at2085           -            265     2e-05   19.4   8.0   1   1   4.7e-05    0.0041   11.8   8.0    19   173    65   212    58   231 0.62 NC_021283.1_155 # 170426 # 171283 # 1 # ID=1_155;partial=00;start_type=ATG;rbs_motif=3Base/5BMM;rbs_spacer=13-15bp;gc_cont=0.282
NC_021283.1:414845-415948|+ -            368 1679at2085           -            265   3.6e-05   18.5   0.2   1   1   9.3e-07   8.2e-05   17.3   0.2   119   154     2    36     1    47 0.84 NC_021283.1_350 # 414845 # 415948 # 1 # ID=1_350;partial=00;start_type=ATG;rbs_motif=None;rbs_spacer=None;gc_cont=0.298
#
# Program:         hmmsearch
# Version:         3.4 (Aug 2023)
# Pipeline mode:   SEARCH
# Query file:      /home/bryan/Documentos/GitHub/Project_doctoral/IMPLEMENTACAO/Genomes/M_hyopneumoniae/strains/168L/Use/busco_downloads/lineages/mycoplasmatales_odb10/hmms/1679at2085.hmm
# Target file:     /home/bryan/Documentos/GitHub/Project_doctoral/IMPLEMENTACAO/Genomes/M_hyopneumoniae/strains/168L/Use/busco_complete/prodigal_output/predicted_genes/predicted.faa
# Option settings: hmmsearch --domtblout /home/bryan/Documentos/GitHub/Project_doctoral/IMPLEMENTACAO/Genomes/M_hyopneumoniae/strains/168L/Use/busco_complete/run_mycoplasmatales_odb10/hmmer_output/1679at2085.out --cpu 1 /home/bryan/Documentos/GitHub/Project_doctoral/IMPLEMENTACAO/Genomes/M_hyopneumoniae/strains/168L/Use/busco_downloads/lineages/mycoplasmatales_odb10/hmms/1679at2085.hmm /home/bryan/Documentos/GitHub/Project_doctoral/IMPLEMENTACAO/Genomes/M_hyopneumoniae/strains/168L/Use/busco_complete/prodigal_output/predicted_genes/predicted.faa 
# Current dir:     /home/bryan/Documentos/GitHub/Project_doctoral/IMPLEMENTACAO/Genomes/M_hyopneumoniae/strains/168L/Use
# Date:            Sun Dec  1 19:05:57 2024
# [ok]
