#                                                                                   --- full sequence --- -------------- this domain -------------   hmm coord   ali coord   env coord
# target name               accession   tlen query name           accession   qlen   E-value  score  bias   #  of  c-Evalue  i-Evalue  score  bias  from    to  from    to  from    to  acc description of target
#       ------------------- ---------- ----- -------------------- ---------- ----- --------- ------ ----- --- --- --------- --------- ------ ----- ----- ----- ----- ----- ----- ----- ---- ---------------------
NC_021283.1:170426-171283|+ -            286 3843at2085           -            213   7.3e-67  220.3   6.5   1   1     2e-68   1.1e-66  219.7   6.5    13   211    37   278    32   280 0.89 NC_021283.1_155 # 170426 # 171283 # 1 # ID=1_155;partial=00;start_type=ATG;rbs_motif=3Base/5BMM;rbs_spacer=13-15bp;gc_cont=0.282
NC_021283.1:167222-168103|+ -            294 3843at2085           -            213   2.2e-07   26.0   5.0   1   2   2.5e-06   0.00015   16.7   0.1   108   171     6    72     1    81 0.72 NC_021283.1_151 # 167222 # 168103 # 1 # ID=1_151;partial=00;start_type=ATG;rbs_motif=None;rbs_spacer=None;gc_cont=0.293
NC_021283.1:167222-168103|+ -            294 3843at2085           -            213   2.2e-07   26.0   5.0   2   2   6.9e-05    0.0041   12.0   2.4    24   106    66   143    65   155 0.79 NC_021283.1_151 # 167222 # 168103 # 1 # ID=1_151;partial=00;start_type=ATG;rbs_motif=None;rbs_spacer=None;gc_cont=0.293
NC_021283.1:20132-22423|-   -            764 3843at2085           -            213     4e-06   21.8   3.2   1   2   6.3e-07   3.7e-05   18.7   0.2   104   129    23    48     5    67 0.84 NC_021283.1_19 # 20132 # 22423 # -1 # ID=1_19;partial=00;start_type=ATG;rbs_motif=AGGAG(G)/GGAGG;rbs_spacer=13-15bp;gc_cont=0.254
NC_021283.1:20132-22423|-   -            764 3843at2085           -            213     4e-06   21.8   3.2   2   2     0.082       4.8    2.0   0.3    98   133    77   112    72   138 0.83 NC_021283.1_19 # 20132 # 22423 # -1 # ID=1_19;partial=00;start_type=ATG;rbs_motif=AGGAG(G)/GGAGG;rbs_spacer=13-15bp;gc_cont=0.254
NC_021283.1:401083-403047|+ -            655 3843at2085           -            213   5.5e-06   21.4   0.1   1   3   9.3e-08   5.5e-06   21.4   0.1   104   137    23    56     5    79 0.83 NC_021283.1_336 # 401083 # 403047 # 1 # ID=1_336;partial=00;start_type=ATG;rbs_motif=GGA/GAG/AGG;rbs_spacer=5-10bp;gc_cont=0.248
NC_021283.1:401083-403047|+ -            655 3843at2085           -            213   5.5e-06   21.4   0.1   2   3      0.16       9.2    1.0   0.6    72   108   174   211   152   221 0.75 NC_021283.1_336 # 401083 # 403047 # 1 # ID=1_336;partial=00;start_type=ATG;rbs_motif=GGA/GAG/AGG;rbs_spacer=5-10bp;gc_cont=0.248
NC_021283.1:401083-403047|+ -            655 3843at2085           -            213   5.5e-06   21.4   0.1   3   3      0.38        23   -0.2   1.1    89   131   398   440   361   498 0.63 NC_021283.1_336 # 401083 # 403047 # 1 # ID=1_336;partial=00;start_type=ATG;rbs_motif=GGA/GAG/AGG;rbs_spacer=5-10bp;gc_cont=0.248
NC_021283.1:22534-24858|-   -            775 3843at2085           -            213   5.8e-06   21.3   0.1   1   1   3.1e-07   1.8e-05   19.7   0.1   101   133    20    52     5    79 0.81 NC_021283.1_20 # 22534 # 24858 # -1 # ID=1_20;partial=00;start_type=ATG;rbs_motif=AGxAG;rbs_spacer=5-10bp;gc_cont=0.263
NC_021283.1:585252-585848|- -            199 3843at2085           -            213   6.8e-06   21.1   0.1   1   2   2.5e-07   1.5e-05   20.0   0.0   100   173    29   104     8   115 0.74 NC_021283.1_468 # 585252 # 585848 # -1 # ID=1_468;partial=00;start_type=ATG;rbs_motif=None;rbs_spacer=None;gc_cont=0.296
NC_021283.1:585252-585848|- -            199 3843at2085           -            213   6.8e-06   21.1   0.1   2   2       1.5        86   -2.1   0.0    76    77   149   150   125   182 0.52 NC_021283.1_468 # 585252 # 585848 # -1 # ID=1_468;partial=00;start_type=ATG;rbs_motif=None;rbs_spacer=None;gc_cont=0.296
NC_021283.1:398724-401006|+ -            761 3843at2085           -            213   8.2e-06   20.8   0.7   1   5   1.4e-07   8.2e-06   20.8   0.7   103   144    22    63     2    98 0.79 NC_021283.1_335 # 398724 # 401006 # 1 # ID=1_335;partial=00;start_type=ATG;rbs_motif=GGA/GAG/AGG;rbs_spacer=5-10bp;gc_cont=0.252
NC_021283.1:398724-401006|+ -            761 3843at2085           -            213   8.2e-06   20.8   0.7   2   5       0.8        47   -1.3   0.1    67   106   170   208   134   213 0.73 NC_021283.1_335 # 398724 # 401006 # 1 # ID=1_335;partial=00;start_type=ATG;rbs_motif=GGA/GAG/AGG;rbs_spacer=5-10bp;gc_cont=0.252
NC_021283.1:398724-401006|+ -            761 3843at2085           -            213   8.2e-06   20.8   0.7   3   5      0.65        38   -1.0   0.1   147   179   417   449   390   459 0.70 NC_021283.1_335 # 398724 # 401006 # 1 # ID=1_335;partial=00;start_type=ATG;rbs_motif=GGA/GAG/AGG;rbs_spacer=5-10bp;gc_cont=0.252
NC_021283.1:398724-401006|+ -            761 3843at2085           -            213   8.2e-06   20.8   0.7   4   5       1.8   1.1e+02   -2.5   0.1    46    75   561   590   523   601 0.78 NC_021283.1_335 # 398724 # 401006 # 1 # ID=1_335;partial=00;start_type=ATG;rbs_motif=GGA/GAG/AGG;rbs_spacer=5-10bp;gc_cont=0.252
NC_021283.1:398724-401006|+ -            761 3843at2085           -            213   8.2e-06   20.8   0.7   5   5       1.2        69   -1.8   2.0    48   102   697   751   693   758 0.80 NC_021283.1_335 # 398724 # 401006 # 1 # ID=1_335;partial=00;start_type=ATG;rbs_motif=GGA/GAG/AGG;rbs_spacer=5-10bp;gc_cont=0.252
NC_021283.1:111307-114150|- -            948 3843at2085           -            213   2.9e-05   19.0   2.5   1   2    0.0025      0.15    6.9   0.1   100   125    22    48    10    57 0.77 NC_021283.1_92 # 111307 # 114150 # -1 # ID=1_92;partial=00;start_type=ATG;rbs_motif=None;rbs_spacer=None;gc_cont=0.328
NC_021283.1:111307-114150|- -            948 3843at2085           -            213   2.9e-05   19.0   2.5   2   2   0.00012    0.0071   11.2   0.6   107   139   637   667   617   677 0.74 NC_021283.1_92 # 111307 # 114150 # -1 # ID=1_92;partial=00;start_type=ATG;rbs_motif=None;rbs_spacer=None;gc_cont=0.328
NC_021283.1:84871-86172|+   -            434 3843at2085           -            213   0.00018   16.4  10.4   1   4   0.00026     0.015   10.1   0.0   109   136     3    30     1    70 0.80 NC_021283.1_69 # 84871 # 86172 # 1 # ID=1_69;partial=00;start_type=ATG;rbs_motif=3Base/5BMM;rbs_spacer=13-15bp;gc_cont=0.291
NC_021283.1:84871-86172|+   -            434 3843at2085           -            213   0.00018   16.4  10.4   2   4    0.0085       0.5    5.2   0.0    97   162   160   228   153   259 0.68 NC_021283.1_69 # 84871 # 86172 # 1 # ID=1_69;partial=00;start_type=ATG;rbs_motif=3Base/5BMM;rbs_spacer=13-15bp;gc_cont=0.291
NC_021283.1:84871-86172|+   -            434 3843at2085           -            213   0.00018   16.4  10.4   3   4      0.43        25   -0.4   0.0    74    90   281   297   265   313 0.76 NC_021283.1_69 # 84871 # 86172 # 1 # ID=1_69;partial=00;start_type=ATG;rbs_motif=3Base/5BMM;rbs_spacer=13-15bp;gc_cont=0.291
NC_021283.1:84871-86172|+   -            434 3843at2085           -            213   0.00018   16.4  10.4   4   4     0.038       2.3    3.0   2.9    13    99   322   411   310   419 0.74 NC_021283.1_69 # 84871 # 86172 # 1 # ID=1_69;partial=00;start_type=ATG;rbs_motif=3Base/5BMM;rbs_spacer=13-15bp;gc_cont=0.291
NC_021283.1:129309-131387|- -            693 3843at2085           -            213   0.00025   16.0   1.6   1   4    0.0017     0.098    7.5   0.0   107   132    45    70    31    84 0.72 NC_021283.1_103 # 129309 # 131387 # -1 # ID=1_103;partial=00;start_type=ATG;rbs_motif=AGGA;rbs_spacer=5-10bp;gc_cont=0.301
NC_021283.1:129309-131387|- -            693 3843at2085           -            213   0.00025   16.0   1.6   2   4       2.2   1.3e+02   -2.7   0.0    55    86    99   129    75   134 0.65 NC_021283.1_103 # 129309 # 131387 # -1 # ID=1_103;partial=00;start_type=ATG;rbs_motif=AGGA;rbs_spacer=5-10bp;gc_cont=0.301
NC_021283.1:129309-131387|- -            693 3843at2085           -            213   0.00025   16.0   1.6   3   4       3.9   2.3e+02   -3.5   0.1    17    66   190   238   182   255 0.60 NC_021283.1_103 # 129309 # 131387 # -1 # ID=1_103;partial=00;start_type=ATG;rbs_motif=AGGA;rbs_spacer=5-10bp;gc_cont=0.301
NC_021283.1:129309-131387|- -            693 3843at2085           -            213   0.00025   16.0   1.6   4   4    0.0066      0.39    5.5   0.0   111   130   438   457   421   481 0.84 NC_021283.1_103 # 129309 # 131387 # -1 # ID=1_103;partial=00;start_type=ATG;rbs_motif=AGGA;rbs_spacer=5-10bp;gc_cont=0.301
NC_021283.1:612447-613163|- -            239 3843at2085           -            213   0.00038   15.4   0.7   1   2   6.5e-06   0.00038   15.4   0.7   104   138    28    62    10    67 0.81 NC_021283.1_490 # 612447 # 613163 # -1 # ID=1_490;partial=00;start_type=ATG;rbs_motif=AGGA;rbs_spacer=5-10bp;gc_cont=0.265
NC_021283.1:612447-613163|- -            239 3843at2085           -            213   0.00038   15.4   0.7   2   2       2.7   1.6e+02   -3.0   0.1    52    74   105   127   103   131 0.66 NC_021283.1_490 # 612447 # 613163 # -1 # ID=1_490;partial=00;start_type=ATG;rbs_motif=AGGA;rbs_spacer=5-10bp;gc_cont=0.265
NC_021283.1:331928-332830|+ -            301 3843at2085           -            213    0.0011   13.9   0.1   1   1     4e-05    0.0023   12.8   0.1   102   129    27    54     9    57 0.82 NC_021283.1_287 # 331928 # 332830 # 1 # ID=1_287;partial=00;start_type=ATG;rbs_motif=GGA/GAG/AGG;rbs_spacer=5-10bp;gc_cont=0.307
#
# Program:         hmmsearch
# Version:         3.4 (Aug 2023)
# Pipeline mode:   SEARCH
# Query file:      /home/bryan/Documentos/GitHub/Project_doctoral/IMPLEMENTACAO/Genomes/M_hyopneumoniae/strains/168L/Use/busco_downloads/lineages/mycoplasmatales_odb10/hmms/3843at2085.hmm
# Target file:     /home/bryan/Documentos/GitHub/Project_doctoral/IMPLEMENTACAO/Genomes/M_hyopneumoniae/strains/168L/Use/busco_complete/prodigal_output/predicted_genes/predicted.faa
# Option settings: hmmsearch --domtblout /home/bryan/Documentos/GitHub/Project_doctoral/IMPLEMENTACAO/Genomes/M_hyopneumoniae/strains/168L/Use/busco_complete/run_mycoplasmatales_odb10/hmmer_output/3843at2085.out --cpu 1 /home/bryan/Documentos/GitHub/Project_doctoral/IMPLEMENTACAO/Genomes/M_hyopneumoniae/strains/168L/Use/busco_downloads/lineages/mycoplasmatales_odb10/hmms/3843at2085.hmm /home/bryan/Documentos/GitHub/Project_doctoral/IMPLEMENTACAO/Genomes/M_hyopneumoniae/strains/168L/Use/busco_complete/prodigal_output/predicted_genes/predicted.faa 
# Current dir:     /home/bryan/Documentos/GitHub/Project_doctoral/IMPLEMENTACAO/Genomes/M_hyopneumoniae/strains/168L/Use
# Date:            Sun Dec  1 19:06:00 2024
# [ok]
