#                                                                                   --- full sequence --- -------------- this domain -------------   hmm coord   ali coord   env coord
# target name               accession   tlen query name           accession   qlen   E-value  score  bias   #  of  c-Evalue  i-Evalue  score  bias  from    to  from    to  from    to  acc description of target
#       ------------------- ---------- ----- -------------------- ---------- ----- --------- ------ ----- --- --- --------- --------- ------ ----- ----- ----- ----- ----- ----- ----- ---- ---------------------
NC_021283.1:850924-853296|- -            791 462at2085            -            610    9e-223  736.5  34.1   1   4  3.1e-121  5.5e-119  393.7   5.1     2   269     3   279     2   298 0.91 NC_021283.1_662 # 850924 # 853296 # -1 # ID=1_662;partial=00;start_type=ATG;rbs_motif=GGA/GAG/AGG;rbs_spacer=5-10bp;gc_cont=0.307
NC_021283.1:850924-853296|- -            791 462at2085            -            610    9e-223  736.5  34.1   2   4     0.013       2.2    2.0   0.0   257   310   303   362   290   371 0.71 NC_021283.1_662 # 850924 # 853296 # -1 # ID=1_662;partial=00;start_type=ATG;rbs_motif=GGA/GAG/AGG;rbs_spacer=5-10bp;gc_cont=0.307
NC_021283.1:850924-853296|- -            791 462at2085            -            610    9e-223  736.5  34.1   3   4   1.5e-97   2.7e-95  315.5   1.7   293   516   382   619   367   625 0.88 NC_021283.1_662 # 850924 # 853296 # -1 # ID=1_662;partial=00;start_type=ATG;rbs_motif=GGA/GAG/AGG;rbs_spacer=5-10bp;gc_cont=0.307
NC_021283.1:850924-853296|- -            791 462at2085            -            610    9e-223  736.5  34.1   4   4   1.9e-12   3.3e-10   34.5  10.5   512   610   650   788   643   788 0.74 NC_021283.1_662 # 850924 # 853296 # -1 # ID=1_662;partial=00;start_type=ATG;rbs_motif=GGA/GAG/AGG;rbs_spacer=5-10bp;gc_cont=0.307
NC_021283.1:912334-914802|+ -            823 462at2085            -            610   3.3e-37  123.6  40.7   1   5   2.2e-21   3.8e-19   64.0   5.5     1   178     5   194     5   204 0.79 NC_021283.1_701 # 912334 # 914802 # 1 # ID=1_701;partial=00;start_type=ATG;rbs_motif=AGGA;rbs_spacer=5-10bp;gc_cont=0.297
NC_021283.1:912334-914802|+ -            823 462at2085            -            610   3.3e-37  123.6  40.7   2   5     0.077        14   -0.6   0.2   225   280   204   261   191   288 0.72 NC_021283.1_701 # 912334 # 914802 # 1 # ID=1_701;partial=00;start_type=ATG;rbs_motif=AGGA;rbs_spacer=5-10bp;gc_cont=0.297
NC_021283.1:912334-914802|+ -            823 462at2085            -            610   3.3e-37  123.6  40.7   3   5   3.9e-05    0.0069   10.3   0.2   136   214   310   390   307   393 0.77 NC_021283.1_701 # 912334 # 914802 # 1 # ID=1_701;partial=00;start_type=ATG;rbs_motif=AGGA;rbs_spacer=5-10bp;gc_cont=0.297
NC_021283.1:912334-914802|+ -            823 462at2085            -            610   3.3e-37  123.6  40.7   4   5   2.2e-19   3.8e-17   57.4  10.5   306   519   388   570   375   634 0.81 NC_021283.1_701 # 912334 # 914802 # 1 # ID=1_701;partial=00;start_type=ATG;rbs_motif=AGGA;rbs_spacer=5-10bp;gc_cont=0.297
NC_021283.1:912334-914802|+ -            823 462at2085            -            610   3.3e-37  123.6  40.7   5   5      0.01       1.8    2.3   2.9   529   606   644   720   626   728 0.77 NC_021283.1_701 # 912334 # 914802 # 1 # ID=1_701;partial=00;start_type=ATG;rbs_motif=AGGA;rbs_spacer=5-10bp;gc_cont=0.297
NC_021283.1:31091-33751|-   -            887 462at2085            -            610   4.6e-34  113.2  29.8   1   4     1e-23   1.9e-21   71.6   0.6     5   166    25   199    21   206 0.85 NC_021283.1_28 # 31091 # 33751 # -1 # ID=1_28;partial=00;start_type=ATG;rbs_motif=AGGA;rbs_spacer=5-10bp;gc_cont=0.308
NC_021283.1:31091-33751|-   -            887 462at2085            -            610   4.6e-34  113.2  29.8   2   4      0.17        29   -1.7   0.1   141   203   219   277   215   281 0.73 NC_021283.1_28 # 31091 # 33751 # -1 # ID=1_28;partial=00;start_type=ATG;rbs_motif=AGGA;rbs_spacer=5-10bp;gc_cont=0.308
NC_021283.1:31091-33751|-   -            887 462at2085            -            610   4.6e-34  113.2  29.8   3   4     1e-17   1.8e-15   51.8   4.3   230   488   372   615   358   652 0.72 NC_021283.1_28 # 31091 # 33751 # -1 # ID=1_28;partial=00;start_type=ATG;rbs_motif=AGGA;rbs_spacer=5-10bp;gc_cont=0.308
NC_021283.1:31091-33751|-   -            887 462at2085            -            610   4.6e-34  113.2  29.8   4   4       0.1        18   -1.0   5.0   524   571   729   775   676   817 0.64 NC_021283.1_28 # 31091 # 33751 # -1 # ID=1_28;partial=00;start_type=ATG;rbs_motif=AGGA;rbs_spacer=5-10bp;gc_cont=0.308
NC_021283.1:489402-490943|- -            514 462at2085            -            610   1.2e-24   82.1  14.8   1   2   1.7e-19     3e-17   57.7   5.6    25   198     2   178     1   212 0.87 NC_021283.1_409 # 489402 # 490943 # -1 # ID=1_409;partial=00;start_type=ATG;rbs_motif=GGA/GAG/AGG;rbs_spacer=5-10bp;gc_cont=0.271
NC_021283.1:489402-490943|- -            514 462at2085            -            610   1.2e-24   82.1  14.8   2   2   2.6e-11   4.6e-09   30.7   0.8   356   507   212   353   184   383 0.77 NC_021283.1_409 # 489402 # 490943 # -1 # ID=1_409;partial=00;start_type=ATG;rbs_motif=GGA/GAG/AGG;rbs_spacer=5-10bp;gc_cont=0.271
#
# Program:         hmmsearch
# Version:         3.4 (Aug 2023)
# Pipeline mode:   SEARCH
# Query file:      /home/bryan/Documentos/GitHub/Project_doctoral/IMPLEMENTACAO/Genomes/M_hyopneumoniae/strains/168L/Use/busco_downloads/lineages/mycoplasmatales_odb10/hmms/462at2085.hmm
# Target file:     /home/bryan/Documentos/GitHub/Project_doctoral/IMPLEMENTACAO/Genomes/M_hyopneumoniae/strains/168L/Use/busco_complete/prodigal_output/predicted_genes/predicted.faa
# Option settings: hmmsearch --domtblout /home/bryan/Documentos/GitHub/Project_doctoral/IMPLEMENTACAO/Genomes/M_hyopneumoniae/strains/168L/Use/busco_complete/run_mycoplasmatales_odb10/hmmer_output/462at2085.out --cpu 1 /home/bryan/Documentos/GitHub/Project_doctoral/IMPLEMENTACAO/Genomes/M_hyopneumoniae/strains/168L/Use/busco_downloads/lineages/mycoplasmatales_odb10/hmms/462at2085.hmm /home/bryan/Documentos/GitHub/Project_doctoral/IMPLEMENTACAO/Genomes/M_hyopneumoniae/strains/168L/Use/busco_complete/prodigal_output/predicted_genes/predicted.faa 
# Current dir:     /home/bryan/Documentos/GitHub/Project_doctoral/IMPLEMENTACAO/Genomes/M_hyopneumoniae/strains/168L/Use
# Date:            Sun Dec  1 19:06:01 2024
# [ok]
