#                                                                                   --- full sequence --- -------------- this domain -------------   hmm coord   ali coord   env coord
# target name               accession   tlen query name           accession   qlen   E-value  score  bias   #  of  c-Evalue  i-Evalue  score  bias  from    to  from    to  from    to  acc description of target
#       ------------------- ---------- ----- -------------------- ---------- ----- --------- ------ ----- --- --- --------- --------- ------ ----- ----- ----- ----- ----- ----- ----- ---- ---------------------
NC_021283.1:912334-914802|+ -            823 534at2085            -            678  5.4e-263  869.6  54.8   1   2  3.8e-255  6.7e-253  836.2  47.0    14   658    28   751     1   767 0.85 NC_021283.1_701 # 912334 # 914802 # 1 # ID=1_701;partial=00;start_type=ATG;rbs_motif=AGGA;rbs_spacer=5-10bp;gc_cont=0.297
NC_021283.1:912334-914802|+ -            823 534at2085            -            678  5.4e-263  869.6  54.8   2   2   6.1e-11   1.1e-08   29.2   5.4   625   678   766   819   741   819 0.83 NC_021283.1_701 # 912334 # 914802 # 1 # ID=1_701;partial=00;start_type=ATG;rbs_motif=AGGA;rbs_spacer=5-10bp;gc_cont=0.297
NC_021283.1:31091-33751|-   -            887 534at2085            -            678   4.6e-68  225.4  25.4   1   3   2.3e-26   4.1e-24   80.1   0.4     7   209    40   248    34   278 0.82 NC_021283.1_28 # 31091 # 33751 # -1 # ID=1_28;partial=00;start_type=ATG;rbs_motif=AGGA;rbs_spacer=5-10bp;gc_cont=0.308
NC_021283.1:31091-33751|-   -            887 534at2085            -            678   4.6e-68  225.4  25.4   2   3   1.4e-20   2.4e-18   61.1   0.3   217   383   293   469   288   482 0.80 NC_021283.1_28 # 31091 # 33751 # -1 # ID=1_28;partial=00;start_type=ATG;rbs_motif=AGGA;rbs_spacer=5-10bp;gc_cont=0.308
NC_021283.1:31091-33751|-   -            887 534at2085            -            678   4.6e-68  225.4  25.4   3   3   5.6e-30   9.9e-28   92.1  12.7   371   601   489   723   476   788 0.75 NC_021283.1_28 # 31091 # 33751 # -1 # ID=1_28;partial=00;start_type=ATG;rbs_motif=AGGA;rbs_spacer=5-10bp;gc_cont=0.308
NC_021283.1:850924-853296|- -            791 534at2085            -            678   7.8e-39  128.8  17.9   1   6   3.2e-13   5.7e-11   36.7   0.0    14   169    26   171    13   176 0.79 NC_021283.1_662 # 850924 # 853296 # -1 # ID=1_662;partial=00;start_type=ATG;rbs_motif=GGA/GAG/AGG;rbs_spacer=5-10bp;gc_cont=0.307
NC_021283.1:850924-853296|- -            791 534at2085            -            678   7.8e-39  128.8  17.9   2   6   7.5e-06    0.0013   12.4   0.2   308   365   177   233   169   238 0.89 NC_021283.1_662 # 850924 # 853296 # -1 # ID=1_662;partial=00;start_type=ATG;rbs_motif=GGA/GAG/AGG;rbs_spacer=5-10bp;gc_cont=0.307
NC_021283.1:850924-853296|- -            791 534at2085            -            678   7.8e-39  128.8  17.9   3   6     0.022         4    0.9   0.0   176   209   231   265   227   281 0.81 NC_021283.1_662 # 850924 # 853296 # -1 # ID=1_662;partial=00;start_type=ATG;rbs_motif=GGA/GAG/AGG;rbs_spacer=5-10bp;gc_cont=0.307
NC_021283.1:850924-853296|- -            791 534at2085            -            678   7.8e-39  128.8  17.9   4   6   1.9e-08   3.4e-06   20.9   0.0   216   300   302   391   296   397 0.86 NC_021283.1_662 # 850924 # 853296 # -1 # ID=1_662;partial=00;start_type=ATG;rbs_motif=GGA/GAG/AGG;rbs_spacer=5-10bp;gc_cont=0.307
NC_021283.1:850924-853296|- -            791 534at2085            -            678   7.8e-39  128.8  17.9   5   6   1.8e-05    0.0032   11.1   0.0   359   388   398   427   393   440 0.84 NC_021283.1_662 # 850924 # 853296 # -1 # ID=1_662;partial=00;start_type=ATG;rbs_motif=GGA/GAG/AGG;rbs_spacer=5-10bp;gc_cont=0.307
NC_021283.1:850924-853296|- -            791 534at2085            -            678   7.8e-39  128.8  17.9   6   6   4.5e-18     8e-16   52.7   4.6   437   595   530   704   500   775 0.76 NC_021283.1_662 # 850924 # 853296 # -1 # ID=1_662;partial=00;start_type=ATG;rbs_motif=GGA/GAG/AGG;rbs_spacer=5-10bp;gc_cont=0.307
NC_021283.1:489402-490943|- -            514 534at2085            -            678   1.7e-12   41.8  22.7   1   2   6.8e-10   1.2e-07   25.7   2.1    29   155    14   128     2   145 0.78 NC_021283.1_409 # 489402 # 490943 # -1 # ID=1_409;partial=00;start_type=ATG;rbs_motif=GGA/GAG/AGG;rbs_spacer=5-10bp;gc_cont=0.271
NC_021283.1:489402-490943|- -            514 534at2085            -            678   1.7e-12   41.8  22.7   2   2   3.3e-08   5.8e-06   20.2  13.0   312   561   151   392   128   468 0.67 NC_021283.1_409 # 489402 # 490943 # -1 # ID=1_409;partial=00;start_type=ATG;rbs_motif=GGA/GAG/AGG;rbs_spacer=5-10bp;gc_cont=0.271
#
# Program:         hmmsearch
# Version:         3.4 (Aug 2023)
# Pipeline mode:   SEARCH
# Query file:      /home/bryan/Documentos/GitHub/Project_doctoral/IMPLEMENTACAO/Genomes/M_hyopneumoniae/strains/168L/Use/busco_downloads/lineages/mycoplasmatales_odb10/hmms/534at2085.hmm
# Target file:     /home/bryan/Documentos/GitHub/Project_doctoral/IMPLEMENTACAO/Genomes/M_hyopneumoniae/strains/168L/Use/busco_complete/prodigal_output/predicted_genes/predicted.faa
# Option settings: hmmsearch --domtblout /home/bryan/Documentos/GitHub/Project_doctoral/IMPLEMENTACAO/Genomes/M_hyopneumoniae/strains/168L/Use/busco_complete/run_mycoplasmatales_odb10/hmmer_output/534at2085.out --cpu 1 /home/bryan/Documentos/GitHub/Project_doctoral/IMPLEMENTACAO/Genomes/M_hyopneumoniae/strains/168L/Use/busco_downloads/lineages/mycoplasmatales_odb10/hmms/534at2085.hmm /home/bryan/Documentos/GitHub/Project_doctoral/IMPLEMENTACAO/Genomes/M_hyopneumoniae/strains/168L/Use/busco_complete/prodigal_output/predicted_genes/predicted.faa 
# Current dir:     /home/bryan/Documentos/GitHub/Project_doctoral/IMPLEMENTACAO/Genomes/M_hyopneumoniae/strains/168L/Use
# Date:            Sun Dec  1 19:06:02 2024
# [ok]
