#                                                                                     --- full sequence --- -------------- this domain -------------   hmm coord   ali coord   env coord
# target name                 accession   tlen query name           accession   qlen   E-value  score  bias   #  of  c-Evalue  i-Evalue  score  bias  from    to  from    to  from    to  acc description of target
#         ------------------- ---------- ----- -------------------- ---------- ----- --------- ------ ----- --- --- --------- --------- ------ ----- ----- ----- ----- ----- ----- ----- ---- ---------------------
NZ_CP034597.1:886230-888698|+ -            823 534at2085            -            678  5.2e-263  869.6  53.9   1   2  2.5e-255  4.4e-253  836.8  45.8    14   657    28   750     1   767 0.85 NZ_CP034597.1_681 # 886230 # 888698 # 1 # ID=1_681;partial=00;start_type=ATG;rbs_motif=AGGA;rbs_spacer=5-10bp;gc_cont=0.298
NZ_CP034597.1:886230-888698|+ -            823 534at2085            -            678  5.2e-263  869.6  53.9   2   2   2.6e-11   4.5e-09   30.4   3.7   628   678   769   819   744   819 0.85 NZ_CP034597.1_681 # 886230 # 888698 # 1 # ID=1_681;partial=00;start_type=ATG;rbs_motif=AGGA;rbs_spacer=5-10bp;gc_cont=0.298
NZ_CP034597.1:39141-41801|-   -            887 534at2085            -            678   7.7e-68  224.6  24.9   1   3   4.6e-26   7.9e-24   79.2   0.3     7   209    40   248    34   278 0.82 NZ_CP034597.1_33 # 39141 # 41801 # -1 # ID=1_33;partial=00;start_type=ATG;rbs_motif=AGGA;rbs_spacer=5-10bp;gc_cont=0.309
NZ_CP034597.1:39141-41801|-   -            887 534at2085            -            678   7.7e-68  224.6  24.9   2   3   1.2e-20   2.1e-18   61.2   0.3   217   383   293   469   287   482 0.80 NZ_CP034597.1_33 # 39141 # 41801 # -1 # ID=1_33;partial=00;start_type=ATG;rbs_motif=AGGA;rbs_spacer=5-10bp;gc_cont=0.309
NZ_CP034597.1:39141-41801|-   -            887 534at2085            -            678   7.7e-68  224.6  24.9   3   3   7.3e-30   1.2e-27   91.7  12.7   371   599   489   721   476   780 0.77 NZ_CP034597.1_33 # 39141 # 41801 # -1 # ID=1_33;partial=00;start_type=ATG;rbs_motif=AGGA;rbs_spacer=5-10bp;gc_cont=0.309
NZ_CP034597.1:840804-843176|- -            791 534at2085            -            678   2.9e-38  126.9  20.2   1   6   3.4e-13   5.9e-11   36.6   0.0    14   169    26   171    13   175 0.79 NZ_CP034597.1_653 # 840804 # 843176 # -1 # ID=1_653;partial=00;start_type=ATG;rbs_motif=GGA/GAG/AGG;rbs_spacer=5-10bp;gc_cont=0.306
NZ_CP034597.1:840804-843176|- -            791 534at2085            -            678   2.9e-38  126.9  20.2   2   6   7.9e-06    0.0014   12.3   0.2   308   365   177   233   170   238 0.89 NZ_CP034597.1_653 # 840804 # 843176 # -1 # ID=1_653;partial=00;start_type=ATG;rbs_motif=GGA/GAG/AGG;rbs_spacer=5-10bp;gc_cont=0.306
NZ_CP034597.1:840804-843176|- -            791 534at2085            -            678   2.9e-38  126.9  20.2   3   6     0.014       2.4    1.6   0.0   176   210   231   266   226   287 0.77 NZ_CP034597.1_653 # 840804 # 843176 # -1 # ID=1_653;partial=00;start_type=ATG;rbs_motif=GGA/GAG/AGG;rbs_spacer=5-10bp;gc_cont=0.306
NZ_CP034597.1:840804-843176|- -            791 534at2085            -            678   2.9e-38  126.9  20.2   4   6   9.3e-09   1.6e-06   22.0   0.1   216   300   302   391   295   397 0.86 NZ_CP034597.1_653 # 840804 # 843176 # -1 # ID=1_653;partial=00;start_type=ATG;rbs_motif=GGA/GAG/AGG;rbs_spacer=5-10bp;gc_cont=0.306
NZ_CP034597.1:840804-843176|- -            791 534at2085            -            678   2.9e-38  126.9  20.2   5   6   1.8e-05    0.0031   11.1   0.0   359   388   398   427   393   440 0.84 NZ_CP034597.1_653 # 840804 # 843176 # -1 # ID=1_653;partial=00;start_type=ATG;rbs_motif=GGA/GAG/AGG;rbs_spacer=5-10bp;gc_cont=0.306
NZ_CP034597.1:840804-843176|- -            791 534at2085            -            678   2.9e-38  126.9  20.2   6   6   2.2e-17   3.8e-15   50.5   6.1   437   596   530   705   500   778 0.74 NZ_CP034597.1_653 # 840804 # 843176 # -1 # ID=1_653;partial=00;start_type=ATG;rbs_motif=GGA/GAG/AGG;rbs_spacer=5-10bp;gc_cont=0.306
NZ_CP034597.1:505804-507345|+ -            514 534at2085            -            678   1.6e-12   41.8  22.6   1   2   6.7e-10   1.1e-07   25.8   2.0    29   153    14   126     2   145 0.78 NZ_CP034597.1_422 # 505804 # 507345 # 1 # ID=1_422;partial=00;start_type=ATG;rbs_motif=GGA/GAG/AGG;rbs_spacer=5-10bp;gc_cont=0.274
NZ_CP034597.1:505804-507345|+ -            514 534at2085            -            678   1.6e-12   41.8  22.6   2   2   2.8e-08   4.9e-06   20.4  12.8   312   561   151   392   128   468 0.67 NZ_CP034597.1_422 # 505804 # 507345 # 1 # ID=1_422;partial=00;start_type=ATG;rbs_motif=GGA/GAG/AGG;rbs_spacer=5-10bp;gc_cont=0.274
#
# Program:         hmmsearch
# Version:         3.4 (Aug 2023)
# Pipeline mode:   SEARCH
# Query file:      /home/bryan/Documentos/GitHub/Project_doctoral/IMPLEMENTACAO/Genomes/M_hyopneumoniae/strains/F72C/Use/busco_downloads/lineages/mycoplasmatales_odb10/hmms/534at2085.hmm
# Target file:     /home/bryan/Documentos/GitHub/Project_doctoral/IMPLEMENTACAO/Genomes/M_hyopneumoniae/strains/F72C/Use/busco_complete/prodigal_output/predicted_genes/predicted.faa
# Option settings: hmmsearch --domtblout /home/bryan/Documentos/GitHub/Project_doctoral/IMPLEMENTACAO/Genomes/M_hyopneumoniae/strains/F72C/Use/busco_complete/run_mycoplasmatales_odb10/hmmer_output/534at2085.out --cpu 1 /home/bryan/Documentos/GitHub/Project_doctoral/IMPLEMENTACAO/Genomes/M_hyopneumoniae/strains/F72C/Use/busco_downloads/lineages/mycoplasmatales_odb10/hmms/534at2085.hmm /home/bryan/Documentos/GitHub/Project_doctoral/IMPLEMENTACAO/Genomes/M_hyopneumoniae/strains/F72C/Use/busco_complete/prodigal_output/predicted_genes/predicted.faa 
# Current dir:     /home/bryan/Documentos/GitHub/Project_doctoral/IMPLEMENTACAO/Genomes/M_hyopneumoniae/strains/F72C/Use
# Date:            Sun Dec  1 19:03:29 2024
# [ok]
