#                                                                                     --- full sequence --- -------------- this domain -------------   hmm coord   ali coord   env coord
# target name                 accession   tlen query name           accession   qlen   E-value  score  bias   #  of  c-Evalue  i-Evalue  score  bias  from    to  from    to  from    to  acc description of target
#         ------------------- ---------- ----- -------------------- ---------- ----- --------- ------ ----- --- --- --------- --------- ------ ----- ----- ----- ----- ----- ----- ----- ---- ---------------------
NZ_CP034597.1:300963-302666|+ -            568 908at2085            -            403  3.5e-146  482.2  18.1   1   2   1.1e-85   1.9e-83  275.7  12.7     4   229    16   286    13   304 0.85 NZ_CP034597.1_261 # 300963 # 302666 # 1 # ID=1_261;partial=00;start_type=ATG;rbs_motif=GGA/GAG/AGG;rbs_spacer=5-10bp;gc_cont=0.326
NZ_CP034597.1:300963-302666|+ -            568 908at2085            -            403  3.5e-146  482.2  18.1   2   2   2.9e-63     5e-61  201.8   0.2   243   398   381   558   354   563 0.85 NZ_CP034597.1_261 # 300963 # 302666 # 1 # ID=1_261;partial=00;start_type=ATG;rbs_motif=GGA/GAG/AGG;rbs_spacer=5-10bp;gc_cont=0.326
NZ_CP034597.1:253902-255368|+ -            489 908at2085            -            403   1.6e-29   98.1   6.1   1   2   6.5e-18   1.1e-15   52.5   4.5    47   229   113   303    76   324 0.82 NZ_CP034597.1_230 # 253902 # 255368 # 1 # ID=1_230;partial=00;start_type=ATG;rbs_motif=None;rbs_spacer=None;gc_cont=0.311
NZ_CP034597.1:253902-255368|+ -            489 908at2085            -            403   1.6e-29   98.1   6.1   2   2   1.3e-15   2.2e-13   44.9   0.0   318   378   423   482   397   488 0.78 NZ_CP034597.1_230 # 253902 # 255368 # 1 # ID=1_230;partial=00;start_type=ATG;rbs_motif=None;rbs_spacer=None;gc_cont=0.311
NZ_CP034597.1:512046-513395|+ -            450 908at2085            -            403   4.2e-29   96.7   7.1   1   2   1.4e-14   2.3e-12   41.5   4.3     3   202    19   247    16   259 0.71 NZ_CP034597.1_427 # 512046 # 513395 # 1 # ID=1_427;partial=00;start_type=ATG;rbs_motif=None;rbs_spacer=None;gc_cont=0.321
NZ_CP034597.1:512046-513395|+ -            450 908at2085            -            403   4.2e-29   96.7   7.1   2   2   2.7e-17   4.6e-15   50.4   0.0   286   383   353   447   329   449 0.83 NZ_CP034597.1_427 # 512046 # 513395 # 1 # ID=1_427;partial=00;start_type=ATG;rbs_motif=None;rbs_spacer=None;gc_cont=0.321
NZ_CP034597.1:642203-643204|- -            334 908at2085            -            403   7.4e-07   23.4   0.4   1   2    0.0019      0.33    4.8   0.1   106   196    34   133    20   163 0.71 NZ_CP034597.1_507 # 642203 # 643204 # -1 # ID=1_507;partial=00;start_type=ATG;rbs_motif=AGGA/GGAG/GAGG;rbs_spacer=11-12bp;gc_cont=0.258
NZ_CP034597.1:642203-643204|- -            334 908at2085            -            403   7.4e-07   23.4   0.4   2   2   3.7e-07   6.4e-05   17.0   0.0   294   380   245   327   175   332 0.79 NZ_CP034597.1_507 # 642203 # 643204 # -1 # ID=1_507;partial=00;start_type=ATG;rbs_motif=AGGA/GGAG/GAGG;rbs_spacer=11-12bp;gc_cont=0.258
#
# Program:         hmmsearch
# Version:         3.4 (Aug 2023)
# Pipeline mode:   SEARCH
# Query file:      /home/bryan/Documentos/GitHub/Project_doctoral/IMPLEMENTACAO/Genomes/M_hyopneumoniae/strains/F72C/Use/busco_downloads/lineages/mycoplasmatales_odb10/hmms/908at2085.hmm
# Target file:     /home/bryan/Documentos/GitHub/Project_doctoral/IMPLEMENTACAO/Genomes/M_hyopneumoniae/strains/F72C/Use/busco_complete/prodigal_output/predicted_genes/predicted.faa
# Option settings: hmmsearch --domtblout /home/bryan/Documentos/GitHub/Project_doctoral/IMPLEMENTACAO/Genomes/M_hyopneumoniae/strains/F72C/Use/busco_complete/run_mycoplasmatales_odb10/hmmer_output/908at2085.out --cpu 1 /home/bryan/Documentos/GitHub/Project_doctoral/IMPLEMENTACAO/Genomes/M_hyopneumoniae/strains/F72C/Use/busco_downloads/lineages/mycoplasmatales_odb10/hmms/908at2085.hmm /home/bryan/Documentos/GitHub/Project_doctoral/IMPLEMENTACAO/Genomes/M_hyopneumoniae/strains/F72C/Use/busco_complete/prodigal_output/predicted_genes/predicted.faa 
# Current dir:     /home/bryan/Documentos/GitHub/Project_doctoral/IMPLEMENTACAO/Genomes/M_hyopneumoniae/strains/F72C/Use
# Date:            Sun Dec  1 19:03:30 2024
# [ok]
