#                                                                                     --- full sequence --- -------------- this domain -------------   hmm coord   ali coord   env coord
# target name                 accession   tlen query name           accession   qlen   E-value  score  bias   #  of  c-Evalue  i-Evalue  score  bias  from    to  from    to  from    to  acc description of target
#         ------------------- ---------- ----- -------------------- ---------- ----- --------- ------ ----- --- --- --------- --------- ------ ----- ----- ----- ----- ----- ----- ----- ---- ---------------------
NZ_CP142079.1:243643-244971|- -            443 1338at2085           -            333  1.5e-109  361.5  27.3   1   2    8e-104  7.9e-102  336.1  23.8     1   290     4   357     4   394 0.78 NZ_CP142079.1_222 # 243643 # 244971 # -1 # ID=1_222;partial=00;start_type=TTG;rbs_motif=AGGAG;rbs_spacer=5-10bp;gc_cont=0.314
NZ_CP142079.1:243643-244971|- -            443 1338at2085           -            333  1.5e-109  361.5  27.3   2   2   3.9e-08   3.9e-06   21.6   0.1   300   333   405   442   370   442 0.88 NZ_CP142079.1_222 # 243643 # 244971 # -1 # ID=1_222;partial=00;start_type=TTG;rbs_motif=AGGAG;rbs_spacer=5-10bp;gc_cont=0.314
NZ_CP142079.1:91612-92913|+   -            434 1338at2085           -            333     3e-41  137.0   3.3   1   2   3.6e-18   3.6e-16   54.5   0.7   179   329     5   160     2   162 0.86 NZ_CP142079.1_73 # 91612 # 92913 # 1 # ID=1_73;partial=00;start_type=ATG;rbs_motif=None;rbs_spacer=None;gc_cont=0.293
NZ_CP142079.1:91612-92913|+   -            434 1338at2085           -            333     3e-41  137.0   3.3   2   2   1.1e-26     1e-24   82.6   0.0   176   323   170   316   147   322 0.74 NZ_CP142079.1_73 # 91612 # 92913 # 1 # ID=1_73;partial=00;start_type=ATG;rbs_motif=None;rbs_spacer=None;gc_cont=0.293
NZ_CP142079.1:194698-195579|- -            294 1338at2085           -            333     7e-15   50.3   1.2   1   1   1.2e-16   1.2e-14   49.6   1.2   174   267     4    98     1   141 0.78 NZ_CP142079.1_160 # 194698 # 195579 # -1 # ID=1_160;partial=00;start_type=ATG;rbs_motif=None;rbs_spacer=None;gc_cont=0.293
NZ_CP142079.1:111496-112287|+ -            264 1338at2085           -            333   2.3e-10   35.4   0.2   1   2      0.42        42   -1.6   0.1   263   263    40    40     3    78 0.54 NZ_CP142079.1_90 # 111496 # 112287 # 1 # ID=1_90;partial=00;start_type=ATG;rbs_motif=GGA/GAG/AGG;rbs_spacer=3-4bp;gc_cont=0.270
NZ_CP142079.1:111496-112287|+ -            264 1338at2085           -            333   2.3e-10   35.4   0.2   2   2   6.3e-12   6.2e-10   34.0   0.1   151   234    80   164    45   180 0.77 NZ_CP142079.1_90 # 111496 # 112287 # 1 # ID=1_90;partial=00;start_type=ATG;rbs_motif=GGA/GAG/AGG;rbs_spacer=3-4bp;gc_cont=0.270
NZ_CP142079.1:568452-569048|- -            199 1338at2085           -            333   1.7e-07   26.0   0.1   1   2   5.8e-09   5.7e-07   24.3   0.0   160   212    21    73    16    91 0.89 NZ_CP142079.1_457 # 568452 # 569048 # -1 # ID=1_457;partial=00;start_type=ATG;rbs_motif=None;rbs_spacer=None;gc_cont=0.291
NZ_CP142079.1:568452-569048|- -            199 1338at2085           -            333   1.7e-07   26.0   0.1   2   2      0.24        23   -0.7   0.1    90    90   159   159    94   196 0.49 NZ_CP142079.1_457 # 568452 # 569048 # -1 # ID=1_457;partial=00;start_type=ATG;rbs_motif=None;rbs_spacer=None;gc_cont=0.291
NZ_CP142079.1:54183-55442|+   -            420 1338at2085           -            333   8.3e-06   20.5   0.2   1   1   1.8e-07   1.8e-05   19.3   0.1   178   307   158   288   151   308 0.77 NZ_CP142079.1_42 # 54183 # 55442 # 1 # ID=1_42;partial=00;start_type=ATG;rbs_motif=AGGA;rbs_spacer=5-10bp;gc_cont=0.310
NZ_CP142079.1:354788-355891|- -            368 1338at2085           -            333   8.3e-05   17.2   0.9   1   1   1.7e-05    0.0017   12.9   0.9   177   283     3   128     1   156 0.59 NZ_CP142079.1_309 # 354788 # 355891 # -1 # ID=1_309;partial=00;start_type=ATG;rbs_motif=None;rbs_spacer=None;gc_cont=0.297
#
# Program:         hmmsearch
# Version:         3.4 (Aug 2023)
# Pipeline mode:   SEARCH
# Query file:      /home/lgef/Documentos/GitHub/Project_doctoral/IMPLEMENTACAO/Genomes/M_hyopneumoniae/MHP_ncbi_dataset/ncbi_dataset/data/strains/Ue273/Use/busco_downloads/lineages/mycoplasmatales_odb10/hmms/1338at2085.hmm
# Target file:     /home/lgef/Documentos/GitHub/Project_doctoral/IMPLEMENTACAO/Genomes/M_hyopneumoniae/MHP_ncbi_dataset/ncbi_dataset/data/strains/Ue273/Use/busco_complete/prodigal_output/predicted_genes/predicted.faa
# Option settings: hmmsearch --domtblout /home/lgef/Documentos/GitHub/Project_doctoral/IMPLEMENTACAO/Genomes/M_hyopneumoniae/MHP_ncbi_dataset/ncbi_dataset/data/strains/Ue273/Use/busco_complete/run_mycoplasmatales_odb10/hmmer_output/1338at2085.out --cpu 1 /home/lgef/Documentos/GitHub/Project_doctoral/IMPLEMENTACAO/Genomes/M_hyopneumoniae/MHP_ncbi_dataset/ncbi_dataset/data/strains/Ue273/Use/busco_downloads/lineages/mycoplasmatales_odb10/hmms/1338at2085.hmm /home/lgef/Documentos/GitHub/Project_doctoral/IMPLEMENTACAO/Genomes/M_hyopneumoniae/MHP_ncbi_dataset/ncbi_dataset/data/strains/Ue273/Use/busco_complete/prodigal_output/predicted_genes/predicted.faa 
# Current dir:     /home/lgef/Documentos/GitHub/Project_doctoral/IMPLEMENTACAO/Genomes/M_hyopneumoniae/MHP_ncbi_dataset/ncbi_dataset/data/strains/Ue273/Use
# Date:            Thu Nov 28 19:22:47 2024
# [ok]
