#                                                                                     --- full sequence --- -------------- this domain -------------   hmm coord   ali coord   env coord
# target name                 accession   tlen query name           accession   qlen   E-value  score  bias   #  of  c-Evalue  i-Evalue  score  bias  from    to  from    to  from    to  acc description of target
#         ------------------- ---------- ----- -------------------- ---------- ----- --------- ------ ----- --- --- --------- --------- ------ ----- ----- ----- ----- ----- ----- ----- ---- ---------------------
NZ_CP142079.1:128738-129655|+ -            306 3146at2085           -            235   1.1e-85  282.1   1.2   1   2   5.3e-29   9.1e-27   89.2   0.1     1    65     4    71     4   105 0.89 NZ_CP142079.1_102 # 128738 # 129655 # 1 # ID=1_102;partial=00;start_type=ATG;rbs_motif=GGA/GAG/AGG;rbs_spacer=5-10bp;gc_cont=0.350
NZ_CP142079.1:128738-129655|+ -            306 3146at2085           -            235   1.1e-85  282.1   1.2   2   2   2.6e-60   4.5e-58  191.7   0.2    64   234   104   299    98   300 0.86 NZ_CP142079.1_102 # 128738 # 129655 # 1 # ID=1_102;partial=00;start_type=ATG;rbs_motif=GGA/GAG/AGG;rbs_spacer=5-10bp;gc_cont=0.350
NZ_CP142079.1:743964-745328|- -            455 3146at2085           -            235   2.9e-16   54.8   5.1   1   2     1e-07   1.8e-05   19.5   0.1     1    39     4    42     4    51 0.94 NZ_CP142079.1_579 # 743964 # 745328 # -1 # ID=1_579;partial=00;start_type=ATG;rbs_motif=GGA/GAG/AGG;rbs_spacer=5-10bp;gc_cont=0.318
NZ_CP142079.1:743964-745328|- -            455 3146at2085           -            235   2.9e-16   54.8   5.1   2   2   1.9e-12   3.4e-10   35.0   2.0   102   235   167   320   124   320 0.66 NZ_CP142079.1_579 # 743964 # 745328 # -1 # ID=1_579;partial=00;start_type=ATG;rbs_motif=GGA/GAG/AGG;rbs_spacer=5-10bp;gc_cont=0.318
NZ_CP142079.1:651069-652916|+ -            616 3146at2085           -            235   7.2e-11   37.2   9.8   1   2     3e-08   5.2e-06   21.3   0.1     1    38   161   198   161   206 0.93 NZ_CP142079.1_512 # 651069 # 652916 # 1 # ID=1_512;partial=00;start_type=ATG;rbs_motif=AGGA;rbs_spacer=5-10bp;gc_cont=0.367
NZ_CP142079.1:651069-652916|+ -            616 3146at2085           -            235   7.2e-11   37.2   9.8   2   2     2e-07   3.5e-05   18.6   3.7    58   218   284   466   244   483 0.67 NZ_CP142079.1_512 # 651069 # 652916 # 1 # ID=1_512;partial=00;start_type=ATG;rbs_motif=AGGA;rbs_spacer=5-10bp;gc_cont=0.367
NZ_CP142079.1:2777-4636|+     -            620 3146at2085           -            235     0.024    9.3   2.9   1   3    0.0011       0.2    6.3   0.0     1    30    12    41    12    49 0.85 NZ_CP142079.1_3 # 2777 # 4636 # 1 # ID=1_3;partial=00;start_type=ATG;rbs_motif=GGAG/GAGG;rbs_spacer=5-10bp;gc_cont=0.327
NZ_CP142079.1:2777-4636|+     -            620 3146at2085           -            235     0.024    9.3   2.9   2   3     0.028       4.8    1.7   0.7   129   169    98   142    79   162 0.72 NZ_CP142079.1_3 # 2777 # 4636 # 1 # ID=1_3;partial=00;start_type=ATG;rbs_motif=GGAG/GAGG;rbs_spacer=5-10bp;gc_cont=0.327
NZ_CP142079.1:2777-4636|+     -            620 3146at2085           -            235     0.024    9.3   2.9   3   3      0.61     1e+02   -2.6   0.0   201   215   361   376   350   393 0.73 NZ_CP142079.1_3 # 2777 # 4636 # 1 # ID=1_3;partial=00;start_type=ATG;rbs_motif=GGAG/GAGG;rbs_spacer=5-10bp;gc_cont=0.327
#
# Program:         hmmsearch
# Version:         3.4 (Aug 2023)
# Pipeline mode:   SEARCH
# Query file:      /home/lgef/Documentos/GitHub/Project_doctoral/IMPLEMENTACAO/Genomes/M_hyopneumoniae/MHP_ncbi_dataset/ncbi_dataset/data/strains/Ue273/Use/busco_downloads/lineages/mycoplasmatales_odb10/hmms/3146at2085.hmm
# Target file:     /home/lgef/Documentos/GitHub/Project_doctoral/IMPLEMENTACAO/Genomes/M_hyopneumoniae/MHP_ncbi_dataset/ncbi_dataset/data/strains/Ue273/Use/busco_complete/prodigal_output/predicted_genes/predicted.faa
# Option settings: hmmsearch --domtblout /home/lgef/Documentos/GitHub/Project_doctoral/IMPLEMENTACAO/Genomes/M_hyopneumoniae/MHP_ncbi_dataset/ncbi_dataset/data/strains/Ue273/Use/busco_complete/run_mycoplasmatales_odb10/hmmer_output/3146at2085.out --cpu 1 /home/lgef/Documentos/GitHub/Project_doctoral/IMPLEMENTACAO/Genomes/M_hyopneumoniae/MHP_ncbi_dataset/ncbi_dataset/data/strains/Ue273/Use/busco_downloads/lineages/mycoplasmatales_odb10/hmms/3146at2085.hmm /home/lgef/Documentos/GitHub/Project_doctoral/IMPLEMENTACAO/Genomes/M_hyopneumoniae/MHP_ncbi_dataset/ncbi_dataset/data/strains/Ue273/Use/busco_complete/prodigal_output/predicted_genes/predicted.faa 
# Current dir:     /home/lgef/Documentos/GitHub/Project_doctoral/IMPLEMENTACAO/Genomes/M_hyopneumoniae/MHP_ncbi_dataset/ncbi_dataset/data/strains/Ue273/Use
# Date:            Thu Nov 28 19:22:49 2024
# [ok]
