#                                                                                     --- full sequence --- -------------- this domain -------------   hmm coord   ali coord   env coord
# target name                 accession   tlen query name           accession   qlen   E-value  score  bias   #  of  c-Evalue  i-Evalue  score  bias  from    to  from    to  from    to  acc description of target
#         ------------------- ---------- ----- -------------------- ---------- ----- --------- ------ ----- --- --- --------- --------- ------ ----- ----- ----- ----- ----- ----- ----- ---- ---------------------
NZ_CP142079.1:848556-850928|- -            791 462at2085            -            610  1.2e-222  736.1  36.5   1   4  5.3e-121  9.1e-119  393.0   5.7     2   270     3   280     2   298 0.91 NZ_CP142079.1_661 # 848556 # 850928 # -1 # ID=1_661;partial=00;start_type=ATG;rbs_motif=GGA/GAG/AGG;rbs_spacer=5-10bp;gc_cont=0.306
NZ_CP142079.1:848556-850928|- -            791 462at2085            -            610  1.2e-222  736.1  36.5   2   4     0.007       1.2    2.8   0.0   257   312   303   364   292   372 0.74 NZ_CP142079.1_661 # 848556 # 850928 # -1 # ID=1_661;partial=00;start_type=ATG;rbs_motif=GGA/GAG/AGG;rbs_spacer=5-10bp;gc_cont=0.306
NZ_CP142079.1:848556-850928|- -            791 462at2085            -            610  1.2e-222  736.1  36.5   3   4   9.6e-98   1.7e-95  316.1   2.0   292   516   381   619   362   625 0.88 NZ_CP142079.1_661 # 848556 # 850928 # -1 # ID=1_661;partial=00;start_type=ATG;rbs_motif=GGA/GAG/AGG;rbs_spacer=5-10bp;gc_cont=0.306
NZ_CP142079.1:848556-850928|- -            791 462at2085            -            610  1.2e-222  736.1  36.5   4   4   2.6e-12   4.5e-10   34.0  11.6   511   610   649   788   632   788 0.75 NZ_CP142079.1_661 # 848556 # 850928 # -1 # ID=1_661;partial=00;start_type=ATG;rbs_motif=GGA/GAG/AGG;rbs_spacer=5-10bp;gc_cont=0.306
NZ_CP142079.1:891982-894450|+ -            823 462at2085            -            610   3.7e-37  123.5  40.6   1   5   2.5e-21   4.3e-19   63.8   5.6     1   178     5   194     5   204 0.79 NZ_CP142079.1_687 # 891982 # 894450 # 1 # ID=1_687;partial=00;start_type=ATG;rbs_motif=AGGA;rbs_spacer=5-10bp;gc_cont=0.299
NZ_CP142079.1:891982-894450|+ -            823 462at2085            -            610   3.7e-37  123.5  40.6   2   5      0.12        20   -1.2   0.1   226   279   205   261   191   296 0.67 NZ_CP142079.1_687 # 891982 # 894450 # 1 # ID=1_687;partial=00;start_type=ATG;rbs_motif=AGGA;rbs_spacer=5-10bp;gc_cont=0.299
NZ_CP142079.1:891982-894450|+ -            823 462at2085            -            610   3.7e-37  123.5  40.6   3   5   3.8e-05    0.0065   10.3   0.2   136   214   310   390   304   393 0.78 NZ_CP142079.1_687 # 891982 # 894450 # 1 # ID=1_687;partial=00;start_type=ATG;rbs_motif=AGGA;rbs_spacer=5-10bp;gc_cont=0.299
NZ_CP142079.1:891982-894450|+ -            823 462at2085            -            610   3.7e-37  123.5  40.6   4   5   2.4e-19   4.1e-17   57.2  10.7   306   519   388   570   375   627 0.80 NZ_CP142079.1_687 # 891982 # 894450 # 1 # ID=1_687;partial=00;start_type=ATG;rbs_motif=AGGA;rbs_spacer=5-10bp;gc_cont=0.299
NZ_CP142079.1:891982-894450|+ -            823 462at2085            -            610   3.7e-37  123.5  40.6   5   5     0.009       1.6    2.5   2.8   529   606   644   720   625   728 0.77 NZ_CP142079.1_687 # 891982 # 894450 # 1 # ID=1_687;partial=00;start_type=ATG;rbs_motif=AGGA;rbs_spacer=5-10bp;gc_cont=0.299
NZ_CP142079.1:37736-40396|-   -            887 462at2085            -            610   7.5e-34  112.5  29.2   1   4   2.3e-23   3.9e-21   70.5   0.4     5   166    25   199    21   206 0.85 NZ_CP142079.1_32 # 37736 # 40396 # -1 # ID=1_32;partial=00;start_type=ATG;rbs_motif=AGGA;rbs_spacer=5-10bp;gc_cont=0.307
NZ_CP142079.1:37736-40396|-   -            887 462at2085            -            610   7.5e-34  112.5  29.2   2   4      0.17        29   -1.7   0.1   141   203   219   277   215   281 0.73 NZ_CP142079.1_32 # 37736 # 40396 # -1 # ID=1_32;partial=00;start_type=ATG;rbs_motif=AGGA;rbs_spacer=5-10bp;gc_cont=0.307
NZ_CP142079.1:37736-40396|-   -            887 462at2085            -            610   7.5e-34  112.5  29.2   3   4     1e-17   1.8e-15   51.8   4.3   230   488   372   615   358   652 0.72 NZ_CP142079.1_32 # 37736 # 40396 # -1 # ID=1_32;partial=00;start_type=ATG;rbs_motif=AGGA;rbs_spacer=5-10bp;gc_cont=0.307
NZ_CP142079.1:37736-40396|-   -            887 462at2085            -            610   7.5e-34  112.5  29.2   4   4       0.1        18   -1.0   5.0   524   571   729   775   676   817 0.64 NZ_CP142079.1_32 # 37736 # 40396 # -1 # ID=1_32;partial=00;start_type=ATG;rbs_motif=AGGA;rbs_spacer=5-10bp;gc_cont=0.307
NZ_CP142079.1:503593-505134|+ -            514 462at2085            -            610   1.7e-24   81.7  14.2   1   2   2.4e-19   4.1e-17   57.2   4.8    25   197     2   177     1   209 0.86 NZ_CP142079.1_421 # 503593 # 505134 # 1 # ID=1_421;partial=00;start_type=ATG;rbs_motif=GGA/GAG/AGG;rbs_spacer=5-10bp;gc_cont=0.274
NZ_CP142079.1:503593-505134|+ -            514 462at2085            -            610   1.7e-24   81.7  14.2   2   2   2.7e-11   4.7e-09   30.6   0.8   356   507   212   353   183   379 0.77 NZ_CP142079.1_421 # 503593 # 505134 # 1 # ID=1_421;partial=00;start_type=ATG;rbs_motif=GGA/GAG/AGG;rbs_spacer=5-10bp;gc_cont=0.274
#
# Program:         hmmsearch
# Version:         3.4 (Aug 2023)
# Pipeline mode:   SEARCH
# Query file:      /home/lgef/Documentos/GitHub/Project_doctoral/IMPLEMENTACAO/Genomes/M_hyopneumoniae/MHP_ncbi_dataset/ncbi_dataset/data/strains/Ue273/Use/busco_downloads/lineages/mycoplasmatales_odb10/hmms/462at2085.hmm
# Target file:     /home/lgef/Documentos/GitHub/Project_doctoral/IMPLEMENTACAO/Genomes/M_hyopneumoniae/MHP_ncbi_dataset/ncbi_dataset/data/strains/Ue273/Use/busco_complete/prodigal_output/predicted_genes/predicted.faa
# Option settings: hmmsearch --domtblout /home/lgef/Documentos/GitHub/Project_doctoral/IMPLEMENTACAO/Genomes/M_hyopneumoniae/MHP_ncbi_dataset/ncbi_dataset/data/strains/Ue273/Use/busco_complete/run_mycoplasmatales_odb10/hmmer_output/462at2085.out --cpu 1 /home/lgef/Documentos/GitHub/Project_doctoral/IMPLEMENTACAO/Genomes/M_hyopneumoniae/MHP_ncbi_dataset/ncbi_dataset/data/strains/Ue273/Use/busco_downloads/lineages/mycoplasmatales_odb10/hmms/462at2085.hmm /home/lgef/Documentos/GitHub/Project_doctoral/IMPLEMENTACAO/Genomes/M_hyopneumoniae/MHP_ncbi_dataset/ncbi_dataset/data/strains/Ue273/Use/busco_complete/prodigal_output/predicted_genes/predicted.faa 
# Current dir:     /home/lgef/Documentos/GitHub/Project_doctoral/IMPLEMENTACAO/Genomes/M_hyopneumoniae/MHP_ncbi_dataset/ncbi_dataset/data/strains/Ue273/Use
# Date:            Thu Nov 28 19:22:49 2024
# [ok]
