#                                                                                     --- full sequence --- -------------- this domain -------------   hmm coord   ali coord   env coord
# target name                 accession   tlen query name           accession   qlen   E-value  score  bias   #  of  c-Evalue  i-Evalue  score  bias  from    to  from    to  from    to  acc description of target
#         ------------------- ---------- ----- -------------------- ---------- ----- --------- ------ ----- --- --- --------- --------- ------ ----- ----- ----- ----- ----- ----- ----- ---- ---------------------
NZ_CP142079.1:755324-758269|- -            982 543at2085            -            552  9.2e-181  597.3  39.5   1   3     1e-21   3.5e-19   64.0   1.7     1    73     3    85     3   144 0.88 NZ_CP142079.1_591 # 755324 # 758269 # -1 # ID=1_591;partial=00;start_type=ATG;rbs_motif=None;rbs_spacer=None;gc_cont=0.289
NZ_CP142079.1:755324-758269|- -            982 543at2085            -            552  9.2e-181  597.3  39.5   2   3   1.9e-69   6.6e-67  221.5   2.3    86   255   237   404   161   420 0.86 NZ_CP142079.1_591 # 755324 # 758269 # -1 # ID=1_591;partial=00;start_type=ATG;rbs_motif=None;rbs_spacer=None;gc_cont=0.289
NZ_CP142079.1:755324-758269|- -            982 543at2085            -            552  9.2e-181  597.3  39.5   3   3     1e-99   3.5e-97  321.5  20.3   227   542   437   822   430   834 0.82 NZ_CP142079.1_591 # 755324 # 758269 # -1 # ID=1_591;partial=00;start_type=ATG;rbs_motif=None;rbs_spacer=None;gc_cont=0.289
NZ_CP142079.1:688200-692609|- -           1470 543at2085            -            552   6.2e-17   56.6  26.7   1   7      0.35   1.2e+02   -3.8   0.0    13    57   334   383   325   388 0.71 NZ_CP142079.1_538 # 688200 # 692609 # -1 # ID=1_538;partial=00;start_type=ATG;rbs_motif=AGGAG;rbs_spacer=5-10bp;gc_cont=0.301
NZ_CP142079.1:688200-692609|- -           1470 543at2085            -            552   6.2e-17   56.6  26.7   2   7      0.17        60   -2.8   1.5   456   537   545   627   538   635 0.78 NZ_CP142079.1_538 # 688200 # 692609 # -1 # ID=1_538;partial=00;start_type=ATG;rbs_motif=AGGAG;rbs_spacer=5-10bp;gc_cont=0.301
NZ_CP142079.1:688200-692609|- -           1470 543at2085            -            552   6.2e-17   56.6  26.7   3   7   7.3e-11   2.5e-08   28.1   0.0   106   169   853   915   838   919 0.91 NZ_CP142079.1_538 # 688200 # 692609 # -1 # ID=1_538;partial=00;start_type=ATG;rbs_motif=AGGAG;rbs_spacer=5-10bp;gc_cont=0.301
NZ_CP142079.1:688200-692609|- -           1470 543at2085            -            552   6.2e-17   56.6  26.7   4   7   6.9e-05     0.024    8.4   0.0   171   216   958  1003   951  1025 0.88 NZ_CP142079.1_538 # 688200 # 692609 # -1 # ID=1_538;partial=00;start_type=ATG;rbs_motif=AGGAG;rbs_spacer=5-10bp;gc_cont=0.301
NZ_CP142079.1:688200-692609|- -           1470 543at2085            -            552   6.2e-17   56.6  26.7   5   7    0.0028      0.97    3.1   0.0   233   267  1051  1085  1046  1138 0.60 NZ_CP142079.1_538 # 688200 # 692609 # -1 # ID=1_538;partial=00;start_type=ATG;rbs_motif=AGGAG;rbs_spacer=5-10bp;gc_cont=0.301
NZ_CP142079.1:688200-692609|- -           1470 543at2085            -            552   6.2e-17   56.6  26.7   6   7     3e-09     1e-06   22.8   6.6   308   470  1168  1320  1158  1384 0.62 NZ_CP142079.1_538 # 688200 # 692609 # -1 # ID=1_538;partial=00;start_type=ATG;rbs_motif=AGGAG;rbs_spacer=5-10bp;gc_cont=0.301
NZ_CP142079.1:688200-692609|- -           1470 543at2085            -            552   6.2e-17   56.6  26.7   7   7    0.0058         2    2.1   0.1   478   545  1386  1461  1365  1467 0.78 NZ_CP142079.1_538 # 688200 # 692609 # -1 # ID=1_538;partial=00;start_type=ATG;rbs_motif=AGGAG;rbs_spacer=5-10bp;gc_cont=0.301
#
# Program:         hmmsearch
# Version:         3.4 (Aug 2023)
# Pipeline mode:   SEARCH
# Query file:      /home/lgef/Documentos/GitHub/Project_doctoral/IMPLEMENTACAO/Genomes/M_hyopneumoniae/MHP_ncbi_dataset/ncbi_dataset/data/strains/Ue273/Use/busco_downloads/lineages/mycoplasmatales_odb10/hmms/543at2085.hmm
# Target file:     /home/lgef/Documentos/GitHub/Project_doctoral/IMPLEMENTACAO/Genomes/M_hyopneumoniae/MHP_ncbi_dataset/ncbi_dataset/data/strains/Ue273/Use/busco_complete/prodigal_output/predicted_genes/predicted.faa
# Option settings: hmmsearch --domtblout /home/lgef/Documentos/GitHub/Project_doctoral/IMPLEMENTACAO/Genomes/M_hyopneumoniae/MHP_ncbi_dataset/ncbi_dataset/data/strains/Ue273/Use/busco_complete/run_mycoplasmatales_odb10/hmmer_output/543at2085.out --cpu 1 /home/lgef/Documentos/GitHub/Project_doctoral/IMPLEMENTACAO/Genomes/M_hyopneumoniae/MHP_ncbi_dataset/ncbi_dataset/data/strains/Ue273/Use/busco_downloads/lineages/mycoplasmatales_odb10/hmms/543at2085.hmm /home/lgef/Documentos/GitHub/Project_doctoral/IMPLEMENTACAO/Genomes/M_hyopneumoniae/MHP_ncbi_dataset/ncbi_dataset/data/strains/Ue273/Use/busco_complete/prodigal_output/predicted_genes/predicted.faa 
# Current dir:     /home/lgef/Documentos/GitHub/Project_doctoral/IMPLEMENTACAO/Genomes/M_hyopneumoniae/MHP_ncbi_dataset/ncbi_dataset/data/strains/Ue273/Use
# Date:            Thu Nov 28 19:22:50 2024
# [ok]
