#                                                                                     --- full sequence --- -------------- this domain -------------   hmm coord   ali coord   env coord
# target name                 accession   tlen query name           accession   qlen   E-value  score  bias   #  of  c-Evalue  i-Evalue  score  bias  from    to  from    to  from    to  acc description of target
#         ------------------- ---------- ----- -------------------- ---------- ----- --------- ------ ----- --- --- --------- --------- ------ ----- ----- ----- ----- ----- ----- ----- ---- ---------------------
NZ_CP142079.1:688200-692609|- -           1470 56at2085             -           1080         0 1360.8  30.0   1   2       1.1   3.8e+02   -6.2   2.2   139   221    57   137    37   143 0.72 NZ_CP142079.1_538 # 688200 # 692609 # -1 # ID=1_538;partial=00;start_type=ATG;rbs_motif=AGGAG;rbs_spacer=5-10bp;gc_cont=0.301
NZ_CP142079.1:688200-692609|- -           1470 56at2085             -           1080         0 1360.8  30.0   2   2         0         0 1360.8  30.0    50  1080   319  1468   314  1468 0.89 NZ_CP142079.1_538 # 688200 # 692609 # -1 # ID=1_538;partial=00;start_type=ATG;rbs_motif=AGGAG;rbs_spacer=5-10bp;gc_cont=0.301
NZ_CP142079.1:755324-758269|- -            982 56at2085             -           1080   6.5e-28   92.4  34.8   1   7   4.2e-08   1.4e-05   18.4   0.0    54   118     4    69     1    75 0.92 NZ_CP142079.1_591 # 755324 # 758269 # -1 # ID=1_591;partial=00;start_type=ATG;rbs_motif=None;rbs_spacer=None;gc_cont=0.289
NZ_CP142079.1:755324-758269|- -            982 56at2085             -           1080   6.5e-28   92.4  34.8   2   7   1.1e-14   3.8e-12   40.2   1.9   388   566   136   320    80   322 0.72 NZ_CP142079.1_591 # 755324 # 758269 # -1 # ID=1_591;partial=00;start_type=ATG;rbs_motif=None;rbs_spacer=None;gc_cont=0.289
NZ_CP142079.1:755324-758269|- -            982 56at2085             -           1080   6.5e-28   92.4  34.8   3   7   2.2e-05    0.0075    9.4   0.0   607   678   324   395   321   403 0.90 NZ_CP142079.1_591 # 755324 # 758269 # -1 # ID=1_591;partial=00;start_type=ATG;rbs_motif=None;rbs_spacer=None;gc_cont=0.289
NZ_CP142079.1:755324-758269|- -            982 56at2085             -           1080   6.5e-28   92.4  34.8   4   7    0.0015       0.5    3.4   0.1   674   754   437   512   426   547 0.78 NZ_CP142079.1_591 # 755324 # 758269 # -1 # ID=1_591;partial=00;start_type=ATG;rbs_motif=None;rbs_spacer=None;gc_cont=0.289
NZ_CP142079.1:755324-758269|- -            982 56at2085             -           1080   6.5e-28   92.4  34.8   5   7     0.013       4.3    0.3   0.4   292   373   584   667   582   686 0.78 NZ_CP142079.1_591 # 755324 # 758269 # -1 # ID=1_591;partial=00;start_type=ATG;rbs_motif=None;rbs_spacer=None;gc_cont=0.289
NZ_CP142079.1:755324-758269|- -            982 56at2085             -           1080   6.5e-28   92.4  34.8   6   7   1.6e-07   5.6e-05   16.5   7.2   906   945   684   723   667   737 0.83 NZ_CP142079.1_591 # 755324 # 758269 # -1 # ID=1_591;partial=00;start_type=ATG;rbs_motif=None;rbs_spacer=None;gc_cont=0.289
NZ_CP142079.1:755324-758269|- -            982 56at2085             -           1080   6.5e-28   92.4  34.8   7   7     2e-08   6.9e-06   19.5   0.2   987  1065   734   814   722   830 0.80 NZ_CP142079.1_591 # 755324 # 758269 # -1 # ID=1_591;partial=00;start_type=ATG;rbs_motif=None;rbs_spacer=None;gc_cont=0.289
#
# Program:         hmmsearch
# Version:         3.4 (Aug 2023)
# Pipeline mode:   SEARCH
# Query file:      /home/lgef/Documentos/GitHub/Project_doctoral/IMPLEMENTACAO/Genomes/M_hyopneumoniae/MHP_ncbi_dataset/ncbi_dataset/data/strains/Ue273/Use/busco_downloads/lineages/mycoplasmatales_odb10/hmms/56at2085.hmm
# Target file:     /home/lgef/Documentos/GitHub/Project_doctoral/IMPLEMENTACAO/Genomes/M_hyopneumoniae/MHP_ncbi_dataset/ncbi_dataset/data/strains/Ue273/Use/busco_complete/prodigal_output/predicted_genes/predicted.faa
# Option settings: hmmsearch --domtblout /home/lgef/Documentos/GitHub/Project_doctoral/IMPLEMENTACAO/Genomes/M_hyopneumoniae/MHP_ncbi_dataset/ncbi_dataset/data/strains/Ue273/Use/busco_complete/run_mycoplasmatales_odb10/hmmer_output/56at2085.out --cpu 1 /home/lgef/Documentos/GitHub/Project_doctoral/IMPLEMENTACAO/Genomes/M_hyopneumoniae/MHP_ncbi_dataset/ncbi_dataset/data/strains/Ue273/Use/busco_downloads/lineages/mycoplasmatales_odb10/hmms/56at2085.hmm /home/lgef/Documentos/GitHub/Project_doctoral/IMPLEMENTACAO/Genomes/M_hyopneumoniae/MHP_ncbi_dataset/ncbi_dataset/data/strains/Ue273/Use/busco_complete/prodigal_output/predicted_genes/predicted.faa 
# Current dir:     /home/lgef/Documentos/GitHub/Project_doctoral/IMPLEMENTACAO/Genomes/M_hyopneumoniae/MHP_ncbi_dataset/ncbi_dataset/data/strains/Ue273/Use
# Date:            Thu Nov 28 19:22:50 2024
# [ok]
