#                                                                                     --- full sequence --- -------------- this domain -------------   hmm coord   ali coord   env coord
# target name                 accession   tlen query name           accession   qlen   E-value  score  bias   #  of  c-Evalue  i-Evalue  score  bias  from    to  from    to  from    to  acc description of target
#         ------------------- ---------- ----- -------------------- ---------- ----- --------- ------ ----- --- --- --------- --------- ------ ----- ----- ----- ----- ----- ----- ----- ---- ---------------------
NZ_CP142079.1:758661-760460|- -            600 801at2085            -            486  2.3e-190  628.7  28.4   1   2  1.7e-156  2.4e-154  509.9   9.1     3   343    16   392    14   395 0.90 NZ_CP142079.1_593 # 758661 # 760460 # -1 # ID=1_593;partial=00;start_type=ATG;rbs_motif=GGAG/GAGG;rbs_spacer=5-10bp;gc_cont=0.349
NZ_CP142079.1:758661-760460|- -            600 801at2085            -            486  2.3e-190  628.7  28.4   2   2   1.3e-39   1.8e-37  124.5  13.6   320   485   388   594   383   595 0.82 NZ_CP142079.1_593 # 758661 # 760460 # -1 # ID=1_593;partial=00;start_type=ATG;rbs_motif=GGAG/GAGG;rbs_spacer=5-10bp;gc_cont=0.349
NZ_CP142079.1:93471-95267|+   -            599 801at2085            -            486   1.4e-19   65.5   6.4   1   2   1.1e-21   1.5e-19   65.4   4.2    86   282    10   221     3   244 0.80 NZ_CP142079.1_76 # 93471 # 95267 # 1 # ID=1_76;partial=00;start_type=ATG;rbs_motif=None;rbs_spacer=None;gc_cont=0.343
NZ_CP142079.1:93471-95267|+   -            599 801at2085            -            486   1.4e-19   65.5   6.4   2   2      0.29        40   -2.0   0.0    26    81   464   520   441   535 0.61 NZ_CP142079.1_76 # 93471 # 95267 # 1 # ID=1_76;partial=00;start_type=ATG;rbs_motif=None;rbs_spacer=None;gc_cont=0.343
NZ_CP142079.1:676330-677538|- -            403 801at2085            -            486   1.2e-18   62.4   3.1   1   2   1.7e-05    0.0024   11.9   0.1    85   103    21    39     7    56 0.83 NZ_CP142079.1_529 # 676330 # 677538 # -1 # ID=1_529;partial=00;start_type=ATG;rbs_motif=AGGA;rbs_spacer=5-10bp;gc_cont=0.404
NZ_CP142079.1:676330-677538|- -            403 801at2085            -            486   1.2e-18   62.4   3.1   2   2   2.4e-17   3.4e-15   51.0   0.5   127   281    85   249    59   320 0.74 NZ_CP142079.1_529 # 676330 # 677538 # -1 # ID=1_529;partial=00;start_type=ATG;rbs_motif=AGGA;rbs_spacer=5-10bp;gc_cont=0.404
NZ_CP142079.1:96599-98683|-   -            695 801at2085            -            486     1e-15   52.7   4.7   1   2   3.9e-16   5.4e-14   47.0   3.0   112   205    58   161     6   210 0.69 NZ_CP142079.1_78 # 96599 # 98683 # -1 # ID=1_78;partial=00;start_type=ATG;rbs_motif=AGGA;rbs_spacer=5-10bp;gc_cont=0.374
NZ_CP142079.1:96599-98683|-   -            695 801at2085            -            486     1e-15   52.7   4.7   2   2     0.014       1.9    2.3   0.0   203   234   243   275   223   396 0.77 NZ_CP142079.1_78 # 96599 # 98683 # -1 # ID=1_78;partial=00;start_type=ATG;rbs_motif=AGGA;rbs_spacer=5-10bp;gc_cont=0.374
NZ_CP142079.1:111496-112287|+ -            264 801at2085            -            486   4.2e-06   21.0   0.6   1   2     0.012       1.6    2.6   0.2   144   201    12    68     8    74 0.76 NZ_CP142079.1_90 # 111496 # 112287 # 1 # ID=1_90;partial=00;start_type=ATG;rbs_motif=GGA/GAG/AGG;rbs_spacer=3-4bp;gc_cont=0.270
NZ_CP142079.1:111496-112287|+ -            264 801at2085            -            486   4.2e-06   21.0   0.6   2   2   5.7e-07   7.9e-05   16.8   0.0    86   132   114   162    62   168 0.81 NZ_CP142079.1_90 # 111496 # 112287 # 1 # ID=1_90;partial=00;start_type=ATG;rbs_motif=GGA/GAG/AGG;rbs_spacer=3-4bp;gc_cont=0.270
#
# Program:         hmmsearch
# Version:         3.4 (Aug 2023)
# Pipeline mode:   SEARCH
# Query file:      /home/lgef/Documentos/GitHub/Project_doctoral/IMPLEMENTACAO/Genomes/M_hyopneumoniae/MHP_ncbi_dataset/ncbi_dataset/data/strains/Ue273/Use/busco_downloads/lineages/mycoplasmatales_odb10/hmms/801at2085.hmm
# Target file:     /home/lgef/Documentos/GitHub/Project_doctoral/IMPLEMENTACAO/Genomes/M_hyopneumoniae/MHP_ncbi_dataset/ncbi_dataset/data/strains/Ue273/Use/busco_complete/prodigal_output/predicted_genes/predicted.faa
# Option settings: hmmsearch --domtblout /home/lgef/Documentos/GitHub/Project_doctoral/IMPLEMENTACAO/Genomes/M_hyopneumoniae/MHP_ncbi_dataset/ncbi_dataset/data/strains/Ue273/Use/busco_complete/run_mycoplasmatales_odb10/hmmer_output/801at2085.out --cpu 1 /home/lgef/Documentos/GitHub/Project_doctoral/IMPLEMENTACAO/Genomes/M_hyopneumoniae/MHP_ncbi_dataset/ncbi_dataset/data/strains/Ue273/Use/busco_downloads/lineages/mycoplasmatales_odb10/hmms/801at2085.hmm /home/lgef/Documentos/GitHub/Project_doctoral/IMPLEMENTACAO/Genomes/M_hyopneumoniae/MHP_ncbi_dataset/ncbi_dataset/data/strains/Ue273/Use/busco_complete/prodigal_output/predicted_genes/predicted.faa 
# Current dir:     /home/lgef/Documentos/GitHub/Project_doctoral/IMPLEMENTACAO/Genomes/M_hyopneumoniae/MHP_ncbi_dataset/ncbi_dataset/data/strains/Ue273/Use
# Date:            Thu Nov 28 19:22:50 2024
# [ok]
