/home/lgef/miniconda3/envs/quast/bin/quast /home/lgef/Documentos/GitHub/Project_doctoral/IMPLEMENTACAO/Genomes/M_flocculare/MFC_ncbi_dataset/ncbi_dataset/data/strains/Ms42/Use/GCF_000815065.1/GCF_000815065.1_ASM81506v1_genomic.fna -o /home/lgef/Documentos/GitHub/Project_doctoral/IMPLEMENTACAO/Genomes/M_flocculare/MFC_ncbi_dataset/ncbi_dataset/data/strains/Ms42/Use/quast_complete

Version: 5.0.2

System information:
  OS: Linux-6.8.0-49-generic-x86_64-with-debian-trixie-sid (linux_64)
  Python version: 3.6.13
  CPUs number: 8

Started: 2024-11-29 10:05:26

Logging to /home/lgef/Documentos/GitHub/Project_doctoral/IMPLEMENTACAO/Genomes/M_flocculare/MFC_ncbi_dataset/ncbi_dataset/data/strains/Ms42/Use/quast_complete/quast.log
NOTICE: Maximum number of threads is set to 2 (use --threads option to set it manually)

CWD: /home/lgef/Documentos/GitHub/Project_doctoral/IMPLEMENTACAO/Genomes/M_flocculare/MFC_ncbi_dataset/ncbi_dataset/data/strains/Ms42
Main parameters: 
  MODE: default, threads: 2, minimum contig length: 500, minimum alignment length: 65, \
  ambiguity: one, threshold for extensive misassembly size: 1000

Contigs:
  Pre-processing...
  /home/lgef/Documentos/GitHub/Project_doctoral/IMPLEMENTACAO/Genomes/M_flocculare/MFC_ncbi_dataset/ncbi_dataset/data/strains/Ms42/Use/GCF_000815065.1/GCF_000815065.1_ASM81506v1_genomic.fna ==> GCF_000815065.1_ASM81506v1_genomic

2024-11-29 10:05:26
Running Basic statistics processor...
  Contig files: 
    GCF_000815065.1_ASM81506v1_genomic
  Calculating N50 and L50...
    GCF_000815065.1_ASM81506v1_genomic, N50 = 778866, L50 = 1, Total length = 778866, GC % = 28.96, # N's per 100 kbp =  0.00
  Drawing Nx plot...
    saved to /home/lgef/Documentos/GitHub/Project_doctoral/IMPLEMENTACAO/Genomes/M_flocculare/MFC_ncbi_dataset/ncbi_dataset/data/strains/Ms42/Use/quast_complete/basic_stats/Nx_plot.pdf
  Drawing cumulative plot...
    saved to /home/lgef/Documentos/GitHub/Project_doctoral/IMPLEMENTACAO/Genomes/M_flocculare/MFC_ncbi_dataset/ncbi_dataset/data/strains/Ms42/Use/quast_complete/basic_stats/cumulative_plot.pdf
  Drawing GC content plot...
    saved to /home/lgef/Documentos/GitHub/Project_doctoral/IMPLEMENTACAO/Genomes/M_flocculare/MFC_ncbi_dataset/ncbi_dataset/data/strains/Ms42/Use/quast_complete/basic_stats/GC_content_plot.pdf
  Drawing GCF_000815065.1_ASM81506v1_genomic GC content plot...
    saved to /home/lgef/Documentos/GitHub/Project_doctoral/IMPLEMENTACAO/Genomes/M_flocculare/MFC_ncbi_dataset/ncbi_dataset/data/strains/Ms42/Use/quast_complete/basic_stats/GCF_000815065.1_ASM81506v1_genomic_GC_content_plot.pdf
Done.

NOTICE: Genes are not predicted by default. Use --gene-finding or --glimmer option to enable it.

2024-11-29 10:05:27
Creating large visual summaries...
This may take a while: press Ctrl-C to skip this step..
  1 of 2: Creating Icarus viewers...
  2 of 2: Creating PDF with all tables and plots...
Done

2024-11-29 10:05:28
RESULTS:
  Text versions of total report are saved to /home/lgef/Documentos/GitHub/Project_doctoral/IMPLEMENTACAO/Genomes/M_flocculare/MFC_ncbi_dataset/ncbi_dataset/data/strains/Ms42/Use/quast_complete/report.txt, report.tsv, and report.tex
  Text versions of transposed total report are saved to /home/lgef/Documentos/GitHub/Project_doctoral/IMPLEMENTACAO/Genomes/M_flocculare/MFC_ncbi_dataset/ncbi_dataset/data/strains/Ms42/Use/quast_complete/transposed_report.txt, transposed_report.tsv, and transposed_report.tex
  HTML version (interactive tables and plots) is saved to /home/lgef/Documentos/GitHub/Project_doctoral/IMPLEMENTACAO/Genomes/M_flocculare/MFC_ncbi_dataset/ncbi_dataset/data/strains/Ms42/Use/quast_complete/report.html
  PDF version (tables and plots) is saved to /home/lgef/Documentos/GitHub/Project_doctoral/IMPLEMENTACAO/Genomes/M_flocculare/MFC_ncbi_dataset/ncbi_dataset/data/strains/Ms42/Use/quast_complete/report.pdf
  Icarus (contig browser) is saved to /home/lgef/Documentos/GitHub/Project_doctoral/IMPLEMENTACAO/Genomes/M_flocculare/MFC_ncbi_dataset/ncbi_dataset/data/strains/Ms42/Use/quast_complete/icarus.html
  Log is saved to /home/lgef/Documentos/GitHub/Project_doctoral/IMPLEMENTACAO/Genomes/M_flocculare/MFC_ncbi_dataset/ncbi_dataset/data/strains/Ms42/Use/quast_complete/quast.log

Finished: 2024-11-29 10:05:28
Elapsed time: 0:00:01.464730
NOTICEs: 2; WARNINGs: 0; non-fatal ERRORs: 0

Thank you for using QUAST!
