#                                                                                  --- full sequence --- -------------- this domain -------------   hmm coord   ali coord   env coord
# target name              accession   tlen query name           accession   qlen   E-value  score  bias   #  of  c-Evalue  i-Evalue  score  bias  from    to  from    to  from    to  acc description of target
#      ------------------- ---------- ----- -------------------- ---------- ----- --------- ------ ----- --- --- --------- --------- ------ ----- ----- ----- ----- ----- ----- ----- ---- ---------------------
CP098237.1:709645-712257|- -            871 147at2085            -            460  1.6e-195  645.6  22.8   1   4   5.4e-08     2e-05   18.9   1.2     2    33   276   307   275   319 0.91 CP098237.1_581 # 709645 # 712257 # -1 # ID=1_581;partial=00;start_type=ATG;rbs_motif=AGGA/GGAG/GAGG;rbs_spacer=11-12bp;gc_cont=0.339
CP098237.1:709645-712257|- -            871 147at2085            -            460  1.6e-195  645.6  22.8   2   4     6e-17   2.2e-14   48.4   1.2    37    95   341   407   314   411 0.78 CP098237.1_581 # 709645 # 712257 # -1 # ID=1_581;partial=00;start_type=ATG;rbs_motif=AGGA/GGAG/GAGG;rbs_spacer=11-12bp;gc_cont=0.339
CP098237.1:709645-712257|- -            871 147at2085            -            460  1.6e-195  645.6  22.8   3   4  3.6e-110  1.3e-107  355.7   0.6    94   300   444   657   435   666 0.95 CP098237.1_581 # 709645 # 712257 # -1 # ID=1_581;partial=00;start_type=ATG;rbs_motif=AGGA/GGAG/GAGG;rbs_spacer=11-12bp;gc_cont=0.339
CP098237.1:709645-712257|- -            871 147at2085            -            460  1.6e-195  645.6  22.8   4   4   6.2e-74   2.3e-71  236.3   0.7   301   460   695   869   690   869 0.95 CP098237.1_581 # 709645 # 712257 # -1 # ID=1_581;partial=00;start_type=ATG;rbs_motif=AGGA/GGAG/GAGG;rbs_spacer=11-12bp;gc_cont=0.339
CP098237.1:544492-545448|+ -            319 147at2085            -            460   1.4e-05   19.4   4.1   1   3   1.6e-06   0.00058   14.0   0.0   100   125    42    67    36    81 0.85 CP098237.1_474 # 544492 # 545448 # 1 # ID=1_474;partial=00;start_type=ATG;rbs_motif=None;rbs_spacer=None;gc_cont=0.316
CP098237.1:544492-545448|+ -            319 147at2085            -            460   1.4e-05   19.4   4.1   2   3    0.0014      0.52    4.3   0.6   208   273   134   196    84   203 0.71 CP098237.1_474 # 544492 # 545448 # 1 # ID=1_474;partial=00;start_type=ATG;rbs_motif=None;rbs_spacer=None;gc_cont=0.316
CP098237.1:544492-545448|+ -            319 147at2085            -            460   1.4e-05   19.4   4.1   3   3     0.019       6.9    0.6   0.1     8    78   205   277   199   290 0.77 CP098237.1_474 # 544492 # 545448 # 1 # ID=1_474;partial=00;start_type=ATG;rbs_motif=None;rbs_spacer=None;gc_cont=0.316
#
# Program:         hmmsearch
# Version:         3.4 (Aug 2023)
# Pipeline mode:   SEARCH
# Query file:      /home/lgef/Documentos/GitHub/Project_doctoral/IMPLEMENTACAO/Genomes/M_hyopneumoniae/MHP_ncbi_dataset/ncbi_dataset/data/strains/154B/Use/busco_downloads/lineages/mycoplasmatales_odb10/hmms/147at2085.hmm
# Target file:     /home/lgef/Documentos/GitHub/Project_doctoral/IMPLEMENTACAO/Genomes/M_hyopneumoniae/MHP_ncbi_dataset/ncbi_dataset/data/strains/154B/Use/busco_complete/prodigal_output/predicted_genes/predicted.faa
# Option settings: hmmsearch --domtblout /home/lgef/Documentos/GitHub/Project_doctoral/IMPLEMENTACAO/Genomes/M_hyopneumoniae/MHP_ncbi_dataset/ncbi_dataset/data/strains/154B/Use/busco_complete/run_mycoplasmatales_odb10/hmmer_output/147at2085.out --cpu 1 /home/lgef/Documentos/GitHub/Project_doctoral/IMPLEMENTACAO/Genomes/M_hyopneumoniae/MHP_ncbi_dataset/ncbi_dataset/data/strains/154B/Use/busco_downloads/lineages/mycoplasmatales_odb10/hmms/147at2085.hmm /home/lgef/Documentos/GitHub/Project_doctoral/IMPLEMENTACAO/Genomes/M_hyopneumoniae/MHP_ncbi_dataset/ncbi_dataset/data/strains/154B/Use/busco_complete/prodigal_output/predicted_genes/predicted.faa 
# Current dir:     /home/lgef/Documentos/GitHub/Project_doctoral/IMPLEMENTACAO/Genomes/M_hyopneumoniae/MHP_ncbi_dataset/ncbi_dataset/data/strains/154B/Use
# Date:            Thu Nov 28 19:21:37 2024
# [ok]
