#                                                                                  --- full sequence --- -------------- this domain -------------   hmm coord   ali coord   env coord
# target name              accession   tlen query name           accession   qlen   E-value  score  bias   #  of  c-Evalue  i-Evalue  score  bias  from    to  from    to  from    to  acc description of target
#      ------------------- ---------- ----- -------------------- ---------- ----- --------- ------ ----- --- --- --------- --------- ------ ----- ----- ----- ----- ----- ----- ----- ---- ---------------------
CP098237.1:596556-597152|- -            199 4324at2085           -            135   3.1e-41  136.0   3.2   1   1   7.5e-43   6.1e-41  135.0   3.2     2   134    24   190    23   191 0.79 CP098237.1_502 # 596556 # 597152 # -1 # ID=1_502;partial=00;start_type=ATG;rbs_motif=None;rbs_spacer=None;gc_cont=0.300
CP098237.1:91076-92377|+   -            434 4324at2085           -            135   2.8e-15   51.9   9.0   1   3   6.2e-10   5.1e-08   28.4   0.4    10    46     3    39     1   132 0.74 CP098237.1_78 # 91076 # 92377 # 1 # ID=1_78;partial=00;start_type=ATG;rbs_motif=3Base/5BMM;rbs_spacer=13-15bp;gc_cont=0.293
CP098237.1:91076-92377|+   -            434 4324at2085           -            135   2.8e-15   51.9   9.0   2   3   2.2e-09   1.8e-07   26.7   0.1    11   116   172   298   162   313 0.59 CP098237.1_78 # 91076 # 92377 # 1 # ID=1_78;partial=00;start_type=ATG;rbs_motif=3Base/5BMM;rbs_spacer=13-15bp;gc_cont=0.293
CP098237.1:91076-92377|+   -            434 4324at2085           -            135   2.8e-15   51.9   9.0   3   3      0.52        43   -0.5   0.4    25    82   353   412   334   421 0.72 CP098237.1_78 # 91076 # 92377 # 1 # ID=1_78;partial=00;start_type=ATG;rbs_motif=3Base/5BMM;rbs_spacer=13-15bp;gc_cont=0.293
CP098237.1:237903-239231|- -            443 4324at2085           -            135   5.6e-08   28.3   4.2   1   2       4.7   3.8e+02   -3.5   0.0    27    49    93   115    88   124 0.63 CP098237.1_221 # 237903 # 239231 # -1 # ID=1_221;partial=00;start_type=TTG;rbs_motif=AGGAG;rbs_spacer=5-10bp;gc_cont=0.315
CP098237.1:237903-239231|- -            443 4324at2085           -            135   5.6e-08   28.3   4.2   2   2   1.4e-09   1.1e-07   27.3   2.3    12   129   219   350   215   357 0.68 CP098237.1_221 # 237903 # 239231 # -1 # ID=1_221;partial=00;start_type=TTG;rbs_motif=AGGAG;rbs_spacer=5-10bp;gc_cont=0.315
CP098237.1:110962-111753|+ -            264 4324at2085           -            135   1.9e-07   26.6  10.3   1   4     0.029       2.3    3.6   1.1   100   124    42    66    12    70 0.71 CP098237.1_95 # 110962 # 111753 # 1 # ID=1_95;partial=00;start_type=ATG;rbs_motif=GGA/GAG/AGG;rbs_spacer=3-4bp;gc_cont=0.264
CP098237.1:110962-111753|+ -            264 4324at2085           -            135   1.9e-07   26.6  10.3   2   4      0.63        51   -0.7   0.2    74   119    62   104    59   110 0.58 CP098237.1_95 # 110962 # 111753 # 1 # ID=1_95;partial=00;start_type=ATG;rbs_motif=GGA/GAG/AGG;rbs_spacer=3-4bp;gc_cont=0.264
CP098237.1:110962-111753|+ -            264 4324at2085           -            135   1.9e-07   26.6  10.3   3   4   3.2e-09   2.6e-07   26.1   0.1    11    71   112   174   103   204 0.78 CP098237.1_95 # 110962 # 111753 # 1 # ID=1_95;partial=00;start_type=ATG;rbs_motif=GGA/GAG/AGG;rbs_spacer=3-4bp;gc_cont=0.264
CP098237.1:110962-111753|+ -            264 4324at2085           -            135   1.9e-07   26.6  10.3   4   4      0.14        12    1.3   0.1    84   114   208   238   193   244 0.85 CP098237.1_95 # 110962 # 111753 # 1 # ID=1_95;partial=00;start_type=ATG;rbs_motif=GGA/GAG/AGG;rbs_spacer=3-4bp;gc_cont=0.264
CP098237.1:170172-171053|+ -            294 4324at2085           -            135   1.3e-06   23.9   3.4   1   1   4.1e-08   3.3e-06   22.6   3.4    12   115     9   129     3   141 0.63 CP098237.1_157 # 170172 # 171053 # 1 # ID=1_157;partial=00;start_type=ATG;rbs_motif=None;rbs_spacer=None;gc_cont=0.294
CP098237.1:173375-174232|+ -            286 4324at2085           -            135   4.7e-06   22.1   1.8   1   2       0.6        49   -0.7   0.2    96   117    99   120    87   142 0.60 CP098237.1_161 # 173375 # 174232 # 1 # ID=1_161;partial=00;start_type=ATG;rbs_motif=3Base/5BMM;rbs_spacer=13-15bp;gc_cont=0.276
CP098237.1:173375-174232|+ -            286 4324at2085           -            135   4.7e-06   22.1   1.8   2   2   1.1e-07   8.8e-06   21.2   0.1    13    77   156   232   150   252 0.76 CP098237.1_161 # 173375 # 174232 # 1 # ID=1_161;partial=00;start_type=ATG;rbs_motif=3Base/5BMM;rbs_spacer=13-15bp;gc_cont=0.276
CP098237.1:784714-786513|- -            600 4324at2085           -            135   0.00038   15.9   0.1   1   3       1.3   1.1e+02   -1.7   0.1    77   115    30    68    16    78 0.77 CP098237.1_643 # 784714 # 786513 # -1 # ID=1_643;partial=00;start_type=ATG;rbs_motif=GGAG/GAGG;rbs_spacer=5-10bp;gc_cont=0.354
CP098237.1:784714-786513|- -            600 4324at2085           -            135   0.00038   15.9   0.1   2   3   4.7e-06   0.00038   15.9   0.1    12   123   116   236   112   245 0.79 CP098237.1_643 # 784714 # 786513 # -1 # ID=1_643;partial=00;start_type=ATG;rbs_motif=GGAG/GAGG;rbs_spacer=5-10bp;gc_cont=0.354
CP098237.1:784714-786513|- -            600 4324at2085           -            135   0.00038   15.9   0.1   3   3       2.5     2e+02   -2.7   0.1    90   116   468   494   448   500 0.74 CP098237.1_643 # 784714 # 786513 # -1 # ID=1_643;partial=00;start_type=ATG;rbs_motif=GGAG/GAGG;rbs_spacer=5-10bp;gc_cont=0.354
CP098237.1:53657-54916|+   -            420 4324at2085           -            135   0.00038   15.9   2.3   1   2   8.2e-06   0.00067   15.1   0.2    10   121   157   273   152   282 0.79 CP098237.1_46 # 53657 # 54916 # 1 # ID=1_46;partial=00;start_type=ATG;rbs_motif=AGGA;rbs_spacer=5-10bp;gc_cont=0.307
CP098237.1:53657-54916|+   -            420 4324at2085           -            135   0.00038   15.9   2.3   2   2      0.43        35   -0.2   0.1    33   103   300   370   292   385 0.77 CP098237.1_46 # 53657 # 54916 # 1 # ID=1_46;partial=00;start_type=ATG;rbs_motif=AGGA;rbs_spacer=5-10bp;gc_cont=0.307
CP098237.1:116076-118919|- -            948 4324at2085           -            135    0.0044   12.4   1.9   1   2     0.085       6.9    2.1   0.0    10    29    32    52    24    59 0.80 CP098237.1_100 # 116076 # 118919 # -1 # ID=1_100;partial=00;start_type=ATG;rbs_motif=None;rbs_spacer=None;gc_cont=0.327
CP098237.1:116076-118919|- -            948 4324at2085           -            135    0.0044   12.4   1.9   2   2    0.0016      0.13    7.7   0.4    12    36   641   665   637   676 0.89 CP098237.1_100 # 116076 # 118919 # -1 # ID=1_100;partial=00;start_type=ATG;rbs_motif=None;rbs_spacer=None;gc_cont=0.327
#
# Program:         hmmsearch
# Version:         3.4 (Aug 2023)
# Pipeline mode:   SEARCH
# Query file:      /home/lgef/Documentos/GitHub/Project_doctoral/IMPLEMENTACAO/Genomes/M_hyopneumoniae/MHP_ncbi_dataset/ncbi_dataset/data/strains/154B/Use/busco_downloads/lineages/mycoplasmatales_odb10/hmms/4324at2085.hmm
# Target file:     /home/lgef/Documentos/GitHub/Project_doctoral/IMPLEMENTACAO/Genomes/M_hyopneumoniae/MHP_ncbi_dataset/ncbi_dataset/data/strains/154B/Use/busco_complete/prodigal_output/predicted_genes/predicted.faa
# Option settings: hmmsearch --domtblout /home/lgef/Documentos/GitHub/Project_doctoral/IMPLEMENTACAO/Genomes/M_hyopneumoniae/MHP_ncbi_dataset/ncbi_dataset/data/strains/154B/Use/busco_complete/run_mycoplasmatales_odb10/hmmer_output/4324at2085.out --cpu 1 /home/lgef/Documentos/GitHub/Project_doctoral/IMPLEMENTACAO/Genomes/M_hyopneumoniae/MHP_ncbi_dataset/ncbi_dataset/data/strains/154B/Use/busco_downloads/lineages/mycoplasmatales_odb10/hmms/4324at2085.hmm /home/lgef/Documentos/GitHub/Project_doctoral/IMPLEMENTACAO/Genomes/M_hyopneumoniae/MHP_ncbi_dataset/ncbi_dataset/data/strains/154B/Use/busco_complete/prodigal_output/predicted_genes/predicted.faa 
# Current dir:     /home/lgef/Documentos/GitHub/Project_doctoral/IMPLEMENTACAO/Genomes/M_hyopneumoniae/MHP_ncbi_dataset/ncbi_dataset/data/strains/154B/Use
# Date:            Thu Nov 28 19:21:40 2024
# [ok]
