#                                                                                   --- full sequence --- -------------- this domain -------------   hmm coord   ali coord   env coord
# target name               accession   tlen query name           accession   qlen   E-value  score  bias   #  of  c-Evalue  i-Evalue  score  bias  from    to  from    to  from    to  acc description of target
#       ------------------- ---------- ----- -------------------- ---------- ----- --------- ------ ----- --- --- --------- --------- ------ ----- ----- ----- ----- ----- ----- ----- ---- ---------------------
seq00000007:5518-6852|+     -            445 1064at2085           -            350  7.8e-149  490.9  19.4   1   2     1e-56   2.2e-55  183.6   0.3     1   127    10   136    10   144 0.91 seq00000007_5 # 5518 # 6852 # 1 # ID=6_5;partial=00;start_type=ATG;rbs_motif=GGA/GAG/AGG;rbs_spacer=11-12bp;gc_cont=0.303
seq00000007:5518-6852|+     -            445 1064at2085           -            350  7.8e-149  490.9  19.4   2   2   5.2e-95   1.1e-93  309.5  13.9   100   349   147   441   139   442 0.82 seq00000007_5 # 5518 # 6852 # 1 # ID=6_5;partial=00;start_type=ATG;rbs_motif=GGA/GAG/AGG;rbs_spacer=11-12bp;gc_cont=0.303
seq00000017:2467-4644|-     -            726 1064at2085           -            350   8.8e-79  260.5   7.9   1   3   2.2e-35   4.6e-34  113.4   0.3     2   123    39   161    38   225 0.76 seq00000017_3 # 2467 # 4644 # -1 # ID=16_3;partial=00;start_type=ATG;rbs_motif=GGA/GAG/AGG;rbs_spacer=5-10bp;gc_cont=0.303
seq00000017:2467-4644|-     -            726 1064at2085           -            350   8.8e-79  260.5   7.9   2   3         5   1.1e+02   -2.9   0.1    96   131   266   285   257   325 0.58 seq00000017_3 # 2467 # 4644 # -1 # ID=16_3;partial=00;start_type=ATG;rbs_motif=GGA/GAG/AGG;rbs_spacer=5-10bp;gc_cont=0.303
seq00000017:2467-4644|-     -            726 1064at2085           -            350   8.8e-79  260.5   7.9   3   3   3.5e-49   7.4e-48  158.8   2.5   104   289   435   621   420   635 0.85 seq00000017_3 # 2467 # 4644 # -1 # ID=16_3;partial=00;start_type=ATG;rbs_motif=GGA/GAG/AGG;rbs_spacer=5-10bp;gc_cont=0.303
scf00000000:40653-42182|-   -            510 1064at2085           -            350   1.4e-49  164.5   9.8   1   4   4.7e-15     1e-13   46.6   0.1     2    99    11   116    10   121 0.89 scf00000000_35 # 40653 # 42182 # -1 # ID=1_35;partial=00;start_type=TTG;rbs_motif=GGAGG;rbs_spacer=5-10bp;gc_cont=0.323
scf00000000:40653-42182|-   -            510 1064at2085           -            350   1.4e-49  164.5   9.8   2   4   2.7e-15   5.8e-14   47.3   0.4   153   256   127   229   116   251 0.92 scf00000000_35 # 40653 # 42182 # -1 # ID=1_35;partial=00;start_type=TTG;rbs_motif=GGAGG;rbs_spacer=5-10bp;gc_cont=0.323
scf00000000:40653-42182|-   -            510 1064at2085           -            350   1.4e-49  164.5   9.8   3   4    0.0005     0.011   10.3   0.0    16    67   280   331   273   344 0.89 scf00000000_35 # 40653 # 42182 # -1 # ID=1_35;partial=00;start_type=TTG;rbs_motif=GGAGG;rbs_spacer=5-10bp;gc_cont=0.323
scf00000000:40653-42182|-   -            510 1064at2085           -            350   1.4e-49  164.5   9.8   4   4   1.9e-20     4e-19   64.3   0.3   150   259   381   490   371   502 0.90 scf00000000_35 # 40653 # 42182 # -1 # ID=1_35;partial=00;start_type=TTG;rbs_motif=GGAGG;rbs_spacer=5-10bp;gc_cont=0.323
seq00000025:5712-7250|+     -            513 1064at2085           -            350   4.6e-49  162.8  17.4   1   4   1.2e-12   2.5e-11   38.7   0.1     1    97     6   107     6   117 0.84 seq00000025_8 # 5712 # 7250 # 1 # ID=24_8;partial=00;start_type=TTG;rbs_motif=AGGA;rbs_spacer=5-10bp;gc_cont=0.319
seq00000025:5712-7250|+     -            513 1064at2085           -            350   4.6e-49  162.8  17.4   2   4   4.5e-20   9.6e-19   63.1   0.7   150   272   116   237   109   247 0.92 seq00000025_8 # 5712 # 7250 # 1 # ID=24_8;partial=00;start_type=TTG;rbs_motif=AGGA;rbs_spacer=5-10bp;gc_cont=0.319
seq00000025:5712-7250|+     -            513 1064at2085           -            350   4.6e-49  162.8  17.4   3   4   5.7e-08   1.2e-06   23.2   0.2    12    73   278   341   264   369 0.81 seq00000025_8 # 5712 # 7250 # 1 # ID=24_8;partial=00;start_type=TTG;rbs_motif=AGGA;rbs_spacer=5-10bp;gc_cont=0.319
seq00000025:5712-7250|+     -            513 1064at2085           -            350   4.6e-49  162.8  17.4   4   4   2.4e-15   5.1e-14   47.5   1.7   159   262   391   495   376   502 0.86 seq00000025_8 # 5712 # 7250 # 1 # ID=24_8;partial=00;start_type=TTG;rbs_motif=AGGA;rbs_spacer=5-10bp;gc_cont=0.319
seq00000014:9475-10635|-    -            387 1064at2085           -            350   2.9e-48  160.1  13.9   1   1   2.8e-49   5.9e-48  159.1  13.9     2   303     8   319     7   362 0.78 seq00000014_10 # 9475 # 10635 # -1 # ID=13_10;partial=00;start_type=ATG;rbs_motif=None;rbs_spacer=None;gc_cont=0.258
scf00000000:67431-68762|-   -            444 1064at2085           -            350   3.8e-35  117.0   3.1   1   2   1.4e-10   2.9e-09   31.9   0.2     3   104    45   161    43   199 0.74 scf00000000_51 # 67431 # 68762 # -1 # ID=1_51;partial=00;start_type=ATG;rbs_motif=GGAG/GAGG;rbs_spacer=5-10bp;gc_cont=0.293
scf00000000:67431-68762|-   -            444 1064at2085           -            350   3.8e-35  117.0   3.1   2   2   6.1e-27   1.3e-25   85.7   0.2   140   267   242   369   200   375 0.86 scf00000000_51 # 67431 # 68762 # -1 # ID=1_51;partial=00;start_type=ATG;rbs_motif=GGAG/GAGG;rbs_spacer=5-10bp;gc_cont=0.293
seq00000016:8094-8990|-     -            299 1064at2085           -            350   1.3e-34  115.2   4.1   1   2   5.9e-20   1.3e-18   62.7   1.0     1   107    60   176    60   194 0.79 seq00000016_5 # 8094 # 8990 # -1 # ID=15_5;partial=00;start_type=GTG;rbs_motif=AGGAG;rbs_spacer=5-10bp;gc_cont=0.356
seq00000016:8094-8990|-     -            299 1064at2085           -            350   1.3e-34  115.2   4.1   2   2   2.1e-17   4.5e-16   54.3   0.1   160   258   180   277   177   284 0.89 seq00000016_5 # 8094 # 8990 # -1 # ID=15_5;partial=00;start_type=GTG;rbs_motif=AGGAG;rbs_spacer=5-10bp;gc_cont=0.356
scf00000000:3506-4324|-     -            273 1064at2085           -            350   1.1e-33  112.2   7.7   1   2   1.1e-14   2.3e-13   45.4   1.9     2   104     2   110     1   117 0.83 scf00000000_5 # 3506 # 4324 # -1 # ID=1_5;partial=00;start_type=ATG;rbs_motif=GGA/GAG/AGG;rbs_spacer=5-10bp;gc_cont=0.304
scf00000000:3506-4324|-     -            273 1064at2085           -            350   1.1e-33  112.2   7.7   2   2   1.5e-22   3.2e-21   71.2   0.8   153   271   112   229   106   245 0.94 scf00000000_5 # 3506 # 4324 # -1 # ID=1_5;partial=00;start_type=ATG;rbs_motif=GGA/GAG/AGG;rbs_spacer=5-10bp;gc_cont=0.304
seq00000010:8301-10253|-    -            651 1064at2085           -            350   1.2e-32  108.7  11.5   1   2   2.6e-18   5.6e-17   57.2   4.7     1    95     1    93     1   102 0.93 seq00000010_9 # 8301 # 10253 # -1 # ID=9_9;partial=00;start_type=ATG;rbs_motif=GGA/GAG/AGG;rbs_spacer=5-10bp;gc_cont=0.242
seq00000010:8301-10253|-    -            651 1064at2085           -            350   1.2e-32  108.7  11.5   2   2   1.3e-17   2.7e-16   55.0   0.7   146   260    99   208    93   243 0.80 seq00000010_9 # 8301 # 10253 # -1 # ID=9_9;partial=00;start_type=ATG;rbs_motif=GGA/GAG/AGG;rbs_spacer=5-10bp;gc_cont=0.242
seq00000009:25070-27457|+   -            796 1064at2085           -            350   1.4e-32  108.6   8.4   1   2   1.6e-19   3.3e-18   61.3   2.2     1   115     1   112     1   125 0.82 seq00000009_18 # 25070 # 27457 # 1 # ID=8_18;partial=00;start_type=ATG;rbs_motif=None;rbs_spacer=None;gc_cont=0.247
seq00000009:25070-27457|+   -            796 1064at2085           -            350   1.4e-32  108.6   8.4   2   2   1.2e-16   2.6e-15   51.8   1.6   157   266   105   213    98   219 0.88 seq00000009_18 # 25070 # 27457 # 1 # ID=8_18;partial=00;start_type=ATG;rbs_motif=None;rbs_spacer=None;gc_cont=0.247
scf00000000:2631-3533|-     -            301 1064at2085           -            350   3.4e-32  107.3   2.4   1   2   1.6e-11   3.4e-10   34.9   2.1     2   106     3   132     2   138 0.65 scf00000000_4 # 2631 # 3533 # -1 # ID=1_4;partial=00;start_type=ATG;rbs_motif=GGA/GAG/AGG;rbs_spacer=5-10bp;gc_cont=0.307
scf00000000:2631-3533|-     -            301 1064at2085           -            350   3.4e-32  107.3   2.4   2   2   1.1e-21   2.3e-20   68.4   0.0   152   282   131   261   125   294 0.86 scf00000000_4 # 2631 # 3533 # -1 # ID=1_4;partial=00;start_type=ATG;rbs_motif=GGA/GAG/AGG;rbs_spacer=5-10bp;gc_cont=0.307
seq00000013:14043-16367|-   -            775 1064at2085           -            350   7.5e-31  102.9   8.6   1   3   2.4e-09   5.2e-08   27.8   1.9     8   101    15   113     5   130 0.77 seq00000013_5 # 14043 # 16367 # -1 # ID=12_5;partial=00;start_type=ATG;rbs_motif=AGxAG;rbs_spacer=5-10bp;gc_cont=0.280
seq00000013:14043-16367|-   -            775 1064at2085           -            350   7.5e-31  102.9   8.6   2   3         2        42   -1.5   1.2    70   143   312   385   306   417 0.57 seq00000013_5 # 14043 # 16367 # -1 # ID=12_5;partial=00;start_type=ATG;rbs_motif=AGxAG;rbs_spacer=5-10bp;gc_cont=0.280
seq00000013:14043-16367|-   -            775 1064at2085           -            350   7.5e-31  102.9   8.6   3   3   1.3e-27   2.7e-26   87.9   0.7   106   271   547   709   523   720 0.79 seq00000013_5 # 14043 # 16367 # -1 # ID=12_5;partial=00;start_type=ATG;rbs_motif=AGxAG;rbs_spacer=5-10bp;gc_cont=0.280
seq00000010:27242-29206|+   -            655 1064at2085           -            350   3.9e-30  100.5  10.3   1   2   9.2e-19     2e-17   58.8   5.7     1   122     1   120     1   126 0.86 seq00000010_19 # 27242 # 29206 # 1 # ID=9_19;partial=00;start_type=ATG;rbs_motif=GGA/GAG/AGG;rbs_spacer=5-10bp;gc_cont=0.246
seq00000010:27242-29206|+   -            655 1064at2085           -            350   3.9e-30  100.5  10.3   2   2     1e-14   2.2e-13   45.4   0.5   171   268   121   216   110   250 0.86 seq00000010_19 # 27242 # 29206 # 1 # ID=9_19;partial=00;start_type=ATG;rbs_motif=GGA/GAG/AGG;rbs_spacer=5-10bp;gc_cont=0.246
scf00000001:13602-15878|+   -            759 1064at2085           -            350   6.2e-30   99.9   8.8   1   2   1.3e-19   2.7e-18   61.6   5.2     1   126     1   126     1   127 0.82 scf00000001_10 # 13602 # 15878 # 1 # ID=2_10;partial=00;start_type=ATG;rbs_motif=None;rbs_spacer=None;gc_cont=0.249
scf00000001:13602-15878|+   -            759 1064at2085           -            350   6.2e-30   99.9   8.8   2   2   2.4e-13   5.2e-12   40.9   0.3   170   258   119   205   100   215 0.89 scf00000001_10 # 13602 # 15878 # 1 # ID=2_10;partial=00;start_type=ATG;rbs_motif=None;rbs_spacer=None;gc_cont=0.249
seq00000012:28285-28971|-   -            229 1064at2085           -            350   1.3e-29   98.8   8.1   1   2   1.7e-20   3.6e-19   64.4   3.9     1   124     1   124     1   127 0.83 seq00000012_24 # 28285 # 28971 # -1 # ID=11_24;partial=00;start_type=ATG;rbs_motif=None;rbs_spacer=None;gc_cont=0.265
seq00000012:28285-28971|-   -            229 1064at2085           -            350   1.3e-29   98.8   8.1   2   2   1.4e-12   3.1e-11   38.4   0.2   172   254   121   201   114   219 0.88 seq00000012_24 # 28285 # 28971 # -1 # ID=11_24;partial=00;start_type=ATG;rbs_motif=None;rbs_spacer=None;gc_cont=0.265
scf00000001:8592-11096|+    -            835 1064at2085           -            350   1.6e-29   98.5  14.1   1   3   7.2e-13   1.5e-11   39.4   2.1     2    61     2    61     1    68 0.94 scf00000001_8 # 8592 # 11096 # 1 # ID=2_8;partial=00;start_type=ATG;rbs_motif=None;rbs_spacer=None;gc_cont=0.290
scf00000001:8592-11096|+    -            835 1064at2085           -            350   1.6e-29   98.5  14.1   2   3   5.4e-09   1.1e-07   26.6   1.0    41   125   100   184    97   186 0.77 scf00000001_8 # 8592 # 11096 # 1 # ID=2_8;partial=00;start_type=ATG;rbs_motif=None;rbs_spacer=None;gc_cont=0.290
scf00000001:8592-11096|+    -            835 1064at2085           -            350   1.6e-29   98.5  14.1   3   3   2.1e-13   4.4e-12   41.1   0.7   170   258   178   264   159   288 0.84 scf00000001_8 # 8592 # 11096 # 1 # ID=2_8;partial=00;start_type=ATG;rbs_motif=None;rbs_spacer=None;gc_cont=0.290
scf00000001:2891-5218|+     -            776 1064at2085           -            350   8.9e-29   96.1  18.2   1   2   6.7e-20   1.4e-18   62.5   4.0     1   114     1   111     1   123 0.87 scf00000001_5 # 2891 # 5218 # 1 # ID=2_5;partial=00;start_type=ATG;rbs_motif=None;rbs_spacer=None;gc_cont=0.261
scf00000001:2891-5218|+     -            776 1064at2085           -            350   8.9e-29   96.1  18.2   2   2   1.6e-14   3.3e-13   44.8   0.2   171   258   120   205   112   217 0.92 scf00000001_5 # 2891 # 5218 # 1 # ID=2_5;partial=00;start_type=ATG;rbs_motif=None;rbs_spacer=None;gc_cont=0.261
seq00000013:16367-17419|-   -            351 1064at2085           -            350   1.3e-28   95.5   0.7   1   2   8.5e-08   1.8e-06   22.7   0.2    11    72    26    88     9    94 0.78 seq00000013_6 # 16367 # 17419 # -1 # ID=12_6;partial=00;start_type=ATG;rbs_motif=GGxGG;rbs_spacer=5-10bp;gc_cont=0.329
seq00000013:16367-17419|-   -            351 1064at2085           -            350   1.3e-28   95.5   0.7   2   2   1.3e-22   2.8e-21   71.4   0.0   153   271   133   254   121   263 0.89 seq00000013_6 # 16367 # 17419 # -1 # ID=12_6;partial=00;start_type=ATG;rbs_motif=GGxGG;rbs_spacer=5-10bp;gc_cont=0.329
scf00000000:73912-75528|+   -            539 1064at2085           -            350   1.5e-27   92.1   4.6   1   5   2.7e-13   5.7e-12   40.8   0.8     1    64     1    64     1   104 0.82 scf00000000_56 # 73912 # 75528 # 1 # ID=1_56;partial=00;start_type=ATG;rbs_motif=AGGA;rbs_spacer=5-10bp;gc_cont=0.332
scf00000000:73912-75528|+   -            539 1064at2085           -            350   1.5e-27   92.1   4.6   2   5       1.7        36   -1.3   0.0   248   273    83   109    62   116 0.75 scf00000000_56 # 73912 # 75528 # 1 # ID=1_56;partial=00;start_type=ATG;rbs_motif=AGGA;rbs_spacer=5-10bp;gc_cont=0.332
scf00000000:73912-75528|+   -            539 1064at2085           -            350   1.5e-27   92.1   4.6   3   5   2.2e-09   4.6e-08   27.9   0.0   171   261   148   234   130   281 0.84 scf00000000_56 # 73912 # 75528 # 1 # ID=1_56;partial=00;start_type=ATG;rbs_motif=AGGA;rbs_spacer=5-10bp;gc_cont=0.332
scf00000000:73912-75528|+   -            539 1064at2085           -            350   1.5e-27   92.1   4.6   4   5     0.012      0.25    5.8   0.0    14    60   334   380   321   395 0.87 scf00000000_56 # 73912 # 75528 # 1 # ID=1_56;partial=00;start_type=ATG;rbs_motif=AGGA;rbs_spacer=5-10bp;gc_cont=0.332
scf00000000:73912-75528|+   -            539 1064at2085           -            350   1.5e-27   92.1   4.6   5   5   1.7e-05   0.00036   15.1   0.0   174   223   443   492   418   535 0.78 scf00000000_56 # 73912 # 75528 # 1 # ID=1_56;partial=00;start_type=ATG;rbs_motif=AGGA;rbs_spacer=5-10bp;gc_cont=0.332
seq00000010:10343-12661|-   -            773 1064at2085           -            350   1.5e-27   92.0  14.6   1   3   3.4e-17   7.2e-16   53.6   3.4     1    96     1    94     1   106 0.92 seq00000010_10 # 10343 # 12661 # -1 # ID=9_10;partial=00;start_type=ATG;rbs_motif=None;rbs_spacer=None;gc_cont=0.260
seq00000010:10343-12661|-   -            773 1064at2085           -            350   1.5e-27   92.0  14.6   2   3   7.6e-15   1.6e-13   45.9   1.2   151   267   100   215    93   238 0.85 seq00000010_10 # 10343 # 12661 # -1 # ID=9_10;partial=00;start_type=ATG;rbs_motif=None;rbs_spacer=None;gc_cont=0.260
seq00000010:10343-12661|-   -            773 1064at2085           -            350   1.5e-27   92.0  14.6   3   3         6   1.3e+02   -3.1   0.1    33    94   548   606   529   612 0.68 seq00000010_10 # 10343 # 12661 # -1 # ID=9_10;partial=00;start_type=ATG;rbs_motif=None;rbs_spacer=None;gc_cont=0.260
seq00000010:24883-27165|+   -            761 1064at2085           -            350   1.7e-27   91.9  17.7   1   3   8.6e-18   1.8e-16   55.6   4.4     1    94     1    91     1    94 0.90 seq00000010_18 # 24883 # 27165 # 1 # ID=9_18;partial=00;start_type=ATG;rbs_motif=GGA/GAG/AGG;rbs_spacer=5-10bp;gc_cont=0.253
seq00000010:24883-27165|+   -            761 1064at2085           -            350   1.7e-27   91.9  17.7   2   3   1.1e-13   2.3e-12   42.1   4.3   143   282    95   229    92   307 0.75 seq00000010_18 # 24883 # 27165 # 1 # ID=9_18;partial=00;start_type=ATG;rbs_motif=GGA/GAG/AGG;rbs_spacer=5-10bp;gc_cont=0.253
seq00000010:24883-27165|+   -            761 1064at2085           -            350   1.7e-27   91.9  17.7   3   3       1.7        36   -1.3   0.1    83   126   275   320   266   348 0.53 seq00000010_18 # 24883 # 27165 # 1 # ID=9_18;partial=00;start_type=ATG;rbs_motif=GGA/GAG/AGG;rbs_spacer=5-10bp;gc_cont=0.253
seq00000020:4299-5831|+     -            511 1064at2085           -            350     2e-26   88.3  18.9   1   4     8e-13   1.7e-11   39.2   1.0     2   119    14   136    13   148 0.86 seq00000020_5 # 4299 # 5831 # 1 # ID=19_5;partial=00;start_type=GTG;rbs_motif=GGA/GAG/AGG;rbs_spacer=11-12bp;gc_cont=0.322
seq00000020:4299-5831|+     -            511 1064at2085           -            350     2e-26   88.3  18.9   2   4   7.5e-06   0.00016   16.3   1.7   155   260   126   230   120   275 0.77 seq00000020_5 # 4299 # 5831 # 1 # ID=19_5;partial=00;start_type=GTG;rbs_motif=GGA/GAG/AGG;rbs_spacer=11-12bp;gc_cont=0.322
seq00000020:4299-5831|+     -            511 1064at2085           -            350     2e-26   88.3  18.9   3   4    0.0035     0.075    7.5   0.2    17    69   280   331   266   336 0.84 seq00000020_5 # 4299 # 5831 # 1 # ID=19_5;partial=00;start_type=GTG;rbs_motif=GGA/GAG/AGG;rbs_spacer=11-12bp;gc_cont=0.322
seq00000020:4299-5831|+     -            511 1064at2085           -            350     2e-26   88.3  18.9   4   4   2.8e-12   5.9e-11   37.4   0.8   140   260   375   493   356   503 0.75 seq00000020_5 # 4299 # 5831 # 1 # ID=19_5;partial=00;start_type=GTG;rbs_motif=GGA/GAG/AGG;rbs_spacer=11-12bp;gc_cont=0.322
seq00000014:4741-7041|-     -            767 1064at2085           -            350   3.4e-26   87.6  10.4   1   3   6.1e-18   1.3e-16   56.1   2.6     1   126     1   127     1   128 0.86 seq00000014_6 # 4741 # 7041 # -1 # ID=13_6;partial=00;start_type=ATG;rbs_motif=GGA/GAG/AGG;rbs_spacer=5-10bp;gc_cont=0.288
seq00000014:4741-7041|-     -            767 1064at2085           -            350   3.4e-26   87.6  10.4   2   3   5.8e-12   1.2e-10   36.4   0.2   173   253   123   201   102   212 0.86 seq00000014_6 # 4741 # 7041 # -1 # ID=13_6;partial=00;start_type=ATG;rbs_motif=GGA/GAG/AGG;rbs_spacer=5-10bp;gc_cont=0.288
seq00000014:4741-7041|-     -            767 1064at2085           -            350   3.4e-26   87.6  10.4   3   3      0.56        12    0.3   0.1    85   157   527   600   521   607 0.82 seq00000014_6 # 4741 # 7041 # -1 # ID=13_6;partial=00;start_type=ATG;rbs_motif=GGA/GAG/AGG;rbs_spacer=5-10bp;gc_cont=0.288
scf00000001:11170-13410|+   -            747 1064at2085           -            350   1.1e-25   85.9   8.6   1   2   2.4e-17   5.2e-16   54.1   5.0     1   116     1   113     1   125 0.83 scf00000001_9 # 11170 # 13410 # 1 # ID=2_9;partial=00;start_type=ATG;rbs_motif=None;rbs_spacer=None;gc_cont=0.255
scf00000001:11170-13410|+   -            747 1064at2085           -            350   1.1e-25   85.9   8.6   2   2   2.1e-11   4.6e-10   34.5   0.5   165   258   113   205    97   225 0.83 scf00000001_9 # 11170 # 13410 # 1 # ID=2_9;partial=00;start_type=ATG;rbs_motif=None;rbs_spacer=None;gc_cont=0.255
seq00000008:32181-32897|+   -            239 1064at2085           -            350   7.5e-25   83.1   3.0   1   2   4.5e-10   9.6e-09   30.2   0.6     1    63     5    68     5    90 0.88 seq00000008_27 # 32181 # 32897 # 1 # ID=7_27;partial=00;start_type=ATG;rbs_motif=AGGA;rbs_spacer=5-10bp;gc_cont=0.265
seq00000008:32181-32897|+   -            239 1064at2085           -            350   7.5e-25   83.1   3.0   2   2   3.2e-17   6.9e-16   53.7   0.1   137   269    94   226    75   233 0.87 seq00000008_27 # 32181 # 32897 # 1 # ID=7_27;partial=00;start_type=ATG;rbs_motif=AGGA;rbs_spacer=5-10bp;gc_cont=0.265
scf00000000:68752-70164|-   -            471 1064at2085           -            350   5.3e-24   80.3   9.4   1   3       2.1        45   -1.6   0.4   101   152    68   115    37   139 0.51 scf00000000_52 # 68752 # 70164 # -1 # ID=1_52;partial=00;start_type=ATG;rbs_motif=AGGAGG;rbs_spacer=5-10bp;gc_cont=0.323
scf00000000:68752-70164|-   -            471 1064at2085           -            350   5.3e-24   80.3   9.4   2   3   2.6e-06   5.5e-05   17.8   0.1    14   110   141   251   127   266 0.70 scf00000000_52 # 68752 # 70164 # -1 # ID=1_52;partial=00;start_type=ATG;rbs_motif=AGGAGG;rbs_spacer=5-10bp;gc_cont=0.323
scf00000000:68752-70164|-   -            471 1064at2085           -            350   5.3e-24   80.3   9.4   3   3   1.3e-21   2.8e-20   68.1   0.9   173   270   272   369   247   375 0.90 scf00000000_52 # 68752 # 70164 # -1 # ID=1_52;partial=00;start_type=ATG;rbs_motif=AGGAGG;rbs_spacer=5-10bp;gc_cont=0.323
scf00000001:5329-7611|+     -            761 1064at2085           -            350   6.2e-24   80.1  14.5   1   3   9.9e-17   2.1e-15   52.1   4.9     1   116     1   113     1   125 0.83 scf00000001_6 # 5329 # 7611 # 1 # ID=2_6;partial=00;start_type=ATG;rbs_motif=AGGAG(G)/GGAGG;rbs_spacer=13-15bp;gc_cont=0.239
scf00000001:5329-7611|+     -            761 1064at2085           -            350   6.2e-24   80.1  14.5   2   3   1.6e-11   3.3e-10   35.0   0.7   166   258   114   205    95   225 0.80 scf00000001_6 # 5329 # 7611 # 1 # ID=2_6;partial=00;start_type=ATG;rbs_motif=AGGAG(G)/GGAGG;rbs_spacer=13-15bp;gc_cont=0.239
scf00000001:5329-7611|+     -            761 1064at2085           -            350   6.2e-24   80.1  14.5   3   3       1.3        28   -0.9   0.3   103   176   539   613   526   639 0.66 scf00000001_6 # 5329 # 7611 # 1 # ID=2_6;partial=00;start_type=ATG;rbs_motif=AGGAG(G)/GGAGG;rbs_spacer=13-15bp;gc_cont=0.239
seq00000017:14740-15510|-   -            257 1064at2085           -            350   1.9e-22   75.2   4.8   1   2   6.7e-07   1.4e-05   19.7   0.3    12    76    22    86     9   131 0.71 seq00000017_10 # 14740 # 15510 # -1 # ID=16_10;partial=00;start_type=ATG;rbs_motif=None;rbs_spacer=None;gc_cont=0.262
seq00000017:14740-15510|-   -            257 1064at2085           -            350   1.9e-22   75.2   4.8   2   2   6.8e-19   1.4e-17   59.2   2.7    83   267    56   242    56   249 0.74 seq00000017_10 # 14740 # 15510 # -1 # ID=16_10;partial=00;start_type=ATG;rbs_motif=None;rbs_spacer=None;gc_cont=0.262
seq00000005:40862-42481|-   -            540 1064at2085           -            350   6.4e-22   73.5   4.5   1   2   6.8e-12   1.4e-10   36.2   0.7     1    72   336   408   336   419 0.92 seq00000005_32 # 40862 # 42481 # -1 # ID=4_32;partial=00;start_type=ATG;rbs_motif=None;rbs_spacer=None;gc_cont=0.231
seq00000005:40862-42481|-   -            540 1064at2085           -            350   6.4e-22   73.5   4.5   2   2   9.4e-13     2e-11   39.0   0.2   130   242   417   528   407   539 0.81 seq00000005_32 # 40862 # 42481 # -1 # ID=4_32;partial=00;start_type=ATG;rbs_motif=None;rbs_spacer=None;gc_cont=0.231
scf00000001:53702-55315|-   -            538 1064at2085           -            350   3.7e-19   64.4   7.3   1   2   7.9e-15   1.7e-13   45.8   1.1     2    72   325   395   324   421 0.86 scf00000001_38 # 53702 # 55315 # -1 # ID=2_38;partial=00;start_type=ATG;rbs_motif=AGxAGG/AGGxGG;rbs_spacer=5-10bp;gc_cont=0.260
scf00000001:53702-55315|-   -            538 1064at2085           -            350   3.7e-19   64.4   7.3   2   2   1.8e-07   3.7e-06   21.7   0.6   157   240   427   514   416   520 0.81 scf00000001_38 # 53702 # 55315 # -1 # ID=2_38;partial=00;start_type=ATG;rbs_motif=AGxAGG/AGGxGG;rbs_spacer=5-10bp;gc_cont=0.260
seq00000024:365-1978|-      -            538 1064at2085           -            350   3.3e-18   61.3   6.5   1   4       6.1   1.3e+02   -3.1   0.4    79   108    72   101    67   121 0.64 seq00000024_1 # 365 # 1978 # -1 # ID=23_1;partial=00;start_type=ATG;rbs_motif=AGGAGG;rbs_spacer=5-10bp;gc_cont=0.239
seq00000024:365-1978|-      -            538 1064at2085           -            350   3.3e-18   61.3   6.5   2   4       7.6   1.6e+02   -3.5   0.1   131   150   300   316   289   332 0.60 seq00000024_1 # 365 # 1978 # -1 # ID=23_1;partial=00;start_type=ATG;rbs_motif=AGGAGG;rbs_spacer=5-10bp;gc_cont=0.239
seq00000024:365-1978|-      -            538 1064at2085           -            350   3.3e-18   61.3   6.5   3   4   2.7e-10   5.8e-09   30.9   0.4     6    71   339   405   334   417 0.87 seq00000024_1 # 365 # 1978 # -1 # ID=23_1;partial=00;start_type=ATG;rbs_motif=AGGAGG;rbs_spacer=5-10bp;gc_cont=0.239
seq00000024:365-1978|-      -            538 1064at2085           -            350   3.3e-18   61.3   6.5   4   4   1.5e-13   3.2e-12   41.6   1.2   154   251   435   534   421   537 0.79 seq00000024_1 # 365 # 1978 # -1 # ID=23_1;partial=00;start_type=ATG;rbs_motif=AGGAGG;rbs_spacer=5-10bp;gc_cont=0.239
scf00000000:197092-199935|+ -            948 1064at2085           -            350   1.2e-15   52.8   5.1   1   4     0.017      0.36    5.3   0.1    15    42    19    46    13    57 0.90 scf00000000_176 # 197092 # 199935 # 1 # ID=1_176;partial=00;start_type=ATG;rbs_motif=None;rbs_spacer=None;gc_cont=0.326
scf00000000:197092-199935|+ -            948 1064at2085           -            350   1.2e-15   52.8   5.1   2   4     1e-06   2.2e-05   19.1   0.0   153   244   467   559   447   598 0.81 scf00000000_176 # 197092 # 199935 # 1 # ID=1_176;partial=00;start_type=ATG;rbs_motif=None;rbs_spacer=None;gc_cont=0.326
scf00000000:197092-199935|+ -            948 1064at2085           -            350   1.2e-15   52.8   5.1   3   4   9.5e-06    0.0002   16.0   0.4    15    47   626   658   618   680 0.82 scf00000000_176 # 197092 # 199935 # 1 # ID=1_176;partial=00;start_type=ATG;rbs_motif=None;rbs_spacer=None;gc_cont=0.326
scf00000000:197092-199935|+ -            948 1064at2085           -            350   1.2e-15   52.8   5.1   4   4   0.00025    0.0053   11.3   0.0   174   251   829   907   811   940 0.75 scf00000000_176 # 197092 # 199935 # 1 # ID=1_176;partial=00;start_type=ATG;rbs_motif=None;rbs_spacer=None;gc_cont=0.326
seq00000015:18712-21555|+   -            948 1064at2085           -            350   1.7e-15   52.3   5.9   1   4     0.017      0.36    5.3   0.1    15    42    19    46    13    57 0.90 seq00000015_13 # 18712 # 21555 # 1 # ID=14_13;partial=00;start_type=ATG;rbs_motif=None;rbs_spacer=None;gc_cont=0.327
seq00000015:18712-21555|+   -            948 1064at2085           -            350   1.7e-15   52.3   5.9   2   4   7.3e-07   1.5e-05   19.6   0.0   153   249   467   563   443   601 0.77 seq00000015_13 # 18712 # 21555 # 1 # ID=14_13;partial=00;start_type=ATG;rbs_motif=None;rbs_spacer=None;gc_cont=0.327
seq00000015:18712-21555|+   -            948 1064at2085           -            350   1.7e-15   52.3   5.9   3   4   9.5e-06    0.0002   16.0   0.4    15    47   626   658   618   680 0.82 seq00000015_13 # 18712 # 21555 # 1 # ID=14_13;partial=00;start_type=ATG;rbs_motif=None;rbs_spacer=None;gc_cont=0.327
seq00000015:18712-21555|+   -            948 1064at2085           -            350   1.7e-15   52.3   5.9   4   4   0.00028     0.006   11.1   0.0   174   251   829   907   811   940 0.74 seq00000015_13 # 18712 # 21555 # 1 # ID=14_13;partial=00;start_type=ATG;rbs_motif=None;rbs_spacer=None;gc_cont=0.327
seq00000005:42490-44100|-   -            537 1064at2085           -            350     1e-13   46.5   6.6   1   2   5.8e-11   1.2e-09   33.1   2.7     2   127   334   462   333   463 0.80 seq00000005_33 # 42490 # 44100 # -1 # ID=4_33;partial=00;start_type=ATG;rbs_motif=GGA/GAG/AGG;rbs_spacer=5-10bp;gc_cont=0.187
seq00000005:42490-44100|-   -            537 1064at2085           -            350     1e-13   46.5   6.6   2   2   3.4e-06   7.3e-05   17.4   0.4   170   250   456   534   431   536 0.70 seq00000005_33 # 42490 # 44100 # -1 # ID=4_33;partial=00;start_type=ATG;rbs_motif=GGA/GAG/AGG;rbs_spacer=5-10bp;gc_cont=0.187
seq00000024:1989-3599|-     -            537 1064at2085           -            350   1.7e-13   45.8   0.2   1   2     2e-10   4.2e-09   31.3   0.1     2    72   334   406   333   433 0.85 seq00000024_2 # 1989 # 3599 # -1 # ID=23_2;partial=00;start_type=ATG;rbs_motif=AGGA;rbs_spacer=5-10bp;gc_cont=0.233
seq00000024:1989-3599|-     -            537 1064at2085           -            350   1.7e-13   45.8   0.2   2   2   0.00017    0.0037   11.8   0.0   174   231   460   514   440   535 0.72 seq00000024_2 # 1989 # 3599 # -1 # ID=23_2;partial=00;start_type=ATG;rbs_motif=AGGA;rbs_spacer=5-10bp;gc_cont=0.233
scf00000001:55308-56906|-   -            533 1064at2085           -            350   2.3e-13   45.4   7.8   1   3       3.3        71   -2.3   0.2   126   154   211   241   199   255 0.74 scf00000001_39 # 55308 # 56906 # -1 # ID=2_39;partial=00;start_type=ATG;rbs_motif=AGGAGG;rbs_spacer=5-10bp;gc_cont=0.256
scf00000001:55308-56906|-   -            533 1064at2085           -            350   2.3e-13   45.4   7.8   2   3   1.2e-09   2.5e-08   28.8   0.8     2    71   327   397   326   424 0.81 scf00000001_39 # 55308 # 56906 # -1 # ID=2_39;partial=00;start_type=ATG;rbs_motif=AGGAGG;rbs_spacer=5-10bp;gc_cont=0.256
scf00000001:55308-56906|-   -            533 1064at2085           -            350   2.3e-13   45.4   7.8   3   3   3.1e-07   6.6e-06   20.8   0.3   157   245   431   518   388   529 0.72 scf00000001_39 # 55308 # 56906 # -1 # ID=2_39;partial=00;start_type=ATG;rbs_motif=AGGAGG;rbs_spacer=5-10bp;gc_cont=0.256
scf00000000:121617-123656|+ -            680 1064at2085           -            350   1.6e-09   32.7   5.0   1   3         3        65   -2.2   0.1    68    86   113   131    78   146 0.69 scf00000000_112 # 121617 # 123656 # 1 # ID=1_112;partial=00;start_type=ATG;rbs_motif=None;rbs_spacer=None;gc_cont=0.248
scf00000000:121617-123656|+ -            680 1064at2085           -            350   1.6e-09   32.7   5.0   2   3   9.9e-06   0.00021   15.9   0.5     2    94   470   561   469   584 0.80 scf00000000_112 # 121617 # 123656 # 1 # ID=1_112;partial=00;start_type=ATG;rbs_motif=None;rbs_spacer=None;gc_cont=0.248
scf00000000:121617-123656|+ -            680 1064at2085           -            350   1.6e-09   32.7   5.0   3   3   2.7e-06   5.7e-05   17.8   0.1   165   239   589   661   568   666 0.88 scf00000000_112 # 121617 # 123656 # 1 # ID=1_112;partial=00;start_type=ATG;rbs_motif=None;rbs_spacer=None;gc_cont=0.248
#
# Program:         hmmsearch
# Version:         3.4 (Aug 2023)
# Pipeline mode:   SEARCH
# Query file:      /home/lgef/Documentos/GitHub/Project_doctoral/IMPLEMENTACAO/Genomes/M_hyopneumoniae/MHP_ncbi_dataset/ncbi_dataset/data/strains/MHP699/Use/busco_downloads/lineages/mycoplasmatales_odb10/hmms/1064at2085.hmm
# Target file:     /home/lgef/Documentos/GitHub/Project_doctoral/IMPLEMENTACAO/Genomes/M_hyopneumoniae/MHP_ncbi_dataset/ncbi_dataset/data/strains/MHP699/Use/busco_complete/prodigal_output/predicted_genes/predicted.faa
# Option settings: hmmsearch --domtblout /home/lgef/Documentos/GitHub/Project_doctoral/IMPLEMENTACAO/Genomes/M_hyopneumoniae/MHP_ncbi_dataset/ncbi_dataset/data/strains/MHP699/Use/busco_complete/run_mycoplasmatales_odb10/hmmer_output/1064at2085.out --cpu 1 /home/lgef/Documentos/GitHub/Project_doctoral/IMPLEMENTACAO/Genomes/M_hyopneumoniae/MHP_ncbi_dataset/ncbi_dataset/data/strains/MHP699/Use/busco_downloads/lineages/mycoplasmatales_odb10/hmms/1064at2085.hmm /home/lgef/Documentos/GitHub/Project_doctoral/IMPLEMENTACAO/Genomes/M_hyopneumoniae/MHP_ncbi_dataset/ncbi_dataset/data/strains/MHP699/Use/busco_complete/prodigal_output/predicted_genes/predicted.faa 
# Current dir:     /home/lgef/Documentos/GitHub/Project_doctoral/IMPLEMENTACAO/Genomes/M_hyopneumoniae/MHP_ncbi_dataset/ncbi_dataset/data/strains/MHP699/Use
# Date:            Thu Nov 28 19:35:23 2024
# [ok]
