#                                                                                   --- full sequence --- -------------- this domain -------------   hmm coord   ali coord   env coord
# target name               accession   tlen query name           accession   qlen   E-value  score  bias   #  of  c-Evalue  i-Evalue  score  bias  from    to  from    to  from    to  acc description of target
#       ------------------- ---------- ----- -------------------- ---------- ----- --------- ------ ----- --- --- --------- --------- ------ ----- ----- ----- ----- ----- ----- ----- ---- ---------------------
scf00000000:219289-221373|+ -            695 148at2085            -            586         0 1036.0  12.3   1   2  5.8e-114  1.1e-111  369.5   3.0     1   181    11   193    11   218 0.94 scf00000000_194 # 219289 # 221373 # 1 # ID=1_194;partial=00;start_type=ATG;rbs_motif=AGGA;rbs_spacer=5-10bp;gc_cont=0.375
scf00000000:219289-221373|+ -            695 148at2085            -            586         0 1036.0  12.3   2   2  8.2e-205  1.6e-202  669.5   2.1   174   579   221   671   209   688 0.89 scf00000000_194 # 219289 # 221373 # 1 # ID=1_194;partial=00;start_type=ATG;rbs_motif=AGGA;rbs_spacer=5-10bp;gc_cont=0.375
scf00000000:222708-224504|- -            599 148at2085            -            586   6.9e-42  139.1   0.2   1   3   2.7e-30   5.3e-28   93.3   0.1     1   150     7   153     7   164 0.92 scf00000000_196 # 222708 # 224504 # -1 # ID=1_196;partial=00;start_type=ATG;rbs_motif=None;rbs_spacer=None;gc_cont=0.339
scf00000000:222708-224504|- -            599 148at2085            -            586   6.9e-42  139.1   0.2   2   3   1.1e-13   2.2e-11   38.4   0.0   218   415   163   375   154   381 0.75 scf00000000_196 # 222708 # 224504 # -1 # ID=1_196;partial=00;start_type=ATG;rbs_motif=None;rbs_spacer=None;gc_cont=0.339
scf00000000:222708-224504|- -            599 148at2085            -            586   6.9e-42  139.1   0.2   3   3    0.0028      0.55    4.1   0.0   521   574   402   467   395   478 0.63 scf00000000_196 # 222708 # 224504 # -1 # ID=1_196;partial=00;start_type=ATG;rbs_motif=None;rbs_spacer=None;gc_cont=0.339
seq00000006:15730-17529|-   -            600 148at2085            -            586   5.1e-18   60.3   0.9   1   2   2.6e-20   5.1e-18   60.3   0.9    31   135   120   230   115   244 0.82 seq00000006_16 # 15730 # 17529 # -1 # ID=5_16;partial=00;start_type=ATG;rbs_motif=GGAG/GAGG;rbs_spacer=5-10bp;gc_cont=0.353
seq00000006:15730-17529|-   -            600 148at2085            -            586   5.1e-18   60.3   0.9   2   2      0.41        81   -3.1   0.1    44    70   378   404   368   457 0.69 seq00000006_16 # 15730 # 17529 # -1 # ID=5_16;partial=00;start_type=ATG;rbs_motif=GGAG/GAGG;rbs_spacer=5-10bp;gc_cont=0.353
seq00000007:30503-31711|+   -            403 148at2085            -            586   2.7e-15   51.3   1.4   1   2     3e-17   5.8e-15   50.2   0.3     2   130    20   147    19   166 0.91 seq00000007_24 # 30503 # 31711 # 1 # ID=6_24;partial=00;start_type=ATG;rbs_motif=AGGA;rbs_spacer=5-10bp;gc_cont=0.403
seq00000007:30503-31711|+   -            403 148at2085            -            586   2.7e-15   51.3   1.4   2   2     0.043       8.4    0.2   0.0   220   327   195   304   148   324 0.67 seq00000007_24 # 30503 # 31711 # 1 # ID=6_24;partial=00;start_type=ATG;rbs_motif=AGGA;rbs_spacer=5-10bp;gc_cont=0.403
#
# Program:         hmmsearch
# Version:         3.4 (Aug 2023)
# Pipeline mode:   SEARCH
# Query file:      /home/lgef/Documentos/GitHub/Project_doctoral/IMPLEMENTACAO/Genomes/M_hyopneumoniae/MHP_ncbi_dataset/ncbi_dataset/data/strains/MHP699/Use/busco_downloads/lineages/mycoplasmatales_odb10/hmms/148at2085.hmm
# Target file:     /home/lgef/Documentos/GitHub/Project_doctoral/IMPLEMENTACAO/Genomes/M_hyopneumoniae/MHP_ncbi_dataset/ncbi_dataset/data/strains/MHP699/Use/busco_complete/prodigal_output/predicted_genes/predicted.faa
# Option settings: hmmsearch --domtblout /home/lgef/Documentos/GitHub/Project_doctoral/IMPLEMENTACAO/Genomes/M_hyopneumoniae/MHP_ncbi_dataset/ncbi_dataset/data/strains/MHP699/Use/busco_complete/run_mycoplasmatales_odb10/hmmer_output/148at2085.out --cpu 1 /home/lgef/Documentos/GitHub/Project_doctoral/IMPLEMENTACAO/Genomes/M_hyopneumoniae/MHP_ncbi_dataset/ncbi_dataset/data/strains/MHP699/Use/busco_downloads/lineages/mycoplasmatales_odb10/hmms/148at2085.hmm /home/lgef/Documentos/GitHub/Project_doctoral/IMPLEMENTACAO/Genomes/M_hyopneumoniae/MHP_ncbi_dataset/ncbi_dataset/data/strains/MHP699/Use/busco_complete/prodigal_output/predicted_genes/predicted.faa 
# Current dir:     /home/lgef/Documentos/GitHub/Project_doctoral/IMPLEMENTACAO/Genomes/M_hyopneumoniae/MHP_ncbi_dataset/ncbi_dataset/data/strains/MHP699/Use
# Date:            Thu Nov 28 19:35:23 2024
# [ok]
