#                                                                                   --- full sequence --- -------------- this domain -------------   hmm coord   ali coord   env coord
# target name               accession   tlen query name           accession   qlen   E-value  score  bias   #  of  c-Evalue  i-Evalue  score  bias  from    to  from    to  from    to  acc description of target
#       ------------------- ---------- ----- -------------------- ---------- ----- --------- ------ ----- --- --- --------- --------- ------ ----- ----- ----- ----- ----- ----- ----- ---- ---------------------
scf00000002:1940-3043|+     -            368 1683at2085           -            284  4.5e-103  340.0  14.3   1   3   8.6e-71   1.1e-68  227.1   1.9     1   163     1   169     1   179 0.94 scf00000002_4 # 1940 # 3043 # 1 # ID=3_4;partial=00;start_type=ATG;rbs_motif=None;rbs_spacer=None;gc_cont=0.298
scf00000002:1940-3043|+     -            368 1683at2085           -            284  4.5e-103  340.0  14.3   2   3   8.4e-08   1.1e-05   20.4   0.2   155   187   182   214   167   220 0.81 scf00000002_4 # 1940 # 3043 # 1 # ID=3_4;partial=00;start_type=ATG;rbs_motif=None;rbs_spacer=None;gc_cont=0.298
scf00000002:1940-3043|+     -            368 1683at2085           -            284  4.5e-103  340.0  14.3   3   3   7.8e-32     1e-29   99.3   1.5   185   284   238   365   222   365 0.75 scf00000002_4 # 1940 # 3043 # 1 # ID=3_4;partial=00;start_type=ATG;rbs_motif=None;rbs_spacer=None;gc_cont=0.298
scf00000000:262527-263786|- -            420 1683at2085           -            284   1.9e-16   55.8   5.4   1   1   3.4e-17   4.5e-15   51.2   5.5     4   135   158   274   155   347 0.82 scf00000000_230 # 262527 # 263786 # -1 # ID=1_230;partial=00;start_type=ATG;rbs_motif=AGGA;rbs_spacer=5-10bp;gc_cont=0.308
scf00000000:225062-226363|- -            434 1683at2085           -            284   5.3e-07   24.8   3.0   1   3     2e-05    0.0027   12.6   0.1     2    25     2    25     1    32 0.84 scf00000000_199 # 225062 # 226363 # -1 # ID=1_199;partial=00;start_type=ATG;rbs_motif=None;rbs_spacer=None;gc_cont=0.293
scf00000000:225062-226363|- -            434 1683at2085           -            284   5.3e-07   24.8   3.0   2   3    0.0004     0.052    8.4   0.0     3    22   171   190   169   253 0.82 scf00000000_199 # 225062 # 226363 # -1 # ID=1_199;partial=00;start_type=ATG;rbs_motif=None;rbs_spacer=None;gc_cont=0.293
scf00000000:225062-226363|- -            434 1683at2085           -            284   5.3e-07   24.8   3.0   3   3     0.041       5.4    1.8   0.1    27    80   273   329   269   358 0.70 scf00000000_199 # 225062 # 226363 # -1 # ID=1_199;partial=00;start_type=ATG;rbs_motif=None;rbs_spacer=None;gc_cont=0.293
scf00000000:75572-76903|+   -            444 1683at2085           -            284   4.9e-06   21.6   2.9   1   1   1.8e-06   0.00023   16.1   2.9     3   105   217   309   215   387 0.78 scf00000000_57 # 75572 # 76903 # 1 # ID=1_57;partial=00;start_type=TTG;rbs_motif=AGGAG;rbs_spacer=5-10bp;gc_cont=0.313
scf00000000:124883-125764|+ -            294 1683at2085           -            284   1.7e-05   19.8   0.1   1   1   2.9e-07   3.8e-05   18.7   0.1     5    26     9    30     6    55 0.85 scf00000000_116 # 124883 # 125764 # 1 # ID=1_116;partial=00;start_type=ATG;rbs_motif=None;rbs_spacer=None;gc_cont=0.290
scf00000000:205690-206481|- -            264 1683at2085           -            284   6.9e-05   17.8   0.1   1   4      0.17        22   -0.3   0.8    81   149    31   102     8   107 0.58 scf00000000_182 # 205690 # 206481 # -1 # ID=1_182;partial=00;start_type=ATG;rbs_motif=GGA/GAG/AGG;rbs_spacer=3-4bp;gc_cont=0.270
scf00000000:205690-206481|- -            264 1683at2085           -            284   6.9e-05   17.8   0.1   2   4   5.2e-07   6.9e-05   17.8   0.1     2    27   110   135   109   152 0.87 scf00000000_182 # 205690 # 206481 # -1 # ID=1_182;partial=00;start_type=ATG;rbs_motif=GGA/GAG/AGG;rbs_spacer=3-4bp;gc_cont=0.270
scf00000000:205690-206481|- -            264 1683at2085           -            284   6.9e-05   17.8   0.1   3   4         1   1.3e+02   -2.8   0.0    56    72   148   164   139   170 0.80 scf00000000_182 # 205690 # 206481 # -1 # ID=1_182;partial=00;start_type=ATG;rbs_motif=GGA/GAG/AGG;rbs_spacer=3-4bp;gc_cont=0.270
scf00000000:205690-206481|- -            264 1683at2085           -            284   6.9e-05   17.8   0.1   4   4      0.48        63   -1.7   0.1    16    56   191   233   173   243 0.50 scf00000000_182 # 205690 # 206481 # -1 # ID=1_182;partial=00;start_type=ATG;rbs_motif=GGA/GAG/AGG;rbs_spacer=3-4bp;gc_cont=0.270
#
# Program:         hmmsearch
# Version:         3.4 (Aug 2023)
# Pipeline mode:   SEARCH
# Query file:      /home/lgef/Documentos/GitHub/Project_doctoral/IMPLEMENTACAO/Genomes/M_hyopneumoniae/MHP_ncbi_dataset/ncbi_dataset/data/strains/MHP699/Use/busco_downloads/lineages/mycoplasmatales_odb10/hmms/1683at2085.hmm
# Target file:     /home/lgef/Documentos/GitHub/Project_doctoral/IMPLEMENTACAO/Genomes/M_hyopneumoniae/MHP_ncbi_dataset/ncbi_dataset/data/strains/MHP699/Use/busco_complete/prodigal_output/predicted_genes/predicted.faa
# Option settings: hmmsearch --domtblout /home/lgef/Documentos/GitHub/Project_doctoral/IMPLEMENTACAO/Genomes/M_hyopneumoniae/MHP_ncbi_dataset/ncbi_dataset/data/strains/MHP699/Use/busco_complete/run_mycoplasmatales_odb10/hmmer_output/1683at2085.out --cpu 1 /home/lgef/Documentos/GitHub/Project_doctoral/IMPLEMENTACAO/Genomes/M_hyopneumoniae/MHP_ncbi_dataset/ncbi_dataset/data/strains/MHP699/Use/busco_downloads/lineages/mycoplasmatales_odb10/hmms/1683at2085.hmm /home/lgef/Documentos/GitHub/Project_doctoral/IMPLEMENTACAO/Genomes/M_hyopneumoniae/MHP_ncbi_dataset/ncbi_dataset/data/strains/MHP699/Use/busco_complete/prodigal_output/predicted_genes/predicted.faa 
# Current dir:     /home/lgef/Documentos/GitHub/Project_doctoral/IMPLEMENTACAO/Genomes/M_hyopneumoniae/MHP_ncbi_dataset/ncbi_dataset/data/strains/MHP699/Use
# Date:            Thu Nov 28 19:35:24 2024
# [ok]
