#                                                                                   --- full sequence --- -------------- this domain -------------   hmm coord   ali coord   env coord
# target name               accession   tlen query name           accession   qlen   E-value  score  bias   #  of  c-Evalue  i-Evalue  score  bias  from    to  from    to  from    to  acc description of target
#       ------------------- ---------- ----- -------------------- ---------- ----- --------- ------ ----- --- --- --------- --------- ------ ----- ----- ----- ----- ----- ----- ----- ---- ---------------------
scf00000000:124883-125764|+ -            294 2656at2085           -            232   4.5e-67  221.2  11.2   1   2   6.2e-41   6.1e-39  129.2   4.2     1   122     9   134     9   156 0.90 scf00000000_116 # 124883 # 125764 # 1 # ID=1_116;partial=00;start_type=ATG;rbs_motif=None;rbs_spacer=None;gc_cont=0.290
scf00000000:124883-125764|+ -            294 2656at2085           -            232   4.5e-67  221.2  11.2   2   2   5.5e-31   5.4e-29   96.6   0.6   119   232   159   293   147   293 0.81 scf00000000_116 # 124883 # 125764 # 1 # ID=1_116;partial=00;start_type=ATG;rbs_motif=None;rbs_spacer=None;gc_cont=0.290
scf00000000:225062-226363|- -            434 2656at2085           -            232   1.4e-41  137.8   2.0   1   3   4.4e-21   4.3e-19   64.2   0.7     1   114     5   123     5   137 0.84 scf00000000_199 # 225062 # 226363 # -1 # ID=1_199;partial=00;start_type=ATG;rbs_motif=None;rbs_spacer=None;gc_cont=0.293
scf00000000:225062-226363|- -            434 2656at2085           -            232   1.4e-41  137.8   2.0   2   3   2.2e-23   2.2e-21   71.8   0.0     2   122   174   302   173   316 0.84 scf00000000_199 # 225062 # 226363 # -1 # ID=1_199;partial=00;start_type=ATG;rbs_motif=None;rbs_spacer=None;gc_cont=0.293
scf00000000:225062-226363|- -            434 2656at2085           -            232   1.4e-41  137.8   2.0   3   3       0.5        50   -1.4   0.1   116   145   329   358   316   365 0.62 scf00000000_199 # 225062 # 226363 # -1 # ID=1_199;partial=00;start_type=ATG;rbs_motif=None;rbs_spacer=None;gc_cont=0.293
scf00000000:75572-76903|+   -            444 2656at2085           -            232   7.4e-18   60.2   6.2   1   2      0.19        19   -0.0   0.3   169   200   128   159   113   210 0.69 scf00000000_57 # 75572 # 76903 # 1 # ID=1_57;partial=00;start_type=TTG;rbs_motif=AGGAG;rbs_spacer=5-10bp;gc_cont=0.313
scf00000000:75572-76903|+   -            444 2656at2085           -            232   7.4e-18   60.2   6.2   2   2   7.6e-20   7.4e-18   60.2   6.2     2   116   220   338   219   385 0.79 scf00000000_57 # 75572 # 76903 # 1 # ID=1_57;partial=00;start_type=TTG;rbs_motif=AGGAG;rbs_spacer=5-10bp;gc_cont=0.313
seq00000016:5083-5679|-     -            199 2656at2085           -            232     2e-12   42.4   2.1   1   1   2.7e-14   2.6e-12   42.0   2.1     2   132    41   179    40   197 0.71 seq00000016_2 # 5083 # 5679 # -1 # ID=15_2;partial=00;start_type=ATG;rbs_motif=None;rbs_spacer=None;gc_cont=0.291
scf00000000:205690-206481|- -            264 2656at2085           -            232   4.2e-10   34.8   0.6   1   2     0.013       1.3    3.8   2.3    71   124    10    64     2   100 0.75 scf00000000_182 # 205690 # 206481 # -1 # ID=1_182;partial=00;start_type=ATG;rbs_motif=GGA/GAG/AGG;rbs_spacer=3-4bp;gc_cont=0.270
scf00000000:205690-206481|- -            264 2656at2085           -            232   4.2e-10   34.8   0.6   2   2   4.3e-12   4.2e-10   34.8   0.6     3    66   115   174   113   239 0.92 scf00000000_182 # 205690 # 206481 # -1 # ID=1_182;partial=00;start_type=ATG;rbs_motif=GGA/GAG/AGG;rbs_spacer=3-4bp;gc_cont=0.270
scf00000000:262527-263786|- -            420 2656at2085           -            232   6.8e-09   30.9   0.8   1   1   1.4e-10   1.3e-08   29.9   0.7     1   111   159   274   159   321 0.75 scf00000000_230 # 262527 # 263786 # -1 # ID=1_230;partial=00;start_type=ATG;rbs_motif=AGGA;rbs_spacer=5-10bp;gc_cont=0.308
scf00000002:1940-3043|+     -            368 2656at2085           -            232   1.1e-07   27.0   3.5   1   1   1.7e-08   1.6e-06   23.1   2.4     2   143     6   162     5   176 0.64 scf00000002_4 # 1940 # 3043 # 1 # ID=3_4;partial=00;start_type=ATG;rbs_motif=None;rbs_spacer=None;gc_cont=0.298
scf00000000:128086-128943|+ -            286 2656at2085           -            232   3.3e-06   22.1   0.4   1   2     0.027       2.7    2.7   2.7    57   115    83   142    54   157 0.69 scf00000000_120 # 128086 # 128943 # 1 # ID=1_120;partial=00;start_type=ATG;rbs_motif=None;rbs_spacer=None;gc_cont=0.277
scf00000000:128086-128943|+ -            286 2656at2085           -            232   3.3e-06   22.1   0.4   2   2   3.4e-08   3.3e-06   22.1   0.4     3    68   157   224   155   235 0.72 scf00000000_120 # 128086 # 128943 # 1 # ID=1_120;partial=00;start_type=ATG;rbs_motif=None;rbs_spacer=None;gc_cont=0.277
#
# Program:         hmmsearch
# Version:         3.4 (Aug 2023)
# Pipeline mode:   SEARCH
# Query file:      /home/lgef/Documentos/GitHub/Project_doctoral/IMPLEMENTACAO/Genomes/M_hyopneumoniae/MHP_ncbi_dataset/ncbi_dataset/data/strains/MHP699/Use/busco_downloads/lineages/mycoplasmatales_odb10/hmms/2656at2085.hmm
# Target file:     /home/lgef/Documentos/GitHub/Project_doctoral/IMPLEMENTACAO/Genomes/M_hyopneumoniae/MHP_ncbi_dataset/ncbi_dataset/data/strains/MHP699/Use/busco_complete/prodigal_output/predicted_genes/predicted.faa
# Option settings: hmmsearch --domtblout /home/lgef/Documentos/GitHub/Project_doctoral/IMPLEMENTACAO/Genomes/M_hyopneumoniae/MHP_ncbi_dataset/ncbi_dataset/data/strains/MHP699/Use/busco_complete/run_mycoplasmatales_odb10/hmmer_output/2656at2085.out --cpu 1 /home/lgef/Documentos/GitHub/Project_doctoral/IMPLEMENTACAO/Genomes/M_hyopneumoniae/MHP_ncbi_dataset/ncbi_dataset/data/strains/MHP699/Use/busco_downloads/lineages/mycoplasmatales_odb10/hmms/2656at2085.hmm /home/lgef/Documentos/GitHub/Project_doctoral/IMPLEMENTACAO/Genomes/M_hyopneumoniae/MHP_ncbi_dataset/ncbi_dataset/data/strains/MHP699/Use/busco_complete/prodigal_output/predicted_genes/predicted.faa 
# Current dir:     /home/lgef/Documentos/GitHub/Project_doctoral/IMPLEMENTACAO/Genomes/M_hyopneumoniae/MHP_ncbi_dataset/ncbi_dataset/data/strains/MHP699/Use
# Date:            Thu Nov 28 19:35:25 2024
# [ok]
