#                                                                                   --- full sequence --- -------------- this domain -------------   hmm coord   ali coord   env coord
# target name               accession   tlen query name           accession   qlen   E-value  score  bias   #  of  c-Evalue  i-Evalue  score  bias  from    to  from    to  from    to  acc description of target
#       ------------------- ---------- ----- -------------------- ---------- ----- --------- ------ ----- --- --- --------- --------- ------ ----- ----- ----- ----- ----- ----- ----- ---- ---------------------
seq00000015:9944-10861|-    -            306 3146at2085           -            235   1.2e-85  282.1   1.4   1   2   7.3e-29   1.2e-26   89.0   0.1     1    65     4    71     4   103 0.91 seq00000015_6 # 9944 # 10861 # -1 # ID=14_6;partial=00;start_type=ATG;rbs_motif=GGA/GAG/AGG;rbs_spacer=5-10bp;gc_cont=0.358
seq00000015:9944-10861|-    -            306 3146at2085           -            235   1.2e-85  282.1   1.4   2   2   2.9e-60   4.6e-58  191.8   0.2    64   234   104   299    98   300 0.86 seq00000015_6 # 9944 # 10861 # -1 # ID=14_6;partial=00;start_type=ATG;rbs_motif=GGA/GAG/AGG;rbs_spacer=5-10bp;gc_cont=0.358
scf00000000:188278-189195|- -            306 3146at2085           -            235   2.3e-85  281.2   1.1   1   2   7.3e-29   1.1e-26   89.1   0.1     1    65     4    71     4   103 0.91 scf00000000_169 # 188278 # 189195 # -1 # ID=1_169;partial=00;start_type=ATG;rbs_motif=GGA/GAG/AGG;rbs_spacer=5-10bp;gc_cont=0.352
scf00000000:188278-189195|- -            306 3146at2085           -            235   2.3e-85  281.2   1.1   2   2   6.9e-60   1.1e-57  190.6   0.1    64   234   104   299    98   300 0.86 scf00000000_169 # 188278 # 189195 # -1 # ID=1_169;partial=00;start_type=ATG;rbs_motif=GGA/GAG/AGG;rbs_spacer=5-10bp;gc_cont=0.352
seq00000006:1035-2399|-     -            455 3146at2085           -            235   1.4e-17   59.3   4.9   1   2   1.3e-07     2e-05   19.5   0.1     1    39     4    42     4    51 0.94 seq00000006_2 # 1035 # 2399 # -1 # ID=5_2;partial=00;start_type=ATG;rbs_motif=GGA/GAG/AGG;rbs_spacer=5-10bp;gc_cont=0.320
seq00000006:1035-2399|-     -            455 3146at2085           -            235   1.4e-17   59.3   4.9   2   2   9.7e-14   1.5e-11   39.6   1.8   102   235   167   320   126   320 0.67 seq00000006_2 # 1035 # 2399 # -1 # ID=5_2;partial=00;start_type=ATG;rbs_motif=GGA/GAG/AGG;rbs_spacer=5-10bp;gc_cont=0.320
seq00000013:24384-26231|+   -            616 3146at2085           -            235   1.2e-11   39.8   9.8   1   2   3.7e-08   5.8e-06   21.3   0.1     1    38   161   198   161   207 0.93 seq00000013_11 # 24384 # 26231 # 1 # ID=12_11;partial=00;start_type=ATG;rbs_motif=AGGA;rbs_spacer=5-10bp;gc_cont=0.367
seq00000013:24384-26231|+   -            616 3146at2085           -            235   1.2e-11   39.8   9.8   2   2     5e-08   7.8e-06   20.9   4.0    58   218   284   466   244   483 0.67 seq00000013_11 # 24384 # 26231 # 1 # ID=12_11;partial=00;start_type=ATG;rbs_motif=AGGA;rbs_spacer=5-10bp;gc_cont=0.367
scf00000001:28852-30711|-   -            620 3146at2085           -            235     0.027    9.3   2.9   1   3    0.0014      0.23    6.3   0.0     1    30    12    41    12    49 0.85 scf00000001_23 # 28852 # 30711 # -1 # ID=2_23;partial=00;start_type=ATG;rbs_motif=GGAG/GAGG;rbs_spacer=5-10bp;gc_cont=0.325
scf00000001:28852-30711|-   -            620 3146at2085           -            235     0.027    9.3   2.9   2   3     0.035       5.5    1.7   0.7   129   169    98   142    79   162 0.72 scf00000001_23 # 28852 # 30711 # -1 # ID=2_23;partial=00;start_type=ATG;rbs_motif=GGAG/GAGG;rbs_spacer=5-10bp;gc_cont=0.325
scf00000001:28852-30711|-   -            620 3146at2085           -            235     0.027    9.3   2.9   3   3      0.76   1.2e+02   -2.6   0.0   201   215   361   376   350   393 0.73 scf00000001_23 # 28852 # 30711 # -1 # ID=2_23;partial=00;start_type=ATG;rbs_motif=GGAG/GAGG;rbs_spacer=5-10bp;gc_cont=0.325
#
# Program:         hmmsearch
# Version:         3.4 (Aug 2023)
# Pipeline mode:   SEARCH
# Query file:      /home/lgef/Documentos/GitHub/Project_doctoral/IMPLEMENTACAO/Genomes/M_hyopneumoniae/MHP_ncbi_dataset/ncbi_dataset/data/strains/MHP699/Use/busco_downloads/lineages/mycoplasmatales_odb10/hmms/3146at2085.hmm
# Target file:     /home/lgef/Documentos/GitHub/Project_doctoral/IMPLEMENTACAO/Genomes/M_hyopneumoniae/MHP_ncbi_dataset/ncbi_dataset/data/strains/MHP699/Use/busco_complete/prodigal_output/predicted_genes/predicted.faa
# Option settings: hmmsearch --domtblout /home/lgef/Documentos/GitHub/Project_doctoral/IMPLEMENTACAO/Genomes/M_hyopneumoniae/MHP_ncbi_dataset/ncbi_dataset/data/strains/MHP699/Use/busco_complete/run_mycoplasmatales_odb10/hmmer_output/3146at2085.out --cpu 1 /home/lgef/Documentos/GitHub/Project_doctoral/IMPLEMENTACAO/Genomes/M_hyopneumoniae/MHP_ncbi_dataset/ncbi_dataset/data/strains/MHP699/Use/busco_downloads/lineages/mycoplasmatales_odb10/hmms/3146at2085.hmm /home/lgef/Documentos/GitHub/Project_doctoral/IMPLEMENTACAO/Genomes/M_hyopneumoniae/MHP_ncbi_dataset/ncbi_dataset/data/strains/MHP699/Use/busco_complete/prodigal_output/predicted_genes/predicted.faa 
# Current dir:     /home/lgef/Documentos/GitHub/Project_doctoral/IMPLEMENTACAO/Genomes/M_hyopneumoniae/MHP_ncbi_dataset/ncbi_dataset/data/strains/MHP699/Use
# Date:            Thu Nov 28 19:35:25 2024
# [ok]
