#                                                                                   --- full sequence --- -------------- this domain -------------   hmm coord   ali coord   env coord
# target name               accession   tlen query name           accession   qlen   E-value  score  bias   #  of  c-Evalue  i-Evalue  score  bias  from    to  from    to  from    to  acc description of target
#       ------------------- ---------- ----- -------------------- ---------- ----- --------- ------ ----- --- --- --------- --------- ------ ----- ----- ----- ----- ----- ----- ----- ---- ---------------------
seq00000016:5083-5679|-     -            199 4324at2085           -            135   2.4e-41  136.4   3.3   1   1     6e-43   4.7e-41  135.5   3.3     2   134    24   190    23   191 0.79 seq00000016_2 # 5083 # 5679 # -1 # ID=15_2;partial=00;start_type=ATG;rbs_motif=None;rbs_spacer=None;gc_cont=0.291
scf00000000:225062-226363|- -            434 4324at2085           -            135   1.3e-15   53.1   7.1   1   3   5.4e-10   4.2e-08   28.8   0.1    10    46     3    39     1   129 0.72 scf00000000_199 # 225062 # 226363 # -1 # ID=1_199;partial=00;start_type=ATG;rbs_motif=None;rbs_spacer=None;gc_cont=0.293
scf00000000:225062-226363|- -            434 4324at2085           -            135   1.3e-15   53.1   7.1   2   3   3.8e-09     3e-07   26.0   0.2    11    60   172   228   162   313 0.59 scf00000000_199 # 225062 # 226363 # -1 # ID=1_199;partial=00;start_type=ATG;rbs_motif=None;rbs_spacer=None;gc_cont=0.293
scf00000000:225062-226363|- -            434 4324at2085           -            135   1.3e-15   53.1   7.1   3   3      0.58        46   -0.5   0.4    25    82   353   412   334   421 0.72 scf00000000_199 # 225062 # 226363 # -1 # ID=1_199;partial=00;start_type=ATG;rbs_motif=None;rbs_spacer=None;gc_cont=0.293
scf00000000:205690-206481|- -            264 4324at2085           -            135   1.5e-08   30.2  10.0   1   3     0.029       2.3    3.7   0.8   100   124    42    66    11    71 0.74 scf00000000_182 # 205690 # 206481 # -1 # ID=1_182;partial=00;start_type=ATG;rbs_motif=GGA/GAG/AGG;rbs_spacer=3-4bp;gc_cont=0.270
scf00000000:205690-206481|- -            264 4324at2085           -            135   1.5e-08   30.2  10.0   2   3      0.49        38   -0.2   0.5    74   119    62   104    55   107 0.55 scf00000000_182 # 205690 # 206481 # -1 # ID=1_182;partial=00;start_type=ATG;rbs_motif=GGA/GAG/AGG;rbs_spacer=3-4bp;gc_cont=0.270
scf00000000:205690-206481|- -            264 4324at2085           -            135   1.5e-08   30.2  10.0   3   3   3.4e-10   2.7e-08   29.4   1.1    10    86   111   191   102   238 0.76 scf00000000_182 # 205690 # 206481 # -1 # ID=1_182;partial=00;start_type=ATG;rbs_motif=GGA/GAG/AGG;rbs_spacer=3-4bp;gc_cont=0.270
scf00000000:75572-76903|+   -            444 4324at2085           -            135   5.8e-08   28.3   4.2   1   2       5.2   4.1e+02   -3.5   0.0    27    49    93   115    88   124 0.63 scf00000000_57 # 75572 # 76903 # 1 # ID=1_57;partial=00;start_type=TTG;rbs_motif=AGGAG;rbs_spacer=5-10bp;gc_cont=0.313
scf00000000:75572-76903|+   -            444 4324at2085           -            135   5.8e-08   28.3   4.2   2   2   1.5e-09   1.2e-07   27.3   2.3    12   129   219   350   215   357 0.68 scf00000000_57 # 75572 # 76903 # 1 # ID=1_57;partial=00;start_type=TTG;rbs_motif=AGGAG;rbs_spacer=5-10bp;gc_cont=0.313
scf00000000:124883-125764|+ -            294 4324at2085           -            135   1.3e-06   23.9   3.4   1   1   4.5e-08   3.6e-06   22.6   3.4    12   115     9   129     3   141 0.63 scf00000000_116 # 124883 # 125764 # 1 # ID=1_116;partial=00;start_type=ATG;rbs_motif=None;rbs_spacer=None;gc_cont=0.290
scf00000000:128086-128943|+ -            286 4324at2085           -            135   9.2e-06   21.2   2.5   1   2      0.67        53   -0.7   0.2    96   117    99   120    87   142 0.60 scf00000000_120 # 128086 # 128943 # 1 # ID=1_120;partial=00;start_type=ATG;rbs_motif=None;rbs_spacer=None;gc_cont=0.277
scf00000000:128086-128943|+ -            286 4324at2085           -            135   9.2e-06   21.2   2.5   2   2   1.4e-07   1.1e-05   21.0   0.2    13    77   156   232   150   241 0.73 scf00000000_120 # 128086 # 128943 # 1 # ID=1_120;partial=00;start_type=ATG;rbs_motif=None;rbs_spacer=None;gc_cont=0.277
seq00000006:15730-17529|-   -            600 4324at2085           -            135   0.00041   15.9   0.1   1   3       1.4   1.1e+02   -1.7   0.1    77   115    30    68    16    78 0.77 seq00000006_16 # 15730 # 17529 # -1 # ID=5_16;partial=00;start_type=ATG;rbs_motif=GGAG/GAGG;rbs_spacer=5-10bp;gc_cont=0.353
seq00000006:15730-17529|-   -            600 4324at2085           -            135   0.00041   15.9   0.1   2   3   5.2e-06   0.00041   15.9   0.1    12   123   116   236   112   245 0.79 seq00000006_16 # 15730 # 17529 # -1 # ID=5_16;partial=00;start_type=ATG;rbs_motif=GGAG/GAGG;rbs_spacer=5-10bp;gc_cont=0.353
seq00000006:15730-17529|-   -            600 4324at2085           -            135   0.00041   15.9   0.1   3   3       2.8   2.2e+02   -2.7   0.1    90   116   468   494   448   500 0.74 seq00000006_16 # 15730 # 17529 # -1 # ID=5_16;partial=00;start_type=ATG;rbs_motif=GGAG/GAGG;rbs_spacer=5-10bp;gc_cont=0.353
scf00000000:262527-263786|- -            420 4324at2085           -            135   0.00044   15.8   2.8   1   2   7.5e-06   0.00059   15.4   0.2    10   121   157   273   152   282 0.79 scf00000000_230 # 262527 # 263786 # -1 # ID=1_230;partial=00;start_type=ATG;rbs_motif=AGGA;rbs_spacer=5-10bp;gc_cont=0.308
scf00000000:262527-263786|- -            420 4324at2085           -            135   0.00044   15.8   2.8   2   2      0.45        35   -0.1   0.2    32   103   299   370   292   386 0.78 scf00000000_230 # 262527 # 263786 # -1 # ID=1_230;partial=00;start_type=ATG;rbs_motif=AGGA;rbs_spacer=5-10bp;gc_cont=0.308
seq00000015:18712-21555|+   -            948 4324at2085           -            135    0.0047   12.4   1.9   1   2     0.094       7.4    2.1   0.0    10    29    32    52    24    59 0.80 seq00000015_13 # 18712 # 21555 # 1 # ID=14_13;partial=00;start_type=ATG;rbs_motif=None;rbs_spacer=None;gc_cont=0.327
seq00000015:18712-21555|+   -            948 4324at2085           -            135    0.0047   12.4   1.9   2   2    0.0018      0.14    7.7   0.4    12    36   641   665   637   676 0.89 seq00000015_13 # 18712 # 21555 # 1 # ID=14_13;partial=00;start_type=ATG;rbs_motif=None;rbs_spacer=None;gc_cont=0.327
scf00000000:197092-199935|+ -            948 4324at2085           -            135    0.0053   12.3   1.9   1   2     0.094       7.4    2.1   0.0    10    29    32    52    24    59 0.80 scf00000000_176 # 197092 # 199935 # 1 # ID=1_176;partial=00;start_type=ATG;rbs_motif=None;rbs_spacer=None;gc_cont=0.326
scf00000000:197092-199935|+ -            948 4324at2085           -            135    0.0053   12.3   1.9   2   2    0.0018      0.14    7.7   0.4    12    36   641   665   637   676 0.89 scf00000000_176 # 197092 # 199935 # 1 # ID=1_176;partial=00;start_type=ATG;rbs_motif=None;rbs_spacer=None;gc_cont=0.326
#
# Program:         hmmsearch
# Version:         3.4 (Aug 2023)
# Pipeline mode:   SEARCH
# Query file:      /home/lgef/Documentos/GitHub/Project_doctoral/IMPLEMENTACAO/Genomes/M_hyopneumoniae/MHP_ncbi_dataset/ncbi_dataset/data/strains/MHP699/Use/busco_downloads/lineages/mycoplasmatales_odb10/hmms/4324at2085.hmm
# Target file:     /home/lgef/Documentos/GitHub/Project_doctoral/IMPLEMENTACAO/Genomes/M_hyopneumoniae/MHP_ncbi_dataset/ncbi_dataset/data/strains/MHP699/Use/busco_complete/prodigal_output/predicted_genes/predicted.faa
# Option settings: hmmsearch --domtblout /home/lgef/Documentos/GitHub/Project_doctoral/IMPLEMENTACAO/Genomes/M_hyopneumoniae/MHP_ncbi_dataset/ncbi_dataset/data/strains/MHP699/Use/busco_complete/run_mycoplasmatales_odb10/hmmer_output/4324at2085.out --cpu 1 /home/lgef/Documentos/GitHub/Project_doctoral/IMPLEMENTACAO/Genomes/M_hyopneumoniae/MHP_ncbi_dataset/ncbi_dataset/data/strains/MHP699/Use/busco_downloads/lineages/mycoplasmatales_odb10/hmms/4324at2085.hmm /home/lgef/Documentos/GitHub/Project_doctoral/IMPLEMENTACAO/Genomes/M_hyopneumoniae/MHP_ncbi_dataset/ncbi_dataset/data/strains/MHP699/Use/busco_complete/prodigal_output/predicted_genes/predicted.faa 
# Current dir:     /home/lgef/Documentos/GitHub/Project_doctoral/IMPLEMENTACAO/Genomes/M_hyopneumoniae/MHP_ncbi_dataset/ncbi_dataset/data/strains/MHP699/Use
# Date:            Thu Nov 28 19:35:26 2024
# [ok]
