#                                                                                   --- full sequence --- -------------- this domain -------------   hmm coord   ali coord   env coord
# target name               accession   tlen query name           accession   qlen   E-value  score  bias   #  of  c-Evalue  i-Evalue  score  bias  from    to  from    to  from    to  acc description of target
#       ------------------- ---------- ----- -------------------- ---------- ----- --------- ------ ----- --- --- --------- --------- ------ ----- ----- ----- ----- ----- ----- ----- ---- ---------------------
scf00000001:39774-42242|-   -            823 534at2085            -            678    2e-263  871.2  54.6   1   2  9.5e-256  1.9e-253  838.2  46.6    14   659    28   752     1   770 0.85 scf00000001_31 # 39774 # 42242 # -1 # ID=2_31;partial=00;start_type=ATG;rbs_motif=AGGA;rbs_spacer=5-10bp;gc_cont=0.299
scf00000001:39774-42242|-   -            823 534at2085            -            678    2e-263  871.2  54.6   2   2   3.3e-11   6.5e-09   30.1   4.4   625   678   766   819   744   819 0.84 scf00000001_31 # 39774 # 42242 # -1 # ID=2_31;partial=00;start_type=ATG;rbs_motif=AGGA;rbs_spacer=5-10bp;gc_cont=0.299
scf00000000:277505-280165|+ -            887 534at2085            -            678   2.9e-67  222.9  25.3   1   3   4.2e-26   8.3e-24   79.3   0.3     7   209    40   248    34   278 0.82 scf00000000_240 # 277505 # 280165 # 1 # ID=1_240;partial=00;start_type=ATG;rbs_motif=AGGA;rbs_spacer=5-10bp;gc_cont=0.307
scf00000000:277505-280165|+ -            887 534at2085            -            678   2.9e-67  222.9  25.3   2   3   4.1e-20   8.1e-18   59.5   0.3   217   383   293   469   288   484 0.79 scf00000000_240 # 277505 # 280165 # 1 # ID=1_240;partial=00;start_type=ATG;rbs_motif=AGGA;rbs_spacer=5-10bp;gc_cont=0.307
scf00000000:277505-280165|+ -            887 534at2085            -            678   2.9e-67  222.9  25.3   3   3   7.5e-30   1.5e-27   91.7  13.1   371   601   489   723   476   788 0.75 scf00000000_240 # 277505 # 280165 # 1 # ID=1_240;partial=00;start_type=ATG;rbs_motif=AGGA;rbs_spacer=5-10bp;gc_cont=0.307
seq00000005:18413-20785|+   -            791 534at2085            -            678   3.7e-38  126.7  19.6   1   5     3e-13     6e-11   36.8   0.0    14   169    26   171    13   177 0.79 seq00000005_15 # 18413 # 20785 # 1 # ID=4_15;partial=00;start_type=ATG;rbs_motif=GGA/GAG/AGG;rbs_spacer=5-10bp;gc_cont=0.306
seq00000005:18413-20785|+   -            791 534at2085            -            678   3.7e-38  126.7  19.6   2   5   8.3e-06    0.0016   12.2   0.2   308   365   177   233   171   238 0.89 seq00000005_15 # 18413 # 20785 # 1 # ID=4_15;partial=00;start_type=ATG;rbs_motif=GGA/GAG/AGG;rbs_spacer=5-10bp;gc_cont=0.306
seq00000005:18413-20785|+   -            791 534at2085            -            678   3.7e-38  126.7  19.6   3   5   9.1e-09   1.8e-06   22.0   0.1   216   300   302   391   296   398 0.86 seq00000005_15 # 18413 # 20785 # 1 # ID=4_15;partial=00;start_type=ATG;rbs_motif=GGA/GAG/AGG;rbs_spacer=5-10bp;gc_cont=0.306
seq00000005:18413-20785|+   -            791 534at2085            -            678   3.7e-38  126.7  19.6   4   5   1.8e-05    0.0036   11.1   0.0   359   388   398   427   393   440 0.84 seq00000005_15 # 18413 # 20785 # 1 # ID=4_15;partial=00;start_type=ATG;rbs_motif=GGA/GAG/AGG;rbs_spacer=5-10bp;gc_cont=0.306
seq00000005:18413-20785|+   -            791 534at2085            -            678   3.7e-38  126.7  19.6   5   5   2.2e-17   4.4e-15   50.5   6.1   437   596   530   705   500   778 0.74 seq00000005_15 # 18413 # 20785 # 1 # ID=4_15;partial=00;start_type=ATG;rbs_motif=GGA/GAG/AGG;rbs_spacer=5-10bp;gc_cont=0.306
seq00000019:9245-10786|+    -            514 534at2085            -            678   2.1e-12   41.6  22.8   1   2   7.1e-10   1.4e-07   25.7   2.2    29   156    14   129     2   146 0.78 seq00000019_11 # 9245 # 10786 # 1 # ID=18_11;partial=00;start_type=ATG;rbs_motif=GGA/GAG/AGG;rbs_spacer=5-10bp;gc_cont=0.270
seq00000019:9245-10786|+    -            514 534at2085            -            678   2.1e-12   41.6  22.8   2   2   3.7e-08   7.2e-06   20.0  13.0   312   561   151   392   128   452 0.67 seq00000019_11 # 9245 # 10786 # 1 # ID=18_11;partial=00;start_type=ATG;rbs_motif=GGA/GAG/AGG;rbs_spacer=5-10bp;gc_cont=0.270
#
# Program:         hmmsearch
# Version:         3.4 (Aug 2023)
# Pipeline mode:   SEARCH
# Query file:      /home/lgef/Documentos/GitHub/Project_doctoral/IMPLEMENTACAO/Genomes/M_hyopneumoniae/MHP_ncbi_dataset/ncbi_dataset/data/strains/MHP699/Use/busco_downloads/lineages/mycoplasmatales_odb10/hmms/534at2085.hmm
# Target file:     /home/lgef/Documentos/GitHub/Project_doctoral/IMPLEMENTACAO/Genomes/M_hyopneumoniae/MHP_ncbi_dataset/ncbi_dataset/data/strains/MHP699/Use/busco_complete/prodigal_output/predicted_genes/predicted.faa
# Option settings: hmmsearch --domtblout /home/lgef/Documentos/GitHub/Project_doctoral/IMPLEMENTACAO/Genomes/M_hyopneumoniae/MHP_ncbi_dataset/ncbi_dataset/data/strains/MHP699/Use/busco_complete/run_mycoplasmatales_odb10/hmmer_output/534at2085.out --cpu 1 /home/lgef/Documentos/GitHub/Project_doctoral/IMPLEMENTACAO/Genomes/M_hyopneumoniae/MHP_ncbi_dataset/ncbi_dataset/data/strains/MHP699/Use/busco_downloads/lineages/mycoplasmatales_odb10/hmms/534at2085.hmm /home/lgef/Documentos/GitHub/Project_doctoral/IMPLEMENTACAO/Genomes/M_hyopneumoniae/MHP_ncbi_dataset/ncbi_dataset/data/strains/MHP699/Use/busco_complete/prodigal_output/predicted_genes/predicted.faa 
# Current dir:     /home/lgef/Documentos/GitHub/Project_doctoral/IMPLEMENTACAO/Genomes/M_hyopneumoniae/MHP_ncbi_dataset/ncbi_dataset/data/strains/MHP699/Use
# Date:            Thu Nov 28 19:35:26 2024
# [ok]
