#                                                                                   --- full sequence --- -------------- this domain -------------   hmm coord   ali coord   env coord
# target name               accession   tlen query name           accession   qlen   E-value  score  bias   #  of  c-Evalue  i-Evalue  score  bias  from    to  from    to  from    to  acc description of target
#       ------------------- ---------- ----- -------------------- ---------- ----- --------- ------ ----- --- --- --------- --------- ------ ----- ----- ----- ----- ----- ----- ----- ---- ---------------------
scf00000000:250536-252002|+ -            489 759at2085            -            394  9.6e-157  517.1  10.7   1   2     0.017       2.5    2.1   0.1     1    19     3    21     3    25 0.90 scf00000000_227 # 250536 # 252002 # 1 # ID=1_227;partial=00;start_type=ATG;rbs_motif=GGA/GAG/AGG;rbs_spacer=11-12bp;gc_cont=0.312
scf00000000:250536-252002|+ -            489 759at2085            -            394  9.6e-157  517.1  10.7   2   2  9.1e-159  1.3e-156  516.7   6.3    11   394    44   484    34   484 0.87 scf00000000_227 # 250536 # 252002 # 1 # ID=1_227;partial=00;start_type=ATG;rbs_motif=GGA/GAG/AGG;rbs_spacer=11-12bp;gc_cont=0.312
scf00000000:300184-301887|+ -            568 759at2085            -            394   6.3e-26   86.4   1.3   1   2   6.5e-16   9.2e-14   46.3   1.2    83   235   116   270    36   284 0.86 scf00000000_261 # 300184 # 301887 # 1 # ID=1_261;partial=00;start_type=ATG;rbs_motif=GGA/GAG/AGG;rbs_spacer=5-10bp;gc_cont=0.323
scf00000000:300184-301887|+ -            568 759at2085            -            394   6.3e-26   86.4   1.3   2   2   1.9e-13   2.6e-11   38.3   0.0   353   391   497   535   394   537 0.91 scf00000000_261 # 300184 # 301887 # 1 # ID=1_261;partial=00;start_type=ATG;rbs_motif=GGA/GAG/AGG;rbs_spacer=5-10bp;gc_cont=0.323
scf00000000:527759-529108|+ -            450 759at2085            -            394   5.4e-20   66.9   4.4   1   1   5.8e-22   8.2e-20   66.3   4.4    87   392   124   442    87   444 0.81 scf00000000_440 # 527759 # 529108 # 1 # ID=1_440;partial=00;start_type=ATG;rbs_motif=None;rbs_spacer=None;gc_cont=0.320
scf00000000:658481-659482|- -            334 759at2085            -            394     6e-06   20.6   3.2   1   3    0.0051      0.72    3.9   1.8   140   229    73   166    58   194 0.70 scf00000000_518 # 658481 # 659482 # -1 # ID=1_518;partial=00;start_type=ATG;rbs_motif=AGGA/GGAG/GAGG;rbs_spacer=11-12bp;gc_cont=0.257
scf00000000:658481-659482|- -            334 759at2085            -            394     6e-06   20.6   3.2   2   3     0.088        12   -0.2   0.0    72   126   181   237   174   246 0.73 scf00000000_518 # 658481 # 659482 # -1 # ID=1_518;partial=00;start_type=ATG;rbs_motif=AGGA/GGAG/GAGG;rbs_spacer=11-12bp;gc_cont=0.257
scf00000000:658481-659482|- -            334 759at2085            -            394     6e-06   20.6   3.2   3   3   2.9e-06    0.0004   14.6   0.0   353   391   286   324   255   326 0.82 scf00000000_518 # 658481 # 659482 # -1 # ID=1_518;partial=00;start_type=ATG;rbs_motif=AGGA/GGAG/GAGG;rbs_spacer=11-12bp;gc_cont=0.257
scf00000000:341139-341819|+ -            227 759at2085            -            394   0.00042   14.6   0.2   1   2   3.7e-05    0.0052   10.9   0.0   167   218    87   139    76   152 0.80 scf00000000_293 # 341139 # 341819 # 1 # ID=1_293;partial=00;start_type=ATG;rbs_motif=GGA/GAG/AGG;rbs_spacer=11-12bp;gc_cont=0.301
scf00000000:341139-341819|+ -            227 759at2085            -            394   0.00042   14.6   0.2   2   2     0.027       3.9    1.5   0.0   367   386   194   213   188   216 0.85 scf00000000_293 # 341139 # 341819 # 1 # ID=1_293;partial=00;start_type=ATG;rbs_motif=GGA/GAG/AGG;rbs_spacer=11-12bp;gc_cont=0.301
#
# Program:         hmmsearch
# Version:         3.4 (Aug 2023)
# Pipeline mode:   SEARCH
# Query file:      /home/bryan/Documentos/GitHub/Project_doctoral/IMPLEMENTACAO/Genomes/M_hyopneumoniae/strains/MHP682/Use/busco_downloads/lineages/mycoplasmatales_odb10/hmms/759at2085.hmm
# Target file:     /home/bryan/Documentos/GitHub/Project_doctoral/IMPLEMENTACAO/Genomes/M_hyopneumoniae/strains/MHP682/Use/busco_complete/prodigal_output/predicted_genes/predicted.faa
# Option settings: hmmsearch --domtblout /home/bryan/Documentos/GitHub/Project_doctoral/IMPLEMENTACAO/Genomes/M_hyopneumoniae/strains/MHP682/Use/busco_complete/run_mycoplasmatales_odb10/hmmer_output/759at2085.out --cpu 1 /home/bryan/Documentos/GitHub/Project_doctoral/IMPLEMENTACAO/Genomes/M_hyopneumoniae/strains/MHP682/Use/busco_downloads/lineages/mycoplasmatales_odb10/hmms/759at2085.hmm /home/bryan/Documentos/GitHub/Project_doctoral/IMPLEMENTACAO/Genomes/M_hyopneumoniae/strains/MHP682/Use/busco_complete/prodigal_output/predicted_genes/predicted.faa 
# Current dir:     /home/bryan/Documentos/GitHub/Project_doctoral/IMPLEMENTACAO/Genomes/M_hyopneumoniae/strains/MHP682/Use
# Date:            Sun Dec  1 19:25:38 2024
# [ok]
