#                                                                                       --- full sequence --- -------------- this domain -------------   hmm coord   ali coord   env coord
# target name                   accession   tlen query name           accession   qlen   E-value  score  bias   #  of  c-Evalue  i-Evalue  score  bias  from    to  from    to  from    to  acc description of target
#           ------------------- ---------- ----- -------------------- ---------- ----- --------- ------ ----- --- --- --------- --------- ------ ----- ----- ----- ----- ----- ----- ----- ---- ---------------------
NZ_QQSN01000011.1:18148-19476|+ -            443 1338at2085           -            333  1.9e-109  361.3  27.8   1   2  8.9e-104  9.5e-102  336.0  24.3     1   290     4   357     4   394 0.78 NZ_QQSN01000011.1_11 # 18148 # 19476 # 1 # ID=1_11;partial=00;start_type=TTG;rbs_motif=AGGAG;rbs_spacer=5-10bp;gc_cont=0.314
NZ_QQSN01000011.1:18148-19476|+ -            443 1338at2085           -            333  1.9e-109  361.3  27.8   2   2   3.9e-08   4.2e-06   21.6   0.1   300   333   405   442   370   442 0.88 NZ_QQSN01000011.1_11 # 18148 # 19476 # 1 # ID=1_11;partial=00;start_type=TTG;rbs_motif=AGGAG;rbs_spacer=5-10bp;gc_cont=0.314
NZ_QQSN01000001.1:59072-60373|+ -            434 1338at2085           -            333   5.4e-41  136.2   3.0   1   2   6.6e-18   7.1e-16   53.7   0.5   179   329     5   160     2   162 0.85 NZ_QQSN01000001.1_48 # 59072 # 60373 # 1 # ID=11_48;partial=00;start_type=ATG;rbs_motif=3Base/5BMM;rbs_spacer=13-15bp;gc_cont=0.297
NZ_QQSN01000001.1:59072-60373|+ -            434 1338at2085           -            333   5.4e-41  136.2   3.0   2   2   9.7e-27     1e-24   82.7   0.0   176   323   170   316   147   336 0.76 NZ_QQSN01000001.1_48 # 59072 # 60373 # 1 # ID=11_48;partial=00;start_type=ATG;rbs_motif=3Base/5BMM;rbs_spacer=13-15bp;gc_cont=0.297
NZ_QQSN01000007.1:34592-35473|- -            294 1338at2085           -            333   7.5e-15   50.3   1.2   1   1   1.2e-16   1.3e-14   49.6   1.2   174   267     4    98     1   141 0.78 NZ_QQSN01000007.1_39 # 34592 # 35473 # -1 # ID=67_39;partial=00;start_type=ATG;rbs_motif=None;rbs_spacer=None;gc_cont=0.294
NZ_QQSN01000029.1:6878-7669|+   -            264 1338at2085           -            333   4.8e-10   34.5   0.2   1   2      0.43        46   -1.6   0.1   255   281    15    39     2    68 0.49 NZ_QQSN01000029.1_5 # 6878 # 7669 # 1 # ID=22_5;partial=00;start_type=ATG;rbs_motif=GGA/GAG/AGG;rbs_spacer=3-4bp;gc_cont=0.269
NZ_QQSN01000029.1:6878-7669|+   -            264 1338at2085           -            333   4.8e-10   34.5   0.2   2   2   1.7e-11   1.8e-09   32.6   0.0   151   234    80   164    60   180 0.79 NZ_QQSN01000029.1_5 # 6878 # 7669 # 1 # ID=22_5;partial=00;start_type=ATG;rbs_motif=GGA/GAG/AGG;rbs_spacer=3-4bp;gc_cont=0.269
NZ_QQSN01000002.1:24146-24742|- -            199 1338at2085           -            333   2.4e-07   25.6   0.3   1   2   5.7e-09   6.1e-07   24.3   0.0   160   212    21    73    16    92 0.89 NZ_QQSN01000002.1_4 # 24146 # 24742 # -1 # ID=12_4;partial=00;start_type=ATG;rbs_motif=None;rbs_spacer=None;gc_cont=0.296
NZ_QQSN01000002.1:24146-24742|- -            199 1338at2085           -            333   2.4e-07   25.6   0.3   2   2       0.3        32   -1.1   0.2    92    92   161   161    94   196 0.51 NZ_QQSN01000002.1_4 # 24146 # 24742 # -1 # ID=12_4;partial=00;start_type=ATG;rbs_motif=None;rbs_spacer=None;gc_cont=0.296
NZ_QQSN01000001.1:21649-22908|+ -            420 1338at2085           -            333     7e-06   20.8   0.3   1   1   1.4e-07   1.5e-05   19.8   0.1   178   307   158   288   150   302 0.76 NZ_QQSN01000001.1_17 # 21649 # 22908 # 1 # ID=11_17;partial=00;start_type=ATG;rbs_motif=AGGA;rbs_spacer=5-10bp;gc_cont=0.306
NZ_QQSN01000041.1:1781-2884|+   -            368 1338at2085           -            333     8e-05   17.3   1.2   1   1   1.6e-05    0.0017   13.0   1.2   177   285     3   130     1   160 0.61 NZ_QQSN01000041.1_4 # 1781 # 2884 # 1 # ID=35_4;partial=00;start_type=ATG;rbs_motif=None;rbs_spacer=None;gc_cont=0.300
#
# Program:         hmmsearch
# Version:         3.4 (Aug 2023)
# Pipeline mode:   SEARCH
# Query file:      /home/bryan/Documentos/GitHub/Project_doctoral/IMPLEMENTACAO/Genomes/M_hyopneumoniae/strains/MHP650/Use/busco_downloads/lineages/mycoplasmatales_odb10/hmms/1338at2085.hmm
# Target file:     /home/bryan/Documentos/GitHub/Project_doctoral/IMPLEMENTACAO/Genomes/M_hyopneumoniae/strains/MHP650/Use/busco_draft/prodigal_output/predicted_genes/predicted.faa
# Option settings: hmmsearch --domtblout /home/bryan/Documentos/GitHub/Project_doctoral/IMPLEMENTACAO/Genomes/M_hyopneumoniae/strains/MHP650/Use/busco_draft/run_mycoplasmatales_odb10/hmmer_output/1338at2085.out --cpu 1 /home/bryan/Documentos/GitHub/Project_doctoral/IMPLEMENTACAO/Genomes/M_hyopneumoniae/strains/MHP650/Use/busco_downloads/lineages/mycoplasmatales_odb10/hmms/1338at2085.hmm /home/bryan/Documentos/GitHub/Project_doctoral/IMPLEMENTACAO/Genomes/M_hyopneumoniae/strains/MHP650/Use/busco_draft/prodigal_output/predicted_genes/predicted.faa 
# Current dir:     /home/bryan/Documentos/GitHub/Project_doctoral/IMPLEMENTACAO/Genomes/M_hyopneumoniae/strains/MHP650/Use
# Date:            Sun Dec  1 19:21:35 2024
# [ok]
