#                                                                                       --- full sequence --- -------------- this domain -------------   hmm coord   ali coord   env coord
# target name                   accession   tlen query name           accession   qlen   E-value  score  bias   #  of  c-Evalue  i-Evalue  score  bias  from    to  from    to  from    to  acc description of target
#           ------------------- ---------- ----- -------------------- ---------- ----- --------- ------ ----- --- --- --------- --------- ------ ----- ----- ----- ----- ----- ----- ----- ---- ---------------------
NZ_QQSN01000010.1:15193-16113|- -            307 2666at2085           -            250   1.7e-91  301.3   0.2   1   1   7.3e-93   9.1e-91  298.9   0.2     1   248     5   285     5   288 0.89 NZ_QQSN01000010.1_15 # 15193 # 16113 # -1 # ID=82_15;partial=00;start_type=ATG;rbs_motif=None;rbs_spacer=None;gc_cont=0.327
NZ_QQSN01000026.1:4371-5297|-   -            309 2666at2085           -            250   3.2e-29   97.3   0.9   1   3   2.9e-13   3.6e-11   38.1   0.0     6    77    32   105    30   132 0.83 NZ_QQSN01000026.1_5 # 4371 # 5297 # -1 # ID=19_5;partial=00;start_type=ATG;rbs_motif=None;rbs_spacer=None;gc_cont=0.314
NZ_QQSN01000026.1:4371-5297|-   -            309 2666at2085           -            250   3.2e-29   97.3   0.9   2   3      0.27        34   -1.1   0.1   139   188   128   174   104   184 0.48 NZ_QQSN01000026.1_5 # 4371 # 5297 # -1 # ID=19_5;partial=00;start_type=ATG;rbs_motif=None;rbs_spacer=None;gc_cont=0.314
NZ_QQSN01000026.1:4371-5297|-   -            309 2666at2085           -            250   3.2e-29   97.3   0.9   3   3   5.5e-19   6.9e-17   56.9   0.4   133   241   193   306   174   308 0.83 NZ_QQSN01000026.1_5 # 4371 # 5297 # -1 # ID=19_5;partial=00;start_type=ATG;rbs_motif=None;rbs_spacer=None;gc_cont=0.314
NZ_QQSN01000010.1:25601-26404|+ -            268 2666at2085           -            250   6.4e-26   86.5   3.9   1   2   2.9e-10   3.6e-08   28.3   0.1     2    70     2    69     1   122 0.88 NZ_QQSN01000010.1_23 # 25601 # 26404 # 1 # ID=82_23;partial=00;start_type=ATG;rbs_motif=None;rbs_spacer=None;gc_cont=0.299
NZ_QQSN01000010.1:25601-26404|+ -            268 2666at2085           -            250   6.4e-26   86.5   3.9   2   2   1.3e-19   1.6e-17   59.0   1.2   165   245   178   264   146   266 0.83 NZ_QQSN01000010.1_23 # 25601 # 26404 # 1 # ID=82_23;partial=00;start_type=ATG;rbs_motif=None;rbs_spacer=None;gc_cont=0.299
NZ_QQSN01000011.1:19465-20295|- -            277 2666at2085           -            250   1.7e-21   72.0   4.4   1   1   8.6e-23   1.1e-20   69.3   4.4     3   246     2   272     1   274 0.73 NZ_QQSN01000011.1_12 # 19465 # 20295 # -1 # ID=1_12;partial=00;start_type=ATG;rbs_motif=AGGA;rbs_spacer=5-10bp;gc_cont=0.310
NZ_QQSN01000008.1:6663-8003|-   -            447 2666at2085           -            250   6.8e-18   60.2   9.1   1   2   5.5e-20   6.8e-18   60.2   9.1     6   246     6   266     3   269 0.75 NZ_QQSN01000008.1_7 # 6663 # 8003 # -1 # ID=77_7;partial=00;start_type=ATG;rbs_motif=GGA/GAG/AGG;rbs_spacer=5-10bp;gc_cont=0.249
NZ_QQSN01000008.1:6663-8003|-   -            447 2666at2085           -            250   6.8e-18   60.2   9.1   2   2     0.054       6.7    1.2   1.1   104   152   363   414   326   444 0.72 NZ_QQSN01000008.1_7 # 6663 # 8003 # -1 # ID=77_7;partial=00;start_type=ATG;rbs_motif=GGA/GAG/AGG;rbs_spacer=5-10bp;gc_cont=0.249
NZ_QQSN01000006.1:1862-2671|-   -            270 2666at2085           -            250   2.5e-17   58.3   3.6   1   2   1.6e-05     0.002   12.8   0.1     4    79     5    80     2    94 0.80 NZ_QQSN01000006.1_3 # 1862 # 2671 # -1 # ID=56_3;partial=00;start_type=ATG;rbs_motif=None;rbs_spacer=None;gc_cont=0.296
NZ_QQSN01000006.1:1862-2671|-   -            270 2666at2085           -            250   2.5e-17   58.3   3.6   2   2     8e-16   9.9e-14   46.5   0.7   107   223   132   242   104   263 0.81 NZ_QQSN01000006.1_3 # 1862 # 2671 # -1 # ID=56_3;partial=00;start_type=ATG;rbs_motif=None;rbs_spacer=None;gc_cont=0.296
#
# Program:         hmmsearch
# Version:         3.4 (Aug 2023)
# Pipeline mode:   SEARCH
# Query file:      /home/bryan/Documentos/GitHub/Project_doctoral/IMPLEMENTACAO/Genomes/M_hyopneumoniae/strains/MHP650/Use/busco_downloads/lineages/mycoplasmatales_odb10/hmms/2666at2085.hmm
# Target file:     /home/bryan/Documentos/GitHub/Project_doctoral/IMPLEMENTACAO/Genomes/M_hyopneumoniae/strains/MHP650/Use/busco_draft/prodigal_output/predicted_genes/predicted.faa
# Option settings: hmmsearch --domtblout /home/bryan/Documentos/GitHub/Project_doctoral/IMPLEMENTACAO/Genomes/M_hyopneumoniae/strains/MHP650/Use/busco_draft/run_mycoplasmatales_odb10/hmmer_output/2666at2085.out --cpu 1 /home/bryan/Documentos/GitHub/Project_doctoral/IMPLEMENTACAO/Genomes/M_hyopneumoniae/strains/MHP650/Use/busco_downloads/lineages/mycoplasmatales_odb10/hmms/2666at2085.hmm /home/bryan/Documentos/GitHub/Project_doctoral/IMPLEMENTACAO/Genomes/M_hyopneumoniae/strains/MHP650/Use/busco_draft/prodigal_output/predicted_genes/predicted.faa 
# Current dir:     /home/bryan/Documentos/GitHub/Project_doctoral/IMPLEMENTACAO/Genomes/M_hyopneumoniae/strains/MHP650/Use
# Date:            Sun Dec  1 19:21:38 2024
# [ok]
