#                                                                                       --- full sequence --- -------------- this domain -------------   hmm coord   ali coord   env coord
# target name                   accession   tlen query name           accession   qlen   E-value  score  bias   #  of  c-Evalue  i-Evalue  score  bias  from    to  from    to  from    to  acc description of target
#           ------------------- ---------- ----- -------------------- ---------- ----- --------- ------ ----- --- --- --------- --------- ------ ----- ----- ----- ----- ----- ----- ----- ---- ---------------------
NZ_QQSN01000007.1:31413-32270|- -            286 3843at2085           -            213   7.7e-67  220.3   6.5   1   1   2.1e-68   1.2e-66  219.7   6.5    13   211    37   278    32   280 0.89 NZ_QQSN01000007.1_35 # 31413 # 32270 # -1 # ID=67_35;partial=00;start_type=ATG;rbs_motif=3Base/5BMM;rbs_spacer=13-15bp;gc_cont=0.283
NZ_QQSN01000007.1:34592-35473|- -            294 3843at2085           -            213   2.7e-07   25.8   5.1   1   2   2.6e-06   0.00015   16.8   0.1   108   172     6    73     1    82 0.73 NZ_QQSN01000007.1_39 # 34592 # 35473 # -1 # ID=67_39;partial=00;start_type=ATG;rbs_motif=None;rbs_spacer=None;gc_cont=0.294
NZ_QQSN01000007.1:34592-35473|- -            294 3843at2085           -            213   2.7e-07   25.8   5.1   2   2   8.7e-05     0.005   11.8   2.5    24   106    66   143    65   155 0.78 NZ_QQSN01000007.1_39 # 34592 # 35473 # -1 # ID=67_39;partial=00;start_type=ATG;rbs_motif=None;rbs_spacer=None;gc_cont=0.294
NZ_QQSN01000024.1:3444-5735|+   -            764 3843at2085           -            213   4.2e-06   21.8   3.2   1   2   6.9e-07     4e-05   18.7   0.2   104   129    23    48     5    67 0.84 NZ_QQSN01000024.1_3 # 3444 # 5735 # 1 # ID=17_3;partial=00;start_type=ATG;rbs_motif=AGGAG(G)/GGAGG;rbs_spacer=13-15bp;gc_cont=0.253
NZ_QQSN01000024.1:3444-5735|+   -            764 3843at2085           -            213   4.2e-06   21.8   3.2   2   2     0.089       5.1    2.0   0.3    98   133    77   112    72   138 0.83 NZ_QQSN01000024.1_3 # 3444 # 5735 # 1 # ID=17_3;partial=00;start_type=ATG;rbs_motif=AGGAG(G)/GGAGG;rbs_spacer=13-15bp;gc_cont=0.253
NZ_QQSN01000024.1:1009-3333|+   -            775 3843at2085           -            213   6.1e-06   21.3   0.1   1   1   3.4e-07   1.9e-05   19.7   0.1   101   133    20    52     5    79 0.81 NZ_QQSN01000024.1_2 # 1009 # 3333 # 1 # ID=17_2;partial=00;start_type=ATG;rbs_motif=AGxAG;rbs_spacer=5-10bp;gc_cont=0.262
NZ_QQSN01000002.1:24146-24742|- -            199 3843at2085           -            213   6.4e-06   21.2   0.2   1   2   2.4e-07   1.4e-05   20.2   0.0   106   173    35   104    15   115 0.78 NZ_QQSN01000002.1_4 # 24146 # 24742 # -1 # ID=12_4;partial=00;start_type=ATG;rbs_motif=None;rbs_spacer=None;gc_cont=0.296
NZ_QQSN01000002.1:24146-24742|- -            199 3843at2085           -            213   6.4e-06   21.2   0.2   2   2       1.6        91   -2.1   0.0    76    77   149   150   125   182 0.52 NZ_QQSN01000002.1_4 # 24146 # 24742 # -1 # ID=12_4;partial=00;start_type=ATG;rbs_motif=None;rbs_spacer=None;gc_cont=0.296
NZ_QQSN01000012.1:2793-4757|-   -            655 3843at2085           -            213   6.7e-06   21.2   0.2   1   3   1.2e-07   6.7e-06   21.2   0.2   104   136    23    55     5    69 0.83 NZ_QQSN01000012.1_3 # 2793 # 4757 # -1 # ID=2_3;partial=00;start_type=ATG;rbs_motif=GGA/GAG/AGG;rbs_spacer=5-10bp;gc_cont=0.247
NZ_QQSN01000012.1:2793-4757|-   -            655 3843at2085           -            213   6.7e-06   21.2   0.2   2   3      0.15       8.7    1.2   0.6    72   109   174   212   152   218 0.75 NZ_QQSN01000012.1_3 # 2793 # 4757 # -1 # ID=2_3;partial=00;start_type=ATG;rbs_motif=GGA/GAG/AGG;rbs_spacer=5-10bp;gc_cont=0.247
NZ_QQSN01000012.1:2793-4757|-   -            655 3843at2085           -            213   6.7e-06   21.2   0.2   3   3      0.62        35   -0.8   0.4    89   130   398   439   362   458 0.65 NZ_QQSN01000012.1_3 # 2793 # 4757 # -1 # ID=2_3;partial=00;start_type=ATG;rbs_motif=GGA/GAG/AGG;rbs_spacer=5-10bp;gc_cont=0.247
NZ_QQSN01000012.1:4834-7116|-   -            761 3843at2085           -            213   1.3e-05   20.2   0.6   1   5   2.3e-07   1.3e-05   20.2   0.6   103   140    22    59     2    92 0.80 NZ_QQSN01000012.1_4 # 4834 # 7116 # -1 # ID=2_4;partial=00;start_type=ATG;rbs_motif=GGA/GAG/AGG;rbs_spacer=5-10bp;gc_cont=0.254
NZ_QQSN01000012.1:4834-7116|-   -            761 3843at2085           -            213   1.3e-05   20.2   0.6   2   5      0.86        50   -1.3   0.1    67   106   170   208   134   213 0.73 NZ_QQSN01000012.1_4 # 4834 # 7116 # -1 # ID=2_4;partial=00;start_type=ATG;rbs_motif=GGA/GAG/AGG;rbs_spacer=5-10bp;gc_cont=0.254
NZ_QQSN01000012.1:4834-7116|-   -            761 3843at2085           -            213   1.3e-05   20.2   0.6   3   5      0.71        41   -1.0   0.1   147   179   417   449   390   459 0.70 NZ_QQSN01000012.1_4 # 4834 # 7116 # -1 # ID=2_4;partial=00;start_type=ATG;rbs_motif=GGA/GAG/AGG;rbs_spacer=5-10bp;gc_cont=0.254
NZ_QQSN01000012.1:4834-7116|-   -            761 3843at2085           -            213   1.3e-05   20.2   0.6   4   5         2   1.1e+02   -2.5   0.1    46    75   561   590   523   601 0.78 NZ_QQSN01000012.1_4 # 4834 # 7116 # -1 # ID=2_4;partial=00;start_type=ATG;rbs_motif=GGA/GAG/AGG;rbs_spacer=5-10bp;gc_cont=0.254
NZ_QQSN01000012.1:4834-7116|-   -            761 3843at2085           -            213   1.3e-05   20.2   0.6   5   5       1.3        74   -1.8   2.0    48   102   697   751   693   758 0.80 NZ_QQSN01000012.1_4 # 4834 # 7116 # -1 # ID=2_4;partial=00;start_type=ATG;rbs_motif=GGA/GAG/AGG;rbs_spacer=5-10bp;gc_cont=0.254
NZ_QQSN01000015.1:2138-4981|-   -            948 3843at2085           -            213   3.1e-05   19.0   2.5   1   2    0.0027      0.16    6.9   0.1   100   125    22    48    10    57 0.77 NZ_QQSN01000015.1_4 # 2138 # 4981 # -1 # ID=5_4;partial=00;start_type=ATG;rbs_motif=None;rbs_spacer=None;gc_cont=0.328
NZ_QQSN01000015.1:2138-4981|-   -            948 3843at2085           -            213   3.1e-05   19.0   2.5   2   2   0.00013    0.0075   11.2   0.6   107   139   637   667   617   677 0.74 NZ_QQSN01000015.1_4 # 2138 # 4981 # -1 # ID=5_4;partial=00;start_type=ATG;rbs_motif=None;rbs_spacer=None;gc_cont=0.328
NZ_QQSN01000037.1:2107-3108|-   -            334 3843at2085           -            213   5.8e-05   18.1   0.5   1   2     1e-06   5.8e-05   18.1   0.5   104   133    23    52    15   113 0.76 NZ_QQSN01000037.1_3 # 2107 # 3108 # -1 # ID=30_3;partial=00;start_type=ATG;rbs_motif=None;rbs_spacer=None;gc_cont=0.250
NZ_QQSN01000037.1:2107-3108|-   -            334 3843at2085           -            213   5.8e-05   18.1   0.5   2   2      0.56        32   -0.7   0.4    54    84   201   231   162   255 0.63 NZ_QQSN01000037.1_3 # 2107 # 3108 # -1 # ID=30_3;partial=00;start_type=ATG;rbs_motif=None;rbs_spacer=None;gc_cont=0.250
NZ_QQSN01000001.1:59072-60373|+ -            434 3843at2085           -            213   0.00017   16.6  10.1   1   4   0.00028     0.016   10.1   0.0   109   136     3    30     1    70 0.81 NZ_QQSN01000001.1_48 # 59072 # 60373 # 1 # ID=11_48;partial=00;start_type=ATG;rbs_motif=3Base/5BMM;rbs_spacer=13-15bp;gc_cont=0.297
NZ_QQSN01000001.1:59072-60373|+ -            434 3843at2085           -            213   0.00017   16.6  10.1   2   4    0.0093      0.53    5.2   0.0    97   162   160   228   153   259 0.68 NZ_QQSN01000001.1_48 # 59072 # 60373 # 1 # ID=11_48;partial=00;start_type=ATG;rbs_motif=3Base/5BMM;rbs_spacer=13-15bp;gc_cont=0.297
NZ_QQSN01000001.1:59072-60373|+ -            434 3843at2085           -            213   0.00017   16.6  10.1   3   4      0.46        27   -0.4   0.0    74    90   281   297   265   313 0.76 NZ_QQSN01000001.1_48 # 59072 # 60373 # 1 # ID=11_48;partial=00;start_type=ATG;rbs_motif=3Base/5BMM;rbs_spacer=13-15bp;gc_cont=0.297
NZ_QQSN01000001.1:59072-60373|+ -            434 3843at2085           -            213   0.00017   16.6  10.1   4   4     0.042       2.4    3.0   2.9    13    99   322   411   310   419 0.74 NZ_QQSN01000001.1_48 # 59072 # 60373 # 1 # ID=11_48;partial=00;start_type=ATG;rbs_motif=3Base/5BMM;rbs_spacer=13-15bp;gc_cont=0.297
NZ_QQSN01000015.1:20118-22196|- -            693 3843at2085           -            213   0.00031   15.7   1.4   1   4    0.0025      0.14    7.0   0.0   107   132    45    70    31    84 0.72 NZ_QQSN01000015.1_14 # 20118 # 22196 # -1 # ID=5_14;partial=00;start_type=ATG;rbs_motif=AGGA;rbs_spacer=5-10bp;gc_cont=0.304
NZ_QQSN01000015.1:20118-22196|- -            693 3843at2085           -            213   0.00031   15.7   1.4   2   4       2.4   1.4e+02   -2.7   0.0    55    86    99   129    75   134 0.65 NZ_QQSN01000015.1_14 # 20118 # 22196 # -1 # ID=5_14;partial=00;start_type=ATG;rbs_motif=AGGA;rbs_spacer=5-10bp;gc_cont=0.304
NZ_QQSN01000015.1:20118-22196|- -            693 3843at2085           -            213   0.00031   15.7   1.4   3   4       4.2   2.4e+02   -3.5   0.1    17    66   190   238   182   255 0.60 NZ_QQSN01000015.1_14 # 20118 # 22196 # -1 # ID=5_14;partial=00;start_type=ATG;rbs_motif=AGGA;rbs_spacer=5-10bp;gc_cont=0.304
NZ_QQSN01000015.1:20118-22196|- -            693 3843at2085           -            213   0.00031   15.7   1.4   4   4    0.0072      0.41    5.5   0.0   111   130   438   457   421   481 0.84 NZ_QQSN01000015.1_14 # 20118 # 22196 # -1 # ID=5_14;partial=00;start_type=ATG;rbs_motif=AGGA;rbs_spacer=5-10bp;gc_cont=0.304
NZ_QQSN01000010.1:6390-7106|-   -            239 3843at2085           -            213    0.0004   15.4   0.7   1   2     7e-06    0.0004   15.4   0.7   104   138    28    62    10    67 0.81 NZ_QQSN01000010.1_7 # 6390 # 7106 # -1 # ID=82_7;partial=00;start_type=ATG;rbs_motif=AGGA;rbs_spacer=5-10bp;gc_cont=0.265
NZ_QQSN01000010.1:6390-7106|-   -            239 3843at2085           -            213    0.0004   15.4   0.7   2   2         3   1.7e+02   -3.0   0.1    52    74   105   127   103   131 0.66 NZ_QQSN01000010.1_7 # 6390 # 7106 # -1 # ID=82_7;partial=00;start_type=ATG;rbs_motif=AGGA;rbs_spacer=5-10bp;gc_cont=0.265
NZ_QQSN01000006.1:21867-22769|- -            301 3843at2085           -            213    0.0012   13.9   0.1   1   1   4.3e-05    0.0025   12.8   0.1   102   129    27    54     9    57 0.82 NZ_QQSN01000006.1_16 # 21867 # 22769 # -1 # ID=56_16;partial=00;start_type=ATG;rbs_motif=GGA/GAG/AGG;rbs_spacer=5-10bp;gc_cont=0.308
#
# Program:         hmmsearch
# Version:         3.4 (Aug 2023)
# Pipeline mode:   SEARCH
# Query file:      /home/bryan/Documentos/GitHub/Project_doctoral/IMPLEMENTACAO/Genomes/M_hyopneumoniae/strains/MHP650/Use/busco_downloads/lineages/mycoplasmatales_odb10/hmms/3843at2085.hmm
# Target file:     /home/bryan/Documentos/GitHub/Project_doctoral/IMPLEMENTACAO/Genomes/M_hyopneumoniae/strains/MHP650/Use/busco_draft/prodigal_output/predicted_genes/predicted.faa
# Option settings: hmmsearch --domtblout /home/bryan/Documentos/GitHub/Project_doctoral/IMPLEMENTACAO/Genomes/M_hyopneumoniae/strains/MHP650/Use/busco_draft/run_mycoplasmatales_odb10/hmmer_output/3843at2085.out --cpu 1 /home/bryan/Documentos/GitHub/Project_doctoral/IMPLEMENTACAO/Genomes/M_hyopneumoniae/strains/MHP650/Use/busco_downloads/lineages/mycoplasmatales_odb10/hmms/3843at2085.hmm /home/bryan/Documentos/GitHub/Project_doctoral/IMPLEMENTACAO/Genomes/M_hyopneumoniae/strains/MHP650/Use/busco_draft/prodigal_output/predicted_genes/predicted.faa 
# Current dir:     /home/bryan/Documentos/GitHub/Project_doctoral/IMPLEMENTACAO/Genomes/M_hyopneumoniae/strains/MHP650/Use
# Date:            Sun Dec  1 19:21:39 2024
# [ok]
