#                                                                                       --- full sequence --- -------------- this domain -------------   hmm coord   ali coord   env coord
# target name                   accession   tlen query name           accession   qlen   E-value  score  bias   #  of  c-Evalue  i-Evalue  score  bias  from    to  from    to  from    to  acc description of target
#           ------------------- ---------- ----- -------------------- ---------- ----- --------- ------ ----- --- --- --------- --------- ------ ----- ----- ----- ----- ----- ----- ----- ---- ---------------------
NZ_QQSN01000009.1:19747-21546|- -            600 801at2085            -            486  1.1e-190  629.9  28.6   1   2    8e-157  1.2e-154  511.0   9.0     3   342    16   391    14   394 0.90 NZ_QQSN01000009.1_18 # 19747 # 21546 # -1 # ID=80_18;partial=00;start_type=ATG;rbs_motif=GGAG/GAGG;rbs_spacer=5-10bp;gc_cont=0.352
NZ_QQSN01000009.1:19747-21546|- -            600 801at2085            -            486  1.1e-190  629.9  28.6   2   2   1.4e-39     2e-37  124.4  13.6   320   485   388   594   383   595 0.82 NZ_QQSN01000009.1_18 # 19747 # 21546 # -1 # ID=80_18;partial=00;start_type=ATG;rbs_motif=GGAG/GAGG;rbs_spacer=5-10bp;gc_cont=0.352
NZ_QQSN01000001.1:60931-62727|+ -            599 801at2085            -            486   1.2e-19   65.8   5.9   1   2   8.6e-22   1.3e-19   65.7   3.7    86   282    10   221     3   243 0.80 NZ_QQSN01000001.1_51 # 60931 # 62727 # 1 # ID=11_51;partial=00;start_type=ATG;rbs_motif=None;rbs_spacer=None;gc_cont=0.342
NZ_QQSN01000001.1:60931-62727|+ -            599 801at2085            -            486   1.2e-19   65.8   5.9   2   2      0.29        43   -2.0   0.0    26    81   464   520   441   535 0.61 NZ_QQSN01000001.1_51 # 60931 # 62727 # 1 # ID=11_51;partial=00;start_type=ATG;rbs_motif=None;rbs_spacer=None;gc_cont=0.342
NZ_QQSN01000004.1:20106-21314|- -            403 801at2085            -            486   1.3e-18   62.4   3.1   1   2   1.7e-05    0.0025   11.9   0.1    85   103    21    39     7    56 0.83 NZ_QQSN01000004.1_18 # 20106 # 21314 # -1 # ID=34_18;partial=00;start_type=ATG;rbs_motif=AGGA;rbs_spacer=5-10bp;gc_cont=0.404
NZ_QQSN01000004.1:20106-21314|- -            403 801at2085            -            486   1.3e-18   62.4   3.1   2   2   2.4e-17   3.6e-15   51.0   0.5   127   281    85   249    59   320 0.74 NZ_QQSN01000004.1_18 # 20106 # 21314 # -1 # ID=34_18;partial=00;start_type=ATG;rbs_motif=AGGA;rbs_spacer=5-10bp;gc_cont=0.404
NZ_QQSN01000001.1:64060-66144|- -            695 801at2085            -            486   1.1e-15   52.7   4.7   1   2   3.9e-16   5.8e-14   47.0   3.0   112   205    58   161     6   210 0.69 NZ_QQSN01000001.1_53 # 64060 # 66144 # -1 # ID=11_53;partial=00;start_type=ATG;rbs_motif=AGGA;rbs_spacer=5-10bp;gc_cont=0.372
NZ_QQSN01000001.1:64060-66144|- -            695 801at2085            -            486   1.1e-15   52.7   4.7   2   2     0.014       2.1    2.3   0.0   203   234   243   275   223   396 0.77 NZ_QQSN01000001.1_53 # 64060 # 66144 # -1 # ID=11_53;partial=00;start_type=ATG;rbs_motif=AGGA;rbs_spacer=5-10bp;gc_cont=0.372
NZ_QQSN01000029.1:6878-7669|+   -            264 801at2085            -            486   9.3e-06   20.0   0.7   1   2     0.024       3.6    1.6   0.3   144   201    12    68     8    74 0.75 NZ_QQSN01000029.1_5 # 6878 # 7669 # 1 # ID=22_5;partial=00;start_type=ATG;rbs_motif=GGA/GAG/AGG;rbs_spacer=3-4bp;gc_cont=0.269
NZ_QQSN01000029.1:6878-7669|+   -            264 801at2085            -            486   9.3e-06   20.0   0.7   2   2   7.1e-07   0.00011   16.5   0.0    87   132   115   162    87   168 0.83 NZ_QQSN01000029.1_5 # 6878 # 7669 # 1 # ID=22_5;partial=00;start_type=ATG;rbs_motif=GGA/GAG/AGG;rbs_spacer=3-4bp;gc_cont=0.269
#
# Program:         hmmsearch
# Version:         3.4 (Aug 2023)
# Pipeline mode:   SEARCH
# Query file:      /home/bryan/Documentos/GitHub/Project_doctoral/IMPLEMENTACAO/Genomes/M_hyopneumoniae/strains/MHP650/Use/busco_downloads/lineages/mycoplasmatales_odb10/hmms/801at2085.hmm
# Target file:     /home/bryan/Documentos/GitHub/Project_doctoral/IMPLEMENTACAO/Genomes/M_hyopneumoniae/strains/MHP650/Use/busco_draft/prodigal_output/predicted_genes/predicted.faa
# Option settings: hmmsearch --domtblout /home/bryan/Documentos/GitHub/Project_doctoral/IMPLEMENTACAO/Genomes/M_hyopneumoniae/strains/MHP650/Use/busco_draft/run_mycoplasmatales_odb10/hmmer_output/801at2085.out --cpu 1 /home/bryan/Documentos/GitHub/Project_doctoral/IMPLEMENTACAO/Genomes/M_hyopneumoniae/strains/MHP650/Use/busco_downloads/lineages/mycoplasmatales_odb10/hmms/801at2085.hmm /home/bryan/Documentos/GitHub/Project_doctoral/IMPLEMENTACAO/Genomes/M_hyopneumoniae/strains/MHP650/Use/busco_draft/prodigal_output/predicted_genes/predicted.faa 
# Current dir:     /home/bryan/Documentos/GitHub/Project_doctoral/IMPLEMENTACAO/Genomes/M_hyopneumoniae/strains/MHP650/Use
# Date:            Sun Dec  1 19:21:42 2024
# [ok]
