#                                                                                  --- full sequence --- -------------- this domain -------------   hmm coord   ali coord   env coord
# target name              accession   tlen query name           accession   qlen   E-value  score  bias   #  of  c-Evalue  i-Evalue  score  bias  from    to  from    to  from    to  acc description of target
#      ------------------- ---------- ----- -------------------- ---------- ----- --------- ------ ----- --- --- --------- --------- ------ ----- ----- ----- ----- ----- ----- ----- ---- ---------------------
CP098241.1:112452-115295|- -            948 111at2085            -            770         0 1167.5  25.3   1   3   1.7e-85   9.2e-84  277.3   1.3     1   184    11   218    11   234 0.89 CP098241.1_101 # 112452 # 115295 # -1 # ID=1_101;partial=00;start_type=ATG;rbs_motif=None;rbs_spacer=None;gc_cont=0.328
CP098241.1:112452-115295|- -            948 111at2085            -            770         0 1167.5  25.3   2   3   1.4e-36   7.5e-35  115.6   0.4   185   344   254   454   247   459 0.81 CP098241.1_101 # 112452 # 115295 # -1 # ID=1_101;partial=00;start_type=ATG;rbs_motif=None;rbs_spacer=None;gc_cont=0.328
CP098241.1:112452-115295|- -            948 111at2085            -            770         0 1167.5  25.3   3   3  3.1e-235  1.7e-233  772.5  10.9   321   770   458   944   450   944 0.95 CP098241.1_101 # 112452 # 115295 # -1 # ID=1_101;partial=00;start_type=ATG;rbs_motif=None;rbs_spacer=None;gc_cont=0.328
CP098241.1:290001-291530|+ -            510 111at2085            -            770   4.3e-18   60.2   4.6   1   4    0.0024      0.13    5.7   0.1    11    38    26    53    21   109 0.82 CP098241.1_276 # 290001 # 291530 # 1 # ID=1_276;partial=00;start_type=TTG;rbs_motif=GGAGG;rbs_spacer=5-10bp;gc_cont=0.320
CP098241.1:290001-291530|+ -            510 111at2085            -            770   4.3e-18   60.2   4.6   2   4   4.2e-08   2.2e-06   21.5   0.0   662   735   151   222   131   238 0.86 CP098241.1_276 # 290001 # 291530 # 1 # ID=1_276;partial=00;start_type=TTG;rbs_motif=GGAGG;rbs_spacer=5-10bp;gc_cont=0.320
CP098241.1:290001-291530|+ -            510 111at2085            -            770   4.3e-18   60.2   4.6   3   4     0.023       1.2    2.5   0.0     3    40   273   310   271   319 0.86 CP098241.1_276 # 290001 # 291530 # 1 # ID=1_276;partial=00;start_type=TTG;rbs_motif=GGAGG;rbs_spacer=5-10bp;gc_cont=0.320
CP098241.1:290001-291530|+ -            510 111at2085            -            770   4.3e-18   60.2   4.6   4   4   1.5e-10     8e-09   29.5   0.1   658   738   405   483   368   506 0.84 CP098241.1_276 # 290001 # 291530 # 1 # ID=1_276;partial=00;start_type=TTG;rbs_motif=GGAGG;rbs_spacer=5-10bp;gc_cont=0.320
CP098241.1:686433-687971|+ -            513 111at2085            -            770   2.7e-14   47.6  13.5   1   4      0.02       1.1    2.7   0.2   484   512    22    50    13    57 0.84 CP098241.1_575 # 686433 # 687971 # 1 # ID=1_575;partial=00;start_type=TTG;rbs_motif=AGGA;rbs_spacer=5-10bp;gc_cont=0.320
CP098241.1:686433-687971|+ -            513 111at2085            -            770   2.7e-14   47.6  13.5   2   4   1.4e-08   7.4e-07   23.0   0.1   648   736   130   215   112   233 0.82 CP098241.1_575 # 686433 # 687971 # 1 # ID=1_575;partial=00;start_type=TTG;rbs_motif=AGGA;rbs_spacer=5-10bp;gc_cont=0.320
CP098241.1:686433-687971|+ -            513 111at2085            -            770   2.7e-14   47.6  13.5   3   4     0.003      0.16    5.4   0.1   479   511   278   310   261   319 0.65 CP098241.1_575 # 686433 # 687971 # 1 # ID=1_575;partial=00;start_type=TTG;rbs_motif=AGGA;rbs_spacer=5-10bp;gc_cont=0.320
CP098241.1:686433-687971|+ -            513 111at2085            -            770   2.7e-14   47.6  13.5   4   4   1.3e-08     7e-07   23.1   1.3   643   736   391   482   361   508 0.78 CP098241.1_575 # 686433 # 687971 # 1 # ID=1_575;partial=00;start_type=TTG;rbs_motif=AGGA;rbs_spacer=5-10bp;gc_cont=0.320
CP098241.1:394795-397113|+ -            773 111at2085            -            770   3.2e-14   47.4   3.0   1   2   3.9e-06   0.00021   14.9   0.2   484   513    17    46     5    53 0.88 CP098241.1_362 # 394795 # 397113 # 1 # ID=1_362;partial=00;start_type=ATG;rbs_motif=None;rbs_spacer=None;gc_cont=0.261
CP098241.1:394795-397113|+ -            773 111at2085            -            770   3.2e-14   47.4   3.0   2   2   1.7e-11   9.2e-10   32.6   0.3   646   738   111   200    63   206 0.82 CP098241.1_362 # 394795 # 397113 # 1 # ID=1_362;partial=00;start_type=ATG;rbs_motif=None;rbs_spacer=None;gc_cont=0.261
CP098241.1:328657-329559|+ -            301 111at2085            -            770   2.4e-13   44.5   0.0   1   2   0.00022     0.012    9.2   0.0   482   513    21    52     6    60 0.89 CP098241.1_309 # 328657 # 329559 # 1 # ID=1_309;partial=00;start_type=ATG;rbs_motif=GGA/GAG/AGG;rbs_spacer=5-10bp;gc_cont=0.306
CP098241.1:328657-329559|+ -            301 111at2085            -            770   2.4e-13   44.5   0.0   2   2   1.1e-11   5.9e-10   33.3   0.0   645   729   140   221   120   231 0.92 CP098241.1_309 # 328657 # 329559 # 1 # ID=1_309;partial=00;start_type=ATG;rbs_motif=GGA/GAG/AGG;rbs_spacer=5-10bp;gc_cont=0.306
CP098241.1:669491-670543|- -            351 111at2085            -            770   6.9e-12   39.7   0.6   1   2    0.0023      0.12    5.8   0.1    11    37    30    56    17    66 0.78 CP098241.1_562 # 669491 # 670543 # -1 # ID=1_562;partial=00;start_type=ATG;rbs_motif=GGxGG;rbs_spacer=5-10bp;gc_cont=0.326
CP098241.1:669491-670543|- -            351 111at2085            -            770   6.9e-12   39.7   0.6   2   2     2e-11   1.1e-09   32.4   0.1   633   754   125   245   110   253 0.76 CP098241.1_562 # 669491 # 670543 # -1 # ID=1_562;partial=00;start_type=ATG;rbs_motif=GGxGG;rbs_spacer=5-10bp;gc_cont=0.326
CP098241.1:440711-441871|- -            387 111at2085            -            770   1.6e-10   35.2   0.9   1   2   0.00012    0.0065   10.0   0.0   479   512    18    51     3    65 0.78 CP098241.1_399 # 440711 # 441871 # -1 # ID=1_399;partial=00;start_type=ATG;rbs_motif=3Base/5BMM;rbs_spacer=13-15bp;gc_cont=0.257
CP098241.1:440711-441871|- -            387 111at2085            -            770   1.6e-10   35.2   0.9   2   2   9.7e-09   5.2e-07   23.5   0.1   657   756   186   278   148   290 0.76 CP098241.1_399 # 440711 # 441871 # -1 # ID=1_399;partial=00;start_type=ATG;rbs_motif=3Base/5BMM;rbs_spacer=13-15bp;gc_cont=0.257
CP098241.1:21074-23314|-   -            747 111at2085            -            770   5.1e-10   33.5  12.7   1   3   2.5e-06   0.00013   15.6   0.5   478   513    11    46     3    53 0.82 CP098241.1_23 # 21074 # 23314 # -1 # ID=1_23;partial=00;start_type=ATG;rbs_motif=None;rbs_spacer=None;gc_cont=0.260
CP098241.1:21074-23314|-   -            747 111at2085            -            770   5.1e-10   33.5  12.7   2   3   1.4e-09   7.6e-08   26.3   0.3   651   740   115   201    62   206 0.76 CP098241.1_23 # 21074 # 23314 # -1 # ID=1_23;partial=00;start_type=ATG;rbs_motif=None;rbs_spacer=None;gc_cont=0.260
CP098241.1:21074-23314|-   -            747 111at2085            -            770   5.1e-10   33.5  12.7   3   3      0.62        33   -2.3   1.0   238   299   415   481   407   518 0.71 CP098241.1_23 # 21074 # 23314 # -1 # ID=1_23;partial=00;start_type=ATG;rbs_motif=None;rbs_spacer=None;gc_cont=0.260
CP098241.1:327866-328684|+ -            273 111at2085            -            770   5.8e-10   33.3   1.7   1   2   6.7e-05    0.0036   10.9   0.1   482   510    18    46     9    55 0.86 CP098241.1_308 # 327866 # 328684 # 1 # ID=1_308;partial=00;start_type=ATG;rbs_motif=GGA/GAG/AGG;rbs_spacer=5-10bp;gc_cont=0.306
CP098241.1:327866-328684|+ -            273 111at2085            -            770   5.8e-10   33.3   1.7   2   2     3e-08   1.6e-06   21.9   0.2   657   757   131   223    93   231 0.83 CP098241.1_308 # 327866 # 328684 # 1 # ID=1_308;partial=00;start_type=ATG;rbs_motif=GGA/GAG/AGG;rbs_spacer=5-10bp;gc_cont=0.306
CP098241.1:597589-598485|- -            299 111at2085            -            770   1.6e-08   28.5   1.3   1   2   0.00028     0.015    8.8   0.1   484   512    80   108    65   125 0.88 CP098241.1_511 # 597589 # 598485 # -1 # ID=1_511;partial=00;start_type=GTG;rbs_motif=AGGAG;rbs_spacer=5-10bp;gc_cont=0.355
CP098241.1:597589-598485|- -            299 111at2085            -            770   1.6e-08   28.5   1.3   2   2   2.8e-07   1.5e-05   18.7   0.2   645   738   181   271   161   278 0.84 CP098241.1_511 # 597589 # 598485 # -1 # ID=1_511;partial=00;start_type=GTG;rbs_motif=AGGAG;rbs_spacer=5-10bp;gc_cont=0.355
CP098241.1:809227-810759|+ -            511 111at2085            -            770   9.6e-08   26.0   9.1   1   4     0.059       3.2    1.1   0.0    14   512    32    57    25    77 0.65 CP098241.1_672 # 809227 # 810759 # 1 # ID=1_672;partial=00;start_type=GTG;rbs_motif=GGA/GAG/AGG;rbs_spacer=11-12bp;gc_cont=0.322
CP098241.1:809227-810759|+ -            511 111at2085            -            770   9.6e-08   26.0   9.1   2   4     3e-08   1.6e-06   21.9   0.3   642   731   128   214   121   226 0.84 CP098241.1_672 # 809227 # 810759 # 1 # ID=1_672;partial=00;start_type=GTG;rbs_motif=GGA/GAG/AGG;rbs_spacer=11-12bp;gc_cont=0.322
CP098241.1:809227-810759|+ -            511 111at2085            -            770   9.6e-08   26.0   9.1   3   4     0.084       4.5    0.6   0.1   480   508   276   304   212   317 0.58 CP098241.1_672 # 809227 # 810759 # 1 # ID=1_672;partial=00;start_type=GTG;rbs_motif=GGA/GAG/AGG;rbs_spacer=11-12bp;gc_cont=0.322
CP098241.1:809227-810759|+ -            511 111at2085            -            770   9.6e-08   26.0   9.1   4   4    0.0039      0.21    5.0   0.4   658   736   407   483   377   490 0.86 CP098241.1_672 # 809227 # 810759 # 1 # ID=1_672;partial=00;start_type=GTG;rbs_motif=GGA/GAG/AGG;rbs_spacer=11-12bp;gc_cont=0.322
CP098241.1:468700-469470|- -            257 111at2085            -            770   2.3e-07   24.7   2.8   1   2    0.0024      0.13    5.7   0.1   479   513    22    56    14    70 0.77 CP098241.1_417 # 468700 # 469470 # -1 # ID=1_417;partial=00;start_type=ATG;rbs_motif=None;rbs_spacer=None;gc_cont=0.263
CP098241.1:468700-469470|- -            257 111at2085            -            770   2.3e-07   24.7   2.8   2   2   1.8e-07   9.4e-06   19.4   0.5   647   734   138   222    92   234 0.76 CP098241.1_417 # 468700 # 469470 # -1 # ID=1_417;partial=00;start_type=ATG;rbs_motif=None;rbs_spacer=None;gc_cont=0.263
CP098241.1:264811-266142|+ -            444 111at2085            -            770   4.7e-07   23.7   1.8   1   2     0.024       1.3    2.4   0.1     8    36    60    88    53    95 0.64 CP098241.1_260 # 264811 # 266142 # 1 # ID=1_260;partial=00;start_type=ATG;rbs_motif=GGAG/GAGG;rbs_spacer=5-10bp;gc_cont=0.291
CP098241.1:264811-266142|+ -            444 111at2085            -            770   4.7e-07   23.7   1.8   2   2   7.5e-08     4e-06   20.6   0.3   639   731   256   346   116   366 0.88 CP098241.1_260 # 264811 # 266142 # 1 # ID=1_260;partial=00;start_type=ATG;rbs_motif=GGAG/GAGG;rbs_spacer=5-10bp;gc_cont=0.291
CP098241.1:258040-259656|- -            539 111at2085            -            770   0.00066   13.3   2.6   1   3     0.029       1.5    2.1   0.1   481   512    14    45     8    66 0.82 CP098241.1_255 # 258040 # 259656 # -1 # ID=1_255;partial=00;start_type=ATG;rbs_motif=AGGA;rbs_spacer=5-10bp;gc_cont=0.332
CP098241.1:258040-259656|- -            539 111at2085            -            770   0.00066   13.3   2.6   2   3    0.0027      0.14    5.5   0.1   674   738   166   225   149   231 0.74 CP098241.1_255 # 258040 # 259656 # -1 # ID=1_255;partial=00;start_type=ATG;rbs_motif=AGGA;rbs_spacer=5-10bp;gc_cont=0.332
CP098241.1:258040-259656|- -            539 111at2085            -            770   0.00066   13.3   2.6   3   3    0.0081      0.44    3.9   0.0   661   740   445   519   439   526 0.84 CP098241.1_255 # 258040 # 259656 # -1 # ID=1_255;partial=00;start_type=ATG;rbs_motif=AGGA;rbs_spacer=5-10bp;gc_cont=0.332
#
# Program:         hmmsearch
# Version:         3.4 (Aug 2023)
# Pipeline mode:   SEARCH
# Query file:      /home/lgef/Documentos/GitHub/Project_doctoral/IMPLEMENTACAO/Genomes/M_hyopneumoniae/MHP_ncbi_dataset/ncbi_dataset/data/strains/111A/Use/busco_downloads/lineages/mycoplasmatales_odb10/hmms/111at2085.hmm
# Target file:     /home/lgef/Documentos/GitHub/Project_doctoral/IMPLEMENTACAO/Genomes/M_hyopneumoniae/MHP_ncbi_dataset/ncbi_dataset/data/strains/111A/Use/busco_complete/prodigal_output/predicted_genes/predicted.faa
# Option settings: hmmsearch --domtblout /home/lgef/Documentos/GitHub/Project_doctoral/IMPLEMENTACAO/Genomes/M_hyopneumoniae/MHP_ncbi_dataset/ncbi_dataset/data/strains/111A/Use/busco_complete/run_mycoplasmatales_odb10/hmmer_output/111at2085.out --cpu 1 /home/lgef/Documentos/GitHub/Project_doctoral/IMPLEMENTACAO/Genomes/M_hyopneumoniae/MHP_ncbi_dataset/ncbi_dataset/data/strains/111A/Use/busco_downloads/lineages/mycoplasmatales_odb10/hmms/111at2085.hmm /home/lgef/Documentos/GitHub/Project_doctoral/IMPLEMENTACAO/Genomes/M_hyopneumoniae/MHP_ncbi_dataset/ncbi_dataset/data/strains/111A/Use/busco_complete/prodigal_output/predicted_genes/predicted.faa 
# Current dir:     /home/lgef/Documentos/GitHub/Project_doctoral/IMPLEMENTACAO/Genomes/M_hyopneumoniae/MHP_ncbi_dataset/ncbi_dataset/data/strains/111A/Use
# Date:            Thu Nov 28 19:21:03 2024
# [ok]
