#                                                                                  --- full sequence --- -------------- this domain -------------   hmm coord   ali coord   env coord
# target name              accession   tlen query name           accession   qlen   E-value  score  bias   #  of  c-Evalue  i-Evalue  score  bias  from    to  from    to  from    to  acc description of target
#      ------------------- ---------- ----- -------------------- ---------- ----- --------- ------ ----- --- --- --------- --------- ------ ----- ----- ----- ----- ----- ----- ----- ---- ---------------------
CP098241.1:90978-93062|-   -            695 148at2085            -            586         0 1036.6  12.7   1   2  5.8e-114  1.1e-111  369.5   3.0     1   181    11   193    11   218 0.94 CP098241.1_82 # 90978 # 93062 # -1 # ID=1_82;partial=00;start_type=ATG;rbs_motif=AGGA;rbs_spacer=5-10bp;gc_cont=0.372
CP098241.1:90978-93062|-   -            695 148at2085            -            586         0 1036.6  12.7   2   2  5.1e-205  9.5e-203  670.2   2.4   174   579   221   671   209   688 0.89 CP098241.1_82 # 90978 # 93062 # -1 # ID=1_82;partial=00;start_type=ATG;rbs_motif=AGGA;rbs_spacer=5-10bp;gc_cont=0.372
CP098241.1:87847-89643|+   -            599 148at2085            -            586   8.3e-42  138.8   0.2   1   3   2.7e-30     5e-28   93.3   0.1     1   150     7   153     7   164 0.92 CP098241.1_80 # 87847 # 89643 # 1 # ID=1_80;partial=00;start_type=ATG;rbs_motif=None;rbs_spacer=None;gc_cont=0.342
CP098241.1:87847-89643|+   -            599 148at2085            -            586   8.3e-42  138.8   0.2   2   3   1.3e-13   2.4e-11   38.2   0.0   218   415   163   375   154   381 0.75 CP098241.1_80 # 87847 # 89643 # 1 # ID=1_80;partial=00;start_type=ATG;rbs_motif=None;rbs_spacer=None;gc_cont=0.342
CP098241.1:87847-89643|+   -            599 148at2085            -            586   8.3e-42  138.8   0.2   3   3    0.0031      0.58    3.9   0.0   521   547   402   428   395   478 0.65 CP098241.1_80 # 87847 # 89643 # 1 # ID=1_80;partial=00;start_type=ATG;rbs_motif=None;rbs_spacer=None;gc_cont=0.342
CP098241.1:779076-780875|- -            600 148at2085            -            586   4.8e-18   60.3   0.9   1   2   2.6e-20   4.8e-18   60.3   0.9    31   135   120   230   115   244 0.82 CP098241.1_649 # 779076 # 780875 # -1 # ID=1_649;partial=00;start_type=ATG;rbs_motif=GGAG/GAGG;rbs_spacer=5-10bp;gc_cont=0.353
CP098241.1:779076-780875|- -            600 148at2085            -            586   4.8e-18   60.3   0.9   2   2      0.41        77   -3.1   0.1    44    70   378   404   368   457 0.69 CP098241.1_649 # 779076 # 780875 # -1 # ID=1_649;partial=00;start_type=ATG;rbs_motif=GGAG/GAGG;rbs_spacer=5-10bp;gc_cont=0.353
CP098241.1:702432-703640|- -            403 148at2085            -            586   2.2e-15   51.5   1.7   1   2   2.2e-17   4.1e-15   50.6   0.3     2   130    20   147    19   168 0.90 CP098241.1_586 # 702432 # 703640 # -1 # ID=1_586;partial=00;start_type=ATG;rbs_motif=AGGA;rbs_spacer=5-10bp;gc_cont=0.404
CP098241.1:702432-703640|- -            403 148at2085            -            586   2.2e-15   51.5   1.7   2   2     0.048         9   -0.0   0.1   220   326   195   303   148   317 0.66 CP098241.1_586 # 702432 # 703640 # -1 # ID=1_586;partial=00;start_type=ATG;rbs_motif=AGGA;rbs_spacer=5-10bp;gc_cont=0.404
#
# Program:         hmmsearch
# Version:         3.4 (Aug 2023)
# Pipeline mode:   SEARCH
# Query file:      /home/lgef/Documentos/GitHub/Project_doctoral/IMPLEMENTACAO/Genomes/M_hyopneumoniae/MHP_ncbi_dataset/ncbi_dataset/data/strains/111A/Use/busco_downloads/lineages/mycoplasmatales_odb10/hmms/148at2085.hmm
# Target file:     /home/lgef/Documentos/GitHub/Project_doctoral/IMPLEMENTACAO/Genomes/M_hyopneumoniae/MHP_ncbi_dataset/ncbi_dataset/data/strains/111A/Use/busco_complete/prodigal_output/predicted_genes/predicted.faa
# Option settings: hmmsearch --domtblout /home/lgef/Documentos/GitHub/Project_doctoral/IMPLEMENTACAO/Genomes/M_hyopneumoniae/MHP_ncbi_dataset/ncbi_dataset/data/strains/111A/Use/busco_complete/run_mycoplasmatales_odb10/hmmer_output/148at2085.out --cpu 1 /home/lgef/Documentos/GitHub/Project_doctoral/IMPLEMENTACAO/Genomes/M_hyopneumoniae/MHP_ncbi_dataset/ncbi_dataset/data/strains/111A/Use/busco_downloads/lineages/mycoplasmatales_odb10/hmms/148at2085.hmm /home/lgef/Documentos/GitHub/Project_doctoral/IMPLEMENTACAO/Genomes/M_hyopneumoniae/MHP_ncbi_dataset/ncbi_dataset/data/strains/111A/Use/busco_complete/prodigal_output/predicted_genes/predicted.faa 
# Current dir:     /home/lgef/Documentos/GitHub/Project_doctoral/IMPLEMENTACAO/Genomes/M_hyopneumoniae/MHP_ncbi_dataset/ncbi_dataset/data/strains/111A/Use
# Date:            Thu Nov 28 19:21:04 2024
# [ok]
