#                                                                                  --- full sequence --- -------------- this domain -------------   hmm coord   ali coord   env coord
# target name              accession   tlen query name           accession   qlen   E-value  score  bias   #  of  c-Evalue  i-Evalue  score  bias  from    to  from    to  from    to  acc description of target
#      ------------------- ---------- ----- -------------------- ---------- ----- --------- ------ ----- --- --- --------- --------- ------ ----- ----- ----- ----- ----- ----- ----- ---- ---------------------
CP098241.1:31963-34623|-   -            887 157at2085            -            637  1.3e-233  772.3  37.8   1   4   1.1e-91   2.1e-89  295.9   1.3     1   221    19   274    19   287 0.85 CP098241.1_32 # 31963 # 34623 # -1 # ID=1_32;partial=00;start_type=ATG;rbs_motif=AGGA;rbs_spacer=5-10bp;gc_cont=0.306
CP098241.1:31963-34623|-   -            887 157at2085            -            637  1.3e-233  772.3  37.8   2   4    5e-132  9.3e-130  429.2   7.9   224   543   303   675   293   677 0.88 CP098241.1_32 # 31963 # 34623 # -1 # ID=1_32;partial=00;start_type=ATG;rbs_motif=AGGA;rbs_spacer=5-10bp;gc_cont=0.306
CP098241.1:31963-34623|-   -            887 157at2085            -            637  1.3e-233  772.3  37.8   3   4   4.2e-20   7.9e-18   59.4  10.4   510   602   669   772   665   809 0.81 CP098241.1_32 # 31963 # 34623 # -1 # ID=1_32;partial=00;start_type=ATG;rbs_motif=AGGA;rbs_spacer=5-10bp;gc_cont=0.306
CP098241.1:31963-34623|-   -            887 157at2085            -            637  1.3e-233  772.3  37.8   4   4      0.02       3.7    1.0   0.2   611   637   837   863   824   863 0.76 CP098241.1_32 # 31963 # 34623 # -1 # ID=1_32;partial=00;start_type=ATG;rbs_motif=AGGA;rbs_spacer=5-10bp;gc_cont=0.306
CP098241.1:912787-915255|+ -            823 157at2085            -            637   1.1e-44  148.1  33.6   1   2   6.9e-45   1.3e-42  141.3  24.3     8   531    17   586    10   598 0.75 CP098241.1_743 # 912787 # 915255 # 1 # ID=1_743;partial=00;start_type=ATG;rbs_motif=AGGA;rbs_spacer=5-10bp;gc_cont=0.298
CP098241.1:912787-915255|+ -            823 157at2085            -            637   1.1e-44  148.1  33.6   2   2   0.00017     0.031    7.9   2.5   513   587   593   665   588   699 0.72 CP098241.1_743 # 912787 # 915255 # 1 # ID=1_743;partial=00;start_type=ATG;rbs_motif=AGGA;rbs_spacer=5-10bp;gc_cont=0.298
CP098241.1:869247-871619|- -            791 157at2085            -            637   3.8e-38  126.5   9.7   1   4     5e-15   9.3e-13   42.7   0.0    11   162    17   172    10   179 0.74 CP098241.1_716 # 869247 # 871619 # -1 # ID=1_716;partial=00;start_type=ATG;rbs_motif=GGA/GAG/AGG;rbs_spacer=5-10bp;gc_cont=0.306
CP098241.1:869247-871619|- -            791 157at2085            -            637   3.8e-38  126.5   9.7   2   4      0.17        31   -2.0   0.0   297   321   180   204   175   231 0.88 CP098241.1_716 # 869247 # 871619 # -1 # ID=1_716;partial=00;start_type=ATG;rbs_motif=GGA/GAG/AGG;rbs_spacer=5-10bp;gc_cont=0.306
CP098241.1:869247-871619|- -            791 157at2085            -            637   3.8e-38  126.5   9.7   3   4   9.3e-10   1.7e-07   25.3   0.2   320   413   384   482   377   508 0.67 CP098241.1_716 # 869247 # 871619 # -1 # ID=1_716;partial=00;start_type=ATG;rbs_motif=GGA/GAG/AGG;rbs_spacer=5-10bp;gc_cont=0.306
CP098241.1:869247-871619|- -            791 157at2085            -            637   3.8e-38  126.5   9.7   4   4   7.3e-21   1.4e-18   61.9   1.4   435   607   540   722   496   736 0.75 CP098241.1_716 # 869247 # 871619 # -1 # ID=1_716;partial=00;start_type=ATG;rbs_motif=GGA/GAG/AGG;rbs_spacer=5-10bp;gc_cont=0.306
CP098241.1:529016-531319|+ -            768 157at2085            -            637   1.9e-16   54.9   4.2   1   4   1.5e-12   2.8e-10   34.5   1.9    14   164   248   399   238   407 0.72 CP098241.1_468 # 529016 # 531319 # 1 # ID=1_468;partial=00;start_type=ATG;rbs_motif=None;rbs_spacer=None;gc_cont=0.280
CP098241.1:529016-531319|+ -            768 157at2085            -            637   1.9e-16   54.9   4.2   2   4       0.1        19   -1.3   0.2   388   439   471   521   431   528 0.73 CP098241.1_468 # 529016 # 531319 # 1 # ID=1_468;partial=00;start_type=ATG;rbs_motif=None;rbs_spacer=None;gc_cont=0.280
CP098241.1:529016-531319|+ -            768 157at2085            -            637   1.9e-16   54.9   4.2   3   4   5.3e-11   9.8e-09   29.4   0.0   445   516   548   619   537   639 0.82 CP098241.1_468 # 529016 # 531319 # 1 # ID=1_468;partial=00;start_type=ATG;rbs_motif=None;rbs_spacer=None;gc_cont=0.280
CP098241.1:529016-531319|+ -            768 157at2085            -            637   1.9e-16   54.9   4.2   4   4       0.3        55   -2.8   1.0   518   589   655   734   647   754 0.46 CP098241.1_468 # 529016 # 531319 # 1 # ID=1_468;partial=00;start_type=ATG;rbs_motif=None;rbs_spacer=None;gc_cont=0.280
#
# Program:         hmmsearch
# Version:         3.4 (Aug 2023)
# Pipeline mode:   SEARCH
# Query file:      /home/lgef/Documentos/GitHub/Project_doctoral/IMPLEMENTACAO/Genomes/M_hyopneumoniae/MHP_ncbi_dataset/ncbi_dataset/data/strains/111A/Use/busco_downloads/lineages/mycoplasmatales_odb10/hmms/157at2085.hmm
# Target file:     /home/lgef/Documentos/GitHub/Project_doctoral/IMPLEMENTACAO/Genomes/M_hyopneumoniae/MHP_ncbi_dataset/ncbi_dataset/data/strains/111A/Use/busco_complete/prodigal_output/predicted_genes/predicted.faa
# Option settings: hmmsearch --domtblout /home/lgef/Documentos/GitHub/Project_doctoral/IMPLEMENTACAO/Genomes/M_hyopneumoniae/MHP_ncbi_dataset/ncbi_dataset/data/strains/111A/Use/busco_complete/run_mycoplasmatales_odb10/hmmer_output/157at2085.out --cpu 1 /home/lgef/Documentos/GitHub/Project_doctoral/IMPLEMENTACAO/Genomes/M_hyopneumoniae/MHP_ncbi_dataset/ncbi_dataset/data/strains/111A/Use/busco_downloads/lineages/mycoplasmatales_odb10/hmms/157at2085.hmm /home/lgef/Documentos/GitHub/Project_doctoral/IMPLEMENTACAO/Genomes/M_hyopneumoniae/MHP_ncbi_dataset/ncbi_dataset/data/strains/111A/Use/busco_complete/prodigal_output/predicted_genes/predicted.faa 
# Current dir:     /home/lgef/Documentos/GitHub/Project_doctoral/IMPLEMENTACAO/Genomes/M_hyopneumoniae/MHP_ncbi_dataset/ncbi_dataset/data/strains/111A/Use
# Date:            Thu Nov 28 19:21:04 2024
# [ok]
