#                                                                                  --- full sequence --- -------------- this domain -------------   hmm coord   ali coord   env coord
# target name              accession   tlen query name           accession   qlen   E-value  score  bias   #  of  c-Evalue  i-Evalue  score  bias  from    to  from    to  from    to  acc description of target
#      ------------------- ---------- ----- -------------------- ---------- ----- --------- ------ ----- --- --- --------- --------- ------ ----- ----- ----- ----- ----- ----- ----- ---- ---------------------
CP098241.1:366109-367170|- -            354 1683at2085           -            284   9.4e-88  289.6  12.0   1   3   1.6e-71   1.9e-69  229.6   2.5     1   163     1   169     1   180 0.94 CP098241.1_340 # 366109 # 367170 # -1 # ID=1_340;partial=00;start_type=ATG;rbs_motif=None;rbs_spacer=None;gc_cont=0.298
CP098241.1:366109-367170|- -            354 1683at2085           -            284   9.4e-88  289.6  12.0   2   3   7.8e-08   9.8e-06   20.5   0.2   155   187   182   214   165   220 0.79 CP098241.1_340 # 366109 # 367170 # -1 # ID=1_340;partial=00;start_type=ATG;rbs_motif=None;rbs_spacer=None;gc_cont=0.298
CP098241.1:366109-367170|- -            354 1683at2085           -            284   9.4e-88  289.6  12.0   3   3   2.7e-15   3.3e-13   45.0   0.3   185   247   238   320   222   337 0.72 CP098241.1_340 # 366109 # 367170 # -1 # ID=1_340;partial=00;start_type=ATG;rbs_motif=None;rbs_spacer=None;gc_cont=0.298
CP098241.1:49020-49814|+   -            265 1683at2085           -            284   1.3e-16   56.2   7.1   1   2   3.8e-17   4.7e-15   51.1   6.9     4   136     3   120     1   193 0.81 CP098241.1_44 # 49020 # 49814 # 1 # ID=1_44;partial=00;start_type=ATG;rbs_motif=None;rbs_spacer=None;gc_cont=0.278
CP098241.1:49020-49814|+   -            265 1683at2085           -            284   1.3e-16   56.2   7.1   2   2      0.26        32   -0.8   0.3   119   139   143   163   132   227 0.69 CP098241.1_44 # 49020 # 49814 # 1 # ID=1_44;partial=00;start_type=ATG;rbs_motif=None;rbs_spacer=None;gc_cont=0.278
CP098241.1:85988-87289|+   -            434 1683at2085           -            284   2.8e-06   22.3   5.8   1   4     2e-05    0.0025   12.7   0.1     2    25     2    25     1    35 0.85 CP098241.1_77 # 85988 # 87289 # 1 # ID=1_77;partial=00;start_type=ATG;rbs_motif=3Base/5BMM;rbs_spacer=13-15bp;gc_cont=0.291
CP098241.1:85988-87289|+   -            434 1683at2085           -            284   2.8e-06   22.3   5.8   2   4       1.5   1.9e+02   -3.3   0.0   171   181   108   118    92   130 0.69 CP098241.1_77 # 85988 # 87289 # 1 # ID=1_77;partial=00;start_type=ATG;rbs_motif=3Base/5BMM;rbs_spacer=13-15bp;gc_cont=0.291
CP098241.1:85988-87289|+   -            434 1683at2085           -            284   2.8e-06   22.3   5.8   3   4    0.0004     0.049    8.4   0.0     3    22   171   190   169   253 0.82 CP098241.1_77 # 85988 # 87289 # 1 # ID=1_77;partial=00;start_type=ATG;rbs_motif=3Base/5BMM;rbs_spacer=13-15bp;gc_cont=0.291
CP098241.1:85988-87289|+   -            434 1683at2085           -            284   2.8e-06   22.3   5.8   4   4     0.041       5.1    1.8   0.1    27    80   273   329   269   358 0.70 CP098241.1_77 # 85988 # 87289 # 1 # ID=1_77;partial=00;start_type=ATG;rbs_motif=3Base/5BMM;rbs_spacer=13-15bp;gc_cont=0.291
CP098241.1:256668-257996|- -            443 1683at2085           -            284   3.3e-06   22.1   2.3   1   1   1.3e-06   0.00016   16.6   2.3     3   105   217   309   215   385 0.82 CP098241.1_254 # 256668 # 257996 # -1 # ID=1_254;partial=00;start_type=TTG;rbs_motif=AGGAG;rbs_spacer=5-10bp;gc_cont=0.317
CP098241.1:189047-189928|- -            294 1683at2085           -            284   1.6e-05   19.8   0.1   1   1   2.9e-07   3.6e-05   18.7   0.1     5    26     9    30     6    55 0.85 CP098241.1_171 # 189047 # 189928 # -1 # ID=1_171;partial=00;start_type=ATG;rbs_motif=None;rbs_spacer=None;gc_cont=0.291
CP098241.1:105883-106674|+ -            264 1683at2085           -            284   6.7e-05   17.8   0.1   1   3      0.15        19   -0.1   1.1    79   150    29   103     8   107 0.64 CP098241.1_94 # 105883 # 106674 # 1 # ID=1_94;partial=00;start_type=ATG;rbs_motif=GGA/GAG/AGG;rbs_spacer=3-4bp;gc_cont=0.264
CP098241.1:105883-106674|+ -            264 1683at2085           -            284   6.7e-05   17.8   0.1   2   3   5.4e-07   6.7e-05   17.8   0.1     2    27   110   135   109   151 0.87 CP098241.1_94 # 105883 # 106674 # 1 # ID=1_94;partial=00;start_type=ATG;rbs_motif=GGA/GAG/AGG;rbs_spacer=3-4bp;gc_cont=0.264
CP098241.1:105883-106674|+ -            264 1683at2085           -            284   6.7e-05   17.8   0.1   3   3      0.29        36   -1.0   0.0    60    73   152   165   140   239 0.63 CP098241.1_94 # 105883 # 106674 # 1 # ID=1_94;partial=00;start_type=ATG;rbs_motif=GGA/GAG/AGG;rbs_spacer=3-4bp;gc_cont=0.264
#
# Program:         hmmsearch
# Version:         3.4 (Aug 2023)
# Pipeline mode:   SEARCH
# Query file:      /home/lgef/Documentos/GitHub/Project_doctoral/IMPLEMENTACAO/Genomes/M_hyopneumoniae/MHP_ncbi_dataset/ncbi_dataset/data/strains/111A/Use/busco_downloads/lineages/mycoplasmatales_odb10/hmms/1683at2085.hmm
# Target file:     /home/lgef/Documentos/GitHub/Project_doctoral/IMPLEMENTACAO/Genomes/M_hyopneumoniae/MHP_ncbi_dataset/ncbi_dataset/data/strains/111A/Use/busco_complete/prodigal_output/predicted_genes/predicted.faa
# Option settings: hmmsearch --domtblout /home/lgef/Documentos/GitHub/Project_doctoral/IMPLEMENTACAO/Genomes/M_hyopneumoniae/MHP_ncbi_dataset/ncbi_dataset/data/strains/111A/Use/busco_complete/run_mycoplasmatales_odb10/hmmer_output/1683at2085.out --cpu 1 /home/lgef/Documentos/GitHub/Project_doctoral/IMPLEMENTACAO/Genomes/M_hyopneumoniae/MHP_ncbi_dataset/ncbi_dataset/data/strains/111A/Use/busco_downloads/lineages/mycoplasmatales_odb10/hmms/1683at2085.hmm /home/lgef/Documentos/GitHub/Project_doctoral/IMPLEMENTACAO/Genomes/M_hyopneumoniae/MHP_ncbi_dataset/ncbi_dataset/data/strains/111A/Use/busco_complete/prodigal_output/predicted_genes/predicted.faa 
# Current dir:     /home/lgef/Documentos/GitHub/Project_doctoral/IMPLEMENTACAO/Genomes/M_hyopneumoniae/MHP_ncbi_dataset/ncbi_dataset/data/strains/111A/Use
# Date:            Thu Nov 28 19:21:04 2024
# [ok]
