/home/lgef/miniconda3/envs/quast/bin/quast.py /home/lgef/Documentos/GitHub/Project_doctoral/BIOINFO_TEST/MHP_7448_dataset/ncbi_dataset/data/GCF_000008225.1/GCF_000008225.1_ASM822v1_genomic.fna -o quast_quast

Version: 5.2.0

System information:
  OS: Linux-6.8.0-49-generic-x86_64-with-glibc2.39 (linux_64)
  Python version: 3.12.3
  CPUs number: 8

Started: 2024-11-27 09:19:54

Logging to /home/lgef/Documentos/GitHub/Project_doctoral/quast_quast/quast.log
NOTICE: Maximum number of threads is set to 2 (use --threads option to set it manually)

CWD: /home/lgef/Documentos/GitHub/Project_doctoral
Main parameters: 
  MODE: default, threads: 2, min contig length: 500, min alignment length: 65, min alignment IDY: 95.0, \
  ambiguity: one, min local misassembly length: 200, min extensive misassembly length: 1000

Contigs:
  Pre-processing...
  /home/lgef/Documentos/GitHub/Project_doctoral/BIOINFO_TEST/MHP_7448_dataset/ncbi_dataset/data/GCF_000008225.1/GCF_000008225.1_ASM822v1_genomic.fna ==> GCF_000008225.1_ASM822v1_genomic

2024-11-27 09:19:58
Running Basic statistics processor...
  Contig files: 
    GCF_000008225.1_ASM822v1_genomic
  Calculating N50 and L50...
    GCF_000008225.1_ASM822v1_genomic, N50 = 920079, L50 = 1, auN = 920079.0, Total length = 920079, GC % = 28.49, # N's per 100 kbp =  0.00
  Drawing Nx plot...
    saved to /home/lgef/Documentos/GitHub/Project_doctoral/quast_quast/basic_stats/Nx_plot.pdf
  Drawing cumulative plot...
    saved to /home/lgef/Documentos/GitHub/Project_doctoral/quast_quast/basic_stats/cumulative_plot.pdf
  Drawing GC content plot...
    saved to /home/lgef/Documentos/GitHub/Project_doctoral/quast_quast/basic_stats/GC_content_plot.pdf
  Drawing GCF_000008225.1_ASM822v1_genomic GC content plot...
    saved to /home/lgef/Documentos/GitHub/Project_doctoral/quast_quast/basic_stats/GCF_000008225.1_ASM822v1_genomic_GC_content_plot.pdf
Done.

NOTICE: Genes are not predicted by default. Use --gene-finding or --glimmer option to enable it.

2024-11-27 09:20:00
Creating large visual summaries...
This may take a while: press Ctrl-C to skip this step..
  1 of 2: Creating PDF with all tables and plots...
  2 of 2: Creating Icarus viewers...
Done

2024-11-27 09:20:00
RESULTS:
  Text versions of total report are saved to /home/lgef/Documentos/GitHub/Project_doctoral/quast_quast/report.txt, report.tsv, and report.tex
  Text versions of transposed total report are saved to /home/lgef/Documentos/GitHub/Project_doctoral/quast_quast/transposed_report.txt, transposed_report.tsv, and transposed_report.tex
  HTML version (interactive tables and plots) is saved to /home/lgef/Documentos/GitHub/Project_doctoral/quast_quast/report.html
  PDF version (tables and plots) is saved to /home/lgef/Documentos/GitHub/Project_doctoral/quast_quast/report.pdf
  Icarus (contig browser) is saved to /home/lgef/Documentos/GitHub/Project_doctoral/quast_quast/icarus.html
  Log is saved to /home/lgef/Documentos/GitHub/Project_doctoral/quast_quast/quast.log

Finished: 2024-11-27 09:20:00
Elapsed time: 0:00:06.592562
NOTICEs: 2; WARNINGs: 0; non-fatal ERRORs: 0

Thank you for using QUAST!
