#                                                                                   --- full sequence --- -------------- this domain -------------   hmm coord   ali coord   env coord
# target name               accession   tlen query name           accession   qlen   E-value  score  bias   #  of  c-Evalue  i-Evalue  score  bias  from    to  from    to  from    to  acc description of target
#       ------------------- ---------- ----- -------------------- ---------- ----- --------- ------ ----- --- --- --------- --------- ------ ----- ----- ----- ----- ----- ----- ----- ---- ---------------------
NC_006360.1:55489-56748|+   -            420 1851at2085           -            347  1.4e-133  440.5  15.4   1   2  1.3e-122  1.7e-120  397.4   7.3     1   297     1   317     1   324 0.92 NC_006360.1_43 # 55489 # 56748 # 1 # ID=1_43;partial=00;start_type=ATG;rbs_motif=AGGA;rbs_spacer=5-10bp;gc_cont=0.308
NC_006360.1:55489-56748|+   -            420 1851at2085           -            347  1.4e-133  440.5  15.4   2   2   2.3e-16   3.1e-14   48.0   2.3   253   347   321   418   309   418 0.78 NC_006360.1_43 # 55489 # 56748 # 1 # ID=1_43;partial=00;start_type=ATG;rbs_motif=AGGA;rbs_spacer=5-10bp;gc_cont=0.308
NC_006360.1:350489-351592|- -            368 1851at2085           -            347   6.3e-15   50.3   0.6   1   2   7.6e-09     1e-06   23.2   0.0   154   208     5    59     2    64 0.90 NC_006360.1_298 # 350489 # 351592 # -1 # ID=1_298;partial=00;start_type=ATG;rbs_motif=None;rbs_spacer=None;gc_cont=0.303
NC_006360.1:350489-351592|- -            368 1851at2085           -            347   6.3e-15   50.3   0.6   2   2   2.8e-09   3.8e-07   24.7   0.1   197   241    67   111    62   138 0.83 NC_006360.1_298 # 350489 # 351592 # -1 # ID=1_298;partial=00;start_type=ATG;rbs_motif=None;rbs_spacer=None;gc_cont=0.303
NC_006360.1:92913-94214|+   -            434 1851at2085           -            347   5.6e-09   30.7   0.2   1   2   8.1e-06    0.0011   13.3   0.1   153   273     4   124     1   153 0.73 NC_006360.1_74 # 92913 # 94214 # 1 # ID=1_74;partial=00;start_type=ATG;rbs_motif=3Base/5BMM;rbs_spacer=13-15bp;gc_cont=0.291
NC_006360.1:92913-94214|+   -            434 1851at2085           -            347   5.6e-09   30.7   0.2   2   2   2.3e-06   0.00032   15.1   0.0   145   278   164   300   156   308 0.80 NC_006360.1_74 # 92913 # 94214 # 1 # ID=1_74;partial=00;start_type=ATG;rbs_motif=3Base/5BMM;rbs_spacer=13-15bp;gc_cont=0.291
NC_006360.1:336367-337158|- -            264 1851at2085           -            347   5.8e-06   20.8   2.4   1   2     0.071       9.7    0.3   0.4   197   249    11    64     7   108 0.63 NC_006360.1_288 # 336367 # 337158 # -1 # ID=1_288;partial=00;start_type=ATG;rbs_motif=GGA/GAG/AGG;rbs_spacer=3-4bp;gc_cont=0.265
NC_006360.1:336367-337158|- -            264 1851at2085           -            347   5.8e-06   20.8   2.4   2   2   5.3e-08   7.2e-06   20.5   0.1   156   296   115   251    98   261 0.86 NC_006360.1_288 # 336367 # 337158 # -1 # ID=1_288;partial=00;start_type=ATG;rbs_motif=GGA/GAG/AGG;rbs_spacer=3-4bp;gc_cont=0.265
NC_006360.1:253317-254198|+ -            294 1851at2085           -            347   0.00049   14.5   1.7   1   1   5.2e-06    0.0007   13.9   1.7   148   302     3   157     1   163 0.78 NC_006360.1_219 # 253317 # 254198 # 1 # ID=1_219;partial=00;start_type=ATG;rbs_motif=None;rbs_spacer=None;gc_cont=0.291
#
# Program:         hmmsearch
# Version:         3.4 (Aug 2023)
# Pipeline mode:   SEARCH
# Query file:      /home/bryan/Documentos/GitHub/Project_doctoral/IMPLEMENTACAO/Genomes/M_hyopneumoniae/strains/232/Use/busco_downloads/lineages/mycoplasmatales_odb10/hmms/1851at2085.hmm
# Target file:     /home/bryan/Documentos/GitHub/Project_doctoral/IMPLEMENTACAO/Genomes/M_hyopneumoniae/strains/232/Use/busco_complete/prodigal_output/predicted_genes/predicted.faa
# Option settings: hmmsearch --domtblout /home/bryan/Documentos/GitHub/Project_doctoral/IMPLEMENTACAO/Genomes/M_hyopneumoniae/strains/232/Use/busco_complete/run_mycoplasmatales_odb10/hmmer_output/1851at2085.out --cpu 1 /home/bryan/Documentos/GitHub/Project_doctoral/IMPLEMENTACAO/Genomes/M_hyopneumoniae/strains/232/Use/busco_downloads/lineages/mycoplasmatales_odb10/hmms/1851at2085.hmm /home/bryan/Documentos/GitHub/Project_doctoral/IMPLEMENTACAO/Genomes/M_hyopneumoniae/strains/232/Use/busco_complete/prodigal_output/predicted_genes/predicted.faa 
# Current dir:     /home/bryan/Documentos/GitHub/Project_doctoral/IMPLEMENTACAO/Genomes/M_hyopneumoniae/strains/232/Use
# Date:            Sun Dec  1 19:07:32 2024
# [ok]
