#                                                                                   --- full sequence --- -------------- this domain -------------   hmm coord   ali coord   env coord
# target name               accession   tlen query name           accession   qlen   E-value  score  bias   #  of  c-Evalue  i-Evalue  score  bias  from    to  from    to  from    to  acc description of target
#       ------------------- ---------- ----- -------------------- ---------- ----- --------- ------ ----- --- --- --------- --------- ------ ----- ----- ----- ----- ----- ----- ----- ---- ---------------------
NC_006360.1:253317-254198|+ -            294 2656at2085           -            232   3.9e-67  221.2  11.2   1   2   6.2e-41   5.3e-39  129.2   4.2     1   122     9   134     9   156 0.90 NC_006360.1_219 # 253317 # 254198 # 1 # ID=1_219;partial=00;start_type=ATG;rbs_motif=None;rbs_spacer=None;gc_cont=0.291
NC_006360.1:253317-254198|+ -            294 2656at2085           -            232   3.9e-67  221.2  11.2   2   2   5.5e-31   4.7e-29   96.6   0.6   119   232   159   293   147   293 0.81 NC_006360.1_219 # 253317 # 254198 # 1 # ID=1_219;partial=00;start_type=ATG;rbs_motif=None;rbs_spacer=None;gc_cont=0.291
NC_006360.1:92913-94214|+   -            434 2656at2085           -            232   1.2e-41  137.8   2.0   1   3   4.4e-21   3.8e-19   64.2   0.7     1   114     5   123     5   137 0.84 NC_006360.1_74 # 92913 # 94214 # 1 # ID=1_74;partial=00;start_type=ATG;rbs_motif=3Base/5BMM;rbs_spacer=13-15bp;gc_cont=0.291
NC_006360.1:92913-94214|+   -            434 2656at2085           -            232   1.2e-41  137.8   2.0   2   3   2.2e-23   1.9e-21   71.8   0.0     2   122   174   302   173   316 0.84 NC_006360.1_74 # 92913 # 94214 # 1 # ID=1_74;partial=00;start_type=ATG;rbs_motif=3Base/5BMM;rbs_spacer=13-15bp;gc_cont=0.291
NC_006360.1:92913-94214|+   -            434 2656at2085           -            232   1.2e-41  137.8   2.0   3   3       0.5        43   -1.4   0.1   116   145   329   358   316   365 0.62 NC_006360.1_74 # 92913 # 94214 # 1 # ID=1_74;partial=00;start_type=ATG;rbs_motif=3Base/5BMM;rbs_spacer=13-15bp;gc_cont=0.291
NC_006360.1:209395-210723|+ -            443 2656at2085           -            232   4.6e-18   60.7   5.8   1   2      0.22        18   -0.2   0.3   168   200   127   159   113   187 0.64 NC_006360.1_167 # 209395 # 210723 # 1 # ID=1_167;partial=00;start_type=TTG;rbs_motif=AGGAG;rbs_spacer=5-10bp;gc_cont=0.314
NC_006360.1:209395-210723|+ -            443 2656at2085           -            232   4.6e-18   60.7   5.8   2   2   5.4e-20   4.6e-18   60.7   5.8     2   116   220   338   219   384 0.79 NC_006360.1_167 # 209395 # 210723 # 1 # ID=1_167;partial=00;start_type=TTG;rbs_motif=AGGAG;rbs_spacer=5-10bp;gc_cont=0.314
NC_006360.1:551791-552387|- -            199 2656at2085           -            232   1.8e-12   42.4   2.1   1   1   2.7e-14   2.3e-12   42.0   2.1     2   132    41   179    40   197 0.71 NC_006360.1_439 # 551791 # 552387 # -1 # ID=1_439;partial=00;start_type=ATG;rbs_motif=None;rbs_spacer=None;gc_cont=0.298
NC_006360.1:336367-337158|- -            264 2656at2085           -            232   9.2e-11   36.8   9.4   1   2      0.01      0.85    4.2   2.7    70   124     9    64     2   100 0.76 NC_006360.1_288 # 336367 # 337158 # -1 # ID=1_288;partial=00;start_type=ATG;rbs_motif=GGA/GAG/AGG;rbs_spacer=3-4bp;gc_cont=0.265
NC_006360.1:336367-337158|- -            264 2656at2085           -            232   9.2e-11   36.8   9.4   2   2   1.5e-12   1.2e-10   36.4   0.2     3    66   115   174   113   180 0.88 NC_006360.1_288 # 336367 # 337158 # -1 # ID=1_288;partial=00;start_type=ATG;rbs_motif=GGA/GAG/AGG;rbs_spacer=3-4bp;gc_cont=0.265
NC_006360.1:350489-351592|- -            368 2656at2085           -            232   2.2e-08   29.0   2.9   1   1   4.2e-09   3.6e-07   25.0   1.7     2   143     6   162     5   176 0.65 NC_006360.1_298 # 350489 # 351592 # -1 # ID=1_298;partial=00;start_type=ATG;rbs_motif=None;rbs_spacer=None;gc_cont=0.303
NC_006360.1:55489-56748|+   -            420 2656at2085           -            232   3.5e-08   28.3   3.8   1   1   7.8e-10   6.6e-08   27.4   3.8     1   111   159   274   159   392 0.78 NC_006360.1_43 # 55489 # 56748 # 1 # ID=1_43;partial=00;start_type=ATG;rbs_motif=AGGA;rbs_spacer=5-10bp;gc_cont=0.308
NC_006360.1:256520-257377|+ -            286 2656at2085           -            232   2.2e-06   22.5   7.0   1   2      0.02       1.7    3.2   1.7    57   113    83   140    52   153 0.68 NC_006360.1_223 # 256520 # 257377 # 1 # ID=1_223;partial=00;start_type=ATG;rbs_motif=3Base/5BMM;rbs_spacer=13-15bp;gc_cont=0.280
NC_006360.1:256520-257377|+ -            286 2656at2085           -            232   2.2e-06   22.5   7.0   2   2     3e-08   2.6e-06   22.2   0.3     3    68   157   224   155   235 0.72 NC_006360.1_223 # 256520 # 257377 # 1 # ID=1_223;partial=00;start_type=ATG;rbs_motif=3Base/5BMM;rbs_spacer=13-15bp;gc_cont=0.280
#
# Program:         hmmsearch
# Version:         3.4 (Aug 2023)
# Pipeline mode:   SEARCH
# Query file:      /home/bryan/Documentos/GitHub/Project_doctoral/IMPLEMENTACAO/Genomes/M_hyopneumoniae/strains/232/Use/busco_downloads/lineages/mycoplasmatales_odb10/hmms/2656at2085.hmm
# Target file:     /home/bryan/Documentos/GitHub/Project_doctoral/IMPLEMENTACAO/Genomes/M_hyopneumoniae/strains/232/Use/busco_complete/prodigal_output/predicted_genes/predicted.faa
# Option settings: hmmsearch --domtblout /home/bryan/Documentos/GitHub/Project_doctoral/IMPLEMENTACAO/Genomes/M_hyopneumoniae/strains/232/Use/busco_complete/run_mycoplasmatales_odb10/hmmer_output/2656at2085.out --cpu 1 /home/bryan/Documentos/GitHub/Project_doctoral/IMPLEMENTACAO/Genomes/M_hyopneumoniae/strains/232/Use/busco_downloads/lineages/mycoplasmatales_odb10/hmms/2656at2085.hmm /home/bryan/Documentos/GitHub/Project_doctoral/IMPLEMENTACAO/Genomes/M_hyopneumoniae/strains/232/Use/busco_complete/prodigal_output/predicted_genes/predicted.faa 
# Current dir:     /home/bryan/Documentos/GitHub/Project_doctoral/IMPLEMENTACAO/Genomes/M_hyopneumoniae/strains/232/Use
# Date:            Sun Dec  1 19:07:33 2024
# [ok]
