#                                                                                   --- full sequence --- -------------- this domain -------------   hmm coord   ali coord   env coord
# target name               accession   tlen query name           accession   qlen   E-value  score  bias   #  of  c-Evalue  i-Evalue  score  bias  from    to  from    to  from    to  acc description of target
#       ------------------- ---------- ----- -------------------- ---------- ----- --------- ------ ----- --- --- --------- --------- ------ ----- ----- ----- ----- ----- ----- ----- ---- ---------------------
NC_006360.1:587811-588731|- -            307 2666at2085           -            250   9.6e-92  301.9   0.2   1   1   4.5e-93   5.1e-91  299.6   0.2     1   248     5   285     5   288 0.89 NC_006360.1_467 # 587811 # 588731 # -1 # ID=1_467;partial=00;start_type=ATG;rbs_motif=None;rbs_spacer=None;gc_cont=0.333
NC_006360.1:517928-518833|- -            302 2666at2085           -            250   3.2e-29   97.1   0.3   1   2   3.3e-13   3.7e-11   38.0   0.0     6    88    25   111    23   154 0.84 NC_006360.1_430 # 517928 # 518833 # -1 # ID=1_430;partial=00;start_type=ATG;rbs_motif=GGA/GAG/AGG;rbs_spacer=3-4bp;gc_cont=0.315
NC_006360.1:517928-518833|- -            302 2666at2085           -            250   3.2e-29   97.1   0.3   2   2   5.3e-19     6e-17   56.9   0.4   133   241   186   299   167   301 0.83 NC_006360.1_430 # 517928 # 518833 # -1 # ID=1_430;partial=00;start_type=ATG;rbs_motif=GGA/GAG/AGG;rbs_spacer=3-4bp;gc_cont=0.315
NC_006360.1:598244-599047|+ -            268 2666at2085           -            250   1.3e-25   85.3   4.5   1   2   3.4e-10   3.8e-08   28.1   0.1     2    70     2    69     1   122 0.88 NC_006360.1_475 # 598244 # 599047 # 1 # ID=1_475;partial=00;start_type=ATG;rbs_motif=None;rbs_spacer=None;gc_cont=0.299
NC_006360.1:598244-599047|+ -            268 2666at2085           -            250   1.3e-25   85.3   4.5   2   2   2.3e-19   2.6e-17   58.1   1.6   164   245   177   264   138   266 0.82 NC_006360.1_475 # 598244 # 599047 # 1 # ID=1_475;partial=00;start_type=ATG;rbs_motif=None;rbs_spacer=None;gc_cont=0.299
NC_006360.1:210712-211542|- -            277 2666at2085           -            250   1.2e-21   72.3   5.4   1   1   4.5e-23   5.1e-21   70.3   5.4     3   246     2   272     1   274 0.72 NC_006360.1_168 # 210712 # 211542 # -1 # ID=1_168;partial=00;start_type=ATG;rbs_motif=AGGA;rbs_spacer=5-10bp;gc_cont=0.312
NC_006360.1:427117-428457|- -            447 2666at2085           -            250   6.2e-18   60.2   9.1   1   2   5.5e-20   6.2e-18   60.2   9.1     6   246     6   266     3   269 0.75 NC_006360.1_360 # 427117 # 428457 # -1 # ID=1_360;partial=00;start_type=ATG;rbs_motif=GGA/GAG/AGG;rbs_spacer=5-10bp;gc_cont=0.248
NC_006360.1:427117-428457|- -            447 2666at2085           -            250   6.2e-18   60.2   9.1   2   2     0.054       6.1    1.2   1.1   104   152   363   414   326   444 0.72 NC_006360.1_360 # 427117 # 428457 # -1 # ID=1_360;partial=00;start_type=ATG;rbs_motif=GGA/GAG/AGG;rbs_spacer=5-10bp;gc_cont=0.248
NC_006360.1:117749-118558|- -            270 2666at2085           -            250   5.5e-17   57.1   3.2   1   2   1.6e-05    0.0018   12.8   0.1     4    79     5    80     2    94 0.80 NC_006360.1_100 # 117749 # 118558 # -1 # ID=1_100;partial=00;start_type=ATG;rbs_motif=None;rbs_spacer=None;gc_cont=0.298
NC_006360.1:117749-118558|- -            270 2666at2085           -            250   5.5e-17   57.1   3.2   2   2   2.3e-15   2.6e-13   45.0   0.5   109   223   134   242   104   263 0.81 NC_006360.1_100 # 117749 # 118558 # -1 # ID=1_100;partial=00;start_type=ATG;rbs_motif=None;rbs_spacer=None;gc_cont=0.298
#
# Program:         hmmsearch
# Version:         3.4 (Aug 2023)
# Pipeline mode:   SEARCH
# Query file:      /home/bryan/Documentos/GitHub/Project_doctoral/IMPLEMENTACAO/Genomes/M_hyopneumoniae/strains/232/Use/busco_downloads/lineages/mycoplasmatales_odb10/hmms/2666at2085.hmm
# Target file:     /home/bryan/Documentos/GitHub/Project_doctoral/IMPLEMENTACAO/Genomes/M_hyopneumoniae/strains/232/Use/busco_complete/prodigal_output/predicted_genes/predicted.faa
# Option settings: hmmsearch --domtblout /home/bryan/Documentos/GitHub/Project_doctoral/IMPLEMENTACAO/Genomes/M_hyopneumoniae/strains/232/Use/busco_complete/run_mycoplasmatales_odb10/hmmer_output/2666at2085.out --cpu 1 /home/bryan/Documentos/GitHub/Project_doctoral/IMPLEMENTACAO/Genomes/M_hyopneumoniae/strains/232/Use/busco_downloads/lineages/mycoplasmatales_odb10/hmms/2666at2085.hmm /home/bryan/Documentos/GitHub/Project_doctoral/IMPLEMENTACAO/Genomes/M_hyopneumoniae/strains/232/Use/busco_complete/prodigal_output/predicted_genes/predicted.faa 
# Current dir:     /home/bryan/Documentos/GitHub/Project_doctoral/IMPLEMENTACAO/Genomes/M_hyopneumoniae/strains/232/Use
# Date:            Sun Dec  1 19:07:33 2024
# [ok]
