#                                                                                   --- full sequence --- -------------- this domain -------------   hmm coord   ali coord   env coord
# target name               accession   tlen query name           accession   qlen   E-value  score  bias   #  of  c-Evalue  i-Evalue  score  bias  from    to  from    to  from    to  acc description of target
#       ------------------- ---------- ----- -------------------- ---------- ----- --------- ------ ----- --- --- --------- --------- ------ ----- ----- ----- ----- ----- ----- ----- ---- ---------------------
NC_006360.1:884003-886471|+ -            823 534at2085            -            678  7.1e-263  869.1  54.5   1   2  5.2e-255  8.8e-253  835.8  46.7    14   658    28   751     1   767 0.85 NC_006360.1_676 # 884003 # 886471 # 1 # ID=1_676;partial=00;start_type=ATG;rbs_motif=AGGA;rbs_spacer=5-10bp;gc_cont=0.299
NC_006360.1:884003-886471|+ -            823 534at2085            -            678  7.1e-263  869.1  54.5   2   2   6.1e-11     1e-08   29.2   5.4   625   678   766   819   741   819 0.83 NC_006360.1_676 # 884003 # 886471 # 1 # ID=1_676;partial=00;start_type=ATG;rbs_motif=AGGA;rbs_spacer=5-10bp;gc_cont=0.299
NC_006360.1:39042-41702|-   -            887 534at2085            -            678   2.9e-68  226.0  25.2   1   3   2.1e-26   3.6e-24   80.3   0.3     7   209    40   248    34   278 0.82 NC_006360.1_33 # 39042 # 41702 # -1 # ID=1_33;partial=00;start_type=ATG;rbs_motif=AGGA;rbs_spacer=5-10bp;gc_cont=0.305
NC_006360.1:39042-41702|-   -            887 534at2085            -            678   2.9e-68  226.0  25.2   2   3   1.3e-20   2.2e-18   61.2   0.3   217   383   293   469   288   482 0.80 NC_006360.1_33 # 39042 # 41702 # -1 # ID=1_33;partial=00;start_type=ATG;rbs_motif=AGGA;rbs_spacer=5-10bp;gc_cont=0.305
NC_006360.1:39042-41702|-   -            887 534at2085            -            678   2.9e-68  226.0  25.2   3   3     5e-30   8.5e-28   92.3  13.0   371   631   489   752   476   797 0.76 NC_006360.1_33 # 39042 # 41702 # -1 # ID=1_33;partial=00;start_type=ATG;rbs_motif=AGGA;rbs_spacer=5-10bp;gc_cont=0.305
NC_006360.1:840470-842842|- -            791 534at2085            -            678   6.2e-38  125.8  19.1   1   6   3.1e-13   5.2e-11   36.8   0.1    14   169    26   171    13   177 0.79 NC_006360.1_651 # 840470 # 842842 # -1 # ID=1_651;partial=00;start_type=ATG;rbs_motif=GGA/GAG/AGG;rbs_spacer=5-10bp;gc_cont=0.308
NC_006360.1:840470-842842|- -            791 534at2085            -            678   6.2e-38  125.8  19.1   2   6   8.9e-06    0.0015   12.1   0.1   308   365   177   233   169   238 0.88 NC_006360.1_651 # 840470 # 842842 # -1 # ID=1_651;partial=00;start_type=ATG;rbs_motif=GGA/GAG/AGG;rbs_spacer=5-10bp;gc_cont=0.308
NC_006360.1:840470-842842|- -            791 534at2085            -            678   6.2e-38  125.8  19.1   3   6     0.022       3.8    0.9   0.0   176   209   231   265   227   282 0.81 NC_006360.1_651 # 840470 # 842842 # -1 # ID=1_651;partial=00;start_type=ATG;rbs_motif=GGA/GAG/AGG;rbs_spacer=5-10bp;gc_cont=0.308
NC_006360.1:840470-842842|- -            791 534at2085            -            678   6.2e-38  125.8  19.1   4   6     2e-08   3.4e-06   20.9   0.1   216   300   302   391   296   398 0.85 NC_006360.1_651 # 840470 # 842842 # -1 # ID=1_651;partial=00;start_type=ATG;rbs_motif=GGA/GAG/AGG;rbs_spacer=5-10bp;gc_cont=0.308
NC_006360.1:840470-842842|- -            791 534at2085            -            678   6.2e-38  125.8  19.1   5   6   1.8e-05     0.003   11.1   0.0   359   388   398   427   392   440 0.84 NC_006360.1_651 # 840470 # 842842 # -1 # ID=1_651;partial=00;start_type=ATG;rbs_motif=GGA/GAG/AGG;rbs_spacer=5-10bp;gc_cont=0.308
NC_006360.1:840470-842842|- -            791 534at2085            -            678   6.2e-38  125.8  19.1   6   6   1.9e-17   3.2e-15   50.7   5.2   437   595   530   704   500   775 0.75 NC_006360.1_651 # 840470 # 842842 # -1 # ID=1_651;partial=00;start_type=ATG;rbs_motif=GGA/GAG/AGG;rbs_spacer=5-10bp;gc_cont=0.308
NC_006360.1:487252-488793|+ -            514 534at2085            -            678   1.7e-12   41.7  22.9   1   2   6.9e-10   1.2e-07   25.7   2.3    29   162    14   135     2   146 0.78 NC_006360.1_404 # 487252 # 488793 # 1 # ID=1_404;partial=00;start_type=ATG;rbs_motif=GGA/GAG/AGG;rbs_spacer=5-10bp;gc_cont=0.270
NC_006360.1:487252-488793|+ -            514 534at2085            -            678   1.7e-12   41.7  22.9   2   2   3.8e-08   6.5e-06   20.0  13.3   312   561   151   392   127   458 0.68 NC_006360.1_404 # 487252 # 488793 # 1 # ID=1_404;partial=00;start_type=ATG;rbs_motif=GGA/GAG/AGG;rbs_spacer=5-10bp;gc_cont=0.270
#
# Program:         hmmsearch
# Version:         3.4 (Aug 2023)
# Pipeline mode:   SEARCH
# Query file:      /home/bryan/Documentos/GitHub/Project_doctoral/IMPLEMENTACAO/Genomes/M_hyopneumoniae/strains/232/Use/busco_downloads/lineages/mycoplasmatales_odb10/hmms/534at2085.hmm
# Target file:     /home/bryan/Documentos/GitHub/Project_doctoral/IMPLEMENTACAO/Genomes/M_hyopneumoniae/strains/232/Use/busco_complete/prodigal_output/predicted_genes/predicted.faa
# Option settings: hmmsearch --domtblout /home/bryan/Documentos/GitHub/Project_doctoral/IMPLEMENTACAO/Genomes/M_hyopneumoniae/strains/232/Use/busco_complete/run_mycoplasmatales_odb10/hmmer_output/534at2085.out --cpu 1 /home/bryan/Documentos/GitHub/Project_doctoral/IMPLEMENTACAO/Genomes/M_hyopneumoniae/strains/232/Use/busco_downloads/lineages/mycoplasmatales_odb10/hmms/534at2085.hmm /home/bryan/Documentos/GitHub/Project_doctoral/IMPLEMENTACAO/Genomes/M_hyopneumoniae/strains/232/Use/busco_complete/prodigal_output/predicted_genes/predicted.faa 
# Current dir:     /home/bryan/Documentos/GitHub/Project_doctoral/IMPLEMENTACAO/Genomes/M_hyopneumoniae/strains/232/Use
# Date:            Sun Dec  1 19:07:36 2024
# [ok]
