A	C	G	T	N	IUPAC	Other	GC	GC_stdev
0.3594	0.1433	0.1427	0.3546	0.0002	0.0000	0.0000	0.2859	0.0200

Main genome scaffold total:         	51
Main genome contig total:           	53
Main genome scaffold sequence total:	867508
Main genome contig sequence total:  	867311  	0.023% gap
Main genome scaffold N/L50:         	9/37339
Main genome contig N/L50:           	9/37339
Main genome scaffold N/L90:         	23/13558
Main genome contig N/L90:           	23/12551
Max scaffold length:                	76617
Max contig length:                  	76617
Number of scaffolds > 50 KB:        	3
% main genome in scaffolds > 50 KB: 	24.54%


Minimum 	Number        	Number        	Total         	Total         	Scaffold
Scaffold	of            	of            	Scaffold      	Contig        	Contig  
Length  	Scaffolds     	Contigs       	Length        	Length        	Coverage
--------	--------------	--------------	--------------	--------------	--------
    All 	            51	            53	        867508	        867311	  99.98%
    100 	            51	            53	        867508	        867311	  99.98%
    250 	            48	            50	        866806	        866609	  99.98%
    500 	            44	            46	        865381	        865184	  99.98%
   1000 	            35	            37	        858474	        858277	  99.98%
   2500 	            29	            31	        847027	        846830	  99.98%
   5000 	            29	            31	        847027	        846830	  99.98%
  10000 	            26	            28	        824206	        824009	  99.98%
  25000 	            16	            16	        661008	        661008	 100.00%
  50000 	             3	             3	        212880	        212880	 100.00%

