#                                                                                   --- full sequence --- -------------- this domain -------------   hmm coord   ali coord   env coord
# target name               accession   tlen query name           accession   qlen   E-value  score  bias   #  of  c-Evalue  i-Evalue  score  bias  from    to  from    to  from    to  acc description of target
#       ------------------- ---------- ----- -------------------- ---------- ----- --------- ------ ----- --- --- --------- --------- ------ ----- ----- ----- ----- ----- ----- ----- ---- ---------------------
scf00000000:208975-210303|- -            443 1338at2085           -            333  1.4e-109  362.2  27.5   1   2  6.5e-104  6.8e-102  336.9  23.9     1   318     4   357     4   394 0.78 scf00000000_192 # 208975 # 210303 # -1 # ID=1_192;partial=00;start_type=TTG;rbs_motif=AGGAG;rbs_spacer=5-10bp;gc_cont=0.317
scf00000000:208975-210303|- -            443 1338at2085           -            333  1.4e-109  362.2  27.5   2   2   6.5e-08   6.8e-06   21.3   0.1   300   333   405   442   396   442 0.87 scf00000000_192 # 208975 # 210303 # -1 # ID=1_192;partial=00;start_type=TTG;rbs_motif=AGGAG;rbs_spacer=5-10bp;gc_cont=0.317
seq00000011:11257-12585|-   -            443 1338at2085           -            333  2.6e-109  361.3  27.7   1   2  1.1e-103  1.1e-101  336.2  24.0     1   318     4   357     4   394 0.78 seq00000011_11 # 11257 # 12585 # -1 # ID=11_11;partial=00;start_type=TTG;rbs_motif=AGGAG;rbs_spacer=5-10bp;gc_cont=0.315
seq00000011:11257-12585|-   -            443 1338at2085           -            333  2.6e-109  361.3  27.7   2   2   5.6e-08   5.9e-06   21.5   0.1   300   333   405   442   370   442 0.88 seq00000011_11 # 11257 # 12585 # -1 # ID=11_11;partial=00;start_type=TTG;rbs_motif=AGGAG;rbs_spacer=5-10bp;gc_cont=0.315
scf00000000:57129-58430|+   -            434 1338at2085           -            333   5.3e-41  136.7   3.5   1   3   5.7e-18   5.9e-16   54.4   0.8   179   329     5   160     2   162 0.85 scf00000000_47 # 57129 # 58430 # 1 # ID=1_47;partial=00;start_type=ATG;rbs_motif=None;rbs_spacer=None;gc_cont=0.293
scf00000000:57129-58430|+   -            434 1338at2085           -            333   5.3e-41  136.7   3.5   2   3   1.5e-26   1.6e-24   82.6   0.0   176   323   170   316   147   322 0.74 scf00000000_47 # 57129 # 58430 # 1 # ID=1_47;partial=00;start_type=ATG;rbs_motif=None;rbs_spacer=None;gc_cont=0.293
scf00000000:57129-58430|+   -            434 1338at2085           -            333   5.3e-41  136.7   3.5   3   3      0.24        25   -0.2   0.1   264   297   281   316   276   350 0.56 scf00000000_47 # 57129 # 58430 # 1 # ID=1_47;partial=00;start_type=ATG;rbs_motif=None;rbs_spacer=None;gc_cont=0.293
seq00000023:7201-8082|-     -            294 1338at2085           -            333     1e-14   50.3   1.2   1   1   1.7e-16   1.8e-14   49.6   1.2   174   267     4    98     1   141 0.78 seq00000023_9 # 7201 # 8082 # -1 # ID=21_9;partial=00;start_type=ATG;rbs_motif=None;rbs_spacer=None;gc_cont=0.296
scf00000000:160086-160967|- -            294 1338at2085           -            333     1e-14   50.3   1.2   1   1   1.7e-16   1.8e-14   49.6   1.2   174   267     4    98     1   141 0.78 scf00000000_133 # 160086 # 160967 # -1 # ID=1_133;partial=00;start_type=ATG;rbs_motif=None;rbs_spacer=None;gc_cont=0.290
scf00000000:77033-77824|+   -            264 1338at2085           -            333   2.3e-09   32.8   0.2   1   1     5e-11   5.2e-09   31.6   0.1   151   234    80   164    29   180 0.75 scf00000000_64 # 77033 # 77824 # 1 # ID=1_64;partial=00;start_type=ATG;rbs_motif=GGA/GAG/AGG;rbs_spacer=3-4bp;gc_cont=0.265
seq00000015:19834-20430|+   -            199 1338at2085           -            333   3.3e-07   25.6   0.3   1   2   8.2e-09   8.5e-07   24.3   0.0   160   212    21    73    16    92 0.89 seq00000015_16 # 19834 # 20430 # 1 # ID=15_16;partial=00;start_type=ATG;rbs_motif=None;rbs_spacer=None;gc_cont=0.295
seq00000015:19834-20430|+   -            199 1338at2085           -            333   3.3e-07   25.6   0.3   2   2      0.42        44   -1.1   0.2    92    92   161   161    94   196 0.51 seq00000015_16 # 19834 # 20430 # 1 # ID=15_16;partial=00;start_type=ATG;rbs_motif=None;rbs_spacer=None;gc_cont=0.295
scf00000000:19706-20965|+   -            420 1338at2085           -            333   9.6e-06   20.8   0.2   1   1   1.8e-07   1.9e-05   19.9   0.1   178   307   158   288   150   308 0.77 scf00000000_16 # 19706 # 20965 # 1 # ID=1_16;partial=00;start_type=ATG;rbs_motif=AGGA;rbs_spacer=5-10bp;gc_cont=0.310
scf00000000:321904-323007|- -            368 1338at2085           -            333   0.00012   17.2   0.9   1   1   2.4e-05    0.0025   12.9   0.9   177   283     3   128     1   156 0.59 scf00000000_278 # 321904 # 323007 # -1 # ID=1_278;partial=00;start_type=ATG;rbs_motif=None;rbs_spacer=None;gc_cont=0.299
seq00000032:5594-6697|+     -            368 1338at2085           -            333   0.00012   17.2   0.9   1   1   2.4e-05    0.0025   12.9   0.9   177   283     3   128     1   156 0.59 seq00000032_7 # 5594 # 6697 # 1 # ID=30_7;partial=00;start_type=ATG;rbs_motif=None;rbs_spacer=None;gc_cont=0.300
#
# Program:         hmmsearch
# Version:         3.4 (Aug 2023)
# Pipeline mode:   SEARCH
# Query file:      /home/lgef/Documentos/GitHub/Project_doctoral/IMPLEMENTACAO/Genomes/M_hyopneumoniae/MHP_ncbi_dataset/ncbi_dataset/data/strains/MHP679/Use/busco_downloads/lineages/mycoplasmatales_odb10/hmms/1338at2085.hmm
# Target file:     /home/lgef/Documentos/GitHub/Project_doctoral/IMPLEMENTACAO/Genomes/M_hyopneumoniae/MHP_ncbi_dataset/ncbi_dataset/data/strains/MHP679/Use/busco_complete/prodigal_output/predicted_genes/predicted.faa
# Option settings: hmmsearch --domtblout /home/lgef/Documentos/GitHub/Project_doctoral/IMPLEMENTACAO/Genomes/M_hyopneumoniae/MHP_ncbi_dataset/ncbi_dataset/data/strains/MHP679/Use/busco_complete/run_mycoplasmatales_odb10/hmmer_output/1338at2085.out --cpu 1 /home/lgef/Documentos/GitHub/Project_doctoral/IMPLEMENTACAO/Genomes/M_hyopneumoniae/MHP_ncbi_dataset/ncbi_dataset/data/strains/MHP679/Use/busco_downloads/lineages/mycoplasmatales_odb10/hmms/1338at2085.hmm /home/lgef/Documentos/GitHub/Project_doctoral/IMPLEMENTACAO/Genomes/M_hyopneumoniae/MHP_ncbi_dataset/ncbi_dataset/data/strains/MHP679/Use/busco_complete/prodigal_output/predicted_genes/predicted.faa 
# Current dir:     /home/lgef/Documentos/GitHub/Project_doctoral/IMPLEMENTACAO/Genomes/M_hyopneumoniae/MHP_ncbi_dataset/ncbi_dataset/data/strains/MHP679/Use
# Date:            Thu Nov 28 19:40:14 2024
# [ok]
