#                                                                                   --- full sequence --- -------------- this domain -------------   hmm coord   ali coord   env coord
# target name               accession   tlen query name           accession   qlen   E-value  score  bias   #  of  c-Evalue  i-Evalue  score  bias  from    to  from    to  from    to  acc description of target
#       ------------------- ---------- ----- -------------------- ---------- ----- --------- ------ ----- --- --- --------- --------- ------ ----- ----- ----- ----- ----- ----- ----- ---- ---------------------
scf00000000:476079-477518|- -            480 1529at2085           -            392  1.2e-152  504.5  18.3   1   2    3e-147  6.3e-145  479.0  12.2     1   341     1   372     1   384 0.90 scf00000000_392 # 476079 # 477518 # -1 # ID=1_392;partial=00;start_type=ATG;rbs_motif=None;rbs_spacer=None;gc_cont=0.310
scf00000000:476079-477518|- -            480 1529at2085           -            392  1.2e-152  504.5  18.3   2   2   9.5e-09     2e-06   23.0   0.5   334   386   386   448   377   451 0.85 scf00000000_392 # 476079 # 477518 # -1 # ID=1_392;partial=00;start_type=ATG;rbs_motif=None;rbs_spacer=None;gc_cont=0.310
scf00000000:35159-36526|+   -            456 1529at2085           -            392   1.8e-08   29.8   1.4   1   2   4.1e-06   0.00086   14.3   0.5    82   159   143   222   119   275 0.75 scf00000000_34 # 35159 # 36526 # 1 # ID=1_34;partial=00;start_type=ATG;rbs_motif=AGGA;rbs_spacer=5-10bp;gc_cont=0.300
scf00000000:35159-36526|+   -            456 1529at2085           -            392   1.8e-08   29.8   1.4   2   2   4.2e-06   0.00088   14.3   0.0   295   341   394   440   354   454 0.85 scf00000000_34 # 35159 # 36526 # 1 # ID=1_34;partial=00;start_type=ATG;rbs_motif=AGGA;rbs_spacer=5-10bp;gc_cont=0.300
scf00000000:271398-272639|+ -            414 1529at2085           -            392   1.9e-06   23.1   0.1   1   2     0.066        14    0.5   0.2   306   368    37   101    18   105 0.75 scf00000000_234 # 271398 # 272639 # 1 # ID=1_234;partial=00;start_type=ATG;rbs_motif=None;rbs_spacer=None;gc_cont=0.318
scf00000000:271398-272639|+ -            414 1529at2085           -            392   1.9e-06   23.1   0.1   2   2     7e-08   1.5e-05   20.2   0.0   103   246   225   377   162   400 0.80 scf00000000_234 # 271398 # 272639 # 1 # ID=1_234;partial=00;start_type=ATG;rbs_motif=None;rbs_spacer=None;gc_cont=0.318
seq00000013:13098-14339|-   -            414 1529at2085           -            392     2e-06   23.0   0.1   1   2     0.066        14    0.5   0.2   306   368    37   101    18   105 0.75 seq00000013_16 # 13098 # 14339 # -1 # ID=13_16;partial=00;start_type=ATG;rbs_motif=None;rbs_spacer=None;gc_cont=0.316
seq00000013:13098-14339|-   -            414 1529at2085           -            392     2e-06   23.0   0.1   2   2   7.7e-08   1.6e-05   20.0   0.0   103   246   225   377   169   400 0.82 seq00000013_16 # 13098 # 14339 # -1 # ID=13_16;partial=00;start_type=ATG;rbs_motif=None;rbs_spacer=None;gc_cont=0.316
seq00000008:8005-9744|+     -            580 1529at2085           -            392   2.1e-05   19.6   1.8   1   2   1.7e-05    0.0034   12.4   0.0    40   158   207   325   175   353 0.80 seq00000008_8 # 8005 # 9744 # 1 # ID=8_8;partial=00;start_type=ATG;rbs_motif=GGA/GAG/AGG;rbs_spacer=5-10bp;gc_cont=0.299
seq00000008:8005-9744|+     -            580 1529at2085           -            392   2.1e-05   19.6   1.8   2   2    0.0013      0.27    6.1   0.3   280   329   503   552   428   567 0.79 seq00000008_8 # 8005 # 9744 # 1 # ID=8_8;partial=00;start_type=ATG;rbs_motif=GGA/GAG/AGG;rbs_spacer=5-10bp;gc_cont=0.299
#
# Program:         hmmsearch
# Version:         3.4 (Aug 2023)
# Pipeline mode:   SEARCH
# Query file:      /home/lgef/Documentos/GitHub/Project_doctoral/IMPLEMENTACAO/Genomes/M_hyopneumoniae/MHP_ncbi_dataset/ncbi_dataset/data/strains/MHP679/Use/busco_downloads/lineages/mycoplasmatales_odb10/hmms/1529at2085.hmm
# Target file:     /home/lgef/Documentos/GitHub/Project_doctoral/IMPLEMENTACAO/Genomes/M_hyopneumoniae/MHP_ncbi_dataset/ncbi_dataset/data/strains/MHP679/Use/busco_complete/prodigal_output/predicted_genes/predicted.faa
# Option settings: hmmsearch --domtblout /home/lgef/Documentos/GitHub/Project_doctoral/IMPLEMENTACAO/Genomes/M_hyopneumoniae/MHP_ncbi_dataset/ncbi_dataset/data/strains/MHP679/Use/busco_complete/run_mycoplasmatales_odb10/hmmer_output/1529at2085.out --cpu 1 /home/lgef/Documentos/GitHub/Project_doctoral/IMPLEMENTACAO/Genomes/M_hyopneumoniae/MHP_ncbi_dataset/ncbi_dataset/data/strains/MHP679/Use/busco_downloads/lineages/mycoplasmatales_odb10/hmms/1529at2085.hmm /home/lgef/Documentos/GitHub/Project_doctoral/IMPLEMENTACAO/Genomes/M_hyopneumoniae/MHP_ncbi_dataset/ncbi_dataset/data/strains/MHP679/Use/busco_complete/prodigal_output/predicted_genes/predicted.faa 
# Current dir:     /home/lgef/Documentos/GitHub/Project_doctoral/IMPLEMENTACAO/Genomes/M_hyopneumoniae/MHP_ncbi_dataset/ncbi_dataset/data/strains/MHP679/Use
# Date:            Thu Nov 28 19:40:15 2024
# [ok]
