#                                                                                   --- full sequence --- -------------- this domain -------------   hmm coord   ali coord   env coord
# target name               accession   tlen query name           accession   qlen   E-value  score  bias   #  of  c-Evalue  i-Evalue  score  bias  from    to  from    to  from    to  acc description of target
#       ------------------- ---------- ----- -------------------- ---------- ----- --------- ------ ----- --- --- --------- --------- ------ ----- ----- ----- ----- ----- ----- ----- ---- ---------------------
scf00000000:321904-323007|- -            368 1683at2085           -            284  1.3e-103  342.1  14.5   1   3   3.4e-71     4e-69  229.0   2.1     1   162     1   168     1   175 0.94 scf00000000_278 # 321904 # 323007 # -1 # ID=1_278;partial=00;start_type=ATG;rbs_motif=None;rbs_spacer=None;gc_cont=0.299
scf00000000:321904-323007|- -            368 1683at2085           -            284  1.3e-103  342.1  14.5   2   3   1.2e-07   1.4e-05   20.5   0.2   155   187   182   214   167   222 0.82 scf00000000_278 # 321904 # 323007 # -1 # ID=1_278;partial=00;start_type=ATG;rbs_motif=None;rbs_spacer=None;gc_cont=0.299
scf00000000:321904-323007|- -            368 1683at2085           -            284  1.3e-103  342.1  14.5   3   3   1.1e-31   1.3e-29   99.4   1.5   185   284   238   365   222   365 0.75 scf00000000_278 # 321904 # 323007 # -1 # ID=1_278;partial=00;start_type=ATG;rbs_motif=None;rbs_spacer=None;gc_cont=0.299
seq00000032:5594-6697|+     -            368 1683at2085           -            284  1.3e-103  342.1  14.5   1   3   3.4e-71     4e-69  229.0   2.1     1   162     1   168     1   175 0.94 seq00000032_7 # 5594 # 6697 # 1 # ID=30_7;partial=00;start_type=ATG;rbs_motif=None;rbs_spacer=None;gc_cont=0.300
seq00000032:5594-6697|+     -            368 1683at2085           -            284  1.3e-103  342.1  14.5   2   3   1.2e-07   1.4e-05   20.5   0.2   155   187   182   214   167   222 0.82 seq00000032_7 # 5594 # 6697 # 1 # ID=30_7;partial=00;start_type=ATG;rbs_motif=None;rbs_spacer=None;gc_cont=0.300
seq00000032:5594-6697|+     -            368 1683at2085           -            284  1.3e-103  342.1  14.5   3   3   1.1e-31   1.3e-29   99.4   1.5   185   284   238   365   222   365 0.75 seq00000032_7 # 5594 # 6697 # 1 # ID=30_7;partial=00;start_type=ATG;rbs_motif=None;rbs_spacer=None;gc_cont=0.300
scf00000000:19706-20965|+   -            420 1683at2085           -            284   2.3e-16   55.9   5.3   1   1   4.6e-17   5.4e-15   51.4   5.3     4   135   158   274   155   348 0.82 scf00000000_16 # 19706 # 20965 # 1 # ID=1_16;partial=00;start_type=ATG;rbs_motif=AGGA;rbs_spacer=5-10bp;gc_cont=0.310
scf00000000:57129-58430|+   -            434 1683at2085           -            284     7e-07   24.8   3.0   1   3     3e-05    0.0035   12.6   0.1     2    25     2    25     1    32 0.84 scf00000000_47 # 57129 # 58430 # 1 # ID=1_47;partial=00;start_type=ATG;rbs_motif=None;rbs_spacer=None;gc_cont=0.293
scf00000000:57129-58430|+   -            434 1683at2085           -            284     7e-07   24.8   3.0   2   3   0.00059     0.069    8.4   0.0     3    22   171   190   169   253 0.82 scf00000000_47 # 57129 # 58430 # 1 # ID=1_47;partial=00;start_type=ATG;rbs_motif=None;rbs_spacer=None;gc_cont=0.293
scf00000000:57129-58430|+   -            434 1683at2085           -            284     7e-07   24.8   3.0   3   3     0.062       7.1    1.8   0.1    27    80   273   329   269   358 0.70 scf00000000_47 # 57129 # 58430 # 1 # ID=1_47;partial=00;start_type=ATG;rbs_motif=None;rbs_spacer=None;gc_cont=0.293
seq00000011:11257-12585|-   -            443 1683at2085           -            284   4.6e-06   22.1   2.3   1   1   1.9e-06   0.00022   16.6   2.3     3   105   217   309   215   385 0.82 seq00000011_11 # 11257 # 12585 # -1 # ID=11_11;partial=00;start_type=TTG;rbs_motif=AGGAG;rbs_spacer=5-10bp;gc_cont=0.315
scf00000000:208975-210303|- -            443 1683at2085           -            284   6.7e-06   21.5   1.8   1   1   2.7e-06   0.00031   16.1   1.8     3   105   217   309   215   385 0.81 scf00000000_192 # 208975 # 210303 # -1 # ID=1_192;partial=00;start_type=TTG;rbs_motif=AGGAG;rbs_spacer=5-10bp;gc_cont=0.317
scf00000000:160086-160967|- -            294 1683at2085           -            284   2.3e-05   19.8   0.1   1   1   4.4e-07   5.1e-05   18.7   0.1     5    26     9    30     6    55 0.85 scf00000000_133 # 160086 # 160967 # -1 # ID=1_133;partial=00;start_type=ATG;rbs_motif=None;rbs_spacer=None;gc_cont=0.290
seq00000023:7201-8082|-     -            294 1683at2085           -            284   2.3e-05   19.8   0.1   1   1   4.4e-07   5.1e-05   18.7   0.1     5    26     9    30     6    55 0.85 seq00000023_9 # 7201 # 8082 # -1 # ID=21_9;partial=00;start_type=ATG;rbs_motif=None;rbs_spacer=None;gc_cont=0.296
scf00000000:77033-77824|+   -            264 1683at2085           -            284   7.8e-05   18.0   0.0   1   3      0.22        26   -0.1   1.1    79   150    29   103     8   107 0.64 scf00000000_64 # 77033 # 77824 # 1 # ID=1_64;partial=00;start_type=ATG;rbs_motif=GGA/GAG/AGG;rbs_spacer=3-4bp;gc_cont=0.265
scf00000000:77033-77824|+   -            264 1683at2085           -            284   7.8e-05   18.0   0.0   2   3   6.7e-07   7.8e-05   18.0   0.0     2    27   110   135   109   156 0.85 scf00000000_64 # 77033 # 77824 # 1 # ID=1_64;partial=00;start_type=ATG;rbs_motif=GGA/GAG/AGG;rbs_spacer=3-4bp;gc_cont=0.265
scf00000000:77033-77824|+   -            264 1683at2085           -            284   7.8e-05   18.0   0.0   3   3       1.3   1.5e+02   -2.6   0.1    30    30   205   205   176   242 0.47 scf00000000_64 # 77033 # 77824 # 1 # ID=1_64;partial=00;start_type=ATG;rbs_motif=GGA/GAG/AGG;rbs_spacer=3-4bp;gc_cont=0.265
#
# Program:         hmmsearch
# Version:         3.4 (Aug 2023)
# Pipeline mode:   SEARCH
# Query file:      /home/lgef/Documentos/GitHub/Project_doctoral/IMPLEMENTACAO/Genomes/M_hyopneumoniae/MHP_ncbi_dataset/ncbi_dataset/data/strains/MHP679/Use/busco_downloads/lineages/mycoplasmatales_odb10/hmms/1683at2085.hmm
# Target file:     /home/lgef/Documentos/GitHub/Project_doctoral/IMPLEMENTACAO/Genomes/M_hyopneumoniae/MHP_ncbi_dataset/ncbi_dataset/data/strains/MHP679/Use/busco_complete/prodigal_output/predicted_genes/predicted.faa
# Option settings: hmmsearch --domtblout /home/lgef/Documentos/GitHub/Project_doctoral/IMPLEMENTACAO/Genomes/M_hyopneumoniae/MHP_ncbi_dataset/ncbi_dataset/data/strains/MHP679/Use/busco_complete/run_mycoplasmatales_odb10/hmmer_output/1683at2085.out --cpu 1 /home/lgef/Documentos/GitHub/Project_doctoral/IMPLEMENTACAO/Genomes/M_hyopneumoniae/MHP_ncbi_dataset/ncbi_dataset/data/strains/MHP679/Use/busco_downloads/lineages/mycoplasmatales_odb10/hmms/1683at2085.hmm /home/lgef/Documentos/GitHub/Project_doctoral/IMPLEMENTACAO/Genomes/M_hyopneumoniae/MHP_ncbi_dataset/ncbi_dataset/data/strains/MHP679/Use/busco_complete/prodigal_output/predicted_genes/predicted.faa 
# Current dir:     /home/lgef/Documentos/GitHub/Project_doctoral/IMPLEMENTACAO/Genomes/M_hyopneumoniae/MHP_ncbi_dataset/ncbi_dataset/data/strains/MHP679/Use
# Date:            Thu Nov 28 19:40:15 2024
# [ok]
