#                                                                                 --- full sequence --- -------------- this domain -------------   hmm coord   ali coord   env coord
# target name             accession   tlen query name           accession   qlen   E-value  score  bias   #  of  c-Evalue  i-Evalue  score  bias  from    to  from    to  from    to  acc description of target
#     ------------------- ---------- ----- -------------------- ---------- ----- --------- ------ ----- --- --- --------- --------- ------ ----- ----- ----- ----- ----- ----- ----- ---- ---------------------
seq00000009:11245-12459|+ -            405 1830at2085           -            299    1e-100  332.8  30.2   1   3   2.4e-38   6.2e-36  120.1   9.6     1   129    10   157    10   160 0.84 seq00000009_9 # 11245 # 12459 # 1 # ID=9_9;partial=00;start_type=ATG;rbs_motif=None;rbs_spacer=None;gc_cont=0.263
seq00000009:11245-12459|+ -            405 1830at2085           -            299    1e-100  332.8  30.2   2   3   2.4e-65   6.3e-63  208.7   6.4   114   296   157   345   152   348 0.87 seq00000009_9 # 11245 # 12459 # 1 # ID=9_9;partial=00;start_type=ATG;rbs_motif=None;rbs_spacer=None;gc_cont=0.263
seq00000009:11245-12459|+ -            405 1830at2085           -            299    1e-100  332.8  30.2   3   3   3.4e-06   0.00089   14.5   2.0   244   295   347   399   340   402 0.87 seq00000009_9 # 11245 # 12459 # 1 # ID=9_9;partial=00;start_type=ATG;rbs_motif=None;rbs_spacer=None;gc_cont=0.263
seq00000014:15509-17050|- -            514 1830at2085           -            299   9.9e-09   30.8   5.7   1   3   0.00082      0.21    6.7   0.3     2    99     5   110     4   133 0.79 seq00000014_14 # 15509 # 17050 # -1 # ID=14_14;partial=00;start_type=ATG;rbs_motif=GGA/GAG/AGG;rbs_spacer=5-10bp;gc_cont=0.274
seq00000014:15509-17050|- -            514 1830at2085           -            299   9.9e-09   30.8   5.7   2   3   1.3e-09   3.4e-07   25.7   0.1   193   259   294   361   282   383 0.81 seq00000014_14 # 15509 # 17050 # -1 # ID=14_14;partial=00;start_type=ATG;rbs_motif=GGA/GAG/AGG;rbs_spacer=5-10bp;gc_cont=0.274
seq00000014:15509-17050|- -            514 1830at2085           -            299   9.9e-09   30.8   5.7   3   3      0.19        48   -1.0   0.1    67   100   405   442   393   451 0.62 seq00000014_14 # 15509 # 17050 # -1 # ID=14_14;partial=00;start_type=ATG;rbs_motif=GGA/GAG/AGG;rbs_spacer=5-10bp;gc_cont=0.274
seq00000009:3184-5556|+   -            791 1830at2085           -            299   3.4e-06   22.4   0.0   1   1   4.6e-08   1.2e-05   20.6   0.0   191   236   548   594   504   626 0.85 seq00000009_3 # 3184 # 5556 # 1 # ID=9_3;partial=00;start_type=ATG;rbs_motif=None;rbs_spacer=None;gc_cont=0.306
scf00000000:3367-6027|-   -            887 1830at2085           -            299   1.9e-05   20.0   0.2   1   4     0.036       9.5    1.3   0.1    12    68    65   127    57   182 0.63 scf00000000_6 # 3367 # 6027 # -1 # ID=1_6;partial=00;start_type=ATG;rbs_motif=AGGA;rbs_spacer=5-10bp;gc_cont=0.306
scf00000000:3367-6027|-   -            887 1830at2085           -            299   1.9e-05   20.0   0.2   2   4      0.23        59   -1.3   0.1   143   174   364   395   340   398 0.80 scf00000000_6 # 3367 # 6027 # -1 # ID=1_6;partial=00;start_type=ATG;rbs_motif=AGGA;rbs_spacer=5-10bp;gc_cont=0.306
scf00000000:3367-6027|-   -            887 1830at2085           -            299   1.9e-05   20.0   0.2   3   4   7.1e-08   1.9e-05   20.0   0.2   198   295   580   681   564   684 0.76 scf00000000_6 # 3367 # 6027 # -1 # ID=1_6;partial=00;start_type=ATG;rbs_motif=AGGA;rbs_spacer=5-10bp;gc_cont=0.306
scf00000000:3367-6027|-   -            887 1830at2085           -            299   1.9e-05   20.0   0.2   4   4       0.8   2.1e+02   -3.1   0.4    58    74   778   794   731   853 0.58 scf00000000_6 # 3367 # 6027 # -1 # ID=1_6;partial=00;start_type=ATG;rbs_motif=AGGA;rbs_spacer=5-10bp;gc_cont=0.306
#
# Program:         hmmsearch
# Version:         3.4 (Aug 2023)
# Pipeline mode:   SEARCH
# Query file:      /home/lgef/Documentos/GitHub/Project_doctoral/IMPLEMENTACAO/Genomes/M_hyopneumoniae/MHP_ncbi_dataset/ncbi_dataset/data/strains/MHP679/Use/busco_downloads/lineages/mycoplasmatales_odb10/hmms/1830at2085.hmm
# Target file:     /home/lgef/Documentos/GitHub/Project_doctoral/IMPLEMENTACAO/Genomes/M_hyopneumoniae/MHP_ncbi_dataset/ncbi_dataset/data/strains/MHP679/Use/busco_complete/prodigal_output/predicted_genes/predicted.faa
# Option settings: hmmsearch --domtblout /home/lgef/Documentos/GitHub/Project_doctoral/IMPLEMENTACAO/Genomes/M_hyopneumoniae/MHP_ncbi_dataset/ncbi_dataset/data/strains/MHP679/Use/busco_complete/run_mycoplasmatales_odb10/hmmer_output/1830at2085.out --cpu 1 /home/lgef/Documentos/GitHub/Project_doctoral/IMPLEMENTACAO/Genomes/M_hyopneumoniae/MHP_ncbi_dataset/ncbi_dataset/data/strains/MHP679/Use/busco_downloads/lineages/mycoplasmatales_odb10/hmms/1830at2085.hmm /home/lgef/Documentos/GitHub/Project_doctoral/IMPLEMENTACAO/Genomes/M_hyopneumoniae/MHP_ncbi_dataset/ncbi_dataset/data/strains/MHP679/Use/busco_complete/prodigal_output/predicted_genes/predicted.faa 
# Current dir:     /home/lgef/Documentos/GitHub/Project_doctoral/IMPLEMENTACAO/Genomes/M_hyopneumoniae/MHP_ncbi_dataset/ncbi_dataset/data/strains/MHP679/Use
# Date:            Thu Nov 28 19:40:16 2024
# [ok]
