#                                                                                   --- full sequence --- -------------- this domain -------------   hmm coord   ali coord   env coord
# target name               accession   tlen query name           accession   qlen   E-value  score  bias   #  of  c-Evalue  i-Evalue  score  bias  from    to  from    to  from    to  acc description of target
#       ------------------- ---------- ----- -------------------- ---------- ----- --------- ------ ----- --- --- --------- --------- ------ ----- ----- ----- ----- ----- ----- ----- ---- ---------------------
seq00000007:472-1317|-      -            282 3282at2085           -            198   5.2e-57  188.5  21.1   1   2   1.4e-37   3.7e-35  117.2  17.0     1   142     1   162     1   169 0.86 seq00000007_1 # 472 # 1317 # -1 # ID=7_1;partial=00;start_type=ATG;rbs_motif=None;rbs_spacer=None;gc_cont=0.251
seq00000007:472-1317|-      -            282 3282at2085           -            198   5.2e-57  188.5  21.1   2   2     3e-22   7.9e-20   67.1   0.1   141   198   214   274   195   274 0.89 seq00000007_1 # 472 # 1317 # -1 # ID=7_1;partial=00;start_type=ATG;rbs_motif=None;rbs_spacer=None;gc_cont=0.251
seq00000015:5440-6354|-     -            305 3282at2085           -            198   2.5e-33  111.2  11.8   1   2   1.2e-20   3.1e-18   61.9   7.8    10   134    13   160     6   201 0.77 seq00000015_7 # 5440 # 6354 # -1 # ID=15_7;partial=00;start_type=ATG;rbs_motif=None;rbs_spacer=None;gc_cont=0.325
seq00000015:5440-6354|-     -            305 3282at2085           -            198   2.5e-33  111.2  11.8   2   2   9.9e-17   2.6e-14   49.1   0.1   135   189   224   280   206   286 0.86 seq00000015_7 # 5440 # 6354 # -1 # ID=15_7;partial=00;start_type=ATG;rbs_motif=None;rbs_spacer=None;gc_cont=0.325
seq00000023:16292-17014|+   -            241 3282at2085           -            198   1.7e-06   23.6   1.8   1   2   6.5e-09   1.7e-06   23.6   1.8    13   133     4   123     1   138 0.78 seq00000023_20 # 16292 # 17014 # 1 # ID=21_20;partial=00;start_type=ATG;rbs_motif=GGA/GAG/AGG;rbs_spacer=5-10bp;gc_cont=0.290
seq00000023:16292-17014|+   -            241 3282at2085           -            198   1.7e-06   23.6   1.8   2   2      0.27        70   -1.3   0.9    32    57   201   224   171   234 0.50 seq00000023_20 # 16292 # 17014 # 1 # ID=21_20;partial=00;start_type=ATG;rbs_motif=GGA/GAG/AGG;rbs_spacer=5-10bp;gc_cont=0.290
scf00000000:169177-169899|+ -            241 3282at2085           -            198   8.7e-06   21.3   1.4   1   2   3.3e-08   8.7e-06   21.3   1.4    13   133     4   123     1   138 0.78 scf00000000_144 # 169177 # 169899 # 1 # ID=1_144;partial=00;start_type=ATG;rbs_motif=GGA/GAG/AGG;rbs_spacer=5-10bp;gc_cont=0.290
scf00000000:169177-169899|+ -            241 3282at2085           -            198   8.7e-06   21.3   1.4   2   2      0.34        88   -1.6   1.3    25    58   192   225   164   234 0.56 scf00000000_144 # 169177 # 169899 # 1 # ID=1_144;partial=00;start_type=ATG;rbs_motif=GGA/GAG/AGG;rbs_spacer=5-10bp;gc_cont=0.290
#
# Program:         hmmsearch
# Version:         3.4 (Aug 2023)
# Pipeline mode:   SEARCH
# Query file:      /home/lgef/Documentos/GitHub/Project_doctoral/IMPLEMENTACAO/Genomes/M_hyopneumoniae/MHP_ncbi_dataset/ncbi_dataset/data/strains/MHP679/Use/busco_downloads/lineages/mycoplasmatales_odb10/hmms/3282at2085.hmm
# Target file:     /home/lgef/Documentos/GitHub/Project_doctoral/IMPLEMENTACAO/Genomes/M_hyopneumoniae/MHP_ncbi_dataset/ncbi_dataset/data/strains/MHP679/Use/busco_complete/prodigal_output/predicted_genes/predicted.faa
# Option settings: hmmsearch --domtblout /home/lgef/Documentos/GitHub/Project_doctoral/IMPLEMENTACAO/Genomes/M_hyopneumoniae/MHP_ncbi_dataset/ncbi_dataset/data/strains/MHP679/Use/busco_complete/run_mycoplasmatales_odb10/hmmer_output/3282at2085.out --cpu 1 /home/lgef/Documentos/GitHub/Project_doctoral/IMPLEMENTACAO/Genomes/M_hyopneumoniae/MHP_ncbi_dataset/ncbi_dataset/data/strains/MHP679/Use/busco_downloads/lineages/mycoplasmatales_odb10/hmms/3282at2085.hmm /home/lgef/Documentos/GitHub/Project_doctoral/IMPLEMENTACAO/Genomes/M_hyopneumoniae/MHP_ncbi_dataset/ncbi_dataset/data/strains/MHP679/Use/busco_complete/prodigal_output/predicted_genes/predicted.faa 
# Current dir:     /home/lgef/Documentos/GitHub/Project_doctoral/IMPLEMENTACAO/Genomes/M_hyopneumoniae/MHP_ncbi_dataset/ncbi_dataset/data/strains/MHP679/Use
# Date:            Thu Nov 28 19:40:17 2024
# [ok]
