#                                                                                   --- full sequence --- -------------- this domain -------------   hmm coord   ali coord   env coord
# target name               accession   tlen query name           accession   qlen   E-value  score  bias   #  of  c-Evalue  i-Evalue  score  bias  from    to  from    to  from    to  acc description of target
#       ------------------- ---------- ----- -------------------- ---------- ----- --------- ------ ----- --- --- --------- --------- ------ ----- ----- ----- ----- ----- ----- ----- ---- ---------------------
seq00000015:19834-20430|+   -            199 4324at2085           -            135   4.4e-41  136.0   3.2   1   1   1.1e-42   8.7e-41  135.0   3.2     2   134    24   190    23   191 0.79 seq00000015_16 # 19834 # 20430 # 1 # ID=15_16;partial=00;start_type=ATG;rbs_motif=None;rbs_spacer=None;gc_cont=0.295
scf00000000:57129-58430|+   -            434 4324at2085           -            135   1.8e-15   53.1   7.1   1   3     7e-10   5.6e-08   28.8   0.1    10    46     3    39     1   129 0.72 scf00000000_47 # 57129 # 58430 # 1 # ID=1_47;partial=00;start_type=ATG;rbs_motif=None;rbs_spacer=None;gc_cont=0.293
scf00000000:57129-58430|+   -            434 4324at2085           -            135   1.8e-15   53.1   7.1   2   3   4.9e-09   3.9e-07   26.0   0.2    11    60   172   228   162   313 0.59 scf00000000_47 # 57129 # 58430 # 1 # ID=1_47;partial=00;start_type=ATG;rbs_motif=None;rbs_spacer=None;gc_cont=0.293
scf00000000:57129-58430|+   -            434 4324at2085           -            135   1.8e-15   53.1   7.1   3   3      0.76        61   -0.5   0.4    25    82   353   412   334   421 0.72 scf00000000_47 # 57129 # 58430 # 1 # ID=1_47;partial=00;start_type=ATG;rbs_motif=None;rbs_spacer=None;gc_cont=0.293
scf00000000:208975-210303|- -            443 4324at2085           -            135   6.8e-08   28.5   4.1   1   2       6.7   5.4e+02   -3.5   0.0    27    49    93   115    88   124 0.63 scf00000000_192 # 208975 # 210303 # -1 # ID=1_192;partial=00;start_type=TTG;rbs_motif=AGGAG;rbs_spacer=5-10bp;gc_cont=0.317
scf00000000:208975-210303|- -            443 4324at2085           -            135   6.8e-08   28.5   4.1   2   2   1.5e-09   1.2e-07   27.7   2.3    11   129   218   350   214   358 0.68 scf00000000_192 # 208975 # 210303 # -1 # ID=1_192;partial=00;start_type=TTG;rbs_motif=AGGAG;rbs_spacer=5-10bp;gc_cont=0.317
seq00000011:11257-12585|-   -            443 4324at2085           -            135   9.2e-08   28.1   4.4   1   2       6.7   5.4e+02   -3.5   0.0    27    49    93   115    88   124 0.63 seq00000011_11 # 11257 # 12585 # -1 # ID=11_11;partial=00;start_type=TTG;rbs_motif=AGGAG;rbs_spacer=5-10bp;gc_cont=0.315
seq00000011:11257-12585|-   -            443 4324at2085           -            135   9.2e-08   28.1   4.4   2   2   2.2e-09   1.7e-07   27.2   2.5    11   129   218   350   214   358 0.68 seq00000011_11 # 11257 # 12585 # -1 # ID=11_11;partial=00;start_type=TTG;rbs_motif=AGGAG;rbs_spacer=5-10bp;gc_cont=0.315
scf00000000:77033-77824|+   -            264 4324at2085           -            135     2e-07   27.0  10.9   1   4      0.03       2.4    4.1   1.1    99   124    41    66    11    71 0.68 scf00000000_64 # 77033 # 77824 # 1 # ID=1_64;partial=00;start_type=ATG;rbs_motif=GGA/GAG/AGG;rbs_spacer=3-4bp;gc_cont=0.265
scf00000000:77033-77824|+   -            264 4324at2085           -            135     2e-07   27.0  10.9   2   4      0.39        32    0.5   0.4    69   119    58   104    53   110 0.58 scf00000000_64 # 77033 # 77824 # 1 # ID=1_64;partial=00;start_type=ATG;rbs_motif=GGA/GAG/AGG;rbs_spacer=3-4bp;gc_cont=0.265
scf00000000:77033-77824|+   -            264 4324at2085           -            135     2e-07   27.0  10.9   3   4   4.6e-09   3.7e-07   26.1   0.1    11    71   112   174   103   204 0.78 scf00000000_64 # 77033 # 77824 # 1 # ID=1_64;partial=00;start_type=ATG;rbs_motif=GGA/GAG/AGG;rbs_spacer=3-4bp;gc_cont=0.265
scf00000000:77033-77824|+   -            264 4324at2085           -            135     2e-07   27.0  10.9   4   4      0.16        13    1.7   0.1    84   115   208   239   199   245 0.86 scf00000000_64 # 77033 # 77824 # 1 # ID=1_64;partial=00;start_type=ATG;rbs_motif=GGA/GAG/AGG;rbs_spacer=3-4bp;gc_cont=0.265
scf00000000:160086-160967|- -            294 4324at2085           -            135   1.8e-06   23.9   3.4   1   1   5.9e-08   4.7e-06   22.6   3.4    12   115     9   129     3   141 0.63 scf00000000_133 # 160086 # 160967 # -1 # ID=1_133;partial=00;start_type=ATG;rbs_motif=None;rbs_spacer=None;gc_cont=0.290
seq00000023:7201-8082|-     -            294 4324at2085           -            135   1.8e-06   23.9   3.4   1   1   5.9e-08   4.7e-06   22.6   3.4    12   115     9   129     3   141 0.63 seq00000023_9 # 7201 # 8082 # -1 # ID=21_9;partial=00;start_type=ATG;rbs_motif=None;rbs_spacer=None;gc_cont=0.296
scf00000000:156907-157764|- -            286 4324at2085           -            135   1.2e-05   21.2   2.5   1   2      0.87        70   -0.7   0.2    96   117    99   120    87   142 0.60 scf00000000_129 # 156907 # 157764 # -1 # ID=1_129;partial=00;start_type=ATG;rbs_motif=None;rbs_spacer=None;gc_cont=0.279
scf00000000:156907-157764|- -            286 4324at2085           -            135   1.2e-05   21.2   2.5   2   2   1.8e-07   1.4e-05   21.0   0.2    13    77   156   232   150   241 0.73 scf00000000_129 # 156907 # 157764 # -1 # ID=1_129;partial=00;start_type=ATG;rbs_motif=None;rbs_spacer=None;gc_cont=0.279
seq00000023:4022-4879|-     -            286 4324at2085           -            135   1.2e-05   21.2   2.5   1   2      0.87        70   -0.7   0.2    96   117    99   120    87   142 0.60 seq00000023_5 # 4022 # 4879 # -1 # ID=21_5;partial=00;start_type=ATG;rbs_motif=None;rbs_spacer=None;gc_cont=0.279
seq00000023:4022-4879|-     -            286 4324at2085           -            135   1.2e-05   21.2   2.5   2   2   1.8e-07   1.4e-05   21.0   0.2    13    77   156   232   150   241 0.73 seq00000023_5 # 4022 # 4879 # -1 # ID=21_5;partial=00;start_type=ATG;rbs_motif=None;rbs_spacer=None;gc_cont=0.279
seq00000008:16128-17927|+   -            600 4324at2085           -            135   0.00054   15.9   0.1   1   3       1.9   1.5e+02   -1.7   0.1    77   115    30    68    16    78 0.77 seq00000008_15 # 16128 # 17927 # 1 # ID=8_15;partial=00;start_type=ATG;rbs_motif=GGAG/GAGG;rbs_spacer=5-10bp;gc_cont=0.353
seq00000008:16128-17927|+   -            600 4324at2085           -            135   0.00054   15.9   0.1   2   3   6.8e-06   0.00054   15.9   0.1    12   123   116   236   112   245 0.79 seq00000008_15 # 16128 # 17927 # 1 # ID=8_15;partial=00;start_type=ATG;rbs_motif=GGAG/GAGG;rbs_spacer=5-10bp;gc_cont=0.353
seq00000008:16128-17927|+   -            600 4324at2085           -            135   0.00054   15.9   0.1   3   3       3.6   2.9e+02   -2.7   0.1    90   116   468   494   448   500 0.74 seq00000008_15 # 16128 # 17927 # 1 # ID=8_15;partial=00;start_type=ATG;rbs_motif=GGAG/GAGG;rbs_spacer=5-10bp;gc_cont=0.353
scf00000000:19706-20965|+   -            420 4324at2085           -            135   0.00055   15.9   2.1   1   2   9.7e-06   0.00078   15.4   0.2    10   121   157   273   152   282 0.79 scf00000000_16 # 19706 # 20965 # 1 # ID=1_16;partial=00;start_type=ATG;rbs_motif=AGGA;rbs_spacer=5-10bp;gc_cont=0.310
scf00000000:19706-20965|+   -            420 4324at2085           -            135   0.00055   15.9   2.1   2   2      0.99        80   -0.8   0.1    33   101   300   368   294   383 0.69 scf00000000_16 # 19706 # 20965 # 1 # ID=1_16;partial=00;start_type=ATG;rbs_motif=AGGA;rbs_spacer=5-10bp;gc_cont=0.310
seq00000016:1475-4318|-     -            948 4324at2085           -            135    0.0065   12.4   1.9   1   2      0.12       9.8    2.1   0.0    10    29    32    52    24    59 0.80 seq00000016_3 # 1475 # 4318 # -1 # ID=16_3;partial=00;start_type=ATG;rbs_motif=None;rbs_spacer=None;gc_cont=0.329
seq00000016:1475-4318|-     -            948 4324at2085           -            135    0.0065   12.4   1.9   2   2    0.0023      0.19    7.7   0.4    12    36   641   665   637   676 0.89 seq00000016_3 # 1475 # 4318 # -1 # ID=16_3;partial=00;start_type=ATG;rbs_motif=None;rbs_spacer=None;gc_cont=0.329
scf00000000:83578-86421|-   -            948 4324at2085           -            135     0.007   12.3   1.9   1   2      0.12       9.8    2.1   0.0    10    29    32    52    24    59 0.80 scf00000000_70 # 83578 # 86421 # -1 # ID=1_70;partial=00;start_type=ATG;rbs_motif=None;rbs_spacer=None;gc_cont=0.326
scf00000000:83578-86421|-   -            948 4324at2085           -            135     0.007   12.3   1.9   2   2    0.0023      0.19    7.7   0.4    12    36   641   665   637   676 0.89 scf00000000_70 # 83578 # 86421 # -1 # ID=1_70;partial=00;start_type=ATG;rbs_motif=None;rbs_spacer=None;gc_cont=0.326
#
# Program:         hmmsearch
# Version:         3.4 (Aug 2023)
# Pipeline mode:   SEARCH
# Query file:      /home/lgef/Documentos/GitHub/Project_doctoral/IMPLEMENTACAO/Genomes/M_hyopneumoniae/MHP_ncbi_dataset/ncbi_dataset/data/strains/MHP679/Use/busco_downloads/lineages/mycoplasmatales_odb10/hmms/4324at2085.hmm
# Target file:     /home/lgef/Documentos/GitHub/Project_doctoral/IMPLEMENTACAO/Genomes/M_hyopneumoniae/MHP_ncbi_dataset/ncbi_dataset/data/strains/MHP679/Use/busco_complete/prodigal_output/predicted_genes/predicted.faa
# Option settings: hmmsearch --domtblout /home/lgef/Documentos/GitHub/Project_doctoral/IMPLEMENTACAO/Genomes/M_hyopneumoniae/MHP_ncbi_dataset/ncbi_dataset/data/strains/MHP679/Use/busco_complete/run_mycoplasmatales_odb10/hmmer_output/4324at2085.out --cpu 1 /home/lgef/Documentos/GitHub/Project_doctoral/IMPLEMENTACAO/Genomes/M_hyopneumoniae/MHP_ncbi_dataset/ncbi_dataset/data/strains/MHP679/Use/busco_downloads/lineages/mycoplasmatales_odb10/hmms/4324at2085.hmm /home/lgef/Documentos/GitHub/Project_doctoral/IMPLEMENTACAO/Genomes/M_hyopneumoniae/MHP_ncbi_dataset/ncbi_dataset/data/strains/MHP679/Use/busco_complete/prodigal_output/predicted_genes/predicted.faa 
# Current dir:     /home/lgef/Documentos/GitHub/Project_doctoral/IMPLEMENTACAO/Genomes/M_hyopneumoniae/MHP_ncbi_dataset/ncbi_dataset/data/strains/MHP679/Use
# Date:            Thu Nov 28 19:40:17 2024
# [ok]
