#                                                                                   --- full sequence --- -------------- this domain -------------   hmm coord   ali coord   env coord
# target name               accession   tlen query name           accession   qlen   E-value  score  bias   #  of  c-Evalue  i-Evalue  score  bias  from    to  from    to  from    to  acc description of target
#       ------------------- ---------- ----- -------------------- ---------- ----- --------- ------ ----- --- --- --------- --------- ------ ----- ----- ----- ----- ----- ----- ----- ---- ---------------------
scf00000000:278640-279275|+ -            212 4555at2085           -            155   1.8e-52  173.1   0.3   1   2   6.1e-51   1.6e-48  160.3   0.1     1   127     1   142     1   147 0.89 scf00000000_242 # 278640 # 279275 # 1 # ID=1_242;partial=00;start_type=ATG;rbs_motif=GGA/GAG/AGG;rbs_spacer=5-10bp;gc_cont=0.310
scf00000000:278640-279275|+ -            212 4555at2085           -            155   1.8e-52  173.1   0.3   2   2   0.00011     0.028   10.1   0.0   122   154   162   195   160   196 0.86 scf00000000_242 # 278640 # 279275 # 1 # ID=1_242;partial=00;start_type=ATG;rbs_motif=GGA/GAG/AGG;rbs_spacer=5-10bp;gc_cont=0.310
seq00000013:6456-7091|-     -            212 4555at2085           -            155   1.9e-52  173.0   0.4   1   2   6.1e-51   1.6e-48  160.3   0.1     1   127     1   142     1   147 0.89 seq00000013_8 # 6456 # 7091 # -1 # ID=13_8;partial=00;start_type=ATG;rbs_motif=GGA/GAG/AGG;rbs_spacer=5-10bp;gc_cont=0.308
seq00000013:6456-7091|-     -            212 4555at2085           -            155   1.9e-52  173.0   0.4   2   2   0.00011     0.028   10.1   0.0   122   154   162   195   160   196 0.86 seq00000013_8 # 6456 # 7091 # -1 # ID=13_8;partial=00;start_type=ATG;rbs_motif=GGA/GAG/AGG;rbs_spacer=5-10bp;gc_cont=0.308
scf00000000:83578-86421|-   -            948 4555at2085           -            155    0.0027   13.4   0.7   1   2     0.031       8.2    2.1   0.1     2    16    33    47    32    54 0.88 scf00000000_70 # 83578 # 86421 # -1 # ID=1_70;partial=00;start_type=ATG;rbs_motif=None;rbs_spacer=None;gc_cont=0.326
scf00000000:83578-86421|-   -            948 4555at2085           -            155    0.0027   13.4   0.7   2   2   0.00024     0.062    9.0   0.1     2    23   640   661   639   684 0.82 scf00000000_70 # 83578 # 86421 # -1 # ID=1_70;partial=00;start_type=ATG;rbs_motif=None;rbs_spacer=None;gc_cont=0.326
seq00000016:1475-4318|-     -            948 4555at2085           -            155    0.0028   13.4   0.7   1   2     0.031       8.2    2.1   0.1     2    16    33    47    32    54 0.88 seq00000016_3 # 1475 # 4318 # -1 # ID=16_3;partial=00;start_type=ATG;rbs_motif=None;rbs_spacer=None;gc_cont=0.329
seq00000016:1475-4318|-     -            948 4555at2085           -            155    0.0028   13.4   0.7   2   2   0.00024     0.062    9.0   0.1     2    23   640   661   639   684 0.82 seq00000016_3 # 1475 # 4318 # -1 # ID=16_3;partial=00;start_type=ATG;rbs_motif=None;rbs_spacer=None;gc_cont=0.329
#
# Program:         hmmsearch
# Version:         3.4 (Aug 2023)
# Pipeline mode:   SEARCH
# Query file:      /home/lgef/Documentos/GitHub/Project_doctoral/IMPLEMENTACAO/Genomes/M_hyopneumoniae/MHP_ncbi_dataset/ncbi_dataset/data/strains/MHP679/Use/busco_downloads/lineages/mycoplasmatales_odb10/hmms/4555at2085.hmm
# Target file:     /home/lgef/Documentos/GitHub/Project_doctoral/IMPLEMENTACAO/Genomes/M_hyopneumoniae/MHP_ncbi_dataset/ncbi_dataset/data/strains/MHP679/Use/busco_complete/prodigal_output/predicted_genes/predicted.faa
# Option settings: hmmsearch --domtblout /home/lgef/Documentos/GitHub/Project_doctoral/IMPLEMENTACAO/Genomes/M_hyopneumoniae/MHP_ncbi_dataset/ncbi_dataset/data/strains/MHP679/Use/busco_complete/run_mycoplasmatales_odb10/hmmer_output/4555at2085.out --cpu 1 /home/lgef/Documentos/GitHub/Project_doctoral/IMPLEMENTACAO/Genomes/M_hyopneumoniae/MHP_ncbi_dataset/ncbi_dataset/data/strains/MHP679/Use/busco_downloads/lineages/mycoplasmatales_odb10/hmms/4555at2085.hmm /home/lgef/Documentos/GitHub/Project_doctoral/IMPLEMENTACAO/Genomes/M_hyopneumoniae/MHP_ncbi_dataset/ncbi_dataset/data/strains/MHP679/Use/busco_complete/prodigal_output/predicted_genes/predicted.faa 
# Current dir:     /home/lgef/Documentos/GitHub/Project_doctoral/IMPLEMENTACAO/Genomes/M_hyopneumoniae/MHP_ncbi_dataset/ncbi_dataset/data/strains/MHP679/Use
# Date:            Thu Nov 28 19:40:17 2024
# [ok]
