#                                                                                 --- full sequence --- -------------- this domain -------------   hmm coord   ali coord   env coord
# target name             accession   tlen query name           accession   qlen   E-value  score  bias   #  of  c-Evalue  i-Evalue  score  bias  from    to  from    to  from    to  acc description of target
#     ------------------- ---------- ----- -------------------- ---------- ----- --------- ------ ----- --- --- --------- --------- ------ ----- ----- ----- ----- ----- ----- ----- ---- ---------------------
scf00000000:58988-60784|+ -            599 501at2085            -            526  7.2e-249  822.7   9.2   1   1  7.1e-251  1.5e-248  821.7   9.2     1   526     1   594     1   594 0.93 scf00000000_50 # 58988 # 60784 # 1 # ID=1_50;partial=00;start_type=ATG;rbs_motif=None;rbs_spacer=None;gc_cont=0.342
scf00000000:62119-64203|- -            695 501at2085            -            526   9.9e-47  155.7   0.9   1   3   1.8e-36   3.7e-34  114.2   0.1     4   153     8   162     5   186 0.86 scf00000000_52 # 62119 # 64203 # -1 # ID=1_52;partial=00;start_type=ATG;rbs_motif=AGGA;rbs_spacer=5-10bp;gc_cont=0.375
scf00000000:62119-64203|- -            695 501at2085            -            526   9.9e-47  155.7   0.9   2   3   8.3e-12   1.7e-09   32.8   0.0   171   339   302   485   291   498 0.68 scf00000000_52 # 62119 # 64203 # -1 # ID=1_52;partial=00;start_type=ATG;rbs_motif=AGGA;rbs_spacer=5-10bp;gc_cont=0.375
scf00000000:62119-64203|- -            695 501at2085            -            526   9.9e-47  155.7   0.9   3   3    0.0026      0.55    4.7   0.0   350   411   607   675   595   691 0.78 scf00000000_52 # 62119 # 64203 # -1 # ID=1_52;partial=00;start_type=ATG;rbs_motif=AGGA;rbs_spacer=5-10bp;gc_cont=0.375
seq00000008:16128-17927|+ -            600 501at2085            -            526   3.6e-19   64.7   2.9   1   3   1.7e-21   3.6e-19   64.7   2.9    10   196   117   308   115   321 0.77 seq00000008_15 # 16128 # 17927 # 1 # ID=8_15;partial=00;start_type=ATG;rbs_motif=GGAG/GAGG;rbs_spacer=5-10bp;gc_cont=0.353
seq00000008:16128-17927|+ -            600 501at2085            -            526   3.6e-19   64.7   2.9   2   3      0.56   1.2e+02   -3.0   0.6   135   181   388   434   377   452 0.72 seq00000008_15 # 16128 # 17927 # 1 # ID=8_15;partial=00;start_type=ATG;rbs_motif=GGAG/GAGG;rbs_spacer=5-10bp;gc_cont=0.353
seq00000008:16128-17927|+ -            600 501at2085            -            526   3.6e-19   64.7   2.9   3   3      0.34        71   -2.2   0.0   382   408   480   506   460   516 0.80 seq00000008_15 # 16128 # 17927 # 1 # ID=8_15;partial=00;start_type=ATG;rbs_motif=GGAG/GAGG;rbs_spacer=5-10bp;gc_cont=0.353
seq00000006:11051-12259|- -            403 501at2085            -            526   2.8e-18   61.8   3.1   1   2   3.1e-20   6.4e-18   60.6   0.3     8   140    20   155    14   168 0.88 seq00000006_8 # 11051 # 12259 # -1 # ID=6_8;partial=00;start_type=ATG;rbs_motif=AGGA;rbs_spacer=5-10bp;gc_cont=0.404
seq00000006:11051-12259|- -            403 501at2085            -            526   2.8e-18   61.8   3.1   2   2     0.023       4.8    1.6   0.2   161   256   205   309   194   325 0.67 seq00000006_8 # 11051 # 12259 # -1 # ID=6_8;partial=00;start_type=ATG;rbs_motif=AGGA;rbs_spacer=5-10bp;gc_cont=0.404
scf00000000:57129-58430|+ -            434 501at2085            -            526   1.7e-12   42.7   0.5   1   2   3.1e-05    0.0064   11.1   0.1    62   180    45   170    35   173 0.76 scf00000000_47 # 57129 # 58430 # 1 # ID=1_47;partial=00;start_type=ATG;rbs_motif=None;rbs_spacer=None;gc_cont=0.293
scf00000000:57129-58430|+ -            434 501at2085            -            526   1.7e-12   42.7   0.5   2   2   6.5e-11   1.4e-08   29.8   0.1    78   168   238   340   214   363 0.81 scf00000000_47 # 57129 # 58430 # 1 # ID=1_47;partial=00;start_type=ATG;rbs_motif=None;rbs_spacer=None;gc_cont=0.293
#
# Program:         hmmsearch
# Version:         3.4 (Aug 2023)
# Pipeline mode:   SEARCH
# Query file:      /home/lgef/Documentos/GitHub/Project_doctoral/IMPLEMENTACAO/Genomes/M_hyopneumoniae/MHP_ncbi_dataset/ncbi_dataset/data/strains/MHP679/Use/busco_downloads/lineages/mycoplasmatales_odb10/hmms/501at2085.hmm
# Target file:     /home/lgef/Documentos/GitHub/Project_doctoral/IMPLEMENTACAO/Genomes/M_hyopneumoniae/MHP_ncbi_dataset/ncbi_dataset/data/strains/MHP679/Use/busco_complete/prodigal_output/predicted_genes/predicted.faa
# Option settings: hmmsearch --domtblout /home/lgef/Documentos/GitHub/Project_doctoral/IMPLEMENTACAO/Genomes/M_hyopneumoniae/MHP_ncbi_dataset/ncbi_dataset/data/strains/MHP679/Use/busco_complete/run_mycoplasmatales_odb10/hmmer_output/501at2085.out --cpu 1 /home/lgef/Documentos/GitHub/Project_doctoral/IMPLEMENTACAO/Genomes/M_hyopneumoniae/MHP_ncbi_dataset/ncbi_dataset/data/strains/MHP679/Use/busco_downloads/lineages/mycoplasmatales_odb10/hmms/501at2085.hmm /home/lgef/Documentos/GitHub/Project_doctoral/IMPLEMENTACAO/Genomes/M_hyopneumoniae/MHP_ncbi_dataset/ncbi_dataset/data/strains/MHP679/Use/busco_complete/prodigal_output/predicted_genes/predicted.faa 
# Current dir:     /home/lgef/Documentos/GitHub/Project_doctoral/IMPLEMENTACAO/Genomes/M_hyopneumoniae/MHP_ncbi_dataset/ncbi_dataset/data/strains/MHP679/Use
# Date:            Thu Nov 28 19:40:18 2024
# [ok]
