#                                                                                 --- full sequence --- -------------- this domain -------------   hmm coord   ali coord   env coord
# target name             accession   tlen query name           accession   qlen   E-value  score  bias   #  of  c-Evalue  i-Evalue  score  bias  from    to  from    to  from    to  acc description of target
#     ------------------- ---------- ----- -------------------- ---------- ----- --------- ------ ----- --- --- --------- --------- ------ ----- ----- ----- ----- ----- ----- ----- ---- ---------------------
seq00000007:5932-7953|-   -            674 946at2085            -            434  1.8e-128  424.7  32.4   1   2  7.5e-127  2.6e-124  411.0  20.0     1   393     1   474     1   488 0.83 seq00000007_7 # 5932 # 7953 # -1 # ID=7_7;partial=00;start_type=ATG;rbs_motif=AGGA;rbs_spacer=5-10bp;gc_cont=0.298
seq00000007:5932-7953|-   -            674 946at2085            -            434  1.8e-128  424.7  32.4   2   2   1.8e-05    0.0063   11.0   4.4   391   433   512   555   506   556 0.82 seq00000007_7 # 5932 # 7953 # -1 # ID=7_7;partial=00;start_type=ATG;rbs_motif=AGGA;rbs_spacer=5-10bp;gc_cont=0.298
scf00000000:86414-88927|- -            838 946at2085            -            434   4.8e-39  130.0  17.9   1   3     2e-25   6.9e-23   76.8   1.8     5   115     9   120     5   124 0.96 scf00000000_71 # 86414 # 88927 # -1 # ID=1_71;partial=00;start_type=ATG;rbs_motif=AGGA;rbs_spacer=5-10bp;gc_cont=0.291
scf00000000:86414-88927|- -            838 946at2085            -            434   4.8e-39  130.0  17.9   2   3   4.5e-21   1.6e-18   62.5   0.5   180   394   221   473   212   490 0.76 scf00000000_71 # 86414 # 88927 # -1 # ID=1_71;partial=00;start_type=ATG;rbs_motif=AGGA;rbs_spacer=5-10bp;gc_cont=0.291
scf00000000:86414-88927|- -            838 946at2085            -            434   4.8e-39  130.0  17.9   3   3      0.45   1.6e+02   -3.5   2.3   257   309   623   675   606   678 0.58 scf00000000_71 # 86414 # 88927 # -1 # ID=1_71;partial=00;start_type=ATG;rbs_motif=AGGA;rbs_spacer=5-10bp;gc_cont=0.291
seq00000016:4311-6773|-   -            821 946at2085            -            434   1.2e-38  128.7  19.2   1   3     1e-25   3.5e-23   77.8   2.1     5   115     9   120     5   124 0.96 seq00000016_4 # 4311 # 6773 # -1 # ID=16_4;partial=00;start_type=ATG;rbs_motif=AGGA;rbs_spacer=5-10bp;gc_cont=0.295
seq00000016:4311-6773|-   -            821 946at2085            -            434   1.2e-38  128.7  19.2   2   3   1.2e-20   4.3e-18   61.0   0.6   180   394   221   473   212   490 0.76 seq00000016_4 # 4311 # 6773 # -1 # ID=16_4;partial=00;start_type=ATG;rbs_motif=AGGA;rbs_spacer=5-10bp;gc_cont=0.295
seq00000016:4311-6773|-   -            821 946at2085            -            434   1.2e-38  128.7  19.2   3   3      0.77   2.7e+02   -4.2   2.6   256   310   622   676   607   678 0.67 seq00000016_4 # 4311 # 6773 # -1 # ID=16_4;partial=00;start_type=ATG;rbs_motif=AGGA;rbs_spacer=5-10bp;gc_cont=0.295
#
# Program:         hmmsearch
# Version:         3.4 (Aug 2023)
# Pipeline mode:   SEARCH
# Query file:      /home/lgef/Documentos/GitHub/Project_doctoral/IMPLEMENTACAO/Genomes/M_hyopneumoniae/MHP_ncbi_dataset/ncbi_dataset/data/strains/MHP679/Use/busco_downloads/lineages/mycoplasmatales_odb10/hmms/946at2085.hmm
# Target file:     /home/lgef/Documentos/GitHub/Project_doctoral/IMPLEMENTACAO/Genomes/M_hyopneumoniae/MHP_ncbi_dataset/ncbi_dataset/data/strains/MHP679/Use/busco_complete/prodigal_output/predicted_genes/predicted.faa
# Option settings: hmmsearch --domtblout /home/lgef/Documentos/GitHub/Project_doctoral/IMPLEMENTACAO/Genomes/M_hyopneumoniae/MHP_ncbi_dataset/ncbi_dataset/data/strains/MHP679/Use/busco_complete/run_mycoplasmatales_odb10/hmmer_output/946at2085.out --cpu 1 /home/lgef/Documentos/GitHub/Project_doctoral/IMPLEMENTACAO/Genomes/M_hyopneumoniae/MHP_ncbi_dataset/ncbi_dataset/data/strains/MHP679/Use/busco_downloads/lineages/mycoplasmatales_odb10/hmms/946at2085.hmm /home/lgef/Documentos/GitHub/Project_doctoral/IMPLEMENTACAO/Genomes/M_hyopneumoniae/MHP_ncbi_dataset/ncbi_dataset/data/strains/MHP679/Use/busco_complete/prodigal_output/predicted_genes/predicted.faa 
# Current dir:     /home/lgef/Documentos/GitHub/Project_doctoral/IMPLEMENTACAO/Genomes/M_hyopneumoniae/MHP_ncbi_dataset/ncbi_dataset/data/strains/MHP679/Use
# Date:            Thu Nov 28 19:40:19 2024
# [ok]
