#                                                                                   --- full sequence --- -------------- this domain -------------   hmm coord   ali coord   env coord
# target name               accession   tlen query name           accession   qlen   E-value  score  bias   #  of  c-Evalue  i-Evalue  score  bias  from    to  from    to  from    to  acc description of target
#       ------------------- ---------- ----- -------------------- ---------- ----- --------- ------ ----- --- --- --------- --------- ------ ----- ----- ----- ----- ----- ----- ----- ---- ---------------------
scf00000000:26813-28114|-   -            434 1140at2085           -            348  1.9e-118  390.6  10.9   1   1  3.3e-120  3.8e-118  389.6  10.9     1   346     5   429     5   431 0.85 scf00000000_25 # 26813 # 28114 # -1 # ID=1_25;partial=00;start_type=ATG;rbs_motif=3Base/5BMM;rbs_spacer=13-15bp;gc_cont=0.291
scf00000000:756554-757882|+ -            443 1140at2085           -            348   1.1e-22   75.7   4.7   1   1   3.4e-24   3.9e-22   73.9   4.7   130   301   217   389   212   399 0.77 scf00000000_555 # 756554 # 757882 # 1 # ID=1_555;partial=00;start_type=TTG;rbs_motif=AGGAG;rbs_spacer=5-10bp;gc_cont=0.314
scf00000000:800307-801188|+ -            294 1140at2085           -            348   4.9e-13   43.9   1.8   1   1   8.4e-15   9.6e-13   43.0   1.3     1   103     9   124     9   136 0.76 scf00000000_607 # 800307 # 801188 # 1 # ID=1_607;partial=00;start_type=ATG;rbs_motif=None;rbs_spacer=None;gc_cont=0.291
scf00000000:883347-884138|- -            264 1140at2085           -            348   3.6e-09   31.2   6.7   1   2   0.00065     0.075    7.2   3.4   203   277    15   102     3   110 0.67 scf00000000_675 # 883347 # 884138 # -1 # ID=1_675;partial=00;start_type=ATG;rbs_motif=GGA/GAG/AGG;rbs_spacer=3-4bp;gc_cont=0.265
scf00000000:883347-884138|- -            264 1140at2085           -            348   3.6e-09   31.2   6.7   2   2   2.1e-09   2.4e-07   25.2   0.1     3    60   115   173   113   201 0.85 scf00000000_675 # 883347 # 884138 # -1 # ID=1_675;partial=00;start_type=ATG;rbs_motif=GGA/GAG/AGG;rbs_spacer=3-4bp;gc_cont=0.265
scf00000000:443075-443671|+ -            199 1140at2085           -            348     1e-07   26.5   2.6   1   1   1.4e-08   1.6e-06   22.6   2.6   131   192    39   109    14   198 0.49 scf00000000_327 # 443075 # 443671 # 1 # ID=1_327;partial=00;start_type=ATG;rbs_motif=None;rbs_spacer=None;gc_cont=0.298
scf00000000:803510-804367|+ -            286 1140at2085           -            348   0.00025   15.3   8.2   1   2    0.0028      0.31    5.1   1.5   181   237    61   120    42   156 0.69 scf00000000_611 # 803510 # 804367 # 1 # ID=1_611;partial=00;start_type=ATG;rbs_motif=3Base/5BMM;rbs_spacer=13-15bp;gc_cont=0.280
scf00000000:803510-804367|+ -            286 1140at2085           -            348   0.00025   15.3   8.2   2   2   4.8e-06   0.00055   14.2   0.7     3    62   157   224   155   233 0.71 scf00000000_611 # 803510 # 804367 # 1 # ID=1_611;partial=00;start_type=ATG;rbs_motif=3Base/5BMM;rbs_spacer=13-15bp;gc_cont=0.280
#
# Program:         hmmsearch
# Version:         3.4 (Aug 2023)
# Pipeline mode:   SEARCH
# Query file:      /home/lgef/Documentos/GitHub/Project_doctoral/IMPLEMENTACAO/Genomes/M_hyopneumoniae/MHP_ncbi_dataset/ncbi_dataset/data/strains/11/Use/busco_downloads/lineages/mycoplasmatales_odb10/hmms/1140at2085.hmm
# Target file:     /home/lgef/Documentos/GitHub/Project_doctoral/IMPLEMENTACAO/Genomes/M_hyopneumoniae/MHP_ncbi_dataset/ncbi_dataset/data/strains/11/Use/busco_complete/prodigal_output/predicted_genes/predicted.faa
# Option settings: hmmsearch --domtblout /home/lgef/Documentos/GitHub/Project_doctoral/IMPLEMENTACAO/Genomes/M_hyopneumoniae/MHP_ncbi_dataset/ncbi_dataset/data/strains/11/Use/busco_complete/run_mycoplasmatales_odb10/hmmer_output/1140at2085.out --cpu 1 /home/lgef/Documentos/GitHub/Project_doctoral/IMPLEMENTACAO/Genomes/M_hyopneumoniae/MHP_ncbi_dataset/ncbi_dataset/data/strains/11/Use/busco_downloads/lineages/mycoplasmatales_odb10/hmms/1140at2085.hmm /home/lgef/Documentos/GitHub/Project_doctoral/IMPLEMENTACAO/Genomes/M_hyopneumoniae/MHP_ncbi_dataset/ncbi_dataset/data/strains/11/Use/busco_complete/prodigal_output/predicted_genes/predicted.faa 
# Current dir:     /home/lgef/Documentos/GitHub/Project_doctoral/IMPLEMENTACAO/Genomes/M_hyopneumoniae/MHP_ncbi_dataset/ncbi_dataset/data/strains/11/Use
# Date:            Thu Nov 28 19:31:43 2024
# [ok]
