#                                                                                   --- full sequence --- -------------- this domain -------------   hmm coord   ali coord   env coord
# target name               accession   tlen query name           accession   qlen   E-value  score  bias   #  of  c-Evalue  i-Evalue  score  bias  from    to  from    to  from    to  acc description of target
#       ------------------- ---------- ----- -------------------- ---------- ----- --------- ------ ----- --- --- --------- --------- ------ ----- ----- ----- ----- ----- ----- ----- ---- ---------------------
scf00000000:19087-21171|+   -            695 148at2085            -            586         0 1036.6  12.7   1   2  5.8e-114    1e-111  369.5   3.0     1   181    11   193    11   218 0.94 scf00000000_19 # 19087 # 21171 # 1 # ID=1_19;partial=00;start_type=ATG;rbs_motif=AGGA;rbs_spacer=5-10bp;gc_cont=0.372
scf00000000:19087-21171|+   -            695 148at2085            -            586         0 1036.6  12.7   2   2  5.1e-205  8.8e-203  670.2   2.4   174   579   221   671   209   688 0.89 scf00000000_19 # 19087 # 21171 # 1 # ID=1_19;partial=00;start_type=ATG;rbs_motif=AGGA;rbs_spacer=5-10bp;gc_cont=0.372
scf00000000:24459-26255|-   -            599 148at2085            -            586     7e-42  138.9   0.2   1   3   2.7e-30   4.6e-28   93.3   0.1     1   150     7   153     7   164 0.92 scf00000000_22 # 24459 # 26255 # -1 # ID=1_22;partial=00;start_type=ATG;rbs_motif=None;rbs_spacer=None;gc_cont=0.343
scf00000000:24459-26255|-   -            599 148at2085            -            586     7e-42  138.9   0.2   2   3   1.3e-13   2.2e-11   38.2   0.0   218   415   163   375   154   381 0.75 scf00000000_22 # 24459 # 26255 # -1 # ID=1_22;partial=00;start_type=ATG;rbs_motif=None;rbs_spacer=None;gc_cont=0.343
scf00000000:24459-26255|-   -            599 148at2085            -            586     7e-42  138.9   0.2   3   3    0.0028      0.48    4.1   0.0   521   574   402   467   395   478 0.63 scf00000000_22 # 24459 # 26255 # -1 # ID=1_22;partial=00;start_type=ATG;rbs_motif=None;rbs_spacer=None;gc_cont=0.343
scf00000000:262202-264001|+ -            600 148at2085            -            586   4.4e-18   60.3   0.9   1   2   2.6e-20   4.4e-18   60.3   0.9    31   135   120   230   115   244 0.82 scf00000000_193 # 262202 # 264001 # 1 # ID=1_193;partial=00;start_type=ATG;rbs_motif=GGAG/GAGG;rbs_spacer=5-10bp;gc_cont=0.350
scf00000000:262202-264001|+ -            600 148at2085            -            586   4.4e-18   60.3   0.9   2   2       0.5        86   -3.4   0.1    45    70   379   404   369   455 0.69 scf00000000_193 # 262202 # 264001 # 1 # ID=1_193;partial=00;start_type=ATG;rbs_motif=GGAG/GAGG;rbs_spacer=5-10bp;gc_cont=0.350
scf00000000:327602-328810|+ -            403 148at2085            -            586   2.1e-15   51.5   1.7   1   2   2.2e-17   3.7e-15   50.6   0.3     2   130    20   147    19   168 0.90 scf00000000_246 # 327602 # 328810 # 1 # ID=1_246;partial=00;start_type=ATG;rbs_motif=AGGA;rbs_spacer=5-10bp;gc_cont=0.400
scf00000000:327602-328810|+ -            403 148at2085            -            586   2.1e-15   51.5   1.7   2   2     0.048       8.3   -0.0   0.1   220   326   195   303   148   317 0.66 scf00000000_246 # 327602 # 328810 # 1 # ID=1_246;partial=00;start_type=ATG;rbs_motif=AGGA;rbs_spacer=5-10bp;gc_cont=0.400
#
# Program:         hmmsearch
# Version:         3.4 (Aug 2023)
# Pipeline mode:   SEARCH
# Query file:      /home/lgef/Documentos/GitHub/Project_doctoral/IMPLEMENTACAO/Genomes/M_hyopneumoniae/MHP_ncbi_dataset/ncbi_dataset/data/strains/11/Use/busco_downloads/lineages/mycoplasmatales_odb10/hmms/148at2085.hmm
# Target file:     /home/lgef/Documentos/GitHub/Project_doctoral/IMPLEMENTACAO/Genomes/M_hyopneumoniae/MHP_ncbi_dataset/ncbi_dataset/data/strains/11/Use/busco_complete/prodigal_output/predicted_genes/predicted.faa
# Option settings: hmmsearch --domtblout /home/lgef/Documentos/GitHub/Project_doctoral/IMPLEMENTACAO/Genomes/M_hyopneumoniae/MHP_ncbi_dataset/ncbi_dataset/data/strains/11/Use/busco_complete/run_mycoplasmatales_odb10/hmmer_output/148at2085.out --cpu 1 /home/lgef/Documentos/GitHub/Project_doctoral/IMPLEMENTACAO/Genomes/M_hyopneumoniae/MHP_ncbi_dataset/ncbi_dataset/data/strains/11/Use/busco_downloads/lineages/mycoplasmatales_odb10/hmms/148at2085.hmm /home/lgef/Documentos/GitHub/Project_doctoral/IMPLEMENTACAO/Genomes/M_hyopneumoniae/MHP_ncbi_dataset/ncbi_dataset/data/strains/11/Use/busco_complete/prodigal_output/predicted_genes/predicted.faa 
# Current dir:     /home/lgef/Documentos/GitHub/Project_doctoral/IMPLEMENTACAO/Genomes/M_hyopneumoniae/MHP_ncbi_dataset/ncbi_dataset/data/strains/11/Use
# Date:            Thu Nov 28 19:31:43 2024
# [ok]
