#                                                                                   --- full sequence --- -------------- this domain -------------   hmm coord   ali coord   env coord
# target name               accession   tlen query name           accession   qlen   E-value  score  bias   #  of  c-Evalue  i-Evalue  score  bias  from    to  from    to  from    to  acc description of target
#       ------------------- ---------- ----- -------------------- ---------- ----- --------- ------ ----- --- --- --------- --------- ------ ----- ----- ----- ----- ----- ----- ----- ---- ---------------------
scf00000000:443075-443671|+ -            199 4324at2085           -            135   2.2e-41  136.4   3.5   1   1   5.6e-43   4.2e-41  135.4   3.5     2   134    24   190    23   191 0.78 scf00000000_327 # 443075 # 443671 # 1 # ID=1_327;partial=00;start_type=ATG;rbs_motif=None;rbs_spacer=None;gc_cont=0.298
scf00000000:26813-28114|-   -            434 4324at2085           -            135   1.2e-15   53.1   7.1   1   3   4.8e-10   3.7e-08   28.8   0.1    10    46     3    39     1   129 0.72 scf00000000_25 # 26813 # 28114 # -1 # ID=1_25;partial=00;start_type=ATG;rbs_motif=3Base/5BMM;rbs_spacer=13-15bp;gc_cont=0.291
scf00000000:26813-28114|-   -            434 4324at2085           -            135   1.2e-15   53.1   7.1   2   3   3.4e-09   2.6e-07   26.0   0.2    11    60   172   228   162   313 0.59 scf00000000_25 # 26813 # 28114 # -1 # ID=1_25;partial=00;start_type=ATG;rbs_motif=3Base/5BMM;rbs_spacer=13-15bp;gc_cont=0.291
scf00000000:26813-28114|-   -            434 4324at2085           -            135   1.2e-15   53.1   7.1   3   3      0.52        40   -0.5   0.4    25    82   353   412   334   421 0.72 scf00000000_25 # 26813 # 28114 # -1 # ID=1_25;partial=00;start_type=ATG;rbs_motif=3Base/5BMM;rbs_spacer=13-15bp;gc_cont=0.291
scf00000000:756554-757882|+ -            443 4324at2085           -            135   5.6e-08   28.2   4.2   1   2       4.7   3.5e+02   -3.5   0.0    27    49    93   115    88   124 0.63 scf00000000_555 # 756554 # 757882 # 1 # ID=1_555;partial=00;start_type=TTG;rbs_motif=AGGAG;rbs_spacer=5-10bp;gc_cont=0.314
scf00000000:756554-757882|+ -            443 4324at2085           -            135   5.6e-08   28.2   4.2   2   2   1.4e-09   1.1e-07   27.3   2.3    12   129   219   350   215   357 0.68 scf00000000_555 # 756554 # 757882 # 1 # ID=1_555;partial=00;start_type=TTG;rbs_motif=AGGAG;rbs_spacer=5-10bp;gc_cont=0.314
scf00000000:883347-884138|- -            264 4324at2085           -            135   1.3e-07   27.0  10.9   1   4     0.021       1.6    4.1   1.1    99   124    41    66    11    71 0.68 scf00000000_675 # 883347 # 884138 # -1 # ID=1_675;partial=00;start_type=ATG;rbs_motif=GGA/GAG/AGG;rbs_spacer=3-4bp;gc_cont=0.265
scf00000000:883347-884138|- -            264 4324at2085           -            135   1.3e-07   27.0  10.9   2   4      0.27        21    0.5   0.4    69   119    58   104    53   110 0.58 scf00000000_675 # 883347 # 884138 # -1 # ID=1_675;partial=00;start_type=ATG;rbs_motif=GGA/GAG/AGG;rbs_spacer=3-4bp;gc_cont=0.265
scf00000000:883347-884138|- -            264 4324at2085           -            135   1.3e-07   27.0  10.9   3   4   3.2e-09   2.5e-07   26.1   0.1    11    71   112   174   103   204 0.78 scf00000000_675 # 883347 # 884138 # -1 # ID=1_675;partial=00;start_type=ATG;rbs_motif=GGA/GAG/AGG;rbs_spacer=3-4bp;gc_cont=0.265
scf00000000:883347-884138|- -            264 4324at2085           -            135   1.3e-07   27.0  10.9   4   4      0.11       8.3    1.7   0.1    84   115   208   239   199   245 0.86 scf00000000_675 # 883347 # 884138 # -1 # ID=1_675;partial=00;start_type=ATG;rbs_motif=GGA/GAG/AGG;rbs_spacer=3-4bp;gc_cont=0.265
scf00000000:800307-801188|+ -            294 4324at2085           -            135   1.2e-06   23.9   3.4   1   1   4.1e-08   3.1e-06   22.6   3.4    12   115     9   129     3   141 0.63 scf00000000_607 # 800307 # 801188 # 1 # ID=1_607;partial=00;start_type=ATG;rbs_motif=None;rbs_spacer=None;gc_cont=0.291
scf00000000:803510-804367|+ -            286 4324at2085           -            135   6.1e-06   21.6   2.2   1   2       0.6        46   -0.7   0.2    96   117    99   120    87   142 0.60 scf00000000_611 # 803510 # 804367 # 1 # ID=1_611;partial=00;start_type=ATG;rbs_motif=3Base/5BMM;rbs_spacer=13-15bp;gc_cont=0.280
scf00000000:803510-804367|+ -            286 4324at2085           -            135   6.1e-06   21.6   2.2   2   2   1.1e-07   8.7e-06   21.1   0.2    13    77   156   232   148   241 0.74 scf00000000_611 # 803510 # 804367 # 1 # ID=1_611;partial=00;start_type=ATG;rbs_motif=3Base/5BMM;rbs_spacer=13-15bp;gc_cont=0.280
scf00000000:64279-65538|-   -            420 4324at2085           -            135   0.00017   16.9   0.1   1   1   6.3e-06   0.00048   15.5   0.1    10   121   157   273   152   283 0.79 scf00000000_56 # 64279 # 65538 # -1 # ID=1_56;partial=00;start_type=ATG;rbs_motif=AGGA;rbs_spacer=5-10bp;gc_cont=0.308
scf00000000:262202-264001|+ -            600 4324at2085           -            135   0.00036   15.9   0.1   1   3       1.3        99   -1.7   0.1    77   115    30    68    16    78 0.77 scf00000000_193 # 262202 # 264001 # 1 # ID=1_193;partial=00;start_type=ATG;rbs_motif=GGAG/GAGG;rbs_spacer=5-10bp;gc_cont=0.350
scf00000000:262202-264001|+ -            600 4324at2085           -            135   0.00036   15.9   0.1   2   3   4.7e-06   0.00036   15.9   0.1    12   123   116   236   112   245 0.79 scf00000000_193 # 262202 # 264001 # 1 # ID=1_193;partial=00;start_type=ATG;rbs_motif=GGAG/GAGG;rbs_spacer=5-10bp;gc_cont=0.350
scf00000000:262202-264001|+ -            600 4324at2085           -            135   0.00036   15.9   0.1   3   3       2.5   1.9e+02   -2.7   0.1    90   116   468   494   448   500 0.74 scf00000000_193 # 262202 # 264001 # 1 # ID=1_193;partial=00;start_type=ATG;rbs_motif=GGAG/GAGG;rbs_spacer=5-10bp;gc_cont=0.350
scf00000000:874741-877584|+ -            948 4324at2085           -            135    0.0048   12.2   1.9   1   2     0.085       6.5    2.1   0.0    10    29    32    52    24    59 0.80 scf00000000_669 # 874741 # 877584 # 1 # ID=1_669;partial=00;start_type=ATG;rbs_motif=None;rbs_spacer=None;gc_cont=0.328
scf00000000:874741-877584|+ -            948 4324at2085           -            135    0.0048   12.2   1.9   2   2    0.0016      0.12    7.7   0.4    12    36   641   665   637   676 0.89 scf00000000_669 # 874741 # 877584 # 1 # ID=1_669;partial=00;start_type=ATG;rbs_motif=None;rbs_spacer=None;gc_cont=0.328
#
# Program:         hmmsearch
# Version:         3.4 (Aug 2023)
# Pipeline mode:   SEARCH
# Query file:      /home/lgef/Documentos/GitHub/Project_doctoral/IMPLEMENTACAO/Genomes/M_hyopneumoniae/MHP_ncbi_dataset/ncbi_dataset/data/strains/11/Use/busco_downloads/lineages/mycoplasmatales_odb10/hmms/4324at2085.hmm
# Target file:     /home/lgef/Documentos/GitHub/Project_doctoral/IMPLEMENTACAO/Genomes/M_hyopneumoniae/MHP_ncbi_dataset/ncbi_dataset/data/strains/11/Use/busco_complete/prodigal_output/predicted_genes/predicted.faa
# Option settings: hmmsearch --domtblout /home/lgef/Documentos/GitHub/Project_doctoral/IMPLEMENTACAO/Genomes/M_hyopneumoniae/MHP_ncbi_dataset/ncbi_dataset/data/strains/11/Use/busco_complete/run_mycoplasmatales_odb10/hmmer_output/4324at2085.out --cpu 1 /home/lgef/Documentos/GitHub/Project_doctoral/IMPLEMENTACAO/Genomes/M_hyopneumoniae/MHP_ncbi_dataset/ncbi_dataset/data/strains/11/Use/busco_downloads/lineages/mycoplasmatales_odb10/hmms/4324at2085.hmm /home/lgef/Documentos/GitHub/Project_doctoral/IMPLEMENTACAO/Genomes/M_hyopneumoniae/MHP_ncbi_dataset/ncbi_dataset/data/strains/11/Use/busco_complete/prodigal_output/predicted_genes/predicted.faa 
# Current dir:     /home/lgef/Documentos/GitHub/Project_doctoral/IMPLEMENTACAO/Genomes/M_hyopneumoniae/MHP_ncbi_dataset/ncbi_dataset/data/strains/11/Use
# Date:            Thu Nov 28 19:31:45 2024
# [ok]
