#                                                                                   --- full sequence --- -------------- this domain -------------   hmm coord   ali coord   env coord
# target name               accession   tlen query name           accession   qlen   E-value  score  bias   #  of  c-Evalue  i-Evalue  score  bias  from    to  from    to  from    to  acc description of target
#       ------------------- ---------- ----- -------------------- ---------- ----- --------- ------ ----- --- --- --------- --------- ------ ----- ----- ----- ----- ----- ----- ----- ---- ---------------------
scf00000000:170912-173284|+ -            791 462at2085            -            610    6e-223  737.0  34.8   1   4  5.7e-121  9.8e-119  392.9   5.2     2   269     3   279     2   297 0.91 scf00000000_129 # 170912 # 173284 # 1 # ID=1_129;partial=00;start_type=ATG;rbs_motif=GGA/GAG/AGG;rbs_spacer=5-10bp;gc_cont=0.308
scf00000000:170912-173284|+ -            791 462at2085            -            610    6e-223  737.0  34.8   2   4    0.0078       1.3    2.7   0.0   257   311   303   363   292   370 0.73 scf00000000_129 # 170912 # 173284 # 1 # ID=1_129;partial=00;start_type=ATG;rbs_motif=GGA/GAG/AGG;rbs_spacer=5-10bp;gc_cont=0.308
scf00000000:170912-173284|+ -            791 462at2085            -            610    6e-223  737.0  34.8   3   4   7.1e-98   1.2e-95  316.6   2.2   291   517   380   620   367   645 0.87 scf00000000_129 # 170912 # 173284 # 1 # ID=1_129;partial=00;start_type=ATG;rbs_motif=GGA/GAG/AGG;rbs_spacer=5-10bp;gc_cont=0.308
scf00000000:170912-173284|+ -            791 462at2085            -            610    6e-223  737.0  34.8   4   4   2.1e-12   3.6e-10   34.3  10.6   511   610   649   788   631   788 0.75 scf00000000_129 # 170912 # 173284 # 1 # ID=1_129;partial=00;start_type=ATG;rbs_motif=GGA/GAG/AGG;rbs_spacer=5-10bp;gc_cont=0.308
scf00000000:127299-129767|- -            823 462at2085            -            610   1.3e-37  124.9  39.2   1   5   2.4e-21   4.1e-19   63.8   5.7     1   178     5   194     5   209 0.79 scf00000000_104 # 127299 # 129767 # -1 # ID=1_104;partial=00;start_type=ATG;rbs_motif=AGGA;rbs_spacer=5-10bp;gc_cont=0.299
scf00000000:127299-129767|- -            823 462at2085            -            610   1.3e-37  124.9  39.2   2   5      0.18        31   -1.8   0.1   226   273   205   255   191   295 0.66 scf00000000_104 # 127299 # 129767 # -1 # ID=1_104;partial=00;start_type=ATG;rbs_motif=AGGA;rbs_spacer=5-10bp;gc_cont=0.299
scf00000000:127299-129767|- -            823 462at2085            -            610   1.3e-37  124.9  39.2   3   5   3.8e-05    0.0065   10.3   0.2   136   214   310   390   305   393 0.77 scf00000000_104 # 127299 # 129767 # -1 # ID=1_104;partial=00;start_type=ATG;rbs_motif=AGGA;rbs_spacer=5-10bp;gc_cont=0.299
scf00000000:127299-129767|- -            823 462at2085            -            610   1.3e-37  124.9  39.2   4   5   1.2e-19   2.1e-17   58.2  10.4   304   519   386   570   372   625 0.81 scf00000000_104 # 127299 # 129767 # -1 # ID=1_104;partial=00;start_type=ATG;rbs_motif=AGGA;rbs_spacer=5-10bp;gc_cont=0.299
scf00000000:127299-129767|- -            823 462at2085            -            610   1.3e-37  124.9  39.2   5   5    0.0095       1.6    2.4   2.8   529   606   644   720   626   728 0.77 scf00000000_104 # 127299 # 129767 # -1 # ID=1_104;partial=00;start_type=ATG;rbs_motif=AGGA;rbs_spacer=5-10bp;gc_cont=0.299
scf00000000:79271-81931|+   -            887 462at2085            -            610   2.3e-34  114.2  28.7   1   4   1.1e-23   1.9e-21   71.6   0.5     5   166    25   199    21   206 0.85 scf00000000_66 # 79271 # 81931 # 1 # ID=1_66;partial=00;start_type=ATG;rbs_motif=AGGA;rbs_spacer=5-10bp;gc_cont=0.306
scf00000000:79271-81931|+   -            887 462at2085            -            610   2.3e-34  114.2  28.7   2   4      0.14        25   -1.5   0.1   141   203   219   277   214   284 0.74 scf00000000_66 # 79271 # 81931 # 1 # ID=1_66;partial=00;start_type=ATG;rbs_motif=AGGA;rbs_spacer=5-10bp;gc_cont=0.306
scf00000000:79271-81931|+   -            887 462at2085            -            610   2.3e-34  114.2  28.7   3   4   1.2e-17     2e-15   51.6   4.5   230   488   372   615   358   652 0.72 scf00000000_66 # 79271 # 81931 # 1 # ID=1_66;partial=00;start_type=ATG;rbs_motif=AGGA;rbs_spacer=5-10bp;gc_cont=0.306
scf00000000:79271-81931|+   -            887 462at2085            -            610   2.3e-34  114.2  28.7   4   4     0.059        10   -0.2   4.1   525   571   730   775   676   817 0.65 scf00000000_66 # 79271 # 81931 # 1 # ID=1_66;partial=00;start_type=ATG;rbs_motif=AGGA;rbs_spacer=5-10bp;gc_cont=0.306
scf00000000:506677-508218|- -            514 462at2085            -            610   1.9e-24   81.4  16.5   1   3   1.4e-19   2.5e-17   57.9   5.9    25   198     2   178     1   214 0.87 scf00000000_362 # 506677 # 508218 # -1 # ID=1_362;partial=00;start_type=ATG;rbs_motif=GGA/GAG/AGG;rbs_spacer=5-10bp;gc_cont=0.270
scf00000000:506677-508218|- -            514 462at2085            -            610   1.9e-24   81.4  16.5   2   3   2.6e-11   4.4e-09   30.7   0.8   356   508   212   354   184   391 0.78 scf00000000_362 # 506677 # 508218 # -1 # ID=1_362;partial=00;start_type=ATG;rbs_motif=GGA/GAG/AGG;rbs_spacer=5-10bp;gc_cont=0.270
scf00000000:506677-508218|- -            514 462at2085            -            610   1.9e-24   81.4  16.5   3   3      0.18        30   -1.8   0.1   530   563   458   491   405   503 0.72 scf00000000_362 # 506677 # 508218 # -1 # ID=1_362;partial=00;start_type=ATG;rbs_motif=GGA/GAG/AGG;rbs_spacer=5-10bp;gc_cont=0.270
#
# Program:         hmmsearch
# Version:         3.4 (Aug 2023)
# Pipeline mode:   SEARCH
# Query file:      /home/lgef/Documentos/GitHub/Project_doctoral/IMPLEMENTACAO/Genomes/M_hyopneumoniae/MHP_ncbi_dataset/ncbi_dataset/data/strains/11/Use/busco_downloads/lineages/mycoplasmatales_odb10/hmms/462at2085.hmm
# Target file:     /home/lgef/Documentos/GitHub/Project_doctoral/IMPLEMENTACAO/Genomes/M_hyopneumoniae/MHP_ncbi_dataset/ncbi_dataset/data/strains/11/Use/busco_complete/prodigal_output/predicted_genes/predicted.faa
# Option settings: hmmsearch --domtblout /home/lgef/Documentos/GitHub/Project_doctoral/IMPLEMENTACAO/Genomes/M_hyopneumoniae/MHP_ncbi_dataset/ncbi_dataset/data/strains/11/Use/busco_complete/run_mycoplasmatales_odb10/hmmer_output/462at2085.out --cpu 1 /home/lgef/Documentos/GitHub/Project_doctoral/IMPLEMENTACAO/Genomes/M_hyopneumoniae/MHP_ncbi_dataset/ncbi_dataset/data/strains/11/Use/busco_downloads/lineages/mycoplasmatales_odb10/hmms/462at2085.hmm /home/lgef/Documentos/GitHub/Project_doctoral/IMPLEMENTACAO/Genomes/M_hyopneumoniae/MHP_ncbi_dataset/ncbi_dataset/data/strains/11/Use/busco_complete/prodigal_output/predicted_genes/predicted.faa 
# Current dir:     /home/lgef/Documentos/GitHub/Project_doctoral/IMPLEMENTACAO/Genomes/M_hyopneumoniae/MHP_ncbi_dataset/ncbi_dataset/data/strains/11/Use
# Date:            Thu Nov 28 19:31:45 2024
# [ok]
