#                                                                                     --- full sequence --- -------------- this domain -------------   hmm coord   ali coord   env coord
# target name                 accession   tlen query name           accession   qlen   E-value  score  bias   #  of  c-Evalue  i-Evalue  score  bias  from    to  from    to  from    to  acc description of target
#         ------------------- ---------- ----- -------------------- ---------- ----- --------- ------ ----- --- --- --------- --------- ------ ----- ----- ----- ----- ----- ----- ----- ---- ---------------------
NZ_LR214992.1:463462-464796|- -            445 1064at2085           -            350  9.3e-149  490.6  19.1   1   2     1e-56   2.1e-55  183.6   0.3     1   127    10   136    10   144 0.91 NZ_LR214992.1_340 # 463462 # 464796 # -1 # ID=1_340;partial=00;start_type=ATG;rbs_motif=GGA/GAG/AGG;rbs_spacer=11-12bp;gc_cont=0.303
NZ_LR214992.1:463462-464796|- -            445 1064at2085           -            350  9.3e-149  490.6  19.1   2   2   6.5e-95   1.3e-93  309.2  13.5   100   349   147   441   139   442 0.82 NZ_LR214992.1_340 # 463462 # 464796 # -1 # ID=1_340;partial=00;start_type=ATG;rbs_motif=GGA/GAG/AGG;rbs_spacer=11-12bp;gc_cont=0.303
NZ_LR214992.1:231324-233501|+ -            726 1064at2085           -            350   5.6e-79  261.1   7.7   1   2   1.5e-35     3e-34  113.9   0.2     2   132    39   176    38   225 0.75 NZ_LR214992.1_186 # 231324 # 233501 # 1 # ID=1_186;partial=00;start_type=ATG;rbs_motif=GGA/GAG/AGG;rbs_spacer=5-10bp;gc_cont=0.303
NZ_LR214992.1:231324-233501|+ -            726 1064at2085           -            350   5.6e-79  261.1   7.7   2   2   3.6e-49   7.3e-48  158.7   2.5   104   289   435   621   422   635 0.85 NZ_LR214992.1_186 # 231324 # 233501 # 1 # ID=1_186;partial=00;start_type=ATG;rbs_motif=GGA/GAG/AGG;rbs_spacer=5-10bp;gc_cont=0.303
NZ_LR214993.1:82988-84517|-   -            510 1064at2085           -            350   1.6e-49  164.2  10.1   1   4   4.7e-15   9.4e-14   46.6   0.1     2    99    11   116    10   121 0.89 NZ_LR214993.1_72 # 82988 # 84517 # -1 # ID=2_72;partial=00;start_type=TTG;rbs_motif=AGGAGG;rbs_spacer=5-10bp;gc_cont=0.319
NZ_LR214993.1:82988-84517|-   -            510 1064at2085           -            350   1.6e-49  164.2  10.1   2   4   2.7e-15   5.4e-14   47.3   0.4   153   256   127   229   116   251 0.92 NZ_LR214993.1_72 # 82988 # 84517 # -1 # ID=2_72;partial=00;start_type=TTG;rbs_motif=AGGAGG;rbs_spacer=5-10bp;gc_cont=0.319
NZ_LR214993.1:82988-84517|-   -            510 1064at2085           -            350   1.6e-49  164.2  10.1   3   4   0.00051      0.01   10.3   0.0    16    67   280   331   273   343 0.90 NZ_LR214993.1_72 # 82988 # 84517 # -1 # ID=2_72;partial=00;start_type=TTG;rbs_motif=AGGAGG;rbs_spacer=5-10bp;gc_cont=0.319
NZ_LR214993.1:82988-84517|-   -            510 1064at2085           -            350   1.6e-49  164.2  10.1   4   4     2e-20   3.9e-19   64.3   0.2   150   259   381   490   374   502 0.90 NZ_LR214993.1_72 # 82988 # 84517 # -1 # ID=2_72;partial=00;start_type=TTG;rbs_motif=AGGAGG;rbs_spacer=5-10bp;gc_cont=0.319
NZ_LR214992.1:422628-424166|+ -            513 1064at2085           -            350   8.1e-49  161.9  17.2   1   4   2.4e-12   4.8e-11   37.6   0.1     1    97     6   107     6   117 0.84 NZ_LR214992.1_311 # 422628 # 424166 # 1 # ID=1_311;partial=00;start_type=TTG;rbs_motif=AGGA;rbs_spacer=5-10bp;gc_cont=0.321
NZ_LR214992.1:422628-424166|+ -            513 1064at2085           -            350   8.1e-49  161.9  17.2   2   4   4.5e-20     9e-19   63.1   0.7   150   272   116   237   109   247 0.92 NZ_LR214992.1_311 # 422628 # 424166 # 1 # ID=1_311;partial=00;start_type=TTG;rbs_motif=AGGA;rbs_spacer=5-10bp;gc_cont=0.321
NZ_LR214992.1:422628-424166|+ -            513 1064at2085           -            350   8.1e-49  161.9  17.2   3   4   5.7e-08   1.1e-06   23.2   0.2    12    73   278   341   264   369 0.81 NZ_LR214992.1_311 # 422628 # 424166 # 1 # ID=1_311;partial=00;start_type=TTG;rbs_motif=AGGA;rbs_spacer=5-10bp;gc_cont=0.321
NZ_LR214992.1:422628-424166|+ -            513 1064at2085           -            350   8.1e-49  161.9  17.2   4   4   2.4e-15   4.8e-14   47.5   1.7   159   262   391   495   376   502 0.86 NZ_LR214992.1_311 # 422628 # 424166 # 1 # ID=1_311;partial=00;start_type=TTG;rbs_motif=AGGA;rbs_spacer=5-10bp;gc_cont=0.321
NZ_LR214992.1:248038-249198|+ -            387 1064at2085           -            350   1.2e-47  158.1  14.0   1   1   1.4e-48   2.7e-47  156.9  14.0     2   294     8   310     7   356 0.77 NZ_LR214992.1_196 # 248038 # 249198 # 1 # ID=1_196;partial=00;start_type=ATG;rbs_motif=3Base/5BMM;rbs_spacer=13-15bp;gc_cont=0.258
NZ_LR214992.1:333241-334137|- -            299 1064at2085           -            350   1.9e-35  117.9   4.1   1   2   9.3e-21   1.9e-19   65.3   1.0     1   107    60   176    60   194 0.79 NZ_LR214992.1_249 # 333241 # 334137 # -1 # ID=1_249;partial=00;start_type=GTG;rbs_motif=AGGAG;rbs_spacer=5-10bp;gc_cont=0.353
NZ_LR214992.1:333241-334137|- -            299 1064at2085           -            350   1.9e-35  117.9   4.1   2   2   2.1e-17   4.2e-16   54.3   0.1   160   258   180   277   177   284 0.89 NZ_LR214992.1_249 # 333241 # 334137 # -1 # ID=1_249;partial=00;start_type=GTG;rbs_motif=AGGAG;rbs_spacer=5-10bp;gc_cont=0.353
NZ_LR214993.1:108469-109800|- -            444 1064at2085           -            350   3.8e-35  116.9   3.2   1   2   1.5e-10     3e-09   31.8   0.2     3   103    45   160    43   184 0.73 NZ_LR214993.1_88 # 108469 # 109800 # -1 # ID=2_88;partial=00;start_type=ATG;rbs_motif=GGAG/GAGG;rbs_spacer=5-10bp;gc_cont=0.291
NZ_LR214993.1:108469-109800|- -            444 1064at2085           -            350   3.8e-35  116.9   3.2   2   2   6.2e-27   1.2e-25   85.6   0.2   140   267   242   369   200   375 0.86 NZ_LR214993.1_88 # 108469 # 109800 # -1 # ID=2_88;partial=00;start_type=ATG;rbs_motif=GGAG/GAGG;rbs_spacer=5-10bp;gc_cont=0.291
NZ_LR214993.1:45872-46690|-   -            273 1064at2085           -            350     1e-33  112.2   7.7   1   2   1.1e-14   2.2e-13   45.4   1.9     2   104     2   110     1   117 0.83 NZ_LR214993.1_41 # 45872 # 46690 # -1 # ID=2_41;partial=00;start_type=ATG;rbs_motif=GGA/GAG/AGG;rbs_spacer=5-10bp;gc_cont=0.302
NZ_LR214993.1:45872-46690|-   -            273 1064at2085           -            350     1e-33  112.2   7.7   2   2   1.5e-22     3e-21   71.2   0.8   153   271   112   229   106   245 0.94 NZ_LR214993.1_41 # 45872 # 46690 # -1 # ID=2_41;partial=00;start_type=ATG;rbs_motif=GGA/GAG/AGG;rbs_spacer=5-10bp;gc_cont=0.302
NZ_LR214992.1:161445-163397|+ -            651 1064at2085           -            350   4.7e-33  110.0  10.3   1   2   4.8e-19   9.5e-18   59.7   3.2     1    95     1    93     1    98 0.93 NZ_LR214992.1_131 # 161445 # 163397 # 1 # ID=1_131;partial=00;start_type=ATG;rbs_motif=GGA/GAG/AGG;rbs_spacer=5-10bp;gc_cont=0.245
NZ_LR214992.1:161445-163397|+ -            651 1064at2085           -            350   4.7e-33  110.0  10.3   2   2   2.8e-17   5.6e-16   53.9   0.7   146   260    99   208    93   235 0.81 NZ_LR214992.1_131 # 161445 # 163397 # 1 # ID=1_131;partial=00;start_type=ATG;rbs_motif=GGA/GAG/AGG;rbs_spacer=5-10bp;gc_cont=0.245
NZ_LR214993.1:44997-45899|-   -            301 1064at2085           -            350   1.9e-32  108.0   2.5   1   2   9.9e-12     2e-10   35.6   2.2     2   106     3   132     2   138 0.65 NZ_LR214993.1_40 # 44997 # 45899 # -1 # ID=2_40;partial=00;start_type=ATG;rbs_motif=GGA/GAG/AGG;rbs_spacer=5-10bp;gc_cont=0.309
NZ_LR214993.1:44997-45899|-   -            301 1064at2085           -            350   1.9e-32  108.0   2.5   2   2   1.1e-21   2.2e-20   68.4   0.0   152   282   131   261   125   294 0.86 NZ_LR214993.1_40 # 44997 # 45899 # -1 # ID=2_40;partial=00;start_type=ATG;rbs_motif=GGA/GAG/AGG;rbs_spacer=5-10bp;gc_cont=0.309
NZ_LR214992.1:190163-192550|- -            796 1064at2085           -            350     4e-32  107.0   9.2   1   2   4.7e-19   9.3e-18   59.7   2.5     1   111     1   108     1   123 0.86 NZ_LR214992.1_157 # 190163 # 192550 # -1 # ID=1_157;partial=00;start_type=ATG;rbs_motif=None;rbs_spacer=None;gc_cont=0.249
NZ_LR214992.1:190163-192550|- -            796 1064at2085           -            350     4e-32  107.0   9.2   2   2     2e-16     4e-15   51.1   1.0   170   266   119   213   104   219 0.88 NZ_LR214992.1_157 # 190163 # 192550 # -1 # ID=1_157;partial=00;start_type=ATG;rbs_motif=None;rbs_spacer=None;gc_cont=0.249
NZ_LR214992.1:142457-144421|- -            655 1064at2085           -            350     4e-30  100.4   9.3   1   2     5e-19   9.9e-18   59.6   5.0     1   126     1   127     1   128 0.86 NZ_LR214992.1_121 # 142457 # 144421 # -1 # ID=1_121;partial=00;start_type=ATG;rbs_motif=GGA/GAG/AGG;rbs_spacer=5-10bp;gc_cont=0.248
NZ_LR214992.1:142457-144421|- -            655 1064at2085           -            350     4e-30  100.4   9.3   2   2   1.4e-14   2.8e-13   45.0   0.3   172   266   122   214   115   249 0.88 NZ_LR214992.1_121 # 142457 # 144421 # -1 # ID=1_121;partial=00;start_type=ATG;rbs_motif=GGA/GAG/AGG;rbs_spacer=5-10bp;gc_cont=0.248
NZ_LR214992.1:20052-22328|-   -            759 1064at2085           -            350   6.1e-30   99.8   8.8   1   2   2.8e-19   5.6e-18   60.4   5.3     1   112     1   109     1   125 0.83 NZ_LR214992.1_20 # 20052 # 22328 # -1 # ID=1_20;partial=00;start_type=ATG;rbs_motif=None;rbs_spacer=None;gc_cont=0.249
NZ_LR214992.1:20052-22328|-   -            759 1064at2085           -            350   6.1e-30   99.8   8.8   2   2   2.2e-13   4.4e-12   41.1   0.3   170   258   119   205    99   220 0.89 NZ_LR214992.1_20 # 20052 # 22328 # -1 # ID=1_20;partial=00;start_type=ATG;rbs_motif=None;rbs_spacer=None;gc_cont=0.249
NZ_LR214992.1:30535-32862|-   -            776 1064at2085           -            350   1.1e-29   98.9  16.2   1   3   8.8e-20   1.8e-18   62.1   2.9     1   113     1   110     1   121 0.87 NZ_LR214992.1_25 # 30535 # 32862 # -1 # ID=1_25;partial=00;start_type=ATG;rbs_motif=None;rbs_spacer=None;gc_cont=0.261
NZ_LR214992.1:30535-32862|-   -            776 1064at2085           -            350   1.1e-29   98.9  16.2   2   3   4.5e-15   8.9e-14   46.6   0.4   171   258   120   205   108   220 0.91 NZ_LR214992.1_25 # 30535 # 32862 # -1 # ID=1_25;partial=00;start_type=ATG;rbs_motif=None;rbs_spacer=None;gc_cont=0.261
NZ_LR214992.1:30535-32862|-   -            776 1064at2085           -            350   1.1e-29   98.9  16.2   3   3       5.3   1.1e+02   -2.9   1.0    95   146   404   451   401   492 0.53 NZ_LR214992.1_25 # 30535 # 32862 # -1 # ID=1_25;partial=00;start_type=ATG;rbs_motif=None;rbs_spacer=None;gc_cont=0.261
NZ_LR214992.1:24838-27165|-   -            776 1064at2085           -            350   1.6e-29   98.4   9.5   1   2   9.1e-19   1.8e-17   58.8   4.6     2   115     2   112     1   123 0.85 NZ_LR214992.1_22 # 24838 # 27165 # -1 # ID=1_22;partial=00;start_type=ATG;rbs_motif=None;rbs_spacer=None;gc_cont=0.264
NZ_LR214992.1:24838-27165|-   -            776 1064at2085           -            350   1.6e-29   98.4   9.5   2   2   6.5e-14   1.3e-12   42.8   0.7   165   262   113   211    97   232 0.82 NZ_LR214992.1_22 # 24838 # 27165 # -1 # ID=1_22;partial=00;start_type=ATG;rbs_motif=None;rbs_spacer=None;gc_cont=0.264
NZ_LR214993.1:13424-14122|+   -            233 1064at2085           -            350     2e-29   98.1   8.6   1   2   2.8e-20   5.6e-19   63.7   4.5     1   124     1   124     1   127 0.82 NZ_LR214993.1_15 # 13424 # 14122 # 1 # ID=2_15;partial=00;start_type=ATG;rbs_motif=None;rbs_spacer=None;gc_cont=0.260
NZ_LR214993.1:13424-14122|+   -            233 1064at2085           -            350     2e-29   98.1   8.6   2   2   1.1e-12   2.3e-11   38.7   0.4   170   254   119   201   106   217 0.86 NZ_LR214993.1_15 # 13424 # 14122 # 1 # ID=2_15;partial=00;start_type=ATG;rbs_motif=None;rbs_spacer=None;gc_cont=0.260
NZ_LR214992.1:403375-405699|- -            775 1064at2085           -            350   4.9e-29   96.8  14.6   1   4   9.7e-08   1.9e-06   22.5   7.8     8   113    15   124     5   201 0.80 NZ_LR214992.1_297 # 403375 # 405699 # -1 # ID=1_297;partial=00;start_type=ATG;rbs_motif=None;rbs_spacer=None;gc_cont=0.279
NZ_LR214992.1:403375-405699|- -            775 1064at2085           -            350   4.9e-29   96.8  14.6   2   4       8.1   1.6e+02   -3.6   3.8    69   166   186   283   161   318 0.59 NZ_LR214992.1_297 # 403375 # 405699 # -1 # ID=1_297;partial=00;start_type=ATG;rbs_motif=None;rbs_spacer=None;gc_cont=0.279
NZ_LR214992.1:403375-405699|- -            775 1064at2085           -            350   4.9e-29   96.8  14.6   3   4       2.7        54   -2.0   1.9    71   145   313   389   301   422 0.55 NZ_LR214992.1_297 # 403375 # 405699 # -1 # ID=1_297;partial=00;start_type=ATG;rbs_motif=None;rbs_spacer=None;gc_cont=0.279
NZ_LR214992.1:403375-405699|- -            775 1064at2085           -            350   4.9e-29   96.8  14.6   4   4   1.9e-27   3.8e-26   87.3   0.5   145   271   582   709   524   719 0.80 NZ_LR214992.1_297 # 403375 # 405699 # -1 # ID=1_297;partial=00;start_type=ATG;rbs_motif=None;rbs_spacer=None;gc_cont=0.279
NZ_LR214992.1:405699-406751|- -            351 1064at2085           -            350   1.2e-28   95.6   0.7   1   2   8.5e-08   1.7e-06   22.7   0.2    11    72    26    88     9    94 0.78 NZ_LR214992.1_298 # 405699 # 406751 # -1 # ID=1_298;partial=00;start_type=ATG;rbs_motif=GGxGG;rbs_spacer=5-10bp;gc_cont=0.330
NZ_LR214992.1:405699-406751|- -            351 1064at2085           -            350   1.2e-28   95.6   0.7   2   2   1.3e-22   2.6e-21   71.4   0.0   153   271   133   254   121   263 0.89 NZ_LR214992.1_298 # 405699 # 406751 # -1 # ID=1_298;partial=00;start_type=ATG;rbs_motif=GGxGG;rbs_spacer=5-10bp;gc_cont=0.330
NZ_LR214992.1:144498-146780|- -            761 1064at2085           -            350   1.1e-27   92.4  17.2   1   3   4.6e-18   9.2e-17   56.4   4.3     1    95     1    92     1    96 0.90 NZ_LR214992.1_122 # 144498 # 146780 # -1 # ID=1_122;partial=00;start_type=ATG;rbs_motif=GGA/GAG/AGG;rbs_spacer=5-10bp;gc_cont=0.251
NZ_LR214992.1:144498-146780|- -            761 1064at2085           -            350   1.1e-27   92.4  17.2   2   3   4.9e-14   9.8e-13   43.2   1.7   143   279    95   226    92   258 0.83 NZ_LR214992.1_122 # 144498 # 146780 # -1 # ID=1_122;partial=00;start_type=ATG;rbs_motif=GGA/GAG/AGG;rbs_spacer=5-10bp;gc_cont=0.251
NZ_LR214992.1:144498-146780|- -            761 1064at2085           -            350   1.1e-27   92.4  17.2   3   3       1.8        36   -1.4   0.1    84   122   276   321   269   349 0.51 NZ_LR214992.1_122 # 144498 # 146780 # -1 # ID=1_122;partial=00;start_type=ATG;rbs_motif=GGA/GAG/AGG;rbs_spacer=5-10bp;gc_cont=0.251
NZ_LR214993.1:114950-116566|+ -            539 1064at2085           -            350   1.2e-27   92.3   4.3   1   4   2.5e-13   4.9e-12   40.9   0.7     1    64     1    64     1   115 0.83 NZ_LR214993.1_93 # 114950 # 116566 # 1 # ID=2_93;partial=00;start_type=ATG;rbs_motif=AGGA;rbs_spacer=5-10bp;gc_cont=0.331
NZ_LR214993.1:114950-116566|+ -            539 1064at2085           -            350   1.2e-27   92.3   4.3   2   4   2.2e-09   4.3e-08   27.9   0.0   171   261   148   234   130   281 0.84 NZ_LR214993.1_93 # 114950 # 116566 # 1 # ID=2_93;partial=00;start_type=ATG;rbs_motif=AGGA;rbs_spacer=5-10bp;gc_cont=0.331
NZ_LR214993.1:114950-116566|+ -            539 1064at2085           -            350   1.2e-27   92.3   4.3   3   4     0.012      0.23    5.8   0.0    14    60   334   380   321   395 0.87 NZ_LR214993.1_93 # 114950 # 116566 # 1 # ID=2_93;partial=00;start_type=ATG;rbs_motif=AGGA;rbs_spacer=5-10bp;gc_cont=0.331
NZ_LR214993.1:114950-116566|+ -            539 1064at2085           -            350   1.2e-27   92.3   4.3   4   4   1.7e-05   0.00033   15.1   0.0   174   223   443   492   418   535 0.78 NZ_LR214993.1_93 # 114950 # 116566 # 1 # ID=2_93;partial=00;start_type=ATG;rbs_motif=AGGA;rbs_spacer=5-10bp;gc_cont=0.331
NZ_LR214992.1:159037-161355|+ -            773 1064at2085           -            350   2.1e-27   91.4  14.5   1   3   3.6e-17   7.2e-16   53.5   3.2     1    95     1    93     1   103 0.93 NZ_LR214992.1_130 # 159037 # 161355 # 1 # ID=1_130;partial=00;start_type=ATG;rbs_motif=None;rbs_spacer=None;gc_cont=0.262
NZ_LR214992.1:159037-161355|+ -            773 1064at2085           -            350   2.1e-27   91.4  14.5   2   3   1.4e-14   2.7e-13   45.0   1.4   151   268   100   216    93   240 0.84 NZ_LR214992.1_130 # 159037 # 161355 # 1 # ID=1_130;partial=00;start_type=ATG;rbs_motif=None;rbs_spacer=None;gc_cont=0.262
NZ_LR214992.1:159037-161355|+ -            773 1064at2085           -            350   2.1e-27   91.4  14.5   3   3       5.8   1.1e+02   -3.1   0.1    32    94   547   606   528   612 0.68 NZ_LR214992.1_130 # 159037 # 161355 # 1 # ID=1_130;partial=00;start_type=ATG;rbs_motif=None;rbs_spacer=None;gc_cont=0.262
NZ_LR214992.1:539529-541061|+ -            511 1064at2085           -            350   7.2e-27   89.7  18.3   1   4     7e-13   1.4e-11   39.4   0.9     2   119    14   136    13   151 0.86 NZ_LR214992.1_401 # 539529 # 541061 # 1 # ID=1_401;partial=00;start_type=GTG;rbs_motif=GGA/GAG/AGG;rbs_spacer=11-12bp;gc_cont=0.324
NZ_LR214992.1:539529-541061|+ -            511 1064at2085           -            350   7.2e-27   89.7  18.3   2   4   5.3e-06   0.00011   16.8   1.6   155   258   126   228   120   273 0.79 NZ_LR214992.1_401 # 539529 # 541061 # 1 # ID=1_401;partial=00;start_type=GTG;rbs_motif=GGA/GAG/AGG;rbs_spacer=11-12bp;gc_cont=0.324
NZ_LR214992.1:539529-541061|+ -            511 1064at2085           -            350   7.2e-27   89.7  18.3   3   4    0.0036     0.072    7.5   0.2    17    69   280   331   267   336 0.84 NZ_LR214992.1_401 # 539529 # 541061 # 1 # ID=1_401;partial=00;start_type=GTG;rbs_motif=GGA/GAG/AGG;rbs_spacer=11-12bp;gc_cont=0.324
NZ_LR214992.1:539529-541061|+ -            511 1064at2085           -            350   7.2e-27   89.7  18.3   4   4   1.8e-12   3.6e-11   38.0   0.6   145   260   375   493   359   503 0.76 NZ_LR214992.1_401 # 539529 # 541061 # 1 # ID=1_401;partial=00;start_type=GTG;rbs_motif=GGA/GAG/AGG;rbs_spacer=11-12bp;gc_cont=0.324
NZ_LR214992.1:22521-24764|-   -            748 1064at2085           -            350   9.7e-27   89.3   7.6   1   2   5.3e-18   1.1e-16   56.3   4.5     1   126     1   126     1   127 0.85 NZ_LR214992.1_21 # 22521 # 24764 # -1 # ID=1_21;partial=00;start_type=ATG;rbs_motif=None;rbs_spacer=None;gc_cont=0.262
NZ_LR214992.1:22521-24764|-   -            748 1064at2085           -            350   9.7e-27   89.3   7.6   2   2   5.2e-12     1e-10   36.5   0.5   166   258   114   205    97   219 0.83 NZ_LR214992.1_21 # 22521 # 24764 # -1 # ID=1_21;partial=00;start_type=ATG;rbs_motif=None;rbs_spacer=None;gc_cont=0.262
NZ_LR214992.1:251632-253932|+ -            767 1064at2085           -            350   3.2e-26   87.5  10.4   1   3   6.1e-18   1.2e-16   56.1   2.6     1   126     1   127     1   128 0.86 NZ_LR214992.1_200 # 251632 # 253932 # 1 # ID=1_200;partial=00;start_type=ATG;rbs_motif=GGA/GAG/AGG;rbs_spacer=5-10bp;gc_cont=0.292
NZ_LR214992.1:251632-253932|+ -            767 1064at2085           -            350   3.2e-26   87.5  10.4   2   3   5.8e-12   1.2e-10   36.4   0.2   173   253   123   201   102   212 0.86 NZ_LR214992.1_200 # 251632 # 253932 # 1 # ID=1_200;partial=00;start_type=ATG;rbs_motif=GGA/GAG/AGG;rbs_spacer=5-10bp;gc_cont=0.292
NZ_LR214992.1:251632-253932|+ -            767 1064at2085           -            350   3.2e-26   87.5  10.4   3   3      0.56        11    0.3   0.1    85   157   527   600   521   607 0.82 NZ_LR214992.1_200 # 251632 # 253932 # 1 # ID=1_200;partial=00;start_type=ATG;rbs_motif=GGA/GAG/AGG;rbs_spacer=5-10bp;gc_cont=0.292
NZ_LR214992.1:357452-358168|- -            239 1064at2085           -            350   1.4e-24   82.1   3.0   1   2   4.8e-10   9.5e-09   30.1   0.7     1    63     5    68     5    90 0.88 NZ_LR214992.1_266 # 357452 # 358168 # -1 # ID=1_266;partial=00;start_type=ATG;rbs_motif=AGGA;rbs_spacer=5-10bp;gc_cont=0.265
NZ_LR214992.1:357452-358168|- -            239 1064at2085           -            350   1.4e-24   82.1   3.0   2   2   7.2e-17   1.4e-15   52.5   0.0   137   268    94   225    81   233 0.87 NZ_LR214992.1_266 # 357452 # 358168 # -1 # ID=1_266;partial=00;start_type=ATG;rbs_motif=AGGA;rbs_spacer=5-10bp;gc_cont=0.265
NZ_LR214992.1:28142-30424|-   -            761 1064at2085           -            350   3.4e-24   80.9  14.3   1   3   3.9e-17   7.8e-16   53.4   4.9     1   121     1   121     1   125 0.83 NZ_LR214992.1_24 # 28142 # 30424 # -1 # ID=1_24;partial=00;start_type=ATG;rbs_motif=4Base/6BMM;rbs_spacer=13-15bp;gc_cont=0.240
NZ_LR214992.1:28142-30424|-   -            761 1064at2085           -            350   3.4e-24   80.9  14.3   2   3   1.9e-11   3.8e-10   34.7   0.3   171   258   120   205   107   226 0.84 NZ_LR214992.1_24 # 28142 # 30424 # -1 # ID=1_24;partial=00;start_type=ATG;rbs_motif=4Base/6BMM;rbs_spacer=13-15bp;gc_cont=0.240
NZ_LR214992.1:28142-30424|-   -            761 1064at2085           -            350   3.4e-24   80.9  14.3   3   3       3.2        63   -2.2   0.2   104   166   540   603   529   637 0.62 NZ_LR214992.1_24 # 28142 # 30424 # -1 # ID=1_24;partial=00;start_type=ATG;rbs_motif=4Base/6BMM;rbs_spacer=13-15bp;gc_cont=0.240
NZ_LR214993.1:109790-111202|- -            471 1064at2085           -            350     5e-24   80.3   9.4   1   3       2.1        42   -1.6   0.4   101   152    68   115    37   139 0.51 NZ_LR214993.1_89 # 109790 # 111202 # -1 # ID=2_89;partial=00;start_type=ATG;rbs_motif=AGGAGG;rbs_spacer=5-10bp;gc_cont=0.320
NZ_LR214993.1:109790-111202|- -            471 1064at2085           -            350     5e-24   80.3   9.4   2   3   2.6e-06   5.1e-05   17.8   0.1    14   110   141   251   127   266 0.70 NZ_LR214993.1_89 # 109790 # 111202 # -1 # ID=2_89;partial=00;start_type=ATG;rbs_motif=AGGAGG;rbs_spacer=5-10bp;gc_cont=0.320
NZ_LR214993.1:109790-111202|- -            471 1064at2085           -            350     5e-24   80.3   9.4   3   3   1.3e-21   2.7e-20   68.1   0.9   173   270   272   369   247   375 0.90 NZ_LR214993.1_89 # 109790 # 111202 # -1 # ID=2_89;partial=00;start_type=ATG;rbs_motif=AGGAGG;rbs_spacer=5-10bp;gc_cont=0.320
NZ_LR214992.1:220493-221263|+ -            257 1064at2085           -            350   1.8e-22   75.2   4.8   1   2   6.7e-07   1.3e-05   19.7   0.3    12    76    22    86     9   131 0.71 NZ_LR214992.1_179 # 220493 # 221263 # 1 # ID=1_179;partial=00;start_type=ATG;rbs_motif=None;rbs_spacer=None;gc_cont=0.267
NZ_LR214992.1:220493-221263|+ -            257 1064at2085           -            350   1.8e-22   75.2   4.8   2   2   6.8e-19   1.3e-17   59.2   2.7    83   267    56   242    56   249 0.74 NZ_LR214992.1_179 # 220493 # 221263 # 1 # ID=1_179;partial=00;start_type=ATG;rbs_motif=None;rbs_spacer=None;gc_cont=0.267
NZ_LR214992.1:578305-579924|+ -            540 1064at2085           -            350     5e-22   73.8   4.2   1   2     1e-11   2.1e-10   35.5   0.5     1    72   336   408   336   422 0.91 NZ_LR214992.1_424 # 578305 # 579924 # 1 # ID=1_424;partial=00;start_type=ATG;rbs_motif=AGGA;rbs_spacer=5-10bp;gc_cont=0.225
NZ_LR214992.1:578305-579924|+ -            540 1064at2085           -            350     5e-22   73.8   4.2   2   2     6e-13   1.2e-11   39.6   0.3   131   251   418   537   408   539 0.81 NZ_LR214992.1_424 # 578305 # 579924 # 1 # ID=1_424;partial=00;start_type=ATG;rbs_motif=AGGA;rbs_spacer=5-10bp;gc_cont=0.225
NZ_LR214992.1:630450-632063|+ -            538 1064at2085           -            350   1.8e-20   68.7  10.4   1   2   1.2e-15   2.4e-14   48.5   1.6     2    96   325   420   324   428 0.91 NZ_LR214992.1_459 # 630450 # 632063 # 1 # ID=1_459;partial=00;start_type=ATG;rbs_motif=AGxAGG/AGGxGG;rbs_spacer=5-10bp;gc_cont=0.263
NZ_LR214992.1:630450-632063|+ -            538 1064at2085           -            350   1.8e-20   68.7  10.4   2   2   2.3e-08   4.6e-07   24.6   2.0   157   240   427   514   422   520 0.81 NZ_LR214992.1_459 # 630450 # 632063 # 1 # ID=1_459;partial=00;start_type=ATG;rbs_motif=AGxAGG/AGGxGG;rbs_spacer=5-10bp;gc_cont=0.263
NZ_LR214992.1:571612-573225|+ -            538 1064at2085           -            350   3.1e-18   61.3   6.5   1   4       6.1   1.2e+02   -3.1   0.4    79   108    72   101    67   121 0.64 NZ_LR214992.1_420 # 571612 # 573225 # 1 # ID=1_420;partial=00;start_type=ATG;rbs_motif=AGGAGG;rbs_spacer=5-10bp;gc_cont=0.241
NZ_LR214992.1:571612-573225|+ -            538 1064at2085           -            350   3.1e-18   61.3   6.5   2   4       7.6   1.5e+02   -3.5   0.1   131   150   300   316   289   332 0.60 NZ_LR214992.1_420 # 571612 # 573225 # 1 # ID=1_420;partial=00;start_type=ATG;rbs_motif=AGGAGG;rbs_spacer=5-10bp;gc_cont=0.241
NZ_LR214992.1:571612-573225|+ -            538 1064at2085           -            350   3.1e-18   61.3   6.5   3   4   2.7e-10   5.5e-09   30.9   0.4     6    71   339   405   334   417 0.87 NZ_LR214992.1_420 # 571612 # 573225 # 1 # ID=1_420;partial=00;start_type=ATG;rbs_motif=AGGAGG;rbs_spacer=5-10bp;gc_cont=0.241
NZ_LR214992.1:571612-573225|+ -            538 1064at2085           -            350   3.1e-18   61.3   6.5   4   4   1.5e-13     3e-12   41.6   1.2   154   251   435   534   421   537 0.79 NZ_LR214992.1_420 # 571612 # 573225 # 1 # ID=1_420;partial=00;start_type=ATG;rbs_motif=AGGAGG;rbs_spacer=5-10bp;gc_cont=0.241
NZ_LR214993.1:234982-237825|+ -            948 1064at2085           -            350   1.6e-15   52.4   5.7   1   4     0.017      0.34    5.3   0.1    15    42    19    46    13    57 0.90 NZ_LR214993.1_209 # 234982 # 237825 # 1 # ID=2_209;partial=00;start_type=ATG;rbs_motif=None;rbs_spacer=None;gc_cont=0.328
NZ_LR214993.1:234982-237825|+ -            948 1064at2085           -            350   1.6e-15   52.4   5.7   2   4   7.3e-07   1.5e-05   19.6   0.0   153   249   467   563   437   601 0.77 NZ_LR214993.1_209 # 234982 # 237825 # 1 # ID=2_209;partial=00;start_type=ATG;rbs_motif=None;rbs_spacer=None;gc_cont=0.328
NZ_LR214993.1:234982-237825|+ -            948 1064at2085           -            350   1.6e-15   52.4   5.7   3   4   9.5e-06   0.00019   16.0   0.4    15    47   626   658   618   680 0.82 NZ_LR214993.1_209 # 234982 # 237825 # 1 # ID=2_209;partial=00;start_type=ATG;rbs_motif=None;rbs_spacer=None;gc_cont=0.328
NZ_LR214993.1:234982-237825|+ -            948 1064at2085           -            350   1.6e-15   52.4   5.7   4   4    0.0003     0.006   11.0   0.0   174   250   829   906   811   939 0.75 NZ_LR214993.1_209 # 234982 # 237825 # 1 # ID=2_209;partial=00;start_type=ATG;rbs_motif=None;rbs_spacer=None;gc_cont=0.328
NZ_LR214992.1:576686-578296|+ -            537 1064at2085           -            350   7.2e-14   46.9   6.6   1   2   6.3e-11   1.3e-09   33.0   2.8     2   127   334   462   333   463 0.80 NZ_LR214992.1_423 # 576686 # 578296 # 1 # ID=1_423;partial=00;start_type=ATG;rbs_motif=GGA/GAG/AGG;rbs_spacer=5-10bp;gc_cont=0.191
NZ_LR214992.1:576686-578296|+ -            537 1064at2085           -            350   7.2e-14   46.9   6.6   2   2   2.7e-06   5.3e-05   17.8   0.4   170   250   456   534   430   536 0.69 NZ_LR214992.1_423 # 576686 # 578296 # 1 # ID=1_423;partial=00;start_type=ATG;rbs_motif=GGA/GAG/AGG;rbs_spacer=5-10bp;gc_cont=0.191
NZ_LR214992.1:628859-630457|+ -            533 1064at2085           -            350   1.3e-13   46.1   7.8   1   3       3.3        67   -2.3   0.2   126   154   211   241   199   255 0.74 NZ_LR214992.1_458 # 628859 # 630457 # 1 # ID=1_458;partial=00;start_type=ATG;rbs_motif=AGGAGG;rbs_spacer=5-10bp;gc_cont=0.256
NZ_LR214992.1:628859-630457|+ -            533 1064at2085           -            350   1.3e-13   46.1   7.8   2   3   1.4e-09   2.7e-08   28.6   1.3     2    72   327   398   326   441 0.82 NZ_LR214992.1_458 # 628859 # 630457 # 1 # ID=1_458;partial=00;start_type=ATG;rbs_motif=AGGAGG;rbs_spacer=5-10bp;gc_cont=0.256
NZ_LR214992.1:628859-630457|+ -            533 1064at2085           -            350   1.3e-13   46.1   7.8   3   3   3.9e-07   7.7e-06   20.5   0.1   166   246   442   519   424   529 0.79 NZ_LR214992.1_458 # 628859 # 630457 # 1 # ID=1_458;partial=00;start_type=ATG;rbs_motif=AGGAGG;rbs_spacer=5-10bp;gc_cont=0.256
NZ_LR214992.1:569991-571601|+ -            537 1064at2085           -            350   2.5e-13   45.1   0.2   1   2   3.3e-10   6.5e-09   30.6   0.1     2    72   334   406   333   433 0.84 NZ_LR214992.1_419 # 569991 # 571601 # 1 # ID=1_419;partial=00;start_type=ATG;rbs_motif=AGGA;rbs_spacer=5-10bp;gc_cont=0.236
NZ_LR214992.1:569991-571601|+ -            537 1064at2085           -            350   2.5e-13   45.1   0.2   2   2   0.00017    0.0035   11.8   0.0   174   231   460   514   440   535 0.72 NZ_LR214992.1_419 # 569991 # 571601 # 1 # ID=1_419;partial=00;start_type=ATG;rbs_motif=AGGA;rbs_spacer=5-10bp;gc_cont=0.236
NZ_LR214993.1:157265-159304|+ -            680 1064at2085           -            350   1.6e-09   32.7   4.9   1   3       4.1        81   -2.6   0.1    68    86   113   131    85   143 0.69 NZ_LR214993.1_142 # 157265 # 159304 # 1 # ID=2_142;partial=00;start_type=ATG;rbs_motif=None;rbs_spacer=None;gc_cont=0.247
NZ_LR214993.1:157265-159304|+ -            680 1064at2085           -            350   1.6e-09   32.7   4.9   2   3   9.9e-06    0.0002   15.9   0.5     2    94   470   561   469   584 0.80 NZ_LR214993.1_142 # 157265 # 159304 # 1 # ID=2_142;partial=00;start_type=ATG;rbs_motif=None;rbs_spacer=None;gc_cont=0.247
NZ_LR214993.1:157265-159304|+ -            680 1064at2085           -            350   1.6e-09   32.7   4.9   3   3   2.7e-06   5.3e-05   17.8   0.1   165   239   589   661   568   666 0.88 NZ_LR214993.1_142 # 157265 # 159304 # 1 # ID=2_142;partial=00;start_type=ATG;rbs_motif=None;rbs_spacer=None;gc_cont=0.247
NZ_LR214992.1:19664-19897|-   -             78 1064at2085           -            350   0.00012   16.6   1.2   1   1   6.4e-06   0.00013   16.5   1.2    60   125     3    71     1    76 0.66 NZ_LR214992.1_19 # 19664 # 19897 # -1 # ID=1_19;partial=00;start_type=TTG;rbs_motif=None;rbs_spacer=None;gc_cont=0.244
#
# Program:         hmmsearch
# Version:         3.4 (Aug 2023)
# Pipeline mode:   SEARCH
# Query file:      /home/lgef/Documentos/GitHub/Project_doctoral/IMPLEMENTACAO/Genomes/M_hyopneumoniae/MHP_ncbi_dataset/ncbi_dataset/data/strains/NCTC10127/Use/busco_downloads/lineages/mycoplasmatales_odb10/hmms/1064at2085.hmm
# Target file:     /home/lgef/Documentos/GitHub/Project_doctoral/IMPLEMENTACAO/Genomes/M_hyopneumoniae/MHP_ncbi_dataset/ncbi_dataset/data/strains/NCTC10127/Use/busco_complete/prodigal_output/predicted_genes/predicted.faa
# Option settings: hmmsearch --domtblout /home/lgef/Documentos/GitHub/Project_doctoral/IMPLEMENTACAO/Genomes/M_hyopneumoniae/MHP_ncbi_dataset/ncbi_dataset/data/strains/NCTC10127/Use/busco_complete/run_mycoplasmatales_odb10/hmmer_output/1064at2085.out --cpu 1 /home/lgef/Documentos/GitHub/Project_doctoral/IMPLEMENTACAO/Genomes/M_hyopneumoniae/MHP_ncbi_dataset/ncbi_dataset/data/strains/NCTC10127/Use/busco_downloads/lineages/mycoplasmatales_odb10/hmms/1064at2085.hmm /home/lgef/Documentos/GitHub/Project_doctoral/IMPLEMENTACAO/Genomes/M_hyopneumoniae/MHP_ncbi_dataset/ncbi_dataset/data/strains/NCTC10127/Use/busco_complete/prodigal_output/predicted_genes/predicted.faa 
# Current dir:     /home/lgef/Documentos/GitHub/Project_doctoral/IMPLEMENTACAO/Genomes/M_hyopneumoniae/MHP_ncbi_dataset/ncbi_dataset/data/strains/NCTC10127/Use
# Date:            Thu Nov 28 19:23:35 2024
# [ok]
