#                                                                                     --- full sequence --- -------------- this domain -------------   hmm coord   ali coord   env coord
# target name                 accession   tlen query name           accession   qlen   E-value  score  bias   #  of  c-Evalue  i-Evalue  score  bias  from    to  from    to  from    to  acc description of target
#         ------------------- ---------- ----- -------------------- ---------- ----- --------- ------ ----- --- --- --------- --------- ------ ----- ----- ----- ----- ----- ----- ----- ---- ---------------------
NZ_LR214992.1:440127-442739|- -            871 147at2085            -            460  5.9e-196  647.0  22.4   1   4   5.4e-08     2e-05   18.9   1.2     2    33   276   307   275   319 0.91 NZ_LR214992.1_322 # 440127 # 442739 # -1 # ID=1_322;partial=00;start_type=ATG;rbs_motif=AGGA/GGAG/GAGG;rbs_spacer=11-12bp;gc_cont=0.339
NZ_LR214992.1:440127-442739|- -            871 147at2085            -            460  5.9e-196  647.0  22.4   2   4     6e-17   2.2e-14   48.4   1.2    37    95   341   407   314   411 0.78 NZ_LR214992.1_322 # 440127 # 442739 # -1 # ID=1_322;partial=00;start_type=ATG;rbs_motif=AGGA/GGAG/GAGG;rbs_spacer=11-12bp;gc_cont=0.339
NZ_LR214992.1:440127-442739|- -            871 147at2085            -            460  5.9e-196  647.0  22.4   3   4  3.6e-110  1.3e-107  355.7   0.6    94   300   444   657   435   666 0.95 NZ_LR214992.1_322 # 440127 # 442739 # -1 # ID=1_322;partial=00;start_type=ATG;rbs_motif=AGGA/GGAG/GAGG;rbs_spacer=11-12bp;gc_cont=0.339
NZ_LR214992.1:440127-442739|- -            871 147at2085            -            460  5.9e-196  647.0  22.4   4   4   2.8e-74     1e-71  237.4   0.6   301   460   695   869   690   869 0.95 NZ_LR214992.1_322 # 440127 # 442739 # -1 # ID=1_322;partial=00;start_type=ATG;rbs_motif=AGGA/GGAG/GAGG;rbs_spacer=11-12bp;gc_cont=0.339
NZ_LR214992.1:278385-279341|+ -            319 147at2085            -            460   1.4e-05   19.4   4.1   1   3   1.6e-06   0.00058   14.0   0.0   100   125    42    67    36    81 0.85 NZ_LR214992.1_221 # 278385 # 279341 # 1 # ID=1_221;partial=00;start_type=ATG;rbs_motif=None;rbs_spacer=None;gc_cont=0.316
NZ_LR214992.1:278385-279341|+ -            319 147at2085            -            460   1.4e-05   19.4   4.1   2   3    0.0014      0.53    4.3   0.6   208   273   134   196    84   203 0.71 NZ_LR214992.1_221 # 278385 # 279341 # 1 # ID=1_221;partial=00;start_type=ATG;rbs_motif=None;rbs_spacer=None;gc_cont=0.316
NZ_LR214992.1:278385-279341|+ -            319 147at2085            -            460   1.4e-05   19.4   4.1   3   3     0.019       6.9    0.6   0.1     8    78   205   277   199   290 0.77 NZ_LR214992.1_221 # 278385 # 279341 # 1 # ID=1_221;partial=00;start_type=ATG;rbs_motif=None;rbs_spacer=None;gc_cont=0.316
#
# Program:         hmmsearch
# Version:         3.4 (Aug 2023)
# Pipeline mode:   SEARCH
# Query file:      /home/lgef/Documentos/GitHub/Project_doctoral/IMPLEMENTACAO/Genomes/M_hyopneumoniae/MHP_ncbi_dataset/ncbi_dataset/data/strains/NCTC10127/Use/busco_downloads/lineages/mycoplasmatales_odb10/hmms/147at2085.hmm
# Target file:     /home/lgef/Documentos/GitHub/Project_doctoral/IMPLEMENTACAO/Genomes/M_hyopneumoniae/MHP_ncbi_dataset/ncbi_dataset/data/strains/NCTC10127/Use/busco_complete/prodigal_output/predicted_genes/predicted.faa
# Option settings: hmmsearch --domtblout /home/lgef/Documentos/GitHub/Project_doctoral/IMPLEMENTACAO/Genomes/M_hyopneumoniae/MHP_ncbi_dataset/ncbi_dataset/data/strains/NCTC10127/Use/busco_complete/run_mycoplasmatales_odb10/hmmer_output/147at2085.out --cpu 1 /home/lgef/Documentos/GitHub/Project_doctoral/IMPLEMENTACAO/Genomes/M_hyopneumoniae/MHP_ncbi_dataset/ncbi_dataset/data/strains/NCTC10127/Use/busco_downloads/lineages/mycoplasmatales_odb10/hmms/147at2085.hmm /home/lgef/Documentos/GitHub/Project_doctoral/IMPLEMENTACAO/Genomes/M_hyopneumoniae/MHP_ncbi_dataset/ncbi_dataset/data/strains/NCTC10127/Use/busco_complete/prodigal_output/predicted_genes/predicted.faa 
# Current dir:     /home/lgef/Documentos/GitHub/Project_doctoral/IMPLEMENTACAO/Genomes/M_hyopneumoniae/MHP_ncbi_dataset/ncbi_dataset/data/strains/NCTC10127/Use
# Date:            Thu Nov 28 19:23:36 2024
# [ok]
