#                                                                                     --- full sequence --- -------------- this domain -------------   hmm coord   ali coord   env coord
# target name                 accession   tlen query name           accession   qlen   E-value  score  bias   #  of  c-Evalue  i-Evalue  score  bias  from    to  from    to  from    to  acc description of target
#         ------------------- ---------- ----- -------------------- ---------- ----- --------- ------ ----- --- --- --------- --------- ------ ----- ----- ----- ----- ----- ----- ----- ---- ---------------------
NZ_LR214992.1:128928-130031|- -            368 1683at2085           -            284  1.3e-103  341.7  14.8   1   3     2e-71   2.5e-69  229.2   1.9     1   162     1   168     1   175 0.94 NZ_LR214992.1_106 # 128928 # 130031 # -1 # ID=1_106;partial=00;start_type=ATG;rbs_motif=None;rbs_spacer=None;gc_cont=0.303
NZ_LR214992.1:128928-130031|- -            368 1683at2085           -            284  1.3e-103  341.7  14.8   2   3   1.3e-07   1.6e-05   19.8   0.1   156   187   183   214   168   220 0.85 NZ_LR214992.1_106 # 128928 # 130031 # -1 # ID=1_106;partial=00;start_type=ATG;rbs_motif=None;rbs_spacer=None;gc_cont=0.303
NZ_LR214992.1:128928-130031|- -            368 1683at2085           -            284  1.3e-103  341.7  14.8   3   3   8.2e-32     1e-29   99.2   1.9   185   284   238   365   222   365 0.75 NZ_LR214992.1_106 # 128928 # 130031 # -1 # ID=1_106;partial=00;start_type=ATG;rbs_motif=None;rbs_spacer=None;gc_cont=0.303
NZ_LR214992.1:55473-56732|+   -            420 1683at2085           -            284   3.3e-16   54.9   6.8   1   1   6.1e-17   7.5e-15   50.4   6.8     4   136   158   277   155   371 0.76 NZ_LR214992.1_43 # 55473 # 56732 # 1 # ID=1_43;partial=00;start_type=ATG;rbs_motif=AGGA;rbs_spacer=5-10bp;gc_cont=0.308
NZ_LR214992.1:92897-94198|+   -            434 1683at2085           -            284   4.9e-07   24.8   3.0   1   3     2e-05    0.0025   12.6   0.1     2    25     2    25     1    32 0.84 NZ_LR214992.1_74 # 92897 # 94198 # 1 # ID=1_74;partial=00;start_type=ATG;rbs_motif=3Base/5BMM;rbs_spacer=13-15bp;gc_cont=0.291
NZ_LR214992.1:92897-94198|+   -            434 1683at2085           -            284   4.9e-07   24.8   3.0   2   3    0.0004     0.049    8.4   0.0     3    22   171   190   169   253 0.82 NZ_LR214992.1_74 # 92897 # 94198 # 1 # ID=1_74;partial=00;start_type=ATG;rbs_motif=3Base/5BMM;rbs_spacer=13-15bp;gc_cont=0.291
NZ_LR214992.1:92897-94198|+   -            434 1683at2085           -            284   4.9e-07   24.8   3.0   3   3     0.041       5.1    1.8   0.1    27    80   273   329   269   358 0.70 NZ_LR214992.1_74 # 92897 # 94198 # 1 # ID=1_74;partial=00;start_type=ATG;rbs_motif=3Base/5BMM;rbs_spacer=13-15bp;gc_cont=0.291
NZ_LR214993.1:116610-117938|+ -            443 1683at2085           -            284   3.6e-06   22.0   2.4   1   1   1.4e-06   0.00017   16.4   2.2     3   104   217   308   215   366 0.82 NZ_LR214993.1_94 # 116610 # 117938 # 1 # ID=2_94;partial=00;start_type=TTG;rbs_motif=AGGAG;rbs_spacer=5-10bp;gc_cont=0.314
NZ_LR214993.1:160531-161412|+ -            294 1683at2085           -            284   1.6e-05   19.8   0.1   1   1   2.9e-07   3.6e-05   18.7   0.1     5    26     9    30     6    55 0.85 NZ_LR214993.1_146 # 160531 # 161412 # 1 # ID=2_146;partial=00;start_type=ATG;rbs_motif=None;rbs_spacer=None;gc_cont=0.291
NZ_LR214993.1:243588-244379|- -            264 1683at2085           -            284   5.5e-05   18.0   0.0   1   3      0.15        18   -0.1   1.1    79   150    29   103     8   107 0.64 NZ_LR214993.1_215 # 243588 # 244379 # -1 # ID=2_215;partial=00;start_type=ATG;rbs_motif=GGA/GAG/AGG;rbs_spacer=3-4bp;gc_cont=0.265
NZ_LR214993.1:243588-244379|- -            264 1683at2085           -            284   5.5e-05   18.0   0.0   2   3   4.5e-07   5.5e-05   18.0   0.0     2    27   110   135   109   156 0.85 NZ_LR214993.1_215 # 243588 # 244379 # -1 # ID=2_215;partial=00;start_type=ATG;rbs_motif=GGA/GAG/AGG;rbs_spacer=3-4bp;gc_cont=0.265
NZ_LR214993.1:243588-244379|- -            264 1683at2085           -            284   5.5e-05   18.0   0.0   3   3      0.86   1.1e+02   -2.6   0.1    30    30   205   205   176   242 0.47 NZ_LR214993.1_215 # 243588 # 244379 # -1 # ID=2_215;partial=00;start_type=ATG;rbs_motif=GGA/GAG/AGG;rbs_spacer=3-4bp;gc_cont=0.265
#
# Program:         hmmsearch
# Version:         3.4 (Aug 2023)
# Pipeline mode:   SEARCH
# Query file:      /home/lgef/Documentos/GitHub/Project_doctoral/IMPLEMENTACAO/Genomes/M_hyopneumoniae/MHP_ncbi_dataset/ncbi_dataset/data/strains/NCTC10127/Use/busco_downloads/lineages/mycoplasmatales_odb10/hmms/1683at2085.hmm
# Target file:     /home/lgef/Documentos/GitHub/Project_doctoral/IMPLEMENTACAO/Genomes/M_hyopneumoniae/MHP_ncbi_dataset/ncbi_dataset/data/strains/NCTC10127/Use/busco_complete/prodigal_output/predicted_genes/predicted.faa
# Option settings: hmmsearch --domtblout /home/lgef/Documentos/GitHub/Project_doctoral/IMPLEMENTACAO/Genomes/M_hyopneumoniae/MHP_ncbi_dataset/ncbi_dataset/data/strains/NCTC10127/Use/busco_complete/run_mycoplasmatales_odb10/hmmer_output/1683at2085.out --cpu 1 /home/lgef/Documentos/GitHub/Project_doctoral/IMPLEMENTACAO/Genomes/M_hyopneumoniae/MHP_ncbi_dataset/ncbi_dataset/data/strains/NCTC10127/Use/busco_downloads/lineages/mycoplasmatales_odb10/hmms/1683at2085.hmm /home/lgef/Documentos/GitHub/Project_doctoral/IMPLEMENTACAO/Genomes/M_hyopneumoniae/MHP_ncbi_dataset/ncbi_dataset/data/strains/NCTC10127/Use/busco_complete/prodigal_output/predicted_genes/predicted.faa 
# Current dir:     /home/lgef/Documentos/GitHub/Project_doctoral/IMPLEMENTACAO/Genomes/M_hyopneumoniae/MHP_ncbi_dataset/ncbi_dataset/data/strains/NCTC10127/Use
# Date:            Thu Nov 28 19:23:37 2024
# [ok]
