#                                                                                     --- full sequence --- -------------- this domain -------------   hmm coord   ali coord   env coord
# target name                 accession   tlen query name           accession   qlen   E-value  score  bias   #  of  c-Evalue  i-Evalue  score  bias  from    to  from    to  from    to  acc description of target
#         ------------------- ---------- ----- -------------------- ---------- ----- --------- ------ ----- --- --- --------- --------- ------ ----- ----- ----- ----- ----- ----- ----- ---- ---------------------
NZ_LR214992.1:450486-454895|- -           1470 56at2085             -           1080         0 1367.9  30.8   1   2       1.1   4.1e+02   -6.2   2.3   139   221    57   137    36   143 0.74 NZ_LR214992.1_330 # 450486 # 454895 # -1 # ID=1_330;partial=00;start_type=ATG;rbs_motif=AGGAG;rbs_spacer=5-10bp;gc_cont=0.300
NZ_LR214992.1:450486-454895|- -           1470 56at2085             -           1080         0 1367.9  30.8   2   2         0         0 1367.9  30.8    49  1080   318  1468   288  1468 0.89 NZ_LR214992.1_330 # 450486 # 454895 # -1 # ID=1_330;partial=00;start_type=ATG;rbs_motif=AGGAG;rbs_spacer=5-10bp;gc_cont=0.300
NZ_LR214992.1:505928-508885|- -            986 56at2085             -           1080   2.8e-27   90.4  35.4   1   7   3.8e-08   1.4e-05   18.5   0.0    54   118     4    69     1    86 0.92 NZ_LR214992.1_375 # 505928 # 508885 # -1 # ID=1_375;partial=00;start_type=ATG;rbs_motif=None;rbs_spacer=None;gc_cont=0.290
NZ_LR214992.1:505928-508885|- -            986 56at2085             -           1080   2.8e-27   90.4  35.4   2   7   1.4e-14   5.2e-12   39.8   3.6   347   566    99   320    70   324 0.74 NZ_LR214992.1_375 # 505928 # 508885 # -1 # ID=1_375;partial=00;start_type=ATG;rbs_motif=None;rbs_spacer=None;gc_cont=0.290
NZ_LR214992.1:505928-508885|- -            986 56at2085             -           1080   2.8e-27   90.4  35.4   3   7     1e-05    0.0038   10.5   0.0   606   680   323   397   321   403 0.91 NZ_LR214992.1_375 # 505928 # 508885 # -1 # ID=1_375;partial=00;start_type=ATG;rbs_motif=None;rbs_spacer=None;gc_cont=0.290
NZ_LR214992.1:505928-508885|- -            986 56at2085             -           1080   2.8e-27   90.4  35.4   4   7    0.0015      0.54    3.4   0.1   674   754   437   512   426   547 0.78 NZ_LR214992.1_375 # 505928 # 508885 # -1 # ID=1_375;partial=00;start_type=ATG;rbs_motif=None;rbs_spacer=None;gc_cont=0.290
NZ_LR214992.1:505928-508885|- -            986 56at2085             -           1080   2.8e-27   90.4  35.4   5   7     0.027       9.9   -0.8   0.2   298   372   592   666   583   684 0.75 NZ_LR214992.1_375 # 505928 # 508885 # -1 # ID=1_375;partial=00;start_type=ATG;rbs_motif=None;rbs_spacer=None;gc_cont=0.290
NZ_LR214992.1:505928-508885|- -            986 56at2085             -           1080   2.8e-27   90.4  35.4   6   7   1.4e-06    0.0005   13.4   7.4   906   945   684   723   667   737 0.83 NZ_LR214992.1_375 # 505928 # 508885 # -1 # ID=1_375;partial=00;start_type=ATG;rbs_motif=None;rbs_spacer=None;gc_cont=0.290
NZ_LR214992.1:505928-508885|- -            986 56at2085             -           1080   2.8e-27   90.4  35.4   7   7   1.4e-08     5e-06   20.0   0.1   985  1065   732   814   719   830 0.80 NZ_LR214992.1_375 # 505928 # 508885 # -1 # ID=1_375;partial=00;start_type=ATG;rbs_motif=None;rbs_spacer=None;gc_cont=0.290
#
# Program:         hmmsearch
# Version:         3.4 (Aug 2023)
# Pipeline mode:   SEARCH
# Query file:      /home/lgef/Documentos/GitHub/Project_doctoral/IMPLEMENTACAO/Genomes/M_hyopneumoniae/MHP_ncbi_dataset/ncbi_dataset/data/strains/NCTC10127/Use/busco_downloads/lineages/mycoplasmatales_odb10/hmms/56at2085.hmm
# Target file:     /home/lgef/Documentos/GitHub/Project_doctoral/IMPLEMENTACAO/Genomes/M_hyopneumoniae/MHP_ncbi_dataset/ncbi_dataset/data/strains/NCTC10127/Use/busco_complete/prodigal_output/predicted_genes/predicted.faa
# Option settings: hmmsearch --domtblout /home/lgef/Documentos/GitHub/Project_doctoral/IMPLEMENTACAO/Genomes/M_hyopneumoniae/MHP_ncbi_dataset/ncbi_dataset/data/strains/NCTC10127/Use/busco_complete/run_mycoplasmatales_odb10/hmmer_output/56at2085.out --cpu 1 /home/lgef/Documentos/GitHub/Project_doctoral/IMPLEMENTACAO/Genomes/M_hyopneumoniae/MHP_ncbi_dataset/ncbi_dataset/data/strains/NCTC10127/Use/busco_downloads/lineages/mycoplasmatales_odb10/hmms/56at2085.hmm /home/lgef/Documentos/GitHub/Project_doctoral/IMPLEMENTACAO/Genomes/M_hyopneumoniae/MHP_ncbi_dataset/ncbi_dataset/data/strains/NCTC10127/Use/busco_complete/prodigal_output/predicted_genes/predicted.faa 
# Current dir:     /home/lgef/Documentos/GitHub/Project_doctoral/IMPLEMENTACAO/Genomes/M_hyopneumoniae/MHP_ncbi_dataset/ncbi_dataset/data/strains/NCTC10127/Use
# Date:            Thu Nov 28 19:23:39 2024
# [ok]
