#                                                                                     --- full sequence --- -------------- this domain -------------   hmm coord   ali coord   env coord
# target name                 accession   tlen query name           accession   qlen   E-value  score  bias   #  of  c-Evalue  i-Evalue  score  bias  from    to  from    to  from    to  acc description of target
#         ------------------- ---------- ----- -------------------- ---------- ----- --------- ------ ----- --- --- --------- --------- ------ ----- ----- ----- ----- ----- ----- ----- ---- ---------------------
NZ_LR214993.1:69207-70910|-   -            568 908at2085            -            403  5.5e-146  481.7  18.1   1   2   8.7e-86   1.6e-83  276.0  13.1     4   231    16   288    13   303 0.85 NZ_LR214993.1_62 # 69207 # 70910 # -1 # ID=2_62;partial=00;start_type=ATG;rbs_motif=GGA/GAG/AGG;rbs_spacer=5-10bp;gc_cont=0.322
NZ_LR214993.1:69207-70910|-   -            568 908at2085            -            403  5.5e-146  481.7  18.1   2   2   7.6e-63   1.4e-60  200.4   0.2   243   395   381   553   354   563 0.85 NZ_LR214993.1_62 # 69207 # 70910 # -1 # ID=2_62;partial=00;start_type=ATG;rbs_motif=GGA/GAG/AGG;rbs_spacer=5-10bp;gc_cont=0.322
NZ_LR214993.1:118759-120225|- -            489 908at2085            -            403   1.9e-29   97.9   6.4   1   2   6.8e-18   1.3e-15   52.4   4.8    47   229   113   303    76   325 0.82 NZ_LR214993.1_96 # 118759 # 120225 # -1 # ID=2_96;partial=00;start_type=ATG;rbs_motif=GGA/GAG/AGG;rbs_spacer=11-12bp;gc_cont=0.311
NZ_LR214993.1:118759-120225|- -            489 908at2085            -            403   1.9e-29   97.9   6.4   2   2   1.3e-15   2.3e-13   44.9   0.0   318   378   423   482   397   488 0.78 NZ_LR214993.1_96 # 118759 # 120225 # -1 # ID=2_96;partial=00;start_type=ATG;rbs_motif=GGA/GAG/AGG;rbs_spacer=11-12bp;gc_cont=0.311
NZ_LR214992.1:271945-273294|+ -            450 908at2085            -            403   9.2e-29   95.7   7.4   1   2   2.9e-14   5.3e-12   40.5   4.5     3   202    19   247    16   265 0.71 NZ_LR214992.1_216 # 271945 # 273294 # 1 # ID=1_216;partial=00;start_type=ATG;rbs_motif=None;rbs_spacer=None;gc_cont=0.324
NZ_LR214992.1:271945-273294|+ -            450 908at2085            -            403   9.2e-29   95.7   7.4   2   2   2.3e-17   4.3e-15   50.6   0.0   286   383   353   447   329   449 0.85 NZ_LR214992.1_216 # 271945 # 273294 # 1 # ID=1_216;partial=00;start_type=ATG;rbs_motif=None;rbs_spacer=None;gc_cont=0.324
NZ_LR214992.1:402111-403112|- -            334 908at2085            -            403   3.2e-07   24.7   0.4   1   2     0.002      0.37    4.8   0.1   106   196    34   133    19   163 0.71 NZ_LR214992.1_296 # 402111 # 403112 # -1 # ID=1_296;partial=00;start_type=GTG;rbs_motif=AGGA/GGAG/GAGG;rbs_spacer=11-12bp;gc_cont=0.258
NZ_LR214992.1:402111-403112|- -            334 908at2085            -            403   3.2e-07   24.7   0.4   2   2   1.3e-07   2.5e-05   18.5   0.0   294   380   245   327   175   332 0.79 NZ_LR214992.1_296 # 402111 # 403112 # -1 # ID=1_296;partial=00;start_type=GTG;rbs_motif=AGGA/GGAG/GAGG;rbs_spacer=11-12bp;gc_cont=0.258
#
# Program:         hmmsearch
# Version:         3.4 (Aug 2023)
# Pipeline mode:   SEARCH
# Query file:      /home/lgef/Documentos/GitHub/Project_doctoral/IMPLEMENTACAO/Genomes/M_hyopneumoniae/MHP_ncbi_dataset/ncbi_dataset/data/strains/NCTC10127/Use/busco_downloads/lineages/mycoplasmatales_odb10/hmms/908at2085.hmm
# Target file:     /home/lgef/Documentos/GitHub/Project_doctoral/IMPLEMENTACAO/Genomes/M_hyopneumoniae/MHP_ncbi_dataset/ncbi_dataset/data/strains/NCTC10127/Use/busco_complete/prodigal_output/predicted_genes/predicted.faa
# Option settings: hmmsearch --domtblout /home/lgef/Documentos/GitHub/Project_doctoral/IMPLEMENTACAO/Genomes/M_hyopneumoniae/MHP_ncbi_dataset/ncbi_dataset/data/strains/NCTC10127/Use/busco_complete/run_mycoplasmatales_odb10/hmmer_output/908at2085.out --cpu 1 /home/lgef/Documentos/GitHub/Project_doctoral/IMPLEMENTACAO/Genomes/M_hyopneumoniae/MHP_ncbi_dataset/ncbi_dataset/data/strains/NCTC10127/Use/busco_downloads/lineages/mycoplasmatales_odb10/hmms/908at2085.hmm /home/lgef/Documentos/GitHub/Project_doctoral/IMPLEMENTACAO/Genomes/M_hyopneumoniae/MHP_ncbi_dataset/ncbi_dataset/data/strains/NCTC10127/Use/busco_complete/prodigal_output/predicted_genes/predicted.faa 
# Current dir:     /home/lgef/Documentos/GitHub/Project_doctoral/IMPLEMENTACAO/Genomes/M_hyopneumoniae/MHP_ncbi_dataset/ncbi_dataset/data/strains/NCTC10127/Use
# Date:            Thu Nov 28 19:23:40 2024
# [ok]
