A	C	G	T	N	IUPAC	Other	GC	GC_stdev
0.3553	0.1426	0.1428	0.3593	0.0188	0.0000	0.0000	0.2854	0.0282

Main genome scaffold total:         	11
Main genome contig total:           	237
Main genome scaffold sequence total:	913664
Main genome contig sequence total:  	896459  	1.883% gap
Main genome scaffold N/L50:         	1/896704
Main genome contig N/L50:           	34/7512
Main genome scaffold N/L90:         	1/896704
Main genome contig N/L90:           	130/1923
Max scaffold length:                	896704
Max contig length:                  	25082
Number of scaffolds > 50 KB:        	1
% main genome in scaffolds > 50 KB: 	98.14%


Minimum 	Number        	Number        	Total         	Total         	Scaffold
Scaffold	of            	of            	Scaffold      	Contig        	Contig  
Length  	Scaffolds     	Contigs       	Length        	Length        	Coverage
--------	--------------	--------------	--------------	--------------	--------
    All 	            11	           237	        913664	        896459	  98.12%
    500 	            11	           237	        913664	        896459	  98.12%
   1000 	             8	           234	        911752	        894547	  98.11%
   2500 	             2	           224	        902150	        885087	  98.11%
   5000 	             2	           224	        902150	        885087	  98.11%
  10000 	             1	           217	        896704	        880002	  98.14%
  25000 	             1	           217	        896704	        880002	  98.14%
  50000 	             1	           217	        896704	        880002	  98.14%
 100000 	             1	           217	        896704	        880002	  98.14%
 250000 	             1	           217	        896704	        880002	  98.14%
 500000 	             1	           217	        896704	        880002	  98.14%

