#                                                                                         --- full sequence --- -------------- this domain -------------   hmm coord   ali coord   env coord
# target name                     accession   tlen query name           accession   qlen   E-value  score  bias   #  of  c-Evalue  i-Evalue  score  bias  from    to  from    to  from    to  acc description of target
#             ------------------- ---------- ----- -------------------- ---------- ----- --------- ------ ----- --- --- --------- --------- ------ ----- ----- ----- ----- ----- ----- ----- ---- ---------------------
NZ_QQRE01000001.1:99606-101690|-  -            695 148at2085            -            586         0 1037.0  13.5   1   2  6.4e-114  9.9e-112  369.4   4.3     1   180    11   192    11   199 0.98 NZ_QQRE01000001.1_80 # 99606 # 101690 # -1 # ID=10_80;partial=00;start_type=ATG;rbs_motif=AGGA;rbs_spacer=5-10bp;gc_cont=0.374
NZ_QQRE01000001.1:99606-101690|-  -            695 148at2085            -            586         0 1037.0  13.5   2   2  4.4e-205  6.8e-203  670.4   1.9   172   575   219   677   193   688 0.88 NZ_QQRE01000001.1_80 # 99606 # 101690 # -1 # ID=10_80;partial=00;start_type=ATG;rbs_motif=AGGA;rbs_spacer=5-10bp;gc_cont=0.374
NZ_QQRE01000001.1:96429-98225|+   -            599 148at2085            -            586   3.3e-39  129.9   0.1   1   3   2.3e-30   3.6e-28   93.5   0.1     1   150     7   153     7   162 0.93 NZ_QQRE01000001.1_78 # 96429 # 98225 # 1 # ID=10_78;partial=00;start_type=ATG;rbs_motif=None;rbs_spacer=None;gc_cont=0.336
NZ_QQRE01000001.1:96429-98225|+   -            599 148at2085            -            586   3.3e-39  129.9   0.1   2   3     1e-11   1.6e-09   31.9   0.0   218   411   163   371   154   382 0.72 NZ_QQRE01000001.1_78 # 96429 # 98225 # 1 # ID=10_78;partial=00;start_type=ATG;rbs_motif=None;rbs_spacer=None;gc_cont=0.336
NZ_QQRE01000001.1:96429-98225|+   -            599 148at2085            -            586   3.3e-39  129.9   0.1   3   3     0.027       4.3    0.8   0.0   521   580   402   473   395   479 0.68 NZ_QQRE01000001.1_78 # 96429 # 98225 # 1 # ID=10_78;partial=00;start_type=ATG;rbs_motif=None;rbs_spacer=None;gc_cont=0.336
NZ_QQRE01000005.1:15723-17522|-   -            600 148at2085            -            586   7.2e-18   59.5   0.8   1   1   1.3e-19   2.1e-17   58.0   0.8    31   135   120   230   115   244 0.82 NZ_QQRE01000005.1_16 # 15723 # 17522 # -1 # ID=54_16;partial=00;start_type=ATG;rbs_motif=GGAG/GAGG;rbs_spacer=5-10bp;gc_cont=0.347
NZ_QQRE01000001.1:193643-194851|+ -            403 148at2085            -            586     1e-15   52.4   1.1   1   2   1.9e-17     3e-15   50.8   0.2     2   130    20   147    19   168 0.90 NZ_QQRE01000001.1_146 # 193643 # 194851 # 1 # ID=10_146;partial=00;start_type=ATG;rbs_motif=AGGA;rbs_spacer=5-10bp;gc_cont=0.404
NZ_QQRE01000001.1:193643-194851|+ -            403 148at2085            -            586     1e-15   52.4   1.1   2   2     0.042       6.5    0.2   0.0   220   327   195   304   174   324 0.67 NZ_QQRE01000001.1_146 # 193643 # 194851 # 1 # ID=10_146;partial=00;start_type=ATG;rbs_motif=AGGA;rbs_spacer=5-10bp;gc_cont=0.404
#
# Program:         hmmsearch
# Version:         3.1b2 (February 2015)
# Pipeline mode:   SEARCH
# Query file:      /home/lgef/Documentos/GitHub/Project_doctoral/IMPLEMENTACAO/Genomes/M_flocculare/MFC_ncbi_dataset/ncbi_dataset/data/strains/MF11/Use/busco_downloads/lineages/mycoplasmatales_odb10/hmms/148at2085.hmm
# Target file:     /home/lgef/Documentos/GitHub/Project_doctoral/IMPLEMENTACAO/Genomes/M_flocculare/MFC_ncbi_dataset/ncbi_dataset/data/strains/MF11/Use/busco_draft/prodigal_output/predicted_genes/predicted.faa
# Option settings: hmmsearch --domtblout /home/lgef/Documentos/GitHub/Project_doctoral/IMPLEMENTACAO/Genomes/M_flocculare/MFC_ncbi_dataset/ncbi_dataset/data/strains/MF11/Use/busco_draft/run_mycoplasmatales_odb10/hmmer_output/148at2085.out --cpu 1 /home/lgef/Documentos/GitHub/Project_doctoral/IMPLEMENTACAO/Genomes/M_flocculare/MFC_ncbi_dataset/ncbi_dataset/data/strains/MF11/Use/busco_downloads/lineages/mycoplasmatales_odb10/hmms/148at2085.hmm /home/lgef/Documentos/GitHub/Project_doctoral/IMPLEMENTACAO/Genomes/M_flocculare/MFC_ncbi_dataset/ncbi_dataset/data/strains/MF11/Use/busco_draft/prodigal_output/predicted_genes/predicted.faa 
# Current dir:     /home/lgef/Documentos/GitHub/Project_doctoral/IMPLEMENTACAO/Genomes/M_flocculare/MFC_ncbi_dataset/ncbi_dataset/data/strains/MF11/Use
# Date:            Fri Nov 29 12:33:05 2024
# [ok]
