#                                                                                         --- full sequence --- -------------- this domain -------------   hmm coord   ali coord   env coord
# target name                     accession   tlen query name           accession   qlen   E-value  score  bias   #  of  c-Evalue  i-Evalue  score  bias  from    to  from    to  from    to  acc description of target
#             ------------------- ---------- ----- -------------------- ---------- ----- --------- ------ ----- --- --- --------- --------- ------ ----- ----- ----- ----- ----- ----- ----- ---- ---------------------
NZ_QQRE01000003.1:7480-8361|-     -            294 2656at2085           -            232   2.9e-67  221.5  18.9   1   2   7.1e-41   5.5e-39  129.0   7.9     1   117     9   129     9   146 0.92 NZ_QQRE01000003.1_9 # 7480 # 8361 # -1 # ID=32_9;partial=00;start_type=ATG;rbs_motif=None;rbs_spacer=None;gc_cont=0.285
NZ_QQRE01000003.1:7480-8361|-     -            294 2656at2085           -            232   2.9e-67  221.5  18.9   2   2   1.9e-31   1.5e-29   98.1   3.4   120   232   160   293   143   293 0.81 NZ_QQRE01000003.1_9 # 7480 # 8361 # -1 # ID=32_9;partial=00;start_type=ATG;rbs_motif=None;rbs_spacer=None;gc_cont=0.285
NZ_QQRE01000001.1:94561-95874|+   -            438 2656at2085           -            232     7e-42  138.5   8.9   1   3   2.8e-20   2.2e-18   61.6   1.3     1   114     5   123     5   136 0.84 NZ_QQRE01000001.1_75 # 94561 # 95874 # 1 # ID=10_75;partial=00;start_type=ATG;rbs_motif=None;rbs_spacer=None;gc_cont=0.300
NZ_QQRE01000001.1:94561-95874|+   -            438 2656at2085           -            232     7e-42  138.5   8.9   2   3   2.7e-26   2.1e-24   81.3   0.3     2   132   174   312   173   319 0.86 NZ_QQRE01000001.1_75 # 94561 # 95874 # 1 # ID=10_75;partial=00;start_type=ATG;rbs_motif=None;rbs_spacer=None;gc_cont=0.300
NZ_QQRE01000001.1:94561-95874|+   -            438 2656at2085           -            232     7e-42  138.5   8.9   3   3       0.6        46   -1.6   0.1   105   132   321   348   302   361 0.68 NZ_QQRE01000001.1_75 # 94561 # 95874 # 1 # ID=10_75;partial=00;start_type=ATG;rbs_motif=None;rbs_spacer=None;gc_cont=0.300
NZ_QQRE01000003.1:44129-45457|-   -            443 2656at2085           -            232   1.4e-18   62.2   8.0   1   3       0.7        55   -1.9   0.2   116   146   126   156   112   210 0.56 NZ_QQRE01000003.1_58 # 44129 # 45457 # -1 # ID=32_58;partial=00;start_type=TTG;rbs_motif=AGGAG;rbs_spacer=5-10bp;gc_cont=0.312
NZ_QQRE01000003.1:44129-45457|-   -            443 2656at2085           -            232   1.4e-18   62.2   8.0   2   3   1.8e-20   1.4e-18   62.2   8.0     2   114   220   335   219   381 0.84 NZ_QQRE01000003.1_58 # 44129 # 45457 # -1 # ID=32_58;partial=00;start_type=TTG;rbs_motif=AGGAG;rbs_spacer=5-10bp;gc_cont=0.312
NZ_QQRE01000003.1:44129-45457|-   -            443 2656at2085           -            232   1.4e-18   62.2   8.0   3   3      0.89        69   -2.2   0.1    72   106   357   392   351   398 0.61 NZ_QQRE01000003.1_58 # 44129 # 45457 # -1 # ID=32_58;partial=00;start_type=TTG;rbs_motif=AGGAG;rbs_spacer=5-10bp;gc_cont=0.312
NZ_QQRE01000001.1:292396-292926|+ -            177 2656at2085           -            232   5.7e-13   43.9   0.6   1   1   8.6e-15   6.7e-13   43.6   0.6     2   129    19   154    18   172 0.77 NZ_QQRE01000001.1_207 # 292396 # 292926 # 1 # ID=10_207;partial=00;start_type=ATG;rbs_motif=None;rbs_spacer=None;gc_cont=0.320
NZ_QQRE01000007.1:9043-10146|+    -            368 2656at2085           -            232   2.6e-09   31.9   1.5   1   1   1.5e-09   1.2e-07   26.5   1.5     2   136     6   151     5   175 0.67 NZ_QQRE01000007.1_9 # 9043 # 10146 # 1 # ID=65_9;partial=00;start_type=ATG;rbs_motif=None;rbs_spacer=None;gc_cont=0.338
NZ_QQRE01000001.1:115038-115829|+ -            264 2656at2085           -            232   6.5e-09   30.6   0.2   1   2     0.041       3.2    2.1   2.8    66   123     6    64     1    87 0.71 NZ_QQRE01000001.1_92 # 115038 # 115829 # 1 # ID=10_92;partial=00;start_type=ATG;rbs_motif=None;rbs_spacer=None;gc_cont=0.264
NZ_QQRE01000001.1:115038-115829|+ -            264 2656at2085           -            232   6.5e-09   30.6   0.2   2   2   8.4e-11   6.5e-09   30.6   0.2     2    65   114   173   113   203 0.82 NZ_QQRE01000001.1_92 # 115038 # 115829 # 1 # ID=10_92;partial=00;start_type=ATG;rbs_motif=None;rbs_spacer=None;gc_cont=0.264
NZ_QQRE01000001.1:57092-58351|+   -            420 2656at2085           -            232   4.8e-08   27.8   3.3   1   1   1.6e-09   1.2e-07   26.4   3.3     1   121   159   291   159   401 0.71 NZ_QQRE01000001.1_44 # 57092 # 58351 # 1 # ID=10_44;partial=00;start_type=ATG;rbs_motif=AGGA;rbs_spacer=5-10bp;gc_cont=0.296
NZ_QQRE01000003.1:4142-4999|-     -            286 2656at2085           -            232   2.8e-07   25.2   0.3   1   2     0.046       3.5    2.0   1.7    59   123    55   124    45   154 0.63 NZ_QQRE01000003.1_5 # 4142 # 4999 # -1 # ID=32_5;partial=00;start_type=ATG;rbs_motif=None;rbs_spacer=None;gc_cont=0.272
NZ_QQRE01000003.1:4142-4999|-     -            286 2656at2085           -            232   2.8e-07   25.2   0.3   2   2   3.7e-09   2.8e-07   25.2   0.3     3    57   157   214   155   237 0.77 NZ_QQRE01000003.1_5 # 4142 # 4999 # -1 # ID=32_5;partial=00;start_type=ATG;rbs_motif=None;rbs_spacer=None;gc_cont=0.272
#
# Program:         hmmsearch
# Version:         3.1b2 (February 2015)
# Pipeline mode:   SEARCH
# Query file:      /home/lgef/Documentos/GitHub/Project_doctoral/IMPLEMENTACAO/Genomes/M_flocculare/MFC_ncbi_dataset/ncbi_dataset/data/strains/MF11/Use/busco_downloads/lineages/mycoplasmatales_odb10/hmms/2656at2085.hmm
# Target file:     /home/lgef/Documentos/GitHub/Project_doctoral/IMPLEMENTACAO/Genomes/M_flocculare/MFC_ncbi_dataset/ncbi_dataset/data/strains/MF11/Use/busco_draft/prodigal_output/predicted_genes/predicted.faa
# Option settings: hmmsearch --domtblout /home/lgef/Documentos/GitHub/Project_doctoral/IMPLEMENTACAO/Genomes/M_flocculare/MFC_ncbi_dataset/ncbi_dataset/data/strains/MF11/Use/busco_draft/run_mycoplasmatales_odb10/hmmer_output/2656at2085.out --cpu 1 /home/lgef/Documentos/GitHub/Project_doctoral/IMPLEMENTACAO/Genomes/M_flocculare/MFC_ncbi_dataset/ncbi_dataset/data/strains/MF11/Use/busco_downloads/lineages/mycoplasmatales_odb10/hmms/2656at2085.hmm /home/lgef/Documentos/GitHub/Project_doctoral/IMPLEMENTACAO/Genomes/M_flocculare/MFC_ncbi_dataset/ncbi_dataset/data/strains/MF11/Use/busco_draft/prodigal_output/predicted_genes/predicted.faa 
# Current dir:     /home/lgef/Documentos/GitHub/Project_doctoral/IMPLEMENTACAO/Genomes/M_flocculare/MFC_ncbi_dataset/ncbi_dataset/data/strains/MF11/Use
# Date:            Fri Nov 29 10:07:15 2024
# [ok]
