#                                                                                         --- full sequence --- -------------- this domain -------------   hmm coord   ali coord   env coord
# target name                     accession   tlen query name           accession   qlen   E-value  score  bias   #  of  c-Evalue  i-Evalue  score  bias  from    to  from    to  from    to  acc description of target
#             ------------------- ---------- ----- -------------------- ---------- ----- --------- ------ ----- --- --- --------- --------- ------ ----- ----- ----- ----- ----- ----- ----- ---- ---------------------
NZ_QQRE01000001.1:127403-128320|+ -            306 3146at2085           -            235   1.9e-85  281.1   3.5   1   2   3.4e-28   5.3e-26   86.5   0.0     1    63     4    69     4    76 0.96 NZ_QQRE01000001.1_101 # 127403 # 128320 # 1 # ID=10_101;partial=00;start_type=ATG;rbs_motif=GGA/GAG/AGG;rbs_spacer=5-10bp;gc_cont=0.344
NZ_QQRE01000001.1:127403-128320|+ -            306 3146at2085           -            235   1.9e-85  281.1   3.5   2   2   6.1e-61   9.5e-59  193.7   1.4    64   234   104   299    99   300 0.85 NZ_QQRE01000001.1_101 # 127403 # 128320 # 1 # ID=10_101;partial=00;start_type=ATG;rbs_motif=GGA/GAG/AGG;rbs_spacer=5-10bp;gc_cont=0.344
NZ_QQRE01000001.1:219752-221587|- -            612 3146at2085           -            235   4.9e-12   40.8   9.1   1   2   3.1e-08   4.9e-06   21.2   0.1     1    38   157   194   157   210 0.93 NZ_QQRE01000001.1_162 # 219752 # 221587 # -1 # ID=10_162;partial=00;start_type=ATG;rbs_motif=AGGA;rbs_spacer=5-10bp;gc_cont=0.351
NZ_QQRE01000001.1:219752-221587|- -            612 3146at2085           -            235   4.9e-12   40.8   9.1   2   2   6.1e-08   9.6e-06   20.2   5.1    48   224   270   468   237   479 0.66 NZ_QQRE01000001.1_162 # 219752 # 221587 # -1 # ID=10_162;partial=00;start_type=ATG;rbs_motif=AGGA;rbs_spacer=5-10bp;gc_cont=0.351
NZ_QQRE01000005.1:1082-1681|-     -            200 3146at2085           -            235   4.1e-10   34.5   0.0   1   1   4.6e-12   7.1e-10   33.8   0.0   189   235    19    65    11    65 0.92 NZ_QQRE01000005.1_2 # 1082 # 1681 # -1 # ID=54_2;partial=00;start_type=TTG;rbs_motif=None;rbs_spacer=None;gc_cont=0.352
NZ_QQRE01000001.1:18693-20552|+   -            620 3146at2085           -            235    0.0037   11.8   1.7   1   3    0.0014      0.22    6.0   0.0     1    30    12    41    12    48 0.85 NZ_QQRE01000001.1_13 # 18693 # 20552 # 1 # ID=10_13;partial=00;start_type=ATG;rbs_motif=GGAG/GAGG;rbs_spacer=5-10bp;gc_cont=0.322
NZ_QQRE01000001.1:18693-20552|+   -            620 3146at2085           -            235    0.0037   11.8   1.7   2   3    0.0061      0.95    3.9   0.2   117   169    86   142    72   164 0.73 NZ_QQRE01000001.1_13 # 18693 # 20552 # 1 # ID=10_13;partial=00;start_type=ATG;rbs_motif=GGAG/GAGG;rbs_spacer=5-10bp;gc_cont=0.322
NZ_QQRE01000001.1:18693-20552|+   -            620 3146at2085           -            235    0.0037   11.8   1.7   3   3      0.51        80   -2.4   0.0   200   231   360   391   350   394 0.66 NZ_QQRE01000001.1_13 # 18693 # 20552 # 1 # ID=10_13;partial=00;start_type=ATG;rbs_motif=GGAG/GAGG;rbs_spacer=5-10bp;gc_cont=0.322
#
# Program:         hmmsearch
# Version:         3.1b2 (February 2015)
# Pipeline mode:   SEARCH
# Query file:      /home/lgef/Documentos/GitHub/Project_doctoral/IMPLEMENTACAO/Genomes/M_flocculare/MFC_ncbi_dataset/ncbi_dataset/data/strains/MF11/Use/busco_downloads/lineages/mycoplasmatales_odb10/hmms/3146at2085.hmm
# Target file:     /home/lgef/Documentos/GitHub/Project_doctoral/IMPLEMENTACAO/Genomes/M_flocculare/MFC_ncbi_dataset/ncbi_dataset/data/strains/MF11/Use/busco_draft/prodigal_output/predicted_genes/predicted.faa
# Option settings: hmmsearch --domtblout /home/lgef/Documentos/GitHub/Project_doctoral/IMPLEMENTACAO/Genomes/M_flocculare/MFC_ncbi_dataset/ncbi_dataset/data/strains/MF11/Use/busco_draft/run_mycoplasmatales_odb10/hmmer_output/3146at2085.out --cpu 1 /home/lgef/Documentos/GitHub/Project_doctoral/IMPLEMENTACAO/Genomes/M_flocculare/MFC_ncbi_dataset/ncbi_dataset/data/strains/MF11/Use/busco_downloads/lineages/mycoplasmatales_odb10/hmms/3146at2085.hmm /home/lgef/Documentos/GitHub/Project_doctoral/IMPLEMENTACAO/Genomes/M_flocculare/MFC_ncbi_dataset/ncbi_dataset/data/strains/MF11/Use/busco_draft/prodigal_output/predicted_genes/predicted.faa 
# Current dir:     /home/lgef/Documentos/GitHub/Project_doctoral/IMPLEMENTACAO/Genomes/M_flocculare/MFC_ncbi_dataset/ncbi_dataset/data/strains/MF11/Use
# Date:            Fri Nov 29 10:07:15 2024
# [ok]
