#                                                                                         --- full sequence --- -------------- this domain -------------   hmm coord   ali coord   env coord
# target name                     accession   tlen query name           accession   qlen   E-value  score  bias   #  of  c-Evalue  i-Evalue  score  bias  from    to  from    to  from    to  acc description of target
#             ------------------- ---------- ----- -------------------- ---------- ----- --------- ------ ----- --- --- --------- --------- ------ ----- ----- ----- ----- ----- ----- ----- ---- ---------------------
NZ_QQRE01000001.1:178448-182881|+ -           1478 56at2085             -           1080         0 1361.7  42.0   1   3     0.041        13   -1.4   0.2   932   978    38    86    35   103 0.79 NZ_QQRE01000001.1_137 # 178448 # 182881 # 1 # ID=10_137;partial=00;start_type=ATG;rbs_motif=GGA/GAG/AGG;rbs_spacer=5-10bp;gc_cont=0.297
NZ_QQRE01000001.1:178448-182881|+ -           1478 56at2085             -           1080         0 1361.7  42.0   2   3     0.059        18   -2.0   0.2   290   370   145   228   139   293 0.66 NZ_QQRE01000001.1_137 # 178448 # 182881 # 1 # ID=10_137;partial=00;start_type=ATG;rbs_motif=GGA/GAG/AGG;rbs_spacer=5-10bp;gc_cont=0.297
NZ_QQRE01000001.1:178448-182881|+ -           1478 56at2085             -           1080         0 1361.7  42.0   3   3         0         0 1361.3  31.6    49  1080   326  1476   285  1476 0.89 NZ_QQRE01000001.1_137 # 178448 # 182881 # 1 # ID=10_137;partial=00;start_type=ATG;rbs_motif=GGA/GAG/AGG;rbs_spacer=5-10bp;gc_cont=0.297
NZ_QQRE01000005.1:12378-15332|-   -            985 56at2085             -           1080   3.6e-30   99.7  31.6   1   6     8e-08   2.5e-05   17.5   0.0    52   118     2    69     1    75 0.93 NZ_QQRE01000005.1_14 # 12378 # 15332 # -1 # ID=54_14;partial=00;start_type=ATG;rbs_motif=None;rbs_spacer=None;gc_cont=0.283
NZ_QQRE01000005.1:12378-15332|-   -            985 56at2085             -           1080   3.6e-30   99.7  31.6   2   6   5.9e-13   1.8e-10   34.5   3.3   436   566   186   320    82   324 0.70 NZ_QQRE01000005.1_14 # 12378 # 15332 # -1 # ID=54_14;partial=00;start_type=ATG;rbs_motif=None;rbs_spacer=None;gc_cont=0.283
NZ_QQRE01000005.1:12378-15332|-   -            985 56at2085             -           1080   3.6e-30   99.7  31.6   3   6   3.7e-06    0.0012   11.9   0.1   606   677   323   394   321   403 0.89 NZ_QQRE01000005.1_14 # 12378 # 15332 # -1 # ID=54_14;partial=00;start_type=ATG;rbs_motif=None;rbs_spacer=None;gc_cont=0.283
NZ_QQRE01000005.1:12378-15332|-   -            985 56at2085             -           1080   3.6e-30   99.7  31.6   4   6   0.00039      0.12    5.3   0.0   675   757   438   516   427   555 0.75 NZ_QQRE01000005.1_14 # 12378 # 15332 # -1 # ID=54_14;partial=00;start_type=ATG;rbs_motif=None;rbs_spacer=None;gc_cont=0.283
NZ_QQRE01000005.1:12378-15332|-   -            985 56at2085             -           1080   3.6e-30   99.7  31.6   5   6   1.4e-07   4.2e-05   16.7   6.9   904   943   682   721   614   731 0.77 NZ_QQRE01000005.1_14 # 12378 # 15332 # -1 # ID=54_14;partial=00;start_type=ATG;rbs_motif=None;rbs_spacer=None;gc_cont=0.283
NZ_QQRE01000005.1:12378-15332|-   -            985 56at2085             -           1080   3.6e-30   99.7  31.6   6   6     2e-10   6.3e-08   26.1   0.1   982  1074   729   823   718   830 0.84 NZ_QQRE01000005.1_14 # 12378 # 15332 # -1 # ID=54_14;partial=00;start_type=ATG;rbs_motif=None;rbs_spacer=None;gc_cont=0.283
#
# Program:         hmmsearch
# Version:         3.1b2 (February 2015)
# Pipeline mode:   SEARCH
# Query file:      /home/lgef/Documentos/GitHub/Project_doctoral/IMPLEMENTACAO/Genomes/M_flocculare/MFC_ncbi_dataset/ncbi_dataset/data/strains/MF11/Use/busco_downloads/lineages/mycoplasmatales_odb10/hmms/56at2085.hmm
# Target file:     /home/lgef/Documentos/GitHub/Project_doctoral/IMPLEMENTACAO/Genomes/M_flocculare/MFC_ncbi_dataset/ncbi_dataset/data/strains/MF11/Use/busco_draft/prodigal_output/predicted_genes/predicted.faa
# Option settings: hmmsearch --domtblout /home/lgef/Documentos/GitHub/Project_doctoral/IMPLEMENTACAO/Genomes/M_flocculare/MFC_ncbi_dataset/ncbi_dataset/data/strains/MF11/Use/busco_draft/run_mycoplasmatales_odb10/hmmer_output/56at2085.out --cpu 1 /home/lgef/Documentos/GitHub/Project_doctoral/IMPLEMENTACAO/Genomes/M_flocculare/MFC_ncbi_dataset/ncbi_dataset/data/strains/MF11/Use/busco_downloads/lineages/mycoplasmatales_odb10/hmms/56at2085.hmm /home/lgef/Documentos/GitHub/Project_doctoral/IMPLEMENTACAO/Genomes/M_flocculare/MFC_ncbi_dataset/ncbi_dataset/data/strains/MF11/Use/busco_draft/prodigal_output/predicted_genes/predicted.faa 
# Current dir:     /home/lgef/Documentos/GitHub/Project_doctoral/IMPLEMENTACAO/Genomes/M_flocculare/MFC_ncbi_dataset/ncbi_dataset/data/strains/MF11/Use
# Date:            Fri Nov 29 12:33:08 2024
# [ok]
