A	C	G	T	N	IUPAC	Other	GC	GC_stdev
0.3553	0.1425	0.1430	0.3591	0.0053	0.0000	0.0000	0.2855	0.0471

Main genome scaffold total:         	13
Main genome contig total:           	61
Main genome scaffold sequence total:	880293
Main genome contig sequence total:  	875586  	0.535% gap
Main genome scaffold N/L50:         	1/872758
Main genome contig N/L50:           	8/36836
Main genome scaffold N/L90:         	1/872758
Main genome contig N/L90:           	22/10644
Max scaffold length:                	872758
Max contig length:                  	83623
Number of scaffolds > 50 KB:        	1
% main genome in scaffolds > 50 KB: 	99.14%


Minimum 	Number        	Number        	Total         	Total         	Scaffold
Scaffold	of            	of            	Scaffold      	Contig        	Contig  
Length  	Scaffolds     	Contigs       	Length        	Length        	Coverage
--------	--------------	--------------	--------------	--------------	--------
    All 	            13	            61	        880293	        875586	  99.47%
    100 	            13	            61	        880293	        875586	  99.47%
    250 	             8	            56	        879148	        874441	  99.46%
    500 	             4	            52	        877817	        873110	  99.46%
   1000 	             3	            51	        877149	        872442	  99.46%
   2500 	             2	            50	        876122	        871415	  99.46%
   5000 	             1	            49	        872758	        868051	  99.46%
  10000 	             1	            49	        872758	        868051	  99.46%
  25000 	             1	            49	        872758	        868051	  99.46%
  50000 	             1	            49	        872758	        868051	  99.46%
 100000 	             1	            49	        872758	        868051	  99.46%
 250000 	             1	            49	        872758	        868051	  99.46%
 500000 	             1	            49	        872758	        868051	  99.46%

