#                                                                                   --- full sequence --- -------------- this domain -------------   hmm coord   ali coord   env coord
# target name               accession   tlen query name           accession   qlen   E-value  score  bias   #  of  c-Evalue  i-Evalue  score  bias  from    to  from    to  from    to  acc description of target
#       ------------------- ---------- ----- -------------------- ---------- ----- --------- ------ ----- --- --- --------- --------- ------ ----- ----- ----- ----- ----- ----- ----- ---- ---------------------
NC_021831.1:717395-718729|- -            445 1064at2085           -            350    7e-149  490.9  19.4   1   2     1e-56     2e-55  183.6   0.3     1   127    10   136    10   144 0.91 NC_021831.1_572 # 717395 # 718729 # -1 # ID=1_572;partial=00;start_type=ATG;rbs_motif=GGA/GAG/AGG;rbs_spacer=11-12bp;gc_cont=0.306
NC_021831.1:717395-718729|- -            445 1064at2085           -            350    7e-149  490.9  19.4   2   2     5e-95   9.8e-94  309.5  13.9   100   349   147   441   139   442 0.82 NC_021831.1_572 # 717395 # 718729 # -1 # ID=1_572;partial=00;start_type=ATG;rbs_motif=GGA/GAG/AGG;rbs_spacer=11-12bp;gc_cont=0.306
NC_021831.1:471402-473579|+ -            726 1064at2085           -            350   5.5e-79  261.0   7.7   1   3   1.6e-35   3.1e-34  113.8   0.2     2   123    39   161    38   225 0.76 NC_021831.1_401 # 471402 # 473579 # 1 # ID=1_401;partial=00;start_type=ATG;rbs_motif=GGA/GAG/AGG;rbs_spacer=5-10bp;gc_cont=0.303
NC_021831.1:471402-473579|+ -            726 1064at2085           -            350   5.5e-79  261.0   7.7   2   3       4.9        96   -2.9   0.6    96   132   266   286   257   338 0.53 NC_021831.1_401 # 471402 # 473579 # 1 # ID=1_401;partial=00;start_type=ATG;rbs_motif=GGA/GAG/AGG;rbs_spacer=5-10bp;gc_cont=0.303
NC_021831.1:471402-473579|+ -            726 1064at2085           -            350   5.5e-79  261.0   7.7   3   3   3.4e-49   6.6e-48  158.8   2.4   104   289   435   621   422   635 0.85 NC_021831.1_401 # 471402 # 473579 # 1 # ID=1_401;partial=00;start_type=ATG;rbs_motif=GGA/GAG/AGG;rbs_spacer=5-10bp;gc_cont=0.303
NC_021831.1:676556-678094|+ -            513 1064at2085           -            350   4.1e-49  162.8  17.4   1   4   1.1e-12   2.2e-11   38.7   0.1     1    97     6   107     6   117 0.84 NC_021831.1_542 # 676556 # 678094 # 1 # ID=1_542;partial=00;start_type=TTG;rbs_motif=AGGA;rbs_spacer=5-10bp;gc_cont=0.318
NC_021831.1:676556-678094|+ -            513 1064at2085           -            350   4.1e-49  162.8  17.4   2   4   4.4e-20   8.6e-19   63.1   0.7   150   272   116   237   109   247 0.92 NC_021831.1_542 # 676556 # 678094 # 1 # ID=1_542;partial=00;start_type=TTG;rbs_motif=AGGA;rbs_spacer=5-10bp;gc_cont=0.318
NC_021831.1:676556-678094|+ -            513 1064at2085           -            350   4.1e-49  162.8  17.4   3   4   5.6e-08   1.1e-06   23.2   0.2    12    73   278   341   264   369 0.81 NC_021831.1_542 # 676556 # 678094 # 1 # ID=1_542;partial=00;start_type=TTG;rbs_motif=AGGA;rbs_spacer=5-10bp;gc_cont=0.318
NC_021831.1:676556-678094|+ -            513 1064at2085           -            350   4.1e-49  162.8  17.4   4   4   2.3e-15   4.6e-14   47.5   1.7   159   262   391   495   376   502 0.86 NC_021831.1_542 # 676556 # 678094 # 1 # ID=1_542;partial=00;start_type=TTG;rbs_motif=AGGA;rbs_spacer=5-10bp;gc_cont=0.318
NC_021831.1:290969-292498|+ -            510 1064at2085           -            350   4.8e-48  159.3  10.4   1   4   4.6e-15     9e-14   46.6   0.1     2    99    11   116    10   121 0.89 NC_021831.1_259 # 290969 # 292498 # 1 # ID=1_259;partial=00;start_type=TTG;rbs_motif=GGAGG;rbs_spacer=5-10bp;gc_cont=0.318
NC_021831.1:290969-292498|+ -            510 1064at2085           -            350   4.8e-48  159.3  10.4   2   4   2.6e-15   5.2e-14   47.3   0.4   153   256   127   229   116   251 0.92 NC_021831.1_259 # 290969 # 292498 # 1 # ID=1_259;partial=00;start_type=TTG;rbs_motif=GGAGG;rbs_spacer=5-10bp;gc_cont=0.318
NC_021831.1:290969-292498|+ -            510 1064at2085           -            350   4.8e-48  159.3  10.4   3   4   0.00049    0.0096   10.3   0.0    16    67   280   331   273   343 0.90 NC_021831.1_259 # 290969 # 292498 # 1 # ID=1_259;partial=00;start_type=TTG;rbs_motif=GGAGG;rbs_spacer=5-10bp;gc_cont=0.318
NC_021831.1:290969-292498|+ -            510 1064at2085           -            350   4.8e-48  159.3  10.4   4   4   5.1e-19     1e-17   59.5   0.3   150   259   381   490   374   502 0.90 NC_021831.1_259 # 290969 # 292498 # 1 # ID=1_259;partial=00;start_type=TTG;rbs_motif=GGAGG;rbs_spacer=5-10bp;gc_cont=0.318
NC_021831.1:488143-489303|+ -            387 1064at2085           -            350   5.9e-47  155.7  14.5   1   1   6.8e-48   1.3e-46  154.5  14.5     2   297     8   313     7   361 0.76 NC_021831.1_411 # 488143 # 489303 # 1 # ID=1_411;partial=00;start_type=ATG;rbs_motif=None;rbs_spacer=None;gc_cont=0.256
NC_021831.1:587602-588498|- -            299 1064at2085           -            350   1.9e-35  117.9   4.1   1   2   9.1e-21   1.8e-19   65.3   1.0     1   107    60   176    60   194 0.79 NC_021831.1_482 # 587602 # 588498 # -1 # ID=1_482;partial=00;start_type=GTG;rbs_motif=AGGAG;rbs_spacer=5-10bp;gc_cont=0.357
NC_021831.1:587602-588498|- -            299 1064at2085           -            350   1.9e-35  117.9   4.1   2   2   2.1e-17     4e-16   54.3   0.1   160   258   180   277   177   284 0.89 NC_021831.1_482 # 587602 # 588498 # -1 # ID=1_482;partial=00;start_type=GTG;rbs_motif=AGGAG;rbs_spacer=5-10bp;gc_cont=0.357
NC_021831.1:265694-267025|+ -            444 1064at2085           -            350   3.6e-35  116.9   3.2   1   2   1.5e-10   2.8e-09   31.8   0.2     3   103    45   160    43   184 0.73 NC_021831.1_244 # 265694 # 267025 # 1 # ID=1_244;partial=00;start_type=ATG;rbs_motif=GGAG/GAGG;rbs_spacer=5-10bp;gc_cont=0.291
NC_021831.1:265694-267025|+ -            444 1064at2085           -            350   3.6e-35  116.9   3.2   2   2     6e-27   1.2e-25   85.6   0.2   140   267   242   369   200   375 0.86 NC_021831.1_244 # 265694 # 267025 # 1 # ID=1_244;partial=00;start_type=ATG;rbs_motif=GGAG/GAGG;rbs_spacer=5-10bp;gc_cont=0.291
NC_021831.1:328773-329591|+ -            273 1064at2085           -            350   9.9e-34  112.2   7.7   1   2   1.1e-14   2.1e-13   45.4   1.9     2   104     2   110     1   117 0.83 NC_021831.1_290 # 328773 # 329591 # 1 # ID=1_290;partial=00;start_type=ATG;rbs_motif=GGA/GAG/AGG;rbs_spacer=5-10bp;gc_cont=0.306
NC_021831.1:328773-329591|+ -            273 1064at2085           -            350   9.9e-34  112.2   7.7   2   2   1.5e-22   2.9e-21   71.2   0.8   153   271   112   229   106   245 0.94 NC_021831.1_290 # 328773 # 329591 # 1 # ID=1_290;partial=00;start_type=ATG;rbs_motif=GGA/GAG/AGG;rbs_spacer=5-10bp;gc_cont=0.306
NC_021831.1:398467-400419|+ -            651 1064at2085           -            350   4.7e-33  110.0  11.2   1   2   9.6e-19   1.9e-17   58.6   4.5     1    95     1    93     1   106 0.93 NC_021831.1_344 # 398467 # 400419 # 1 # ID=1_344;partial=00;start_type=ATG;rbs_motif=GGAG/GAGG;rbs_spacer=5-10bp;gc_cont=0.242
NC_021831.1:398467-400419|+ -            651 1064at2085           -            350   4.7e-33  110.0  11.2   2   2   1.5e-17   2.9e-16   54.7   0.7   146   259    99   207    93   229 0.84 NC_021831.1_344 # 398467 # 400419 # 1 # ID=1_344;partial=00;start_type=ATG;rbs_motif=GGAG/GAGG;rbs_spacer=5-10bp;gc_cont=0.242
NC_021831.1:329564-330466|+ -            301 1064at2085           -            350     3e-32  107.3   2.4   1   2   1.6e-11   3.1e-10   34.9   2.1     2   106     3   132     2   138 0.65 NC_021831.1_291 # 329564 # 330466 # 1 # ID=1_291;partial=00;start_type=ATG;rbs_motif=GGA/GAG/AGG;rbs_spacer=5-10bp;gc_cont=0.306
NC_021831.1:329564-330466|+ -            301 1064at2085           -            350     3e-32  107.3   2.4   2   2   1.1e-21   2.1e-20   68.4   0.0   152   282   131   261   125   294 0.86 NC_021831.1_291 # 329564 # 330466 # 1 # ID=1_291;partial=00;start_type=ATG;rbs_motif=GGA/GAG/AGG;rbs_spacer=5-10bp;gc_cont=0.306
NC_021831.1:430122-432509|- -            796 1064at2085           -            350   5.8e-32  106.4   9.3   1   2     4e-19   7.8e-18   59.9   2.9     1   125     1   125     1   127 0.83 NC_021831.1_371 # 430122 # 432509 # -1 # ID=1_371;partial=00;start_type=ATG;rbs_motif=None;rbs_spacer=None;gc_cont=0.250
NC_021831.1:430122-432509|- -            796 1064at2085           -            350   5.8e-32  106.4   9.3   2   2     2e-16   3.8e-15   51.0   1.0   170   266   119   213   104   219 0.88 NC_021831.1_371 # 430122 # 432509 # -1 # ID=1_371;partial=00;start_type=ATG;rbs_motif=None;rbs_spacer=None;gc_cont=0.250
NC_021831.1:656945-659269|- -            775 1064at2085           -            350   8.8e-31  102.5   9.3   1   3   2.4e-09   4.8e-08   27.7   2.3     8   102    15   114     5   160 0.78 NC_021831.1_528 # 656945 # 659269 # -1 # ID=1_528;partial=00;start_type=ATG;rbs_motif=AGxAG;rbs_spacer=5-10bp;gc_cont=0.278
NC_021831.1:656945-659269|- -            775 1064at2085           -            350   8.8e-31  102.5   9.3   2   3       2.7        52   -2.0   2.5    69   160   311   404   304   425 0.57 NC_021831.1_528 # 656945 # 659269 # -1 # ID=1_528;partial=00;start_type=ATG;rbs_motif=AGxAG;rbs_spacer=5-10bp;gc_cont=0.278
NC_021831.1:656945-659269|- -            775 1064at2085           -            350   8.8e-31  102.5   9.3   3   3   1.3e-27   2.6e-26   87.8   0.7   106   271   547   709   523   718 0.78 NC_021831.1_528 # 656945 # 659269 # -1 # ID=1_528;partial=00;start_type=ATG;rbs_motif=AGxAG;rbs_spacer=5-10bp;gc_cont=0.278
NC_021831.1:379514-381478|- -            655 1064at2085           -            350   2.4e-30  101.1  10.6   1   2   6.1e-19   1.2e-17   59.3   6.0     1   122     1   120     1   126 0.86 NC_021831.1_334 # 379514 # 381478 # -1 # ID=1_334;partial=00;start_type=ATG;rbs_motif=GGA/GAG/AGG;rbs_spacer=5-10bp;gc_cont=0.245
NC_021831.1:379514-381478|- -            655 1064at2085           -            350   2.4e-30  101.1  10.6   2   2     1e-14     2e-13   45.4   0.4   171   267   121   215   111   250 0.87 NC_021831.1_334 # 379514 # 381478 # -1 # ID=1_334;partial=00;start_type=ATG;rbs_motif=GGA/GAG/AGG;rbs_spacer=5-10bp;gc_cont=0.245
NC_021831.1:18883-21159|-   -            759 1064at2085           -            350     5e-30  100.0   8.5   1   2   2.6e-19   5.1e-18   60.5   4.3     1   107     1   104     1   120 0.87 NC_021831.1_21 # 18883 # 21159 # -1 # ID=1_21;partial=00;start_type=ATG;rbs_motif=None;rbs_spacer=None;gc_cont=0.252
NC_021831.1:18883-21159|-   -            759 1064at2085           -            350     5e-30  100.0   8.5   2   2   2.4e-13   4.7e-12   40.9   0.1   170   258   119   205   106   218 0.90 NC_021831.1_21 # 18883 # 21159 # -1 # ID=1_21;partial=00;start_type=ATG;rbs_motif=None;rbs_spacer=None;gc_cont=0.252
NC_021831.1:29374-31701|-   -            776 1064at2085           -            350   7.3e-30   99.5  16.2   1   3   5.7e-20   1.1e-18   62.7   2.9     1   113     1   110     1   121 0.87 NC_021831.1_27 # 29374 # 31701 # -1 # ID=1_27;partial=00;start_type=ATG;rbs_motif=None;rbs_spacer=None;gc_cont=0.262
NC_021831.1:29374-31701|-   -            776 1064at2085           -            350   7.3e-30   99.5  16.2   2   3   4.4e-15   8.5e-14   46.6   0.4   171   258   120   205   108   220 0.91 NC_021831.1_27 # 29374 # 31701 # -1 # ID=1_27;partial=00;start_type=ATG;rbs_motif=None;rbs_spacer=None;gc_cont=0.262
NC_021831.1:29374-31701|-   -            776 1064at2085           -            350   7.3e-30   99.5  16.2   3   3       5.1     1e+02   -2.9   1.0    95   146   404   451   401   492 0.53 NC_021831.1_27 # 29374 # 31701 # -1 # ID=1_27;partial=00;start_type=ATG;rbs_motif=None;rbs_spacer=None;gc_cont=0.262
NC_021831.1:23673-26000|-   -            776 1064at2085           -            350   1.7e-29   98.2   9.7   1   2   9.4e-19   1.8e-17   58.7   5.3     2   116     2   113     1   125 0.83 NC_021831.1_24 # 23673 # 26000 # -1 # ID=1_24;partial=00;start_type=ATG;rbs_motif=None;rbs_spacer=None;gc_cont=0.264
NC_021831.1:23673-26000|-   -            776 1064at2085           -            350   1.7e-29   98.2   9.7   2   2   6.6e-14   1.3e-12   42.8   0.8   165   263   113   212    97   236 0.83 NC_021831.1_24 # 23673 # 26000 # -1 # ID=1_24;partial=00;start_type=ATG;rbs_motif=None;rbs_spacer=None;gc_cont=0.264
NC_021831.1:659269-660321|- -            351 1064at2085           -            350   1.1e-28   95.5   0.7   1   2   8.2e-08   1.6e-06   22.7   0.2    11    72    26    88     9    94 0.78 NC_021831.1_529 # 659269 # 660321 # -1 # ID=1_529;partial=00;start_type=ATG;rbs_motif=GGxGG;rbs_spacer=5-10bp;gc_cont=0.326
NC_021831.1:659269-660321|- -            351 1064at2085           -            350   1.1e-28   95.5   0.7   2   2   1.3e-22   2.5e-21   71.4   0.0   153   271   133   254   121   263 0.89 NC_021831.1_529 # 659269 # 660321 # -1 # ID=1_529;partial=00;start_type=ATG;rbs_motif=GGxGG;rbs_spacer=5-10bp;gc_cont=0.326
NC_021831.1:258923-260539|- -            539 1064at2085           -            350   5.3e-28   93.3   4.3   1   5   2.6e-13   5.1e-12   40.8   0.8     1    64     1    64     1   104 0.82 NC_021831.1_239 # 258923 # 260539 # -1 # ID=1_239;partial=00;start_type=ATG;rbs_motif=AGGA;rbs_spacer=5-10bp;gc_cont=0.331
NC_021831.1:258923-260539|- -            539 1064at2085           -            350   5.3e-28   93.3   4.3   2   5       1.6        32   -1.3   0.0   248   273    83   109    62   116 0.75 NC_021831.1_239 # 258923 # 260539 # -1 # ID=1_239;partial=00;start_type=ATG;rbs_motif=AGGA;rbs_spacer=5-10bp;gc_cont=0.331
NC_021831.1:258923-260539|- -            539 1064at2085           -            350   5.3e-28   93.3   4.3   3   5   2.1e-09   4.1e-08   27.9   0.0   171   261   148   234   130   281 0.84 NC_021831.1_239 # 258923 # 260539 # -1 # ID=1_239;partial=00;start_type=ATG;rbs_motif=AGGA;rbs_spacer=5-10bp;gc_cont=0.331
NC_021831.1:258923-260539|- -            539 1064at2085           -            350   5.3e-28   93.3   4.3   4   5    0.0056      0.11    6.8   0.0    12    60   332   380   320   395 0.87 NC_021831.1_239 # 258923 # 260539 # -1 # ID=1_239;partial=00;start_type=ATG;rbs_motif=AGGA;rbs_spacer=5-10bp;gc_cont=0.331
NC_021831.1:258923-260539|- -            539 1064at2085           -            350   5.3e-28   93.3   4.3   5   5   1.6e-05   0.00032   15.1   0.0   174   223   443   492   418   535 0.78 NC_021831.1_239 # 258923 # 260539 # -1 # ID=1_239;partial=00;start_type=ATG;rbs_motif=AGGA;rbs_spacer=5-10bp;gc_cont=0.331
NC_021831.1:381556-383838|- -            761 1064at2085           -            350   1.6e-27   91.8  17.6   1   3   8.5e-18   1.7e-16   55.5   4.4     1    94     1    91     1    94 0.90 NC_021831.1_335 # 381556 # 383838 # -1 # ID=1_335;partial=00;start_type=ATG;rbs_motif=GGA/GAG/AGG;rbs_spacer=5-10bp;gc_cont=0.254
NC_021831.1:381556-383838|- -            761 1064at2085           -            350   1.6e-27   91.8  17.6   2   3     1e-13   1.9e-12   42.2   4.0   143   281    95   228    92   306 0.79 NC_021831.1_335 # 381556 # 383838 # -1 # ID=1_335;partial=00;start_type=ATG;rbs_motif=GGA/GAG/AGG;rbs_spacer=5-10bp;gc_cont=0.254
NC_021831.1:381556-383838|- -            761 1064at2085           -            350   1.6e-27   91.8  17.6   3   3       1.5        30   -1.2   0.1    83   121   275   320   260   349 0.54 NC_021831.1_335 # 381556 # 383838 # -1 # ID=1_335;partial=00;start_type=ATG;rbs_motif=GGA/GAG/AGG;rbs_spacer=5-10bp;gc_cont=0.254
NC_021831.1:396056-398374|+ -            773 1064at2085           -            350   2.9e-27   90.9  15.0   1   3   3.5e-17   6.8e-16   53.5   3.2     1    95     1    93     1   103 0.93 NC_021831.1_343 # 396056 # 398374 # 1 # ID=1_343;partial=00;start_type=ATG;rbs_motif=None;rbs_spacer=None;gc_cont=0.263
NC_021831.1:396056-398374|+ -            773 1064at2085           -            350   2.9e-27   90.9  15.0   2   3   1.3e-14   2.6e-13   45.0   1.4   151   268   100   216    93   240 0.84 NC_021831.1_343 # 396056 # 398374 # 1 # ID=1_343;partial=00;start_type=ATG;rbs_motif=None;rbs_spacer=None;gc_cont=0.263
NC_021831.1:396056-398374|+ -            773 1064at2085           -            350   2.9e-27   90.9  15.0   3   3       6.6   1.3e+02   -3.3   0.1    33    94   548   606   529   612 0.66 NC_021831.1_343 # 396056 # 398374 # 1 # ID=1_343;partial=00;start_type=ATG;rbs_motif=None;rbs_spacer=None;gc_cont=0.263
NC_021831.1:491737-494037|+ -            767 1064at2085           -            350     3e-26   87.6  10.4   1   3   5.9e-18   1.2e-16   56.1   2.6     1   126     1   127     1   128 0.86 NC_021831.1_415 # 491737 # 494037 # 1 # ID=1_415;partial=00;start_type=ATG;rbs_motif=GGA/GAG/AGG;rbs_spacer=5-10bp;gc_cont=0.292
NC_021831.1:491737-494037|+ -            767 1064at2085           -            350     3e-26   87.6  10.4   2   3   5.6e-12   1.1e-10   36.4   0.2   173   253   123   201   102   212 0.86 NC_021831.1_415 # 491737 # 494037 # 1 # ID=1_415;partial=00;start_type=ATG;rbs_motif=GGA/GAG/AGG;rbs_spacer=5-10bp;gc_cont=0.292
NC_021831.1:491737-494037|+ -            767 1064at2085           -            350     3e-26   87.6  10.4   3   3      0.54        11    0.3   0.1    85   157   527   600   521   607 0.82 NC_021831.1_415 # 491737 # 494037 # 1 # ID=1_415;partial=00;start_type=ATG;rbs_motif=GGA/GAG/AGG;rbs_spacer=5-10bp;gc_cont=0.292
NC_021831.1:786385-787917|+ -            511 1064at2085           -            350     3e-26   87.6  18.7   1   4   7.8e-13   1.5e-11   39.2   1.0     2   119    14   136    13   148 0.86 NC_021831.1_630 # 786385 # 787917 # 1 # ID=1_630;partial=00;start_type=GTG;rbs_motif=GGA/GAG/AGG;rbs_spacer=11-12bp;gc_cont=0.323
NC_021831.1:786385-787917|+ -            511 1064at2085           -            350     3e-26   87.6  18.7   2   4   7.3e-06   0.00014   16.3   1.7   155   260   126   230   120   275 0.77 NC_021831.1_630 # 786385 # 787917 # 1 # ID=1_630;partial=00;start_type=GTG;rbs_motif=GGA/GAG/AGG;rbs_spacer=11-12bp;gc_cont=0.323
NC_021831.1:786385-787917|+ -            511 1064at2085           -            350     3e-26   87.6  18.7   3   4    0.0034     0.067    7.5   0.2    17    69   280   331   266   336 0.84 NC_021831.1_630 # 786385 # 787917 # 1 # ID=1_630;partial=00;start_type=GTG;rbs_motif=GGA/GAG/AGG;rbs_spacer=11-12bp;gc_cont=0.323
NC_021831.1:786385-787917|+ -            511 1064at2085           -            350     3e-26   87.6  18.7   4   4   4.7e-12   9.1e-11   36.7   0.7   140   259   375   492   355   503 0.74 NC_021831.1_630 # 786385 # 787917 # 1 # ID=1_630;partial=00;start_type=GTG;rbs_motif=GGA/GAG/AGG;rbs_spacer=11-12bp;gc_cont=0.323
NC_021831.1:611844-612560|- -            239 1064at2085           -            350   9.1e-25   82.7   3.0   1   2   4.4e-10   8.7e-09   30.2   0.7     1    63     5    68     5    90 0.88 NC_021831.1_498 # 611844 # 612560 # -1 # ID=1_498;partial=00;start_type=ATG;rbs_motif=AGGA;rbs_spacer=5-10bp;gc_cont=0.265
NC_021831.1:611844-612560|- -            239 1064at2085           -            350   9.1e-25   82.7   3.0   2   2   4.1e-17     8e-16   53.3   0.1   136   268    93   225    74   233 0.87 NC_021831.1_498 # 611844 # 612560 # -1 # ID=1_498;partial=00;start_type=ATG;rbs_motif=AGGA;rbs_spacer=5-10bp;gc_cont=0.265
NC_021831.1:26966-29263|-   -            766 1064at2085           -            350   3.4e-24   80.8  14.1   1   3   4.9e-17   9.6e-16   53.0   4.7     1   115     1   112     1   125 0.84 NC_021831.1_26 # 26966 # 29263 # -1 # ID=1_26;partial=00;start_type=ATG;rbs_motif=AGGAG(G)/GGAGG;rbs_spacer=13-15bp;gc_cont=0.240
NC_021831.1:26966-29263|-   -            766 1064at2085           -            350   3.4e-24   80.8  14.1   2   3   2.1e-11   4.1e-10   34.5   0.3   171   258   120   205   107   226 0.85 NC_021831.1_26 # 26966 # 29263 # -1 # ID=1_26;partial=00;start_type=ATG;rbs_motif=AGGAG(G)/GGAGG;rbs_spacer=13-15bp;gc_cont=0.240
NC_021831.1:26966-29263|-   -            766 1064at2085           -            350   3.4e-24   80.8  14.1   3   3       3.1        61   -2.2   0.2   104   166   540   603   529   637 0.62 NC_021831.1_26 # 26966 # 29263 # -1 # ID=1_26;partial=00;start_type=ATG;rbs_motif=AGGAG(G)/GGAGG;rbs_spacer=13-15bp;gc_cont=0.240
NC_021831.1:264292-265704|+ -            471 1064at2085           -            350   4.8e-24   80.3   9.4   1   3         2        40   -1.6   0.4   101   152    68   115    37   139 0.51 NC_021831.1_243 # 264292 # 265704 # 1 # ID=1_243;partial=00;start_type=ATG;rbs_motif=AGGAGG;rbs_spacer=5-10bp;gc_cont=0.320
NC_021831.1:264292-265704|+ -            471 1064at2085           -            350   4.8e-24   80.3   9.4   2   3   2.5e-06   4.9e-05   17.8   0.1    14   110   141   251   127   266 0.70 NC_021831.1_243 # 264292 # 265704 # 1 # ID=1_243;partial=00;start_type=ATG;rbs_motif=AGGAGG;rbs_spacer=5-10bp;gc_cont=0.320
NC_021831.1:264292-265704|+ -            471 1064at2085           -            350   4.8e-24   80.3   9.4   3   3   1.3e-21   2.5e-20   68.1   0.9   173   270   272   369   247   375 0.90 NC_021831.1_243 # 264292 # 265704 # 1 # ID=1_243;partial=00;start_type=ATG;rbs_motif=AGGAGG;rbs_spacer=5-10bp;gc_cont=0.320
NC_021831.1:460569-461339|+ -            257 1064at2085           -            350   1.7e-22   75.2   4.8   1   2   6.5e-07   1.3e-05   19.7   0.3    12    76    22    86     9   131 0.71 NC_021831.1_393 # 460569 # 461339 # 1 # ID=1_393;partial=00;start_type=ATG;rbs_motif=None;rbs_spacer=None;gc_cont=0.263
NC_021831.1:460569-461339|+ -            257 1064at2085           -            350   1.7e-22   75.2   4.8   2   2   6.6e-19   1.3e-17   59.2   2.7    83   267    56   242    56   249 0.74 NC_021831.1_393 # 460569 # 461339 # 1 # ID=1_393;partial=00;start_type=ATG;rbs_motif=None;rbs_spacer=None;gc_cont=0.263
NC_021831.1:824697-826316|+ -            540 1064at2085           -            350   3.5e-22   74.2   4.7   1   2   6.6e-12   1.3e-10   36.2   0.7     1    72   336   408   336   419 0.92 NC_021831.1_652 # 824697 # 826316 # 1 # ID=1_652;partial=00;start_type=ATG;rbs_motif=None;rbs_spacer=None;gc_cont=0.227
NC_021831.1:824697-826316|+ -            540 1064at2085           -            350   3.5e-22   74.2   4.7   2   2   1.7e-13   3.3e-12   41.4   0.5   114   250   402   536   400   539 0.83 NC_021831.1_652 # 824697 # 826316 # 1 # ID=1_652;partial=00;start_type=ATG;rbs_motif=None;rbs_spacer=None;gc_cont=0.227
NC_021831.1:876856-878469|+ -            538 1064at2085           -            350   2.5e-19   64.8   7.5   1   2   7.8e-15   1.5e-13   45.8   1.2     2    72   325   395   324   422 0.86 NC_021831.1_689 # 876856 # 878469 # 1 # ID=1_689;partial=00;start_type=ATG;rbs_motif=AGxAGG/AGGxGG;rbs_spacer=5-10bp;gc_cont=0.263
NC_021831.1:876856-878469|+ -            538 1064at2085           -            350   2.5e-19   64.8   7.5   2   2   1.2e-07   2.4e-06   22.1   0.6   157   240   427   514   421   521 0.78 NC_021831.1_689 # 876856 # 878469 # 1 # ID=1_689;partial=00;start_type=ATG;rbs_motif=AGxAGG/AGGxGG;rbs_spacer=5-10bp;gc_cont=0.263
NC_021831.1:818027-819640|+ -            538 1064at2085           -            350   2.9e-18   61.3   6.5   1   4       5.9   1.1e+02   -3.1   0.4    79   108    72   101    67   121 0.64 NC_021831.1_649 # 818027 # 819640 # 1 # ID=1_649;partial=00;start_type=ATG;rbs_motif=AGGAG;rbs_spacer=5-10bp;gc_cont=0.242
NC_021831.1:818027-819640|+ -            538 1064at2085           -            350   2.9e-18   61.3   6.5   2   4       7.4   1.4e+02   -3.5   0.1   131   150   300   316   289   332 0.60 NC_021831.1_649 # 818027 # 819640 # 1 # ID=1_649;partial=00;start_type=ATG;rbs_motif=AGGAG;rbs_spacer=5-10bp;gc_cont=0.242
NC_021831.1:818027-819640|+ -            538 1064at2085           -            350   2.9e-18   61.3   6.5   3   4   2.7e-10   5.2e-09   30.9   0.4     6    71   339   405   334   417 0.87 NC_021831.1_649 # 818027 # 819640 # 1 # ID=1_649;partial=00;start_type=ATG;rbs_motif=AGGAG;rbs_spacer=5-10bp;gc_cont=0.242
NC_021831.1:818027-819640|+ -            538 1064at2085           -            350   2.9e-18   61.3   6.5   4   4   1.5e-13   2.9e-12   41.6   1.2   154   251   435   534   421   537 0.79 NC_021831.1_649 # 818027 # 819640 # 1 # ID=1_649;partial=00;start_type=ATG;rbs_motif=AGGAG;rbs_spacer=5-10bp;gc_cont=0.242
NC_021831.1:875504-876868|+ -            455 1064at2085           -            350   6.4e-14   47.0   8.1   1   3       2.5        49   -1.9   0.1   126   154   131   161   113   175 0.75 NC_021831.1_688 # 875504 # 876868 # 1 # ID=1_688;partial=00;start_type=ATG;rbs_motif=None;rbs_spacer=None;gc_cont=0.252
NC_021831.1:875504-876868|+ -            455 1064at2085           -            350   6.4e-14   47.0   8.1   2   3   7.1e-10   1.4e-08   29.5   0.9     2    94   247   341   246   344 0.80 NC_021831.1_688 # 875504 # 876868 # 1 # ID=1_688;partial=00;start_type=ATG;rbs_motif=None;rbs_spacer=None;gc_cont=0.252
NC_021831.1:875504-876868|+ -            455 1064at2085           -            350   6.4e-14   47.0   8.1   3   3   2.5e-07   4.9e-06   21.1   0.1   166   249   362   443   344   451 0.79 NC_021831.1_688 # 875504 # 876868 # 1 # ID=1_688;partial=00;start_type=ATG;rbs_motif=None;rbs_spacer=None;gc_cont=0.252
NC_021831.1:823078-824688|+ -            537 1064at2085           -            350   9.2e-14   46.5   6.6   1   2   5.6e-11   1.1e-09   33.1   2.7     2   127   334   462   333   463 0.80 NC_021831.1_651 # 823078 # 824688 # 1 # ID=1_651;partial=00;start_type=ATG;rbs_motif=GGA/GAG/AGG;rbs_spacer=5-10bp;gc_cont=0.186
NC_021831.1:823078-824688|+ -            537 1064at2085           -            350   9.2e-14   46.5   6.6   2   2   3.3e-06   6.5e-05   17.4   0.4   170   250   456   534   431   536 0.70 NC_021831.1_651 # 823078 # 824688 # 1 # ID=1_651;partial=00;start_type=ATG;rbs_motif=GGA/GAG/AGG;rbs_spacer=5-10bp;gc_cont=0.186
NC_021831.1:816406-818016|+ -            537 1064at2085           -            350   1.2e-13   46.2   0.2   1   2   1.5e-10     3e-09   31.7   0.1     2    72   334   406   333   433 0.85 NC_021831.1_648 # 816406 # 818016 # 1 # ID=1_648;partial=00;start_type=ATG;rbs_motif=AGGA;rbs_spacer=5-10bp;gc_cont=0.238
NC_021831.1:816406-818016|+ -            537 1064at2085           -            350   1.2e-13   46.2   0.2   2   2   0.00017    0.0033   11.8   0.0   174   231   460   514   440   535 0.72 NC_021831.1_648 # 816406 # 818016 # 1 # ID=1_648;partial=00;start_type=ATG;rbs_motif=AGGA;rbs_spacer=5-10bp;gc_cont=0.238
NC_021831.1:23387-23599|-   -             71 1064at2085           -            350   1.9e-12   42.2   2.2   1   1   1.1e-13   2.1e-12   42.0   2.2     1    65     1    65     1    69 0.95 NC_021831.1_23 # 23387 # 23599 # -1 # ID=1_23;partial=00;start_type=ATG;rbs_motif=None;rbs_spacer=None;gc_cont=0.239
NC_021831.1:115064-117688|- -            875 1064at2085           -            350   1.3e-11   39.4   8.3   1   4     0.015      0.29    5.4   0.1    15    42    19    46    13    57 0.90 NC_021831.1_99 # 115064 # 117688 # -1 # ID=1_99;partial=00;start_type=ATG;rbs_motif=None;rbs_spacer=None;gc_cont=0.328
NC_021831.1:115064-117688|- -            875 1064at2085           -            350   1.3e-11   39.4   8.3   2   4   6.3e-07   1.2e-05   19.8   0.0   153   249   467   563   442   601 0.77 NC_021831.1_99 # 115064 # 117688 # -1 # ID=1_99;partial=00;start_type=ATG;rbs_motif=None;rbs_spacer=None;gc_cont=0.328
NC_021831.1:115064-117688|- -            875 1064at2085           -            350   1.3e-11   39.4   8.3   3   4   8.4e-06   0.00016   16.1   0.4    15    47   626   658   618   680 0.82 NC_021831.1_99 # 115064 # 117688 # -1 # ID=1_99;partial=00;start_type=ATG;rbs_motif=None;rbs_spacer=None;gc_cont=0.328
NC_021831.1:115064-117688|- -            875 1064at2085           -            350   1.3e-11   39.4   8.3   4   4      0.97        19   -0.6   0.0   174   191   829   846   813   851 0.77 NC_021831.1_99 # 115064 # 117688 # -1 # ID=1_99;partial=00;start_type=ATG;rbs_motif=None;rbs_spacer=None;gc_cont=0.328
NC_021831.1:216234-218273|- -            680 1064at2085           -            350   1.4e-09   32.7   5.0   1   3         3        58   -2.2   0.1    68    86   113   131    78   146 0.69 NC_021831.1_188 # 216234 # 218273 # -1 # ID=1_188;partial=00;start_type=ATG;rbs_motif=None;rbs_spacer=None;gc_cont=0.248
NC_021831.1:216234-218273|- -            680 1064at2085           -            350   1.4e-09   32.7   5.0   2   3   9.6e-06   0.00019   15.9   0.5     2    94   470   561   469   584 0.80 NC_021831.1_188 # 216234 # 218273 # -1 # ID=1_188;partial=00;start_type=ATG;rbs_motif=None;rbs_spacer=None;gc_cont=0.248
NC_021831.1:216234-218273|- -            680 1064at2085           -            350   1.4e-09   32.7   5.0   3   3   2.6e-06   5.1e-05   17.8   0.1   165   239   589   661   568   666 0.88 NC_021831.1_188 # 216234 # 218273 # -1 # ID=1_188;partial=00;start_type=ATG;rbs_motif=None;rbs_spacer=None;gc_cont=0.248
NC_021831.1:18495-18728|-   -             78 1064at2085           -            350   0.00011   16.6   1.2   1   1   6.2e-06   0.00012   16.5   1.2    60   125     3    71     1    76 0.66 NC_021831.1_20 # 18495 # 18728 # -1 # ID=1_20;partial=00;start_type=TTG;rbs_motif=None;rbs_spacer=None;gc_cont=0.244
#
# Program:         hmmsearch
# Version:         3.4 (Aug 2023)
# Pipeline mode:   SEARCH
# Query file:      /home/lgef/Documentos/GitHub/Project_doctoral/IMPLEMENTACAO/Genomes/M_hyopneumoniae/MHP_ncbi_dataset/ncbi_dataset/data/strains/7422/Use/busco_downloads/lineages/mycoplasmatales_odb10/hmms/1064at2085.hmm
# Target file:     /home/lgef/Documentos/GitHub/Project_doctoral/IMPLEMENTACAO/Genomes/M_hyopneumoniae/MHP_ncbi_dataset/ncbi_dataset/data/strains/7422/Use/busco_complete/prodigal_output/predicted_genes/predicted.faa
# Option settings: hmmsearch --domtblout /home/lgef/Documentos/GitHub/Project_doctoral/IMPLEMENTACAO/Genomes/M_hyopneumoniae/MHP_ncbi_dataset/ncbi_dataset/data/strains/7422/Use/busco_complete/run_mycoplasmatales_odb10/hmmer_output/1064at2085.out --cpu 1 /home/lgef/Documentos/GitHub/Project_doctoral/IMPLEMENTACAO/Genomes/M_hyopneumoniae/MHP_ncbi_dataset/ncbi_dataset/data/strains/7422/Use/busco_downloads/lineages/mycoplasmatales_odb10/hmms/1064at2085.hmm /home/lgef/Documentos/GitHub/Project_doctoral/IMPLEMENTACAO/Genomes/M_hyopneumoniae/MHP_ncbi_dataset/ncbi_dataset/data/strains/7422/Use/busco_complete/prodigal_output/predicted_genes/predicted.faa 
# Current dir:     /home/lgef/Documentos/GitHub/Project_doctoral/IMPLEMENTACAO/Genomes/M_hyopneumoniae/MHP_ncbi_dataset/ncbi_dataset/data/strains/7422/Use
# Date:            Thu Nov 28 19:24:41 2024
# [ok]
