A	C	G	T	N	IUPAC	Other	GC	GC_stdev
0.3601	0.1431	0.1424	0.3544	0.0001	0.0000	0.0000	0.2855	0.0200

Main genome scaffold total:         	50
Main genome contig total:           	52
Main genome scaffold sequence total:	1366627
Main genome contig sequence total:  	1366430  	0.014% gap
Main genome scaffold N/L50:         	2/74746
Main genome contig N/L50:           	2/74746
Main genome scaffold N/L90:         	19/16732
Main genome contig N/L90:           	19/16732
Max scaffold length:                	637253
Max contig length:                  	637253
Number of scaffolds > 50 KB:        	2
% main genome in scaffolds > 50 KB: 	52.10%


Minimum 	Number        	Number        	Total         	Total         	Scaffold
Scaffold	of            	of            	Scaffold      	Contig        	Contig  
Length  	Scaffolds     	Contigs       	Length        	Length        	Coverage
--------	--------------	--------------	--------------	--------------	--------
    All 	            50	            52	       1366627	       1366430	  99.99%
    100 	            50	            52	       1366627	       1366430	  99.99%
    250 	            47	            49	       1365925	       1365728	  99.99%
    500 	            43	            45	       1364500	       1364303	  99.99%
   1000 	            34	            36	       1357593	       1357396	  99.99%
   2500 	            28	            30	       1346146	       1345949	  99.99%
   5000 	            28	            30	       1346146	       1345949	  99.99%
  10000 	            25	            27	       1323325	       1323128	  99.99%
  25000 	            15	            15	       1160127	       1160127	 100.00%
  50000 	             2	             2	        711999	        711999	 100.00%
 100000 	             1	             1	        637253	        637253	 100.00%
 250000 	             1	             1	        637253	        637253	 100.00%
 500000 	             1	             1	        637253	        637253	 100.00%

