#                                                                                         --- full sequence --- -------------- this domain -------------   hmm coord   ali coord   env coord
# target name                     accession   tlen query name           accession   qlen   E-value  score  bias   #  of  c-Evalue  i-Evalue  score  bias  from    to  from    to  from    to  acc description of target
#             ------------------- ---------- ----- -------------------- ---------- ----- --------- ------ ----- --- --- --------- --------- ------ ----- ----- ----- ----- ----- ----- ----- ---- ---------------------
NZ_AFCG01000005.1:163644-164747|- -            368 1683at2085           -            284  3.5e-105  346.5  15.7   1   3   2.8e-72   4.2e-70  231.4   3.4     1   163     1   171     1   178 0.91 NZ_AFCG01000005.1_97 # 163644 # 164747 # -1 # ID=5_97;partial=00;start_type=ATG;rbs_motif=None;rbs_spacer=None;gc_cont=0.335
NZ_AFCG01000005.1:163644-164747|- -            368 1683at2085           -            284  3.5e-105  346.5  15.7   2   3   9.2e-08   1.4e-05   19.7   0.1   151   186   177   213   163   220 0.77 NZ_AFCG01000005.1_97 # 163644 # 164747 # -1 # ID=5_97;partial=00;start_type=ATG;rbs_motif=None;rbs_spacer=None;gc_cont=0.335
NZ_AFCG01000005.1:163644-164747|- -            368 1683at2085           -            284  3.5e-105  346.5  15.7   3   3   7.6e-33   1.1e-30  102.0   1.9   181   284   234   365   220   365 0.80 NZ_AFCG01000005.1_97 # 163644 # 164747 # -1 # ID=5_97;partial=00;start_type=ATG;rbs_motif=None;rbs_spacer=None;gc_cont=0.335
NZ_AFCG01000008.1:24139-25398|+   -            420 1683at2085           -            284   9.5e-15   49.8   5.2   1   1   1.3e-15     2e-13   45.5   5.2     4   193   158   348   155   371 0.66 NZ_AFCG01000008.1_19 # 24139 # 25398 # 1 # ID=8_19;partial=00;start_type=ATG;rbs_motif=AGGA;rbs_spacer=5-10bp;gc_cont=0.297
NZ_AFCG01000008.1:61602-62915|+   -            438 1683at2085           -            284   2.6e-07   25.4   2.2   1   3   2.2e-05    0.0032   12.0   0.1     2    23     2    23     1    31 0.83 NZ_AFCG01000008.1_52 # 61602 # 62915 # 1 # ID=8_52;partial=00;start_type=ATG;rbs_motif=None;rbs_spacer=None;gc_cont=0.299
NZ_AFCG01000008.1:61602-62915|+   -            438 1683at2085           -            284   2.6e-07   25.4   2.2   2   3   6.3e-05    0.0094   10.4   0.0     3    34   171   205   170   245 0.72 NZ_AFCG01000008.1_52 # 61602 # 62915 # 1 # ID=8_52;partial=00;start_type=ATG;rbs_motif=None;rbs_spacer=None;gc_cont=0.299
NZ_AFCG01000008.1:61602-62915|+   -            438 1683at2085           -            284   2.6e-07   25.4   2.2   3   3     0.074        11    0.4   0.1    54    78   303   327   271   361 0.69 NZ_AFCG01000008.1_52 # 61602 # 62915 # 1 # ID=8_52;partial=00;start_type=ATG;rbs_motif=None;rbs_spacer=None;gc_cont=0.299
NZ_AFCG01000007.1:56742-57623|-   -            294 1683at2085           -            284   5.2e-05   17.8   0.1   1   2   3.5e-07   5.2e-05   17.8   0.1     5    27     9    31     6    57 0.83 NZ_AFCG01000007.1_57 # 56742 # 57623 # -1 # ID=7_57;partial=00;start_type=ATG;rbs_motif=None;rbs_spacer=None;gc_cont=0.283
NZ_AFCG01000007.1:56742-57623|-   -            294 1683at2085           -            284   5.2e-05   17.8   0.1   2   2      0.41        62   -2.1   2.1   154   154   122   122    67   197 0.54 NZ_AFCG01000007.1_57 # 56742 # 57623 # -1 # ID=7_57;partial=00;start_type=ATG;rbs_motif=None;rbs_spacer=None;gc_cont=0.283
#
# Program:         hmmsearch
# Version:         3.1b2 (February 2015)
# Pipeline mode:   SEARCH
# Query file:      /home/lgef/Documentos/GitHub/Project_doctoral/IMPLEMENTACAO/Genomes/M_flocculare/MFC_ncbi_dataset/ncbi_dataset/data/strains/ATCC27716/Use/busco_downloads/lineages/mycoplasmatales_odb10/hmms/1683at2085.hmm
# Target file:     /home/lgef/Documentos/GitHub/Project_doctoral/IMPLEMENTACAO/Genomes/M_flocculare/MFC_ncbi_dataset/ncbi_dataset/data/strains/ATCC27716/Use/busco_draft/prodigal_output/predicted_genes/predicted.faa
# Option settings: hmmsearch --domtblout /home/lgef/Documentos/GitHub/Project_doctoral/IMPLEMENTACAO/Genomes/M_flocculare/MFC_ncbi_dataset/ncbi_dataset/data/strains/ATCC27716/Use/busco_draft/run_mycoplasmatales_odb10/hmmer_output/1683at2085.out --cpu 1 /home/lgef/Documentos/GitHub/Project_doctoral/IMPLEMENTACAO/Genomes/M_flocculare/MFC_ncbi_dataset/ncbi_dataset/data/strains/ATCC27716/Use/busco_downloads/lineages/mycoplasmatales_odb10/hmms/1683at2085.hmm /home/lgef/Documentos/GitHub/Project_doctoral/IMPLEMENTACAO/Genomes/M_flocculare/MFC_ncbi_dataset/ncbi_dataset/data/strains/ATCC27716/Use/busco_draft/prodigal_output/predicted_genes/predicted.faa 
# Current dir:     /home/lgef/Documentos/GitHub/Project_doctoral/IMPLEMENTACAO/Genomes/M_flocculare/MFC_ncbi_dataset/ncbi_dataset/data/strains/ATCC27716/Use
# Date:            Fri Nov 29 12:31:14 2024
# [ok]
