#                                                                                     --- full sequence --- -------------- this domain -------------   hmm coord   ali coord   env coord
# target name                 accession   tlen query name           accession   qlen   E-value  score  bias   #  of  c-Evalue  i-Evalue  score  bias  from    to  from    to  from    to  acc description of target
#         ------------------- ---------- ----- -------------------- ---------- ----- --------- ------ ----- --- --- --------- --------- ------ ----- ----- ----- ----- ----- ----- ----- ---- ---------------------
NZ_CP157501.1:696868-698202|- -            445 1064at2085           -            350  5.8e-149  491.1  19.6   1   2   8.9e-57   1.8e-55  183.6   0.4     1   127    10   136    10   144 0.90 NZ_CP157501.1_528 # 696868 # 698202 # -1 # ID=1_528;partial=00;start_type=ATG;rbs_motif=GGA/GAG/AGG;rbs_spacer=11-12bp;gc_cont=0.301
NZ_CP157501.1:696868-698202|- -            445 1064at2085           -            350  5.8e-149  491.1  19.6   2   2   4.9e-95   9.8e-94  309.4  14.2    99   349   146   441   138   442 0.82 NZ_CP157501.1_528 # 696868 # 698202 # -1 # ID=1_528;partial=00;start_type=ATG;rbs_motif=GGA/GAG/AGG;rbs_spacer=11-12bp;gc_cont=0.301
NZ_CP157501.1:444143-446320|+ -            726 1064at2085           -            350   5.5e-79  260.9   7.5   1   3   1.6e-35   3.2e-34  113.7   0.3     2   122    39   160    38   225 0.76 NZ_CP157501.1_360 # 444143 # 446320 # 1 # ID=1_360;partial=00;start_type=ATG;rbs_motif=GGA/GAG/AGG;rbs_spacer=5-10bp;gc_cont=0.304
NZ_CP157501.1:444143-446320|+ -            726 1064at2085           -            350   5.5e-79  260.9   7.5   2   3       4.8        95   -3.0   0.6    96   132   266   286   257   336 0.53 NZ_CP157501.1_360 # 444143 # 446320 # 1 # ID=1_360;partial=00;start_type=ATG;rbs_motif=GGA/GAG/AGG;rbs_spacer=5-10bp;gc_cont=0.304
NZ_CP157501.1:444143-446320|+ -            726 1064at2085           -            350   5.5e-79  260.9   7.5   3   3   2.9e-49   5.8e-48  158.9   2.2   104   289   435   621   421   633 0.85 NZ_CP157501.1_360 # 444143 # 446320 # 1 # ID=1_360;partial=00;start_type=ATG;rbs_motif=GGA/GAG/AGG;rbs_spacer=5-10bp;gc_cont=0.304
NZ_CP157501.1:270609-272138|+ -            510 1064at2085           -            350   7.3e-50  165.2  10.4   1   4   1.7e-15   3.5e-14   47.8   0.2     2    99    11   116    10   121 0.89 NZ_CP157501.1_228 # 270609 # 272138 # 1 # ID=1_228;partial=00;start_type=TTG;rbs_motif=GGAGG;rbs_spacer=5-10bp;gc_cont=0.322
NZ_CP157501.1:270609-272138|+ -            510 1064at2085           -            350   7.3e-50  165.2  10.4   2   4   2.4e-15   4.8e-14   47.3   0.4   153   256   127   229   116   251 0.92 NZ_CP157501.1_228 # 270609 # 272138 # 1 # ID=1_228;partial=00;start_type=TTG;rbs_motif=GGAGG;rbs_spacer=5-10bp;gc_cont=0.322
NZ_CP157501.1:270609-272138|+ -            510 1064at2085           -            350   7.3e-50  165.2  10.4   3   4   0.00045     0.009   10.3   0.0    16    67   280   331   273   343 0.90 NZ_CP157501.1_228 # 270609 # 272138 # 1 # ID=1_228;partial=00;start_type=TTG;rbs_motif=GGAGG;rbs_spacer=5-10bp;gc_cont=0.322
NZ_CP157501.1:270609-272138|+ -            510 1064at2085           -            350   7.3e-50  165.2  10.4   4   4   1.7e-20   3.5e-19   64.3   0.2   150   259   381   490   374   502 0.90 NZ_CP157501.1_228 # 270609 # 272138 # 1 # ID=1_228;partial=00;start_type=TTG;rbs_motif=GGAGG;rbs_spacer=5-10bp;gc_cont=0.322
NZ_CP157501.1:656016-657554|+ -            513 1064at2085           -            350   4.1e-49  162.7  17.3   1   4   2.1e-12   4.3e-11   37.6   0.1     1    97     6   107     6   117 0.84 NZ_CP157501.1_499 # 656016 # 657554 # 1 # ID=1_499;partial=00;start_type=TTG;rbs_motif=AGGA;rbs_spacer=5-10bp;gc_cont=0.316
NZ_CP157501.1:656016-657554|+ -            513 1064at2085           -            350   4.1e-49  162.7  17.3   2   4   2.2e-20   4.3e-19   63.9   0.7   150   272   116   237   109   247 0.92 NZ_CP157501.1_499 # 656016 # 657554 # 1 # ID=1_499;partial=00;start_type=TTG;rbs_motif=AGGA;rbs_spacer=5-10bp;gc_cont=0.316
NZ_CP157501.1:656016-657554|+ -            513 1064at2085           -            350   4.1e-49  162.7  17.3   3   4   5.1e-08     1e-06   23.2   0.2    12    73   278   341   264   369 0.81 NZ_CP157501.1_499 # 656016 # 657554 # 1 # ID=1_499;partial=00;start_type=TTG;rbs_motif=AGGA;rbs_spacer=5-10bp;gc_cont=0.316
NZ_CP157501.1:656016-657554|+ -            513 1064at2085           -            350   4.1e-49  162.7  17.3   4   4   2.1e-15   4.3e-14   47.5   1.7   159   262   391   495   376   502 0.86 NZ_CP157501.1_499 # 656016 # 657554 # 1 # ID=1_499;partial=00;start_type=TTG;rbs_motif=AGGA;rbs_spacer=5-10bp;gc_cont=0.316
NZ_CP157501.1:460854-462014|+ -            387 1064at2085           -            350   2.5e-47  156.8  13.6   1   1   2.7e-48   5.3e-47  155.7  13.6     2   298     8   314     7   362 0.77 NZ_CP157501.1_370 # 460854 # 462014 # 1 # ID=1_370;partial=00;start_type=ATG;rbs_motif=3Base/5BMM;rbs_spacer=13-15bp;gc_cont=0.258
NZ_CP157501.1:566824-567720|- -            299 1064at2085           -            350   1.7e-35  117.9   4.1   1   2   8.3e-21   1.7e-19   65.3   1.0     1   107    60   176    60   194 0.79 NZ_CP157501.1_438 # 566824 # 567720 # -1 # ID=1_438;partial=00;start_type=GTG;rbs_motif=AGGAG;rbs_spacer=5-10bp;gc_cont=0.356
NZ_CP157501.1:566824-567720|- -            299 1064at2085           -            350   1.7e-35  117.9   4.1   2   2   1.9e-17   3.7e-16   54.3   0.1   160   258   180   277   177   284 0.89 NZ_CP157501.1_438 # 566824 # 567720 # -1 # ID=1_438;partial=00;start_type=GTG;rbs_motif=AGGAG;rbs_spacer=5-10bp;gc_cont=0.356
NZ_CP157501.1:245299-246630|+ -            444 1064at2085           -            350   3.2e-35  117.0   3.1   1   2   1.2e-10   2.4e-09   31.9   0.2     3   104    45   161    43   199 0.74 NZ_CP157501.1_213 # 245299 # 246630 # 1 # ID=1_213;partial=00;start_type=ATG;rbs_motif=GGAG/GAGG;rbs_spacer=5-10bp;gc_cont=0.292
NZ_CP157501.1:245299-246630|+ -            444 1064at2085           -            350   3.2e-35  117.0   3.1   2   2   5.4e-27   1.1e-25   85.7   0.2   140   267   242   369   200   375 0.86 NZ_CP157501.1_213 # 245299 # 246630 # 1 # ID=1_213;partial=00;start_type=ATG;rbs_motif=GGAG/GAGG;rbs_spacer=5-10bp;gc_cont=0.292
NZ_CP157501.1:308439-309257|+ -            273 1064at2085           -            350   9.3e-34  112.2   7.7   1   2   9.6e-15   1.9e-13   45.4   1.9     2   104     2   110     1   117 0.83 NZ_CP157501.1_258 # 308439 # 309257 # 1 # ID=1_258;partial=00;start_type=ATG;rbs_motif=GGA/GAG/AGG;rbs_spacer=5-10bp;gc_cont=0.306
NZ_CP157501.1:308439-309257|+ -            273 1064at2085           -            350   9.3e-34  112.2   7.7   2   2   1.4e-22   2.7e-21   71.2   0.8   153   271   112   229   106   245 0.94 NZ_CP157501.1_258 # 308439 # 309257 # 1 # ID=1_258;partial=00;start_type=ATG;rbs_motif=GGA/GAG/AGG;rbs_spacer=5-10bp;gc_cont=0.306
NZ_CP157501.1:377375-379327|+ -            651 1064at2085           -            350   4.8e-33  109.8  10.8   1   2   8.9e-19   1.8e-17   58.6   4.5     1    95     1    93     1   106 0.93 NZ_CP157501.1_310 # 377375 # 379327 # 1 # ID=1_310;partial=00;start_type=ATG;rbs_motif=GGA/GAG/AGG;rbs_spacer=5-10bp;gc_cont=0.245
NZ_CP157501.1:377375-379327|+ -            651 1064at2085           -            350   4.8e-33  109.8  10.8   2   2   1.6e-17   3.2e-16   54.5   0.6   146   259    99   207    93   229 0.84 NZ_CP157501.1_310 # 377375 # 379327 # 1 # ID=1_310;partial=00;start_type=ATG;rbs_motif=GGA/GAG/AGG;rbs_spacer=5-10bp;gc_cont=0.245
NZ_CP157501.1:402808-405195|- -            796 1064at2085           -            350     1e-32  108.8   8.4   1   2   1.4e-19   2.8e-18   61.3   2.2     1   115     1   112     1   125 0.82 NZ_CP157501.1_333 # 402808 # 405195 # -1 # ID=1_333;partial=00;start_type=ATG;rbs_motif=None;rbs_spacer=None;gc_cont=0.249
NZ_CP157501.1:402808-405195|- -            796 1064at2085           -            350     1e-32  108.8   8.4   2   2   1.1e-16   2.2e-15   51.8   1.6   157   266   105   213    98   219 0.88 NZ_CP157501.1_333 # 402808 # 405195 # -1 # ID=1_333;partial=00;start_type=ATG;rbs_motif=None;rbs_spacer=None;gc_cont=0.249
NZ_CP157501.1:309230-310132|+ -            301 1064at2085           -            350   2.8e-32  107.3   2.4   1   2   1.4e-11   2.9e-10   34.9   2.1     2   106     3   132     2   138 0.65 NZ_CP157501.1_259 # 309230 # 310132 # 1 # ID=1_259;partial=00;start_type=ATG;rbs_motif=GGA/GAG/AGG;rbs_spacer=5-10bp;gc_cont=0.306
NZ_CP157501.1:309230-310132|+ -            301 1064at2085           -            350   2.8e-32  107.3   2.4   2   2   9.9e-22     2e-20   68.4   0.0   152   282   131   261   125   294 0.86 NZ_CP157501.1_259 # 309230 # 310132 # 1 # ID=1_259;partial=00;start_type=ATG;rbs_motif=GGA/GAG/AGG;rbs_spacer=5-10bp;gc_cont=0.306
NZ_CP157501.1:30599-32926|-   -            776 1064at2085           -            350   4.7e-32  106.6   7.9   1   2   1.2e-19   2.4e-18   61.5   3.9     1   115     1   112     1   124 0.85 NZ_CP157501.1_25 # 30599 # 32926 # -1 # ID=1_25;partial=00;start_type=ATG;rbs_motif=None;rbs_spacer=None;gc_cont=0.264
NZ_CP157501.1:30599-32926|-   -            776 1064at2085           -            350   4.7e-32  106.6   7.9   2   2   3.4e-15   6.7e-14   46.9   0.2   171   258   120   205   111   218 0.92 NZ_CP157501.1_25 # 30599 # 32926 # -1 # ID=1_25;partial=00;start_type=ATG;rbs_motif=None;rbs_spacer=None;gc_cont=0.264
NZ_CP157501.1:636752-639076|- -            775 1064at2085           -            350   9.8e-31  102.2   8.9   1   3   2.2e-09   4.4e-08   27.7   2.3     8   102    15   114     5   160 0.78 NZ_CP157501.1_485 # 636752 # 639076 # -1 # ID=1_485;partial=00;start_type=ATG;rbs_motif=AGxAG;rbs_spacer=5-10bp;gc_cont=0.276
NZ_CP157501.1:636752-639076|- -            775 1064at2085           -            350   9.8e-31  102.2   8.9   2   3       2.6        51   -2.1   2.5    69   159   311   403   301   424 0.58 NZ_CP157501.1_485 # 636752 # 639076 # -1 # ID=1_485;partial=00;start_type=ATG;rbs_motif=AGxAG;rbs_spacer=5-10bp;gc_cont=0.276
NZ_CP157501.1:636752-639076|- -            775 1064at2085           -            350   9.8e-31  102.2   8.9   3   3   1.7e-27   3.4e-26   87.3   0.6   145   271   582   709   524   720 0.80 NZ_CP157501.1_485 # 636752 # 639076 # -1 # ID=1_485;partial=00;start_type=ATG;rbs_motif=AGxAG;rbs_spacer=5-10bp;gc_cont=0.276
NZ_CP157501.1:358423-360375|- -            651 1064at2085           -            350   2.7e-30  100.8   8.8   1   2   2.7e-19   5.5e-18   60.3   5.2     1   126     1   127     1   128 0.87 NZ_CP157501.1_300 # 358423 # 360375 # -1 # ID=1_300;partial=00;start_type=ATG;rbs_motif=GGA/GAG/AGG;rbs_spacer=5-10bp;gc_cont=0.250
NZ_CP157501.1:358423-360375|- -            651 1064at2085           -            350   2.7e-30  100.8   8.8   2   2   1.6e-14   3.1e-13   44.7   0.2   171   259   121   207   108   220 0.87 NZ_CP157501.1_300 # 358423 # 360375 # -1 # ID=1_300;partial=00;start_type=ATG;rbs_motif=GGA/GAG/AGG;rbs_spacer=5-10bp;gc_cont=0.250
NZ_CP157501.1:24901-27228|-   -            776 1064at2085           -            350   1.1e-29   98.8   9.9   1   2   2.5e-19   4.9e-18   60.5   5.8     2   127     2   127     1   128 0.83 NZ_CP157501.1_22 # 24901 # 27228 # -1 # ID=1_22;partial=00;start_type=ATG;rbs_motif=None;rbs_spacer=None;gc_cont=0.263
NZ_CP157501.1:24901-27228|-   -            776 1064at2085           -            350   1.1e-29   98.8   9.9   2   2   6.2e-14   1.2e-12   42.7   0.8   165   263   113   212    97   236 0.83 NZ_CP157501.1_22 # 24901 # 27228 # -1 # ID=1_22;partial=00;start_type=ATG;rbs_motif=None;rbs_spacer=None;gc_cont=0.263
NZ_CP157501.1:20109-22385|-   -            759 1064at2085           -            350   1.5e-29   98.4   8.9   1   2   7.8e-19   1.6e-17   58.8   4.4     1   107     1   104     1   120 0.87 NZ_CP157501.1_20 # 20109 # 22385 # -1 # ID=1_20;partial=00;start_type=ATG;rbs_motif=None;rbs_spacer=None;gc_cont=0.249
NZ_CP157501.1:20109-22385|-   -            759 1064at2085           -            350   1.5e-29   98.4   8.9   2   2   1.8e-13   3.6e-12   41.2   0.2   170   258   119   205   105   222 0.88 NZ_CP157501.1_20 # 20109 # 22385 # -1 # ID=1_20;partial=00;start_type=ATG;rbs_motif=None;rbs_spacer=None;gc_cont=0.249
NZ_CP157501.1:639076-640128|- -            351 1064at2085           -            350   1.4e-28   95.1   0.4   1   2     7e-08   1.4e-06   22.8   0.2    11    72    26    88     9    94 0.78 NZ_CP157501.1_486 # 639076 # 640128 # -1 # ID=1_486;partial=00;start_type=ATG;rbs_motif=GGxGG;rbs_spacer=5-10bp;gc_cont=0.329
NZ_CP157501.1:639076-640128|- -            351 1064at2085           -            350   1.4e-28   95.1   0.4   2   2   2.1e-22   4.2e-21   70.6   0.0   154   271   134   254   122   263 0.88 NZ_CP157501.1_486 # 639076 # 640128 # -1 # ID=1_486;partial=00;start_type=ATG;rbs_motif=GGxGG;rbs_spacer=5-10bp;gc_cont=0.329
NZ_CP157501.1:238533-240149|- -            539 1064at2085           -            350     5e-28   93.3   4.3   1   5   2.4e-13   4.8e-12   40.8   0.8     1    64     1    64     1   104 0.82 NZ_CP157501.1_208 # 238533 # 240149 # -1 # ID=1_208;partial=00;start_type=ATG;rbs_motif=AGGA;rbs_spacer=5-10bp;gc_cont=0.333
NZ_CP157501.1:238533-240149|- -            539 1064at2085           -            350     5e-28   93.3   4.3   2   5       1.5        30   -1.3   0.0   248   273    83   109    62   116 0.75 NZ_CP157501.1_208 # 238533 # 240149 # -1 # ID=1_208;partial=00;start_type=ATG;rbs_motif=AGGA;rbs_spacer=5-10bp;gc_cont=0.333
NZ_CP157501.1:238533-240149|- -            539 1064at2085           -            350     5e-28   93.3   4.3   3   5   1.9e-09   3.8e-08   27.9   0.0   171   261   148   234   130   281 0.84 NZ_CP157501.1_208 # 238533 # 240149 # -1 # ID=1_208;partial=00;start_type=ATG;rbs_motif=AGGA;rbs_spacer=5-10bp;gc_cont=0.333
NZ_CP157501.1:238533-240149|- -            539 1064at2085           -            350     5e-28   93.3   4.3   4   5    0.0052       0.1    6.8   0.0    12    60   332   380   320   395 0.87 NZ_CP157501.1_208 # 238533 # 240149 # -1 # ID=1_208;partial=00;start_type=ATG;rbs_motif=AGGA;rbs_spacer=5-10bp;gc_cont=0.333
NZ_CP157501.1:238533-240149|- -            539 1064at2085           -            350     5e-28   93.3   4.3   5   5   1.5e-05    0.0003   15.1   0.0   174   223   443   492   418   535 0.78 NZ_CP157501.1_208 # 238533 # 240149 # -1 # ID=1_208;partial=00;start_type=ATG;rbs_motif=AGGA;rbs_spacer=5-10bp;gc_cont=0.333
NZ_CP157501.1:360453-362735|- -            761 1064at2085           -            350   1.5e-27   91.8  17.6   1   3   7.8e-18   1.5e-16   55.5   4.4     1    94     1    91     1    94 0.90 NZ_CP157501.1_301 # 360453 # 362735 # -1 # ID=1_301;partial=00;start_type=ATG;rbs_motif=GGA/GAG/AGG;rbs_spacer=5-10bp;gc_cont=0.254
NZ_CP157501.1:360453-362735|- -            761 1064at2085           -            350   1.5e-27   91.8  17.6   2   3   9.1e-14   1.8e-12   42.2   4.0   143   281    95   228    92   306 0.79 NZ_CP157501.1_301 # 360453 # 362735 # -1 # ID=1_301;partial=00;start_type=ATG;rbs_motif=GGA/GAG/AGG;rbs_spacer=5-10bp;gc_cont=0.254
NZ_CP157501.1:360453-362735|- -            761 1064at2085           -            350   1.5e-27   91.8  17.6   3   3       1.4        28   -1.2   0.1    83   121   275   320   260   349 0.54 NZ_CP157501.1_301 # 360453 # 362735 # -1 # ID=1_301;partial=00;start_type=ATG;rbs_motif=GGA/GAG/AGG;rbs_spacer=5-10bp;gc_cont=0.254
NZ_CP157501.1:374965-377283|+ -            773 1064at2085           -            350   2.7e-27   90.9  15.0   1   3   3.2e-17   6.4e-16   53.5   3.2     1    95     1    93     1   103 0.93 NZ_CP157501.1_309 # 374965 # 377283 # 1 # ID=1_309;partial=00;start_type=ATG;rbs_motif=None;rbs_spacer=None;gc_cont=0.262
NZ_CP157501.1:374965-377283|+ -            773 1064at2085           -            350   2.7e-27   90.9  15.0   2   3   1.2e-14   2.4e-13   45.0   1.4   151   268   100   216    93   240 0.84 NZ_CP157501.1_309 # 374965 # 377283 # 1 # ID=1_309;partial=00;start_type=ATG;rbs_motif=None;rbs_spacer=None;gc_cont=0.262
NZ_CP157501.1:374965-377283|+ -            773 1064at2085           -            350   2.7e-27   90.9  15.0   3   3       6.1   1.2e+02   -3.3   0.1    33    94   548   606   529   612 0.66 NZ_CP157501.1_309 # 374965 # 377283 # 1 # ID=1_309;partial=00;start_type=ATG;rbs_motif=None;rbs_spacer=None;gc_cont=0.262
NZ_CP157501.1:22587-24827|-   -            747 1064at2085           -            350   4.5e-27   90.2   8.2   1   2   9.1e-18   1.8e-16   55.3   3.8     1   107     1   104     1   121 0.86 NZ_CP157501.1_21 # 22587 # 24827 # -1 # ID=1_21;partial=00;start_type=ATG;rbs_motif=None;rbs_spacer=None;gc_cont=0.263
NZ_CP157501.1:22587-24827|-   -            747 1064at2085           -            350   4.5e-27   90.2   8.2   2   2   4.1e-12   8.2e-11   36.7   0.2   170   258   119   205   105   219 0.87 NZ_CP157501.1_21 # 22587 # 24827 # -1 # ID=1_21;partial=00;start_type=ATG;rbs_motif=None;rbs_spacer=None;gc_cont=0.263
NZ_CP157501.1:782001-783515|+ -            505 1064at2085           -            350   1.3e-26   88.6  18.8   1   4     7e-13   1.4e-11   39.2   1.0     2   119     8   130     7   142 0.86 NZ_CP157501.1_592 # 782001 # 783515 # 1 # ID=1_592;partial=00;start_type=ATG;rbs_motif=None;rbs_spacer=None;gc_cont=0.323
NZ_CP157501.1:782001-783515|+ -            505 1064at2085           -            350   1.3e-26   88.6  18.8   2   4   6.5e-06   0.00013   16.3   1.7   155   260   120   224   114   269 0.77 NZ_CP157501.1_592 # 782001 # 783515 # 1 # ID=1_592;partial=00;start_type=ATG;rbs_motif=None;rbs_spacer=None;gc_cont=0.323
NZ_CP157501.1:782001-783515|+ -            505 1064at2085           -            350   1.3e-26   88.6  18.8   3   4    0.0031     0.062    7.5   0.2    17    69   274   325   260   330 0.84 NZ_CP157501.1_592 # 782001 # 783515 # 1 # ID=1_592;partial=00;start_type=ATG;rbs_motif=None;rbs_spacer=None;gc_cont=0.323
NZ_CP157501.1:782001-783515|+ -            505 1064at2085           -            350   1.3e-26   88.6  18.8   4   4   2.1e-12   4.2e-11   37.7   0.8   141   259   370   486   351   497 0.76 NZ_CP157501.1_592 # 782001 # 783515 # 1 # ID=1_592;partial=00;start_type=ATG;rbs_motif=None;rbs_spacer=None;gc_cont=0.323
NZ_CP157501.1:464449-466749|+ -            767 1064at2085           -            350   2.8e-26   87.6  10.4   1   3   5.4e-18   1.1e-16   56.1   2.6     1   126     1   127     1   128 0.86 NZ_CP157501.1_374 # 464449 # 466749 # 1 # ID=1_374;partial=00;start_type=ATG;rbs_motif=GGA/GAG/AGG;rbs_spacer=5-10bp;gc_cont=0.292
NZ_CP157501.1:464449-466749|+ -            767 1064at2085           -            350   2.8e-26   87.6  10.4   2   3   5.2e-12     1e-10   36.4   0.2   173   253   123   201   102   212 0.86 NZ_CP157501.1_374 # 464449 # 466749 # 1 # ID=1_374;partial=00;start_type=ATG;rbs_motif=GGA/GAG/AGG;rbs_spacer=5-10bp;gc_cont=0.292
NZ_CP157501.1:464449-466749|+ -            767 1064at2085           -            350   2.8e-26   87.6  10.4   3   3       0.5       9.9    0.3   0.1    85   157   527   600   521   607 0.82 NZ_CP157501.1_374 # 464449 # 466749 # 1 # ID=1_374;partial=00;start_type=ATG;rbs_motif=GGA/GAG/AGG;rbs_spacer=5-10bp;gc_cont=0.292
NZ_CP157501.1:590849-591565|- -            239 1064at2085           -            350   1.2e-24   82.3   2.9   1   2   4.1e-10   8.1e-09   30.2   0.6     1    63     5    68     5    90 0.88 NZ_CP157501.1_454 # 590849 # 591565 # -1 # ID=1_454;partial=00;start_type=ATG;rbs_motif=AGGA;rbs_spacer=5-10bp;gc_cont=0.271
NZ_CP157501.1:590849-591565|- -            239 1064at2085           -            350   1.2e-24   82.3   2.9   2   2   5.8e-17   1.2e-15   52.7   0.1   137   269    94   226    75   233 0.87 NZ_CP157501.1_454 # 590849 # 591565 # -1 # ID=1_454;partial=00;start_type=ATG;rbs_motif=AGGA;rbs_spacer=5-10bp;gc_cont=0.271
NZ_CP157501.1:28205-30487|-   -            761 1064at2085           -            350   1.9e-24   81.6  14.3   1   3   4.4e-17   8.7e-16   53.1   4.3     2   126     2   126     1   127 0.83 NZ_CP157501.1_24 # 28205 # 30487 # -1 # ID=1_24;partial=00;start_type=ATG;rbs_motif=AGGAG(G)/GGAGG;rbs_spacer=13-15bp;gc_cont=0.237
NZ_CP157501.1:28205-30487|-   -            761 1064at2085           -            350   1.9e-24   81.6  14.3   2   3   2.9e-12   5.7e-11   37.2   0.5   171   258   120   205    99   222 0.85 NZ_CP157501.1_24 # 28205 # 30487 # -1 # ID=1_24;partial=00;start_type=ATG;rbs_motif=AGGAG(G)/GGAGG;rbs_spacer=13-15bp;gc_cont=0.237
NZ_CP157501.1:28205-30487|-   -            761 1064at2085           -            350   1.9e-24   81.6  14.3   3   3       1.8        35   -1.6   0.4   104   165   540   602   527   635 0.68 NZ_CP157501.1_24 # 28205 # 30487 # -1 # ID=1_24;partial=00;start_type=ATG;rbs_motif=AGGAG(G)/GGAGG;rbs_spacer=13-15bp;gc_cont=0.237
NZ_CP157501.1:243897-245309|+ -            471 1064at2085           -            350   4.5e-24   80.3   9.4   1   3       1.9        37   -1.6   0.4   101   152    68   115    37   139 0.51 NZ_CP157501.1_212 # 243897 # 245309 # 1 # ID=1_212;partial=00;start_type=ATG;rbs_motif=AGGAGG;rbs_spacer=5-10bp;gc_cont=0.321
NZ_CP157501.1:243897-245309|+ -            471 1064at2085           -            350   4.5e-24   80.3   9.4   2   3   2.3e-06   4.6e-05   17.8   0.1    14   110   141   251   127   266 0.70 NZ_CP157501.1_212 # 243897 # 245309 # 1 # ID=1_212;partial=00;start_type=ATG;rbs_motif=AGGAGG;rbs_spacer=5-10bp;gc_cont=0.321
NZ_CP157501.1:243897-245309|+ -            471 1064at2085           -            350   4.5e-24   80.3   9.4   3   3   1.2e-21   2.4e-20   68.1   0.9   173   270   272   369   247   375 0.90 NZ_CP157501.1_212 # 243897 # 245309 # 1 # ID=1_212;partial=00;start_type=ATG;rbs_motif=AGGAGG;rbs_spacer=5-10bp;gc_cont=0.321
NZ_CP157501.1:433304-434074|+ -            257 1064at2085           -            350   1.6e-22   75.2   4.8   1   2   5.9e-07   1.2e-05   19.7   0.3    12    76    22    86     9   131 0.71 NZ_CP157501.1_353 # 433304 # 434074 # 1 # ID=1_353;partial=00;start_type=ATG;rbs_motif=None;rbs_spacer=None;gc_cont=0.265
NZ_CP157501.1:433304-434074|+ -            257 1064at2085           -            350   1.6e-22   75.2   4.8   2   2     6e-19   1.2e-17   59.2   2.7    83   267    56   242    56   249 0.74 NZ_CP157501.1_353 # 433304 # 434074 # 1 # ID=1_353;partial=00;start_type=ATG;rbs_motif=None;rbs_spacer=None;gc_cont=0.265
NZ_CP157501.1:812861-814471|+ -            537 1064at2085           -            350   7.6e-18   59.8   9.2   1   3       5.4   1.1e+02   -3.1   0.4    79   108    72   101    67   121 0.64 NZ_CP157501.1_610 # 812861 # 814471 # 1 # ID=1_610;partial=00;start_type=ATG;rbs_motif=AGGAG;rbs_spacer=5-10bp;gc_cont=0.241
NZ_CP157501.1:812861-814471|+ -            537 1064at2085           -            350   7.6e-18   59.8   9.2   2   3   5.4e-10   1.1e-08   29.7   0.3    12    71   345   405   334   417 0.86 NZ_CP157501.1_610 # 812861 # 814471 # 1 # ID=1_610;partial=00;start_type=ATG;rbs_motif=AGGAG;rbs_spacer=5-10bp;gc_cont=0.241
NZ_CP157501.1:812861-814471|+ -            537 1064at2085           -            350   7.6e-18   59.8   9.2   3   3   9.6e-12   1.9e-10   35.5   0.2   153   240   434   522   421   535 0.77 NZ_CP157501.1_610 # 812861 # 814471 # 1 # ID=1_610;partial=00;start_type=ATG;rbs_motif=AGGAG;rbs_spacer=5-10bp;gc_cont=0.241
NZ_CP157501.1:119588-122431|- -            948 1064at2085           -            350   1.4e-15   52.3   5.9   1   4     0.015       0.3    5.3   0.1    15    42    19    46    13    57 0.90 NZ_CP157501.1_96 # 119588 # 122431 # -1 # ID=1_96;partial=00;start_type=ATG;rbs_motif=None;rbs_spacer=None;gc_cont=0.328
NZ_CP157501.1:119588-122431|- -            948 1064at2085           -            350   1.4e-15   52.3   5.9   2   4   6.5e-07   1.3e-05   19.6   0.0   153   249   467   563   443   601 0.77 NZ_CP157501.1_96 # 119588 # 122431 # -1 # ID=1_96;partial=00;start_type=ATG;rbs_motif=None;rbs_spacer=None;gc_cont=0.328
NZ_CP157501.1:119588-122431|- -            948 1064at2085           -            350   1.4e-15   52.3   5.9   3   4   8.4e-06   0.00017   16.0   0.4    15    47   626   658   618   680 0.82 NZ_CP157501.1_96 # 119588 # 122431 # -1 # ID=1_96;partial=00;start_type=ATG;rbs_motif=None;rbs_spacer=None;gc_cont=0.328
NZ_CP157501.1:119588-122431|- -            948 1064at2085           -            350   1.4e-15   52.3   5.9   4   4   0.00025     0.005   11.1   0.0   174   251   829   907   811   940 0.74 NZ_CP157501.1_96 # 119588 # 122431 # -1 # ID=1_96;partial=00;start_type=ATG;rbs_motif=None;rbs_spacer=None;gc_cont=0.328
NZ_CP157501.1:863357-864961|+ -            535 1064at2085           -            350   8.9e-14   46.5   8.0   1   3         3        60   -2.3   0.2   126   154   211   241   199   255 0.74 NZ_CP157501.1_644 # 863357 # 864961 # 1 # ID=1_644;partial=00;start_type=ATG;rbs_motif=AGGAGG;rbs_spacer=5-10bp;gc_cont=0.254
NZ_CP157501.1:863357-864961|+ -            535 1064at2085           -            350   8.9e-14   46.5   8.0   2   3   9.8e-10     2e-08   28.9   0.7     2    71   327   397   326   424 0.81 NZ_CP157501.1_644 # 863357 # 864961 # 1 # ID=1_644;partial=00;start_type=ATG;rbs_motif=AGGAGG;rbs_spacer=5-10bp;gc_cont=0.254
NZ_CP157501.1:863357-864961|+ -            535 1064at2085           -            350   8.9e-14   46.5   8.0   3   3   1.2e-07   2.5e-06   22.0   0.3   157   246   431   519   389   531 0.72 NZ_CP157501.1_644 # 863357 # 864961 # 1 # ID=1_644;partial=00;start_type=ATG;rbs_motif=AGGAGG;rbs_spacer=5-10bp;gc_cont=0.254
NZ_CP157501.1:864949-866565|+ -            539 1064at2085           -            350   1.1e-13   46.1   3.3   1   2   5.7e-15   1.1e-13   46.1   3.3     2   124   325   449   324   468 0.81 NZ_CP157501.1_645 # 864949 # 866565 # 1 # ID=1_645;partial=00;start_type=ATG;rbs_motif=AGxAGG/AGGxGG;rbs_spacer=5-10bp;gc_cont=0.259
NZ_CP157501.1:864949-866565|+ -            539 1064at2085           -            350   1.1e-13   46.1   3.3   2   2       4.9        98   -3.0   0.1   213   240   487   515   484   518 0.70 NZ_CP157501.1_645 # 864949 # 866565 # 1 # ID=1_645;partial=00;start_type=ATG;rbs_motif=AGxAGG/AGGxGG;rbs_spacer=5-10bp;gc_cont=0.259
NZ_CP157501.1:811240-812850|+ -            537 1064at2085           -            350   1.4e-13   45.8   0.2   1   2   1.8e-10   3.5e-09   31.3   0.1     2    72   334   406   333   433 0.85 NZ_CP157501.1_609 # 811240 # 812850 # 1 # ID=1_609;partial=00;start_type=ATG;rbs_motif=AGGA;rbs_spacer=5-10bp;gc_cont=0.235
NZ_CP157501.1:811240-812850|+ -            537 1064at2085           -            350   1.4e-13   45.8   0.2   2   2   0.00015    0.0031   11.8   0.0   174   231   460   514   440   535 0.72 NZ_CP157501.1_609 # 811240 # 812850 # 1 # ID=1_609;partial=00;start_type=ATG;rbs_motif=AGGA;rbs_spacer=5-10bp;gc_cont=0.235
NZ_CP157501.1:170458-172497|+ -            680 1064at2085           -            350   1.3e-09   32.7   5.0   1   3       2.7        54   -2.2   0.1    68    86   113   131    78   146 0.69 NZ_CP157501.1_148 # 170458 # 172497 # 1 # ID=1_148;partial=00;start_type=ATG;rbs_motif=None;rbs_spacer=None;gc_cont=0.248
NZ_CP157501.1:170458-172497|+ -            680 1064at2085           -            350   1.3e-09   32.7   5.0   2   3   8.8e-06   0.00018   15.9   0.5     2    94   470   561   469   584 0.80 NZ_CP157501.1_148 # 170458 # 172497 # 1 # ID=1_148;partial=00;start_type=ATG;rbs_motif=None;rbs_spacer=None;gc_cont=0.248
NZ_CP157501.1:170458-172497|+ -            680 1064at2085           -            350   1.3e-09   32.7   5.0   3   3   2.4e-06   4.7e-05   17.8   0.1   165   239   589   661   568   666 0.88 NZ_CP157501.1_148 # 170458 # 172497 # 1 # ID=1_148;partial=00;start_type=ATG;rbs_motif=None;rbs_spacer=None;gc_cont=0.248
#
# Program:         hmmsearch
# Version:         3.4 (Aug 2023)
# Pipeline mode:   SEARCH
# Query file:      /home/bryan/Documentos/GitHub/Project_doctoral/IMPLEMENTACAO/Genomes/M_hyopneumoniae/strains/4284/Use/busco_downloads/lineages/mycoplasmatales_odb10/hmms/1064at2085.hmm
# Target file:     /home/bryan/Documentos/GitHub/Project_doctoral/IMPLEMENTACAO/Genomes/M_hyopneumoniae/strains/4284/Use/busco_complete/prodigal_output/predicted_genes/predicted.faa
# Option settings: hmmsearch --domtblout /home/bryan/Documentos/GitHub/Project_doctoral/IMPLEMENTACAO/Genomes/M_hyopneumoniae/strains/4284/Use/busco_complete/run_mycoplasmatales_odb10/hmmer_output/1064at2085.out --cpu 1 /home/bryan/Documentos/GitHub/Project_doctoral/IMPLEMENTACAO/Genomes/M_hyopneumoniae/strains/4284/Use/busco_downloads/lineages/mycoplasmatales_odb10/hmms/1064at2085.hmm /home/bryan/Documentos/GitHub/Project_doctoral/IMPLEMENTACAO/Genomes/M_hyopneumoniae/strains/4284/Use/busco_complete/prodigal_output/predicted_genes/predicted.faa 
# Current dir:     /home/bryan/Documentos/GitHub/Project_doctoral/IMPLEMENTACAO/Genomes/M_hyopneumoniae/strains/4284/Use
# Date:            Sun Dec  1 19:04:22 2024
# [ok]
