#                                                                                     --- full sequence --- -------------- this domain -------------   hmm coord   ali coord   env coord
# target name                 accession   tlen query name           accession   qlen   E-value  score  bias   #  of  c-Evalue  i-Evalue  score  bias  from    to  from    to  from    to  acc description of target
#         ------------------- ---------- ----- -------------------- ---------- ----- --------- ------ ----- --- --- --------- --------- ------ ----- ----- ----- ----- ----- ----- ----- ---- ---------------------
NZ_CP157501.1:237161-238489|- -            443 1338at2085           -            333  1.7e-109  361.3  27.8   1   2  8.9e-104  8.3e-102  336.0  24.3     1   290     4   357     4   394 0.78 NZ_CP157501.1_207 # 237161 # 238489 # -1 # ID=1_207;partial=00;start_type=TTG;rbs_motif=AGGAG;rbs_spacer=5-10bp;gc_cont=0.315
NZ_CP157501.1:237161-238489|- -            443 1338at2085           -            333  1.7e-109  361.3  27.8   2   2   3.9e-08   3.7e-06   21.6   0.1   300   333   405   442   370   442 0.88 NZ_CP157501.1_207 # 237161 # 238489 # -1 # ID=1_207;partial=00;start_type=TTG;rbs_motif=AGGAG;rbs_spacer=5-10bp;gc_cont=0.315
NZ_CP157501.1:93125-94426|+   -            434 1338at2085           -            333   3.4e-41  136.7   3.5   1   3     4e-18   3.7e-16   54.4   0.8   179   329     5   160     2   162 0.85 NZ_CP157501.1_74 # 93125 # 94426 # 1 # ID=1_74;partial=00;start_type=ATG;rbs_motif=3Base/5BMM;rbs_spacer=13-15bp;gc_cont=0.294
NZ_CP157501.1:93125-94426|+   -            434 1338at2085           -            333   3.4e-41  136.7   3.5   2   3   1.1e-26   9.9e-25   82.6   0.0   176   323   170   316   147   322 0.74 NZ_CP157501.1_74 # 93125 # 94426 # 1 # ID=1_74;partial=00;start_type=ATG;rbs_motif=3Base/5BMM;rbs_spacer=13-15bp;gc_cont=0.294
NZ_CP157501.1:93125-94426|+   -            434 1338at2085           -            333   3.4e-41  136.7   3.5   3   3      0.17        16   -0.2   0.1   264   297   281   316   276   350 0.56 NZ_CP157501.1_74 # 93125 # 94426 # 1 # ID=1_74;partial=00;start_type=ATG;rbs_motif=3Base/5BMM;rbs_spacer=13-15bp;gc_cont=0.294
NZ_CP157501.1:173724-174605|+ -            294 1338at2085           -            333   6.4e-15   50.3   1.2   1   1   1.2e-16   1.1e-14   49.6   1.2   174   267     4    98     1   141 0.78 NZ_CP157501.1_152 # 173724 # 174605 # 1 # ID=1_152;partial=00;start_type=ATG;rbs_motif=None;rbs_spacer=None;gc_cont=0.294
NZ_CP157501.1:113013-113804|+ -            264 1338at2085           -            333   1.4e-09   32.8   0.2   1   1   3.5e-11   3.3e-09   31.6   0.1   151   234    80   164    29   180 0.75 NZ_CP157501.1_91 # 113013 # 113804 # 1 # ID=1_91;partial=00;start_type=ATG;rbs_motif=GGA/GAG/AGG;rbs_spacer=3-4bp;gc_cont=0.265
NZ_CP157501.1:563787-564383|- -            199 1338at2085           -            333   2.3e-07   25.5   0.5   1   2   5.8e-09   5.5e-07   24.3   0.0   160   212    21    73    16    91 0.89 NZ_CP157501.1_435 # 563787 # 564383 # -1 # ID=1_435;partial=00;start_type=ATG;rbs_motif=None;rbs_spacer=None;gc_cont=0.296
NZ_CP157501.1:563787-564383|- -            199 1338at2085           -            333   2.3e-07   25.5   0.5   2   2      0.28        26   -1.0   0.3    90    90   159   159    95   196 0.48 NZ_CP157501.1_435 # 563787 # 564383 # -1 # ID=1_435;partial=00;start_type=ATG;rbs_motif=None;rbs_spacer=None;gc_cont=0.296
NZ_CP157501.1:55684-56943|+   -            420 1338at2085           -            333   7.9e-06   20.5   0.2   1   1   1.8e-07   1.7e-05   19.3   0.1   178   307   158   288   151   308 0.77 NZ_CP157501.1_43 # 55684 # 56943 # 1 # ID=1_43;partial=00;start_type=ATG;rbs_motif=AGGA;rbs_spacer=5-10bp;gc_cont=0.310
NZ_CP157501.1:344503-345606|- -            368 1338at2085           -            333   8.1e-05   17.1   0.9   1   1   1.7e-05    0.0016   12.9   0.9   177   283     3   128     1   156 0.59 NZ_CP157501.1_287 # 344503 # 345606 # -1 # ID=1_287;partial=00;start_type=ATG;rbs_motif=None;rbs_spacer=None;gc_cont=0.295
#
# Program:         hmmsearch
# Version:         3.4 (Aug 2023)
# Pipeline mode:   SEARCH
# Query file:      /home/bryan/Documentos/GitHub/Project_doctoral/IMPLEMENTACAO/Genomes/M_hyopneumoniae/strains/4284/Use/busco_downloads/lineages/mycoplasmatales_odb10/hmms/1338at2085.hmm
# Target file:     /home/bryan/Documentos/GitHub/Project_doctoral/IMPLEMENTACAO/Genomes/M_hyopneumoniae/strains/4284/Use/busco_complete/prodigal_output/predicted_genes/predicted.faa
# Option settings: hmmsearch --domtblout /home/bryan/Documentos/GitHub/Project_doctoral/IMPLEMENTACAO/Genomes/M_hyopneumoniae/strains/4284/Use/busco_complete/run_mycoplasmatales_odb10/hmmer_output/1338at2085.out --cpu 1 /home/bryan/Documentos/GitHub/Project_doctoral/IMPLEMENTACAO/Genomes/M_hyopneumoniae/strains/4284/Use/busco_downloads/lineages/mycoplasmatales_odb10/hmms/1338at2085.hmm /home/bryan/Documentos/GitHub/Project_doctoral/IMPLEMENTACAO/Genomes/M_hyopneumoniae/strains/4284/Use/busco_complete/prodigal_output/predicted_genes/predicted.faa 
# Current dir:     /home/bryan/Documentos/GitHub/Project_doctoral/IMPLEMENTACAO/Genomes/M_hyopneumoniae/strains/4284/Use
# Date:            Sun Dec  1 19:04:23 2024
# [ok]
