#                                                                                     --- full sequence --- -------------- this domain -------------   hmm coord   ali coord   env coord
# target name                 accession   tlen query name           accession   qlen   E-value  score  bias   #  of  c-Evalue  i-Evalue  score  bias  from    to  from    to  from    to  acc description of target
#         ------------------- ---------- ----- -------------------- ---------- ----- --------- ------ ----- --- --- --------- --------- ------ ----- ----- ----- ----- ----- ----- ----- ---- ---------------------
NZ_CP157501.1:478644-480185|+ -            514 913at2085            -            397  8.6e-136  448.4  28.3   1   2  2.2e-125  3.7e-123  406.8  18.8     2   316     3   378     2   388 0.85 NZ_CP157501.1_388 # 478644 # 480185 # 1 # ID=1_388;partial=00;start_type=ATG;rbs_motif=GGA/GAG/AGG;rbs_spacer=5-10bp;gc_cont=0.274
NZ_CP157501.1:478644-480185|+ -            514 913at2085            -            397  8.6e-136  448.4  28.3   2   2   3.7e-15   6.2e-13   43.8   1.9   311   386   406   485   393   500 0.84 NZ_CP157501.1_388 # 478644 # 480185 # 1 # ID=1_388;partial=00;start_type=ATG;rbs_motif=GGA/GAG/AGG;rbs_spacer=5-10bp;gc_cont=0.274
NZ_CP157501.1:834543-836915|- -            791 913at2085            -            397   6.3e-18   60.3   0.6   1   2   1.4e-11   2.3e-09   32.0   0.0     2   165    29   204    28   213 0.83 NZ_CP157501.1_627 # 834543 # 836915 # -1 # ID=1_627;partial=00;start_type=ATG;rbs_motif=GGA/GAG/AGG;rbs_spacer=5-10bp;gc_cont=0.305
NZ_CP157501.1:834543-836915|- -            791 913at2085            -            397   6.3e-18   60.3   0.6   2   2   1.5e-09   2.5e-07   25.3   0.4   238   340   547   647   512   694 0.74 NZ_CP157501.1_627 # 834543 # 836915 # -1 # ID=1_627;partial=00;start_type=ATG;rbs_motif=GGA/GAG/AGG;rbs_spacer=5-10bp;gc_cont=0.305
NZ_CP157501.1:39197-41857|-   -            887 913at2085            -            397   1.3e-15   52.7  23.3   1   5   2.1e-12   3.5e-10   34.8   0.2    12   128    61   194    59   224 0.70 NZ_CP157501.1_33 # 39197 # 41857 # -1 # ID=1_33;partial=00;start_type=ATG;rbs_motif=AGGA;rbs_spacer=5-10bp;gc_cont=0.307
NZ_CP157501.1:39197-41857|-   -            887 913at2085            -            397   1.3e-15   52.7  23.3   2   5      0.59        98   -2.9   0.1   144   187   410   460   402   462 0.53 NZ_CP157501.1_33 # 39197 # 41857 # -1 # ID=1_33;partial=00;start_type=ATG;rbs_motif=AGGA;rbs_spacer=5-10bp;gc_cont=0.307
NZ_CP157501.1:39197-41857|-   -            887 913at2085            -            397   1.3e-15   52.7  23.3   3   5   7.1e-09   1.2e-06   23.2   0.0   238   292   571   630   563   645 0.77 NZ_CP157501.1_33 # 39197 # 41857 # -1 # ID=1_33;partial=00;start_type=ATG;rbs_motif=AGGA;rbs_spacer=5-10bp;gc_cont=0.307
NZ_CP157501.1:39197-41857|-   -            887 913at2085            -            397   1.3e-15   52.7  23.3   4   5     0.023       3.7    1.7  10.7   264   387   634   763   625   776 0.71 NZ_CP157501.1_33 # 39197 # 41857 # -1 # ID=1_33;partial=00;start_type=ATG;rbs_motif=AGGA;rbs_spacer=5-10bp;gc_cont=0.307
NZ_CP157501.1:39197-41857|-   -            887 913at2085            -            397   1.3e-15   52.7  23.3   5   5      0.13        21   -0.7   0.2   118   163   763   806   756   811 0.70 NZ_CP157501.1_33 # 39197 # 41857 # -1 # ID=1_33;partial=00;start_type=ATG;rbs_motif=AGGA;rbs_spacer=5-10bp;gc_cont=0.307
NZ_CP157501.1:878028-880496|+ -            823 913at2085            -            397   4.2e-11   37.8   8.8   1   5   3.8e-09   6.3e-07   24.1   1.7     5   147    35   199    31   220 0.64 NZ_CP157501.1_653 # 878028 # 880496 # 1 # ID=1_653;partial=00;start_type=ATG;rbs_motif=AGGA;rbs_spacer=5-10bp;gc_cont=0.298
NZ_CP157501.1:878028-880496|+ -            823 913at2085            -            397   4.2e-11   37.8   8.8   2   5      0.11        18   -0.5   0.2   255   307   248   301   241   323 0.73 NZ_CP157501.1_653 # 878028 # 880496 # 1 # ID=1_653;partial=00;start_type=ATG;rbs_motif=AGGA;rbs_spacer=5-10bp;gc_cont=0.298
NZ_CP157501.1:878028-880496|+ -            823 913at2085            -            397   4.2e-11   37.8   8.8   3   5      0.42        69   -2.4   0.0   141   165   352   376   335   411 0.50 NZ_CP157501.1_653 # 878028 # 880496 # 1 # ID=1_653;partial=00;start_type=ATG;rbs_motif=AGGA;rbs_spacer=5-10bp;gc_cont=0.298
NZ_CP157501.1:878028-880496|+ -            823 913at2085            -            397   4.2e-11   37.8   8.8   4   5   5.5e-10     9e-08   26.8   0.8   233   318   490   575   465   607 0.67 NZ_CP157501.1_653 # 878028 # 880496 # 1 # ID=1_653;partial=00;start_type=ATG;rbs_motif=AGGA;rbs_spacer=5-10bp;gc_cont=0.298
NZ_CP157501.1:878028-880496|+ -            823 913at2085            -            397   4.2e-11   37.8   8.8   5   5      0.43        71   -2.5   0.5   259   294   691   720   664   799 0.58 NZ_CP157501.1_653 # 878028 # 880496 # 1 # ID=1_653;partial=00;start_type=ATG;rbs_motif=AGGA;rbs_spacer=5-10bp;gc_cont=0.298
#
# Program:         hmmsearch
# Version:         3.4 (Aug 2023)
# Pipeline mode:   SEARCH
# Query file:      /home/bryan/Documentos/GitHub/Project_doctoral/IMPLEMENTACAO/Genomes/M_hyopneumoniae/strains/4284/Use/busco_downloads/lineages/mycoplasmatales_odb10/hmms/913at2085.hmm
# Target file:     /home/bryan/Documentos/GitHub/Project_doctoral/IMPLEMENTACAO/Genomes/M_hyopneumoniae/strains/4284/Use/busco_complete/prodigal_output/predicted_genes/predicted.faa
# Option settings: hmmsearch --domtblout /home/bryan/Documentos/GitHub/Project_doctoral/IMPLEMENTACAO/Genomes/M_hyopneumoniae/strains/4284/Use/busco_complete/run_mycoplasmatales_odb10/hmmer_output/913at2085.out --cpu 1 /home/bryan/Documentos/GitHub/Project_doctoral/IMPLEMENTACAO/Genomes/M_hyopneumoniae/strains/4284/Use/busco_downloads/lineages/mycoplasmatales_odb10/hmms/913at2085.hmm /home/bryan/Documentos/GitHub/Project_doctoral/IMPLEMENTACAO/Genomes/M_hyopneumoniae/strains/4284/Use/busco_complete/prodigal_output/predicted_genes/predicted.faa 
# Current dir:     /home/bryan/Documentos/GitHub/Project_doctoral/IMPLEMENTACAO/Genomes/M_hyopneumoniae/strains/4284/Use
# Date:            Sun Dec  1 19:04:30 2024
# [ok]
