#                                                                                   --- full sequence --- -------------- this domain -------------   hmm coord   ali coord   env coord
# target name               accession   tlen query name           accession   qlen   E-value  score  bias   #  of  c-Evalue  i-Evalue  score  bias  from    to  from    to  from    to  acc description of target
#       ------------------- ---------- ----- -------------------- ---------- ----- --------- ------ ----- --- --- --------- --------- ------ ----- ----- ----- ----- ----- ----- ----- ---- ---------------------
scf00000000:852483-853817|- -            445 1064at2085           -            350  6.2e-149  491.1  18.8   1   2   9.1e-57   1.9e-55  183.7   0.3     1   128    10   137    10   144 0.91 scf00000000_669 # 852483 # 853817 # -1 # ID=1_669;partial=00;start_type=ATG;rbs_motif=GGA/GAG/AGG;rbs_spacer=11-12bp;gc_cont=0.307
scf00000000:852483-853817|- -            445 1064at2085           -            350  6.2e-149  491.1  18.8   2   2   4.4e-95   9.1e-94  309.7  13.2   100   349   147   441   139   442 0.82 scf00000000_669 # 852483 # 853817 # -1 # ID=1_669;partial=00;start_type=ATG;rbs_motif=GGA/GAG/AGG;rbs_spacer=11-12bp;gc_cont=0.307
scf00000000:601525-603702|+ -            726 1064at2085           -            350   6.6e-79  260.8   7.9   1   3   1.5e-35   3.2e-34  113.8   0.2     2   123    39   161    38   225 0.76 scf00000000_489 # 601525 # 603702 # 1 # ID=1_489;partial=00;start_type=ATG;rbs_motif=GGA/GAG/AGG;rbs_spacer=5-10bp;gc_cont=0.304
scf00000000:601525-603702|+ -            726 1064at2085           -            350   6.6e-79  260.8   7.9   2   3       5.5   1.1e+02   -3.1   0.1    95   130   265   284   257   314 0.60 scf00000000_489 # 601525 # 603702 # 1 # ID=1_489;partial=00;start_type=ATG;rbs_motif=GGA/GAG/AGG;rbs_spacer=5-10bp;gc_cont=0.304
scf00000000:601525-603702|+ -            726 1064at2085           -            350   6.6e-79  260.8   7.9   3   3   3.7e-49   7.7e-48  158.7   2.6   104   289   435   621   422   635 0.85 scf00000000_489 # 601525 # 603702 # 1 # ID=1_489;partial=00;start_type=ATG;rbs_motif=GGA/GAG/AGG;rbs_spacer=5-10bp;gc_cont=0.304
scf00000000:426257-427786|+ -            510 1064at2085           -            350   1.6e-49  164.2  10.1   1   4   4.5e-15   9.3e-14   46.6   0.1     2    99    11   116    10   121 0.89 scf00000000_353 # 426257 # 427786 # 1 # ID=1_353;partial=00;start_type=TTG;rbs_motif=GGAGG;rbs_spacer=5-10bp;gc_cont=0.322
scf00000000:426257-427786|+ -            510 1064at2085           -            350   1.6e-49  164.2  10.1   2   4   2.6e-15   5.4e-14   47.3   0.4   153   256   127   229   116   251 0.92 scf00000000_353 # 426257 # 427786 # 1 # ID=1_353;partial=00;start_type=TTG;rbs_motif=GGAGG;rbs_spacer=5-10bp;gc_cont=0.322
scf00000000:426257-427786|+ -            510 1064at2085           -            350   1.6e-49  164.2  10.1   3   4   0.00048      0.01   10.3   0.0    16    67   280   331   273   343 0.90 scf00000000_353 # 426257 # 427786 # 1 # ID=1_353;partial=00;start_type=TTG;rbs_motif=GGAGG;rbs_spacer=5-10bp;gc_cont=0.322
scf00000000:426257-427786|+ -            510 1064at2085           -            350   1.6e-49  164.2  10.1   4   4   1.9e-20   3.9e-19   64.3   0.2   150   259   381   490   374   502 0.90 scf00000000_353 # 426257 # 427786 # 1 # ID=1_353;partial=00;start_type=TTG;rbs_motif=GGAGG;rbs_spacer=5-10bp;gc_cont=0.322
scf00000000:811639-813177|+ -            513 1064at2085           -            350     6e-49  162.3  17.4   1   4   1.5e-12   3.1e-11   38.3   0.1     1    97     6   107     6   117 0.85 scf00000000_639 # 811639 # 813177 # 1 # ID=1_639;partial=00;start_type=TTG;rbs_motif=AGGA;rbs_spacer=5-10bp;gc_cont=0.320
scf00000000:811639-813177|+ -            513 1064at2085           -            350     6e-49  162.3  17.4   2   4   4.4e-20   9.2e-19   63.0   0.7   150   272   116   237   109   246 0.92 scf00000000_639 # 811639 # 813177 # 1 # ID=1_639;partial=00;start_type=TTG;rbs_motif=AGGA;rbs_spacer=5-10bp;gc_cont=0.320
scf00000000:811639-813177|+ -            513 1064at2085           -            350     6e-49  162.3  17.4   3   4   5.4e-08   1.1e-06   23.2   0.2    12    73   278   341   264   369 0.81 scf00000000_639 # 811639 # 813177 # 1 # ID=1_639;partial=00;start_type=TTG;rbs_motif=AGGA;rbs_spacer=5-10bp;gc_cont=0.320
scf00000000:811639-813177|+ -            513 1064at2085           -            350     6e-49  162.3  17.4   4   4   2.3e-15   4.8e-14   47.5   1.7   159   262   391   495   376   502 0.86 scf00000000_639 # 811639 # 813177 # 1 # ID=1_639;partial=00;start_type=TTG;rbs_motif=AGGA;rbs_spacer=5-10bp;gc_cont=0.320
scf00000000:617941-619101|+ -            387 1064at2085           -            350     1e-47  158.2  13.7   1   1   1.1e-48   2.2e-47  157.1  13.7     2   298     8   314     7   361 0.77 scf00000000_498 # 617941 # 619101 # 1 # ID=1_498;partial=00;start_type=ATG;rbs_motif=3Base/5BMM;rbs_spacer=13-15bp;gc_cont=0.257
scf00000000:722450-723346|- -            299 1064at2085           -            350   1.9e-35  117.9   4.1   1   2   8.8e-21   1.8e-19   65.3   1.0     1   107    60   176    60   194 0.79 scf00000000_577 # 722450 # 723346 # -1 # ID=1_577;partial=00;start_type=GTG;rbs_motif=AGGAG;rbs_spacer=5-10bp;gc_cont=0.353
scf00000000:722450-723346|- -            299 1064at2085           -            350   1.9e-35  117.9   4.1   2   2     2e-17   4.2e-16   54.3   0.1   160   258   180   277   177   284 0.89 scf00000000_577 # 722450 # 723346 # -1 # ID=1_577;partial=00;start_type=GTG;rbs_motif=AGGAG;rbs_spacer=5-10bp;gc_cont=0.353
scf00000000:398018-399349|+ -            444 1064at2085           -            350   3.7e-35  116.9   3.2   1   2   1.4e-10   2.9e-09   31.8   0.2     3   103    45   160    43   184 0.73 scf00000000_333 # 398018 # 399349 # 1 # ID=1_333;partial=00;start_type=ATG;rbs_motif=GGAG/GAGG;rbs_spacer=5-10bp;gc_cont=0.290
scf00000000:398018-399349|+ -            444 1064at2085           -            350   3.7e-35  116.9   3.2   2   2   5.8e-27   1.2e-25   85.6   0.2   140   267   242   369   200   375 0.86 scf00000000_333 # 398018 # 399349 # 1 # ID=1_333;partial=00;start_type=ATG;rbs_motif=GGAG/GAGG;rbs_spacer=5-10bp;gc_cont=0.290
scf00000000:464821-465639|+ -            273 1064at2085           -            350     1e-33  112.2   7.7   1   2     1e-14   2.1e-13   45.4   1.9     2   104     2   110     1   117 0.83 scf00000000_384 # 464821 # 465639 # 1 # ID=1_384;partial=00;start_type=ATG;rbs_motif=GGA/GAG/AGG;rbs_spacer=5-10bp;gc_cont=0.306
scf00000000:464821-465639|+ -            273 1064at2085           -            350     1e-33  112.2   7.7   2   2   1.4e-22     3e-21   71.2   0.8   153   271   112   229   106   245 0.94 scf00000000_384 # 464821 # 465639 # 1 # ID=1_384;partial=00;start_type=ATG;rbs_motif=GGA/GAG/AGG;rbs_spacer=5-10bp;gc_cont=0.306
scf00000000:534821-536773|+ -            651 1064at2085           -            350   1.6e-33  111.5   9.6   1   2     5e-19   1.1e-17   59.5   3.3     1    95     1    93     1    99 0.94 scf00000000_434 # 534821 # 536773 # 1 # ID=1_434;partial=00;start_type=ATG;rbs_motif=GGA/GAG/AGG;rbs_spacer=5-10bp;gc_cont=0.243
scf00000000:534821-536773|+ -            651 1064at2085           -            350   1.6e-33  111.5   9.6   2   2   1.3e-17   2.8e-16   54.9   0.6   145   260    98   208    93   232 0.84 scf00000000_434 # 534821 # 536773 # 1 # ID=1_434;partial=00;start_type=ATG;rbs_motif=GGA/GAG/AGG;rbs_spacer=5-10bp;gc_cont=0.243
scf00000000:187031-189355|- -            775 1064at2085           -            350     3e-33  110.6  10.0   1   2   3.8e-21     8e-20   66.5   5.9     1   120     1   117     1   124 0.90 scf00000000_139 # 187031 # 189355 # -1 # ID=1_139;partial=00;start_type=ATG;rbs_motif=AGxAG;rbs_spacer=5-10bp;gc_cont=0.263
scf00000000:187031-189355|- -            775 1064at2085           -            350     3e-33  110.6  10.0   2   2   1.5e-15     3e-14   48.2   0.5   159   258   107   205   104   218 0.88 scf00000000_139 # 187031 # 189355 # -1 # ID=1_139;partial=00;start_type=ATG;rbs_motif=AGxAG;rbs_spacer=5-10bp;gc_cont=0.263
scf00000000:465612-466514|+ -            301 1064at2085           -            350   3.2e-32  107.3   2.4   1   2   1.5e-11   3.2e-10   34.9   2.1     2   106     3   132     2   138 0.65 scf00000000_385 # 465612 # 466514 # 1 # ID=1_385;partial=00;start_type=ATG;rbs_motif=GGA/GAG/AGG;rbs_spacer=5-10bp;gc_cont=0.307
scf00000000:465612-466514|+ -            301 1064at2085           -            350   3.2e-32  107.3   2.4   2   2     1e-21   2.2e-20   68.4   0.0   152   282   131   261   125   294 0.86 scf00000000_385 # 465612 # 466514 # 1 # ID=1_385;partial=00;start_type=ATG;rbs_motif=GGA/GAG/AGG;rbs_spacer=5-10bp;gc_cont=0.307
scf00000000:560152-562539|- -            796 1064at2085           -            350   7.5e-32  106.1   9.3   1   2   7.7e-19   1.6e-17   58.9   2.9     1   115     1   112     1   125 0.82 scf00000000_460 # 560152 # 562539 # -1 # ID=1_460;partial=00;start_type=ATG;rbs_motif=None;rbs_spacer=None;gc_cont=0.253
scf00000000:560152-562539|- -            796 1064at2085           -            350   7.5e-32  106.1   9.3   2   2   1.2e-16   2.6e-15   51.7   1.1   159   266   107   213   104   219 0.87 scf00000000_460 # 560152 # 562539 # -1 # ID=1_460;partial=00;start_type=ATG;rbs_motif=None;rbs_spacer=None;gc_cont=0.253
scf00000000:515849-517813|- -            655 1064at2085           -            350   2.9e-30  100.9   9.4   1   2     7e-19   1.5e-17   59.1   4.8     1   122     1   120     1   126 0.86 scf00000000_424 # 515849 # 517813 # -1 # ID=1_424;partial=00;start_type=ATG;rbs_motif=GGA/GAG/AGG;rbs_spacer=5-10bp;gc_cont=0.247
scf00000000:515849-517813|- -            655 1064at2085           -            350   2.9e-30  100.9   9.4   2   2   1.1e-14   2.4e-13   45.2   0.4   172   267   122   215   113   250 0.87 scf00000000_424 # 515849 # 517813 # -1 # ID=1_424;partial=00;start_type=ATG;rbs_motif=GGA/GAG/AGG;rbs_spacer=5-10bp;gc_cont=0.247
scf00000000:497436-498437|- -            334 1064at2085           -            350   4.6e-29   96.9   8.1   1   2   4.1e-20   8.6e-19   63.1   4.0     1   124     1   124     1   127 0.83 scf00000000_410 # 497436 # 498437 # -1 # ID=1_410;partial=00;start_type=ATG;rbs_motif=None;rbs_spacer=None;gc_cont=0.250
scf00000000:497436-498437|- -            334 1064at2085           -            350   4.6e-29   96.9   8.1   2   2   3.5e-12   7.2e-11   37.0   0.1   172   254   121   201   116   213 0.88 scf00000000_410 # 497436 # 498437 # -1 # ID=1_410;partial=00;start_type=ATG;rbs_motif=None;rbs_spacer=None;gc_cont=0.250
scf00000000:791697-794021|- -            775 1064at2085           -            350   7.3e-29   96.2  15.3   1   4   1.1e-07   2.3e-06   22.3   8.0     8   113    15   124     5   203 0.80 scf00000000_624 # 791697 # 794021 # -1 # ID=1_624;partial=00;start_type=ATG;rbs_motif=AGxAG;rbs_spacer=5-10bp;gc_cont=0.277
scf00000000:791697-794021|- -            775 1064at2085           -            350   7.3e-29   96.2  15.3   2   4       7.8   1.6e+02   -3.6   3.7    69   167   186   284   163   317 0.60 scf00000000_624 # 791697 # 794021 # -1 # ID=1_624;partial=00;start_type=ATG;rbs_motif=AGxAG;rbs_spacer=5-10bp;gc_cont=0.277
scf00000000:791697-794021|- -            775 1064at2085           -            350   7.3e-29   96.2  15.3   3   4       1.8        37   -1.5   1.4    70   147   312   391   307   420 0.56 scf00000000_624 # 791697 # 794021 # -1 # ID=1_624;partial=00;start_type=ATG;rbs_motif=AGxAG;rbs_spacer=5-10bp;gc_cont=0.277
scf00000000:791697-794021|- -            775 1064at2085           -            350   7.3e-29   96.2  15.3   4   4   1.8e-27   3.8e-26   87.3   0.7   145   271   582   709   523   720 0.79 scf00000000_624 # 791697 # 794021 # -1 # ID=1_624;partial=00;start_type=ATG;rbs_motif=AGxAG;rbs_spacer=5-10bp;gc_cont=0.277
scf00000000:794021-795073|- -            351 1064at2085           -            350   1.2e-28   95.6   0.7   1   2     8e-08   1.7e-06   22.7   0.2    11    72    26    88     9    94 0.78 scf00000000_625 # 794021 # 795073 # -1 # ID=1_625;partial=00;start_type=ATG;rbs_motif=AGxAGG/AGGxGG;rbs_spacer=5-10bp;gc_cont=0.330
scf00000000:794021-795073|- -            351 1064at2085           -            350   1.2e-28   95.6   0.7   2   2   1.2e-22   2.6e-21   71.4   0.0   153   271   133   254   121   263 0.89 scf00000000_625 # 794021 # 795073 # -1 # ID=1_625;partial=00;start_type=ATG;rbs_motif=AGxAGG/AGGxGG;rbs_spacer=5-10bp;gc_cont=0.330
scf00000000:532411-534729|+ -            773 1064at2085           -            350   1.1e-27   92.4  14.2   1   3   3.2e-17   6.7e-16   53.6   3.4     1    96     1    94     1   106 0.92 scf00000000_433 # 532411 # 534729 # 1 # ID=1_433;partial=00;start_type=ATG;rbs_motif=None;rbs_spacer=None;gc_cont=0.260
scf00000000:532411-534729|+ -            773 1064at2085           -            350   1.1e-27   92.4  14.2   2   3   7.2e-15   1.5e-13   45.9   1.2   151   267   100   215    93   238 0.85 scf00000000_433 # 532411 # 534729 # 1 # ID=1_433;partial=00;start_type=ATG;rbs_motif=None;rbs_spacer=None;gc_cont=0.260
scf00000000:532411-534729|+ -            773 1064at2085           -            350   1.1e-27   92.4  14.2   3   3       5.4   1.1e+02   -3.1   0.1    32    94   547   606   528   612 0.68 scf00000000_433 # 532411 # 534729 # 1 # ID=1_433;partial=00;start_type=ATG;rbs_motif=None;rbs_spacer=None;gc_cont=0.260
scf00000000:517890-520172|- -            761 1064at2085           -            350   2.1e-27   91.4  18.0   1   3     9e-18   1.9e-16   55.4   4.1     1    95     1    92     1    95 0.91 scf00000000_425 # 517890 # 520172 # -1 # ID=1_425;partial=00;start_type=ATG;rbs_motif=GGA/GAG/AGG;rbs_spacer=5-10bp;gc_cont=0.254
scf00000000:517890-520172|- -            761 1064at2085           -            350   2.1e-27   91.4  18.0   2   3   1.2e-13   2.6e-12   41.8   4.8   143   292    95   243    93   306 0.75 scf00000000_425 # 517890 # 520172 # -1 # ID=1_425;partial=00;start_type=ATG;rbs_motif=GGA/GAG/AGG;rbs_spacer=5-10bp;gc_cont=0.254
scf00000000:517890-520172|- -            761 1064at2085           -            350   2.1e-27   91.4  18.0   3   3       1.4        29   -1.1   0.1    83   121   275   320   255   348 0.55 scf00000000_425 # 517890 # 520172 # -1 # ID=1_425;partial=00;start_type=ATG;rbs_motif=GGA/GAG/AGG;rbs_spacer=5-10bp;gc_cont=0.254
scf00000000:391252-392868|- -            539 1064at2085           -            350   2.5e-27   91.2   4.8   1   5   2.5e-13   5.3e-12   40.8   0.8     1    64     1    64     1   104 0.82 scf00000000_328 # 391252 # 392868 # -1 # ID=1_328;partial=00;start_type=ATG;rbs_motif=AGGA;rbs_spacer=5-10bp;gc_cont=0.330
scf00000000:391252-392868|- -            539 1064at2085           -            350   2.5e-27   91.2   4.8   2   5       1.6        33   -1.3   0.0   248   273    83   109    62   116 0.75 scf00000000_328 # 391252 # 392868 # -1 # ID=1_328;partial=00;start_type=ATG;rbs_motif=AGGA;rbs_spacer=5-10bp;gc_cont=0.330
scf00000000:391252-392868|- -            539 1064at2085           -            350   2.5e-27   91.2   4.8   3   5     2e-09   4.3e-08   27.9   0.0   171   261   148   234   130   281 0.84 scf00000000_328 # 391252 # 392868 # -1 # ID=1_328;partial=00;start_type=ATG;rbs_motif=AGGA;rbs_spacer=5-10bp;gc_cont=0.330
scf00000000:391252-392868|- -            539 1064at2085           -            350   2.5e-27   91.2   4.8   4   5     0.017      0.36    5.1   0.0    14    60   334   380   321   395 0.87 scf00000000_328 # 391252 # 392868 # -1 # ID=1_328;partial=00;start_type=ATG;rbs_motif=AGGA;rbs_spacer=5-10bp;gc_cont=0.330
scf00000000:391252-392868|- -            539 1064at2085           -            350   2.5e-27   91.2   4.8   5   5   1.6e-05   0.00033   15.1   0.0   174   223   443   492   418   535 0.78 scf00000000_328 # 391252 # 392868 # -1 # ID=1_328;partial=00;start_type=ATG;rbs_motif=AGGA;rbs_spacer=5-10bp;gc_cont=0.330
scf00000000:51255-52787|+   -            511 1064at2085           -            350     3e-27   90.9  17.5   1   4   8.2e-13   1.7e-11   39.1   1.0     2   119    14   136    13   147 0.86 scf00000000_46 # 51255 # 52787 # 1 # ID=1_46;partial=00;start_type=GTG;rbs_motif=GGA/GAG/AGG;rbs_spacer=11-12bp;gc_cont=0.324
scf00000000:51255-52787|+   -            511 1064at2085           -            350     3e-27   90.9  17.5   2   4   5.2e-06   0.00011   16.7   1.7   155   258   126   228   120   273 0.79 scf00000000_46 # 51255 # 52787 # 1 # ID=1_46;partial=00;start_type=GTG;rbs_motif=GGA/GAG/AGG;rbs_spacer=11-12bp;gc_cont=0.324
scf00000000:51255-52787|+   -            511 1064at2085           -            350     3e-27   90.9  17.5   3   4    0.0027     0.057    7.8   0.2    17    69   280   331   266   336 0.84 scf00000000_46 # 51255 # 52787 # 1 # ID=1_46;partial=00;start_type=GTG;rbs_motif=GGA/GAG/AGG;rbs_spacer=11-12bp;gc_cont=0.324
scf00000000:51255-52787|+   -            511 1064at2085           -            350     3e-27   90.9  17.5   4   4   1.4e-12   2.8e-11   38.4   0.4   145   260   375   493   359   503 0.76 scf00000000_46 # 51255 # 52787 # 1 # ID=1_46;partial=00;start_type=GTG;rbs_motif=GGA/GAG/AGG;rbs_spacer=11-12bp;gc_cont=0.324
scf00000000:182112-184379|- -            756 1064at2085           -            350   1.7e-26   88.5  14.9   1   3   7.6e-18   1.6e-16   55.7   3.9     1   108     1   105     1   121 0.87 scf00000000_137 # 182112 # 184379 # -1 # ID=1_137;partial=00;start_type=ATG;rbs_motif=None;rbs_spacer=None;gc_cont=0.251
scf00000000:182112-184379|- -            756 1064at2085           -            350   1.7e-26   88.5  14.9   2   3   2.1e-13   4.3e-12   41.1   0.3   170   258   119   205    98   218 0.88 scf00000000_137 # 182112 # 184379 # -1 # ID=1_137;partial=00;start_type=ATG;rbs_motif=None;rbs_spacer=None;gc_cont=0.251
scf00000000:182112-184379|- -            756 1064at2085           -            350   1.7e-26   88.5  14.9   3   3       8.5   1.8e+02   -3.7   0.6    98   158   438   499   429   530 0.57 scf00000000_137 # 182112 # 184379 # -1 # ID=1_137;partial=00;start_type=ATG;rbs_motif=None;rbs_spacer=None;gc_cont=0.251
scf00000000:621535-623835|+ -            767 1064at2085           -            350   3.2e-26   87.5  10.4   1   3   5.7e-18   1.2e-16   56.1   2.6     1   126     1   127     1   128 0.86 scf00000000_502 # 621535 # 623835 # 1 # ID=1_502;partial=00;start_type=ATG;rbs_motif=GGA/GAG/AGG;rbs_spacer=5-10bp;gc_cont=0.292
scf00000000:621535-623835|+ -            767 1064at2085           -            350   3.2e-26   87.5  10.4   2   3   5.5e-12   1.1e-10   36.4   0.2   173   253   123   201   102   212 0.86 scf00000000_502 # 621535 # 623835 # 1 # ID=1_502;partial=00;start_type=ATG;rbs_motif=GGA/GAG/AGG;rbs_spacer=5-10bp;gc_cont=0.292
scf00000000:621535-623835|+ -            767 1064at2085           -            350   3.2e-26   87.5  10.4   3   3      0.53        11    0.3   0.1    85   157   527   600   521   607 0.82 scf00000000_502 # 621535 # 623835 # 1 # ID=1_502;partial=00;start_type=ATG;rbs_motif=GGA/GAG/AGG;rbs_spacer=5-10bp;gc_cont=0.292
scf00000000:745542-746258|- -            239 1064at2085           -            350   9.4e-25   82.7   3.0   1   2   4.3e-10     9e-09   30.2   0.7     1    63     5    68     5    90 0.88 scf00000000_593 # 745542 # 746258 # -1 # ID=1_593;partial=00;start_type=ATG;rbs_motif=AGGA;rbs_spacer=5-10bp;gc_cont=0.265
scf00000000:745542-746258|- -            239 1064at2085           -            350   9.4e-25   82.7   3.0   2   2     4e-17   8.3e-16   53.3   0.1   136   268    93   225    74   233 0.87 scf00000000_593 # 745542 # 746258 # -1 # ID=1_593;partial=00;start_type=ATG;rbs_motif=AGGA;rbs_spacer=5-10bp;gc_cont=0.265
scf00000000:396616-398028|+ -            471 1064at2085           -            350   4.5e-24   80.5   9.3   1   3       1.9        39   -1.5   0.3   111   158    77   116    38   137 0.49 scf00000000_332 # 396616 # 398028 # 1 # ID=1_332;partial=00;start_type=ATG;rbs_motif=AGGAGG;rbs_spacer=5-10bp;gc_cont=0.321
scf00000000:396616-398028|+ -            471 1064at2085           -            350   4.5e-24   80.5   9.3   2   3   2.4e-06   5.1e-05   17.8   0.1    14   110   141   251   127   266 0.70 scf00000000_332 # 396616 # 398028 # 1 # ID=1_332;partial=00;start_type=ATG;rbs_motif=AGGAGG;rbs_spacer=5-10bp;gc_cont=0.321
scf00000000:396616-398028|+ -            471 1064at2085           -            350   4.5e-24   80.5   9.3   3   3   1.4e-21   2.9e-20   67.9   1.1   173   270   272   369   245   375 0.89 scf00000000_332 # 396616 # 398028 # 1 # ID=1_332;partial=00;start_type=ATG;rbs_motif=AGGAGG;rbs_spacer=5-10bp;gc_cont=0.321
scf00000000:590692-591462|+ -            257 1064at2085           -            350   1.8e-22   75.2   4.8   1   2   6.3e-07   1.3e-05   19.7   0.3    12    76    22    86     9   131 0.71 scf00000000_482 # 590692 # 591462 # 1 # ID=1_482;partial=00;start_type=ATG;rbs_motif=None;rbs_spacer=None;gc_cont=0.267
scf00000000:590692-591462|+ -            257 1064at2085           -            350   1.8e-22   75.2   4.8   2   2   6.4e-19   1.3e-17   59.2   2.7    83   267    56   242    56   249 0.74 scf00000000_482 # 590692 # 591462 # 1 # ID=1_482;partial=00;start_type=ATG;rbs_motif=None;rbs_spacer=None;gc_cont=0.267
scf00000000:90580-92199|+   -            540 1064at2085           -            350   5.8e-22   73.5   4.5   1   2   6.4e-12   1.3e-10   36.2   0.7     1    72   336   408   336   419 0.92 scf00000000_72 # 90580 # 92199 # 1 # ID=1_72;partial=00;start_type=ATG;rbs_motif=None;rbs_spacer=None;gc_cont=0.227
scf00000000:90580-92199|+   -            540 1064at2085           -            350   5.8e-22   73.5   4.5   2   2   8.9e-13   1.9e-11   39.0   0.2   130   242   417   528   407   539 0.81 scf00000000_72 # 90580 # 92199 # 1 # ID=1_72;partial=00;start_type=ATG;rbs_motif=None;rbs_spacer=None;gc_cont=0.227
scf00000000:143045-144658|+ -            538 1064at2085           -            350   2.2e-20   68.3   9.5   1   2   1.5e-15   3.1e-14   48.1   1.0     2    76   325   399   324   424 0.84 scf00000000_108 # 143045 # 144658 # 1 # ID=1_108;partial=00;start_type=ATG;rbs_motif=AGxAGG/AGGxGG;rbs_spacer=5-10bp;gc_cont=0.265
scf00000000:143045-144658|+ -            538 1064at2085           -            350   2.2e-20   68.3   9.5   2   2   2.3e-08   4.8e-07   24.5   2.0   156   240   426   514   413   520 0.83 scf00000000_108 # 143045 # 144658 # 1 # ID=1_108;partial=00;start_type=ATG;rbs_motif=AGxAGG/AGGxGG;rbs_spacer=5-10bp;gc_cont=0.265
scf00000000:184629-186920|- -            764 1064at2085           -            350   2.3e-18   61.7  14.9   1   3   3.6e-16   7.6e-15   50.1   4.0     1   126     1   126     1   130 0.82 scf00000000_138 # 184629 # 186920 # -1 # ID=1_138;partial=00;start_type=ATG;rbs_motif=AGGAG(G)/GGAGG;rbs_spacer=13-15bp;gc_cont=0.254
scf00000000:184629-186920|- -            764 1064at2085           -            350   2.3e-18   61.7  14.9   2   3   5.7e-07   1.2e-05   19.9   0.4   172   258   121   205   114   218 0.87 scf00000000_138 # 184629 # 186920 # -1 # ID=1_138;partial=00;start_type=ATG;rbs_motif=AGGAG(G)/GGAGG;rbs_spacer=13-15bp;gc_cont=0.254
scf00000000:184629-186920|- -            764 1064at2085           -            350   2.3e-18   61.7  14.9   3   3         2        42   -1.7   0.4   100   163   441   505   431   532 0.76 scf00000000_138 # 184629 # 186920 # -1 # ID=1_138;partial=00;start_type=ATG;rbs_motif=AGGAG(G)/GGAGG;rbs_spacer=13-15bp;gc_cont=0.254
scf00000000:83511-85124|+   -            538 1064at2085           -            350     3e-18   61.3   6.5   1   4       5.7   1.2e+02   -3.1   0.4    79   108    72   101    67   121 0.64 scf00000000_68 # 83511 # 85124 # 1 # ID=1_68;partial=00;start_type=ATG;rbs_motif=AGGAGG;rbs_spacer=5-10bp;gc_cont=0.242
scf00000000:83511-85124|+   -            538 1064at2085           -            350     3e-18   61.3   6.5   2   4       7.2   1.5e+02   -3.5   0.1   131   150   300   316   289   332 0.60 scf00000000_68 # 83511 # 85124 # 1 # ID=1_68;partial=00;start_type=ATG;rbs_motif=AGGAGG;rbs_spacer=5-10bp;gc_cont=0.242
scf00000000:83511-85124|+   -            538 1064at2085           -            350     3e-18   61.3   6.5   3   4   2.6e-10   5.4e-09   30.9   0.4     6    71   339   405   334   417 0.87 scf00000000_68 # 83511 # 85124 # 1 # ID=1_68;partial=00;start_type=ATG;rbs_motif=AGGAGG;rbs_spacer=5-10bp;gc_cont=0.242
scf00000000:83511-85124|+   -            538 1064at2085           -            350     3e-18   61.3   6.5   4   4   1.4e-13     3e-12   41.6   1.2   154   251   435   534   421   537 0.79 scf00000000_68 # 83511 # 85124 # 1 # ID=1_68;partial=00;start_type=ATG;rbs_motif=AGGAGG;rbs_spacer=5-10bp;gc_cont=0.242
scf00000000:273789-276632|- -            948 1064at2085           -            350   9.5e-16   53.1   5.0   1   4     0.016      0.33    5.3   0.1    15    42    19    46    13    57 0.90 scf00000000_210 # 273789 # 276632 # -1 # ID=1_210;partial=00;start_type=ATG;rbs_motif=None;rbs_spacer=None;gc_cont=0.328
scf00000000:273789-276632|- -            948 1064at2085           -            350   9.5e-16   53.1   5.0   2   4   7.7e-07   1.6e-05   19.5   0.0   153   249   467   563   447   601 0.77 scf00000000_210 # 273789 # 276632 # -1 # ID=1_210;partial=00;start_type=ATG;rbs_motif=None;rbs_spacer=None;gc_cont=0.328
scf00000000:273789-276632|- -            948 1064at2085           -            350   9.5e-16   53.1   5.0   3   4     9e-06   0.00019   16.0   0.4    15    47   626   658   618   680 0.82 scf00000000_210 # 273789 # 276632 # -1 # ID=1_210;partial=00;start_type=ATG;rbs_motif=None;rbs_spacer=None;gc_cont=0.328
scf00000000:273789-276632|- -            948 1064at2085           -            350   9.5e-16   53.1   5.0   4   4   0.00027    0.0056   11.1   0.0   174   251   829   907   811   940 0.74 scf00000000_210 # 273789 # 276632 # -1 # ID=1_210;partial=00;start_type=ATG;rbs_motif=None;rbs_spacer=None;gc_cont=0.328
scf00000000:88961-90571|+   -            537 1064at2085           -            350   9.6e-14   46.5   6.6   1   2   5.5e-11   1.1e-09   33.1   2.7     2   127   334   462   333   463 0.80 scf00000000_71 # 88961 # 90571 # 1 # ID=1_71;partial=00;start_type=ATG;rbs_motif=GGA/GAG/AGG;rbs_spacer=5-10bp;gc_cont=0.187
scf00000000:88961-90571|+   -            537 1064at2085           -            350   9.6e-14   46.5   6.6   2   2   3.3e-06   6.8e-05   17.4   0.4   170   250   456   534   431   536 0.70 scf00000000_71 # 88961 # 90571 # 1 # ID=1_71;partial=00;start_type=ATG;rbs_motif=GGA/GAG/AGG;rbs_spacer=5-10bp;gc_cont=0.187
scf00000000:82037-83500|+   -            488 1064at2085           -            350   1.8e-13   45.6   0.2   1   2   2.5e-10   5.3e-09   30.9   0.1     2    72   285   357   284   383 0.85 scf00000000_67 # 82037 # 83500 # 1 # ID=1_67;partial=00;start_type=GTG;rbs_motif=None;rbs_spacer=None;gc_cont=0.242
scf00000000:82037-83500|+   -            488 1064at2085           -            350   1.8e-13   45.6   0.2   2   2   0.00014     0.003   12.0   0.0   174   231   411   465   391   486 0.72 scf00000000_67 # 82037 # 83500 # 1 # ID=1_67;partial=00;start_type=GTG;rbs_motif=None;rbs_spacer=None;gc_cont=0.242
scf00000000:141781-143052|+ -            424 1064at2085           -            350   8.9e-13   43.3   7.5   1   3       2.1        44   -1.7   0.1   126   154   102   132    83   147 0.76 scf00000000_107 # 141781 # 143052 # 1 # ID=1_107;partial=00;start_type=ATG;rbs_motif=None;rbs_spacer=None;gc_cont=0.256
scf00000000:141781-143052|+ -            424 1064at2085           -            350   8.9e-13   43.3   7.5   2   3   6.2e-10   1.3e-08   29.6   0.8     2    94   218   312   217   317 0.81 scf00000000_107 # 141781 # 143052 # 1 # ID=1_107;partial=00;start_type=ATG;rbs_motif=None;rbs_spacer=None;gc_cont=0.256
scf00000000:141781-143052|+ -            424 1064at2085           -            350   8.9e-13   43.3   7.5   3   3   4.7e-06   9.7e-05   16.9   0.1   166   245   333   409   317   420 0.79 scf00000000_107 # 141781 # 143052 # 1 # ID=1_107;partial=00;start_type=ATG;rbs_motif=None;rbs_spacer=None;gc_cont=0.256
scf00000000:350305-352344|- -            680 1064at2085           -            350   1.5e-09   32.7   5.0   1   3       2.9        60   -2.2   0.1    68    86   113   131    78   146 0.69 scf00000000_277 # 350305 # 352344 # -1 # ID=1_277;partial=00;start_type=ATG;rbs_motif=None;rbs_spacer=None;gc_cont=0.248
scf00000000:350305-352344|- -            680 1064at2085           -            350   1.5e-09   32.7   5.0   2   3   9.3e-06   0.00019   15.9   0.5     2    94   470   561   469   584 0.80 scf00000000_277 # 350305 # 352344 # -1 # ID=1_277;partial=00;start_type=ATG;rbs_motif=None;rbs_spacer=None;gc_cont=0.248
scf00000000:350305-352344|- -            680 1064at2085           -            350   1.5e-09   32.7   5.0   3   3   2.5e-06   5.3e-05   17.8   0.1   165   239   589   661   568   666 0.88 scf00000000_277 # 350305 # 352344 # -1 # ID=1_277;partial=00;start_type=ATG;rbs_motif=None;rbs_spacer=None;gc_cont=0.248
scf00000000:181724-181957|- -             78 1064at2085           -            350   1.8e-05   19.3   1.2   1   1   9.3e-07   1.9e-05   19.2   1.2    60   125     3    71     1    76 0.67 scf00000000_136 # 181724 # 181957 # -1 # ID=1_136;partial=00;start_type=TTG;rbs_motif=None;rbs_spacer=None;gc_cont=0.239
#
# Program:         hmmsearch
# Version:         3.4 (Aug 2023)
# Pipeline mode:   SEARCH
# Query file:      /home/bryan/Documentos/GitHub/Project_doctoral/IMPLEMENTACAO/Genomes/M_hyopneumoniae/strains/MHP650/Use/busco_downloads/lineages/mycoplasmatales_odb10/hmms/1064at2085.hmm
# Target file:     /home/bryan/Documentos/GitHub/Project_doctoral/IMPLEMENTACAO/Genomes/M_hyopneumoniae/strains/MHP650/Use/busco_complete/prodigal_output/predicted_genes/predicted.faa
# Option settings: hmmsearch --domtblout /home/bryan/Documentos/GitHub/Project_doctoral/IMPLEMENTACAO/Genomes/M_hyopneumoniae/strains/MHP650/Use/busco_complete/run_mycoplasmatales_odb10/hmmer_output/1064at2085.out --cpu 1 /home/bryan/Documentos/GitHub/Project_doctoral/IMPLEMENTACAO/Genomes/M_hyopneumoniae/strains/MHP650/Use/busco_downloads/lineages/mycoplasmatales_odb10/hmms/1064at2085.hmm /home/bryan/Documentos/GitHub/Project_doctoral/IMPLEMENTACAO/Genomes/M_hyopneumoniae/strains/MHP650/Use/busco_complete/prodigal_output/predicted_genes/predicted.faa 
# Current dir:     /home/bryan/Documentos/GitHub/Project_doctoral/IMPLEMENTACAO/Genomes/M_hyopneumoniae/strains/MHP650/Use
# Date:            Sun Dec  1 19:22:32 2024
# [ok]
