#                                                                                   --- full sequence --- -------------- this domain -------------   hmm coord   ali coord   env coord
# target name               accession   tlen query name           accession   qlen   E-value  score  bias   #  of  c-Evalue  i-Evalue  score  bias  from    to  from    to  from    to  acc description of target
#       ------------------- ---------- ----- -------------------- ---------- ----- --------- ------ ----- --- --- --------- --------- ------ ----- ----- ----- ----- ----- ----- ----- ---- ---------------------
scf00000000:249535-250836|+ -            434 1140at2085           -            348  3.5e-118  389.8  10.4   1   1  5.9e-120  7.2e-118  388.8  10.4     1   346     5   429     5   431 0.85 scf00000000_188 # 249535 # 250836 # 1 # ID=1_188;partial=00;start_type=ATG;rbs_motif=3Base/5BMM;rbs_spacer=13-15bp;gc_cont=0.297
scf00000000:389880-391208|- -            443 1140at2085           -            348   1.2e-22   75.6   4.8   1   1   3.5e-24   4.3e-22   73.8   4.8   130   301   217   389   211   399 0.77 scf00000000_327 # 389880 # 391208 # -1 # ID=1_327;partial=00;start_type=TTG;rbs_motif=AGGAG;rbs_spacer=5-10bp;gc_cont=0.315
scf00000000:348197-349078|- -            294 1140at2085           -            348   6.5e-13   43.6   2.2   1   1     1e-14   1.3e-12   42.7   1.7     1   103     9   124     9   137 0.76 scf00000000_273 # 348197 # 349078 # -1 # ID=1_273;partial=00;start_type=ATG;rbs_motif=None;rbs_spacer=None;gc_cont=0.294
scf00000000:269320-270111|+ -            264 1140at2085           -            348   1.2e-09   32.8   5.5   1   2   0.00078     0.095    6.9   2.5   213   275    35   100     3   109 0.65 scf00000000_205 # 269320 # 270111 # 1 # ID=1_205;partial=00;start_type=ATG;rbs_motif=None;rbs_spacer=None;gc_cont=0.269
scf00000000:269320-270111|+ -            264 1140at2085           -            348   1.2e-09   32.8   5.5   2   2   7.4e-10   8.9e-08   26.7   0.1     3    60   115   173   113   193 0.85 scf00000000_205 # 269320 # 270111 # 1 # ID=1_205;partial=00;start_type=ATG;rbs_motif=None;rbs_spacer=None;gc_cont=0.269
scf00000000:719445-720041|- -            199 1140at2085           -            348   1.4e-07   26.0   2.7   1   1   2.2e-08   2.7e-06   21.9   2.7   132   178    40    92    32   198 0.45 scf00000000_574 # 719445 # 720041 # -1 # ID=1_574;partial=00;start_type=ATG;rbs_motif=None;rbs_spacer=None;gc_cont=0.296
scf00000000:345018-345875|- -            286 1140at2085           -            348   0.00027   15.3   8.2   1   2    0.0028      0.33    5.1   1.5   181   237    61   120    42   156 0.69 scf00000000_269 # 345018 # 345875 # -1 # ID=1_269;partial=00;start_type=ATG;rbs_motif=3Base/5BMM;rbs_spacer=13-15bp;gc_cont=0.283
scf00000000:345018-345875|- -            286 1140at2085           -            348   0.00027   15.3   8.2   2   2   4.8e-06   0.00059   14.2   0.7     3    62   157   224   155   233 0.71 scf00000000_269 # 345018 # 345875 # -1 # ID=1_269;partial=00;start_type=ATG;rbs_motif=3Base/5BMM;rbs_spacer=13-15bp;gc_cont=0.283
#
# Program:         hmmsearch
# Version:         3.4 (Aug 2023)
# Pipeline mode:   SEARCH
# Query file:      /home/bryan/Documentos/GitHub/Project_doctoral/IMPLEMENTACAO/Genomes/M_hyopneumoniae/strains/MHP650/Use/busco_downloads/lineages/mycoplasmatales_odb10/hmms/1140at2085.hmm
# Target file:     /home/bryan/Documentos/GitHub/Project_doctoral/IMPLEMENTACAO/Genomes/M_hyopneumoniae/strains/MHP650/Use/busco_complete/prodigal_output/predicted_genes/predicted.faa
# Option settings: hmmsearch --domtblout /home/bryan/Documentos/GitHub/Project_doctoral/IMPLEMENTACAO/Genomes/M_hyopneumoniae/strains/MHP650/Use/busco_complete/run_mycoplasmatales_odb10/hmmer_output/1140at2085.out --cpu 1 /home/bryan/Documentos/GitHub/Project_doctoral/IMPLEMENTACAO/Genomes/M_hyopneumoniae/strains/MHP650/Use/busco_downloads/lineages/mycoplasmatales_odb10/hmms/1140at2085.hmm /home/bryan/Documentos/GitHub/Project_doctoral/IMPLEMENTACAO/Genomes/M_hyopneumoniae/strains/MHP650/Use/busco_complete/prodigal_output/predicted_genes/predicted.faa 
# Current dir:     /home/bryan/Documentos/GitHub/Project_doctoral/IMPLEMENTACAO/Genomes/M_hyopneumoniae/strains/MHP650/Use
# Date:            Sun Dec  1 19:22:32 2024
# [ok]
