#                                                                                   --- full sequence --- -------------- this domain -------------   hmm coord   ali coord   env coord
# target name               accession   tlen query name           accession   qlen   E-value  score  bias   #  of  c-Evalue  i-Evalue  score  bias  from    to  from    to  from    to  acc description of target
#       ------------------- ---------- ----- -------------------- ---------- ----- --------- ------ ----- --- --- --------- --------- ------ ----- ----- ----- ----- ----- ----- ----- ---- ---------------------
scf00000000:172695-173696|+ -            334 1633at2085           -            266   4.8e-99  326.5  14.4   1   1   3.3e-99     6e-97  319.6  14.4     9   265    21   326    16   327 0.87 scf00000000_128 # 172695 # 173696 # 1 # ID=1_128;partial=00;start_type=ATG;rbs_motif=AGGA;rbs_spacer=5-10bp;gc_cont=0.325
scf00000000:226220-227542|+ -            441 1633at2085           -            266   1.4e-42  141.4   9.5   1   3       0.2        37   -1.0   0.4    11    61    14    61     4    91 0.40 scf00000000_174 # 226220 # 227542 # 1 # ID=1_174;partial=00;start_type=ATG;rbs_motif=None;rbs_spacer=None;gc_cont=0.312
scf00000000:226220-227542|+ -            441 1633at2085           -            266   1.4e-42  141.4   9.5   2   3   7.7e-45   1.4e-42  141.4   9.5    50   257    72   287    26   294 0.86 scf00000000_174 # 226220 # 227542 # 1 # ID=1_174;partial=00;start_type=ATG;rbs_motif=None;rbs_spacer=None;gc_cont=0.312
scf00000000:226220-227542|+ -            441 1633at2085           -            266   1.4e-42  141.4   9.5   3   3      0.53        97   -2.3   0.1    56    72   362   378   326   385 0.51 scf00000000_174 # 226220 # 227542 # 1 # ID=1_174;partial=00;start_type=ATG;rbs_motif=None;rbs_spacer=None;gc_cont=0.312
scf00000000:465612-466514|+ -            301 1633at2085           -            266    0.0019   13.1   2.4   1   2   1.5e-05    0.0027   12.6   0.3    52    97     8    53     1    58 0.85 scf00000000_385 # 465612 # 466514 # 1 # ID=1_385;partial=00;start_type=ATG;rbs_motif=GGA/GAG/AGG;rbs_spacer=5-10bp;gc_cont=0.307
scf00000000:465612-466514|+ -            301 1633at2085           -            266    0.0019   13.1   2.4   2   2      0.11        20   -0.1   0.1    19    60    87   129    73   147 0.74 scf00000000_385 # 465612 # 466514 # 1 # ID=1_385;partial=00;start_type=ATG;rbs_motif=GGA/GAG/AGG;rbs_spacer=5-10bp;gc_cont=0.307
scf00000000:64376-64795|-   -            140 1633at2085           -            266    0.0021   12.9   1.4   1   1     2e-05    0.0036   12.2   1.4    60   100    17    59     4    67 0.73 scf00000000_57 # 64376 # 64795 # -1 # ID=1_57;partial=00;start_type=ATG;rbs_motif=None;rbs_spacer=None;gc_cont=0.245
#
# Program:         hmmsearch
# Version:         3.4 (Aug 2023)
# Pipeline mode:   SEARCH
# Query file:      /home/bryan/Documentos/GitHub/Project_doctoral/IMPLEMENTACAO/Genomes/M_hyopneumoniae/strains/MHP650/Use/busco_downloads/lineages/mycoplasmatales_odb10/hmms/1633at2085.hmm
# Target file:     /home/bryan/Documentos/GitHub/Project_doctoral/IMPLEMENTACAO/Genomes/M_hyopneumoniae/strains/MHP650/Use/busco_complete/prodigal_output/predicted_genes/predicted.faa
# Option settings: hmmsearch --domtblout /home/bryan/Documentos/GitHub/Project_doctoral/IMPLEMENTACAO/Genomes/M_hyopneumoniae/strains/MHP650/Use/busco_complete/run_mycoplasmatales_odb10/hmmer_output/1633at2085.out --cpu 1 /home/bryan/Documentos/GitHub/Project_doctoral/IMPLEMENTACAO/Genomes/M_hyopneumoniae/strains/MHP650/Use/busco_downloads/lineages/mycoplasmatales_odb10/hmms/1633at2085.hmm /home/bryan/Documentos/GitHub/Project_doctoral/IMPLEMENTACAO/Genomes/M_hyopneumoniae/strains/MHP650/Use/busco_complete/prodigal_output/predicted_genes/predicted.faa 
# Current dir:     /home/bryan/Documentos/GitHub/Project_doctoral/IMPLEMENTACAO/Genomes/M_hyopneumoniae/strains/MHP650/Use
# Date:            Sun Dec  1 19:22:33 2024
# [ok]
