#                                                                                   --- full sequence --- -------------- this domain -------------   hmm coord   ali coord   env coord
# target name               accession   tlen query name           accession   qlen   E-value  score  bias   #  of  c-Evalue  i-Evalue  score  bias  from    to  from    to  from    to  acc description of target
#       ------------------- ---------- ----- -------------------- ---------- ----- --------- ------ ----- --- --- --------- --------- ------ ----- ----- ----- ----- ----- ----- ----- ---- ---------------------
scf00000000:504929-506032|- -            368 1683at2085           -            284  9.2e-104  342.1  14.9   1   2   5.3e-74   6.4e-72  237.6   6.2     1   187     1   214     1   217 0.85 scf00000000_414 # 504929 # 506032 # -1 # ID=1_414;partial=00;start_type=ATG;rbs_motif=None;rbs_spacer=None;gc_cont=0.300
scf00000000:504929-506032|- -            368 1683at2085           -            284  9.2e-104  342.1  14.9   2   2   7.5e-32   9.1e-30   99.3   1.5   185   284   238   365   222   365 0.75 scf00000000_414 # 504929 # 506032 # -1 # ID=1_414;partial=00;start_type=ATG;rbs_motif=None;rbs_spacer=None;gc_cont=0.300
scf00000000:212112-213371|+ -            420 1683at2085           -            284   1.8e-16   55.7   5.8   1   1   3.1e-17   3.8e-15   51.4   5.8     4   136   158   277   155   367 0.77 scf00000000_157 # 212112 # 213371 # 1 # ID=1_157;partial=00;start_type=ATG;rbs_motif=AGGA;rbs_spacer=5-10bp;gc_cont=0.306
scf00000000:249535-250836|+ -            434 1683at2085           -            284     2e-06   22.8   5.3   1   4     2e-05    0.0024   12.6   0.1     2    25     2    25     1    33 0.84 scf00000000_188 # 249535 # 250836 # 1 # ID=1_188;partial=00;start_type=ATG;rbs_motif=3Base/5BMM;rbs_spacer=13-15bp;gc_cont=0.297
scf00000000:249535-250836|+ -            434 1683at2085           -            284     2e-06   22.8   5.3   2   4       1.6   1.9e+02   -3.4   0.0   171   181   108   118    92   129 0.69 scf00000000_188 # 249535 # 250836 # 1 # ID=1_188;partial=00;start_type=ATG;rbs_motif=3Base/5BMM;rbs_spacer=13-15bp;gc_cont=0.297
scf00000000:249535-250836|+ -            434 1683at2085           -            284     2e-06   22.8   5.3   3   4    0.0004     0.048    8.4   0.0     3    22   171   190   169   253 0.82 scf00000000_188 # 249535 # 250836 # 1 # ID=1_188;partial=00;start_type=ATG;rbs_motif=3Base/5BMM;rbs_spacer=13-15bp;gc_cont=0.297
scf00000000:249535-250836|+ -            434 1683at2085           -            284     2e-06   22.8   5.3   4   4     0.041         5    1.8   0.1    27    80   273   329   269   358 0.70 scf00000000_188 # 249535 # 250836 # 1 # ID=1_188;partial=00;start_type=ATG;rbs_motif=3Base/5BMM;rbs_spacer=13-15bp;gc_cont=0.297
scf00000000:389880-391208|- -            443 1683at2085           -            284   3.5e-06   22.0   2.4   1   1   1.4e-06   0.00017   16.4   2.2     3   104   217   308   215   366 0.82 scf00000000_327 # 389880 # 391208 # -1 # ID=1_327;partial=00;start_type=TTG;rbs_motif=AGGAG;rbs_spacer=5-10bp;gc_cont=0.315
scf00000000:348197-349078|- -            294 1683at2085           -            284   1.6e-05   19.8   0.1   1   1   2.9e-07   3.6e-05   18.7   0.1     5    26     9    30     6    55 0.85 scf00000000_273 # 348197 # 349078 # -1 # ID=1_273;partial=00;start_type=ATG;rbs_motif=None;rbs_spacer=None;gc_cont=0.294
scf00000000:269320-270111|+ -            264 1683at2085           -            284   0.00012   17.0   0.1   1   3      0.15        19   -0.1   0.6    81   150    31   103     9   107 0.60 scf00000000_205 # 269320 # 270111 # 1 # ID=1_205;partial=00;start_type=ATG;rbs_motif=None;rbs_spacer=None;gc_cont=0.269
scf00000000:269320-270111|+ -            264 1683at2085           -            284   0.00012   17.0   0.1   2   3   9.5e-07   0.00012   17.0   0.1     2    27   110   135   109   153 0.87 scf00000000_205 # 269320 # 270111 # 1 # ID=1_205;partial=00;start_type=ATG;rbs_motif=None;rbs_spacer=None;gc_cont=0.269
scf00000000:269320-270111|+ -            264 1683at2085           -            284   0.00012   17.0   0.1   3   3      0.48        58   -1.7   0.1    16    56   191   233   173   243 0.50 scf00000000_205 # 269320 # 270111 # 1 # ID=1_205;partial=00;start_type=ATG;rbs_motif=None;rbs_spacer=None;gc_cont=0.269
#
# Program:         hmmsearch
# Version:         3.4 (Aug 2023)
# Pipeline mode:   SEARCH
# Query file:      /home/bryan/Documentos/GitHub/Project_doctoral/IMPLEMENTACAO/Genomes/M_hyopneumoniae/strains/MHP650/Use/busco_downloads/lineages/mycoplasmatales_odb10/hmms/1683at2085.hmm
# Target file:     /home/bryan/Documentos/GitHub/Project_doctoral/IMPLEMENTACAO/Genomes/M_hyopneumoniae/strains/MHP650/Use/busco_complete/prodigal_output/predicted_genes/predicted.faa
# Option settings: hmmsearch --domtblout /home/bryan/Documentos/GitHub/Project_doctoral/IMPLEMENTACAO/Genomes/M_hyopneumoniae/strains/MHP650/Use/busco_complete/run_mycoplasmatales_odb10/hmmer_output/1683at2085.out --cpu 1 /home/bryan/Documentos/GitHub/Project_doctoral/IMPLEMENTACAO/Genomes/M_hyopneumoniae/strains/MHP650/Use/busco_downloads/lineages/mycoplasmatales_odb10/hmms/1683at2085.hmm /home/bryan/Documentos/GitHub/Project_doctoral/IMPLEMENTACAO/Genomes/M_hyopneumoniae/strains/MHP650/Use/busco_complete/prodigal_output/predicted_genes/predicted.faa 
# Current dir:     /home/bryan/Documentos/GitHub/Project_doctoral/IMPLEMENTACAO/Genomes/M_hyopneumoniae/strains/MHP650/Use
# Date:            Sun Dec  1 19:22:34 2024
# [ok]
