#                                                                                   --- full sequence --- -------------- this domain -------------   hmm coord   ali coord   env coord
# target name               accession   tlen query name           accession   qlen   E-value  score  bias   #  of  c-Evalue  i-Evalue  score  bias  from    to  from    to  from    to  acc description of target
#       ------------------- ---------- ----- -------------------- ---------- ----- --------- ------ ----- --- --- --------- --------- ------ ----- ----- ----- ----- ----- ----- ----- ---- ---------------------
scf00000000:105629-106843|- -            405 1830at2085           -            299  5.1e-101  333.2  32.0   1   3   2.2e-38   4.1e-36  120.2  10.0     1   129    10   157    10   159 0.84 scf00000000_83 # 105629 # 106843 # -1 # ID=1_83;partial=00;start_type=ATG;rbs_motif=None;rbs_spacer=None;gc_cont=0.252
scf00000000:105629-106843|- -            405 1830at2085           -            299  5.1e-101  333.2  32.0   2   3   2.5e-65   4.5e-63  208.7   6.6   114   296   157   345   152   347 0.86 scf00000000_83 # 105629 # 106843 # -1 # ID=1_83;partial=00;start_type=ATG;rbs_motif=None;rbs_spacer=None;gc_cont=0.252
scf00000000:105629-106843|- -            405 1830at2085           -            299  5.1e-101  333.2  32.0   3   3   2.1e-06   0.00038   15.2   3.0   244   295   347   399   336   402 0.87 scf00000000_83 # 105629 # 106843 # -1 # ID=1_83;partial=00;start_type=ATG;rbs_motif=None;rbs_spacer=None;gc_cont=0.252
scf00000000:650386-651927|+ -            514 1830at2085           -            299   3.8e-09   31.6   5.1   1   3   0.00082      0.15    6.7   0.3     2    99     5   110     4   133 0.79 scf00000000_532 # 650386 # 651927 # 1 # ID=1_532;partial=00;start_type=ATG;rbs_motif=GGA/GAG/AGG;rbs_spacer=5-10bp;gc_cont=0.271
scf00000000:650386-651927|+ -            514 1830at2085           -            299   3.8e-09   31.6   5.1   2   3   1.1e-09   1.9e-07   26.0   0.1   190   259   291   361   282   383 0.81 scf00000000_532 # 650386 # 651927 # 1 # ID=1_532;partial=00;start_type=ATG;rbs_motif=GGA/GAG/AGG;rbs_spacer=5-10bp;gc_cont=0.271
scf00000000:650386-651927|+ -            514 1830at2085           -            299   3.8e-09   31.6   5.1   3   3      0.19        35   -1.1   0.1    67   100   405   442   393   450 0.62 scf00000000_532 # 650386 # 651927 # 1 # ID=1_532;partial=00;start_type=ATG;rbs_motif=GGA/GAG/AGG;rbs_spacer=5-10bp;gc_cont=0.271
scf00000000:112532-114904|- -            791 1830at2085           -            299   2.1e-06   22.6   0.0   1   1   4.3e-08   7.8e-06   20.8   0.0   191   236   548   594   504   632 0.84 scf00000000_89 # 112532 # 114904 # -1 # ID=1_89;partial=00;start_type=ATG;rbs_motif=None;rbs_spacer=None;gc_cont=0.306
scf00000000:195787-198447|- -            887 1830at2085           -            299   1.3e-05   20.0   0.2   1   4     0.036       6.6    1.3   0.1    12    68    65   127    57   182 0.63 scf00000000_147 # 195787 # 198447 # -1 # ID=1_147;partial=00;start_type=ATG;rbs_motif=AGGA;rbs_spacer=5-10bp;gc_cont=0.307
scf00000000:195787-198447|- -            887 1830at2085           -            299   1.3e-05   20.0   0.2   2   4      0.23        41   -1.3   0.1   143   174   364   395   340   398 0.80 scf00000000_147 # 195787 # 198447 # -1 # ID=1_147;partial=00;start_type=ATG;rbs_motif=AGGA;rbs_spacer=5-10bp;gc_cont=0.307
scf00000000:195787-198447|- -            887 1830at2085           -            299   1.3e-05   20.0   0.2   3   4     7e-08   1.3e-05   20.0   0.2   198   295   580   681   563   684 0.76 scf00000000_147 # 195787 # 198447 # -1 # ID=1_147;partial=00;start_type=ATG;rbs_motif=AGGA;rbs_spacer=5-10bp;gc_cont=0.307
scf00000000:195787-198447|- -            887 1830at2085           -            299   1.3e-05   20.0   0.2   4   4      0.76   1.4e+02   -3.1   0.5   243   280   748   785   721   809 0.53 scf00000000_147 # 195787 # 198447 # -1 # ID=1_147;partial=00;start_type=ATG;rbs_motif=AGGA;rbs_spacer=5-10bp;gc_cont=0.307
#
# Program:         hmmsearch
# Version:         3.4 (Aug 2023)
# Pipeline mode:   SEARCH
# Query file:      /home/bryan/Documentos/GitHub/Project_doctoral/IMPLEMENTACAO/Genomes/M_hyopneumoniae/strains/MHP650/Use/busco_downloads/lineages/mycoplasmatales_odb10/hmms/1830at2085.hmm
# Target file:     /home/bryan/Documentos/GitHub/Project_doctoral/IMPLEMENTACAO/Genomes/M_hyopneumoniae/strains/MHP650/Use/busco_complete/prodigal_output/predicted_genes/predicted.faa
# Option settings: hmmsearch --domtblout /home/bryan/Documentos/GitHub/Project_doctoral/IMPLEMENTACAO/Genomes/M_hyopneumoniae/strains/MHP650/Use/busco_complete/run_mycoplasmatales_odb10/hmmer_output/1830at2085.out --cpu 1 /home/bryan/Documentos/GitHub/Project_doctoral/IMPLEMENTACAO/Genomes/M_hyopneumoniae/strains/MHP650/Use/busco_downloads/lineages/mycoplasmatales_odb10/hmms/1830at2085.hmm /home/bryan/Documentos/GitHub/Project_doctoral/IMPLEMENTACAO/Genomes/M_hyopneumoniae/strains/MHP650/Use/busco_complete/prodigal_output/predicted_genes/predicted.faa 
# Current dir:     /home/bryan/Documentos/GitHub/Project_doctoral/IMPLEMENTACAO/Genomes/M_hyopneumoniae/strains/MHP650/Use
# Date:            Sun Dec  1 19:22:34 2024
# [ok]
