#                                                                                   --- full sequence --- -------------- this domain -------------   hmm coord   ali coord   env coord
# target name               accession   tlen query name           accession   qlen   E-value  score  bias   #  of  c-Evalue  i-Evalue  score  bias  from    to  from    to  from    to  acc description of target
#       ------------------- ---------- ----- -------------------- ---------- ----- --------- ------ ----- --- --- --------- --------- ------ ----- ----- ----- ----- ----- ----- ----- ---- ---------------------
scf00000000:719445-720041|- -            199 4324at2085           -            135   3.1e-41  136.0   3.2   1   1   7.5e-43   6.1e-41  135.0   3.2     2   134    24   190    23   191 0.79 scf00000000_574 # 719445 # 720041 # -1 # ID=1_574;partial=00;start_type=ATG;rbs_motif=None;rbs_spacer=None;gc_cont=0.296
scf00000000:249535-250836|+ -            434 4324at2085           -            135   3.8e-15   51.5   8.6   1   3   6.6e-10   5.3e-08   28.4   0.2    10    46     3    39     1   129 0.80 scf00000000_188 # 249535 # 250836 # 1 # ID=1_188;partial=00;start_type=ATG;rbs_motif=3Base/5BMM;rbs_spacer=13-15bp;gc_cont=0.297
scf00000000:249535-250836|+ -            434 4324at2085           -            135   3.8e-15   51.5   8.6   2   3   3.4e-09   2.8e-07   26.0   0.2    11    60   172   228   162   313 0.59 scf00000000_188 # 249535 # 250836 # 1 # ID=1_188;partial=00;start_type=ATG;rbs_motif=3Base/5BMM;rbs_spacer=13-15bp;gc_cont=0.297
scf00000000:249535-250836|+ -            434 4324at2085           -            135   3.8e-15   51.5   8.6   3   3      0.52        42   -0.5   0.4    25    82   353   412   334   421 0.72 scf00000000_188 # 249535 # 250836 # 1 # ID=1_188;partial=00;start_type=ATG;rbs_motif=3Base/5BMM;rbs_spacer=13-15bp;gc_cont=0.297
scf00000000:269320-270111|+ -            264 4324at2085           -            135     1e-09   33.9   6.3   1   3     0.019       1.5    4.2   0.3   100   124    42    66    10    73 0.76 scf00000000_205 # 269320 # 270111 # 1 # ID=1_205;partial=00;start_type=ATG;rbs_motif=None;rbs_spacer=None;gc_cont=0.269
scf00000000:269320-270111|+ -            264 4324at2085           -            135     1e-09   33.9   6.3   2   3   1.8e-10   1.5e-08   30.2   0.1    10    71   111   174   103   200 0.80 scf00000000_205 # 269320 # 270111 # 1 # ID=1_205;partial=00;start_type=ATG;rbs_motif=None;rbs_spacer=None;gc_cont=0.269
scf00000000:269320-270111|+ -            264 4324at2085           -            135     1e-09   33.9   6.3   3   3      0.15        12    1.3   0.1    84   114   208   238   193   244 0.85 scf00000000_205 # 269320 # 270111 # 1 # ID=1_205;partial=00;start_type=ATG;rbs_motif=None;rbs_spacer=None;gc_cont=0.269
scf00000000:389880-391208|- -            443 4324at2085           -            135   5.5e-08   28.3   4.2   1   2       4.7   3.8e+02   -3.5   0.0    27    49    93   115    88   124 0.63 scf00000000_327 # 389880 # 391208 # -1 # ID=1_327;partial=00;start_type=TTG;rbs_motif=AGGAG;rbs_spacer=5-10bp;gc_cont=0.315
scf00000000:389880-391208|- -            443 4324at2085           -            135   5.5e-08   28.3   4.2   2   2   1.4e-09   1.1e-07   27.3   2.3    12   129   219   350   215   357 0.68 scf00000000_327 # 389880 # 391208 # -1 # ID=1_327;partial=00;start_type=TTG;rbs_motif=AGGAG;rbs_spacer=5-10bp;gc_cont=0.315
scf00000000:348197-349078|- -            294 4324at2085           -            135   1.2e-06   23.9   3.4   1   1   4.1e-08   3.3e-06   22.6   3.4    12   115     9   129     3   141 0.63 scf00000000_273 # 348197 # 349078 # -1 # ID=1_273;partial=00;start_type=ATG;rbs_motif=None;rbs_spacer=None;gc_cont=0.294
scf00000000:345018-345875|- -            286 4324at2085           -            135   6.5e-06   21.6   2.2   1   2       0.6        49   -0.7   0.2    96   117    99   120    87   142 0.60 scf00000000_269 # 345018 # 345875 # -1 # ID=1_269;partial=00;start_type=ATG;rbs_motif=3Base/5BMM;rbs_spacer=13-15bp;gc_cont=0.283
scf00000000:345018-345875|- -            286 4324at2085           -            135   6.5e-06   21.6   2.2   2   2   1.1e-07   9.2e-06   21.1   0.2    13    77   156   232   148   241 0.74 scf00000000_269 # 345018 # 345875 # -1 # ID=1_269;partial=00;start_type=ATG;rbs_motif=3Base/5BMM;rbs_spacer=13-15bp;gc_cont=0.283
scf00000000:19747-21546|-   -            600 4324at2085           -            135   0.00038   15.9   0.1   1   3       1.3   1.1e+02   -1.7   0.1    77   115    30    68    16    78 0.77 scf00000000_18 # 19747 # 21546 # -1 # ID=1_18;partial=00;start_type=ATG;rbs_motif=GGAG/GAGG;rbs_spacer=5-10bp;gc_cont=0.352
scf00000000:19747-21546|-   -            600 4324at2085           -            135   0.00038   15.9   0.1   2   3   4.7e-06   0.00038   15.9   0.1    12   123   116   236   112   245 0.79 scf00000000_18 # 19747 # 21546 # -1 # ID=1_18;partial=00;start_type=ATG;rbs_motif=GGAG/GAGG;rbs_spacer=5-10bp;gc_cont=0.352
scf00000000:19747-21546|-   -            600 4324at2085           -            135   0.00038   15.9   0.1   3   3       2.5     2e+02   -2.7   0.1    90   116   468   494   448   500 0.74 scf00000000_18 # 19747 # 21546 # -1 # ID=1_18;partial=00;start_type=ATG;rbs_motif=GGAG/GAGG;rbs_spacer=5-10bp;gc_cont=0.352
scf00000000:212112-213371|+ -            420 4324at2085           -            135   0.00038   15.9   2.4   1   2   6.7e-06   0.00055   15.4   0.2    10   121   157   273   152   282 0.79 scf00000000_157 # 212112 # 213371 # 1 # ID=1_157;partial=00;start_type=ATG;rbs_motif=AGGA;rbs_spacer=5-10bp;gc_cont=0.306
scf00000000:212112-213371|+ -            420 4324at2085           -            135   0.00038   15.9   2.4   2   2      0.54        43   -0.5   0.1    33   103   300   370   293   384 0.73 scf00000000_157 # 212112 # 213371 # 1 # ID=1_157;partial=00;start_type=ATG;rbs_motif=AGGA;rbs_spacer=5-10bp;gc_cont=0.306
scf00000000:273789-276632|- -            948 4324at2085           -            135    0.0052   12.2   1.9   1   2     0.085       6.9    2.1   0.0    10    29    32    52    24    59 0.80 scf00000000_210 # 273789 # 276632 # -1 # ID=1_210;partial=00;start_type=ATG;rbs_motif=None;rbs_spacer=None;gc_cont=0.328
scf00000000:273789-276632|- -            948 4324at2085           -            135    0.0052   12.2   1.9   2   2    0.0016      0.13    7.7   0.4    12    36   641   665   637   676 0.89 scf00000000_210 # 273789 # 276632 # -1 # ID=1_210;partial=00;start_type=ATG;rbs_motif=None;rbs_spacer=None;gc_cont=0.328
#
# Program:         hmmsearch
# Version:         3.4 (Aug 2023)
# Pipeline mode:   SEARCH
# Query file:      /home/bryan/Documentos/GitHub/Project_doctoral/IMPLEMENTACAO/Genomes/M_hyopneumoniae/strains/MHP650/Use/busco_downloads/lineages/mycoplasmatales_odb10/hmms/4324at2085.hmm
# Target file:     /home/bryan/Documentos/GitHub/Project_doctoral/IMPLEMENTACAO/Genomes/M_hyopneumoniae/strains/MHP650/Use/busco_complete/prodigal_output/predicted_genes/predicted.faa
# Option settings: hmmsearch --domtblout /home/bryan/Documentos/GitHub/Project_doctoral/IMPLEMENTACAO/Genomes/M_hyopneumoniae/strains/MHP650/Use/busco_complete/run_mycoplasmatales_odb10/hmmer_output/4324at2085.out --cpu 1 /home/bryan/Documentos/GitHub/Project_doctoral/IMPLEMENTACAO/Genomes/M_hyopneumoniae/strains/MHP650/Use/busco_downloads/lineages/mycoplasmatales_odb10/hmms/4324at2085.hmm /home/bryan/Documentos/GitHub/Project_doctoral/IMPLEMENTACAO/Genomes/M_hyopneumoniae/strains/MHP650/Use/busco_complete/prodigal_output/predicted_genes/predicted.faa 
# Current dir:     /home/bryan/Documentos/GitHub/Project_doctoral/IMPLEMENTACAO/Genomes/M_hyopneumoniae/strains/MHP650/Use
# Date:            Sun Dec  1 19:22:37 2024
# [ok]
