#                                                                                   --- full sequence --- -------------- this domain -------------   hmm coord   ali coord   env coord
# target name               accession   tlen query name           accession   qlen   E-value  score  bias   #  of  c-Evalue  i-Evalue  score  bias  from    to  from    to  from    to  acc description of target
#       ------------------- ---------- ----- -------------------- ---------- ----- --------- ------ ----- --- --- --------- --------- ------ ----- ----- ----- ----- ----- ----- ----- ---- ---------------------
scf00000000:27919-29658|-   -            580 539at2085            -            541  3.4e-245  810.2  15.6   1   1  2.1e-247  3.9e-245  810.0  15.6     1   541     8   574     8   574 0.97 scf00000000_25 # 27919 # 29658 # -1 # ID=1_25;partial=00;start_type=ATG;rbs_motif=AGGA;rbs_spacer=5-10bp;gc_cont=0.293
scf00000000:227569-228936|+ -            456 539at2085            -            541   6.2e-10   33.7   1.4   1   3      0.16        28   -1.5   0.0   197   228    56    87    39   104 0.73 scf00000000_175 # 227569 # 228936 # 1 # ID=1_175;partial=00;start_type=ATG;rbs_motif=AGGA;rbs_spacer=5-10bp;gc_cont=0.298
scf00000000:227569-228936|+ -            456 539at2085            -            541   6.2e-10   33.7   1.4   2   3   1.4e-08   2.5e-06   21.8   0.1   235   346   157   268   150   272 0.88 scf00000000_175 # 227569 # 228936 # 1 # ID=1_175;partial=00;start_type=ATG;rbs_motif=AGGA;rbs_spacer=5-10bp;gc_cont=0.298
scf00000000:227569-228936|+ -            456 539at2085            -            541   6.2e-10   33.7   1.4   3   3     6e-05     0.011    9.8   0.2   451   540   354   449   348   450 0.83 scf00000000_175 # 227569 # 228936 # 1 # ID=1_175;partial=00;start_type=ATG;rbs_motif=AGGA;rbs_spacer=5-10bp;gc_cont=0.298
scf00000000:624330-625769|- -            480 539at2085            -            541   1.8e-07   25.6   6.6   1   3     0.014       2.5    2.0   0.0   186   317    43   184    34   196 0.65 scf00000000_504 # 624330 # 625769 # -1 # ID=1_504;partial=00;start_type=ATG;rbs_motif=None;rbs_spacer=None;gc_cont=0.309
scf00000000:624330-625769|- -            480 539at2085            -            541   1.8e-07   25.6   6.6   2   3   1.6e-09   2.8e-07   24.9   2.3   408   525   237   366   226   382 0.78 scf00000000_504 # 624330 # 625769 # -1 # ID=1_504;partial=00;start_type=ATG;rbs_motif=None;rbs_spacer=None;gc_cont=0.309
scf00000000:624330-625769|- -            480 539at2085            -            541   1.8e-07   25.6   6.6   3   3      0.12        21   -1.1   0.1    29   128   366   470   360   473 0.52 scf00000000_504 # 624330 # 625769 # -1 # ID=1_504;partial=00;start_type=ATG;rbs_motif=None;rbs_spacer=None;gc_cont=0.309
scf00000000:454755-455996|+ -            414 539at2085            -            541     2e-05   18.8   0.4   1   3      0.17        31   -1.6   0.2    99   142     9    52     3    89 0.64 scf00000000_372 # 454755 # 455996 # 1 # ID=1_372;partial=00;start_type=ATG;rbs_motif=None;rbs_spacer=None;gc_cont=0.316
scf00000000:454755-455996|+ -            414 539at2085            -            541     2e-05   18.8   0.4   2   3   6.7e-06    0.0012   12.9   0.0   153   362   133   347   128   352 0.81 scf00000000_372 # 454755 # 455996 # 1 # ID=1_372;partial=00;start_type=ATG;rbs_motif=None;rbs_spacer=None;gc_cont=0.316
scf00000000:454755-455996|+ -            414 539at2085            -            541     2e-05   18.8   0.4   3   3     0.007       1.3    3.0   0.0   409   458   359   406   353   409 0.82 scf00000000_372 # 454755 # 455996 # 1 # ID=1_372;partial=00;start_type=ATG;rbs_motif=None;rbs_spacer=None;gc_cont=0.316
#
# Program:         hmmsearch
# Version:         3.4 (Aug 2023)
# Pipeline mode:   SEARCH
# Query file:      /home/bryan/Documentos/GitHub/Project_doctoral/IMPLEMENTACAO/Genomes/M_hyopneumoniae/strains/MHP650/Use/busco_downloads/lineages/mycoplasmatales_odb10/hmms/539at2085.hmm
# Target file:     /home/bryan/Documentos/GitHub/Project_doctoral/IMPLEMENTACAO/Genomes/M_hyopneumoniae/strains/MHP650/Use/busco_complete/prodigal_output/predicted_genes/predicted.faa
# Option settings: hmmsearch --domtblout /home/bryan/Documentos/GitHub/Project_doctoral/IMPLEMENTACAO/Genomes/M_hyopneumoniae/strains/MHP650/Use/busco_complete/run_mycoplasmatales_odb10/hmmer_output/539at2085.out --cpu 1 /home/bryan/Documentos/GitHub/Project_doctoral/IMPLEMENTACAO/Genomes/M_hyopneumoniae/strains/MHP650/Use/busco_downloads/lineages/mycoplasmatales_odb10/hmms/539at2085.hmm /home/bryan/Documentos/GitHub/Project_doctoral/IMPLEMENTACAO/Genomes/M_hyopneumoniae/strains/MHP650/Use/busco_complete/prodigal_output/predicted_genes/predicted.faa 
# Current dir:     /home/bryan/Documentos/GitHub/Project_doctoral/IMPLEMENTACAO/Genomes/M_hyopneumoniae/strains/MHP650/Use
# Date:            Sun Dec  1 19:22:39 2024
# [ok]
