#                                                                                   --- full sequence --- -------------- this domain -------------   hmm coord   ali coord   env coord
# target name               accession   tlen query name           accession   qlen   E-value  score  bias   #  of  c-Evalue  i-Evalue  score  bias  from    to  from    to  from    to  acc description of target
#       ------------------- ---------- ----- -------------------- ---------- ----- --------- ------ ----- --- --- --------- --------- ------ ----- ----- ----- ----- ----- ----- ----- ---- ---------------------
scf00000000:387593-389059|+ -            489 759at2085            -            394  3.8e-157  518.5  11.1   1   2     0.017       2.6    2.1   0.1     1    19     3    21     3    25 0.90 scf00000000_325 # 387593 # 389059 # 1 # ID=1_325;partial=00;start_type=ATG;rbs_motif=GGA/GAG/AGG;rbs_spacer=11-12bp;gc_cont=0.312
scf00000000:387593-389059|+ -            489 759at2085            -            394  3.8e-157  518.5  11.1   2   2  3.5e-159  5.1e-157  518.1   6.7    11   394    44   484    34   484 0.87 scf00000000_325 # 387593 # 389059 # 1 # ID=1_325;partial=00;start_type=ATG;rbs_motif=GGA/GAG/AGG;rbs_spacer=11-12bp;gc_cont=0.312
scf00000000:440642-442345|+ -            568 759at2085            -            394   1.4e-25   85.3   1.0   1   2   1.5e-15   2.1e-13   45.2   0.9    83   235   116   270    36   284 0.86 scf00000000_362 # 440642 # 442345 # 1 # ID=1_362;partial=00;start_type=ATG;rbs_motif=GGA/GAG/AGG;rbs_spacer=5-10bp;gc_cont=0.325
scf00000000:440642-442345|+ -            568 759at2085            -            394   1.4e-25   85.3   1.0   2   2   1.9e-13   2.7e-11   38.3   0.0   353   391   497   535   394   537 0.91 scf00000000_362 # 440642 # 442345 # 1 # ID=1_362;partial=00;start_type=ATG;rbs_motif=GGA/GAG/AGG;rbs_spacer=5-10bp;gc_cont=0.325
scf00000000:658940-660289|+ -            450 759at2085            -            394   4.4e-21   70.5   4.1   1   1   4.3e-23   6.3e-21   70.0   4.1    87   392   124   442    86   444 0.82 scf00000000_541 # 658940 # 660289 # 1 # ID=1_541;partial=00;start_type=ATG;rbs_motif=None;rbs_spacer=None;gc_cont=0.324
scf00000000:790433-791434|- -            334 759at2085            -            394   4.4e-06   21.1   2.9   1   3    0.0029      0.42    4.7   1.2   139   228    72   165    22   187 0.74 scf00000000_623 # 790433 # 791434 # -1 # ID=1_623;partial=00;start_type=GTG;rbs_motif=AGGA/GGAG/GAGG;rbs_spacer=11-12bp;gc_cont=0.258
scf00000000:790433-791434|- -            334 759at2085            -            394   4.4e-06   21.1   2.9   2   3     0.092        13   -0.3   0.0    72   126   181   237   175   244 0.72 scf00000000_623 # 790433 # 791434 # -1 # ID=1_623;partial=00;start_type=GTG;rbs_motif=AGGA/GGAG/GAGG;rbs_spacer=11-12bp;gc_cont=0.258
scf00000000:790433-791434|- -            334 759at2085            -            394   4.4e-06   21.1   2.9   3   3   2.9e-06   0.00042   14.6   0.0   353   391   286   324   255   326 0.82 scf00000000_623 # 790433 # 791434 # -1 # ID=1_623;partial=00;start_type=GTG;rbs_motif=AGGA/GGAG/GAGG;rbs_spacer=11-12bp;gc_cont=0.258
scf00000000:481134-481814|+ -            227 759at2085            -            394   0.00043   14.5   0.2   1   2   3.7e-05    0.0053   10.9   0.0   167   218    87   139    76   152 0.80 scf00000000_394 # 481134 # 481814 # 1 # ID=1_394;partial=00;start_type=ATG;rbs_motif=GGA/GAG/AGG;rbs_spacer=11-12bp;gc_cont=0.300
scf00000000:481134-481814|+ -            227 759at2085            -            394   0.00043   14.5   0.2   2   2     0.027         4    1.5   0.0   367   386   194   213   188   216 0.85 scf00000000_394 # 481134 # 481814 # 1 # ID=1_394;partial=00;start_type=ATG;rbs_motif=GGA/GAG/AGG;rbs_spacer=11-12bp;gc_cont=0.300
#
# Program:         hmmsearch
# Version:         3.4 (Aug 2023)
# Pipeline mode:   SEARCH
# Query file:      /home/bryan/Documentos/GitHub/Project_doctoral/IMPLEMENTACAO/Genomes/M_hyopneumoniae/strains/MHP650/Use/busco_downloads/lineages/mycoplasmatales_odb10/hmms/759at2085.hmm
# Target file:     /home/bryan/Documentos/GitHub/Project_doctoral/IMPLEMENTACAO/Genomes/M_hyopneumoniae/strains/MHP650/Use/busco_complete/prodigal_output/predicted_genes/predicted.faa
# Option settings: hmmsearch --domtblout /home/bryan/Documentos/GitHub/Project_doctoral/IMPLEMENTACAO/Genomes/M_hyopneumoniae/strains/MHP650/Use/busco_complete/run_mycoplasmatales_odb10/hmmer_output/759at2085.out --cpu 1 /home/bryan/Documentos/GitHub/Project_doctoral/IMPLEMENTACAO/Genomes/M_hyopneumoniae/strains/MHP650/Use/busco_downloads/lineages/mycoplasmatales_odb10/hmms/759at2085.hmm /home/bryan/Documentos/GitHub/Project_doctoral/IMPLEMENTACAO/Genomes/M_hyopneumoniae/strains/MHP650/Use/busco_complete/prodigal_output/predicted_genes/predicted.faa 
# Current dir:     /home/bryan/Documentos/GitHub/Project_doctoral/IMPLEMENTACAO/Genomes/M_hyopneumoniae/strains/MHP650/Use
# Date:            Sun Dec  1 19:22:40 2024
# [ok]
