#                                                                                         --- full sequence --- -------------- this domain -------------   hmm coord   ali coord   env coord
# target name                     accession   tlen query name           accession   qlen   E-value  score  bias   #  of  c-Evalue  i-Evalue  score  bias  from    to  from    to  from    to  acc description of target
#             ------------------- ---------- ----- -------------------- ---------- ----- --------- ------ ----- --- --- --------- --------- ------ ----- ----- ----- ----- ----- ----- ----- ---- ---------------------
NZ_QQRE01000001.1:94561-95874|+   -            438 1140at2085           -            348    2e-120  396.9  19.8   1   1  5.1e-122    4e-120  396.0  19.8     1   347     5   430     5   431 0.87 NZ_QQRE01000001.1_75 # 94561 # 95874 # 1 # ID=10_75;partial=00;start_type=ATG;rbs_motif=None;rbs_spacer=None;gc_cont=0.300
NZ_QQRE01000003.1:44129-45457|-   -            443 1140at2085           -            348   3.4e-20   67.4   7.9   1   1     2e-21   1.5e-19   65.2   7.9   130   274   217   362   209   396 0.71 NZ_QQRE01000003.1_58 # 44129 # 45457 # -1 # ID=32_58;partial=00;start_type=TTG;rbs_motif=AGGAG;rbs_spacer=5-10bp;gc_cont=0.312
NZ_QQRE01000003.1:7480-8361|-     -            294 1140at2085           -            348   2.8e-13   44.6   3.0   1   2   3.6e-15   2.8e-13   44.6   3.0     1   102     9   123     9   132 0.77 NZ_QQRE01000003.1_9 # 7480 # 8361 # -1 # ID=32_9;partial=00;start_type=ATG;rbs_motif=None;rbs_spacer=None;gc_cont=0.285
NZ_QQRE01000003.1:7480-8361|-     -            294 1140at2085           -            348   2.8e-13   44.6   3.0   2   2     0.026       2.1    2.3   2.0   214   276   108   168   105   241 0.78 NZ_QQRE01000003.1_9 # 7480 # 8361 # -1 # ID=32_9;partial=00;start_type=ATG;rbs_motif=None;rbs_spacer=None;gc_cont=0.285
NZ_QQRE01000001.1:292396-292926|+ -            177 1140at2085           -            348   8.3e-09   29.9   0.8   1   1   2.2e-10   1.7e-08   28.8   0.8   130   272    16   174     6   176 0.55 NZ_QQRE01000001.1_207 # 292396 # 292926 # 1 # ID=10_207;partial=00;start_type=ATG;rbs_motif=None;rbs_spacer=None;gc_cont=0.320
NZ_QQRE01000001.1:115038-115829|+ -            264 1140at2085           -            348   5.8e-07   23.8   3.7   1   2      0.15        12   -0.2   2.2   204   250    16    73     4   112 0.50 NZ_QQRE01000001.1_92 # 115038 # 115829 # 1 # ID=10_92;partial=00;start_type=ATG;rbs_motif=None;rbs_spacer=None;gc_cont=0.264
NZ_QQRE01000001.1:115038-115829|+ -            264 1140at2085           -            348   5.8e-07   23.8   3.7   2   2   1.1e-08   8.5e-07   23.3   0.0     2    54   114   167   106   210 0.59 NZ_QQRE01000001.1_92 # 115038 # 115829 # 1 # ID=10_92;partial=00;start_type=ATG;rbs_motif=None;rbs_spacer=None;gc_cont=0.264
NZ_QQRE01000001.1:57092-58351|+   -            420 1140at2085           -            348   4.4e-05   17.7   8.7   1   2   3.9e-06   0.00031   14.9   0.1   128   158   155   185   122   197 0.82 NZ_QQRE01000001.1_44 # 57092 # 58351 # 1 # ID=10_44;partial=00;start_type=ATG;rbs_motif=AGGA;rbs_spacer=5-10bp;gc_cont=0.296
NZ_QQRE01000001.1:57092-58351|+   -            420 1140at2085           -            348   4.4e-05   17.7   8.7   2   2     0.003      0.24    5.4   3.6   220   278   271   330   260   380 0.75 NZ_QQRE01000001.1_44 # 57092 # 58351 # 1 # ID=10_44;partial=00;start_type=ATG;rbs_motif=AGGA;rbs_spacer=5-10bp;gc_cont=0.296
NZ_QQRE01000003.1:4142-4999|-     -            286 1140at2085           -            348   7.9e-05   16.8   0.3   1   2     0.042       3.3    1.6   0.9   180   274    60   151    44   155 0.61 NZ_QQRE01000003.1_5 # 4142 # 4999 # -1 # ID=32_5;partial=00;start_type=ATG;rbs_motif=None;rbs_spacer=None;gc_cont=0.272
NZ_QQRE01000003.1:4142-4999|-     -            286 1140at2085           -            348   7.9e-05   16.8   0.3   2   2     1e-06   7.9e-05   16.8   0.3   107   179   130   213   122   223 0.64 NZ_QQRE01000003.1_5 # 4142 # 4999 # -1 # ID=32_5;partial=00;start_type=ATG;rbs_motif=None;rbs_spacer=None;gc_cont=0.272
NZ_QQRE01000007.1:9043-10146|+    -            368 1140at2085           -            348   0.00021   15.4   0.0   1   4   2.7e-06   0.00021   15.4   0.0   129   185     2    58     1    82 0.83 NZ_QQRE01000007.1_9 # 9043 # 10146 # 1 # ID=65_9;partial=00;start_type=ATG;rbs_motif=None;rbs_spacer=None;gc_cont=0.338
NZ_QQRE01000007.1:9043-10146|+    -            368 1140at2085           -            348   0.00021   15.4   0.0   2   4      0.79        61   -2.6   0.1    75   104    90   121    87   124 0.75 NZ_QQRE01000007.1_9 # 9043 # 10146 # 1 # ID=65_9;partial=00;start_type=ATG;rbs_motif=None;rbs_spacer=None;gc_cont=0.338
NZ_QQRE01000007.1:9043-10146|+    -            368 1140at2085           -            348   0.00021   15.4   0.0   3   4      0.73        57   -2.5   0.4   264   299   142   177   115   180 0.75 NZ_QQRE01000007.1_9 # 9043 # 10146 # 1 # ID=65_9;partial=00;start_type=ATG;rbs_motif=None;rbs_spacer=None;gc_cont=0.338
NZ_QQRE01000007.1:9043-10146|+    -            368 1140at2085           -            348   0.00021   15.4   0.0   4   4       0.2        16   -0.6   0.0    37    59   298   320   290   330 0.80 NZ_QQRE01000007.1_9 # 9043 # 10146 # 1 # ID=65_9;partial=00;start_type=ATG;rbs_motif=None;rbs_spacer=None;gc_cont=0.338
#
# Program:         hmmsearch
# Version:         3.4 (Aug 2023)
# Pipeline mode:   SEARCH
# Query file:      /home/bryan/Documentos/GitHub/Project_doctoral/IMPLEMENTACAO/Genomes/M_flocculare/strains/MF11/Use/busco_downloads/lineages/mycoplasmatales_odb10/hmms/1140at2085.hmm
# Target file:     /home/bryan/Documentos/GitHub/Project_doctoral/IMPLEMENTACAO/Genomes/M_flocculare/strains/MF11/Use/busco_draft/prodigal_output/predicted_genes/predicted.faa
# Option settings: hmmsearch --domtblout /home/bryan/Documentos/GitHub/Project_doctoral/IMPLEMENTACAO/Genomes/M_flocculare/strains/MF11/Use/busco_draft/run_mycoplasmatales_odb10/hmmer_output/1140at2085.out --cpu 1 /home/bryan/Documentos/GitHub/Project_doctoral/IMPLEMENTACAO/Genomes/M_flocculare/strains/MF11/Use/busco_downloads/lineages/mycoplasmatales_odb10/hmms/1140at2085.hmm /home/bryan/Documentos/GitHub/Project_doctoral/IMPLEMENTACAO/Genomes/M_flocculare/strains/MF11/Use/busco_draft/prodigal_output/predicted_genes/predicted.faa 
# Current dir:     /home/bryan/Documentos/GitHub/Project_doctoral/IMPLEMENTACAO/Genomes/M_flocculare/strains/MF11/Use
# Date:            Sun Dec  1 18:45:52 2024
# [ok]
