#                                                                                       --- full sequence --- -------------- this domain -------------   hmm coord   ali coord   env coord
# target name                   accession   tlen query name           accession   qlen   E-value  score  bias   #  of  c-Evalue  i-Evalue  score  bias  from    to  from    to  from    to  acc description of target
#           ------------------- ---------- ----- -------------------- ---------- ----- --------- ------ ----- --- --- --------- --------- ------ ----- ----- ----- ----- ----- ----- ----- ---- ---------------------
NZ_QQRE01000002.1:50669-51883|+ -            405 1830at2085           -            299   3.8e-99  326.9  29.0   1   3   9.4e-37     2e-34  114.4  11.4     2   128    10   156     9   159 0.82 NZ_QQRE01000002.1_31 # 50669 # 51883 # 1 # ID=21_31;partial=00;start_type=ATG;rbs_motif=None;rbs_spacer=None;gc_cont=0.270
NZ_QQRE01000002.1:50669-51883|+ -            405 1830at2085           -            299   3.8e-99  326.9  29.0   2   3   3.4e-67     7e-65  214.4   3.3   111   296   154   345   149   348 0.84 NZ_QQRE01000002.1_31 # 50669 # 51883 # 1 # ID=21_31;partial=00;start_type=ATG;rbs_motif=None;rbs_spacer=None;gc_cont=0.270
NZ_QQRE01000002.1:50669-51883|+ -            405 1830at2085           -            299   3.8e-99  326.9  29.0   3   3   0.00013     0.027    8.9   2.3   244   296   347   400   332   402 0.83 NZ_QQRE01000002.1_31 # 50669 # 51883 # 1 # ID=21_31;partial=00;start_type=ATG;rbs_motif=None;rbs_spacer=None;gc_cont=0.270
NZ_QQRE01000002.1:42608-44980|+ -            791 1830at2085           -            299   1.6e-07   26.1   0.0   1   1   2.1e-09   4.3e-07   24.7   0.0   191   274   548   633   511   640 0.83 NZ_QQRE01000002.1_25 # 42608 # 44980 # 1 # ID=21_25;partial=00;start_type=ATG;rbs_motif=None;rbs_spacer=None;gc_cont=0.303
NZ_QQRE01000004.1:6951-8495|+   -            515 1830at2085           -            299   7.7e-07   23.8   0.1   1   3    0.0066       1.4    3.3   0.3     2   101     5   112     4   140 0.71 NZ_QQRE01000004.1_7 # 6951 # 8495 # 1 # ID=43_7;partial=00;start_type=ATG;rbs_motif=GGA/GAG/AGG;rbs_spacer=5-10bp;gc_cont=0.274
NZ_QQRE01000004.1:6951-8495|+   -            515 1830at2085           -            299   7.7e-07   23.8   0.1   2   3   3.7e-09   7.7e-07   23.8   0.1   192   258   293   360   282   377 0.82 NZ_QQRE01000004.1_7 # 6951 # 8495 # 1 # ID=43_7;partial=00;start_type=ATG;rbs_motif=GGA/GAG/AGG;rbs_spacer=5-10bp;gc_cont=0.274
NZ_QQRE01000004.1:6951-8495|+   -            515 1830at2085           -            299   7.7e-07   23.8   0.1   3   3      0.14        30   -1.1   0.4   226   270   417   462   397   480 0.68 NZ_QQRE01000004.1_7 # 6951 # 8495 # 1 # ID=43_7;partial=00;start_type=ATG;rbs_motif=GGA/GAG/AGG;rbs_spacer=5-10bp;gc_cont=0.274
#
# Program:         hmmsearch
# Version:         3.4 (Aug 2023)
# Pipeline mode:   SEARCH
# Query file:      /home/bryan/Documentos/GitHub/Project_doctoral/IMPLEMENTACAO/Genomes/M_flocculare/strains/MF11/Use/busco_downloads/lineages/mycoplasmatales_odb10/hmms/1830at2085.hmm
# Target file:     /home/bryan/Documentos/GitHub/Project_doctoral/IMPLEMENTACAO/Genomes/M_flocculare/strains/MF11/Use/busco_draft/prodigal_output/predicted_genes/predicted.faa
# Option settings: hmmsearch --domtblout /home/bryan/Documentos/GitHub/Project_doctoral/IMPLEMENTACAO/Genomes/M_flocculare/strains/MF11/Use/busco_draft/run_mycoplasmatales_odb10/hmmer_output/1830at2085.out --cpu 1 /home/bryan/Documentos/GitHub/Project_doctoral/IMPLEMENTACAO/Genomes/M_flocculare/strains/MF11/Use/busco_downloads/lineages/mycoplasmatales_odb10/hmms/1830at2085.hmm /home/bryan/Documentos/GitHub/Project_doctoral/IMPLEMENTACAO/Genomes/M_flocculare/strains/MF11/Use/busco_draft/prodigal_output/predicted_genes/predicted.faa 
# Current dir:     /home/bryan/Documentos/GitHub/Project_doctoral/IMPLEMENTACAO/Genomes/M_flocculare/strains/MF11/Use
# Date:            Sun Dec  1 18:45:54 2024
# [ok]
