#                                                                                         --- full sequence --- -------------- this domain -------------   hmm coord   ali coord   env coord
# target name                     accession   tlen query name           accession   qlen   E-value  score  bias   #  of  c-Evalue  i-Evalue  score  bias  from    to  from    to  from    to  acc description of target
#             ------------------- ---------- ----- -------------------- ---------- ----- --------- ------ ----- --- --- --------- --------- ------ ----- ----- ----- ----- ----- ----- ----- ---- ---------------------
NZ_QQRE01000005.1:15723-17522|-   -            600 801at2085            -            486  2.9e-190  628.2  30.2   1   2  1.3e-156  1.6e-154  510.3   8.9     2   332    15   380    14   389 0.92 NZ_QQRE01000005.1_16 # 15723 # 17522 # -1 # ID=54_16;partial=00;start_type=ATG;rbs_motif=GGAG/GAGG;rbs_spacer=5-10bp;gc_cont=0.347
NZ_QQRE01000005.1:15723-17522|-   -            600 801at2085            -            486  2.9e-190  628.2  30.2   2   2   3.3e-39   4.1e-37  123.2  14.1   320   485   388   594   381   595 0.80 NZ_QQRE01000005.1_16 # 15723 # 17522 # -1 # ID=54_16;partial=00;start_type=ATG;rbs_motif=GGAG/GAGG;rbs_spacer=5-10bp;gc_cont=0.347
NZ_QQRE01000001.1:96429-98225|+   -            599 801at2085            -            486   1.1e-18   62.4   3.7   1   2   8.8e-21   1.1e-18   62.4   3.7    86   278    10   217     3   244 0.78 NZ_QQRE01000001.1_78 # 96429 # 98225 # 1 # ID=10_78;partial=00;start_type=ATG;rbs_motif=None;rbs_spacer=None;gc_cont=0.336
NZ_QQRE01000001.1:96429-98225|+   -            599 801at2085            -            486   1.1e-18   62.4   3.7   2   2      0.59        73   -3.0   0.0    28    71   466   510   443   535 0.49 NZ_QQRE01000001.1_78 # 96429 # 98225 # 1 # ID=10_78;partial=00;start_type=ATG;rbs_motif=None;rbs_spacer=None;gc_cont=0.336
NZ_QQRE01000001.1:193643-194851|+ -            403 801at2085            -            486   7.5e-18   59.6   5.7   1   1   1.3e-18   1.6e-16   55.3   5.7    85   282    21   250     7   321 0.68 NZ_QQRE01000001.1_146 # 193643 # 194851 # 1 # ID=10_146;partial=00;start_type=ATG;rbs_motif=AGGA;rbs_spacer=5-10bp;gc_cont=0.404
NZ_QQRE01000001.1:99606-101690|-  -            695 801at2085            -            486   5.7e-16   53.4   4.7   1   2   3.6e-16   4.4e-14   47.2   4.3   112   207    58   163     7   214 0.66 NZ_QQRE01000001.1_80 # 99606 # 101690 # -1 # ID=10_80;partial=00;start_type=ATG;rbs_motif=AGGA;rbs_spacer=5-10bp;gc_cont=0.374
NZ_QQRE01000001.1:99606-101690|-  -            695 801at2085            -            486   5.7e-16   53.4   4.7   2   2     0.025       3.2    1.5   0.0   210   234   250   275   225   360 0.82 NZ_QQRE01000001.1_80 # 99606 # 101690 # -1 # ID=10_80;partial=00;start_type=ATG;rbs_motif=AGGA;rbs_spacer=5-10bp;gc_cont=0.374
NZ_QQRE01000001.1:115038-115829|+ -            264 801at2085            -            486   0.00015   15.7   1.9   1   2    0.0083         1    3.1   1.0   142   190    10    56     6    73 0.80 NZ_QQRE01000001.1_92 # 115038 # 115829 # 1 # ID=10_92;partial=00;start_type=ATG;rbs_motif=None;rbs_spacer=None;gc_cont=0.264
NZ_QQRE01000001.1:115038-115829|+ -            264 801at2085            -            486   0.00015   15.7   1.9   2   2   1.5e-05    0.0018   12.2   0.0    34   132    62   162    56   164 0.69 NZ_QQRE01000001.1_92 # 115038 # 115829 # 1 # ID=10_92;partial=00;start_type=ATG;rbs_motif=None;rbs_spacer=None;gc_cont=0.264
#
# Program:         hmmsearch
# Version:         3.4 (Aug 2023)
# Pipeline mode:   SEARCH
# Query file:      /home/bryan/Documentos/GitHub/Project_doctoral/IMPLEMENTACAO/Genomes/M_flocculare/strains/MF11/Use/busco_downloads/lineages/mycoplasmatales_odb10/hmms/801at2085.hmm
# Target file:     /home/bryan/Documentos/GitHub/Project_doctoral/IMPLEMENTACAO/Genomes/M_flocculare/strains/MF11/Use/busco_draft/prodigal_output/predicted_genes/predicted.faa
# Option settings: hmmsearch --domtblout /home/bryan/Documentos/GitHub/Project_doctoral/IMPLEMENTACAO/Genomes/M_flocculare/strains/MF11/Use/busco_draft/run_mycoplasmatales_odb10/hmmer_output/801at2085.out --cpu 1 /home/bryan/Documentos/GitHub/Project_doctoral/IMPLEMENTACAO/Genomes/M_flocculare/strains/MF11/Use/busco_downloads/lineages/mycoplasmatales_odb10/hmms/801at2085.hmm /home/bryan/Documentos/GitHub/Project_doctoral/IMPLEMENTACAO/Genomes/M_flocculare/strains/MF11/Use/busco_draft/prodigal_output/predicted_genes/predicted.faa 
# Current dir:     /home/bryan/Documentos/GitHub/Project_doctoral/IMPLEMENTACAO/Genomes/M_flocculare/strains/MF11/Use
# Date:            Sun Dec  1 18:45:59 2024
# [ok]
