A	C	G	T	N	IUPAC	Other	GC	GC_stdev
0.3531	0.1424	0.1421	0.3624	0.0000	0.0000	0.0000	0.2845	0.0148

Main genome scaffold total:         	15
Main genome contig total:           	15
Main genome scaffold sequence total:	909816
Main genome contig sequence total:  	909804  	0.001% gap
Main genome scaffold N/L50:         	2/237234
Main genome contig N/L50:           	2/237234
Main genome scaffold N/L90:         	7/58830
Main genome contig N/L90:           	7/58830
Max scaffold length:                	259373
Max contig length:                  	259371
Number of scaffolds > 50 KB:        	7
% main genome in scaffolds > 50 KB: 	93.84%


Minimum 	Number        	Number        	Total         	Total         	Scaffold
Scaffold	of            	of            	Scaffold      	Contig        	Contig  
Length  	Scaffolds     	Contigs       	Length        	Length        	Coverage
--------	--------------	--------------	--------------	--------------	--------
    All 	            15	            15	        909816	        909804	 100.00%
    250 	            15	            15	        909816	        909804	 100.00%
    500 	            13	            13	        909088	        909076	 100.00%
   1000 	            13	            13	        909088	        909076	 100.00%
   2500 	             9	             9	        903367	        903355	 100.00%
   5000 	             8	             8	        898917	        898910	 100.00%
  10000 	             8	             8	        898917	        898910	 100.00%
  25000 	             8	             8	        898917	        898910	 100.00%
  50000 	             7	             7	        853789	        853782	 100.00%
 100000 	             2	             2	        496607	        496605	 100.00%
 250000 	             1	             1	        259373	        259371	 100.00%

