#                                                                                     --- full sequence --- -------------- this domain -------------   hmm coord   ali coord   env coord
# target name                 accession   tlen query name           accession   qlen   E-value  score  bias   #  of  c-Evalue  i-Evalue  score  bias  from    to  from    to  from    to  acc description of target
#         ------------------- ---------- ----- -------------------- ---------- ----- --------- ------ ----- --- --- --------- --------- ------ ----- ----- ----- ----- ----- ----- ----- ---- ---------------------
NZ_CP157283.1:178477-179358|+ -            294 2656at2085           -            232   3.2e-67  221.5  10.3   1   2   6.2e-41   5.2e-39  129.2   4.2     1   122     9   134     9   156 0.90 NZ_CP157283.1_156 # 178477 # 179358 # 1 # ID=1_156;partial=00;start_type=ATG;rbs_motif=None;rbs_spacer=None;gc_cont=0.294
NZ_CP157283.1:178477-179358|+ -            294 2656at2085           -            232   3.2e-67  221.5  10.3   2   2   7.6e-31   6.3e-29   96.2   0.4   119   232   159   293   147   293 0.82 NZ_CP157283.1_156 # 178477 # 179358 # 1 # ID=1_156;partial=00;start_type=ATG;rbs_motif=None;rbs_spacer=None;gc_cont=0.294
NZ_CP157283.1:91555-92856|+   -            434 2656at2085           -            232   1.2e-41  137.8   2.0   1   3   4.4e-21   3.7e-19   64.2   0.7     1   114     5   123     5   137 0.84 NZ_CP157283.1_73 # 91555 # 92856 # 1 # ID=1_73;partial=00;start_type=ATG;rbs_motif=3Base/5BMM;rbs_spacer=13-15bp;gc_cont=0.293
NZ_CP157283.1:91555-92856|+   -            434 2656at2085           -            232   1.2e-41  137.8   2.0   2   3   2.2e-23   1.8e-21   71.8   0.0     2   122   174   302   173   316 0.84 NZ_CP157283.1_73 # 91555 # 92856 # 1 # ID=1_73;partial=00;start_type=ATG;rbs_motif=3Base/5BMM;rbs_spacer=13-15bp;gc_cont=0.293
NZ_CP157283.1:91555-92856|+   -            434 2656at2085           -            232   1.2e-41  137.8   2.0   3   3       0.5        42   -1.4   0.1   116   145   329   358   316   365 0.62 NZ_CP157283.1_73 # 91555 # 92856 # 1 # ID=1_73;partial=00;start_type=ATG;rbs_motif=3Base/5BMM;rbs_spacer=13-15bp;gc_cont=0.293
NZ_CP157283.1:244238-245566|- -            443 2656at2085           -            232   4.9e-18   60.6   5.9   1   2       0.2        17   -0.1   0.3   168   200   127   159   113   196 0.65 NZ_CP157283.1_216 # 244238 # 245566 # -1 # ID=1_216;partial=00;start_type=TTG;rbs_motif=AGGAG;rbs_spacer=5-10bp;gc_cont=0.312
NZ_CP157283.1:244238-245566|- -            443 2656at2085           -            232   4.9e-18   60.6   5.9   2   2   5.9e-20   4.9e-18   60.6   5.9     2   117   220   339   219   384 0.78 NZ_CP157283.1_216 # 244238 # 245566 # -1 # ID=1_216;partial=00;start_type=TTG;rbs_motif=AGGAG;rbs_spacer=5-10bp;gc_cont=0.312
NZ_CP157283.1:576185-576715|- -            177 2656at2085           -            232   1.2e-12   42.9   2.1   1   1   1.8e-14   1.5e-12   42.6   2.1     2   132    19   157    18   175 0.71 NZ_CP157283.1_447 # 576185 # 576715 # -1 # ID=1_447;partial=00;start_type=GTG;rbs_motif=None;rbs_spacer=None;gc_cont=0.301
NZ_CP157283.1:113402-114193|+ -            264 2656at2085           -            232   1.3e-10   36.2   9.5   1   2     0.011      0.87    4.1   2.7    71   124    10    64     2   100 0.76 NZ_CP157283.1_91 # 113402 # 114193 # 1 # ID=1_91;partial=00;start_type=ATG;rbs_motif=None;rbs_spacer=None;gc_cont=0.266
NZ_CP157283.1:113402-114193|+ -            264 2656at2085           -            232   1.3e-10   36.2   9.5   2   2   1.8e-12   1.5e-10   36.1   0.6     3    66   115   174   113   239 0.92 NZ_CP157283.1_91 # 113402 # 114193 # 1 # ID=1_91;partial=00;start_type=ATG;rbs_motif=None;rbs_spacer=None;gc_cont=0.266
NZ_CP157283.1:354493-355596|- -            368 2656at2085           -            232   2.4e-08   28.8   3.1   1   1   4.6e-09   3.8e-07   24.9   1.9     2   143     6   162     5   176 0.65 NZ_CP157283.1_300 # 354493 # 355596 # -1 # ID=1_300;partial=00;start_type=ATG;rbs_motif=None;rbs_spacer=None;gc_cont=0.300
NZ_CP157283.1:54132-55391|+   -            420 2656at2085           -            232   2.8e-08   28.6   2.9   1   1   6.3e-10   5.2e-08   27.7   2.8     1   111   159   274   159   389 0.78 NZ_CP157283.1_42 # 54132 # 55391 # 1 # ID=1_42;partial=00;start_type=ATG;rbs_motif=AGGA;rbs_spacer=5-10bp;gc_cont=0.310
NZ_CP157283.1:181680-182537|+ -            286 2656at2085           -            232   2.8e-06   22.1   0.4   1   2     0.067       5.6    1.5   2.8    57   111    83   139    54   157 0.59 NZ_CP157283.1_160 # 181680 # 182537 # 1 # ID=1_160;partial=00;start_type=ATG;rbs_motif=3Base/5BMM;rbs_spacer=13-15bp;gc_cont=0.276
NZ_CP157283.1:181680-182537|+ -            286 2656at2085           -            232   2.8e-06   22.1   0.4   2   2   3.4e-08   2.8e-06   22.1   0.4     3    68   157   224   155   235 0.72 NZ_CP157283.1_160 # 181680 # 182537 # 1 # ID=1_160;partial=00;start_type=ATG;rbs_motif=3Base/5BMM;rbs_spacer=13-15bp;gc_cont=0.276
#
# Program:         hmmsearch
# Version:         3.4 (Aug 2023)
# Pipeline mode:   SEARCH
# Query file:      /home/lgef/Documentos/GitHub/Project_doctoral/IMPLEMENTACAO/Genomes/M_hyopneumoniae/MHP_ncbi_dataset/ncbi_dataset/data/strains/1257/Use/busco_downloads/lineages/mycoplasmatales_odb10/hmms/2656at2085.hmm
# Target file:     /home/lgef/Documentos/GitHub/Project_doctoral/IMPLEMENTACAO/Genomes/M_hyopneumoniae/MHP_ncbi_dataset/ncbi_dataset/data/strains/1257/Use/busco_complete/prodigal_output/predicted_genes/predicted.faa
# Option settings: hmmsearch --domtblout /home/lgef/Documentos/GitHub/Project_doctoral/IMPLEMENTACAO/Genomes/M_hyopneumoniae/MHP_ncbi_dataset/ncbi_dataset/data/strains/1257/Use/busco_complete/run_mycoplasmatales_odb10/hmmer_output/2656at2085.out --cpu 1 /home/lgef/Documentos/GitHub/Project_doctoral/IMPLEMENTACAO/Genomes/M_hyopneumoniae/MHP_ncbi_dataset/ncbi_dataset/data/strains/1257/Use/busco_downloads/lineages/mycoplasmatales_odb10/hmms/2656at2085.hmm /home/lgef/Documentos/GitHub/Project_doctoral/IMPLEMENTACAO/Genomes/M_hyopneumoniae/MHP_ncbi_dataset/ncbi_dataset/data/strains/1257/Use/busco_complete/prodigal_output/predicted_genes/predicted.faa 
# Current dir:     /home/lgef/Documentos/GitHub/Project_doctoral/IMPLEMENTACAO/Genomes/M_hyopneumoniae/MHP_ncbi_dataset/ncbi_dataset/data/strains/1257/Use
# Date:            Thu Nov 28 19:23:21 2024
# [ok]
