#                                                                                     --- full sequence --- -------------- this domain -------------   hmm coord   ali coord   env coord
# target name                 accession   tlen query name           accession   qlen   E-value  score  bias   #  of  c-Evalue  i-Evalue  score  bias  from    to  from    to  from    to  acc description of target
#         ------------------- ---------- ----- -------------------- ---------- ----- --------- ------ ----- --- --- --------- --------- ------ ----- ----- ----- ----- ----- ----- ----- ---- ---------------------
NZ_CP157283.1:129568-130485|+ -            306 3146at2085           -            235   1.9e-85  281.2   1.1   1   2   5.8e-29   9.7e-27   89.1   0.1     1    65     4    71     4   103 0.91 NZ_CP157283.1_103 # 129568 # 130485 # 1 # ID=1_103;partial=00;start_type=ATG;rbs_motif=GGA/GAG/AGG;rbs_spacer=5-10bp;gc_cont=0.352
NZ_CP157283.1:129568-130485|+ -            306 3146at2085           -            235   1.9e-85  281.2   1.1   2   2   5.5e-60   9.1e-58  190.6   0.1    64   234   104   299    98   300 0.86 NZ_CP157283.1_103 # 129568 # 130485 # 1 # ID=1_103;partial=00;start_type=ATG;rbs_motif=GGA/GAG/AGG;rbs_spacer=5-10bp;gc_cont=0.352
NZ_CP157283.1:735534-736898|- -            455 3146at2085           -            235   2.8e-16   54.8   5.1   1   2     1e-07   1.7e-05   19.5   0.1     1    39     4    42     4    51 0.94 NZ_CP157283.1_562 # 735534 # 736898 # -1 # ID=1_562;partial=00;start_type=ATG;rbs_motif=GGA/GAG/AGG;rbs_spacer=5-10bp;gc_cont=0.318
NZ_CP157283.1:735534-736898|- -            455 3146at2085           -            235   2.8e-16   54.8   5.1   2   2   1.9e-12   3.2e-10   35.0   2.0   102   235   167   320   124   320 0.66 NZ_CP157283.1_562 # 735534 # 736898 # -1 # ID=1_562;partial=00;start_type=ATG;rbs_motif=GGA/GAG/AGG;rbs_spacer=5-10bp;gc_cont=0.318
NZ_CP157283.1:658806-660653|+ -            616 3146at2085           -            235   2.8e-11   38.5  10.0   1   2     3e-08     5e-06   21.3   0.1     1    38   161   198   161   206 0.93 NZ_CP157283.1_503 # 658806 # 660653 # 1 # ID=1_503;partial=00;start_type=ATG;rbs_motif=AGGA;rbs_spacer=5-10bp;gc_cont=0.369
NZ_CP157283.1:658806-660653|+ -            616 3146at2085           -            235   2.8e-11   38.5  10.0   2   2     9e-08   1.5e-05   19.7   3.7    63   218   287   466   263   483 0.66 NZ_CP157283.1_503 # 658806 # 660653 # 1 # ID=1_503;partial=00;start_type=ATG;rbs_motif=AGGA;rbs_spacer=5-10bp;gc_cont=0.369
NZ_CP157283.1:2825-4684|+     -            620 3146at2085           -            235     0.023    9.3   2.9   1   3    0.0011      0.19    6.3   0.0     1    30    12    41    12    49 0.85 NZ_CP157283.1_3 # 2825 # 4684 # 1 # ID=1_3;partial=00;start_type=ATG;rbs_motif=GGAG/GAGG;rbs_spacer=5-10bp;gc_cont=0.326
NZ_CP157283.1:2825-4684|+     -            620 3146at2085           -            235     0.023    9.3   2.9   2   3     0.028       4.6    1.7   0.7   129   169    98   142    79   162 0.72 NZ_CP157283.1_3 # 2825 # 4684 # 1 # ID=1_3;partial=00;start_type=ATG;rbs_motif=GGAG/GAGG;rbs_spacer=5-10bp;gc_cont=0.326
NZ_CP157283.1:2825-4684|+     -            620 3146at2085           -            235     0.023    9.3   2.9   3   3      0.61     1e+02   -2.6   0.0   201   215   361   376   350   393 0.73 NZ_CP157283.1_3 # 2825 # 4684 # 1 # ID=1_3;partial=00;start_type=ATG;rbs_motif=GGAG/GAGG;rbs_spacer=5-10bp;gc_cont=0.326
#
# Program:         hmmsearch
# Version:         3.4 (Aug 2023)
# Pipeline mode:   SEARCH
# Query file:      /home/lgef/Documentos/GitHub/Project_doctoral/IMPLEMENTACAO/Genomes/M_hyopneumoniae/MHP_ncbi_dataset/ncbi_dataset/data/strains/1257/Use/busco_downloads/lineages/mycoplasmatales_odb10/hmms/3146at2085.hmm
# Target file:     /home/lgef/Documentos/GitHub/Project_doctoral/IMPLEMENTACAO/Genomes/M_hyopneumoniae/MHP_ncbi_dataset/ncbi_dataset/data/strains/1257/Use/busco_complete/prodigal_output/predicted_genes/predicted.faa
# Option settings: hmmsearch --domtblout /home/lgef/Documentos/GitHub/Project_doctoral/IMPLEMENTACAO/Genomes/M_hyopneumoniae/MHP_ncbi_dataset/ncbi_dataset/data/strains/1257/Use/busco_complete/run_mycoplasmatales_odb10/hmmer_output/3146at2085.out --cpu 1 /home/lgef/Documentos/GitHub/Project_doctoral/IMPLEMENTACAO/Genomes/M_hyopneumoniae/MHP_ncbi_dataset/ncbi_dataset/data/strains/1257/Use/busco_downloads/lineages/mycoplasmatales_odb10/hmms/3146at2085.hmm /home/lgef/Documentos/GitHub/Project_doctoral/IMPLEMENTACAO/Genomes/M_hyopneumoniae/MHP_ncbi_dataset/ncbi_dataset/data/strains/1257/Use/busco_complete/prodigal_output/predicted_genes/predicted.faa 
# Current dir:     /home/lgef/Documentos/GitHub/Project_doctoral/IMPLEMENTACAO/Genomes/M_hyopneumoniae/MHP_ncbi_dataset/ncbi_dataset/data/strains/1257/Use
# Date:            Thu Nov 28 19:23:21 2024
# [ok]
