#                                                                                   --- full sequence --- -------------- this domain -------------   hmm coord   ali coord   env coord
# target name               accession   tlen query name           accession   qlen   E-value  score  bias   #  of  c-Evalue  i-Evalue  score  bias  from    to  from    to  from    to  acc description of target
#       ------------------- ---------- ----- -------------------- ---------- ----- --------- ------ ----- --- --- --------- --------- ------ ----- ----- ----- ----- ----- ----- ----- ---- ---------------------
scf00000000:606828-608162|- -            445 1064at2085           -            350  4.3e-149  491.6  18.8   1   2   1.1e-56   2.2e-55  183.4   0.3     1   127    10   136    10   144 0.90 scf00000000_466 # 606828 # 608162 # -1 # ID=1_466;partial=00;start_type=ATG;rbs_motif=GGA/GAG/AGG;rbs_spacer=11-12bp;gc_cont=0.300
scf00000000:606828-608162|- -            445 1064at2085           -            350  4.3e-149  491.6  18.8   2   2     3e-95   6.1e-94  310.2  13.4   100   349   147   441   139   442 0.82 scf00000000_466 # 606828 # 608162 # -1 # ID=1_466;partial=00;start_type=ATG;rbs_motif=GGA/GAG/AGG;rbs_spacer=11-12bp;gc_cont=0.300
scf00000000:386328-388505|+ -            726 1064at2085           -            350   5.5e-79  261.0   7.8   1   3   1.5e-35     3e-34  113.8   0.2     2   123    39   161    38   225 0.76 scf00000000_310 # 386328 # 388505 # 1 # ID=1_310;partial=00;start_type=ATG;rbs_motif=GGA/GAG/AGG;rbs_spacer=5-10bp;gc_cont=0.305
scf00000000:386328-388505|+ -            726 1064at2085           -            350   5.5e-79  261.0   7.8   2   3       4.6        93   -2.9   0.1    96   131   266   285   257   325 0.58 scf00000000_310 # 386328 # 388505 # 1 # ID=1_310;partial=00;start_type=ATG;rbs_motif=GGA/GAG/AGG;rbs_spacer=5-10bp;gc_cont=0.305
scf00000000:386328-388505|+ -            726 1064at2085           -            350   5.5e-79  261.0   7.8   3   3   3.2e-49   6.5e-48  158.8   2.5   104   289   435   621   420   635 0.85 scf00000000_310 # 386328 # 388505 # 1 # ID=1_310;partial=00;start_type=ATG;rbs_motif=GGA/GAG/AGG;rbs_spacer=5-10bp;gc_cont=0.305
scf00000000:199314-200843|+ -            510 1064at2085           -            350   7.6e-50  165.2  10.4   1   4   1.8e-15   3.7e-14   47.8   0.2     2    99    11   116    10   121 0.89 scf00000000_159 # 199314 # 200843 # 1 # ID=1_159;partial=00;start_type=TTG;rbs_motif=GGAGG;rbs_spacer=5-10bp;gc_cont=0.322
scf00000000:199314-200843|+ -            510 1064at2085           -            350   7.6e-50  165.2  10.4   2   4   2.5e-15   5.1e-14   47.3   0.4   153   256   127   229   116   251 0.92 scf00000000_159 # 199314 # 200843 # 1 # ID=1_159;partial=00;start_type=TTG;rbs_motif=GGAGG;rbs_spacer=5-10bp;gc_cont=0.322
scf00000000:199314-200843|+ -            510 1064at2085           -            350   7.6e-50  165.2  10.4   3   4   0.00047    0.0094   10.3   0.0    16    67   280   331   273   343 0.90 scf00000000_159 # 199314 # 200843 # 1 # ID=1_159;partial=00;start_type=TTG;rbs_motif=GGAGG;rbs_spacer=5-10bp;gc_cont=0.322
scf00000000:199314-200843|+ -            510 1064at2085           -            350   7.6e-50  165.2  10.4   4   4   1.8e-20   3.6e-19   64.3   0.2   150   259   381   490   374   502 0.90 scf00000000_159 # 199314 # 200843 # 1 # ID=1_159;partial=00;start_type=TTG;rbs_motif=GGAGG;rbs_spacer=5-10bp;gc_cont=0.322
scf00000000:565306-566844|+ -            513 1064at2085           -            350   1.2e-49  164.5  17.6   1   4   1.1e-12   2.2e-11   38.7   0.1     1    97     6   107     6   117 0.84 scf00000000_436 # 565306 # 566844 # 1 # ID=1_436;partial=00;start_type=TTG;rbs_motif=AGGA;rbs_spacer=5-10bp;gc_cont=0.320
scf00000000:565306-566844|+ -            513 1064at2085           -            350   1.2e-49  164.5  17.6   2   4   1.1e-20   2.3e-19   64.9   0.8   150   272   116   237   109   247 0.92 scf00000000_436 # 565306 # 566844 # 1 # ID=1_436;partial=00;start_type=TTG;rbs_motif=AGGA;rbs_spacer=5-10bp;gc_cont=0.320
scf00000000:565306-566844|+ -            513 1064at2085           -            350   1.2e-49  164.5  17.6   3   4   5.3e-08   1.1e-06   23.2   0.2    12    73   278   341   264   369 0.81 scf00000000_436 # 565306 # 566844 # 1 # ID=1_436;partial=00;start_type=TTG;rbs_motif=AGGA;rbs_spacer=5-10bp;gc_cont=0.320
scf00000000:565306-566844|+ -            513 1064at2085           -            350   1.2e-49  164.5  17.6   4   4   2.2e-15   4.5e-14   47.5   1.7   159   262   391   495   376   502 0.86 scf00000000_436 # 565306 # 566844 # 1 # ID=1_436;partial=00;start_type=TTG;rbs_motif=AGGA;rbs_spacer=5-10bp;gc_cont=0.320
scf00000000:403501-404661|+ -            387 1064at2085           -            350     1e-47  158.1  13.7   1   1   1.1e-48   2.2e-47  157.0  13.7     2   298     8   314     7   361 0.76 scf00000000_321 # 403501 # 404661 # 1 # ID=1_321;partial=00;start_type=ATG;rbs_motif=3Base/5BMM;rbs_spacer=13-15bp;gc_cont=0.258
scf00000000:476862-477758|- -            299 1064at2085           -            350   1.8e-35  117.9   4.1   1   2   8.6e-21   1.7e-19   65.3   1.0     1   107    60   176    60   194 0.79 scf00000000_375 # 476862 # 477758 # -1 # ID=1_375;partial=00;start_type=GTG;rbs_motif=AGGAG;rbs_spacer=5-10bp;gc_cont=0.353
scf00000000:476862-477758|- -            299 1064at2085           -            350   1.8e-35  117.9   4.1   2   2   1.9e-17   3.9e-16   54.3   0.1   160   258   180   277   177   284 0.89 scf00000000_375 # 476862 # 477758 # -1 # ID=1_375;partial=00;start_type=GTG;rbs_motif=AGGAG;rbs_spacer=5-10bp;gc_cont=0.353
scf00000000:173097-174428|+ -            444 1064at2085           -            350   2.6e-35  117.4   2.7   1   2   1.3e-10   2.7e-09   31.8   0.2     3   104    45   161    43   189 0.73 scf00000000_144 # 173097 # 174428 # 1 # ID=1_144;partial=00;start_type=ATG;rbs_motif=GGAG/GAGG;rbs_spacer=5-10bp;gc_cont=0.297
scf00000000:173097-174428|+ -            444 1064at2085           -            350   2.6e-35  117.4   2.7   2   2   7.4e-27   1.5e-25   85.3   0.1   148   267   249   369   233   375 0.89 scf00000000_144 # 173097 # 174428 # 1 # ID=1_144;partial=00;start_type=ATG;rbs_motif=GGAG/GAGG;rbs_spacer=5-10bp;gc_cont=0.297
scf00000000:237934-238752|+ -            273 1064at2085           -            350   9.7e-34  112.2   7.7   1   2   9.9e-15     2e-13   45.4   1.9     2   104     2   110     1   117 0.83 scf00000000_190 # 237934 # 238752 # 1 # ID=1_190;partial=00;start_type=ATG;rbs_motif=GGA/GAG/AGG;rbs_spacer=5-10bp;gc_cont=0.308
scf00000000:237934-238752|+ -            273 1064at2085           -            350   9.7e-34  112.2   7.7   2   2   1.4e-22   2.8e-21   71.2   0.8   153   271   112   229   106   245 0.94 scf00000000_190 # 237934 # 238752 # 1 # ID=1_190;partial=00;start_type=ATG;rbs_motif=GGA/GAG/AGG;rbs_spacer=5-10bp;gc_cont=0.308
scf00000000:314695-316647|+ -            651 1064at2085           -            350   5.1e-33  109.8  10.8   1   2   9.2e-19   1.9e-17   58.6   4.5     1    95     1    93     1   106 0.93 scf00000000_253 # 314695 # 316647 # 1 # ID=1_253;partial=00;start_type=ATG;rbs_motif=GGA/GAG/AGG;rbs_spacer=5-10bp;gc_cont=0.244
scf00000000:314695-316647|+ -            651 1064at2085           -            350   5.1e-33  109.8  10.8   2   2   1.6e-17   3.3e-16   54.5   0.6   146   259    99   207    93   229 0.84 scf00000000_253 # 314695 # 316647 # 1 # ID=1_253;partial=00;start_type=ATG;rbs_motif=GGA/GAG/AGG;rbs_spacer=5-10bp;gc_cont=0.244
scf00000000:238725-239627|+ -            301 1064at2085           -            350   1.8e-32  108.0   2.5   1   2   9.1e-12   1.8e-10   35.6   2.2     2   106     3   132     2   138 0.65 scf00000000_191 # 238725 # 239627 # 1 # ID=1_191;partial=00;start_type=ATG;rbs_motif=GGA/GAG/AGG;rbs_spacer=5-10bp;gc_cont=0.303
scf00000000:238725-239627|+ -            301 1064at2085           -            350   1.8e-32  108.0   2.5   2   2     1e-21   2.1e-20   68.4   0.0   152   282   131   261   125   294 0.86 scf00000000_191 # 238725 # 239627 # 1 # ID=1_191;partial=00;start_type=ATG;rbs_motif=GGA/GAG/AGG;rbs_spacer=5-10bp;gc_cont=0.303
scf00000000:343231-345618|- -            796 1064at2085           -            350   2.6e-32  107.5   8.6   1   2   3.5e-19     7e-18   60.0   2.3     1   115     1   112     1   125 0.82 scf00000000_278 # 343231 # 345618 # -1 # ID=1_278;partial=00;start_type=ATG;rbs_motif=None;rbs_spacer=None;gc_cont=0.250
scf00000000:343231-345618|- -            796 1064at2085           -            350   2.6e-32  107.5   8.6   2   2   1.1e-16   2.3e-15   51.8   1.6   157   266   105   213    98   219 0.88 scf00000000_278 # 343231 # 345618 # -1 # ID=1_278;partial=00;start_type=ATG;rbs_motif=None;rbs_spacer=None;gc_cont=0.250
scf00000000:2480-4786|-     -            769 1064at2085           -            350   1.8e-31  104.7   9.0   1   2   2.6e-19   5.3e-18   60.4   4.7     8   119     2   110     1   118 0.90 scf00000000_2 # 2480 # 4786 # -1 # ID=1_2;partial=00;start_type=TTG;rbs_motif=3Base/5BMM;rbs_spacer=13-15bp;gc_cont=0.263
scf00000000:2480-4786|-     -            769 1064at2085           -            350   1.8e-31  104.7   9.0   2   2   1.1e-15   2.2e-14   48.6   0.5   158   258   100   199    98   212 0.89 scf00000000_2 # 2480 # 4786 # -1 # ID=1_2;partial=00;start_type=TTG;rbs_motif=3Base/5BMM;rbs_spacer=13-15bp;gc_cont=0.263
scf00000000:546150-548474|- -            775 1064at2085           -            350   1.3e-30  101.9   9.2   1   3   2.4e-09   4.9e-08   27.7   2.4     8   102    15   114     5   160 0.78 scf00000000_421 # 546150 # 548474 # -1 # ID=1_421;partial=00;start_type=ATG;rbs_motif=AGxAG;rbs_spacer=5-10bp;gc_cont=0.277
scf00000000:546150-548474|- -            775 1064at2085           -            350   1.3e-30  101.9   9.2   2   3         5     1e+02   -3.0   3.6    69   159   311   403   298   429 0.57 scf00000000_421 # 546150 # 548474 # -1 # ID=1_421;partial=00;start_type=ATG;rbs_motif=AGxAG;rbs_spacer=5-10bp;gc_cont=0.277
scf00000000:546150-548474|- -            775 1064at2085           -            350   1.3e-30  101.9   9.2   3   3     2e-27     4e-26   87.1   0.6   145   271   582   709   528   720 0.80 scf00000000_421 # 546150 # 548474 # -1 # ID=1_421;partial=00;start_type=ATG;rbs_motif=AGxAG;rbs_spacer=5-10bp;gc_cont=0.277
scf00000000:295746-297710|- -            655 1064at2085           -            350     2e-30  101.3  10.6   1   2   6.6e-19   1.3e-17   59.1   5.2     1   124     1   125     1   127 0.86 scf00000000_243 # 295746 # 297710 # -1 # ID=1_243;partial=00;start_type=ATG;rbs_motif=GGA/GAG/AGG;rbs_spacer=5-10bp;gc_cont=0.246
scf00000000:295746-297710|- -            655 1064at2085           -            350     2e-30  101.3  10.6   2   2   4.1e-15   8.3e-14   46.6   0.6   172   270   122   218   113   260 0.86 scf00000000_243 # 295746 # 297710 # -1 # ID=1_243;partial=00;start_type=ATG;rbs_motif=GGA/GAG/AGG;rbs_spacer=5-10bp;gc_cont=0.246
scf00000000:271275-271961|- -            229 1064at2085           -            350   1.1e-29   98.8   8.1   1   2   1.6e-20   3.2e-19   64.4   3.9     1   124     1   124     1   127 0.83 scf00000000_218 # 271275 # 271961 # -1 # ID=1_218;partial=00;start_type=ATG;rbs_motif=None;rbs_spacer=None;gc_cont=0.265
scf00000000:271275-271961|- -            229 1064at2085           -            350   1.1e-29   98.8   8.1   2   2   1.3e-12   2.7e-11   38.4   0.2   172   254   121   201   114   219 0.88 scf00000000_218 # 271275 # 271961 # -1 # ID=1_218;partial=00;start_type=ATG;rbs_motif=None;rbs_spacer=None;gc_cont=0.265
scf00000000:312286-314604|+ -            773 1064at2085           -            350   2.8e-29   97.5  10.9   1   2   3.4e-18   6.8e-17   56.8   3.3     1    96     1    94     1   106 0.92 scf00000000_252 # 312286 # 314604 # 1 # ID=1_252;partial=00;start_type=ATG;rbs_motif=None;rbs_spacer=None;gc_cont=0.266
scf00000000:312286-314604|+ -            773 1064at2085           -            350   2.8e-29   97.5  10.9   2   2   1.3e-14   2.6e-13   45.0   1.1   152   267   101   215    94   228 0.85 scf00000000_252 # 312286 # 314604 # 1 # ID=1_252;partial=00;start_type=ATG;rbs_motif=None;rbs_spacer=None;gc_cont=0.266
scf00000000:879918-882194|- -            759 1064at2085           -            350   6.2e-29   96.4   8.3   1   2     1e-18   2.1e-17   58.4   4.8     1   126     1   126     1   127 0.82 scf00000000_689 # 879918 # 882194 # -1 # ID=1_689;partial=00;start_type=ATG;rbs_motif=None;rbs_spacer=None;gc_cont=0.252
scf00000000:879918-882194|- -            759 1064at2085           -            350   6.2e-29   96.4   8.3   2   2   2.4e-13   4.9e-12   40.8   0.3   170   258   119   205   100   213 0.89 scf00000000_689 # 879918 # 882194 # -1 # ID=1_689;partial=00;start_type=ATG;rbs_motif=None;rbs_spacer=None;gc_cont=0.252
scf00000000:548474-549526|- -            351 1064at2085           -            350     1e-28   95.6   0.7   1   2   7.2e-08   1.5e-06   22.8   0.2    11    72    26    88     9    94 0.78 scf00000000_422 # 548474 # 549526 # -1 # ID=1_422;partial=00;start_type=ATG;rbs_motif=GGxGG;rbs_spacer=5-10bp;gc_cont=0.334
scf00000000:548474-549526|- -            351 1064at2085           -            350     1e-28   95.6   0.7   2   2   1.2e-22   2.5e-21   71.4   0.0   153   271   133   254   121   263 0.89 scf00000000_422 # 548474 # 549526 # -1 # ID=1_422;partial=00;start_type=ATG;rbs_motif=GGxGG;rbs_spacer=5-10bp;gc_cont=0.334
scf00000000:166340-167956|- -            539 1064at2085           -            350   1.3e-27   92.1   4.6   1   5   2.5e-13     5e-12   40.8   0.8     1    64     1    64     1   104 0.82 scf00000000_139 # 166340 # 167956 # -1 # ID=1_139;partial=00;start_type=ATG;rbs_motif=AGGA;rbs_spacer=5-10bp;gc_cont=0.329
scf00000000:166340-167956|- -            539 1064at2085           -            350   1.3e-27   92.1   4.6   2   5       1.5        31   -1.3   0.0   248   273    83   109    62   116 0.75 scf00000000_139 # 166340 # 167956 # -1 # ID=1_139;partial=00;start_type=ATG;rbs_motif=AGGA;rbs_spacer=5-10bp;gc_cont=0.329
scf00000000:166340-167956|- -            539 1064at2085           -            350   1.3e-27   92.1   4.6   3   5     2e-09     4e-08   27.9   0.0   171   261   148   234   130   281 0.84 scf00000000_139 # 166340 # 167956 # -1 # ID=1_139;partial=00;start_type=ATG;rbs_motif=AGGA;rbs_spacer=5-10bp;gc_cont=0.329
scf00000000:166340-167956|- -            539 1064at2085           -            350   1.3e-27   92.1   4.6   4   5     0.011      0.22    5.8   0.0    14    60   334   380   321   395 0.87 scf00000000_139 # 166340 # 167956 # -1 # ID=1_139;partial=00;start_type=ATG;rbs_motif=AGGA;rbs_spacer=5-10bp;gc_cont=0.329
scf00000000:166340-167956|- -            539 1064at2085           -            350   1.3e-27   92.1   4.6   5   5   1.5e-05   0.00031   15.1   0.0   174   223   443   492   418   535 0.78 scf00000000_139 # 166340 # 167956 # -1 # ID=1_139;partial=00;start_type=ATG;rbs_motif=AGGA;rbs_spacer=5-10bp;gc_cont=0.329
scf00000000:297787-300069|- -            761 1064at2085           -            350   1.5e-27   91.9  17.7   1   3   7.9e-18   1.6e-16   55.6   4.4     1    94     1    91     1    94 0.90 scf00000000_244 # 297787 # 300069 # -1 # ID=1_244;partial=00;start_type=ATG;rbs_motif=GGA/GAG/AGG;rbs_spacer=5-10bp;gc_cont=0.253
scf00000000:297787-300069|- -            761 1064at2085           -            350   1.5e-27   91.9  17.7   2   3   9.9e-14     2e-12   42.1   4.3   143   282    95   229    92   307 0.75 scf00000000_244 # 297787 # 300069 # -1 # ID=1_244;partial=00;start_type=ATG;rbs_motif=GGA/GAG/AGG;rbs_spacer=5-10bp;gc_cont=0.253
scf00000000:297787-300069|- -            761 1064at2085           -            350   1.5e-27   91.9  17.7   3   3       1.5        31   -1.3   0.1    83   126   275   320   266   348 0.53 scf00000000_244 # 297787 # 300069 # -1 # ID=1_244;partial=00;start_type=ATG;rbs_motif=GGA/GAG/AGG;rbs_spacer=5-10bp;gc_cont=0.253
scf00000000:680019-681551|+ -            511 1064at2085           -            350   1.4e-26   88.7  18.4   1   4   6.4e-13   1.3e-11   39.4   1.0     2   119    14   136    13   152 0.86 scf00000000_526 # 680019 # 681551 # 1 # ID=1_526;partial=00;start_type=GTG;rbs_motif=GGA/GAG/AGG;rbs_spacer=11-12bp;gc_cont=0.324
scf00000000:680019-681551|+ -            511 1064at2085           -            350   1.4e-26   88.7  18.4   2   4   5.2e-06    0.0001   16.7   1.5   156   258   127   228   121   271 0.79 scf00000000_526 # 680019 # 681551 # 1 # ID=1_526;partial=00;start_type=GTG;rbs_motif=GGA/GAG/AGG;rbs_spacer=11-12bp;gc_cont=0.324
scf00000000:680019-681551|+ -            511 1064at2085           -            350   1.4e-26   88.7  18.4   3   4    0.0026     0.053    7.8   0.2    17    69   280   331   267   337 0.84 scf00000000_526 # 680019 # 681551 # 1 # ID=1_526;partial=00;start_type=GTG;rbs_motif=GGA/GAG/AGG;rbs_spacer=11-12bp;gc_cont=0.324
scf00000000:680019-681551|+ -            511 1064at2085           -            350   1.4e-26   88.7  18.4   4   4   4.4e-12   8.9e-11   36.7   0.7   140   259   375   492   355   503 0.74 scf00000000_526 # 680019 # 681551 # 1 # ID=1_526;partial=00;start_type=GTG;rbs_motif=GGA/GAG/AGG;rbs_spacer=11-12bp;gc_cont=0.324
scf00000000:407096-409396|+ -            767 1064at2085           -            350     3e-26   87.6  10.4   1   3   5.6e-18   1.1e-16   56.1   2.6     1   126     1   127     1   128 0.86 scf00000000_325 # 407096 # 409396 # 1 # ID=1_325;partial=00;start_type=ATG;rbs_motif=GGA/GAG/AGG;rbs_spacer=5-10bp;gc_cont=0.292
scf00000000:407096-409396|+ -            767 1064at2085           -            350     3e-26   87.6  10.4   2   3   5.3e-12   1.1e-10   36.4   0.2   173   253   123   201   102   212 0.86 scf00000000_325 # 407096 # 409396 # 1 # ID=1_325;partial=00;start_type=ATG;rbs_motif=GGA/GAG/AGG;rbs_spacer=5-10bp;gc_cont=0.292
scf00000000:407096-409396|+ -            767 1064at2085           -            350     3e-26   87.6  10.4   3   3      0.51        10    0.3   0.1    85   157   527   600   521   607 0.82 scf00000000_325 # 407096 # 409396 # 1 # ID=1_325;partial=00;start_type=ATG;rbs_motif=GGA/GAG/AGG;rbs_spacer=5-10bp;gc_cont=0.292
scf00000000:501058-501774|- -            239 1064at2085           -            350   8.9e-25   82.7   3.0   1   2   4.2e-10   8.5e-09   30.2   0.7     1    63     5    68     5    90 0.88 scf00000000_391 # 501058 # 501774 # -1 # ID=1_391;partial=00;start_type=ATG;rbs_motif=AGGA;rbs_spacer=5-10bp;gc_cont=0.265
scf00000000:501058-501774|- -            239 1064at2085           -            350   8.9e-25   82.7   3.0   2   2   3.9e-17   7.8e-16   53.3   0.1   136   268    93   225    74   233 0.87 scf00000000_391 # 501058 # 501774 # -1 # ID=1_391;partial=00;start_type=ATG;rbs_motif=AGGA;rbs_spacer=5-10bp;gc_cont=0.265
scf00000000:171695-173107|+ -            471 1064at2085           -            350   2.1e-24   81.5   8.1   1   3       2.1        43   -1.8   0.1   113   157    79   115    38   139 0.51 scf00000000_143 # 171695 # 173107 # 1 # ID=1_143;partial=00;start_type=ATG;rbs_motif=AGGAGG;rbs_spacer=5-10bp;gc_cont=0.322
scf00000000:171695-173107|+ -            471 1064at2085           -            350   2.1e-24   81.5   8.1   2   3     2e-06     4e-05   18.1   0.2    14   111   141   252   121   273 0.72 scf00000000_143 # 171695 # 173107 # 1 # ID=1_143;partial=00;start_type=ATG;rbs_motif=AGGAGG;rbs_spacer=5-10bp;gc_cont=0.322
scf00000000:171695-173107|+ -            471 1064at2085           -            350   2.1e-24   81.5   8.1   3   3   1.3e-21   2.7e-20   68.0   0.6   174   270   273   369   257   375 0.93 scf00000000_143 # 171695 # 173107 # 1 # ID=1_143;partial=00;start_type=ATG;rbs_motif=AGGAGG;rbs_spacer=5-10bp;gc_cont=0.322
scf00000000:375488-376258|+ -            257 1064at2085           -            350   1.7e-22   75.2   4.8   1   2   6.1e-07   1.2e-05   19.7   0.3    12    76    22    86     9   131 0.71 scf00000000_303 # 375488 # 376258 # 1 # ID=1_303;partial=00;start_type=ATG;rbs_motif=None;rbs_spacer=None;gc_cont=0.265
scf00000000:375488-376258|+ -            257 1064at2085           -            350   1.7e-22   75.2   4.8   2   2   6.2e-19   1.3e-17   59.2   2.7    83   267    56   242    56   249 0.74 scf00000000_303 # 375488 # 376258 # 1 # ID=1_303;partial=00;start_type=ATG;rbs_motif=None;rbs_spacer=None;gc_cont=0.265
scf00000000:719304-720923|+ -            540 1064at2085           -            350   5.1e-22   73.6   5.0   1   2   9.6e-12     2e-10   35.5   0.5     1    72   336   408   336   422 0.91 scf00000000_551 # 719304 # 720923 # 1 # ID=1_551;partial=00;start_type=ATG;rbs_motif=None;rbs_spacer=None;gc_cont=0.226
scf00000000:719304-720923|+ -            540 1064at2085           -            350   5.1e-22   73.6   5.0   2   2     4e-13   8.2e-12   40.1   0.5   131   251   418   537   408   539 0.81 scf00000000_551 # 719304 # 720923 # 1 # ID=1_551;partial=00;start_type=ATG;rbs_motif=None;rbs_spacer=None;gc_cont=0.226
scf00000000:840350-841027|+ -            226 1064at2085           -            350   1.2e-20   69.1  10.1   1   2   1.6e-15   3.2e-14   48.0   1.2     2    72    13    83    12   110 0.85 scf00000000_658 # 840350 # 841027 # 1 # ID=1_658;partial=00;start_type=TTG;rbs_motif=None;rbs_spacer=None;gc_cont=0.274
scf00000000:840350-841027|+ -            226 1064at2085           -            350   1.2e-20   69.1  10.1   2   2   7.8e-09   1.6e-07   26.0   2.3   156   240   114   202   105   208 0.84 scf00000000_658 # 840350 # 841027 # 1 # ID=1_658;partial=00;start_type=TTG;rbs_motif=None;rbs_spacer=None;gc_cont=0.274
scf00000000:712611-714224|+ -            538 1064at2085           -            350   1.9e-19   65.2  11.9   1   3       5.6   1.1e+02   -3.1   0.4    79   108    72   101    67   121 0.64 scf00000000_547 # 712611 # 714224 # 1 # ID=1_547;partial=00;start_type=ATG;rbs_motif=AGGAGG;rbs_spacer=5-10bp;gc_cont=0.239
scf00000000:712611-714224|+ -            538 1064at2085           -            350   1.9e-19   65.2  11.9   2   3   2.5e-10   5.1e-09   30.9   0.4     6    71   339   405   334   417 0.87 scf00000000_547 # 712611 # 714224 # 1 # ID=1_547;partial=00;start_type=ATG;rbs_motif=AGGAGG;rbs_spacer=5-10bp;gc_cont=0.239
scf00000000:712611-714224|+ -            538 1064at2085           -            350   1.9e-19   65.2  11.9   3   3   1.1e-13   2.3e-12   41.9   0.8   153   251   434   534   421   537 0.79 scf00000000_547 # 712611 # 714224 # 1 # ID=1_547;partial=00;start_type=ATG;rbs_motif=AGGAGG;rbs_spacer=5-10bp;gc_cont=0.239
scf00000000:78-2369|-       -            764 1064at2085           -            350     3e-18   61.3  14.8   1   3   7.3e-16   1.5e-14   49.1   4.3     1   125     1   125     1   128 0.81 scf00000000_1 # 78 # 2369 # -1 # ID=1_1;partial=00;start_type=ATG;rbs_motif=AGGAG(G)/GGAGG;rbs_spacer=13-15bp;gc_cont=0.253
scf00000000:78-2369|-       -            764 1064at2085           -            350     3e-18   61.3  14.8   2   3   4.7e-07   9.6e-06   20.1   0.8   171   258   120   205    97   219 0.85 scf00000000_1 # 78 # 2369 # -1 # ID=1_1;partial=00;start_type=ATG;rbs_motif=AGGAG(G)/GGAGG;rbs_spacer=13-15bp;gc_cont=0.253
scf00000000:78-2369|-       -            764 1064at2085           -            350     3e-18   61.3  14.8   3   3       2.1        43   -1.8   0.4   100   162   441   504   433   528 0.76 scf00000000_1 # 78 # 2369 # -1 # ID=1_1;partial=00;start_type=ATG;rbs_motif=AGGAG(G)/GGAGG;rbs_spacer=13-15bp;gc_cont=0.253
scf00000000:90122-92965|-   -            948 1064at2085           -            350   1.7e-15   52.2   5.6   1   4     0.016      0.32    5.3   0.1    15    42    19    46    13    57 0.90 scf00000000_72 # 90122 # 92965 # -1 # ID=1_72;partial=00;start_type=ATG;rbs_motif=None;rbs_spacer=None;gc_cont=0.326
scf00000000:90122-92965|-   -            948 1064at2085           -            350   1.7e-15   52.2   5.6   2   4   9.5e-07   1.9e-05   19.1   0.0   153   244   467   559   447   598 0.81 scf00000000_72 # 90122 # 92965 # -1 # ID=1_72;partial=00;start_type=ATG;rbs_motif=None;rbs_spacer=None;gc_cont=0.326
scf00000000:90122-92965|-   -            948 1064at2085           -            350   1.7e-15   52.2   5.6   3   4   8.7e-06   0.00018   16.0   0.4    15    47   626   658   618   680 0.82 scf00000000_72 # 90122 # 92965 # -1 # ID=1_72;partial=00;start_type=ATG;rbs_motif=None;rbs_spacer=None;gc_cont=0.326
scf00000000:90122-92965|-   -            948 1064at2085           -            350   1.7e-15   52.2   5.6   4   4   0.00025    0.0051   11.2   0.0   174   251   829   907   809   940 0.74 scf00000000_72 # 90122 # 92965 # -1 # ID=1_72;partial=00;start_type=ATG;rbs_motif=None;rbs_spacer=None;gc_cont=0.326
scf00000000:717685-719295|+ -            537 1064at2085           -            350   1.2e-13   46.1   7.0   1   2   7.3e-11   1.5e-09   32.7   2.9     2   127   334   462   333   463 0.83 scf00000000_550 # 717685 # 719295 # 1 # ID=1_550;partial=00;start_type=ATG;rbs_motif=GGA/GAG/AGG;rbs_spacer=5-10bp;gc_cont=0.184
scf00000000:717685-719295|+ -            537 1064at2085           -            350   1.2e-13   46.1   7.0   2   2   3.2e-06   6.4e-05   17.4   0.6   150   250   436   534   428   536 0.69 scf00000000_550 # 717685 # 719295 # 1 # ID=1_550;partial=00;start_type=ATG;rbs_motif=GGA/GAG/AGG;rbs_spacer=5-10bp;gc_cont=0.184
scf00000000:710990-712600|+ -            537 1064at2085           -            350   1.5e-13   45.8   0.1   1   2   1.9e-10   3.9e-09   31.3   0.1     2    72   334   406   333   432 0.85 scf00000000_546 # 710990 # 712600 # 1 # ID=1_546;partial=00;start_type=ATG;rbs_motif=AGGA;rbs_spacer=5-10bp;gc_cont=0.233
scf00000000:710990-712600|+ -            537 1064at2085           -            350   1.5e-13   45.8   0.1   2   2   0.00016    0.0033   11.8   0.0   174   231   460   514   441   535 0.72 scf00000000_546 # 710990 # 712600 # 1 # ID=1_546;partial=00;start_type=ATG;rbs_motif=AGGA;rbs_spacer=5-10bp;gc_cont=0.233
scf00000000:837821-839419|+ -            533 1064at2085           -            350   1.8e-12   42.2   7.4   1   3       4.7        95   -2.9   0.2   126   152   211   239   201   253 0.73 scf00000000_656 # 837821 # 839419 # 1 # ID=1_656;partial=00;start_type=ATG;rbs_motif=AGGAGG;rbs_spacer=5-10bp;gc_cont=0.259
scf00000000:837821-839419|+ -            533 1064at2085           -            350   1.8e-12   42.2   7.4   2   3   1.1e-09   2.3e-08   28.7   0.5     2    71   327   397   326   424 0.84 scf00000000_656 # 837821 # 839419 # 1 # ID=1_656;partial=00;start_type=ATG;rbs_motif=AGGAGG;rbs_spacer=5-10bp;gc_cont=0.259
scf00000000:837821-839419|+ -            533 1064at2085           -            350   1.8e-12   42.2   7.4   3   3   4.4e-06   8.8e-05   16.9   0.1   166   245   442   518   423   529 0.79 scf00000000_656 # 837821 # 839419 # 1 # ID=1_656;partial=00;start_type=ATG;rbs_motif=AGGAGG;rbs_spacer=5-10bp;gc_cont=0.259
scf00000000:790325-792364|- -            680 1064at2085           -            350   1.4e-09   32.7   5.0   1   3       2.8        57   -2.2   0.1    68    86   113   131    78   146 0.69 scf00000000_620 # 790325 # 792364 # -1 # ID=1_620;partial=00;start_type=ATG;rbs_motif=None;rbs_spacer=None;gc_cont=0.248
scf00000000:790325-792364|- -            680 1064at2085           -            350   1.4e-09   32.7   5.0   2   3   9.1e-06   0.00018   15.9   0.5     2    94   470   561   469   584 0.80 scf00000000_620 # 790325 # 792364 # -1 # ID=1_620;partial=00;start_type=ATG;rbs_motif=None;rbs_spacer=None;gc_cont=0.248
scf00000000:790325-792364|- -            680 1064at2085           -            350   1.4e-09   32.7   5.0   3   3   2.4e-06     5e-05   17.8   0.1   165   239   589   661   568   666 0.88 scf00000000_620 # 790325 # 792364 # -1 # ID=1_620;partial=00;start_type=ATG;rbs_motif=None;rbs_spacer=None;gc_cont=0.248
#
# Program:         hmmsearch
# Version:         3.4 (Aug 2023)
# Pipeline mode:   SEARCH
# Query file:      /home/bryan/Documentos/GitHub/Project_doctoral/IMPLEMENTACAO/Genomes/M_hyopneumoniae/strains/98/Use/busco_downloads/lineages/mycoplasmatales_odb10/hmms/1064at2085.hmm
# Target file:     /home/bryan/Documentos/GitHub/Project_doctoral/IMPLEMENTACAO/Genomes/M_hyopneumoniae/strains/98/Use/busco_complete/prodigal_output/predicted_genes/predicted.faa
# Option settings: hmmsearch --domtblout /home/bryan/Documentos/GitHub/Project_doctoral/IMPLEMENTACAO/Genomes/M_hyopneumoniae/strains/98/Use/busco_complete/run_mycoplasmatales_odb10/hmmer_output/1064at2085.out --cpu 1 /home/bryan/Documentos/GitHub/Project_doctoral/IMPLEMENTACAO/Genomes/M_hyopneumoniae/strains/98/Use/busco_downloads/lineages/mycoplasmatales_odb10/hmms/1064at2085.hmm /home/bryan/Documentos/GitHub/Project_doctoral/IMPLEMENTACAO/Genomes/M_hyopneumoniae/strains/98/Use/busco_complete/prodigal_output/predicted_genes/predicted.faa 
# Current dir:     /home/bryan/Documentos/GitHub/Project_doctoral/IMPLEMENTACAO/Genomes/M_hyopneumoniae/strains/98/Use
# Date:            Sun Dec  1 19:11:54 2024
# [ok]
