#                                                                                   --- full sequence --- -------------- this domain -------------   hmm coord   ali coord   env coord
# target name               accession   tlen query name           accession   qlen   E-value  score  bias   #  of  c-Evalue  i-Evalue  score  bias  from    to  from    to  from    to  acc description of target
#       ------------------- ---------- ----- -------------------- ---------- ----- --------- ------ ----- --- --- --------- --------- ------ ----- ----- ----- ----- ----- ----- ----- ---- ---------------------
scf00000000:790325-792364|- -            680 1371at2085           -            438   1.1e-84  279.9 108.2   1   5   2.2e-32   1.1e-30  102.0   7.3     1   103    21   133    21   135 0.93 scf00000000_620 # 790325 # 792364 # -1 # ID=1_620;partial=00;start_type=ATG;rbs_motif=None;rbs_spacer=None;gc_cont=0.248
scf00000000:790325-792364|- -            680 1371at2085           -            438   1.1e-84  279.9 108.2   2   5   3.2e-27   1.6e-25   85.0  34.7   102   261   158   335   144   348 0.83 scf00000000_620 # 790325 # 792364 # -1 # ID=1_620;partial=00;start_type=ATG;rbs_motif=None;rbs_spacer=None;gc_cont=0.248
scf00000000:790325-792364|- -            680 1371at2085           -            438   1.1e-84  279.9 108.2   3   5      0.81        40   -2.0   6.9   161   228   339   406   331   407 0.73 scf00000000_620 # 790325 # 792364 # -1 # ID=1_620;partial=00;start_type=ATG;rbs_motif=None;rbs_spacer=None;gc_cont=0.248
scf00000000:790325-792364|- -            680 1371at2085           -            438   1.1e-84  279.9 108.2   4   5   1.6e-08     8e-07   23.3  19.9   269   372   408   552   405   559 0.75 scf00000000_620 # 790325 # 792364 # -1 # ID=1_620;partial=00;start_type=ATG;rbs_motif=None;rbs_spacer=None;gc_cont=0.248
scf00000000:790325-792364|- -            680 1371at2085           -            438   1.1e-84  279.9 108.2   5   5   4.6e-28   2.3e-26   87.8  11.6   349   438   573   663   567   663 0.83 scf00000000_620 # 790325 # 792364 # -1 # ID=1_620;partial=00;start_type=ATG;rbs_motif=None;rbs_spacer=None;gc_cont=0.248
scf00000000:271275-271961|- -            229 1371at2085           -            438   8.2e-12   39.8   9.4   1   2      0.23        11   -0.2   0.1   333   345    38    50    22    53 0.88 scf00000000_218 # 271275 # 271961 # -1 # ID=1_218;partial=00;start_type=ATG;rbs_motif=None;rbs_spacer=None;gc_cont=0.265
scf00000000:271275-271961|- -            229 1371at2085           -            438   8.2e-12   39.8   9.4   2   2   1.7e-13   8.2e-12   39.8   9.4   350   437    99   187    76   188 0.90 scf00000000_218 # 271275 # 271961 # -1 # ID=1_218;partial=00;start_type=ATG;rbs_motif=None;rbs_spacer=None;gc_cont=0.265
scf00000000:501058-501774|- -            239 1371at2085           -            438     4e-10   34.2   2.3   1   2     0.036       1.8    2.4   1.2   333   374    43    90     6    95 0.76 scf00000000_391 # 501058 # 501774 # -1 # ID=1_391;partial=00;start_type=ATG;rbs_motif=AGGA;rbs_spacer=5-10bp;gc_cont=0.265
scf00000000:501058-501774|- -            239 1371at2085           -            438     4e-10   34.2   2.3   2   2   8.2e-12     4e-10   34.2   2.3   374   435   131   194   111   196 0.83 scf00000000_391 # 501058 # 501774 # -1 # ID=1_391;partial=00;start_type=ATG;rbs_motif=AGGA;rbs_spacer=5-10bp;gc_cont=0.265
scf00000000:199314-200843|+ -            510 1371at2085           -            438   4.8e-10   33.9   8.1   1   3   2.7e-08   1.3e-06   22.6   0.7   377   431   151   206   148   213 0.87 scf00000000_159 # 199314 # 200843 # 1 # ID=1_159;partial=00;start_type=TTG;rbs_motif=GGAGG;rbs_spacer=5-10bp;gc_cont=0.322
scf00000000:199314-200843|+ -            510 1371at2085           -            438   4.8e-10   33.9   8.1   2   3      0.44        22   -1.2   1.4   279   313   363   397   356   406 0.60 scf00000000_159 # 199314 # 200843 # 1 # ID=1_159;partial=00;start_type=TTG;rbs_motif=GGAGG;rbs_spacer=5-10bp;gc_cont=0.322
scf00000000:199314-200843|+ -            510 1371at2085           -            438   4.8e-10   33.9   8.1   3   3   1.6e-05   0.00077   13.5   0.0   377   432   409   465   406   470 0.91 scf00000000_159 # 199314 # 200843 # 1 # ID=1_159;partial=00;start_type=TTG;rbs_motif=GGAGG;rbs_spacer=5-10bp;gc_cont=0.322
scf00000000:840350-841027|+ -            226 1371at2085           -            438   1.6e-09   32.2   6.8   1   2      0.23        11   -0.2  19.5   332   406    48   141     2   142 0.61 scf00000000_658 # 840350 # 841027 # 1 # ID=1_658;partial=00;start_type=TTG;rbs_motif=None;rbs_spacer=None;gc_cont=0.274
scf00000000:840350-841027|+ -            226 1371at2085           -            438   1.6e-09   32.2   6.8   2   2   3.3e-11   1.6e-09   32.2   6.8   365   431   129   196   115   203 0.84 scf00000000_658 # 840350 # 841027 # 1 # ID=1_658;partial=00;start_type=TTG;rbs_motif=None;rbs_spacer=None;gc_cont=0.274
scf00000000:476862-477758|- -            299 1371at2085           -            438   3.7e-08   27.7   0.1   1   3       1.6        76   -3.0   0.2   162   212    27    77    13    81 0.66 scf00000000_375 # 476862 # 477758 # -1 # ID=1_375;partial=00;start_type=GTG;rbs_motif=AGGAG;rbs_spacer=5-10bp;gc_cont=0.353
scf00000000:476862-477758|- -            299 1371at2085           -            438   3.7e-08   27.7   0.1   2   3      0.22        11   -0.1   0.2   333   356   101   130    94   156 0.68 scf00000000_375 # 476862 # 477758 # -1 # ID=1_375;partial=00;start_type=GTG;rbs_motif=AGGAG;rbs_spacer=5-10bp;gc_cont=0.353
scf00000000:476862-477758|- -            299 1371at2085           -            438   3.7e-08   27.7   0.1   3   3   7.5e-10   3.7e-08   27.7   0.1   369   435   189   258   138   261 0.83 scf00000000_375 # 476862 # 477758 # -1 # ID=1_375;partial=00;start_type=GTG;rbs_motif=AGGAG;rbs_spacer=5-10bp;gc_cont=0.353
scf00000000:375488-376258|+ -            257 1371at2085           -            438   4.3e-08   27.5   0.9   1   2   8.8e-10   4.3e-08   27.5   0.9   370   435   145   213   130   216 0.83 scf00000000_303 # 375488 # 376258 # 1 # ID=1_303;partial=00;start_type=ATG;rbs_motif=None;rbs_spacer=None;gc_cont=0.265
scf00000000:375488-376258|+ -            257 1371at2085           -            438   4.3e-08   27.5   0.9   2   2     0.038       1.9    2.3   1.2   234   273   207   246   205   250 0.87 scf00000000_303 # 375488 # 376258 # 1 # ID=1_303;partial=00;start_type=ATG;rbs_motif=None;rbs_spacer=None;gc_cont=0.265
scf00000000:565306-566844|+ -            513 1371at2085           -            438   8.5e-08   26.6  22.8   1   4      0.12       5.9    0.7   0.1   333   344    43    54     3    56 0.85 scf00000000_436 # 565306 # 566844 # 1 # ID=1_436;partial=00;start_type=TTG;rbs_motif=AGGA;rbs_spacer=5-10bp;gc_cont=0.320
scf00000000:565306-566844|+ -            513 1371at2085           -            438   8.5e-08   26.6  22.8   2   4   1.7e-07   8.4e-06   20.0   0.5   378   436   144   204   136   206 0.90 scf00000000_436 # 565306 # 566844 # 1 # ID=1_436;partial=00;start_type=TTG;rbs_motif=AGGA;rbs_spacer=5-10bp;gc_cont=0.320
scf00000000:565306-566844|+ -            513 1371at2085           -            438   8.5e-08   26.6  22.8   3   4      0.13       6.6    0.5   5.7   274   324   356   406   324   407 0.82 scf00000000_436 # 565306 # 566844 # 1 # ID=1_436;partial=00;start_type=TTG;rbs_motif=AGGA;rbs_spacer=5-10bp;gc_cont=0.320
scf00000000:565306-566844|+ -            513 1371at2085           -            438   8.5e-08   26.6  22.8   4   4   7.2e-05    0.0035   11.3  10.3   338   431   372   465   359   471 0.74 scf00000000_436 # 565306 # 566844 # 1 # ID=1_436;partial=00;start_type=TTG;rbs_motif=AGGA;rbs_spacer=5-10bp;gc_cont=0.320
scf00000000:237934-238752|+ -            273 1371at2085           -            438   2.7e-07   24.9   5.2   1   2     0.057       2.8    1.8   1.7   318   354    27    68     1    93 0.55 scf00000000_190 # 237934 # 238752 # 1 # ID=1_190;partial=00;start_type=ATG;rbs_motif=GGA/GAG/AGG;rbs_spacer=5-10bp;gc_cont=0.308
scf00000000:237934-238752|+ -            273 1371at2085           -            438   2.7e-07   24.9   5.2   2   2   1.4e-08   7.1e-07   23.5   0.1   367   436   126   198   107   199 0.86 scf00000000_190 # 237934 # 238752 # 1 # ID=1_190;partial=00;start_type=ATG;rbs_motif=GGA/GAG/AGG;rbs_spacer=5-10bp;gc_cont=0.308
scf00000000:606828-608162|- -            445 1371at2085           -            438   8.6e-07   23.2   7.4   1   3    0.0071      0.35    4.7   0.0   333   358    47    78    44    91 0.84 scf00000000_466 # 606828 # 608162 # -1 # ID=1_466;partial=00;start_type=ATG;rbs_motif=GGA/GAG/AGG;rbs_spacer=11-12bp;gc_cont=0.300
scf00000000:606828-608162|- -            445 1371at2085           -            438   8.6e-07   23.2   7.4   2   3       3.8   1.9e+02   -4.2   1.6   152   182   127   158   122   168 0.59 scf00000000_466 # 606828 # 608162 # -1 # ID=1_466;partial=00;start_type=ATG;rbs_motif=GGA/GAG/AGG;rbs_spacer=11-12bp;gc_cont=0.300
scf00000000:606828-608162|- -            445 1371at2085           -            438   8.6e-07   23.2   7.4   3   3   4.1e-08     2e-06   22.0   0.2   376   436   229   292   201   293 0.82 scf00000000_466 # 606828 # 608162 # -1 # ID=1_466;partial=00;start_type=ATG;rbs_motif=GGA/GAG/AGG;rbs_spacer=11-12bp;gc_cont=0.300
scf00000000:837821-839419|+ -            533 1371at2085           -            438     1e-06   23.0   2.4   1   2       0.3        15   -0.6  39.6   102   316    13   240     3   242 0.65 scf00000000_656 # 837821 # 839419 # 1 # ID=1_656;partial=00;start_type=ATG;rbs_motif=AGGAGG;rbs_spacer=5-10bp;gc_cont=0.259
scf00000000:837821-839419|+ -            533 1371at2085           -            438     1e-06   23.0   2.4   2   2   2.1e-08     1e-06   23.0   2.4   375   435   451   511   419   513 0.84 scf00000000_656 # 837821 # 839419 # 1 # ID=1_656;partial=00;start_type=ATG;rbs_motif=AGGAGG;rbs_spacer=5-10bp;gc_cont=0.259
scf00000000:719304-720923|+ -            540 1371at2085           -            438   9.5e-06   19.8   4.7   1   1   1.9e-07   9.5e-06   19.8   4.7   367   434   455   522   445   525 0.81 scf00000000_551 # 719304 # 720923 # 1 # ID=1_551;partial=00;start_type=ATG;rbs_motif=None;rbs_spacer=None;gc_cont=0.226
scf00000000:710990-712600|+ -            537 1371at2085           -            438   1.1e-05   19.6   0.4   1   2       4.1     2e+02   -4.4  59.5    97   314    20   247     5   266 0.68 scf00000000_546 # 710990 # 712600 # 1 # ID=1_546;partial=00;start_type=ATG;rbs_motif=AGGA;rbs_spacer=5-10bp;gc_cont=0.233
scf00000000:710990-712600|+ -            537 1371at2085           -            438   1.1e-05   19.6   0.4   2   2   2.2e-07   1.1e-05   19.6   0.4   375   434   461   521   453   524 0.88 scf00000000_546 # 710990 # 712600 # 1 # ID=1_546;partial=00;start_type=ATG;rbs_motif=AGGA;rbs_spacer=5-10bp;gc_cont=0.233
scf00000000:712611-714224|+ -            538 1371at2085           -            438   7.5e-05   16.8   9.0   1   3   0.00056     0.028    8.4  40.5    99   266    11   191     8   204 0.66 scf00000000_547 # 712611 # 714224 # 1 # ID=1_547;partial=00;start_type=ATG;rbs_motif=AGGAGG;rbs_spacer=5-10bp;gc_cont=0.239
scf00000000:712611-714224|+ -            538 1371at2085           -            438   7.5e-05   16.8   9.0   2   3     0.029       1.4    2.7  33.3   171   374   208   422   192   433 0.83 scf00000000_547 # 712611 # 714224 # 1 # ID=1_547;partial=00;start_type=ATG;rbs_motif=AGGAGG;rbs_spacer=5-10bp;gc_cont=0.239
scf00000000:712611-714224|+ -            538 1371at2085           -            438   7.5e-05   16.8   9.0   3   3   1.5e-06   7.5e-05   16.8   9.0   371   435   457   520   436   523 0.75 scf00000000_547 # 712611 # 714224 # 1 # ID=1_547;partial=00;start_type=ATG;rbs_motif=AGGAGG;rbs_spacer=5-10bp;gc_cont=0.239
#
# Program:         hmmsearch
# Version:         3.4 (Aug 2023)
# Pipeline mode:   SEARCH
# Query file:      /home/bryan/Documentos/GitHub/Project_doctoral/IMPLEMENTACAO/Genomes/M_hyopneumoniae/strains/98/Use/busco_downloads/lineages/mycoplasmatales_odb10/hmms/1371at2085.hmm
# Target file:     /home/bryan/Documentos/GitHub/Project_doctoral/IMPLEMENTACAO/Genomes/M_hyopneumoniae/strains/98/Use/busco_complete/prodigal_output/predicted_genes/predicted.faa
# Option settings: hmmsearch --domtblout /home/bryan/Documentos/GitHub/Project_doctoral/IMPLEMENTACAO/Genomes/M_hyopneumoniae/strains/98/Use/busco_complete/run_mycoplasmatales_odb10/hmmer_output/1371at2085.out --cpu 1 /home/bryan/Documentos/GitHub/Project_doctoral/IMPLEMENTACAO/Genomes/M_hyopneumoniae/strains/98/Use/busco_downloads/lineages/mycoplasmatales_odb10/hmms/1371at2085.hmm /home/bryan/Documentos/GitHub/Project_doctoral/IMPLEMENTACAO/Genomes/M_hyopneumoniae/strains/98/Use/busco_complete/prodigal_output/predicted_genes/predicted.faa 
# Current dir:     /home/bryan/Documentos/GitHub/Project_doctoral/IMPLEMENTACAO/Genomes/M_hyopneumoniae/strains/98/Use
# Date:            Sun Dec  1 19:11:55 2024
# [ok]
