#                                                                                   --- full sequence --- -------------- this domain -------------   hmm coord   ali coord   env coord
# target name               accession   tlen query name           accession   qlen   E-value  score  bias   #  of  c-Evalue  i-Evalue  score  bias  from    to  from    to  from    to  acc description of target
#       ------------------- ---------- ----- -------------------- ---------- ----- --------- ------ ----- --- --- --------- --------- ------ ----- ----- ----- ----- ----- ----- ----- ---- ---------------------
scf00000000:280016-281119|- -            368 1683at2085           -            284  8.9e-104  342.1  14.5   1   3   2.3e-71   2.6e-69  229.0   2.1     1   162     1   168     1   175 0.94 scf00000000_226 # 280016 # 281119 # -1 # ID=1_226;partial=00;start_type=ATG;rbs_motif=None;rbs_spacer=None;gc_cont=0.301
scf00000000:280016-281119|- -            368 1683at2085           -            284  8.9e-104  342.1  14.5   2   3     8e-08   9.2e-06   20.5   0.2   155   187   182   214   167   222 0.82 scf00000000_226 # 280016 # 281119 # -1 # ID=1_226;partial=00;start_type=ATG;rbs_motif=None;rbs_spacer=None;gc_cont=0.301
scf00000000:280016-281119|- -            368 1683at2085           -            284  8.9e-104  342.1  14.5   3   3   7.4e-32   8.5e-30   99.4   1.5   185   284   238   365   222   365 0.75 scf00000000_226 # 280016 # 281119 # -1 # ID=1_226;partial=00;start_type=ATG;rbs_motif=None;rbs_spacer=None;gc_cont=0.301
scf00000000:27503-28762|+   -            420 1683at2085           -            284   1.4e-16   56.0   5.1   1   1   2.1e-17   2.4e-15   51.9   4.3     4   132   158   273   155   322 0.83 scf00000000_20 # 27503 # 28762 # 1 # ID=1_20;partial=00;start_type=ATG;rbs_motif=AGGA;rbs_spacer=5-10bp;gc_cont=0.309
scf00000000:64927-66228|+   -            434 1683at2085           -            284   3.9e-07   25.0   2.9   1   3     2e-05    0.0023   12.6   0.1     2    25     2    25     1    32 0.84 scf00000000_52 # 64927 # 66228 # 1 # ID=1_52;partial=00;start_type=ATG;rbs_motif=3Base/5BMM;rbs_spacer=13-15bp;gc_cont=0.293
scf00000000:64927-66228|+   -            434 1683at2085           -            284   3.9e-07   25.0   2.9   2   3   0.00037     0.043    8.5   0.0     3    23   171   191   169   253 0.80 scf00000000_52 # 64927 # 66228 # 1 # ID=1_52;partial=00;start_type=ATG;rbs_motif=3Base/5BMM;rbs_spacer=13-15bp;gc_cont=0.293
scf00000000:64927-66228|+   -            434 1683at2085           -            284   3.9e-07   25.0   2.9   3   3     0.041       4.7    1.8   0.1    27    80   273   329   269   358 0.70 scf00000000_52 # 64927 # 66228 # 1 # ID=1_52;partial=00;start_type=ATG;rbs_motif=3Base/5BMM;rbs_spacer=13-15bp;gc_cont=0.293
scf00000000:164968-166296|- -            443 1683at2085           -            284   3.1e-06   22.1   2.3   1   1   1.3e-06   0.00015   16.6   2.3     3   105   217   309   215   385 0.82 scf00000000_138 # 164968 # 166296 # -1 # ID=1_138;partial=00;start_type=TTG;rbs_motif=AGGAG;rbs_spacer=5-10bp;gc_cont=0.316
scf00000000:788217-789098|- -            294 1683at2085           -            284   1.5e-05   19.8   0.1   1   1     3e-07   3.4e-05   18.6   0.1     5    26     9    30     6    54 0.85 scf00000000_616 # 788217 # 789098 # -1 # ID=1_616;partial=00;start_type=ATG;rbs_motif=None;rbs_spacer=None;gc_cont=0.291
scf00000000:84799-85590|+   -            264 1683at2085           -            284     6e-05   17.8   0.1   1   4      0.17        20   -0.3   0.8    81   149    31   102     8   107 0.58 scf00000000_68 # 84799 # 85590 # 1 # ID=1_68;partial=00;start_type=ATG;rbs_motif=GGA/GAG/AGG;rbs_spacer=3-4bp;gc_cont=0.268
scf00000000:84799-85590|+   -            264 1683at2085           -            284     6e-05   17.8   0.1   2   4   5.2e-07     6e-05   17.8   0.1     2    27   110   135   109   152 0.87 scf00000000_68 # 84799 # 85590 # 1 # ID=1_68;partial=00;start_type=ATG;rbs_motif=GGA/GAG/AGG;rbs_spacer=3-4bp;gc_cont=0.268
scf00000000:84799-85590|+   -            264 1683at2085           -            284     6e-05   17.8   0.1   3   4         1   1.1e+02   -2.8   0.0    56    72   148   164   139   170 0.80 scf00000000_68 # 84799 # 85590 # 1 # ID=1_68;partial=00;start_type=ATG;rbs_motif=GGA/GAG/AGG;rbs_spacer=3-4bp;gc_cont=0.268
scf00000000:84799-85590|+   -            264 1683at2085           -            284     6e-05   17.8   0.1   4   4      0.48        55   -1.7   0.1    16    56   191   233   173   243 0.50 scf00000000_68 # 84799 # 85590 # 1 # ID=1_68;partial=00;start_type=ATG;rbs_motif=GGA/GAG/AGG;rbs_spacer=3-4bp;gc_cont=0.268
#
# Program:         hmmsearch
# Version:         3.4 (Aug 2023)
# Pipeline mode:   SEARCH
# Query file:      /home/bryan/Documentos/GitHub/Project_doctoral/IMPLEMENTACAO/Genomes/M_hyopneumoniae/strains/98/Use/busco_downloads/lineages/mycoplasmatales_odb10/hmms/1683at2085.hmm
# Target file:     /home/bryan/Documentos/GitHub/Project_doctoral/IMPLEMENTACAO/Genomes/M_hyopneumoniae/strains/98/Use/busco_complete/prodigal_output/predicted_genes/predicted.faa
# Option settings: hmmsearch --domtblout /home/bryan/Documentos/GitHub/Project_doctoral/IMPLEMENTACAO/Genomes/M_hyopneumoniae/strains/98/Use/busco_complete/run_mycoplasmatales_odb10/hmmer_output/1683at2085.out --cpu 1 /home/bryan/Documentos/GitHub/Project_doctoral/IMPLEMENTACAO/Genomes/M_hyopneumoniae/strains/98/Use/busco_downloads/lineages/mycoplasmatales_odb10/hmms/1683at2085.hmm /home/bryan/Documentos/GitHub/Project_doctoral/IMPLEMENTACAO/Genomes/M_hyopneumoniae/strains/98/Use/busco_complete/prodigal_output/predicted_genes/predicted.faa 
# Current dir:     /home/bryan/Documentos/GitHub/Project_doctoral/IMPLEMENTACAO/Genomes/M_hyopneumoniae/strains/98/Use
# Date:            Sun Dec  1 19:11:56 2024
# [ok]
