#                                                                                   --- full sequence --- -------------- this domain -------------   hmm coord   ali coord   env coord
# target name               accession   tlen query name           accession   qlen   E-value  score  bias   #  of  c-Evalue  i-Evalue  score  bias  from    to  from    to  from    to  acc description of target
#       ------------------- ---------- ----- -------------------- ---------- ----- --------- ------ ----- --- --- --------- --------- ------ ----- ----- ----- ----- ----- ----- ----- ---- ---------------------
scf00000000:646400-649345|- -            982 543at2085            -            552  1.3e-180  596.8  40.1   1   3   1.4e-21   4.8e-19   63.5   2.4     1    73     3    85     3   146 0.84 scf00000000_501 # 646400 # 649345 # -1 # ID=1_501;partial=00;start_type=ATG;rbs_motif=None;rbs_spacer=None;gc_cont=0.289
scf00000000:646400-649345|- -            982 543at2085            -            552  1.3e-180  596.8  40.1   2   3   8.8e-69     3e-66  219.3   1.9    86   255   237   404   161   418 0.85 scf00000000_501 # 646400 # 649345 # -1 # ID=1_501;partial=00;start_type=ATG;rbs_motif=None;rbs_spacer=None;gc_cont=0.289
scf00000000:646400-649345|- -            982 543at2085            -            552  1.3e-180  596.8  40.1   3   3  2.1e-100   7.3e-98  323.7  20.6   227   542   437   822   430   834 0.82 scf00000000_501 # 646400 # 649345 # -1 # ID=1_501;partial=00;start_type=ATG;rbs_motif=None;rbs_spacer=None;gc_cont=0.289
scf00000000:593855-598261|- -           1469 543at2085            -            552   3.6e-17   57.3  24.2   1   6      0.31   1.1e+02   -3.6   0.8   457   536   545   625   541   632 0.68 scf00000000_456 # 593855 # 598261 # -1 # ID=1_456;partial=00;start_type=ATG;rbs_motif=AGGAG;rbs_spacer=5-10bp;gc_cont=0.301
scf00000000:593855-598261|- -           1469 543at2085            -            552   3.6e-17   57.3  24.2   2   6   9.1e-11   3.1e-08   27.8   0.0   106   169   852   914   836   918 0.91 scf00000000_456 # 593855 # 598261 # -1 # ID=1_456;partial=00;start_type=ATG;rbs_motif=AGGAG;rbs_spacer=5-10bp;gc_cont=0.301
scf00000000:593855-598261|- -           1469 543at2085            -            552   3.6e-17   57.3  24.2   3   6     9e-05     0.031    8.0   0.0   172   216   958  1002   953  1021 0.89 scf00000000_456 # 593855 # 598261 # -1 # ID=1_456;partial=00;start_type=ATG;rbs_motif=AGGAG;rbs_spacer=5-10bp;gc_cont=0.301
scf00000000:593855-598261|- -           1469 543at2085            -            552   3.6e-17   57.3  24.2   4   6    0.0028      0.96    3.1   0.0   233   267  1050  1084  1045  1137 0.60 scf00000000_456 # 593855 # 598261 # -1 # ID=1_456;partial=00;start_type=ATG;rbs_motif=AGGAG;rbs_spacer=5-10bp;gc_cont=0.301
scf00000000:593855-598261|- -           1469 543at2085            -            552   3.6e-17   57.3  24.2   5   6   3.7e-09   1.3e-06   22.5   6.4   308   468  1167  1317  1157  1347 0.60 scf00000000_456 # 593855 # 598261 # -1 # ID=1_456;partial=00;start_type=ATG;rbs_motif=AGGAG;rbs_spacer=5-10bp;gc_cont=0.301
scf00000000:593855-598261|- -           1469 543at2085            -            552   3.6e-17   57.3  24.2   6   6    0.0059         2    2.0   0.1   478   545  1385  1460  1365  1466 0.78 scf00000000_456 # 593855 # 598261 # -1 # ID=1_456;partial=00;start_type=ATG;rbs_motif=AGGAG;rbs_spacer=5-10bp;gc_cont=0.301
#
# Program:         hmmsearch
# Version:         3.4 (Aug 2023)
# Pipeline mode:   SEARCH
# Query file:      /home/bryan/Documentos/GitHub/Project_doctoral/IMPLEMENTACAO/Genomes/M_hyopneumoniae/strains/98/Use/busco_downloads/lineages/mycoplasmatales_odb10/hmms/543at2085.hmm
# Target file:     /home/bryan/Documentos/GitHub/Project_doctoral/IMPLEMENTACAO/Genomes/M_hyopneumoniae/strains/98/Use/busco_complete/prodigal_output/predicted_genes/predicted.faa
# Option settings: hmmsearch --domtblout /home/bryan/Documentos/GitHub/Project_doctoral/IMPLEMENTACAO/Genomes/M_hyopneumoniae/strains/98/Use/busco_complete/run_mycoplasmatales_odb10/hmmer_output/543at2085.out --cpu 1 /home/bryan/Documentos/GitHub/Project_doctoral/IMPLEMENTACAO/Genomes/M_hyopneumoniae/strains/98/Use/busco_downloads/lineages/mycoplasmatales_odb10/hmms/543at2085.hmm /home/bryan/Documentos/GitHub/Project_doctoral/IMPLEMENTACAO/Genomes/M_hyopneumoniae/strains/98/Use/busco_complete/prodigal_output/predicted_genes/predicted.faa 
# Current dir:     /home/bryan/Documentos/GitHub/Project_doctoral/IMPLEMENTACAO/Genomes/M_hyopneumoniae/strains/98/Use
# Date:            Sun Dec  1 19:12:02 2024
# [ok]
