#                                                                                 --- full sequence --- -------------- this domain -------------   hmm coord   ali coord   env coord
# target name             accession   tlen query name           accession   qlen   E-value  score  bias   #  of  c-Evalue  i-Evalue  score  bias  from    to  from    to  from    to  acc description of target
#     ------------------- ---------- ----- -------------------- ---------- ----- --------- ------ ----- --- --- --------- --------- ------ ----- ----- ----- ----- ----- ----- ----- ---- ---------------------
seq00000004:35889-37223|- -            445 1064at2085           -            350  6.5e-149  491.0  19.2   1   2   1.1e-56     2e-55  183.5   0.4     1   127    10   136    10   144 0.91 seq00000004_26 # 35889 # 37223 # -1 # ID=7_26;partial=00;start_type=ATG;rbs_motif=GGA/GAG/AGG;rbs_spacer=11-12bp;gc_cont=0.306
seq00000004:35889-37223|- -            445 1064at2085           -            350  6.5e-149  491.0  19.2   2   2   4.1e-95   7.8e-94  309.9  13.4   101   349   148   441   141   442 0.82 seq00000004_26 # 35889 # 37223 # -1 # ID=7_26;partial=00;start_type=ATG;rbs_motif=GGA/GAG/AGG;rbs_spacer=11-12bp;gc_cont=0.306
seq00000001:58592-60769|+ -            726 1064at2085           -            350   5.6e-79  261.0   7.8   1   3   1.6e-35   3.1e-34  113.8   0.2     2   123    39   161    38   225 0.76 seq00000001_49 # 58592 # 60769 # 1 # ID=4_49;partial=00;start_type=ATG;rbs_motif=GGA/GAG/AGG;rbs_spacer=5-10bp;gc_cont=0.305
seq00000001:58592-60769|+ -            726 1064at2085           -            350   5.6e-79  261.0   7.8   2   3         5        95   -2.9   0.1    96   131   266   285   257   325 0.58 seq00000001_49 # 58592 # 60769 # 1 # ID=4_49;partial=00;start_type=ATG;rbs_motif=GGA/GAG/AGG;rbs_spacer=5-10bp;gc_cont=0.305
seq00000001:58592-60769|+ -            726 1064at2085           -            350   5.6e-79  261.0   7.8   3   3   3.5e-49   6.6e-48  158.8   2.5   104   289   435   621   420   635 0.85 seq00000001_49 # 58592 # 60769 # 1 # ID=4_49;partial=00;start_type=ATG;rbs_motif=GGA/GAG/AGG;rbs_spacer=5-10bp;gc_cont=0.305
seq00000066:88764-90293|+ -            510 1064at2085           -            350   7.7e-50  165.2  10.4   1   4     2e-15   3.7e-14   47.8   0.2     2    99    11   116    10   121 0.89 seq00000066_69 # 88764 # 90293 # 1 # ID=64_69;partial=00;start_type=TTG;rbs_motif=GGAGG;rbs_spacer=5-10bp;gc_cont=0.322
seq00000066:88764-90293|+ -            510 1064at2085           -            350   7.7e-50  165.2  10.4   2   4   2.7e-15   5.2e-14   47.3   0.4   153   256   127   229   116   251 0.92 seq00000066_69 # 88764 # 90293 # 1 # ID=64_69;partial=00;start_type=TTG;rbs_motif=GGAGG;rbs_spacer=5-10bp;gc_cont=0.322
seq00000066:88764-90293|+ -            510 1064at2085           -            350   7.7e-50  165.2  10.4   3   4   0.00051    0.0097   10.3   0.0    16    67   280   331   273   343 0.90 seq00000066_69 # 88764 # 90293 # 1 # ID=64_69;partial=00;start_type=TTG;rbs_motif=GGAGG;rbs_spacer=5-10bp;gc_cont=0.322
seq00000066:88764-90293|+ -            510 1064at2085           -            350   7.7e-50  165.2  10.4   4   4     2e-20   3.7e-19   64.3   0.2   150   259   381   490   374   502 0.90 seq00000066_69 # 88764 # 90293 # 1 # ID=64_69;partial=00;start_type=TTG;rbs_motif=GGAGG;rbs_spacer=5-10bp;gc_cont=0.322
seq00000003:56018-57556|+ -            513 1064at2085           -            350   2.1e-49  163.7  17.7   1   4   1.1e-12   2.1e-11   38.8   0.1     1    97     6   107     6   117 0.85 seq00000003_37 # 56018 # 57556 # 1 # ID=6_37;partial=00;start_type=TTG;rbs_motif=AGGA;rbs_spacer=5-10bp;gc_cont=0.318
seq00000003:56018-57556|+ -            513 1064at2085           -            350   2.1e-49  163.7  17.7   2   4     2e-20   3.7e-19   64.2   0.7   150   272   116   237   109   246 0.92 seq00000003_37 # 56018 # 57556 # 1 # ID=6_37;partial=00;start_type=TTG;rbs_motif=AGGA;rbs_spacer=5-10bp;gc_cont=0.318
seq00000003:56018-57556|+ -            513 1064at2085           -            350   2.1e-49  163.7  17.7   3   4   5.7e-08   1.1e-06   23.2   0.2    12    73   278   341   264   369 0.81 seq00000003_37 # 56018 # 57556 # 1 # ID=6_37;partial=00;start_type=TTG;rbs_motif=AGGA;rbs_spacer=5-10bp;gc_cont=0.318
seq00000003:56018-57556|+ -            513 1064at2085           -            350   2.1e-49  163.7  17.7   4   4   2.4e-15   4.6e-14   47.5   1.7   159   262   391   495   376   502 0.86 seq00000003_37 # 56018 # 57556 # 1 # ID=6_37;partial=00;start_type=TTG;rbs_motif=AGGA;rbs_spacer=5-10bp;gc_cont=0.318
seq00000016:6366-7526|+   -            387 1064at2085           -            350   2.6e-48  160.1  13.9   1   1   2.8e-49   5.3e-48  159.1  13.9     2   303     8   319     7   362 0.78 seq00000016_7 # 6366 # 7526 # 1 # ID=19_7;partial=00;start_type=ATG;rbs_motif=3Base/5BMM;rbs_spacer=13-15bp;gc_cont=0.258
seq00000011:8091-8987|-   -            299 1064at2085           -            350   1.9e-35  117.9   4.1   1   2   9.3e-21   1.8e-19   65.3   1.0     1   107    60   176    60   194 0.79 seq00000011_5 # 8091 # 8987 # -1 # ID=14_5;partial=00;start_type=GTG;rbs_motif=AGGAG;rbs_spacer=5-10bp;gc_cont=0.357
seq00000011:8091-8987|-   -            299 1064at2085           -            350   1.9e-35  117.9   4.1   2   2   2.1e-17     4e-16   54.3   0.1   160   258   180   277   177   284 0.89 seq00000011_5 # 8091 # 8987 # -1 # ID=14_5;partial=00;start_type=GTG;rbs_motif=AGGAG;rbs_spacer=5-10bp;gc_cont=0.357
seq00000066:63458-64789|+ -            444 1064at2085           -            350   3.4e-35  117.0   3.1   1   2   1.4e-10   2.6e-09   31.9   0.2     3   104    45   161    43   199 0.74 seq00000066_55 # 63458 # 64789 # 1 # ID=64_55;partial=00;start_type=ATG;rbs_motif=GGAG/GAGG;rbs_spacer=5-10bp;gc_cont=0.291
seq00000066:63458-64789|+ -            444 1064at2085           -            350   3.4e-35  117.0   3.1   2   2   6.1e-27   1.2e-25   85.7   0.2   140   267   242   369   200   375 0.86 seq00000066_55 # 63458 # 64789 # 1 # ID=64_55;partial=00;start_type=ATG;rbs_motif=GGAG/GAGG;rbs_spacer=5-10bp;gc_cont=0.291
seq00000010:21472-22290|+ -            273 1064at2085           -            350   9.9e-34  112.2   7.7   1   2   1.1e-14   2.1e-13   45.4   1.9     2   104     2   110     1   117 0.83 seq00000010_19 # 21472 # 22290 # 1 # ID=13_19;partial=00;start_type=ATG;rbs_motif=GGA/GAG/AGG;rbs_spacer=5-10bp;gc_cont=0.306
seq00000010:21472-22290|+ -            273 1064at2085           -            350   9.9e-34  112.2   7.7   2   2   1.5e-22   2.9e-21   71.2   0.8   153   271   112   229   106   245 0.94 seq00000010_19 # 21472 # 22290 # 1 # ID=13_19;partial=00;start_type=ATG;rbs_motif=GGA/GAG/AGG;rbs_spacer=5-10bp;gc_cont=0.306
seq00000009:856-2808|-    -            651 1064at2085           -            350     6e-33  109.6  11.1   1   2   1.2e-18   2.4e-17   58.3   4.5     1    95     1    93     1    99 0.94 seq00000009_3 # 856 # 2808 # -1 # ID=12_3;partial=00;start_type=ATG;rbs_motif=GGA/GAG/AGG;rbs_spacer=5-10bp;gc_cont=0.243
seq00000009:856-2808|-    -            651 1064at2085           -            350     6e-33  109.6  11.1   2   2   1.7e-17   3.3e-16   54.6   0.6   146   259    99   207    94   246 0.84 seq00000009_3 # 856 # 2808 # -1 # ID=12_3;partial=00;start_type=ATG;rbs_motif=GGA/GAG/AGG;rbs_spacer=5-10bp;gc_cont=0.243
seq00000010:22263-23165|+ -            301 1064at2085           -            350     3e-32  107.3   2.4   1   2   1.6e-11   3.1e-10   34.9   2.1     2   106     3   132     2   138 0.65 seq00000010_20 # 22263 # 23165 # 1 # ID=13_20;partial=00;start_type=ATG;rbs_motif=GGA/GAG/AGG;rbs_spacer=5-10bp;gc_cont=0.306
seq00000010:22263-23165|+ -            301 1064at2085           -            350     3e-32  107.3   2.4   2   2   1.1e-21   2.1e-20   68.4   0.0   152   282   131   261   125   294 0.86 seq00000010_20 # 22263 # 23165 # 1 # ID=13_20;partial=00;start_type=ATG;rbs_motif=GGA/GAG/AGG;rbs_spacer=5-10bp;gc_cont=0.306
seq00000003:36754-39078|- -            775 1064at2085           -            350     9e-31  102.5   8.7   1   3   2.4e-09   4.6e-08   27.8   2.1     8   101    15   113     5   156 0.79 seq00000003_23 # 36754 # 39078 # -1 # ID=6_23;partial=00;start_type=ATG;rbs_motif=AGxAG;rbs_spacer=5-10bp;gc_cont=0.275
seq00000003:36754-39078|- -            775 1064at2085           -            350     9e-31  102.5   8.7   2   3         2        39   -1.6   1.9    70   152   312   395   301   425 0.56 seq00000003_23 # 36754 # 39078 # -1 # ID=6_23;partial=00;start_type=ATG;rbs_motif=AGxAG;rbs_spacer=5-10bp;gc_cont=0.275
seq00000003:36754-39078|- -            775 1064at2085           -            350     9e-31  102.5   8.7   3   3   1.8e-27   3.5e-26   87.4   0.6   145   271   582   709   523   720 0.79 seq00000003_23 # 36754 # 39078 # -1 # ID=6_23;partial=00;start_type=ATG;rbs_motif=AGxAG;rbs_spacer=5-10bp;gc_cont=0.275
seq00000009:19839-21803|+ -            655 1064at2085           -            350   2.8e-30  100.8   9.4   1   2   7.4e-19   1.4e-17   59.1   4.8     1   122     1   120     1   126 0.86 seq00000009_13 # 19839 # 21803 # 1 # ID=12_13;partial=00;start_type=ATG;rbs_motif=GGA/GAG/AGG;rbs_spacer=5-10bp;gc_cont=0.250
seq00000009:19839-21803|+ -            655 1064at2085           -            350   2.8e-30  100.8   9.4   2   2   1.2e-14   2.3e-13   45.2   0.4   172   267   122   215   113   250 0.87 seq00000009_13 # 19839 # 21803 # 1 # ID=12_13;partial=00;start_type=ATG;rbs_motif=GGA/GAG/AGG;rbs_spacer=5-10bp;gc_cont=0.250
seq00000001:17326-19713|- -            796 1064at2085           -            350   3.3e-30  100.6  15.0   1   3   8.2e-19   1.6e-17   58.9   2.9     1   115     1   112     1   125 0.82 seq00000001_21 # 17326 # 19713 # -1 # ID=4_21;partial=00;start_type=ATG;rbs_motif=None;rbs_spacer=None;gc_cont=0.250
seq00000001:17326-19713|- -            796 1064at2085           -            350   3.3e-30  100.6  15.0   2   3   1.3e-16   2.5e-15   51.7   1.1   159   266   107   213   104   219 0.87 seq00000001_21 # 17326 # 19713 # -1 # ID=4_21;partial=00;start_type=ATG;rbs_motif=None;rbs_spacer=None;gc_cont=0.250
seq00000001:17326-19713|- -            796 1064at2085           -            350   3.3e-30  100.6  15.0   3   3       5.3     1e+02   -2.9   0.3    54    92   458   495   452   562 0.44 seq00000001_21 # 17326 # 19713 # -1 # ID=4_21;partial=00;start_type=ATG;rbs_motif=None;rbs_spacer=None;gc_cont=0.250
scf00000000:357-2684|-    -            776 1064at2085           -            350   1.2e-29   98.7   9.9   1   2   2.8e-19   5.3e-18   60.5   5.8     2   127     2   127     1   128 0.83 scf00000000_2 # 357 # 2684 # -1 # ID=1_2;partial=00;start_type=ATG;rbs_motif=None;rbs_spacer=None;gc_cont=0.263
scf00000000:357-2684|-    -            776 1064at2085           -            350   1.2e-29   98.7   9.9   2   2     7e-14   1.3e-12   42.7   0.8   165   263   113   212    97   236 0.83 scf00000000_2 # 357 # 2684 # -1 # ID=1_2;partial=00;start_type=ATG;rbs_motif=None;rbs_spacer=None;gc_cont=0.263
seq00000003:39078-40130|- -            351 1064at2085           -            350   1.1e-28   95.6   0.7   1   2   8.5e-08   1.6e-06   22.7   0.2    11    72    26    88     9    94 0.78 seq00000003_24 # 39078 # 40130 # -1 # ID=6_24;partial=00;start_type=ATG;rbs_motif=GGxGG;rbs_spacer=5-10bp;gc_cont=0.329
seq00000003:39078-40130|- -            351 1064at2085           -            350   1.1e-28   95.6   0.7   2   2   1.3e-22   2.5e-21   71.4   0.0   153   271   133   254   121   263 0.89 seq00000003_24 # 39078 # 40130 # -1 # ID=6_24;partial=00;start_type=ATG;rbs_motif=GGxGG;rbs_spacer=5-10bp;gc_cont=0.329
seq00000009:2899-5217|-   -            773 1064at2085           -            350     1e-27   92.4  14.2   1   3   3.4e-17   6.5e-16   53.6   3.4     1    96     1    94     1   106 0.92 seq00000009_4 # 2899 # 5217 # -1 # ID=12_4;partial=00;start_type=ATG;rbs_motif=None;rbs_spacer=None;gc_cont=0.261
seq00000009:2899-5217|-   -            773 1064at2085           -            350     1e-27   92.4  14.2   2   3   7.6e-15   1.4e-13   45.9   1.2   151   267   100   215    93   238 0.85 seq00000009_4 # 2899 # 5217 # -1 # ID=12_4;partial=00;start_type=ATG;rbs_motif=None;rbs_spacer=None;gc_cont=0.261
seq00000009:2899-5217|-   -            773 1064at2085           -            350     1e-27   92.4  14.2   3   3       5.8   1.1e+02   -3.1   0.1    32    94   547   606   528   612 0.68 seq00000009_4 # 2899 # 5217 # -1 # ID=12_4;partial=00;start_type=ATG;rbs_motif=None;rbs_spacer=None;gc_cont=0.261
seq00000066:56686-58302|- -            539 1064at2085           -            350   1.3e-27   92.1   4.6   1   5   2.7e-13   5.1e-12   40.8   0.8     1    64     1    64     1   104 0.82 seq00000066_50 # 56686 # 58302 # -1 # ID=64_50;partial=00;start_type=ATG;rbs_motif=AGGA;rbs_spacer=5-10bp;gc_cont=0.330
seq00000066:56686-58302|- -            539 1064at2085           -            350   1.3e-27   92.1   4.6   2   5       1.7        32   -1.3   0.0   248   273    83   109    62   116 0.75 seq00000066_50 # 56686 # 58302 # -1 # ID=64_50;partial=00;start_type=ATG;rbs_motif=AGGA;rbs_spacer=5-10bp;gc_cont=0.330
seq00000066:56686-58302|- -            539 1064at2085           -            350   1.3e-27   92.1   4.6   3   5   2.2e-09   4.1e-08   27.9   0.0   171   261   148   234   130   281 0.84 seq00000066_50 # 56686 # 58302 # -1 # ID=64_50;partial=00;start_type=ATG;rbs_motif=AGGA;rbs_spacer=5-10bp;gc_cont=0.330
seq00000066:56686-58302|- -            539 1064at2085           -            350   1.3e-27   92.1   4.6   4   5     0.012      0.22    5.8   0.0    14    60   334   380   321   395 0.87 seq00000066_50 # 56686 # 58302 # -1 # ID=64_50;partial=00;start_type=ATG;rbs_motif=AGGA;rbs_spacer=5-10bp;gc_cont=0.330
seq00000066:56686-58302|- -            539 1064at2085           -            350   1.3e-27   92.1   4.6   5   5   1.7e-05   0.00032   15.1   0.0   174   223   443   492   418   535 0.78 seq00000066_50 # 56686 # 58302 # -1 # ID=64_50;partial=00;start_type=ATG;rbs_motif=AGGA;rbs_spacer=5-10bp;gc_cont=0.330
seq00000009:17480-19762|+ -            761 1064at2085           -            350   1.3e-27   92.1  17.4   1   3   7.7e-18   1.5e-16   55.7   4.3     1    95     1    92     1    96 0.90 seq00000009_12 # 17480 # 19762 # 1 # ID=12_12;partial=00;start_type=ATG;rbs_motif=GGA/GAG/AGG;rbs_spacer=5-10bp;gc_cont=0.254
seq00000009:17480-19762|+ -            761 1064at2085           -            350   1.3e-27   92.1  17.4   2   3   1.1e-13   2.1e-12   42.1   4.1   143   282    95   229    92   306 0.78 seq00000009_12 # 17480 # 19762 # 1 # ID=12_12;partial=00;start_type=ATG;rbs_motif=GGA/GAG/AGG;rbs_spacer=5-10bp;gc_cont=0.254
seq00000009:17480-19762|+ -            761 1064at2085           -            350   1.3e-27   92.1  17.4   3   3       1.6        31   -1.3   0.1    84   119   276   318   255   347 0.49 seq00000009_12 # 17480 # 19762 # 1 # ID=12_12;partial=00;start_type=ATG;rbs_motif=GGA/GAG/AGG;rbs_spacer=5-10bp;gc_cont=0.254
seq00000006:32095-33609|- -            505 1064at2085           -            350   2.5e-26   87.8  19.0   1   4   8.7e-13   1.7e-11   39.1   1.1     2   119     8   130     7   141 0.86 seq00000006_22 # 32095 # 33609 # -1 # ID=9_22;partial=00;start_type=ATG;rbs_motif=None;rbs_spacer=None;gc_cont=0.327
seq00000006:32095-33609|- -            505 1064at2085           -            350   2.5e-26   87.8  19.0   2   4   1.1e-05    0.0002   15.8   1.8   156   258   121   222   115   267 0.78 seq00000006_22 # 32095 # 33609 # -1 # ID=9_22;partial=00;start_type=ATG;rbs_motif=None;rbs_spacer=None;gc_cont=0.327
seq00000006:32095-33609|- -            505 1064at2085           -            350   2.5e-26   87.8  19.0   3   4    0.0035     0.067    7.5   0.2    17    69   274   325   261   330 0.84 seq00000006_22 # 32095 # 33609 # -1 # ID=9_22;partial=00;start_type=ATG;rbs_motif=None;rbs_spacer=None;gc_cont=0.327
seq00000006:32095-33609|- -            505 1064at2085           -            350   2.5e-26   87.8  19.0   4   4     3e-12   5.8e-11   37.3   0.8   140   259   369   486   350   497 0.75 seq00000006_22 # 32095 # 33609 # -1 # ID=9_22;partial=00;start_type=ATG;rbs_motif=None;rbs_spacer=None;gc_cont=0.327
scf00000000:6053-8557|-   -            835 1064at2085           -            350   2.6e-26   87.8  18.0   1   3     3e-14   5.8e-13   43.9   0.4     1    61     1    61     1    73 0.94 scf00000000_5 # 6053 # 8557 # -1 # ID=1_5;partial=00;start_type=ATG;rbs_motif=None;rbs_spacer=None;gc_cont=0.293
scf00000000:6053-8557|-   -            835 1064at2085           -            350   2.6e-26   87.8  18.0   2   3   0.00036    0.0069   10.7   0.2    75   113   131   169   110   181 0.77 scf00000000_5 # 6053 # 8557 # -1 # ID=1_5;partial=00;start_type=ATG;rbs_motif=None;rbs_spacer=None;gc_cont=0.293
scf00000000:6053-8557|-   -            835 1064at2085           -            350   2.6e-26   87.8  18.0   3   3   7.6e-15   1.4e-13   45.9   0.2   171   258   179   264   170   276 0.92 scf00000000_5 # 6053 # 8557 # -1 # ID=1_5;partial=00;start_type=ATG;rbs_motif=None;rbs_spacer=None;gc_cont=0.293
seq00000016:9960-12260|+  -            767 1064at2085           -            350     3e-26   87.6  10.4   1   3   6.1e-18   1.2e-16   56.1   2.6     1   126     1   127     1   128 0.86 seq00000016_11 # 9960 # 12260 # 1 # ID=19_11;partial=00;start_type=ATG;rbs_motif=GGA/GAG/AGG;rbs_spacer=5-10bp;gc_cont=0.289
seq00000016:9960-12260|+  -            767 1064at2085           -            350     3e-26   87.6  10.4   2   3   5.8e-12   1.1e-10   36.4   0.2   173   253   123   201   102   212 0.86 seq00000016_11 # 9960 # 12260 # 1 # ID=19_11;partial=00;start_type=ATG;rbs_motif=GGA/GAG/AGG;rbs_spacer=5-10bp;gc_cont=0.289
seq00000016:9960-12260|+  -            767 1064at2085           -            350     3e-26   87.6  10.4   3   3      0.56        11    0.3   0.1    85   157   527   600   521   607 0.82 seq00000016_11 # 9960 # 12260 # 1 # ID=19_11;partial=00;start_type=ATG;rbs_motif=GGA/GAG/AGG;rbs_spacer=5-10bp;gc_cont=0.289
seq00000014:9535-10251|+  -            239 1064at2085           -            350   1.4e-24   82.1   3.0   1   2   4.8e-10   9.1e-09   30.1   0.7     1    63     5    68     5    90 0.88 seq00000014_9 # 9535 # 10251 # 1 # ID=17_9;partial=00;start_type=ATG;rbs_motif=AGGA;rbs_spacer=5-10bp;gc_cont=0.264
seq00000014:9535-10251|+  -            239 1064at2085           -            350   1.4e-24   82.1   3.0   2   2   7.2e-17   1.4e-15   52.5   0.0   137   268    94   225    81   233 0.87 seq00000014_9 # 9535 # 10251 # 1 # ID=17_9;partial=00;start_type=ATG;rbs_motif=AGGA;rbs_spacer=5-10bp;gc_cont=0.264
seq00000066:62056-63468|+ -            471 1064at2085           -            350   4.8e-24   80.3   9.4   1   3       2.1        40   -1.6   0.4   101   152    68   115    37   139 0.51 seq00000066_54 # 62056 # 63468 # 1 # ID=64_54;partial=00;start_type=ATG;rbs_motif=AGGAGG;rbs_spacer=5-10bp;gc_cont=0.321
seq00000066:62056-63468|+ -            471 1064at2085           -            350   4.8e-24   80.3   9.4   2   3   2.6e-06   4.9e-05   17.8   0.1    14   110   141   251   127   266 0.70 seq00000066_54 # 62056 # 63468 # 1 # ID=64_54;partial=00;start_type=ATG;rbs_motif=AGGAGG;rbs_spacer=5-10bp;gc_cont=0.321
seq00000066:62056-63468|+ -            471 1064at2085           -            350   4.8e-24   80.3   9.4   3   3   1.3e-21   2.5e-20   68.1   0.9   173   270   272   369   247   375 0.90 seq00000066_54 # 62056 # 63468 # 1 # ID=64_54;partial=00;start_type=ATG;rbs_motif=AGGAGG;rbs_spacer=5-10bp;gc_cont=0.321
scf00000000:3660-5942|-   -            761 1064at2085           -            350   1.9e-23   78.3  14.4   1   3   1.1e-15     2e-14   48.7   4.4     1   121     1   121     1   125 0.82 scf00000000_4 # 3660 # 5942 # -1 # ID=1_4;partial=00;start_type=ATG;rbs_motif=AGGAG(G)/GGAGG;rbs_spacer=13-15bp;gc_cont=0.239
scf00000000:3660-5942|-   -            761 1064at2085           -            350   1.9e-23   78.3  14.4   2   3   2.7e-12   5.1e-11   37.5   0.6   164   258   112   205    96   225 0.83 scf00000000_4 # 3660 # 5942 # -1 # ID=1_4;partial=00;start_type=ATG;rbs_motif=AGGAG(G)/GGAGG;rbs_spacer=13-15bp;gc_cont=0.239
scf00000000:3660-5942|-   -            761 1064at2085           -            350   1.9e-23   78.3  14.4   3   3         2        38   -1.6   0.4   104   165   540   602   527   635 0.68 scf00000000_4 # 3660 # 5942 # -1 # ID=1_4;partial=00;start_type=ATG;rbs_motif=AGGAG(G)/GGAGG;rbs_spacer=13-15bp;gc_cont=0.239
seq00000001:47739-48509|+ -            257 1064at2085           -            350   1.7e-22   75.2   4.8   1   2   6.7e-07   1.3e-05   19.7   0.3    12    76    22    86     9   131 0.71 seq00000001_42 # 47739 # 48509 # 1 # ID=4_42;partial=00;start_type=ATG;rbs_motif=None;rbs_spacer=None;gc_cont=0.267
seq00000001:47739-48509|+ -            257 1064at2085           -            350   1.7e-22   75.2   4.8   2   2   6.8e-19   1.3e-17   59.2   2.7    83   267    56   242    56   249 0.74 seq00000001_42 # 47739 # 48509 # 1 # ID=4_42;partial=00;start_type=ATG;rbs_motif=None;rbs_spacer=None;gc_cont=0.267
seq00000008:4525-6144|+   -            540 1064at2085           -            350   3.6e-22   74.2   4.7   1   2   6.8e-12   1.3e-10   36.2   0.7     1    72   336   408   336   419 0.92 seq00000008_3 # 4525 # 6144 # 1 # ID=11_3;partial=00;start_type=ATG;rbs_motif=None;rbs_spacer=None;gc_cont=0.228
seq00000008:4525-6144|+   -            540 1064at2085           -            350   3.6e-22   74.2   4.7   2   2   1.8e-13   3.3e-12   41.4   0.5   114   250   402   536   400   539 0.83 seq00000008_3 # 4525 # 6144 # 1 # ID=11_3;partial=00;start_type=ATG;rbs_motif=None;rbs_spacer=None;gc_cont=0.228
seq00000002:24796-26412|+ -            539 1064at2085           -            350   2.1e-19   65.1   7.7   1   2   6.2e-15   1.2e-13   46.2   1.3     2    72   326   396   325   424 0.86 seq00000002_16 # 24796 # 26412 # 1 # ID=5_16;partial=00;start_type=ATG;rbs_motif=AGxAGG/AGGxGG;rbs_spacer=5-10bp;gc_cont=0.266
seq00000002:24796-26412|+ -            539 1064at2085           -            350   2.1e-19   65.1   7.7   2   2   1.3e-07   2.5e-06   22.1   0.6   157   240   428   515   420   522 0.78 seq00000002_16 # 24796 # 26412 # 1 # ID=5_16;partial=00;start_type=ATG;rbs_motif=AGxAGG/AGGxGG;rbs_spacer=5-10bp;gc_cont=0.266
seq00000038:3-284|-       -             94 1064at2085           -            350   2.5e-19   64.8   3.1   1   1   1.4e-20   2.7e-19   64.7   3.1     1    97     1    94     1    94 0.91 seq00000038_1 # 3 # 284 # -1 # ID=36_1;partial=10;start_type=ATG;rbs_motif=None;rbs_spacer=None;gc_cont=0.234
seq00000006:345-1958|-    -            538 1064at2085           -            350   2.9e-18   61.3   6.5   1   4       6.1   1.2e+02   -3.1   0.4    79   108    72   101    67   121 0.64 seq00000006_1 # 345 # 1958 # -1 # ID=9_1;partial=00;start_type=ATG;rbs_motif=AGGAG;rbs_spacer=5-10bp;gc_cont=0.242
seq00000006:345-1958|-    -            538 1064at2085           -            350   2.9e-18   61.3   6.5   2   4       7.6   1.5e+02   -3.5   0.1   131   150   300   316   289   332 0.60 seq00000006_1 # 345 # 1958 # -1 # ID=9_1;partial=00;start_type=ATG;rbs_motif=AGGAG;rbs_spacer=5-10bp;gc_cont=0.242
seq00000006:345-1958|-    -            538 1064at2085           -            350   2.9e-18   61.3   6.5   3   4   2.7e-10   5.2e-09   30.9   0.4     6    71   339   405   334   417 0.87 seq00000006_1 # 345 # 1958 # -1 # ID=9_1;partial=00;start_type=ATG;rbs_motif=AGGAG;rbs_spacer=5-10bp;gc_cont=0.242
seq00000006:345-1958|-    -            538 1064at2085           -            350   2.9e-18   61.3   6.5   4   4   1.5e-13   2.9e-12   41.6   1.2   154   251   435   534   421   537 0.79 seq00000006_1 # 345 # 1958 # -1 # ID=9_1;partial=00;start_type=ATG;rbs_motif=AGGAG;rbs_spacer=5-10bp;gc_cont=0.242
scf00000000:3-284|-       -             94 1064at2085           -            350   5.1e-17   57.2   2.2   1   1   2.9e-18   5.6e-17   57.1   2.2     1    97     1    94     1    94 0.91 scf00000000_1 # 3 # 284 # -1 # ID=1_1;partial=10;start_type=ATG;rbs_motif=None;rbs_spacer=None;gc_cont=0.252
seq00000026:1498-4341|-   -            948 1064at2085           -            350   1.5e-15   52.3   5.9   1   4     0.017      0.32    5.3   0.1    15    42    19    46    13    57 0.90 seq00000026_3 # 1498 # 4341 # -1 # ID=26_3;partial=00;start_type=ATG;rbs_motif=None;rbs_spacer=None;gc_cont=0.328
seq00000026:1498-4341|-   -            948 1064at2085           -            350   1.5e-15   52.3   5.9   2   4   7.3e-07   1.4e-05   19.6   0.0   153   249   467   563   443   601 0.77 seq00000026_3 # 1498 # 4341 # -1 # ID=26_3;partial=00;start_type=ATG;rbs_motif=None;rbs_spacer=None;gc_cont=0.328
seq00000026:1498-4341|-   -            948 1064at2085           -            350   1.5e-15   52.3   5.9   3   4   9.5e-06   0.00018   16.0   0.4    15    47   626   658   618   680 0.82 seq00000026_3 # 1498 # 4341 # -1 # ID=26_3;partial=00;start_type=ATG;rbs_motif=None;rbs_spacer=None;gc_cont=0.328
seq00000026:1498-4341|-   -            948 1064at2085           -            350   1.5e-15   52.3   5.9   4   4   0.00028    0.0054   11.1   0.0   174   251   829   907   811   940 0.74 seq00000026_3 # 1498 # 4341 # -1 # ID=26_3;partial=00;start_type=ATG;rbs_motif=None;rbs_spacer=None;gc_cont=0.328
seq00000008:2906-4516|+   -            537 1064at2085           -            350   9.2e-14   46.5   6.6   1   2   5.8e-11   1.1e-09   33.1   2.7     2   127   334   462   333   463 0.80 seq00000008_2 # 2906 # 4516 # 1 # ID=11_2;partial=00;start_type=ATG;rbs_motif=GGA/GAG/AGG;rbs_spacer=5-10bp;gc_cont=0.187
seq00000008:2906-4516|+   -            537 1064at2085           -            350   9.2e-14   46.5   6.6   2   2   3.4e-06   6.5e-05   17.4   0.4   170   250   456   534   431   536 0.70 seq00000008_2 # 2906 # 4516 # 1 # ID=11_2;partial=00;start_type=ATG;rbs_motif=GGA/GAG/AGG;rbs_spacer=5-10bp;gc_cont=0.187
seq00000006:1969-3579|-   -            537 1064at2085           -            350   1.5e-13   45.8   0.2   1   2     2e-10   3.8e-09   31.3   0.1     2    72   334   406   333   434 0.84 seq00000006_2 # 1969 # 3579 # -1 # ID=9_2;partial=00;start_type=ATG;rbs_motif=AGGA;rbs_spacer=5-10bp;gc_cont=0.237
seq00000006:1969-3579|-   -            537 1064at2085           -            350   1.5e-13   45.8   0.2   2   2   0.00017    0.0032   11.8   0.0   174   231   460   514   439   535 0.72 seq00000006_2 # 1969 # 3579 # -1 # ID=9_2;partial=00;start_type=ATG;rbs_motif=AGGA;rbs_spacer=5-10bp;gc_cont=0.237
seq00000002:23205-24803|+ -            533 1064at2085           -            350     2e-13   45.4   7.8   1   3       3.3        64   -2.3   0.2   126   154   211   241   199   255 0.74 seq00000002_15 # 23205 # 24803 # 1 # ID=5_15;partial=00;start_type=ATG;rbs_motif=AGGAGG;rbs_spacer=5-10bp;gc_cont=0.255
seq00000002:23205-24803|+ -            533 1064at2085           -            350     2e-13   45.4   7.8   2   3   1.2e-09   2.2e-08   28.8   0.8     2    71   327   397   326   424 0.81 seq00000002_15 # 23205 # 24803 # 1 # ID=5_15;partial=00;start_type=ATG;rbs_motif=AGGAGG;rbs_spacer=5-10bp;gc_cont=0.255
seq00000002:23205-24803|+ -            533 1064at2085           -            350     2e-13   45.4   7.8   3   3   3.1e-07   5.9e-06   20.8   0.3   157   245   431   518   388   529 0.72 seq00000002_15 # 23205 # 24803 # 1 # ID=5_15;partial=00;start_type=ATG;rbs_motif=AGGAGG;rbs_spacer=5-10bp;gc_cont=0.255
seq00000059:3-284|-       -             94 1064at2085           -            350   2.3e-13   45.2   0.3   1   2   5.5e-05     0.001   13.5   0.3    77   112     5    40     2    55 0.72 seq00000059_1 # 3 # 284 # -1 # ID=57_1;partial=11;start_type=Edge;rbs_motif=None;rbs_spacer=None;gc_cont=0.294
seq00000059:3-284|-       -             94 1064at2085           -            350   2.3e-13   45.2   0.3   2   2     2e-10   3.8e-09   31.3   0.0   170   211    50    91    38    93 0.88 seq00000059_1 # 3 # 284 # -1 # ID=57_1;partial=11;start_type=Edge;rbs_motif=None;rbs_spacer=None;gc_cont=0.294
seq00000005:26110-28149|+ -            680 1064at2085           -            350   1.4e-09   32.7   5.0   1   3         3        58   -2.2   0.1    68    86   113   131    78   146 0.69 seq00000005_40 # 26110 # 28149 # 1 # ID=8_40;partial=00;start_type=ATG;rbs_motif=None;rbs_spacer=None;gc_cont=0.248
seq00000005:26110-28149|+ -            680 1064at2085           -            350   1.4e-09   32.7   5.0   2   3   9.9e-06   0.00019   15.9   0.5     2    94   470   561   469   584 0.80 seq00000005_40 # 26110 # 28149 # 1 # ID=8_40;partial=00;start_type=ATG;rbs_motif=None;rbs_spacer=None;gc_cont=0.248
seq00000005:26110-28149|+ -            680 1064at2085           -            350   1.4e-09   32.7   5.0   3   3   2.7e-06   5.1e-05   17.8   0.1   165   239   589   661   568   666 0.88 seq00000005_40 # 26110 # 28149 # 1 # ID=8_40;partial=00;start_type=ATG;rbs_motif=None;rbs_spacer=None;gc_cont=0.248
scf00000001:2-247|+       -             82 1064at2085           -            350    0.0014   13.0   0.7   1   1   8.1e-05    0.0015   12.9   0.7   134   177    24    65     3    72 0.77 scf00000001_1 # 2 # 247 # 1 # ID=2_1;partial=10;start_type=Edge;rbs_motif=None;rbs_spacer=None;gc_cont=0.215
#
# Program:         hmmsearch
# Version:         3.4 (Aug 2023)
# Pipeline mode:   SEARCH
# Query file:      /home/lgef/Documentos/GitHub/Project_doctoral/IMPLEMENTACAO/Genomes/M_hyopneumoniae/MHP_ncbi_dataset/ncbi_dataset/data/strains/MHP696/Use/busco_downloads/lineages/mycoplasmatales_odb10/hmms/1064at2085.hmm
# Target file:     /home/lgef/Documentos/GitHub/Project_doctoral/IMPLEMENTACAO/Genomes/M_hyopneumoniae/MHP_ncbi_dataset/ncbi_dataset/data/strains/MHP696/Use/busco_complete/prodigal_output/predicted_genes/predicted.faa
# Option settings: hmmsearch --domtblout /home/lgef/Documentos/GitHub/Project_doctoral/IMPLEMENTACAO/Genomes/M_hyopneumoniae/MHP_ncbi_dataset/ncbi_dataset/data/strains/MHP696/Use/busco_complete/run_mycoplasmatales_odb10/hmmer_output/1064at2085.out --cpu 1 /home/lgef/Documentos/GitHub/Project_doctoral/IMPLEMENTACAO/Genomes/M_hyopneumoniae/MHP_ncbi_dataset/ncbi_dataset/data/strains/MHP696/Use/busco_downloads/lineages/mycoplasmatales_odb10/hmms/1064at2085.hmm /home/lgef/Documentos/GitHub/Project_doctoral/IMPLEMENTACAO/Genomes/M_hyopneumoniae/MHP_ncbi_dataset/ncbi_dataset/data/strains/MHP696/Use/busco_complete/prodigal_output/predicted_genes/predicted.faa 
# Current dir:     /home/lgef/Documentos/GitHub/Project_doctoral/IMPLEMENTACAO/Genomes/M_hyopneumoniae/MHP_ncbi_dataset/ncbi_dataset/data/strains/MHP696/Use
# Date:            Thu Nov 28 19:34:35 2024
# [ok]
