#                                                                                 --- full sequence --- -------------- this domain -------------   hmm coord   ali coord   env coord
# target name             accession   tlen query name           accession   qlen   E-value  score  bias   #  of  c-Evalue  i-Evalue  score  bias  from    to  from    to  from    to  acc description of target
#     ------------------- ---------- ----- -------------------- ---------- ----- --------- ------ ----- --- --- --------- --------- ------ ----- ----- ----- ----- ----- ----- ----- ---- ---------------------
seq00000000:1365-2156|-   -            264 1679at2085           -            265   5.1e-79  260.6  12.6   1   1   6.3e-81   5.5e-79  260.5  12.6    12   256     1   255     1   263 0.90 seq00000000_2 # 1365 # 2156 # -1 # ID=3_2;partial=00;start_type=ATG;rbs_motif=None;rbs_spacer=None;gc_cont=0.269
seq00000000:20735-22036|- -            434 1679at2085           -            265   2.3e-23   78.2  12.7   1   3   1.6e-11   1.4e-09   33.0   0.2   123   177     6    64     1    77 0.80 seq00000000_19 # 20735 # 22036 # -1 # ID=3_19;partial=00;start_type=ATG;rbs_motif=3Base/5BMM;rbs_spacer=13-15bp;gc_cont=0.291
seq00000000:20735-22036|- -            434 1679at2085           -            265   2.3e-23   78.2  12.7   2   3   9.1e-13     8e-11   37.1   0.9    22   173    78   228    71   239 0.76 seq00000000_19 # 20735 # 22036 # -1 # ID=3_19;partial=00;start_type=ATG;rbs_motif=3Base/5BMM;rbs_spacer=13-15bp;gc_cont=0.291
seq00000000:20735-22036|- -            434 1679at2085           -            265   2.3e-23   78.2  12.7   3   3   6.1e-06   0.00054   14.7   0.9    24   139   251   380   245   386 0.62 seq00000000_19 # 20735 # 22036 # -1 # ID=3_19;partial=00;start_type=ATG;rbs_motif=3Base/5BMM;rbs_spacer=13-15bp;gc_cont=0.291
seq00000011:5085-5681|-   -            199 1679at2085           -            265   5.2e-13   44.2   5.5   1   2   8.5e-13   7.5e-11   37.1   0.1   123   172    41    91    32   109 0.90 seq00000011_2 # 5085 # 5681 # -1 # ID=14_2;partial=00;start_type=ATG;rbs_motif=None;rbs_spacer=None;gc_cont=0.295
seq00000011:5085-5681|-   -            199 1679at2085           -            265   5.2e-13   44.2   5.5   2   2   0.00035     0.031    8.9   1.9    24    97   117   195   102   198 0.77 seq00000011_2 # 5085 # 5681 # -1 # ID=14_2;partial=00;start_type=ATG;rbs_motif=None;rbs_spacer=None;gc_cont=0.295
seq00000066:55314-56642|- -            443 1679at2085           -            265   1.6e-12   42.6  16.2   1   3       1.1        94   -2.5   0.1   231   258   137   164   114   170 0.58 seq00000066_49 # 55314 # 56642 # -1 # ID=64_49;partial=00;start_type=TTG;rbs_motif=AGGAG;rbs_spacer=5-10bp;gc_cont=0.314
seq00000066:55314-56642|- -            443 1679at2085           -            265   1.6e-12   42.6  16.2   2   3     1e-13   8.9e-12   40.2   0.3    97   174   194   275   184   289 0.78 seq00000066_49 # 55314 # 56642 # -1 # ID=64_49;partial=00;start_type=TTG;rbs_motif=AGGAG;rbs_spacer=5-10bp;gc_cont=0.314
seq00000066:55314-56642|- -            443 1679at2085           -            265   1.6e-12   42.6  16.2   3   3    0.0003     0.026    9.1   6.5    21   104   291   366   281   386 0.71 seq00000066_49 # 55314 # 56642 # -1 # ID=64_49;partial=00;start_type=TTG;rbs_motif=AGGAG;rbs_spacer=5-10bp;gc_cont=0.314
seq00000005:29376-30257|+ -            294 1679at2085           -            265   1.6e-10   36.0   9.5   1   2   2.1e-11   1.8e-09   32.6   0.3   119   175     6    66     2    84 0.78 seq00000005_44 # 29376 # 30257 # 1 # ID=8_44;partial=00;start_type=ATG;rbs_motif=None;rbs_spacer=None;gc_cont=0.294
seq00000005:29376-30257|+ -            294 1679at2085           -            265   1.6e-10   36.0   9.5   2   2    0.0015      0.13    6.8   4.0    47   103   108   169    77   190 0.77 seq00000005_44 # 29376 # 30257 # 1 # ID=8_44;partial=00;start_type=ATG;rbs_motif=None;rbs_spacer=None;gc_cont=0.294
seq00000023:5378-6481|+   -            368 1679at2085           -            265   1.3e-05   20.0   0.1   1   1   3.4e-07     3e-05   18.8   0.1   119   155     2    37     1    47 0.85 seq00000023_7 # 5378 # 6481 # 1 # ID=23_7;partial=00;start_type=ATG;rbs_motif=None;rbs_spacer=None;gc_cont=0.302
seq00000000:58204-59463|- -            420 1679at2085           -            265   1.8e-05   19.5  11.5   1   2     5e-07   4.4e-05   18.2   0.1   124   175   161   215   145   236 0.75 seq00000000_51 # 58204 # 59463 # -1 # ID=3_51;partial=00;start_type=ATG;rbs_motif=AGGA;rbs_spacer=5-10bp;gc_cont=0.308
seq00000000:58204-59463|- -            420 1679at2085           -            265   1.8e-05   19.5  11.5   2   2     0.034         3    2.4   8.1    39   121   257   343   253   346 0.84 seq00000000_51 # 58204 # 59463 # -1 # ID=3_51;partial=00;start_type=ATG;rbs_motif=AGGA;rbs_spacer=5-10bp;gc_cont=0.308
scf00000000:3-284|-       -             94 1679at2085           -            265   0.00033   15.4   1.9   1   1   6.3e-06   0.00055   14.6   1.9   114   141    21    49     1    57 0.70 scf00000000_1 # 3 # 284 # -1 # ID=1_1;partial=10;start_type=ATG;rbs_motif=None;rbs_spacer=None;gc_cont=0.252
#
# Program:         hmmsearch
# Version:         3.4 (Aug 2023)
# Pipeline mode:   SEARCH
# Query file:      /home/lgef/Documentos/GitHub/Project_doctoral/IMPLEMENTACAO/Genomes/M_hyopneumoniae/MHP_ncbi_dataset/ncbi_dataset/data/strains/MHP696/Use/busco_downloads/lineages/mycoplasmatales_odb10/hmms/1679at2085.hmm
# Target file:     /home/lgef/Documentos/GitHub/Project_doctoral/IMPLEMENTACAO/Genomes/M_hyopneumoniae/MHP_ncbi_dataset/ncbi_dataset/data/strains/MHP696/Use/busco_complete/prodigal_output/predicted_genes/predicted.faa
# Option settings: hmmsearch --domtblout /home/lgef/Documentos/GitHub/Project_doctoral/IMPLEMENTACAO/Genomes/M_hyopneumoniae/MHP_ncbi_dataset/ncbi_dataset/data/strains/MHP696/Use/busco_complete/run_mycoplasmatales_odb10/hmmer_output/1679at2085.out --cpu 1 /home/lgef/Documentos/GitHub/Project_doctoral/IMPLEMENTACAO/Genomes/M_hyopneumoniae/MHP_ncbi_dataset/ncbi_dataset/data/strains/MHP696/Use/busco_downloads/lineages/mycoplasmatales_odb10/hmms/1679at2085.hmm /home/lgef/Documentos/GitHub/Project_doctoral/IMPLEMENTACAO/Genomes/M_hyopneumoniae/MHP_ncbi_dataset/ncbi_dataset/data/strains/MHP696/Use/busco_complete/prodigal_output/predicted_genes/predicted.faa 
# Current dir:     /home/lgef/Documentos/GitHub/Project_doctoral/IMPLEMENTACAO/Genomes/M_hyopneumoniae/MHP_ncbi_dataset/ncbi_dataset/data/strains/MHP696/Use
# Date:            Thu Nov 28 19:34:37 2024
# [ok]
