#                                                                                 --- full sequence --- -------------- this domain -------------   hmm coord   ali coord   env coord
# target name             accession   tlen query name           accession   qlen   E-value  score  bias   #  of  c-Evalue  i-Evalue  score  bias  from    to  from    to  from    to  acc description of target
#     ------------------- ---------- ----- -------------------- ---------- ----- --------- ------ ----- --- --- --------- --------- ------ ----- ----- ----- ----- ----- ----- ----- ---- ---------------------
seq00000008:26220-28592|- -            791 462at2085            -            610    1e-222  736.4  36.3   1   4  3.3e-121  5.8e-119  393.6   5.5     2   270     3   280     2   298 0.91 seq00000008_20 # 26220 # 28592 # -1 # ID=11_20;partial=00;start_type=ATG;rbs_motif=GGA/GAG/AGG;rbs_spacer=5-10bp;gc_cont=0.306
seq00000008:26220-28592|- -            791 462at2085            -            610    1e-222  736.4  36.3   2   4    0.0071       1.2    2.8   0.0   257   312   303   364   292   372 0.74 seq00000008_20 # 26220 # 28592 # -1 # ID=11_20;partial=00;start_type=ATG;rbs_motif=GGA/GAG/AGG;rbs_spacer=5-10bp;gc_cont=0.306
seq00000008:26220-28592|- -            791 462at2085            -            610    1e-222  736.4  36.3   3   4   1.2e-97   2.2e-95  315.8   2.0   292   516   381   619   362   625 0.88 seq00000008_20 # 26220 # 28592 # -1 # ID=11_20;partial=00;start_type=ATG;rbs_motif=GGA/GAG/AGG;rbs_spacer=5-10bp;gc_cont=0.306
seq00000008:26220-28592|- -            791 462at2085            -            610    1e-222  736.4  36.3   4   4   2.6e-12   4.6e-10   34.0  11.6   511   610   649   788   632   788 0.75 seq00000008_20 # 26220 # 28592 # -1 # ID=11_20;partial=00;start_type=ATG;rbs_motif=GGA/GAG/AGG;rbs_spacer=5-10bp;gc_cont=0.306
seq00000002:37878-40346|+ -            823 462at2085            -            610   2.3e-37  124.1  39.5   1   5   2.6e-21   4.6e-19   63.7   5.7     1   178     5   194     5   204 0.79 seq00000002_23 # 37878 # 40346 # 1 # ID=5_23;partial=00;start_type=ATG;rbs_motif=AGGA;rbs_spacer=5-10bp;gc_cont=0.299
seq00000002:37878-40346|+ -            823 462at2085            -            610   2.3e-37  124.1  39.5   2   5      0.11        19   -1.1   0.1   226   279   205   261   191   302 0.68 seq00000002_23 # 37878 # 40346 # 1 # ID=5_23;partial=00;start_type=ATG;rbs_motif=AGGA;rbs_spacer=5-10bp;gc_cont=0.299
seq00000002:37878-40346|+ -            823 462at2085            -            610   2.3e-37  124.1  39.5   3   5   3.5e-05    0.0062   10.4   0.2   136   215   310   391   307   394 0.78 seq00000002_23 # 37878 # 40346 # 1 # ID=5_23;partial=00;start_type=ATG;rbs_motif=AGGA;rbs_spacer=5-10bp;gc_cont=0.299
seq00000002:37878-40346|+ -            823 462at2085            -            610   2.3e-37  124.1  39.5   4   5   2.1e-19   3.7e-17   57.4  10.3   305   518   387   569   374   621 0.82 seq00000002_23 # 37878 # 40346 # 1 # ID=5_23;partial=00;start_type=ATG;rbs_motif=AGGA;rbs_spacer=5-10bp;gc_cont=0.299
seq00000002:37878-40346|+ -            823 462at2085            -            610   2.3e-37  124.1  39.5   5   5    0.0088       1.6    2.5   2.5   529   606   644   720   623   725 0.78 seq00000002_23 # 37878 # 40346 # 1 # ID=5_23;partial=00;start_type=ATG;rbs_motif=AGGA;rbs_spacer=5-10bp;gc_cont=0.299
seq00000000:73107-75767|+ -            887 462at2085            -            610   1.7e-34  114.6  28.5   1   4   2.3e-23     4e-21   70.5   0.4     5   166    25   199    21   206 0.85 seq00000000_61 # 73107 # 75767 # 1 # ID=3_61;partial=00;start_type=ATG;rbs_motif=AGGA;rbs_spacer=5-10bp;gc_cont=0.306
seq00000000:73107-75767|+ -            887 462at2085            -            610   1.7e-34  114.6  28.5   2   4     0.032       5.7    0.6   0.1   140   204   218   278   212   289 0.82 seq00000000_61 # 73107 # 75767 # 1 # ID=3_61;partial=00;start_type=ATG;rbs_motif=AGGA;rbs_spacer=5-10bp;gc_cont=0.306
seq00000000:73107-75767|+ -            887 462at2085            -            610   1.7e-34  114.6  28.5   3   4   1.1e-17     2e-15   51.7   4.7   227   488   369   615   357   652 0.73 seq00000000_61 # 73107 # 75767 # 1 # ID=3_61;partial=00;start_type=ATG;rbs_motif=AGGA;rbs_spacer=5-10bp;gc_cont=0.306
seq00000000:73107-75767|+ -            887 462at2085            -            610   1.7e-34  114.6  28.5   4   4      0.14        24   -1.4   5.4   523   570   728   774   670   816 0.59 seq00000000_61 # 73107 # 75767 # 1 # ID=3_61;partial=00;start_type=ATG;rbs_motif=AGGA;rbs_spacer=5-10bp;gc_cont=0.306
seq00000018:4383-5924|-   -            514 462at2085            -            610   2.9e-24   80.9  16.6   1   3   1.6e-19   2.8e-17   57.8   5.5    25   198     2   178     1   214 0.86 seq00000018_5 # 4383 # 5924 # -1 # ID=21_5;partial=00;start_type=ATG;rbs_motif=GGA/GAG/AGG;rbs_spacer=5-10bp;gc_cont=0.272
seq00000018:4383-5924|-   -            514 462at2085            -            610   2.9e-24   80.9  16.6   2   3   2.7e-11   4.8e-09   30.6   0.9   356   507   212   353   184   385 0.77 seq00000018_5 # 4383 # 5924 # -1 # ID=21_5;partial=00;start_type=ATG;rbs_motif=GGA/GAG/AGG;rbs_spacer=5-10bp;gc_cont=0.272
seq00000018:4383-5924|-   -            514 462at2085            -            610   2.9e-24   80.9  16.6   3   3      0.17        30   -1.7   0.1   530   563   458   491   400   503 0.72 seq00000018_5 # 4383 # 5924 # -1 # ID=21_5;partial=00;start_type=ATG;rbs_motif=GGA/GAG/AGG;rbs_spacer=5-10bp;gc_cont=0.272
#
# Program:         hmmsearch
# Version:         3.4 (Aug 2023)
# Pipeline mode:   SEARCH
# Query file:      /home/lgef/Documentos/GitHub/Project_doctoral/IMPLEMENTACAO/Genomes/M_hyopneumoniae/MHP_ncbi_dataset/ncbi_dataset/data/strains/MHP696/Use/busco_downloads/lineages/mycoplasmatales_odb10/hmms/462at2085.hmm
# Target file:     /home/lgef/Documentos/GitHub/Project_doctoral/IMPLEMENTACAO/Genomes/M_hyopneumoniae/MHP_ncbi_dataset/ncbi_dataset/data/strains/MHP696/Use/busco_complete/prodigal_output/predicted_genes/predicted.faa
# Option settings: hmmsearch --domtblout /home/lgef/Documentos/GitHub/Project_doctoral/IMPLEMENTACAO/Genomes/M_hyopneumoniae/MHP_ncbi_dataset/ncbi_dataset/data/strains/MHP696/Use/busco_complete/run_mycoplasmatales_odb10/hmmer_output/462at2085.out --cpu 1 /home/lgef/Documentos/GitHub/Project_doctoral/IMPLEMENTACAO/Genomes/M_hyopneumoniae/MHP_ncbi_dataset/ncbi_dataset/data/strains/MHP696/Use/busco_downloads/lineages/mycoplasmatales_odb10/hmms/462at2085.hmm /home/lgef/Documentos/GitHub/Project_doctoral/IMPLEMENTACAO/Genomes/M_hyopneumoniae/MHP_ncbi_dataset/ncbi_dataset/data/strains/MHP696/Use/busco_complete/prodigal_output/predicted_genes/predicted.faa 
# Current dir:     /home/lgef/Documentos/GitHub/Project_doctoral/IMPLEMENTACAO/Genomes/M_hyopneumoniae/MHP_ncbi_dataset/ncbi_dataset/data/strains/MHP696/Use
# Date:            Thu Nov 28 19:34:39 2024
# [ok]
