#                                                                                 --- full sequence --- -------------- this domain -------------   hmm coord   ali coord   env coord
# target name             accession   tlen query name           accession   qlen   E-value  score  bias   #  of  c-Evalue  i-Evalue  score  bias  from    to  from    to  from    to  acc description of target
#     ------------------- ---------- ----- -------------------- ---------- ----- --------- ------ ----- --- --- --------- --------- ------ ----- ----- ----- ----- ----- ----- ----- ---- ---------------------
seq00000018:4383-5924|-   -            514 913at2085            -            397  1.5e-135  447.6  29.3   1   2  3.9e-125  6.8e-123  406.0  19.6     2   316     3   378     2   388 0.85 seq00000018_5 # 4383 # 5924 # -1 # ID=21_5;partial=00;start_type=ATG;rbs_motif=GGA/GAG/AGG;rbs_spacer=5-10bp;gc_cont=0.272
seq00000018:4383-5924|-   -            514 913at2085            -            397  1.5e-135  447.6  29.3   2   2   4.1e-15   7.2e-13   43.7   2.1   311   386   406   485   393   500 0.84 seq00000018_5 # 4383 # 5924 # -1 # ID=21_5;partial=00;start_type=ATG;rbs_motif=GGA/GAG/AGG;rbs_spacer=5-10bp;gc_cont=0.272
seq00000008:26220-28592|- -            791 913at2085            -            397   1.2e-17   59.4   0.6   1   2   1.4e-11   2.5e-09   32.0   0.0     2   165    29   204    28   213 0.83 seq00000008_20 # 26220 # 28592 # -1 # ID=11_20;partial=00;start_type=ATG;rbs_motif=GGA/GAG/AGG;rbs_spacer=5-10bp;gc_cont=0.306
seq00000008:26220-28592|- -            791 913at2085            -            397   1.2e-17   59.4   0.6   2   2   2.9e-09     5e-07   24.5   0.3   238   340   547   647   512   694 0.74 seq00000008_20 # 26220 # 28592 # -1 # ID=11_20;partial=00;start_type=ATG;rbs_motif=GGA/GAG/AGG;rbs_spacer=5-10bp;gc_cont=0.306
seq00000000:73107-75767|+ -            887 913at2085            -            397   1.4e-15   52.7  23.3   1   5   2.1e-12   3.7e-10   34.8   0.2    12   128    61   194    59   224 0.70 seq00000000_61 # 73107 # 75767 # 1 # ID=3_61;partial=00;start_type=ATG;rbs_motif=AGGA;rbs_spacer=5-10bp;gc_cont=0.306
seq00000000:73107-75767|+ -            887 913at2085            -            397   1.4e-15   52.7  23.3   2   5      0.59     1e+02   -2.9   0.1   144   187   410   460   402   462 0.53 seq00000000_61 # 73107 # 75767 # 1 # ID=3_61;partial=00;start_type=ATG;rbs_motif=AGGA;rbs_spacer=5-10bp;gc_cont=0.306
seq00000000:73107-75767|+ -            887 913at2085            -            397   1.4e-15   52.7  23.3   3   5   7.1e-09   1.2e-06   23.2   0.0   238   292   571   630   563   645 0.77 seq00000000_61 # 73107 # 75767 # 1 # ID=3_61;partial=00;start_type=ATG;rbs_motif=AGGA;rbs_spacer=5-10bp;gc_cont=0.306
seq00000000:73107-75767|+ -            887 913at2085            -            397   1.4e-15   52.7  23.3   4   5     0.023         4    1.7  10.7   264   387   634   763   625   776 0.71 seq00000000_61 # 73107 # 75767 # 1 # ID=3_61;partial=00;start_type=ATG;rbs_motif=AGGA;rbs_spacer=5-10bp;gc_cont=0.306
seq00000000:73107-75767|+ -            887 913at2085            -            397   1.4e-15   52.7  23.3   5   5      0.13        22   -0.7   0.2   118   163   763   806   756   811 0.70 seq00000000_61 # 73107 # 75767 # 1 # ID=3_61;partial=00;start_type=ATG;rbs_motif=AGGA;rbs_spacer=5-10bp;gc_cont=0.306
seq00000002:37878-40346|+ -            823 913at2085            -            397   4.5e-11   37.8   8.8   1   5   3.8e-09   6.7e-07   24.1   1.7     5   147    35   199    31   220 0.64 seq00000002_23 # 37878 # 40346 # 1 # ID=5_23;partial=00;start_type=ATG;rbs_motif=AGGA;rbs_spacer=5-10bp;gc_cont=0.299
seq00000002:37878-40346|+ -            823 913at2085            -            397   4.5e-11   37.8   8.8   2   5      0.13        22   -0.7   0.1   255   306   248   300   242   322 0.75 seq00000002_23 # 37878 # 40346 # 1 # ID=5_23;partial=00;start_type=ATG;rbs_motif=AGGA;rbs_spacer=5-10bp;gc_cont=0.299
seq00000002:37878-40346|+ -            823 913at2085            -            397   4.5e-11   37.8   8.8   3   5      0.46        81   -2.6   0.0   143   165   354   376   339   411 0.47 seq00000002_23 # 37878 # 40346 # 1 # ID=5_23;partial=00;start_type=ATG;rbs_motif=AGGA;rbs_spacer=5-10bp;gc_cont=0.299
seq00000002:37878-40346|+ -            823 913at2085            -            397   4.5e-11   37.8   8.8   4   5   5.5e-10   9.6e-08   26.8   0.8   233   318   490   575   465   607 0.67 seq00000002_23 # 37878 # 40346 # 1 # ID=5_23;partial=00;start_type=ATG;rbs_motif=AGGA;rbs_spacer=5-10bp;gc_cont=0.299
seq00000002:37878-40346|+ -            823 913at2085            -            397   4.5e-11   37.8   8.8   5   5      0.43        76   -2.5   0.5   259   294   691   720   664   799 0.58 seq00000002_23 # 37878 # 40346 # 1 # ID=5_23;partial=00;start_type=ATG;rbs_motif=AGGA;rbs_spacer=5-10bp;gc_cont=0.299
#
# Program:         hmmsearch
# Version:         3.4 (Aug 2023)
# Pipeline mode:   SEARCH
# Query file:      /home/lgef/Documentos/GitHub/Project_doctoral/IMPLEMENTACAO/Genomes/M_hyopneumoniae/MHP_ncbi_dataset/ncbi_dataset/data/strains/MHP696/Use/busco_downloads/lineages/mycoplasmatales_odb10/hmms/913at2085.hmm
# Target file:     /home/lgef/Documentos/GitHub/Project_doctoral/IMPLEMENTACAO/Genomes/M_hyopneumoniae/MHP_ncbi_dataset/ncbi_dataset/data/strains/MHP696/Use/busco_complete/prodigal_output/predicted_genes/predicted.faa
# Option settings: hmmsearch --domtblout /home/lgef/Documentos/GitHub/Project_doctoral/IMPLEMENTACAO/Genomes/M_hyopneumoniae/MHP_ncbi_dataset/ncbi_dataset/data/strains/MHP696/Use/busco_complete/run_mycoplasmatales_odb10/hmmer_output/913at2085.out --cpu 1 /home/lgef/Documentos/GitHub/Project_doctoral/IMPLEMENTACAO/Genomes/M_hyopneumoniae/MHP_ncbi_dataset/ncbi_dataset/data/strains/MHP696/Use/busco_downloads/lineages/mycoplasmatales_odb10/hmms/913at2085.hmm /home/lgef/Documentos/GitHub/Project_doctoral/IMPLEMENTACAO/Genomes/M_hyopneumoniae/MHP_ncbi_dataset/ncbi_dataset/data/strains/MHP696/Use/busco_complete/prodigal_output/predicted_genes/predicted.faa 
# Current dir:     /home/lgef/Documentos/GitHub/Project_doctoral/IMPLEMENTACAO/Genomes/M_hyopneumoniae/MHP_ncbi_dataset/ncbi_dataset/data/strains/MHP696/Use
# Date:            Thu Nov 28 19:34:40 2024
# [ok]
