#                                                                                         --- full sequence --- -------------- this domain -------------   hmm coord   ali coord   env coord
# target name                     accession   tlen query name           accession   qlen   E-value  score  bias   #  of  c-Evalue  i-Evalue  score  bias  from    to  from    to  from    to  acc description of target
#             ------------------- ---------- ----- -------------------- ---------- ----- --------- ------ ----- --- --- --------- --------- ------ ----- ----- ----- ----- ----- ----- ----- ---- ---------------------
NZ_MWWN01000002.1:147287-149326|+ -            680 1371at2085           -            438   1.1e-84  279.9 110.2   1   5   2.5e-32   1.1e-30  101.9   7.8     1   103    21   133    21   135 0.93 NZ_MWWN01000002.1_132 # 147287 # 149326 # 1 # ID=2_132;partial=00;start_type=ATG;rbs_motif=None;rbs_spacer=None;gc_cont=0.247
NZ_MWWN01000002.1:147287-149326|+ -            680 1371at2085           -            438   1.1e-84  279.9 110.2   2   5   3.2e-27   1.5e-25   85.1  36.1   102   261   158   335   144   348 0.83 NZ_MWWN01000002.1_132 # 147287 # 149326 # 1 # ID=2_132;partial=00;start_type=ATG;rbs_motif=None;rbs_spacer=None;gc_cont=0.247
NZ_MWWN01000002.1:147287-149326|+ -            680 1371at2085           -            438   1.1e-84  279.9 110.2   3   5      0.86        39   -2.0   6.9   161   228   339   406   331   407 0.73 NZ_MWWN01000002.1_132 # 147287 # 149326 # 1 # ID=2_132;partial=00;start_type=ATG;rbs_motif=None;rbs_spacer=None;gc_cont=0.247
NZ_MWWN01000002.1:147287-149326|+ -            680 1371at2085           -            438   1.1e-84  279.9 110.2   4   5   1.7e-08     8e-07   23.3  19.9   269   372   408   552   405   559 0.75 NZ_MWWN01000002.1_132 # 147287 # 149326 # 1 # ID=2_132;partial=00;start_type=ATG;rbs_motif=None;rbs_spacer=None;gc_cont=0.247
NZ_MWWN01000002.1:147287-149326|+ -            680 1371at2085           -            438   1.1e-84  279.9 110.2   5   5   4.9e-28   2.2e-26   87.8  11.6   349   438   573   663   567   663 0.83 NZ_MWWN01000002.1_132 # 147287 # 149326 # 1 # ID=2_132;partial=00;start_type=ATG;rbs_motif=None;rbs_spacer=None;gc_cont=0.247
NZ_MWWN01000004.1:127514-129814|+ -            767 1371at2085           -            438   1.1e-11   39.3   3.8   1   5      0.16       7.4    0.4   2.3   333   375    38    79     6    86 0.77 NZ_MWWN01000004.1_97 # 127514 # 129814 # 1 # ID=4_97;partial=00;start_type=ATG;rbs_motif=GGA/GAG/AGG;rbs_spacer=5-10bp;gc_cont=0.292
NZ_MWWN01000004.1:127514-129814|+ -            767 1371at2085           -            438   1.1e-11   39.3   3.8   2   5   2.5e-13   1.1e-11   39.3   3.8   360   437   110   188    97   189 0.89 NZ_MWWN01000004.1_97 # 127514 # 129814 # 1 # ID=4_97;partial=00;start_type=ATG;rbs_motif=GGA/GAG/AGG;rbs_spacer=5-10bp;gc_cont=0.292
NZ_MWWN01000004.1:127514-129814|+ -            767 1371at2085           -            438   1.1e-11   39.3   3.8   3   5       1.9        88   -3.2   9.9   122   200   248   326   229   340 0.63 NZ_MWWN01000004.1_97 # 127514 # 129814 # 1 # ID=4_97;partial=00;start_type=ATG;rbs_motif=GGA/GAG/AGG;rbs_spacer=5-10bp;gc_cont=0.292
NZ_MWWN01000004.1:127514-129814|+ -            767 1371at2085           -            438   1.1e-11   39.3   3.8   4   5       1.1        51   -2.4   1.1   236   271   454   489   410   510 0.66 NZ_MWWN01000004.1_97 # 127514 # 129814 # 1 # ID=4_97;partial=00;start_type=ATG;rbs_motif=GGA/GAG/AGG;rbs_spacer=5-10bp;gc_cont=0.292
NZ_MWWN01000004.1:127514-129814|+ -            767 1371at2085           -            438   1.1e-11   39.3   3.8   5   5      0.04       1.8    2.4  14.5   145   264   558   675   555   718 0.68 NZ_MWWN01000004.1_97 # 127514 # 129814 # 1 # ID=4_97;partial=00;start_type=ATG;rbs_motif=GGA/GAG/AGG;rbs_spacer=5-10bp;gc_cont=0.292
NZ_MWWN01000002.1:3621-4319|+     -            233 1371at2085           -            438   1.5e-11   38.9   9.2   1   2      0.25        12   -0.3   0.1   333   345    38    50    22    53 0.88 NZ_MWWN01000002.1_5 # 3621 # 4319 # 1 # ID=2_5;partial=00;start_type=ATG;rbs_motif=None;rbs_spacer=None;gc_cont=0.260
NZ_MWWN01000002.1:3621-4319|+     -            233 1371at2085           -            438   1.5e-11   38.9   9.2   2   2   3.4e-13   1.5e-11   38.9   9.2   350   437    99   187    75   188 0.90 NZ_MWWN01000002.1_5 # 3621 # 4319 # 1 # ID=2_5;partial=00;start_type=ATG;rbs_motif=None;rbs_spacer=None;gc_cont=0.260
NZ_MWWN01000003.1:101087-101803|- -            239 1371at2085           -            438   4.8e-10   34.0   2.6   1   2     0.038       1.7    2.4   1.2   333   374    43    90     6    95 0.76 NZ_MWWN01000003.1_66 # 101087 # 101803 # -1 # ID=3_66;partial=00;start_type=ATG;rbs_motif=AGGA;rbs_spacer=5-10bp;gc_cont=0.265
NZ_MWWN01000003.1:101087-101803|- -            239 1371at2085           -            438   4.8e-10   34.0   2.6   2   2   1.1e-11   4.8e-10   34.0   2.6   374   435   131   194   111   196 0.83 NZ_MWWN01000003.1_66 # 101087 # 101803 # -1 # ID=3_66;partial=00;start_type=ATG;rbs_motif=AGGA;rbs_spacer=5-10bp;gc_cont=0.265
NZ_MWWN01000002.1:73169-74698|-   -            510 1371at2085           -            438   4.9e-10   33.9   8.1   1   3   2.9e-08   1.3e-06   22.6   0.7   377   431   151   206   148   213 0.87 NZ_MWWN01000002.1_62 # 73169 # 74698 # -1 # ID=2_62;partial=00;start_type=TTG;rbs_motif=AGGAGG;rbs_spacer=5-10bp;gc_cont=0.319
NZ_MWWN01000002.1:73169-74698|-   -            510 1371at2085           -            438   4.9e-10   33.9   8.1   2   3      0.48        22   -1.2   1.4   279   313   363   397   356   406 0.60 NZ_MWWN01000002.1_62 # 73169 # 74698 # -1 # ID=2_62;partial=00;start_type=TTG;rbs_motif=AGGAGG;rbs_spacer=5-10bp;gc_cont=0.319
NZ_MWWN01000002.1:73169-74698|-   -            510 1371at2085           -            438   4.9e-10   33.9   8.1   3   3   1.7e-05   0.00076   13.5   0.0   377   432   409   465   406   470 0.91 NZ_MWWN01000002.1_62 # 73169 # 74698 # -1 # ID=2_62;partial=00;start_type=TTG;rbs_motif=AGGAGG;rbs_spacer=5-10bp;gc_cont=0.319
NZ_MWWN01000001.1:198419-200032|+ -            538 1371at2085           -            438   4.6e-09   30.7   5.1   1   4      0.23        10   -0.1  31.0   104   290     9   214     2   232 0.63 NZ_MWWN01000001.1_142 # 198419 # 200032 # 1 # ID=1_142;partial=00;start_type=ATG;rbs_motif=AGxAGG/AGGxGG;rbs_spacer=5-10bp;gc_cont=0.263
NZ_MWWN01000001.1:198419-200032|+ -            538 1371at2085           -            438   4.6e-09   30.7   5.1   2   4         3   1.4e+02   -3.8  23.9    95   199   233   338   217   349 0.71 NZ_MWWN01000001.1_142 # 198419 # 200032 # 1 # ID=1_142;partial=00;start_type=ATG;rbs_motif=AGxAGG/AGGxGG;rbs_spacer=5-10bp;gc_cont=0.263
NZ_MWWN01000001.1:198419-200032|+ -            538 1371at2085           -            438   4.6e-09   30.7   5.1   3   4   0.00084     0.038    7.9   2.4   333   373   361   410   354   423 0.81 NZ_MWWN01000001.1_142 # 198419 # 200032 # 1 # ID=1_142;partial=00;start_type=ATG;rbs_motif=AGxAGG/AGGxGG;rbs_spacer=5-10bp;gc_cont=0.263
NZ_MWWN01000001.1:198419-200032|+ -            538 1371at2085           -            438   4.6e-09   30.7   5.1   4   4     1e-10   4.6e-09   30.7   5.1   367   431   443   508   427   514 0.83 NZ_MWWN01000001.1_142 # 198419 # 200032 # 1 # ID=1_142;partial=00;start_type=ATG;rbs_motif=AGxAGG/AGGxGG;rbs_spacer=5-10bp;gc_cont=0.263
NZ_MWWN01000004.1:96379-97149|+   -            257 1371at2085           -            438   4.3e-08   27.5   0.9   1   2   9.4e-10   4.3e-08   27.5   0.9   370   435   145   213   130   216 0.83 NZ_MWWN01000004.1_76 # 96379 # 97149 # 1 # ID=4_76;partial=00;start_type=ATG;rbs_motif=None;rbs_spacer=None;gc_cont=0.267
NZ_MWWN01000004.1:96379-97149|+   -            257 1371at2085           -            438   4.3e-08   27.5   0.9   2   2     0.041       1.9    2.3   1.2   234   273   207   246   205   250 0.87 NZ_MWWN01000004.1_76 # 96379 # 97149 # 1 # ID=4_76;partial=00;start_type=ATG;rbs_motif=None;rbs_spacer=None;gc_cont=0.267
NZ_MWWN01000003.1:76866-77762|-   -            299 1371at2085           -            438   4.5e-08   27.4   0.0   1   3      0.99        45   -2.2   0.4   161   213    26    78    14    87 0.75 NZ_MWWN01000003.1_48 # 76866 # 77762 # -1 # ID=3_48;partial=00;start_type=GTG;rbs_motif=AGGAG;rbs_spacer=5-10bp;gc_cont=0.353
NZ_MWWN01000003.1:76866-77762|-   -            299 1371at2085           -            438   4.5e-08   27.4   0.0   2   3      0.23        11   -0.1   0.2   333   356   101   130    94   156 0.68 NZ_MWWN01000003.1_48 # 76866 # 77762 # -1 # ID=3_48;partial=00;start_type=GTG;rbs_motif=AGGAG;rbs_spacer=5-10bp;gc_cont=0.353
NZ_MWWN01000003.1:76866-77762|-   -            299 1371at2085           -            438   4.5e-08   27.4   0.0   3   3   9.9e-10   4.5e-08   27.4   0.0   370   435   190   258   167   261 0.82 NZ_MWWN01000003.1_48 # 76866 # 77762 # -1 # ID=3_48;partial=00;start_type=GTG;rbs_motif=AGGAG;rbs_spacer=5-10bp;gc_cont=0.353
NZ_MWWN01000003.1:166224-167762|+ -            513 1371at2085           -            438   4.9e-08   27.3  22.2   1   4      0.14       6.6    0.5   0.1   333   344    43    54     9    56 0.94 NZ_MWWN01000003.1_111 # 166224 # 167762 # 1 # ID=3_111;partial=00;start_type=TTG;rbs_motif=AGGA;rbs_spacer=5-10bp;gc_cont=0.321
NZ_MWWN01000003.1:166224-167762|+ -            513 1371at2085           -            438   4.9e-08   27.3  22.2   2   4   1.7e-07   7.9e-06   20.1   0.8   378   436   144   204   136   206 0.90 NZ_MWWN01000003.1_111 # 166224 # 167762 # 1 # ID=3_111;partial=00;start_type=TTG;rbs_motif=AGGA;rbs_spacer=5-10bp;gc_cont=0.321
NZ_MWWN01000003.1:166224-167762|+ -            513 1371at2085           -            438   4.9e-08   27.3  22.2   3   4      0.14       6.6    0.5   5.7   274   324   356   406   324   407 0.82 NZ_MWWN01000003.1_111 # 166224 # 167762 # 1 # ID=3_111;partial=00;start_type=TTG;rbs_motif=AGGA;rbs_spacer=5-10bp;gc_cont=0.321
NZ_MWWN01000003.1:166224-167762|+ -            513 1371at2085           -            438   4.9e-08   27.3  22.2   4   4   7.7e-05    0.0035   11.3  10.3   338   431   372   465   359   471 0.74 NZ_MWWN01000003.1_111 # 166224 # 167762 # 1 # ID=3_111;partial=00;start_type=TTG;rbs_motif=AGGA;rbs_spacer=5-10bp;gc_cont=0.321
NZ_MWWN01000002.1:36008-36826|-   -            273 1371at2085           -            438   2.7e-07   24.9   5.2   1   2     0.061       2.8    1.8   1.7   318   354    27    68     1    93 0.55 NZ_MWWN01000002.1_31 # 36008 # 36826 # -1 # ID=2_31;partial=00;start_type=ATG;rbs_motif=GGA/GAG/AGG;rbs_spacer=5-10bp;gc_cont=0.302
NZ_MWWN01000002.1:36008-36826|-   -            273 1371at2085           -            438   2.7e-07   24.9   5.2   2   2   1.5e-08     7e-07   23.5   0.1   367   436   126   198   107   199 0.86 NZ_MWWN01000002.1_31 # 36008 # 36826 # -1 # ID=2_31;partial=00;start_type=ATG;rbs_motif=GGA/GAG/AGG;rbs_spacer=5-10bp;gc_cont=0.302
NZ_MWWN01000001.1:196828-198426|+ -            533 1371at2085           -            438   6.6e-07   23.6   3.4   1   2      0.38        17   -0.8  40.3   102   316    13   240     3   243 0.64 NZ_MWWN01000001.1_141 # 196828 # 198426 # 1 # ID=1_141;partial=00;start_type=ATG;rbs_motif=AGGAGG;rbs_spacer=5-10bp;gc_cont=0.256
NZ_MWWN01000001.1:196828-198426|+ -            533 1371at2085           -            438   6.6e-07   23.6   3.4   2   2   1.4e-08   6.6e-07   23.6   3.4   374   435   450   511   417   513 0.83 NZ_MWWN01000001.1_141 # 196828 # 198426 # 1 # ID=1_141;partial=00;start_type=ATG;rbs_motif=AGGAGG;rbs_spacer=5-10bp;gc_cont=0.256
NZ_MWWN01000001.1:37282-38616|-   -            445 1371at2085           -            438   2.7e-06   21.6   0.7   1   3    0.0076      0.35    4.7   0.0   333   358    47    78    44    91 0.84 NZ_MWWN01000001.1_26 # 37282 # 38616 # -1 # ID=1_26;partial=00;start_type=ATG;rbs_motif=GGA/GAG/AGG;rbs_spacer=11-12bp;gc_cont=0.303
NZ_MWWN01000001.1:37282-38616|-   -            445 1371at2085           -            438   2.7e-06   21.6   0.7   2   3       3.5   1.6e+02   -4.0   2.3   152   182   127   158   122   170 0.68 NZ_MWWN01000001.1_26 # 37282 # 38616 # -1 # ID=1_26;partial=00;start_type=ATG;rbs_motif=GGA/GAG/AGG;rbs_spacer=11-12bp;gc_cont=0.303
NZ_MWWN01000001.1:37282-38616|-   -            445 1371at2085           -            438   2.7e-06   21.6   0.7   3   3     6e-08   2.7e-06   21.6   0.7   376   436   229   292   184   293 0.84 NZ_MWWN01000001.1_26 # 37282 # 38616 # -1 # ID=1_26;partial=00;start_type=ATG;rbs_motif=GGA/GAG/AGG;rbs_spacer=11-12bp;gc_cont=0.303
NZ_MWWN01000001.1:146273-147892|+ -            540 1371at2085           -            438   9.4e-06   19.8   3.7   1   1   2.1e-07   9.4e-06   19.8   3.7   367   422   455   512   445   526 0.77 NZ_MWWN01000001.1_107 # 146273 # 147892 # 1 # ID=1_107;partial=00;start_type=ATG;rbs_motif=AGGA;rbs_spacer=5-10bp;gc_cont=0.225
NZ_MWWN01000001.1:137959-139569|+ -            537 1371at2085           -            438   1.7e-05   18.9   1.4   1   2       9.7   4.4e+02   -5.5  59.1    97   314    20   247     5   266 0.68 NZ_MWWN01000001.1_102 # 137959 # 139569 # 1 # ID=1_102;partial=00;start_type=ATG;rbs_motif=AGGA;rbs_spacer=5-10bp;gc_cont=0.236
NZ_MWWN01000001.1:137959-139569|+ -            537 1371at2085           -            438   1.7e-05   18.9   1.4   2   2   3.8e-07   1.7e-05   18.9   1.4   375   434   461   521   437   524 0.87 NZ_MWWN01000001.1_102 # 137959 # 139569 # 1 # ID=1_102;partial=00;start_type=ATG;rbs_motif=AGGA;rbs_spacer=5-10bp;gc_cont=0.236
NZ_MWWN01000001.1:139580-141193|+ -            538 1371at2085           -            438   9.2e-05   16.5  96.9   1   3    0.0004     0.018    9.0  39.8    99   266    11   191     8   203 0.66 NZ_MWWN01000001.1_103 # 139580 # 141193 # 1 # ID=1_103;partial=00;start_type=ATG;rbs_motif=AGGAGG;rbs_spacer=5-10bp;gc_cont=0.241
NZ_MWWN01000001.1:139580-141193|+ -            538 1371at2085           -            438   9.2e-05   16.5  96.9   2   3     0.064       2.9    1.7  34.5   170   374   207   422   188   433 0.82 NZ_MWWN01000001.1_103 # 139580 # 141193 # 1 # ID=1_103;partial=00;start_type=ATG;rbs_motif=AGGAGG;rbs_spacer=5-10bp;gc_cont=0.241
NZ_MWWN01000001.1:139580-141193|+ -            538 1371at2085           -            438   9.2e-05   16.5  96.9   3   3   2.1e-06   9.5e-05   16.5   8.8   373   435   458   520   424   523 0.77 NZ_MWWN01000001.1_103 # 139580 # 141193 # 1 # ID=1_103;partial=00;start_type=ATG;rbs_motif=AGGAGG;rbs_spacer=5-10bp;gc_cont=0.241
#
# Program:         hmmsearch
# Version:         3.4 (Aug 2023)
# Pipeline mode:   SEARCH
# Query file:      /home/lgef/Documentos/GitHub/Project_doctoral/IMPLEMENTACAO/Genomes/M_hyopneumoniae/MHP_ncbi_dataset/ncbi_dataset/data/strains/11/Use/busco_downloads/lineages/mycoplasmatales_odb10/hmms/1371at2085.hmm
# Target file:     /home/lgef/Documentos/GitHub/Project_doctoral/IMPLEMENTACAO/Genomes/M_hyopneumoniae/MHP_ncbi_dataset/ncbi_dataset/data/strains/11/Use/busco_draft/prodigal_output/predicted_genes/predicted.faa
# Option settings: hmmsearch --domtblout /home/lgef/Documentos/GitHub/Project_doctoral/IMPLEMENTACAO/Genomes/M_hyopneumoniae/MHP_ncbi_dataset/ncbi_dataset/data/strains/11/Use/busco_draft/run_mycoplasmatales_odb10/hmmer_output/1371at2085.out --cpu 1 /home/lgef/Documentos/GitHub/Project_doctoral/IMPLEMENTACAO/Genomes/M_hyopneumoniae/MHP_ncbi_dataset/ncbi_dataset/data/strains/11/Use/busco_downloads/lineages/mycoplasmatales_odb10/hmms/1371at2085.hmm /home/lgef/Documentos/GitHub/Project_doctoral/IMPLEMENTACAO/Genomes/M_hyopneumoniae/MHP_ncbi_dataset/ncbi_dataset/data/strains/11/Use/busco_draft/prodigal_output/predicted_genes/predicted.faa 
# Current dir:     /home/lgef/Documentos/GitHub/Project_doctoral/IMPLEMENTACAO/Genomes/M_hyopneumoniae/MHP_ncbi_dataset/ncbi_dataset/data/strains/11/Use
# Date:            Thu Nov 28 19:31:19 2024
# [ok]
