#                                                                                         --- full sequence --- -------------- this domain -------------   hmm coord   ali coord   env coord
# target name                     accession   tlen query name           accession   qlen   E-value  score  bias   #  of  c-Evalue  i-Evalue  score  bias  from    to  from    to  from    to  acc description of target
#             ------------------- ---------- ----- -------------------- ---------- ----- --------- ------ ----- --- --- --------- --------- ------ ----- ----- ----- ----- ----- ----- ----- ---- ---------------------
NZ_MWWN01000003.1:109888-110808|- -            307 2666at2085           -            250   9.6e-92  301.9   0.2   1   1   4.5e-93   5.1e-91  299.6   0.2     1   248     5   285     5   288 0.89 NZ_MWWN01000003.1_74 # 109888 # 110808 # -1 # ID=3_74;partial=00;start_type=ATG;rbs_motif=None;rbs_spacer=None;gc_cont=0.333
NZ_MWWN01000003.1:39981-40886|-   -            302 2666at2085           -            250   3.3e-29   97.1   0.3   1   2   3.3e-13   3.7e-11   38.0   0.0     6    88    25   111    23   154 0.84 NZ_MWWN01000003.1_36 # 39981 # 40886 # -1 # ID=3_36;partial=00;start_type=ATG;rbs_motif=GGA/GAG/AGG;rbs_spacer=3-4bp;gc_cont=0.315
NZ_MWWN01000003.1:39981-40886|-   -            302 2666at2085           -            250   3.3e-29   97.1   0.3   2   2   5.3e-19     6e-17   56.9   0.4   133   241   186   299   167   301 0.83 NZ_MWWN01000003.1_36 # 39981 # 40886 # -1 # ID=3_36;partial=00;start_type=ATG;rbs_motif=GGA/GAG/AGG;rbs_spacer=3-4bp;gc_cont=0.315
NZ_MWWN01000003.1:120318-121121|+ -            268 2666at2085           -            250   1.3e-25   85.3   4.5   1   2   3.4e-10   3.8e-08   28.1   0.1     2    70     2    69     1   122 0.88 NZ_MWWN01000003.1_82 # 120318 # 121121 # 1 # ID=3_82;partial=00;start_type=ATG;rbs_motif=None;rbs_spacer=None;gc_cont=0.299
NZ_MWWN01000003.1:120318-121121|+ -            268 2666at2085           -            250   1.3e-25   85.3   4.5   2   2   2.3e-19   2.6e-17   58.1   1.6   164   245   177   264   138   266 0.82 NZ_MWWN01000003.1_82 # 120318 # 121121 # 1 # ID=3_82;partial=00;start_type=ATG;rbs_motif=None;rbs_spacer=None;gc_cont=0.299
NZ_MWWN01000002.1:108117-108947|- -            277 2666at2085           -            250   1.2e-21   72.3   5.4   1   1   4.5e-23   5.1e-21   70.3   5.4     3   246     2   272     1   274 0.72 NZ_MWWN01000002.1_85 # 108117 # 108947 # -1 # ID=2_85;partial=00;start_type=ATG;rbs_motif=AGGA;rbs_spacer=5-10bp;gc_cont=0.312
NZ_MWWN01000004.1:81441-82781|-   -            447 2666at2085           -            250   6.2e-18   60.2   9.1   1   2   5.5e-20   6.2e-18   60.2   9.1     6   246     6   266     3   269 0.75 NZ_MWWN01000004.1_66 # 81441 # 82781 # -1 # ID=4_66;partial=00;start_type=ATG;rbs_motif=GGA/GAG/AGG;rbs_spacer=5-10bp;gc_cont=0.248
NZ_MWWN01000004.1:81441-82781|-   -            447 2666at2085           -            250   6.2e-18   60.2   9.1   2   2     0.054       6.2    1.2   1.1   104   152   363   414   326   444 0.72 NZ_MWWN01000004.1_66 # 81441 # 82781 # -1 # ID=4_66;partial=00;start_type=ATG;rbs_motif=GGA/GAG/AGG;rbs_spacer=5-10bp;gc_cont=0.248
NZ_MWWN01000002.1:15113-15922|-   -            270 2666at2085           -            250   5.5e-17   57.1   3.2   1   2   1.6e-05    0.0018   12.8   0.1     4    79     5    80     2    94 0.80 NZ_MWWN01000002.1_17 # 15113 # 15922 # -1 # ID=2_17;partial=00;start_type=ATG;rbs_motif=None;rbs_spacer=None;gc_cont=0.298
NZ_MWWN01000002.1:15113-15922|-   -            270 2666at2085           -            250   5.5e-17   57.1   3.2   2   2   2.3e-15   2.6e-13   45.0   0.5   109   223   134   242   104   263 0.81 NZ_MWWN01000002.1_17 # 15113 # 15922 # -1 # ID=2_17;partial=00;start_type=ATG;rbs_motif=None;rbs_spacer=None;gc_cont=0.298
#
# Program:         hmmsearch
# Version:         3.4 (Aug 2023)
# Pipeline mode:   SEARCH
# Query file:      /home/lgef/Documentos/GitHub/Project_doctoral/IMPLEMENTACAO/Genomes/M_hyopneumoniae/MHP_ncbi_dataset/ncbi_dataset/data/strains/11/Use/busco_downloads/lineages/mycoplasmatales_odb10/hmms/2666at2085.hmm
# Target file:     /home/lgef/Documentos/GitHub/Project_doctoral/IMPLEMENTACAO/Genomes/M_hyopneumoniae/MHP_ncbi_dataset/ncbi_dataset/data/strains/11/Use/busco_draft/prodigal_output/predicted_genes/predicted.faa
# Option settings: hmmsearch --domtblout /home/lgef/Documentos/GitHub/Project_doctoral/IMPLEMENTACAO/Genomes/M_hyopneumoniae/MHP_ncbi_dataset/ncbi_dataset/data/strains/11/Use/busco_draft/run_mycoplasmatales_odb10/hmmer_output/2666at2085.out --cpu 1 /home/lgef/Documentos/GitHub/Project_doctoral/IMPLEMENTACAO/Genomes/M_hyopneumoniae/MHP_ncbi_dataset/ncbi_dataset/data/strains/11/Use/busco_downloads/lineages/mycoplasmatales_odb10/hmms/2666at2085.hmm /home/lgef/Documentos/GitHub/Project_doctoral/IMPLEMENTACAO/Genomes/M_hyopneumoniae/MHP_ncbi_dataset/ncbi_dataset/data/strains/11/Use/busco_draft/prodigal_output/predicted_genes/predicted.faa 
# Current dir:     /home/lgef/Documentos/GitHub/Project_doctoral/IMPLEMENTACAO/Genomes/M_hyopneumoniae/MHP_ncbi_dataset/ncbi_dataset/data/strains/11/Use
# Date:            Thu Nov 28 19:31:20 2024
# [ok]
