#                                                                                         --- full sequence --- -------------- this domain -------------   hmm coord   ali coord   env coord
# target name                     accession   tlen query name           accession   qlen   E-value  score  bias   #  of  c-Evalue  i-Evalue  score  bias  from    to  from    to  from    to  acc description of target
#             ------------------- ---------- ----- -------------------- ---------- ----- --------- ------ ----- --- --- --------- --------- ------ ----- ----- ----- ----- ----- ----- ----- ---- ---------------------
NZ_MWWN01000002.1:108949-110415|- -            489 759at2085            -            394  3.6e-157  518.5  11.1   1   2     0.017       2.4    2.1   0.1     1    19     3    21     3    25 0.90 NZ_MWWN01000002.1_86 # 108949 # 110415 # -1 # ID=2_86;partial=00;start_type=ATG;rbs_motif=GGA/GAG/AGG;rbs_spacer=11-12bp;gc_cont=0.311
NZ_MWWN01000002.1:108949-110415|- -            489 759at2085            -            394  3.6e-157  518.5  11.1   2   2  3.5e-159  4.8e-157  518.1   6.7    11   394    44   484    34   484 0.87 NZ_MWWN01000002.1_86 # 108949 # 110415 # -1 # ID=2_86;partial=00;start_type=ATG;rbs_motif=GGA/GAG/AGG;rbs_spacer=11-12bp;gc_cont=0.311
NZ_MWWN01000002.1:59388-61091|-   -            568 759at2085            -            394   1.5e-25   85.1   2.5   1   2   5.6e-16   7.6e-14   46.6   1.1    83   235   116   270    36   289 0.86 NZ_MWWN01000002.1_52 # 59388 # 61091 # -1 # ID=2_52;partial=00;start_type=ATG;rbs_motif=GGA/GAG/AGG;rbs_spacer=5-10bp;gc_cont=0.321
NZ_MWWN01000002.1:59388-61091|-   -            568 759at2085            -            394   1.5e-25   85.1   2.5   2   2   2.4e-13   3.3e-11   37.9   0.0   354   391   498   535   468   537 0.91 NZ_MWWN01000002.1_52 # 59388 # 61091 # -1 # ID=2_52;partial=00;start_type=ATG;rbs_motif=GGA/GAG/AGG;rbs_spacer=5-10bp;gc_cont=0.321
NZ_MWWN01000003.1:15544-16893|+   -            450 759at2085            -            394   3.9e-21   70.6   4.7   1   1   4.1e-23   5.6e-21   70.1   4.7    87   392   124   442    86   444 0.82 NZ_MWWN01000003.1_15 # 15544 # 16893 # 1 # ID=3_15;partial=00;start_type=ATG;rbs_motif=None;rbs_spacer=None;gc_cont=0.324
NZ_MWWN01000003.1:145708-146709|- -            334 759at2085            -            394   4.8e-06   20.9   3.1   1   3    0.0043      0.59    4.1   1.5   140   229    73   166    58   192 0.69 NZ_MWWN01000003.1_96 # 145708 # 146709 # -1 # ID=3_96;partial=00;start_type=GTG;rbs_motif=AGGA/GGAG/GAGG;rbs_spacer=11-12bp;gc_cont=0.258
NZ_MWWN01000003.1:145708-146709|- -            334 759at2085            -            394   4.8e-06   20.9   3.1   2   3     0.087        12   -0.2   0.0    72   126   181   237   173   245 0.73 NZ_MWWN01000003.1_96 # 145708 # 146709 # -1 # ID=3_96;partial=00;start_type=GTG;rbs_motif=AGGA/GGAG/GAGG;rbs_spacer=11-12bp;gc_cont=0.258
NZ_MWWN01000003.1:145708-146709|- -            334 759at2085            -            394   4.8e-06   20.9   3.1   3   3   2.9e-06   0.00039   14.6   0.0   353   391   286   324   255   326 0.82 NZ_MWWN01000003.1_96 # 145708 # 146709 # -1 # ID=3_96;partial=00;start_type=GTG;rbs_motif=AGGA/GGAG/GAGG;rbs_spacer=11-12bp;gc_cont=0.258
NZ_MWWN01000002.1:19820-20500|-   -            227 759at2085            -            394   0.00039   14.6   0.2   1   2   3.7e-05     0.005   10.9   0.0   167   218    87   139    76   152 0.80 NZ_MWWN01000002.1_21 # 19820 # 20500 # -1 # ID=2_21;partial=00;start_type=ATG;rbs_motif=GGA/GAG/AGG;rbs_spacer=11-12bp;gc_cont=0.295
NZ_MWWN01000002.1:19820-20500|-   -            227 759at2085            -            394   0.00039   14.6   0.2   2   2     0.027       3.7    1.5   0.0   367   386   194   213   188   216 0.85 NZ_MWWN01000002.1_21 # 19820 # 20500 # -1 # ID=2_21;partial=00;start_type=ATG;rbs_motif=GGA/GAG/AGG;rbs_spacer=11-12bp;gc_cont=0.295
#
# Program:         hmmsearch
# Version:         3.4 (Aug 2023)
# Pipeline mode:   SEARCH
# Query file:      /home/lgef/Documentos/GitHub/Project_doctoral/IMPLEMENTACAO/Genomes/M_hyopneumoniae/MHP_ncbi_dataset/ncbi_dataset/data/strains/11/Use/busco_downloads/lineages/mycoplasmatales_odb10/hmms/759at2085.hmm
# Target file:     /home/lgef/Documentos/GitHub/Project_doctoral/IMPLEMENTACAO/Genomes/M_hyopneumoniae/MHP_ncbi_dataset/ncbi_dataset/data/strains/11/Use/busco_draft/prodigal_output/predicted_genes/predicted.faa
# Option settings: hmmsearch --domtblout /home/lgef/Documentos/GitHub/Project_doctoral/IMPLEMENTACAO/Genomes/M_hyopneumoniae/MHP_ncbi_dataset/ncbi_dataset/data/strains/11/Use/busco_draft/run_mycoplasmatales_odb10/hmmer_output/759at2085.out --cpu 1 /home/lgef/Documentos/GitHub/Project_doctoral/IMPLEMENTACAO/Genomes/M_hyopneumoniae/MHP_ncbi_dataset/ncbi_dataset/data/strains/11/Use/busco_downloads/lineages/mycoplasmatales_odb10/hmms/759at2085.hmm /home/lgef/Documentos/GitHub/Project_doctoral/IMPLEMENTACAO/Genomes/M_hyopneumoniae/MHP_ncbi_dataset/ncbi_dataset/data/strains/11/Use/busco_draft/prodigal_output/predicted_genes/predicted.faa 
# Current dir:     /home/lgef/Documentos/GitHub/Project_doctoral/IMPLEMENTACAO/Genomes/M_hyopneumoniae/MHP_ncbi_dataset/ncbi_dataset/data/strains/11/Use
# Date:            Thu Nov 28 19:31:22 2024
# [ok]
