#                                                                                         --- full sequence --- -------------- this domain -------------   hmm coord   ali coord   env coord
# target name                     accession   tlen query name           accession   qlen   E-value  score  bias   #  of  c-Evalue  i-Evalue  score  bias  from    to  from    to  from    to  acc description of target
#             ------------------- ---------- ----- -------------------- ---------- ----- --------- ------ ----- --- --- --------- --------- ------ ----- ----- ----- ----- ----- ----- ----- ---- ---------------------
NZ_MWWN01000001.1:77253-79052|-   -            600 801at2085            -            486  2.3e-190  628.7  28.4   1   2  1.7e-156  2.3e-154  509.9   9.1     3   343    16   392    14   395 0.90 NZ_MWWN01000001.1_60 # 77253 # 79052 # -1 # ID=1_60;partial=00;start_type=ATG;rbs_motif=GGAG/GAGG;rbs_spacer=5-10bp;gc_cont=0.351
NZ_MWWN01000001.1:77253-79052|-   -            600 801at2085            -            486  2.3e-190  628.7  28.4   2   2   1.3e-39   1.8e-37  124.5  13.6   320   485   388   594   383   595 0.82 NZ_MWWN01000001.1_60 # 77253 # 79052 # -1 # ID=1_60;partial=00;start_type=ATG;rbs_motif=GGAG/GAGG;rbs_spacer=5-10bp;gc_cont=0.351
NZ_MWWN01000001.1:314999-316795|+ -            599 801at2085            -            486   1.5e-19   65.3   6.3   1   2   1.2e-21   1.6e-19   65.2   4.1    86   282    10   221     3   243 0.80 NZ_MWWN01000001.1_230 # 314999 # 316795 # 1 # ID=1_230;partial=00;start_type=ATG;rbs_motif=None;rbs_spacer=None;gc_cont=0.342
NZ_MWWN01000001.1:314999-316795|+ -            599 801at2085            -            486   1.5e-19   65.3   6.3   2   2      0.29        39   -2.0   0.0    26    81   464   520   441   535 0.61 NZ_MWWN01000001.1_230 # 314999 # 316795 # 1 # ID=1_230;partial=00;start_type=ATG;rbs_motif=None;rbs_spacer=None;gc_cont=0.342
NZ_MWWN01000001.1:12444-13652|-   -            403 801at2085            -            486   4.7e-18   60.4   5.2   1   1   7.8e-19   1.1e-16   55.9   5.1    85   280    21   248     7   297 0.66 NZ_MWWN01000001.1_7 # 12444 # 13652 # -1 # ID=1_7;partial=00;start_type=ATG;rbs_motif=AGGA;rbs_spacer=5-10bp;gc_cont=0.400
NZ_MWWN01000001.1:320083-322167|- -            695 801at2085            -            486     1e-15   52.7   4.7   1   2   3.9e-16   5.3e-14   47.0   3.0   112   205    58   161     6   210 0.69 NZ_MWWN01000001.1_233 # 320083 # 322167 # -1 # ID=1_233;partial=00;start_type=ATG;rbs_motif=AGGA;rbs_spacer=5-10bp;gc_cont=0.371
NZ_MWWN01000001.1:320083-322167|- -            695 801at2085            -            486     1e-15   52.7   4.7   2   2     0.014       1.9    2.3   0.0   203   234   243   275   223   396 0.77 NZ_MWWN01000001.1_233 # 320083 # 322167 # -1 # ID=1_233;partial=00;start_type=ATG;rbs_motif=AGGA;rbs_spacer=5-10bp;gc_cont=0.371
NZ_MWWN01000002.1:233674-234465|- -            264 801at2085            -            486   9.9e-06   19.8   0.5   1   2     0.013       1.8    2.4   0.3   144   201    12    68     8    74 0.77 NZ_MWWN01000002.1_203 # 233674 # 234465 # -1 # ID=2_203;partial=00;start_type=ATG;rbs_motif=GGA/GAG/AGG;rbs_spacer=3-4bp;gc_cont=0.265
NZ_MWWN01000002.1:233674-234465|- -            264 801at2085            -            486   9.9e-06   19.8   0.5   2   2   1.7e-06   0.00023   15.3   0.0    87   132   115   162    86   169 0.82 NZ_MWWN01000002.1_203 # 233674 # 234465 # -1 # ID=2_203;partial=00;start_type=ATG;rbs_motif=GGA/GAG/AGG;rbs_spacer=3-4bp;gc_cont=0.265
#
# Program:         hmmsearch
# Version:         3.4 (Aug 2023)
# Pipeline mode:   SEARCH
# Query file:      /home/lgef/Documentos/GitHub/Project_doctoral/IMPLEMENTACAO/Genomes/M_hyopneumoniae/MHP_ncbi_dataset/ncbi_dataset/data/strains/11/Use/busco_downloads/lineages/mycoplasmatales_odb10/hmms/801at2085.hmm
# Target file:     /home/lgef/Documentos/GitHub/Project_doctoral/IMPLEMENTACAO/Genomes/M_hyopneumoniae/MHP_ncbi_dataset/ncbi_dataset/data/strains/11/Use/busco_draft/prodigal_output/predicted_genes/predicted.faa
# Option settings: hmmsearch --domtblout /home/lgef/Documentos/GitHub/Project_doctoral/IMPLEMENTACAO/Genomes/M_hyopneumoniae/MHP_ncbi_dataset/ncbi_dataset/data/strains/11/Use/busco_draft/run_mycoplasmatales_odb10/hmmer_output/801at2085.out --cpu 1 /home/lgef/Documentos/GitHub/Project_doctoral/IMPLEMENTACAO/Genomes/M_hyopneumoniae/MHP_ncbi_dataset/ncbi_dataset/data/strains/11/Use/busco_downloads/lineages/mycoplasmatales_odb10/hmms/801at2085.hmm /home/lgef/Documentos/GitHub/Project_doctoral/IMPLEMENTACAO/Genomes/M_hyopneumoniae/MHP_ncbi_dataset/ncbi_dataset/data/strains/11/Use/busco_draft/prodigal_output/predicted_genes/predicted.faa 
# Current dir:     /home/lgef/Documentos/GitHub/Project_doctoral/IMPLEMENTACAO/Genomes/M_hyopneumoniae/MHP_ncbi_dataset/ncbi_dataset/data/strains/11/Use
# Date:            Thu Nov 28 19:31:22 2024
# [ok]
