#                                                                                     --- full sequence --- -------------- this domain -------------   hmm coord   ali coord   env coord
# target name                 accession   tlen query name           accession   qlen   E-value  score  bias   #  of  c-Evalue  i-Evalue  score  bias  from    to  from    to  from    to  acc description of target
#         ------------------- ---------- ----- -------------------- ---------- ----- --------- ------ ----- --- --- --------- --------- ------ ----- ----- ----- ----- ----- ----- ----- ---- ---------------------
NZ_CP022714.1:911762-912889|- -            376 147at2085            -            460  1.1e-122  405.7   5.1   1   2   9.9e-17   1.5e-14   49.2   0.4    40    95     6    69     2    73 0.82 NZ_CP022714.1_859 # 911762 # 912889 # -1 # ID=1_859;partial=00;start_type=ATG;rbs_motif=4Base/6BMM;rbs_spacer=13-15bp;gc_cont=0.350
NZ_CP022714.1:911762-912889|- -            376 147at2085            -            460  1.1e-122  405.7   5.1   2   2  1.6e-110  2.3e-108  358.5   0.5    94   300   106   319    96   328 0.95 NZ_CP022714.1_859 # 911762 # 912889 # -1 # ID=1_859;partial=00;start_type=ATG;rbs_motif=4Base/6BMM;rbs_spacer=13-15bp;gc_cont=0.350
NZ_CP022714.1:911379-911708|- -            110 147at2085            -            460   1.8e-46  154.5   0.2   1   1   1.2e-48   1.8e-46  154.4   0.2   332   430     1   102     1   109 0.95 NZ_CP022714.1_858 # 911379 # 911708 # -1 # ID=1_858;partial=00;start_type=ATG;rbs_motif=GGA/GAG/AGG;rbs_spacer=5-10bp;gc_cont=0.382
NZ_CP022714.1:912928-913902|- -            325 147at2085            -            460   1.3e-06   23.1   0.9   1   1   1.4e-08   2.1e-06   22.4   0.9     2    42   276   316   275   320 0.88 NZ_CP022714.1_860 # 912928 # 913902 # -1 # ID=1_860;partial=00;start_type=ATG;rbs_motif=AGGA/GGAG/GAGG;rbs_spacer=11-12bp;gc_cont=0.293
NZ_CP022714.1:749369-750325|+ -            319 147at2085            -            460   1.7e-05   19.4   4.1   1   3   4.7e-06   0.00072   14.0   0.0   100   125    42    67    36    81 0.85 NZ_CP022714.1_725 # 749369 # 750325 # 1 # ID=1_725;partial=00;start_type=ATG;rbs_motif=None;rbs_spacer=None;gc_cont=0.315
NZ_CP022714.1:749369-750325|+ -            319 147at2085            -            460   1.7e-05   19.4   4.1   2   3    0.0043      0.64    4.3   0.6   208   273   134   196    84   203 0.71 NZ_CP022714.1_725 # 749369 # 750325 # 1 # ID=1_725;partial=00;start_type=ATG;rbs_motif=None;rbs_spacer=None;gc_cont=0.315
NZ_CP022714.1:749369-750325|+ -            319 147at2085            -            460   1.7e-05   19.4   4.1   3   3     0.056       8.5    0.6   0.1     8    78   205   277   199   290 0.77 NZ_CP022714.1_725 # 749369 # 750325 # 1 # ID=1_725;partial=00;start_type=ATG;rbs_motif=None;rbs_spacer=None;gc_cont=0.315
NZ_CP022714.1:684007-684312|+ -            102 147at2085            -            460    0.0013   13.2   0.5   1   1   9.4e-06    0.0014   13.1   0.3    96   124    63    91    39   101 0.86 NZ_CP022714.1_648 # 684007 # 684312 # 1 # ID=1_648;partial=00;start_type=ATG;rbs_motif=GGA/GAG/AGG;rbs_spacer=5-10bp;gc_cont=0.346
NZ_CP022714.1:149983-150222|+ -             80 147at2085            -            460     0.003   12.0   0.0   1   1   2.3e-05    0.0034   11.8   0.0    95   127    22    54     9    58 0.89 NZ_CP022714.1_130 # 149983 # 150222 # 1 # ID=1_130;partial=00;start_type=ATG;rbs_motif=None;rbs_spacer=None;gc_cont=0.312
#
# Program:         hmmsearch
# Version:         3.4 (Aug 2023)
# Pipeline mode:   SEARCH
# Query file:      /home/lgef/Documentos/GitHub/Project_doctoral/IMPLEMENTACAO/Genomes/M_hyopneumoniae/MHP_ncbi_dataset/ncbi_dataset/data/strains/KM014/Use/busco_downloads/lineages/mycoplasmatales_odb10/hmms/147at2085.hmm
# Target file:     /home/lgef/Documentos/GitHub/Project_doctoral/IMPLEMENTACAO/Genomes/M_hyopneumoniae/MHP_ncbi_dataset/ncbi_dataset/data/strains/KM014/Use/busco_complete/prodigal_output/predicted_genes/predicted.faa
# Option settings: hmmsearch --domtblout /home/lgef/Documentos/GitHub/Project_doctoral/IMPLEMENTACAO/Genomes/M_hyopneumoniae/MHP_ncbi_dataset/ncbi_dataset/data/strains/KM014/Use/busco_complete/run_mycoplasmatales_odb10/hmmer_output/147at2085.out --cpu 1 /home/lgef/Documentos/GitHub/Project_doctoral/IMPLEMENTACAO/Genomes/M_hyopneumoniae/MHP_ncbi_dataset/ncbi_dataset/data/strains/KM014/Use/busco_downloads/lineages/mycoplasmatales_odb10/hmms/147at2085.hmm /home/lgef/Documentos/GitHub/Project_doctoral/IMPLEMENTACAO/Genomes/M_hyopneumoniae/MHP_ncbi_dataset/ncbi_dataset/data/strains/KM014/Use/busco_complete/prodigal_output/predicted_genes/predicted.faa 
# Current dir:     /home/lgef/Documentos/GitHub/Project_doctoral/IMPLEMENTACAO/Genomes/M_hyopneumoniae/MHP_ncbi_dataset/ncbi_dataset/data/strains/KM014/Use
# Date:            Thu Nov 28 19:25:16 2024
# [ok]
