#                                                                                     --- full sequence --- -------------- this domain -------------   hmm coord   ali coord   env coord
# target name                 accession   tlen query name           accession   qlen   E-value  score  bias   #  of  c-Evalue  i-Evalue  score  bias  from    to  from    to  from    to  acc description of target
#         ------------------- ---------- ----- -------------------- ---------- ----- --------- ------ ----- --- --- --------- --------- ------ ----- ----- ----- ----- ----- ----- ----- ---- ---------------------
NZ_CP022714.1:425972-426853|- -            294 2656at2085           -            232   4.4e-67  221.5  10.3   1   2     7e-41     7e-39  129.2   4.2     1   122     9   134     9   156 0.90 NZ_CP022714.1_397 # 425972 # 426853 # -1 # ID=1_397;partial=00;start_type=ATG;rbs_motif=None;rbs_spacer=None;gc_cont=0.295
NZ_CP022714.1:425972-426853|- -            294 2656at2085           -            232   4.4e-67  221.5  10.3   2   2   8.5e-31   8.6e-29   96.2   0.4   119   232   159   293   147   293 0.82 NZ_CP022714.1_397 # 425972 # 426853 # -1 # ID=1_397;partial=00;start_type=ATG;rbs_motif=None;rbs_spacer=None;gc_cont=0.295
NZ_CP022714.1:284332-285633|+ -            434 2656at2085           -            232   5.5e-42  139.4   2.4   1   3   1.5e-21   1.5e-19   65.9   0.9     1   116     5   125     5   137 0.84 NZ_CP022714.1_261 # 284332 # 285633 # 1 # ID=1_261;partial=00;start_type=ATG;rbs_motif=3Base/5BMM;rbs_spacer=13-15bp;gc_cont=0.292
NZ_CP022714.1:284332-285633|+ -            434 2656at2085           -            232   5.5e-42  139.4   2.4   2   3   2.5e-23   2.5e-21   71.8   0.0     2   122   174   302   173   316 0.84 NZ_CP022714.1_261 # 284332 # 285633 # 1 # ID=1_261;partial=00;start_type=ATG;rbs_motif=3Base/5BMM;rbs_spacer=13-15bp;gc_cont=0.292
NZ_CP022714.1:284332-285633|+ -            434 2656at2085           -            232   5.5e-42  139.4   2.4   3   3      0.57        57   -1.4   0.1   116   145   329   358   316   365 0.62 NZ_CP022714.1_261 # 284332 # 285633 # 1 # ID=1_261;partial=00;start_type=ATG;rbs_motif=3Base/5BMM;rbs_spacer=13-15bp;gc_cont=0.292
NZ_CP022714.1:469353-470681|- -            443 2656at2085           -            232   4.5e-18   61.1   5.3   1   2      0.23        23   -0.1   0.3   168   200   127   159   113   196 0.65 NZ_CP022714.1_455 # 469353 # 470681 # -1 # ID=1_455;partial=00;start_type=TTG;rbs_motif=AGGAG;rbs_spacer=5-10bp;gc_cont=0.317
NZ_CP022714.1:469353-470681|- -            443 2656at2085           -            232   4.5e-18   61.1   5.3   2   2   4.5e-20   4.5e-18   61.1   5.3     2   116   220   338   219   381 0.79 NZ_CP022714.1_455 # 469353 # 470681 # -1 # ID=1_455;partial=00;start_type=TTG;rbs_motif=AGGAG;rbs_spacer=5-10bp;gc_cont=0.317
NZ_CP022714.1:801420-802016|- -            199 2656at2085           -            232   2.9e-12   42.1   2.3   1   1   3.7e-14   3.8e-12   41.7   2.3     2   132    41   179    40   197 0.71 NZ_CP022714.1_760 # 801420 # 802016 # -1 # ID=1_760;partial=00;start_type=ATG;rbs_motif=None;rbs_spacer=None;gc_cont=0.291
NZ_CP022714.1:348254-349045|+ -            264 2656at2085           -            232   1.8e-10   36.2   9.5   1   2     0.011       1.1    4.2   2.7    70   124     9    64     2   100 0.76 NZ_CP022714.1_318 # 348254 # 349045 # 1 # ID=1_318;partial=00;start_type=ATG;rbs_motif=GGA/GAG/AGG;rbs_spacer=3-4bp;gc_cont=0.269
NZ_CP022714.1:348254-349045|+ -            264 2656at2085           -            232   1.8e-10   36.2   9.5   2   2     2e-12     2e-10   36.1   0.6     3    66   115   174   113   239 0.92 NZ_CP022714.1_318 # 348254 # 349045 # 1 # ID=1_318;partial=00;start_type=ATG;rbs_motif=GGA/GAG/AGG;rbs_spacer=3-4bp;gc_cont=0.269
NZ_CP022714.1:246932-247615|+ -            228 2656at2085           -            232   4.1e-07   25.2   0.0   1   1   5.9e-09   5.9e-07   24.7   0.0     1    58   159   216   159   222 0.84 NZ_CP022714.1_219 # 246932 # 247615 # 1 # ID=1_219;partial=00;start_type=ATG;rbs_motif=AGGA;rbs_spacer=5-10bp;gc_cont=0.360
NZ_CP022714.1:583727-584008|- -             94 2656at2085           -            232   5.6e-06   21.5   0.0   1   1   6.7e-08   6.8e-06   21.3   0.0     2    44     6    48     5    63 0.84 NZ_CP022714.1_559 # 583727 # 584008 # -1 # ID=1_559;partial=00;start_type=ATG;rbs_motif=None;rbs_spacer=None;gc_cont=0.330
NZ_CP022714.1:44607-45296|-   -            230 2656at2085           -            232   0.00038   15.5   0.3   1   1   6.8e-06   0.00069   14.7   0.3     5   126     2   119     1   128 0.74 NZ_CP022714.1_43 # 44607 # 45296 # -1 # ID=1_43;partial=00;start_type=ATG;rbs_motif=None;rbs_spacer=None;gc_cont=0.377
NZ_CP022714.1:222282-222494|- -             71 2656at2085           -            232    0.0018   13.3   0.8   1   2       1.3   1.3e+02   -2.6   0.1    84    98     6    20     2    24 0.50 NZ_CP022714.1_194 # 222282 # 222494 # -1 # ID=1_194;partial=00;start_type=ATG;rbs_motif=None;rbs_spacer=None;gc_cont=0.305
NZ_CP022714.1:222282-222494|- -             71 2656at2085           -            232    0.0018   13.3   0.8   2   2   2.1e-05    0.0022   13.1   0.1     3    20    32    49    30    53 0.88 NZ_CP022714.1_194 # 222282 # 222494 # -1 # ID=1_194;partial=00;start_type=ATG;rbs_motif=None;rbs_spacer=None;gc_cont=0.305
#
# Program:         hmmsearch
# Version:         3.4 (Aug 2023)
# Pipeline mode:   SEARCH
# Query file:      /home/lgef/Documentos/GitHub/Project_doctoral/IMPLEMENTACAO/Genomes/M_hyopneumoniae/MHP_ncbi_dataset/ncbi_dataset/data/strains/KM014/Use/busco_downloads/lineages/mycoplasmatales_odb10/hmms/2656at2085.hmm
# Target file:     /home/lgef/Documentos/GitHub/Project_doctoral/IMPLEMENTACAO/Genomes/M_hyopneumoniae/MHP_ncbi_dataset/ncbi_dataset/data/strains/KM014/Use/busco_complete/prodigal_output/predicted_genes/predicted.faa
# Option settings: hmmsearch --domtblout /home/lgef/Documentos/GitHub/Project_doctoral/IMPLEMENTACAO/Genomes/M_hyopneumoniae/MHP_ncbi_dataset/ncbi_dataset/data/strains/KM014/Use/busco_complete/run_mycoplasmatales_odb10/hmmer_output/2656at2085.out --cpu 1 /home/lgef/Documentos/GitHub/Project_doctoral/IMPLEMENTACAO/Genomes/M_hyopneumoniae/MHP_ncbi_dataset/ncbi_dataset/data/strains/KM014/Use/busco_downloads/lineages/mycoplasmatales_odb10/hmms/2656at2085.hmm /home/lgef/Documentos/GitHub/Project_doctoral/IMPLEMENTACAO/Genomes/M_hyopneumoniae/MHP_ncbi_dataset/ncbi_dataset/data/strains/KM014/Use/busco_complete/prodigal_output/predicted_genes/predicted.faa 
# Current dir:     /home/lgef/Documentos/GitHub/Project_doctoral/IMPLEMENTACAO/Genomes/M_hyopneumoniae/MHP_ncbi_dataset/ncbi_dataset/data/strains/KM014/Use
# Date:            Thu Nov 28 19:25:17 2024
# [ok]
