#                                                                                     --- full sequence --- -------------- this domain -------------   hmm coord   ali coord   env coord
# target name                 accession   tlen query name           accession   qlen   E-value  score  bias   #  of  c-Evalue  i-Evalue  score  bias  from    to  from    to  from    to  acc description of target
#         ------------------- ---------- ----- -------------------- ---------- ----- --------- ------ ----- --- --- --------- --------- ------ ----- ----- ----- ----- ----- ----- ----- ---- ---------------------
NZ_CP022714.1:180847-182658|+ -            604 534at2085            -            678  7.5e-243  803.4  22.2   1   1  6.6e-245    1e-242  803.0  22.2    14   532    28   573     1   590 0.92 NZ_CP022714.1_154 # 180847 # 182658 # 1 # ID=1_154;partial=00;start_type=ATG;rbs_motif=AGGA;rbs_spacer=5-10bp;gc_cont=0.317
NZ_CP022714.1:231584-233263|- -            560 534at2085            -            678   1.2e-44  148.4   9.3   1   3   4.1e-26   6.2e-24   79.9   0.4     8   209    41   248    34   278 0.81 NZ_CP022714.1_205 # 231584 # 233263 # -1 # ID=1_205;partial=00;start_type=ATG;rbs_motif=AGGA;rbs_spacer=5-10bp;gc_cont=0.320
NZ_CP022714.1:231584-233263|- -            560 534at2085            -            678   1.2e-44  148.4   9.3   2   3   7.9e-21   1.2e-18   62.5   0.3   216   382   292   468   285   481 0.81 NZ_CP022714.1_205 # 231584 # 233263 # -1 # ID=1_205;partial=00;start_type=ATG;rbs_motif=AGGA;rbs_spacer=5-10bp;gc_cont=0.320
NZ_CP022714.1:231584-233263|- -            560 534at2085            -            678   1.2e-44  148.4   9.3   3   3   2.7e-05    0.0041   11.1   0.2   370   412   488   530   473   543 0.70 NZ_CP022714.1_205 # 231584 # 233263 # -1 # ID=1_205;partial=00;start_type=ATG;rbs_motif=AGGA;rbs_spacer=5-10bp;gc_cont=0.320
NZ_CP022714.1:137443-139815|- -            791 534at2085            -            678   3.9e-38  126.9  20.2   1   6   5.2e-13   7.8e-11   36.6   0.0    14   169    26   171    13   175 0.79 NZ_CP022714.1_119 # 137443 # 139815 # -1 # ID=1_119;partial=00;start_type=ATG;rbs_motif=GGA/GAG/AGG;rbs_spacer=5-10bp;gc_cont=0.307
NZ_CP022714.1:137443-139815|- -            791 534at2085            -            678   3.9e-38  126.9  20.2   2   6   1.2e-05    0.0018   12.3   0.2   308   365   177   233   170   238 0.89 NZ_CP022714.1_119 # 137443 # 139815 # -1 # ID=1_119;partial=00;start_type=ATG;rbs_motif=GGA/GAG/AGG;rbs_spacer=5-10bp;gc_cont=0.307
NZ_CP022714.1:137443-139815|- -            791 534at2085            -            678   3.9e-38  126.9  20.2   3   6     0.021       3.1    1.6   0.0   176   210   231   266   226   287 0.77 NZ_CP022714.1_119 # 137443 # 139815 # -1 # ID=1_119;partial=00;start_type=ATG;rbs_motif=GGA/GAG/AGG;rbs_spacer=5-10bp;gc_cont=0.307
NZ_CP022714.1:137443-139815|- -            791 534at2085            -            678   3.9e-38  126.9  20.2   4   6   1.4e-08   2.1e-06   22.0   0.1   216   300   302   391   295   397 0.86 NZ_CP022714.1_119 # 137443 # 139815 # -1 # ID=1_119;partial=00;start_type=ATG;rbs_motif=GGA/GAG/AGG;rbs_spacer=5-10bp;gc_cont=0.307
NZ_CP022714.1:137443-139815|- -            791 534at2085            -            678   3.9e-38  126.9  20.2   5   6   2.7e-05    0.0041   11.1   0.0   359   388   398   427   393   440 0.84 NZ_CP022714.1_119 # 137443 # 139815 # -1 # ID=1_119;partial=00;start_type=ATG;rbs_motif=GGA/GAG/AGG;rbs_spacer=5-10bp;gc_cont=0.307
NZ_CP022714.1:137443-139815|- -            791 534at2085            -            678   3.9e-38  126.9  20.2   6   6   3.3e-17     5e-15   50.5   6.1   437   596   530   705   500   778 0.74 NZ_CP022714.1_119 # 137443 # 139815 # -1 # ID=1_119;partial=00;start_type=ATG;rbs_motif=GGA/GAG/AGG;rbs_spacer=5-10bp;gc_cont=0.307
NZ_CP022714.1:182676-183314|+ -            213 534at2085            -            678   2.4e-21   71.4  21.0   1   2   2.4e-12   3.7e-10   34.4  13.2   552   658     4   141     1   157 0.64 NZ_CP022714.1_155 # 182676 # 183314 # 1 # ID=1_155;partial=00;start_type=GTG;rbs_motif=None;rbs_spacer=None;gc_cont=0.252
NZ_CP022714.1:182676-183314|+ -            213 534at2085            -            678   2.4e-21   71.4  21.0   2   2   7.6e-12   1.1e-09   32.8   4.6   625   678   156   209   134   209 0.84 NZ_CP022714.1_155 # 182676 # 183314 # 1 # ID=1_155;partial=00;start_type=GTG;rbs_motif=None;rbs_spacer=None;gc_cont=0.252
NZ_CP022714.1:736544-738085|+ -            514 534at2085            -            678     3e-12   41.3  22.6   1   2   1.1e-09   1.7e-07   25.6   2.3    29   155    14   128     2   146 0.78 NZ_CP022714.1_714 # 736544 # 738085 # 1 # ID=1_714;partial=00;start_type=ATG;rbs_motif=GGA/GAG/AGG;rbs_spacer=5-10bp;gc_cont=0.275
NZ_CP022714.1:736544-738085|+ -            514 534at2085            -            678     3e-12   41.3  22.6   2   2   4.7e-08   7.2e-06   20.2  12.7   312   561   151   392   127   471 0.66 NZ_CP022714.1_714 # 736544 # 738085 # 1 # ID=1_714;partial=00;start_type=ATG;rbs_motif=GGA/GAG/AGG;rbs_spacer=5-10bp;gc_cont=0.275
NZ_CP022714.1:230604-231503|- -            300 534at2085            -            678   2.8e-10   34.8  15.4   1   1   4.9e-12   7.4e-10   33.4  15.4   472   636     1   170     1   246 0.76 NZ_CP022714.1_204 # 230604 # 231503 # -1 # ID=1_204;partial=00;start_type=ATG;rbs_motif=GGA/GAG/AGG;rbs_spacer=5-10bp;gc_cont=0.280
#
# Program:         hmmsearch
# Version:         3.4 (Aug 2023)
# Pipeline mode:   SEARCH
# Query file:      /home/lgef/Documentos/GitHub/Project_doctoral/IMPLEMENTACAO/Genomes/M_hyopneumoniae/MHP_ncbi_dataset/ncbi_dataset/data/strains/KM014/Use/busco_downloads/lineages/mycoplasmatales_odb10/hmms/534at2085.hmm
# Target file:     /home/lgef/Documentos/GitHub/Project_doctoral/IMPLEMENTACAO/Genomes/M_hyopneumoniae/MHP_ncbi_dataset/ncbi_dataset/data/strains/KM014/Use/busco_complete/prodigal_output/predicted_genes/predicted.faa
# Option settings: hmmsearch --domtblout /home/lgef/Documentos/GitHub/Project_doctoral/IMPLEMENTACAO/Genomes/M_hyopneumoniae/MHP_ncbi_dataset/ncbi_dataset/data/strains/KM014/Use/busco_complete/run_mycoplasmatales_odb10/hmmer_output/534at2085.out --cpu 1 /home/lgef/Documentos/GitHub/Project_doctoral/IMPLEMENTACAO/Genomes/M_hyopneumoniae/MHP_ncbi_dataset/ncbi_dataset/data/strains/KM014/Use/busco_downloads/lineages/mycoplasmatales_odb10/hmms/534at2085.hmm /home/lgef/Documentos/GitHub/Project_doctoral/IMPLEMENTACAO/Genomes/M_hyopneumoniae/MHP_ncbi_dataset/ncbi_dataset/data/strains/KM014/Use/busco_complete/prodigal_output/predicted_genes/predicted.faa 
# Current dir:     /home/lgef/Documentos/GitHub/Project_doctoral/IMPLEMENTACAO/Genomes/M_hyopneumoniae/MHP_ncbi_dataset/ncbi_dataset/data/strains/KM014/Use
# Date:            Thu Nov 28 19:25:19 2024
# [ok]
