#                                                                                   --- full sequence --- -------------- this domain -------------   hmm coord   ali coord   env coord
# target name               accession   tlen query name           accession   qlen   E-value  score  bias   #  of  c-Evalue  i-Evalue  score  bias  from    to  from    to  from    to  acc description of target
#       ------------------- ---------- ----- -------------------- ---------- ----- --------- ------ ----- --- --- --------- --------- ------ ----- ----- ----- ----- ----- ----- ----- ---- ---------------------
seq00000012:10576-11904|-   -            443 1338at2085           -            333  2.8e-109  361.3  27.8   1   2  1.5e-103  1.4e-101  336.0  24.3     1   290     4   357     4   394 0.78 seq00000012_10 # 10576 # 11904 # -1 # ID=14_10;partial=00;start_type=TTG;rbs_motif=AGGAG;rbs_spacer=5-10bp;gc_cont=0.315
seq00000012:10576-11904|-   -            443 1338at2085           -            333  2.8e-109  361.3  27.8   2   2   6.7e-08   6.1e-06   21.6   0.1   300   333   405   442   370   442 0.88 seq00000012_10 # 10576 # 11904 # -1 # ID=14_10;partial=00;start_type=TTG;rbs_motif=AGGAG;rbs_spacer=5-10bp;gc_cont=0.315
scf00000000:433744-435072|+ -            443 1338at2085           -            333    3e-109  361.1  27.6   1   2  1.6e-103  1.4e-101  335.9  24.0     1   290     4   357     4   396 0.78 scf00000000_308 # 433744 # 435072 # 1 # ID=1_308;partial=00;start_type=TTG;rbs_motif=AGGAG;rbs_spacer=5-10bp;gc_cont=0.311
scf00000000:433744-435072|+ -            443 1338at2085           -            333    3e-109  361.1  27.6   2   2   7.5e-08   6.8e-06   21.4   0.1   300   333   405   442   392   442 0.87 scf00000000_308 # 433744 # 435072 # 1 # ID=1_308;partial=00;start_type=TTG;rbs_motif=AGGAG;rbs_spacer=5-10bp;gc_cont=0.311
scf00000000:579483-580784|- -            434 1338at2085           -            333   4.8e-41  136.9   3.4   1   2   6.9e-18   6.3e-16   54.4   0.8   179   329     5   160     2   162 0.85 scf00000000_448 # 579483 # 580784 # -1 # ID=1_448;partial=00;start_type=ATG;rbs_motif=None;rbs_spacer=None;gc_cont=0.294
scf00000000:579483-580784|- -            434 1338at2085           -            333   4.8e-41  136.9   3.4   2   2   2.2e-26     2e-24   82.3   0.0   176   323   170   316   151   318 0.74 scf00000000_448 # 579483 # 580784 # -1 # ID=1_448;partial=00;start_type=ATG;rbs_motif=None;rbs_spacer=None;gc_cont=0.294
seq00000008:29185-30066|+   -            294 1338at2085           -            333   1.1e-14   50.3   1.2   1   1     2e-16   1.8e-14   49.6   1.2   174   267     4    98     1   141 0.78 seq00000008_43 # 29185 # 30066 # 1 # ID=10_43;partial=00;start_type=ATG;rbs_motif=None;rbs_spacer=None;gc_cont=0.295
scf00000000:499230-500111|- -            294 1338at2085           -            333   1.1e-14   50.3   1.2   1   1     2e-16   1.8e-14   49.6   1.2   174   267     4    98     1   141 0.78 scf00000000_368 # 499230 # 500111 # -1 # ID=1_368;partial=00;start_type=ATG;rbs_motif=None;rbs_spacer=None;gc_cont=0.291
seq00000019:15132-15923|+   -            264 1338at2085           -            333   1.4e-09   33.5   0.2   1   2      0.36        33   -0.6   0.2   265   271    42    48     2    98 0.51 seq00000019_13 # 15132 # 15923 # 1 # ID=21_13;partial=00;start_type=ATG;rbs_motif=GGA/GAG/AGG;rbs_spacer=3-4bp;gc_cont=0.270
seq00000019:15132-15923|+   -            264 1338at2085           -            333   1.4e-09   33.5   0.2   2   2   3.6e-11   3.2e-09   32.3   0.1   151   234    80   164    30   180 0.76 seq00000019_13 # 15132 # 15923 # 1 # ID=21_13;partial=00;start_type=ATG;rbs_motif=GGA/GAG/AGG;rbs_spacer=3-4bp;gc_cont=0.270
scf00000000:560092-560883|- -            264 1338at2085           -            333   2.4e-09   32.8   0.2   1   1     6e-11   5.4e-09   31.6   0.1   151   234    80   164    29   180 0.75 scf00000000_431 # 560092 # 560883 # -1 # ID=1_431;partial=00;start_type=ATG;rbs_motif=GGA/GAG/AGG;rbs_spacer=3-4bp;gc_cont=0.264
scf00000000:96828-97424|+   -            199 1338at2085           -            333   3.7e-07   25.5   0.5   1   2     1e-08     9e-07   24.3   0.0   160   212    21    73    16    91 0.89 scf00000000_71 # 96828 # 97424 # 1 # ID=1_71;partial=00;start_type=ATG;rbs_motif=None;rbs_spacer=None;gc_cont=0.296
scf00000000:96828-97424|+   -            199 1338at2085           -            333   3.7e-07   25.5   0.5   2   2      0.48        44   -1.0   0.3    90    90   159   159    95   196 0.48 scf00000000_71 # 96828 # 97424 # 1 # ID=1_71;partial=00;start_type=ATG;rbs_motif=None;rbs_spacer=None;gc_cont=0.296
seq00000015:19713-20309|+   -            199 1338at2085           -            333   5.3e-07   25.0   0.1   1   2   1.8e-08   1.6e-06   23.4   0.0   161   212    22    73    16    91 0.87 seq00000015_16 # 19713 # 20309 # 1 # ID=17_16;partial=00;start_type=ATG;rbs_motif=None;rbs_spacer=None;gc_cont=0.293
seq00000015:19713-20309|+   -            199 1338at2085           -            333   5.3e-07   25.0   0.1   2   2      0.41        37   -0.8   0.1    90    90   159   159    94   196 0.49 seq00000015_16 # 19713 # 20309 # 1 # ID=17_16;partial=00;start_type=ATG;rbs_motif=None;rbs_spacer=None;gc_cont=0.293
scf00000000:616955-618214|- -            420 1338at2085           -            333     1e-05   20.8   0.3   1   1   2.3e-07   2.1e-05   19.8   0.1   178   307   158   288   150   304 0.77 scf00000000_480 # 616955 # 618214 # -1 # ID=1_480;partial=00;start_type=ATG;rbs_motif=AGGA;rbs_spacer=5-10bp;gc_cont=0.308
scf00000000:324755-325858|+ -            368 1338at2085           -            333   0.00013   17.1   0.9   1   1   2.9e-05    0.0026   12.9   0.9   177   283     3   128     1   156 0.59 scf00000000_225 # 324755 # 325858 # 1 # ID=1_225;partial=00;start_type=ATG;rbs_motif=None;rbs_spacer=None;gc_cont=0.295
seq00000006:5619-6722|+     -            368 1338at2085           -            333   0.00013   17.1   0.9   1   1   2.9e-05    0.0026   12.9   0.9   177   283     3   128     1   156 0.59 seq00000006_8 # 5619 # 6722 # 1 # ID=8_8;partial=00;start_type=ATG;rbs_motif=None;rbs_spacer=None;gc_cont=0.295
#
# Program:         hmmsearch
# Version:         3.4 (Aug 2023)
# Pipeline mode:   SEARCH
# Query file:      /home/lgef/Documentos/GitHub/Project_doctoral/IMPLEMENTACAO/Genomes/M_hyopneumoniae/MHP_ncbi_dataset/ncbi_dataset/data/strains/MHP694/Use/busco_downloads/lineages/mycoplasmatales_odb10/hmms/1338at2085.hmm
# Target file:     /home/lgef/Documentos/GitHub/Project_doctoral/IMPLEMENTACAO/Genomes/M_hyopneumoniae/MHP_ncbi_dataset/ncbi_dataset/data/strains/MHP694/Use/busco_complete/prodigal_output/predicted_genes/predicted.faa
# Option settings: hmmsearch --domtblout /home/lgef/Documentos/GitHub/Project_doctoral/IMPLEMENTACAO/Genomes/M_hyopneumoniae/MHP_ncbi_dataset/ncbi_dataset/data/strains/MHP694/Use/busco_complete/run_mycoplasmatales_odb10/hmmer_output/1338at2085.out --cpu 1 /home/lgef/Documentos/GitHub/Project_doctoral/IMPLEMENTACAO/Genomes/M_hyopneumoniae/MHP_ncbi_dataset/ncbi_dataset/data/strains/MHP694/Use/busco_downloads/lineages/mycoplasmatales_odb10/hmms/1338at2085.hmm /home/lgef/Documentos/GitHub/Project_doctoral/IMPLEMENTACAO/Genomes/M_hyopneumoniae/MHP_ncbi_dataset/ncbi_dataset/data/strains/MHP694/Use/busco_complete/prodigal_output/predicted_genes/predicted.faa 
# Current dir:     /home/lgef/Documentos/GitHub/Project_doctoral/IMPLEMENTACAO/Genomes/M_hyopneumoniae/MHP_ncbi_dataset/ncbi_dataset/data/strains/MHP694/Use
# Date:            Thu Nov 28 19:36:09 2024
# [ok]
