#                                                                                   --- full sequence --- -------------- this domain -------------   hmm coord   ali coord   env coord
# target name               accession   tlen query name           accession   qlen   E-value  score  bias   #  of  c-Evalue  i-Evalue  score  bias  from    to  from    to  from    to  acc description of target
#       ------------------- ---------- ----- -------------------- ---------- ----- --------- ------ ----- --- --- --------- --------- ------ ----- ----- ----- ----- ----- ----- ----- ---- ---------------------
scf00000000:631860-634520|+ -            887 157at2085            -            637  1.2e-233  773.0  38.1   1   4   8.1e-92   1.8e-89  296.7   1.5     1   221    19   274    19   287 0.85 scf00000000_490 # 631860 # 634520 # 1 # ID=1_490;partial=00;start_type=ATG;rbs_motif=AGGA;rbs_spacer=5-10bp;gc_cont=0.307
scf00000000:631860-634520|+ -            887 157at2085            -            637  1.2e-233  773.0  38.1   2   4  6.2e-132  1.3e-129  429.2   7.9   224   543   303   675   293   677 0.88 scf00000000_490 # 631860 # 634520 # 1 # ID=1_490;partial=00;start_type=ATG;rbs_motif=AGGA;rbs_spacer=5-10bp;gc_cont=0.307
scf00000000:631860-634520|+ -            887 157at2085            -            637  1.2e-233  773.0  38.1   3   4   5.3e-20   1.1e-17   59.4  10.4   510   602   669   772   665   809 0.81 scf00000000_490 # 631860 # 634520 # 1 # ID=1_490;partial=00;start_type=ATG;rbs_motif=AGGA;rbs_spacer=5-10bp;gc_cont=0.307
scf00000000:631860-634520|+ -            887 157at2085            -            637  1.2e-233  773.0  38.1   4   4     0.025       5.4    1.0   0.2   611   637   837   863   824   863 0.76 scf00000000_490 # 631860 # 634520 # 1 # ID=1_490;partial=00;start_type=ATG;rbs_motif=AGGA;rbs_spacer=5-10bp;gc_cont=0.307
seq00000001:60061-62529|-   -            823 157at2085            -            637   9.8e-45  148.8  32.3   1   2   7.1e-45   1.5e-42  141.6  23.6     8   531    17   586    10   599 0.75 seq00000001_50 # 60061 # 62529 # -1 # ID=4_50;partial=00;start_type=ATG;rbs_motif=AGGA;rbs_spacer=5-10bp;gc_cont=0.299
seq00000001:60061-62529|-   -            823 157at2085            -            637   9.8e-45  148.8  32.3   2   2   0.00021     0.046    7.9   2.6   513   588   593   666   588   700 0.72 seq00000001_50 # 60061 # 62529 # -1 # ID=4_50;partial=00;start_type=ATG;rbs_motif=AGGA;rbs_spacer=5-10bp;gc_cont=0.299
seq00000011:26224-28596|-   -            791 157at2085            -            637   7.1e-38  126.2   9.8   1   4   6.2e-15   1.3e-12   42.7   0.0    11   162    17   172    10   179 0.74 seq00000011_20 # 26224 # 28596 # -1 # ID=13_20;partial=00;start_type=ATG;rbs_motif=GGA/GAG/AGG;rbs_spacer=5-10bp;gc_cont=0.307
seq00000011:26224-28596|-   -            791 157at2085            -            637   7.1e-38  126.2   9.8   2   4      0.21        46   -2.0   0.0   297   321   180   204   175   231 0.88 seq00000011_20 # 26224 # 28596 # -1 # ID=13_20;partial=00;start_type=ATG;rbs_motif=GGA/GAG/AGG;rbs_spacer=5-10bp;gc_cont=0.307
seq00000011:26224-28596|-   -            791 157at2085            -            637   7.1e-38  126.2   9.8   3   4   1.6e-09   3.5e-07   24.8   0.2   321   411   385   480   378   494 0.62 seq00000011_20 # 26224 # 28596 # -1 # ID=13_20;partial=00;start_type=ATG;rbs_motif=GGA/GAG/AGG;rbs_spacer=5-10bp;gc_cont=0.307
seq00000011:26224-28596|-   -            791 157at2085            -            637   7.1e-38  126.2   9.8   4   4   9.6e-21   2.1e-18   61.9   1.5   435   607   540   722   496   736 0.75 seq00000011_20 # 26224 # 28596 # -1 # ID=13_20;partial=00;start_type=ATG;rbs_motif=GGA/GAG/AGG;rbs_spacer=5-10bp;gc_cont=0.307
seq00000017:15514-17055|-   -            514 157at2085            -            637     5e-17   57.3  13.8   1   4   1.7e-12   3.7e-10   34.6   1.0    33   170    13   151     2   160 0.72 seq00000017_14 # 15514 # 17055 # -1 # ID=19_14;partial=00;start_type=ATG;rbs_motif=GGA/GAG/AGG;rbs_spacer=5-10bp;gc_cont=0.273
seq00000017:15514-17055|-   -            514 157at2085            -            637     5e-17   57.3  13.8   2   4     0.073        16   -0.5   0.2   388   439   217   267   177   274 0.72 seq00000017_14 # 15514 # 17055 # -1 # ID=19_14;partial=00;start_type=ATG;rbs_motif=GGA/GAG/AGG;rbs_spacer=5-10bp;gc_cont=0.273
seq00000017:15514-17055|-   -            514 157at2085            -            637     5e-17   57.3  13.8   3   4   3.6e-11   7.8e-09   30.2   0.1   445   518   294   367   288   400 0.83 seq00000017_14 # 15514 # 17055 # -1 # ID=19_14;partial=00;start_type=ATG;rbs_motif=GGA/GAG/AGG;rbs_spacer=5-10bp;gc_cont=0.273
seq00000017:15514-17055|-   -            514 157at2085            -            637     5e-17   57.3  13.8   4   4      0.11        23   -1.1   0.2   518   589   401   480   392   503 0.47 seq00000017_14 # 15514 # 17055 # -1 # ID=19_14;partial=00;start_type=ATG;rbs_motif=GGA/GAG/AGG;rbs_spacer=5-10bp;gc_cont=0.273
scf00000000:160649-162190|- -            514 157at2085            -            637   9.2e-17   56.4   2.8   1   4   2.3e-12     5e-10   34.2   1.0    33   164    13   145     2   153 0.75 scf00000000_106 # 160649 # 162190 # -1 # ID=1_106;partial=00;start_type=ATG;rbs_motif=GGA/GAG/AGG;rbs_spacer=5-10bp;gc_cont=0.269
scf00000000:160649-162190|- -            514 157at2085            -            637   9.2e-17   56.4   2.8   2   4     0.073        16   -0.5   0.2   388   439   217   267   177   274 0.72 scf00000000_106 # 160649 # 162190 # -1 # ID=1_106;partial=00;start_type=ATG;rbs_motif=GGA/GAG/AGG;rbs_spacer=5-10bp;gc_cont=0.269
scf00000000:160649-162190|- -            514 157at2085            -            637   9.2e-17   56.4   2.8   3   4   3.7e-11   8.1e-09   30.2   0.0   445   516   294   365   284   386 0.82 scf00000000_106 # 160649 # 162190 # -1 # ID=1_106;partial=00;start_type=ATG;rbs_motif=GGA/GAG/AGG;rbs_spacer=5-10bp;gc_cont=0.269
scf00000000:160649-162190|- -            514 157at2085            -            637   9.2e-17   56.4   2.8   4   4      0.22        48   -2.1   1.2   518   589   401   480   392   503 0.47 scf00000000_106 # 160649 # 162190 # -1 # ID=1_106;partial=00;start_type=ATG;rbs_motif=GGA/GAG/AGG;rbs_spacer=5-10bp;gc_cont=0.269
#
# Program:         hmmsearch
# Version:         3.4 (Aug 2023)
# Pipeline mode:   SEARCH
# Query file:      /home/lgef/Documentos/GitHub/Project_doctoral/IMPLEMENTACAO/Genomes/M_hyopneumoniae/MHP_ncbi_dataset/ncbi_dataset/data/strains/MHP694/Use/busco_downloads/lineages/mycoplasmatales_odb10/hmms/157at2085.hmm
# Target file:     /home/lgef/Documentos/GitHub/Project_doctoral/IMPLEMENTACAO/Genomes/M_hyopneumoniae/MHP_ncbi_dataset/ncbi_dataset/data/strains/MHP694/Use/busco_complete/prodigal_output/predicted_genes/predicted.faa
# Option settings: hmmsearch --domtblout /home/lgef/Documentos/GitHub/Project_doctoral/IMPLEMENTACAO/Genomes/M_hyopneumoniae/MHP_ncbi_dataset/ncbi_dataset/data/strains/MHP694/Use/busco_complete/run_mycoplasmatales_odb10/hmmer_output/157at2085.out --cpu 1 /home/lgef/Documentos/GitHub/Project_doctoral/IMPLEMENTACAO/Genomes/M_hyopneumoniae/MHP_ncbi_dataset/ncbi_dataset/data/strains/MHP694/Use/busco_downloads/lineages/mycoplasmatales_odb10/hmms/157at2085.hmm /home/lgef/Documentos/GitHub/Project_doctoral/IMPLEMENTACAO/Genomes/M_hyopneumoniae/MHP_ncbi_dataset/ncbi_dataset/data/strains/MHP694/Use/busco_complete/prodigal_output/predicted_genes/predicted.faa 
# Current dir:     /home/lgef/Documentos/GitHub/Project_doctoral/IMPLEMENTACAO/Genomes/M_hyopneumoniae/MHP_ncbi_dataset/ncbi_dataset/data/strains/MHP694/Use
# Date:            Thu Nov 28 19:36:10 2024
# [ok]
