#                                                                                   --- full sequence --- -------------- this domain -------------   hmm coord   ali coord   env coord
# target name               accession   tlen query name           accession   qlen   E-value  score  bias   #  of  c-Evalue  i-Evalue  score  bias  from    to  from    to  from    to  acc description of target
#       ------------------- ---------- ----- -------------------- ---------- ----- --------- ------ ----- --- --- --------- --------- ------ ----- ----- ----- ----- ----- ----- ----- ---- ---------------------
seq00000019:15132-15923|+   -            264 1679at2085           -            265   1.5e-79  263.0  12.6   1   1   1.8e-81   1.6e-79  262.9  12.6    12   256     1   255     1   263 0.90 seq00000019_13 # 15132 # 15923 # 1 # ID=21_13;partial=00;start_type=ATG;rbs_motif=GGA/GAG/AGG;rbs_spacer=3-4bp;gc_cont=0.270
scf00000000:560092-560883|- -            264 1679at2085           -            265   1.8e-78  259.4  13.2   1   1   2.2e-80     2e-78  259.3  13.2    12   256     1   255     1   263 0.90 scf00000000_431 # 560092 # 560883 # -1 # ID=1_431;partial=00;start_type=ATG;rbs_motif=GGA/GAG/AGG;rbs_spacer=3-4bp;gc_cont=0.264
scf00000000:579483-580784|- -            434 1679at2085           -            265   3.8e-23   78.1  11.3   1   3   2.2e-11     2e-09   33.1   0.2   123   177     6    64     1    79 0.80 scf00000000_448 # 579483 # 580784 # -1 # ID=1_448;partial=00;start_type=ATG;rbs_motif=None;rbs_spacer=None;gc_cont=0.294
scf00000000:579483-580784|- -            434 1679at2085           -            265   3.8e-23   78.1  11.3   2   3   2.4e-12   2.1e-10   36.3   0.5    22   173    78   228    71   240 0.77 scf00000000_448 # 579483 # 580784 # -1 # ID=1_448;partial=00;start_type=ATG;rbs_motif=None;rbs_spacer=None;gc_cont=0.294
scf00000000:579483-580784|- -            434 1679at2085           -            265   3.8e-23   78.1  11.3   3   3   9.2e-06   0.00083   14.7   0.8    24   139   251   380   245   386 0.62 scf00000000_448 # 579483 # 580784 # -1 # ID=1_448;partial=00;start_type=ATG;rbs_motif=None;rbs_spacer=None;gc_cont=0.294
seq00000015:19713-20309|+   -            199 1679at2085           -            265     4e-13   45.2   5.7   1   2   1.1e-12     1e-10   37.3   0.1   123   172    41    91    32   110 0.90 seq00000015_16 # 19713 # 20309 # 1 # ID=17_16;partial=00;start_type=ATG;rbs_motif=None;rbs_spacer=None;gc_cont=0.293
seq00000015:19713-20309|+   -            199 1679at2085           -            265     4e-13   45.2   5.7   2   2    0.0003     0.028    9.7   2.1    25    97   118   195   107   198 0.78 seq00000015_16 # 19713 # 20309 # 1 # ID=17_16;partial=00;start_type=ATG;rbs_motif=None;rbs_spacer=None;gc_cont=0.293
scf00000000:96828-97424|+   -            199 1679at2085           -            265   4.6e-13   45.0   5.6   1   2   1.3e-12   1.2e-10   37.1   0.1   123   172    41    91    31   105 0.91 scf00000000_71 # 96828 # 97424 # 1 # ID=1_71;partial=00;start_type=ATG;rbs_motif=None;rbs_spacer=None;gc_cont=0.296
scf00000000:96828-97424|+   -            199 1679at2085           -            265   4.6e-13   45.0   5.6   2   2    0.0003     0.027    9.7   1.9    24    97   117   195   102   198 0.78 scf00000000_71 # 96828 # 97424 # 1 # ID=1_71;partial=00;start_type=ATG;rbs_motif=None;rbs_spacer=None;gc_cont=0.296
seq00000012:10576-11904|-   -            443 1679at2085           -            265   2.4e-12   42.6  16.2   1   3       1.6   1.4e+02   -2.5   0.1   231   258   137   164   114   170 0.58 seq00000012_10 # 10576 # 11904 # -1 # ID=14_10;partial=00;start_type=TTG;rbs_motif=AGGAG;rbs_spacer=5-10bp;gc_cont=0.315
seq00000012:10576-11904|-   -            443 1679at2085           -            265   2.4e-12   42.6  16.2   2   3   1.5e-13   1.4e-11   40.2   0.2    97   174   194   275   184   287 0.78 seq00000012_10 # 10576 # 11904 # -1 # ID=14_10;partial=00;start_type=TTG;rbs_motif=AGGAG;rbs_spacer=5-10bp;gc_cont=0.315
seq00000012:10576-11904|-   -            443 1679at2085           -            265   2.4e-12   42.6  16.2   3   3   0.00046     0.042    9.1   6.5    21   104   291   366   283   386 0.70 seq00000012_10 # 10576 # 11904 # -1 # ID=14_10;partial=00;start_type=TTG;rbs_motif=AGGAG;rbs_spacer=5-10bp;gc_cont=0.315
scf00000000:433744-435072|+ -            443 1679at2085           -            265     4e-12   41.9  16.3   1   3       1.6   1.4e+02   -2.5   0.1   231   258   137   164   114   170 0.58 scf00000000_308 # 433744 # 435072 # 1 # ID=1_308;partial=00;start_type=TTG;rbs_motif=AGGAG;rbs_spacer=5-10bp;gc_cont=0.311
scf00000000:433744-435072|+ -            443 1679at2085           -            265     4e-12   41.9  16.3   2   3   2.3e-13   2.1e-11   39.6   0.3    98   174   195   275   184   289 0.78 scf00000000_308 # 433744 # 435072 # 1 # ID=1_308;partial=00;start_type=TTG;rbs_motif=AGGAG;rbs_spacer=5-10bp;gc_cont=0.311
scf00000000:433744-435072|+ -            443 1679at2085           -            265     4e-12   41.9  16.3   3   3   0.00044     0.039    9.2   6.4    21   104   291   366   283   386 0.70 scf00000000_308 # 433744 # 435072 # 1 # ID=1_308;partial=00;start_type=TTG;rbs_motif=AGGAG;rbs_spacer=5-10bp;gc_cont=0.311
scf00000000:499230-500111|- -            294 1679at2085           -            265     2e-10   36.3   9.5   1   2   3.1e-11   2.8e-09   32.6   0.3   119   175     6    66     2    84 0.78 scf00000000_368 # 499230 # 500111 # -1 # ID=1_368;partial=00;start_type=ATG;rbs_motif=None;rbs_spacer=None;gc_cont=0.291
scf00000000:499230-500111|- -            294 1679at2085           -            265     2e-10   36.3   9.5   2   2    0.0019      0.17    7.1   3.9    47   103   108   169    77   190 0.77 scf00000000_368 # 499230 # 500111 # -1 # ID=1_368;partial=00;start_type=ATG;rbs_motif=None;rbs_spacer=None;gc_cont=0.291
seq00000008:29185-30066|+   -            294 1679at2085           -            265   2.1e-10   36.3   9.5   1   2   3.1e-11   2.8e-09   32.6   0.3   119   175     6    66     2    84 0.78 seq00000008_43 # 29185 # 30066 # 1 # ID=10_43;partial=00;start_type=ATG;rbs_motif=None;rbs_spacer=None;gc_cont=0.295
seq00000008:29185-30066|+   -            294 1679at2085           -            265   2.1e-10   36.3   9.5   2   2    0.0019      0.17    7.1   3.9    47   103   108   169    77   190 0.77 seq00000008_43 # 29185 # 30066 # 1 # ID=10_43;partial=00;start_type=ATG;rbs_motif=None;rbs_spacer=None;gc_cont=0.295
scf00000000:324755-325858|+ -            368 1679at2085           -            265     2e-05   20.0   0.1   1   1   5.1e-07   4.6e-05   18.8   0.1   119   155     2    37     1    47 0.85 scf00000000_225 # 324755 # 325858 # 1 # ID=1_225;partial=00;start_type=ATG;rbs_motif=None;rbs_spacer=None;gc_cont=0.295
seq00000006:5619-6722|+     -            368 1679at2085           -            265     2e-05   20.0   0.1   1   1   5.1e-07   4.6e-05   18.8   0.1   119   155     2    37     1    47 0.85 seq00000006_8 # 5619 # 6722 # 1 # ID=8_8;partial=00;start_type=ATG;rbs_motif=None;rbs_spacer=None;gc_cont=0.295
scf00000000:616955-618214|- -            420 1679at2085           -            265   2.8e-05   19.5  11.5   1   2   7.5e-07   6.7e-05   18.2   0.1   124   175   161   215   145   236 0.75 scf00000000_480 # 616955 # 618214 # -1 # ID=1_480;partial=00;start_type=ATG;rbs_motif=AGGA;rbs_spacer=5-10bp;gc_cont=0.308
scf00000000:616955-618214|- -            420 1679at2085           -            265   2.8e-05   19.5  11.5   2   2     0.051       4.6    2.4   8.1    39   121   257   343   253   346 0.84 scf00000000_480 # 616955 # 618214 # -1 # ID=1_480;partial=00;start_type=ATG;rbs_motif=AGGA;rbs_spacer=5-10bp;gc_cont=0.308
#
# Program:         hmmsearch
# Version:         3.4 (Aug 2023)
# Pipeline mode:   SEARCH
# Query file:      /home/lgef/Documentos/GitHub/Project_doctoral/IMPLEMENTACAO/Genomes/M_hyopneumoniae/MHP_ncbi_dataset/ncbi_dataset/data/strains/MHP694/Use/busco_downloads/lineages/mycoplasmatales_odb10/hmms/1679at2085.hmm
# Target file:     /home/lgef/Documentos/GitHub/Project_doctoral/IMPLEMENTACAO/Genomes/M_hyopneumoniae/MHP_ncbi_dataset/ncbi_dataset/data/strains/MHP694/Use/busco_complete/prodigal_output/predicted_genes/predicted.faa
# Option settings: hmmsearch --domtblout /home/lgef/Documentos/GitHub/Project_doctoral/IMPLEMENTACAO/Genomes/M_hyopneumoniae/MHP_ncbi_dataset/ncbi_dataset/data/strains/MHP694/Use/busco_complete/run_mycoplasmatales_odb10/hmmer_output/1679at2085.out --cpu 1 /home/lgef/Documentos/GitHub/Project_doctoral/IMPLEMENTACAO/Genomes/M_hyopneumoniae/MHP_ncbi_dataset/ncbi_dataset/data/strains/MHP694/Use/busco_downloads/lineages/mycoplasmatales_odb10/hmms/1679at2085.hmm /home/lgef/Documentos/GitHub/Project_doctoral/IMPLEMENTACAO/Genomes/M_hyopneumoniae/MHP_ncbi_dataset/ncbi_dataset/data/strains/MHP694/Use/busco_complete/prodigal_output/predicted_genes/predicted.faa 
# Current dir:     /home/lgef/Documentos/GitHub/Project_doctoral/IMPLEMENTACAO/Genomes/M_hyopneumoniae/MHP_ncbi_dataset/ncbi_dataset/data/strains/MHP694/Use
# Date:            Thu Nov 28 19:36:10 2024
# [ok]
