#                                                                                   --- full sequence --- -------------- this domain -------------   hmm coord   ali coord   env coord
# target name               accession   tlen query name           accession   qlen   E-value  score  bias   #  of  c-Evalue  i-Evalue  score  bias  from    to  from    to  from    to  acc description of target
#       ------------------- ---------- ----- -------------------- ---------- ----- --------- ------ ----- --- --- --------- --------- ------ ----- ----- ----- ----- ----- ----- ----- ---- ---------------------
scf00000000:324755-325858|+ -            368 1683at2085           -            284  2.7e-103  341.2  15.0   1   3   3.8e-71   4.2e-69  229.0   2.2     1   163     1   169     1   179 0.94 scf00000000_225 # 324755 # 325858 # 1 # ID=1_225;partial=00;start_type=ATG;rbs_motif=None;rbs_spacer=None;gc_cont=0.295
scf00000000:324755-325858|+ -            368 1683at2085           -            284  2.7e-103  341.2  15.0   2   3   1.4e-07   1.5e-05   20.4   0.2   155   187   182   214   167   220 0.81 scf00000000_225 # 324755 # 325858 # 1 # ID=1_225;partial=00;start_type=ATG;rbs_motif=None;rbs_spacer=None;gc_cont=0.295
scf00000000:324755-325858|+ -            368 1683at2085           -            284  2.7e-103  341.2  15.0   3   3   1.8e-31     2e-29   98.8   1.6   185   284   238   365   222   365 0.75 scf00000000_225 # 324755 # 325858 # 1 # ID=1_225;partial=00;start_type=ATG;rbs_motif=None;rbs_spacer=None;gc_cont=0.295
seq00000006:5619-6722|+     -            368 1683at2085           -            284  2.7e-103  341.2  15.0   1   3   3.8e-71   4.2e-69  229.0   2.2     1   163     1   169     1   179 0.94 seq00000006_8 # 5619 # 6722 # 1 # ID=8_8;partial=00;start_type=ATG;rbs_motif=None;rbs_spacer=None;gc_cont=0.295
seq00000006:5619-6722|+     -            368 1683at2085           -            284  2.7e-103  341.2  15.0   2   3   1.4e-07   1.5e-05   20.4   0.2   155   187   182   214   167   220 0.81 seq00000006_8 # 5619 # 6722 # 1 # ID=8_8;partial=00;start_type=ATG;rbs_motif=None;rbs_spacer=None;gc_cont=0.295
seq00000006:5619-6722|+     -            368 1683at2085           -            284  2.7e-103  341.2  15.0   3   3   1.8e-31     2e-29   98.8   1.6   185   284   238   365   222   365 0.75 seq00000006_8 # 5619 # 6722 # 1 # ID=8_8;partial=00;start_type=ATG;rbs_motif=None;rbs_spacer=None;gc_cont=0.295
scf00000000:616955-618214|- -            420 1683at2085           -            284   2.6e-16   55.8   5.4   1   1   5.7e-17   6.2e-15   51.2   5.5     4   135   158   274   155   347 0.82 scf00000000_480 # 616955 # 618214 # -1 # ID=1_480;partial=00;start_type=ATG;rbs_motif=AGGA;rbs_spacer=5-10bp;gc_cont=0.308
scf00000000:579483-580784|- -            434 1683at2085           -            284   1.1e-06   24.2   2.7   1   3   3.4e-05    0.0037   12.6   0.1     2    25     2    25     1    32 0.84 scf00000000_448 # 579483 # 580784 # -1 # ID=1_448;partial=00;start_type=ATG;rbs_motif=None;rbs_spacer=None;gc_cont=0.294
scf00000000:579483-580784|- -            434 1683at2085           -            284   1.1e-06   24.2   2.7   2   3   0.00066     0.072    8.4   0.0     3    22   171   190   169   253 0.82 scf00000000_448 # 579483 # 580784 # -1 # ID=1_448;partial=00;start_type=ATG;rbs_motif=None;rbs_spacer=None;gc_cont=0.294
scf00000000:579483-580784|- -            434 1683at2085           -            284   1.1e-06   24.2   2.7   3   3      0.13        14    0.9   0.1    27    80   273   329   269   360 0.69 scf00000000_448 # 579483 # 580784 # -1 # ID=1_448;partial=00;start_type=ATG;rbs_motif=None;rbs_spacer=None;gc_cont=0.294
seq00000012:10576-11904|-   -            443 1683at2085           -            284   5.2e-06   22.0   2.4   1   1   2.3e-06   0.00025   16.4   2.2     3   104   217   308   215   366 0.82 seq00000012_10 # 10576 # 11904 # -1 # ID=14_10;partial=00;start_type=TTG;rbs_motif=AGGAG;rbs_spacer=5-10bp;gc_cont=0.315
scf00000000:433744-435072|+ -            443 1683at2085           -            284   5.3e-06   21.9   2.4   1   1   2.3e-06   0.00025   16.4   2.2     3   104   217   308   215   366 0.82 scf00000000_308 # 433744 # 435072 # 1 # ID=1_308;partial=00;start_type=TTG;rbs_motif=AGGAG;rbs_spacer=5-10bp;gc_cont=0.311
scf00000000:499230-500111|- -            294 1683at2085           -            284   2.3e-05   19.8   0.1   1   1   4.9e-07   5.3e-05   18.7   0.1     5    26     9    30     6    55 0.85 scf00000000_368 # 499230 # 500111 # -1 # ID=1_368;partial=00;start_type=ATG;rbs_motif=None;rbs_spacer=None;gc_cont=0.291
seq00000008:29185-30066|+   -            294 1683at2085           -            284   2.3e-05   19.8   0.1   1   1   4.9e-07   5.3e-05   18.7   0.1     5    26     9    30     6    55 0.85 seq00000008_43 # 29185 # 30066 # 1 # ID=10_43;partial=00;start_type=ATG;rbs_motif=None;rbs_spacer=None;gc_cont=0.295
scf00000000:560092-560883|- -            264 1683at2085           -            284   8.1e-05   18.0   0.0   1   3      0.25        27   -0.1   1.1    79   150    29   103     8   107 0.64 scf00000000_431 # 560092 # 560883 # -1 # ID=1_431;partial=00;start_type=ATG;rbs_motif=GGA/GAG/AGG;rbs_spacer=3-4bp;gc_cont=0.264
scf00000000:560092-560883|- -            264 1683at2085           -            284   8.1e-05   18.0   0.0   2   3   7.5e-07   8.1e-05   18.0   0.0     2    27   110   135   109   156 0.85 scf00000000_431 # 560092 # 560883 # -1 # ID=1_431;partial=00;start_type=ATG;rbs_motif=GGA/GAG/AGG;rbs_spacer=3-4bp;gc_cont=0.264
scf00000000:560092-560883|- -            264 1683at2085           -            284   8.1e-05   18.0   0.0   3   3       1.4   1.6e+02   -2.6   0.1    30    30   205   205   176   242 0.47 scf00000000_431 # 560092 # 560883 # -1 # ID=1_431;partial=00;start_type=ATG;rbs_motif=GGA/GAG/AGG;rbs_spacer=3-4bp;gc_cont=0.264
seq00000019:15132-15923|+   -            264 1683at2085           -            284   8.7e-05   18.0   0.1   1   3      0.33        36   -0.5   0.9    83   149    33   102     7   107 0.56 seq00000019_13 # 15132 # 15923 # 1 # ID=21_13;partial=00;start_type=ATG;rbs_motif=GGA/GAG/AGG;rbs_spacer=3-4bp;gc_cont=0.270
seq00000019:15132-15923|+   -            264 1683at2085           -            284   8.7e-05   18.0   0.1   2   3     8e-07   8.7e-05   18.0   0.1     2    27   110   135   109   155 0.87 seq00000019_13 # 15132 # 15923 # 1 # ID=21_13;partial=00;start_type=ATG;rbs_motif=GGA/GAG/AGG;rbs_spacer=3-4bp;gc_cont=0.270
seq00000019:15132-15923|+   -            264 1683at2085           -            284   8.7e-05   18.0   0.1   3   3      0.88        95   -1.9   0.1    17    53   192   230   174   243 0.49 seq00000019_13 # 15132 # 15923 # 1 # ID=21_13;partial=00;start_type=ATG;rbs_motif=GGA/GAG/AGG;rbs_spacer=3-4bp;gc_cont=0.270
#
# Program:         hmmsearch
# Version:         3.4 (Aug 2023)
# Pipeline mode:   SEARCH
# Query file:      /home/lgef/Documentos/GitHub/Project_doctoral/IMPLEMENTACAO/Genomes/M_hyopneumoniae/MHP_ncbi_dataset/ncbi_dataset/data/strains/MHP694/Use/busco_downloads/lineages/mycoplasmatales_odb10/hmms/1683at2085.hmm
# Target file:     /home/lgef/Documentos/GitHub/Project_doctoral/IMPLEMENTACAO/Genomes/M_hyopneumoniae/MHP_ncbi_dataset/ncbi_dataset/data/strains/MHP694/Use/busco_complete/prodigal_output/predicted_genes/predicted.faa
# Option settings: hmmsearch --domtblout /home/lgef/Documentos/GitHub/Project_doctoral/IMPLEMENTACAO/Genomes/M_hyopneumoniae/MHP_ncbi_dataset/ncbi_dataset/data/strains/MHP694/Use/busco_complete/run_mycoplasmatales_odb10/hmmer_output/1683at2085.out --cpu 1 /home/lgef/Documentos/GitHub/Project_doctoral/IMPLEMENTACAO/Genomes/M_hyopneumoniae/MHP_ncbi_dataset/ncbi_dataset/data/strains/MHP694/Use/busco_downloads/lineages/mycoplasmatales_odb10/hmms/1683at2085.hmm /home/lgef/Documentos/GitHub/Project_doctoral/IMPLEMENTACAO/Genomes/M_hyopneumoniae/MHP_ncbi_dataset/ncbi_dataset/data/strains/MHP694/Use/busco_complete/prodigal_output/predicted_genes/predicted.faa 
# Current dir:     /home/lgef/Documentos/GitHub/Project_doctoral/IMPLEMENTACAO/Genomes/M_hyopneumoniae/MHP_ncbi_dataset/ncbi_dataset/data/strains/MHP694/Use
# Date:            Thu Nov 28 19:36:10 2024
# [ok]
