#                                                                                   --- full sequence --- -------------- this domain -------------   hmm coord   ali coord   env coord
# target name               accession   tlen query name           accession   qlen   E-value  score  bias   #  of  c-Evalue  i-Evalue  score  bias  from    to  from    to  from    to  acc description of target
#       ------------------- ---------- ----- -------------------- ---------- ----- --------- ------ ----- --- --- --------- --------- ------ ----- ----- ----- ----- ----- ----- ----- ---- ---------------------
scf00000000:616955-618214|- -            420 1851at2085           -            347  1.3e-133  441.2  13.8   1   2  1.6e-122  2.2e-120  397.8   7.0     1   297     1   317     1   325 0.92 scf00000000_480 # 616955 # 618214 # -1 # ID=1_480;partial=00;start_type=ATG;rbs_motif=AGGA;rbs_spacer=5-10bp;gc_cont=0.308
scf00000000:616955-618214|- -            420 1851at2085           -            347  1.3e-133  441.2  13.8   2   2   3.8e-16   5.1e-14   47.9   0.5   287   347   352   418   324   418 0.83 scf00000000_480 # 616955 # 618214 # -1 # ID=1_480;partial=00;start_type=ATG;rbs_motif=AGGA;rbs_spacer=5-10bp;gc_cont=0.308
scf00000000:324755-325858|+ -            368 1851at2085           -            347   1.1e-14   50.1   1.0   1   1   1.6e-14   2.2e-12   42.6   1.0   154   250     5   118     2   209 0.80 scf00000000_225 # 324755 # 325858 # 1 # ID=1_225;partial=00;start_type=ATG;rbs_motif=None;rbs_spacer=None;gc_cont=0.295
seq00000006:5619-6722|+     -            368 1851at2085           -            347   1.1e-14   50.1   1.0   1   1   1.6e-14   2.2e-12   42.6   1.0   154   250     5   118     2   209 0.80 seq00000006_8 # 5619 # 6722 # 1 # ID=8_8;partial=00;start_type=ATG;rbs_motif=None;rbs_spacer=None;gc_cont=0.295
scf00000000:579483-580784|- -            434 1851at2085           -            347   8.9e-09   30.7   0.2   1   2   1.3e-05    0.0018   13.3   0.1   153   273     4   124     1   153 0.73 scf00000000_448 # 579483 # 580784 # -1 # ID=1_448;partial=00;start_type=ATG;rbs_motif=None;rbs_spacer=None;gc_cont=0.294
scf00000000:579483-580784|- -            434 1851at2085           -            347   8.9e-09   30.7   0.2   2   2   3.8e-06   0.00051   15.1   0.0   145   278   164   300   156   308 0.80 scf00000000_448 # 579483 # 580784 # -1 # ID=1_448;partial=00;start_type=ATG;rbs_motif=None;rbs_spacer=None;gc_cont=0.294
seq00000019:15132-15923|+   -            264 1851at2085           -            347   3.7e-06   22.1   2.8   1   2     0.065       8.8    1.1   0.6   196   250    10    65     7   108 0.69 seq00000019_13 # 15132 # 15923 # 1 # ID=21_13;partial=00;start_type=ATG;rbs_motif=GGA/GAG/AGG;rbs_spacer=3-4bp;gc_cont=0.270
seq00000019:15132-15923|+   -            264 1851at2085           -            347   3.7e-06   22.1   2.8   2   2     5e-08   6.8e-06   21.2   0.1   156   296   115   251   100   261 0.86 seq00000019_13 # 15132 # 15923 # 1 # ID=21_13;partial=00;start_type=ATG;rbs_motif=GGA/GAG/AGG;rbs_spacer=3-4bp;gc_cont=0.270
scf00000000:560092-560883|- -            264 1851at2085           -            347   9.2e-06   20.8   2.4   1   2      0.11        16    0.3   0.4   197   249    11    64     7   108 0.63 scf00000000_431 # 560092 # 560883 # -1 # ID=1_431;partial=00;start_type=ATG;rbs_motif=GGA/GAG/AGG;rbs_spacer=3-4bp;gc_cont=0.264
scf00000000:560092-560883|- -            264 1851at2085           -            347   9.2e-06   20.8   2.4   2   2   8.5e-08   1.1e-05   20.5   0.1   156   296   115   251    98   261 0.86 scf00000000_431 # 560092 # 560883 # -1 # ID=1_431;partial=00;start_type=ATG;rbs_motif=GGA/GAG/AGG;rbs_spacer=3-4bp;gc_cont=0.264
scf00000000:499230-500111|- -            294 1851at2085           -            347   0.00077   14.5   1.7   1   1   8.2e-06    0.0011   13.9   1.7   148   302     3   157     1   163 0.78 scf00000000_368 # 499230 # 500111 # -1 # ID=1_368;partial=00;start_type=ATG;rbs_motif=None;rbs_spacer=None;gc_cont=0.291
seq00000008:29185-30066|+   -            294 1851at2085           -            347   0.00079   14.4   1.7   1   1   8.2e-06    0.0011   13.9   1.7   148   302     3   157     1   163 0.78 seq00000008_43 # 29185 # 30066 # 1 # ID=10_43;partial=00;start_type=ATG;rbs_motif=None;rbs_spacer=None;gc_cont=0.295
#
# Program:         hmmsearch
# Version:         3.4 (Aug 2023)
# Pipeline mode:   SEARCH
# Query file:      /home/lgef/Documentos/GitHub/Project_doctoral/IMPLEMENTACAO/Genomes/M_hyopneumoniae/MHP_ncbi_dataset/ncbi_dataset/data/strains/MHP694/Use/busco_downloads/lineages/mycoplasmatales_odb10/hmms/1851at2085.hmm
# Target file:     /home/lgef/Documentos/GitHub/Project_doctoral/IMPLEMENTACAO/Genomes/M_hyopneumoniae/MHP_ncbi_dataset/ncbi_dataset/data/strains/MHP694/Use/busco_complete/prodigal_output/predicted_genes/predicted.faa
# Option settings: hmmsearch --domtblout /home/lgef/Documentos/GitHub/Project_doctoral/IMPLEMENTACAO/Genomes/M_hyopneumoniae/MHP_ncbi_dataset/ncbi_dataset/data/strains/MHP694/Use/busco_complete/run_mycoplasmatales_odb10/hmmer_output/1851at2085.out --cpu 1 /home/lgef/Documentos/GitHub/Project_doctoral/IMPLEMENTACAO/Genomes/M_hyopneumoniae/MHP_ncbi_dataset/ncbi_dataset/data/strains/MHP694/Use/busco_downloads/lineages/mycoplasmatales_odb10/hmms/1851at2085.hmm /home/lgef/Documentos/GitHub/Project_doctoral/IMPLEMENTACAO/Genomes/M_hyopneumoniae/MHP_ncbi_dataset/ncbi_dataset/data/strains/MHP694/Use/busco_complete/prodigal_output/predicted_genes/predicted.faa 
# Current dir:     /home/lgef/Documentos/GitHub/Project_doctoral/IMPLEMENTACAO/Genomes/M_hyopneumoniae/MHP_ncbi_dataset/ncbi_dataset/data/strains/MHP694/Use
# Date:            Thu Nov 28 19:36:10 2024
# [ok]
