#                                                                                   --- full sequence --- -------------- this domain -------------   hmm coord   ali coord   env coord
# target name               accession   tlen query name           accession   qlen   E-value  score  bias   #  of  c-Evalue  i-Evalue  score  bias  from    to  from    to  from    to  acc description of target
#       ------------------- ---------- ----- -------------------- ---------- ----- --------- ------ ----- --- --- --------- --------- ------ ----- ----- ----- ----- ----- ----- ----- ---- ---------------------
seq00000008:29185-30066|+   -            294 2656at2085           -            232   8.2e-67  220.9  10.7   1   2   1.1e-40   8.4e-39  129.2   4.2     1   122     9   134     9   156 0.90 seq00000008_43 # 29185 # 30066 # 1 # ID=10_43;partial=00;start_type=ATG;rbs_motif=None;rbs_spacer=None;gc_cont=0.295
seq00000008:29185-30066|+   -            294 2656at2085           -            232   8.2e-67  220.9  10.7   2   2   1.7e-30   1.3e-28   95.8   0.5   119   232   159   293   147   293 0.82 seq00000008_43 # 29185 # 30066 # 1 # ID=10_43;partial=00;start_type=ATG;rbs_motif=None;rbs_spacer=None;gc_cont=0.295
scf00000000:499230-500111|- -            294 2656at2085           -            232   9.7e-67  220.6  11.6   1   2   1.1e-40   8.4e-39  129.2   4.2     1   122     9   134     9   156 0.90 scf00000000_368 # 499230 # 500111 # -1 # ID=1_368;partial=00;start_type=ATG;rbs_motif=None;rbs_spacer=None;gc_cont=0.291
scf00000000:499230-500111|- -            294 2656at2085           -            232   9.7e-67  220.6  11.6   2   2   1.3e-30   9.9e-29   96.2   0.8   119   232   159   293   147   293 0.81 scf00000000_368 # 499230 # 500111 # -1 # ID=1_368;partial=00;start_type=ATG;rbs_motif=None;rbs_spacer=None;gc_cont=0.291
scf00000000:579483-580784|- -            434 2656at2085           -            232   1.8e-41  137.9   1.9   1   3   7.7e-21     6e-19   64.2   0.7     1   114     5   123     5   137 0.84 scf00000000_448 # 579483 # 580784 # -1 # ID=1_448;partial=00;start_type=ATG;rbs_motif=None;rbs_spacer=None;gc_cont=0.294
scf00000000:579483-580784|- -            434 2656at2085           -            232   1.8e-41  137.9   1.9   2   3   3.9e-23     3e-21   71.7   0.0     2   121   174   301   173   317 0.84 scf00000000_448 # 579483 # 580784 # -1 # ID=1_448;partial=00;start_type=ATG;rbs_motif=None;rbs_spacer=None;gc_cont=0.294
scf00000000:579483-580784|- -            434 2656at2085           -            232   1.8e-41  137.9   1.9   3   3      0.83        64   -1.3   0.1   116   145   329   358   311   365 0.64 scf00000000_448 # 579483 # 580784 # -1 # ID=1_448;partial=00;start_type=ATG;rbs_motif=None;rbs_spacer=None;gc_cont=0.294
scf00000000:433744-435072|+ -            443 2656at2085           -            232   7.4e-18   60.7   5.8   1   2      0.37        28   -0.2   0.3   168   200   127   159   112   187 0.64 scf00000000_308 # 433744 # 435072 # 1 # ID=1_308;partial=00;start_type=TTG;rbs_motif=AGGAG;rbs_spacer=5-10bp;gc_cont=0.311
scf00000000:433744-435072|+ -            443 2656at2085           -            232   7.4e-18   60.7   5.8   2   2   9.5e-20   7.4e-18   60.7   5.8     2   116   220   338   219   384 0.79 scf00000000_308 # 433744 # 435072 # 1 # ID=1_308;partial=00;start_type=TTG;rbs_motif=AGGAG;rbs_spacer=5-10bp;gc_cont=0.311
seq00000012:10576-11904|-   -            443 2656at2085           -            232   7.4e-18   60.7   5.8   1   2      0.36        28   -0.1   0.2   168   200   127   159   113   190 0.64 seq00000012_10 # 10576 # 11904 # -1 # ID=14_10;partial=00;start_type=TTG;rbs_motif=AGGAG;rbs_spacer=5-10bp;gc_cont=0.315
seq00000012:10576-11904|-   -            443 2656at2085           -            232   7.4e-18   60.7   5.8   2   2   9.5e-20   7.4e-18   60.7   5.8     2   116   220   338   219   384 0.79 seq00000012_10 # 10576 # 11904 # -1 # ID=14_10;partial=00;start_type=TTG;rbs_motif=AGGAG;rbs_spacer=5-10bp;gc_cont=0.315
scf00000000:96828-97424|+   -            199 2656at2085           -            232   2.8e-12   42.4   2.1   1   1   4.7e-14   3.7e-12   42.0   2.1     2   132    41   179    40   197 0.71 scf00000000_71 # 96828 # 97424 # 1 # ID=1_71;partial=00;start_type=ATG;rbs_motif=None;rbs_spacer=None;gc_cont=0.296
seq00000015:19713-20309|+   -            199 2656at2085           -            232   3.5e-12   42.1   2.3   1   1   5.8e-14   4.5e-12   41.7   2.3     2   132    41   179    40   197 0.71 seq00000015_16 # 19713 # 20309 # 1 # ID=17_16;partial=00;start_type=ATG;rbs_motif=None;rbs_spacer=None;gc_cont=0.293
seq00000019:15132-15923|+   -            264 2656at2085           -            232   9.6e-11   37.4   9.2   1   2    0.0085      0.66    5.2   2.5    69   124     8    64     2   100 0.79 seq00000019_13 # 15132 # 15923 # 1 # ID=21_13;partial=00;start_type=ATG;rbs_motif=GGA/GAG/AGG;rbs_spacer=3-4bp;gc_cont=0.270
seq00000019:15132-15923|+   -            264 2656at2085           -            232   9.6e-11   37.4   9.2   2   2   3.1e-12   2.4e-10   36.1   0.6     3    66   115   174   113   239 0.92 seq00000019_13 # 15132 # 15923 # 1 # ID=21_13;partial=00;start_type=ATG;rbs_motif=GGA/GAG/AGG;rbs_spacer=3-4bp;gc_cont=0.270
scf00000000:560092-560883|- -            264 2656at2085           -            232   1.5e-10   36.8   9.4   1   2     0.018       1.4    4.2   2.7    70   124     9    64     2   100 0.76 scf00000000_431 # 560092 # 560883 # -1 # ID=1_431;partial=00;start_type=ATG;rbs_motif=GGA/GAG/AGG;rbs_spacer=3-4bp;gc_cont=0.264
scf00000000:560092-560883|- -            264 2656at2085           -            232   1.5e-10   36.8   9.4   2   2   2.5e-12     2e-10   36.4   0.2     3    66   115   174   113   180 0.88 scf00000000_431 # 560092 # 560883 # -1 # ID=1_431;partial=00;start_type=ATG;rbs_motif=GGA/GAG/AGG;rbs_spacer=3-4bp;gc_cont=0.264
scf00000000:616955-618214|- -            420 2656at2085           -            232   9.4e-09   30.9   0.8   1   1   2.4e-10   1.8e-08   29.9   0.7     1   111   159   274   159   321 0.75 scf00000000_480 # 616955 # 618214 # -1 # ID=1_480;partial=00;start_type=ATG;rbs_motif=AGGA;rbs_spacer=5-10bp;gc_cont=0.308
scf00000000:324755-325858|+ -            368 2656at2085           -            232   3.8e-08   28.9   3.0   1   1   1.1e-08   8.6e-07   24.4   2.5     2   143     6   162     5   214 0.71 scf00000000_225 # 324755 # 325858 # 1 # ID=1_225;partial=00;start_type=ATG;rbs_motif=None;rbs_spacer=None;gc_cont=0.295
seq00000006:5619-6722|+     -            368 2656at2085           -            232   3.8e-08   28.9   3.0   1   1   1.1e-08   8.6e-07   24.4   2.5     2   143     6   162     5   214 0.71 seq00000006_8 # 5619 # 6722 # 1 # ID=8_8;partial=00;start_type=ATG;rbs_motif=None;rbs_spacer=None;gc_cont=0.295
scf00000000:496053-496910|- -            286 2656at2085           -            232   3.6e-06   22.4   7.4   1   2     0.036       2.8    3.1   2.0    57   113    83   140    52   154 0.68 scf00000000_364 # 496053 # 496910 # -1 # ID=1_364;partial=00;start_type=ATG;rbs_motif=None;rbs_spacer=None;gc_cont=0.279
scf00000000:496053-496910|- -            286 2656at2085           -            232   3.6e-06   22.4   7.4   2   2   5.3e-08   4.1e-06   22.2   0.3     3    68   157   224   155   235 0.72 scf00000000_364 # 496053 # 496910 # -1 # ID=1_364;partial=00;start_type=ATG;rbs_motif=None;rbs_spacer=None;gc_cont=0.279
seq00000008:32388-33245|+   -            286 2656at2085           -            232   4.6e-06   22.1   0.4   1   2     0.048       3.7    2.7   2.7    57   115    83   142    54   157 0.69 seq00000008_47 # 32388 # 33245 # 1 # ID=10_47;partial=00;start_type=ATG;rbs_motif=None;rbs_spacer=None;gc_cont=0.276
seq00000008:32388-33245|+   -            286 2656at2085           -            232   4.6e-06   22.1   0.4   2   2   5.9e-08   4.6e-06   22.1   0.4     3    68   157   224   155   235 0.72 seq00000008_47 # 32388 # 33245 # 1 # ID=10_47;partial=00;start_type=ATG;rbs_motif=None;rbs_spacer=None;gc_cont=0.276
#
# Program:         hmmsearch
# Version:         3.4 (Aug 2023)
# Pipeline mode:   SEARCH
# Query file:      /home/lgef/Documentos/GitHub/Project_doctoral/IMPLEMENTACAO/Genomes/M_hyopneumoniae/MHP_ncbi_dataset/ncbi_dataset/data/strains/MHP694/Use/busco_downloads/lineages/mycoplasmatales_odb10/hmms/2656at2085.hmm
# Target file:     /home/lgef/Documentos/GitHub/Project_doctoral/IMPLEMENTACAO/Genomes/M_hyopneumoniae/MHP_ncbi_dataset/ncbi_dataset/data/strains/MHP694/Use/busco_complete/prodigal_output/predicted_genes/predicted.faa
# Option settings: hmmsearch --domtblout /home/lgef/Documentos/GitHub/Project_doctoral/IMPLEMENTACAO/Genomes/M_hyopneumoniae/MHP_ncbi_dataset/ncbi_dataset/data/strains/MHP694/Use/busco_complete/run_mycoplasmatales_odb10/hmmer_output/2656at2085.out --cpu 1 /home/lgef/Documentos/GitHub/Project_doctoral/IMPLEMENTACAO/Genomes/M_hyopneumoniae/MHP_ncbi_dataset/ncbi_dataset/data/strains/MHP694/Use/busco_downloads/lineages/mycoplasmatales_odb10/hmms/2656at2085.hmm /home/lgef/Documentos/GitHub/Project_doctoral/IMPLEMENTACAO/Genomes/M_hyopneumoniae/MHP_ncbi_dataset/ncbi_dataset/data/strains/MHP694/Use/busco_complete/prodigal_output/predicted_genes/predicted.faa 
# Current dir:     /home/lgef/Documentos/GitHub/Project_doctoral/IMPLEMENTACAO/Genomes/M_hyopneumoniae/MHP_ncbi_dataset/ncbi_dataset/data/strains/MHP694/Use
# Date:            Thu Nov 28 19:36:11 2024
# [ok]
