#                                                                                   --- full sequence --- -------------- this domain -------------   hmm coord   ali coord   env coord
# target name               accession   tlen query name           accession   qlen   E-value  score  bias   #  of  c-Evalue  i-Evalue  score  bias  from    to  from    to  from    to  acc description of target
#       ------------------- ---------- ----- -------------------- ---------- ----- --------- ------ ----- --- --- --------- --------- ------ ----- ----- ----- ----- ----- ----- ----- ---- ---------------------
scf00000000:60496-61416|+   -            307 2666at2085           -            250   1.5e-91  301.9   0.2   1   1   7.5e-93   8.1e-91  299.6   0.2     1   248     5   285     5   288 0.89 scf00000000_43 # 60496 # 61416 # 1 # ID=1_43;partial=00;start_type=ATG;rbs_motif=None;rbs_spacer=None;gc_cont=0.327
scf00000000:130285-131211|+ -            309 2666at2085           -            250   3.5e-30  100.9   0.5   1   2   3.1e-14   3.4e-12   42.0   0.0     6    77    32   105    30   131 0.83 scf00000000_80 # 130285 # 131211 # 1 # ID=1_80;partial=00;start_type=ATG;rbs_motif=None;rbs_spacer=None;gc_cont=0.323
scf00000000:130285-131211|+ -            309 2666at2085           -            250   3.5e-30  100.9   0.5   2   2   1.2e-18   1.3e-16   56.6   0.5   133   241   193   306   174   308 0.84 scf00000000_80 # 130285 # 131211 # 1 # ID=1_80;partial=00;start_type=ATG;rbs_motif=None;rbs_spacer=None;gc_cont=0.323
seq00000010:27816-28742|+   -            309 2666at2085           -            250   6.9e-29   96.7   0.6   1   3   5.1e-13   5.5e-11   38.1   0.0     6    77    32   105    30   130 0.83 seq00000010_10 # 27816 # 28742 # 1 # ID=12_10;partial=00;start_type=ATG;rbs_motif=None;rbs_spacer=None;gc_cont=0.323
seq00000010:27816-28742|+   -            309 2666at2085           -            250   6.9e-29   96.7   0.6   2   3      0.44        48   -1.0   0.1   138   188   127   174   103   181 0.46 seq00000010_10 # 27816 # 28742 # 1 # ID=12_10;partial=00;start_type=ATG;rbs_motif=None;rbs_spacer=None;gc_cont=0.323
seq00000010:27816-28742|+   -            309 2666at2085           -            250   6.9e-29   96.7   0.6   3   3   1.6e-18   1.7e-16   56.1   0.3   133   241   193   306   174   308 0.83 seq00000010_10 # 27816 # 28742 # 1 # ID=12_10;partial=00;start_type=ATG;rbs_motif=None;rbs_spacer=None;gc_cont=0.323
scf00000000:50204-51007|-   -            268 2666at2085           -            250   3.9e-24   81.2   9.0   1   1   1.1e-24   1.2e-22   76.3   9.0     2   245     2   264     1   266 0.71 scf00000000_35 # 50204 # 51007 # -1 # ID=1_35;partial=00;start_type=ATG;rbs_motif=None;rbs_spacer=None;gc_cont=0.294
scf00000000:435061-435891|- -            277 2666at2085           -            250   3.4e-22   74.8   5.3   1   1   7.4e-24     8e-22   73.6   5.3     3   246     2   272     1   274 0.74 scf00000000_309 # 435061 # 435891 # -1 # ID=1_309;partial=00;start_type=ATG;rbs_motif=AGGA;rbs_spacer=5-10bp;gc_cont=0.309
seq00000012:9757-10587|+    -            277 2666at2085           -            250   1.9e-21   72.4   4.4   1   1   1.1e-22   1.2e-20   69.8   4.4     3   246     2   272     1   274 0.73 seq00000012_9 # 9757 # 10587 # 1 # ID=14_9;partial=00;start_type=ATG;rbs_motif=AGGA;rbs_spacer=5-10bp;gc_cont=0.315
seq00000001:27971-29311|-   -            447 2666at2085           -            250   2.1e-17   59.1   8.5   1   2     2e-19   2.1e-17   59.1   8.5     6   245     6   265     3   269 0.74 seq00000001_24 # 27971 # 29311 # -1 # ID=4_24;partial=00;start_type=ATG;rbs_motif=GGA/GAG/AGG;rbs_spacer=5-10bp;gc_cont=0.245
seq00000001:27971-29311|-   -            447 2666at2085           -            250   2.1e-17   59.1   8.5   2   2      0.09       9.8    1.2   1.1   104   152   363   414   326   444 0.72 seq00000001_24 # 27971 # 29311 # -1 # ID=4_24;partial=00;start_type=ATG;rbs_motif=GGA/GAG/AGG;rbs_spacer=5-10bp;gc_cont=0.245
scf00000000:241650-242990|+ -            447 2666at2085           -            250   2.1e-17   59.1   8.4   1   2     2e-19   2.1e-17   59.1   8.4     6   244     6   264     3   269 0.74 scf00000000_164 # 241650 # 242990 # 1 # ID=1_164;partial=00;start_type=ATG;rbs_motif=GGA/GAG/AGG;rbs_spacer=5-10bp;gc_cont=0.248
scf00000000:241650-242990|+ -            447 2666at2085           -            250   2.1e-17   59.1   8.4   2   2      0.14        15    0.6   0.9   104   152   363   414   325   443 0.70 scf00000000_164 # 241650 # 242990 # 1 # ID=1_164;partial=00;start_type=ATG;rbs_motif=GGA/GAG/AGG;rbs_spacer=5-10bp;gc_cont=0.248
scf00000000:340198-341007|- -            270 2666at2085           -            250   3.6e-17   58.3   3.6   1   2   2.7e-05    0.0029   12.8   0.1     4    79     5    80     2    94 0.80 scf00000000_241 # 340198 # 341007 # -1 # ID=1_241;partial=00;start_type=ATG;rbs_motif=None;rbs_spacer=None;gc_cont=0.300
scf00000000:340198-341007|- -            270 2666at2085           -            250   3.6e-17   58.3   3.6   2   2   1.3e-15   1.4e-13   46.5   0.7   107   223   132   242   104   263 0.81 scf00000000_241 # 340198 # 341007 # -1 # ID=1_241;partial=00;start_type=ATG;rbs_motif=None;rbs_spacer=None;gc_cont=0.300
seq00000006:21911-22720|-   -            270 2666at2085           -            250     6e-17   57.6   3.3   1   2   3.6e-05    0.0039   12.4   0.1     4    79     5    80     2    94 0.80 seq00000006_25 # 21911 # 22720 # -1 # ID=8_25;partial=00;start_type=ATG;rbs_motif=None;rbs_spacer=None;gc_cont=0.299
seq00000006:21911-22720|-   -            270 2666at2085           -            250     6e-17   57.6   3.3   2   2   1.9e-15   2.1e-13   46.0   0.6   107   223   132   242   104   263 0.81 seq00000006_25 # 21911 # 22720 # -1 # ID=8_25;partial=00;start_type=ATG;rbs_motif=None;rbs_spacer=None;gc_cont=0.299
#
# Program:         hmmsearch
# Version:         3.4 (Aug 2023)
# Pipeline mode:   SEARCH
# Query file:      /home/lgef/Documentos/GitHub/Project_doctoral/IMPLEMENTACAO/Genomes/M_hyopneumoniae/MHP_ncbi_dataset/ncbi_dataset/data/strains/MHP694/Use/busco_downloads/lineages/mycoplasmatales_odb10/hmms/2666at2085.hmm
# Target file:     /home/lgef/Documentos/GitHub/Project_doctoral/IMPLEMENTACAO/Genomes/M_hyopneumoniae/MHP_ncbi_dataset/ncbi_dataset/data/strains/MHP694/Use/busco_complete/prodigal_output/predicted_genes/predicted.faa
# Option settings: hmmsearch --domtblout /home/lgef/Documentos/GitHub/Project_doctoral/IMPLEMENTACAO/Genomes/M_hyopneumoniae/MHP_ncbi_dataset/ncbi_dataset/data/strains/MHP694/Use/busco_complete/run_mycoplasmatales_odb10/hmmer_output/2666at2085.out --cpu 1 /home/lgef/Documentos/GitHub/Project_doctoral/IMPLEMENTACAO/Genomes/M_hyopneumoniae/MHP_ncbi_dataset/ncbi_dataset/data/strains/MHP694/Use/busco_downloads/lineages/mycoplasmatales_odb10/hmms/2666at2085.hmm /home/lgef/Documentos/GitHub/Project_doctoral/IMPLEMENTACAO/Genomes/M_hyopneumoniae/MHP_ncbi_dataset/ncbi_dataset/data/strains/MHP694/Use/busco_complete/prodigal_output/predicted_genes/predicted.faa 
# Current dir:     /home/lgef/Documentos/GitHub/Project_doctoral/IMPLEMENTACAO/Genomes/M_hyopneumoniae/MHP_ncbi_dataset/ncbi_dataset/data/strains/MHP694/Use
# Date:            Thu Nov 28 19:36:11 2024
# [ok]
