#                                                                                   --- full sequence --- -------------- this domain -------------   hmm coord   ali coord   env coord
# target name               accession   tlen query name           accession   qlen   E-value  score  bias   #  of  c-Evalue  i-Evalue  score  bias  from    to  from    to  from    to  acc description of target
#       ------------------- ---------- ----- -------------------- ---------- ----- --------- ------ ----- --- --- --------- --------- ------ ----- ----- ----- ----- ----- ----- ----- ---- ---------------------
seq00000011:18529-19287|-   -            253 3504at2085           -            172     3e-56  185.8   5.5   1   2    0.0021      0.45    6.2   0.0     1    31     5    37     5    48 0.77 seq00000011_13 # 18529 # 19287 # -1 # ID=13_13;partial=00;start_type=ATG;rbs_motif=None;rbs_spacer=None;gc_cont=0.289
seq00000011:18529-19287|-   -            253 3504at2085           -            172     3e-56  185.8   5.5   2   2   4.2e-56     9e-54  177.7   5.0    15   170    47   222    37   224 0.85 seq00000011_13 # 18529 # 19287 # -1 # ID=13_13;partial=00;start_type=ATG;rbs_motif=None;rbs_spacer=None;gc_cont=0.289
scf00000000:489048-489803|+ -            252 3504at2085           -            172   7.3e-18   60.8   2.1   1   1   1.5e-19   3.2e-17   58.7   1.8    32   170    99   245    64   247 0.73 scf00000000_356 # 489048 # 489803 # 1 # ID=1_356;partial=00;start_type=ATG;rbs_motif=4Base/6BMM;rbs_spacer=13-15bp;gc_cont=0.251
seq00000007:2231-2986|-     -            252 3504at2085           -            172   7.7e-18   60.8   2.1   1   1   1.7e-19   3.7e-17   58.5   2.0    32   170    99   245    56   247 0.74 seq00000007_4 # 2231 # 2986 # -1 # ID=9_4;partial=00;start_type=ATG;rbs_motif=4Base/6BMM;rbs_spacer=13-15bp;gc_cont=0.255
seq00000007:2976-3500|-     -            175 3504at2085           -            172   2.2e-06   23.5   0.0   1   2   0.00038     0.082    8.6   0.0    54    73    14    34     3    63 0.85 seq00000007_5 # 2976 # 3500 # -1 # ID=9_5;partial=00;start_type=ATG;rbs_motif=GGA/GAG/AGG;rbs_spacer=5-10bp;gc_cont=0.307
seq00000007:2976-3500|-     -            175 3504at2085           -            172   2.2e-06   23.5   0.0   2   2   1.5e-05    0.0033   13.1   0.0   120   171    94   149    83   150 0.79 seq00000007_5 # 2976 # 3500 # -1 # ID=9_5;partial=00;start_type=ATG;rbs_motif=GGA/GAG/AGG;rbs_spacer=5-10bp;gc_cont=0.307
scf00000000:488534-489058|+ -            175 3504at2085           -            172   3.6e-06   22.8   0.0   1   2   0.00038     0.082    8.6   0.0    54    73    14    34     3    63 0.85 scf00000000_355 # 488534 # 489058 # 1 # ID=1_355;partial=00;start_type=ATG;rbs_motif=GGA/GAG/AGG;rbs_spacer=5-10bp;gc_cont=0.305
scf00000000:488534-489058|+ -            175 3504at2085           -            172   3.6e-06   22.8   0.0   2   2   2.5e-05    0.0055   12.4   0.0   120   171    94   149    83   150 0.79 scf00000000_355 # 488534 # 489058 # 1 # ID=1_355;partial=00;start_type=ATG;rbs_motif=GGA/GAG/AGG;rbs_spacer=5-10bp;gc_cont=0.305
#
# Program:         hmmsearch
# Version:         3.4 (Aug 2023)
# Pipeline mode:   SEARCH
# Query file:      /home/lgef/Documentos/GitHub/Project_doctoral/IMPLEMENTACAO/Genomes/M_hyopneumoniae/MHP_ncbi_dataset/ncbi_dataset/data/strains/MHP694/Use/busco_downloads/lineages/mycoplasmatales_odb10/hmms/3504at2085.hmm
# Target file:     /home/lgef/Documentos/GitHub/Project_doctoral/IMPLEMENTACAO/Genomes/M_hyopneumoniae/MHP_ncbi_dataset/ncbi_dataset/data/strains/MHP694/Use/busco_complete/prodigal_output/predicted_genes/predicted.faa
# Option settings: hmmsearch --domtblout /home/lgef/Documentos/GitHub/Project_doctoral/IMPLEMENTACAO/Genomes/M_hyopneumoniae/MHP_ncbi_dataset/ncbi_dataset/data/strains/MHP694/Use/busco_complete/run_mycoplasmatales_odb10/hmmer_output/3504at2085.out --cpu 1 /home/lgef/Documentos/GitHub/Project_doctoral/IMPLEMENTACAO/Genomes/M_hyopneumoniae/MHP_ncbi_dataset/ncbi_dataset/data/strains/MHP694/Use/busco_downloads/lineages/mycoplasmatales_odb10/hmms/3504at2085.hmm /home/lgef/Documentos/GitHub/Project_doctoral/IMPLEMENTACAO/Genomes/M_hyopneumoniae/MHP_ncbi_dataset/ncbi_dataset/data/strains/MHP694/Use/busco_complete/prodigal_output/predicted_genes/predicted.faa 
# Current dir:     /home/lgef/Documentos/GitHub/Project_doctoral/IMPLEMENTACAO/Genomes/M_hyopneumoniae/MHP_ncbi_dataset/ncbi_dataset/data/strains/MHP694/Use
# Date:            Thu Nov 28 19:36:12 2024
# [ok]
