#                                                                                   --- full sequence --- -------------- this domain -------------   hmm coord   ali coord   env coord
# target name               accession   tlen query name           accession   qlen   E-value  score  bias   #  of  c-Evalue  i-Evalue  score  bias  from    to  from    to  from    to  acc description of target
#       ------------------- ---------- ----- -------------------- ---------- ----- --------- ------ ----- --- --- --------- --------- ------ ----- ----- ----- ----- ----- ----- ----- ---- ---------------------
scf00000000:496053-496910|- -            286 3843at2085           -            213   1.2e-66  220.3   7.1   1   1   2.8e-68   1.8e-66  219.6   7.1    13   211    37   278    32   280 0.89 scf00000000_364 # 496053 # 496910 # -1 # ID=1_364;partial=00;start_type=ATG;rbs_motif=None;rbs_spacer=None;gc_cont=0.279
seq00000008:32388-33245|+   -            286 3843at2085           -            213   2.5e-66  219.2   6.6   1   1   6.2e-68     4e-66  218.5   6.6    13   211    37   278    32   280 0.89 seq00000008_47 # 32388 # 33245 # 1 # ID=10_47;partial=00;start_type=ATG;rbs_motif=None;rbs_spacer=None;gc_cont=0.276
scf00000000:499230-500111|- -            294 3843at2085           -            213   3.9e-07   25.8   5.1   1   2   3.4e-06   0.00022   16.8   0.1   108   172     6    73     1    82 0.73 scf00000000_368 # 499230 # 500111 # -1 # ID=1_368;partial=00;start_type=ATG;rbs_motif=None;rbs_spacer=None;gc_cont=0.291
scf00000000:499230-500111|- -            294 3843at2085           -            213   3.9e-07   25.8   5.1   2   2   0.00011    0.0072   11.8   2.5    24   106    66   143    65   155 0.78 scf00000000_368 # 499230 # 500111 # -1 # ID=1_368;partial=00;start_type=ATG;rbs_motif=None;rbs_spacer=None;gc_cont=0.291
seq00000008:29185-30066|+   -            294 3843at2085           -            213   3.9e-07   25.7   5.1   1   2   3.4e-06   0.00022   16.8   0.1   108   172     6    73     1    82 0.73 seq00000008_43 # 29185 # 30066 # 1 # ID=10_43;partial=00;start_type=ATG;rbs_motif=None;rbs_spacer=None;gc_cont=0.295
seq00000008:29185-30066|+   -            294 3843at2085           -            213   3.9e-07   25.7   5.1   2   2   0.00011    0.0072   11.8   2.5    24   106    66   143    65   155 0.78 seq00000008_43 # 29185 # 30066 # 1 # ID=10_43;partial=00;start_type=ATG;rbs_motif=None;rbs_spacer=None;gc_cont=0.295
seq00000015:19713-20309|+   -            199 3843at2085           -            213     9e-06   21.3   0.2   1   2   2.9e-07   1.9e-05   20.2   0.0   104   173    33   104    11   115 0.77 seq00000015_16 # 19713 # 20309 # 1 # ID=17_16;partial=00;start_type=ATG;rbs_motif=None;rbs_spacer=None;gc_cont=0.293
seq00000015:19713-20309|+   -            199 3843at2085           -            213     9e-06   21.3   0.2   2   2         2   1.3e+02   -2.1   0.1    76    80   149   153   125   182 0.51 seq00000015_16 # 19713 # 20309 # 1 # ID=17_16;partial=00;start_type=ATG;rbs_motif=None;rbs_spacer=None;gc_cont=0.293
scf00000000:309586-311550|+ -            655 3843at2085           -            213   9.1e-06   21.3   0.3   1   3   1.4e-07   9.1e-06   21.3   0.3   104   138    23    57     5   100 0.86 scf00000000_213 # 309586 # 311550 # 1 # ID=1_213;partial=00;start_type=ATG;rbs_motif=GGA/GAG/AGG;rbs_spacer=5-10bp;gc_cont=0.246
scf00000000:309586-311550|+ -            655 3843at2085           -            213   9.1e-06   21.3   0.3   2   3      0.19        12    1.3   0.5    72   109   174   212   152   221 0.76 scf00000000_213 # 309586 # 311550 # 1 # ID=1_213;partial=00;start_type=ATG;rbs_motif=GGA/GAG/AGG;rbs_spacer=5-10bp;gc_cont=0.246
scf00000000:309586-311550|+ -            655 3843at2085           -            213   9.1e-06   21.3   0.3   3   3      0.38        24    0.3   0.3    29    94   374   403   346   457 0.62 scf00000000_213 # 309586 # 311550 # 1 # ID=1_213;partial=00;start_type=ATG;rbs_motif=GGA/GAG/AGG;rbs_spacer=5-10bp;gc_cont=0.246
scf00000000:96828-97424|+   -            199 3843at2085           -            213   9.7e-06   21.2   0.2   1   2   3.1e-07     2e-05   20.2   0.0   106   173    35   104    15   115 0.78 scf00000000_71 # 96828 # 97424 # 1 # ID=1_71;partial=00;start_type=ATG;rbs_motif=None;rbs_spacer=None;gc_cont=0.296
scf00000000:96828-97424|+   -            199 3843at2085           -            213   9.7e-06   21.2   0.2   2   2       2.1   1.3e+02   -2.1   0.1    76    82   149   155   125   182 0.51 scf00000000_71 # 96828 # 97424 # 1 # ID=1_71;partial=00;start_type=ATG;rbs_motif=None;rbs_spacer=None;gc_cont=0.296
scf00000000:307227-309509|+ -            761 3843at2085           -            213   1.3e-05   20.8   0.7   1   5     2e-07   1.3e-05   20.8   0.7   103   144    22    63     2    98 0.79 scf00000000_212 # 307227 # 309509 # 1 # ID=1_212;partial=00;start_type=ATG;rbs_motif=GGA/GAG/AGG;rbs_spacer=5-10bp;gc_cont=0.253
scf00000000:307227-309509|+ -            761 3843at2085           -            213   1.3e-05   20.8   0.7   2   5       1.1        72   -1.3   0.1    67   106   170   208   134   213 0.73 scf00000000_212 # 307227 # 309509 # 1 # ID=1_212;partial=00;start_type=ATG;rbs_motif=GGA/GAG/AGG;rbs_spacer=5-10bp;gc_cont=0.253
scf00000000:307227-309509|+ -            761 3843at2085           -            213   1.3e-05   20.8   0.7   3   5      0.92        59   -1.0   0.1   147   179   417   449   390   459 0.70 scf00000000_212 # 307227 # 309509 # 1 # ID=1_212;partial=00;start_type=ATG;rbs_motif=GGA/GAG/AGG;rbs_spacer=5-10bp;gc_cont=0.253
scf00000000:307227-309509|+ -            761 3843at2085           -            213   1.3e-05   20.8   0.7   4   5       3.2   2.1e+02   -2.8   0.1    46    75   561   590   523   596 0.76 scf00000000_212 # 307227 # 309509 # 1 # ID=1_212;partial=00;start_type=ATG;rbs_motif=GGA/GAG/AGG;rbs_spacer=5-10bp;gc_cont=0.253
scf00000000:307227-309509|+ -            761 3843at2085           -            213   1.3e-05   20.8   0.7   5   5       1.7   1.1e+02   -1.8   2.0    48   102   697   751   693   758 0.80 scf00000000_212 # 307227 # 309509 # 1 # ID=1_212;partial=00;start_type=ATG;rbs_motif=GGA/GAG/AGG;rbs_spacer=5-10bp;gc_cont=0.253
seq00000013:17569-19851|+   -            761 3843at2085           -            213   1.3e-05   20.8   0.7   1   5     2e-07   1.3e-05   20.8   0.7   103   144    22    63     2    98 0.79 seq00000013_12 # 17569 # 19851 # 1 # ID=15_12;partial=00;start_type=ATG;rbs_motif=GGA/GAG/AGG;rbs_spacer=5-10bp;gc_cont=0.253
seq00000013:17569-19851|+   -            761 3843at2085           -            213   1.3e-05   20.8   0.7   2   5       1.1        72   -1.3   0.1    67   106   170   208   134   213 0.73 seq00000013_12 # 17569 # 19851 # 1 # ID=15_12;partial=00;start_type=ATG;rbs_motif=GGA/GAG/AGG;rbs_spacer=5-10bp;gc_cont=0.253
seq00000013:17569-19851|+   -            761 3843at2085           -            213   1.3e-05   20.8   0.7   3   5      0.92        59   -1.0   0.1   147   179   417   449   390   459 0.70 seq00000013_12 # 17569 # 19851 # 1 # ID=15_12;partial=00;start_type=ATG;rbs_motif=GGA/GAG/AGG;rbs_spacer=5-10bp;gc_cont=0.253
seq00000013:17569-19851|+   -            761 3843at2085           -            213   1.3e-05   20.8   0.7   4   5       2.7   1.8e+02   -2.5   0.1    46    75   561   590   523   601 0.77 seq00000013_12 # 17569 # 19851 # 1 # ID=15_12;partial=00;start_type=ATG;rbs_motif=GGA/GAG/AGG;rbs_spacer=5-10bp;gc_cont=0.253
seq00000013:17569-19851|+   -            761 3843at2085           -            213   1.3e-05   20.8   0.7   5   5       1.7   1.1e+02   -1.8   2.0    48   102   697   751   693   758 0.80 seq00000013_12 # 17569 # 19851 # 1 # ID=15_12;partial=00;start_type=ATG;rbs_motif=GGA/GAG/AGG;rbs_spacer=5-10bp;gc_cont=0.253
scf00000000:579483-580784|- -            434 3843at2085           -            213   3.5e-05   19.3   7.3   1   4   0.00036     0.023   10.1   0.0   109   136     3    30     1    70 0.80 scf00000000_448 # 579483 # 580784 # -1 # ID=1_448;partial=00;start_type=ATG;rbs_motif=None;rbs_spacer=None;gc_cont=0.294
scf00000000:579483-580784|- -            434 3843at2085           -            213   3.5e-05   19.3   7.3   2   4     0.012      0.77    5.2   0.0    97   162   160   228   153   259 0.68 scf00000000_448 # 579483 # 580784 # -1 # ID=1_448;partial=00;start_type=ATG;rbs_motif=None;rbs_spacer=None;gc_cont=0.294
scf00000000:579483-580784|- -            434 3843at2085           -            213   3.5e-05   19.3   7.3   3   4      0.66        42   -0.5   0.0    73    90   280   297   262   307 0.77 scf00000000_448 # 579483 # 580784 # -1 # ID=1_448;partial=00;start_type=ATG;rbs_motif=None;rbs_spacer=None;gc_cont=0.294
scf00000000:579483-580784|- -            434 3843at2085           -            213   3.5e-05   19.3   7.3   4   4     0.022       1.4    4.3   1.6    13    99   322   411   310   419 0.74 scf00000000_448 # 579483 # 580784 # -1 # ID=1_448;partial=00;start_type=ATG;rbs_motif=None;rbs_spacer=None;gc_cont=0.294
seq00000016:1522-4365|-     -            948 3843at2085           -            213     4e-05   19.2   2.5   1   2    0.0036      0.23    6.9   0.1   100   125    22    48    10    57 0.77 seq00000016_2 # 1522 # 4365 # -1 # ID=18_2;partial=00;start_type=ATG;rbs_motif=None;rbs_spacer=None;gc_cont=0.328
seq00000016:1522-4365|-     -            948 3843at2085           -            213     4e-05   19.2   2.5   2   2   0.00017     0.011   11.2   0.6   107   139   637   667   617   677 0.74 seq00000016_2 # 1522 # 4365 # -1 # ID=18_2;partial=00;start_type=ATG;rbs_motif=None;rbs_spacer=None;gc_cont=0.328
scf00000000:551472-554315|+ -            948 3843at2085           -            213   4.6e-05   19.0   2.5   1   2    0.0036      0.23    6.9   0.1   100   125    22    48    10    57 0.77 scf00000000_424 # 551472 # 554315 # 1 # ID=1_424;partial=00;start_type=ATG;rbs_motif=None;rbs_spacer=None;gc_cont=0.328
scf00000000:551472-554315|+ -            948 3843at2085           -            213   4.6e-05   19.0   2.5   2   2   0.00017     0.011   11.2   0.6   107   139   637   667   617   677 0.74 scf00000000_424 # 551472 # 554315 # 1 # ID=1_424;partial=00;start_type=ATG;rbs_motif=None;rbs_spacer=None;gc_cont=0.328
seq00000006:10399-11199|+   -            267 3843at2085           -            213   5.8e-05   18.6   0.6   1   3     9e-07   5.8e-05   18.6   0.6   104   133    23    52    14   113 0.75 seq00000006_13 # 10399 # 11199 # 1 # ID=8_13;partial=00;start_type=ATG;rbs_motif=None;rbs_spacer=None;gc_cont=0.250
seq00000006:10399-11199|+   -            267 3843at2085           -            213   5.8e-05   18.6   0.6   2   3      0.39        25    0.2   0.8    69   110   170   212   103   223 0.72 seq00000006_13 # 10399 # 11199 # 1 # ID=8_13;partial=00;start_type=ATG;rbs_motif=None;rbs_spacer=None;gc_cont=0.250
seq00000006:10399-11199|+   -            267 3843at2085           -            213   5.8e-05   18.6   0.6   3   3      0.68        43   -0.5   0.3    50    87   196   234   189   253 0.75 seq00000006_13 # 10399 # 11199 # 1 # ID=8_13;partial=00;start_type=ATG;rbs_motif=None;rbs_spacer=None;gc_cont=0.250
seq00000016:19540-21618|-   -            693 3843at2085           -            213   0.00036   16.0   1.6   1   4    0.0024      0.15    7.5   0.0   107   132    45    70    31    84 0.72 seq00000016_12 # 19540 # 21618 # -1 # ID=18_12;partial=00;start_type=ATG;rbs_motif=AGGA;rbs_spacer=5-10bp;gc_cont=0.303
seq00000016:19540-21618|-   -            693 3843at2085           -            213   0.00036   16.0   1.6   2   4       3.1     2e+02   -2.7   0.0    55    86    99   129    75   134 0.65 seq00000016_12 # 19540 # 21618 # -1 # ID=18_12;partial=00;start_type=ATG;rbs_motif=AGGA;rbs_spacer=5-10bp;gc_cont=0.303
seq00000016:19540-21618|-   -            693 3843at2085           -            213   0.00036   16.0   1.6   3   4       5.5   3.5e+02   -3.5   0.1    17    66   190   238   182   255 0.60 seq00000016_12 # 19540 # 21618 # -1 # ID=18_12;partial=00;start_type=ATG;rbs_motif=AGGA;rbs_spacer=5-10bp;gc_cont=0.303
seq00000016:19540-21618|-   -            693 3843at2085           -            213   0.00036   16.0   1.6   4   4    0.0094       0.6    5.5   0.0   111   130   438   457   421   481 0.84 seq00000016_12 # 19540 # 21618 # -1 # ID=18_12;partial=00;start_type=ATG;rbs_motif=AGGA;rbs_spacer=5-10bp;gc_cont=0.303
scf00000000:69502-70218|+   -            239 3843at2085           -            213   0.00059   15.4   0.7   1   2   9.2e-06   0.00059   15.4   0.7   104   138    28    62    10    67 0.81 scf00000000_51 # 69502 # 70218 # 1 # ID=1_51;partial=00;start_type=ATG;rbs_motif=AGGA;rbs_spacer=5-10bp;gc_cont=0.265
scf00000000:69502-70218|+   -            239 3843at2085           -            213   0.00059   15.4   0.7   2   2       3.3   2.1e+02   -2.8   0.1    52    74   105   127   103   132 0.68 scf00000000_51 # 69502 # 70218 # 1 # ID=1_51;partial=00;start_type=ATG;rbs_motif=AGGA;rbs_spacer=5-10bp;gc_cont=0.265
scf00000000:360259-361161|- -            301 3843at2085           -            213    0.0017   13.9   0.1   1   1   5.6e-05    0.0036   12.8   0.1   102   129    27    54     9    57 0.82 scf00000000_254 # 360259 # 361161 # -1 # ID=1_254;partial=00;start_type=ATG;rbs_motif=GGA/GAG/AGG;rbs_spacer=5-10bp;gc_cont=0.306
seq00000003:40057-40959|+   -            301 3843at2085           -            213    0.0017   13.9   0.1   1   1   5.6e-05    0.0036   12.8   0.1   102   129    27    54     9    57 0.82 seq00000003_35 # 40057 # 40959 # 1 # ID=5_35;partial=00;start_type=ATG;rbs_motif=GGA/GAG/AGG;rbs_spacer=5-10bp;gc_cont=0.306
#
# Program:         hmmsearch
# Version:         3.4 (Aug 2023)
# Pipeline mode:   SEARCH
# Query file:      /home/lgef/Documentos/GitHub/Project_doctoral/IMPLEMENTACAO/Genomes/M_hyopneumoniae/MHP_ncbi_dataset/ncbi_dataset/data/strains/MHP694/Use/busco_downloads/lineages/mycoplasmatales_odb10/hmms/3843at2085.hmm
# Target file:     /home/lgef/Documentos/GitHub/Project_doctoral/IMPLEMENTACAO/Genomes/M_hyopneumoniae/MHP_ncbi_dataset/ncbi_dataset/data/strains/MHP694/Use/busco_complete/prodigal_output/predicted_genes/predicted.faa
# Option settings: hmmsearch --domtblout /home/lgef/Documentos/GitHub/Project_doctoral/IMPLEMENTACAO/Genomes/M_hyopneumoniae/MHP_ncbi_dataset/ncbi_dataset/data/strains/MHP694/Use/busco_complete/run_mycoplasmatales_odb10/hmmer_output/3843at2085.out --cpu 1 /home/lgef/Documentos/GitHub/Project_doctoral/IMPLEMENTACAO/Genomes/M_hyopneumoniae/MHP_ncbi_dataset/ncbi_dataset/data/strains/MHP694/Use/busco_downloads/lineages/mycoplasmatales_odb10/hmms/3843at2085.hmm /home/lgef/Documentos/GitHub/Project_doctoral/IMPLEMENTACAO/Genomes/M_hyopneumoniae/MHP_ncbi_dataset/ncbi_dataset/data/strains/MHP694/Use/busco_complete/prodigal_output/predicted_genes/predicted.faa 
# Current dir:     /home/lgef/Documentos/GitHub/Project_doctoral/IMPLEMENTACAO/Genomes/M_hyopneumoniae/MHP_ncbi_dataset/ncbi_dataset/data/strains/MHP694/Use
# Date:            Thu Nov 28 19:36:12 2024
# [ok]
