#                                                                                   --- full sequence --- -------------- this domain -------------   hmm coord   ali coord   env coord
# target name               accession   tlen query name           accession   qlen   E-value  score  bias   #  of  c-Evalue  i-Evalue  score  bias  from    to  from    to  from    to  acc description of target
#       ------------------- ---------- ----- -------------------- ---------- ----- --------- ------ ----- --- --- --------- --------- ------ ----- ----- ----- ----- ----- ----- ----- ---- ---------------------
seq00000001:60061-62529|-   -            823 534at2085            -            678  3.7e-263  870.7  54.9   1   2  2.2e-255  4.7e-253  837.4  47.2    14   658    28   751     1   767 0.85 seq00000001_50 # 60061 # 62529 # -1 # ID=4_50;partial=00;start_type=ATG;rbs_motif=AGGA;rbs_spacer=5-10bp;gc_cont=0.299
seq00000001:60061-62529|-   -            823 534at2085            -            678  3.7e-263  870.7  54.9   2   2   5.7e-11   1.2e-08   29.6   4.9   625   678   766   819   743   819 0.83 seq00000001_50 # 60061 # 62529 # -1 # ID=4_50;partial=00;start_type=ATG;rbs_motif=AGGA;rbs_spacer=5-10bp;gc_cont=0.299
scf00000000:631860-634520|+ -            887 534at2085            -            678   4.5e-68  226.0  25.2   1   3   2.2e-26   4.8e-24   80.5   0.3     7   211    40   250    34   275 0.82 scf00000000_490 # 631860 # 634520 # 1 # ID=1_490;partial=00;start_type=ATG;rbs_motif=AGGA;rbs_spacer=5-10bp;gc_cont=0.307
scf00000000:631860-634520|+ -            887 534at2085            -            678   4.5e-68  226.0  25.2   2   3   1.4e-20   2.9e-18   61.4   0.3   217   382   293   468   287   481 0.80 scf00000000_490 # 631860 # 634520 # 1 # ID=1_490;partial=00;start_type=ATG;rbs_motif=AGGA;rbs_spacer=5-10bp;gc_cont=0.307
scf00000000:631860-634520|+ -            887 534at2085            -            678   4.5e-68  226.0  25.2   3   3     8e-30   1.7e-27   91.9  12.5   371   599   489   721   476   780 0.77 scf00000000_490 # 631860 # 634520 # 1 # ID=1_490;partial=00;start_type=ATG;rbs_motif=AGGA;rbs_spacer=5-10bp;gc_cont=0.307
seq00000011:26224-28596|-   -            791 534at2085            -            678   4.6e-38  126.9  20.2   1   6   4.3e-13   9.3e-11   36.6   0.0    14   169    26   171    13   175 0.79 seq00000011_20 # 26224 # 28596 # -1 # ID=13_20;partial=00;start_type=ATG;rbs_motif=GGA/GAG/AGG;rbs_spacer=5-10bp;gc_cont=0.307
seq00000011:26224-28596|-   -            791 534at2085            -            678   4.6e-38  126.9  20.2   2   6   9.9e-06    0.0021   12.3   0.2   308   365   177   233   170   238 0.89 seq00000011_20 # 26224 # 28596 # -1 # ID=13_20;partial=00;start_type=ATG;rbs_motif=GGA/GAG/AGG;rbs_spacer=5-10bp;gc_cont=0.307
seq00000011:26224-28596|-   -            791 534at2085            -            678   4.6e-38  126.9  20.2   3   6     0.017       3.8    1.6   0.0   176   210   231   266   226   287 0.77 seq00000011_20 # 26224 # 28596 # -1 # ID=13_20;partial=00;start_type=ATG;rbs_motif=GGA/GAG/AGG;rbs_spacer=5-10bp;gc_cont=0.307
seq00000011:26224-28596|-   -            791 534at2085            -            678   4.6e-38  126.9  20.2   4   6   1.2e-08   2.5e-06   22.0   0.1   216   300   302   391   295   397 0.86 seq00000011_20 # 26224 # 28596 # -1 # ID=13_20;partial=00;start_type=ATG;rbs_motif=GGA/GAG/AGG;rbs_spacer=5-10bp;gc_cont=0.307
seq00000011:26224-28596|-   -            791 534at2085            -            678   4.6e-38  126.9  20.2   5   6   2.3e-05     0.005   11.1   0.0   359   388   398   427   393   440 0.84 seq00000011_20 # 26224 # 28596 # -1 # ID=13_20;partial=00;start_type=ATG;rbs_motif=GGA/GAG/AGG;rbs_spacer=5-10bp;gc_cont=0.307
seq00000011:26224-28596|-   -            791 534at2085            -            678   4.6e-38  126.9  20.2   6   6   2.8e-17     6e-15   50.5   6.1   437   596   530   705   500   778 0.74 seq00000011_20 # 26224 # 28596 # -1 # ID=13_20;partial=00;start_type=ATG;rbs_motif=GGA/GAG/AGG;rbs_spacer=5-10bp;gc_cont=0.307
seq00000017:15514-17055|-   -            514 534at2085            -            678   9.7e-13   43.2  22.9   1   2   1.1e-09   2.4e-07   25.4   2.3    29   150    14   123     2   143 0.78 seq00000017_14 # 15514 # 17055 # -1 # ID=19_14;partial=00;start_type=ATG;rbs_motif=GGA/GAG/AGG;rbs_spacer=5-10bp;gc_cont=0.273
seq00000017:15514-17055|-   -            514 534at2085            -            678   9.7e-13   43.2  22.9   2   2   1.6e-08   3.5e-06   21.5  13.1   311   556   150   387   126   455 0.70 seq00000017_14 # 15514 # 17055 # -1 # ID=19_14;partial=00;start_type=ATG;rbs_motif=GGA/GAG/AGG;rbs_spacer=5-10bp;gc_cont=0.273
scf00000000:160649-162190|- -            514 534at2085            -            678   2.7e-12   41.7  22.8   1   2     9e-10     2e-07   25.6   2.2    29   154    14   127     2   145 0.78 scf00000000_106 # 160649 # 162190 # -1 # ID=1_106;partial=00;start_type=ATG;rbs_motif=GGA/GAG/AGG;rbs_spacer=5-10bp;gc_cont=0.269
scf00000000:160649-162190|- -            514 534at2085            -            678   2.7e-12   41.7  22.8   2   2   3.5e-08   7.7e-06   20.4  12.8   312   561   151   392   128   468 0.67 scf00000000_106 # 160649 # 162190 # -1 # ID=1_106;partial=00;start_type=ATG;rbs_motif=GGA/GAG/AGG;rbs_spacer=5-10bp;gc_cont=0.269
#
# Program:         hmmsearch
# Version:         3.4 (Aug 2023)
# Pipeline mode:   SEARCH
# Query file:      /home/lgef/Documentos/GitHub/Project_doctoral/IMPLEMENTACAO/Genomes/M_hyopneumoniae/MHP_ncbi_dataset/ncbi_dataset/data/strains/MHP694/Use/busco_downloads/lineages/mycoplasmatales_odb10/hmms/534at2085.hmm
# Target file:     /home/lgef/Documentos/GitHub/Project_doctoral/IMPLEMENTACAO/Genomes/M_hyopneumoniae/MHP_ncbi_dataset/ncbi_dataset/data/strains/MHP694/Use/busco_complete/prodigal_output/predicted_genes/predicted.faa
# Option settings: hmmsearch --domtblout /home/lgef/Documentos/GitHub/Project_doctoral/IMPLEMENTACAO/Genomes/M_hyopneumoniae/MHP_ncbi_dataset/ncbi_dataset/data/strains/MHP694/Use/busco_complete/run_mycoplasmatales_odb10/hmmer_output/534at2085.out --cpu 1 /home/lgef/Documentos/GitHub/Project_doctoral/IMPLEMENTACAO/Genomes/M_hyopneumoniae/MHP_ncbi_dataset/ncbi_dataset/data/strains/MHP694/Use/busco_downloads/lineages/mycoplasmatales_odb10/hmms/534at2085.hmm /home/lgef/Documentos/GitHub/Project_doctoral/IMPLEMENTACAO/Genomes/M_hyopneumoniae/MHP_ncbi_dataset/ncbi_dataset/data/strains/MHP694/Use/busco_complete/prodigal_output/predicted_genes/predicted.faa 
# Current dir:     /home/lgef/Documentos/GitHub/Project_doctoral/IMPLEMENTACAO/Genomes/M_hyopneumoniae/MHP_ncbi_dataset/ncbi_dataset/data/strains/MHP694/Use
# Date:            Thu Nov 28 19:36:13 2024
# [ok]
