#                                                                                   --- full sequence --- -------------- this domain -------------   hmm coord   ali coord   env coord
# target name               accession   tlen query name           accession   qlen   E-value  score  bias   #  of  c-Evalue  i-Evalue  score  bias  from    to  from    to  from    to  acc description of target
#       ------------------- ---------- ----- -------------------- ---------- ----- --------- ------ ----- --- --- --------- --------- ------ ----- ----- ----- ----- ----- ----- ----- ---- ---------------------
seq00000009:15883-17682|+   -            600 801at2085            -            486  1.9e-190  629.7  28.8   1   2  1.6e-156  2.5e-154  510.5   9.3     3   342    16   391    14   394 0.90 seq00000009_15 # 15883 # 17682 # 1 # ID=11_15;partial=00;start_type=ATG;rbs_motif=GGAG/GAGG;rbs_spacer=5-10bp;gc_cont=0.349
seq00000009:15883-17682|+   -            600 801at2085            -            486  1.9e-190  629.7  28.8   2   2   1.5e-39   2.3e-37  124.8  13.6   320   485   388   594   383   595 0.82 seq00000009_15 # 15883 # 17682 # 1 # ID=11_15;partial=00;start_type=ATG;rbs_motif=GGAG/GAGG;rbs_spacer=5-10bp;gc_cont=0.349
scf00000000:577129-578925|- -            599 801at2085            -            486   2.3e-19   65.4   5.8   1   2   1.8e-21   2.8e-19   65.1   3.9    86   282    10   221     3   243 0.80 scf00000000_445 # 577129 # 578925 # -1 # ID=1_445;partial=00;start_type=ATG;rbs_motif=None;rbs_spacer=None;gc_cont=0.344
scf00000000:577129-578925|- -            599 801at2085            -            486   2.3e-19   65.4   5.8   2   2      0.48        74   -2.2   0.0    26    81   464   520   441   533 0.61 scf00000000_445 # 577129 # 578925 # -1 # ID=1_445;partial=00;start_type=ATG;rbs_motif=None;rbs_spacer=None;gc_cont=0.344
seq00000004:30478-31686|+   -            403 801at2085            -            486   1.9e-18   62.4   3.1   1   2   2.4e-05    0.0037   11.9   0.1    85   103    21    39     7    56 0.83 seq00000004_24 # 30478 # 31686 # 1 # ID=6_24;partial=00;start_type=ATG;rbs_motif=AGGA;rbs_spacer=5-10bp;gc_cont=0.404
seq00000004:30478-31686|+   -            403 801at2085            -            486   1.9e-18   62.4   3.1   2   2   3.4e-17   5.3e-15   51.0   0.5   127   281    85   249    59   320 0.74 seq00000004_24 # 30478 # 31686 # 1 # ID=6_24;partial=00;start_type=ATG;rbs_motif=AGGA;rbs_spacer=5-10bp;gc_cont=0.404
seq00000019:224-2308|-      -            695 801at2085            -            486   1.6e-15   52.7   4.7   1   2   5.5e-16   8.5e-14   47.0   3.0   112   205    58   161     6   210 0.69 seq00000019_1 # 224 # 2308 # -1 # ID=21_1;partial=00;start_type=ATG;rbs_motif=AGGA;rbs_spacer=5-10bp;gc_cont=0.374
seq00000019:224-2308|-      -            695 801at2085            -            486   1.6e-15   52.7   4.7   2   2      0.02         3    2.3   0.0   203   234   243   275   223   396 0.77 seq00000019_1 # 224 # 2308 # -1 # ID=21_1;partial=00;start_type=ATG;rbs_motif=AGGA;rbs_spacer=5-10bp;gc_cont=0.374
scf00000000:573713-575902|+ -            730 801at2085            -            486   1.7e-15   52.6   4.5   1   2     6e-16   9.4e-14   46.9   2.8   112   204    58   160     7   194 0.68 scf00000000_443 # 573713 # 575902 # 1 # ID=1_443;partial=00;start_type=ATG;rbs_motif=AGGA;rbs_spacer=5-10bp;gc_cont=0.369
scf00000000:573713-575902|+ -            730 801at2085            -            486   1.7e-15   52.6   4.5   2   2     0.021       3.3    2.2   0.0   203   234   243   275   223   396 0.77 scf00000000_443 # 573713 # 575902 # 1 # ID=1_443;partial=00;start_type=ATG;rbs_motif=AGGA;rbs_spacer=5-10bp;gc_cont=0.369
seq00000019:15132-15923|+   -            264 801at2085            -            486   3.6e-06   21.9   0.6   1   2    0.0033      0.52    4.9   0.3   144   201    12    68     8    89 0.83 seq00000019_13 # 15132 # 15923 # 1 # ID=21_13;partial=00;start_type=ATG;rbs_motif=GGA/GAG/AGG;rbs_spacer=3-4bp;gc_cont=0.270
seq00000019:15132-15923|+   -            264 801at2085            -            486   3.6e-06   21.9   0.6   2   2   2.5e-06   0.00038   15.2   0.0    87   132   115   162    85   165 0.81 seq00000019_13 # 15132 # 15923 # 1 # ID=21_13;partial=00;start_type=ATG;rbs_motif=GGA/GAG/AGG;rbs_spacer=3-4bp;gc_cont=0.270
scf00000000:560092-560883|- -            264 801at2085            -            486   1.6e-05   19.8   0.5   1   2     0.019       2.9    2.4   0.3   144   201    12    68     8    74 0.77 scf00000000_431 # 560092 # 560883 # -1 # ID=1_431;partial=00;start_type=ATG;rbs_motif=GGA/GAG/AGG;rbs_spacer=3-4bp;gc_cont=0.264
scf00000000:560092-560883|- -            264 801at2085            -            486   1.6e-05   19.8   0.5   2   2   2.3e-06   0.00036   15.3   0.0    87   132   115   162    86   169 0.82 scf00000000_431 # 560092 # 560883 # -1 # ID=1_431;partial=00;start_type=ATG;rbs_motif=GGA/GAG/AGG;rbs_spacer=3-4bp;gc_cont=0.264
#
# Program:         hmmsearch
# Version:         3.4 (Aug 2023)
# Pipeline mode:   SEARCH
# Query file:      /home/lgef/Documentos/GitHub/Project_doctoral/IMPLEMENTACAO/Genomes/M_hyopneumoniae/MHP_ncbi_dataset/ncbi_dataset/data/strains/MHP694/Use/busco_downloads/lineages/mycoplasmatales_odb10/hmms/801at2085.hmm
# Target file:     /home/lgef/Documentos/GitHub/Project_doctoral/IMPLEMENTACAO/Genomes/M_hyopneumoniae/MHP_ncbi_dataset/ncbi_dataset/data/strains/MHP694/Use/busco_complete/prodigal_output/predicted_genes/predicted.faa
# Option settings: hmmsearch --domtblout /home/lgef/Documentos/GitHub/Project_doctoral/IMPLEMENTACAO/Genomes/M_hyopneumoniae/MHP_ncbi_dataset/ncbi_dataset/data/strains/MHP694/Use/busco_complete/run_mycoplasmatales_odb10/hmmer_output/801at2085.out --cpu 1 /home/lgef/Documentos/GitHub/Project_doctoral/IMPLEMENTACAO/Genomes/M_hyopneumoniae/MHP_ncbi_dataset/ncbi_dataset/data/strains/MHP694/Use/busco_downloads/lineages/mycoplasmatales_odb10/hmms/801at2085.hmm /home/lgef/Documentos/GitHub/Project_doctoral/IMPLEMENTACAO/Genomes/M_hyopneumoniae/MHP_ncbi_dataset/ncbi_dataset/data/strains/MHP694/Use/busco_complete/prodigal_output/predicted_genes/predicted.faa 
# Current dir:     /home/lgef/Documentos/GitHub/Project_doctoral/IMPLEMENTACAO/Genomes/M_hyopneumoniae/MHP_ncbi_dataset/ncbi_dataset/data/strains/MHP694/Use
# Date:            Thu Nov 28 19:36:14 2024
# [ok]
