#                                                                                   --- full sequence --- -------------- this domain -------------   hmm coord   ali coord   env coord
# target name               accession   tlen query name           accession   qlen   E-value  score  bias   #  of  c-Evalue  i-Evalue  score  bias  from    to  from    to  from    to  acc description of target
#       ------------------- ---------- ----- -------------------- ---------- ----- --------- ------ ----- --- --- --------- --------- ------ ----- ----- ----- ----- ----- ----- ----- ---- ---------------------
seq00000003:15057-16760|+   -            568 908at2085            -            403  6.3e-146  482.1  18.8   1   2   2.1e-85   3.2e-83  275.6  13.1     4   229    16   286    13   304 0.85 seq00000003_13 # 15057 # 16760 # 1 # ID=5_13;partial=00;start_type=ATG;rbs_motif=GGA/GAG/AGG;rbs_spacer=5-10bp;gc_cont=0.323
seq00000003:15057-16760|+   -            568 908at2085            -            403  6.3e-146  482.1  18.8   2   2   4.8e-63   7.4e-61  201.9   0.3   243   398   381   558   352   563 0.84 seq00000003_13 # 15057 # 16760 # 1 # ID=5_13;partial=00;start_type=ATG;rbs_motif=GGA/GAG/AGG;rbs_spacer=5-10bp;gc_cont=0.323
scf00000000:384415-386118|- -            568 908at2085            -            403  9.8e-146  481.4  19.5   1   2   2.8e-85   4.3e-83  275.1  13.9     4   232    16   289    13   305 0.85 scf00000000_276 # 384415 # 386118 # -1 # ID=1_276;partial=00;start_type=ATG;rbs_motif=GGA/GAG/AGG;rbs_spacer=5-10bp;gc_cont=0.319
scf00000000:384415-386118|- -            568 908at2085            -            403  9.8e-146  481.4  19.5   2   2   5.9e-63   9.2e-61  201.6   0.3   243   398   381   558   352   563 0.84 scf00000000_276 # 384415 # 386118 # -1 # ID=1_276;partial=00;start_type=ATG;rbs_motif=GGA/GAG/AGG;rbs_spacer=5-10bp;gc_cont=0.319
scf00000000:435893-437359|- -            489 908at2085            -            403   2.1e-29   98.4   6.4   1   2   1.3e-17     2e-15   52.3   4.9    47   229   113   303    76   324 0.82 scf00000000_310 # 435893 # 437359 # -1 # ID=1_310;partial=00;start_type=ATG;rbs_motif=GGA/GAG/AGG;rbs_spacer=11-12bp;gc_cont=0.313
scf00000000:435893-437359|- -            489 908at2085            -            403   2.1e-29   98.4   6.4   2   2   1.7e-15   2.7e-13   45.3   0.0   318   378   423   482   397   488 0.78 scf00000000_310 # 435893 # 437359 # -1 # ID=1_310;partial=00;start_type=ATG;rbs_motif=GGA/GAG/AGG;rbs_spacer=11-12bp;gc_cont=0.313
seq00000012:8289-9755|+     -            489 908at2085            -            403   2.5e-29   98.1   6.1   1   2   1.1e-17   1.8e-15   52.5   4.5    47   229   113   303    76   324 0.82 seq00000012_8 # 8289 # 9755 # 1 # ID=14_8;partial=00;start_type=ATG;rbs_motif=GGA/GAG/AGG;rbs_spacer=11-12bp;gc_cont=0.310
seq00000012:8289-9755|+     -            489 908at2085            -            403   2.5e-29   98.1   6.1   2   2   2.2e-15   3.4e-13   44.9   0.0   318   378   423   482   397   488 0.78 seq00000012_8 # 8289 # 9755 # 1 # ID=14_8;partial=00;start_type=ATG;rbs_motif=GGA/GAG/AGG;rbs_spacer=11-12bp;gc_cont=0.310
seq00000017:9338-10687|-    -            450 908at2085            -            403   6.6e-29   96.7   7.1   1   2   2.4e-14   3.7e-12   41.5   4.3     3   202    19   247    16   259 0.71 seq00000017_9 # 9338 # 10687 # -1 # ID=19_9;partial=00;start_type=ATG;rbs_motif=None;rbs_spacer=None;gc_cont=0.320
seq00000017:9338-10687|-    -            450 908at2085            -            403   6.6e-29   96.7   7.1   2   2   4.7e-17   7.3e-15   50.4   0.0   286   383   353   447   329   449 0.83 seq00000017_9 # 9338 # 10687 # -1 # ID=19_9;partial=00;start_type=ATG;rbs_motif=None;rbs_spacer=None;gc_cont=0.320
scf00000000:154491-155840|- -            450 908at2085            -            403   7.2e-29   96.6   6.8   1   2   2.5e-14   3.8e-12   41.5   4.0     3   202    19   247    16   260 0.71 scf00000000_101 # 154491 # 155840 # -1 # ID=1_101;partial=00;start_type=ATG;rbs_motif=None;rbs_spacer=None;gc_cont=0.324
scf00000000:154491-155840|- -            450 908at2085            -            403   7.2e-29   96.6   6.8   2   2   4.7e-17   7.3e-15   50.4   0.0   286   383   353   447   329   449 0.83 scf00000000_101 # 154491 # 155840 # -1 # ID=1_101;partial=00;start_type=ATG;rbs_motif=None;rbs_spacer=None;gc_cont=0.324
scf00000000:24471-25472|+   -            334 908at2085            -            403   4.8e-07   24.7   0.4   1   2    0.0035      0.54    4.8   0.1   106   196    34   133    19   163 0.71 scf00000000_21 # 24471 # 25472 # 1 # ID=1_21;partial=00;start_type=GTG;rbs_motif=AGGA/GGAG/GAGG;rbs_spacer=11-12bp;gc_cont=0.259
scf00000000:24471-25472|+   -            334 908at2085            -            403   4.8e-07   24.7   0.4   2   2   2.4e-07   3.7e-05   18.5   0.0   294   380   245   327   175   332 0.79 scf00000000_21 # 24471 # 25472 # 1 # ID=1_21;partial=00;start_type=GTG;rbs_motif=AGGA/GGAG/GAGG;rbs_spacer=11-12bp;gc_cont=0.259
#
# Program:         hmmsearch
# Version:         3.4 (Aug 2023)
# Pipeline mode:   SEARCH
# Query file:      /home/lgef/Documentos/GitHub/Project_doctoral/IMPLEMENTACAO/Genomes/M_hyopneumoniae/MHP_ncbi_dataset/ncbi_dataset/data/strains/MHP694/Use/busco_downloads/lineages/mycoplasmatales_odb10/hmms/908at2085.hmm
# Target file:     /home/lgef/Documentos/GitHub/Project_doctoral/IMPLEMENTACAO/Genomes/M_hyopneumoniae/MHP_ncbi_dataset/ncbi_dataset/data/strains/MHP694/Use/busco_complete/prodigal_output/predicted_genes/predicted.faa
# Option settings: hmmsearch --domtblout /home/lgef/Documentos/GitHub/Project_doctoral/IMPLEMENTACAO/Genomes/M_hyopneumoniae/MHP_ncbi_dataset/ncbi_dataset/data/strains/MHP694/Use/busco_complete/run_mycoplasmatales_odb10/hmmer_output/908at2085.out --cpu 1 /home/lgef/Documentos/GitHub/Project_doctoral/IMPLEMENTACAO/Genomes/M_hyopneumoniae/MHP_ncbi_dataset/ncbi_dataset/data/strains/MHP694/Use/busco_downloads/lineages/mycoplasmatales_odb10/hmms/908at2085.hmm /home/lgef/Documentos/GitHub/Project_doctoral/IMPLEMENTACAO/Genomes/M_hyopneumoniae/MHP_ncbi_dataset/ncbi_dataset/data/strains/MHP694/Use/busco_complete/prodigal_output/predicted_genes/predicted.faa 
# Current dir:     /home/lgef/Documentos/GitHub/Project_doctoral/IMPLEMENTACAO/Genomes/M_hyopneumoniae/MHP_ncbi_dataset/ncbi_dataset/data/strains/MHP694/Use
# Date:            Thu Nov 28 19:36:14 2024
# [ok]
