#                                                                                   --- full sequence --- -------------- this domain -------------   hmm coord   ali coord   env coord
# target name               accession   tlen query name           accession   qlen   E-value  score  bias   #  of  c-Evalue  i-Evalue  score  bias  from    to  from    to  from    to  acc description of target
#       ------------------- ---------- ----- -------------------- ---------- ----- --------- ------ ----- --- --- --------- --------- ------ ----- ----- ----- ----- ----- ----- ----- ---- ---------------------
seq00000001:42767-44788|-   -            674 946at2085            -            434  6.2e-129  426.3  33.0   1   2  2.6e-127  9.2e-125  412.6  20.6     1   393     1   474     1   488 0.83 seq00000001_36 # 42767 # 44788 # -1 # ID=4_36;partial=00;start_type=ATG;rbs_motif=AGGA;rbs_spacer=5-10bp;gc_cont=0.297
seq00000001:42767-44788|-   -            674 946at2085            -            434  6.2e-129  426.3  33.0   2   2   1.8e-05    0.0066   11.0   4.4   391   433   512   555   506   556 0.82 seq00000001_36 # 42767 # 44788 # -1 # ID=4_36;partial=00;start_type=ATG;rbs_motif=AGGA;rbs_spacer=5-10bp;gc_cont=0.297
scf00000000:549023-551479|+ -            819 946at2085            -            434     5e-39  130.0  18.7   1   3   1.9e-25     7e-23   76.8   1.8     5   115     9   120     5   124 0.96 scf00000000_423 # 549023 # 551479 # 1 # ID=1_423;partial=00;start_type=ATG;rbs_motif=AGGA;rbs_spacer=5-10bp;gc_cont=0.297
scf00000000:549023-551479|+ -            819 946at2085            -            434     5e-39  130.0  18.7   2   3   3.3e-21   1.2e-18   62.9   0.7   180   394   221   473   212   490 0.76 scf00000000_423 # 549023 # 551479 # 1 # ID=1_423;partial=00;start_type=ATG;rbs_motif=AGGA;rbs_spacer=5-10bp;gc_cont=0.297
scf00000000:549023-551479|+ -            819 946at2085            -            434     5e-39  130.0  18.7   3   3      0.44   1.6e+02   -3.4   2.3   257   309   623   675   606   678 0.58 scf00000000_423 # 549023 # 551479 # 1 # ID=1_423;partial=00;start_type=ATG;rbs_motif=AGGA;rbs_spacer=5-10bp;gc_cont=0.297
seq00000016:4358-6841|-     -            828 946at2085            -            434   7.1e-39  129.5  18.9   1   3     2e-25   7.1e-23   76.8   1.8     5   115     9   120     5   124 0.96 seq00000016_3 # 4358 # 6841 # -1 # ID=18_3;partial=00;start_type=ATG;rbs_motif=AGGA;rbs_spacer=5-10bp;gc_cont=0.292
seq00000016:4358-6841|-     -            828 946at2085            -            434   7.1e-39  129.5  18.9   2   3   4.1e-21   1.5e-18   62.6   0.8   180   393   221   472   212   490 0.76 seq00000016_3 # 4358 # 6841 # -1 # ID=18_3;partial=00;start_type=ATG;rbs_motif=AGGA;rbs_spacer=5-10bp;gc_cont=0.292
seq00000016:4358-6841|-     -            828 946at2085            -            434   7.1e-39  129.5  18.9   3   3      0.45   1.6e+02   -3.4   2.3   257   309   623   675   606   678 0.58 seq00000016_3 # 4358 # 6841 # -1 # ID=18_3;partial=00;start_type=ATG;rbs_motif=AGGA;rbs_spacer=5-10bp;gc_cont=0.292
#
# Program:         hmmsearch
# Version:         3.4 (Aug 2023)
# Pipeline mode:   SEARCH
# Query file:      /home/lgef/Documentos/GitHub/Project_doctoral/IMPLEMENTACAO/Genomes/M_hyopneumoniae/MHP_ncbi_dataset/ncbi_dataset/data/strains/MHP694/Use/busco_downloads/lineages/mycoplasmatales_odb10/hmms/946at2085.hmm
# Target file:     /home/lgef/Documentos/GitHub/Project_doctoral/IMPLEMENTACAO/Genomes/M_hyopneumoniae/MHP_ncbi_dataset/ncbi_dataset/data/strains/MHP694/Use/busco_complete/prodigal_output/predicted_genes/predicted.faa
# Option settings: hmmsearch --domtblout /home/lgef/Documentos/GitHub/Project_doctoral/IMPLEMENTACAO/Genomes/M_hyopneumoniae/MHP_ncbi_dataset/ncbi_dataset/data/strains/MHP694/Use/busco_complete/run_mycoplasmatales_odb10/hmmer_output/946at2085.out --cpu 1 /home/lgef/Documentos/GitHub/Project_doctoral/IMPLEMENTACAO/Genomes/M_hyopneumoniae/MHP_ncbi_dataset/ncbi_dataset/data/strains/MHP694/Use/busco_downloads/lineages/mycoplasmatales_odb10/hmms/946at2085.hmm /home/lgef/Documentos/GitHub/Project_doctoral/IMPLEMENTACAO/Genomes/M_hyopneumoniae/MHP_ncbi_dataset/ncbi_dataset/data/strains/MHP694/Use/busco_complete/prodigal_output/predicted_genes/predicted.faa 
# Current dir:     /home/lgef/Documentos/GitHub/Project_doctoral/IMPLEMENTACAO/Genomes/M_hyopneumoniae/MHP_ncbi_dataset/ncbi_dataset/data/strains/MHP694/Use
# Date:            Thu Nov 28 19:36:14 2024
# [ok]
