#                                                                                   --- full sequence --- -------------- this domain -------------   hmm coord   ali coord   env coord
# target name               accession   tlen query name           accession   qlen   E-value  score  bias   #  of  c-Evalue  i-Evalue  score  bias  from    to  from    to  from    to  acc description of target
#       ------------------- ---------- ----- -------------------- ---------- ----- --------- ------ ----- --- --- --------- --------- ------ ----- ----- ----- ----- ----- ----- ----- ---- ---------------------
seq00000002:17244-18164|-   -            307 2666at2085           -            250   1.1e-91  301.9   0.2   1   1   4.5e-93   5.6e-91  299.6   0.2     1   248     5   285     5   288 0.89 seq00000002_15 # 17244 # 18164 # -1 # ID=7_15;partial=00;start_type=ATG;rbs_motif=None;rbs_spacer=None;gc_cont=0.330
scf00000002:345600-346496|- -            299 2666at2085           -            250   2.2e-30  101.1   1.0   1   3   2.1e-14   2.6e-12   41.9   0.0     6    77    22    95    20   120 0.84 scf00000002_301 # 345600 # 346496 # -1 # ID=3_301;partial=00;start_type=ATG;rbs_motif=AGGA/GGAG/GAGG;rbs_spacer=11-12bp;gc_cont=0.314
scf00000002:345600-346496|- -            299 2666at2085           -            250   2.2e-30  101.1   1.0   2   3       0.3        37   -1.2   0.0   139   185   118   161    96   168 0.44 scf00000002_301 # 345600 # 346496 # -1 # ID=3_301;partial=00;start_type=ATG;rbs_motif=AGGA/GGAG/GAGG;rbs_spacer=11-12bp;gc_cont=0.314
scf00000002:345600-346496|- -            299 2666at2085           -            250   2.2e-30  101.1   1.0   3   3     5e-19   6.3e-17   57.0   0.4   133   241   183   296   164   298 0.83 scf00000002_301 # 345600 # 346496 # -1 # ID=3_301;partial=00;start_type=ATG;rbs_motif=AGGA/GGAG/GAGG;rbs_spacer=11-12bp;gc_cont=0.314
seq00000002:27676-28479|+   -            268 2666at2085           -            250   1.8e-25   85.0   4.8   1   2   3.4e-10   4.2e-08   28.1   0.1     2    70     2    69     1   120 0.89 seq00000002_23 # 27676 # 28479 # 1 # ID=7_23;partial=00;start_type=ATG;rbs_motif=None;rbs_spacer=None;gc_cont=0.296
seq00000002:27676-28479|+   -            268 2666at2085           -            250   1.8e-25   85.0   4.8   2   2   2.3e-19   2.9e-17   58.1   1.6   164   245   177   264   144   266 0.82 seq00000002_23 # 27676 # 28479 # 1 # ID=7_23;partial=00;start_type=ATG;rbs_motif=None;rbs_spacer=None;gc_cont=0.296
seq00000000:10365-11195|+   -            277 2666at2085           -            250   1.3e-21   72.4   4.4   1   1   6.4e-23   8.1e-21   69.8   4.4     3   246     2   272     1   274 0.73 seq00000000_10 # 10365 # 11195 # 1 # ID=5_10;partial=00;start_type=ATG;rbs_motif=AGGA;rbs_spacer=5-10bp;gc_cont=0.315
scf00000002:238097-239437|- -            447 2666at2085           -            250   7.4e-18   60.1   8.3   1   2   5.9e-20   7.4e-18   60.1   8.3     6   246     6   266     3   269 0.74 scf00000002_214 # 238097 # 239437 # -1 # ID=3_214;partial=00;start_type=ATG;rbs_motif=GGA/GAG/AGG;rbs_spacer=5-10bp;gc_cont=0.248
scf00000002:238097-239437|- -            447 2666at2085           -            250   7.4e-18   60.1   8.3   2   2     0.054       6.8    1.2   1.1   104   152   363   414   326   444 0.72 scf00000002_214 # 238097 # 239437 # -1 # ID=3_214;partial=00;start_type=ATG;rbs_motif=GGA/GAG/AGG;rbs_spacer=5-10bp;gc_cont=0.248
seq00000001:29331-30140|+   -            270 2666at2085           -            250   2.5e-17   58.3   3.6   1   2   1.6e-05     0.002   12.8   0.1     4    79     5    80     2    94 0.80 seq00000001_26 # 29331 # 30140 # 1 # ID=6_26;partial=00;start_type=ATG;rbs_motif=None;rbs_spacer=None;gc_cont=0.296
seq00000001:29331-30140|+   -            270 2666at2085           -            250   2.5e-17   58.3   3.6   2   2     8e-16     1e-13   46.5   0.7   107   223   132   242   104   263 0.81 seq00000001_26 # 29331 # 30140 # 1 # ID=6_26;partial=00;start_type=ATG;rbs_motif=None;rbs_spacer=None;gc_cont=0.296
#
# Program:         hmmsearch
# Version:         3.4 (Aug 2023)
# Pipeline mode:   SEARCH
# Query file:      /home/lgef/Documentos/GitHub/Project_doctoral/IMPLEMENTACAO/Genomes/M_hyopneumoniae/MHP_ncbi_dataset/ncbi_dataset/data/strains/UFV02/Use/busco_downloads/lineages/mycoplasmatales_odb10/hmms/2666at2085.hmm
# Target file:     /home/lgef/Documentos/GitHub/Project_doctoral/IMPLEMENTACAO/Genomes/M_hyopneumoniae/MHP_ncbi_dataset/ncbi_dataset/data/strains/UFV02/Use/busco_complete/prodigal_output/predicted_genes/predicted.faa
# Option settings: hmmsearch --domtblout /home/lgef/Documentos/GitHub/Project_doctoral/IMPLEMENTACAO/Genomes/M_hyopneumoniae/MHP_ncbi_dataset/ncbi_dataset/data/strains/UFV02/Use/busco_complete/run_mycoplasmatales_odb10/hmmer_output/2666at2085.out --cpu 1 /home/lgef/Documentos/GitHub/Project_doctoral/IMPLEMENTACAO/Genomes/M_hyopneumoniae/MHP_ncbi_dataset/ncbi_dataset/data/strains/UFV02/Use/busco_downloads/lineages/mycoplasmatales_odb10/hmms/2666at2085.hmm /home/lgef/Documentos/GitHub/Project_doctoral/IMPLEMENTACAO/Genomes/M_hyopneumoniae/MHP_ncbi_dataset/ncbi_dataset/data/strains/UFV02/Use/busco_complete/prodigal_output/predicted_genes/predicted.faa 
# Current dir:     /home/lgef/Documentos/GitHub/Project_doctoral/IMPLEMENTACAO/Genomes/M_hyopneumoniae/MHP_ncbi_dataset/ncbi_dataset/data/strains/UFV02/Use
# Date:            Thu Nov 28 19:33:10 2024
# [ok]
