#                                                                                   --- full sequence --- -------------- this domain -------------   hmm coord   ali coord   env coord
# target name               accession   tlen query name           accession   qlen   E-value  score  bias   #  of  c-Evalue  i-Evalue  score  bias  from    to  from    to  from    to  acc description of target
#       ------------------- ---------- ----- -------------------- ---------- ----- --------- ------ ----- --- --- --------- --------- ------ ----- ----- ----- ----- ----- ----- ----- ---- ---------------------
scf00000002:31955-32536|+   -            194 4276at2085           -            173   1.7e-66  218.8   7.5   1   1   1.1e-68   2.1e-66  218.5   7.5     3   173     2   190     1   190 0.91 scf00000002_47 # 31955 # 32536 # 1 # ID=3_47;partial=00;start_type=ATG;rbs_motif=GGA/GAG/AGG;rbs_spacer=5-10bp;gc_cont=0.271
scf00000002:133168-133857|- -            230 4276at2085           -            173   5.2e-05   18.6   0.5   1   2   5.6e-06     0.001   14.3   0.0     6    27     8    29     3    39 0.82 scf00000002_129 # 133168 # 133857 # -1 # ID=3_129;partial=00;start_type=ATG;rbs_motif=4Base/6BMM;rbs_spacer=13-15bp;gc_cont=0.299
scf00000002:133168-133857|- -            230 4276at2085           -            173   5.2e-05   18.6   0.5   2   2     0.028       5.2    2.3   0.1    23    72   135   184   126   213 0.75 scf00000002_129 # 133168 # 133857 # -1 # ID=3_129;partial=00;start_type=ATG;rbs_motif=4Base/6BMM;rbs_spacer=13-15bp;gc_cont=0.299
scf00000002:16157-16795|+   -            213 4276at2085           -            173   0.00059   15.1   0.7   1   2   2.7e-05    0.0051   12.1   0.2     2    42     3    42     2    98 0.78 scf00000002_25 # 16157 # 16795 # 1 # ID=3_25;partial=00;start_type=ATG;rbs_motif=AGxAGG/AGGxGG;rbs_spacer=11-12bp;gc_cont=0.288
scf00000002:16157-16795|+   -            213 4276at2085           -            173   0.00059   15.1   0.7   2   2     0.052       9.8    1.4   0.0   125   146   157   178   139   208 0.88 scf00000002_25 # 16157 # 16795 # 1 # ID=3_25;partial=00;start_type=ATG;rbs_motif=AGxAGG/AGGxGG;rbs_spacer=11-12bp;gc_cont=0.288
scf00000002:103803-106646|+ -            948 4276at2085           -            173    0.0016   13.7   0.4   1   2    0.0033      0.62    5.3   0.0     2    22    30    50    29    74 0.74 scf00000002_106 # 103803 # 106646 # 1 # ID=3_106;partial=00;start_type=ATG;rbs_motif=None;rbs_spacer=None;gc_cont=0.327
scf00000002:103803-106646|+ -            948 4276at2085           -            173    0.0016   13.7   0.4   2   2    0.0022      0.42    5.9   0.2     4    26   639   661   637   679 0.86 scf00000002_106 # 103803 # 106646 # 1 # ID=3_106;partial=00;start_type=ATG;rbs_motif=None;rbs_spacer=None;gc_cont=0.327
#
# Program:         hmmsearch
# Version:         3.4 (Aug 2023)
# Pipeline mode:   SEARCH
# Query file:      /home/lgef/Documentos/GitHub/Project_doctoral/IMPLEMENTACAO/Genomes/M_hyopneumoniae/MHP_ncbi_dataset/ncbi_dataset/data/strains/UFV02/Use/busco_downloads/lineages/mycoplasmatales_odb10/hmms/4276at2085.hmm
# Target file:     /home/lgef/Documentos/GitHub/Project_doctoral/IMPLEMENTACAO/Genomes/M_hyopneumoniae/MHP_ncbi_dataset/ncbi_dataset/data/strains/UFV02/Use/busco_complete/prodigal_output/predicted_genes/predicted.faa
# Option settings: hmmsearch --domtblout /home/lgef/Documentos/GitHub/Project_doctoral/IMPLEMENTACAO/Genomes/M_hyopneumoniae/MHP_ncbi_dataset/ncbi_dataset/data/strains/UFV02/Use/busco_complete/run_mycoplasmatales_odb10/hmmer_output/4276at2085.out --cpu 1 /home/lgef/Documentos/GitHub/Project_doctoral/IMPLEMENTACAO/Genomes/M_hyopneumoniae/MHP_ncbi_dataset/ncbi_dataset/data/strains/UFV02/Use/busco_downloads/lineages/mycoplasmatales_odb10/hmms/4276at2085.hmm /home/lgef/Documentos/GitHub/Project_doctoral/IMPLEMENTACAO/Genomes/M_hyopneumoniae/MHP_ncbi_dataset/ncbi_dataset/data/strains/UFV02/Use/busco_complete/prodigal_output/predicted_genes/predicted.faa 
# Current dir:     /home/lgef/Documentos/GitHub/Project_doctoral/IMPLEMENTACAO/Genomes/M_hyopneumoniae/MHP_ncbi_dataset/ncbi_dataset/data/strains/UFV02/Use
# Date:            Thu Nov 28 19:33:10 2024
# [ok]
