#                                                                                   --- full sequence --- -------------- this domain -------------   hmm coord   ali coord   env coord
# target name               accession   tlen query name           accession   qlen   E-value  score  bias   #  of  c-Evalue  i-Evalue  score  bias  from    to  from    to  from    to  acc description of target
#       ------------------- ---------- ----- -------------------- ---------- ----- --------- ------ ----- --- --- --------- --------- ------ ----- ----- ----- ----- ----- ----- ----- ---- ---------------------
scf00000000:815237-816571|- -            445 1064at2085           -            350  7.1e-149  490.9  19.4   1   2   9.6e-57     2e-55  183.6   0.3     1   127    10   136    10   144 0.91 scf00000000_626 # 815237 # 816571 # -1 # ID=1_626;partial=00;start_type=ATG;rbs_motif=GGA/GAG/AGG;rbs_spacer=11-12bp;gc_cont=0.304
scf00000000:815237-816571|- -            445 1064at2085           -            350  7.1e-149  490.9  19.4   2   2   4.7e-95   9.9e-94  309.5  13.9   100   349   147   441   139   442 0.82 scf00000000_626 # 815237 # 816571 # -1 # ID=1_626;partial=00;start_type=ATG;rbs_motif=GGA/GAG/AGG;rbs_spacer=11-12bp;gc_cont=0.304
scf00000000:565460-567637|+ -            726 1064at2085           -            350   5.6e-79  261.0   7.7   1   3   1.5e-35   3.1e-34  113.8   0.2     2   123    39   161    38   225 0.76 scf00000000_449 # 565460 # 567637 # 1 # ID=1_449;partial=00;start_type=ATG;rbs_motif=GGA/GAG/AGG;rbs_spacer=5-10bp;gc_cont=0.303
scf00000000:565460-567637|+ -            726 1064at2085           -            350   5.6e-79  261.0   7.7   2   3       4.7        98   -2.9   0.6    96   132   266   286   257   338 0.53 scf00000000_449 # 565460 # 567637 # 1 # ID=1_449;partial=00;start_type=ATG;rbs_motif=GGA/GAG/AGG;rbs_spacer=5-10bp;gc_cont=0.303
scf00000000:565460-567637|+ -            726 1064at2085           -            350   5.6e-79  261.0   7.7   3   3   3.2e-49   6.7e-48  158.8   2.4   104   289   435   621   422   635 0.85 scf00000000_449 # 565460 # 567637 # 1 # ID=1_449;partial=00;start_type=ATG;rbs_motif=GGA/GAG/AGG;rbs_spacer=5-10bp;gc_cont=0.303
scf00000000:365978-367507|+ -            510 1064at2085           -            350   1.5e-49  164.2  10.1   1   4   4.3e-15   9.1e-14   46.6   0.1     2    99    11   116    10   121 0.89 scf00000000_291 # 365978 # 367507 # 1 # ID=1_291;partial=00;start_type=TTG;rbs_motif=GGAGG;rbs_spacer=5-10bp;gc_cont=0.321
scf00000000:365978-367507|+ -            510 1064at2085           -            350   1.5e-49  164.2  10.1   2   4   2.5e-15   5.2e-14   47.3   0.4   153   256   127   229   116   251 0.92 scf00000000_291 # 365978 # 367507 # 1 # ID=1_291;partial=00;start_type=TTG;rbs_motif=GGAGG;rbs_spacer=5-10bp;gc_cont=0.321
scf00000000:365978-367507|+ -            510 1064at2085           -            350   1.5e-49  164.2  10.1   3   4   0.00047    0.0098   10.3   0.0    16    67   280   331   273   343 0.90 scf00000000_291 # 365978 # 367507 # 1 # ID=1_291;partial=00;start_type=TTG;rbs_motif=GGAGG;rbs_spacer=5-10bp;gc_cont=0.321
scf00000000:365978-367507|+ -            510 1064at2085           -            350   1.5e-49  164.2  10.1   4   4   1.8e-20   3.8e-19   64.3   0.2   150   259   381   490   374   502 0.90 scf00000000_291 # 365978 # 367507 # 1 # ID=1_291;partial=00;start_type=TTG;rbs_motif=GGAGG;rbs_spacer=5-10bp;gc_cont=0.321
scf00000000:774085-775623|+ -            513 1064at2085           -            350   3.2e-49  163.2  17.1   1   4   2.2e-12   4.6e-11   37.6   0.1     1    97     6   107     6   117 0.84 scf00000000_596 # 774085 # 775623 # 1 # ID=1_596;partial=00;start_type=TTG;rbs_motif=AGGA;rbs_spacer=5-10bp;gc_cont=0.321
scf00000000:774085-775623|+ -            513 1064at2085           -            350   3.2e-49  163.2  17.1   2   4   1.8e-20   3.7e-19   64.3   0.7   150   272   116   237   109   247 0.92 scf00000000_596 # 774085 # 775623 # 1 # ID=1_596;partial=00;start_type=TTG;rbs_motif=AGGA;rbs_spacer=5-10bp;gc_cont=0.321
scf00000000:774085-775623|+ -            513 1064at2085           -            350   3.2e-49  163.2  17.1   3   4   5.3e-08   1.1e-06   23.2   0.2    12    73   278   341   264   369 0.81 scf00000000_596 # 774085 # 775623 # 1 # ID=1_596;partial=00;start_type=TTG;rbs_motif=AGGA;rbs_spacer=5-10bp;gc_cont=0.321
scf00000000:774085-775623|+ -            513 1064at2085           -            350   3.2e-49  163.2  17.1   4   4   2.2e-15   4.6e-14   47.5   1.7   159   262   391   495   376   502 0.86 scf00000000_596 # 774085 # 775623 # 1 # ID=1_596;partial=00;start_type=TTG;rbs_motif=AGGA;rbs_spacer=5-10bp;gc_cont=0.321
scf00000000:582203-583363|+ -            387 1064at2085           -            350   2.6e-48  160.1  13.9   1   1   2.6e-49   5.4e-48  159.1  13.9     2   303     8   319     7   362 0.78 scf00000000_459 # 582203 # 583363 # 1 # ID=1_459;partial=00;start_type=ATG;rbs_motif=3Base/5BMM;rbs_spacer=13-15bp;gc_cont=0.258
scf00000000:684321-685217|- -            299 1064at2085           -            350   1.5e-35  118.2   4.1   1   2   7.1e-21   1.5e-19   65.6   0.8     1   107    60   176    60   195 0.79 scf00000000_533 # 684321 # 685217 # -1 # ID=1_533;partial=00;start_type=GTG;rbs_motif=AGGAG;rbs_spacer=5-10bp;gc_cont=0.355
scf00000000:684321-685217|- -            299 1064at2085           -            350   1.5e-35  118.2   4.1   2   2   1.4e-17     3e-16   54.7   0.2   159   258   179   277   175   285 0.90 scf00000000_533 # 684321 # 685217 # -1 # ID=1_533;partial=00;start_type=GTG;rbs_motif=AGGAG;rbs_spacer=5-10bp;gc_cont=0.355
scf00000000:340705-342036|+ -            444 1064at2085           -            350   3.4e-35  117.0   3.1   1   2   1.3e-10   2.6e-09   31.9   0.2     3   104    45   161    43   199 0.74 scf00000000_275 # 340705 # 342036 # 1 # ID=1_275;partial=00;start_type=ATG;rbs_motif=GGAG/GAGG;rbs_spacer=5-10bp;gc_cont=0.291
scf00000000:340705-342036|+ -            444 1064at2085           -            350   3.4e-35  117.0   3.1   2   2   5.6e-27   1.2e-25   85.7   0.2   140   267   242   369   200   375 0.86 scf00000000_275 # 340705 # 342036 # 1 # ID=1_275;partial=00;start_type=ATG;rbs_motif=GGAG/GAGG;rbs_spacer=5-10bp;gc_cont=0.291
scf00000000:404102-404920|+ -            273 1064at2085           -            350     1e-33  112.2   7.9   1   2   1.1e-14   2.3e-13   45.2   2.1     2   105     2   111     1   118 0.83 scf00000000_322 # 404102 # 404920 # 1 # ID=1_322;partial=00;start_type=ATG;rbs_motif=GGA/GAG/AGG;rbs_spacer=5-10bp;gc_cont=0.303
scf00000000:404102-404920|+ -            273 1064at2085           -            350     1e-33  112.2   7.9   2   2   1.2e-22   2.5e-21   71.4   0.8   153   272   112   230   105   251 0.93 scf00000000_322 # 404102 # 404920 # 1 # ID=1_322;partial=00;start_type=ATG;rbs_motif=GGA/GAG/AGG;rbs_spacer=5-10bp;gc_cont=0.303
scf00000000:472618-474570|+ -            651 1064at2085           -            350   9.2e-33  109.0  11.3   1   2   1.3e-18   2.7e-17   58.2   4.7     1    95     1    93     1   101 0.93 scf00000000_376 # 472618 # 474570 # 1 # ID=1_376;partial=00;start_type=ATG;rbs_motif=GGA/GAG/AGG;rbs_spacer=5-10bp;gc_cont=0.242
scf00000000:472618-474570|+ -            651 1064at2085           -            350   9.2e-33  109.0  11.3   2   2   1.6e-17   3.4e-16   54.5   0.7   146   260    99   208    93   255 0.84 scf00000000_376 # 472618 # 474570 # 1 # ID=1_376;partial=00;start_type=ATG;rbs_motif=GGA/GAG/AGG;rbs_spacer=5-10bp;gc_cont=0.242
scf00000000:404893-405795|+ -            301 1064at2085           -            350   1.8e-32  108.0   2.5   1   2   9.1e-12   1.9e-10   35.6   2.2     2   106     3   132     2   138 0.65 scf00000000_323 # 404893 # 405795 # 1 # ID=1_323;partial=00;start_type=ATG;rbs_motif=GGA/GAG/AGG;rbs_spacer=5-10bp;gc_cont=0.308
scf00000000:404893-405795|+ -            301 1064at2085           -            350   1.8e-32  108.0   2.5   2   2     1e-21   2.1e-20   68.4   0.0   152   282   131   261   125   294 0.86 scf00000000_323 # 404893 # 405795 # 1 # ID=1_323;partial=00;start_type=ATG;rbs_motif=GGA/GAG/AGG;rbs_spacer=5-10bp;gc_cont=0.308
scf00000000:754832-757156|- -            775 1064at2085           -            350   4.6e-31  103.4   8.8   1   3   2.2e-09   4.7e-08   27.8   2.0     8   101    15   113     5   138 0.78 scf00000000_581 # 754832 # 757156 # -1 # ID=1_581;partial=00;start_type=ATG;rbs_motif=None;rbs_spacer=None;gc_cont=0.277
scf00000000:754832-757156|- -            775 1064at2085           -            350   4.6e-31  103.4   8.8   2   3       4.1        85   -2.7   3.0    70   159   312   403   306   424 0.56 scf00000000_581 # 754832 # 757156 # -1 # ID=1_581;partial=00;start_type=ATG;rbs_motif=None;rbs_spacer=None;gc_cont=0.277
scf00000000:754832-757156|- -            775 1064at2085           -            350   4.6e-31  103.4   8.8   3   3   7.5e-28   1.6e-26   88.5   0.7   118   271   559   709   523   716 0.79 scf00000000_581 # 754832 # 757156 # -1 # ID=1_581;partial=00;start_type=ATG;rbs_motif=None;rbs_spacer=None;gc_cont=0.277
scf00000000:524175-526562|- -            796 1064at2085           -            350   2.5e-30  101.0  14.6   1   3   7.8e-19   1.6e-17   58.9   2.6     1   114     1   111     1   124 0.83 scf00000000_422 # 524175 # 526562 # -1 # ID=1_422;partial=00;start_type=ATG;rbs_motif=None;rbs_spacer=None;gc_cont=0.250
scf00000000:524175-526562|- -            796 1064at2085           -            350   2.5e-30  101.0  14.6   2   3   9.6e-17     2e-15   52.0   1.2   158   266   106   213   101   221 0.88 scf00000000_422 # 524175 # 526562 # -1 # ID=1_422;partial=00;start_type=ATG;rbs_motif=None;rbs_spacer=None;gc_cont=0.250
scf00000000:524175-526562|- -            796 1064at2085           -            350   2.5e-30  101.0  14.6   3   3       5.4   1.1e+02   -3.1   0.2    53    92   457   495   452   562 0.47 scf00000000_422 # 524175 # 526562 # -1 # ID=1_422;partial=00;start_type=ATG;rbs_motif=None;rbs_spacer=None;gc_cont=0.250
scf00000000:453662-455626|- -            655 1064at2085           -            350   3.3e-30  100.6   9.9   1   2     3e-19   6.3e-18   60.2   5.3     1   126     1   127     1   128 0.87 scf00000000_366 # 453662 # 455626 # -1 # ID=1_366;partial=00;start_type=ATG;rbs_motif=GGA/GAG/AGG;rbs_spacer=5-10bp;gc_cont=0.247
scf00000000:453662-455626|- -            655 1064at2085           -            350   3.3e-30  100.6   9.9   2   2     1e-14   2.2e-13   45.3   0.4   171   265   121   213   111   246 0.87 scf00000000_366 # 453662 # 455626 # -1 # ID=1_366;partial=00;start_type=ATG;rbs_motif=GGA/GAG/AGG;rbs_spacer=5-10bp;gc_cont=0.247
scf00000000:115226-117502|- -            759 1064at2085           -            350   5.7e-30   99.8   8.8   1   2   2.6e-19   5.4e-18   60.4   5.3     1   112     1   109     1   125 0.83 scf00000000_76 # 115226 # 117502 # -1 # ID=1_76;partial=00;start_type=ATG;rbs_motif=None;rbs_spacer=None;gc_cont=0.251
scf00000000:115226-117502|- -            759 1064at2085           -            350   5.7e-30   99.8   8.8   2   2     2e-13   4.2e-12   41.1   0.3   170   258   119   205    99   220 0.89 scf00000000_76 # 115226 # 117502 # -1 # ID=1_76;partial=00;start_type=ATG;rbs_motif=None;rbs_spacer=None;gc_cont=0.251
scf00000000:125716-128043|- -            776 1064at2085           -            350   7.4e-30   99.5  16.2   1   3   5.4e-20   1.1e-18   62.7   2.9     1   113     1   110     1   121 0.87 scf00000000_81 # 125716 # 128043 # -1 # ID=1_81;partial=00;start_type=ATG;rbs_motif=None;rbs_spacer=None;gc_cont=0.262
scf00000000:125716-128043|- -            776 1064at2085           -            350   7.4e-30   99.5  16.2   2   3   4.1e-15   8.6e-14   46.6   0.4   171   258   120   205   108   220 0.91 scf00000000_81 # 125716 # 128043 # -1 # ID=1_81;partial=00;start_type=ATG;rbs_motif=None;rbs_spacer=None;gc_cont=0.262
scf00000000:125716-128043|- -            776 1064at2085           -            350   7.4e-30   99.5  16.2   3   3       4.9     1e+02   -2.9   1.0    95   146   404   451   401   492 0.53 scf00000000_81 # 125716 # 128043 # -1 # ID=1_81;partial=00;start_type=ATG;rbs_motif=None;rbs_spacer=None;gc_cont=0.262
scf00000000:436655-437341|- -            229 1064at2085           -            350     9e-30   99.2   7.8   1   2   1.3e-20   2.8e-19   64.7   3.8     1   124     1   124     1   127 0.83 scf00000000_348 # 436655 # 437341 # -1 # ID=1_348;partial=00;start_type=ATG;rbs_motif=None;rbs_spacer=None;gc_cont=0.265
scf00000000:436655-437341|- -            229 1064at2085           -            350     9e-30   99.2   7.8   2   2   1.4e-12   2.9e-11   38.3   0.2   172   254   121   201   115   219 0.88 scf00000000_348 # 436655 # 437341 # -1 # ID=1_348;partial=00;start_type=ATG;rbs_motif=None;rbs_spacer=None;gc_cont=0.265
scf00000000:120012-122339|- -            776 1064at2085           -            350   1.6e-29   98.4   9.6   1   2   8.7e-19   1.8e-17   58.7   4.7     2   115     2   112     1   123 0.85 scf00000000_78 # 120012 # 122339 # -1 # ID=1_78;partial=00;start_type=ATG;rbs_motif=None;rbs_spacer=None;gc_cont=0.262
scf00000000:120012-122339|- -            776 1064at2085           -            350   1.6e-29   98.4   9.6   2   2   8.1e-14   1.7e-12   42.4   0.5   170   258   119   205   100   226 0.85 scf00000000_78 # 120012 # 122339 # -1 # ID=1_78;partial=00;start_type=ATG;rbs_motif=None;rbs_spacer=None;gc_cont=0.262
scf00000000:757156-758208|- -            351 1064at2085           -            350   1.1e-28   95.6   0.7   1   2   7.8e-08   1.6e-06   22.7   0.2    11    72    26    88     9    94 0.78 scf00000000_582 # 757156 # 758208 # -1 # ID=1_582;partial=00;start_type=ATG;rbs_motif=GGxGG;rbs_spacer=5-10bp;gc_cont=0.331
scf00000000:757156-758208|- -            351 1064at2085           -            350   1.1e-28   95.6   0.7   2   2   1.2e-22   2.5e-21   71.4   0.0   153   271   133   254   121   263 0.89 scf00000000_582 # 757156 # 758208 # -1 # ID=1_582;partial=00;start_type=ATG;rbs_motif=GGxGG;rbs_spacer=5-10bp;gc_cont=0.331
scf00000000:333939-335555|- -            539 1064at2085           -            350   1.3e-27   92.1   4.6   1   5   2.5e-13   5.2e-12   40.8   0.8     1    64     1    64     1   104 0.82 scf00000000_270 # 333939 # 335555 # -1 # ID=1_270;partial=00;start_type=ATG;rbs_motif=AGGA;rbs_spacer=5-10bp;gc_cont=0.331
scf00000000:333939-335555|- -            539 1064at2085           -            350   1.3e-27   92.1   4.6   2   5       1.5        32   -1.3   0.0   248   273    83   109    62   116 0.75 scf00000000_270 # 333939 # 335555 # -1 # ID=1_270;partial=00;start_type=ATG;rbs_motif=AGGA;rbs_spacer=5-10bp;gc_cont=0.331
scf00000000:333939-335555|- -            539 1064at2085           -            350   1.3e-27   92.1   4.6   3   5     2e-09   4.2e-08   27.9   0.0   171   261   148   234   130   281 0.84 scf00000000_270 # 333939 # 335555 # -1 # ID=1_270;partial=00;start_type=ATG;rbs_motif=AGGA;rbs_spacer=5-10bp;gc_cont=0.331
scf00000000:333939-335555|- -            539 1064at2085           -            350   1.3e-27   92.1   4.6   4   5     0.011      0.22    5.8   0.0    14    60   334   380   321   395 0.87 scf00000000_270 # 333939 # 335555 # -1 # ID=1_270;partial=00;start_type=ATG;rbs_motif=AGGA;rbs_spacer=5-10bp;gc_cont=0.331
scf00000000:333939-335555|- -            539 1064at2085           -            350   1.3e-27   92.1   4.6   5   5   1.5e-05   0.00032   15.1   0.0   174   223   443   492   418   535 0.78 scf00000000_270 # 333939 # 335555 # -1 # ID=1_270;partial=00;start_type=ATG;rbs_motif=AGGA;rbs_spacer=5-10bp;gc_cont=0.331
scf00000000:455703-457985|- -            761 1064at2085           -            350   1.8e-27   91.6  18.6   1   3   7.8e-18   1.6e-16   55.6   4.4     1    94     1    91     1    94 0.90 scf00000000_367 # 455703 # 457985 # -1 # ID=1_367;partial=00;start_type=ATG;rbs_motif=GGA/GAG/AGG;rbs_spacer=5-10bp;gc_cont=0.254
scf00000000:455703-457985|- -            761 1064at2085           -            350   1.8e-27   91.6  18.6   2   3   9.5e-14     2e-12   42.1   4.9   143   293    95   244    92   306 0.77 scf00000000_367 # 455703 # 457985 # -1 # ID=1_367;partial=00;start_type=ATG;rbs_motif=GGA/GAG/AGG;rbs_spacer=5-10bp;gc_cont=0.254
scf00000000:455703-457985|- -            761 1064at2085           -            350   1.8e-27   91.6  18.6   3   3       1.6        34   -1.4   0.1    84   121   276   320   268   348 0.52 scf00000000_367 # 455703 # 457985 # -1 # ID=1_367;partial=00;start_type=ATG;rbs_motif=GGA/GAG/AGG;rbs_spacer=5-10bp;gc_cont=0.254
scf00000000:470210-472528|+ -            773 1064at2085           -            350   1.8e-27   91.6  14.6   1   3   3.3e-17   6.9e-16   53.5   3.2     1    95     1    93     1   103 0.93 scf00000000_375 # 470210 # 472528 # 1 # ID=1_375;partial=00;start_type=ATG;rbs_motif=None;rbs_spacer=None;gc_cont=0.261
scf00000000:470210-472528|+ -            773 1064at2085           -            350   1.8e-27   91.6  14.6   2   3   1.1e-14   2.3e-13   45.2   1.5   151   268   100   216    93   240 0.84 scf00000000_375 # 470210 # 472528 # 1 # ID=1_375;partial=00;start_type=ATG;rbs_motif=None;rbs_spacer=None;gc_cont=0.261
scf00000000:470210-472528|+ -            773 1064at2085           -            350   1.8e-27   91.6  14.6   3   3       5.3   1.1e+02   -3.1   0.1    32    94   547   606   528   612 0.68 scf00000000_375 # 470210 # 472528 # 1 # ID=1_375;partial=00;start_type=ATG;rbs_motif=None;rbs_spacer=None;gc_cont=0.261
scf00000000:117695-119938|- -            748 1064at2085           -            350   6.4e-27   89.8   7.9   1   2   9.1e-18   1.9e-16   55.4   4.4     1   123     1   123     1   126 0.84 scf00000000_77 # 117695 # 119938 # -1 # ID=1_77;partial=00;start_type=ATG;rbs_motif=None;rbs_spacer=None;gc_cont=0.264
scf00000000:117695-119938|- -            748 1064at2085           -            350   6.4e-27   89.8   7.9   2   2     3e-12   6.4e-11   37.2   0.3   171   258   120   205   107   219 0.86 scf00000000_77 # 117695 # 119938 # -1 # ID=1_77;partial=00;start_type=ATG;rbs_motif=None;rbs_spacer=None;gc_cont=0.264
scf00000000:894195-895709|+ -            505 1064at2085           -            350   1.3e-26   88.8  18.4   1   4   6.3e-13   1.3e-11   39.4   1.0     2   119     8   130     7   146 0.86 scf00000000_697 # 894195 # 895709 # 1 # ID=1_697;partial=00;start_type=ATG;rbs_motif=None;rbs_spacer=None;gc_cont=0.324
scf00000000:894195-895709|+ -            505 1064at2085           -            350   1.3e-26   88.8  18.4   2   4   5.1e-06   0.00011   16.7   1.5   156   258   121   222   115   265 0.79 scf00000000_697 # 894195 # 895709 # 1 # ID=1_697;partial=00;start_type=ATG;rbs_motif=None;rbs_spacer=None;gc_cont=0.324
scf00000000:894195-895709|+ -            505 1064at2085           -            350   1.3e-26   88.8  18.4   3   4    0.0026     0.054    7.8   0.2    17    69   274   325   261   331 0.84 scf00000000_697 # 894195 # 895709 # 1 # ID=1_697;partial=00;start_type=ATG;rbs_motif=None;rbs_spacer=None;gc_cont=0.324
scf00000000:894195-895709|+ -            505 1064at2085           -            350   1.3e-26   88.8  18.4   4   4   4.3e-12     9e-11   36.7   0.7   140   259   369   486   349   497 0.74 scf00000000_697 # 894195 # 895709 # 1 # ID=1_697;partial=00;start_type=ATG;rbs_motif=None;rbs_spacer=None;gc_cont=0.324
scf00000000:585797-588097|+ -            767 1064at2085           -            350   3.1e-26   87.6  10.4   1   3   5.6e-18   1.2e-16   56.1   2.6     1   126     1   127     1   128 0.86 scf00000000_463 # 585797 # 588097 # 1 # ID=1_463;partial=00;start_type=ATG;rbs_motif=GGA/GAG/AGG;rbs_spacer=5-10bp;gc_cont=0.291
scf00000000:585797-588097|+ -            767 1064at2085           -            350   3.1e-26   87.6  10.4   2   3   5.3e-12   1.1e-10   36.4   0.2   173   253   123   201   102   212 0.86 scf00000000_463 # 585797 # 588097 # 1 # ID=1_463;partial=00;start_type=ATG;rbs_motif=GGA/GAG/AGG;rbs_spacer=5-10bp;gc_cont=0.291
scf00000000:585797-588097|+ -            767 1064at2085           -            350   3.1e-26   87.6  10.4   3   3      0.51        11    0.3   0.1    85   157   527   600   521   607 0.82 scf00000000_463 # 585797 # 588097 # 1 # ID=1_463;partial=00;start_type=ATG;rbs_motif=GGA/GAG/AGG;rbs_spacer=5-10bp;gc_cont=0.291
scf00000000:708817-709533|- -            239 1064at2085           -            350   9.2e-25   82.7   3.0   1   2   4.2e-10   8.8e-09   30.2   0.7     1    63     5    68     5    90 0.88 scf00000000_550 # 708817 # 709533 # -1 # ID=1_550;partial=00;start_type=ATG;rbs_motif=AGGA;rbs_spacer=5-10bp;gc_cont=0.265
scf00000000:708817-709533|- -            239 1064at2085           -            350   9.2e-25   82.7   3.0   2   2   3.9e-17   8.1e-16   53.3   0.1   136   268    93   225    74   233 0.87 scf00000000_550 # 708817 # 709533 # -1 # ID=1_550;partial=00;start_type=ATG;rbs_motif=AGGA;rbs_spacer=5-10bp;gc_cont=0.265
scf00000000:339303-340715|+ -            471 1064at2085           -            350   1.6e-24   81.9   7.5   1   3       3.8        79   -2.6   0.1   113   134    79    98    40   130 0.45 scf00000000_274 # 339303 # 340715 # 1 # ID=1_274;partial=00;start_type=ATG;rbs_motif=AGGAGG;rbs_spacer=5-10bp;gc_cont=0.323
scf00000000:339303-340715|+ -            471 1064at2085           -            350   1.6e-24   81.9   7.5   2   3   2.2e-06   4.5e-05   17.9   0.1    14   110   141   251   128   272 0.71 scf00000000_274 # 339303 # 340715 # 1 # ID=1_274;partial=00;start_type=ATG;rbs_motif=AGGAGG;rbs_spacer=5-10bp;gc_cont=0.323
scf00000000:339303-340715|+ -            471 1064at2085           -            350   1.6e-24   81.9   7.5   3   3   1.3e-21   2.7e-20   68.0   0.9   173   270   272   369   247   375 0.90 scf00000000_274 # 339303 # 340715 # 1 # ID=1_274;partial=00;start_type=ATG;rbs_motif=AGGAGG;rbs_spacer=5-10bp;gc_cont=0.323
scf00000000:123323-125605|- -            761 1064at2085           -            350   2.8e-24   81.1  14.1   1   3   3.6e-17   7.6e-16   53.4   4.9     1   121     1   121     1   125 0.83 scf00000000_80 # 123323 # 125605 # -1 # ID=1_80;partial=00;start_type=ATG;rbs_motif=AGGAG(G)/GGAGG;rbs_spacer=13-15bp;gc_cont=0.240
scf00000000:123323-125605|- -            761 1064at2085           -            350   2.8e-24   81.1  14.1   2   3   1.8e-11   3.7e-10   34.7   0.3   171   258   120   205   107   226 0.84 scf00000000_80 # 123323 # 125605 # -1 # ID=1_80;partial=00;start_type=ATG;rbs_motif=AGGAG(G)/GGAGG;rbs_spacer=13-15bp;gc_cont=0.240
scf00000000:123323-125605|- -            761 1064at2085           -            350   2.8e-24   81.1  14.1   3   3       2.9        60   -2.2   0.2   104   166   540   603   529   637 0.64 scf00000000_80 # 123323 # 125605 # -1 # ID=1_80;partial=00;start_type=ATG;rbs_motif=AGGAG(G)/GGAGG;rbs_spacer=13-15bp;gc_cont=0.240
scf00000000:554622-555392|+ -            257 1064at2085           -            350   1.7e-22   75.2   4.8   1   2   6.1e-07   1.3e-05   19.7   0.3    12    76    22    86     9   131 0.71 scf00000000_442 # 554622 # 555392 # 1 # ID=1_442;partial=00;start_type=ATG;rbs_motif=None;rbs_spacer=None;gc_cont=0.267
scf00000000:554622-555392|+ -            257 1064at2085           -            350   1.7e-22   75.2   4.8   2   2   6.2e-19   1.3e-17   59.2   2.7    83   267    56   242    56   249 0.74 scf00000000_442 # 554622 # 555392 # 1 # ID=1_442;partial=00;start_type=ATG;rbs_motif=None;rbs_spacer=None;gc_cont=0.267
scf00000000:25904-27523|+   -            540 1064at2085           -            350   4.1e-22   74.0   4.8   1   2   5.8e-12   1.2e-10   36.3   0.7     1    72   336   408   336   422 0.91 scf00000000_14 # 25904 # 27523 # 1 # ID=1_14;partial=00;start_type=ATG;rbs_motif=None;rbs_spacer=None;gc_cont=0.227
scf00000000:25904-27523|+   -            540 1064at2085           -            350   4.1e-22   74.0   4.8   2   2   5.6e-13   1.2e-11   39.6   0.3   131   251   418   537   408   539 0.82 scf00000000_14 # 25904 # 27523 # 1 # ID=1_14;partial=00;start_type=ATG;rbs_motif=None;rbs_spacer=None;gc_cont=0.227
scf00000000:19234-20847|+   -            538 1064at2085           -            350   7.5e-19   63.3   6.2   1   4       5.6   1.2e+02   -3.1   0.4    79   108    72   101    67   121 0.64 scf00000000_11 # 19234 # 20847 # 1 # ID=1_11;partial=00;start_type=ATG;rbs_motif=AGGAGG;rbs_spacer=5-10bp;gc_cont=0.243
scf00000000:19234-20847|+   -            538 1064at2085           -            350   7.5e-19   63.3   6.2   2   4         7   1.5e+02   -3.5   0.1   131   150   300   316   289   332 0.60 scf00000000_11 # 19234 # 20847 # 1 # ID=1_11;partial=00;start_type=ATG;rbs_motif=AGGAGG;rbs_spacer=5-10bp;gc_cont=0.243
scf00000000:19234-20847|+   -            538 1064at2085           -            350   7.5e-19   63.3   6.2   3   4   7.5e-11   1.6e-09   32.6   0.3     6    71   339   405   334   417 0.87 scf00000000_11 # 19234 # 20847 # 1 # ID=1_11;partial=00;start_type=ATG;rbs_motif=AGGAGG;rbs_spacer=5-10bp;gc_cont=0.243
scf00000000:19234-20847|+   -            538 1064at2085           -            350   7.5e-19   63.3   6.2   4   4   1.4e-13     3e-12   41.6   1.2   154   251   435   534   421   537 0.79 scf00000000_11 # 19234 # 20847 # 1 # ID=1_11;partial=00;start_type=ATG;rbs_motif=AGGAGG;rbs_spacer=5-10bp;gc_cont=0.243
scf00000000:214465-217308|- -            948 1064at2085           -            350   9.4e-16   53.1   5.0   1   4     0.016      0.33    5.3   0.1    15    42    19    46    13    57 0.90 scf00000000_152 # 214465 # 217308 # -1 # ID=1_152;partial=00;start_type=ATG;rbs_motif=None;rbs_spacer=None;gc_cont=0.327
scf00000000:214465-217308|- -            948 1064at2085           -            350   9.4e-16   53.1   5.0   2   4   7.5e-07   1.6e-05   19.5   0.0   153   249   467   563   447   601 0.77 scf00000000_152 # 214465 # 217308 # -1 # ID=1_152;partial=00;start_type=ATG;rbs_motif=None;rbs_spacer=None;gc_cont=0.327
scf00000000:214465-217308|- -            948 1064at2085           -            350   9.4e-16   53.1   5.0   3   4   8.7e-06   0.00018   16.0   0.4    15    47   626   658   618   680 0.82 scf00000000_152 # 214465 # 217308 # -1 # ID=1_152;partial=00;start_type=ATG;rbs_motif=None;rbs_spacer=None;gc_cont=0.327
scf00000000:214465-217308|- -            948 1064at2085           -            350   9.4e-16   53.1   5.0   4   4   0.00026    0.0054   11.1   0.0   174   251   829   907   811   940 0.74 scf00000000_152 # 214465 # 217308 # -1 # ID=1_152;partial=00;start_type=ATG;rbs_motif=None;rbs_spacer=None;gc_cont=0.327
scf00000000:24285-25895|+   -            537 1064at2085           -            350   9.2e-14   46.5   6.6   1   2   5.3e-11   1.1e-09   33.1   2.7     2   127   334   462   333   463 0.80 scf00000000_13 # 24285 # 25895 # 1 # ID=1_13;partial=00;start_type=ATG;rbs_motif=GGA/GAG/AGG;rbs_spacer=5-10bp;gc_cont=0.189
scf00000000:24285-25895|+   -            537 1064at2085           -            350   9.2e-14   46.5   6.6   2   2   3.2e-06   6.6e-05   17.4   0.4   170   250   456   534   431   536 0.70 scf00000000_13 # 24285 # 25895 # 1 # ID=1_13;partial=00;start_type=ATG;rbs_motif=GGA/GAG/AGG;rbs_spacer=5-10bp;gc_cont=0.189
scf00000000:17613-19223|+   -            537 1064at2085           -            350   2.1e-13   45.3   0.2   1   2   2.7e-10   5.6e-09   30.8   0.1     2    72   334   406   333   433 0.84 scf00000000_10 # 17613 # 19223 # 1 # ID=1_10;partial=00;start_type=ATG;rbs_motif=AGGA;rbs_spacer=5-10bp;gc_cont=0.238
scf00000000:17613-19223|+   -            537 1064at2085           -            350   2.1e-13   45.3   0.2   2   2   0.00016    0.0034   11.8   0.0   174   231   460   514   441   535 0.72 scf00000000_10 # 17613 # 19223 # 1 # ID=1_10;partial=00;start_type=ATG;rbs_motif=AGGA;rbs_spacer=5-10bp;gc_cont=0.238
scf00000000:291193-293232|- -            680 1064at2085           -            350   1.5e-09   32.7   5.0   1   3       2.8        58   -2.2   0.1    68    86   113   131    78   146 0.69 scf00000000_219 # 291193 # 293232 # -1 # ID=1_219;partial=00;start_type=ATG;rbs_motif=None;rbs_spacer=None;gc_cont=0.246
scf00000000:291193-293232|- -            680 1064at2085           -            350   1.5e-09   32.7   5.0   2   3   9.1e-06   0.00019   15.9   0.5     2    94   470   561   469   584 0.80 scf00000000_219 # 291193 # 293232 # -1 # ID=1_219;partial=00;start_type=ATG;rbs_motif=None;rbs_spacer=None;gc_cont=0.246
scf00000000:291193-293232|- -            680 1064at2085           -            350   1.5e-09   32.7   5.0   3   3   2.4e-06   5.1e-05   17.8   0.1   165   239   589   661   568   666 0.88 scf00000000_219 # 291193 # 293232 # -1 # ID=1_219;partial=00;start_type=ATG;rbs_motif=None;rbs_spacer=None;gc_cont=0.246
#
# Program:         hmmsearch
# Version:         3.4 (Aug 2023)
# Pipeline mode:   SEARCH
# Query file:      /home/bryan/Documentos/GitHub/Project_doctoral/IMPLEMENTACAO/Genomes/M_hyopneumoniae/strains/UFV01/Use/busco_downloads/lineages/mycoplasmatales_odb10/hmms/1064at2085.hmm
# Target file:     /home/bryan/Documentos/GitHub/Project_doctoral/IMPLEMENTACAO/Genomes/M_hyopneumoniae/strains/UFV01/Use/busco_complete/prodigal_output/predicted_genes/predicted.faa
# Option settings: hmmsearch --domtblout /home/bryan/Documentos/GitHub/Project_doctoral/IMPLEMENTACAO/Genomes/M_hyopneumoniae/strains/UFV01/Use/busco_complete/run_mycoplasmatales_odb10/hmmer_output/1064at2085.out --cpu 1 /home/bryan/Documentos/GitHub/Project_doctoral/IMPLEMENTACAO/Genomes/M_hyopneumoniae/strains/UFV01/Use/busco_downloads/lineages/mycoplasmatales_odb10/hmms/1064at2085.hmm /home/bryan/Documentos/GitHub/Project_doctoral/IMPLEMENTACAO/Genomes/M_hyopneumoniae/strains/UFV01/Use/busco_complete/prodigal_output/predicted_genes/predicted.faa 
# Current dir:     /home/bryan/Documentos/GitHub/Project_doctoral/IMPLEMENTACAO/Genomes/M_hyopneumoniae/strains/UFV01/Use
# Date:            Sun Dec  1 19:09:19 2024
# [ok]
