#                                                                                   --- full sequence --- -------------- this domain -------------   hmm coord   ali coord   env coord
# target name               accession   tlen query name           accession   qlen   E-value  score  bias   #  of  c-Evalue  i-Evalue  score  bias  from    to  from    to  from    to  acc description of target
#       ------------------- ---------- ----- -------------------- ---------- ----- --------- ------ ----- --- --- --------- --------- ------ ----- ----- ----- ----- ----- ----- ----- ---- ---------------------
scf00000000:192951-195035|- -            695 148at2085            -            586         0 1036.6  12.7   1   2  5.8e-114    1e-111  369.5   3.0     1   181    11   193    11   218 0.94 scf00000000_135 # 192951 # 195035 # -1 # ID=1_135;partial=00;start_type=ATG;rbs_motif=AGGA;rbs_spacer=5-10bp;gc_cont=0.375
scf00000000:192951-195035|- -            695 148at2085            -            586         0 1036.6  12.7   2   2  5.1e-205  9.1e-203  670.2   2.4   174   579   221   671   209   688 0.89 scf00000000_135 # 192951 # 195035 # -1 # ID=1_135;partial=00;start_type=ATG;rbs_motif=AGGA;rbs_spacer=5-10bp;gc_cont=0.375
scf00000000:189822-191618|+ -            599 148at2085            -            586     3e-42  140.2   0.2   1   3   2.7e-30   4.8e-28   93.3   0.1     1   150     7   153     7   164 0.92 scf00000000_133 # 189822 # 191618 # 1 # ID=1_133;partial=00;start_type=ATG;rbs_motif=None;rbs_spacer=None;gc_cont=0.342
scf00000000:189822-191618|+ -            599 148at2085            -            586     3e-42  140.2   0.2   2   3   5.4e-14   9.7e-12   39.4   0.0   218   415   163   375   154   381 0.75 scf00000000_133 # 189822 # 191618 # 1 # ID=1_133;partial=00;start_type=ATG;rbs_motif=None;rbs_spacer=None;gc_cont=0.342
scf00000000:189822-191618|+ -            599 148at2085            -            586     3e-42  140.2   0.2   3   3    0.0028       0.5    4.1   0.0   521   574   402   467   395   478 0.63 scf00000000_133 # 189822 # 191618 # 1 # ID=1_133;partial=00;start_type=ATG;rbs_motif=None;rbs_spacer=None;gc_cont=0.342
scf00000000:863959-865758|- -            600 148at2085            -            586   4.6e-18   60.3   0.9   1   2   2.6e-20   4.6e-18   60.3   0.9    31   135   120   230   115   244 0.82 scf00000000_671 # 863959 # 865758 # -1 # ID=1_671;partial=00;start_type=ATG;rbs_motif=GGAG/GAGG;rbs_spacer=5-10bp;gc_cont=0.352
scf00000000:863959-865758|- -            600 148at2085            -            586   4.6e-18   60.3   0.9   2   2      0.41        73   -3.1   0.1    44    70   378   404   368   457 0.69 scf00000000_671 # 863959 # 865758 # -1 # ID=1_671;partial=00;start_type=ATG;rbs_motif=GGAG/GAGG;rbs_spacer=5-10bp;gc_cont=0.352
scf00000000:790360-791568|- -            403 148at2085            -            586   2.4e-15   51.3   1.4   1   2     3e-17   5.3e-15   50.2   0.3     2   130    20   147    19   166 0.91 scf00000000_607 # 790360 # 791568 # -1 # ID=1_607;partial=00;start_type=ATG;rbs_motif=AGGA;rbs_spacer=5-10bp;gc_cont=0.401
scf00000000:790360-791568|- -            403 148at2085            -            586   2.4e-15   51.3   1.4   2   2     0.043       7.6    0.2   0.0   220   327   195   304   148   324 0.67 scf00000000_607 # 790360 # 791568 # -1 # ID=1_607;partial=00;start_type=ATG;rbs_motif=AGGA;rbs_spacer=5-10bp;gc_cont=0.401
#
# Program:         hmmsearch
# Version:         3.4 (Aug 2023)
# Pipeline mode:   SEARCH
# Query file:      /home/bryan/Documentos/GitHub/Project_doctoral/IMPLEMENTACAO/Genomes/M_hyopneumoniae/strains/UFV01/Use/busco_downloads/lineages/mycoplasmatales_odb10/hmms/148at2085.hmm
# Target file:     /home/bryan/Documentos/GitHub/Project_doctoral/IMPLEMENTACAO/Genomes/M_hyopneumoniae/strains/UFV01/Use/busco_complete/prodigal_output/predicted_genes/predicted.faa
# Option settings: hmmsearch --domtblout /home/bryan/Documentos/GitHub/Project_doctoral/IMPLEMENTACAO/Genomes/M_hyopneumoniae/strains/UFV01/Use/busco_complete/run_mycoplasmatales_odb10/hmmer_output/148at2085.out --cpu 1 /home/bryan/Documentos/GitHub/Project_doctoral/IMPLEMENTACAO/Genomes/M_hyopneumoniae/strains/UFV01/Use/busco_downloads/lineages/mycoplasmatales_odb10/hmms/148at2085.hmm /home/bryan/Documentos/GitHub/Project_doctoral/IMPLEMENTACAO/Genomes/M_hyopneumoniae/strains/UFV01/Use/busco_complete/prodigal_output/predicted_genes/predicted.faa 
# Current dir:     /home/bryan/Documentos/GitHub/Project_doctoral/IMPLEMENTACAO/Genomes/M_hyopneumoniae/strains/UFV01/Use
# Date:            Sun Dec  1 19:09:21 2024
# [ok]
