#                                                                                   --- full sequence --- -------------- this domain -------------   hmm coord   ali coord   env coord
# target name               accession   tlen query name           accession   qlen   E-value  score  bias   #  of  c-Evalue  i-Evalue  score  bias  from    to  from    to  from    to  acc description of target
#       ------------------- ---------- ----- -------------------- ---------- ----- --------- ------ ----- --- --- --------- --------- ------ ----- ----- ----- ----- ----- ----- ----- ---- ---------------------
scf00000000:872134-873873|- -            580 539at2085            -            541  1.1e-246  815.1  15.7   1   1    7e-249  1.2e-246  814.9  15.7     1   540     8   573     8   574 0.97 scf00000000_678 # 872134 # 873873 # -1 # ID=1_678;partial=00;start_type=ATG;rbs_motif=AGGA;rbs_spacer=5-10bp;gc_cont=0.291
scf00000000:165998-167365|+ -            456 539at2085            -            541   8.3e-10   33.2   1.9   1   3      0.13        23   -1.2   0.0   197   228    56    87    39   132 0.76 scf00000000_117 # 165998 # 167365 # 1 # ID=1_117;partial=00;start_type=ATG;rbs_motif=AGGA;rbs_spacer=5-10bp;gc_cont=0.299
scf00000000:165998-167365|+ -            456 539at2085            -            541   8.3e-10   33.2   1.9   2   3   1.4e-08   2.5e-06   21.8   0.1   235   346   157   268   150   272 0.88 scf00000000_117 # 165998 # 167365 # 1 # ID=1_117;partial=00;start_type=ATG;rbs_motif=AGGA;rbs_spacer=5-10bp;gc_cont=0.299
scf00000000:165998-167365|+ -            456 539at2085            -            541   8.3e-10   33.2   1.9   3   3     6e-05     0.011    9.8   0.2   451   540   354   449   348   450 0.83 scf00000000_117 # 165998 # 167365 # 1 # ID=1_117;partial=00;start_type=ATG;rbs_motif=AGGA;rbs_spacer=5-10bp;gc_cont=0.299
scf00000000:588590-590029|- -            480 539at2085            -            541   1.4e-07   25.9   6.9   1   3    0.0087       1.5    2.7   0.0   186   317    43   184    34   196 0.69 scf00000000_465 # 588590 # 590029 # -1 # ID=1_465;partial=00;start_type=ATG;rbs_motif=None;rbs_spacer=None;gc_cont=0.308
scf00000000:588590-590029|- -            480 539at2085            -            541   1.4e-07   25.9   6.9   2   3   1.6e-09   2.8e-07   24.9   2.3   408   525   237   366   226   382 0.78 scf00000000_465 # 588590 # 590029 # -1 # ID=1_465;partial=00;start_type=ATG;rbs_motif=None;rbs_spacer=None;gc_cont=0.308
scf00000000:588590-590029|- -            480 539at2085            -            541   1.4e-07   25.9   6.9   3   3      0.12        21   -1.1   0.1    29   128   366   470   360   473 0.52 scf00000000_465 # 588590 # 590029 # -1 # ID=1_465;partial=00;start_type=ATG;rbs_motif=None;rbs_spacer=None;gc_cont=0.308
scf00000000:393714-394955|+ -            414 539at2085            -            541   4.7e-05   17.5   0.4   1   3      0.17        30   -1.6   0.2    99   142     9    52     3    89 0.64 scf00000000_310 # 393714 # 394955 # 1 # ID=1_310;partial=00;start_type=ATG;rbs_motif=None;rbs_spacer=None;gc_cont=0.316
scf00000000:393714-394955|+ -            414 539at2085            -            541   4.7e-05   17.5   0.4   2   3   1.7e-05     0.003   11.6   0.0   153   362   133   347   128   352 0.80 scf00000000_310 # 393714 # 394955 # 1 # ID=1_310;partial=00;start_type=ATG;rbs_motif=None;rbs_spacer=None;gc_cont=0.316
scf00000000:393714-394955|+ -            414 539at2085            -            541   4.7e-05   17.5   0.4   3   3     0.007       1.2    3.0   0.0   409   458   359   406   353   409 0.82 scf00000000_310 # 393714 # 394955 # 1 # ID=1_310;partial=00;start_type=ATG;rbs_motif=None;rbs_spacer=None;gc_cont=0.316
#
# Program:         hmmsearch
# Version:         3.4 (Aug 2023)
# Pipeline mode:   SEARCH
# Query file:      /home/bryan/Documentos/GitHub/Project_doctoral/IMPLEMENTACAO/Genomes/M_hyopneumoniae/strains/UFV01/Use/busco_downloads/lineages/mycoplasmatales_odb10/hmms/539at2085.hmm
# Target file:     /home/bryan/Documentos/GitHub/Project_doctoral/IMPLEMENTACAO/Genomes/M_hyopneumoniae/strains/UFV01/Use/busco_complete/prodigal_output/predicted_genes/predicted.faa
# Option settings: hmmsearch --domtblout /home/bryan/Documentos/GitHub/Project_doctoral/IMPLEMENTACAO/Genomes/M_hyopneumoniae/strains/UFV01/Use/busco_complete/run_mycoplasmatales_odb10/hmmer_output/539at2085.out --cpu 1 /home/bryan/Documentos/GitHub/Project_doctoral/IMPLEMENTACAO/Genomes/M_hyopneumoniae/strains/UFV01/Use/busco_downloads/lineages/mycoplasmatales_odb10/hmms/539at2085.hmm /home/bryan/Documentos/GitHub/Project_doctoral/IMPLEMENTACAO/Genomes/M_hyopneumoniae/strains/UFV01/Use/busco_complete/prodigal_output/predicted_genes/predicted.faa 
# Current dir:     /home/bryan/Documentos/GitHub/Project_doctoral/IMPLEMENTACAO/Genomes/M_hyopneumoniae/strains/UFV01/Use
# Date:            Sun Dec  1 19:09:26 2024
# [ok]
