#                                                                                   --- full sequence --- -------------- this domain -------------   hmm coord   ali coord   env coord
# target name               accession   tlen query name           accession   qlen   E-value  score  bias   #  of  c-Evalue  i-Evalue  score  bias  from    to  from    to  from    to  acc description of target
#       ------------------- ---------- ----- -------------------- ---------- ----- --------- ------ ----- --- --- --------- --------- ------ ----- ----- ----- ----- ----- ----- ----- ---- ---------------------
scf00000000:616441-617982|+ -            514 913at2085            -            397  3.3e-135  446.6  27.8   1   2    7e-125  1.2e-122  405.2  18.1     2   316     3   378     2   388 0.85 scf00000000_495 # 616441 # 617982 # 1 # ID=1_495;partial=00;start_type=ATG;rbs_motif=GGA/GAG/AGG;rbs_spacer=5-10bp;gc_cont=0.268
scf00000000:616441-617982|+ -            514 913at2085            -            397  3.3e-135  446.6  27.8   2   2   4.1e-15   7.3e-13   43.7   2.1   311   386   406   485   393   500 0.84 scf00000000_495 # 616441 # 617982 # 1 # ID=1_495;partial=00;start_type=ATG;rbs_motif=GGA/GAG/AGG;rbs_spacer=5-10bp;gc_cont=0.268
scf00000000:47606-49978|-   -            791 913at2085            -            397   7.1e-18   60.2   0.6   1   2   1.4e-11   2.5e-09   32.0   0.0     2   165    29   204    28   213 0.83 scf00000000_31 # 47606 # 49978 # -1 # ID=1_31;partial=00;start_type=ATG;rbs_motif=None;rbs_spacer=None;gc_cont=0.310
scf00000000:47606-49978|-   -            791 913at2085            -            397   7.1e-18   60.2   0.6   2   2   1.6e-09   2.8e-07   25.3   0.3   238   340   547   647   513   694 0.75 scf00000000_31 # 47606 # 49978 # -1 # ID=1_31;partial=00;start_type=ATG;rbs_motif=None;rbs_spacer=None;gc_cont=0.310
scf00000000:134223-136883|- -            887 913at2085            -            397   6.5e-16   53.8  21.9   1   4   2.1e-12   3.7e-10   34.8   0.2    12   128    61   194    59   224 0.70 scf00000000_89 # 134223 # 136883 # -1 # ID=1_89;partial=00;start_type=ATG;rbs_motif=AGGA;rbs_spacer=5-10bp;gc_cont=0.306
scf00000000:134223-136883|- -            887 913at2085            -            397   6.5e-16   53.8  21.9   2   4      0.59   1.1e+02   -2.9   0.1   144   187   410   460   402   462 0.53 scf00000000_89 # 134223 # 136883 # -1 # ID=1_89;partial=00;start_type=ATG;rbs_motif=AGGA;rbs_spacer=5-10bp;gc_cont=0.306
scf00000000:134223-136883|- -            887 913at2085            -            397   6.5e-16   53.8  21.9   3   4   4.6e-09   8.2e-07   23.8   0.1   238   303   571   642   565   655 0.75 scf00000000_89 # 134223 # 136883 # -1 # ID=1_89;partial=00;start_type=ATG;rbs_motif=AGGA;rbs_spacer=5-10bp;gc_cont=0.306
scf00000000:134223-136883|- -            887 913at2085            -            397   6.5e-16   53.8  21.9   4   4     0.022       3.9    1.8  10.3   265   387   635   763   629   775 0.70 scf00000000_89 # 134223 # 136883 # -1 # ID=1_89;partial=00;start_type=ATG;rbs_motif=AGGA;rbs_spacer=5-10bp;gc_cont=0.306
scf00000000:88831-91299|+   -            823 913at2085            -            397   3.9e-11   38.0   8.6   1   5   3.8e-09   6.8e-07   24.1   1.7     5   147    35   199    31   220 0.64 scf00000000_54 # 88831 # 91299 # 1 # ID=1_54;partial=00;start_type=ATG;rbs_motif=AGGA;rbs_spacer=5-10bp;gc_cont=0.296
scf00000000:88831-91299|+   -            823 913at2085            -            397   3.9e-11   38.0   8.6   2   5      0.18        31   -1.2   0.1   274   306   267   300   246   323 0.71 scf00000000_54 # 88831 # 91299 # 1 # ID=1_54;partial=00;start_type=ATG;rbs_motif=AGGA;rbs_spacer=5-10bp;gc_cont=0.296
scf00000000:88831-91299|+   -            823 913at2085            -            397   3.9e-11   38.0   8.6   3   5       0.4        72   -2.4   0.1   140   165   351   376   329   411 0.54 scf00000000_54 # 88831 # 91299 # 1 # ID=1_54;partial=00;start_type=ATG;rbs_motif=AGGA;rbs_spacer=5-10bp;gc_cont=0.296
scf00000000:88831-91299|+   -            823 913at2085            -            397   3.9e-11   38.0   8.6   4   5   5.2e-10   9.3e-08   26.9   0.7   233   318   490   575   465   606 0.67 scf00000000_54 # 88831 # 91299 # 1 # ID=1_54;partial=00;start_type=ATG;rbs_motif=AGGA;rbs_spacer=5-10bp;gc_cont=0.296
scf00000000:88831-91299|+   -            823 913at2085            -            397   3.9e-11   38.0   8.6   5   5      0.46        83   -2.6   0.8   320   342   685   707   663   796 0.62 scf00000000_54 # 88831 # 91299 # 1 # ID=1_54;partial=00;start_type=ATG;rbs_motif=AGGA;rbs_spacer=5-10bp;gc_cont=0.296
#
# Program:         hmmsearch
# Version:         3.4 (Aug 2023)
# Pipeline mode:   SEARCH
# Query file:      /home/bryan/Documentos/GitHub/Project_doctoral/IMPLEMENTACAO/Genomes/M_hyopneumoniae/strains/UFV01/Use/busco_downloads/lineages/mycoplasmatales_odb10/hmms/913at2085.hmm
# Target file:     /home/bryan/Documentos/GitHub/Project_doctoral/IMPLEMENTACAO/Genomes/M_hyopneumoniae/strains/UFV01/Use/busco_complete/prodigal_output/predicted_genes/predicted.faa
# Option settings: hmmsearch --domtblout /home/bryan/Documentos/GitHub/Project_doctoral/IMPLEMENTACAO/Genomes/M_hyopneumoniae/strains/UFV01/Use/busco_complete/run_mycoplasmatales_odb10/hmmer_output/913at2085.out --cpu 1 /home/bryan/Documentos/GitHub/Project_doctoral/IMPLEMENTACAO/Genomes/M_hyopneumoniae/strains/UFV01/Use/busco_downloads/lineages/mycoplasmatales_odb10/hmms/913at2085.hmm /home/bryan/Documentos/GitHub/Project_doctoral/IMPLEMENTACAO/Genomes/M_hyopneumoniae/strains/UFV01/Use/busco_complete/prodigal_output/predicted_genes/predicted.faa 
# Current dir:     /home/bryan/Documentos/GitHub/Project_doctoral/IMPLEMENTACAO/Genomes/M_hyopneumoniae/strains/UFV01/Use
# Date:            Sun Dec  1 19:09:28 2024
# [ok]
