A	C	G	T	N	IUPAC	Other	GC	GC_stdev
0.3556	0.1424	0.1425	0.3594	0.0000	0.0000	0.0000	0.2850	0.0000

Main genome scaffold total:         	1
Main genome contig total:           	1
Main genome scaffold sequence total:	923512
Main genome contig sequence total:  	923512  	0.000% gap
Main genome scaffold N/L50:         	1/923512
Main genome contig N/L50:           	1/923512
Main genome scaffold N/L90:         	1/923512
Main genome contig N/L90:           	1/923512
Max scaffold length:                	923512
Max contig length:                  	923512
Number of scaffolds > 50 KB:        	1
% main genome in scaffolds > 50 KB: 	100.00%


Minimum 	Number        	Number        	Total         	Total         	Scaffold
Scaffold	of            	of            	Scaffold      	Contig        	Contig  
Length  	Scaffolds     	Contigs       	Length        	Length        	Coverage
--------	--------------	--------------	--------------	--------------	--------
    All 	             1	             1	        923512	        923512	 100.00%
 500000 	             1	             1	        923512	        923512	 100.00%

