A	C	G	T	N	IUPAC	Other	GC	GC_stdev
0.3587	0.1425	0.1429	0.3559	0.0139	0.0000	0.0000	0.2854	0.0320

Main genome scaffold total:         	57
Main genome contig total:           	237
Main genome scaffold sequence total:	909064
Main genome contig sequence total:  	896459  	1.387% gap
Main genome scaffold N/L50:         	9/40791
Main genome contig N/L50:           	34/7512
Main genome scaffold N/L90:         	28/10257
Main genome contig N/L90:           	130/1923
Max scaffold length:                	82087
Max contig length:                  	25082
Number of scaffolds > 50 KB:        	4
% main genome in scaffolds > 50 KB: 	29.77%


Minimum 	Number        	Number        	Total         	Total         	Scaffold
Scaffold	of            	of            	Scaffold      	Contig        	Contig  
Length  	Scaffolds     	Contigs       	Length        	Length        	Coverage
--------	--------------	--------------	--------------	--------------	--------
    All 	            57	           237	        909064	        896459	  98.61%
    500 	            57	           237	        909064	        896459	  98.61%
   1000 	            51	           231	        904713	        892108	  98.61%
   2500 	            38	           210	        884289	        872210	  98.63%
   5000 	            34	           200	        869584	        857708	  98.63%
  10000 	            28	           182	        825690	        814671	  98.67%
  25000 	            12	           113	        573403	        565500	  98.62%
  50000 	             4	            50	        270637	        266549	  98.49%

