A	C	G	T	N	IUPAC	Other	GC	GC_stdev
0.3552	0.1419	0.1428	0.3600	0.0000	0.0000	0.0000	0.2848	0.0000

Main genome scaffold total:         	1
Main genome contig total:           	1
Main genome scaffold sequence total:	918900
Main genome contig sequence total:  	918900  	0.000% gap
Main genome scaffold N/L50:         	1/918900
Main genome contig N/L50:           	1/918900
Main genome scaffold N/L90:         	1/918900
Main genome contig N/L90:           	1/918900
Max scaffold length:                	918900
Max contig length:                  	918900
Number of scaffolds > 50 KB:        	1
% main genome in scaffolds > 50 KB: 	100.00%


Minimum 	Number        	Number        	Total         	Total         	Scaffold
Scaffold	of            	of            	Scaffold      	Contig        	Contig  
Length  	Scaffolds     	Contigs       	Length        	Length        	Coverage
--------	--------------	--------------	--------------	--------------	--------
    All 	             1	             1	        918900	        918900	 100.00%
 500000 	             1	             1	        918900	        918900	 100.00%

