#                                                                                   --- full sequence --- -------------- this domain -------------   hmm coord   ali coord   env coord
# target name               accession   tlen query name           accession   qlen   E-value  score  bias   #  of  c-Evalue  i-Evalue  score  bias  from    to  from    to  from    to  acc description of target
#       ------------------- ---------- ----- -------------------- ---------- ----- --------- ------ ----- --- --- --------- --------- ------ ----- ----- ----- ----- ----- ----- ----- ---- ---------------------
scf00000000:247061-248395|+ -            445 1064at2085           -            350  1.2e-149  493.1  20.1   1   2   3.4e-56   7.7e-55  181.3   0.3     1   110    10   119    10   153 0.89 scf00000000_175 # 247061 # 248395 # 1 # ID=1_175;partial=00;start_type=ATG;rbs_motif=GGA/GAG/AGG;rbs_spacer=11-12bp;gc_cont=0.302
scf00000000:247061-248395|+ -            445 1064at2085           -            350  1.2e-149  493.1  20.1   2   2   3.9e-96   8.8e-95  312.7  16.0   106   349   154   441   130   442 0.84 scf00000000_175 # 247061 # 248395 # 1 # ID=1_175;partial=00;start_type=ATG;rbs_motif=GGA/GAG/AGG;rbs_spacer=11-12bp;gc_cont=0.302
scf00000000:463056-465245|- -            730 1064at2085           -            350   3.7e-79  261.3   6.4   1   3   9.3e-36   2.1e-34  114.1   0.3     2   122    43   164    42   228 0.78 scf00000000_310 # 463056 # 465245 # -1 # ID=1_310;partial=00;start_type=ATG;rbs_motif=AGGA;rbs_spacer=5-10bp;gc_cont=0.308
scf00000000:463056-465245|- -            730 1064at2085           -            350   3.7e-79  261.3   6.4   2   3       7.4   1.7e+02   -4.0   5.8   116   176   348   410   315   415 0.66 scf00000000_310 # 463056 # 465245 # -1 # ID=1_310;partial=00;start_type=ATG;rbs_motif=AGGA;rbs_spacer=5-10bp;gc_cont=0.308
scf00000000:463056-465245|- -            730 1064at2085           -            350   3.7e-79  261.3   6.4   3   3   2.5e-49   5.7e-48  158.7   1.2   106   290   441   626   420   640 0.88 scf00000000_310 # 463056 # 465245 # -1 # ID=1_310;partial=00;start_type=ATG;rbs_motif=AGGA;rbs_spacer=5-10bp;gc_cont=0.308
scf00000000:292530-294068|- -            513 1064at2085           -            350   2.4e-49  163.3  17.4   1   4   6.7e-14   1.5e-12   42.2   0.1     1    97     6   107     6   117 0.85 scf00000000_205 # 292530 # 294068 # -1 # ID=1_205;partial=00;start_type=TTG;rbs_motif=AGGA;rbs_spacer=5-10bp;gc_cont=0.311
scf00000000:292530-294068|- -            513 1064at2085           -            350   2.4e-49  163.3  17.4   2   4   2.1e-20   4.9e-19   63.6   0.9   150   272   116   237   109   246 0.92 scf00000000_205 # 292530 # 294068 # -1 # ID=1_205;partial=00;start_type=TTG;rbs_motif=AGGA;rbs_spacer=5-10bp;gc_cont=0.311
scf00000000:292530-294068|- -            513 1064at2085           -            350   2.4e-49  163.3  17.4   3   4   5.7e-08   1.3e-06   22.7   0.2    12    72   278   340   264   371 0.80 scf00000000_205 # 292530 # 294068 # -1 # ID=1_205;partial=00;start_type=TTG;rbs_motif=AGGA;rbs_spacer=5-10bp;gc_cont=0.311
scf00000000:292530-294068|- -            513 1064at2085           -            350   2.4e-49  163.3  17.4   4   4   1.1e-14   2.4e-13   44.8   1.2   164   262   396   495   376   502 0.84 scf00000000_205 # 292530 # 294068 # -1 # ID=1_205;partial=00;start_type=TTG;rbs_motif=AGGA;rbs_spacer=5-10bp;gc_cont=0.311
scf00000000:447609-448769|- -            387 1064at2085           -            350   6.9e-49  161.7  15.3   1   1   5.5e-50   1.3e-48  160.9  15.2     2   283     8   298     7   356 0.78 scf00000000_300 # 447609 # 448769 # -1 # ID=1_300;partial=00;start_type=ATG;rbs_motif=GGA/GAG/AGG;rbs_spacer=11-12bp;gc_cont=0.252
scf00000000:589560-590891|+ -            444 1064at2085           -            350   4.9e-36  119.5   4.8   1   2   1.1e-11   2.4e-10   35.0   0.5     3   116    45   169    43   184 0.67 scf00000000_440 # 589560 # 590891 # 1 # ID=1_440;partial=00;start_type=ATG;rbs_motif=GGAG/GAGG;rbs_spacer=5-10bp;gc_cont=0.303
scf00000000:589560-590891|+ -            444 1064at2085           -            350   4.9e-36  119.5   4.8   2   2   2.7e-27   6.2e-26   86.2   0.2   121   266   219   368   196   372 0.80 scf00000000_440 # 589560 # 590891 # 1 # ID=1_440;partial=00;start_type=ATG;rbs_motif=GGAG/GAGG;rbs_spacer=5-10bp;gc_cont=0.303
scf00000000:406672-407595|+ -            308 1064at2085           -            350   9.2e-36  118.6   3.6   1   2   1.4e-20   3.1e-19   64.2   0.6     1   112    60   181    60   195 0.78 scf00000000_265 # 406672 # 407595 # 1 # ID=1_265;partial=00;start_type=GTG;rbs_motif=AGGAGG;rbs_spacer=5-10bp;gc_cont=0.340
scf00000000:406672-407595|+ -            308 1064at2085           -            350   9.2e-36  118.6   3.6   2   2   2.8e-18   6.4e-17   56.6   0.2   159   258   179   277   176   285 0.91 scf00000000_265 # 406672 # 407595 # 1 # ID=1_265;partial=00;start_type=GTG;rbs_motif=AGGAGG;rbs_spacer=5-10bp;gc_cont=0.340
seq00000020:56395-57297|+   -            301 1064at2085           -            350   1.9e-34  114.3   2.5   1   2   1.5e-11   3.4e-10   34.5   1.4     4    66     5    72     2   131 0.78 seq00000020_48 # 56395 # 57297 # 1 # ID=2_48;partial=00;start_type=ATG;rbs_motif=None;rbs_spacer=None;gc_cont=0.308
seq00000020:56395-57297|+   -            301 1064at2085           -            350   1.9e-34  114.3   2.5   2   2   8.5e-24   1.9e-22   74.8   0.0   151   259   130   238   124   283 0.87 seq00000020_48 # 56395 # 57297 # 1 # ID=2_48;partial=00;start_type=ATG;rbs_motif=None;rbs_spacer=None;gc_cont=0.308
seq00000020:55604-56422|+   -            273 1064at2085           -            350   2.1e-33  110.8   9.8   1   2   7.7e-15   1.8e-13   45.3   1.8     2   102     2   108     1   117 0.85 seq00000020_47 # 55604 # 56422 # 1 # ID=2_47;partial=00;start_type=ATG;rbs_motif=None;rbs_spacer=None;gc_cont=0.289
seq00000020:55604-56422|+   -            273 1064at2085           -            350   2.1e-33  110.8   9.8   2   2   1.5e-22   3.3e-21   70.7   2.1   153   272   112   230   106   261 0.90 seq00000020_47 # 55604 # 56422 # 1 # ID=2_47;partial=00;start_type=ATG;rbs_motif=None;rbs_spacer=None;gc_cont=0.289
scf00000000:53977-55929|-   -            651 1064at2085           -            350   5.1e-33  109.6  11.0   1   2   5.3e-19   1.2e-17   59.0   7.0     1   122     1   123     1   125 0.85 scf00000000_38 # 53977 # 55929 # -1 # ID=1_38;partial=00;start_type=ATG;rbs_motif=GGA/GAG/AGG;rbs_spacer=5-10bp;gc_cont=0.243
scf00000000:53977-55929|-   -            651 1064at2085           -            350   5.1e-33  109.6  11.0   2   2   1.6e-17   3.6e-16   54.1   0.6   146   259    99   207    93   228 0.85 scf00000000_38 # 53977 # 55929 # -1 # ID=1_38;partial=00;start_type=ATG;rbs_motif=GGA/GAG/AGG;rbs_spacer=5-10bp;gc_cont=0.243
scf00000000:310493-312823|+ -            777 1064at2085           -            350   4.8e-29   96.5  30.9   1   3   7.6e-08   1.7e-06   22.3   2.1     8   100    15   112     5   182 0.80 scf00000000_216 # 310493 # 312823 # 1 # ID=1_216;partial=00;start_type=ATG;rbs_motif=AGxAG;rbs_spacer=5-10bp;gc_cont=0.267
scf00000000:310493-312823|+ -            777 1064at2085           -            350   4.8e-29   96.5  30.9   2   3      0.62        14   -0.4  10.2    95   148   443   496   432   539 0.85 scf00000000_216 # 310493 # 312823 # 1 # ID=1_216;partial=00;start_type=ATG;rbs_motif=AGxAG;rbs_spacer=5-10bp;gc_cont=0.267
scf00000000:310493-312823|+ -            777 1064at2085           -            350   4.8e-29   96.5  30.9   3   3     2e-27   4.6e-26   86.7   1.3   114   270   556   710   508   721 0.81 scf00000000_216 # 310493 # 312823 # 1 # ID=1_216;partial=00;start_type=ATG;rbs_motif=AGxAG;rbs_spacer=5-10bp;gc_cont=0.267
scf00000000:56019-58337|-   -            773 1064at2085           -            350   2.1e-27   91.1  15.0   1   3   2.4e-17   5.6e-16   53.5   3.2     1    95     1    93     1   103 0.93 scf00000000_39 # 56019 # 58337 # -1 # ID=1_39;partial=00;start_type=ATG;rbs_motif=None;rbs_spacer=None;gc_cont=0.261
scf00000000:56019-58337|-   -            773 1064at2085           -            350   2.1e-27   91.1  15.0   2   3   8.1e-15   1.8e-13   45.2   1.5   151   268   100   216    93   240 0.84 scf00000000_39 # 56019 # 58337 # -1 # ID=1_39;partial=00;start_type=ATG;rbs_motif=None;rbs_spacer=None;gc_cont=0.261
scf00000000:56019-58337|-   -            773 1064at2085           -            350   2.1e-27   91.1  15.0   3   3       4.6   1.1e+02   -3.3   0.1    33    94   548   606   529   612 0.66 scf00000000_39 # 56019 # 58337 # -1 # ID=1_39;partial=00;start_type=ATG;rbs_motif=None;rbs_spacer=None;gc_cont=0.261
scf00000000:309444-310493|+ -            350 1064at2085           -            350   1.2e-26   88.7   0.1   1   2   5.9e-07   1.3e-05   19.4   0.1    15    69    28    85    16    92 0.83 scf00000000_215 # 309444 # 310493 # 1 # ID=1_215;partial=00;start_type=ATG;rbs_motif=AGGAGG;rbs_spacer=5-10bp;gc_cont=0.337
scf00000000:309444-310493|+ -            350 1064at2085           -            350   1.2e-26   88.7   0.1   2   2   1.7e-21   3.9e-20   67.2   0.0   150   271   130   254   123   262 0.91 scf00000000_215 # 309444 # 310493 # 1 # ID=1_215;partial=00;start_type=ATG;rbs_motif=AGGAGG;rbs_spacer=5-10bp;gc_cont=0.337
scf00000000:649908-651434|+ -            509 1064at2085           -            350   1.2e-26   88.5  22.5   1   4   5.7e-13   1.3e-11   39.2   1.1     2   119     8   130     7   145 0.84 scf00000000_488 # 649908 # 651434 # 1 # ID=1_488;partial=00;start_type=ATG;rbs_motif=None;rbs_spacer=None;gc_cont=0.310
scf00000000:649908-651434|+ -            509 1064at2085           -            350   1.2e-26   88.5  22.5   2   4   1.5e-07   3.5e-06   21.3   4.4   138   294    97   262    93   270 0.76 scf00000000_488 # 649908 # 651434 # 1 # ID=1_488;partial=00;start_type=ATG;rbs_motif=None;rbs_spacer=None;gc_cont=0.310
scf00000000:649908-651434|+ -            509 1064at2085           -            350   1.2e-26   88.5  22.5   3   4     0.002     0.046    7.8   0.4    17    70   274   326   261   342 0.84 scf00000000_488 # 649908 # 651434 # 1 # ID=1_488;partial=00;start_type=ATG;rbs_motif=None;rbs_spacer=None;gc_cont=0.310
scf00000000:649908-651434|+ -            509 1064at2085           -            350   1.2e-26   88.5  22.5   4   4   4.2e-12   9.6e-11   36.3   0.7   150   259   376   486   363   496 0.80 scf00000000_488 # 649908 # 651434 # 1 # ID=1_488;partial=00;start_type=ATG;rbs_motif=None;rbs_spacer=None;gc_cont=0.310
scf00000000:579551-581167|- -            539 1064at2085           -            350     1e-25   85.6   5.7   1   5   1.1e-13   2.6e-12   41.5   0.1     1    64     1    64     1    77 0.90 scf00000000_431 # 579551 # 581167 # -1 # ID=1_431;partial=00;start_type=ATG;rbs_motif=AGGA;rbs_spacer=5-10bp;gc_cont=0.318
scf00000000:579551-581167|- -            539 1064at2085           -            350     1e-25   85.6   5.7   2   5      0.19       4.2    1.3   0.1   248   282    83   118    79   140 0.81 scf00000000_431 # 579551 # 581167 # -1 # ID=1_431;partial=00;start_type=ATG;rbs_motif=AGGA;rbs_spacer=5-10bp;gc_cont=0.318
scf00000000:579551-581167|- -            539 1064at2085           -            350     1e-25   85.6   5.7   3   5     3e-08   6.9e-07   23.6   0.0   172   260   149   233   130   260 0.82 scf00000000_431 # 579551 # 581167 # -1 # ID=1_431;partial=00;start_type=ATG;rbs_motif=AGGA;rbs_spacer=5-10bp;gc_cont=0.318
scf00000000:579551-581167|- -            539 1064at2085           -            350     1e-25   85.6   5.7   4   5      0.03      0.69    3.9   0.0    14    60   334   380   321   397 0.88 scf00000000_431 # 579551 # 581167 # -1 # ID=1_431;partial=00;start_type=ATG;rbs_motif=AGGA;rbs_spacer=5-10bp;gc_cont=0.318
scf00000000:579551-581167|- -            539 1064at2085           -            350     1e-25   85.6   5.7   5   5   3.9e-05   0.00088   13.4   0.0   173   222   442   491   399   535 0.78 scf00000000_431 # 579551 # 581167 # -1 # ID=1_431;partial=00;start_type=ATG;rbs_motif=AGGA;rbs_spacer=5-10bp;gc_cont=0.318
scf00000000:442895-445195|- -            767 1064at2085           -            350   3.6e-25   83.7  16.9   1   4   4.2e-19   9.7e-18   59.3   3.0     1   125     1   126     1   128 0.85 scf00000000_296 # 442895 # 445195 # -1 # ID=1_296;partial=00;start_type=ATG;rbs_motif=GGA/GAG/AGG;rbs_spacer=5-10bp;gc_cont=0.282
scf00000000:442895-445195|- -            767 1064at2085           -            350   3.6e-25   83.7  16.9   2   4   7.3e-12   1.7e-10   35.5   0.6   162   255   111   203    97   218 0.81 scf00000000_296 # 442895 # 445195 # -1 # ID=1_296;partial=00;start_type=ATG;rbs_motif=GGA/GAG/AGG;rbs_spacer=5-10bp;gc_cont=0.282
scf00000000:442895-445195|- -            767 1064at2085           -            350   3.6e-25   83.7  16.9   3   4      0.87        20   -0.9   0.2   220   251   234   265   226   271 0.85 scf00000000_296 # 442895 # 445195 # -1 # ID=1_296;partial=00;start_type=ATG;rbs_motif=GGA/GAG/AGG;rbs_spacer=5-10bp;gc_cont=0.282
scf00000000:442895-445195|- -            767 1064at2085           -            350   3.6e-25   83.7  16.9   4   4         2        45   -2.1   0.1    84   147   526   590   502   606 0.63 scf00000000_296 # 442895 # 445195 # -1 # ID=1_296;partial=00;start_type=ATG;rbs_motif=GGA/GAG/AGG;rbs_spacer=5-10bp;gc_cont=0.282
scf00000000:588161-589570|+ -            470 1064at2085           -            350   1.4e-23   78.5   4.2   1   3       2.7        61   -2.5   3.4    93   163    59   120    46   136 0.51 scf00000000_439 # 588161 # 589570 # 1 # ID=1_439;partial=00;start_type=ATG;rbs_motif=AGGAG/GGAGG;rbs_spacer=11-12bp;gc_cont=0.324
scf00000000:588161-589570|+ -            470 1064at2085           -            350   1.4e-23   78.5   4.2   2   3   6.7e-07   1.5e-05   19.2   0.1    14   111   140   251   126   268 0.70 scf00000000_439 # 588161 # 589570 # 1 # ID=1_439;partial=00;start_type=ATG;rbs_motif=AGGAG/GGAGG;rbs_spacer=11-12bp;gc_cont=0.324
scf00000000:588161-589570|+ -            470 1064at2085           -            350   1.4e-23   78.5   4.2   3   3   6.7e-22   1.5e-20   68.5   1.0   173   270   271   368   246   374 0.89 scf00000000_439 # 588161 # 589570 # 1 # ID=1_439;partial=00;start_type=ATG;rbs_motif=AGGAG/GGAGG;rbs_spacer=11-12bp;gc_cont=0.324
scf00000000:357148-357864|+ -            239 1064at2085           -            350   3.7e-23   77.1   4.3   1   2   1.4e-08   3.2e-07   24.7   1.2     2    64     6    69     5    79 0.88 scf00000000_244 # 357148 # 357864 # 1 # ID=1_244;partial=00;start_type=ATG;rbs_motif=AGGA;rbs_spacer=5-10bp;gc_cont=0.258
scf00000000:357148-357864|+ -            239 1064at2085           -            350   3.7e-23   77.1   4.3   2   2     2e-17   4.6e-16   53.8   0.1   135   262    92   218    74   233 0.87 scf00000000_244 # 357148 # 357864 # 1 # ID=1_244;partial=00;start_type=ATG;rbs_motif=AGGA;rbs_spacer=5-10bp;gc_cont=0.258
scf00000000:431962-432732|+ -            257 1064at2085           -            350   3.9e-22   73.8   4.0   1   2   5.1e-06   0.00012   16.3   0.4    13    64    23    73     9    87 0.71 scf00000000_285 # 431962 # 432732 # 1 # ID=1_285;partial=00;start_type=ATG;rbs_motif=None;rbs_spacer=None;gc_cont=0.266
scf00000000:431962-432732|+ -            257 1064at2085           -            350   3.9e-22   73.8   4.0   2   2   3.6e-19   8.2e-18   59.5   1.2    83   265    56   240    53   245 0.70 scf00000000_285 # 431962 # 432732 # 1 # ID=1_285;partial=00;start_type=ATG;rbs_motif=None;rbs_spacer=None;gc_cont=0.266
scf00000000:11712-13331|+   -            540 1064at2085           -            350   7.4e-22   72.8   5.6   1   2   4.3e-12   9.8e-11   36.3   0.8     1    72   336   408   336   424 0.91 scf00000000_7 # 11712 # 13331 # 1 # ID=1_7;partial=00;start_type=ATG;rbs_motif=AGGA;rbs_spacer=5-10bp;gc_cont=0.224
scf00000000:11712-13331|+   -            540 1064at2085           -            350   7.4e-22   72.8   5.6   2   2   5.4e-13   1.2e-11   39.2   0.5   130   250   417   536   407   539 0.81 scf00000000_7 # 11712 # 13331 # 1 # ID=1_7;partial=00;start_type=ATG;rbs_motif=AGGA;rbs_spacer=5-10bp;gc_cont=0.224
scf00000000:73004-74605|+   -            534 1064at2085           -            350   5.9e-21   69.9   5.1   1   2   9.4e-15   2.1e-13   45.0   1.0     1    71   324   394   324   420 0.94 scf00000000_48 # 73004 # 74605 # 1 # ID=1_48;partial=00;start_type=ATG;rbs_motif=GGAG/GAGG;rbs_spacer=5-10bp;gc_cont=0.258
scf00000000:73004-74605|+   -            534 1064at2085           -            350   5.9e-21   69.9   5.1   2   2   4.4e-09     1e-07   26.3   0.2   157   240   427   514   400   520 0.77 scf00000000_48 # 73004 # 74605 # 1 # ID=1_48;partial=00;start_type=ATG;rbs_motif=GGAG/GAGG;rbs_spacer=5-10bp;gc_cont=0.258
scf00000000:195689-198532|- -            948 1064at2085           -            350   1.9e-16   55.0   5.7   1   4    0.0032     0.073    7.1   0.1    15    42    19    46    13    54 0.90 scf00000000_142 # 195689 # 198532 # -1 # ID=1_142;partial=00;start_type=ATG;rbs_motif=None;rbs_spacer=None;gc_cont=0.335
scf00000000:195689-198532|- -            948 1064at2085           -            350   1.9e-16   55.0   5.7   2   4   3.8e-07   8.8e-06   20.0   0.0   154   243   468   558   445   592 0.82 scf00000000_142 # 195689 # 198532 # -1 # ID=1_142;partial=00;start_type=ATG;rbs_motif=None;rbs_spacer=None;gc_cont=0.335
scf00000000:195689-198532|- -            948 1064at2085           -            350   1.9e-16   55.0   5.7   3   4   3.4e-06   7.7e-05   16.9   0.2    14    47   625   658   618   681 0.85 scf00000000_142 # 195689 # 198532 # -1 # ID=1_142;partial=00;start_type=ATG;rbs_motif=None;rbs_spacer=None;gc_cont=0.335
scf00000000:195689-198532|- -            948 1064at2085           -            350   1.9e-16   55.0   5.7   4   4   0.00028    0.0065   10.5   0.0   174   250   829   906   811   935 0.76 scf00000000_142 # 195689 # 198532 # -1 # ID=1_142;partial=00;start_type=ATG;rbs_motif=None;rbs_spacer=None;gc_cont=0.335
scf00000000:10093-11703|+   -            537 1064at2085           -            350   4.9e-14   47.1   5.8   1   2   5.6e-11   1.3e-09   32.6   2.2     2   127   334   462   333   464 0.79 scf00000000_6 # 10093 # 11703 # 1 # ID=1_6;partial=00;start_type=ATG;rbs_motif=None;rbs_spacer=None;gc_cont=0.187
scf00000000:10093-11703|+   -            537 1064at2085           -            350   4.9e-14   47.1   5.8   2   2     2e-06   4.7e-05   17.6   0.4   170   250   456   534   421   536 0.71 scf00000000_6 # 10093 # 11703 # 1 # ID=1_6;partial=00;start_type=ATG;rbs_motif=None;rbs_spacer=None;gc_cont=0.187
scf00000000:71413-73020|+   -            536 1064at2085           -            350   1.3e-12   42.4  11.0   1   4       6.5   1.5e+02   -3.8   0.0   207   225    77    96    55    98 0.59 scf00000000_47 # 71413 # 73020 # 1 # ID=1_47;partial=00;start_type=ATG;rbs_motif=AGGAG;rbs_spacer=3-4bp;gc_cont=0.252
scf00000000:71413-73020|+   -            536 1064at2085           -            350   1.3e-12   42.4  11.0   2   4      0.56        13   -0.3   0.3   126   155   211   242   183   255 0.78 scf00000000_47 # 71413 # 73020 # 1 # ID=1_47;partial=00;start_type=ATG;rbs_motif=AGGAG;rbs_spacer=3-4bp;gc_cont=0.252
scf00000000:71413-73020|+   -            536 1064at2085           -            350   1.3e-12   42.4  11.0   3   4   4.6e-12     1e-10   36.2   1.2     2    78   327   406   326   425 0.80 scf00000000_47 # 71413 # 73020 # 1 # ID=1_47;partial=00;start_type=ATG;rbs_motif=AGGAG;rbs_spacer=3-4bp;gc_cont=0.252
scf00000000:71413-73020|+   -            536 1064at2085           -            350   1.3e-12   42.4  11.0   4   4   0.00016    0.0036   11.4   0.0   169   241   445   514   423   528 0.78 scf00000000_47 # 71413 # 73020 # 1 # ID=1_47;partial=00;start_type=ATG;rbs_motif=AGGAG;rbs_spacer=3-4bp;gc_cont=0.252
scf00000000:6739-7218|+     -            160 1064at2085           -            350     2e-12   41.8   3.7   1   1   2.3e-13   5.2e-12   40.4   3.7   113   240    20   144     6   155 0.69 scf00000000_4 # 6739 # 7218 # 1 # ID=1_4;partial=00;start_type=TTG;rbs_motif=None;rbs_spacer=None;gc_cont=0.210
scf00000000:543610-545649|- -            680 1064at2085           -            350   7.2e-11   36.7   1.8   1   2   5.5e-06   0.00013   16.2   0.3     2    92   470   559   469   563 0.77 scf00000000_386 # 543610 # 545649 # -1 # ID=1_386;partial=00;start_type=ATG;rbs_motif=None;rbs_spacer=None;gc_cont=0.246
scf00000000:543610-545649|- -            680 1064at2085           -            350   7.2e-11   36.7   1.8   2   2   7.6e-07   1.7e-05   19.0   0.1   165   239   589   661   559   669 0.87 scf00000000_386 # 543610 # 545649 # -1 # ID=1_386;partial=00;start_type=ATG;rbs_motif=None;rbs_spacer=None;gc_cont=0.246
#
# Program:         hmmsearch
# Version:         3.1b2 (February 2015)
# Pipeline mode:   SEARCH
# Query file:      /home/lgef/Documentos/GitHub/Project_doctoral/IMPLEMENTACAO/Genomes/M_flocculare/MFC_ncbi_dataset/ncbi_dataset/data/strains/MF22/Use/busco_downloads/lineages/mycoplasmatales_odb10/hmms/1064at2085.hmm
# Target file:     /home/lgef/Documentos/GitHub/Project_doctoral/IMPLEMENTACAO/Genomes/M_flocculare/MFC_ncbi_dataset/ncbi_dataset/data/strains/MF22/Use/busco_complete/prodigal_output/predicted_genes/predicted.faa
# Option settings: hmmsearch --domtblout /home/lgef/Documentos/GitHub/Project_doctoral/IMPLEMENTACAO/Genomes/M_flocculare/MFC_ncbi_dataset/ncbi_dataset/data/strains/MF22/Use/busco_complete/run_mycoplasmatales_odb10/hmmer_output/1064at2085.out --cpu 1 /home/lgef/Documentos/GitHub/Project_doctoral/IMPLEMENTACAO/Genomes/M_flocculare/MFC_ncbi_dataset/ncbi_dataset/data/strains/MF22/Use/busco_downloads/lineages/mycoplasmatales_odb10/hmms/1064at2085.hmm /home/lgef/Documentos/GitHub/Project_doctoral/IMPLEMENTACAO/Genomes/M_flocculare/MFC_ncbi_dataset/ncbi_dataset/data/strains/MF22/Use/busco_complete/prodigal_output/predicted_genes/predicted.faa 
# Current dir:     /home/lgef/Documentos/GitHub/Project_doctoral/IMPLEMENTACAO/Genomes/M_flocculare/MFC_ncbi_dataset/ncbi_dataset/data/strains/MF22/Use
# Date:            Fri Nov 29 12:32:09 2024
# [ok]
