#                                                                                   --- full sequence --- -------------- this domain -------------   hmm coord   ali coord   env coord
# target name               accession   tlen query name           accession   qlen   E-value  score  bias   #  of  c-Evalue  i-Evalue  score  bias  from    to  from    to  from    to  acc description of target
#       ------------------- ---------- ----- -------------------- ---------- ----- --------- ------ ----- --- --- --------- --------- ------ ----- ----- ----- ----- ----- ----- ----- ---- ---------------------
scf00000000:497642-498607|- -            322 1978at2085           -            276  7.1e-109  358.7  11.2   1   1  7.2e-111    1e-108  358.2  11.2     1   275     8   313     8   314 0.91 scf00000000_338 # 497642 # 498607 # -1 # ID=1_338;partial=00;start_type=ATG;rbs_motif=None;rbs_spacer=None;gc_cont=0.310
seq00000020:49714-51882|+   -            723 1978at2085           -            276   1.2e-07   26.7   9.8   1   2   8.4e-10   1.2e-07   26.7   9.8     1   224    15   257    15   304 0.60 seq00000020_40 # 49714 # 51882 # 1 # ID=2_40;partial=00;start_type=ATG;rbs_motif=AGGA;rbs_spacer=5-10bp;gc_cont=0.257
seq00000020:49714-51882|+   -            723 1978at2085           -            276   1.2e-07   26.7   9.8   2   2      0.68        97   -2.5   0.6   204   237   328   360   311   405 0.50 seq00000020_40 # 49714 # 51882 # 1 # ID=2_40;partial=00;start_type=ATG;rbs_motif=AGGA;rbs_spacer=5-10bp;gc_cont=0.257
scf00000000:269286-271904|+ -            873 1978at2085           -            276   3.5e-07   25.1   0.1   1   2   4.7e-08   6.8e-06   20.9   0.0     7    61   424   478   418   491 0.87 scf00000000_193 # 269286 # 271904 # 1 # ID=1_193;partial=00;start_type=ATG;rbs_motif=GGAG/GAGG;rbs_spacer=5-10bp;gc_cont=0.344
scf00000000:269286-271904|+ -            873 1978at2085           -            276   3.5e-07   25.1   0.1   2   2     0.045       6.4    1.3   0.0   168   218   558   608   554   629 0.73 scf00000000_193 # 269286 # 271904 # 1 # ID=1_193;partial=00;start_type=ATG;rbs_motif=GGAG/GAGG;rbs_spacer=5-10bp;gc_cont=0.344
scf00000000:573642-575771|+ -            710 1978at2085           -            276   8.6e-05   17.3   0.4   1   3   2.5e-06   0.00036   15.3   0.0    33    96   263   334   226   338 0.74 scf00000000_427 # 573642 # 575771 # 1 # ID=1_427;partial=00;start_type=ATG;rbs_motif=AGGA;rbs_spacer=5-10bp;gc_cont=0.360
scf00000000:573642-575771|+ -            710 1978at2085           -            276   8.6e-05   17.3   0.4   2   3      0.62        89   -2.4   0.0   154   192   395   437   368   454 0.57 scf00000000_427 # 573642 # 575771 # 1 # ID=1_427;partial=00;start_type=ATG;rbs_motif=AGGA;rbs_spacer=5-10bp;gc_cont=0.360
scf00000000:573642-575771|+ -            710 1978at2085           -            276   8.6e-05   17.3   0.4   3   3      0.88   1.3e+02   -2.9   0.6   232   261   625   654   621   666 0.82 scf00000000_427 # 573642 # 575771 # 1 # ID=1_427;partial=00;start_type=ATG;rbs_motif=AGGA;rbs_spacer=5-10bp;gc_cont=0.360
#
# Program:         hmmsearch
# Version:         3.1b2 (February 2015)
# Pipeline mode:   SEARCH
# Query file:      /home/lgef/Documentos/GitHub/Project_doctoral/IMPLEMENTACAO/Genomes/M_flocculare/MFC_ncbi_dataset/ncbi_dataset/data/strains/MF22/Use/busco_downloads/lineages/mycoplasmatales_odb10/hmms/1978at2085.hmm
# Target file:     /home/lgef/Documentos/GitHub/Project_doctoral/IMPLEMENTACAO/Genomes/M_flocculare/MFC_ncbi_dataset/ncbi_dataset/data/strains/MF22/Use/busco_complete/prodigal_output/predicted_genes/predicted.faa
# Option settings: hmmsearch --domtblout /home/lgef/Documentos/GitHub/Project_doctoral/IMPLEMENTACAO/Genomes/M_flocculare/MFC_ncbi_dataset/ncbi_dataset/data/strains/MF22/Use/busco_complete/run_mycoplasmatales_odb10/hmmer_output/1978at2085.out --cpu 1 /home/lgef/Documentos/GitHub/Project_doctoral/IMPLEMENTACAO/Genomes/M_flocculare/MFC_ncbi_dataset/ncbi_dataset/data/strains/MF22/Use/busco_downloads/lineages/mycoplasmatales_odb10/hmms/1978at2085.hmm /home/lgef/Documentos/GitHub/Project_doctoral/IMPLEMENTACAO/Genomes/M_flocculare/MFC_ncbi_dataset/ncbi_dataset/data/strains/MF22/Use/busco_complete/prodigal_output/predicted_genes/predicted.faa 
# Current dir:     /home/lgef/Documentos/GitHub/Project_doctoral/IMPLEMENTACAO/Genomes/M_flocculare/MFC_ncbi_dataset/ncbi_dataset/data/strains/MF22/Use
# Date:            Fri Nov 29 12:32:11 2024
# [ok]
