#                                                                                   --- full sequence --- -------------- this domain -------------   hmm coord   ali coord   env coord
# target name               accession   tlen query name           accession   qlen   E-value  score  bias   #  of  c-Evalue  i-Evalue  score  bias  from    to  from    to  from    to  acc description of target
#       ------------------- ---------- ----- -------------------- ---------- ----- --------- ------ ----- --- --- --------- --------- ------ ----- ----- ----- ----- ----- ----- ----- ---- ---------------------
scf00000000:370714-371244|+ -            177 4324at2085           -            135   8.5e-44  143.9   2.1   1   1   2.1e-45   1.7e-43  142.9   2.1     1   133     1   167     1   169 0.78 scf00000000_254 # 370714 # 371244 # 1 # ID=1_254;partial=00;start_type=ATG;rbs_motif=None;rbs_spacer=None;gc_cont=0.324
scf00000000:173122-174435|+ -            438 4324at2085           -            135   6.9e-16   53.5  10.3   1   3   3.8e-11   3.1e-09   32.0   0.2    10    72     3    72     1   130 0.61 scf00000000_123 # 173122 # 174435 # 1 # ID=1_123;partial=00;start_type=ATG;rbs_motif=None;rbs_spacer=None;gc_cont=0.300
scf00000000:173122-174435|+ -            438 4324at2085           -            135   6.9e-16   53.5  10.3   2   3   2.7e-09   2.2e-07   26.0   1.1    12   115   173   297   167   314 0.59 scf00000000_123 # 173122 # 174435 # 1 # ID=1_123;partial=00;start_type=ATG;rbs_motif=None;rbs_spacer=None;gc_cont=0.300
scf00000000:173122-174435|+ -            438 4324at2085           -            135   6.9e-16   53.5  10.3   3   3       1.8   1.5e+02   -2.6   0.1    24    69   352   399   335   418 0.51 scf00000000_123 # 173122 # 174435 # 1 # ID=1_123;partial=00;start_type=ATG;rbs_motif=None;rbs_spacer=None;gc_cont=0.300
scf00000000:193589-194380|+ -            264 4324at2085           -            135   4.6e-07   25.0   5.2   1   2     0.028       2.3    3.3   1.0    82   119    18    61     3    86 0.73 scf00000000_140 # 193589 # 194380 # 1 # ID=1_140;partial=00;start_type=ATG;rbs_motif=None;rbs_spacer=None;gc_cont=0.264
scf00000000:193589-194380|+ -            264 4324at2085           -            135   4.6e-07   25.0   5.2   2   2     2e-08   1.6e-06   23.2   0.1    10    71   111   174   102   194 0.79 scf00000000_140 # 193589 # 194380 # 1 # ID=1_140;partial=00;start_type=ATG;rbs_motif=None;rbs_spacer=None;gc_cont=0.264
scf00000000:541502-542383|- -            294 4324at2085           -            135   5.6e-07   24.7   4.1   1   1   2.1e-08   1.8e-06   23.1   4.1    12   115     9   129     3   144 0.65 scf00000000_382 # 541502 # 542383 # -1 # ID=1_382;partial=00;start_type=ATG;rbs_motif=None;rbs_spacer=None;gc_cont=0.285
scf00000000:578180-579508|- -            443 4324at2085           -            135   6.8e-07   24.4   2.8   1   2      0.56        46   -0.9   0.1    80   114   163   198   147   207 0.69 scf00000000_430 # 578180 # 579508 # -1 # ID=1_430;partial=00;start_type=TTG;rbs_motif=AGGAG;rbs_spacer=5-10bp;gc_cont=0.312
scf00000000:578180-579508|- -            443 4324at2085           -            135   6.8e-07   24.4   2.8   2   2   8.4e-09   6.8e-07   24.4   2.8    11   114   218   337   214   358 0.59 scf00000000_430 # 578180 # 579508 # -1 # ID=1_430;partial=00;start_type=TTG;rbs_motif=AGGAG;rbs_spacer=5-10bp;gc_cont=0.312
scf00000000:538164-539021|- -            286 4324at2085           -            135   5.6e-06   21.5   0.9   1   2      0.54        44   -0.9   0.1    98   114   101   117    87   142 0.65 scf00000000_378 # 538164 # 539021 # -1 # ID=1_378;partial=00;start_type=ATG;rbs_motif=None;rbs_spacer=None;gc_cont=0.272
scf00000000:538164-539021|- -            286 4324at2085           -            135   5.6e-06   21.5   0.9   2   2   1.9e-07   1.5e-05   20.1   0.1    13    61   156   213   146   246 0.72 scf00000000_378 # 538164 # 539021 # -1 # ID=1_378;partial=00;start_type=ATG;rbs_motif=None;rbs_spacer=None;gc_cont=0.272
scf00000000:135653-136912|+ -            420 4324at2085           -            135   0.00022   16.3   0.2   1   1   6.3e-06   0.00051   15.1   0.2    10   123   157   275   153   290 0.78 scf00000000_92 # 135653 # 136912 # 1 # ID=1_92;partial=00;start_type=ATG;rbs_motif=AGGA;rbs_spacer=5-10bp;gc_cont=0.296
#
# Program:         hmmsearch
# Version:         3.1b2 (February 2015)
# Pipeline mode:   SEARCH
# Query file:      /home/lgef/Documentos/GitHub/Project_doctoral/IMPLEMENTACAO/Genomes/M_flocculare/MFC_ncbi_dataset/ncbi_dataset/data/strains/MF22/Use/busco_downloads/lineages/mycoplasmatales_odb10/hmms/4324at2085.hmm
# Target file:     /home/lgef/Documentos/GitHub/Project_doctoral/IMPLEMENTACAO/Genomes/M_flocculare/MFC_ncbi_dataset/ncbi_dataset/data/strains/MF22/Use/busco_complete/prodigal_output/predicted_genes/predicted.faa
# Option settings: hmmsearch --domtblout /home/lgef/Documentos/GitHub/Project_doctoral/IMPLEMENTACAO/Genomes/M_flocculare/MFC_ncbi_dataset/ncbi_dataset/data/strains/MF22/Use/busco_complete/run_mycoplasmatales_odb10/hmmer_output/4324at2085.out --cpu 1 /home/lgef/Documentos/GitHub/Project_doctoral/IMPLEMENTACAO/Genomes/M_flocculare/MFC_ncbi_dataset/ncbi_dataset/data/strains/MF22/Use/busco_downloads/lineages/mycoplasmatales_odb10/hmms/4324at2085.hmm /home/lgef/Documentos/GitHub/Project_doctoral/IMPLEMENTACAO/Genomes/M_flocculare/MFC_ncbi_dataset/ncbi_dataset/data/strains/MF22/Use/busco_complete/prodigal_output/predicted_genes/predicted.faa 
# Current dir:     /home/lgef/Documentos/GitHub/Project_doctoral/IMPLEMENTACAO/Genomes/M_flocculare/MFC_ncbi_dataset/ncbi_dataset/data/strains/MF22/Use
# Date:            Fri Nov 29 12:32:12 2024
# [ok]
