#                                                                                   --- full sequence --- -------------- this domain -------------   hmm coord   ali coord   env coord
# target name               accession   tlen query name           accession   qlen   E-value  score  bias   #  of  c-Evalue  i-Evalue  score  bias  from    to  from    to  from    to  acc description of target
#       ------------------- ---------- ----- -------------------- ---------- ----- --------- ------ ----- --- --- --------- --------- ------ ----- ----- ----- ----- ----- ----- ----- ---- ---------------------
seq00000020:9500-11044|+    -            515 913at2085            -            397  2.9e-133  439.9  31.6   1   2  1.2e-124  1.8e-122  404.3  20.4     2   314     3   375     2   383 0.85 seq00000020_9 # 9500 # 11044 # 1 # ID=2_9;partial=00;start_type=ATG;rbs_motif=GGA/GAG/AGG;rbs_spacer=5-10bp;gc_cont=0.275
seq00000020:9500-11044|+    -            515 913at2085            -            397  2.9e-133  439.9  31.6   2   2   2.8e-13     4e-11   37.6   3.3   307   385   402   484   391   500 0.82 seq00000020_9 # 9500 # 11044 # 1 # ID=2_9;partial=00;start_type=ATG;rbs_motif=GGA/GAG/AGG;rbs_spacer=5-10bp;gc_cont=0.275
scf00000000:33528-35900|-   -            791 913at2085            -            397   3.8e-20   67.4   1.4   1   2   5.4e-12   7.6e-10   33.4   0.0     1   166    28   205    28   215 0.82 scf00000000_25 # 33528 # 35900 # -1 # ID=1_25;partial=00;start_type=ATG;rbs_motif=None;rbs_spacer=None;gc_cont=0.303
scf00000000:33528-35900|-   -            791 913at2085            -            397   3.8e-20   67.4   1.4   2   2   1.2e-11   1.7e-09   32.3   0.7   238   343   547   650   513   693 0.79 scf00000000_25 # 33528 # 35900 # -1 # ID=1_25;partial=00;start_type=ATG;rbs_motif=None;rbs_spacer=None;gc_cont=0.303
scf00000000:119357-122017|- -            887 913at2085            -            397   1.3e-14   49.1   6.3   1   6   2.6e-12   3.7e-10   34.5   0.2    12   132    61   198    59   226 0.69 scf00000000_82 # 119357 # 122017 # -1 # ID=1_82;partial=00;start_type=ATG;rbs_motif=AGGA;rbs_spacer=5-10bp;gc_cont=0.297
scf00000000:119357-122017|- -            887 913at2085            -            397   1.3e-14   49.1   6.3   2   6      0.19        26   -1.3   0.2   159   188   433   461   401   464 0.63 scf00000000_82 # 119357 # 122017 # -1 # ID=1_82;partial=00;start_type=ATG;rbs_motif=AGGA;rbs_spacer=5-10bp;gc_cont=0.297
scf00000000:119357-122017|- -            887 913at2085            -            397   1.3e-14   49.1   6.3   3   6       1.4   2.1e+02   -4.2   0.0   183   205   511   532   508   535 0.77 scf00000000_82 # 119357 # 122017 # -1 # ID=1_82;partial=00;start_type=ATG;rbs_motif=AGGA;rbs_spacer=5-10bp;gc_cont=0.297
scf00000000:119357-122017|- -            887 913at2085            -            397   1.3e-14   49.1   6.3   4   6   8.7e-10   1.2e-07   26.2   1.4   238   310   571   649   564   679 0.74 scf00000000_82 # 119357 # 122017 # -1 # ID=1_82;partial=00;start_type=ATG;rbs_motif=AGGA;rbs_spacer=5-10bp;gc_cont=0.297
scf00000000:119357-122017|- -            887 913at2085            -            397   1.3e-14   49.1   6.3   5   6      0.32        46   -2.1  10.5   267   386   637   762   632   776 0.62 scf00000000_82 # 119357 # 122017 # -1 # ID=1_82;partial=00;start_type=ATG;rbs_motif=AGGA;rbs_spacer=5-10bp;gc_cont=0.297
scf00000000:119357-122017|- -            887 913at2085            -            397   1.3e-14   49.1   6.3   6   6      0.12        17   -0.6   0.4   119   154   764   797   755   811 0.70 scf00000000_82 # 119357 # 122017 # -1 # ID=1_82;partial=00;start_type=ATG;rbs_motif=AGGA;rbs_spacer=5-10bp;gc_cont=0.297
scf00000000:85845-88316|+   -            824 913at2085            -            397   2.5e-14   48.2  20.9   1   3   5.8e-10   8.3e-08   26.7   2.1     2   136    32   186    31   218 0.65 scf00000000_54 # 85845 # 88316 # 1 # ID=1_54;partial=00;start_type=ATG;rbs_motif=GGA/GAG/AGG;rbs_spacer=5-10bp;gc_cont=0.286
scf00000000:85845-88316|+   -            824 913at2085            -            397   2.5e-14   48.2  20.9   2   3      0.08        11   -0.1   2.1   269   358   262   369   225   396 0.66 scf00000000_54 # 85845 # 88316 # 1 # ID=1_54;partial=00;start_type=ATG;rbs_motif=GGA/GAG/AGG;rbs_spacer=5-10bp;gc_cont=0.286
scf00000000:85845-88316|+   -            824 913at2085            -            397   2.5e-14   48.2  20.9   3   3   6.9e-11   9.8e-09   29.8   1.7   233   340   490   606   466   654 0.80 scf00000000_54 # 85845 # 88316 # 1 # ID=1_54;partial=00;start_type=ATG;rbs_motif=GGA/GAG/AGG;rbs_spacer=5-10bp;gc_cont=0.286
#
# Program:         hmmsearch
# Version:         3.1b2 (February 2015)
# Pipeline mode:   SEARCH
# Query file:      /home/lgef/Documentos/GitHub/Project_doctoral/IMPLEMENTACAO/Genomes/M_flocculare/MFC_ncbi_dataset/ncbi_dataset/data/strains/MF22/Use/busco_downloads/lineages/mycoplasmatales_odb10/hmms/913at2085.hmm
# Target file:     /home/lgef/Documentos/GitHub/Project_doctoral/IMPLEMENTACAO/Genomes/M_flocculare/MFC_ncbi_dataset/ncbi_dataset/data/strains/MF22/Use/busco_complete/prodigal_output/predicted_genes/predicted.faa
# Option settings: hmmsearch --domtblout /home/lgef/Documentos/GitHub/Project_doctoral/IMPLEMENTACAO/Genomes/M_flocculare/MFC_ncbi_dataset/ncbi_dataset/data/strains/MF22/Use/busco_complete/run_mycoplasmatales_odb10/hmmer_output/913at2085.out --cpu 1 /home/lgef/Documentos/GitHub/Project_doctoral/IMPLEMENTACAO/Genomes/M_flocculare/MFC_ncbi_dataset/ncbi_dataset/data/strains/MF22/Use/busco_downloads/lineages/mycoplasmatales_odb10/hmms/913at2085.hmm /home/lgef/Documentos/GitHub/Project_doctoral/IMPLEMENTACAO/Genomes/M_flocculare/MFC_ncbi_dataset/ncbi_dataset/data/strains/MF22/Use/busco_complete/prodigal_output/predicted_genes/predicted.faa 
# Current dir:     /home/lgef/Documentos/GitHub/Project_doctoral/IMPLEMENTACAO/Genomes/M_flocculare/MFC_ncbi_dataset/ncbi_dataset/data/strains/MF22/Use
# Date:            Fri Nov 29 12:32:14 2024
# [ok]
