#                                                                                     --- full sequence --- -------------- this domain -------------   hmm coord   ali coord   env coord
# target name                 accession   tlen query name           accession   qlen   E-value  score  bias   #  of  c-Evalue  i-Evalue  score  bias  from    to  from    to  from    to  acc description of target
#         ------------------- ---------- ----- -------------------- ---------- ----- --------- ------ ----- --- --- --------- --------- ------ ----- ----- ----- ----- ----- ----- ----- ---- ---------------------
NZ_CP142079.1:96599-98683|-   -            695 148at2085            -            586         0 1036.6  12.7   1   2  5.8e-114    1e-111  369.5   3.0     1   181    11   193    11   218 0.94 NZ_CP142079.1_78 # 96599 # 98683 # -1 # ID=1_78;partial=00;start_type=ATG;rbs_motif=AGGA;rbs_spacer=5-10bp;gc_cont=0.374
NZ_CP142079.1:96599-98683|-   -            695 148at2085            -            586         0 1036.6  12.7   2   2  5.1e-205  8.8e-203  670.2   2.4   174   579   221   671   209   688 0.89 NZ_CP142079.1_78 # 96599 # 98683 # -1 # ID=1_78;partial=00;start_type=ATG;rbs_motif=AGGA;rbs_spacer=5-10bp;gc_cont=0.374
NZ_CP142079.1:93471-95267|+   -            599 148at2085            -            586   6.8e-42  138.9   0.2   1   3   2.7e-30   4.6e-28   93.3   0.1     1   150     7   153     7   164 0.92 NZ_CP142079.1_76 # 93471 # 95267 # 1 # ID=1_76;partial=00;start_type=ATG;rbs_motif=None;rbs_spacer=None;gc_cont=0.343
NZ_CP142079.1:93471-95267|+   -            599 148at2085            -            586   6.8e-42  138.9   0.2   2   3   1.3e-13   2.2e-11   38.2   0.0   218   415   163   375   154   381 0.75 NZ_CP142079.1_76 # 93471 # 95267 # 1 # ID=1_76;partial=00;start_type=ATG;rbs_motif=None;rbs_spacer=None;gc_cont=0.343
NZ_CP142079.1:93471-95267|+   -            599 148at2085            -            586   6.8e-42  138.9   0.2   3   3    0.0027      0.47    4.1   0.0   521   574   402   467   395   478 0.62 NZ_CP142079.1_76 # 93471 # 95267 # 1 # ID=1_76;partial=00;start_type=ATG;rbs_motif=None;rbs_spacer=None;gc_cont=0.343
NZ_CP142079.1:758661-760460|- -            600 148at2085            -            586   4.5e-18   60.3   0.9   1   2   2.6e-20   4.5e-18   60.3   0.9    31   135   120   230   115   244 0.82 NZ_CP142079.1_593 # 758661 # 760460 # -1 # ID=1_593;partial=00;start_type=ATG;rbs_motif=GGAG/GAGG;rbs_spacer=5-10bp;gc_cont=0.349
NZ_CP142079.1:758661-760460|- -            600 148at2085            -            586   4.5e-18   60.3   0.9   2   2       0.5        87   -3.4   0.1    45    70   379   404   369   455 0.69 NZ_CP142079.1_593 # 758661 # 760460 # -1 # ID=1_593;partial=00;start_type=ATG;rbs_motif=GGAG/GAGG;rbs_spacer=5-10bp;gc_cont=0.349
NZ_CP142079.1:676330-677538|- -            403 148at2085            -            586   2.3e-15   51.3   1.4   1   2     3e-17   5.1e-15   50.2   0.3     2   130    20   147    19   166 0.91 NZ_CP142079.1_529 # 676330 # 677538 # -1 # ID=1_529;partial=00;start_type=ATG;rbs_motif=AGGA;rbs_spacer=5-10bp;gc_cont=0.404
NZ_CP142079.1:676330-677538|- -            403 148at2085            -            586   2.3e-15   51.3   1.4   2   2     0.043       7.4    0.2   0.0   220   327   195   304   148   324 0.67 NZ_CP142079.1_529 # 676330 # 677538 # -1 # ID=1_529;partial=00;start_type=ATG;rbs_motif=AGGA;rbs_spacer=5-10bp;gc_cont=0.404
#
# Program:         hmmsearch
# Version:         3.4 (Aug 2023)
# Pipeline mode:   SEARCH
# Query file:      /home/bryan/Documentos/GitHub/Project_doctoral/IMPLEMENTACAO/Genomes/M_hyopneumoniae/strains/Ue273/Use/busco_downloads/lineages/mycoplasmatales_odb10/hmms/148at2085.hmm
# Target file:     /home/bryan/Documentos/GitHub/Project_doctoral/IMPLEMENTACAO/Genomes/M_hyopneumoniae/strains/Ue273/Use/busco_complete/prodigal_output/predicted_genes/predicted.faa
# Option settings: hmmsearch --domtblout /home/bryan/Documentos/GitHub/Project_doctoral/IMPLEMENTACAO/Genomes/M_hyopneumoniae/strains/Ue273/Use/busco_complete/run_mycoplasmatales_odb10/hmmer_output/148at2085.out --cpu 1 /home/bryan/Documentos/GitHub/Project_doctoral/IMPLEMENTACAO/Genomes/M_hyopneumoniae/strains/Ue273/Use/busco_downloads/lineages/mycoplasmatales_odb10/hmms/148at2085.hmm /home/bryan/Documentos/GitHub/Project_doctoral/IMPLEMENTACAO/Genomes/M_hyopneumoniae/strains/Ue273/Use/busco_complete/prodigal_output/predicted_genes/predicted.faa 
# Current dir:     /home/bryan/Documentos/GitHub/Project_doctoral/IMPLEMENTACAO/Genomes/M_hyopneumoniae/strains/Ue273/Use
# Date:            Sun Dec  1 19:02:53 2024
# [ok]
