#                                                                                     --- full sequence --- -------------- this domain -------------   hmm coord   ali coord   env coord
# target name                 accession   tlen query name           accession   qlen   E-value  score  bias   #  of  c-Evalue  i-Evalue  score  bias  from    to  from    to  from    to  acc description of target
#         ------------------- ---------- ----- -------------------- ---------- ----- --------- ------ ----- --- --- --------- --------- ------ ----- ----- ----- ----- ----- ----- ----- ---- ---------------------
NZ_CP142079.1:354788-355891|- -            368 1683at2085           -            284    1e-103  341.9  14.5   1   2   6.3e-74   7.3e-72  237.4   5.7     1   187     1   214     1   217 0.85 NZ_CP142079.1_309 # 354788 # 355891 # -1 # ID=1_309;partial=00;start_type=ATG;rbs_motif=None;rbs_spacer=None;gc_cont=0.297
NZ_CP142079.1:354788-355891|- -            368 1683at2085           -            284    1e-103  341.9  14.5   2   2   7.5e-32   8.6e-30   99.3   1.5   185   284   238   365   222   365 0.75 NZ_CP142079.1_309 # 354788 # 355891 # -1 # ID=1_309;partial=00;start_type=ATG;rbs_motif=None;rbs_spacer=None;gc_cont=0.297
NZ_CP142079.1:54183-55442|+   -            420 1683at2085           -            284   3.5e-16   54.7   6.5   1   1   6.9e-17   7.9e-15   50.3   6.5     4   136   158   277   155   371 0.76 NZ_CP142079.1_42 # 54183 # 55442 # 1 # ID=1_42;partial=00;start_type=ATG;rbs_motif=AGGA;rbs_spacer=5-10bp;gc_cont=0.310
NZ_CP142079.1:91612-92913|+   -            434 1683at2085           -            284   4.6e-07   24.8   3.0   1   3     2e-05    0.0023   12.6   0.1     2    25     2    25     1    32 0.84 NZ_CP142079.1_73 # 91612 # 92913 # 1 # ID=1_73;partial=00;start_type=ATG;rbs_motif=None;rbs_spacer=None;gc_cont=0.293
NZ_CP142079.1:91612-92913|+   -            434 1683at2085           -            284   4.6e-07   24.8   3.0   2   3    0.0004     0.046    8.4   0.0     3    22   171   190   169   253 0.82 NZ_CP142079.1_73 # 91612 # 92913 # 1 # ID=1_73;partial=00;start_type=ATG;rbs_motif=None;rbs_spacer=None;gc_cont=0.293
NZ_CP142079.1:91612-92913|+   -            434 1683at2085           -            284   4.6e-07   24.8   3.0   3   3     0.041       4.7    1.8   0.1    27    80   273   329   269   358 0.70 NZ_CP142079.1_73 # 91612 # 92913 # 1 # ID=1_73;partial=00;start_type=ATG;rbs_motif=None;rbs_spacer=None;gc_cont=0.293
NZ_CP142079.1:243643-244971|- -            443 1683at2085           -            284   3.3e-06   22.0   2.4   1   1   1.4e-06   0.00016   16.4   2.2     3   104   217   308   215   366 0.82 NZ_CP142079.1_222 # 243643 # 244971 # -1 # ID=1_222;partial=00;start_type=TTG;rbs_motif=AGGAG;rbs_spacer=5-10bp;gc_cont=0.314
NZ_CP142079.1:194698-195579|- -            294 1683at2085           -            284   1.5e-05   19.8   0.1   1   1   2.9e-07   3.4e-05   18.7   0.1     5    26     9    30     6    55 0.85 NZ_CP142079.1_160 # 194698 # 195579 # -1 # ID=1_160;partial=00;start_type=ATG;rbs_motif=None;rbs_spacer=None;gc_cont=0.293
NZ_CP142079.1:111496-112287|+ -            264 1683at2085           -            284   6.1e-05   17.8   0.1   1   4      0.17        20   -0.3   0.8    81   149    31   102     8   107 0.58 NZ_CP142079.1_90 # 111496 # 112287 # 1 # ID=1_90;partial=00;start_type=ATG;rbs_motif=GGA/GAG/AGG;rbs_spacer=3-4bp;gc_cont=0.270
NZ_CP142079.1:111496-112287|+ -            264 1683at2085           -            284   6.1e-05   17.8   0.1   2   4   5.2e-07   6.1e-05   17.8   0.1     2    27   110   135   109   152 0.87 NZ_CP142079.1_90 # 111496 # 112287 # 1 # ID=1_90;partial=00;start_type=ATG;rbs_motif=GGA/GAG/AGG;rbs_spacer=3-4bp;gc_cont=0.270
NZ_CP142079.1:111496-112287|+ -            264 1683at2085           -            284   6.1e-05   17.8   0.1   3   4         1   1.1e+02   -2.8   0.0    56    72   148   164   139   170 0.80 NZ_CP142079.1_90 # 111496 # 112287 # 1 # ID=1_90;partial=00;start_type=ATG;rbs_motif=GGA/GAG/AGG;rbs_spacer=3-4bp;gc_cont=0.270
NZ_CP142079.1:111496-112287|+ -            264 1683at2085           -            284   6.1e-05   17.8   0.1   4   4      0.48        55   -1.7   0.1    16    56   191   233   173   243 0.50 NZ_CP142079.1_90 # 111496 # 112287 # 1 # ID=1_90;partial=00;start_type=ATG;rbs_motif=GGA/GAG/AGG;rbs_spacer=3-4bp;gc_cont=0.270
#
# Program:         hmmsearch
# Version:         3.4 (Aug 2023)
# Pipeline mode:   SEARCH
# Query file:      /home/bryan/Documentos/GitHub/Project_doctoral/IMPLEMENTACAO/Genomes/M_hyopneumoniae/strains/Ue273/Use/busco_downloads/lineages/mycoplasmatales_odb10/hmms/1683at2085.hmm
# Target file:     /home/bryan/Documentos/GitHub/Project_doctoral/IMPLEMENTACAO/Genomes/M_hyopneumoniae/strains/Ue273/Use/busco_complete/prodigal_output/predicted_genes/predicted.faa
# Option settings: hmmsearch --domtblout /home/bryan/Documentos/GitHub/Project_doctoral/IMPLEMENTACAO/Genomes/M_hyopneumoniae/strains/Ue273/Use/busco_complete/run_mycoplasmatales_odb10/hmmer_output/1683at2085.out --cpu 1 /home/bryan/Documentos/GitHub/Project_doctoral/IMPLEMENTACAO/Genomes/M_hyopneumoniae/strains/Ue273/Use/busco_downloads/lineages/mycoplasmatales_odb10/hmms/1683at2085.hmm /home/bryan/Documentos/GitHub/Project_doctoral/IMPLEMENTACAO/Genomes/M_hyopneumoniae/strains/Ue273/Use/busco_complete/prodigal_output/predicted_genes/predicted.faa 
# Current dir:     /home/bryan/Documentos/GitHub/Project_doctoral/IMPLEMENTACAO/Genomes/M_hyopneumoniae/strains/Ue273/Use
# Date:            Sun Dec  1 19:02:53 2024
# [ok]
