#                                                                                     --- full sequence --- -------------- this domain -------------   hmm coord   ali coord   env coord
# target name                 accession   tlen query name           accession   qlen   E-value  score  bias   #  of  c-Evalue  i-Evalue  score  bias  from    to  from    to  from    to  acc description of target
#         ------------------- ---------- ----- -------------------- ---------- ----- --------- ------ ----- --- --- --------- --------- ------ ----- ----- ----- ----- ----- ----- ----- ---- ---------------------
NZ_CP142079.1:213656-214294|- -            213 3895at2085           -            150   8.4e-49  160.6   4.5   1   1     2e-47   3.4e-45  148.9   4.5     1   149     6   189     6   190 0.82 NZ_CP142079.1_187 # 213656 # 214294 # -1 # ID=1_187;partial=00;start_type=ATG;rbs_motif=AGxAGG/AGGxGG;rbs_spacer=11-12bp;gc_cont=0.290
NZ_CP142079.1:90905-91594|+   -            230 3895at2085           -            150   8.9e-07   24.2   1.8   1   3   8.2e-08   1.4e-05   20.3   0.0     4    37    10    43     7    63 0.84 NZ_CP142079.1_72 # 90905 # 91594 # 1 # ID=1_72;partial=00;start_type=ATG;rbs_motif=4Base/6BMM;rbs_spacer=13-15bp;gc_cont=0.299
NZ_CP142079.1:90905-91594|+   -            230 3895at2085           -            150   8.9e-07   24.2   1.8   2   3     0.047       8.1    1.6   0.1    60    85   108   133    83   143 0.84 NZ_CP142079.1_72 # 90905 # 91594 # 1 # ID=1_72;partial=00;start_type=ATG;rbs_motif=4Base/6BMM;rbs_spacer=13-15bp;gc_cont=0.299
NZ_CP142079.1:90905-91594|+   -            230 3895at2085           -            150   8.9e-07   24.2   1.8   3   3      0.17        29   -0.2   0.1    45    94   170   216   154   226 0.55 NZ_CP142079.1_72 # 90905 # 91594 # 1 # ID=1_72;partial=00;start_type=ATG;rbs_motif=4Base/6BMM;rbs_spacer=13-15bp;gc_cont=0.299
NZ_CP142079.1:192386-192967|- -            194 3895at2085           -            150   0.00095   14.4   0.2   1   2   5.5e-06   0.00095   14.4   0.2     2    36     5    40     3   103 0.80 NZ_CP142079.1_157 # 192386 # 192967 # -1 # ID=1_157;partial=00;start_type=ATG;rbs_motif=GGA/GAG/AGG;rbs_spacer=5-10bp;gc_cont=0.270
NZ_CP142079.1:192386-192967|- -            194 3895at2085           -            150   0.00095   14.4   0.2   2   2      0.16        28   -0.1   0.5    37    69   146   178   131   191 0.56 NZ_CP142079.1_157 # 192386 # 192967 # -1 # ID=1_157;partial=00;start_type=ATG;rbs_motif=GGA/GAG/AGG;rbs_spacer=5-10bp;gc_cont=0.270
NZ_CP142079.1:516396-517352|+ -            319 3895at2085           -            150    0.0019   13.4   0.0   1   1   3.1e-05    0.0053   11.9   0.0     2    24    42    64    41   120 0.80 NZ_CP142079.1_431 # 516396 # 517352 # 1 # ID=1_431;partial=00;start_type=ATG;rbs_motif=None;rbs_spacer=None;gc_cont=0.316
#
# Program:         hmmsearch
# Version:         3.4 (Aug 2023)
# Pipeline mode:   SEARCH
# Query file:      /home/bryan/Documentos/GitHub/Project_doctoral/IMPLEMENTACAO/Genomes/M_hyopneumoniae/strains/Ue273/Use/busco_downloads/lineages/mycoplasmatales_odb10/hmms/3895at2085.hmm
# Target file:     /home/bryan/Documentos/GitHub/Project_doctoral/IMPLEMENTACAO/Genomes/M_hyopneumoniae/strains/Ue273/Use/busco_complete/prodigal_output/predicted_genes/predicted.faa
# Option settings: hmmsearch --domtblout /home/bryan/Documentos/GitHub/Project_doctoral/IMPLEMENTACAO/Genomes/M_hyopneumoniae/strains/Ue273/Use/busco_complete/run_mycoplasmatales_odb10/hmmer_output/3895at2085.out --cpu 1 /home/bryan/Documentos/GitHub/Project_doctoral/IMPLEMENTACAO/Genomes/M_hyopneumoniae/strains/Ue273/Use/busco_downloads/lineages/mycoplasmatales_odb10/hmms/3895at2085.hmm /home/bryan/Documentos/GitHub/Project_doctoral/IMPLEMENTACAO/Genomes/M_hyopneumoniae/strains/Ue273/Use/busco_complete/prodigal_output/predicted_genes/predicted.faa 
# Current dir:     /home/bryan/Documentos/GitHub/Project_doctoral/IMPLEMENTACAO/Genomes/M_hyopneumoniae/strains/Ue273/Use
# Date:            Sun Dec  1 19:02:56 2024
# [ok]
