#                                                                                     --- full sequence --- -------------- this domain -------------   hmm coord   ali coord   env coord
# target name                 accession   tlen query name           accession   qlen   E-value  score  bias   #  of  c-Evalue  i-Evalue  score  bias  from    to  from    to  from    to  acc description of target
#         ------------------- ---------- ----- -------------------- ---------- ----- --------- ------ ----- --- --- --------- --------- ------ ----- ----- ----- ----- ----- ----- ----- ---- ---------------------
NZ_CP142079.1:503593-505134|+ -            514 913at2085            -            397    9e-136  448.4  28.3   1   2  2.2e-125  3.9e-123  406.8  18.8     2   316     3   378     2   388 0.85 NZ_CP142079.1_421 # 503593 # 505134 # 1 # ID=1_421;partial=00;start_type=ATG;rbs_motif=GGA/GAG/AGG;rbs_spacer=5-10bp;gc_cont=0.274
NZ_CP142079.1:503593-505134|+ -            514 913at2085            -            397    9e-136  448.4  28.3   2   2   3.7e-15   6.5e-13   43.8   1.9   311   386   406   485   393   500 0.84 NZ_CP142079.1_421 # 503593 # 505134 # 1 # ID=1_421;partial=00;start_type=ATG;rbs_motif=GGA/GAG/AGG;rbs_spacer=5-10bp;gc_cont=0.274
NZ_CP142079.1:848556-850928|- -            791 913at2085            -            397   6.6e-18   60.3   0.6   1   2   1.4e-11   2.5e-09   32.0   0.0     2   165    29   204    28   213 0.83 NZ_CP142079.1_661 # 848556 # 850928 # -1 # ID=1_661;partial=00;start_type=ATG;rbs_motif=GGA/GAG/AGG;rbs_spacer=5-10bp;gc_cont=0.306
NZ_CP142079.1:848556-850928|- -            791 913at2085            -            397   6.6e-18   60.3   0.6   2   2   1.5e-09   2.7e-07   25.3   0.4   238   340   547   647   512   694 0.74 NZ_CP142079.1_661 # 848556 # 850928 # -1 # ID=1_661;partial=00;start_type=ATG;rbs_motif=GGA/GAG/AGG;rbs_spacer=5-10bp;gc_cont=0.306
NZ_CP142079.1:37736-40396|-   -            887 913at2085            -            397   1.7e-15   52.4  23.9   1   5   2.1e-12   3.6e-10   34.8   0.2    12   128    61   194    59   224 0.70 NZ_CP142079.1_32 # 37736 # 40396 # -1 # ID=1_32;partial=00;start_type=ATG;rbs_motif=AGGA;rbs_spacer=5-10bp;gc_cont=0.307
NZ_CP142079.1:37736-40396|-   -            887 913at2085            -            397   1.7e-15   52.4  23.9   2   5      0.59     1e+02   -2.9   0.1   144   187   410   460   402   462 0.53 NZ_CP142079.1_32 # 37736 # 40396 # -1 # ID=1_32;partial=00;start_type=ATG;rbs_motif=AGGA;rbs_spacer=5-10bp;gc_cont=0.307
NZ_CP142079.1:37736-40396|-   -            887 913at2085            -            397   1.7e-15   52.4  23.9   3   5   7.9e-09   1.4e-06   23.0   0.0   238   292   571   630   563   644 0.77 NZ_CP142079.1_32 # 37736 # 40396 # -1 # ID=1_32;partial=00;start_type=ATG;rbs_motif=AGGA;rbs_spacer=5-10bp;gc_cont=0.307
NZ_CP142079.1:37736-40396|-   -            887 913at2085            -            397   1.7e-15   52.4  23.9   4   5     0.022       3.8    1.8  10.9   264   387   634   763   623   776 0.71 NZ_CP142079.1_32 # 37736 # 40396 # -1 # ID=1_32;partial=00;start_type=ATG;rbs_motif=AGGA;rbs_spacer=5-10bp;gc_cont=0.307
NZ_CP142079.1:37736-40396|-   -            887 913at2085            -            397   1.7e-15   52.4  23.9   5   5      0.11        18   -0.5   0.3   118   163   763   806   756   811 0.70 NZ_CP142079.1_32 # 37736 # 40396 # -1 # ID=1_32;partial=00;start_type=ATG;rbs_motif=AGGA;rbs_spacer=5-10bp;gc_cont=0.307
NZ_CP142079.1:891982-894450|+ -            823 913at2085            -            397   2.8e-11   38.4   8.0   1   4   3.8e-09   6.6e-07   24.1   1.7     5   147    35   199    31   220 0.64 NZ_CP142079.1_687 # 891982 # 894450 # 1 # ID=1_687;partial=00;start_type=ATG;rbs_motif=AGGA;rbs_spacer=5-10bp;gc_cont=0.299
NZ_CP142079.1:891982-894450|+ -            823 913at2085            -            397   2.8e-11   38.4   8.0   2   4      0.11        19   -0.5   0.2   255   307   248   301   242   334 0.75 NZ_CP142079.1_687 # 891982 # 894450 # 1 # ID=1_687;partial=00;start_type=ATG;rbs_motif=AGGA;rbs_spacer=5-10bp;gc_cont=0.299
NZ_CP142079.1:891982-894450|+ -            823 913at2085            -            397   2.8e-11   38.4   8.0   3   4   4.9e-10   8.4e-08   27.0   0.5   233   318   490   575   466   602 0.67 NZ_CP142079.1_687 # 891982 # 894450 # 1 # ID=1_687;partial=00;start_type=ATG;rbs_motif=AGGA;rbs_spacer=5-10bp;gc_cont=0.299
NZ_CP142079.1:891982-894450|+ -            823 913at2085            -            397   2.8e-11   38.4   8.0   4   4      0.46        79   -2.6   0.7   319   342   684   707   663   796 0.62 NZ_CP142079.1_687 # 891982 # 894450 # 1 # ID=1_687;partial=00;start_type=ATG;rbs_motif=AGGA;rbs_spacer=5-10bp;gc_cont=0.299
#
# Program:         hmmsearch
# Version:         3.4 (Aug 2023)
# Pipeline mode:   SEARCH
# Query file:      /home/bryan/Documentos/GitHub/Project_doctoral/IMPLEMENTACAO/Genomes/M_hyopneumoniae/strains/Ue273/Use/busco_downloads/lineages/mycoplasmatales_odb10/hmms/913at2085.hmm
# Target file:     /home/bryan/Documentos/GitHub/Project_doctoral/IMPLEMENTACAO/Genomes/M_hyopneumoniae/strains/Ue273/Use/busco_complete/prodigal_output/predicted_genes/predicted.faa
# Option settings: hmmsearch --domtblout /home/bryan/Documentos/GitHub/Project_doctoral/IMPLEMENTACAO/Genomes/M_hyopneumoniae/strains/Ue273/Use/busco_complete/run_mycoplasmatales_odb10/hmmer_output/913at2085.out --cpu 1 /home/bryan/Documentos/GitHub/Project_doctoral/IMPLEMENTACAO/Genomes/M_hyopneumoniae/strains/Ue273/Use/busco_downloads/lineages/mycoplasmatales_odb10/hmms/913at2085.hmm /home/bryan/Documentos/GitHub/Project_doctoral/IMPLEMENTACAO/Genomes/M_hyopneumoniae/strains/Ue273/Use/busco_complete/prodigal_output/predicted_genes/predicted.faa 
# Current dir:     /home/bryan/Documentos/GitHub/Project_doctoral/IMPLEMENTACAO/Genomes/M_hyopneumoniae/strains/Ue273/Use
# Date:            Sun Dec  1 19:02:59 2024
# [ok]
