#                                                                                         --- full sequence --- -------------- this domain -------------   hmm coord   ali coord   env coord
# target name                     accession   tlen query name           accession   qlen   E-value  score  bias   #  of  c-Evalue  i-Evalue  score  bias  from    to  from    to  from    to  acc description of target
#             ------------------- ---------- ----- -------------------- ---------- ----- --------- ------ ----- --- --- --------- --------- ------ ----- ----- ----- ----- ----- ----- ----- ---- ---------------------
NZ_QQRC01000001.1:155962-156882|+ -            307 2666at2085           -            250   8.3e-92  302.0   0.1   1   1   3.1e-93   3.2e-91  300.1   0.1     1   249     5   287     5   288 0.89 NZ_QQRC01000001.1_99 # 155962 # 156882 # 1 # ID=9_99;partial=00;start_type=ATG;rbs_motif=None;rbs_spacer=None;gc_cont=0.338
NZ_QQRC01000003.1:18720-19607|+   -            296 2666at2085           -            250   1.1e-32  108.4   2.2   1   2     1e-16     1e-14   49.5   0.0     6    80    21    95    16   155 0.84 NZ_QQRC01000003.1_19 # 18720 # 19607 # 1 # ID=30_19;partial=00;start_type=ATG;rbs_motif=3Base/5BMM;rbs_spacer=13-15bp;gc_cont=0.279
NZ_QQRC01000003.1:18720-19607|+   -            296 2666at2085           -            250   1.1e-32  108.4   2.2   2   2     2e-19     2e-17   58.3   1.0   146   241   192   293   149   295 0.79 NZ_QQRC01000003.1_19 # 18720 # 19607 # 1 # ID=30_19;partial=00;start_type=ATG;rbs_motif=3Base/5BMM;rbs_spacer=13-15bp;gc_cont=0.279
NZ_QQRC01000001.1:145835-146638|- -            268 2666at2085           -            250   2.3e-23   77.8   8.5   1   1   4.1e-24   4.2e-22   73.7   8.5     2   245     2   264     1   266 0.75 NZ_QQRC01000001.1_91 # 145835 # 146638 # -1 # ID=9_91;partial=00;start_type=ATG;rbs_motif=None;rbs_spacer=None;gc_cont=0.291
NZ_QQRC01000009.1:14521-15864|-   -            448 2666at2085           -            250     4e-22   73.8  11.0   1   2   3.9e-24     4e-22   73.8  11.0     8   225     8   241     4   266 0.79 NZ_QQRC01000009.1_12 # 14521 # 15864 # -1 # ID=37_12;partial=00;start_type=ATG;rbs_motif=GGA/GAG/AGG;rbs_spacer=5-10bp;gc_cont=0.250
NZ_QQRC01000009.1:14521-15864|-   -            448 2666at2085           -            250     4e-22   73.8  11.0   2   2     0.035       3.6    1.8   0.8   115   179   374   407   336   432 0.64 NZ_QQRC01000009.1_12 # 14521 # 15864 # -1 # ID=37_12;partial=00;start_type=ATG;rbs_motif=GGA/GAG/AGG;rbs_spacer=5-10bp;gc_cont=0.250
NZ_QQRC01000007.1:1405-2235|-     -            277 2666at2085           -            250   9.9e-21   69.2   5.6   1   1   4.2e-21   4.3e-19   63.8   5.6     3   246     2   272     1   274 0.67 NZ_QQRC01000007.1_2 # 1405 # 2235 # -1 # ID=35_2;partial=00;start_type=ATG;rbs_motif=AGGA;rbs_spacer=5-10bp;gc_cont=0.318
NZ_QQRC01000012.1:10149-10958|+   -            270 2666at2085           -            250   3.9e-15   50.8   7.5   1   1   2.8e-15   2.9e-13   44.7   7.5     4   225     5   247     2   265 0.64 NZ_QQRC01000012.1_7 # 10149 # 10958 # 1 # ID=3_7;partial=00;start_type=ATG;rbs_motif=None;rbs_spacer=None;gc_cont=0.273
#
# Program:         hmmsearch
# Version:         3.4 (Aug 2023)
# Pipeline mode:   SEARCH
# Query file:      /home/bryan/Documentos/GitHub/Project_doctoral/IMPLEMENTACAO/Genomes/M_flocculare/strains/MF29/Use/busco_downloads/lineages/mycoplasmatales_odb10/hmms/2666at2085.hmm
# Target file:     /home/bryan/Documentos/GitHub/Project_doctoral/IMPLEMENTACAO/Genomes/M_flocculare/strains/MF29/Use/busco_draft/prodigal_output/predicted_genes/predicted.faa
# Option settings: hmmsearch --domtblout /home/bryan/Documentos/GitHub/Project_doctoral/IMPLEMENTACAO/Genomes/M_flocculare/strains/MF29/Use/busco_draft/run_mycoplasmatales_odb10/hmmer_output/2666at2085.out --cpu 1 /home/bryan/Documentos/GitHub/Project_doctoral/IMPLEMENTACAO/Genomes/M_flocculare/strains/MF29/Use/busco_downloads/lineages/mycoplasmatales_odb10/hmms/2666at2085.hmm /home/bryan/Documentos/GitHub/Project_doctoral/IMPLEMENTACAO/Genomes/M_flocculare/strains/MF29/Use/busco_draft/prodigal_output/predicted_genes/predicted.faa 
# Current dir:     /home/bryan/Documentos/GitHub/Project_doctoral/IMPLEMENTACAO/Genomes/M_flocculare/strains/MF29/Use
# Date:            Sun Dec  1 18:47:57 2024
# [ok]
