#                                                                                       --- full sequence --- -------------- this domain -------------   hmm coord   ali coord   env coord
# target name                   accession   tlen query name           accession   qlen   E-value  score  bias   #  of  c-Evalue  i-Evalue  score  bias  from    to  from    to  from    to  acc description of target
#           ------------------- ---------- ----- -------------------- ---------- ----- --------- ------ ----- --- --- --------- --------- ------ ----- ----- ----- ----- ----- ----- ----- ---- ---------------------
NZ_QQRC01000007.1:23903-24541|+ -            213 3895at2085           -            150   1.5e-46  153.1   3.8   1   1   6.7e-45     1e-42  140.7   3.8     1   148     6   188     6   190 0.81 NZ_QQRC01000007.1_31 # 23903 # 24541 # 1 # ID=35_31;partial=00;start_type=ATG;rbs_motif=None;rbs_spacer=None;gc_cont=0.308
NZ_QQRC01000002.1:22506-23189|- -            228 3895at2085           -            150   3.4e-06   22.1   1.8   1   3   9.8e-08   1.5e-05   20.0   0.0     4    50    10    60     7    68 0.75 NZ_QQRC01000002.1_20 # 22506 # 23189 # -1 # ID=19_20;partial=00;start_type=ATG;rbs_motif=GGA/GAG/AGG;rbs_spacer=11-12bp;gc_cont=0.285
NZ_QQRC01000002.1:22506-23189|- -            228 3895at2085           -            150   3.4e-06   22.1   1.8   2   3      0.24        37   -0.7   0.0    60    84   108   132    91   145 0.81 NZ_QQRC01000002.1_20 # 22506 # 23189 # -1 # ID=19_20;partial=00;start_type=ATG;rbs_motif=GGA/GAG/AGG;rbs_spacer=11-12bp;gc_cont=0.285
NZ_QQRC01000002.1:22506-23189|- -            228 3895at2085           -            150   3.4e-06   22.1   1.8   3   3      0.16        25   -0.2   0.1    42    82   167   204   152   225 0.64 NZ_QQRC01000002.1_20 # 22506 # 23189 # -1 # ID=19_20;partial=00;start_type=ATG;rbs_motif=GGA/GAG/AGG;rbs_spacer=11-12bp;gc_cont=0.285
NZ_QQRC01000006.1:13136-14101|- -            322 3895at2085           -            150   0.00042   15.3   0.2   1   2   9.5e-06    0.0015   13.6   0.0     2    37    42    78    41   121 0.67 NZ_QQRC01000006.1_14 # 13136 # 14101 # -1 # ID=34_14;partial=00;start_type=ATG;rbs_motif=None;rbs_spacer=None;gc_cont=0.308
NZ_QQRC01000006.1:13136-14101|- -            322 3895at2085           -            150   0.00042   15.3   0.2   2   2       0.5        77   -1.7   0.1    37    72   176   213   164   236 0.64 NZ_QQRC01000006.1_14 # 13136 # 14101 # -1 # ID=34_14;partial=00;start_type=ATG;rbs_motif=None;rbs_spacer=None;gc_cont=0.308
NZ_QQRC01000007.1:39855-40436|+ -            194 3895at2085           -            150   0.00054   15.0   0.2   1   2   3.5e-06   0.00054   15.0   0.2     2    61     5    63     3    99 0.66 NZ_QQRC01000007.1_52 # 39855 # 40436 # 1 # ID=35_52;partial=00;start_type=ATG;rbs_motif=GGA/GAG/AGG;rbs_spacer=5-10bp;gc_cont=0.265
NZ_QQRC01000007.1:39855-40436|+ -            194 3895at2085           -            150   0.00054   15.0   0.2   2   2      0.16        25   -0.1   0.4    40    69   149   178   132   190 0.52 NZ_QQRC01000007.1_52 # 39855 # 40436 # 1 # ID=35_52;partial=00;start_type=ATG;rbs_motif=GGA/GAG/AGG;rbs_spacer=5-10bp;gc_cont=0.265
#
# Program:         hmmsearch
# Version:         3.4 (Aug 2023)
# Pipeline mode:   SEARCH
# Query file:      /home/bryan/Documentos/GitHub/Project_doctoral/IMPLEMENTACAO/Genomes/M_flocculare/strains/MF29/Use/busco_downloads/lineages/mycoplasmatales_odb10/hmms/3895at2085.hmm
# Target file:     /home/bryan/Documentos/GitHub/Project_doctoral/IMPLEMENTACAO/Genomes/M_flocculare/strains/MF29/Use/busco_draft/prodigal_output/predicted_genes/predicted.faa
# Option settings: hmmsearch --domtblout /home/bryan/Documentos/GitHub/Project_doctoral/IMPLEMENTACAO/Genomes/M_flocculare/strains/MF29/Use/busco_draft/run_mycoplasmatales_odb10/hmmer_output/3895at2085.out --cpu 1 /home/bryan/Documentos/GitHub/Project_doctoral/IMPLEMENTACAO/Genomes/M_flocculare/strains/MF29/Use/busco_downloads/lineages/mycoplasmatales_odb10/hmms/3895at2085.hmm /home/bryan/Documentos/GitHub/Project_doctoral/IMPLEMENTACAO/Genomes/M_flocculare/strains/MF29/Use/busco_draft/prodigal_output/predicted_genes/predicted.faa 
# Current dir:     /home/bryan/Documentos/GitHub/Project_doctoral/IMPLEMENTACAO/Genomes/M_flocculare/strains/MF29/Use
# Date:            Sun Dec  1 18:47:58 2024
# [ok]
