#                                                                                       --- full sequence --- -------------- this domain -------------   hmm coord   ali coord   env coord
# target name                   accession   tlen query name           accession   qlen   E-value  score  bias   #  of  c-Evalue  i-Evalue  score  bias  from    to  from    to  from    to  acc description of target
#           ------------------- ---------- ----- -------------------- ---------- ----- --------- ------ ----- --- --- --------- --------- ------ ----- ----- ----- ----- ----- ----- ----- ---- ---------------------
NZ_QQRC01000002.1:18817-20613|- -            599 501at2085            -            526    9e-247  815.0   6.9   1   1    1e-248  1.3e-246  814.5   6.9     1   526     1   594     1   594 0.93 NZ_QQRC01000002.1_16 # 18817 # 20613 # -1 # ID=19_16;partial=00;start_type=ATG;rbs_motif=None;rbs_spacer=None;gc_cont=0.335
NZ_QQRC01000002.1:15352-17436|+ -            695 501at2085            -            526   1.5e-46  154.3   1.5   1   4   1.1e-36   1.3e-34  114.9   0.2     4   160     8   169     5   187 0.85 NZ_QQRC01000002.1_14 # 15352 # 17436 # 1 # ID=19_14;partial=00;start_type=ATG;rbs_motif=AGGA;rbs_spacer=5-10bp;gc_cont=0.372
NZ_QQRC01000002.1:15352-17436|+ -            695 501at2085            -            526   1.5e-46  154.3   1.5   2   4      0.47        58   -2.7   0.0   152   173   260   281   244   290 0.83 NZ_QQRC01000002.1_14 # 15352 # 17436 # 1 # ID=19_14;partial=00;start_type=ATG;rbs_motif=AGGA;rbs_spacer=5-10bp;gc_cont=0.372
NZ_QQRC01000002.1:15352-17436|+ -            695 501at2085            -            526   1.5e-46  154.3   1.5   3   4   1.4e-11   1.7e-09   32.1   0.1   171   339   302   485   292   498 0.64 NZ_QQRC01000002.1_14 # 15352 # 17436 # 1 # ID=19_14;partial=00;start_type=ATG;rbs_motif=AGGA;rbs_spacer=5-10bp;gc_cont=0.372
NZ_QQRC01000002.1:15352-17436|+ -            695 501at2085            -            526   1.5e-46  154.3   1.5   4   4    0.0051      0.63    3.8   0.0   350   411   607   675   595   691 0.77 NZ_QQRC01000002.1_14 # 15352 # 17436 # 1 # ID=19_14;partial=00;start_type=ATG;rbs_motif=AGGA;rbs_spacer=5-10bp;gc_cont=0.372
NZ_QQRC01000005.1:15755-17554|- -            600 501at2085            -            526   1.3e-20   68.7   5.4   1   2   4.4e-22   5.4e-20   66.7   3.1    10   196   117   308   115   321 0.78 NZ_QQRC01000005.1_16 # 15755 # 17554 # -1 # ID=33_16;partial=00;start_type=ATG;rbs_motif=GGAG/GAGG;rbs_spacer=5-10bp;gc_cont=0.347
NZ_QQRC01000005.1:15755-17554|- -            600 501at2085            -            526   1.3e-20   68.7   5.4   2   2      0.26        31   -1.8   0.0   382   408   480   506   460   518 0.71 NZ_QQRC01000005.1_16 # 15755 # 17554 # -1 # ID=33_16;partial=00;start_type=ATG;rbs_motif=GGAG/GAGG;rbs_spacer=5-10bp;gc_cont=0.347
NZ_QQRC01000001.1:76771-77979|+ -            403 501at2085            -            526   2.8e-18   61.1   3.2   1   2   4.4e-20   5.4e-18   60.1   0.3     8   140    20   155    14   168 0.88 NZ_QQRC01000001.1_53 # 76771 # 77979 # 1 # ID=9_53;partial=00;start_type=ATG;rbs_motif=AGGA;rbs_spacer=5-10bp;gc_cont=0.403
NZ_QQRC01000001.1:76771-77979|+ -            403 501at2085            -            526   2.8e-18   61.1   3.2   2   2     0.026       3.3    1.4   0.2   161   256   205   309   194   325 0.67 NZ_QQRC01000001.1_53 # 76771 # 77979 # 1 # ID=9_53;partial=00;start_type=ATG;rbs_motif=AGGA;rbs_spacer=5-10bp;gc_cont=0.403
NZ_QQRC01000002.1:21168-22481|- -            438 501at2085            -            526   1.6e-14   48.7   2.9   1   2   2.3e-06   0.00028   14.9   0.4    63   172    46   162     5   170 0.83 NZ_QQRC01000002.1_19 # 21168 # 22481 # -1 # ID=19_19;partial=00;start_type=ATG;rbs_motif=None;rbs_spacer=None;gc_cont=0.298
NZ_QQRC01000002.1:21168-22481|- -            438 501at2085            -            526   1.6e-14   48.7   2.9   2   2   3.7e-12   4.5e-10   33.9   0.1    67   168   218   340   166   383 0.77 NZ_QQRC01000002.1_19 # 21168 # 22481 # -1 # ID=19_19;partial=00;start_type=ATG;rbs_motif=None;rbs_spacer=None;gc_cont=0.298
#
# Program:         hmmsearch
# Version:         3.4 (Aug 2023)
# Pipeline mode:   SEARCH
# Query file:      /home/bryan/Documentos/GitHub/Project_doctoral/IMPLEMENTACAO/Genomes/M_flocculare/strains/MF29/Use/busco_downloads/lineages/mycoplasmatales_odb10/hmms/501at2085.hmm
# Target file:     /home/bryan/Documentos/GitHub/Project_doctoral/IMPLEMENTACAO/Genomes/M_flocculare/strains/MF29/Use/busco_draft/prodigal_output/predicted_genes/predicted.faa
# Option settings: hmmsearch --domtblout /home/bryan/Documentos/GitHub/Project_doctoral/IMPLEMENTACAO/Genomes/M_flocculare/strains/MF29/Use/busco_draft/run_mycoplasmatales_odb10/hmmer_output/501at2085.out --cpu 1 /home/bryan/Documentos/GitHub/Project_doctoral/IMPLEMENTACAO/Genomes/M_flocculare/strains/MF29/Use/busco_downloads/lineages/mycoplasmatales_odb10/hmms/501at2085.hmm /home/bryan/Documentos/GitHub/Project_doctoral/IMPLEMENTACAO/Genomes/M_flocculare/strains/MF29/Use/busco_draft/prodigal_output/predicted_genes/predicted.faa 
# Current dir:     /home/bryan/Documentos/GitHub/Project_doctoral/IMPLEMENTACAO/Genomes/M_flocculare/strains/MF29/Use
# Date:            Sun Dec  1 18:47:59 2024
# [ok]
