#                                                                                     --- full sequence --- -------------- this domain -------------   hmm coord   ali coord   env coord
# target name                 accession   tlen query name           accession   qlen   E-value  score  bias   #  of  c-Evalue  i-Evalue  score  bias  from    to  from    to  from    to  acc description of target
#         ------------------- ---------- ----- -------------------- ---------- ----- --------- ------ ----- --- --- --------- --------- ------ ----- ----- ----- ----- ----- ----- ----- ---- ---------------------
NZ_CP007585.1:578331-579659|- -            443 1338at2085           -            333    4e-107  353.3  29.8   1   2  5.5e-101   4.7e-99  326.8  24.9     1   285     4   331     4   367 0.79 NZ_CP007585.1_454 # 578331 # 579659 # -1 # ID=1_454;partial=00;start_type=TTG;rbs_motif=AGGAG;rbs_spacer=5-10bp;gc_cont=0.312
NZ_CP007585.1:578331-579659|- -            443 1338at2085           -            333    4e-107  353.3  29.8   2   2   6.9e-09   5.9e-07   24.0   0.4   299   333   404   442   358   442 0.78 NZ_CP007585.1_454 # 578331 # 579659 # -1 # ID=1_454;partial=00;start_type=TTG;rbs_motif=AGGAG;rbs_spacer=5-10bp;gc_cont=0.312
NZ_CP007585.1:78643-79956|+   -            438 1338at2085           -            333   2.9e-40  133.5  14.6   1   2   4.5e-18   3.8e-16   54.2   3.9   179   329     5   160     2   164 0.86 NZ_CP007585.1_66 # 78643 # 79956 # 1 # ID=1_66;partial=00;start_type=ATG;rbs_motif=None;rbs_spacer=None;gc_cont=0.299
NZ_CP007585.1:78643-79956|+   -            438 1338at2085           -            333   2.9e-40  133.5  14.6   2   2   1.6e-26   1.3e-24   82.0   4.9   168   268   162   266   151   347 0.80 NZ_CP007585.1_66 # 78643 # 79956 # 1 # ID=1_66;partial=00;start_type=ATG;rbs_motif=None;rbs_spacer=None;gc_cont=0.299
NZ_CP007585.1:541667-542548|- -            294 1338at2085           -            333   2.6e-14   48.2   5.1   1   3   3.1e-16   2.6e-14   48.2   5.1   178   295     8   125     3   141 0.83 NZ_CP007585.1_406 # 541667 # 542548 # -1 # ID=1_406;partial=00;start_type=ATG;rbs_motif=None;rbs_spacer=None;gc_cont=0.283
NZ_CP007585.1:541667-542548|- -            294 1338at2085           -            333   2.6e-14   48.2   5.1   2   3      0.29        25   -1.0   0.2   115   155   130   170   116   195 0.76 NZ_CP007585.1_406 # 541667 # 542548 # -1 # ID=1_406;partial=00;start_type=ATG;rbs_motif=None;rbs_spacer=None;gc_cont=0.283
NZ_CP007585.1:541667-542548|- -            294 1338at2085           -            333   2.6e-14   48.2   5.1   3   3      0.85        72   -2.6   0.1   187   219   233   265   212   275 0.63 NZ_CP007585.1_406 # 541667 # 542548 # -1 # ID=1_406;partial=00;start_type=ATG;rbs_motif=None;rbs_spacer=None;gc_cont=0.283
NZ_CP007585.1:99106-99897|+   -            264 1338at2085           -            333   2.3e-09   31.9   0.4   1   1   5.6e-11   4.8e-09   30.9   0.1   168   249   100   179    85   237 0.79 NZ_CP007585.1_83 # 99106 # 99897 # 1 # ID=1_83;partial=00;start_type=ATG;rbs_motif=None;rbs_spacer=None;gc_cont=0.264
NZ_CP007585.1:290335-290865|+ -            177 1338at2085           -            333   1.6e-08   29.2   0.0   1   1   2.5e-10   2.1e-08   28.8   0.0   165   212     4    51     1   110 0.85 NZ_CP007585.1_208 # 290335 # 290865 # 1 # ID=1_208;partial=00;start_type=ATG;rbs_motif=None;rbs_spacer=None;gc_cont=0.322
NZ_CP007585.1:538462-539319|- -            286 1338at2085           -            333   1.9e-06   22.4   1.6   1   1   2.8e-08   2.4e-06   22.0   0.7   164   254   141   234   118   239 0.73 NZ_CP007585.1_402 # 538462 # 539319 # -1 # ID=1_402;partial=00;start_type=ATG;rbs_motif=None;rbs_spacer=None;gc_cont=0.270
NZ_CP007585.1:329669-330772|- -            368 1338at2085           -            333   5.1e-06   21.0   1.6   1   1   6.8e-07   5.8e-05   17.5   1.5   177   286     3   131     1   156 0.70 NZ_CP007585.1_223 # 329669 # 330772 # -1 # ID=1_223;partial=00;start_type=ATG;rbs_motif=None;rbs_spacer=None;gc_cont=0.335
#
# Program:         hmmsearch
# Version:         3.1b2 (February 2015)
# Pipeline mode:   SEARCH
# Query file:      /home/lgef/Documentos/GitHub/Project_doctoral/IMPLEMENTACAO/Genomes/M_flocculare/MFC_ncbi_dataset/ncbi_dataset/data/strains/Ms42/Use/busco_downloads/lineages/mycoplasmatales_odb10/hmms/1338at2085.hmm
# Target file:     /home/lgef/Documentos/GitHub/Project_doctoral/IMPLEMENTACAO/Genomes/M_flocculare/MFC_ncbi_dataset/ncbi_dataset/data/strains/Ms42/Use/busco_complete/prodigal_output/predicted_genes/predicted.faa
# Option settings: hmmsearch --domtblout /home/lgef/Documentos/GitHub/Project_doctoral/IMPLEMENTACAO/Genomes/M_flocculare/MFC_ncbi_dataset/ncbi_dataset/data/strains/Ms42/Use/busco_complete/run_mycoplasmatales_odb10/hmmer_output/1338at2085.out --cpu 1 /home/lgef/Documentos/GitHub/Project_doctoral/IMPLEMENTACAO/Genomes/M_flocculare/MFC_ncbi_dataset/ncbi_dataset/data/strains/Ms42/Use/busco_downloads/lineages/mycoplasmatales_odb10/hmms/1338at2085.hmm /home/lgef/Documentos/GitHub/Project_doctoral/IMPLEMENTACAO/Genomes/M_flocculare/MFC_ncbi_dataset/ncbi_dataset/data/strains/Ms42/Use/busco_complete/prodigal_output/predicted_genes/predicted.faa 
# Current dir:     /home/lgef/Documentos/GitHub/Project_doctoral/IMPLEMENTACAO/Genomes/M_flocculare/MFC_ncbi_dataset/ncbi_dataset/data/strains/Ms42/Use
# Date:            Fri Nov 29 12:30:11 2024
# [ok]
