#                                                                                     --- full sequence --- -------------- this domain -------------   hmm coord   ali coord   env coord
# target name                 accession   tlen query name           accession   qlen   E-value  score  bias   #  of  c-Evalue  i-Evalue  score  bias  from    to  from    to  from    to  acc description of target
#         ------------------- ---------- ----- -------------------- ---------- ----- --------- ------ ----- --- --- --------- --------- ------ ----- ----- ----- ----- ----- ----- ----- ---- ---------------------
NZ_CP007585.1:543775-545814|- -            680 1371at2085           -            438   6.9e-82  270.5 101.6   1   5   3.2e-30   1.7e-28   94.5   6.0     1   103    21   133    21   136 0.93 NZ_CP007585.1_410 # 543775 # 545814 # -1 # ID=1_410;partial=00;start_type=ATG;rbs_motif=None;rbs_spacer=None;gc_cont=0.245
NZ_CP007585.1:543775-545814|- -            680 1371at2085           -            438   6.9e-82  270.5 101.6   2   5   8.6e-27   4.7e-25   83.2  32.6   102   261   158   335   144   348 0.83 NZ_CP007585.1_410 # 543775 # 545814 # -1 # ID=1_410;partial=00;start_type=ATG;rbs_motif=None;rbs_spacer=None;gc_cont=0.245
NZ_CP007585.1:543775-545814|- -            680 1371at2085           -            438   6.9e-82  270.5 101.6   3   5      0.41        22   -1.4   5.7   161   228   339   406   333   407 0.82 NZ_CP007585.1_410 # 543775 # 545814 # -1 # ID=1_410;partial=00;start_type=ATG;rbs_motif=None;rbs_spacer=None;gc_cont=0.245
NZ_CP007585.1:543775-545814|- -            680 1371at2085           -            438   6.9e-82  270.5 101.6   4   5   2.7e-09   1.5e-07   25.5  19.9   269   372   408   552   406   559 0.78 NZ_CP007585.1_410 # 543775 # 545814 # -1 # ID=1_410;partial=00;start_type=ATG;rbs_motif=None;rbs_spacer=None;gc_cont=0.245
NZ_CP007585.1:543775-545814|- -            680 1371at2085           -            438   6.9e-82  270.5 101.6   5   5   8.9e-28   4.8e-26   86.5   8.7   367   438   591   663   567   663 0.86 NZ_CP007585.1_410 # 543775 # 545814 # -1 # ID=1_410;partial=00;start_type=ATG;rbs_motif=None;rbs_spacer=None;gc_cont=0.245
NZ_CP007585.1:276729-277445|+ -            239 1371at2085           -            438   4.7e-10   33.8   4.6   1   2     0.013      0.69    3.6   1.5   333   373    43    89     8    95 0.84 NZ_CP007585.1_199 # 276729 # 277445 # 1 # ID=1_199;partial=00;start_type=ATG;rbs_motif=AGGA;rbs_spacer=5-10bp;gc_cont=0.259
NZ_CP007585.1:276729-277445|+ -            239 1371at2085           -            438   4.7e-10   33.8   4.6   2   2   8.7e-12   4.7e-10   33.8   4.6   374   435   131   194   110   196 0.81 NZ_CP007585.1_199 # 276729 # 277445 # 1 # ID=1_199;partial=00;start_type=ATG;rbs_motif=AGGA;rbs_spacer=5-10bp;gc_cont=0.259
NZ_CP007585.1:326194-327117|+ -            308 1371at2085           -            438   1.1e-08   29.2   1.5   1   3      0.35        19   -1.2   0.9   159   211    24    76     2    85 0.57 NZ_CP007585.1_220 # 326194 # 327117 # 1 # ID=1_220;partial=00;start_type=GTG;rbs_motif=AGGAGG;rbs_spacer=5-10bp;gc_cont=0.339
NZ_CP007585.1:326194-327117|+ -            308 1371at2085           -            438   1.1e-08   29.2   1.5   2   3      0.13       6.9    0.3   0.1   333   362   101   136    94   155 0.67 NZ_CP007585.1_220 # 326194 # 327117 # 1 # ID=1_220;partial=00;start_type=GTG;rbs_motif=AGGAGG;rbs_spacer=5-10bp;gc_cont=0.339
NZ_CP007585.1:326194-327117|+ -            308 1371at2085           -            438   1.1e-08   29.2   1.5   3   3   2.1e-10   1.1e-08   29.2   1.5   367   436   187   259   138   261 0.83 NZ_CP007585.1_220 # 326194 # 327117 # 1 # ID=1_220;partial=00;start_type=GTG;rbs_motif=AGGAGG;rbs_spacer=5-10bp;gc_cont=0.339
NZ_CP007585.1:201231-202769|- -            513 1371at2085           -            438   4.4e-08   27.3  24.3   1   4      0.12       6.4    0.4   0.1   334   344    44    54    41    58 0.91 NZ_CP007585.1_149 # 201231 # 202769 # -1 # ID=1_149;partial=00;start_type=TTG;rbs_motif=AGGA;rbs_spacer=5-10bp;gc_cont=0.311
NZ_CP007585.1:201231-202769|- -            513 1371at2085           -            438   4.4e-08   27.3  24.3   2   4   4.4e-07   2.4e-05   18.3   1.2   379   436   145   204   139   206 0.90 NZ_CP007585.1_149 # 201231 # 202769 # -1 # ID=1_149;partial=00;start_type=TTG;rbs_motif=AGGA;rbs_spacer=5-10bp;gc_cont=0.311
NZ_CP007585.1:201231-202769|- -            513 1371at2085           -            438   4.4e-08   27.3  24.3   3   4     0.014      0.74    3.5   7.1   274   322   356   404   325   407 0.85 NZ_CP007585.1_149 # 201231 # 202769 # -1 # ID=1_149;partial=00;start_type=TTG;rbs_motif=AGGA;rbs_spacer=5-10bp;gc_cont=0.311
NZ_CP007585.1:201231-202769|- -            513 1371at2085           -            438   4.4e-08   27.3  24.3   4   4     2e-06   0.00011   16.1   0.7   370   432   403   467   401   472 0.77 NZ_CP007585.1_149 # 201231 # 202769 # -1 # ID=1_149;partial=00;start_type=TTG;rbs_motif=AGGA;rbs_spacer=5-10bp;gc_cont=0.311
NZ_CP007585.1:351188-351958|+ -            257 1371at2085           -            438   5.1e-08   27.1   0.4   1   3       1.4        77   -3.2   9.5   137   206    53   122     1   128 0.59 NZ_CP007585.1_240 # 351188 # 351958 # 1 # ID=1_240;partial=00;start_type=ATG;rbs_motif=None;rbs_spacer=None;gc_cont=0.267
NZ_CP007585.1:351188-351958|+ -            257 1371at2085           -            438   5.1e-08   27.1   0.4   2   3   9.5e-10   5.1e-08   27.1   0.4   372   435   147   213   130   216 0.84 NZ_CP007585.1_240 # 351188 # 351958 # 1 # ID=1_240;partial=00;start_type=ATG;rbs_motif=None;rbs_spacer=None;gc_cont=0.267
NZ_CP007585.1:351188-351958|+ -            257 1371at2085           -            438   5.1e-08   27.1   0.4   3   3     0.067       3.6    1.2   1.5   234   275   207   248   205   250 0.88 NZ_CP007585.1_240 # 351188 # 351958 # 1 # ID=1_240;partial=00;start_type=ATG;rbs_motif=None;rbs_spacer=None;gc_cont=0.267
NZ_CP007585.1:757422-759023|+ -            534 1371at2085           -            438   9.2e-08   26.2   5.6   1   2       2.1   1.1e+02   -3.7  46.5   104   334     9   255     4   256 0.69 NZ_CP007585.1_585 # 757422 # 759023 # 1 # ID=1_585;partial=00;start_type=ATG;rbs_motif=GGAG/GAGG;rbs_spacer=5-10bp;gc_cont=0.258
NZ_CP007585.1:757422-759023|+ -            534 1371at2085           -            438   9.2e-08   26.2   5.6   2   2   1.7e-09   9.2e-08   26.2   5.6   373   425   449   499   430   515 0.79 NZ_CP007585.1_585 # 757422 # 759023 # 1 # ID=1_585;partial=00;start_type=ATG;rbs_motif=GGAG/GAGG;rbs_spacer=5-10bp;gc_cont=0.258
NZ_CP007585.1:155202-156536|+ -            445 1371at2085           -            438   2.4e-07   24.8   4.6   1   3    0.0064      0.35    4.6   0.0   333   358    47    78    26    91 0.86 NZ_CP007585.1_120 # 155202 # 156536 # 1 # ID=1_120;partial=00;start_type=ATG;rbs_motif=GGA/GAG/AGG;rbs_spacer=11-12bp;gc_cont=0.302
NZ_CP007585.1:155202-156536|+ -            445 1371at2085           -            438   2.4e-07   24.8   4.6   2   3   4.8e-08   2.6e-06   21.5   0.2   376   436   229   292   196   293 0.81 NZ_CP007585.1_120 # 155202 # 156536 # 1 # ID=1_120;partial=00;start_type=ATG;rbs_motif=GGA/GAG/AGG;rbs_spacer=11-12bp;gc_cont=0.302
NZ_CP007585.1:155202-156536|+ -            445 1371at2085           -            438   2.4e-07   24.8   4.6   3   3       1.7        94   -3.5   0.2   163   187   390   414   383   427 0.51 NZ_CP007585.1_120 # 155202 # 156536 # 1 # ID=1_120;partial=00;start_type=ATG;rbs_motif=GGA/GAG/AGG;rbs_spacer=11-12bp;gc_cont=0.302
NZ_CP007585.1:460500-461318|+ -            273 1371at2085           -            438   2.6e-07   24.8   0.1   1   3     0.094       5.1    0.7   5.2   292   367     3    86     1    94 0.64 NZ_CP007585.1_330 # 460500 # 461318 # 1 # ID=1_330;partial=00;start_type=ATG;rbs_motif=None;rbs_spacer=None;gc_cont=0.288
NZ_CP007585.1:460500-461318|+ -            273 1371at2085           -            438   2.6e-07   24.8   0.1   2   3      0.53        29   -1.8   0.0   406   425   104   123   103   127 0.86 NZ_CP007585.1_330 # 460500 # 461318 # 1 # ID=1_330;partial=00;start_type=ATG;rbs_motif=None;rbs_spacer=None;gc_cont=0.288
NZ_CP007585.1:460500-461318|+ -            273 1371at2085           -            438   2.6e-07   24.8   0.1   3   3   4.7e-09   2.6e-07   24.8   0.1   368   436   127   198   118   199 0.86 NZ_CP007585.1_330 # 460500 # 461318 # 1 # ID=1_330;partial=00;start_type=ATG;rbs_motif=None;rbs_spacer=None;gc_cont=0.288
NZ_CP007585.1:755831-757438|+ -            536 1371at2085           -            438     3e-06   21.2   4.6   1   3      0.67        36   -2.1  38.5   102   318    13   242     2   243 0.61 NZ_CP007585.1_584 # 755831 # 757438 # 1 # ID=1_584;partial=00;start_type=ATG;rbs_motif=AGGAG;rbs_spacer=3-4bp;gc_cont=0.253
NZ_CP007585.1:755831-757438|+ -            536 1371at2085           -            438     3e-06   21.2   4.6   2   3      0.13         7    0.3  13.0   333   375   363   415   315   422 0.69 NZ_CP007585.1_584 # 755831 # 757438 # 1 # ID=1_584;partial=00;start_type=ATG;rbs_motif=AGGAG;rbs_spacer=3-4bp;gc_cont=0.253
NZ_CP007585.1:755831-757438|+ -            536 1371at2085           -            438     3e-06   21.2   4.6   3   3   5.6e-08     3e-06   21.2   4.6   373   435   449   511   417   513 0.78 NZ_CP007585.1_584 # 755831 # 757438 # 1 # ID=1_584;partial=00;start_type=ATG;rbs_motif=AGGAG;rbs_spacer=3-4bp;gc_cont=0.253
NZ_CP007585.1:691386-693005|+ -            540 1371at2085           -            438   7.1e-06   20.0   5.1   1   1   1.3e-07   7.1e-06   20.0   5.1   367   434   455   522   445   526 0.77 NZ_CP007585.1_537 # 691386 # 693005 # 1 # ID=1_537;partial=00;start_type=ATG;rbs_motif=AGGA;rbs_spacer=5-10bp;gc_cont=0.223
NZ_CP007585.1:218098-219147|+ -            350 1371at2085           -            438    0.0011   12.8   0.1   1   1   3.1e-05    0.0017   12.2   0.1   358   436   141   222   131   224 0.81 NZ_CP007585.1_160 # 218098 # 219147 # 1 # ID=1_160;partial=00;start_type=ATG;rbs_motif=AGGAGG;rbs_spacer=5-10bp;gc_cont=0.337
#
# Program:         hmmsearch
# Version:         3.1b2 (February 2015)
# Pipeline mode:   SEARCH
# Query file:      /home/lgef/Documentos/GitHub/Project_doctoral/IMPLEMENTACAO/Genomes/M_flocculare/MFC_ncbi_dataset/ncbi_dataset/data/strains/Ms42/Use/busco_downloads/lineages/mycoplasmatales_odb10/hmms/1371at2085.hmm
# Target file:     /home/lgef/Documentos/GitHub/Project_doctoral/IMPLEMENTACAO/Genomes/M_flocculare/MFC_ncbi_dataset/ncbi_dataset/data/strains/Ms42/Use/busco_complete/prodigal_output/predicted_genes/predicted.faa
# Option settings: hmmsearch --domtblout /home/lgef/Documentos/GitHub/Project_doctoral/IMPLEMENTACAO/Genomes/M_flocculare/MFC_ncbi_dataset/ncbi_dataset/data/strains/Ms42/Use/busco_complete/run_mycoplasmatales_odb10/hmmer_output/1371at2085.out --cpu 1 /home/lgef/Documentos/GitHub/Project_doctoral/IMPLEMENTACAO/Genomes/M_flocculare/MFC_ncbi_dataset/ncbi_dataset/data/strains/Ms42/Use/busco_downloads/lineages/mycoplasmatales_odb10/hmms/1371at2085.hmm /home/lgef/Documentos/GitHub/Project_doctoral/IMPLEMENTACAO/Genomes/M_flocculare/MFC_ncbi_dataset/ncbi_dataset/data/strains/Ms42/Use/busco_complete/prodigal_output/predicted_genes/predicted.faa 
# Current dir:     /home/lgef/Documentos/GitHub/Project_doctoral/IMPLEMENTACAO/Genomes/M_flocculare/MFC_ncbi_dataset/ncbi_dataset/data/strains/Ms42/Use
# Date:            Fri Nov 29 10:05:20 2024
# [ok]
