#                                                                                     --- full sequence --- -------------- this domain -------------   hmm coord   ali coord   env coord
# target name                 accession   tlen query name           accession   qlen   E-value  score  bias   #  of  c-Evalue  i-Evalue  score  bias  from    to  from    to  from    to  acc description of target
#         ------------------- ---------- ----- -------------------- ---------- ----- --------- ------ ----- --- --- --------- --------- ------ ----- ----- ----- ----- ----- ----- ----- ---- ---------------------
NZ_CP007585.1:329669-330772|- -            368 1683at2085           -            284  3.5e-105  346.5  15.7   1   3   2.8e-72   4.2e-70  231.4   3.4     1   163     1   171     1   178 0.91 NZ_CP007585.1_223 # 329669 # 330772 # -1 # ID=1_223;partial=00;start_type=ATG;rbs_motif=None;rbs_spacer=None;gc_cont=0.335
NZ_CP007585.1:329669-330772|- -            368 1683at2085           -            284  3.5e-105  346.5  15.7   2   3   9.2e-08   1.4e-05   19.7   0.1   151   186   177   213   163   220 0.77 NZ_CP007585.1_223 # 329669 # 330772 # -1 # ID=1_223;partial=00;start_type=ATG;rbs_motif=None;rbs_spacer=None;gc_cont=0.335
NZ_CP007585.1:329669-330772|- -            368 1683at2085           -            284  3.5e-105  346.5  15.7   3   3   7.6e-33   1.1e-30  102.0   1.9   181   284   234   365   220   365 0.80 NZ_CP007585.1_223 # 329669 # 330772 # -1 # ID=1_223;partial=00;start_type=ATG;rbs_motif=None;rbs_spacer=None;gc_cont=0.335
NZ_CP007585.1:41177-42436|+   -            420 1683at2085           -            284   9.4e-15   49.8   5.2   1   1   1.3e-15     2e-13   45.5   5.2     4   193   158   348   155   371 0.66 NZ_CP007585.1_34 # 41177 # 42436 # 1 # ID=1_34;partial=00;start_type=ATG;rbs_motif=AGGA;rbs_spacer=5-10bp;gc_cont=0.297
NZ_CP007585.1:78643-79956|+   -            438 1683at2085           -            284   2.6e-07   25.4   2.2   1   3   2.2e-05    0.0032   12.0   0.1     2    23     2    23     1    31 0.83 NZ_CP007585.1_66 # 78643 # 79956 # 1 # ID=1_66;partial=00;start_type=ATG;rbs_motif=None;rbs_spacer=None;gc_cont=0.299
NZ_CP007585.1:78643-79956|+   -            438 1683at2085           -            284   2.6e-07   25.4   2.2   2   3   6.3e-05    0.0094   10.4   0.0     3    34   171   205   170   245 0.72 NZ_CP007585.1_66 # 78643 # 79956 # 1 # ID=1_66;partial=00;start_type=ATG;rbs_motif=None;rbs_spacer=None;gc_cont=0.299
NZ_CP007585.1:78643-79956|+   -            438 1683at2085           -            284   2.6e-07   25.4   2.2   3   3     0.074        11    0.4   0.1    54    78   303   327   271   361 0.69 NZ_CP007585.1_66 # 78643 # 79956 # 1 # ID=1_66;partial=00;start_type=ATG;rbs_motif=None;rbs_spacer=None;gc_cont=0.299
NZ_CP007585.1:541667-542548|- -            294 1683at2085           -            284   5.1e-05   17.8   0.1   1   2   3.5e-07   5.1e-05   17.8   0.1     5    27     9    31     6    57 0.83 NZ_CP007585.1_406 # 541667 # 542548 # -1 # ID=1_406;partial=00;start_type=ATG;rbs_motif=None;rbs_spacer=None;gc_cont=0.283
NZ_CP007585.1:541667-542548|- -            294 1683at2085           -            284   5.1e-05   17.8   0.1   2   2      0.41        61   -2.1   2.1   154   154   122   122    67   197 0.54 NZ_CP007585.1_406 # 541667 # 542548 # -1 # ID=1_406;partial=00;start_type=ATG;rbs_motif=None;rbs_spacer=None;gc_cont=0.283
#
# Program:         hmmsearch
# Version:         3.1b2 (February 2015)
# Pipeline mode:   SEARCH
# Query file:      /home/lgef/Documentos/GitHub/Project_doctoral/IMPLEMENTACAO/Genomes/M_flocculare/MFC_ncbi_dataset/ncbi_dataset/data/strains/Ms42/Use/busco_downloads/lineages/mycoplasmatales_odb10/hmms/1683at2085.hmm
# Target file:     /home/lgef/Documentos/GitHub/Project_doctoral/IMPLEMENTACAO/Genomes/M_flocculare/MFC_ncbi_dataset/ncbi_dataset/data/strains/Ms42/Use/busco_complete/prodigal_output/predicted_genes/predicted.faa
# Option settings: hmmsearch --domtblout /home/lgef/Documentos/GitHub/Project_doctoral/IMPLEMENTACAO/Genomes/M_flocculare/MFC_ncbi_dataset/ncbi_dataset/data/strains/Ms42/Use/busco_complete/run_mycoplasmatales_odb10/hmmer_output/1683at2085.out --cpu 1 /home/lgef/Documentos/GitHub/Project_doctoral/IMPLEMENTACAO/Genomes/M_flocculare/MFC_ncbi_dataset/ncbi_dataset/data/strains/Ms42/Use/busco_downloads/lineages/mycoplasmatales_odb10/hmms/1683at2085.hmm /home/lgef/Documentos/GitHub/Project_doctoral/IMPLEMENTACAO/Genomes/M_flocculare/MFC_ncbi_dataset/ncbi_dataset/data/strains/Ms42/Use/busco_complete/prodigal_output/predicted_genes/predicted.faa 
# Current dir:     /home/lgef/Documentos/GitHub/Project_doctoral/IMPLEMENTACAO/Genomes/M_flocculare/MFC_ncbi_dataset/ncbi_dataset/data/strains/Ms42/Use
# Date:            Fri Nov 29 12:30:12 2024
# [ok]
