#                                                                                     --- full sequence --- -------------- this domain -------------   hmm coord   ali coord   env coord
# target name                 accession   tlen query name           accession   qlen   E-value  score  bias   #  of  c-Evalue  i-Evalue  score  bias  from    to  from    to  from    to  acc description of target
#         ------------------- ---------- ----- -------------------- ---------- ----- --------- ------ ----- --- --- --------- --------- ------ ----- ----- ----- ----- ----- ----- ----- ---- ---------------------
NZ_CP007585.1:706309-707523|- -            405 1830at2085           -            299   3.9e-99  326.8  28.5   1   3     1e-36     2e-34  114.3  10.9     2   128    10   156     9   159 0.81 NZ_CP007585.1_549 # 706309 # 707523 # -1 # ID=1_549;partial=00;start_type=ATG;rbs_motif=None;rbs_spacer=None;gc_cont=0.270
NZ_CP007585.1:706309-707523|- -            405 1830at2085           -            299   3.9e-99  326.8  28.5   2   3   3.4e-67   6.8e-65  214.4   3.3   111   296   154   345   149   348 0.84 NZ_CP007585.1_549 # 706309 # 707523 # -1 # ID=1_549;partial=00;start_type=ATG;rbs_motif=None;rbs_spacer=None;gc_cont=0.270
NZ_CP007585.1:706309-707523|- -            405 1830at2085           -            299   3.9e-99  326.8  28.5   3   3   0.00013     0.026    8.9   2.3   244   296   347   400   332   402 0.83 NZ_CP007585.1_549 # 706309 # 707523 # -1 # ID=1_549;partial=00;start_type=ATG;rbs_motif=None;rbs_spacer=None;gc_cont=0.270
NZ_CP007585.1:713212-715584|- -            791 1830at2085           -            299   1.5e-07   26.1   0.0   1   1   2.1e-09   4.1e-07   24.7   0.0   191   274   548   633   511   640 0.83 NZ_CP007585.1_555 # 713212 # 715584 # -1 # ID=1_555;partial=00;start_type=ATG;rbs_motif=None;rbs_spacer=None;gc_cont=0.302
NZ_CP007585.1:414380-415924|+ -            515 1830at2085           -            299   7.3e-07   23.8   0.1   1   3    0.0067       1.3    3.3   0.3     2    99     5   110     4   139 0.70 NZ_CP007585.1_292 # 414380 # 415924 # 1 # ID=1_292;partial=00;start_type=ATG;rbs_motif=GGA/GAG/AGG;rbs_spacer=5-10bp;gc_cont=0.274
NZ_CP007585.1:414380-415924|+ -            515 1830at2085           -            299   7.3e-07   23.8   0.1   2   3   3.7e-09   7.3e-07   23.8   0.1   192   258   293   360   282   377 0.82 NZ_CP007585.1_292 # 414380 # 415924 # 1 # ID=1_292;partial=00;start_type=ATG;rbs_motif=GGA/GAG/AGG;rbs_spacer=5-10bp;gc_cont=0.274
NZ_CP007585.1:414380-415924|+ -            515 1830at2085           -            299   7.3e-07   23.8   0.1   3   3      0.14        28   -1.1   0.4   226   270   417   462   398   476 0.68 NZ_CP007585.1_292 # 414380 # 415924 # 1 # ID=1_292;partial=00;start_type=ATG;rbs_motif=GGA/GAG/AGG;rbs_spacer=5-10bp;gc_cont=0.274
#
# Program:         hmmsearch
# Version:         3.1b2 (February 2015)
# Pipeline mode:   SEARCH
# Query file:      /home/lgef/Documentos/GitHub/Project_doctoral/IMPLEMENTACAO/Genomes/M_flocculare/MFC_ncbi_dataset/ncbi_dataset/data/strains/Ms42/Use/busco_downloads/lineages/mycoplasmatales_odb10/hmms/1830at2085.hmm
# Target file:     /home/lgef/Documentos/GitHub/Project_doctoral/IMPLEMENTACAO/Genomes/M_flocculare/MFC_ncbi_dataset/ncbi_dataset/data/strains/Ms42/Use/busco_complete/prodigal_output/predicted_genes/predicted.faa
# Option settings: hmmsearch --domtblout /home/lgef/Documentos/GitHub/Project_doctoral/IMPLEMENTACAO/Genomes/M_flocculare/MFC_ncbi_dataset/ncbi_dataset/data/strains/Ms42/Use/busco_complete/run_mycoplasmatales_odb10/hmmer_output/1830at2085.out --cpu 1 /home/lgef/Documentos/GitHub/Project_doctoral/IMPLEMENTACAO/Genomes/M_flocculare/MFC_ncbi_dataset/ncbi_dataset/data/strains/Ms42/Use/busco_downloads/lineages/mycoplasmatales_odb10/hmms/1830at2085.hmm /home/lgef/Documentos/GitHub/Project_doctoral/IMPLEMENTACAO/Genomes/M_flocculare/MFC_ncbi_dataset/ncbi_dataset/data/strains/Ms42/Use/busco_complete/prodigal_output/predicted_genes/predicted.faa 
# Current dir:     /home/lgef/Documentos/GitHub/Project_doctoral/IMPLEMENTACAO/Genomes/M_flocculare/MFC_ncbi_dataset/ncbi_dataset/data/strains/Ms42/Use
# Date:            Fri Nov 29 10:05:21 2024
# [ok]
