#                                                                                     --- full sequence --- -------------- this domain -------------   hmm coord   ali coord   env coord
# target name                 accession   tlen query name           accession   qlen   E-value  score  bias   #  of  c-Evalue  i-Evalue  score  bias  from    to  from    to  from    to  acc description of target
#         ------------------- ---------- ----- -------------------- ---------- ----- --------- ------ ----- --- --- --------- --------- ------ ----- ----- ----- ----- ----- ----- ----- ---- ---------------------
NZ_CP007585.1:555204-555842|- -            213 3895at2085           -            150   3.1e-46  152.0   4.2   1   1   1.1e-44   1.7e-42  140.0   4.2     1   148     6   188     6   190 0.81 NZ_CP007585.1_424 # 555204 # 555842 # -1 # ID=1_424;partial=00;start_type=ATG;rbs_motif=None;rbs_spacer=None;gc_cont=0.308
NZ_CP007585.1:77935-78618|+   -            228 3895at2085           -            150   3.3e-06   22.1   1.7   1   3   1.1e-07   1.6e-05   19.9   0.0     4    50    10    60     7    68 0.75 NZ_CP007585.1_65 # 77935 # 78618 # 1 # ID=1_65;partial=00;start_type=ATG;rbs_motif=GGA/GAG/AGG;rbs_spacer=11-12bp;gc_cont=0.285
NZ_CP007585.1:77935-78618|+   -            228 3895at2085           -            150   3.3e-06   22.1   1.7   2   3      0.24        35   -0.7   0.0    60    84   108   132    91   145 0.81 NZ_CP007585.1_65 # 77935 # 78618 # 1 # ID=1_65;partial=00;start_type=ATG;rbs_motif=GGA/GAG/AGG;rbs_spacer=11-12bp;gc_cont=0.285
NZ_CP007585.1:77935-78618|+   -            228 3895at2085           -            150   3.3e-06   22.1   1.7   3   3      0.16        24   -0.2   0.1    42    82   167   204   152   225 0.64 NZ_CP007585.1_65 # 77935 # 78618 # 1 # ID=1_65;partial=00;start_type=ATG;rbs_motif=GGA/GAG/AGG;rbs_spacer=11-12bp;gc_cont=0.285
NZ_CP007585.1:497951-498916|- -            322 3895at2085           -            150   0.00041   15.3   0.2   1   2   9.5e-06    0.0014   13.6   0.0     2    37    42    78    41   121 0.67 NZ_CP007585.1_361 # 497951 # 498916 # -1 # ID=1_361;partial=00;start_type=ATG;rbs_motif=None;rbs_spacer=None;gc_cont=0.307
NZ_CP007585.1:497951-498916|- -            322 3895at2085           -            150   0.00041   15.3   0.2   2   2       0.5        75   -1.7   0.1    37    72   176   213   164   236 0.64 NZ_CP007585.1_361 # 497951 # 498916 # -1 # ID=1_361;partial=00;start_type=ATG;rbs_motif=None;rbs_spacer=None;gc_cont=0.307
NZ_CP007585.1:539320-539901|- -            194 3895at2085           -            150   0.00053   15.0   0.2   1   2   3.5e-06   0.00053   15.0   0.2     2    61     5    63     3    99 0.66 NZ_CP007585.1_403 # 539320 # 539901 # -1 # ID=1_403;partial=00;start_type=ATG;rbs_motif=GGA/GAG/AGG;rbs_spacer=5-10bp;gc_cont=0.261
NZ_CP007585.1:539320-539901|- -            194 3895at2085           -            150   0.00053   15.0   0.2   2   2      0.16        24   -0.1   0.4    40    69   149   178   132   190 0.52 NZ_CP007585.1_403 # 539320 # 539901 # -1 # ID=1_403;partial=00;start_type=ATG;rbs_motif=GGA/GAG/AGG;rbs_spacer=5-10bp;gc_cont=0.261
#
# Program:         hmmsearch
# Version:         3.1b2 (February 2015)
# Pipeline mode:   SEARCH
# Query file:      /home/lgef/Documentos/GitHub/Project_doctoral/IMPLEMENTACAO/Genomes/M_flocculare/MFC_ncbi_dataset/ncbi_dataset/data/strains/Ms42/Use/busco_downloads/lineages/mycoplasmatales_odb10/hmms/3895at2085.hmm
# Target file:     /home/lgef/Documentos/GitHub/Project_doctoral/IMPLEMENTACAO/Genomes/M_flocculare/MFC_ncbi_dataset/ncbi_dataset/data/strains/Ms42/Use/busco_complete/prodigal_output/predicted_genes/predicted.faa
# Option settings: hmmsearch --domtblout /home/lgef/Documentos/GitHub/Project_doctoral/IMPLEMENTACAO/Genomes/M_flocculare/MFC_ncbi_dataset/ncbi_dataset/data/strains/Ms42/Use/busco_complete/run_mycoplasmatales_odb10/hmmer_output/3895at2085.out --cpu 1 /home/lgef/Documentos/GitHub/Project_doctoral/IMPLEMENTACAO/Genomes/M_flocculare/MFC_ncbi_dataset/ncbi_dataset/data/strains/Ms42/Use/busco_downloads/lineages/mycoplasmatales_odb10/hmms/3895at2085.hmm /home/lgef/Documentos/GitHub/Project_doctoral/IMPLEMENTACAO/Genomes/M_flocculare/MFC_ncbi_dataset/ncbi_dataset/data/strains/Ms42/Use/busco_complete/prodigal_output/predicted_genes/predicted.faa 
# Current dir:     /home/lgef/Documentos/GitHub/Project_doctoral/IMPLEMENTACAO/Genomes/M_flocculare/MFC_ncbi_dataset/ncbi_dataset/data/strains/Ms42/Use
# Date:            Fri Nov 29 12:30:13 2024
# [ok]
