#                                                                                     --- full sequence --- -------------- this domain -------------   hmm coord   ali coord   env coord
# target name                 accession   tlen query name           accession   qlen   E-value  score  bias   #  of  c-Evalue  i-Evalue  score  bias  from    to  from    to  from    to  acc description of target
#         ------------------- ---------- ----- -------------------- ---------- ----- --------- ------ ----- --- --- --------- --------- ------ ----- ----- ----- ----- ----- ----- ----- ---- ---------------------
NZ_CP098237.1:349451-350512|- -            354 1683at2085           -            284   1.2e-87  289.2  11.8   1   3   2.1e-71   2.6e-69  229.1   2.2     1   163     1   169     1   179 0.94 NZ_CP098237.1_307 # 349451 # 350512 # -1 # ID=1_307;partial=00;start_type=ATG;rbs_motif=None;rbs_spacer=None;gc_cont=0.296
NZ_CP098237.1:349451-350512|- -            354 1683at2085           -            284   1.2e-87  289.2  11.8   2   3   7.9e-08   9.7e-06   20.5   0.2   155   187   182   214   167   220 0.81 NZ_CP098237.1_307 # 349451 # 350512 # -1 # ID=1_307;partial=00;start_type=ATG;rbs_motif=None;rbs_spacer=None;gc_cont=0.296
NZ_CP098237.1:349451-350512|- -            354 1683at2085           -            284   1.2e-87  289.2  11.8   3   3     3e-15   3.7e-13   44.9   0.3   185   247   238   320   222   331 0.72 NZ_CP098237.1_307 # 349451 # 350512 # -1 # ID=1_307;partial=00;start_type=ATG;rbs_motif=None;rbs_spacer=None;gc_cont=0.296
NZ_CP098237.1:53657-54916|+   -            420 1683at2085           -            284   6.3e-17   57.2   4.1   1   1     7e-18   8.5e-16   53.5   3.0     4   132   158   273   155   311 0.85 NZ_CP098237.1_46 # 53657 # 54916 # 1 # ID=1_46;partial=00;start_type=ATG;rbs_motif=AGGA;rbs_spacer=5-10bp;gc_cont=0.307
NZ_CP098237.1:91076-92377|+   -            434 1683at2085           -            284   1.9e-06   22.8   5.3   1   4     2e-05    0.0024   12.7   0.1     2    25     2    25     1    37 0.85 NZ_CP098237.1_78 # 91076 # 92377 # 1 # ID=1_78;partial=00;start_type=ATG;rbs_motif=3Base/5BMM;rbs_spacer=13-15bp;gc_cont=0.293
NZ_CP098237.1:91076-92377|+   -            434 1683at2085           -            284   1.9e-06   22.8   5.3   2   4       1.4   1.7e+02   -3.2   0.0   171   181   108   118    89   131 0.70 NZ_CP098237.1_78 # 91076 # 92377 # 1 # ID=1_78;partial=00;start_type=ATG;rbs_motif=3Base/5BMM;rbs_spacer=13-15bp;gc_cont=0.293
NZ_CP098237.1:91076-92377|+   -            434 1683at2085           -            284   1.9e-06   22.8   5.3   3   4    0.0004     0.049    8.4   0.0     3    22   171   190   169   253 0.82 NZ_CP098237.1_78 # 91076 # 92377 # 1 # ID=1_78;partial=00;start_type=ATG;rbs_motif=3Base/5BMM;rbs_spacer=13-15bp;gc_cont=0.293
NZ_CP098237.1:91076-92377|+   -            434 1683at2085           -            284   1.9e-06   22.8   5.3   4   4     0.041         5    1.8   0.1    27    80   273   329   269   358 0.70 NZ_CP098237.1_78 # 91076 # 92377 # 1 # ID=1_78;partial=00;start_type=ATG;rbs_motif=3Base/5BMM;rbs_spacer=13-15bp;gc_cont=0.293
NZ_CP098237.1:237903-239231|- -            443 1683at2085           -            284   3.5e-06   22.0   2.4   1   1   1.4e-06   0.00017   16.4   2.2     3   104   217   308   215   366 0.82 NZ_CP098237.1_221 # 237903 # 239231 # -1 # ID=1_221;partial=00;start_type=TTG;rbs_motif=AGGAG;rbs_spacer=5-10bp;gc_cont=0.315
NZ_CP098237.1:170172-171053|+ -            294 1683at2085           -            284   1.6e-05   19.8   0.1   1   1   2.9e-07   3.6e-05   18.7   0.1     5    26     9    30     6    55 0.85 NZ_CP098237.1_157 # 170172 # 171053 # 1 # ID=1_157;partial=00;start_type=ATG;rbs_motif=None;rbs_spacer=None;gc_cont=0.294
NZ_CP098237.1:110962-111753|+ -            264 1683at2085           -            284   5.5e-05   18.0   0.0   1   3      0.15        19   -0.1   1.0    79   150    29   103     8   107 0.62 NZ_CP098237.1_95 # 110962 # 111753 # 1 # ID=1_95;partial=00;start_type=ATG;rbs_motif=GGA/GAG/AGG;rbs_spacer=3-4bp;gc_cont=0.264
NZ_CP098237.1:110962-111753|+ -            264 1683at2085           -            284   5.5e-05   18.0   0.0   2   3   4.5e-07   5.5e-05   18.0   0.0     2    27   110   135   109   156 0.85 NZ_CP098237.1_95 # 110962 # 111753 # 1 # ID=1_95;partial=00;start_type=ATG;rbs_motif=GGA/GAG/AGG;rbs_spacer=3-4bp;gc_cont=0.264
NZ_CP098237.1:110962-111753|+ -            264 1683at2085           -            284   5.5e-05   18.0   0.0   3   3      0.53        65   -1.9   0.1    17    53   192   230   174   243 0.49 NZ_CP098237.1_95 # 110962 # 111753 # 1 # ID=1_95;partial=00;start_type=ATG;rbs_motif=GGA/GAG/AGG;rbs_spacer=3-4bp;gc_cont=0.264
#
# Program:         hmmsearch
# Version:         3.4 (Aug 2023)
# Pipeline mode:   SEARCH
# Query file:      /home/bryan/Documentos/GitHub/Project_doctoral/IMPLEMENTACAO/Genomes/M_hyopneumoniae/strains/154B/Use/busco_downloads/lineages/mycoplasmatales_odb10/hmms/1683at2085.hmm
# Target file:     /home/bryan/Documentos/GitHub/Project_doctoral/IMPLEMENTACAO/Genomes/M_hyopneumoniae/strains/154B/Use/busco_complete/prodigal_output/predicted_genes/predicted.faa
# Option settings: hmmsearch --domtblout /home/bryan/Documentos/GitHub/Project_doctoral/IMPLEMENTACAO/Genomes/M_hyopneumoniae/strains/154B/Use/busco_complete/run_mycoplasmatales_odb10/hmmer_output/1683at2085.out --cpu 1 /home/bryan/Documentos/GitHub/Project_doctoral/IMPLEMENTACAO/Genomes/M_hyopneumoniae/strains/154B/Use/busco_downloads/lineages/mycoplasmatales_odb10/hmms/1683at2085.hmm /home/bryan/Documentos/GitHub/Project_doctoral/IMPLEMENTACAO/Genomes/M_hyopneumoniae/strains/154B/Use/busco_complete/prodigal_output/predicted_genes/predicted.faa 
# Current dir:     /home/bryan/Documentos/GitHub/Project_doctoral/IMPLEMENTACAO/Genomes/M_hyopneumoniae/strains/154B/Use
# Date:            Sun Dec  1 19:00:43 2024
# [ok]
