#                                                                                     --- full sequence --- -------------- this domain -------------   hmm coord   ali coord   env coord
# target name                 accession   tlen query name           accession   qlen   E-value  score  bias   #  of  c-Evalue  i-Evalue  score  bias  from    to  from    to  from    to  acc description of target
#         ------------------- ---------- ----- -------------------- ---------- ----- --------- ------ ----- --- --- --------- --------- ------ ----- ----- ----- ----- ----- ----- ----- ---- ---------------------
NZ_CP098237.1:911668-914136|+ -            823 534at2085            -            678  9.1e-263  868.9  53.4   1   2  4.1e-255  7.6e-253  836.1  45.3    14   657    28   750     1   767 0.85 NZ_CP098237.1_731 # 911668 # 914136 # 1 # ID=1_731;partial=00;start_type=ATG;rbs_motif=AGGA;rbs_spacer=5-10bp;gc_cont=0.299
NZ_CP098237.1:911668-914136|+ -            823 534at2085            -            678  9.1e-263  868.9  53.4   2   2   2.6e-11   4.9e-09   30.4   3.7   628   678   769   819   744   819 0.85 NZ_CP098237.1_731 # 911668 # 914136 # 1 # ID=1_731;partial=00;start_type=ATG;rbs_motif=AGGA;rbs_spacer=5-10bp;gc_cont=0.299
NZ_CP098237.1:37318-39978|-   -            887 534at2085            -            678   1.1e-67  224.3  26.1   1   3   4.6e-26   8.4e-24   79.2   0.3     7   209    40   248    34   278 0.82 NZ_CP098237.1_36 # 37318 # 39978 # -1 # ID=1_36;partial=00;start_type=ATG;rbs_motif=AGGA;rbs_spacer=5-10bp;gc_cont=0.307
NZ_CP098237.1:37318-39978|-   -            887 534at2085            -            678   1.1e-67  224.3  26.1   2   3   1.3e-20   2.3e-18   61.2   0.3   217   383   293   469   288   483 0.80 NZ_CP098237.1_36 # 37318 # 39978 # -1 # ID=1_36;partial=00;start_type=ATG;rbs_motif=AGGA;rbs_spacer=5-10bp;gc_cont=0.307
NZ_CP098237.1:37318-39978|-   -            887 534at2085            -            678   1.1e-67  224.3  26.1   3   3   1.1e-29   1.9e-27   91.2  14.4   371   637   489   758   473   798 0.75 NZ_CP098237.1_36 # 37318 # 39978 # -1 # ID=1_36;partial=00;start_type=ATG;rbs_motif=AGGA;rbs_spacer=5-10bp;gc_cont=0.307
NZ_CP098237.1:868304-870676|- -            791 534at2085            -            678   2.5e-38  127.2  18.9   1   6   3.4e-13   6.3e-11   36.6   0.0    14   169    26   171    13   175 0.79 NZ_CP098237.1_704 # 868304 # 870676 # -1 # ID=1_704;partial=00;start_type=ATG;rbs_motif=GGA/GAG/AGG;rbs_spacer=5-10bp;gc_cont=0.306
NZ_CP098237.1:868304-870676|- -            791 534at2085            -            678   2.5e-38  127.2  18.9   2   6   7.9e-06    0.0015   12.3   0.2   308   365   177   233   170   238 0.89 NZ_CP098237.1_704 # 868304 # 870676 # -1 # ID=1_704;partial=00;start_type=ATG;rbs_motif=GGA/GAG/AGG;rbs_spacer=5-10bp;gc_cont=0.306
NZ_CP098237.1:868304-870676|- -            791 534at2085            -            678   2.5e-38  127.2  18.9   3   6     0.014       2.6    1.6   0.0   176   210   231   266   226   287 0.77 NZ_CP098237.1_704 # 868304 # 870676 # -1 # ID=1_704;partial=00;start_type=ATG;rbs_motif=GGA/GAG/AGG;rbs_spacer=5-10bp;gc_cont=0.306
NZ_CP098237.1:868304-870676|- -            791 534at2085            -            678   2.5e-38  127.2  18.9   4   6   9.3e-09   1.7e-06   22.0   0.1   216   300   302   391   295   397 0.86 NZ_CP098237.1_704 # 868304 # 870676 # -1 # ID=1_704;partial=00;start_type=ATG;rbs_motif=GGA/GAG/AGG;rbs_spacer=5-10bp;gc_cont=0.306
NZ_CP098237.1:868304-870676|- -            791 534at2085            -            678   2.5e-38  127.2  18.9   5   6   1.8e-05    0.0034   11.1   0.0   359   388   398   427   393   440 0.84 NZ_CP098237.1_704 # 868304 # 870676 # -1 # ID=1_704;partial=00;start_type=ATG;rbs_motif=GGA/GAG/AGG;rbs_spacer=5-10bp;gc_cont=0.306
NZ_CP098237.1:868304-870676|- -            791 534at2085            -            678   2.5e-38  127.2  18.9   6   6   1.8e-17   3.3e-15   50.8   4.8   437   595   530   704   501   775 0.75 NZ_CP098237.1_704 # 868304 # 870676 # -1 # ID=1_704;partial=00;start_type=ATG;rbs_motif=GGA/GAG/AGG;rbs_spacer=5-10bp;gc_cont=0.306
NZ_CP098237.1:531683-533224|+ -            514 534at2085            -            678   1.7e-12   41.8  22.6   1   2   6.6e-10   1.2e-07   25.8   2.1    29   155    14   128     2   145 0.78 NZ_CP098237.1_463 # 531683 # 533224 # 1 # ID=1_463;partial=00;start_type=ATG;rbs_motif=GGA/GAG/AGG;rbs_spacer=5-10bp;gc_cont=0.272
NZ_CP098237.1:531683-533224|+ -            514 534at2085            -            678   1.7e-12   41.8  22.6   2   2   3.3e-08     6e-06   20.2  12.9   312   561   151   392   128   456 0.67 NZ_CP098237.1_463 # 531683 # 533224 # 1 # ID=1_463;partial=00;start_type=ATG;rbs_motif=GGA/GAG/AGG;rbs_spacer=5-10bp;gc_cont=0.272
#
# Program:         hmmsearch
# Version:         3.4 (Aug 2023)
# Pipeline mode:   SEARCH
# Query file:      /home/bryan/Documentos/GitHub/Project_doctoral/IMPLEMENTACAO/Genomes/M_hyopneumoniae/strains/154B/Use/busco_downloads/lineages/mycoplasmatales_odb10/hmms/534at2085.hmm
# Target file:     /home/bryan/Documentos/GitHub/Project_doctoral/IMPLEMENTACAO/Genomes/M_hyopneumoniae/strains/154B/Use/busco_complete/prodigal_output/predicted_genes/predicted.faa
# Option settings: hmmsearch --domtblout /home/bryan/Documentos/GitHub/Project_doctoral/IMPLEMENTACAO/Genomes/M_hyopneumoniae/strains/154B/Use/busco_complete/run_mycoplasmatales_odb10/hmmer_output/534at2085.out --cpu 1 /home/bryan/Documentos/GitHub/Project_doctoral/IMPLEMENTACAO/Genomes/M_hyopneumoniae/strains/154B/Use/busco_downloads/lineages/mycoplasmatales_odb10/hmms/534at2085.hmm /home/bryan/Documentos/GitHub/Project_doctoral/IMPLEMENTACAO/Genomes/M_hyopneumoniae/strains/154B/Use/busco_complete/prodigal_output/predicted_genes/predicted.faa 
# Current dir:     /home/bryan/Documentos/GitHub/Project_doctoral/IMPLEMENTACAO/Genomes/M_hyopneumoniae/strains/154B/Use
# Date:            Sun Dec  1 19:00:48 2024
# [ok]
