#                                                                                       --- full sequence --- -------------- this domain -------------   hmm coord   ali coord   env coord
# target name                   accession   tlen query name           accession   qlen   E-value  score  bias   #  of  c-Evalue  i-Evalue  score  bias  from    to  from    to  from    to  acc description of target
#           ------------------- ---------- ----- -------------------- ---------- ----- --------- ------ ----- --- --- --------- --------- ------ ----- ----- ----- ----- ----- ----- ----- ---- ---------------------
NZ_QQRB01000005.1:6330-7664|+   -            445 1064at2085           -            350  4.1e-149  491.7  18.8   1   2   9.7e-57     2e-55  183.6   0.3     1   127    10   136    10   144 0.91 NZ_QQRB01000005.1_5 # 6330 # 7664 # 1 # ID=54_5;partial=00;start_type=ATG;rbs_motif=GGA/GAG/AGG;rbs_spacer=11-12bp;gc_cont=0.304
NZ_QQRB01000005.1:6330-7664|+   -            445 1064at2085           -            350  4.1e-149  491.7  18.8   2   2   2.9e-95     6e-94  310.3  13.3   100   349   147   441   139   442 0.82 NZ_QQRB01000005.1_5 # 6330 # 7664 # 1 # ID=54_5;partial=00;start_type=ATG;rbs_motif=GGA/GAG/AGG;rbs_spacer=11-12bp;gc_cont=0.304
NZ_QQRB01000002.1:44616-46793|+ -            726 1064at2085           -            350   6.4e-79  260.9   7.9   1   3   1.5e-35   3.2e-34  113.8   0.2     2   123    39   161    38   225 0.76 NZ_QQRB01000002.1_33 # 44616 # 46793 # 1 # ID=22_33;partial=00;start_type=ATG;rbs_motif=GGA/GAG/AGG;rbs_spacer=5-10bp;gc_cont=0.306
NZ_QQRB01000002.1:44616-46793|+ -            726 1064at2085           -            350   6.4e-79  260.9   7.9   2   3       5.7   1.2e+02   -3.1   1.2    96   130   266   293   256   345 0.52 NZ_QQRB01000002.1_33 # 44616 # 46793 # 1 # ID=22_33;partial=00;start_type=ATG;rbs_motif=GGA/GAG/AGG;rbs_spacer=5-10bp;gc_cont=0.306
NZ_QQRB01000002.1:44616-46793|+ -            726 1064at2085           -            350   6.4e-79  260.9   7.9   3   3   3.6e-49   7.5e-48  158.7   2.6   104   289   435   621   422   635 0.85 NZ_QQRB01000002.1_33 # 44616 # 46793 # 1 # ID=22_33;partial=00;start_type=ATG;rbs_motif=GGA/GAG/AGG;rbs_spacer=5-10bp;gc_cont=0.306
NZ_QQRB01000014.1:4683-6212|-   -            510 1064at2085           -            350   8.1e-50  165.2  10.4   1   4   1.9e-15   3.9e-14   47.8   0.2     2    99    11   116    10   121 0.89 NZ_QQRB01000014.1_5 # 4683 # 6212 # -1 # ID=5_5;partial=00;start_type=TTG;rbs_motif=GGAGG;rbs_spacer=5-10bp;gc_cont=0.322
NZ_QQRB01000014.1:4683-6212|-   -            510 1064at2085           -            350   8.1e-50  165.2  10.4   2   4   2.6e-15   5.4e-14   47.3   0.4   153   256   127   229   116   251 0.92 NZ_QQRB01000014.1_5 # 4683 # 6212 # -1 # ID=5_5;partial=00;start_type=TTG;rbs_motif=GGAGG;rbs_spacer=5-10bp;gc_cont=0.322
NZ_QQRB01000014.1:4683-6212|-   -            510 1064at2085           -            350   8.1e-50  165.2  10.4   3   4   0.00048      0.01   10.3   0.0    16    67   280   331   273   343 0.90 NZ_QQRB01000014.1_5 # 4683 # 6212 # -1 # ID=5_5;partial=00;start_type=TTG;rbs_motif=GGAGG;rbs_spacer=5-10bp;gc_cont=0.322
NZ_QQRB01000014.1:4683-6212|-   -            510 1064at2085           -            350   8.1e-50  165.2  10.4   4   4   1.9e-20   3.9e-19   64.3   0.2   150   259   381   490   374   502 0.90 NZ_QQRB01000014.1_5 # 4683 # 6212 # -1 # ID=5_5;partial=00;start_type=TTG;rbs_motif=GGAGG;rbs_spacer=5-10bp;gc_cont=0.322
NZ_QQRB01000007.1:34393-35931|+ -            513 1064at2085           -            350   8.1e-49  161.9  17.2   1   4   2.3e-12   4.8e-11   37.6   0.1     1    97     6   107     6   117 0.84 NZ_QQRB01000007.1_19 # 34393 # 35931 # 1 # ID=72_19;partial=00;start_type=TTG;rbs_motif=AGGA;rbs_spacer=5-10bp;gc_cont=0.318
NZ_QQRB01000007.1:34393-35931|+ -            513 1064at2085           -            350   8.1e-49  161.9  17.2   2   4   4.3e-20     9e-19   63.1   0.7   150   272   116   237   109   247 0.92 NZ_QQRB01000007.1_19 # 34393 # 35931 # 1 # ID=72_19;partial=00;start_type=TTG;rbs_motif=AGGA;rbs_spacer=5-10bp;gc_cont=0.318
NZ_QQRB01000007.1:34393-35931|+ -            513 1064at2085           -            350   8.1e-49  161.9  17.2   3   4   5.4e-08   1.1e-06   23.2   0.2    12    73   278   341   264   369 0.81 NZ_QQRB01000007.1_19 # 34393 # 35931 # 1 # ID=72_19;partial=00;start_type=TTG;rbs_motif=AGGA;rbs_spacer=5-10bp;gc_cont=0.318
NZ_QQRB01000007.1:34393-35931|+ -            513 1064at2085           -            350   8.1e-49  161.9  17.2   4   4   2.3e-15   4.8e-14   47.5   1.7   159   262   391   495   376   502 0.86 NZ_QQRB01000007.1_19 # 34393 # 35931 # 1 # ID=72_19;partial=00;start_type=TTG;rbs_motif=AGGA;rbs_spacer=5-10bp;gc_cont=0.318
NZ_QQRB01000002.1:61386-62546|+ -            387 1064at2085           -            350   2.4e-48  160.3  13.8   1   1   2.4e-49   5.1e-48  159.2  13.8     2   303     8   319     7   360 0.77 NZ_QQRB01000002.1_43 # 61386 # 62546 # 1 # ID=22_43;partial=00;start_type=ATG;rbs_motif=3Base/5BMM;rbs_spacer=13-15bp;gc_cont=0.256
NZ_QQRB01000022.1:12656-13552|+ -            299 1064at2085           -            350   1.6e-35  118.2   4.1   1   2   7.3e-21   1.5e-19   65.6   0.8     1   107    60   176    60   195 0.79 NZ_QQRB01000022.1_9 # 12656 # 13552 # 1 # ID=14_9;partial=00;start_type=GTG;rbs_motif=AGGAG;rbs_spacer=5-10bp;gc_cont=0.355
NZ_QQRB01000022.1:12656-13552|+ -            299 1064at2085           -            350   1.6e-35  118.2   4.1   2   2   1.5e-17   3.1e-16   54.7   0.2   159   258   179   277   175   285 0.90 NZ_QQRB01000022.1_9 # 12656 # 13552 # 1 # ID=14_9;partial=00;start_type=GTG;rbs_motif=AGGAG;rbs_spacer=5-10bp;gc_cont=0.355
NZ_QQRB01000011.1:19395-20726|+ -            444 1064at2085           -            350   3.6e-35  117.0   3.1   1   2   1.3e-10   2.7e-09   31.9   0.2     3   104    45   161    43   199 0.74 NZ_QQRB01000011.1_17 # 19395 # 20726 # 1 # ID=2_17;partial=00;start_type=ATG;rbs_motif=GGAG/GAGG;rbs_spacer=5-10bp;gc_cont=0.294
NZ_QQRB01000011.1:19395-20726|+ -            444 1064at2085           -            350   3.6e-35  117.0   3.1   2   2   5.8e-27   1.2e-25   85.7   0.2   140   267   242   369   200   375 0.86 NZ_QQRB01000011.1_17 # 19395 # 20726 # 1 # ID=2_17;partial=00;start_type=ATG;rbs_motif=GGAG/GAGG;rbs_spacer=5-10bp;gc_cont=0.294
NZ_QQRB01000008.1:3464-4282|-   -            273 1064at2085           -            350     1e-33  112.2   7.7   1   2     1e-14   2.1e-13   45.4   1.9     2   104     2   110     1   117 0.83 NZ_QQRB01000008.1_4 # 3464 # 4282 # -1 # ID=73_4;partial=00;start_type=ATG;rbs_motif=GGA/GAG/AGG;rbs_spacer=5-10bp;gc_cont=0.303
NZ_QQRB01000008.1:3464-4282|-   -            273 1064at2085           -            350     1e-33  112.2   7.7   2   2   1.4e-22     3e-21   71.2   0.8   153   271   112   229   106   245 0.94 NZ_QQRB01000008.1_4 # 3464 # 4282 # -1 # ID=73_4;partial=00;start_type=ATG;rbs_motif=GGA/GAG/AGG;rbs_spacer=5-10bp;gc_cont=0.303
NZ_QQRB01000012.1:21928-23880|+ -            651 1064at2085           -            350   1.1e-32  108.8  11.5   1   2   2.5e-18   5.3e-17   57.2   4.7     1    95     1    93     1   102 0.93 NZ_QQRB01000012.1_16 # 21928 # 23880 # 1 # ID=3_16;partial=00;start_type=ATG;rbs_motif=GGA/GAG/AGG;rbs_spacer=5-10bp;gc_cont=0.243
NZ_QQRB01000012.1:21928-23880|+ -            651 1064at2085           -            350   1.1e-32  108.8  11.5   2   2   1.2e-17   2.5e-16   55.0   0.7   146   260    99   208    93   243 0.80 NZ_QQRB01000012.1_16 # 21928 # 23880 # 1 # ID=3_16;partial=00;start_type=ATG;rbs_motif=GGA/GAG/AGG;rbs_spacer=5-10bp;gc_cont=0.243
NZ_QQRB01000008.1:2589-3491|-   -            301 1064at2085           -            350   3.2e-32  107.3   2.4   1   2   1.5e-11   3.2e-10   34.9   2.1     2   106     3   132     2   138 0.65 NZ_QQRB01000008.1_3 # 2589 # 3491 # -1 # ID=73_3;partial=00;start_type=ATG;rbs_motif=GGA/GAG/AGG;rbs_spacer=5-10bp;gc_cont=0.307
NZ_QQRB01000008.1:2589-3491|-   -            301 1064at2085           -            350   3.2e-32  107.3   2.4   2   2     1e-21   2.2e-20   68.4   0.0   152   282   131   261   125   294 0.86 NZ_QQRB01000008.1_3 # 2589 # 3491 # -1 # ID=73_3;partial=00;start_type=ATG;rbs_motif=GGA/GAG/AGG;rbs_spacer=5-10bp;gc_cont=0.307
NZ_QQRB01000002.1:4038-6425|-   -            796 1064at2085           -            350   4.3e-32  106.9   9.5   1   2   5.6e-19   1.2e-17   59.4   2.9     1   114     1   111     1   124 0.84 NZ_QQRB01000002.1_5 # 4038 # 6425 # -1 # ID=22_5;partial=00;start_type=ATG;rbs_motif=None;rbs_spacer=None;gc_cont=0.248
NZ_QQRB01000002.1:4038-6425|-   -            796 1064at2085           -            350   4.3e-32  106.9   9.5   2   2   9.8e-17   2.1e-15   52.0   1.3   157   266   105   213   100   221 0.88 NZ_QQRB01000002.1_5 # 4038 # 6425 # -1 # ID=22_5;partial=00;start_type=ATG;rbs_motif=None;rbs_spacer=None;gc_cont=0.248
NZ_QQRB01000017.1:3583-6087|+   -            835 1064at2085           -            350   1.4e-31  105.2  10.2   1   3   3.6e-17   7.6e-16   53.4   0.9     1    91     1    88     1    93 0.91 NZ_QQRB01000017.1_6 # 3583 # 6087 # 1 # ID=8_6;partial=00;start_type=ATG;rbs_motif=None;rbs_spacer=None;gc_cont=0.290
NZ_QQRB01000017.1:3583-6087|+   -            835 1064at2085           -            350   1.4e-31  105.2  10.2   2   3   0.00021    0.0044   11.5   0.4    76   125   132   184   124   186 0.74 NZ_QQRB01000017.1_6 # 3583 # 6087 # 1 # ID=8_6;partial=00;start_type=ATG;rbs_motif=None;rbs_spacer=None;gc_cont=0.290
NZ_QQRB01000017.1:3583-6087|+   -            835 1064at2085           -            350   1.4e-31  105.2  10.2   3   3   5.2e-15   1.1e-13   46.3   0.4   171   258   179   264   167   277 0.91 NZ_QQRB01000017.1_6 # 3583 # 6087 # 1 # ID=8_6;partial=00;start_type=ATG;rbs_motif=None;rbs_spacer=None;gc_cont=0.290
NZ_QQRB01000007.1:14787-17111|- -            775 1064at2085           -            350   1.6e-30  101.7   9.1   1   3   2.3e-09   4.9e-08   27.7   2.2     8   102    15   114     5   159 0.78 NZ_QQRB01000007.1_6 # 14787 # 17111 # -1 # ID=72_6;partial=00;start_type=ATG;rbs_motif=None;rbs_spacer=None;gc_cont=0.276
NZ_QQRB01000007.1:14787-17111|- -            775 1064at2085           -            350   1.6e-30  101.7   9.1   2   3         2        43   -1.7   2.1    69   159   311   403   300   424 0.58 NZ_QQRB01000007.1_6 # 14787 # 17111 # -1 # ID=72_6;partial=00;start_type=ATG;rbs_motif=None;rbs_spacer=None;gc_cont=0.276
NZ_QQRB01000007.1:14787-17111|- -            775 1064at2085           -            350   1.6e-30  101.7   9.1   3   3   2.4e-27   5.1e-26   86.9   0.6   145   271   582   709   522   720 0.80 NZ_QQRB01000007.1_6 # 14787 # 17111 # -1 # ID=72_6;partial=00;start_type=ATG;rbs_motif=None;rbs_spacer=None;gc_cont=0.276
NZ_QQRB01000012.1:2981-4933|-   -            651 1064at2085           -            350   2.1e-30  101.3   8.4   1   2     5e-19   1.1e-17   59.5   5.5     1   124     1   125     1   127 0.86 NZ_QQRB01000012.1_4 # 2981 # 4933 # -1 # ID=3_4;partial=00;start_type=ATG;rbs_motif=GGA/GAG/AGG;rbs_spacer=5-10bp;gc_cont=0.250
NZ_QQRB01000012.1:2981-4933|-   -            651 1064at2085           -            350   2.1e-30  101.3   8.4   2   2     2e-14   4.1e-13   44.4   0.1   171   259   121   207   112   222 0.89 NZ_QQRB01000012.1_4 # 2981 # 4933 # -1 # ID=3_4;partial=00;start_type=ATG;rbs_motif=GGA/GAG/AGG;rbs_spacer=5-10bp;gc_cont=0.250
NZ_QQRB01000017.1:9456-11783|+  -            776 1064at2085           -            350   9.2e-30   99.2   9.9   1   2   2.1e-19   4.3e-18   60.8   5.8     2   127     2   127     1   128 0.84 NZ_QQRB01000017.1_9 # 9456 # 11783 # 1 # ID=8_9;partial=00;start_type=ATG;rbs_motif=None;rbs_spacer=None;gc_cont=0.263
NZ_QQRB01000017.1:9456-11783|+  -            776 1064at2085           -            350   9.2e-30   99.2   9.9   2   2   6.7e-14   1.4e-12   42.7   0.7   165   258   113   205    97   229 0.82 NZ_QQRB01000017.1_9 # 9456 # 11783 # 1 # ID=8_9;partial=00;start_type=ATG;rbs_motif=None;rbs_spacer=None;gc_cont=0.263
NZ_QQRB01000017.1:14299-16752|+ -            818 1064at2085           -            350   4.9e-29   96.8   9.4   1   3   1.2e-18   2.5e-17   58.3   5.4     1   111     1   108     1   124 0.84 NZ_QQRB01000017.1_11 # 14299 # 16752 # 1 # ID=8_11;partial=00;start_type=ATG;rbs_motif=None;rbs_spacer=None;gc_cont=0.280
NZ_QQRB01000017.1:14299-16752|+ -            818 1064at2085           -            350   4.9e-29   96.8   9.4   2   3   1.5e-09   3.2e-08   28.4   0.0   170   224   119   173   100   178 0.84 NZ_QQRB01000017.1_11 # 14299 # 16752 # 1 # ID=8_11;partial=00;start_type=ATG;rbs_motif=None;rbs_spacer=None;gc_cont=0.280
NZ_QQRB01000017.1:14299-16752|+ -            818 1064at2085           -            350   4.9e-29   96.8   9.4   3   3   0.00038    0.0081   10.6   0.1   200   258   208   264   204   284 0.88 NZ_QQRB01000017.1_11 # 14299 # 16752 # 1 # ID=8_11;partial=00;start_type=ATG;rbs_motif=None;rbs_spacer=None;gc_cont=0.280
NZ_QQRB01000007.1:17111-18163|- -            351 1064at2085           -            350   1.2e-28   95.5   0.7   1   2     8e-08   1.7e-06   22.7   0.2    11    72    26    88     9    94 0.78 NZ_QQRB01000007.1_7 # 17111 # 18163 # -1 # ID=72_7;partial=00;start_type=ATG;rbs_motif=GGxGG;rbs_spacer=5-10bp;gc_cont=0.327
NZ_QQRB01000007.1:17111-18163|- -            351 1064at2085           -            350   1.2e-28   95.5   0.7   2   2   1.3e-22   2.7e-21   71.3   0.0   153   271   133   254   121   263 0.89 NZ_QQRB01000007.1_7 # 17111 # 18163 # -1 # ID=72_7;partial=00;start_type=ATG;rbs_motif=GGxGG;rbs_spacer=5-10bp;gc_cont=0.327
NZ_QQRB01000011.1:12629-14245|- -            539 1064at2085           -            350   1.4e-27   92.1   4.6   1   5   2.5e-13   5.3e-12   40.8   0.8     1    64     1    64     1   104 0.82 NZ_QQRB01000011.1_12 # 12629 # 14245 # -1 # ID=2_12;partial=00;start_type=ATG;rbs_motif=AGGA;rbs_spacer=5-10bp;gc_cont=0.330
NZ_QQRB01000011.1:12629-14245|- -            539 1064at2085           -            350   1.4e-27   92.1   4.6   2   5       1.6        33   -1.3   0.0   248   273    83   109    62   116 0.75 NZ_QQRB01000011.1_12 # 12629 # 14245 # -1 # ID=2_12;partial=00;start_type=ATG;rbs_motif=AGGA;rbs_spacer=5-10bp;gc_cont=0.330
NZ_QQRB01000011.1:12629-14245|- -            539 1064at2085           -            350   1.4e-27   92.1   4.6   3   5     2e-09   4.3e-08   27.9   0.0   171   261   148   234   130   281 0.84 NZ_QQRB01000011.1_12 # 12629 # 14245 # -1 # ID=2_12;partial=00;start_type=ATG;rbs_motif=AGGA;rbs_spacer=5-10bp;gc_cont=0.330
NZ_QQRB01000011.1:12629-14245|- -            539 1064at2085           -            350   1.4e-27   92.1   4.6   4   5     0.011      0.23    5.8   0.0    14    60   334   380   321   395 0.87 NZ_QQRB01000011.1_12 # 12629 # 14245 # -1 # ID=2_12;partial=00;start_type=ATG;rbs_motif=AGGA;rbs_spacer=5-10bp;gc_cont=0.330
NZ_QQRB01000011.1:12629-14245|- -            539 1064at2085           -            350   1.4e-27   92.1   4.6   5   5   1.6e-05   0.00033   15.1   0.0   174   223   443   492   418   535 0.78 NZ_QQRB01000011.1_12 # 12629 # 14245 # -1 # ID=2_12;partial=00;start_type=ATG;rbs_motif=AGGA;rbs_spacer=5-10bp;gc_cont=0.330
NZ_QQRB01000012.1:5010-7292|-   -            761 1064at2085           -            350   1.7e-27   91.7  17.7   1   3   8.6e-18   1.8e-16   55.5   4.5     1    94     1    91     1    94 0.90 NZ_QQRB01000012.1_5 # 5010 # 7292 # -1 # ID=3_5;partial=00;start_type=ATG;rbs_motif=GGA/GAG/AGG;rbs_spacer=5-10bp;gc_cont=0.253
NZ_QQRB01000012.1:5010-7292|-   -            761 1064at2085           -            350   1.7e-27   91.7  17.7   2   3   1.2e-13   2.5e-12   41.9   4.4   143   282    95   229    92   305 0.76 NZ_QQRB01000012.1_5 # 5010 # 7292 # -1 # ID=3_5;partial=00;start_type=ATG;rbs_motif=GGA/GAG/AGG;rbs_spacer=5-10bp;gc_cont=0.253
NZ_QQRB01000012.1:5010-7292|-   -            761 1064at2085           -            350   1.7e-27   91.7  17.7   3   3       1.7        36   -1.4   0.1    83   125   275   319   254   348 0.59 NZ_QQRB01000012.1_5 # 5010 # 7292 # -1 # ID=3_5;partial=00;start_type=ATG;rbs_motif=GGA/GAG/AGG;rbs_spacer=5-10bp;gc_cont=0.253
NZ_QQRB01000012.1:19520-21838|+ -            773 1064at2085           -            350     3e-27   90.9  15.0   1   3   3.4e-17   7.2e-16   53.5   3.2     1    95     1    93     1   103 0.93 NZ_QQRB01000012.1_15 # 19520 # 21838 # 1 # ID=3_15;partial=00;start_type=ATG;rbs_motif=None;rbs_spacer=None;gc_cont=0.262
NZ_QQRB01000012.1:19520-21838|+ -            773 1064at2085           -            350     3e-27   90.9  15.0   2   3   1.3e-14   2.7e-13   45.0   1.4   151   268   100   216    93   240 0.84 NZ_QQRB01000012.1_15 # 19520 # 21838 # 1 # ID=3_15;partial=00;start_type=ATG;rbs_motif=None;rbs_spacer=None;gc_cont=0.262
NZ_QQRB01000012.1:19520-21838|+ -            773 1064at2085           -            350     3e-27   90.9  15.0   3   3       6.5   1.4e+02   -3.3   0.1    33    94   548   606   529   612 0.66 NZ_QQRB01000012.1_15 # 19520 # 21838 # 1 # ID=3_15;partial=00;start_type=ATG;rbs_motif=None;rbs_spacer=None;gc_cont=0.262
NZ_QQRB01000023.1:9340-10872|-  -            511 1064at2085           -            350   5.8e-27   90.0  18.6   1   4   2.4e-13   4.9e-12   40.9   0.9     2   119    14   136    13   150 0.87 NZ_QQRB01000023.1_8 # 9340 # 10872 # -1 # ID=15_8;partial=00;start_type=GTG;rbs_motif=GGA/GAG/AGG;rbs_spacer=11-12bp;gc_cont=0.321
NZ_QQRB01000023.1:9340-10872|-  -            511 1064at2085           -            350   5.8e-27   90.0  18.6   2   4   6.8e-06   0.00014   16.4   1.4   156   260   127   230   121   272 0.77 NZ_QQRB01000023.1_8 # 9340 # 10872 # -1 # ID=15_8;partial=00;start_type=GTG;rbs_motif=GGA/GAG/AGG;rbs_spacer=11-12bp;gc_cont=0.321
NZ_QQRB01000023.1:9340-10872|-  -            511 1064at2085           -            350   5.8e-27   90.0  18.6   3   4    0.0034     0.071    7.5   0.2    17    69   280   331   267   336 0.84 NZ_QQRB01000023.1_8 # 9340 # 10872 # -1 # ID=15_8;partial=00;start_type=GTG;rbs_motif=GGA/GAG/AGG;rbs_spacer=11-12bp;gc_cont=0.321
NZ_QQRB01000023.1:9340-10872|-  -            511 1064at2085           -            350   5.8e-27   90.0  18.6   4   4   2.9e-12   6.2e-11   37.3   0.8   140   259   375   492   356   503 0.75 NZ_QQRB01000023.1_8 # 9340 # 10872 # -1 # ID=15_8;partial=00;start_type=GTG;rbs_motif=GGA/GAG/AGG;rbs_spacer=11-12bp;gc_cont=0.321
NZ_QQRB01000017.1:11857-14097|+ -            747 1064at2085           -            350   6.2e-27   89.9   7.7   1   2   9.5e-18     2e-16   55.3   3.7     1   107     1   104     1   120 0.87 NZ_QQRB01000017.1_10 # 11857 # 14097 # 1 # ID=8_10;partial=00;start_type=ATG;rbs_motif=None;rbs_spacer=None;gc_cont=0.264
NZ_QQRB01000017.1:11857-14097|+ -            747 1064at2085           -            350   6.2e-27   89.9   7.7   2   2     7e-12   1.5e-10   36.0   0.1   170   258   119   205   105   219 0.87 NZ_QQRB01000017.1_10 # 11857 # 14097 # 1 # ID=8_10;partial=00;start_type=ATG;rbs_motif=None;rbs_spacer=None;gc_cont=0.264
NZ_QQRB01000002.1:64981-67281|+ -            767 1064at2085           -            350   3.2e-26   87.6  10.4   1   3   5.7e-18   1.2e-16   56.1   2.6     1   126     1   127     1   128 0.86 NZ_QQRB01000002.1_47 # 64981 # 67281 # 1 # ID=22_47;partial=00;start_type=ATG;rbs_motif=GGA/GAG/AGG;rbs_spacer=5-10bp;gc_cont=0.291
NZ_QQRB01000002.1:64981-67281|+ -            767 1064at2085           -            350   3.2e-26   87.6  10.4   2   3   5.5e-12   1.2e-10   36.4   0.2   173   253   123   201   102   212 0.86 NZ_QQRB01000002.1_47 # 64981 # 67281 # 1 # ID=22_47;partial=00;start_type=ATG;rbs_motif=GGA/GAG/AGG;rbs_spacer=5-10bp;gc_cont=0.291
NZ_QQRB01000002.1:64981-67281|+ -            767 1064at2085           -            350   3.2e-26   87.6  10.4   3   3      0.53        11    0.3   0.1    85   157   527   600   521   607 0.82 NZ_QQRB01000002.1_47 # 64981 # 67281 # 1 # ID=22_47;partial=00;start_type=ATG;rbs_motif=GGA/GAG/AGG;rbs_spacer=5-10bp;gc_cont=0.291
NZ_QQRB01000021.1:6467-7183|-   -            239 1064at2085           -            350   9.5e-25   82.7   3.0   1   2   4.3e-10   9.1e-09   30.2   0.7     1    63     5    68     5    90 0.88 NZ_QQRB01000021.1_7 # 6467 # 7183 # -1 # ID=13_7;partial=00;start_type=ATG;rbs_motif=AGGA;rbs_spacer=5-10bp;gc_cont=0.265
NZ_QQRB01000021.1:6467-7183|-   -            239 1064at2085           -            350   9.5e-25   82.7   3.0   2   2     4e-17   8.4e-16   53.3   0.1   136   268    93   225    74   233 0.87 NZ_QQRB01000021.1_7 # 6467 # 7183 # -1 # ID=13_7;partial=00;start_type=ATG;rbs_motif=AGGA;rbs_spacer=5-10bp;gc_cont=0.265
NZ_QQRB01000011.1:17993-19405|+ -            471 1064at2085           -            350     5e-24   80.3   9.4   1   3         2        42   -1.6   0.4   101   152    68   115    37   139 0.51 NZ_QQRB01000011.1_16 # 17993 # 19405 # 1 # ID=2_16;partial=00;start_type=ATG;rbs_motif=AGGAGG;rbs_spacer=5-10bp;gc_cont=0.320
NZ_QQRB01000011.1:17993-19405|+ -            471 1064at2085           -            350     5e-24   80.3   9.4   2   3   2.4e-06   5.1e-05   17.8   0.1    14   110   141   251   127   266 0.70 NZ_QQRB01000011.1_16 # 17993 # 19405 # 1 # ID=2_16;partial=00;start_type=ATG;rbs_motif=AGGAGG;rbs_spacer=5-10bp;gc_cont=0.320
NZ_QQRB01000011.1:17993-19405|+ -            471 1064at2085           -            350     5e-24   80.3   9.4   3   3   1.3e-21   2.7e-20   68.1   0.9   173   270   272   369   247   375 0.90 NZ_QQRB01000011.1_16 # 17993 # 19405 # 1 # ID=2_16;partial=00;start_type=ATG;rbs_motif=AGGAGG;rbs_spacer=5-10bp;gc_cont=0.320
NZ_QQRB01000017.1:6199-8481|+   -            761 1064at2085           -            350   1.1e-23   79.2  14.9   1   3   4.2e-17   8.7e-16   53.2   5.4     1   126     1   126     1   127 0.84 NZ_QQRB01000017.1_7 # 6199 # 8481 # 1 # ID=8_7;partial=00;start_type=ATG;rbs_motif=AGGAG(G)/GGAGG;rbs_spacer=13-15bp;gc_cont=0.242
NZ_QQRB01000017.1:6199-8481|+   -            761 1064at2085           -            350   1.1e-23   79.2  14.9   2   3     1e-11   2.2e-10   35.5   0.9   160   258   108   205    96   236 0.80 NZ_QQRB01000017.1_7 # 6199 # 8481 # 1 # ID=8_7;partial=00;start_type=ATG;rbs_motif=AGGAG(G)/GGAGG;rbs_spacer=13-15bp;gc_cont=0.242
NZ_QQRB01000017.1:6199-8481|+   -            761 1064at2085           -            350   1.1e-23   79.2  14.9   3   3       6.1   1.3e+02   -3.2   0.2   114   162   550   599   531   623 0.56 NZ_QQRB01000017.1_7 # 6199 # 8481 # 1 # ID=8_7;partial=00;start_type=ATG;rbs_motif=AGGAG(G)/GGAGG;rbs_spacer=13-15bp;gc_cont=0.242
NZ_QQRB01000002.1:33751-34521|+ -            257 1064at2085           -            350   1.8e-22   75.2   4.8   1   2   6.3e-07   1.3e-05   19.7   0.3    12    76    22    86     9   131 0.71 NZ_QQRB01000002.1_26 # 33751 # 34521 # 1 # ID=22_26;partial=00;start_type=ATG;rbs_motif=None;rbs_spacer=None;gc_cont=0.265
NZ_QQRB01000002.1:33751-34521|+ -            257 1064at2085           -            350   1.8e-22   75.2   4.8   2   2   6.4e-19   1.3e-17   59.2   2.7    83   267    56   242    56   249 0.74 NZ_QQRB01000002.1_26 # 33751 # 34521 # 1 # ID=22_26;partial=00;start_type=ATG;rbs_motif=None;rbs_spacer=None;gc_cont=0.265
NZ_QQRB01000004.1:4536-6155|+   -            540 1064at2085           -            350   4.3e-22   74.0   4.6   1   2   6.4e-12   1.3e-10   36.2   0.7     1    72   336   408   336   419 0.92 NZ_QQRB01000004.1_3 # 4536 # 6155 # 1 # ID=43_3;partial=00;start_type=ATG;rbs_motif=None;rbs_spacer=None;gc_cont=0.228
NZ_QQRB01000004.1:4536-6155|+   -            540 1064at2085           -            350   4.3e-22   74.0   4.6   2   2   6.3e-13   1.3e-11   39.5   0.3   131   250   418   536   408   539 0.82 NZ_QQRB01000004.1_3 # 4536 # 6155 # 1 # ID=43_3;partial=00;start_type=ATG;rbs_motif=None;rbs_spacer=None;gc_cont=0.228
NZ_QQRB01000027.1:5466-7079|-   -            538 1064at2085           -            350   2.9e-19   64.7   8.5   1   2   7.1e-15   1.5e-13   45.9   1.1     2    72   325   395   324   423 0.86 NZ_QQRB01000027.1_3 # 5466 # 7079 # -1 # ID=19_3;partial=00;start_type=ATG;rbs_motif=GGA/GAG/AGG;rbs_spacer=5-10bp;gc_cont=0.261
NZ_QQRB01000027.1:5466-7079|-   -            538 1064at2085           -            350   2.9e-19   64.7   8.5   2   2   8.3e-08   1.7e-06   22.6   1.1   157   240   427   514   419   520 0.83 NZ_QQRB01000027.1_3 # 5466 # 7079 # -1 # ID=19_3;partial=00;start_type=ATG;rbs_motif=GGA/GAG/AGG;rbs_spacer=5-10bp;gc_cont=0.261
NZ_QQRB01000026.1:8958-10571|+  -            538 1064at2085           -            350     3e-18   61.3   6.5   1   4       5.7   1.2e+02   -3.1   0.4    79   108    72   101    67   121 0.64 NZ_QQRB01000026.1_5 # 8958 # 10571 # 1 # ID=18_5;partial=00;start_type=ATG;rbs_motif=AGGAGG;rbs_spacer=5-10bp;gc_cont=0.240
NZ_QQRB01000026.1:8958-10571|+  -            538 1064at2085           -            350     3e-18   61.3   6.5   2   4       7.2   1.5e+02   -3.5   0.1   131   150   300   316   289   332 0.60 NZ_QQRB01000026.1_5 # 8958 # 10571 # 1 # ID=18_5;partial=00;start_type=ATG;rbs_motif=AGGAGG;rbs_spacer=5-10bp;gc_cont=0.240
NZ_QQRB01000026.1:8958-10571|+  -            538 1064at2085           -            350     3e-18   61.3   6.5   3   4   2.6e-10   5.4e-09   30.9   0.4     6    71   339   405   334   417 0.87 NZ_QQRB01000026.1_5 # 8958 # 10571 # 1 # ID=18_5;partial=00;start_type=ATG;rbs_motif=AGGAGG;rbs_spacer=5-10bp;gc_cont=0.240
NZ_QQRB01000026.1:8958-10571|+  -            538 1064at2085           -            350     3e-18   61.3   6.5   4   4   1.4e-13     3e-12   41.6   1.2   154   251   435   534   421   537 0.79 NZ_QQRB01000026.1_5 # 8958 # 10571 # 1 # ID=18_5;partial=00;start_type=ATG;rbs_motif=AGGAGG;rbs_spacer=5-10bp;gc_cont=0.240
NZ_QQRB01000032.1:1996-4839|+   -            948 1064at2085           -            350   1.6e-15   52.3   5.9   1   4     0.016      0.34    5.3   0.1    15    42    19    46    13    57 0.90 NZ_QQRB01000032.1_2 # 1996 # 4839 # 1 # ID=25_2;partial=00;start_type=ATG;rbs_motif=None;rbs_spacer=None;gc_cont=0.328
NZ_QQRB01000032.1:1996-4839|+   -            948 1064at2085           -            350   1.6e-15   52.3   5.9   2   4   6.9e-07   1.4e-05   19.6   0.0   153   249   467   563   443   601 0.77 NZ_QQRB01000032.1_2 # 1996 # 4839 # 1 # ID=25_2;partial=00;start_type=ATG;rbs_motif=None;rbs_spacer=None;gc_cont=0.328
NZ_QQRB01000032.1:1996-4839|+   -            948 1064at2085           -            350   1.6e-15   52.3   5.9   3   4     9e-06   0.00019   16.0   0.4    15    47   626   658   618   680 0.82 NZ_QQRB01000032.1_2 # 1996 # 4839 # 1 # ID=25_2;partial=00;start_type=ATG;rbs_motif=None;rbs_spacer=None;gc_cont=0.328
NZ_QQRB01000032.1:1996-4839|+   -            948 1064at2085           -            350   1.6e-15   52.3   5.9   4   4   0.00027    0.0056   11.1   0.0   174   251   829   907   811   940 0.74 NZ_QQRB01000032.1_2 # 1996 # 4839 # 1 # ID=25_2;partial=00;start_type=ATG;rbs_motif=None;rbs_spacer=None;gc_cont=0.328
NZ_QQRB01000026.1:7337-8947|+   -            537 1064at2085           -            350   1.5e-13   45.8   0.2   1   2   1.9e-10   3.9e-09   31.3   0.1     2    72   334   406   333   433 0.85 NZ_QQRB01000026.1_4 # 7337 # 8947 # 1 # ID=18_4;partial=00;start_type=ATG;rbs_motif=AGGA;rbs_spacer=5-10bp;gc_cont=0.234
NZ_QQRB01000026.1:7337-8947|+   -            537 1064at2085           -            350   1.5e-13   45.8   0.2   2   2   0.00016    0.0034   11.8   0.0   174   231   460   514   440   535 0.72 NZ_QQRB01000026.1_4 # 7337 # 8947 # 1 # ID=18_4;partial=00;start_type=ATG;rbs_motif=AGGA;rbs_spacer=5-10bp;gc_cont=0.234
NZ_QQRB01000004.1:2917-4527|+   -            537 1064at2085           -            350   1.7e-13   45.7   6.4   1   2     1e-10   2.1e-09   32.2   2.5     2   127   334   462   333   463 0.80 NZ_QQRB01000004.1_2 # 2917 # 4527 # 1 # ID=43_2;partial=00;start_type=ATG;rbs_motif=GGA/GAG/AGG;rbs_spacer=5-10bp;gc_cont=0.188
NZ_QQRB01000004.1:2917-4527|+   -            537 1064at2085           -            350   1.7e-13   45.7   6.4   2   2   3.3e-06   6.8e-05   17.4   0.4   170   250   456   534   431   536 0.70 NZ_QQRB01000004.1_2 # 2917 # 4527 # 1 # ID=43_2;partial=00;start_type=ATG;rbs_motif=GGA/GAG/AGG;rbs_spacer=5-10bp;gc_cont=0.188
NZ_QQRB01000027.1:7067-8668|-   -            534 1064at2085           -            350   2.7e-13   45.0   8.2   1   3       3.2        67   -2.3   0.2   126   154   211   241   199   255 0.74 NZ_QQRB01000027.1_4 # 7067 # 8668 # -1 # ID=19_4;partial=00;start_type=ATG;rbs_motif=AGGAGG;rbs_spacer=5-10bp;gc_cont=0.251
NZ_QQRB01000027.1:7067-8668|-   -            534 1064at2085           -            350   2.7e-13   45.0   8.2   2   3     9e-10   1.9e-08   29.1   1.0     2    94   327   421   326   425 0.81 NZ_QQRB01000027.1_4 # 7067 # 8668 # -1 # ID=19_4;partial=00;start_type=ATG;rbs_motif=AGGAGG;rbs_spacer=5-10bp;gc_cont=0.251
NZ_QQRB01000027.1:7067-8668|-   -            534 1064at2085           -            350   2.7e-13   45.0   8.2   3   3   7.6e-07   1.6e-05   19.5   0.1   166   245   442   518   423   529 0.79 NZ_QQRB01000027.1_4 # 7067 # 8668 # -1 # ID=19_4;partial=00;start_type=ATG;rbs_motif=AGGAGG;rbs_spacer=5-10bp;gc_cont=0.251
NZ_QQRB01000015.1:9316-11355|-  -            680 1064at2085           -            350   1.5e-09   32.7   5.0   1   3       2.9        60   -2.2   0.1    68    86   113   131    78   146 0.69 NZ_QQRB01000015.1_13 # 9316 # 11355 # -1 # ID=6_13;partial=00;start_type=ATG;rbs_motif=None;rbs_spacer=None;gc_cont=0.248
NZ_QQRB01000015.1:9316-11355|-  -            680 1064at2085           -            350   1.5e-09   32.7   5.0   2   3   9.3e-06    0.0002   15.9   0.5     2    94   470   561   469   584 0.80 NZ_QQRB01000015.1_13 # 9316 # 11355 # -1 # ID=6_13;partial=00;start_type=ATG;rbs_motif=None;rbs_spacer=None;gc_cont=0.248
NZ_QQRB01000015.1:9316-11355|-  -            680 1064at2085           -            350   1.5e-09   32.7   5.0   3   3   2.5e-06   5.3e-05   17.8   0.1   165   239   589   661   568   666 0.88 NZ_QQRB01000015.1_13 # 9316 # 11355 # -1 # ID=6_13;partial=00;start_type=ATG;rbs_motif=None;rbs_spacer=None;gc_cont=0.248
#
# Program:         hmmsearch
# Version:         3.4 (Aug 2023)
# Pipeline mode:   SEARCH
# Query file:      /home/lgef/Documentos/GitHub/Project_doctoral/IMPLEMENTACAO/Genomes/M_hyopneumoniae/MHP_ncbi_dataset/ncbi_dataset/data/strains/MHP653/Use/busco_downloads/lineages/mycoplasmatales_odb10/hmms/1064at2085.hmm
# Target file:     /home/lgef/Documentos/GitHub/Project_doctoral/IMPLEMENTACAO/Genomes/M_hyopneumoniae/MHP_ncbi_dataset/ncbi_dataset/data/strains/MHP653/Use/busco_draft/prodigal_output/predicted_genes/predicted.faa
# Option settings: hmmsearch --domtblout /home/lgef/Documentos/GitHub/Project_doctoral/IMPLEMENTACAO/Genomes/M_hyopneumoniae/MHP_ncbi_dataset/ncbi_dataset/data/strains/MHP653/Use/busco_draft/run_mycoplasmatales_odb10/hmmer_output/1064at2085.out --cpu 1 /home/lgef/Documentos/GitHub/Project_doctoral/IMPLEMENTACAO/Genomes/M_hyopneumoniae/MHP_ncbi_dataset/ncbi_dataset/data/strains/MHP653/Use/busco_downloads/lineages/mycoplasmatales_odb10/hmms/1064at2085.hmm /home/lgef/Documentos/GitHub/Project_doctoral/IMPLEMENTACAO/Genomes/M_hyopneumoniae/MHP_ncbi_dataset/ncbi_dataset/data/strains/MHP653/Use/busco_draft/prodigal_output/predicted_genes/predicted.faa 
# Current dir:     /home/lgef/Documentos/GitHub/Project_doctoral/IMPLEMENTACAO/Genomes/M_hyopneumoniae/MHP_ncbi_dataset/ncbi_dataset/data/strains/MHP653/Use
# Date:            Thu Nov 28 19:38:06 2024
# [ok]
