#                                                                                       --- full sequence --- -------------- this domain -------------   hmm coord   ali coord   env coord
# target name                   accession   tlen query name           accession   qlen   E-value  score  bias   #  of  c-Evalue  i-Evalue  score  bias  from    to  from    to  from    to  acc description of target
#           ------------------- ---------- ----- -------------------- ---------- ----- --------- ------ ----- --- --- --------- --------- ------ ----- ----- ----- ----- ----- ----- ----- ---- ---------------------
NZ_QQRB01000011.1:11257-12585|- -            443 1338at2085           -            333  1.8e-109  361.4  27.8   1   2  7.8e-104  8.2e-102  336.1  24.1     1   290     4   357     4   394 0.78 NZ_QQRB01000011.1_11 # 11257 # 12585 # -1 # ID=2_11;partial=00;start_type=TTG;rbs_motif=AGGAG;rbs_spacer=5-10bp;gc_cont=0.313
NZ_QQRB01000011.1:11257-12585|- -            443 1338at2085           -            333  1.8e-109  361.4  27.8   2   2   3.9e-08   4.1e-06   21.5   0.1   300   333   405   442   370   442 0.88 NZ_QQRB01000011.1_11 # 11257 # 12585 # -1 # ID=2_11;partial=00;start_type=TTG;rbs_motif=AGGAG;rbs_spacer=5-10bp;gc_cont=0.313
NZ_QQRB01000001.1:20966-22267|- -            434 1338at2085           -            333   4.1e-41  136.6   3.6   1   2   4.1e-18   4.3e-16   54.4   0.7   179   329     5   160     2   161 0.85 NZ_QQRB01000001.1_19 # 20966 # 22267 # -1 # ID=11_19;partial=00;start_type=ATG;rbs_motif=3Base/5BMM;rbs_spacer=13-15bp;gc_cont=0.293
NZ_QQRB01000001.1:20966-22267|- -            434 1338at2085           -            333   4.1e-41  136.6   3.6   2   2   1.1e-26   1.2e-24   82.5   0.0   176   323   170   316   149   323 0.75 NZ_QQRB01000001.1_19 # 20966 # 22267 # -1 # ID=11_19;partial=00;start_type=ATG;rbs_motif=3Base/5BMM;rbs_spacer=13-15bp;gc_cont=0.293
NZ_QQRB01000015.1:7208-8089|-   -            294 1338at2085           -            333   7.4e-15   50.3   1.2   1   1   1.2e-16   1.2e-14   49.6   1.2   174   267     4    98     1   141 0.78 NZ_QQRB01000015.1_9 # 7208 # 8089 # -1 # ID=6_9;partial=00;start_type=ATG;rbs_motif=None;rbs_spacer=None;gc_cont=0.291
NZ_QQRB01000001.1:1561-2352|-   -            264 1338at2085           -            333   9.8e-10   33.5   0.2   1   2      0.27        28   -0.9   0.2   263   273    40    50     3    97 0.55 NZ_QQRB01000001.1_2 # 1561 # 2352 # -1 # ID=11_2;partial=00;start_type=ATG;rbs_motif=GGA/GAG/AGG;rbs_spacer=3-4bp;gc_cont=0.268
NZ_QQRB01000001.1:1561-2352|-   -            264 1338at2085           -            333   9.8e-10   33.5   0.2   2   2   2.1e-11   2.2e-09   32.3   0.1   151   234    80   164    31   180 0.76 NZ_QQRB01000001.1_2 # 1561 # 2352 # -1 # ID=11_2;partial=00;start_type=ATG;rbs_motif=GGA/GAG/AGG;rbs_spacer=3-4bp;gc_cont=0.268
NZ_QQRB01000037.1:172-768|+     -            199 1338at2085           -            333   2.5e-07   25.5   0.5   1   2   5.7e-09     6e-07   24.3   0.0   160   212    21    73    16    91 0.88 NZ_QQRB01000037.1_1 # 172 # 768 # 1 # ID=30_1;partial=00;start_type=ATG;rbs_motif=None;rbs_spacer=None;gc_cont=0.298
NZ_QQRB01000037.1:172-768|+     -            199 1338at2085           -            333   2.5e-07   25.5   0.5   2   2      0.28        30   -1.0   0.3    90    90   159   159    95   196 0.48 NZ_QQRB01000037.1_1 # 172 # 768 # 1 # ID=30_1;partial=00;start_type=ATG;rbs_motif=None;rbs_spacer=None;gc_cont=0.298
NZ_QQRB01000001.1:58438-59697|- -            420 1338at2085           -            333   6.8e-06   20.8   0.2   1   1   1.3e-07   1.3e-05   19.9   0.1   178   307   158   288   150   308 0.77 NZ_QQRB01000001.1_50 # 58438 # 59697 # -1 # ID=11_50;partial=00;start_type=ATG;rbs_motif=AGGA;rbs_spacer=5-10bp;gc_cont=0.309
NZ_QQRB01000006.1:31618-32721|- -            368 1338at2085           -            333   7.9e-05   17.3   1.2   1   1   1.6e-05    0.0017   13.0   1.2   177   285     3   130     1   160 0.61 NZ_QQRB01000006.1_28 # 31618 # 32721 # -1 # ID=65_28;partial=00;start_type=ATG;rbs_motif=None;rbs_spacer=None;gc_cont=0.299
#
# Program:         hmmsearch
# Version:         3.4 (Aug 2023)
# Pipeline mode:   SEARCH
# Query file:      /home/lgef/Documentos/GitHub/Project_doctoral/IMPLEMENTACAO/Genomes/M_hyopneumoniae/MHP_ncbi_dataset/ncbi_dataset/data/strains/MHP653/Use/busco_downloads/lineages/mycoplasmatales_odb10/hmms/1338at2085.hmm
# Target file:     /home/lgef/Documentos/GitHub/Project_doctoral/IMPLEMENTACAO/Genomes/M_hyopneumoniae/MHP_ncbi_dataset/ncbi_dataset/data/strains/MHP653/Use/busco_draft/prodigal_output/predicted_genes/predicted.faa
# Option settings: hmmsearch --domtblout /home/lgef/Documentos/GitHub/Project_doctoral/IMPLEMENTACAO/Genomes/M_hyopneumoniae/MHP_ncbi_dataset/ncbi_dataset/data/strains/MHP653/Use/busco_draft/run_mycoplasmatales_odb10/hmmer_output/1338at2085.out --cpu 1 /home/lgef/Documentos/GitHub/Project_doctoral/IMPLEMENTACAO/Genomes/M_hyopneumoniae/MHP_ncbi_dataset/ncbi_dataset/data/strains/MHP653/Use/busco_downloads/lineages/mycoplasmatales_odb10/hmms/1338at2085.hmm /home/lgef/Documentos/GitHub/Project_doctoral/IMPLEMENTACAO/Genomes/M_hyopneumoniae/MHP_ncbi_dataset/ncbi_dataset/data/strains/MHP653/Use/busco_draft/prodigal_output/predicted_genes/predicted.faa 
# Current dir:     /home/lgef/Documentos/GitHub/Project_doctoral/IMPLEMENTACAO/Genomes/M_hyopneumoniae/MHP_ncbi_dataset/ncbi_dataset/data/strains/MHP653/Use
# Date:            Thu Nov 28 19:38:06 2024
# [ok]
