#                                                                                       --- full sequence --- -------------- this domain -------------   hmm coord   ali coord   env coord
# target name                   accession   tlen query name           accession   qlen   E-value  score  bias   #  of  c-Evalue  i-Evalue  score  bias  from    to  from    to  from    to  acc description of target
#           ------------------- ---------- ----- -------------------- ---------- ----- --------- ------ ----- --- --- --------- --------- ------ ----- ----- ----- ----- ----- ----- ----- ---- ---------------------
NZ_QQRB01000015.1:4029-4886|-   -            286 3843at2085           -            213   9.5e-67  220.0   5.9   1   1     2e-68   1.5e-66  219.4   5.9    13   211    37   278    29   280 0.89 NZ_QQRB01000015.1_5 # 4029 # 4886 # -1 # ID=6_5;partial=00;start_type=ATG;rbs_motif=3Base/5BMM;rbs_spacer=13-15bp;gc_cont=0.279
NZ_QQRB01000015.1:7208-8089|-   -            294 3843at2085           -            213   2.6e-07   25.8   5.1   1   2     2e-06   0.00015   16.8   0.1   108   172     6    73     1    82 0.73 NZ_QQRB01000015.1_9 # 7208 # 8089 # -1 # ID=6_9;partial=00;start_type=ATG;rbs_motif=None;rbs_spacer=None;gc_cont=0.291
NZ_QQRB01000015.1:7208-8089|-   -            294 3843at2085           -            213   2.6e-07   25.8   5.1   2   2   6.7e-05    0.0049   11.8   2.5    24   106    66   143    65   155 0.78 NZ_QQRB01000015.1_9 # 7208 # 8089 # -1 # ID=6_9;partial=00;start_type=ATG;rbs_motif=None;rbs_spacer=None;gc_cont=0.291
NZ_QQRB01000037.1:172-768|+     -            199 3843at2085           -            213   6.6e-06   21.2   0.2   1   2   1.8e-07   1.3e-05   20.2   0.0   106   173    35   104    15   115 0.78 NZ_QQRB01000037.1_1 # 172 # 768 # 1 # ID=30_1;partial=00;start_type=ATG;rbs_motif=None;rbs_spacer=None;gc_cont=0.298
NZ_QQRB01000037.1:172-768|+     -            199 3843at2085           -            213   6.6e-06   21.2   0.2   2   2       1.2        90   -2.1   0.1    76    82   149   155   125   182 0.51 NZ_QQRB01000037.1_1 # 172 # 768 # 1 # ID=30_1;partial=00;start_type=ATG;rbs_motif=None;rbs_spacer=None;gc_cont=0.298
NZ_QQRB01000012.1:2981-4933|-   -            651 3843at2085           -            213   7.2e-06   21.1   0.2   1   3   9.7e-08   7.2e-06   21.1   0.2   104   136    23    55     5    71 0.84 NZ_QQRB01000012.1_4 # 2981 # 4933 # -1 # ID=3_4;partial=00;start_type=ATG;rbs_motif=GGA/GAG/AGG;rbs_spacer=5-10bp;gc_cont=0.250
NZ_QQRB01000012.1:2981-4933|-   -            651 3843at2085           -            213   7.2e-06   21.1   0.2   2   3       0.3        22   -0.1   0.4    72   108   174   211   152   219 0.74 NZ_QQRB01000012.1_4 # 2981 # 4933 # -1 # ID=3_4;partial=00;start_type=ATG;rbs_motif=GGA/GAG/AGG;rbs_spacer=5-10bp;gc_cont=0.250
NZ_QQRB01000012.1:2981-4933|-   -            651 3843at2085           -            213   7.2e-06   21.1   0.2   3   3      0.18        13    0.6   0.3    29    55   370   395   340   454 0.61 NZ_QQRB01000012.1_4 # 2981 # 4933 # -1 # ID=3_4;partial=00;start_type=ATG;rbs_motif=GGA/GAG/AGG;rbs_spacer=5-10bp;gc_cont=0.250
NZ_QQRB01000012.1:5010-7292|-   -            761 3843at2085           -            213   8.5e-06   20.8   0.7   1   5   1.2e-07   8.5e-06   20.8   0.7   103   144    22    63     2    98 0.79 NZ_QQRB01000012.1_5 # 5010 # 7292 # -1 # ID=3_5;partial=00;start_type=ATG;rbs_motif=GGA/GAG/AGG;rbs_spacer=5-10bp;gc_cont=0.253
NZ_QQRB01000012.1:5010-7292|-   -            761 3843at2085           -            213   8.5e-06   20.8   0.7   2   5      0.66        49   -1.3   0.1    67   106   170   208   134   213 0.73 NZ_QQRB01000012.1_5 # 5010 # 7292 # -1 # ID=3_5;partial=00;start_type=ATG;rbs_motif=GGA/GAG/AGG;rbs_spacer=5-10bp;gc_cont=0.253
NZ_QQRB01000012.1:5010-7292|-   -            761 3843at2085           -            213   8.5e-06   20.8   0.7   3   5      0.52        38   -0.9   0.1   147   179   417   449   389   459 0.69 NZ_QQRB01000012.1_5 # 5010 # 7292 # -1 # ID=3_5;partial=00;start_type=ATG;rbs_motif=GGA/GAG/AGG;rbs_spacer=5-10bp;gc_cont=0.253
NZ_QQRB01000012.1:5010-7292|-   -            761 3843at2085           -            213   8.5e-06   20.8   0.7   4   5         2   1.5e+02   -2.9   0.1    46    75   561   590   524   600 0.77 NZ_QQRB01000012.1_5 # 5010 # 7292 # -1 # ID=3_5;partial=00;start_type=ATG;rbs_motif=GGA/GAG/AGG;rbs_spacer=5-10bp;gc_cont=0.253
NZ_QQRB01000012.1:5010-7292|-   -            761 3843at2085           -            213   8.5e-06   20.8   0.7   5   5      0.98        72   -1.8   2.0    48   102   697   751   693   758 0.80 NZ_QQRB01000012.1_5 # 5010 # 7292 # -1 # ID=3_5;partial=00;start_type=ATG;rbs_motif=GGA/GAG/AGG;rbs_spacer=5-10bp;gc_cont=0.253
NZ_QQRB01000032.1:1996-4839|+   -            948 3843at2085           -            213   2.7e-05   19.2   2.5   1   2    0.0021      0.15    6.9   0.1   100   125    22    48    10    57 0.77 NZ_QQRB01000032.1_2 # 1996 # 4839 # 1 # ID=25_2;partial=00;start_type=ATG;rbs_motif=None;rbs_spacer=None;gc_cont=0.328
NZ_QQRB01000032.1:1996-4839|+   -            948 3843at2085           -            213   2.7e-05   19.2   2.5   2   2    0.0001    0.0074   11.2   0.6   107   139   637   667   617   677 0.74 NZ_QQRB01000032.1_2 # 1996 # 4839 # 1 # ID=25_2;partial=00;start_type=ATG;rbs_motif=None;rbs_spacer=None;gc_cont=0.328
NZ_QQRB01000018.1:13170-15248|- -            693 3843at2085           -            213   0.00025   16.0   1.6   1   4    0.0014       0.1    7.5   0.0   107   132    45    70    31    84 0.72 NZ_QQRB01000018.1_10 # 13170 # 15248 # -1 # ID=9_10;partial=00;start_type=ATG;rbs_motif=AGGA;rbs_spacer=5-10bp;gc_cont=0.304
NZ_QQRB01000018.1:13170-15248|- -            693 3843at2085           -            213   0.00025   16.0   1.6   2   4       1.8   1.3e+02   -2.7   0.0    55    86    99   129    75   134 0.65 NZ_QQRB01000018.1_10 # 13170 # 15248 # -1 # ID=9_10;partial=00;start_type=ATG;rbs_motif=AGGA;rbs_spacer=5-10bp;gc_cont=0.304
NZ_QQRB01000018.1:13170-15248|- -            693 3843at2085           -            213   0.00025   16.0   1.6   3   4       3.2   2.4e+02   -3.5   0.1    17    66   190   238   182   255 0.60 NZ_QQRB01000018.1_10 # 13170 # 15248 # -1 # ID=9_10;partial=00;start_type=ATG;rbs_motif=AGGA;rbs_spacer=5-10bp;gc_cont=0.304
NZ_QQRB01000018.1:13170-15248|- -            693 3843at2085           -            213   0.00025   16.0   1.6   4   4    0.0055      0.41    5.5   0.0   111   130   438   457   421   481 0.84 NZ_QQRB01000018.1_10 # 13170 # 15248 # -1 # ID=9_10;partial=00;start_type=ATG;rbs_motif=AGGA;rbs_spacer=5-10bp;gc_cont=0.304
NZ_QQRB01000001.1:20966-22267|- -            434 3843at2085           -            213    0.0004   15.4  11.2   1   4   0.00021     0.016   10.1   0.0   109   136     3    30     1    70 0.80 NZ_QQRB01000001.1_19 # 20966 # 22267 # -1 # ID=11_19;partial=00;start_type=ATG;rbs_motif=3Base/5BMM;rbs_spacer=13-15bp;gc_cont=0.293
NZ_QQRB01000001.1:20966-22267|- -            434 3843at2085           -            213    0.0004   15.4  11.2   2   4    0.0071      0.52    5.2   0.0    97   162   160   228   153   264 0.70 NZ_QQRB01000001.1_19 # 20966 # 22267 # -1 # ID=11_19;partial=00;start_type=ATG;rbs_motif=3Base/5BMM;rbs_spacer=13-15bp;gc_cont=0.293
NZ_QQRB01000001.1:20966-22267|- -            434 3843at2085           -            213    0.0004   15.4  11.2   3   4      0.32        23   -0.2   0.0    73    90   280   297   257   315 0.78 NZ_QQRB01000001.1_19 # 20966 # 22267 # -1 # ID=11_19;partial=00;start_type=ATG;rbs_motif=3Base/5BMM;rbs_spacer=13-15bp;gc_cont=0.293
NZ_QQRB01000001.1:20966-22267|- -            434 3843at2085           -            213    0.0004   15.4  11.2   4   4     0.035       2.6    2.9   3.0    13    99   322   411   310   419 0.74 NZ_QQRB01000001.1_19 # 20966 # 22267 # -1 # ID=11_19;partial=00;start_type=ATG;rbs_motif=3Base/5BMM;rbs_spacer=13-15bp;gc_cont=0.293
NZ_QQRB01000021.1:6467-7183|-   -            239 3843at2085           -            213    0.0004   15.4   0.7   1   2   5.4e-06    0.0004   15.4   0.7   104   138    28    62    10    67 0.81 NZ_QQRB01000021.1_7 # 6467 # 7183 # -1 # ID=13_7;partial=00;start_type=ATG;rbs_motif=AGGA;rbs_spacer=5-10bp;gc_cont=0.265
NZ_QQRB01000021.1:6467-7183|-   -            239 3843at2085           -            213    0.0004   15.4   0.7   2   2       2.3   1.7e+02   -3.0   0.1    52    74   105   127   103   131 0.66 NZ_QQRB01000021.1_7 # 6467 # 7183 # -1 # ID=13_7;partial=00;start_type=ATG;rbs_motif=AGGA;rbs_spacer=5-10bp;gc_cont=0.265
NZ_QQRB01000008.1:2589-3491|-   -            301 3843at2085           -            213    0.0011   13.9   0.1   1   1   3.3e-05    0.0024   12.8   0.1   102   129    27    54     9    57 0.82 NZ_QQRB01000008.1_3 # 2589 # 3491 # -1 # ID=73_3;partial=00;start_type=ATG;rbs_motif=GGA/GAG/AGG;rbs_spacer=5-10bp;gc_cont=0.307
#
# Program:         hmmsearch
# Version:         3.4 (Aug 2023)
# Pipeline mode:   SEARCH
# Query file:      /home/lgef/Documentos/GitHub/Project_doctoral/IMPLEMENTACAO/Genomes/M_hyopneumoniae/MHP_ncbi_dataset/ncbi_dataset/data/strains/MHP653/Use/busco_downloads/lineages/mycoplasmatales_odb10/hmms/3843at2085.hmm
# Target file:     /home/lgef/Documentos/GitHub/Project_doctoral/IMPLEMENTACAO/Genomes/M_hyopneumoniae/MHP_ncbi_dataset/ncbi_dataset/data/strains/MHP653/Use/busco_draft/prodigal_output/predicted_genes/predicted.faa
# Option settings: hmmsearch --domtblout /home/lgef/Documentos/GitHub/Project_doctoral/IMPLEMENTACAO/Genomes/M_hyopneumoniae/MHP_ncbi_dataset/ncbi_dataset/data/strains/MHP653/Use/busco_draft/run_mycoplasmatales_odb10/hmmer_output/3843at2085.out --cpu 1 /home/lgef/Documentos/GitHub/Project_doctoral/IMPLEMENTACAO/Genomes/M_hyopneumoniae/MHP_ncbi_dataset/ncbi_dataset/data/strains/MHP653/Use/busco_downloads/lineages/mycoplasmatales_odb10/hmms/3843at2085.hmm /home/lgef/Documentos/GitHub/Project_doctoral/IMPLEMENTACAO/Genomes/M_hyopneumoniae/MHP_ncbi_dataset/ncbi_dataset/data/strains/MHP653/Use/busco_draft/prodigal_output/predicted_genes/predicted.faa 
# Current dir:     /home/lgef/Documentos/GitHub/Project_doctoral/IMPLEMENTACAO/Genomes/M_hyopneumoniae/MHP_ncbi_dataset/ncbi_dataset/data/strains/MHP653/Use
# Date:            Thu Nov 28 19:38:09 2024
# [ok]
