#                                                                                       --- full sequence --- -------------- this domain -------------   hmm coord   ali coord   env coord
# target name                   accession   tlen query name           accession   qlen   E-value  score  bias   #  of  c-Evalue  i-Evalue  score  bias  from    to  from    to  from    to  acc description of target
#           ------------------- ---------- ----- -------------------- ---------- ----- --------- ------ ----- --- --- --------- --------- ------ ----- ----- ----- ----- ----- ----- ----- ---- ---------------------
NZ_QQRB01000004.1:26229-28601|- -            791 462at2085            -            610  5.6e-223  737.3  35.2   1   4  3.3e-121  6.1e-119  393.6   5.5     2   270     3   280     2   298 0.91 NZ_QQRB01000004.1_20 # 26229 # 28601 # -1 # ID=43_20;partial=00;start_type=ATG;rbs_motif=None;rbs_spacer=None;gc_cont=0.306
NZ_QQRB01000004.1:26229-28601|- -            791 462at2085            -            610  5.6e-223  737.3  35.2   2   4    0.0071       1.3    2.8   0.0   257   312   303   364   292   372 0.74 NZ_QQRB01000004.1_20 # 26229 # 28601 # -1 # ID=43_20;partial=00;start_type=ATG;rbs_motif=None;rbs_spacer=None;gc_cont=0.306
NZ_QQRB01000004.1:26229-28601|- -            791 462at2085            -            610  5.6e-223  737.3  35.2   3   4   9.6e-98   1.8e-95  316.1   2.0   292   516   381   619   362   625 0.88 NZ_QQRB01000004.1_20 # 26229 # 28601 # -1 # ID=43_20;partial=00;start_type=ATG;rbs_motif=None;rbs_spacer=None;gc_cont=0.306
NZ_QQRB01000004.1:26229-28601|- -            791 462at2085            -            610  5.6e-223  737.3  35.2   4   4   1.9e-12   3.4e-10   34.5  10.5   512   610   650   788   643   788 0.74 NZ_QQRB01000004.1_20 # 26229 # 28601 # -1 # ID=43_20;partial=00;start_type=ATG;rbs_motif=None;rbs_spacer=None;gc_cont=0.306
NZ_QQRB01000010.1:6154-8622|+   -            823 462at2085            -            610   3.6e-37  123.5  40.0   1   5   2.4e-21   4.4e-19   63.8   5.6     1   178     5   194     5   204 0.79 NZ_QQRB01000010.1_6 # 6154 # 8622 # 1 # ID=1_6;partial=00;start_type=ATG;rbs_motif=AGGA;rbs_spacer=5-10bp;gc_cont=0.299
NZ_QQRB01000010.1:6154-8622|+   -            823 462at2085            -            610   3.6e-37  123.5  40.0   2   5      0.11        20   -1.1   0.1   226   279   205   261   191   302 0.68 NZ_QQRB01000010.1_6 # 6154 # 8622 # 1 # ID=1_6;partial=00;start_type=ATG;rbs_motif=AGGA;rbs_spacer=5-10bp;gc_cont=0.299
NZ_QQRB01000010.1:6154-8622|+   -            823 462at2085            -            610   3.6e-37  123.5  40.0   3   5   3.7e-05    0.0068   10.4   0.2   136   214   310   390   303   393 0.78 NZ_QQRB01000010.1_6 # 6154 # 8622 # 1 # ID=1_6;partial=00;start_type=ATG;rbs_motif=AGGA;rbs_spacer=5-10bp;gc_cont=0.299
NZ_QQRB01000010.1:6154-8622|+   -            823 462at2085            -            610   3.6e-37  123.5  40.0   4   5   2.9e-19   5.3e-17   57.0  11.4   303   519   385   570   369   637 0.80 NZ_QQRB01000010.1_6 # 6154 # 8622 # 1 # ID=1_6;partial=00;start_type=ATG;rbs_motif=AGGA;rbs_spacer=5-10bp;gc_cont=0.299
NZ_QQRB01000010.1:6154-8622|+   -            823 462at2085            -            610   3.6e-37  123.5  40.0   5   5     0.012       2.2    2.1   2.8   529   606   644   720   624   728 0.74 NZ_QQRB01000010.1_6 # 6154 # 8622 # 1 # ID=1_6;partial=00;start_type=ATG;rbs_motif=AGGA;rbs_spacer=5-10bp;gc_cont=0.299
NZ_QQRB01000001.1:73340-76000|+ -            887 462at2085            -            610   7.7e-34  112.6  28.9   1   4     2e-23   3.6e-21   70.7   0.5     5   166    25   199    21   206 0.85 NZ_QQRB01000001.1_60 # 73340 # 76000 # 1 # ID=11_60;partial=00;start_type=ATG;rbs_motif=AGGA;rbs_spacer=5-10bp;gc_cont=0.307
NZ_QQRB01000001.1:73340-76000|+ -            887 462at2085            -            610   7.7e-34  112.6  28.9   2   4      0.12        21   -1.2   0.1   141   204   219   278   214   286 0.76 NZ_QQRB01000001.1_60 # 73340 # 76000 # 1 # ID=11_60;partial=00;start_type=ATG;rbs_motif=AGGA;rbs_spacer=5-10bp;gc_cont=0.307
NZ_QQRB01000001.1:73340-76000|+ -            887 462at2085            -            610   7.7e-34  112.6  28.9   3   4   2.4e-17   4.4e-15   50.6   4.1   230   488   372   615   358   628 0.71 NZ_QQRB01000001.1_60 # 73340 # 76000 # 1 # ID=11_60;partial=00;start_type=ATG;rbs_motif=AGGA;rbs_spacer=5-10bp;gc_cont=0.307
NZ_QQRB01000001.1:73340-76000|+ -            887 462at2085            -            610   7.7e-34  112.6  28.9   4   4     0.047       8.7    0.1   3.9   525   571   730   775   677   818 0.65 NZ_QQRB01000001.1_60 # 73340 # 76000 # 1 # ID=11_60;partial=00;start_type=ATG;rbs_motif=AGGA;rbs_spacer=5-10bp;gc_cont=0.307
NZ_QQRB01000020.1:7440-8981|-   -            514 462at2085            -            610     3e-24   80.9  16.6   1   3   1.6e-19   2.9e-17   57.8   5.5    25   198     2   178     1   214 0.86 NZ_QQRB01000020.1_9 # 7440 # 8981 # -1 # ID=12_9;partial=00;start_type=ATG;rbs_motif=GGA/GAG/AGG;rbs_spacer=5-10bp;gc_cont=0.272
NZ_QQRB01000020.1:7440-8981|-   -            514 462at2085            -            610     3e-24   80.9  16.6   2   3   2.7e-11     5e-09   30.6   0.9   356   507   212   353   184   385 0.77 NZ_QQRB01000020.1_9 # 7440 # 8981 # -1 # ID=12_9;partial=00;start_type=ATG;rbs_motif=GGA/GAG/AGG;rbs_spacer=5-10bp;gc_cont=0.272
NZ_QQRB01000020.1:7440-8981|-   -            514 462at2085            -            610     3e-24   80.9  16.6   3   3      0.17        31   -1.7   0.1   530   563   458   491   400   503 0.72 NZ_QQRB01000020.1_9 # 7440 # 8981 # -1 # ID=12_9;partial=00;start_type=ATG;rbs_motif=GGA/GAG/AGG;rbs_spacer=5-10bp;gc_cont=0.272
#
# Program:         hmmsearch
# Version:         3.4 (Aug 2023)
# Pipeline mode:   SEARCH
# Query file:      /home/lgef/Documentos/GitHub/Project_doctoral/IMPLEMENTACAO/Genomes/M_hyopneumoniae/MHP_ncbi_dataset/ncbi_dataset/data/strains/MHP653/Use/busco_downloads/lineages/mycoplasmatales_odb10/hmms/462at2085.hmm
# Target file:     /home/lgef/Documentos/GitHub/Project_doctoral/IMPLEMENTACAO/Genomes/M_hyopneumoniae/MHP_ncbi_dataset/ncbi_dataset/data/strains/MHP653/Use/busco_draft/prodigal_output/predicted_genes/predicted.faa
# Option settings: hmmsearch --domtblout /home/lgef/Documentos/GitHub/Project_doctoral/IMPLEMENTACAO/Genomes/M_hyopneumoniae/MHP_ncbi_dataset/ncbi_dataset/data/strains/MHP653/Use/busco_draft/run_mycoplasmatales_odb10/hmmer_output/462at2085.out --cpu 1 /home/lgef/Documentos/GitHub/Project_doctoral/IMPLEMENTACAO/Genomes/M_hyopneumoniae/MHP_ncbi_dataset/ncbi_dataset/data/strains/MHP653/Use/busco_downloads/lineages/mycoplasmatales_odb10/hmms/462at2085.hmm /home/lgef/Documentos/GitHub/Project_doctoral/IMPLEMENTACAO/Genomes/M_hyopneumoniae/MHP_ncbi_dataset/ncbi_dataset/data/strains/MHP653/Use/busco_draft/prodigal_output/predicted_genes/predicted.faa 
# Current dir:     /home/lgef/Documentos/GitHub/Project_doctoral/IMPLEMENTACAO/Genomes/M_hyopneumoniae/MHP_ncbi_dataset/ncbi_dataset/data/strains/MHP653/Use
# Date:            Thu Nov 28 19:38:10 2024
# [ok]
