#                                                                                       --- full sequence --- -------------- this domain -------------   hmm coord   ali coord   env coord
# target name                   accession   tlen query name           accession   qlen   E-value  score  bias   #  of  c-Evalue  i-Evalue  score  bias  from    to  from    to  from    to  acc description of target
#           ------------------- ---------- ----- -------------------- ---------- ----- --------- ------ ----- --- --- --------- --------- ------ ----- ----- ----- ----- ----- ----- ----- ---- ---------------------
NZ_QQRB01000003.1:17947-20892|+ -            982 543at2085            -            552  1.9e-180  596.4  43.4   1   3   3.1e-21   1.1e-18   62.4   4.0     1    74     3    86     3   147 0.75 NZ_QQRB01000003.1_17 # 17947 # 20892 # 1 # ID=32_17;partial=00;start_type=ATG;rbs_motif=None;rbs_spacer=None;gc_cont=0.290
NZ_QQRB01000003.1:17947-20892|+ -            982 543at2085            -            552  1.9e-180  596.4  43.4   2   3   1.3e-69   4.7e-67  222.1   2.5    86   255   237   404   161   419 0.86 NZ_QQRB01000003.1_17 # 17947 # 20892 # 1 # ID=32_17;partial=00;start_type=ATG;rbs_motif=None;rbs_spacer=None;gc_cont=0.290
NZ_QQRB01000003.1:17947-20892|+ -            982 543at2085            -            552  1.9e-180  596.4  43.4   3   3  7.9e-100   2.9e-97  321.8  21.3   227   542   437   822   430   834 0.83 NZ_QQRB01000003.1_17 # 17947 # 20892 # 1 # ID=32_17;partial=00;start_type=ATG;rbs_motif=None;rbs_spacer=None;gc_cont=0.290
NZ_QQRB01000005.1:16231-20637|+ -           1469 543at2085            -            552   3.9e-17   57.3  24.8   1   6      0.31   1.1e+02   -3.6   0.8   457   536   545   625   541   632 0.68 NZ_QQRB01000005.1_15 # 16231 # 20637 # 1 # ID=54_15;partial=00;start_type=ATG;rbs_motif=AGGAG;rbs_spacer=5-10bp;gc_cont=0.303
NZ_QQRB01000005.1:16231-20637|+ -           1469 543at2085            -            552   3.9e-17   57.3  24.8   2   6   7.2e-11   2.7e-08   28.2   0.0   106   169   852   914   836   918 0.91 NZ_QQRB01000005.1_15 # 16231 # 20637 # 1 # ID=54_15;partial=00;start_type=ATG;rbs_motif=AGGAG;rbs_spacer=5-10bp;gc_cont=0.303
NZ_QQRB01000005.1:16231-20637|+ -           1469 543at2085            -            552   3.9e-17   57.3  24.8   3   6   6.9e-05     0.025    8.4   0.0   171   216   957  1002   950  1024 0.88 NZ_QQRB01000005.1_15 # 16231 # 20637 # 1 # ID=54_15;partial=00;start_type=ATG;rbs_motif=AGGAG;rbs_spacer=5-10bp;gc_cont=0.303
NZ_QQRB01000005.1:16231-20637|+ -           1469 543at2085            -            552   3.9e-17   57.3  24.8   4   6    0.0028         1    3.1   0.0   233   267  1050  1084  1045  1137 0.60 NZ_QQRB01000005.1_15 # 16231 # 20637 # 1 # ID=54_15;partial=00;start_type=ATG;rbs_motif=AGGAG;rbs_spacer=5-10bp;gc_cont=0.303
NZ_QQRB01000005.1:16231-20637|+ -           1469 543at2085            -            552   3.9e-17   57.3  24.8   5   6   3.7e-09   1.4e-06   22.5   6.4   308   468  1167  1317  1157  1347 0.60 NZ_QQRB01000005.1_15 # 16231 # 20637 # 1 # ID=54_15;partial=00;start_type=ATG;rbs_motif=AGGAG;rbs_spacer=5-10bp;gc_cont=0.303
NZ_QQRB01000005.1:16231-20637|+ -           1469 543at2085            -            552   3.9e-17   57.3  24.8   6   6    0.0059       2.2    2.0   0.1   478   545  1385  1460  1365  1466 0.78 NZ_QQRB01000005.1_15 # 16231 # 20637 # 1 # ID=54_15;partial=00;start_type=ATG;rbs_motif=AGGAG;rbs_spacer=5-10bp;gc_cont=0.303
#
# Program:         hmmsearch
# Version:         3.4 (Aug 2023)
# Pipeline mode:   SEARCH
# Query file:      /home/lgef/Documentos/GitHub/Project_doctoral/IMPLEMENTACAO/Genomes/M_hyopneumoniae/MHP_ncbi_dataset/ncbi_dataset/data/strains/MHP653/Use/busco_downloads/lineages/mycoplasmatales_odb10/hmms/543at2085.hmm
# Target file:     /home/lgef/Documentos/GitHub/Project_doctoral/IMPLEMENTACAO/Genomes/M_hyopneumoniae/MHP_ncbi_dataset/ncbi_dataset/data/strains/MHP653/Use/busco_draft/prodigal_output/predicted_genes/predicted.faa
# Option settings: hmmsearch --domtblout /home/lgef/Documentos/GitHub/Project_doctoral/IMPLEMENTACAO/Genomes/M_hyopneumoniae/MHP_ncbi_dataset/ncbi_dataset/data/strains/MHP653/Use/busco_draft/run_mycoplasmatales_odb10/hmmer_output/543at2085.out --cpu 1 /home/lgef/Documentos/GitHub/Project_doctoral/IMPLEMENTACAO/Genomes/M_hyopneumoniae/MHP_ncbi_dataset/ncbi_dataset/data/strains/MHP653/Use/busco_downloads/lineages/mycoplasmatales_odb10/hmms/543at2085.hmm /home/lgef/Documentos/GitHub/Project_doctoral/IMPLEMENTACAO/Genomes/M_hyopneumoniae/MHP_ncbi_dataset/ncbi_dataset/data/strains/MHP653/Use/busco_draft/prodigal_output/predicted_genes/predicted.faa 
# Current dir:     /home/lgef/Documentos/GitHub/Project_doctoral/IMPLEMENTACAO/Genomes/M_hyopneumoniae/MHP_ncbi_dataset/ncbi_dataset/data/strains/MHP653/Use
# Date:            Thu Nov 28 19:38:10 2024
# [ok]
