#                                                                                  --- full sequence --- -------------- this domain -------------   hmm coord   ali coord   env coord
# target name              accession   tlen query name           accession   qlen   E-value  score  bias   #  of  c-Evalue  i-Evalue  score  bias  from    to  from    to  from    to  acc description of target
#      ------------------- ---------- ----- -------------------- ---------- ----- --------- ------ ----- --- --- --------- --------- ------ ----- ----- ----- ----- ----- ----- ----- ---- ---------------------
CP098238.1:709630-711873|- -            748 147at2085            -            460  6.7e-196  646.8  22.8   1   4   4.5e-08   1.7e-05   19.1   1.2     2    33   153   184   152   196 0.91 CP098238.1_573 # 709630 # 711873 # -1 # ID=1_573;partial=00;start_type=TTG;rbs_motif=None;rbs_spacer=None;gc_cont=0.348
CP098238.1:709630-711873|- -            748 147at2085            -            460  6.7e-196  646.8  22.8   2   4   4.9e-17   1.8e-14   48.7   1.2    37    95   218   284   191   288 0.78 CP098238.1_573 # 709630 # 711873 # -1 # ID=1_573;partial=00;start_type=TTG;rbs_motif=None;rbs_spacer=None;gc_cont=0.348
CP098238.1:709630-711873|- -            748 147at2085            -            460  6.7e-196  646.8  22.8   3   4  2.7e-110    1e-107  356.1   0.6    94   300   321   534   312   543 0.95 CP098238.1_573 # 709630 # 711873 # -1 # ID=1_573;partial=00;start_type=TTG;rbs_motif=None;rbs_spacer=None;gc_cont=0.348
CP098238.1:709630-711873|- -            748 147at2085            -            460  6.7e-196  646.8  22.8   4   4   4.8e-74   1.8e-71  236.6   0.7   301   460   572   746   567   746 0.95 CP098238.1_573 # 709630 # 711873 # -1 # ID=1_573;partial=00;start_type=TTG;rbs_motif=None;rbs_spacer=None;gc_cont=0.348
CP098238.1:544484-545440|+ -            319 147at2085            -            460   1.4e-05   19.4   4.1   1   3   1.6e-06   0.00058   14.0   0.0   100   125    42    67    36    81 0.85 CP098238.1_470 # 544484 # 545440 # 1 # ID=1_470;partial=00;start_type=ATG;rbs_motif=None;rbs_spacer=None;gc_cont=0.316
CP098238.1:544484-545440|+ -            319 147at2085            -            460   1.4e-05   19.4   4.1   2   3    0.0014      0.52    4.3   0.6   208   273   134   196    84   203 0.71 CP098238.1_470 # 544484 # 545440 # 1 # ID=1_470;partial=00;start_type=ATG;rbs_motif=None;rbs_spacer=None;gc_cont=0.316
CP098238.1:544484-545440|+ -            319 147at2085            -            460   1.4e-05   19.4   4.1   3   3     0.019       6.8    0.6   0.1     8    78   205   277   199   290 0.77 CP098238.1_470 # 544484 # 545440 # 1 # ID=1_470;partial=00;start_type=ATG;rbs_motif=None;rbs_spacer=None;gc_cont=0.316
#
# Program:         hmmsearch
# Version:         3.4 (Aug 2023)
# Pipeline mode:   SEARCH
# Query file:      /home/lgef/Documentos/GitHub/Project_doctoral/IMPLEMENTACAO/Genomes/M_hyopneumoniae/MHP_ncbi_dataset/ncbi_dataset/data/strains/153B/Use/busco_downloads/lineages/mycoplasmatales_odb10/hmms/147at2085.hmm
# Target file:     /home/lgef/Documentos/GitHub/Project_doctoral/IMPLEMENTACAO/Genomes/M_hyopneumoniae/MHP_ncbi_dataset/ncbi_dataset/data/strains/153B/Use/busco_complete/prodigal_output/predicted_genes/predicted.faa
# Option settings: hmmsearch --domtblout /home/lgef/Documentos/GitHub/Project_doctoral/IMPLEMENTACAO/Genomes/M_hyopneumoniae/MHP_ncbi_dataset/ncbi_dataset/data/strains/153B/Use/busco_complete/run_mycoplasmatales_odb10/hmmer_output/147at2085.out --cpu 1 /home/lgef/Documentos/GitHub/Project_doctoral/IMPLEMENTACAO/Genomes/M_hyopneumoniae/MHP_ncbi_dataset/ncbi_dataset/data/strains/153B/Use/busco_downloads/lineages/mycoplasmatales_odb10/hmms/147at2085.hmm /home/lgef/Documentos/GitHub/Project_doctoral/IMPLEMENTACAO/Genomes/M_hyopneumoniae/MHP_ncbi_dataset/ncbi_dataset/data/strains/153B/Use/busco_complete/prodigal_output/predicted_genes/predicted.faa 
# Current dir:     /home/lgef/Documentos/GitHub/Project_doctoral/IMPLEMENTACAO/Genomes/M_hyopneumoniae/MHP_ncbi_dataset/ncbi_dataset/data/strains/153B/Use
# Date:            Thu Nov 28 19:21:55 2024
# [ok]
