#                                                                                  --- full sequence --- -------------- this domain -------------   hmm coord   ali coord   env coord
# target name              accession   tlen query name           accession   qlen   E-value  score  bias   #  of  c-Evalue  i-Evalue  score  bias  from    to  from    to  from    to  acc description of target
#      ------------------- ---------- ----- -------------------- ---------- ----- --------- ------ ----- --- --- --------- --------- ------ ----- ----- ----- ----- ----- ----- ----- ---- ---------------------
CP098238.1:719986-724392|- -           1469 56at2085             -           1080         0 1374.2  31.1   1   1         0         0 1365.7  31.1    49  1080   317  1467   283  1467 0.89 CP098238.1_582 # 719986 # 724392 # -1 # ID=1_582;partial=00;start_type=ATG;rbs_motif=AGGAG;rbs_spacer=5-10bp;gc_cont=0.302
CP098238.1:781365-783527|- -            721 56at2085             -           1080     3e-18   60.5  25.8   1   6   3.2e-08   7.7e-06   19.4   0.0   510   566     2    59     1    63 0.94 CP098238.1_632 # 781365 # 783527 # -1 # ID=1_632;partial=00;start_type=TTG;rbs_motif=GGA/GAG/AGG;rbs_spacer=5-10bp;gc_cont=0.298
CP098238.1:781365-783527|- -            721 56at2085             -           1080     3e-18   60.5  25.8   2   6   2.2e-05    0.0053   10.0   0.0   607   678    63   134    60   142 0.90 CP098238.1_632 # 781365 # 783527 # -1 # ID=1_632;partial=00;start_type=TTG;rbs_motif=GGA/GAG/AGG;rbs_spacer=5-10bp;gc_cont=0.298
CP098238.1:781365-783527|- -            721 56at2085             -           1080     3e-18   60.5  25.8   3   6    0.0014      0.35    4.0   0.1   674   754   176   251   165   286 0.78 CP098238.1_632 # 781365 # 783527 # -1 # ID=1_632;partial=00;start_type=TTG;rbs_motif=GGA/GAG/AGG;rbs_spacer=5-10bp;gc_cont=0.298
CP098238.1:781365-783527|- -            721 56at2085             -           1080     3e-18   60.5  25.8   4   6     0.013       3.2    0.8   0.5   292   373   323   406   320   425 0.79 CP098238.1_632 # 781365 # 783527 # -1 # ID=1_632;partial=00;start_type=TTG;rbs_motif=GGA/GAG/AGG;rbs_spacer=5-10bp;gc_cont=0.298
CP098238.1:781365-783527|- -            721 56at2085             -           1080     3e-18   60.5  25.8   5   6   3.4e-07   8.2e-05   16.0   7.5   906   943   423   460   407   473 0.85 CP098238.1_632 # 781365 # 783527 # -1 # ID=1_632;partial=00;start_type=TTG;rbs_motif=GGA/GAG/AGG;rbs_spacer=5-10bp;gc_cont=0.298
CP098238.1:781365-783527|- -            721 56at2085             -           1080     3e-18   60.5  25.8   6   6     2e-08   4.8e-06   20.1   0.2   987  1065   473   553   463   569 0.80 CP098238.1_632 # 781365 # 783527 # -1 # ID=1_632;partial=00;start_type=TTG;rbs_motif=GGA/GAG/AGG;rbs_spacer=5-10bp;gc_cont=0.298
CP098238.1:784004-784309|- -            102 56at2085             -           1080     2e-07   24.6   0.0   1   1   8.5e-10   2.1e-07   24.6   0.0    54   118     4    69     1    86 0.92 CP098238.1_633 # 784004 # 784309 # -1 # ID=1_633;partial=00;start_type=ATG;rbs_motif=None;rbs_spacer=None;gc_cont=0.239
#
# Program:         hmmsearch
# Version:         3.4 (Aug 2023)
# Pipeline mode:   SEARCH
# Query file:      /home/lgef/Documentos/GitHub/Project_doctoral/IMPLEMENTACAO/Genomes/M_hyopneumoniae/MHP_ncbi_dataset/ncbi_dataset/data/strains/153B/Use/busco_downloads/lineages/mycoplasmatales_odb10/hmms/56at2085.hmm
# Target file:     /home/lgef/Documentos/GitHub/Project_doctoral/IMPLEMENTACAO/Genomes/M_hyopneumoniae/MHP_ncbi_dataset/ncbi_dataset/data/strains/153B/Use/busco_complete/prodigal_output/predicted_genes/predicted.faa
# Option settings: hmmsearch --domtblout /home/lgef/Documentos/GitHub/Project_doctoral/IMPLEMENTACAO/Genomes/M_hyopneumoniae/MHP_ncbi_dataset/ncbi_dataset/data/strains/153B/Use/busco_complete/run_mycoplasmatales_odb10/hmmer_output/56at2085.out --cpu 1 /home/lgef/Documentos/GitHub/Project_doctoral/IMPLEMENTACAO/Genomes/M_hyopneumoniae/MHP_ncbi_dataset/ncbi_dataset/data/strains/153B/Use/busco_downloads/lineages/mycoplasmatales_odb10/hmms/56at2085.hmm /home/lgef/Documentos/GitHub/Project_doctoral/IMPLEMENTACAO/Genomes/M_hyopneumoniae/MHP_ncbi_dataset/ncbi_dataset/data/strains/153B/Use/busco_complete/prodigal_output/predicted_genes/predicted.faa 
# Current dir:     /home/lgef/Documentos/GitHub/Project_doctoral/IMPLEMENTACAO/Genomes/M_hyopneumoniae/MHP_ncbi_dataset/ncbi_dataset/data/strains/153B/Use
# Date:            Thu Nov 28 19:22:00 2024
# [ok]
