#                                                                                         --- full sequence --- -------------- this domain -------------   hmm coord   ali coord   env coord
# target name                     accession   tlen query name           accession   qlen   E-value  score  bias   #  of  c-Evalue  i-Evalue  score  bias  from    to  from    to  from    to  acc description of target
#             ------------------- ---------- ----- -------------------- ---------- ----- --------- ------ ----- --- --- --------- --------- ------ ----- ----- ----- ----- ----- ----- ----- ---- ---------------------
NZ_QQRD01000001.1:203779-206622|+ -            948 111at2085            -            770         0 1169.0  23.8   1   3   9.2e-86   4.1e-84  278.1   0.2     1   184    11   218    11   235 0.88 NZ_QQRD01000001.1_123 # 203779 # 206622 # 1 # ID=10_123;partial=00;start_type=ATG;rbs_motif=None;rbs_spacer=None;gc_cont=0.335
NZ_QQRD01000001.1:203779-206622|+ -            948 111at2085            -            770         0 1169.0  23.8   2   3   7.7e-38   3.4e-36  119.7   0.3   186   344   255   454   247   458 0.81 NZ_QQRD01000001.1_123 # 203779 # 206622 # 1 # ID=10_123;partial=00;start_type=ATG;rbs_motif=None;rbs_spacer=None;gc_cont=0.335
NZ_QQRD01000001.1:203779-206622|+ -            948 111at2085            -            770         0 1169.0  23.8   3   3  4.7e-234  2.1e-232  768.5  13.1   317   770   454   944   450   944 0.95 NZ_QQRD01000001.1_123 # 203779 # 206622 # 1 # ID=10_123;partial=00;start_type=ATG;rbs_motif=None;rbs_spacer=None;gc_cont=0.335
NZ_QQRD01000003.1:56395-57297|+   -            301 111at2085            -            770     9e-15   48.8   0.0   1   2   3.9e-05    0.0018   11.5   0.0   483   513    22    52    14    60 0.89 NZ_QQRD01000003.1_48 # 56395 # 57297 # 1 # ID=18_48;partial=00;start_type=ATG;rbs_motif=None;rbs_spacer=None;gc_cont=0.308
NZ_QQRD01000003.1:56395-57297|+   -            301 111at2085            -            770     9e-15   48.8   0.0   2   2   2.6e-12   1.2e-10   35.2   0.0   641   729   136   221   108   231 0.87 NZ_QQRD01000003.1_48 # 56395 # 57297 # 1 # ID=18_48;partial=00;start_type=ATG;rbs_motif=None;rbs_spacer=None;gc_cont=0.308
NZ_QQRD01000001.1:108243-109781|+ -            513 111at2085            -            770   1.8e-14   47.8  14.0   1   4    0.0052      0.23    4.5   0.2   483   512    21    50    10    58 0.84 NZ_QQRD01000001.1_60 # 108243 # 109781 # 1 # ID=10_60;partial=00;start_type=TTG;rbs_motif=AGGA;rbs_spacer=5-10bp;gc_cont=0.311
NZ_QQRD01000001.1:108243-109781|+ -            513 111at2085            -            770   1.8e-14   47.8  14.0   2   4   6.7e-09     3e-07   24.0   0.2   647   736   129   215   113   223 0.82 NZ_QQRD01000001.1_60 # 108243 # 109781 # 1 # ID=10_60;partial=00;start_type=TTG;rbs_motif=AGGA;rbs_spacer=5-10bp;gc_cont=0.311
NZ_QQRD01000001.1:108243-109781|+ -            513 111at2085            -            770   1.8e-14   47.8  14.0   3   4    0.0038      0.17    4.9   0.0     6    39   278   311   269   321 0.76 NZ_QQRD01000001.1_60 # 108243 # 109781 # 1 # ID=10_60;partial=00;start_type=TTG;rbs_motif=AGGA;rbs_spacer=5-10bp;gc_cont=0.311
NZ_QQRD01000001.1:108243-109781|+ -            513 111at2085            -            770   1.8e-14   47.8  14.0   4   4   5.1e-08   2.3e-06   21.0   1.6   640   736   388   482   361   507 0.82 NZ_QQRD01000001.1_60 # 108243 # 109781 # 1 # ID=10_60;partial=00;start_type=TTG;rbs_motif=AGGA;rbs_spacer=5-10bp;gc_cont=0.311
NZ_QQRD01000001.1:343974-346292|+ -            773 111at2085            -            770   2.3e-14   47.5   3.3   1   2   3.6e-06   0.00016   14.9   0.2   484   513    17    46     5    53 0.88 NZ_QQRD01000001.1_226 # 343974 # 346292 # 1 # ID=10_226;partial=00;start_type=ATG;rbs_motif=None;rbs_spacer=None;gc_cont=0.261
NZ_QQRD01000001.1:343974-346292|+ -            773 111at2085            -            770   2.3e-14   47.5   3.3   2   2   1.2e-11   5.4e-10   33.0   0.3   645   738   110   200    60   206 0.75 NZ_QQRD01000001.1_226 # 343974 # 346292 # 1 # ID=10_226;partial=00;start_type=ATG;rbs_motif=None;rbs_spacer=None;gc_cont=0.261
NZ_QQRD01000003.1:55604-56422|+   -            273 111at2085            -            770   1.7e-10   34.7   1.6   1   2   7.7e-05    0.0034   10.5   0.1   483   510    19    46     8    59 0.87 NZ_QQRD01000003.1_47 # 55604 # 56422 # 1 # ID=18_47;partial=00;start_type=ATG;rbs_motif=None;rbs_spacer=None;gc_cont=0.289
NZ_QQRD01000003.1:55604-56422|+   -            273 111at2085            -            770   1.7e-10   34.7   1.6   2   2     9e-09     4e-07   23.5   0.3   657   759   131   225    91   236 0.85 NZ_QQRD01000003.1_47 # 55604 # 56422 # 1 # ID=18_47;partial=00;start_type=ATG;rbs_motif=None;rbs_spacer=None;gc_cont=0.289
NZ_QQRD01000001.1:91818-92867|-   -            350 111at2085            -            770   4.7e-10   33.2   0.2   1   2    0.0058      0.26    4.3   0.1    12    36    31    55    19    73 0.74 NZ_QQRD01000001.1_50 # 91818 # 92867 # -1 # ID=10_50;partial=00;start_type=ATG;rbs_motif=AGGAGG;rbs_spacer=5-10bp;gc_cont=0.337
NZ_QQRD01000001.1:91818-92867|-   -            350 111at2085            -            770   4.7e-10   33.2   0.2   2   2   7.9e-10   3.5e-08   27.0   0.0   660   738   158   235   129   251 0.81 NZ_QQRD01000001.1_50 # 91818 # 92867 # -1 # ID=10_50;partial=00;start_type=ATG;rbs_motif=AGGAGG;rbs_spacer=5-10bp;gc_cont=0.337
NZ_QQRD01000001.1:153916-155250|- -            445 111at2085            -            770   5.2e-10   33.1   6.1   1   2    0.0012     0.056    6.5   0.1   482   511    24    53    16    58 0.80 NZ_QQRD01000001.1_90 # 153916 # 155250 # -1 # ID=10_90;partial=00;start_type=ATG;rbs_motif=GGA/GAG/AGG;rbs_spacer=11-12bp;gc_cont=0.302
NZ_QQRD01000001.1:153916-155250|- -            445 111at2085            -            770   5.2e-10   33.1   6.1   2   2   6.1e-10   2.7e-08   27.4   2.9   244   426   123   302   109   314 0.81 NZ_QQRD01000001.1_90 # 153916 # 155250 # -1 # ID=10_90;partial=00;start_type=ATG;rbs_motif=GGA/GAG/AGG;rbs_spacer=11-12bp;gc_cont=0.302
NZ_QQRD01000006.1:8956-10116|+    -            387 111at2085            -            770   2.9e-08   27.3   5.6   1   3   5.7e-06   0.00025   14.3   0.1   477   512    16    51     4    60 0.80 NZ_QQRD01000006.1_7 # 8956 # 10116 # 1 # ID=21_7;partial=00;start_type=ATG;rbs_motif=GGA/GAG/AGG;rbs_spacer=11-12bp;gc_cont=0.252
NZ_QQRD01000006.1:8956-10116|+    -            387 111at2085            -            770   2.9e-08   27.3   5.6   2   3   2.3e-06    0.0001   15.6   0.1   350   425   187   262   166   280 0.61 NZ_QQRD01000006.1_7 # 8956 # 10116 # 1 # ID=21_7;partial=00;start_type=ATG;rbs_motif=GGA/GAG/AGG;rbs_spacer=11-12bp;gc_cont=0.252
NZ_QQRD01000006.1:8956-10116|+    -            387 111at2085            -            770   2.9e-08   27.3   5.6   3   3       0.8        36   -2.7   0.3   455   481   310   336   306   377 0.56 NZ_QQRD01000006.1_7 # 8956 # 10116 # 1 # ID=21_7;partial=00;start_type=ATG;rbs_motif=GGA/GAG/AGG;rbs_spacer=11-12bp;gc_cont=0.252
NZ_QQRD01000002.1:115887-117413|+ -            509 111at2085            -            770   1.5e-07   24.9   9.4   1   4     0.097       4.3    0.3   0.0    13   512    25    51    13    66 0.63 NZ_QQRD01000002.1_115 # 115887 # 117413 # 1 # ID=17_115;partial=00;start_type=ATG;rbs_motif=None;rbs_spacer=None;gc_cont=0.310
NZ_QQRD01000002.1:115887-117413|+ -            509 111at2085            -            770   1.5e-07   24.9   9.4   2   4     1e-08   4.6e-07   23.4   0.6   641   730   121   207   114   219 0.89 NZ_QQRD01000002.1_115 # 115887 # 117413 # 1 # ID=17_115;partial=00;start_type=ATG;rbs_motif=None;rbs_spacer=None;gc_cont=0.310
NZ_QQRD01000002.1:115887-117413|+ -            509 111at2085            -            770   1.5e-07   24.9   9.4   3   4      0.42        19   -1.8   0.0   478   508   268   298   215   311 0.62 NZ_QQRD01000002.1_115 # 115887 # 117413 # 1 # ID=17_115;partial=00;start_type=ATG;rbs_motif=None;rbs_spacer=None;gc_cont=0.310
NZ_QQRD01000002.1:115887-117413|+ -            509 111at2085            -            770   1.5e-07   24.9   9.4   4   4    0.0043      0.19    4.7   0.3   659   736   402   477   364   484 0.84 NZ_QQRD01000002.1_115 # 115887 # 117413 # 1 # ID=17_115;partial=00;start_type=ATG;rbs_motif=None;rbs_spacer=None;gc_cont=0.310
NZ_QQRD01000012.1:1590-2360|+     -            257 111at2085            -            770   2.1e-07   24.5   0.7   1   2     0.021      0.94    2.5   0.0   481   511    24    54    17    70 0.60 NZ_QQRD01000012.1_2 # 1590 # 2360 # 1 # ID=3_2;partial=00;start_type=ATG;rbs_motif=None;rbs_spacer=None;gc_cont=0.266
NZ_QQRD01000012.1:1590-2360|+     -            257 111at2085            -            770   2.1e-07   24.5   0.7   2   2   7.4e-08   3.3e-06   20.5   0.2   644   737   135   225   102   234 0.81 NZ_QQRD01000012.1_2 # 1590 # 2360 # 1 # ID=3_2;partial=00;start_type=ATG;rbs_motif=None;rbs_spacer=None;gc_cont=0.266
NZ_QQRD01000005.1:4439-5362|+     -            308 111at2085            -            770   3.1e-07   23.9   1.5   1   2    0.0027      0.12    5.4   0.1   487   512    83   108    68   128 0.87 NZ_QQRD01000005.1_2 # 4439 # 5362 # 1 # ID=20_2;partial=00;start_type=GTG;rbs_motif=AGGAGG;rbs_spacer=5-10bp;gc_cont=0.340
NZ_QQRD01000005.1:4439-5362|+     -            308 111at2085            -            770   3.1e-07   23.9   1.5   2   2   5.2e-07   2.3e-05   17.7   0.2   647   738   183   271   160   278 0.81 NZ_QQRD01000005.1_2 # 4439 # 5362 # 1 # ID=20_2;partial=00;start_type=GTG;rbs_motif=AGGAGG;rbs_spacer=5-10bp;gc_cont=0.340
NZ_QQRD01000001.1:44270-44986|-   -            239 111at2085            -            770    0.0002   14.6   0.7   1   2    0.0034      0.15    5.1   0.2     7   510    18    48     9    63 0.65 NZ_QQRD01000001.1_21 # 44270 # 44986 # -1 # ID=10_21;partial=00;start_type=ATG;rbs_motif=AGGA;rbs_spacer=5-10bp;gc_cont=0.257
NZ_QQRD01000001.1:44270-44986|-   -            239 111at2085            -            770    0.0002   14.6   0.7   2   2   0.00042     0.019    8.1   0.0   665   731   137   200   112   221 0.82 NZ_QQRD01000001.1_21 # 44270 # 44986 # -1 # ID=10_21;partial=00;start_type=ATG;rbs_motif=AGGA;rbs_spacer=5-10bp;gc_cont=0.257
NZ_QQRD01000002.1:45530-47146|-   -            539 111at2085            -            770   0.00066   12.9   2.7   1   3     0.027       1.2    2.1   0.1   481   512    14    45     7    65 0.82 NZ_QQRD01000002.1_58 # 45530 # 47146 # -1 # ID=17_58;partial=00;start_type=ATG;rbs_motif=AGGA;rbs_spacer=5-10bp;gc_cont=0.318
NZ_QQRD01000002.1:45530-47146|-   -            539 111at2085            -            770   0.00066   12.9   2.7   2   3    0.0012     0.054    6.6   0.2   678   738   166   225   151   230 0.76 NZ_QQRD01000002.1_58 # 45530 # 47146 # -1 # ID=17_58;partial=00;start_type=ATG;rbs_motif=AGGA;rbs_spacer=5-10bp;gc_cont=0.318
NZ_QQRD01000002.1:45530-47146|-   -            539 111at2085            -            770   0.00066   12.9   2.7   3   3     0.021      0.94    2.5   0.0   662   741   446   520   437   528 0.84 NZ_QQRD01000002.1_58 # 45530 # 47146 # -1 # ID=17_58;partial=00;start_type=ATG;rbs_motif=AGGA;rbs_spacer=5-10bp;gc_cont=0.318
#
# Program:         hmmsearch
# Version:         3.4 (Aug 2023)
# Pipeline mode:   SEARCH
# Query file:      /home/bryan/Documentos/GitHub/Project_doctoral/IMPLEMENTACAO/Genomes/M_flocculare/strains/MF22/Use/busco_downloads/lineages/mycoplasmatales_odb10/hmms/111at2085.hmm
# Target file:     /home/bryan/Documentos/GitHub/Project_doctoral/IMPLEMENTACAO/Genomes/M_flocculare/strains/MF22/Use/busco_draft/prodigal_output/predicted_genes/predicted.faa
# Option settings: hmmsearch --domtblout /home/bryan/Documentos/GitHub/Project_doctoral/IMPLEMENTACAO/Genomes/M_flocculare/strains/MF22/Use/busco_draft/run_mycoplasmatales_odb10/hmmer_output/111at2085.out --cpu 1 /home/bryan/Documentos/GitHub/Project_doctoral/IMPLEMENTACAO/Genomes/M_flocculare/strains/MF22/Use/busco_downloads/lineages/mycoplasmatales_odb10/hmms/111at2085.hmm /home/bryan/Documentos/GitHub/Project_doctoral/IMPLEMENTACAO/Genomes/M_flocculare/strains/MF22/Use/busco_draft/prodigal_output/predicted_genes/predicted.faa 
# Current dir:     /home/bryan/Documentos/GitHub/Project_doctoral/IMPLEMENTACAO/Genomes/M_flocculare/strains/MF22/Use
# Date:            Sun Dec  1 18:43:35 2024
# [ok]
