#                                                                                   --- full sequence --- -------------- this domain -------------   hmm coord   ali coord   env coord
# target name               accession   tlen query name           accession   qlen   E-value  score  bias   #  of  c-Evalue  i-Evalue  score  bias  from    to  from    to  from    to  acc description of target
#       ------------------- ---------- ----- -------------------- ---------- ----- --------- ------ ----- --- --- --------- --------- ------ ----- ----- ----- ----- ----- ----- ----- ---- ---------------------
NC_021831.1:211805-212386|- -            194 4276at2085           -            173   1.1e-66  219.3   7.2   1   1   7.4e-69   1.3e-66  219.0   7.2     3   173     2   190     1   190 0.91 NC_021831.1_181 # 211805 # 212386 # -1 # ID=1_181;partial=00;start_type=ATG;rbs_motif=GGA/GAG/AGG;rbs_spacer=5-10bp;gc_cont=0.268
NC_021831.1:90933-91622|+   -            230 4276at2085           -            173   4.9e-05   18.6   0.5   1   2   5.6e-06   0.00098   14.3   0.0     6    27     8    29     3    39 0.82 NC_021831.1_75 # 90933 # 91622 # 1 # ID=1_75;partial=00;start_type=ATG;rbs_motif=4Base/6BMM;rbs_spacer=13-15bp;gc_cont=0.297
NC_021831.1:90933-91622|+   -            230 4276at2085           -            173   4.9e-05   18.6   0.5   2   2     0.028       4.8    2.3   0.1    23    72   135   184   126   213 0.75 NC_021831.1_75 # 90933 # 91622 # 1 # ID=1_75;partial=00;start_type=ATG;rbs_motif=4Base/6BMM;rbs_spacer=13-15bp;gc_cont=0.297
NC_021831.1:227609-228247|- -            213 4276at2085           -            173   0.00042   15.5   0.2   1   2   2.3e-05     0.004   12.3   0.1     2    42     3    42     2   106 0.78 NC_021831.1_204 # 227609 # 228247 # -1 # ID=1_204;partial=00;start_type=ATG;rbs_motif=AGxAGG/AGGxGG;rbs_spacer=11-12bp;gc_cont=0.290
NC_021831.1:227609-228247|- -            213 4276at2085           -            173   0.00042   15.5   0.2   2   2     0.062        11    1.2   0.0   126   146   158   178   151   208 0.87 NC_021831.1_204 # 227609 # 228247 # -1 # ID=1_204;partial=00;start_type=ATG;rbs_motif=AGxAGG/AGGxGG;rbs_spacer=11-12bp;gc_cont=0.290
NC_021831.1:115064-117688|- -            875 4276at2085           -            173    0.0012   14.1   0.4   1   2     0.003      0.53    5.4   0.0     2    22    30    50    29    74 0.74 NC_021831.1_99 # 115064 # 117688 # -1 # ID=1_99;partial=00;start_type=ATG;rbs_motif=None;rbs_spacer=None;gc_cont=0.328
NC_021831.1:115064-117688|- -            875 4276at2085           -            173    0.0012   14.1   0.4   2   2     0.002      0.36    6.0   0.2     4    26   639   661   637   679 0.86 NC_021831.1_99 # 115064 # 117688 # -1 # ID=1_99;partial=00;start_type=ATG;rbs_motif=None;rbs_spacer=None;gc_cont=0.328
#
# Program:         hmmsearch
# Version:         3.4 (Aug 2023)
# Pipeline mode:   SEARCH
# Query file:      /home/bryan/Documentos/GitHub/Project_doctoral/IMPLEMENTACAO/Genomes/M_hyopneumoniae/strains/7422/Use/busco_downloads/lineages/mycoplasmatales_odb10/hmms/4276at2085.hmm
# Target file:     /home/bryan/Documentos/GitHub/Project_doctoral/IMPLEMENTACAO/Genomes/M_hyopneumoniae/strains/7422/Use/busco_complete/prodigal_output/predicted_genes/predicted.faa
# Option settings: hmmsearch --domtblout /home/bryan/Documentos/GitHub/Project_doctoral/IMPLEMENTACAO/Genomes/M_hyopneumoniae/strains/7422/Use/busco_complete/run_mycoplasmatales_odb10/hmmer_output/4276at2085.out --cpu 1 /home/bryan/Documentos/GitHub/Project_doctoral/IMPLEMENTACAO/Genomes/M_hyopneumoniae/strains/7422/Use/busco_downloads/lineages/mycoplasmatales_odb10/hmms/4276at2085.hmm /home/bryan/Documentos/GitHub/Project_doctoral/IMPLEMENTACAO/Genomes/M_hyopneumoniae/strains/7422/Use/busco_complete/prodigal_output/predicted_genes/predicted.faa 
# Current dir:     /home/bryan/Documentos/GitHub/Project_doctoral/IMPLEMENTACAO/Genomes/M_hyopneumoniae/strains/7422/Use
# Date:            Sun Dec  1 19:07:02 2024
# [ok]
