#                                                                                   --- full sequence --- -------------- this domain -------------   hmm coord   ali coord   env coord
# target name               accession   tlen query name           accession   qlen   E-value  score  bias   #  of  c-Evalue  i-Evalue  score  bias  from    to  from    to  from    to  acc description of target
#       ------------------- ---------- ----- -------------------- ---------- ----- --------- ------ ----- --- --- --------- --------- ------ ----- ----- ----- ----- ----- ----- ----- ---- ---------------------
NC_021831.1:889931-892399|+ -            823 534at2085            -            678  9.5e-263  868.8  53.9   1   2    5e-255  8.9e-253  835.8  45.8    14   658    28   751     1   770 0.85 NC_021831.1_697 # 889931 # 892399 # 1 # ID=1_697;partial=00;start_type=ATG;rbs_motif=AGGA;rbs_spacer=5-10bp;gc_cont=0.299
NC_021831.1:889931-892399|+ -            823 534at2085            -            678  9.5e-263  868.8  53.9   2   2   6.7e-11   1.2e-08   29.1   5.6   625   678   766   819   741   819 0.83 NC_021831.1_697 # 889931 # 892399 # 1 # ID=1_697;partial=00;start_type=ATG;rbs_motif=AGGA;rbs_spacer=5-10bp;gc_cont=0.299
NC_021831.1:37880-40540|-   -            887 534at2085            -            678   4.2e-68  225.5  24.4   1   3   3.9e-26   6.8e-24   79.4   0.3     7   211    40   250    34   275 0.82 NC_021831.1_35 # 37880 # 40540 # -1 # ID=1_35;partial=00;start_type=ATG;rbs_motif=AGGA;rbs_spacer=5-10bp;gc_cont=0.307
NC_021831.1:37880-40540|-   -            887 534at2085            -            678   4.2e-68  225.5  24.4   2   3   1.1e-20   1.9e-18   61.4   0.4   217   383   293   469   287   482 0.80 NC_021831.1_35 # 37880 # 40540 # -1 # ID=1_35;partial=00;start_type=ATG;rbs_motif=AGGA;rbs_spacer=5-10bp;gc_cont=0.307
NC_021831.1:37880-40540|-   -            887 534at2085            -            678   4.2e-68  225.5  24.4   3   3   5.4e-30   9.4e-28   92.2  12.3   371   599   489   721   476   780 0.77 NC_021831.1_35 # 37880 # 40540 # -1 # ID=1_35;partial=00;start_type=ATG;rbs_motif=AGGA;rbs_spacer=5-10bp;gc_cont=0.307
NC_021831.1:846384-848756|- -            791 534at2085            -            678     3e-38  126.9  20.2   1   6   3.4e-13     6e-11   36.6   0.0    14   169    26   171    13   175 0.79 NC_021831.1_669 # 846384 # 848756 # -1 # ID=1_669;partial=00;start_type=ATG;rbs_motif=GGA/GAG/AGG;rbs_spacer=5-10bp;gc_cont=0.306
NC_021831.1:846384-848756|- -            791 534at2085            -            678     3e-38  126.9  20.2   2   6   7.9e-06    0.0014   12.3   0.2   308   365   177   233   170   238 0.89 NC_021831.1_669 # 846384 # 848756 # -1 # ID=1_669;partial=00;start_type=ATG;rbs_motif=GGA/GAG/AGG;rbs_spacer=5-10bp;gc_cont=0.306
NC_021831.1:846384-848756|- -            791 534at2085            -            678     3e-38  126.9  20.2   3   6     0.014       2.4    1.6   0.0   176   210   231   266   226   287 0.77 NC_021831.1_669 # 846384 # 848756 # -1 # ID=1_669;partial=00;start_type=ATG;rbs_motif=GGA/GAG/AGG;rbs_spacer=5-10bp;gc_cont=0.306
NC_021831.1:846384-848756|- -            791 534at2085            -            678     3e-38  126.9  20.2   4   6   9.3e-09   1.6e-06   22.0   0.1   216   300   302   391   295   397 0.86 NC_021831.1_669 # 846384 # 848756 # -1 # ID=1_669;partial=00;start_type=ATG;rbs_motif=GGA/GAG/AGG;rbs_spacer=5-10bp;gc_cont=0.306
NC_021831.1:846384-848756|- -            791 534at2085            -            678     3e-38  126.9  20.2   5   6   1.8e-05    0.0032   11.1   0.0   359   388   398   427   393   440 0.84 NC_021831.1_669 # 846384 # 848756 # -1 # ID=1_669;partial=00;start_type=ATG;rbs_motif=GGA/GAG/AGG;rbs_spacer=5-10bp;gc_cont=0.306
NC_021831.1:846384-848756|- -            791 534at2085            -            678     3e-38  126.9  20.2   6   6   2.2e-17   3.9e-15   50.5   6.1   437   596   530   705   500   778 0.74 NC_021831.1_669 # 846384 # 848756 # -1 # ID=1_669;partial=00;start_type=ATG;rbs_motif=GGA/GAG/AGG;rbs_spacer=5-10bp;gc_cont=0.306
NC_021831.1:519942-521483|+ -            514 534at2085            -            678   2.3e-12   41.3  22.6   1   2   7.6e-10   1.3e-07   25.6   2.3    29   155    14   128     2   146 0.78 NC_021831.1_443 # 519942 # 521483 # 1 # ID=1_443;partial=00;start_type=ATG;rbs_motif=GGA/GAG/AGG;rbs_spacer=5-10bp;gc_cont=0.274
NC_021831.1:519942-521483|+ -            514 534at2085            -            678   2.3e-12   41.3  22.6   2   2   3.2e-08   5.6e-06   20.2  12.7   312   561   151   392   127   471 0.66 NC_021831.1_443 # 519942 # 521483 # 1 # ID=1_443;partial=00;start_type=ATG;rbs_motif=GGA/GAG/AGG;rbs_spacer=5-10bp;gc_cont=0.274
#
# Program:         hmmsearch
# Version:         3.4 (Aug 2023)
# Pipeline mode:   SEARCH
# Query file:      /home/bryan/Documentos/GitHub/Project_doctoral/IMPLEMENTACAO/Genomes/M_hyopneumoniae/strains/7422/Use/busco_downloads/lineages/mycoplasmatales_odb10/hmms/534at2085.hmm
# Target file:     /home/bryan/Documentos/GitHub/Project_doctoral/IMPLEMENTACAO/Genomes/M_hyopneumoniae/strains/7422/Use/busco_complete/prodigal_output/predicted_genes/predicted.faa
# Option settings: hmmsearch --domtblout /home/bryan/Documentos/GitHub/Project_doctoral/IMPLEMENTACAO/Genomes/M_hyopneumoniae/strains/7422/Use/busco_complete/run_mycoplasmatales_odb10/hmmer_output/534at2085.out --cpu 1 /home/bryan/Documentos/GitHub/Project_doctoral/IMPLEMENTACAO/Genomes/M_hyopneumoniae/strains/7422/Use/busco_downloads/lineages/mycoplasmatales_odb10/hmms/534at2085.hmm /home/bryan/Documentos/GitHub/Project_doctoral/IMPLEMENTACAO/Genomes/M_hyopneumoniae/strains/7422/Use/busco_complete/prodigal_output/predicted_genes/predicted.faa 
# Current dir:     /home/bryan/Documentos/GitHub/Project_doctoral/IMPLEMENTACAO/Genomes/M_hyopneumoniae/strains/7422/Use
# Date:            Sun Dec  1 19:07:03 2024
# [ok]
