/home/lgef/miniconda3/envs/quast/bin/quast /home/lgef/Documentos/GitHub/Project_doctoral/IMPLEMENTACAO/Genomes/M_hyopneumoniae/MHP_ncbi_dataset/ncbi_dataset/data/strains/116/Use/GCF_040026155.1/GCF_040026155.1_ASM4002615v1_genomic.fna -o /home/lgef/Documentos/GitHub/Project_doctoral/IMPLEMENTACAO/Genomes/M_hyopneumoniae/MHP_ncbi_dataset/ncbi_dataset/data/strains/116/Use/quast_complete

Version: 5.2.0

System information:
  OS: Linux-6.8.0-49-generic-x86_64-with-glibc2.39 (linux_64)
  Python version: 3.12.3
  CPUs number: 8

Started: 2024-11-28 19:22:35

Logging to /home/lgef/Documentos/GitHub/Project_doctoral/IMPLEMENTACAO/Genomes/M_hyopneumoniae/MHP_ncbi_dataset/ncbi_dataset/data/strains/116/Use/quast_complete/quast.log
NOTICE: Maximum number of threads is set to 2 (use --threads option to set it manually)

CWD: /home/lgef/Documentos/GitHub/Project_doctoral/IMPLEMENTACAO/Genomes/M_hyopneumoniae/MHP_ncbi_dataset/ncbi_dataset/data/strains/116
Main parameters: 
  MODE: default, threads: 2, min contig length: 500, min alignment length: 65, min alignment IDY: 95.0, \
  ambiguity: one, min local misassembly length: 200, min extensive misassembly length: 1000

Contigs:
  Pre-processing...
  /home/lgef/Documentos/GitHub/Project_doctoral/IMPLEMENTACAO/Genomes/M_hyopneumoniae/MHP_ncbi_dataset/ncbi_dataset/data/strains/116/Use/GCF_040026155.1/GCF_040026155.1_ASM4002615v1_genomic.fna ==> GCF_040026155.1_ASM4002615v1_genomic

2024-11-28 19:22:36
Running Basic statistics processor...
  Contig files: 
    GCF_040026155.1_ASM4002615v1_genomic
  Calculating N50 and L50...
    GCF_040026155.1_ASM4002615v1_genomic, N50 = 901311, L50 = 1, auN = 901311.0, Total length = 901311, GC % = 28.62, # N's per 100 kbp =  0.00
  Drawing Nx plot...
    saved to /home/lgef/Documentos/GitHub/Project_doctoral/IMPLEMENTACAO/Genomes/M_hyopneumoniae/MHP_ncbi_dataset/ncbi_dataset/data/strains/116/Use/quast_complete/basic_stats/Nx_plot.pdf
  Drawing cumulative plot...
    saved to /home/lgef/Documentos/GitHub/Project_doctoral/IMPLEMENTACAO/Genomes/M_hyopneumoniae/MHP_ncbi_dataset/ncbi_dataset/data/strains/116/Use/quast_complete/basic_stats/cumulative_plot.pdf
  Drawing GC content plot...
    saved to /home/lgef/Documentos/GitHub/Project_doctoral/IMPLEMENTACAO/Genomes/M_hyopneumoniae/MHP_ncbi_dataset/ncbi_dataset/data/strains/116/Use/quast_complete/basic_stats/GC_content_plot.pdf
  Drawing GCF_040026155.1_ASM4002615v1_genomic GC content plot...
    saved to /home/lgef/Documentos/GitHub/Project_doctoral/IMPLEMENTACAO/Genomes/M_hyopneumoniae/MHP_ncbi_dataset/ncbi_dataset/data/strains/116/Use/quast_complete/basic_stats/GCF_040026155.1_ASM4002615v1_genomic_GC_content_plot.pdf
Done.

NOTICE: Genes are not predicted by default. Use --gene-finding or --glimmer option to enable it.

2024-11-28 19:22:36
Creating large visual summaries...
This may take a while: press Ctrl-C to skip this step..
  1 of 2: Creating PDF with all tables and plots...
  2 of 2: Creating Icarus viewers...
Done

2024-11-28 19:22:37
RESULTS:
  Text versions of total report are saved to /home/lgef/Documentos/GitHub/Project_doctoral/IMPLEMENTACAO/Genomes/M_hyopneumoniae/MHP_ncbi_dataset/ncbi_dataset/data/strains/116/Use/quast_complete/report.txt, report.tsv, and report.tex
  Text versions of transposed total report are saved to /home/lgef/Documentos/GitHub/Project_doctoral/IMPLEMENTACAO/Genomes/M_hyopneumoniae/MHP_ncbi_dataset/ncbi_dataset/data/strains/116/Use/quast_complete/transposed_report.txt, transposed_report.tsv, and transposed_report.tex
  HTML version (interactive tables and plots) is saved to /home/lgef/Documentos/GitHub/Project_doctoral/IMPLEMENTACAO/Genomes/M_hyopneumoniae/MHP_ncbi_dataset/ncbi_dataset/data/strains/116/Use/quast_complete/report.html
  PDF version (tables and plots) is saved to /home/lgef/Documentos/GitHub/Project_doctoral/IMPLEMENTACAO/Genomes/M_hyopneumoniae/MHP_ncbi_dataset/ncbi_dataset/data/strains/116/Use/quast_complete/report.pdf
  Icarus (contig browser) is saved to /home/lgef/Documentos/GitHub/Project_doctoral/IMPLEMENTACAO/Genomes/M_hyopneumoniae/MHP_ncbi_dataset/ncbi_dataset/data/strains/116/Use/quast_complete/icarus.html
  Log is saved to /home/lgef/Documentos/GitHub/Project_doctoral/IMPLEMENTACAO/Genomes/M_hyopneumoniae/MHP_ncbi_dataset/ncbi_dataset/data/strains/116/Use/quast_complete/quast.log

Finished: 2024-11-28 19:22:37
Elapsed time: 0:00:01.357604
NOTICEs: 2; WARNINGs: 0; non-fatal ERRORs: 0

Thank you for using QUAST!
