#                                                                                       --- full sequence --- -------------- this domain -------------   hmm coord   ali coord   env coord
# target name                   accession   tlen query name           accession   qlen   E-value  score  bias   #  of  c-Evalue  i-Evalue  score  bias  from    to  from    to  from    to  acc description of target
#           ------------------- ---------- ----- -------------------- ---------- ----- --------- ------ ----- --- --- --------- --------- ------ ----- ----- ----- ----- ----- ----- ----- ---- ---------------------
NZ_QQRL01000001.1:19706-20965|+ -            420 1851at2085           -            347    1e-133  441.1  14.1   1   2  1.3e-122  1.9e-120  397.4   7.3     1   297     1   317     1   324 0.92 NZ_QQRL01000001.1_16 # 19706 # 20965 # 1 # ID=15_16;partial=00;start_type=ATG;rbs_motif=AGGA;rbs_spacer=5-10bp;gc_cont=0.310
NZ_QQRL01000001.1:19706-20965|+ -            420 1851at2085           -            347    1e-133  441.1  14.1   2   2   2.7e-16     4e-14   47.8   1.4   281   347   346   418   310   418 0.77 NZ_QQRL01000001.1_16 # 19706 # 20965 # 1 # ID=15_16;partial=00;start_type=ATG;rbs_motif=AGGA;rbs_spacer=5-10bp;gc_cont=0.310
NZ_QQRL01000030.1:5594-6697|+   -            368 1851at2085           -            347   7.6e-15   50.1   1.0   1   1   9.9e-15   1.5e-12   42.6   1.0   154   250     5   118     2   209 0.80 NZ_QQRL01000030.1_7 # 5594 # 6697 # 1 # ID=27_7;partial=00;start_type=ATG;rbs_motif=None;rbs_spacer=None;gc_cont=0.300
NZ_QQRL01000001.1:57129-58430|+ -            434 1851at2085           -            347   6.2e-09   30.7   0.2   1   2   8.1e-06    0.0012   13.3   0.1   153   273     4   124     1   153 0.73 NZ_QQRL01000001.1_47 # 57129 # 58430 # 1 # ID=15_47;partial=00;start_type=ATG;rbs_motif=3Base/5BMM;rbs_spacer=13-15bp;gc_cont=0.293
NZ_QQRL01000001.1:57129-58430|+ -            434 1851at2085           -            347   6.2e-09   30.7   0.2   2   2   2.3e-06   0.00035   15.1   0.0   145   278   164   300   156   308 0.80 NZ_QQRL01000001.1_47 # 57129 # 58430 # 1 # ID=15_47;partial=00;start_type=ATG;rbs_motif=3Base/5BMM;rbs_spacer=13-15bp;gc_cont=0.293
NZ_QQRL01000001.1:77033-77824|+ -            264 1851at2085           -            347   6.4e-06   20.8   2.4   1   2     0.071        11    0.3   0.4   197   249    11    64     7   108 0.63 NZ_QQRL01000001.1_64 # 77033 # 77824 # 1 # ID=15_64;partial=00;start_type=ATG;rbs_motif=GGA/GAG/AGG;rbs_spacer=3-4bp;gc_cont=0.265
NZ_QQRL01000001.1:77033-77824|+ -            264 1851at2085           -            347   6.4e-06   20.8   2.4   2   2   5.3e-08     8e-06   20.5   0.1   156   296   115   251    98   261 0.86 NZ_QQRL01000001.1_64 # 77033 # 77824 # 1 # ID=15_64;partial=00;start_type=ATG;rbs_motif=GGA/GAG/AGG;rbs_spacer=3-4bp;gc_cont=0.265
NZ_QQRL01000021.1:7201-8082|-   -            294 1851at2085           -            347   0.00055   14.4   1.7   1   1   5.2e-06   0.00077   13.9   1.7   148   302     3   157     1   163 0.78 NZ_QQRL01000021.1_9 # 7201 # 8082 # -1 # ID=17_9;partial=00;start_type=ATG;rbs_motif=None;rbs_spacer=None;gc_cont=0.296
#
# Program:         hmmsearch
# Version:         3.4 (Aug 2023)
# Pipeline mode:   SEARCH
# Query file:      /home/bryan/Documentos/GitHub/Project_doctoral/IMPLEMENTACAO/Genomes/M_hyopneumoniae/strains/MHP679/Use/busco_downloads/lineages/mycoplasmatales_odb10/hmms/1851at2085.hmm
# Target file:     /home/bryan/Documentos/GitHub/Project_doctoral/IMPLEMENTACAO/Genomes/M_hyopneumoniae/strains/MHP679/Use/busco_draft/prodigal_output/predicted_genes/predicted.faa
# Option settings: hmmsearch --domtblout /home/bryan/Documentos/GitHub/Project_doctoral/IMPLEMENTACAO/Genomes/M_hyopneumoniae/strains/MHP679/Use/busco_draft/run_mycoplasmatales_odb10/hmmer_output/1851at2085.out --cpu 1 /home/bryan/Documentos/GitHub/Project_doctoral/IMPLEMENTACAO/Genomes/M_hyopneumoniae/strains/MHP679/Use/busco_downloads/lineages/mycoplasmatales_odb10/hmms/1851at2085.hmm /home/bryan/Documentos/GitHub/Project_doctoral/IMPLEMENTACAO/Genomes/M_hyopneumoniae/strains/MHP679/Use/busco_draft/prodigal_output/predicted_genes/predicted.faa 
# Current dir:     /home/bryan/Documentos/GitHub/Project_doctoral/IMPLEMENTACAO/Genomes/M_hyopneumoniae/strains/MHP679/Use
# Date:            Sun Dec  1 19:26:03 2024
# [ok]
