#                                                                                         --- full sequence --- -------------- this domain -------------   hmm coord   ali coord   env coord
# target name                     accession   tlen query name           accession   qlen   E-value  score  bias   #  of  c-Evalue  i-Evalue  score  bias  from    to  from    to  from    to  acc description of target
#             ------------------- ---------- ----- -------------------- ---------- ----- --------- ------ ----- --- --- --------- --------- ------ ----- ----- ----- ----- ----- ----- ----- ---- ---------------------
NZ_VBRW01000001.1:134223-136883|- -            887 157at2085            -            637  3.9e-234  774.0  36.3   1   4   1.4e-91     2e-89  295.9   1.3     1   221    19   274    19   287 0.85 NZ_VBRW01000001.1_89 # 134223 # 136883 # -1 # ID=1_89;partial=00;start_type=ATG;rbs_motif=AGGA;rbs_spacer=5-10bp;gc_cont=0.306
NZ_VBRW01000001.1:134223-136883|- -            887 157at2085            -            637  3.9e-234  774.0  36.3   2   4  6.5e-132  9.2e-130  429.2   7.9   224   543   303   675   294   678 0.88 NZ_VBRW01000001.1_89 # 134223 # 136883 # -1 # ID=1_89;partial=00;start_type=ATG;rbs_motif=AGGA;rbs_spacer=5-10bp;gc_cont=0.306
NZ_VBRW01000001.1:134223-136883|- -            887 157at2085            -            637  3.9e-234  774.0  36.3   3   4   5.1e-20   7.3e-18   59.5  10.3   511   602   670   772   666   804 0.80 NZ_VBRW01000001.1_89 # 134223 # 136883 # -1 # ID=1_89;partial=00;start_type=ATG;rbs_motif=AGGA;rbs_spacer=5-10bp;gc_cont=0.306
NZ_VBRW01000001.1:134223-136883|- -            887 157at2085            -            637  3.9e-234  774.0  36.3   4   4     0.018       2.6    1.5   0.1   603   637   829   863   812   863 0.78 NZ_VBRW01000001.1_89 # 134223 # 136883 # -1 # ID=1_89;partial=00;start_type=ATG;rbs_motif=AGGA;rbs_spacer=5-10bp;gc_cont=0.306
NZ_VBRW01000001.1:88831-91299|+   -            823 157at2085            -            637   1.2e-44  147.9  33.4   1   2   1.4e-44     2e-42  140.6  24.4     8   530    17   585    10   597 0.75 NZ_VBRW01000001.1_54 # 88831 # 91299 # 1 # ID=1_54;partial=00;start_type=ATG;rbs_motif=AGGA;rbs_spacer=5-10bp;gc_cont=0.296
NZ_VBRW01000001.1:88831-91299|+   -            823 157at2085            -            637   1.2e-44  147.9  33.4   2   2   0.00018     0.026    8.1   2.2   513   585   593   663   587   692 0.73 NZ_VBRW01000001.1_54 # 88831 # 91299 # 1 # ID=1_54;partial=00;start_type=ATG;rbs_motif=AGGA;rbs_spacer=5-10bp;gc_cont=0.296
NZ_VBRW01000001.1:47606-49978|-   -            791 157at2085            -            637   3.6e-38  126.6   9.3   1   4   6.2e-15   8.9e-13   42.7   0.0    11   162    17   172    10   179 0.74 NZ_VBRW01000001.1_31 # 47606 # 49978 # -1 # ID=1_31;partial=00;start_type=ATG;rbs_motif=None;rbs_spacer=None;gc_cont=0.310
NZ_VBRW01000001.1:47606-49978|-   -            791 157at2085            -            637   3.6e-38  126.6   9.3   2   4      0.21        30   -2.0   0.0   297   321   180   204   175   231 0.88 NZ_VBRW01000001.1_31 # 47606 # 49978 # -1 # ID=1_31;partial=00;start_type=ATG;rbs_motif=None;rbs_spacer=None;gc_cont=0.310
NZ_VBRW01000001.1:47606-49978|-   -            791 157at2085            -            637   3.6e-38  126.6   9.3   3   4   1.2e-09   1.7e-07   25.2   0.2   320   413   384   482   377   496 0.64 NZ_VBRW01000001.1_31 # 47606 # 49978 # -1 # ID=1_31;partial=00;start_type=ATG;rbs_motif=None;rbs_spacer=None;gc_cont=0.310
NZ_VBRW01000001.1:47606-49978|-   -            791 157at2085            -            637   3.6e-38  126.6   9.3   4   4   1.1e-20   1.6e-18   61.7   1.2   435   607   540   722   496   736 0.75 NZ_VBRW01000001.1_31 # 47606 # 49978 # -1 # ID=1_31;partial=00;start_type=ATG;rbs_motif=None;rbs_spacer=None;gc_cont=0.310
NZ_VBRW01000015.1:1-249|-         -             83 157at2085            -            637   8.2e-21   69.2   0.4   1   1   6.5e-23   9.2e-21   69.0   0.4   351   414     1    70     1    74 0.91 NZ_VBRW01000015.1_1 # 1 # 249 # -1 # ID=15_1;partial=11;start_type=Edge;rbs_motif=None;rbs_spacer=None;gc_cont=0.289
NZ_VBRW01000005.1:175562-177103|+ -            514 157at2085            -            637   3.7e-17   57.2   2.2   1   4     3e-12   4.2e-10   33.8   0.9    33   164    13   145     2   153 0.74 NZ_VBRW01000005.1_143 # 175562 # 177103 # 1 # ID=5_143;partial=00;start_type=ATG;rbs_motif=GGA/GAG/AGG;rbs_spacer=5-10bp;gc_cont=0.268
NZ_VBRW01000005.1:175562-177103|+ -            514 157at2085            -            637   3.7e-17   57.2   2.2   2   4     0.069       9.8   -0.4   0.1   388   439   217   267   177   276 0.73 NZ_VBRW01000005.1_143 # 175562 # 177103 # 1 # ID=5_143;partial=00;start_type=ATG;rbs_motif=GGA/GAG/AGG;rbs_spacer=5-10bp;gc_cont=0.268
NZ_VBRW01000005.1:175562-177103|+ -            514 157at2085            -            637   3.7e-17   57.2   2.2   3   4   2.5e-11   3.6e-09   30.8   0.0   445   516   294   365   278   386 0.81 NZ_VBRW01000005.1_143 # 175562 # 177103 # 1 # ID=5_143;partial=00;start_type=ATG;rbs_motif=GGA/GAG/AGG;rbs_spacer=5-10bp;gc_cont=0.268
NZ_VBRW01000005.1:175562-177103|+ -            514 157at2085            -            637   3.7e-17   57.2   2.2   4   4      0.24        34   -2.2   1.4   518   589   401   480   392   503 0.48 NZ_VBRW01000005.1_143 # 175562 # 177103 # 1 # ID=5_143;partial=00;start_type=ATG;rbs_motif=GGA/GAG/AGG;rbs_spacer=5-10bp;gc_cont=0.268
#
# Program:         hmmsearch
# Version:         3.4 (Aug 2023)
# Pipeline mode:   SEARCH
# Query file:      /home/bryan/Documentos/GitHub/Project_doctoral/IMPLEMENTACAO/Genomes/M_hyopneumoniae/strains/UFV01/Use/busco_downloads/lineages/mycoplasmatales_odb10/hmms/157at2085.hmm
# Target file:     /home/bryan/Documentos/GitHub/Project_doctoral/IMPLEMENTACAO/Genomes/M_hyopneumoniae/strains/UFV01/Use/busco_draft/prodigal_output/predicted_genes/predicted.faa
# Option settings: hmmsearch --domtblout /home/bryan/Documentos/GitHub/Project_doctoral/IMPLEMENTACAO/Genomes/M_hyopneumoniae/strains/UFV01/Use/busco_draft/run_mycoplasmatales_odb10/hmmer_output/157at2085.out --cpu 1 /home/bryan/Documentos/GitHub/Project_doctoral/IMPLEMENTACAO/Genomes/M_hyopneumoniae/strains/UFV01/Use/busco_downloads/lineages/mycoplasmatales_odb10/hmms/157at2085.hmm /home/bryan/Documentos/GitHub/Project_doctoral/IMPLEMENTACAO/Genomes/M_hyopneumoniae/strains/UFV01/Use/busco_draft/prodigal_output/predicted_genes/predicted.faa 
# Current dir:     /home/bryan/Documentos/GitHub/Project_doctoral/IMPLEMENTACAO/Genomes/M_hyopneumoniae/strains/UFV01/Use
# Date:            Sun Dec  1 19:08:33 2024
# [ok]
