#                                                                                         --- full sequence --- -------------- this domain -------------   hmm coord   ali coord   env coord
# target name                     accession   tlen query name           accession   qlen   E-value  score  bias   #  of  c-Evalue  i-Evalue  score  bias  from    to  from    to  from    to  acc description of target
#             ------------------- ---------- ----- -------------------- ---------- ----- --------- ------ ----- --- --- --------- --------- ------ ----- ----- ----- ----- ----- ----- ----- ---- ---------------------
NZ_VBRW01000003.1:58225-59928|+   -            568 908at2085            -            403  7.1e-146  481.3  18.4   1   2   1.9e-85   3.3e-83  274.9  12.7     4   229    16   286    13   304 0.85 NZ_VBRW01000003.1_43 # 58225 # 59928 # 1 # ID=3_43;partial=00;start_type=ATG;rbs_motif=GGA/GAG/AGG;rbs_spacer=5-10bp;gc_cont=0.322
NZ_VBRW01000003.1:58225-59928|+   -            568 908at2085            -            403  7.1e-146  481.3  18.4   2   2   2.7e-63   4.9e-61  201.9   0.3   243   398   381   558   352   563 0.84 NZ_VBRW01000003.1_43 # 58225 # 59928 # 1 # ID=3_43;partial=00;start_type=ATG;rbs_motif=GGA/GAG/AGG;rbs_spacer=5-10bp;gc_cont=0.322
NZ_VBRW01000003.1:8917-10383|+    -            489 908at2085            -            403   1.8e-29   97.9   6.4   1   2   6.8e-18   1.2e-15   52.4   4.8    47   229   113   303    76   325 0.82 NZ_VBRW01000003.1_9 # 8917 # 10383 # 1 # ID=3_9;partial=00;start_type=ATG;rbs_motif=GGA/GAG/AGG;rbs_spacer=11-12bp;gc_cont=0.311
NZ_VBRW01000003.1:8917-10383|+    -            489 908at2085            -            403   1.8e-29   97.9   6.4   2   2   1.3e-15   2.3e-13   44.9   0.0   318   378   423   482   397   488 0.78 NZ_VBRW01000003.1_9 # 8917 # 10383 # 1 # ID=3_9;partial=00;start_type=ATG;rbs_motif=GGA/GAG/AGG;rbs_spacer=11-12bp;gc_cont=0.311
NZ_VBRW01000005.1:181924-183273|+ -            450 908at2085            -            403   9.4e-29   95.6   7.0   1   2     3e-14   5.4e-12   40.4   4.1     3   202    19   247    16   260 0.70 NZ_VBRW01000005.1_148 # 181924 # 183273 # 1 # ID=5_148;partial=00;start_type=ATG;rbs_motif=None;rbs_spacer=None;gc_cont=0.323
NZ_VBRW01000005.1:181924-183273|+ -            450 908at2085            -            403   9.4e-29   95.6   7.0   2   2   2.3e-17   4.2e-15   50.6   0.0   286   383   353   447   329   449 0.85 NZ_VBRW01000005.1_148 # 181924 # 183273 # 1 # ID=5_148;partial=00;start_type=ATG;rbs_motif=None;rbs_spacer=None;gc_cont=0.323
NZ_VBRW01000006.1:53217-54218|-   -            334 908at2085            -            403   2.9e-07   24.8   0.4   1   2    0.0019      0.34    4.8   0.1   106   196    34   133    20   163 0.71 NZ_VBRW01000006.1_37 # 53217 # 54218 # -1 # ID=6_37;partial=00;start_type=ATG;rbs_motif=AGGA/GGAG/GAGG;rbs_spacer=11-12bp;gc_cont=0.257
NZ_VBRW01000006.1:53217-54218|-   -            334 908at2085            -            403   2.9e-07   24.8   0.4   2   2   1.3e-07   2.4e-05   18.5   0.0   294   380   245   327   175   332 0.79 NZ_VBRW01000006.1_37 # 53217 # 54218 # -1 # ID=6_37;partial=00;start_type=ATG;rbs_motif=AGGA/GGAG/GAGG;rbs_spacer=11-12bp;gc_cont=0.257
#
# Program:         hmmsearch
# Version:         3.4 (Aug 2023)
# Pipeline mode:   SEARCH
# Query file:      /home/bryan/Documentos/GitHub/Project_doctoral/IMPLEMENTACAO/Genomes/M_hyopneumoniae/strains/UFV01/Use/busco_downloads/lineages/mycoplasmatales_odb10/hmms/908at2085.hmm
# Target file:     /home/bryan/Documentos/GitHub/Project_doctoral/IMPLEMENTACAO/Genomes/M_hyopneumoniae/strains/UFV01/Use/busco_draft/prodigal_output/predicted_genes/predicted.faa
# Option settings: hmmsearch --domtblout /home/bryan/Documentos/GitHub/Project_doctoral/IMPLEMENTACAO/Genomes/M_hyopneumoniae/strains/UFV01/Use/busco_draft/run_mycoplasmatales_odb10/hmmer_output/908at2085.out --cpu 1 /home/bryan/Documentos/GitHub/Project_doctoral/IMPLEMENTACAO/Genomes/M_hyopneumoniae/strains/UFV01/Use/busco_downloads/lineages/mycoplasmatales_odb10/hmms/908at2085.hmm /home/bryan/Documentos/GitHub/Project_doctoral/IMPLEMENTACAO/Genomes/M_hyopneumoniae/strains/UFV01/Use/busco_draft/prodigal_output/predicted_genes/predicted.faa 
# Current dir:     /home/bryan/Documentos/GitHub/Project_doctoral/IMPLEMENTACAO/Genomes/M_hyopneumoniae/strains/UFV01/Use
# Date:            Sun Dec  1 19:08:39 2024
# [ok]
