#                                                                                   --- full sequence --- -------------- this domain -------------   hmm coord   ali coord   env coord
# target name               accession   tlen query name           accession   qlen   E-value  score  bias   #  of  c-Evalue  i-Evalue  score  bias  from    to  from    to  from    to  acc description of target
#       ------------------- ---------- ----- -------------------- ---------- ----- --------- ------ ----- --- --- --------- --------- ------ ----- ----- ----- ----- ----- ----- ----- ---- ---------------------
NC_006360.1:92913-94214|+   -            434 1140at2085           -            348  1.8e-118  390.6  10.9   1   1  3.3e-120  3.8e-118  389.6  10.9     1   346     5   429     5   431 0.85 NC_006360.1_74 # 92913 # 94214 # 1 # ID=1_74;partial=00;start_type=ATG;rbs_motif=3Base/5BMM;rbs_spacer=13-15bp;gc_cont=0.291
NC_006360.1:209395-210723|+ -            443 1140at2085           -            348   1.1e-22   75.7   4.7   1   1   3.4e-24   3.9e-22   73.9   4.7   130   301   217   389   212   399 0.77 NC_006360.1_167 # 209395 # 210723 # 1 # ID=1_167;partial=00;start_type=TTG;rbs_motif=AGGAG;rbs_spacer=5-10bp;gc_cont=0.314
NC_006360.1:253317-254198|+ -            294 1140at2085           -            348   4.9e-13   43.9   1.8   1   1   8.4e-15   9.5e-13   43.0   1.3     1   103     9   124     9   136 0.76 NC_006360.1_219 # 253317 # 254198 # 1 # ID=1_219;partial=00;start_type=ATG;rbs_motif=None;rbs_spacer=None;gc_cont=0.291
NC_006360.1:336367-337158|- -            264 1140at2085           -            348   3.5e-09   31.2   6.7   1   2   0.00065     0.074    7.2   3.4   203   277    15   102     3   110 0.67 NC_006360.1_288 # 336367 # 337158 # -1 # ID=1_288;partial=00;start_type=ATG;rbs_motif=GGA/GAG/AGG;rbs_spacer=3-4bp;gc_cont=0.265
NC_006360.1:336367-337158|- -            264 1140at2085           -            348   3.5e-09   31.2   6.7   2   2   2.1e-09   2.4e-07   25.2   0.1     3    60   115   173   113   201 0.85 NC_006360.1_288 # 336367 # 337158 # -1 # ID=1_288;partial=00;start_type=ATG;rbs_motif=GGA/GAG/AGG;rbs_spacer=3-4bp;gc_cont=0.265
NC_006360.1:551791-552387|- -            199 1140at2085           -            348   9.9e-08   26.5   2.6   1   1   1.4e-08   1.5e-06   22.6   2.6   131   192    39   109    14   198 0.49 NC_006360.1_439 # 551791 # 552387 # -1 # ID=1_439;partial=00;start_type=ATG;rbs_motif=None;rbs_spacer=None;gc_cont=0.298
NC_006360.1:256520-257377|+ -            286 1140at2085           -            348   0.00025   15.3   8.2   1   2    0.0028      0.31    5.1   1.5   181   237    61   120    42   156 0.69 NC_006360.1_223 # 256520 # 257377 # 1 # ID=1_223;partial=00;start_type=ATG;rbs_motif=3Base/5BMM;rbs_spacer=13-15bp;gc_cont=0.280
NC_006360.1:256520-257377|+ -            286 1140at2085           -            348   0.00025   15.3   8.2   2   2   4.8e-06   0.00055   14.2   0.7     3    62   157   224   155   233 0.71 NC_006360.1_223 # 256520 # 257377 # 1 # ID=1_223;partial=00;start_type=ATG;rbs_motif=3Base/5BMM;rbs_spacer=13-15bp;gc_cont=0.280
#
# Program:         hmmsearch
# Version:         3.4 (Aug 2023)
# Pipeline mode:   SEARCH
# Query file:      /home/lgef/Documentos/GitHub/Project_doctoral/IMPLEMENTACAO/Genomes/M_hyopneumoniae/MHP_ncbi_dataset/ncbi_dataset/data/strains/232/Use/busco_downloads/lineages/mycoplasmatales_odb10/hmms/1140at2085.hmm
# Target file:     /home/lgef/Documentos/GitHub/Project_doctoral/IMPLEMENTACAO/Genomes/M_hyopneumoniae/MHP_ncbi_dataset/ncbi_dataset/data/strains/232/Use/busco_complete/prodigal_output/predicted_genes/predicted.faa
# Option settings: hmmsearch --domtblout /home/lgef/Documentos/GitHub/Project_doctoral/IMPLEMENTACAO/Genomes/M_hyopneumoniae/MHP_ncbi_dataset/ncbi_dataset/data/strains/232/Use/busco_complete/run_mycoplasmatales_odb10/hmmer_output/1140at2085.out --cpu 1 /home/lgef/Documentos/GitHub/Project_doctoral/IMPLEMENTACAO/Genomes/M_hyopneumoniae/MHP_ncbi_dataset/ncbi_dataset/data/strains/232/Use/busco_downloads/lineages/mycoplasmatales_odb10/hmms/1140at2085.hmm /home/lgef/Documentos/GitHub/Project_doctoral/IMPLEMENTACAO/Genomes/M_hyopneumoniae/MHP_ncbi_dataset/ncbi_dataset/data/strains/232/Use/busco_complete/prodigal_output/predicted_genes/predicted.faa 
# Current dir:     /home/lgef/Documentos/GitHub/Project_doctoral/IMPLEMENTACAO/Genomes/M_hyopneumoniae/MHP_ncbi_dataset/ncbi_dataset/data/strains/232/Use
# Date:            Thu Nov 28 19:24:58 2024
# [ok]
