#                                                                                   --- full sequence --- -------------- this domain -------------   hmm coord   ali coord   env coord
# target name               accession   tlen query name           accession   qlen   E-value  score  bias   #  of  c-Evalue  i-Evalue  score  bias  from    to  from    to  from    to  acc description of target
#       ------------------- ---------- ----- -------------------- ---------- ----- --------- ------ ----- --- --- --------- --------- ------ ----- ----- ----- ----- ----- ----- ----- ---- ---------------------
NC_006360.1:250051-252090|+ -            680 1371at2085           -            438   1.1e-84  279.9 110.2   1   5   2.5e-32   1.1e-30  101.9   7.8     1   103    21   133    21   135 0.93 NC_006360.1_215 # 250051 # 252090 # 1 # ID=1_215;partial=00;start_type=ATG;rbs_motif=None;rbs_spacer=None;gc_cont=0.247
NC_006360.1:250051-252090|+ -            680 1371at2085           -            438   1.1e-84  279.9 110.2   2   5   3.2e-27   1.5e-25   85.1  36.1   102   261   158   335   144   348 0.83 NC_006360.1_215 # 250051 # 252090 # 1 # ID=1_215;partial=00;start_type=ATG;rbs_motif=None;rbs_spacer=None;gc_cont=0.247
NC_006360.1:250051-252090|+ -            680 1371at2085           -            438   1.1e-84  279.9 110.2   3   5      0.86        39   -2.0   6.9   161   228   339   406   331   407 0.73 NC_006360.1_215 # 250051 # 252090 # 1 # ID=1_215;partial=00;start_type=ATG;rbs_motif=None;rbs_spacer=None;gc_cont=0.247
NC_006360.1:250051-252090|+ -            680 1371at2085           -            438   1.1e-84  279.9 110.2   4   5   1.7e-08   7.9e-07   23.3  19.9   269   372   408   552   405   559 0.75 NC_006360.1_215 # 250051 # 252090 # 1 # ID=1_215;partial=00;start_type=ATG;rbs_motif=None;rbs_spacer=None;gc_cont=0.247
NC_006360.1:250051-252090|+ -            680 1371at2085           -            438   1.1e-84  279.9 110.2   5   5   4.9e-28   2.2e-26   87.8  11.6   349   438   573   663   567   663 0.83 NC_006360.1_215 # 250051 # 252090 # 1 # ID=1_215;partial=00;start_type=ATG;rbs_motif=None;rbs_spacer=None;gc_cont=0.247
NC_006360.1:473196-475496|+ -            767 1371at2085           -            438   1.1e-11   39.3   3.8   1   5      0.16       7.4    0.4   2.3   333   375    38    79     6    86 0.77 NC_006360.1_392 # 473196 # 475496 # 1 # ID=1_392;partial=00;start_type=ATG;rbs_motif=GGA/GAG/AGG;rbs_spacer=5-10bp;gc_cont=0.292
NC_006360.1:473196-475496|+ -            767 1371at2085           -            438   1.1e-11   39.3   3.8   2   5   2.5e-13   1.1e-11   39.3   3.8   360   437   110   188    97   189 0.89 NC_006360.1_392 # 473196 # 475496 # 1 # ID=1_392;partial=00;start_type=ATG;rbs_motif=GGA/GAG/AGG;rbs_spacer=5-10bp;gc_cont=0.292
NC_006360.1:473196-475496|+ -            767 1371at2085           -            438   1.1e-11   39.3   3.8   3   5       1.9        88   -3.2   9.9   122   200   248   326   229   340 0.63 NC_006360.1_392 # 473196 # 475496 # 1 # ID=1_392;partial=00;start_type=ATG;rbs_motif=GGA/GAG/AGG;rbs_spacer=5-10bp;gc_cont=0.292
NC_006360.1:473196-475496|+ -            767 1371at2085           -            438   1.1e-11   39.3   3.8   4   5       1.1        51   -2.4   1.1   236   271   454   489   410   510 0.66 NC_006360.1_392 # 473196 # 475496 # 1 # ID=1_392;partial=00;start_type=ATG;rbs_motif=GGA/GAG/AGG;rbs_spacer=5-10bp;gc_cont=0.292
NC_006360.1:473196-475496|+ -            767 1371at2085           -            438   1.1e-11   39.3   3.8   5   5      0.04       1.8    2.4  14.5   145   264   558   675   555   718 0.68 NC_006360.1_392 # 473196 # 475496 # 1 # ID=1_392;partial=00;start_type=ATG;rbs_motif=GGA/GAG/AGG;rbs_spacer=5-10bp;gc_cont=0.292
NC_006360.1:106211-106909|+ -            233 1371at2085           -            438   1.5e-11   38.9   9.2   1   2      0.25        12   -0.3   0.1   333   345    38    50    22    53 0.88 NC_006360.1_88 # 106211 # 106909 # 1 # ID=1_88;partial=00;start_type=ATG;rbs_motif=None;rbs_spacer=None;gc_cont=0.260
NC_006360.1:106211-106909|+ -            233 1371at2085           -            438   1.5e-11   38.9   9.2   2   2   3.4e-13   1.5e-11   38.9   9.2   350   437    99   187    75   188 0.90 NC_006360.1_88 # 106211 # 106909 # 1 # ID=1_88;partial=00;start_type=ATG;rbs_motif=None;rbs_spacer=None;gc_cont=0.260
NC_006360.1:579010-579726|- -            239 1371at2085           -            438   4.8e-10   34.0   2.6   1   2     0.038       1.7    2.4   1.2   333   374    43    90     6    95 0.76 NC_006360.1_459 # 579010 # 579726 # -1 # ID=1_459;partial=00;start_type=ATG;rbs_motif=AGGA;rbs_spacer=5-10bp;gc_cont=0.265
NC_006360.1:579010-579726|- -            239 1371at2085           -            438   4.8e-10   34.0   2.6   2   2   1.1e-11   4.8e-10   34.0   2.6   374   435   131   194   111   196 0.83 NC_006360.1_459 # 579010 # 579726 # -1 # ID=1_459;partial=00;start_type=ATG;rbs_motif=AGGA;rbs_spacer=5-10bp;gc_cont=0.265
NC_006360.1:175770-177299|- -            510 1371at2085           -            438   4.8e-10   33.9   8.1   1   3   2.9e-08   1.3e-06   22.6   0.7   377   431   151   206   148   213 0.87 NC_006360.1_145 # 175770 # 177299 # -1 # ID=1_145;partial=00;start_type=TTG;rbs_motif=AGGAGG;rbs_spacer=5-10bp;gc_cont=0.319
NC_006360.1:175770-177299|- -            510 1371at2085           -            438   4.8e-10   33.9   8.1   2   3      0.48        22   -1.2   1.4   279   313   363   397   356   406 0.60 NC_006360.1_145 # 175770 # 177299 # -1 # ID=1_145;partial=00;start_type=TTG;rbs_motif=AGGAGG;rbs_spacer=5-10bp;gc_cont=0.319
NC_006360.1:175770-177299|- -            510 1371at2085           -            438   4.8e-10   33.9   8.1   3   3   1.7e-05   0.00076   13.5   0.0   377   432   409   465   406   470 0.91 NC_006360.1_145 # 175770 # 177299 # -1 # ID=1_145;partial=00;start_type=TTG;rbs_motif=AGGAGG;rbs_spacer=5-10bp;gc_cont=0.319
NC_006360.1:870928-872541|+ -            538 1371at2085           -            438   4.6e-09   30.7   5.1   1   4      0.23        10   -0.1  31.0   104   290     9   214     2   232 0.63 NC_006360.1_669 # 870928 # 872541 # 1 # ID=1_669;partial=00;start_type=ATG;rbs_motif=AGxAGG/AGGxGG;rbs_spacer=5-10bp;gc_cont=0.263
NC_006360.1:870928-872541|+ -            538 1371at2085           -            438   4.6e-09   30.7   5.1   2   4         3   1.4e+02   -3.8  23.9    95   199   233   338   217   349 0.71 NC_006360.1_669 # 870928 # 872541 # 1 # ID=1_669;partial=00;start_type=ATG;rbs_motif=AGxAGG/AGGxGG;rbs_spacer=5-10bp;gc_cont=0.263
NC_006360.1:870928-872541|+ -            538 1371at2085           -            438   4.6e-09   30.7   5.1   3   4   0.00084     0.038    7.9   2.4   333   373   361   410   354   423 0.81 NC_006360.1_669 # 870928 # 872541 # 1 # ID=1_669;partial=00;start_type=ATG;rbs_motif=AGxAGG/AGGxGG;rbs_spacer=5-10bp;gc_cont=0.263
NC_006360.1:870928-872541|+ -            538 1371at2085           -            438   4.6e-09   30.7   5.1   4   4     1e-10   4.6e-09   30.7   5.1   367   431   443   508   427   514 0.83 NC_006360.1_669 # 870928 # 872541 # 1 # ID=1_669;partial=00;start_type=ATG;rbs_motif=AGxAGG/AGGxGG;rbs_spacer=5-10bp;gc_cont=0.263
NC_006360.1:442055-442825|+ -            257 1371at2085           -            438   4.3e-08   27.5   0.9   1   2   9.4e-10   4.3e-08   27.5   0.9   370   435   145   213   130   216 0.83 NC_006360.1_371 # 442055 # 442825 # 1 # ID=1_371;partial=00;start_type=ATG;rbs_motif=None;rbs_spacer=None;gc_cont=0.267
NC_006360.1:442055-442825|+ -            257 1371at2085           -            438   4.3e-08   27.5   0.9   2   2     0.041       1.9    2.3   1.2   234   273   207   246   205   250 0.87 NC_006360.1_371 # 442055 # 442825 # 1 # ID=1_371;partial=00;start_type=ATG;rbs_motif=None;rbs_spacer=None;gc_cont=0.267
NC_006360.1:554796-555692|- -            299 1371at2085           -            438   4.5e-08   27.4   0.0   1   3      0.99        45   -2.2   0.4   161   213    26    78    14    87 0.75 NC_006360.1_442 # 554796 # 555692 # -1 # ID=1_442;partial=00;start_type=GTG;rbs_motif=AGGAG;rbs_spacer=5-10bp;gc_cont=0.353
NC_006360.1:554796-555692|- -            299 1371at2085           -            438   4.5e-08   27.4   0.0   2   3      0.23        11   -0.1   0.2   333   356   101   130    94   156 0.68 NC_006360.1_442 # 554796 # 555692 # -1 # ID=1_442;partial=00;start_type=GTG;rbs_motif=AGGAG;rbs_spacer=5-10bp;gc_cont=0.353
NC_006360.1:554796-555692|- -            299 1371at2085           -            438   4.5e-08   27.4   0.0   3   3   9.9e-10   4.5e-08   27.4   0.0   370   435   190   258   167   261 0.82 NC_006360.1_442 # 554796 # 555692 # -1 # ID=1_442;partial=00;start_type=GTG;rbs_motif=AGGAG;rbs_spacer=5-10bp;gc_cont=0.353
NC_006360.1:644182-645720|+ -            513 1371at2085           -            438   4.9e-08   27.3  22.2   1   4      0.14       6.5    0.5   0.1   333   344    43    54     9    56 0.94 NC_006360.1_504 # 644182 # 645720 # 1 # ID=1_504;partial=00;start_type=TTG;rbs_motif=AGGA;rbs_spacer=5-10bp;gc_cont=0.321
NC_006360.1:644182-645720|+ -            513 1371at2085           -            438   4.9e-08   27.3  22.2   2   4   1.7e-07   7.8e-06   20.1   0.8   378   436   144   204   136   206 0.90 NC_006360.1_504 # 644182 # 645720 # 1 # ID=1_504;partial=00;start_type=TTG;rbs_motif=AGGA;rbs_spacer=5-10bp;gc_cont=0.321
NC_006360.1:644182-645720|+ -            513 1371at2085           -            438   4.9e-08   27.3  22.2   3   4      0.14       6.6    0.5   5.7   274   324   356   406   324   407 0.82 NC_006360.1_504 # 644182 # 645720 # 1 # ID=1_504;partial=00;start_type=TTG;rbs_motif=AGGA;rbs_spacer=5-10bp;gc_cont=0.321
NC_006360.1:644182-645720|+ -            513 1371at2085           -            438   4.9e-08   27.3  22.2   4   4   7.7e-05    0.0035   11.3  10.3   338   431   372   465   359   471 0.74 NC_006360.1_504 # 644182 # 645720 # 1 # ID=1_504;partial=00;start_type=TTG;rbs_motif=AGGA;rbs_spacer=5-10bp;gc_cont=0.321
NC_006360.1:138656-139474|- -            273 1371at2085           -            438   2.7e-07   24.9   5.2   1   2     0.061       2.8    1.8   1.7   318   354    27    68     1    93 0.55 NC_006360.1_114 # 138656 # 139474 # -1 # ID=1_114;partial=00;start_type=ATG;rbs_motif=GGA/GAG/AGG;rbs_spacer=5-10bp;gc_cont=0.302
NC_006360.1:138656-139474|- -            273 1371at2085           -            438   2.7e-07   24.9   5.2   2   2   1.5e-08     7e-07   23.5   0.1   367   436   126   198   107   199 0.86 NC_006360.1_114 # 138656 # 139474 # -1 # ID=1_114;partial=00;start_type=ATG;rbs_motif=GGA/GAG/AGG;rbs_spacer=5-10bp;gc_cont=0.302
NC_006360.1:869337-870935|+ -            533 1371at2085           -            438   6.5e-07   23.6   3.4   1   2      0.38        17   -0.8  40.3   102   316    13   240     3   243 0.64 NC_006360.1_668 # 869337 # 870935 # 1 # ID=1_668;partial=00;start_type=ATG;rbs_motif=AGGAGG;rbs_spacer=5-10bp;gc_cont=0.256
NC_006360.1:869337-870935|+ -            533 1371at2085           -            438   6.5e-07   23.6   3.4   2   2   1.4e-08   6.5e-07   23.6   3.4   374   435   450   511   417   513 0.83 NC_006360.1_668 # 869337 # 870935 # 1 # ID=1_668;partial=00;start_type=ATG;rbs_motif=AGGAGG;rbs_spacer=5-10bp;gc_cont=0.256
NC_006360.1:706234-707568|- -            445 1371at2085           -            438   2.7e-06   21.6   0.7   1   3    0.0076      0.35    4.7   0.0   333   358    47    78    44    91 0.84 NC_006360.1_550 # 706234 # 707568 # -1 # ID=1_550;partial=00;start_type=ATG;rbs_motif=GGA/GAG/AGG;rbs_spacer=11-12bp;gc_cont=0.303
NC_006360.1:706234-707568|- -            445 1371at2085           -            438   2.7e-06   21.6   0.7   2   3       3.5   1.6e+02   -4.0   2.3   152   182   127   158   122   170 0.68 NC_006360.1_550 # 706234 # 707568 # -1 # ID=1_550;partial=00;start_type=ATG;rbs_motif=GGA/GAG/AGG;rbs_spacer=11-12bp;gc_cont=0.303
NC_006360.1:706234-707568|- -            445 1371at2085           -            438   2.7e-06   21.6   0.7   3   3     6e-08   2.7e-06   21.6   0.7   376   436   229   292   184   293 0.84 NC_006360.1_550 # 706234 # 707568 # -1 # ID=1_550;partial=00;start_type=ATG;rbs_motif=GGA/GAG/AGG;rbs_spacer=11-12bp;gc_cont=0.303
NC_006360.1:818776-820395|+ -            540 1371at2085           -            438   9.4e-06   19.8   3.7   1   1   2.1e-07   9.4e-06   19.8   3.7   367   422   455   512   445   526 0.77 NC_006360.1_634 # 818776 # 820395 # 1 # ID=1_634;partial=00;start_type=ATG;rbs_motif=AGGA;rbs_spacer=5-10bp;gc_cont=0.225
NC_006360.1:810462-812072|+ -            537 1371at2085           -            438   1.5e-05   19.1   1.2   1   2       8.4   3.8e+02   -5.3  58.8    97   314    20   247     5   266 0.68 NC_006360.1_629 # 810462 # 812072 # 1 # ID=1_629;partial=00;start_type=ATG;rbs_motif=AGGA;rbs_spacer=5-10bp;gc_cont=0.237
NC_006360.1:810462-812072|+ -            537 1371at2085           -            438   1.5e-05   19.1   1.2   2   2   3.4e-07   1.5e-05   19.1   1.2   375   434   461   521   437   524 0.87 NC_006360.1_629 # 810462 # 812072 # 1 # ID=1_629;partial=00;start_type=ATG;rbs_motif=AGGA;rbs_spacer=5-10bp;gc_cont=0.237
NC_006360.1:812083-813696|+ -            538 1371at2085           -            438   9.2e-05   16.5  96.9   1   3    0.0004     0.018    9.0  39.8    99   266    11   191     8   203 0.66 NC_006360.1_630 # 812083 # 813696 # 1 # ID=1_630;partial=00;start_type=ATG;rbs_motif=AGGAGG;rbs_spacer=5-10bp;gc_cont=0.241
NC_006360.1:812083-813696|+ -            538 1371at2085           -            438   9.2e-05   16.5  96.9   2   3     0.064       2.9    1.7  34.5   170   374   207   422   188   433 0.82 NC_006360.1_630 # 812083 # 813696 # 1 # ID=1_630;partial=00;start_type=ATG;rbs_motif=AGGAGG;rbs_spacer=5-10bp;gc_cont=0.241
NC_006360.1:812083-813696|+ -            538 1371at2085           -            438   9.2e-05   16.5  96.9   3   3   2.1e-06   9.5e-05   16.5   8.8   373   435   458   520   424   523 0.77 NC_006360.1_630 # 812083 # 813696 # 1 # ID=1_630;partial=00;start_type=ATG;rbs_motif=AGGAGG;rbs_spacer=5-10bp;gc_cont=0.241
#
# Program:         hmmsearch
# Version:         3.4 (Aug 2023)
# Pipeline mode:   SEARCH
# Query file:      /home/lgef/Documentos/GitHub/Project_doctoral/IMPLEMENTACAO/Genomes/M_hyopneumoniae/MHP_ncbi_dataset/ncbi_dataset/data/strains/232/Use/busco_downloads/lineages/mycoplasmatales_odb10/hmms/1371at2085.hmm
# Target file:     /home/lgef/Documentos/GitHub/Project_doctoral/IMPLEMENTACAO/Genomes/M_hyopneumoniae/MHP_ncbi_dataset/ncbi_dataset/data/strains/232/Use/busco_complete/prodigal_output/predicted_genes/predicted.faa
# Option settings: hmmsearch --domtblout /home/lgef/Documentos/GitHub/Project_doctoral/IMPLEMENTACAO/Genomes/M_hyopneumoniae/MHP_ncbi_dataset/ncbi_dataset/data/strains/232/Use/busco_complete/run_mycoplasmatales_odb10/hmmer_output/1371at2085.out --cpu 1 /home/lgef/Documentos/GitHub/Project_doctoral/IMPLEMENTACAO/Genomes/M_hyopneumoniae/MHP_ncbi_dataset/ncbi_dataset/data/strains/232/Use/busco_downloads/lineages/mycoplasmatales_odb10/hmms/1371at2085.hmm /home/lgef/Documentos/GitHub/Project_doctoral/IMPLEMENTACAO/Genomes/M_hyopneumoniae/MHP_ncbi_dataset/ncbi_dataset/data/strains/232/Use/busco_complete/prodigal_output/predicted_genes/predicted.faa 
# Current dir:     /home/lgef/Documentos/GitHub/Project_doctoral/IMPLEMENTACAO/Genomes/M_hyopneumoniae/MHP_ncbi_dataset/ncbi_dataset/data/strains/232/Use
# Date:            Thu Nov 28 19:24:58 2024
# [ok]
