#                                                                                   --- full sequence --- -------------- this domain -------------   hmm coord   ali coord   env coord
# target name               accession   tlen query name           accession   qlen   E-value  score  bias   #  of  c-Evalue  i-Evalue  score  bias  from    to  from    to  from    to  acc description of target
#       ------------------- ---------- ----- -------------------- ---------- ----- --------- ------ ----- --- --- --------- --------- ------ ----- ----- ----- ----- ----- ----- ----- ---- ---------------------
NC_006360.1:759944-761683|- -            580 539at2085            -            541  1.3e-246  814.8  15.6   1   1  8.8e-249  1.5e-246  814.6  15.6     1   540     8   573     8   574 0.97 NC_006360.1_596 # 759944 # 761683 # -1 # ID=1_596;partial=00;start_type=ATG;rbs_motif=AGGA;rbs_spacer=5-10bp;gc_cont=0.290
NC_006360.1:70941-72308|+   -            456 539at2085            -            541   5.8e-10   33.7   1.4   1   3      0.16        27   -1.5   0.0   197   228    56    87    39   104 0.73 NC_006360.1_61 # 70941 # 72308 # 1 # ID=1_61;partial=00;start_type=ATG;rbs_motif=AGGA;rbs_spacer=5-10bp;gc_cont=0.298
NC_006360.1:70941-72308|+   -            456 539at2085            -            541   5.8e-10   33.7   1.4   2   3   1.4e-08   2.4e-06   21.8   0.1   235   346   157   268   150   272 0.88 NC_006360.1_61 # 70941 # 72308 # 1 # ID=1_61;partial=00;start_type=ATG;rbs_motif=AGGA;rbs_spacer=5-10bp;gc_cont=0.298
NC_006360.1:70941-72308|+   -            456 539at2085            -            541   5.8e-10   33.7   1.4   3   3     6e-05      0.01    9.8   0.2   451   540   354   449   348   450 0.83 NC_006360.1_61 # 70941 # 72308 # 1 # ID=1_61;partial=00;start_type=ATG;rbs_motif=AGGA;rbs_spacer=5-10bp;gc_cont=0.298
NC_006360.1:475990-477429|- -            480 539at2085            -            541   1.1e-07   26.1   6.5   1   2    0.0087       1.5    2.7   0.0   186   317    43   184    34   196 0.69 NC_006360.1_394 # 475990 # 477429 # -1 # ID=1_394;partial=00;start_type=ATG;rbs_motif=None;rbs_spacer=None;gc_cont=0.307
NC_006360.1:475990-477429|- -            480 539at2085            -            541   1.1e-07   26.1   6.5   2   2   1.7e-09   2.9e-07   24.8   2.4   408   525   237   366   227   382 0.78 NC_006360.1_394 # 475990 # 477429 # -1 # ID=1_394;partial=00;start_type=ATG;rbs_motif=None;rbs_spacer=None;gc_cont=0.307
NC_006360.1:148330-149571|- -            414 539at2085            -            541   4.5e-05   17.5   0.4   1   3      0.17        29   -1.6   0.2    99   142     9    52     3    89 0.64 NC_006360.1_126 # 148330 # 149571 # -1 # ID=1_126;partial=00;start_type=ATG;rbs_motif=None;rbs_spacer=None;gc_cont=0.312
NC_006360.1:148330-149571|- -            414 539at2085            -            541   4.5e-05   17.5   0.4   2   3   1.7e-05    0.0029   11.6   0.0   153   362   133   347   128   352 0.80 NC_006360.1_126 # 148330 # 149571 # -1 # ID=1_126;partial=00;start_type=ATG;rbs_motif=None;rbs_spacer=None;gc_cont=0.312
NC_006360.1:148330-149571|- -            414 539at2085            -            541   4.5e-05   17.5   0.4   3   3     0.007       1.2    3.0   0.0   409   458   359   406   353   409 0.82 NC_006360.1_126 # 148330 # 149571 # -1 # ID=1_126;partial=00;start_type=ATG;rbs_motif=None;rbs_spacer=None;gc_cont=0.312
#
# Program:         hmmsearch
# Version:         3.4 (Aug 2023)
# Pipeline mode:   SEARCH
# Query file:      /home/lgef/Documentos/GitHub/Project_doctoral/IMPLEMENTACAO/Genomes/M_hyopneumoniae/MHP_ncbi_dataset/ncbi_dataset/data/strains/232/Use/busco_downloads/lineages/mycoplasmatales_odb10/hmms/539at2085.hmm
# Target file:     /home/lgef/Documentos/GitHub/Project_doctoral/IMPLEMENTACAO/Genomes/M_hyopneumoniae/MHP_ncbi_dataset/ncbi_dataset/data/strains/232/Use/busco_complete/prodigal_output/predicted_genes/predicted.faa
# Option settings: hmmsearch --domtblout /home/lgef/Documentos/GitHub/Project_doctoral/IMPLEMENTACAO/Genomes/M_hyopneumoniae/MHP_ncbi_dataset/ncbi_dataset/data/strains/232/Use/busco_complete/run_mycoplasmatales_odb10/hmmer_output/539at2085.out --cpu 1 /home/lgef/Documentos/GitHub/Project_doctoral/IMPLEMENTACAO/Genomes/M_hyopneumoniae/MHP_ncbi_dataset/ncbi_dataset/data/strains/232/Use/busco_downloads/lineages/mycoplasmatales_odb10/hmms/539at2085.hmm /home/lgef/Documentos/GitHub/Project_doctoral/IMPLEMENTACAO/Genomes/M_hyopneumoniae/MHP_ncbi_dataset/ncbi_dataset/data/strains/232/Use/busco_complete/prodigal_output/predicted_genes/predicted.faa 
# Current dir:     /home/lgef/Documentos/GitHub/Project_doctoral/IMPLEMENTACAO/Genomes/M_hyopneumoniae/MHP_ncbi_dataset/ncbi_dataset/data/strains/232/Use
# Date:            Thu Nov 28 19:25:01 2024
# [ok]
