A	C	G	T	N	IUPAC	Other	GC	GC_stdev
0.3528	0.1425	0.1425	0.3622	0.0005	0.0000	0.0000	0.2850	0.0192

Main genome scaffold total:         	14
Main genome contig total:           	22
Main genome scaffold sequence total:	959419
Main genome contig sequence total:  	958981  	0.046% gap
Main genome scaffold N/L50:         	3/139329
Main genome contig N/L50:           	5/86373
Main genome scaffold N/L90:         	7/58357
Main genome contig N/L90:           	10/45078
Max scaffold length:                	262634
Max contig length:                  	139329
Number of scaffolds > 50 KB:        	7
% main genome in scaffolds > 50 KB: 	94.53%


Minimum 	Number        	Number        	Total         	Total         	Scaffold
Scaffold	of            	of            	Scaffold      	Contig        	Contig  
Length  	Scaffolds     	Contigs       	Length        	Length        	Coverage
--------	--------------	--------------	--------------	--------------	--------
    All 	            14	            22	        959419	        958981	  99.95%
    100 	            14	            22	        959419	        958981	  99.95%
    250 	            13	            21	        959184	        958746	  99.95%
    500 	            12	            20	        958724	        958286	  99.95%
   1000 	            12	            20	        958724	        958286	  99.95%
   2500 	             9	            17	        955439	        955001	  99.95%
   5000 	             8	            13	        952043	        951708	  99.96%
  10000 	             8	            13	        952043	        951708	  99.96%
  25000 	             8	            13	        952043	        951708	  99.96%
  50000 	             7	            12	        906965	        906630	  99.96%
 100000 	             4	             8	        693885	        693576	  99.96%
 250000 	             1	             3	        262634	        262384	  99.90%

