#                                                                                       --- full sequence --- -------------- this domain -------------   hmm coord   ali coord   env coord
# target name                   accession   tlen query name           accession   qlen   E-value  score  bias   #  of  c-Evalue  i-Evalue  score  bias  from    to  from    to  from    to  acc description of target
#           ------------------- ---------- ----- -------------------- ---------- ----- --------- ------ ----- --- --- --------- --------- ------ ----- ----- ----- ----- ----- ----- ----- ---- ---------------------
NZ_QQSN01000001.1:59072-60373|+ -            434 1140at2085           -            348  3.6e-118  389.8  10.4   1   1  5.9e-120  7.4e-118  388.8  10.4     1   346     5   429     5   431 0.85 NZ_QQSN01000001.1_48 # 59072 # 60373 # 1 # ID=11_48;partial=00;start_type=ATG;rbs_motif=3Base/5BMM;rbs_spacer=13-15bp;gc_cont=0.297
NZ_QQSN01000011.1:18148-19476|+ -            443 1140at2085           -            348   1.3e-22   75.6   4.8   1   1   3.5e-24   4.4e-22   73.8   4.8   130   301   217   389   211   399 0.77 NZ_QQSN01000011.1_11 # 18148 # 19476 # 1 # ID=1_11;partial=00;start_type=TTG;rbs_motif=AGGAG;rbs_spacer=5-10bp;gc_cont=0.314
NZ_QQSN01000007.1:34592-35473|- -            294 1140at2085           -            348   6.6e-13   43.6   2.2   1   1     1e-14   1.3e-12   42.7   1.7     1   103     9   124     9   137 0.76 NZ_QQSN01000007.1_39 # 34592 # 35473 # -1 # ID=67_39;partial=00;start_type=ATG;rbs_motif=None;rbs_spacer=None;gc_cont=0.294
NZ_QQSN01000029.1:6878-7669|+   -            264 1140at2085           -            348   1.3e-09   32.8   5.5   1   2   0.00078     0.097    6.9   2.5   213   275    35   100     3   109 0.65 NZ_QQSN01000029.1_5 # 6878 # 7669 # 1 # ID=22_5;partial=00;start_type=ATG;rbs_motif=GGA/GAG/AGG;rbs_spacer=3-4bp;gc_cont=0.269
NZ_QQSN01000029.1:6878-7669|+   -            264 1140at2085           -            348   1.3e-09   32.8   5.5   2   2   7.4e-10   9.2e-08   26.7   0.1     3    60   115   173   113   193 0.85 NZ_QQSN01000029.1_5 # 6878 # 7669 # 1 # ID=22_5;partial=00;start_type=ATG;rbs_motif=GGA/GAG/AGG;rbs_spacer=3-4bp;gc_cont=0.269
NZ_QQSN01000002.1:24146-24742|- -            199 1140at2085           -            348   1.5e-07   26.0   2.7   1   1   2.2e-08   2.7e-06   21.9   2.7   132   178    40    92    32   198 0.45 NZ_QQSN01000002.1_4 # 24146 # 24742 # -1 # ID=12_4;partial=00;start_type=ATG;rbs_motif=None;rbs_spacer=None;gc_cont=0.296
NZ_QQSN01000007.1:31413-32270|- -            286 1140at2085           -            348   0.00027   15.3   8.2   1   2    0.0028      0.34    5.1   1.5   181   237    61   120    42   156 0.69 NZ_QQSN01000007.1_35 # 31413 # 32270 # -1 # ID=67_35;partial=00;start_type=ATG;rbs_motif=3Base/5BMM;rbs_spacer=13-15bp;gc_cont=0.283
NZ_QQSN01000007.1:31413-32270|- -            286 1140at2085           -            348   0.00027   15.3   8.2   2   2   4.8e-06    0.0006   14.2   0.7     3    62   157   224   155   233 0.71 NZ_QQSN01000007.1_35 # 31413 # 32270 # -1 # ID=67_35;partial=00;start_type=ATG;rbs_motif=3Base/5BMM;rbs_spacer=13-15bp;gc_cont=0.283
#
# Program:         hmmsearch
# Version:         3.4 (Aug 2023)
# Pipeline mode:   SEARCH
# Query file:      /home/lgef/Documentos/GitHub/Project_doctoral/IMPLEMENTACAO/Genomes/M_hyopneumoniae/MHP_ncbi_dataset/ncbi_dataset/data/strains/MHP650/Use/busco_downloads/lineages/mycoplasmatales_odb10/hmms/1140at2085.hmm
# Target file:     /home/lgef/Documentos/GitHub/Project_doctoral/IMPLEMENTACAO/Genomes/M_hyopneumoniae/MHP_ncbi_dataset/ncbi_dataset/data/strains/MHP650/Use/busco_draft/prodigal_output/predicted_genes/predicted.faa
# Option settings: hmmsearch --domtblout /home/lgef/Documentos/GitHub/Project_doctoral/IMPLEMENTACAO/Genomes/M_hyopneumoniae/MHP_ncbi_dataset/ncbi_dataset/data/strains/MHP650/Use/busco_draft/run_mycoplasmatales_odb10/hmmer_output/1140at2085.out --cpu 1 /home/lgef/Documentos/GitHub/Project_doctoral/IMPLEMENTACAO/Genomes/M_hyopneumoniae/MHP_ncbi_dataset/ncbi_dataset/data/strains/MHP650/Use/busco_downloads/lineages/mycoplasmatales_odb10/hmms/1140at2085.hmm /home/lgef/Documentos/GitHub/Project_doctoral/IMPLEMENTACAO/Genomes/M_hyopneumoniae/MHP_ncbi_dataset/ncbi_dataset/data/strains/MHP650/Use/busco_draft/prodigal_output/predicted_genes/predicted.faa 
# Current dir:     /home/lgef/Documentos/GitHub/Project_doctoral/IMPLEMENTACAO/Genomes/M_hyopneumoniae/MHP_ncbi_dataset/ncbi_dataset/data/strains/MHP650/Use
# Date:            Thu Nov 28 19:37:12 2024
# [ok]
