#                                                                                       --- full sequence --- -------------- this domain -------------   hmm coord   ali coord   env coord
# target name                   accession   tlen query name           accession   qlen   E-value  score  bias   #  of  c-Evalue  i-Evalue  score  bias  from    to  from    to  from    to  acc description of target
#           ------------------- ---------- ----- -------------------- ---------- ----- --------- ------ ----- --- --- --------- --------- ------ ----- ----- ----- ----- ----- ----- ----- ---- ---------------------
NZ_QQSN01000017.1:15920-16558|+ -            213 3895at2085           -            150   1.1e-48  160.3   4.7   1   1   2.3e-47   4.4e-45  148.7   4.7     1   149     6   189     6   190 0.82 NZ_QQSN01000017.1_24 # 15920 # 16558 # 1 # ID=7_24;partial=00;start_type=ATG;rbs_motif=AGxAGG/AGGxGG;rbs_spacer=11-12bp;gc_cont=0.288
NZ_QQSN01000001.1:58365-59054|+ -            230 3895at2085           -            150   9.7e-07   24.2   1.8   1   3   8.2e-08   1.5e-05   20.3   0.0     4    37    10    43     7    63 0.84 NZ_QQSN01000001.1_47 # 58365 # 59054 # 1 # ID=11_47;partial=00;start_type=ATG;rbs_motif=4Base/6BMM;rbs_spacer=13-15bp;gc_cont=0.296
NZ_QQSN01000001.1:58365-59054|+ -            230 3895at2085           -            150   9.7e-07   24.2   1.8   2   3     0.047       8.7    1.6   0.1    60    85   108   133    83   143 0.84 NZ_QQSN01000001.1_47 # 58365 # 59054 # 1 # ID=11_47;partial=00;start_type=ATG;rbs_motif=4Base/6BMM;rbs_spacer=13-15bp;gc_cont=0.296
NZ_QQSN01000001.1:58365-59054|+ -            230 3895at2085           -            150   9.7e-07   24.2   1.8   3   3      0.17        31   -0.2   0.1    45    94   170   216   154   226 0.55 NZ_QQSN01000001.1_47 # 58365 # 59054 # 1 # ID=11_47;partial=00;start_type=ATG;rbs_motif=4Base/6BMM;rbs_spacer=13-15bp;gc_cont=0.296
NZ_QQSN01000007.1:32271-32852|- -            194 3895at2085           -            150     0.001   14.4   0.2   1   2   5.5e-06     0.001   14.4   0.2     2    36     5    40     3   103 0.80 NZ_QQSN01000007.1_36 # 32271 # 32852 # -1 # ID=67_36;partial=00;start_type=ATG;rbs_motif=GGAGG;rbs_spacer=5-10bp;gc_cont=0.270
NZ_QQSN01000007.1:32271-32852|- -            194 3895at2085           -            150     0.001   14.4   0.2   2   2      0.16        30   -0.1   0.5    37    69   146   178   131   191 0.56 NZ_QQSN01000007.1_36 # 32271 # 32852 # -1 # ID=67_36;partial=00;start_type=ATG;rbs_motif=GGAGG;rbs_spacer=5-10bp;gc_cont=0.270
NZ_QQSN01000023.1:6577-7533|+   -            319 3895at2085           -            150     0.002   13.4   0.0   1   1   3.1e-05    0.0058   11.9   0.0     2    24    42    64    41   120 0.80 NZ_QQSN01000023.1_6 # 6577 # 7533 # 1 # ID=16_6;partial=00;start_type=ATG;rbs_motif=None;rbs_spacer=None;gc_cont=0.320
#
# Program:         hmmsearch
# Version:         3.4 (Aug 2023)
# Pipeline mode:   SEARCH
# Query file:      /home/lgef/Documentos/GitHub/Project_doctoral/IMPLEMENTACAO/Genomes/M_hyopneumoniae/MHP_ncbi_dataset/ncbi_dataset/data/strains/MHP650/Use/busco_downloads/lineages/mycoplasmatales_odb10/hmms/3895at2085.hmm
# Target file:     /home/lgef/Documentos/GitHub/Project_doctoral/IMPLEMENTACAO/Genomes/M_hyopneumoniae/MHP_ncbi_dataset/ncbi_dataset/data/strains/MHP650/Use/busco_draft/prodigal_output/predicted_genes/predicted.faa
# Option settings: hmmsearch --domtblout /home/lgef/Documentos/GitHub/Project_doctoral/IMPLEMENTACAO/Genomes/M_hyopneumoniae/MHP_ncbi_dataset/ncbi_dataset/data/strains/MHP650/Use/busco_draft/run_mycoplasmatales_odb10/hmmer_output/3895at2085.out --cpu 1 /home/lgef/Documentos/GitHub/Project_doctoral/IMPLEMENTACAO/Genomes/M_hyopneumoniae/MHP_ncbi_dataset/ncbi_dataset/data/strains/MHP650/Use/busco_downloads/lineages/mycoplasmatales_odb10/hmms/3895at2085.hmm /home/lgef/Documentos/GitHub/Project_doctoral/IMPLEMENTACAO/Genomes/M_hyopneumoniae/MHP_ncbi_dataset/ncbi_dataset/data/strains/MHP650/Use/busco_draft/prodigal_output/predicted_genes/predicted.faa 
# Current dir:     /home/lgef/Documentos/GitHub/Project_doctoral/IMPLEMENTACAO/Genomes/M_hyopneumoniae/MHP_ncbi_dataset/ncbi_dataset/data/strains/MHP650/Use
# Date:            Thu Nov 28 19:37:15 2024
# [ok]
