#                                                                                       --- full sequence --- -------------- this domain -------------   hmm coord   ali coord   env coord
# target name                   accession   tlen query name           accession   qlen   E-value  score  bias   #  of  c-Evalue  i-Evalue  score  bias  from    to  from    to  from    to  acc description of target
#           ------------------- ---------- ----- -------------------- ---------- ----- --------- ------ ----- --- --- --------- --------- ------ ----- ----- ----- ----- ----- ----- ----- ---- ---------------------
NZ_QQSN01000005.1:32904-35372|+ -            823 534at2085            -            678  1.4e-263  871.6  53.8   1   2  6.2e-256  1.2e-253  838.8  45.7    14   657    28   750     1   767 0.85 NZ_QQSN01000005.1_18 # 32904 # 35372 # 1 # ID=45_18;partial=00;start_type=ATG;rbs_motif=AGGA;rbs_spacer=5-10bp;gc_cont=0.300
NZ_QQSN01000005.1:32904-35372|+ -            823 534at2085            -            678  1.4e-263  871.6  53.8   2   2   2.6e-11   4.9e-09   30.4   3.7   628   678   769   819   744   819 0.85 NZ_QQSN01000005.1_18 # 32904 # 35372 # 1 # ID=45_18;partial=00;start_type=ATG;rbs_motif=AGGA;rbs_spacer=5-10bp;gc_cont=0.300
NZ_QQSN01000001.1:5324-7984|-   -            887 534at2085            -            678   2.3e-68  226.5  24.8   1   3   2.1e-26   3.9e-24   80.3   0.3     7   209    40   248    34   278 0.82 NZ_QQSN01000001.1_7 # 5324 # 7984 # -1 # ID=11_7;partial=00;start_type=ATG;rbs_motif=AGGA;rbs_spacer=5-10bp;gc_cont=0.307
NZ_QQSN01000001.1:5324-7984|-   -            887 534at2085            -            678   2.3e-68  226.5  24.8   2   3   1.4e-20   2.5e-18   61.1   0.3   217   383   293   469   288   482 0.80 NZ_QQSN01000001.1_7 # 5324 # 7984 # -1 # ID=11_7;partial=00;start_type=ATG;rbs_motif=AGGA;rbs_spacer=5-10bp;gc_cont=0.307
NZ_QQSN01000001.1:5324-7984|-   -            887 534at2085            -            678   2.3e-68  226.5  24.8   3   3   4.5e-30   8.3e-28   92.4  12.7   371   600   489   722   476   779 0.76 NZ_QQSN01000001.1_7 # 5324 # 7984 # -1 # ID=11_7;partial=00;start_type=ATG;rbs_motif=AGGA;rbs_spacer=5-10bp;gc_cont=0.307
NZ_QQSN01000003.1:18360-20732|- -            791 534at2085            -            678   4.6e-39  129.6  19.4   1   6   3.2e-13     6e-11   36.7   0.0    14   169    26   171    13   176 0.79 NZ_QQSN01000003.1_16 # 18360 # 20732 # -1 # ID=13_16;partial=00;start_type=ATG;rbs_motif=None;rbs_spacer=None;gc_cont=0.306
NZ_QQSN01000003.1:18360-20732|- -            791 534at2085            -            678   4.6e-39  129.6  19.4   2   6   7.5e-06    0.0014   12.4   0.2   308   365   177   233   169   238 0.89 NZ_QQSN01000003.1_16 # 18360 # 20732 # -1 # ID=13_16;partial=00;start_type=ATG;rbs_motif=None;rbs_spacer=None;gc_cont=0.306
NZ_QQSN01000003.1:18360-20732|- -            791 534at2085            -            678   4.6e-39  129.6  19.4   3   6     0.022       4.2    0.9   0.0   176   209   231   265   227   281 0.81 NZ_QQSN01000003.1_16 # 18360 # 20732 # -1 # ID=13_16;partial=00;start_type=ATG;rbs_motif=None;rbs_spacer=None;gc_cont=0.306
NZ_QQSN01000003.1:18360-20732|- -            791 534at2085            -            678   4.6e-39  129.6  19.4   4   6   1.4e-09   2.5e-07   24.7   0.1   216   300   302   391   296   398 0.86 NZ_QQSN01000003.1_16 # 18360 # 20732 # -1 # ID=13_16;partial=00;start_type=ATG;rbs_motif=None;rbs_spacer=None;gc_cont=0.306
NZ_QQSN01000003.1:18360-20732|- -            791 534at2085            -            678   4.6e-39  129.6  19.4   5   6   1.8e-05    0.0034   11.1   0.0   359   388   398   427   393   440 0.84 NZ_QQSN01000003.1_16 # 18360 # 20732 # -1 # ID=13_16;partial=00;start_type=ATG;rbs_motif=None;rbs_spacer=None;gc_cont=0.306
NZ_QQSN01000003.1:18360-20732|- -            791 534at2085            -            678   4.6e-39  129.6  19.4   6   6   1.9e-17   3.5e-15   50.7   5.2   437   595   530   704   500   775 0.75 NZ_QQSN01000003.1_16 # 18360 # 20732 # -1 # ID=13_16;partial=00;start_type=ATG;rbs_motif=None;rbs_spacer=None;gc_cont=0.306
NZ_QQSN01000018.1:6774-8315|-   -            514 534at2085            -            678   1.3e-12   42.2  22.3   1   2   6.2e-10   1.2e-07   25.9   1.9    29   153    14   126     2   145 0.78 NZ_QQSN01000018.1_9 # 6774 # 8315 # -1 # ID=8_9;partial=00;start_type=ATG;rbs_motif=GGA/GAG/AGG;rbs_spacer=5-10bp;gc_cont=0.272
NZ_QQSN01000018.1:6774-8315|-   -            514 534at2085            -            678   1.3e-12   42.2  22.3   2   2   2.8e-08   5.3e-06   20.4  12.8   312   561   151   392   128   460 0.65 NZ_QQSN01000018.1_9 # 6774 # 8315 # -1 # ID=8_9;partial=00;start_type=ATG;rbs_motif=GGA/GAG/AGG;rbs_spacer=5-10bp;gc_cont=0.272
#
# Program:         hmmsearch
# Version:         3.4 (Aug 2023)
# Pipeline mode:   SEARCH
# Query file:      /home/lgef/Documentos/GitHub/Project_doctoral/IMPLEMENTACAO/Genomes/M_hyopneumoniae/MHP_ncbi_dataset/ncbi_dataset/data/strains/MHP650/Use/busco_downloads/lineages/mycoplasmatales_odb10/hmms/534at2085.hmm
# Target file:     /home/lgef/Documentos/GitHub/Project_doctoral/IMPLEMENTACAO/Genomes/M_hyopneumoniae/MHP_ncbi_dataset/ncbi_dataset/data/strains/MHP650/Use/busco_draft/prodigal_output/predicted_genes/predicted.faa
# Option settings: hmmsearch --domtblout /home/lgef/Documentos/GitHub/Project_doctoral/IMPLEMENTACAO/Genomes/M_hyopneumoniae/MHP_ncbi_dataset/ncbi_dataset/data/strains/MHP650/Use/busco_draft/run_mycoplasmatales_odb10/hmmer_output/534at2085.out --cpu 1 /home/lgef/Documentos/GitHub/Project_doctoral/IMPLEMENTACAO/Genomes/M_hyopneumoniae/MHP_ncbi_dataset/ncbi_dataset/data/strains/MHP650/Use/busco_downloads/lineages/mycoplasmatales_odb10/hmms/534at2085.hmm /home/lgef/Documentos/GitHub/Project_doctoral/IMPLEMENTACAO/Genomes/M_hyopneumoniae/MHP_ncbi_dataset/ncbi_dataset/data/strains/MHP650/Use/busco_draft/prodigal_output/predicted_genes/predicted.faa 
# Current dir:     /home/lgef/Documentos/GitHub/Project_doctoral/IMPLEMENTACAO/Genomes/M_hyopneumoniae/MHP_ncbi_dataset/ncbi_dataset/data/strains/MHP650/Use
# Date:            Thu Nov 28 19:37:16 2024
# [ok]
