#                                                                                       --- full sequence --- -------------- this domain -------------   hmm coord   ali coord   env coord
# target name                   accession   tlen query name           accession   qlen   E-value  score  bias   #  of  c-Evalue  i-Evalue  score  bias  from    to  from    to  from    to  acc description of target
#           ------------------- ---------- ----- -------------------- ---------- ----- --------- ------ ----- --- --- --------- --------- ------ ----- ----- ----- ----- ----- ----- ----- ---- ---------------------
NZ_QQSN01000004.1:31971-36380|- -           1470 56at2085             -           1080         0 1365.2  30.2   1   2       1.1   4.1e+02   -6.2   2.2   139   221    57   137    37   143 0.72 NZ_QQSN01000004.1_27 # 31971 # 36380 # -1 # ID=34_27;partial=00;start_type=ATG;rbs_motif=AGGAG;rbs_spacer=5-10bp;gc_cont=0.301
NZ_QQSN01000004.1:31971-36380|- -           1470 56at2085             -           1080         0 1365.2  30.2   2   2         0         0 1365.2  30.2    49  1080   318  1468   295  1468 0.89 NZ_QQSN01000004.1_27 # 31971 # 36380 # -1 # ID=34_27;partial=00;start_type=ATG;rbs_motif=AGGAG;rbs_spacer=5-10bp;gc_cont=0.301
NZ_QQSN01000009.1:16411-19356|- -            982 56at2085             -           1080   6.9e-28   92.4  36.1   1   7   3.7e-08   1.4e-05   18.6   0.0    54   118     4    69     1    87 0.92 NZ_QQSN01000009.1_16 # 16411 # 19356 # -1 # ID=80_16;partial=00;start_type=ATG;rbs_motif=None;rbs_spacer=None;gc_cont=0.289
NZ_QQSN01000009.1:16411-19356|- -            982 56at2085             -           1080   6.9e-28   92.4  36.1   2   7   1.4e-14   5.1e-12   39.9   3.0   348   566   100   320    78   324 0.73 NZ_QQSN01000009.1_16 # 16411 # 19356 # -1 # ID=80_16;partial=00;start_type=ATG;rbs_motif=None;rbs_spacer=None;gc_cont=0.289
NZ_QQSN01000009.1:16411-19356|- -            982 56at2085             -           1080   6.9e-28   92.4  36.1   3   7   1.8e-05    0.0067    9.7   0.0   606   677   323   394   321   402 0.90 NZ_QQSN01000009.1_16 # 16411 # 19356 # -1 # ID=80_16;partial=00;start_type=ATG;rbs_motif=None;rbs_spacer=None;gc_cont=0.289
NZ_QQSN01000009.1:16411-19356|- -            982 56at2085             -           1080   6.9e-28   92.4  36.1   4   7    0.0012      0.44    3.7   0.0   674   755   437   513   426   557 0.77 NZ_QQSN01000009.1_16 # 16411 # 19356 # -1 # ID=80_16;partial=00;start_type=ATG;rbs_motif=None;rbs_spacer=None;gc_cont=0.289
NZ_QQSN01000009.1:16411-19356|- -            982 56at2085             -           1080   6.9e-28   92.4  36.1   5   7     0.016         6   -0.1   0.3   293   372   585   666   582   684 0.78 NZ_QQSN01000009.1_16 # 16411 # 19356 # -1 # ID=80_16;partial=00;start_type=ATG;rbs_motif=None;rbs_spacer=None;gc_cont=0.289
NZ_QQSN01000009.1:16411-19356|- -            982 56at2085             -           1080   6.9e-28   92.4  36.1   6   7   1.6e-07   5.9e-05   16.5   7.4   906   945   684   723   659   737 0.83 NZ_QQSN01000009.1_16 # 16411 # 19356 # -1 # ID=80_16;partial=00;start_type=ATG;rbs_motif=None;rbs_spacer=None;gc_cont=0.289
NZ_QQSN01000009.1:16411-19356|- -            982 56at2085             -           1080   6.9e-28   92.4  36.1   7   7   1.3e-08   4.7e-06   20.1   0.2   985  1069   732   818   720   830 0.81 NZ_QQSN01000009.1_16 # 16411 # 19356 # -1 # ID=80_16;partial=00;start_type=ATG;rbs_motif=None;rbs_spacer=None;gc_cont=0.289
#
# Program:         hmmsearch
# Version:         3.4 (Aug 2023)
# Pipeline mode:   SEARCH
# Query file:      /home/lgef/Documentos/GitHub/Project_doctoral/IMPLEMENTACAO/Genomes/M_hyopneumoniae/MHP_ncbi_dataset/ncbi_dataset/data/strains/MHP650/Use/busco_downloads/lineages/mycoplasmatales_odb10/hmms/56at2085.hmm
# Target file:     /home/lgef/Documentos/GitHub/Project_doctoral/IMPLEMENTACAO/Genomes/M_hyopneumoniae/MHP_ncbi_dataset/ncbi_dataset/data/strains/MHP650/Use/busco_draft/prodigal_output/predicted_genes/predicted.faa
# Option settings: hmmsearch --domtblout /home/lgef/Documentos/GitHub/Project_doctoral/IMPLEMENTACAO/Genomes/M_hyopneumoniae/MHP_ncbi_dataset/ncbi_dataset/data/strains/MHP650/Use/busco_draft/run_mycoplasmatales_odb10/hmmer_output/56at2085.out --cpu 1 /home/lgef/Documentos/GitHub/Project_doctoral/IMPLEMENTACAO/Genomes/M_hyopneumoniae/MHP_ncbi_dataset/ncbi_dataset/data/strains/MHP650/Use/busco_downloads/lineages/mycoplasmatales_odb10/hmms/56at2085.hmm /home/lgef/Documentos/GitHub/Project_doctoral/IMPLEMENTACAO/Genomes/M_hyopneumoniae/MHP_ncbi_dataset/ncbi_dataset/data/strains/MHP650/Use/busco_draft/prodigal_output/predicted_genes/predicted.faa 
# Current dir:     /home/lgef/Documentos/GitHub/Project_doctoral/IMPLEMENTACAO/Genomes/M_hyopneumoniae/MHP_ncbi_dataset/ncbi_dataset/data/strains/MHP650/Use
# Date:            Thu Nov 28 19:37:17 2024
# [ok]
