#                                                                                       --- full sequence --- -------------- this domain -------------   hmm coord   ali coord   env coord
# target name                   accession   tlen query name           accession   qlen   E-value  score  bias   #  of  c-Evalue  i-Evalue  score  bias  from    to  from    to  from    to  acc description of target
#           ------------------- ---------- ----- -------------------- ---------- ----- --------- ------ ----- --- --- --------- --------- ------ ----- ----- ----- ----- ----- ----- ----- ---- ---------------------
NZ_QQSN01000006.1:46036-47739|- -            568 908at2085            -            403  7.8e-146  481.2  18.4   1   2   1.9e-85   3.6e-83  274.9  12.7     4   229    16   286    13   304 0.85 NZ_QQSN01000006.1_39 # 46036 # 47739 # -1 # ID=56_39;partial=00;start_type=ATG;rbs_motif=GGA/GAG/AGG;rbs_spacer=5-10bp;gc_cont=0.324
NZ_QQSN01000006.1:46036-47739|- -            568 908at2085            -            403  7.8e-146  481.2  18.4   2   2   2.9e-63   5.4e-61  201.8   0.3   243   398   381   558   352   563 0.84 NZ_QQSN01000006.1_39 # 46036 # 47739 # -1 # ID=56_39;partial=00;start_type=ATG;rbs_motif=GGA/GAG/AGG;rbs_spacer=5-10bp;gc_cont=0.324
NZ_QQSN01000011.1:20297-21763|- -            489 908at2085            -            403   1.9e-29   97.9   6.4   1   2   6.8e-18   1.3e-15   52.4   4.8    47   229   113   303    76   325 0.82 NZ_QQSN01000011.1_13 # 20297 # 21763 # -1 # ID=1_13;partial=00;start_type=ATG;rbs_motif=GGA/GAG/AGG;rbs_spacer=11-12bp;gc_cont=0.312
NZ_QQSN01000011.1:20297-21763|- -            489 908at2085            -            403   1.9e-29   97.9   6.4   2   2   1.3e-15   2.4e-13   44.9   0.0   318   378   423   482   397   488 0.78 NZ_QQSN01000011.1_13 # 20297 # 21763 # -1 # ID=1_13;partial=00;start_type=ATG;rbs_motif=GGA/GAG/AGG;rbs_spacer=11-12bp;gc_cont=0.312
NZ_QQSN01000023.1:140-1489|+    -            450 908at2085            -            403   7.6e-29   96.0   7.0   1   2   2.9e-14   5.4e-12   40.5   4.5     3   202    19   247    16   265 0.71 NZ_QQSN01000023.1_1 # 140 # 1489 # 1 # ID=16_1;partial=00;start_type=ATG;rbs_motif=None;rbs_spacer=None;gc_cont=0.324
NZ_QQSN01000023.1:140-1489|+    -            450 908at2085            -            403   7.6e-29   96.0   7.0   2   2   2.5e-17   4.8e-15   50.5   0.0   286   383   353   447   329   449 0.84 NZ_QQSN01000023.1_1 # 140 # 1489 # 1 # ID=16_1;partial=00;start_type=ATG;rbs_motif=None;rbs_spacer=None;gc_cont=0.324
NZ_QQSN01000013.1:8764-9765|+   -            334 908at2085            -            403     3e-07   24.8   0.4   1   2    0.0028      0.51    4.3   0.0   107   196    35   133    20   163 0.68 NZ_QQSN01000013.1_6 # 8764 # 9765 # 1 # ID=3_6;partial=00;start_type=GTG;rbs_motif=AGGA/GGAG/GAGG;rbs_spacer=11-12bp;gc_cont=0.259
NZ_QQSN01000013.1:8764-9765|+   -            334 908at2085            -            403     3e-07   24.8   0.4   2   2   9.3e-08   1.7e-05   19.0   0.1   294   381   245   328   175   332 0.80 NZ_QQSN01000013.1_6 # 8764 # 9765 # 1 # ID=3_6;partial=00;start_type=GTG;rbs_motif=AGGA/GGAG/GAGG;rbs_spacer=11-12bp;gc_cont=0.259
#
# Program:         hmmsearch
# Version:         3.4 (Aug 2023)
# Pipeline mode:   SEARCH
# Query file:      /home/lgef/Documentos/GitHub/Project_doctoral/IMPLEMENTACAO/Genomes/M_hyopneumoniae/MHP_ncbi_dataset/ncbi_dataset/data/strains/MHP650/Use/busco_downloads/lineages/mycoplasmatales_odb10/hmms/908at2085.hmm
# Target file:     /home/lgef/Documentos/GitHub/Project_doctoral/IMPLEMENTACAO/Genomes/M_hyopneumoniae/MHP_ncbi_dataset/ncbi_dataset/data/strains/MHP650/Use/busco_draft/prodigal_output/predicted_genes/predicted.faa
# Option settings: hmmsearch --domtblout /home/lgef/Documentos/GitHub/Project_doctoral/IMPLEMENTACAO/Genomes/M_hyopneumoniae/MHP_ncbi_dataset/ncbi_dataset/data/strains/MHP650/Use/busco_draft/run_mycoplasmatales_odb10/hmmer_output/908at2085.out --cpu 1 /home/lgef/Documentos/GitHub/Project_doctoral/IMPLEMENTACAO/Genomes/M_hyopneumoniae/MHP_ncbi_dataset/ncbi_dataset/data/strains/MHP650/Use/busco_downloads/lineages/mycoplasmatales_odb10/hmms/908at2085.hmm /home/lgef/Documentos/GitHub/Project_doctoral/IMPLEMENTACAO/Genomes/M_hyopneumoniae/MHP_ncbi_dataset/ncbi_dataset/data/strains/MHP650/Use/busco_draft/prodigal_output/predicted_genes/predicted.faa 
# Current dir:     /home/lgef/Documentos/GitHub/Project_doctoral/IMPLEMENTACAO/Genomes/M_hyopneumoniae/MHP_ncbi_dataset/ncbi_dataset/data/strains/MHP650/Use
# Date:            Thu Nov 28 19:37:17 2024
# [ok]
