#                                                                                   --- full sequence --- -------------- this domain -------------   hmm coord   ali coord   env coord
# target name               accession   tlen query name           accession   qlen   E-value  score  bias   #  of  c-Evalue  i-Evalue  score  bias  from    to  from    to  from    to  acc description of target
#       ------------------- ---------- ----- -------------------- ---------- ----- --------- ------ ----- --- --- --------- --------- ------ ----- ----- ----- ----- ----- ----- ----- ---- ---------------------
NC_021283.1:121989-122906|+ -            306 3146at2085           -            235   2.6e-85  280.8   1.2   1   2   3.2e-29   5.7e-27   89.9   0.1     1    66     4    72     4   108 0.79 NC_021283.1_99 # 121989 # 122906 # 1 # ID=1_99;partial=00;start_type=ATG;rbs_motif=GGA/GAG/AGG;rbs_spacer=5-10bp;gc_cont=0.356
NC_021283.1:121989-122906|+ -            306 3146at2085           -            235   2.6e-85  280.8   1.2   2   2   6.6e-60   1.2e-57  190.3   0.2    64   234   104   299    99   300 0.86 NC_021283.1_99 # 121989 # 122906 # 1 # ID=1_99;partial=00;start_type=ATG;rbs_motif=GGA/GAG/AGG;rbs_spacer=5-10bp;gc_cont=0.356
NC_021283.1:745992-747356|- -            455 3146at2085           -            235   1.4e-17   59.2   5.3   1   2   9.4e-08   1.7e-05   19.7   0.1     1    40     4    43     4    53 0.93 NC_021283.1_587 # 745992 # 747356 # -1 # ID=1_587;partial=00;start_type=ATG;rbs_motif=GGA/GAG/AGG;rbs_spacer=5-10bp;gc_cont=0.313
NC_021283.1:745992-747356|- -            455 3146at2085           -            235   1.4e-17   59.2   5.3   2   2   7.1e-14   1.3e-11   39.7   1.8   102   235   167   320   126   320 0.67 NC_021283.1_587 # 745992 # 747356 # -1 # ID=1_587;partial=00;start_type=ATG;rbs_motif=GGA/GAG/AGG;rbs_spacer=5-10bp;gc_cont=0.313
NC_021283.1:668675-670522|+ -            616 3146at2085           -            235   5.1e-11   37.7   9.2   1   2     3e-08   5.3e-06   21.3   0.1     1    38   161   198   161   206 0.93 NC_021283.1_529 # 668675 # 670522 # 1 # ID=1_529;partial=00;start_type=ATG;rbs_motif=AGGA;rbs_spacer=5-10bp;gc_cont=0.365
NC_021283.1:668675-670522|+ -            616 3146at2085           -            235   5.1e-11   37.7   9.2   2   2   1.7e-07     3e-05   18.8   3.3    58   218   284   466   244   483 0.67 NC_021283.1_529 # 668675 # 670522 # 1 # ID=1_529;partial=00;start_type=ATG;rbs_motif=AGGA;rbs_spacer=5-10bp;gc_cont=0.365
NC_021283.1:2777-4636|+     -            620 3146at2085           -            235     0.024    9.3   2.9   1   3    0.0011       0.2    6.3   0.0     1    30    12    41    12    49 0.85 NC_021283.1_3 # 2777 # 4636 # 1 # ID=1_3;partial=00;start_type=ATG;rbs_motif=GGAG/GAGG;rbs_spacer=5-10bp;gc_cont=0.328
NC_021283.1:2777-4636|+     -            620 3146at2085           -            235     0.024    9.3   2.9   2   3     0.028       4.9    1.7   0.7   129   169    98   142    79   162 0.72 NC_021283.1_3 # 2777 # 4636 # 1 # ID=1_3;partial=00;start_type=ATG;rbs_motif=GGAG/GAGG;rbs_spacer=5-10bp;gc_cont=0.328
NC_021283.1:2777-4636|+     -            620 3146at2085           -            235     0.024    9.3   2.9   3   3      0.61   1.1e+02   -2.6   0.0   201   215   361   376   350   393 0.73 NC_021283.1_3 # 2777 # 4636 # 1 # ID=1_3;partial=00;start_type=ATG;rbs_motif=GGAG/GAGG;rbs_spacer=5-10bp;gc_cont=0.328
#
# Program:         hmmsearch
# Version:         3.4 (Aug 2023)
# Pipeline mode:   SEARCH
# Query file:      /home/lgef/Documentos/GitHub/Project_doctoral/IMPLEMENTACAO/Genomes/M_hyopneumoniae/MHP_ncbi_dataset/ncbi_dataset/data/strains/168L/Use/busco_downloads/lineages/mycoplasmatales_odb10/hmms/3146at2085.hmm
# Target file:     /home/lgef/Documentos/GitHub/Project_doctoral/IMPLEMENTACAO/Genomes/M_hyopneumoniae/MHP_ncbi_dataset/ncbi_dataset/data/strains/168L/Use/busco_complete/prodigal_output/predicted_genes/predicted.faa
# Option settings: hmmsearch --domtblout /home/lgef/Documentos/GitHub/Project_doctoral/IMPLEMENTACAO/Genomes/M_hyopneumoniae/MHP_ncbi_dataset/ncbi_dataset/data/strains/168L/Use/busco_complete/run_mycoplasmatales_odb10/hmmer_output/3146at2085.out --cpu 1 /home/lgef/Documentos/GitHub/Project_doctoral/IMPLEMENTACAO/Genomes/M_hyopneumoniae/MHP_ncbi_dataset/ncbi_dataset/data/strains/168L/Use/busco_downloads/lineages/mycoplasmatales_odb10/hmms/3146at2085.hmm /home/lgef/Documentos/GitHub/Project_doctoral/IMPLEMENTACAO/Genomes/M_hyopneumoniae/MHP_ncbi_dataset/ncbi_dataset/data/strains/168L/Use/busco_complete/prodigal_output/predicted_genes/predicted.faa 
# Current dir:     /home/lgef/Documentos/GitHub/Project_doctoral/IMPLEMENTACAO/Genomes/M_hyopneumoniae/MHP_ncbi_dataset/ncbi_dataset/data/strains/168L/Use
# Date:            Thu Nov 28 19:24:11 2024
# [ok]
