#                                                                                   --- full sequence --- -------------- this domain -------------   hmm coord   ali coord   env coord
# target name               accession   tlen query name           accession   qlen   E-value  score  bias   #  of  c-Evalue  i-Evalue  score  bias  from    to  from    to  from    to  acc description of target
#       ------------------- ---------- ----- -------------------- ---------- ----- --------- ------ ----- --- --- --------- --------- ------ ----- ----- ----- ----- ----- ----- ----- ---- ---------------------
NC_021283.1:232693-234159|+ -            489 759at2085            -            394  1.9e-157  519.4  11.7   1   2     0.017       2.5    2.1   0.1     1    19     3    21     3    25 0.90 NC_021283.1_209 # 232693 # 234159 # 1 # ID=1_209;partial=00;start_type=ATG;rbs_motif=GGA/GAG/AGG;rbs_spacer=11-12bp;gc_cont=0.312
NC_021283.1:232693-234159|+ -            489 759at2085            -            394  1.9e-157  519.4  11.7   2   2  1.7e-159  2.5e-157  519.1   7.3    10   394    43   484    34   484 0.88 NC_021283.1_209 # 232693 # 234159 # 1 # ID=1_209;partial=00;start_type=ATG;rbs_motif=GGA/GAG/AGG;rbs_spacer=11-12bp;gc_cont=0.312
NC_021283.1:304918-306621|+ -            568 759at2085            -            394   2.5e-25   84.4   1.4   1   2     2e-15   2.9e-13   44.7   1.0    83   235   116   270    36   284 0.85 NC_021283.1_264 # 304918 # 306621 # 1 # ID=1_264;partial=00;start_type=ATG;rbs_motif=GGA/GAG/AGG;rbs_spacer=5-10bp;gc_cont=0.322
NC_021283.1:304918-306621|+ -            568 759at2085            -            394   2.5e-25   84.4   1.4   2   2   2.1e-13     3e-11   38.1   0.0   354   391   498   535   428   537 0.92 NC_021283.1_264 # 304918 # 306621 # 1 # ID=1_264;partial=00;start_type=ATG;rbs_motif=GGA/GAG/AGG;rbs_spacer=5-10bp;gc_cont=0.322
NC_021283.1:525043-526392|+ -            450 759at2085            -            394   6.6e-21   69.9   4.8   1   1   6.8e-23   9.6e-21   69.3   4.8    87   392   124   442    86   444 0.82 NC_021283.1_436 # 525043 # 526392 # 1 # ID=1_436;partial=00;start_type=ATG;rbs_motif=None;rbs_spacer=None;gc_cont=0.322
NC_021283.1:657080-658081|- -            334 759at2085            -            394   3.1e-05   18.3   6.4   1   1   3.4e-06   0.00048   14.4   6.4   140   391    73   324    56   326 0.70 NC_021283.1_522 # 657080 # 658081 # -1 # ID=1_522;partial=00;start_type=ATG;rbs_motif=AGGA/GGAG/GAGG;rbs_spacer=11-12bp;gc_cont=0.255
NC_021283.1:347470-348150|+ -            227 759at2085            -            394   0.00041   14.6   0.2   1   2   3.7e-05    0.0052   10.9   0.0   167   218    87   139    76   152 0.80 NC_021283.1_296 # 347470 # 348150 # 1 # ID=1_296;partial=00;start_type=ATG;rbs_motif=GGA/GAG/AGG;rbs_spacer=11-12bp;gc_cont=0.300
NC_021283.1:347470-348150|+ -            227 759at2085            -            394   0.00041   14.6   0.2   2   2     0.027       3.8    1.5   0.0   367   386   194   213   188   216 0.85 NC_021283.1_296 # 347470 # 348150 # 1 # ID=1_296;partial=00;start_type=ATG;rbs_motif=GGA/GAG/AGG;rbs_spacer=11-12bp;gc_cont=0.300
#
# Program:         hmmsearch
# Version:         3.4 (Aug 2023)
# Pipeline mode:   SEARCH
# Query file:      /home/lgef/Documentos/GitHub/Project_doctoral/IMPLEMENTACAO/Genomes/M_hyopneumoniae/MHP_ncbi_dataset/ncbi_dataset/data/strains/168L/Use/busco_downloads/lineages/mycoplasmatales_odb10/hmms/759at2085.hmm
# Target file:     /home/lgef/Documentos/GitHub/Project_doctoral/IMPLEMENTACAO/Genomes/M_hyopneumoniae/MHP_ncbi_dataset/ncbi_dataset/data/strains/168L/Use/busco_complete/prodigal_output/predicted_genes/predicted.faa
# Option settings: hmmsearch --domtblout /home/lgef/Documentos/GitHub/Project_doctoral/IMPLEMENTACAO/Genomes/M_hyopneumoniae/MHP_ncbi_dataset/ncbi_dataset/data/strains/168L/Use/busco_complete/run_mycoplasmatales_odb10/hmmer_output/759at2085.out --cpu 1 /home/lgef/Documentos/GitHub/Project_doctoral/IMPLEMENTACAO/Genomes/M_hyopneumoniae/MHP_ncbi_dataset/ncbi_dataset/data/strains/168L/Use/busco_downloads/lineages/mycoplasmatales_odb10/hmms/759at2085.hmm /home/lgef/Documentos/GitHub/Project_doctoral/IMPLEMENTACAO/Genomes/M_hyopneumoniae/MHP_ncbi_dataset/ncbi_dataset/data/strains/168L/Use/busco_complete/prodigal_output/predicted_genes/predicted.faa 
# Current dir:     /home/lgef/Documentos/GitHub/Project_doctoral/IMPLEMENTACAO/Genomes/M_hyopneumoniae/MHP_ncbi_dataset/ncbi_dataset/data/strains/168L/Use
# Date:            Thu Nov 28 19:24:13 2024
# [ok]
