#                                                                                   --- full sequence --- -------------- this domain -------------   hmm coord   ali coord   env coord
# target name               accession   tlen query name           accession   qlen   E-value  score  bias   #  of  c-Evalue  i-Evalue  score  bias  from    to  from    to  from    to  acc description of target
#       ------------------- ---------- ----- -------------------- ---------- ----- --------- ------ ----- --- --- --------- --------- ------ ----- ----- ----- ----- ----- ----- ----- ---- ---------------------
scf00000000:527631-529670|- -            680 1371at2085           -            438   7.4e-82  270.5 101.6   1   5   3.8e-30   1.9e-28   94.5   6.0     1   103    21   133    21   136 0.93 scf00000000_396 # 527631 # 529670 # -1 # ID=1_396;partial=00;start_type=ATG;rbs_motif=None;rbs_spacer=None;gc_cont=0.245
scf00000000:527631-529670|- -            680 1371at2085           -            438   7.4e-82  270.5 101.6   2   5     1e-26     5e-25   83.2  32.6   102   261   158   335   144   348 0.83 scf00000000_396 # 527631 # 529670 # -1 # ID=1_396;partial=00;start_type=ATG;rbs_motif=None;rbs_spacer=None;gc_cont=0.245
scf00000000:527631-529670|- -            680 1371at2085           -            438   7.4e-82  270.5 101.6   3   5      0.48        24   -1.4   5.7   161   228   339   406   333   407 0.82 scf00000000_396 # 527631 # 529670 # -1 # ID=1_396;partial=00;start_type=ATG;rbs_motif=None;rbs_spacer=None;gc_cont=0.245
scf00000000:527631-529670|- -            680 1371at2085           -            438   7.4e-82  270.5 101.6   4   5   3.2e-09   1.6e-07   25.5  19.9   269   372   408   552   406   559 0.78 scf00000000_396 # 527631 # 529670 # -1 # ID=1_396;partial=00;start_type=ATG;rbs_motif=None;rbs_spacer=None;gc_cont=0.245
scf00000000:527631-529670|- -            680 1371at2085           -            438   7.4e-82  270.5 101.6   5   5     1e-27   5.2e-26   86.5   8.7   367   438   591   663   567   663 0.86 scf00000000_396 # 527631 # 529670 # -1 # ID=1_396;partial=00;start_type=ATG;rbs_motif=None;rbs_spacer=None;gc_cont=0.245
scf00000000:259685-260401|+ -            239 1371at2085           -            438   5.1e-10   33.8   4.6   1   2     0.015      0.74    3.6   1.5   333   373    43    89     8    95 0.84 scf00000000_186 # 259685 # 260401 # 1 # ID=1_186;partial=00;start_type=ATG;rbs_motif=AGGA;rbs_spacer=5-10bp;gc_cont=0.259
scf00000000:259685-260401|+ -            239 1371at2085           -            438   5.1e-10   33.8   4.6   2   2     1e-11   5.1e-10   33.8   4.6   374   435   131   194   110   196 0.81 scf00000000_186 # 259685 # 260401 # 1 # ID=1_186;partial=00;start_type=ATG;rbs_motif=AGGA;rbs_spacer=5-10bp;gc_cont=0.259
seq00000001:13606-14322|-   -            239 1371at2085           -            438   5.1e-10   33.8   4.6   1   2     0.015      0.74    3.6   1.5   333   373    43    89     8    95 0.84 seq00000001_10 # 13606 # 14322 # -1 # ID=3_10;partial=00;start_type=ATG;rbs_motif=AGGA;rbs_spacer=5-10bp;gc_cont=0.258
seq00000001:13606-14322|-   -            239 1371at2085           -            438   5.1e-10   33.8   4.6   2   2     1e-11   5.1e-10   33.8   4.6   374   435   131   194   110   196 0.81 seq00000001_10 # 13606 # 14322 # -1 # ID=3_10;partial=00;start_type=ATG;rbs_motif=AGGA;rbs_spacer=5-10bp;gc_cont=0.258
scf00000000:309158-310081|+ -            308 1371at2085           -            438   1.2e-08   29.2   1.5   1   3      0.41        20   -1.2   0.9   159   211    24    76     2    85 0.57 scf00000000_207 # 309158 # 310081 # 1 # ID=1_207;partial=00;start_type=GTG;rbs_motif=AGGAGG;rbs_spacer=5-10bp;gc_cont=0.339
scf00000000:309158-310081|+ -            308 1371at2085           -            438   1.2e-08   29.2   1.5   2   3      0.15       7.4    0.3   0.1   333   362   101   136    94   155 0.67 scf00000000_207 # 309158 # 310081 # 1 # ID=1_207;partial=00;start_type=GTG;rbs_motif=AGGAGG;rbs_spacer=5-10bp;gc_cont=0.339
scf00000000:309158-310081|+ -            308 1371at2085           -            438   1.2e-08   29.2   1.5   3   3   2.5e-10   1.2e-08   29.2   1.5   367   436   187   259   138   261 0.83 scf00000000_207 # 309158 # 310081 # 1 # ID=1_207;partial=00;start_type=GTG;rbs_motif=AGGAGG;rbs_spacer=5-10bp;gc_cont=0.339
scf00000000:184192-185730|- -            513 1371at2085           -            438   4.7e-08   27.3  24.3   1   4      0.14       6.9    0.4   0.1   334   344    44    54    41    58 0.91 scf00000000_136 # 184192 # 185730 # -1 # ID=1_136;partial=00;start_type=TTG;rbs_motif=AGGA;rbs_spacer=5-10bp;gc_cont=0.311
scf00000000:184192-185730|- -            513 1371at2085           -            438   4.7e-08   27.3  24.3   2   4   5.2e-07   2.6e-05   18.3   1.2   379   436   145   204   139   206 0.90 scf00000000_136 # 184192 # 185730 # -1 # ID=1_136;partial=00;start_type=TTG;rbs_motif=AGGA;rbs_spacer=5-10bp;gc_cont=0.311
scf00000000:184192-185730|- -            513 1371at2085           -            438   4.7e-08   27.3  24.3   3   4     0.016      0.79    3.5   7.1   274   322   356   404   325   407 0.85 scf00000000_136 # 184192 # 185730 # -1 # ID=1_136;partial=00;start_type=TTG;rbs_motif=AGGA;rbs_spacer=5-10bp;gc_cont=0.311
scf00000000:184192-185730|- -            513 1371at2085           -            438   4.7e-08   27.3  24.3   4   4   2.3e-06   0.00011   16.1   0.7   370   432   403   467   401   472 0.77 scf00000000_136 # 184192 # 185730 # -1 # ID=1_136;partial=00;start_type=TTG;rbs_motif=AGGA;rbs_spacer=5-10bp;gc_cont=0.311
scf00000000:334154-334924|+ -            257 1371at2085           -            438   5.5e-08   27.1   0.4   1   3       1.7        82   -3.2   9.5   137   206    53   122     1   128 0.59 scf00000000_228 # 334154 # 334924 # 1 # ID=1_228;partial=00;start_type=ATG;rbs_motif=None;rbs_spacer=None;gc_cont=0.267
scf00000000:334154-334924|+ -            257 1371at2085           -            438   5.5e-08   27.1   0.4   2   3   1.1e-09   5.5e-08   27.1   0.4   372   435   147   213   130   216 0.84 scf00000000_228 # 334154 # 334924 # 1 # ID=1_228;partial=00;start_type=ATG;rbs_motif=None;rbs_spacer=None;gc_cont=0.267
scf00000000:334154-334924|+ -            257 1371at2085           -            438   5.5e-08   27.1   0.4   3   3     0.079       3.9    1.2   1.5   234   275   207   248   205   250 0.88 scf00000000_228 # 334154 # 334924 # 1 # ID=1_228;partial=00;start_type=ATG;rbs_motif=None;rbs_spacer=None;gc_cont=0.267
scf00000000:732469-734070|+ -            534 1371at2085           -            438   9.8e-08   26.2   5.6   1   2       2.4   1.2e+02   -3.7  46.5   104   334     9   255     4   256 0.69 scf00000000_571 # 732469 # 734070 # 1 # ID=1_571;partial=00;start_type=ATG;rbs_motif=GGAG/GAGG;rbs_spacer=5-10bp;gc_cont=0.258
scf00000000:732469-734070|+ -            534 1371at2085           -            438   9.8e-08   26.2   5.6   2   2     2e-09   9.8e-08   26.2   5.6   373   425   449   499   430   515 0.79 scf00000000_571 # 732469 # 734070 # 1 # ID=1_571;partial=00;start_type=ATG;rbs_motif=GGAG/GAGG;rbs_spacer=5-10bp;gc_cont=0.258
scf00000000:138162-139496|+ -            445 1371at2085           -            438   2.6e-07   24.8   4.6   1   3    0.0076      0.37    4.6   0.0   333   358    47    78    26    91 0.86 scf00000000_106 # 138162 # 139496 # 1 # ID=1_106;partial=00;start_type=ATG;rbs_motif=GGA/GAG/AGG;rbs_spacer=11-12bp;gc_cont=0.302
scf00000000:138162-139496|+ -            445 1371at2085           -            438   2.6e-07   24.8   4.6   2   3   5.6e-08   2.8e-06   21.5   0.2   376   436   229   292   196   293 0.81 scf00000000_106 # 138162 # 139496 # 1 # ID=1_106;partial=00;start_type=ATG;rbs_motif=GGA/GAG/AGG;rbs_spacer=11-12bp;gc_cont=0.302
scf00000000:138162-139496|+ -            445 1371at2085           -            438   2.6e-07   24.8   4.6   3   3       2.1     1e+02   -3.5   0.2   163   187   390   414   383   427 0.51 scf00000000_106 # 138162 # 139496 # 1 # ID=1_106;partial=00;start_type=ATG;rbs_motif=GGA/GAG/AGG;rbs_spacer=11-12bp;gc_cont=0.302
scf00000000:444359-445177|+ -            273 1371at2085           -            438   2.7e-07   24.8   0.1   1   3      0.11       5.5    0.7   5.2   292   367     3    86     1    94 0.64 scf00000000_318 # 444359 # 445177 # 1 # ID=1_318;partial=00;start_type=ATG;rbs_motif=None;rbs_spacer=None;gc_cont=0.288
scf00000000:444359-445177|+ -            273 1371at2085           -            438   2.7e-07   24.8   0.1   2   3      0.63        31   -1.8   0.0   406   425   104   123   103   127 0.86 scf00000000_318 # 444359 # 445177 # 1 # ID=1_318;partial=00;start_type=ATG;rbs_motif=None;rbs_spacer=None;gc_cont=0.288
scf00000000:444359-445177|+ -            273 1371at2085           -            438   2.7e-07   24.8   0.1   3   3   5.6e-09   2.7e-07   24.8   0.1   368   436   127   198   118   199 0.86 scf00000000_318 # 444359 # 445177 # 1 # ID=1_318;partial=00;start_type=ATG;rbs_motif=None;rbs_spacer=None;gc_cont=0.288
scf00000000:730878-732485|+ -            536 1371at2085           -            438   3.2e-06   21.2   4.6   1   3      0.79        39   -2.1  38.5   102   318    13   242     2   243 0.61 scf00000000_570 # 730878 # 732485 # 1 # ID=1_570;partial=00;start_type=ATG;rbs_motif=AGGAG;rbs_spacer=3-4bp;gc_cont=0.253
scf00000000:730878-732485|+ -            536 1371at2085           -            438   3.2e-06   21.2   4.6   2   3      0.15       7.5    0.3  13.0   333   375   363   415   315   422 0.69 scf00000000_570 # 730878 # 732485 # 1 # ID=1_570;partial=00;start_type=ATG;rbs_motif=AGGAG;rbs_spacer=3-4bp;gc_cont=0.253
scf00000000:730878-732485|+ -            536 1371at2085           -            438   3.2e-06   21.2   4.6   3   3   6.6e-08   3.2e-06   21.2   4.6   373   435   449   511   417   513 0.78 scf00000000_570 # 730878 # 732485 # 1 # ID=1_570;partial=00;start_type=ATG;rbs_motif=AGGAG;rbs_spacer=3-4bp;gc_cont=0.253
scf00000000:666390-668009|+ -            540 1371at2085           -            438   7.7e-06   20.0   5.1   1   1   1.6e-07   7.7e-06   20.0   5.1   367   434   455   522   445   526 0.77 scf00000000_523 # 666390 # 668009 # 1 # ID=1_523;partial=00;start_type=ATG;rbs_motif=AGGA;rbs_spacer=5-10bp;gc_cont=0.223
scf00000000:572892-573599|+ -            236 1371at2085           -            438   1.4e-05   19.1   0.4   1   1   3.6e-07   1.7e-05   18.8   0.4   375   435    39   102     4   105 0.82 scf00000000_450 # 572892 # 573599 # 1 # ID=1_450;partial=00;start_type=ATG;rbs_motif=None;rbs_spacer=None;gc_cont=0.357
scf00000000:201054-202103|+ -            350 1371at2085           -            438    0.0012   12.8   0.1   1   1   3.7e-05    0.0018   12.2   0.1   358   436   141   222   131   224 0.81 scf00000000_147 # 201054 # 202103 # 1 # ID=1_147;partial=00;start_type=ATG;rbs_motif=AGGAGG;rbs_spacer=5-10bp;gc_cont=0.337
#
# Program:         hmmsearch
# Version:         3.4 (Aug 2023)
# Pipeline mode:   SEARCH
# Query file:      /home/bryan/Documentos/GitHub/Project_doctoral/IMPLEMENTACAO/Genomes/M_flocculare/strains/ATCC27716/Use/busco_downloads/lineages/mycoplasmatales_odb10/hmms/1371at2085.hmm
# Target file:     /home/bryan/Documentos/GitHub/Project_doctoral/IMPLEMENTACAO/Genomes/M_flocculare/strains/ATCC27716/Use/busco_complete/prodigal_output/predicted_genes/predicted.faa
# Option settings: hmmsearch --domtblout /home/bryan/Documentos/GitHub/Project_doctoral/IMPLEMENTACAO/Genomes/M_flocculare/strains/ATCC27716/Use/busco_complete/run_mycoplasmatales_odb10/hmmer_output/1371at2085.out --cpu 1 /home/bryan/Documentos/GitHub/Project_doctoral/IMPLEMENTACAO/Genomes/M_flocculare/strains/ATCC27716/Use/busco_downloads/lineages/mycoplasmatales_odb10/hmms/1371at2085.hmm /home/bryan/Documentos/GitHub/Project_doctoral/IMPLEMENTACAO/Genomes/M_flocculare/strains/ATCC27716/Use/busco_complete/prodigal_output/predicted_genes/predicted.faa 
# Current dir:     /home/bryan/Documentos/GitHub/Project_doctoral/IMPLEMENTACAO/Genomes/M_flocculare/strains/ATCC27716/Use
# Date:            Sun Dec  1 18:43:05 2024
# [ok]
