#                                                                                   --- full sequence --- -------------- this domain -------------   hmm coord   ali coord   env coord
# target name               accession   tlen query name           accession   qlen   E-value  score  bias   #  of  c-Evalue  i-Evalue  score  bias  from    to  from    to  from    to  acc description of target
#       ------------------- ---------- ----- -------------------- ---------- ----- --------- ------ ----- --- --- --------- --------- ------ ----- ----- ----- ----- ----- ----- ----- ---- ---------------------
scf00000000:7877-10537|-    -            887 157at2085            -            637  9.4e-232  765.9  43.5   1   4   6.6e-90   1.1e-87  290.0   2.5     1   228    19   282    19   298 0.85 scf00000000_9 # 7877 # 10537 # -1 # ID=1_9;partial=00;start_type=ATG;rbs_motif=AGGA;rbs_spacer=5-10bp;gc_cont=0.297
scf00000000:7877-10537|-    -            887 157at2085            -            637  9.4e-232  765.9  43.5   2   4  4.6e-133  7.3e-131  432.6  12.1   224   543   303   675   293   681 0.87 scf00000000_9 # 7877 # 10537 # -1 # ID=1_9;partial=00;start_type=ATG;rbs_motif=AGGA;rbs_spacer=5-10bp;gc_cont=0.297
scf00000000:7877-10537|-    -            887 157at2085            -            637  9.4e-232  765.9  43.5   3   4   7.8e-19   1.2e-16   55.2  12.0   509   602   668   773   662   807 0.78 scf00000000_9 # 7877 # 10537 # -1 # ID=1_9;partial=00;start_type=ATG;rbs_motif=AGGA;rbs_spacer=5-10bp;gc_cont=0.297
scf00000000:7877-10537|-    -            887 157at2085            -            637  9.4e-232  765.9  43.5   4   4     0.039       6.3    0.1   0.1   620   637   846   863   818   863 0.80 scf00000000_9 # 7877 # 10537 # -1 # ID=1_9;partial=00;start_type=ATG;rbs_motif=AGGA;rbs_spacer=5-10bp;gc_cont=0.297
scf00000000:745312-747783|+ -            824 157at2085            -            637   9.7e-44  144.8  33.7   1   2   2.2e-43   3.6e-41  136.3  24.7     7   532    16   587    10   598 0.75 scf00000000_577 # 745312 # 747783 # 1 # ID=1_577;partial=00;start_type=ATG;rbs_motif=GGA/GAG/AGG;rbs_spacer=5-10bp;gc_cont=0.287
scf00000000:745312-747783|+ -            824 157at2085            -            637   9.7e-44  144.8  33.7   2   2   0.00013     0.021    8.2   2.5   511   583   591   661   588   692 0.75 scf00000000_577 # 745312 # 747783 # 1 # ID=1_577;partial=00;start_type=ATG;rbs_motif=GGA/GAG/AGG;rbs_spacer=5-10bp;gc_cont=0.287
scf00000000:688213-690585|- -            791 157at2085            -            637   2.6e-38  126.9   9.6   1   3   4.7e-16   7.5e-14   46.1   0.1    11   161    17   171    10   179 0.81 scf00000000_542 # 688213 # 690585 # -1 # ID=1_542;partial=00;start_type=ATG;rbs_motif=None;rbs_spacer=None;gc_cont=0.302
scf00000000:688213-690585|- -            791 157at2085            -            637   2.6e-38  126.9   9.6   2   3   4.1e-09   6.5e-07   23.1   0.2   320   377   384   443   372   495 0.66 scf00000000_542 # 688213 # 690585 # -1 # ID=1_542;partial=00;start_type=ATG;rbs_motif=None;rbs_spacer=None;gc_cont=0.302
scf00000000:688213-690585|- -            791 157at2085            -            637   2.6e-38  126.9   9.6   3   3   1.1e-20   1.8e-18   61.3   1.2   438   610   543   725   506   746 0.72 scf00000000_542 # 688213 # 690585 # -1 # ID=1_542;partial=00;start_type=ATG;rbs_motif=None;rbs_spacer=None;gc_cont=0.302
scf00000000:398242-399786|+ -            515 157at2085            -            637   1.3e-18   61.8   8.6   1   3   5.7e-13     9e-11   35.9   1.4    30   164    10   145     2   158 0.77 scf00000000_280 # 398242 # 399786 # 1 # ID=1_280;partial=00;start_type=ATG;rbs_motif=GGA/GAG/AGG;rbs_spacer=5-10bp;gc_cont=0.274
scf00000000:398242-399786|+ -            515 157at2085            -            637   1.3e-18   61.8   8.6   2   3   4.8e-11   7.7e-09   29.5   0.1   444   517   293   366   288   384 0.77 scf00000000_280 # 398242 # 399786 # 1 # ID=1_280;partial=00;start_type=ATG;rbs_motif=GGA/GAG/AGG;rbs_spacer=5-10bp;gc_cont=0.274
scf00000000:398242-399786|+ -            515 157at2085            -            637   1.3e-18   61.8   8.6   3   3      0.19        30   -2.2   0.1   521   590   407   481   389   502 0.48 scf00000000_280 # 398242 # 399786 # 1 # ID=1_280;partial=00;start_type=ATG;rbs_motif=GGA/GAG/AGG;rbs_spacer=5-10bp;gc_cont=0.274
#
# Program:         hmmsearch
# Version:         3.4 (Aug 2023)
# Pipeline mode:   SEARCH
# Query file:      /home/bryan/Documentos/GitHub/Project_doctoral/IMPLEMENTACAO/Genomes/M_flocculare/strains/ATCC27716/Use/busco_downloads/lineages/mycoplasmatales_odb10/hmms/157at2085.hmm
# Target file:     /home/bryan/Documentos/GitHub/Project_doctoral/IMPLEMENTACAO/Genomes/M_flocculare/strains/ATCC27716/Use/busco_complete/prodigal_output/predicted_genes/predicted.faa
# Option settings: hmmsearch --domtblout /home/bryan/Documentos/GitHub/Project_doctoral/IMPLEMENTACAO/Genomes/M_flocculare/strains/ATCC27716/Use/busco_complete/run_mycoplasmatales_odb10/hmmer_output/157at2085.out --cpu 1 /home/bryan/Documentos/GitHub/Project_doctoral/IMPLEMENTACAO/Genomes/M_flocculare/strains/ATCC27716/Use/busco_downloads/lineages/mycoplasmatales_odb10/hmms/157at2085.hmm /home/bryan/Documentos/GitHub/Project_doctoral/IMPLEMENTACAO/Genomes/M_flocculare/strains/ATCC27716/Use/busco_complete/prodigal_output/predicted_genes/predicted.faa 
# Current dir:     /home/bryan/Documentos/GitHub/Project_doctoral/IMPLEMENTACAO/Genomes/M_flocculare/strains/ATCC27716/Use
# Date:            Sun Dec  1 18:43:06 2024
# [ok]
