#                                                                                   --- full sequence --- -------------- this domain -------------   hmm coord   ali coord   env coord
# target name               accession   tlen query name           accession   qlen   E-value  score  bias   #  of  c-Evalue  i-Evalue  score  bias  from    to  from    to  from    to  acc description of target
#       ------------------- ---------- ----- -------------------- ---------- ----- --------- ------ ----- --- --- --------- --------- ------ ----- ----- ----- ----- ----- ----- ----- ---- ---------------------
scf00000000:312633-313736|- -            368 1683at2085           -            284  3.8e-105  346.5  15.7   1   3   2.8e-72   4.5e-70  231.4   3.4     1   163     1   171     1   178 0.91 scf00000000_210 # 312633 # 313736 # -1 # ID=1_210;partial=00;start_type=ATG;rbs_motif=None;rbs_spacer=None;gc_cont=0.335
scf00000000:312633-313736|- -            368 1683at2085           -            284  3.8e-105  346.5  15.7   2   3   9.2e-08   1.5e-05   19.7   0.1   151   186   177   213   163   220 0.77 scf00000000_210 # 312633 # 313736 # -1 # ID=1_210;partial=00;start_type=ATG;rbs_motif=None;rbs_spacer=None;gc_cont=0.335
scf00000000:312633-313736|- -            368 1683at2085           -            284  3.8e-105  346.5  15.7   3   3   7.6e-33   1.2e-30  102.0   1.9   181   284   234   365   220   365 0.80 scf00000000_210 # 312633 # 313736 # -1 # ID=1_210;partial=00;start_type=ATG;rbs_motif=None;rbs_spacer=None;gc_cont=0.335
scf00000000:24139-25398|+   -            420 1683at2085           -            284     1e-14   49.8   5.2   1   1   1.3e-15   2.1e-13   45.5   5.2     4   193   158   348   155   371 0.66 scf00000000_19 # 24139 # 25398 # 1 # ID=1_19;partial=00;start_type=ATG;rbs_motif=AGGA;rbs_spacer=5-10bp;gc_cont=0.297
scf00000000:61602-62915|+   -            438 1683at2085           -            284   2.8e-07   25.4   2.2   1   3   2.2e-05    0.0034   12.0   0.1     2    23     2    23     1    31 0.83 scf00000000_52 # 61602 # 62915 # 1 # ID=1_52;partial=00;start_type=ATG;rbs_motif=None;rbs_spacer=None;gc_cont=0.299
scf00000000:61602-62915|+   -            438 1683at2085           -            284   2.8e-07   25.4   2.2   2   3   6.3e-05      0.01   10.4   0.0     3    34   171   205   170   245 0.72 scf00000000_52 # 61602 # 62915 # 1 # ID=1_52;partial=00;start_type=ATG;rbs_motif=None;rbs_spacer=None;gc_cont=0.299
scf00000000:61602-62915|+   -            438 1683at2085           -            284   2.8e-07   25.4   2.2   3   3     0.074        12    0.4   0.1    54    78   303   327   271   361 0.69 scf00000000_52 # 61602 # 62915 # 1 # ID=1_52;partial=00;start_type=ATG;rbs_motif=None;rbs_spacer=None;gc_cont=0.299
scf00000000:525523-526404|- -            294 1683at2085           -            284   5.5e-05   17.8   0.1   1   2   3.5e-07   5.5e-05   17.8   0.1     5    27     9    31     6    57 0.83 scf00000000_392 # 525523 # 526404 # -1 # ID=1_392;partial=00;start_type=ATG;rbs_motif=None;rbs_spacer=None;gc_cont=0.283
scf00000000:525523-526404|- -            294 1683at2085           -            284   5.5e-05   17.8   0.1   2   2      0.41        66   -2.1   2.1   154   154   122   122    67   197 0.54 scf00000000_392 # 525523 # 526404 # -1 # ID=1_392;partial=00;start_type=ATG;rbs_motif=None;rbs_spacer=None;gc_cont=0.283
#
# Program:         hmmsearch
# Version:         3.4 (Aug 2023)
# Pipeline mode:   SEARCH
# Query file:      /home/bryan/Documentos/GitHub/Project_doctoral/IMPLEMENTACAO/Genomes/M_flocculare/strains/ATCC27716/Use/busco_downloads/lineages/mycoplasmatales_odb10/hmms/1683at2085.hmm
# Target file:     /home/bryan/Documentos/GitHub/Project_doctoral/IMPLEMENTACAO/Genomes/M_flocculare/strains/ATCC27716/Use/busco_complete/prodigal_output/predicted_genes/predicted.faa
# Option settings: hmmsearch --domtblout /home/bryan/Documentos/GitHub/Project_doctoral/IMPLEMENTACAO/Genomes/M_flocculare/strains/ATCC27716/Use/busco_complete/run_mycoplasmatales_odb10/hmmer_output/1683at2085.out --cpu 1 /home/bryan/Documentos/GitHub/Project_doctoral/IMPLEMENTACAO/Genomes/M_flocculare/strains/ATCC27716/Use/busco_downloads/lineages/mycoplasmatales_odb10/hmms/1683at2085.hmm /home/bryan/Documentos/GitHub/Project_doctoral/IMPLEMENTACAO/Genomes/M_flocculare/strains/ATCC27716/Use/busco_complete/prodigal_output/predicted_genes/predicted.faa 
# Current dir:     /home/bryan/Documentos/GitHub/Project_doctoral/IMPLEMENTACAO/Genomes/M_flocculare/strains/ATCC27716/Use
# Date:            Sun Dec  1 18:43:06 2024
# [ok]
