#                                                                                   --- full sequence --- -------------- this domain -------------   hmm coord   ali coord   env coord
# target name               accession   tlen query name           accession   qlen   E-value  score  bias   #  of  c-Evalue  i-Evalue  score  bias  from    to  from    to  from    to  acc description of target
#       ------------------- ---------- ----- -------------------- ---------- ----- --------- ------ ----- --- --- --------- --------- ------ ----- ----- ----- ----- ----- ----- ----- ---- ---------------------
scf00000000:411443-412561|- -            373 2092at2085           -            300  6.3e-118  388.7  10.7   1   2  1.2e-117  1.5e-115  380.9   4.5     2   255     3   276     2   292 0.92 scf00000000_292 # 411443 # 412561 # -1 # ID=1_292;partial=00;start_type=GTG;rbs_motif=GGAG/GAGG;rbs_spacer=5-10bp;gc_cont=0.325
scf00000000:411443-412561|- -            373 2092at2085           -            300  6.3e-118  388.7  10.7   2   2   4.4e-05    0.0057   11.3   0.4   257   291   301   348   288   359 0.69 scf00000000_292 # 411443 # 412561 # -1 # ID=1_292;partial=00;start_type=GTG;rbs_motif=GGAG/GAGG;rbs_spacer=5-10bp;gc_cont=0.325
scf00000000:243105-243845|- -            247 2092at2085           -            300   5.6e-05   17.9   0.1   1   2   1.2e-05    0.0015   13.2   0.0     2    37    29    65    28   100 0.79 scf00000000_172 # 243105 # 243845 # -1 # ID=1_172;partial=00;start_type=ATG;rbs_motif=None;rbs_spacer=None;gc_cont=0.304
scf00000000:243105-243845|- -            247 2092at2085           -            300   5.6e-05   17.9   0.1   2   2     0.023       2.9    2.4   0.0   151   177   154   182   151   187 0.77 scf00000000_172 # 243105 # 243845 # -1 # ID=1_172;partial=00;start_type=ATG;rbs_motif=None;rbs_spacer=None;gc_cont=0.304
scf00000000:253984-254724|- -            247 2092at2085           -            300   5.6e-05   17.9   0.1   1   2   1.2e-05    0.0015   13.2   0.0     2    37    29    65    28   100 0.79 scf00000000_182 # 253984 # 254724 # -1 # ID=1_182;partial=00;start_type=ATG;rbs_motif=None;rbs_spacer=None;gc_cont=0.304
scf00000000:253984-254724|- -            247 2092at2085           -            300   5.6e-05   17.9   0.1   2   2     0.023       2.9    2.4   0.0   151   177   154   182   151   187 0.77 scf00000000_182 # 253984 # 254724 # -1 # ID=1_182;partial=00;start_type=ATG;rbs_motif=None;rbs_spacer=None;gc_cont=0.304
seq00000002:37163-37903|-   -            247 2092at2085           -            300   5.6e-05   17.9   0.1   1   2   1.2e-05    0.0015   13.2   0.0     2    37    29    65    28   100 0.79 seq00000002_23 # 37163 # 37903 # -1 # ID=4_23;partial=00;start_type=ATG;rbs_motif=None;rbs_spacer=None;gc_cont=0.304
seq00000002:37163-37903|-   -            247 2092at2085           -            300   5.6e-05   17.9   0.1   2   2     0.023       2.9    2.4   0.0   151   177   154   182   151   187 0.77 seq00000002_23 # 37163 # 37903 # -1 # ID=4_23;partial=00;start_type=ATG;rbs_motif=None;rbs_spacer=None;gc_cont=0.304
seq00000001:19282-19551|+   -             90 2092at2085           -            300   0.00019   16.2   0.0   1   1   2.1e-06   0.00027   15.7   0.0     2    37    29    65    28    86 0.79 seq00000001_14 # 19282 # 19551 # 1 # ID=3_14;partial=01;start_type=ATG;rbs_motif=None;rbs_spacer=None;gc_cont=0.304
#
# Program:         hmmsearch
# Version:         3.4 (Aug 2023)
# Pipeline mode:   SEARCH
# Query file:      /home/bryan/Documentos/GitHub/Project_doctoral/IMPLEMENTACAO/Genomes/M_flocculare/strains/ATCC27716/Use/busco_downloads/lineages/mycoplasmatales_odb10/hmms/2092at2085.hmm
# Target file:     /home/bryan/Documentos/GitHub/Project_doctoral/IMPLEMENTACAO/Genomes/M_flocculare/strains/ATCC27716/Use/busco_complete/prodigal_output/predicted_genes/predicted.faa
# Option settings: hmmsearch --domtblout /home/bryan/Documentos/GitHub/Project_doctoral/IMPLEMENTACAO/Genomes/M_flocculare/strains/ATCC27716/Use/busco_complete/run_mycoplasmatales_odb10/hmmer_output/2092at2085.out --cpu 1 /home/bryan/Documentos/GitHub/Project_doctoral/IMPLEMENTACAO/Genomes/M_flocculare/strains/ATCC27716/Use/busco_downloads/lineages/mycoplasmatales_odb10/hmms/2092at2085.hmm /home/bryan/Documentos/GitHub/Project_doctoral/IMPLEMENTACAO/Genomes/M_flocculare/strains/ATCC27716/Use/busco_complete/prodigal_output/predicted_genes/predicted.faa 
# Current dir:     /home/bryan/Documentos/GitHub/Project_doctoral/IMPLEMENTACAO/Genomes/M_flocculare/strains/ATCC27716/Use
# Date:            Sun Dec  1 18:43:07 2024
# [ok]
