#                                                                                   --- full sequence --- -------------- this domain -------------   hmm coord   ali coord   env coord
# target name               accession   tlen query name           accession   qlen   E-value  score  bias   #  of  c-Evalue  i-Evalue  score  bias  from    to  from    to  from    to  acc description of target
#       ------------------- ---------- ----- -------------------- ---------- ----- --------- ------ ----- --- --- --------- --------- ------ ----- ----- ----- ----- ----- ----- ----- ---- ---------------------
scf00000000:525523-526404|- -            294 2656at2085           -            232   6.5e-67  220.4  19.3   1   2     9e-41   6.4e-39  128.8   8.1     1   117     9   129     9   148 0.91 scf00000000_392 # 525523 # 526404 # -1 # ID=1_392;partial=00;start_type=ATG;rbs_motif=None;rbs_spacer=None;gc_cont=0.283
scf00000000:525523-526404|- -            294 2656at2085           -            232   6.5e-67  220.4  19.3   2   2   6.8e-31   4.8e-29   96.5   4.6   120   232   160   293   127   293 0.80 scf00000000_392 # 525523 # 526404 # -1 # ID=1_392;partial=00;start_type=ATG;rbs_motif=None;rbs_spacer=None;gc_cont=0.283
scf00000000:61602-62915|+   -            438 2656at2085           -            232     8e-42  138.3   9.3   1   3   3.1e-20   2.2e-18   61.6   1.5     1   114     5   123     5   136 0.84 scf00000000_52 # 61602 # 62915 # 1 # ID=1_52;partial=00;start_type=ATG;rbs_motif=None;rbs_spacer=None;gc_cont=0.299
scf00000000:61602-62915|+   -            438 2656at2085           -            232     8e-42  138.3   9.3   2   3     3e-26   2.2e-24   81.3   0.3     2   132   174   312   173   319 0.86 scf00000000_52 # 61602 # 62915 # 1 # ID=1_52;partial=00;start_type=ATG;rbs_motif=None;rbs_spacer=None;gc_cont=0.299
scf00000000:61602-62915|+   -            438 2656at2085           -            232     8e-42  138.3   9.3   3   3      0.67        48   -1.6   0.1   105   132   321   348   302   361 0.68 scf00000000_52 # 61602 # 62915 # 1 # ID=1_52;partial=00;start_type=ATG;rbs_motif=None;rbs_spacer=None;gc_cont=0.299
scf00000000:562185-563513|- -            443 2656at2085           -            232   1.5e-18   62.2   8.0   1   3      0.79        56   -1.9   0.2   116   146   126   156   112   210 0.56 scf00000000_440 # 562185 # 563513 # -1 # ID=1_440;partial=00;start_type=TTG;rbs_motif=AGGAG;rbs_spacer=5-10bp;gc_cont=0.312
scf00000000:562185-563513|- -            443 2656at2085           -            232   1.5e-18   62.2   8.0   2   3   2.1e-20   1.5e-18   62.2   8.0     2   114   220   335   219   381 0.84 scf00000000_440 # 562185 # 563513 # -1 # ID=1_440;partial=00;start_type=TTG;rbs_motif=AGGAG;rbs_spacer=5-10bp;gc_cont=0.312
scf00000000:562185-563513|- -            443 2656at2085           -            232   1.5e-18   62.2   8.0   3   3         1        71   -2.2   0.1    72   106   357   392   351   398 0.61 scf00000000_440 # 562185 # 563513 # -1 # ID=1_440;partial=00;start_type=TTG;rbs_motif=AGGAG;rbs_spacer=5-10bp;gc_cont=0.312
scf00000000:273291-273821|+ -            177 2656at2085           -            232   6.2e-13   43.8   0.5   1   1     1e-14   7.3e-13   43.6   0.5     2   129    19   154    18   172 0.77 scf00000000_195 # 273291 # 273821 # 1 # ID=1_195;partial=00;start_type=ATG;rbs_motif=None;rbs_spacer=None;gc_cont=0.322
seq00000001:186-716|-       -            177 2656at2085           -            232   6.2e-13   43.8   0.5   1   1     1e-14   7.3e-13   43.6   0.5     2   129    19   154    18   172 0.77 seq00000001_1 # 186 # 716 # -1 # ID=3_1;partial=00;start_type=ATG;rbs_motif=None;rbs_spacer=None;gc_cont=0.320
scf00000000:312633-313736|- -            368 2656at2085           -            232   1.9e-09   32.4   1.8   1   1   1.2e-09   8.8e-08   26.9   1.8     2   136     6   151     5   175 0.67 scf00000000_210 # 312633 # 313736 # -1 # ID=1_210;partial=00;start_type=ATG;rbs_motif=None;rbs_spacer=None;gc_cont=0.335
scf00000000:82062-82853|+   -            264 2656at2085           -            232   6.7e-09   30.6   0.2   1   2     0.074       5.3    1.5   3.6    66   123     6    64     1    91 0.70 scf00000000_69 # 82062 # 82853 # 1 # ID=1_69;partial=00;start_type=ATG;rbs_motif=None;rbs_spacer=None;gc_cont=0.264
scf00000000:82062-82853|+   -            264 2656at2085           -            232   6.7e-09   30.6   0.2   2   2   9.4e-11   6.7e-09   30.6   0.2     2    65   114   173   113   203 0.82 scf00000000_69 # 82062 # 82853 # 1 # ID=1_69;partial=00;start_type=ATG;rbs_motif=None;rbs_spacer=None;gc_cont=0.264
scf00000000:24139-25398|+   -            420 2656at2085           -            232   4.9e-08   27.8   3.3   1   1   1.8e-09   1.3e-07   26.4   3.3     1   121   159   291   159   401 0.71 scf00000000_19 # 24139 # 25398 # 1 # ID=1_19;partial=00;start_type=ATG;rbs_motif=AGGA;rbs_spacer=5-10bp;gc_cont=0.297
scf00000000:522318-523175|- -            286 2656at2085           -            232   2.1e-07   25.7   0.3   1   2     0.051       3.6    2.0   1.7    59   123    55   124    45   154 0.63 scf00000000_388 # 522318 # 523175 # -1 # ID=1_388;partial=00;start_type=ATG;rbs_motif=None;rbs_spacer=None;gc_cont=0.270
scf00000000:522318-523175|- -            286 2656at2085           -            232   2.1e-07   25.7   0.3   2   2   2.9e-09   2.1e-07   25.7   0.3     3    58   157   215   155   239 0.74 scf00000000_388 # 522318 # 523175 # -1 # ID=1_388;partial=00;start_type=ATG;rbs_motif=None;rbs_spacer=None;gc_cont=0.270
#
# Program:         hmmsearch
# Version:         3.4 (Aug 2023)
# Pipeline mode:   SEARCH
# Query file:      /home/bryan/Documentos/GitHub/Project_doctoral/IMPLEMENTACAO/Genomes/M_flocculare/strains/ATCC27716/Use/busco_downloads/lineages/mycoplasmatales_odb10/hmms/2656at2085.hmm
# Target file:     /home/bryan/Documentos/GitHub/Project_doctoral/IMPLEMENTACAO/Genomes/M_flocculare/strains/ATCC27716/Use/busco_complete/prodigal_output/predicted_genes/predicted.faa
# Option settings: hmmsearch --domtblout /home/bryan/Documentos/GitHub/Project_doctoral/IMPLEMENTACAO/Genomes/M_flocculare/strains/ATCC27716/Use/busco_complete/run_mycoplasmatales_odb10/hmmer_output/2656at2085.out --cpu 1 /home/bryan/Documentos/GitHub/Project_doctoral/IMPLEMENTACAO/Genomes/M_flocculare/strains/ATCC27716/Use/busco_downloads/lineages/mycoplasmatales_odb10/hmms/2656at2085.hmm /home/bryan/Documentos/GitHub/Project_doctoral/IMPLEMENTACAO/Genomes/M_flocculare/strains/ATCC27716/Use/busco_complete/prodigal_output/predicted_genes/predicted.faa 
# Current dir:     /home/bryan/Documentos/GitHub/Project_doctoral/IMPLEMENTACAO/Genomes/M_flocculare/strains/ATCC27716/Use
# Date:            Sun Dec  1 18:43:08 2024
# [ok]
