#                                                                                   --- full sequence --- -------------- this domain -------------   hmm coord   ali coord   env coord
# target name               accession   tlen query name           accession   qlen   E-value  score  bias   #  of  c-Evalue  i-Evalue  score  bias  from    to  from    to  from    to  acc description of target
#       ------------------- ---------- ----- -------------------- ---------- ----- --------- ------ ----- --- --- --------- --------- ------ ----- ----- ----- ----- ----- ----- ----- ---- ---------------------
scf00000000:94414-95331|+   -            306 3146at2085           -            235   1.9e-85  281.1   3.5   1   2   3.4e-28   5.5e-26   86.5   0.0     1    63     4    69     4    76 0.96 scf00000000_78 # 94414 # 95331 # 1 # ID=1_78;partial=00;start_type=ATG;rbs_motif=GGA/GAG/AGG;rbs_spacer=5-10bp;gc_cont=0.345
scf00000000:94414-95331|+   -            306 3146at2085           -            235   1.9e-85  281.1   3.5   2   2   6.1e-61   9.8e-59  193.7   1.4    64   234   104   299    99   300 0.85 scf00000000_78 # 94414 # 95331 # 1 # ID=1_78;partial=00;start_type=ATG;rbs_motif=GGA/GAG/AGG;rbs_spacer=5-10bp;gc_cont=0.345
scf00000000:189967-191802|- -            612 3146at2085           -            235   2.5e-12   41.8   9.3   1   2   3.1e-08     5e-06   21.2   0.1     1    38   157   194   157   210 0.93 scf00000000_140 # 189967 # 191802 # -1 # ID=1_140;partial=00;start_type=ATG;rbs_motif=AGGA;rbs_spacer=5-10bp;gc_cont=0.352
scf00000000:189967-191802|- -            612 3146at2085           -            235   2.5e-12   41.8   9.3   2   2   2.6e-08   4.1e-06   21.5   5.3    49   224   271   468   236   480 0.68 scf00000000_140 # 189967 # 191802 # -1 # ID=1_140;partial=00;start_type=ATG;rbs_motif=AGGA;rbs_spacer=5-10bp;gc_cont=0.352
scf00000000:599816-600430|- -            205 3146at2085           -            235   1.4e-10   36.1   0.1   1   1   2.6e-12   4.1e-10   34.6   0.1   184   235    48    99     4    99 0.84 scf00000000_472 # 599816 # 600430 # -1 # ID=1_472;partial=00;start_type=GTG;rbs_motif=GGA/GAG/AGG;rbs_spacer=5-10bp;gc_cont=0.348
scf00000000:756703-758562|+ -            620 3146at2085           -            235    0.0038   11.8   1.7   1   3    0.0014      0.23    6.0   0.0     1    30    12    41    12    48 0.85 scf00000000_585 # 756703 # 758562 # 1 # ID=1_585;partial=00;start_type=ATG;rbs_motif=GGAG/GAGG;rbs_spacer=5-10bp;gc_cont=0.322
scf00000000:756703-758562|+ -            620 3146at2085           -            235    0.0038   11.8   1.7   2   3    0.0061      0.98    3.9   0.2   117   169    86   142    72   164 0.73 scf00000000_585 # 756703 # 758562 # 1 # ID=1_585;partial=00;start_type=ATG;rbs_motif=GGAG/GAGG;rbs_spacer=5-10bp;gc_cont=0.322
scf00000000:756703-758562|+ -            620 3146at2085           -            235    0.0038   11.8   1.7   3   3      0.51        82   -2.4   0.0   200   231   360   391   350   394 0.66 scf00000000_585 # 756703 # 758562 # 1 # ID=1_585;partial=00;start_type=ATG;rbs_motif=GGAG/GAGG;rbs_spacer=5-10bp;gc_cont=0.322
#
# Program:         hmmsearch
# Version:         3.4 (Aug 2023)
# Pipeline mode:   SEARCH
# Query file:      /home/bryan/Documentos/GitHub/Project_doctoral/IMPLEMENTACAO/Genomes/M_flocculare/strains/ATCC27716/Use/busco_downloads/lineages/mycoplasmatales_odb10/hmms/3146at2085.hmm
# Target file:     /home/bryan/Documentos/GitHub/Project_doctoral/IMPLEMENTACAO/Genomes/M_flocculare/strains/ATCC27716/Use/busco_complete/prodigal_output/predicted_genes/predicted.faa
# Option settings: hmmsearch --domtblout /home/bryan/Documentos/GitHub/Project_doctoral/IMPLEMENTACAO/Genomes/M_flocculare/strains/ATCC27716/Use/busco_complete/run_mycoplasmatales_odb10/hmmer_output/3146at2085.out --cpu 1 /home/bryan/Documentos/GitHub/Project_doctoral/IMPLEMENTACAO/Genomes/M_flocculare/strains/ATCC27716/Use/busco_downloads/lineages/mycoplasmatales_odb10/hmms/3146at2085.hmm /home/bryan/Documentos/GitHub/Project_doctoral/IMPLEMENTACAO/Genomes/M_flocculare/strains/ATCC27716/Use/busco_complete/prodigal_output/predicted_genes/predicted.faa 
# Current dir:     /home/bryan/Documentos/GitHub/Project_doctoral/IMPLEMENTACAO/Genomes/M_flocculare/strains/ATCC27716/Use
# Date:            Sun Dec  1 18:43:08 2024
# [ok]
