#                                                                                   --- full sequence --- -------------- this domain -------------   hmm coord   ali coord   env coord
# target name               accession   tlen query name           accession   qlen   E-value  score  bias   #  of  c-Evalue  i-Evalue  score  bias  from    to  from    to  from    to  acc description of target
#       ------------------- ---------- ----- -------------------- ---------- ----- --------- ------ ----- --- --- --------- --------- ------ ----- ----- ----- ----- ----- ----- ----- ---- ---------------------
scf00000000:522318-523175|- -            286 3843at2085           -            213   2.9e-68  224.8   6.8   1   1     5e-70   4.5e-68  224.1   6.8    11   211    35   278    30   280 0.88 scf00000000_388 # 522318 # 523175 # -1 # ID=1_388;partial=00;start_type=ATG;rbs_motif=None;rbs_spacer=None;gc_cont=0.270
scf00000000:273291-273821|+ -            177 3843at2085           -            213   3.3e-07   25.2   0.1   1   1     6e-09   5.5e-07   24.5   0.1   107   175    14    84     3   108 0.82 scf00000000_195 # 273291 # 273821 # 1 # ID=1_195;partial=00;start_type=ATG;rbs_motif=None;rbs_spacer=None;gc_cont=0.322
seq00000001:186-716|-       -            177 3843at2085           -            213   3.3e-07   25.2   0.1   1   1     6e-09   5.5e-07   24.5   0.1   107   175    14    84     3   108 0.82 seq00000001_1 # 186 # 716 # -1 # ID=3_1;partial=00;start_type=ATG;rbs_motif=None;rbs_spacer=None;gc_cont=0.320
scf00000000:84162-87005|-   -            948 3843at2085           -            213   1.9e-05   19.5   2.0   1   2    0.0014      0.13    7.0   0.0   105   125    28    48    11    57 0.77 scf00000000_71 # 84162 # 87005 # -1 # ID=1_71;partial=00;start_type=ATG;rbs_motif=None;rbs_spacer=None;gc_cont=0.334
scf00000000:84162-87005|-   -            948 3843at2085           -            213   1.9e-05   19.5   2.0   2   2   6.9e-05    0.0063   11.2   0.4   107   140   637   668   604   682 0.78 scf00000000_71 # 84162 # 87005 # -1 # ID=1_71;partial=00;start_type=ATG;rbs_motif=None;rbs_spacer=None;gc_cont=0.334
scf00000000:259685-260401|+ -            239 3843at2085           -            213   0.00039   15.2   0.8   1   2   4.3e-06   0.00039   15.2   0.8   103   137    27    61     6    69 0.78 scf00000000_186 # 259685 # 260401 # 1 # ID=1_186;partial=00;start_type=ATG;rbs_motif=AGGA;rbs_spacer=5-10bp;gc_cont=0.259
scf00000000:259685-260401|+ -            239 3843at2085           -            213   0.00039   15.2   0.8   2   2       1.9   1.8e+02   -3.3   0.1    53    72   106   125   103   131 0.57 scf00000000_186 # 259685 # 260401 # 1 # ID=1_186;partial=00;start_type=ATG;rbs_motif=AGGA;rbs_spacer=5-10bp;gc_cont=0.259
seq00000001:13606-14322|-   -            239 3843at2085           -            213   0.00039   15.2   0.8   1   2   4.3e-06   0.00039   15.2   0.8   103   137    27    61     6    69 0.78 seq00000001_10 # 13606 # 14322 # -1 # ID=3_10;partial=00;start_type=ATG;rbs_motif=AGGA;rbs_spacer=5-10bp;gc_cont=0.258
seq00000001:13606-14322|-   -            239 3843at2085           -            213   0.00039   15.2   0.8   2   2       1.9   1.8e+02   -3.3   0.1    53    72   106   125   103   131 0.57 seq00000001_10 # 13606 # 14322 # -1 # ID=3_10;partial=00;start_type=ATG;rbs_motif=AGGA;rbs_spacer=5-10bp;gc_cont=0.258
scf00000000:334154-334924|+ -            257 3843at2085           -            213     0.011   10.5  10.6   1   3   4.3e-05    0.0039   11.9   1.5   104   182    33   116     6   123 0.76 scf00000000_228 # 334154 # 334924 # 1 # ID=1_228;partial=00;start_type=ATG;rbs_motif=None;rbs_spacer=None;gc_cont=0.267
scf00000000:334154-334924|+ -            257 3843at2085           -            213     0.011   10.5  10.6   2   3      0.55        50   -1.5   0.0    71    95   128   151   111   156 0.67 scf00000000_228 # 334154 # 334924 # 1 # ID=1_228;partial=00;start_type=ATG;rbs_motif=None;rbs_spacer=None;gc_cont=0.267
scf00000000:334154-334924|+ -            257 3843at2085           -            213     0.011   10.5  10.6   3   3     0.021       1.9    3.1   1.9    27   100   160   230   134   252 0.74 scf00000000_228 # 334154 # 334924 # 1 # ID=1_228;partial=00;start_type=ATG;rbs_motif=None;rbs_spacer=None;gc_cont=0.267
#
# Program:         hmmsearch
# Version:         3.4 (Aug 2023)
# Pipeline mode:   SEARCH
# Query file:      /home/bryan/Documentos/GitHub/Project_doctoral/IMPLEMENTACAO/Genomes/M_flocculare/strains/ATCC27716/Use/busco_downloads/lineages/mycoplasmatales_odb10/hmms/3843at2085.hmm
# Target file:     /home/bryan/Documentos/GitHub/Project_doctoral/IMPLEMENTACAO/Genomes/M_flocculare/strains/ATCC27716/Use/busco_complete/prodigal_output/predicted_genes/predicted.faa
# Option settings: hmmsearch --domtblout /home/bryan/Documentos/GitHub/Project_doctoral/IMPLEMENTACAO/Genomes/M_flocculare/strains/ATCC27716/Use/busco_complete/run_mycoplasmatales_odb10/hmmer_output/3843at2085.out --cpu 1 /home/bryan/Documentos/GitHub/Project_doctoral/IMPLEMENTACAO/Genomes/M_flocculare/strains/ATCC27716/Use/busco_downloads/lineages/mycoplasmatales_odb10/hmms/3843at2085.hmm /home/bryan/Documentos/GitHub/Project_doctoral/IMPLEMENTACAO/Genomes/M_flocculare/strains/ATCC27716/Use/busco_complete/prodigal_output/predicted_genes/predicted.faa 
# Current dir:     /home/bryan/Documentos/GitHub/Project_doctoral/IMPLEMENTACAO/Genomes/M_flocculare/strains/ATCC27716/Use
# Date:            Sun Dec  1 18:43:09 2024
# [ok]
