#                                                                                   --- full sequence --- -------------- this domain -------------   hmm coord   ali coord   env coord
# target name               accession   tlen query name           accession   qlen   E-value  score  bias   #  of  c-Evalue  i-Evalue  score  bias  from    to  from    to  from    to  acc description of target
#       ------------------- ---------- ----- -------------------- ---------- ----- --------- ------ ----- --- --- --------- --------- ------ ----- ----- ----- ----- ----- ----- ----- ---- ---------------------
scf00000000:745312-747783|+ -            824 534at2085            -            678  3.2e-261  863.6  56.3   1   2  4.4e-254    7e-252  832.7  43.2    14   646    28   734     1   756 0.86 scf00000000_577 # 745312 # 747783 # 1 # ID=1_577;partial=00;start_type=ATG;rbs_motif=GGA/GAG/AGG;rbs_spacer=5-10bp;gc_cont=0.287
scf00000000:745312-747783|+ -            824 534at2085            -            678  3.2e-261  863.6  56.3   2   2   2.1e-11   3.3e-09   30.7   8.0   607   678   746   819   738   819 0.80 scf00000000_577 # 745312 # 747783 # 1 # ID=1_577;partial=00;start_type=ATG;rbs_motif=GGA/GAG/AGG;rbs_spacer=5-10bp;gc_cont=0.287
scf00000000:7877-10537|-    -            887 534at2085            -            678   3.6e-65  215.7  29.0   1   3   1.3e-25   2.1e-23   77.6   0.6     3   206    36   245    34   266 0.83 scf00000000_9 # 7877 # 10537 # -1 # ID=1_9;partial=00;start_type=ATG;rbs_motif=AGGA;rbs_spacer=5-10bp;gc_cont=0.297
scf00000000:7877-10537|-    -            887 534at2085            -            678   3.6e-65  215.7  29.0   2   3   4.3e-20   6.8e-18   59.4   0.2   218   384   294   470   289   484 0.82 scf00000000_9 # 7877 # 10537 # -1 # ID=1_9;partial=00;start_type=ATG;rbs_motif=AGGA;rbs_spacer=5-10bp;gc_cont=0.297
scf00000000:7877-10537|-    -            887 534at2085            -            678   3.6e-65  215.7  29.0   3   3   4.1e-28   6.6e-26   85.9  16.4   376   656   492   775   484   798 0.72 scf00000000_9 # 7877 # 10537 # -1 # ID=1_9;partial=00;start_type=ATG;rbs_motif=AGGA;rbs_spacer=5-10bp;gc_cont=0.297
scf00000000:688213-690585|- -            791 534at2085            -            678   1.4e-42  141.1  22.2   1   6   2.4e-14   3.9e-12   40.4   0.3     5   168    16   170    12   177 0.83 scf00000000_542 # 688213 # 690585 # -1 # ID=1_542;partial=00;start_type=ATG;rbs_motif=None;rbs_spacer=None;gc_cont=0.302
scf00000000:688213-690585|- -            791 534at2085            -            678   1.4e-42  141.1  22.2   2   6   1.7e-05    0.0027   11.2   0.1   308   365   177   233   169   235 0.90 scf00000000_542 # 688213 # 690585 # -1 # ID=1_542;partial=00;start_type=ATG;rbs_motif=None;rbs_spacer=None;gc_cont=0.302
scf00000000:688213-690585|- -            791 534at2085            -            678   1.4e-42  141.1  22.2   3   6    0.0024      0.39    4.1   0.0   177   209   232   265   227   280 0.83 scf00000000_542 # 688213 # 690585 # -1 # ID=1_542;partial=00;start_type=ATG;rbs_motif=None;rbs_spacer=None;gc_cont=0.302
scf00000000:688213-690585|- -            791 534at2085            -            678   1.4e-42  141.1  22.2   4   6   5.5e-10   8.8e-08   26.0   0.2   215   299   301   390   295   397 0.86 scf00000000_542 # 688213 # 690585 # -1 # ID=1_542;partial=00;start_type=ATG;rbs_motif=None;rbs_spacer=None;gc_cont=0.302
scf00000000:688213-690585|- -            791 534at2085            -            678   1.4e-42  141.1  22.2   5   6   4.3e-05    0.0069    9.9   0.0   360   387   399   426   393   440 0.83 scf00000000_542 # 688213 # 690585 # -1 # ID=1_542;partial=00;start_type=ATG;rbs_motif=None;rbs_spacer=None;gc_cont=0.302
scf00000000:688213-690585|- -            791 534at2085            -            678   1.4e-42  141.1  22.2   6   6   1.3e-19   2.1e-17   57.8   5.9   437   639   530   752   506   785 0.75 scf00000000_542 # 688213 # 690585 # -1 # ID=1_542;partial=00;start_type=ATG;rbs_motif=None;rbs_spacer=None;gc_cont=0.302
scf00000000:398242-399786|+ -            515 534at2085            -            678   4.7e-14   46.8  26.3   1   2   5.5e-10   8.7e-08   26.0   1.7    18   153     3   126     1   145 0.78 scf00000000_280 # 398242 # 399786 # 1 # ID=1_280;partial=00;start_type=ATG;rbs_motif=GGA/GAG/AGG;rbs_spacer=5-10bp;gc_cont=0.274
scf00000000:398242-399786|+ -            515 534at2085            -            678   4.7e-14   46.8  26.3   2   2   1.9e-09     3e-07   24.3  17.5   309   572   148   416   126   503 0.70 scf00000000_280 # 398242 # 399786 # 1 # ID=1_280;partial=00;start_type=ATG;rbs_motif=GGA/GAG/AGG;rbs_spacer=5-10bp;gc_cont=0.274
#
# Program:         hmmsearch
# Version:         3.4 (Aug 2023)
# Pipeline mode:   SEARCH
# Query file:      /home/bryan/Documentos/GitHub/Project_doctoral/IMPLEMENTACAO/Genomes/M_flocculare/strains/ATCC27716/Use/busco_downloads/lineages/mycoplasmatales_odb10/hmms/534at2085.hmm
# Target file:     /home/bryan/Documentos/GitHub/Project_doctoral/IMPLEMENTACAO/Genomes/M_flocculare/strains/ATCC27716/Use/busco_complete/prodigal_output/predicted_genes/predicted.faa
# Option settings: hmmsearch --domtblout /home/bryan/Documentos/GitHub/Project_doctoral/IMPLEMENTACAO/Genomes/M_flocculare/strains/ATCC27716/Use/busco_complete/run_mycoplasmatales_odb10/hmmer_output/534at2085.out --cpu 1 /home/bryan/Documentos/GitHub/Project_doctoral/IMPLEMENTACAO/Genomes/M_flocculare/strains/ATCC27716/Use/busco_downloads/lineages/mycoplasmatales_odb10/hmms/534at2085.hmm /home/bryan/Documentos/GitHub/Project_doctoral/IMPLEMENTACAO/Genomes/M_flocculare/strains/ATCC27716/Use/busco_complete/prodigal_output/predicted_genes/predicted.faa 
# Current dir:     /home/bryan/Documentos/GitHub/Project_doctoral/IMPLEMENTACAO/Genomes/M_flocculare/strains/ATCC27716/Use
# Date:            Sun Dec  1 18:43:11 2024
# [ok]
