#                                                                                   --- full sequence --- -------------- this domain -------------   hmm coord   ali coord   env coord
# target name               accession   tlen query name           accession   qlen   E-value  score  bias   #  of  c-Evalue  i-Evalue  score  bias  from    to  from    to  from    to  acc description of target
#       ------------------- ---------- ----- -------------------- ---------- ----- --------- ------ ----- --- --- --------- --------- ------ ----- ----- ----- ----- ----- ----- ----- ---- ---------------------
scf00000000:105521-106822|+ -            434 1140at2085           -            348  1.6e-118  390.9  10.5   1   1  2.7e-120  3.2e-118  389.9  10.5     1   346     5   429     5   431 0.85 scf00000000_82 # 105521 # 106822 # 1 # ID=1_82;partial=00;start_type=ATG;rbs_motif=3Base/5BMM;rbs_spacer=13-15bp;gc_cont=0.293
scf00000000:252547-253875|- -            443 1140at2085           -            348   1.1e-22   75.7   4.7   1   1   3.4e-24     4e-22   73.9   4.7   130   301   217   389   212   399 0.77 scf00000000_226 # 252547 # 253875 # -1 # ID=1_226;partial=00;start_type=TTG;rbs_motif=AGGAG;rbs_spacer=5-10bp;gc_cont=0.313
scf00000000:208811-209692|- -            294 1140at2085           -            348   5.1e-13   43.9   1.8   1   1   8.4e-15     1e-12   43.0   1.3     1   103     9   124     9   136 0.76 scf00000000_167 # 208811 # 209692 # -1 # ID=1_167;partial=00;start_type=ATG;rbs_motif=None;rbs_spacer=None;gc_cont=0.291
scf00000000:125436-126227|+ -            264 1140at2085           -            348   1.8e-09   32.2   5.6   1   2   0.00069     0.082    7.1   2.9   203   277    15   102     3   110 0.66 scf00000000_99 # 125436 # 126227 # 1 # ID=1_99;partial=00;start_type=ATG;rbs_motif=GGA/GAG/AGG;rbs_spacer=3-4bp;gc_cont=0.268
scf00000000:125436-126227|+ -            264 1140at2085           -            348   1.8e-09   32.2   5.6   2   2   1.6e-09   1.9e-07   25.6   0.0     3    60   115   173   113   197 0.85 scf00000000_99 # 125436 # 126227 # 1 # ID=1_99;partial=00;start_type=ATG;rbs_motif=GGA/GAG/AGG;rbs_spacer=3-4bp;gc_cont=0.268
scf00000000:588719-589315|- -            199 1140at2085           -            348   1.1e-07   26.3   2.6   1   1   1.7e-08     2e-06   22.2   2.6   131   192    39   109    32   198 0.44 scf00000000_482 # 588719 # 589315 # -1 # ID=1_482;partial=00;start_type=ATG;rbs_motif=None;rbs_spacer=None;gc_cont=0.298
scf00000000:205632-206489|- -            286 1140at2085           -            348   0.00018   15.8   7.3   1   2    0.0025       0.3    5.2   1.1   181   237    61   120    41   155 0.73 scf00000000_163 # 205632 # 206489 # -1 # ID=1_163;partial=00;start_type=ATG;rbs_motif=3Base/5BMM;rbs_spacer=13-15bp;gc_cont=0.279
scf00000000:205632-206489|- -            286 1140at2085           -            348   0.00018   15.8   7.3   2   2   4.7e-06   0.00056   14.2   0.6     3    62   157   224   155   233 0.71 scf00000000_163 # 205632 # 206489 # -1 # ID=1_163;partial=00;start_type=ATG;rbs_motif=3Base/5BMM;rbs_spacer=13-15bp;gc_cont=0.279
#
# Program:         hmmsearch
# Version:         3.4 (Aug 2023)
# Pipeline mode:   SEARCH
# Query file:      /home/bryan/Documentos/GitHub/Project_doctoral/IMPLEMENTACAO/Genomes/M_hyopneumoniae/strains/MHP653/Use/busco_downloads/lineages/mycoplasmatales_odb10/hmms/1140at2085.hmm
# Target file:     /home/bryan/Documentos/GitHub/Project_doctoral/IMPLEMENTACAO/Genomes/M_hyopneumoniae/strains/MHP653/Use/busco_complete/prodigal_output/predicted_genes/predicted.faa
# Option settings: hmmsearch --domtblout /home/bryan/Documentos/GitHub/Project_doctoral/IMPLEMENTACAO/Genomes/M_hyopneumoniae/strains/MHP653/Use/busco_complete/run_mycoplasmatales_odb10/hmmer_output/1140at2085.out --cpu 1 /home/bryan/Documentos/GitHub/Project_doctoral/IMPLEMENTACAO/Genomes/M_hyopneumoniae/strains/MHP653/Use/busco_downloads/lineages/mycoplasmatales_odb10/hmms/1140at2085.hmm /home/bryan/Documentos/GitHub/Project_doctoral/IMPLEMENTACAO/Genomes/M_hyopneumoniae/strains/MHP653/Use/busco_complete/prodigal_output/predicted_genes/predicted.faa 
# Current dir:     /home/bryan/Documentos/GitHub/Project_doctoral/IMPLEMENTACAO/Genomes/M_hyopneumoniae/strains/MHP653/Use
# Date:            Sun Dec  1 19:24:00 2024
# [ok]
