#                                                                                   --- full sequence --- -------------- this domain -------------   hmm coord   ali coord   env coord
# target name               accession   tlen query name           accession   qlen   E-value  score  bias   #  of  c-Evalue  i-Evalue  score  bias  from    to  from    to  from    to  acc description of target
#       ------------------- ---------- ----- -------------------- ---------- ----- --------- ------ ----- --- --- --------- --------- ------ ----- ----- ----- ----- ----- ----- ----- ---- ---------------------
scf00000000:621233-622153|- -            307 2666at2085           -            250     1e-91  301.9   0.2   1   1   4.5e-93   5.3e-91  299.6   0.2     1   248     5   285     5   288 0.89 scf00000000_508 # 621233 # 622153 # -1 # ID=1_508;partial=00;start_type=ATG;rbs_motif=None;rbs_spacer=None;gc_cont=0.333
scf00000000:554786-555712|- -            309 2666at2085           -            250   1.6e-30  101.5   0.3   1   2   9.7e-15   1.2e-12   43.0   0.0     6    77    32   105    30   130 0.83 scf00000000_471 # 554786 # 555712 # -1 # ID=1_471;partial=00;start_type=ATG;rbs_motif=None;rbs_spacer=None;gc_cont=0.323
scf00000000:554786-555712|- -            309 2666at2085           -            250   1.6e-30  101.5   0.3   2   2     9e-19   1.1e-16   56.2   0.3   133   241   193   306   174   308 0.83 scf00000000_471 # 554786 # 555712 # -1 # ID=1_471;partial=00;start_type=ATG;rbs_motif=None;rbs_spacer=None;gc_cont=0.323
scf00000000:631896-632699|+ -            268 2666at2085           -            250   3.1e-25   84.2   4.3   1   2   3.4e-10     4e-08   28.1   0.1     2    70     2    69     1   122 0.88 scf00000000_516 # 631896 # 632699 # 1 # ID=1_516;partial=00;start_type=ATG;rbs_motif=None;rbs_spacer=None;gc_cont=0.297
scf00000000:631896-632699|+ -            268 2666at2085           -            250   3.1e-25   84.2   4.3   2   2   5.2e-19   6.2e-17   57.0   1.5   164   245   177   264   138   266 0.82 scf00000000_516 # 631896 # 632699 # 1 # ID=1_516;partial=00;start_type=ATG;rbs_motif=None;rbs_spacer=None;gc_cont=0.297
scf00000000:251728-252558|+ -            277 2666at2085           -            250   8.3e-22   72.9   5.1   1   1   2.1e-23   2.5e-21   71.4   5.1     3   246     2   272     1   274 0.73 scf00000000_225 # 251728 # 252558 # 1 # ID=1_225;partial=00;start_type=ATG;rbs_motif=AGGA;rbs_spacer=5-10bp;gc_cont=0.315
scf00000000:442356-443696|- -            447 2666at2085           -            250     2e-17   58.6   9.2   1   2   1.7e-19     2e-17   58.6   9.2     6   245     6   265     3   269 0.74 scf00000000_375 # 442356 # 443696 # -1 # ID=1_375;partial=00;start_type=ATG;rbs_motif=GGA/GAG/AGG;rbs_spacer=5-10bp;gc_cont=0.244
scf00000000:442356-443696|- -            447 2666at2085           -            250     2e-17   58.6   9.2   2   2     0.054       6.4    1.2   1.1   104   152   363   414   326   444 0.72 scf00000000_375 # 442356 # 443696 # -1 # ID=1_375;partial=00;start_type=ATG;rbs_motif=GGA/GAG/AGG;rbs_spacer=5-10bp;gc_cont=0.244
scf00000000:346519-347328|+ -            270 2666at2085           -            250   2.4e-17   58.3   3.6   1   2   1.6e-05    0.0019   12.8   0.1     4    79     5    80     2    94 0.80 scf00000000_295 # 346519 # 347328 # 1 # ID=1_295;partial=00;start_type=ATG;rbs_motif=None;rbs_spacer=None;gc_cont=0.296
scf00000000:346519-347328|+ -            270 2666at2085           -            250   2.4e-17   58.3   3.6   2   2     8e-16   9.5e-14   46.5   0.7   107   223   132   242   104   263 0.81 scf00000000_295 # 346519 # 347328 # 1 # ID=1_295;partial=00;start_type=ATG;rbs_motif=None;rbs_spacer=None;gc_cont=0.296
#
# Program:         hmmsearch
# Version:         3.4 (Aug 2023)
# Pipeline mode:   SEARCH
# Query file:      /home/bryan/Documentos/GitHub/Project_doctoral/IMPLEMENTACAO/Genomes/M_hyopneumoniae/strains/MHP653/Use/busco_downloads/lineages/mycoplasmatales_odb10/hmms/2666at2085.hmm
# Target file:     /home/bryan/Documentos/GitHub/Project_doctoral/IMPLEMENTACAO/Genomes/M_hyopneumoniae/strains/MHP653/Use/busco_complete/prodigal_output/predicted_genes/predicted.faa
# Option settings: hmmsearch --domtblout /home/bryan/Documentos/GitHub/Project_doctoral/IMPLEMENTACAO/Genomes/M_hyopneumoniae/strains/MHP653/Use/busco_complete/run_mycoplasmatales_odb10/hmmer_output/2666at2085.out --cpu 1 /home/bryan/Documentos/GitHub/Project_doctoral/IMPLEMENTACAO/Genomes/M_hyopneumoniae/strains/MHP653/Use/busco_downloads/lineages/mycoplasmatales_odb10/hmms/2666at2085.hmm /home/bryan/Documentos/GitHub/Project_doctoral/IMPLEMENTACAO/Genomes/M_hyopneumoniae/strains/MHP653/Use/busco_complete/prodigal_output/predicted_genes/predicted.faa 
# Current dir:     /home/bryan/Documentos/GitHub/Project_doctoral/IMPLEMENTACAO/Genomes/M_hyopneumoniae/strains/MHP653/Use
# Date:            Sun Dec  1 19:24:04 2024
# [ok]
