#                                                                                   --- full sequence --- -------------- this domain -------------   hmm coord   ali coord   env coord
# target name               accession   tlen query name           accession   qlen   E-value  score  bias   #  of  c-Evalue  i-Evalue  score  bias  from    to  from    to  from    to  acc description of target
#       ------------------- ---------- ----- -------------------- ---------- ----- --------- ------ ----- --- --- --------- --------- ------ ----- ----- ----- ----- ----- ----- ----- ---- ---------------------
scf00000000:227774-228412|- -            213 3895at2085           -            150   4.5e-48  158.3   4.9   1   1   9.9e-47   1.8e-44  146.6   4.9     1   149     6   189     6   190 0.82 scf00000000_192 # 227774 # 228412 # -1 # ID=1_192;partial=00;start_type=ATG;rbs_motif=AGxAGG/AGGxGG;rbs_spacer=11-12bp;gc_cont=0.288
scf00000000:104814-105503|+ -            230 3895at2085           -            150   9.2e-07   24.2   1.8   1   3   8.2e-08   1.5e-05   20.3   0.0     4    37    10    43     7    63 0.84 scf00000000_81 # 104814 # 105503 # 1 # ID=1_81;partial=00;start_type=ATG;rbs_motif=4Base/6BMM;rbs_spacer=13-15bp;gc_cont=0.297
scf00000000:104814-105503|+ -            230 3895at2085           -            150   9.2e-07   24.2   1.8   2   3     0.047       8.3    1.6   0.1    60    85   108   133    83   143 0.84 scf00000000_81 # 104814 # 105503 # 1 # ID=1_81;partial=00;start_type=ATG;rbs_motif=4Base/6BMM;rbs_spacer=13-15bp;gc_cont=0.297
scf00000000:104814-105503|+ -            230 3895at2085           -            150   9.2e-07   24.2   1.8   3   3      0.17        29   -0.2   0.1    45    94   170   216   154   226 0.55 scf00000000_81 # 104814 # 105503 # 1 # ID=1_81;partial=00;start_type=ATG;rbs_motif=4Base/6BMM;rbs_spacer=13-15bp;gc_cont=0.297
scf00000000:206490-207071|- -            194 3895at2085           -            150   0.00097   14.4   0.2   1   2   5.5e-06   0.00097   14.4   0.2     2    36     5    40     3   100 0.79 scf00000000_164 # 206490 # 207071 # -1 # ID=1_164;partial=00;start_type=ATG;rbs_motif=GGA/GAG/AGG;rbs_spacer=5-10bp;gc_cont=0.268
scf00000000:206490-207071|- -            194 3895at2085           -            150   0.00097   14.4   0.2   2   2      0.13        22    0.2   0.5    37    72   146   181   131   192 0.57 scf00000000_164 # 206490 # 207071 # -1 # ID=1_164;partial=00;start_type=ATG;rbs_motif=GGA/GAG/AGG;rbs_spacer=5-10bp;gc_cont=0.268
scf00000000:531073-532029|+ -            319 3895at2085           -            150    0.0017   13.6   0.0   1   1   2.8e-05    0.0051   12.0   0.0     2    25    42    65    41   120 0.78 scf00000000_450 # 531073 # 532029 # 1 # ID=1_450;partial=00;start_type=ATG;rbs_motif=None;rbs_spacer=None;gc_cont=0.318
#
# Program:         hmmsearch
# Version:         3.4 (Aug 2023)
# Pipeline mode:   SEARCH
# Query file:      /home/bryan/Documentos/GitHub/Project_doctoral/IMPLEMENTACAO/Genomes/M_hyopneumoniae/strains/MHP653/Use/busco_downloads/lineages/mycoplasmatales_odb10/hmms/3895at2085.hmm
# Target file:     /home/bryan/Documentos/GitHub/Project_doctoral/IMPLEMENTACAO/Genomes/M_hyopneumoniae/strains/MHP653/Use/busco_complete/prodigal_output/predicted_genes/predicted.faa
# Option settings: hmmsearch --domtblout /home/bryan/Documentos/GitHub/Project_doctoral/IMPLEMENTACAO/Genomes/M_hyopneumoniae/strains/MHP653/Use/busco_complete/run_mycoplasmatales_odb10/hmmer_output/3895at2085.out --cpu 1 /home/bryan/Documentos/GitHub/Project_doctoral/IMPLEMENTACAO/Genomes/M_hyopneumoniae/strains/MHP653/Use/busco_downloads/lineages/mycoplasmatales_odb10/hmms/3895at2085.hmm /home/bryan/Documentos/GitHub/Project_doctoral/IMPLEMENTACAO/Genomes/M_hyopneumoniae/strains/MHP653/Use/busco_complete/prodigal_output/predicted_genes/predicted.faa 
# Current dir:     /home/bryan/Documentos/GitHub/Project_doctoral/IMPLEMENTACAO/Genomes/M_hyopneumoniae/strains/MHP653/Use
# Date:            Sun Dec  1 19:24:05 2024
# [ok]
