#                                                                                   --- full sequence --- -------------- this domain -------------   hmm coord   ali coord   env coord
# target name               accession   tlen query name           accession   qlen   E-value  score  bias   #  of  c-Evalue  i-Evalue  score  bias  from    to  from    to  from    to  acc description of target
#       ------------------- ---------- ----- -------------------- ---------- ----- --------- ------ ----- --- --- --------- --------- ------ ----- ----- ----- ----- ----- ----- ----- ---- ---------------------
scf00000000:6154-8622|+     -            823 534at2085            -            678  1.5e-263  871.4  54.7   1   2  7.8e-256  1.4e-253  838.5  46.6    14   659    28   752     1   770 0.85 scf00000000_6 # 6154 # 8622 # 1 # ID=1_6;partial=00;start_type=ATG;rbs_motif=AGGA;rbs_spacer=5-10bp;gc_cont=0.299
scf00000000:6154-8622|+     -            823 534at2085            -            678  1.5e-263  871.4  54.7   2   2   5.9e-11   1.1e-08   29.2   5.4   625   678   766   819   741   819 0.83 scf00000000_6 # 6154 # 8622 # 1 # ID=1_6;partial=00;start_type=ATG;rbs_motif=AGGA;rbs_spacer=5-10bp;gc_cont=0.299
scf00000000:51788-54448|-   -            887 534at2085            -            678   1.3e-67  223.9  24.7   1   3   4.2e-26   7.5e-24   79.3   0.3     7   209    40   248    34   278 0.82 scf00000000_41 # 51788 # 54448 # -1 # ID=1_41;partial=00;start_type=ATG;rbs_motif=AGGA;rbs_spacer=5-10bp;gc_cont=0.306
scf00000000:51788-54448|-   -            887 534at2085            -            678   1.3e-67  223.9  24.7   2   3   3.1e-20   5.5e-18   59.9   0.3   217   383   293   469   288   484 0.80 scf00000000_41 # 51788 # 54448 # -1 # ID=1_41;partial=00;start_type=ATG;rbs_motif=AGGA;rbs_spacer=5-10bp;gc_cont=0.306
scf00000000:51788-54448|-   -            887 534at2085            -            678   1.3e-67  223.9  24.7   3   3   6.1e-30   1.1e-27   92.0  12.8   371   601   489   723   475   784 0.75 scf00000000_41 # 51788 # 54448 # -1 # ID=1_41;partial=00;start_type=ATG;rbs_motif=AGGA;rbs_spacer=5-10bp;gc_cont=0.306
scf00000000:851526-853898|- -            791 534at2085            -            678     2e-38  127.4  19.0   1   6   3.4e-13   6.1e-11   36.6   0.0    14   169    26   171    13   175 0.79 scf00000000_673 # 851526 # 853898 # -1 # ID=1_673;partial=00;start_type=ATG;rbs_motif=None;rbs_spacer=None;gc_cont=0.306
scf00000000:851526-853898|- -            791 534at2085            -            678     2e-38  127.4  19.0   2   6   7.9e-06    0.0014   12.3   0.2   308   365   177   233   170   238 0.89 scf00000000_673 # 851526 # 853898 # -1 # ID=1_673;partial=00;start_type=ATG;rbs_motif=None;rbs_spacer=None;gc_cont=0.306
scf00000000:851526-853898|- -            791 534at2085            -            678     2e-38  127.4  19.0   3   6     0.014       2.5    1.6   0.0   176   210   231   266   226   287 0.77 scf00000000_673 # 851526 # 853898 # -1 # ID=1_673;partial=00;start_type=ATG;rbs_motif=None;rbs_spacer=None;gc_cont=0.306
scf00000000:851526-853898|- -            791 534at2085            -            678     2e-38  127.4  19.0   4   6   9.3e-09   1.7e-06   22.0   0.1   216   300   302   391   295   397 0.86 scf00000000_673 # 851526 # 853898 # -1 # ID=1_673;partial=00;start_type=ATG;rbs_motif=None;rbs_spacer=None;gc_cont=0.306
scf00000000:851526-853898|- -            791 534at2085            -            678     2e-38  127.4  19.0   5   6   1.8e-05    0.0033   11.1   0.0   359   388   398   427   393   440 0.84 scf00000000_673 # 851526 # 853898 # -1 # ID=1_673;partial=00;start_type=ATG;rbs_motif=None;rbs_spacer=None;gc_cont=0.306
scf00000000:851526-853898|- -            791 534at2085            -            678     2e-38  127.4  19.0   6   6   1.5e-17   2.7e-15   51.0   4.8   437   595   530   704   500   775 0.75 scf00000000_673 # 851526 # 853898 # -1 # ID=1_673;partial=00;start_type=ATG;rbs_motif=None;rbs_spacer=None;gc_cont=0.306
scf00000000:514969-516510|+ -            514 534at2085            -            678   1.8e-12   41.7  22.7   1   2   6.9e-10   1.2e-07   25.7   2.2    29   156    14   129     2   146 0.78 scf00000000_436 # 514969 # 516510 # 1 # ID=1_436;partial=00;start_type=ATG;rbs_motif=GGA/GAG/AGG;rbs_spacer=5-10bp;gc_cont=0.271
scf00000000:514969-516510|+ -            514 534at2085            -            678   1.8e-12   41.7  22.7   2   2   3.6e-08   6.4e-06   20.0  13.2   312   561   151   392   127   471 0.68 scf00000000_436 # 514969 # 516510 # 1 # ID=1_436;partial=00;start_type=ATG;rbs_motif=GGA/GAG/AGG;rbs_spacer=5-10bp;gc_cont=0.271
#
# Program:         hmmsearch
# Version:         3.4 (Aug 2023)
# Pipeline mode:   SEARCH
# Query file:      /home/bryan/Documentos/GitHub/Project_doctoral/IMPLEMENTACAO/Genomes/M_hyopneumoniae/strains/MHP653/Use/busco_downloads/lineages/mycoplasmatales_odb10/hmms/534at2085.hmm
# Target file:     /home/bryan/Documentos/GitHub/Project_doctoral/IMPLEMENTACAO/Genomes/M_hyopneumoniae/strains/MHP653/Use/busco_complete/prodigal_output/predicted_genes/predicted.faa
# Option settings: hmmsearch --domtblout /home/bryan/Documentos/GitHub/Project_doctoral/IMPLEMENTACAO/Genomes/M_hyopneumoniae/strains/MHP653/Use/busco_complete/run_mycoplasmatales_odb10/hmmer_output/534at2085.out --cpu 1 /home/bryan/Documentos/GitHub/Project_doctoral/IMPLEMENTACAO/Genomes/M_hyopneumoniae/strains/MHP653/Use/busco_downloads/lineages/mycoplasmatales_odb10/hmms/534at2085.hmm /home/bryan/Documentos/GitHub/Project_doctoral/IMPLEMENTACAO/Genomes/M_hyopneumoniae/strains/MHP653/Use/busco_complete/prodigal_output/predicted_genes/predicted.faa 
# Current dir:     /home/bryan/Documentos/GitHub/Project_doctoral/IMPLEMENTACAO/Genomes/M_hyopneumoniae/strains/MHP653/Use
# Date:            Sun Dec  1 19:24:07 2024
# [ok]
