#                                                                                   --- full sequence --- -------------- this domain -------------   hmm coord   ali coord   env coord
# target name               accession   tlen query name           accession   qlen   E-value  score  bias   #  of  c-Evalue  i-Evalue  score  bias  from    to  from    to  from    to  acc description of target
#       ------------------- ---------- ----- -------------------- ---------- ----- --------- ------ ----- --- --- --------- --------- ------ ----- ----- ----- ----- ----- ----- ----- ---- ---------------------
scf00000000:301297-303000|+ -            568 908at2085            -            403  3.9e-146  482.1  18.7   1   2   1.1e-85   1.9e-83  275.7  13.0     4   229    16   286    13   304 0.85 scf00000000_259 # 301297 # 303000 # 1 # ID=1_259;partial=00;start_type=ATG;rbs_motif=GGA/GAG/AGG;rbs_spacer=5-10bp;gc_cont=0.323
scf00000000:301297-303000|+ -            568 908at2085            -            403  3.9e-146  482.1  18.7   2   2   2.8e-63     5e-61  201.9   0.3   243   398   381   558   354   563 0.85 scf00000000_259 # 301297 # 303000 # 1 # ID=1_259;partial=00;start_type=ATG;rbs_motif=GGA/GAG/AGG;rbs_spacer=5-10bp;gc_cont=0.323
scf00000000:250260-251726|+ -            489 908at2085            -            403   1.9e-29   97.9   6.5   1   2   7.2e-18   1.3e-15   52.3   4.9    47   229   113   303    76   323 0.82 scf00000000_224 # 250260 # 251726 # 1 # ID=1_224;partial=00;start_type=ATG;rbs_motif=GGA/GAG/AGG;rbs_spacer=11-12bp;gc_cont=0.314
scf00000000:250260-251726|+ -            489 908at2085            -            403   1.9e-29   97.9   6.5   2   2   1.3e-15   2.3e-13   44.9   0.0   318   378   423   482   397   488 0.78 scf00000000_224 # 250260 # 251726 # 1 # ID=1_224;partial=00;start_type=ATG;rbs_motif=GGA/GAG/AGG;rbs_spacer=11-12bp;gc_cont=0.314
scf00000000:524633-525982|+ -            450 908at2085            -            403   4.3e-29   96.7   7.1   1   2   1.4e-14   2.4e-12   41.5   4.3     3   202    19   247    16   259 0.71 scf00000000_445 # 524633 # 525982 # 1 # ID=1_445;partial=00;start_type=ATG;rbs_motif=None;rbs_spacer=None;gc_cont=0.321
scf00000000:524633-525982|+ -            450 908at2085            -            403   4.3e-29   96.7   7.1   2   2   2.7e-17   4.8e-15   50.4   0.0   286   383   353   447   329   449 0.83 scf00000000_445 # 524633 # 525982 # 1 # ID=1_445;partial=00;start_type=ATG;rbs_motif=None;rbs_spacer=None;gc_cont=0.321
scf00000000:657656-658657|- -            334 908at2085            -            403   3.8e-07   24.4   0.4   1   2     0.002      0.36    4.8   0.1   106   196    34   133    19   163 0.71 scf00000000_529 # 657656 # 658657 # -1 # ID=1_529;partial=00;start_type=GTG;rbs_motif=AGGA/GGAG/GAGG;rbs_spacer=11-12bp;gc_cont=0.257
scf00000000:657656-658657|- -            334 908at2085            -            403   3.8e-07   24.4   0.4   2   2   1.6e-07   2.9e-05   18.2   0.0   295   380   246   327   175   332 0.79 scf00000000_529 # 657656 # 658657 # -1 # ID=1_529;partial=00;start_type=GTG;rbs_motif=AGGA/GGAG/GAGG;rbs_spacer=11-12bp;gc_cont=0.257
#
# Program:         hmmsearch
# Version:         3.4 (Aug 2023)
# Pipeline mode:   SEARCH
# Query file:      /home/bryan/Documentos/GitHub/Project_doctoral/IMPLEMENTACAO/Genomes/M_hyopneumoniae/strains/MHP653/Use/busco_downloads/lineages/mycoplasmatales_odb10/hmms/908at2085.hmm
# Target file:     /home/bryan/Documentos/GitHub/Project_doctoral/IMPLEMENTACAO/Genomes/M_hyopneumoniae/strains/MHP653/Use/busco_complete/prodigal_output/predicted_genes/predicted.faa
# Option settings: hmmsearch --domtblout /home/bryan/Documentos/GitHub/Project_doctoral/IMPLEMENTACAO/Genomes/M_hyopneumoniae/strains/MHP653/Use/busco_complete/run_mycoplasmatales_odb10/hmmer_output/908at2085.out --cpu 1 /home/bryan/Documentos/GitHub/Project_doctoral/IMPLEMENTACAO/Genomes/M_hyopneumoniae/strains/MHP653/Use/busco_downloads/lineages/mycoplasmatales_odb10/hmms/908at2085.hmm /home/bryan/Documentos/GitHub/Project_doctoral/IMPLEMENTACAO/Genomes/M_hyopneumoniae/strains/MHP653/Use/busco_complete/prodigal_output/predicted_genes/predicted.faa 
# Current dir:     /home/bryan/Documentos/GitHub/Project_doctoral/IMPLEMENTACAO/Genomes/M_hyopneumoniae/strains/MHP653/Use
# Date:            Sun Dec  1 19:24:08 2024
# [ok]
