#                                                                                         --- full sequence --- -------------- this domain -------------   hmm coord   ali coord   env coord
# target name                     accession   tlen query name           accession   qlen   E-value  score  bias   #  of  c-Evalue  i-Evalue  score  bias  from    to  from    to  from    to  acc description of target
#             ------------------- ---------- ----- -------------------- ---------- ----- --------- ------ ----- --- --- --------- --------- ------ ----- ----- ----- ----- ----- ----- ----- ---- ---------------------
NZ_QQRC01000002.1:1232-2023|-     -            264 1679at2085           -            265   1.6e-79  262.1  15.6   1   1   2.3e-81   1.8e-79  261.9  15.6    12   264     1   262     1   263 0.90 NZ_QQRC01000002.1_2 # 1232 # 2023 # -1 # ID=19_2;partial=00;start_type=ATG;rbs_motif=None;rbs_spacer=None;gc_cont=0.269
NZ_QQRC01000002.1:21168-22481|-   -            438 1679at2085           -            265   3.9e-22   74.0  15.4   1   3   5.4e-12   4.2e-10   34.5   0.3   123   178     6    65     1    84 0.77 NZ_QQRC01000002.1_19 # 21168 # 22481 # -1 # ID=19_19;partial=00;start_type=ATG;rbs_motif=None;rbs_spacer=None;gc_cont=0.298
NZ_QQRC01000002.1:21168-22481|-   -            438 1679at2085           -            265   3.9e-22   74.0  15.4   2   3   1.3e-12   9.9e-11   36.6   1.4    24   173    80   228    68   240 0.73 NZ_QQRC01000002.1_19 # 21168 # 22481 # -1 # ID=19_19;partial=00;start_type=ATG;rbs_motif=None;rbs_spacer=None;gc_cont=0.298
NZ_QQRC01000002.1:21168-22481|-   -            438 1679at2085           -            265   3.9e-22   74.0  15.4   3   3   5.8e-05    0.0044   11.5   1.9    25   110   252   349   242   381 0.63 NZ_QQRC01000002.1_19 # 21168 # 22481 # -1 # ID=19_19;partial=00;start_type=ATG;rbs_motif=None;rbs_spacer=None;gc_cont=0.298
NZ_QQRC01000001.1:178712-179242|+ -            177 1679at2085           -            265   1.4e-12   42.6   2.5   1   2   4.5e-13   3.5e-11   38.0   0.1   123   193    19    91     6    97 0.85 NZ_QQRC01000001.1_116 # 178712 # 179242 # 1 # ID=9_116;partial=00;start_type=ATG;rbs_motif=None;rbs_spacer=None;gc_cont=0.322
NZ_QQRC01000001.1:178712-179242|+ -            177 1679at2085           -            265   1.4e-12   42.6   2.5   2   2    0.0045      0.35    5.3   0.6    29    91   100   167    88   176 0.62 NZ_QQRC01000001.1_116 # 178712 # 179242 # 1 # ID=9_116;partial=00;start_type=ATG;rbs_motif=None;rbs_spacer=None;gc_cont=0.322
NZ_QQRC01000007.1:37197-38078|+   -            294 1679at2085           -            265   1.1e-10   36.5  12.7   1   2   5.3e-12   4.1e-10   34.5   0.4   120   189     7    79     2    85 0.80 NZ_QQRC01000007.1_49 # 37197 # 38078 # 1 # ID=35_49;partial=00;start_type=ATG;rbs_motif=None;rbs_spacer=None;gc_cont=0.282
NZ_QQRC01000007.1:37197-38078|+   -            294 1679at2085           -            265   1.1e-10   36.5  12.7   2   2    0.0033      0.26    5.7   6.3    44   103   104   169    78   189 0.76 NZ_QQRC01000007.1_49 # 37197 # 38078 # 1 # ID=35_49;partial=00;start_type=ATG;rbs_motif=None;rbs_spacer=None;gc_cont=0.282
NZ_QQRC01000007.1:88-1416|+       -            443 1679at2085           -            265     2e-10   35.6   0.3   1   3         1        81   -2.5   0.1   233   259   139   165   113   170 0.63 NZ_QQRC01000007.1_1 # 88 # 1416 # 1 # ID=35_1;partial=00;start_type=TTG;rbs_motif=AGGAG;rbs_spacer=5-10bp;gc_cont=0.309
NZ_QQRC01000007.1:88-1416|+       -            443 1679at2085           -            265     2e-10   35.6   0.3   2   3   2.6e-12     2e-10   35.6   0.3    98   175   195   276   184   288 0.74 NZ_QQRC01000007.1_1 # 88 # 1416 # 1 # ID=35_1;partial=00;start_type=TTG;rbs_motif=AGGAG;rbs_spacer=5-10bp;gc_cont=0.309
NZ_QQRC01000007.1:88-1416|+       -            443 1679at2085           -            265     2e-10   35.6   0.3   3   3     0.041       3.1    2.1   7.7    23   104   293   366   284   386 0.73 NZ_QQRC01000007.1_1 # 88 # 1416 # 1 # ID=35_1;partial=00;start_type=TTG;rbs_motif=AGGAG;rbs_spacer=5-10bp;gc_cont=0.309
NZ_QQRC01000007.1:40437-41294|+   -            286 1679at2085           -            265   1.1e-06   23.3   7.6   1   1     5e-06   0.00039   14.9   7.5    45   173    93   212    58   223 0.63 NZ_QQRC01000007.1_53 # 40437 # 41294 # 1 # ID=35_53;partial=00;start_type=ATG;rbs_motif=None;rbs_spacer=None;gc_cont=0.269
NZ_QQRC01000002.1:58688-59947|-   -            420 1679at2085           -            265   1.1e-05   20.1  11.9   1   2   3.1e-07   2.4e-05   18.9   0.1   124   176   161   216   137   236 0.75 NZ_QQRC01000002.1_50 # 58688 # 59947 # -1 # ID=19_50;partial=00;start_type=ATG;rbs_motif=AGGA;rbs_spacer=5-10bp;gc_cont=0.294
NZ_QQRC01000002.1:58688-59947|-   -            420 1679at2085           -            265   1.1e-05   20.1  11.9   2   2     0.016       1.2    3.5   7.1    46   114   264   332   255   342 0.64 NZ_QQRC01000002.1_50 # 58688 # 59947 # -1 # ID=19_50;partial=00;start_type=ATG;rbs_motif=AGGA;rbs_spacer=5-10bp;gc_cont=0.294
NZ_QQRC01000009.1:7882-8985|-     -            368 1679at2085           -            265   2.9e-05   18.6   5.6   1   2   4.4e-07   3.4e-05   18.4   0.1   119   154     2    36     1    45 0.87 NZ_QQRC01000009.1_5 # 7882 # 8985 # -1 # ID=37_5;partial=00;start_type=ATG;rbs_motif=None;rbs_spacer=None;gc_cont=0.336
NZ_QQRC01000009.1:7882-8985|-     -            368 1679at2085           -            265   2.9e-05   18.6   5.6   2   2     0.059       4.6    1.6   1.4    48   114   105   176   100   184 0.71 NZ_QQRC01000009.1_5 # 7882 # 8985 # -1 # ID=37_5;partial=00;start_type=ATG;rbs_motif=None;rbs_spacer=None;gc_cont=0.336
#
# Program:         hmmsearch
# Version:         3.1b2 (February 2015)
# Pipeline mode:   SEARCH
# Query file:      /home/lgef/Documentos/GitHub/Project_doctoral/IMPLEMENTACAO/Genomes/M_flocculare/MFC_ncbi_dataset/ncbi_dataset/data/strains/MF29/Use/busco_downloads/lineages/mycoplasmatales_odb10/hmms/1679at2085.hmm
# Target file:     /home/lgef/Documentos/GitHub/Project_doctoral/IMPLEMENTACAO/Genomes/M_flocculare/MFC_ncbi_dataset/ncbi_dataset/data/strains/MF29/Use/busco_draft/prodigal_output/predicted_genes/predicted.faa
# Option settings: hmmsearch --domtblout /home/lgef/Documentos/GitHub/Project_doctoral/IMPLEMENTACAO/Genomes/M_flocculare/MFC_ncbi_dataset/ncbi_dataset/data/strains/MF29/Use/busco_draft/run_mycoplasmatales_odb10/hmmer_output/1679at2085.out --cpu 1 /home/lgef/Documentos/GitHub/Project_doctoral/IMPLEMENTACAO/Genomes/M_flocculare/MFC_ncbi_dataset/ncbi_dataset/data/strains/MF29/Use/busco_downloads/lineages/mycoplasmatales_odb10/hmms/1679at2085.hmm /home/lgef/Documentos/GitHub/Project_doctoral/IMPLEMENTACAO/Genomes/M_flocculare/MFC_ncbi_dataset/ncbi_dataset/data/strains/MF29/Use/busco_draft/prodigal_output/predicted_genes/predicted.faa 
# Current dir:     /home/lgef/Documentos/GitHub/Project_doctoral/IMPLEMENTACAO/Genomes/M_flocculare/MFC_ncbi_dataset/ncbi_dataset/data/strains/MF29/Use
# Date:            Fri Nov 29 12:34:19 2024
# [ok]
