#                                                                                       --- full sequence --- -------------- this domain -------------   hmm coord   ali coord   env coord
# target name                   accession   tlen query name           accession   qlen   E-value  score  bias   #  of  c-Evalue  i-Evalue  score  bias  from    to  from    to  from    to  acc description of target
#           ------------------- ---------- ----- -------------------- ---------- ----- --------- ------ ----- --- --- --------- --------- ------ ----- ----- ----- ----- ----- ----- ----- ---- ---------------------
NZ_QQRC01000006.1:13136-14101|- -            322 1978at2085           -            276  7.6e-109  358.7  11.2   1   1  7.2e-111  1.1e-108  358.2  11.2     1   275     8   313     8   314 0.91 NZ_QQRC01000006.1_14 # 13136 # 14101 # -1 # ID=34_14;partial=00;start_type=ATG;rbs_motif=None;rbs_spacer=None;gc_cont=0.308
NZ_QQRC01000003.1:50513-52690|+ -            726 1978at2085           -            276   1.8e-07   26.2  10.2   1   2   1.2e-09   1.8e-07   26.2  10.2     1   224    15   257    15   304 0.60 NZ_QQRC01000003.1_42 # 50513 # 52690 # 1 # ID=30_42;partial=00;start_type=ATG;rbs_motif=AGGA;rbs_spacer=5-10bp;gc_cont=0.257
NZ_QQRC01000003.1:50513-52690|+ -            726 1978at2085           -            276   1.8e-07   26.2  10.2   2   2      0.22        34   -1.0   0.7   210   261   354   407   295   411 0.62 NZ_QQRC01000003.1_42 # 50513 # 52690 # 1 # ID=30_42;partial=00;start_type=ATG;rbs_motif=AGGA;rbs_spacer=5-10bp;gc_cont=0.257
NZ_QQRC01000001.1:73864-76482|+ -            873 1978at2085           -            276   3.8e-07   25.1   0.1   1   2   4.7e-08   7.3e-06   20.9   0.0     7    61   424   478   418   491 0.87 NZ_QQRC01000001.1_52 # 73864 # 76482 # 1 # ID=9_52;partial=00;start_type=ATG;rbs_motif=GGAG/GAGG;rbs_spacer=5-10bp;gc_cont=0.343
NZ_QQRC01000001.1:73864-76482|+ -            873 1978at2085           -            276   3.8e-07   25.1   0.1   2   2     0.045       6.9    1.3   0.0   168   218   558   608   554   629 0.73 NZ_QQRC01000001.1_52 # 73864 # 76482 # 1 # ID=9_52;partial=00;start_type=ATG;rbs_motif=GGAG/GAGG;rbs_spacer=5-10bp;gc_cont=0.343
NZ_QQRC01000007.1:3825-5954|-   -            710 1978at2085           -            276   9.3e-05   17.3   0.4   1   3   2.5e-06   0.00039   15.3   0.0    33    96   263   334   226   338 0.74 NZ_QQRC01000007.1_4 # 3825 # 5954 # -1 # ID=35_4;partial=00;start_type=ATG;rbs_motif=AGGA;rbs_spacer=5-10bp;gc_cont=0.361
NZ_QQRC01000007.1:3825-5954|-   -            710 1978at2085           -            276   9.3e-05   17.3   0.4   2   3      0.62        96   -2.4   0.0   154   192   395   437   368   454 0.57 NZ_QQRC01000007.1_4 # 3825 # 5954 # -1 # ID=35_4;partial=00;start_type=ATG;rbs_motif=AGGA;rbs_spacer=5-10bp;gc_cont=0.361
NZ_QQRC01000007.1:3825-5954|-   -            710 1978at2085           -            276   9.3e-05   17.3   0.4   3   3      0.88   1.4e+02   -2.9   0.6   232   261   625   654   621   666 0.82 NZ_QQRC01000007.1_4 # 3825 # 5954 # -1 # ID=35_4;partial=00;start_type=ATG;rbs_motif=AGGA;rbs_spacer=5-10bp;gc_cont=0.361
#
# Program:         hmmsearch
# Version:         3.1b2 (February 2015)
# Pipeline mode:   SEARCH
# Query file:      /home/lgef/Documentos/GitHub/Project_doctoral/IMPLEMENTACAO/Genomes/M_flocculare/MFC_ncbi_dataset/ncbi_dataset/data/strains/MF29/Use/busco_downloads/lineages/mycoplasmatales_odb10/hmms/1978at2085.hmm
# Target file:     /home/lgef/Documentos/GitHub/Project_doctoral/IMPLEMENTACAO/Genomes/M_flocculare/MFC_ncbi_dataset/ncbi_dataset/data/strains/MF29/Use/busco_draft/prodigal_output/predicted_genes/predicted.faa
# Option settings: hmmsearch --domtblout /home/lgef/Documentos/GitHub/Project_doctoral/IMPLEMENTACAO/Genomes/M_flocculare/MFC_ncbi_dataset/ncbi_dataset/data/strains/MF29/Use/busco_draft/run_mycoplasmatales_odb10/hmmer_output/1978at2085.out --cpu 1 /home/lgef/Documentos/GitHub/Project_doctoral/IMPLEMENTACAO/Genomes/M_flocculare/MFC_ncbi_dataset/ncbi_dataset/data/strains/MF29/Use/busco_downloads/lineages/mycoplasmatales_odb10/hmms/1978at2085.hmm /home/lgef/Documentos/GitHub/Project_doctoral/IMPLEMENTACAO/Genomes/M_flocculare/MFC_ncbi_dataset/ncbi_dataset/data/strains/MF29/Use/busco_draft/prodigal_output/predicted_genes/predicted.faa 
# Current dir:     /home/lgef/Documentos/GitHub/Project_doctoral/IMPLEMENTACAO/Genomes/M_flocculare/MFC_ncbi_dataset/ncbi_dataset/data/strains/MF29/Use
# Date:            Fri Nov 29 12:34:19 2024
# [ok]
