#                                                                                       --- full sequence --- -------------- this domain -------------   hmm coord   ali coord   env coord
# target name                   accession   tlen query name           accession   qlen   E-value  score  bias   #  of  c-Evalue  i-Evalue  score  bias  from    to  from    to  from    to  acc description of target
#           ------------------- ---------- ----- -------------------- ---------- ----- --------- ------ ----- --- --- --------- --------- ------ ----- ----- ----- ----- ----- ----- ----- ---- ---------------------
NZ_QQRC01000006.1:16272-18533|- -            754 218at2085            -            506  3.1e-135  447.0  43.4   1   4   4.4e-33     9e-31  102.3   5.7     1   131     9   167     9   175 0.82 NZ_QQRC01000006.1_17 # 16272 # 18533 # -1 # ID=34_17;partial=00;start_type=ATG;rbs_motif=GGAGG;rbs_spacer=5-10bp;gc_cont=0.307
NZ_QQRC01000006.1:16272-18533|- -            754 218at2085            -            506  3.1e-135  447.0  43.4   2   4   2.8e-72   5.8e-70  231.6  19.4    94   377   179   497   170   503 0.80 NZ_QQRC01000006.1_17 # 16272 # 18533 # -1 # ID=34_17;partial=00;start_type=ATG;rbs_motif=GGAGG;rbs_spacer=5-10bp;gc_cont=0.307
NZ_QQRC01000006.1:16272-18533|- -            754 218at2085            -            506  3.1e-135  447.0  43.4   3   4   9.5e-32     2e-29   97.9   2.3   344   456   511   646   481   665 0.81 NZ_QQRC01000006.1_17 # 16272 # 18533 # -1 # ID=34_17;partial=00;start_type=ATG;rbs_motif=GGAGG;rbs_spacer=5-10bp;gc_cont=0.307
NZ_QQRC01000006.1:16272-18533|- -            754 218at2085            -            506  3.1e-135  447.0  43.4   4   4   1.7e-07   3.4e-05   18.0   0.1   465   505   699   749   690   750 0.80 NZ_QQRC01000006.1_17 # 16272 # 18533 # -1 # ID=34_17;partial=00;start_type=ATG;rbs_motif=GGAGG;rbs_spacer=5-10bp;gc_cont=0.307
NZ_QQRC01000010.1:17275-17502|- -             76 218at2085            -            506   0.00015   15.8   0.0   1   1   7.8e-07   0.00016   15.8   0.0    14    44    25    56    14    72 0.78 NZ_QQRC01000010.1_16 # 17275 # 17502 # -1 # ID=1_16;partial=00;start_type=ATG;rbs_motif=None;rbs_spacer=None;gc_cont=0.285
NZ_QQRC01000001.1:19849-20547|+ -            233 218at2085            -            506   0.00024   15.1   1.5   1   2     0.014       2.8    1.7   0.1    72   114    74   115    52   117 0.86 NZ_QQRC01000001.1_12 # 19849 # 20547 # 1 # ID=9_12;partial=00;start_type=ATG;rbs_motif=GGA/GAG/AGG;rbs_spacer=5-10bp;gc_cont=0.299
NZ_QQRC01000001.1:19849-20547|+ -            233 218at2085            -            506   0.00024   15.1   1.5   2   2     1e-05    0.0021   12.1   0.3   207   282   145   222   126   231 0.78 NZ_QQRC01000001.1_12 # 19849 # 20547 # 1 # ID=9_12;partial=00;start_type=ATG;rbs_motif=GGA/GAG/AGG;rbs_spacer=5-10bp;gc_cont=0.299
#
# Program:         hmmsearch
# Version:         3.1b2 (February 2015)
# Pipeline mode:   SEARCH
# Query file:      /home/lgef/Documentos/GitHub/Project_doctoral/IMPLEMENTACAO/Genomes/M_flocculare/MFC_ncbi_dataset/ncbi_dataset/data/strains/MF29/Use/busco_downloads/lineages/mycoplasmatales_odb10/hmms/218at2085.hmm
# Target file:     /home/lgef/Documentos/GitHub/Project_doctoral/IMPLEMENTACAO/Genomes/M_flocculare/MFC_ncbi_dataset/ncbi_dataset/data/strains/MF29/Use/busco_draft/prodigal_output/predicted_genes/predicted.faa
# Option settings: hmmsearch --domtblout /home/lgef/Documentos/GitHub/Project_doctoral/IMPLEMENTACAO/Genomes/M_flocculare/MFC_ncbi_dataset/ncbi_dataset/data/strains/MF29/Use/busco_draft/run_mycoplasmatales_odb10/hmmer_output/218at2085.out --cpu 1 /home/lgef/Documentos/GitHub/Project_doctoral/IMPLEMENTACAO/Genomes/M_flocculare/MFC_ncbi_dataset/ncbi_dataset/data/strains/MF29/Use/busco_downloads/lineages/mycoplasmatales_odb10/hmms/218at2085.hmm /home/lgef/Documentos/GitHub/Project_doctoral/IMPLEMENTACAO/Genomes/M_flocculare/MFC_ncbi_dataset/ncbi_dataset/data/strains/MF29/Use/busco_draft/prodigal_output/predicted_genes/predicted.faa 
# Current dir:     /home/lgef/Documentos/GitHub/Project_doctoral/IMPLEMENTACAO/Genomes/M_flocculare/MFC_ncbi_dataset/ncbi_dataset/data/strains/MF29/Use
# Date:            Fri Nov 29 10:08:01 2024
# [ok]
