#                                                                                         --- full sequence --- -------------- this domain -------------   hmm coord   ali coord   env coord
# target name                     accession   tlen query name           accession   qlen   E-value  score  bias   #  of  c-Evalue  i-Evalue  score  bias  from    to  from    to  from    to  acc description of target
#             ------------------- ---------- ----- -------------------- ---------- ----- --------- ------ ----- --- --- --------- --------- ------ ----- ----- ----- ----- ----- ----- ----- ---- ---------------------
NZ_QQRC01000008.1:9562-11934|+    -            791 462at2085            -            610  1.6e-224  742.1  34.3   1   4  1.5e-121  2.3e-119  394.8   3.8     2   261     3   275     2   285 0.93 NZ_QQRC01000008.1_10 # 9562 # 11934 # 1 # ID=36_10;partial=00;start_type=ATG;rbs_motif=None;rbs_spacer=None;gc_cont=0.304
NZ_QQRC01000008.1:9562-11934|+    -            791 462at2085            -            610  1.6e-224  742.1  34.3   2   4    0.0096       1.5    2.4   0.1   252   309   298   361   281   369 0.75 NZ_QQRC01000008.1_10 # 9562 # 11934 # 1 # ID=36_10;partial=00;start_type=ATG;rbs_motif=None;rbs_spacer=None;gc_cont=0.304
NZ_QQRC01000008.1:9562-11934|+    -            791 462at2085            -            610  1.6e-224  742.1  34.3   3   4   2.6e-99   4.1e-97  321.3   5.4   269   516   354   619   330   650 0.80 NZ_QQRC01000008.1_10 # 9562 # 11934 # 1 # ID=36_10;partial=00;start_type=ATG;rbs_motif=None;rbs_spacer=None;gc_cont=0.304
NZ_QQRC01000008.1:9562-11934|+    -            791 462at2085            -            610  1.6e-224  742.1  34.3   4   4   1.9e-12   2.9e-10   34.4   8.8   513   610   651   788   642   788 0.75 NZ_QQRC01000008.1_10 # 9562 # 11934 # 1 # ID=36_10;partial=00;start_type=ATG;rbs_motif=None;rbs_spacer=None;gc_cont=0.304
NZ_QQRC01000002.1:73551-76211|+   -            887 462at2085            -            610   1.7e-34  114.5  30.4   1   4   3.5e-22   5.4e-20   66.6   1.2     5   166    25   199    21   209 0.85 NZ_QQRC01000002.1_60 # 73551 # 76211 # 1 # ID=19_60;partial=00;start_type=ATG;rbs_motif=AGGA;rbs_spacer=5-10bp;gc_cont=0.298
NZ_QQRC01000002.1:73551-76211|+   -            887 462at2085            -            610   1.7e-34  114.5  30.4   2   4      0.41        64   -3.0   0.0   140   195   218   268   208   279 0.71 NZ_QQRC01000002.1_60 # 73551 # 76211 # 1 # ID=19_60;partial=00;start_type=ATG;rbs_motif=AGGA;rbs_spacer=5-10bp;gc_cont=0.298
NZ_QQRC01000002.1:73551-76211|+   -            887 462at2085            -            610   1.7e-34  114.5  30.4   3   4   7.7e-20   1.2e-17   58.9   5.7   221   488   363   615   354   652 0.78 NZ_QQRC01000002.1_60 # 73551 # 76211 # 1 # ID=19_60;partial=00;start_type=ATG;rbs_motif=AGGA;rbs_spacer=5-10bp;gc_cont=0.298
NZ_QQRC01000002.1:73551-76211|+   -            887 462at2085            -            610   1.7e-34  114.5  30.4   4   4      0.13        20   -1.4   5.8   527   598   732   808   679   820 0.61 NZ_QQRC01000002.1_60 # 73551 # 76211 # 1 # ID=19_60;partial=00;start_type=ATG;rbs_motif=AGGA;rbs_spacer=5-10bp;gc_cont=0.298
NZ_QQRC01000002.1:107256-109727|- -            824 462at2085            -            610   1.2e-33  111.7  43.1   1   4   3.6e-19   5.6e-17   56.6   7.4     1   178     5   194     5   205 0.79 NZ_QQRC01000002.1_91 # 107256 # 109727 # -1 # ID=19_91;partial=00;start_type=ATG;rbs_motif=GGA/GAG/AGG;rbs_spacer=5-10bp;gc_cont=0.289
NZ_QQRC01000002.1:107256-109727|- -            824 462at2085            -            610   1.2e-33  111.7  43.1   2   4    0.0016      0.24    5.0   0.6   139   215   313   391   305   393 0.75 NZ_QQRC01000002.1_91 # 107256 # 109727 # -1 # ID=19_91;partial=00;start_type=ATG;rbs_motif=GGA/GAG/AGG;rbs_spacer=5-10bp;gc_cont=0.289
NZ_QQRC01000002.1:107256-109727|- -            824 462at2085            -            610   1.2e-33  111.7  43.1   3   4   6.6e-21     1e-18   62.4  12.1   304   605   386   656   372   661 0.82 NZ_QQRC01000002.1_91 # 107256 # 109727 # -1 # ID=19_91;partial=00;start_type=ATG;rbs_motif=GGA/GAG/AGG;rbs_spacer=5-10bp;gc_cont=0.289
NZ_QQRC01000002.1:107256-109727|- -            824 462at2085            -            610   1.2e-33  111.7  43.1   4   4     0.026       3.9    1.0   1.6   529   585   644   700   640   733 0.65 NZ_QQRC01000002.1_91 # 107256 # 109727 # -1 # ID=19_91;partial=00;start_type=ATG;rbs_motif=GGA/GAG/AGG;rbs_spacer=5-10bp;gc_cont=0.289
NZ_QQRC01000003.1:10302-11846|+   -            515 462at2085            -            610     2e-24   81.2  14.4   1   2   6.7e-19     1e-16   55.7   7.4    25   222     2   206     1   226 0.85 NZ_QQRC01000003.1_11 # 10302 # 11846 # 1 # ID=30_11;partial=00;start_type=ATG;rbs_motif=GGA/GAG/AGG;rbs_spacer=5-10bp;gc_cont=0.274
NZ_QQRC01000003.1:10302-11846|+   -            515 462at2085            -            610     2e-24   81.2  14.4   2   2   4.2e-11   6.5e-09   30.0   1.0   371   508   225   354   204   452 0.75 NZ_QQRC01000003.1_11 # 10302 # 11846 # 1 # ID=30_11;partial=00;start_type=ATG;rbs_motif=GGA/GAG/AGG;rbs_spacer=5-10bp;gc_cont=0.274
#
# Program:         hmmsearch
# Version:         3.1b2 (February 2015)
# Pipeline mode:   SEARCH
# Query file:      /home/lgef/Documentos/GitHub/Project_doctoral/IMPLEMENTACAO/Genomes/M_flocculare/MFC_ncbi_dataset/ncbi_dataset/data/strains/MF29/Use/busco_downloads/lineages/mycoplasmatales_odb10/hmms/462at2085.hmm
# Target file:     /home/lgef/Documentos/GitHub/Project_doctoral/IMPLEMENTACAO/Genomes/M_flocculare/MFC_ncbi_dataset/ncbi_dataset/data/strains/MF29/Use/busco_draft/prodigal_output/predicted_genes/predicted.faa
# Option settings: hmmsearch --domtblout /home/lgef/Documentos/GitHub/Project_doctoral/IMPLEMENTACAO/Genomes/M_flocculare/MFC_ncbi_dataset/ncbi_dataset/data/strains/MF29/Use/busco_draft/run_mycoplasmatales_odb10/hmmer_output/462at2085.out --cpu 1 /home/lgef/Documentos/GitHub/Project_doctoral/IMPLEMENTACAO/Genomes/M_flocculare/MFC_ncbi_dataset/ncbi_dataset/data/strains/MF29/Use/busco_downloads/lineages/mycoplasmatales_odb10/hmms/462at2085.hmm /home/lgef/Documentos/GitHub/Project_doctoral/IMPLEMENTACAO/Genomes/M_flocculare/MFC_ncbi_dataset/ncbi_dataset/data/strains/MF29/Use/busco_draft/prodigal_output/predicted_genes/predicted.faa 
# Current dir:     /home/lgef/Documentos/GitHub/Project_doctoral/IMPLEMENTACAO/Genomes/M_flocculare/MFC_ncbi_dataset/ncbi_dataset/data/strains/MF29/Use
# Date:            Fri Nov 29 10:08:03 2024
# [ok]
