#                                                                                   --- full sequence --- -------------- this domain -------------   hmm coord   ali coord   env coord
# target name               accession   tlen query name           accession   qlen   E-value  score  bias   #  of  c-Evalue  i-Evalue  score  bias  from    to  from    to  from    to  acc description of target
#       ------------------- ---------- ----- -------------------- ---------- ----- --------- ------ ----- --- --- --------- --------- ------ ----- ----- ----- ----- ----- ----- ----- ---- ---------------------
scf00000000:181183-185595|+ -           1471 56at2085             -           1080         0 1365.4  37.4   1   2      0.09        27   -2.6   1.1   289   370   137   221   132   314 0.66 scf00000000_141 # 181183 # 185595 # 1 # ID=1_141;partial=00;start_type=ATG;rbs_motif=GGA/GAG/AGG;rbs_spacer=5-10bp;gc_cont=0.297
scf00000000:181183-185595|+ -           1471 56at2085             -           1080         0 1365.4  37.4   2   2         0         0 1362.3  31.1    38  1080   305  1469   270  1469 0.88 scf00000000_141 # 181183 # 185595 # 1 # ID=1_141;partial=00;start_type=ATG;rbs_motif=GGA/GAG/AGG;rbs_spacer=5-10bp;gc_cont=0.297
scf00000000:628917-631862|- -            982 56at2085             -           1080   5.9e-31  102.2  31.3   1   6     1e-08     3e-06   20.5   0.0    52   118     2    69     1    74 0.93 scf00000000_498 # 628917 # 631862 # -1 # ID=1_498;partial=00;start_type=ATG;rbs_motif=None;rbs_spacer=None;gc_cont=0.284
scf00000000:628917-631862|- -            982 56at2085             -           1080   5.9e-31  102.2  31.3   2   6   7.2e-13   2.1e-10   34.2   2.9   436   566   186   320    85   323 0.71 scf00000000_498 # 628917 # 631862 # -1 # ID=1_498;partial=00;start_type=ATG;rbs_motif=None;rbs_spacer=None;gc_cont=0.284
scf00000000:628917-631862|- -            982 56at2085             -           1080   5.9e-31  102.2  31.3   3   6   3.6e-06    0.0011   12.0   0.1   606   678   323   395   321   404 0.89 scf00000000_498 # 628917 # 631862 # -1 # ID=1_498;partial=00;start_type=ATG;rbs_motif=None;rbs_spacer=None;gc_cont=0.284
scf00000000:628917-631862|- -            982 56at2085             -           1080   5.9e-31  102.2  31.3   4   6   0.00039      0.12    5.3   0.0   675   757   438   516   427   555 0.75 scf00000000_498 # 628917 # 631862 # -1 # ID=1_498;partial=00;start_type=ATG;rbs_motif=None;rbs_spacer=None;gc_cont=0.284
scf00000000:628917-631862|- -            982 56at2085             -           1080   5.9e-31  102.2  31.3   5   6   1.9e-07   5.5e-05   16.2   7.7   905   944   683   722   616   737 0.80 scf00000000_498 # 628917 # 631862 # -1 # ID=1_498;partial=00;start_type=ATG;rbs_motif=None;rbs_spacer=None;gc_cont=0.284
scf00000000:628917-631862|- -            982 56at2085             -           1080   5.9e-31  102.2  31.3   6   6   2.2e-10   6.5e-08   26.0   0.1   983  1074   730   823   719   830 0.84 scf00000000_498 # 628917 # 631862 # -1 # ID=1_498;partial=00;start_type=ATG;rbs_motif=None;rbs_spacer=None;gc_cont=0.284
#
# Program:         hmmsearch
# Version:         3.1b2 (February 2015)
# Pipeline mode:   SEARCH
# Query file:      /home/lgef/Documentos/GitHub/Project_doctoral/IMPLEMENTACAO/Genomes/M_flocculare/MFC_ncbi_dataset/ncbi_dataset/data/strains/MF33/Use/busco_downloads/lineages/mycoplasmatales_odb10/hmms/56at2085.hmm
# Target file:     /home/lgef/Documentos/GitHub/Project_doctoral/IMPLEMENTACAO/Genomes/M_flocculare/MFC_ncbi_dataset/ncbi_dataset/data/strains/MF33/Use/busco_complete/prodigal_output/predicted_genes/predicted.faa
# Option settings: hmmsearch --domtblout /home/lgef/Documentos/GitHub/Project_doctoral/IMPLEMENTACAO/Genomes/M_flocculare/MFC_ncbi_dataset/ncbi_dataset/data/strains/MF33/Use/busco_complete/run_mycoplasmatales_odb10/hmmer_output/56at2085.out --cpu 1 /home/lgef/Documentos/GitHub/Project_doctoral/IMPLEMENTACAO/Genomes/M_flocculare/MFC_ncbi_dataset/ncbi_dataset/data/strains/MF33/Use/busco_downloads/lineages/mycoplasmatales_odb10/hmms/56at2085.hmm /home/lgef/Documentos/GitHub/Project_doctoral/IMPLEMENTACAO/Genomes/M_flocculare/MFC_ncbi_dataset/ncbi_dataset/data/strains/MF33/Use/busco_complete/prodigal_output/predicted_genes/predicted.faa 
# Current dir:     /home/lgef/Documentos/GitHub/Project_doctoral/IMPLEMENTACAO/Genomes/M_flocculare/MFC_ncbi_dataset/ncbi_dataset/data/strains/MF33/Use
# Date:            Fri Nov 29 12:34:04 2024
# [ok]
