#                                                                                   --- full sequence --- -------------- this domain -------------   hmm coord   ali coord   env coord
# target name               accession   tlen query name           accession   qlen   E-value  score  bias   #  of  c-Evalue  i-Evalue  score  bias  from    to  from    to  from    to  acc description of target
#       ------------------- ---------- ----- -------------------- ---------- ----- --------- ------ ----- --- --- --------- --------- ------ ----- ----- ----- ----- ----- ----- ----- ---- ---------------------
scf00000000:127743-129056|+ -            438 1140at2085           -            348    2e-120  396.9  19.8   1   1  5.1e-122  3.8e-120  396.0  19.8     1   347     5   430     5   431 0.87 scf00000000_92 # 127743 # 129056 # 1 # ID=1_92;partial=00;start_type=ATG;rbs_motif=None;rbs_spacer=None;gc_cont=0.299
scf00000000:617529-618857|- -            443 1140at2085           -            348   3.3e-20   67.4   7.9   1   1     2e-21   1.5e-19   65.2   7.9   130   274   217   362   209   396 0.71 scf00000000_469 # 617529 # 618857 # -1 # ID=1_469;partial=00;start_type=TTG;rbs_motif=AGGAG;rbs_spacer=5-10bp;gc_cont=0.310
scf00000000:580867-581748|- -            294 1140at2085           -            348   5.3e-13   43.7   2.8   1   2     7e-15   5.3e-13   43.7   2.8     1   102     9   123     9   134 0.76 scf00000000_421 # 580867 # 581748 # -1 # ID=1_421;partial=00;start_type=ATG;rbs_motif=None;rbs_spacer=None;gc_cont=0.282
scf00000000:580867-581748|- -            294 1140at2085           -            348   5.3e-13   43.7   2.8   2   2     0.042       3.1    1.6   2.0   214   275   108   167   100   243 0.77 scf00000000_421 # 580867 # 581748 # -1 # ID=1_421;partial=00;start_type=ATG;rbs_motif=None;rbs_spacer=None;gc_cont=0.282
scf00000000:329035-329565|+ -            177 1140at2085           -            348     8e-09   29.9   0.8   1   1   2.2e-10   1.7e-08   28.8   0.8   130   272    16   174     6   176 0.55 scf00000000_226 # 329035 # 329565 # 1 # ID=1_226;partial=00;start_type=ATG;rbs_motif=None;rbs_spacer=None;gc_cont=0.322
scf00000000:148201-148992|+ -            264 1140at2085           -            348   5.6e-07   23.8   3.7   1   2      0.15        12   -0.2   2.2   204   250    16    73     4   112 0.50 scf00000000_109 # 148201 # 148992 # 1 # ID=1_109;partial=00;start_type=ATG;rbs_motif=None;rbs_spacer=None;gc_cont=0.268
scf00000000:148201-148992|+ -            264 1140at2085           -            348   5.6e-07   23.8   3.7   2   2   1.1e-08   8.3e-07   23.3   0.0     2    54   114   167   106   210 0.59 scf00000000_109 # 148201 # 148992 # 1 # ID=1_109;partial=00;start_type=ATG;rbs_motif=None;rbs_spacer=None;gc_cont=0.268
scf00000000:90277-91536|+   -            420 1140at2085           -            348   4.2e-05   17.7   8.7   1   2   3.9e-06    0.0003   14.9   0.1   128   158   155   185   122   197 0.82 scf00000000_61 # 90277 # 91536 # 1 # ID=1_61;partial=00;start_type=ATG;rbs_motif=AGGA;rbs_spacer=5-10bp;gc_cont=0.296
scf00000000:90277-91536|+   -            420 1140at2085           -            348   4.2e-05   17.7   8.7   2   2     0.003      0.23    5.4   3.6   220   278   271   330   260   380 0.75 scf00000000_61 # 90277 # 91536 # 1 # ID=1_61;partial=00;start_type=ATG;rbs_motif=AGGA;rbs_spacer=5-10bp;gc_cont=0.296
scf00000000:577651-578508|- -            286 1140at2085           -            348   6.1e-05   17.1   0.6   1   2     0.038       2.9    1.8   0.8   181   275    61   152    44   156 0.62 scf00000000_417 # 577651 # 578508 # -1 # ID=1_417;partial=00;start_type=ATG;rbs_motif=None;rbs_spacer=None;gc_cont=0.270
scf00000000:577651-578508|- -            286 1140at2085           -            348   6.1e-05   17.1   0.6   2   2   8.1e-07   6.1e-05   17.1   0.6   109   180   132   214   122   234 0.61 scf00000000_417 # 577651 # 578508 # -1 # ID=1_417;partial=00;start_type=ATG;rbs_motif=None;rbs_spacer=None;gc_cont=0.270
scf00000000:368455-369558|- -            368 1140at2085           -            348    0.0002   15.4   0.0   1   4   2.7e-06    0.0002   15.4   0.0   129   185     2    58     1    82 0.83 scf00000000_242 # 368455 # 369558 # -1 # ID=1_242;partial=00;start_type=ATG;rbs_motif=None;rbs_spacer=None;gc_cont=0.336
scf00000000:368455-369558|- -            368 1140at2085           -            348    0.0002   15.4   0.0   2   4      0.64        48   -2.3   0.1    75   104    90   121    86   134 0.76 scf00000000_242 # 368455 # 369558 # -1 # ID=1_242;partial=00;start_type=ATG;rbs_motif=None;rbs_spacer=None;gc_cont=0.336
scf00000000:368455-369558|- -            368 1140at2085           -            348    0.0002   15.4   0.0   3   4      0.76        57   -2.5   0.1   265   299   143   177   131   181 0.74 scf00000000_242 # 368455 # 369558 # -1 # ID=1_242;partial=00;start_type=ATG;rbs_motif=None;rbs_spacer=None;gc_cont=0.336
scf00000000:368455-369558|- -            368 1140at2085           -            348    0.0002   15.4   0.0   4   4       0.2        15   -0.6   0.0    37    59   298   320   290   330 0.80 scf00000000_242 # 368455 # 369558 # -1 # ID=1_242;partial=00;start_type=ATG;rbs_motif=None;rbs_spacer=None;gc_cont=0.336
#
# Program:         hmmsearch
# Version:         3.4 (Aug 2023)
# Pipeline mode:   SEARCH
# Query file:      /home/bryan/Documentos/GitHub/Project_doctoral/IMPLEMENTACAO/Genomes/M_flocculare/strains/MF29/Use/busco_downloads/lineages/mycoplasmatales_odb10/hmms/1140at2085.hmm
# Target file:     /home/bryan/Documentos/GitHub/Project_doctoral/IMPLEMENTACAO/Genomes/M_flocculare/strains/MF29/Use/busco_complete/prodigal_output/predicted_genes/predicted.faa
# Option settings: hmmsearch --domtblout /home/bryan/Documentos/GitHub/Project_doctoral/IMPLEMENTACAO/Genomes/M_flocculare/strains/MF29/Use/busco_complete/run_mycoplasmatales_odb10/hmmer_output/1140at2085.out --cpu 1 /home/bryan/Documentos/GitHub/Project_doctoral/IMPLEMENTACAO/Genomes/M_flocculare/strains/MF29/Use/busco_downloads/lineages/mycoplasmatales_odb10/hmms/1140at2085.hmm /home/bryan/Documentos/GitHub/Project_doctoral/IMPLEMENTACAO/Genomes/M_flocculare/strains/MF29/Use/busco_complete/prodigal_output/predicted_genes/predicted.faa 
# Current dir:     /home/bryan/Documentos/GitHub/Project_doctoral/IMPLEMENTACAO/Genomes/M_flocculare/strains/MF29/Use
# Date:            Sun Dec  1 18:48:23 2024
# [ok]
