#                                                                                   --- full sequence --- -------------- this domain -------------   hmm coord   ali coord   env coord
# target name               accession   tlen query name           accession   qlen   E-value  score  bias   #  of  c-Evalue  i-Evalue  score  bias  from    to  from    to  from    to  acc description of target
#       ------------------- ---------- ----- -------------------- ---------- ----- --------- ------ ----- --- --- --------- --------- ------ ----- ----- ----- ----- ----- ----- ----- ---- ---------------------
scf00000000:577651-578508|- -            286 3843at2085           -            213     3e-68  224.6   6.4   1   1   3.9e-70   4.7e-68  224.0   6.4    11   211    35   278    30   280 0.88 scf00000000_417 # 577651 # 578508 # -1 # ID=1_417;partial=00;start_type=ATG;rbs_motif=None;rbs_spacer=None;gc_cont=0.270
scf00000000:329035-329565|+ -            177 3843at2085           -            213   1.7e-07   26.1   0.1   1   2   4.6e-09   5.5e-07   24.4   0.0   107   175    14    84     3   102 0.81 scf00000000_226 # 329035 # 329565 # 1 # ID=1_226;partial=00;start_type=ATG;rbs_motif=None;rbs_spacer=None;gc_cont=0.322
scf00000000:329035-329565|+ -            177 3843at2085           -            213   1.7e-07   26.1   0.1   2   2      0.26        31   -0.9   0.0   151   171    98   119    91   128 0.73 scf00000000_226 # 329035 # 329565 # 1 # ID=1_226;partial=00;start_type=ATG;rbs_motif=None;rbs_spacer=None;gc_cont=0.322
scf00000000:150569-153412|- -            948 3843at2085           -            213   1.7e-05   19.6   1.9   1   2     0.001      0.12    7.0   0.0   105   125    28    48    11    57 0.77 scf00000000_111 # 150569 # 153412 # -1 # ID=1_111;partial=00;start_type=ATG;rbs_motif=None;rbs_spacer=None;gc_cont=0.336
scf00000000:150569-153412|- -            948 3843at2085           -            213   1.7e-05   19.6   1.9   2   2     5e-05     0.006   11.2   0.4   107   140   637   668   605   682 0.78 scf00000000_111 # 150569 # 153412 # -1 # ID=1_111;partial=00;start_type=ATG;rbs_motif=None;rbs_spacer=None;gc_cont=0.336
scf00000000:315438-316154|+ -            239 3843at2085           -            213   0.00037   15.2   0.8   1   2   3.1e-06   0.00037   15.2   0.8   103   137    27    61     6    69 0.78 scf00000000_217 # 315438 # 316154 # 1 # ID=1_217;partial=00;start_type=ATG;rbs_motif=AGGA;rbs_spacer=5-10bp;gc_cont=0.257
scf00000000:315438-316154|+ -            239 3843at2085           -            213   0.00037   15.2   0.8   2   2       1.4   1.7e+02   -3.3   0.1    53    72   106   125   103   131 0.57 scf00000000_217 # 315438 # 316154 # 1 # ID=1_217;partial=00;start_type=ATG;rbs_motif=AGGA;rbs_spacer=5-10bp;gc_cont=0.257
scf00000000:390307-391077|+ -            257 3843at2085           -            213    0.0098   10.5  11.1   1   3   2.3e-05    0.0028   12.3   1.7   104   182    33   116     2   122 0.74 scf00000000_260 # 390307 # 391077 # 1 # ID=1_260;partial=00;start_type=ATG;rbs_motif=None;rbs_spacer=None;gc_cont=0.267
scf00000000:390307-391077|+ -            257 3843at2085           -            213    0.0098   10.5  11.1   2   3      0.44        53   -1.7   0.0    72    95   129   151   115   157 0.68 scf00000000_260 # 390307 # 391077 # 1 # ID=1_260;partial=00;start_type=ATG;rbs_motif=None;rbs_spacer=None;gc_cont=0.267
scf00000000:390307-391077|+ -            257 3843at2085           -            213    0.0098   10.5  11.1   3   3     0.015       1.8    3.1   1.9    28   100   161   230   136   252 0.74 scf00000000_260 # 390307 # 391077 # 1 # ID=1_260;partial=00;start_type=ATG;rbs_motif=None;rbs_spacer=None;gc_cont=0.267
#
# Program:         hmmsearch
# Version:         3.4 (Aug 2023)
# Pipeline mode:   SEARCH
# Query file:      /home/bryan/Documentos/GitHub/Project_doctoral/IMPLEMENTACAO/Genomes/M_flocculare/strains/MF29/Use/busco_downloads/lineages/mycoplasmatales_odb10/hmms/3843at2085.hmm
# Target file:     /home/bryan/Documentos/GitHub/Project_doctoral/IMPLEMENTACAO/Genomes/M_flocculare/strains/MF29/Use/busco_complete/prodigal_output/predicted_genes/predicted.faa
# Option settings: hmmsearch --domtblout /home/bryan/Documentos/GitHub/Project_doctoral/IMPLEMENTACAO/Genomes/M_flocculare/strains/MF29/Use/busco_complete/run_mycoplasmatales_odb10/hmmer_output/3843at2085.out --cpu 1 /home/bryan/Documentos/GitHub/Project_doctoral/IMPLEMENTACAO/Genomes/M_flocculare/strains/MF29/Use/busco_downloads/lineages/mycoplasmatales_odb10/hmms/3843at2085.hmm /home/bryan/Documentos/GitHub/Project_doctoral/IMPLEMENTACAO/Genomes/M_flocculare/strains/MF29/Use/busco_complete/prodigal_output/predicted_genes/predicted.faa 
# Current dir:     /home/bryan/Documentos/GitHub/Project_doctoral/IMPLEMENTACAO/Genomes/M_flocculare/strains/MF29/Use
# Date:            Sun Dec  1 18:48:27 2024
# [ok]
