#                                                                                       --- full sequence --- -------------- this domain -------------   hmm coord   ali coord   env coord
# target name                   accession   tlen query name           accession   qlen   E-value  score  bias   #  of  c-Evalue  i-Evalue  score  bias  from    to  from    to  from    to  acc description of target
#           ------------------- ---------- ----- -------------------- ---------- ----- --------- ------ ----- --- --- --------- --------- ------ ----- ----- ----- ----- ----- ----- ----- ---- ---------------------
NZ_QQQX01000001.1:11221-12552|- -            444 1338at2085           -            333  8.5e-110  362.4  27.1   1   2  2.4e-104  2.5e-102  337.8  23.5     1   332     4   370     4   395 0.81 NZ_QQQX01000001.1_11 # 11221 # 12552 # -1 # ID=11_11;partial=00;start_type=TTG;rbs_motif=AGGAG;rbs_spacer=5-10bp;gc_cont=0.314
NZ_QQQX01000001.1:11221-12552|- -            444 1338at2085           -            333  8.5e-110  362.4  27.1   2   2   4.4e-08   4.6e-06   21.4   0.1   300   333   406   443   393   443 0.87 NZ_QQQX01000001.1_11 # 11221 # 12552 # -1 # ID=11_11;partial=00;start_type=TTG;rbs_motif=AGGAG;rbs_spacer=5-10bp;gc_cont=0.314
NZ_QQQX01000002.1:19557-20858|- -            434 1338at2085           -            333   3.2e-41  137.0   3.3   1   2   3.6e-18   3.8e-16   54.5   0.7   179   329     5   160     2   162 0.86 NZ_QQQX01000002.1_18 # 19557 # 20858 # -1 # ID=22_18;partial=00;start_type=ATG;rbs_motif=None;rbs_spacer=None;gc_cont=0.293
NZ_QQQX01000002.1:19557-20858|- -            434 1338at2085           -            333   3.2e-41  137.0   3.3   2   2   1.1e-26   1.1e-24   82.6   0.0   176   323   170   316   147   322 0.74 NZ_QQQX01000002.1_18 # 19557 # 20858 # -1 # ID=22_18;partial=00;start_type=ATG;rbs_motif=None;rbs_spacer=None;gc_cont=0.293
NZ_QQQX01000003.1:49285-50166|- -            294 1338at2085           -            333   7.4e-15   50.3   1.2   1   1   1.2e-16   1.2e-14   49.6   1.2   174   267     4    98     1   141 0.78 NZ_QQQX01000003.1_47 # 49285 # 50166 # -1 # ID=32_47;partial=00;start_type=ATG;rbs_motif=None;rbs_spacer=None;gc_cont=0.290
NZ_QQQX01000002.1:185-976|-     -            264 1338at2085           -            333   2.5e-10   35.4   0.2   1   2      0.42        44   -1.6   0.1   263   263    40    40     3    78 0.54 NZ_QQQX01000002.1_1 # 185 # 976 # -1 # ID=22_1;partial=00;start_type=ATG;rbs_motif=GGA/GAG/AGG;rbs_spacer=3-4bp;gc_cont=0.270
NZ_QQQX01000002.1:185-976|-     -            264 1338at2085           -            333   2.5e-10   35.4   0.2   2   2   6.3e-12   6.6e-10   34.0   0.1   151   234    80   164    45   180 0.77 NZ_QQQX01000002.1_1 # 185 # 976 # -1 # ID=22_1;partial=00;start_type=ATG;rbs_motif=GGA/GAG/AGG;rbs_spacer=3-4bp;gc_cont=0.270
NZ_QQQX01000016.1:5083-5679|-   -            199 1338at2085           -            333   2.5e-07   25.5   0.5   1   2   5.8e-09   6.1e-07   24.3   0.0   160   212    21    73    16    91 0.89 NZ_QQQX01000016.1_2 # 5083 # 5679 # -1 # ID=7_2;partial=00;start_type=ATG;rbs_motif=None;rbs_spacer=None;gc_cont=0.291
NZ_QQQX01000016.1:5083-5679|-   -            199 1338at2085           -            333   2.5e-07   25.5   0.5   2   2      0.28        30   -1.0   0.3    90    90   159   159    95   196 0.48 NZ_QQQX01000016.1_2 # 5083 # 5679 # -1 # ID=7_2;partial=00;start_type=ATG;rbs_motif=None;rbs_spacer=None;gc_cont=0.291
NZ_QQQX01000002.1:57022-58281|- -            420 1338at2085           -            333     7e-06   20.8   0.3   1   1   1.3e-07   1.4e-05   19.8   0.1   178   307   158   288   150   304 0.77 NZ_QQQX01000002.1_49 # 57022 # 58281 # -1 # ID=22_49;partial=00;start_type=ATG;rbs_motif=AGGA;rbs_spacer=5-10bp;gc_cont=0.308
NZ_QQQX01000028.1:1940-3043|+   -            368 1338at2085           -            333   0.00026   15.6   2.0   1   2     6e-05    0.0063   11.1   0.1   177   200     3    26     1    38 0.87 NZ_QQQX01000028.1_4 # 1940 # 3043 # 1 # ID=20_4;partial=00;start_type=ATG;rbs_motif=None;rbs_spacer=None;gc_cont=0.298
NZ_QQQX01000028.1:1940-3043|+   -            368 1338at2085           -            333   0.00026   15.6   2.0   2   2    0.0092      0.97    3.9   0.4   224   286    67   131    55   159 0.82 NZ_QQQX01000028.1_4 # 1940 # 3043 # 1 # ID=20_4;partial=00;start_type=ATG;rbs_motif=None;rbs_spacer=None;gc_cont=0.298
#
# Program:         hmmsearch
# Version:         3.4 (Aug 2023)
# Pipeline mode:   SEARCH
# Query file:      /home/lgef/Documentos/GitHub/Project_doctoral/IMPLEMENTACAO/Genomes/M_hyopneumoniae/MHP_ncbi_dataset/ncbi_dataset/data/strains/MHP699/Use/busco_downloads/lineages/mycoplasmatales_odb10/hmms/1338at2085.hmm
# Target file:     /home/lgef/Documentos/GitHub/Project_doctoral/IMPLEMENTACAO/Genomes/M_hyopneumoniae/MHP_ncbi_dataset/ncbi_dataset/data/strains/MHP699/Use/busco_draft/prodigal_output/predicted_genes/predicted.faa
# Option settings: hmmsearch --domtblout /home/lgef/Documentos/GitHub/Project_doctoral/IMPLEMENTACAO/Genomes/M_hyopneumoniae/MHP_ncbi_dataset/ncbi_dataset/data/strains/MHP699/Use/busco_draft/run_mycoplasmatales_odb10/hmmer_output/1338at2085.out --cpu 1 /home/lgef/Documentos/GitHub/Project_doctoral/IMPLEMENTACAO/Genomes/M_hyopneumoniae/MHP_ncbi_dataset/ncbi_dataset/data/strains/MHP699/Use/busco_downloads/lineages/mycoplasmatales_odb10/hmms/1338at2085.hmm /home/lgef/Documentos/GitHub/Project_doctoral/IMPLEMENTACAO/Genomes/M_hyopneumoniae/MHP_ncbi_dataset/ncbi_dataset/data/strains/MHP699/Use/busco_draft/prodigal_output/predicted_genes/predicted.faa 
# Current dir:     /home/lgef/Documentos/GitHub/Project_doctoral/IMPLEMENTACAO/Genomes/M_hyopneumoniae/MHP_ncbi_dataset/ncbi_dataset/data/strains/MHP699/Use
# Date:            Thu Nov 28 19:34:52 2024
# [ok]
