#                                                                                       --- full sequence --- -------------- this domain -------------   hmm coord   ali coord   env coord
# target name                   accession   tlen query name           accession   qlen   E-value  score  bias   #  of  c-Evalue  i-Evalue  score  bias  from    to  from    to  from    to  acc description of target
#           ------------------- ---------- ----- -------------------- ---------- ----- --------- ------ ----- --- --- --------- --------- ------ ----- ----- ----- ----- ----- ----- ----- ---- ---------------------
NZ_QQQX01000018.1:11617-12255|+ -            213 3895at2085           -            150   4.6e-48  158.3   4.9   1   1   9.9e-47   1.8e-44  146.6   4.9     1   149     6   189     6   190 0.82 NZ_QQQX01000018.1_22 # 11617 # 12255 # 1 # ID=9_22;partial=00;start_type=ATG;rbs_motif=AGxAGG/AGGxGG;rbs_spacer=11-12bp;gc_cont=0.290
NZ_QQQX01000002.1:20876-21565|- -            230 3895at2085           -            150   1.2e-06   23.9   1.7   1   3   1.1e-07     2e-05   19.9   0.0     4    37    10    43     7    63 0.84 NZ_QQQX01000002.1_19 # 20876 # 21565 # -1 # ID=22_19;partial=00;start_type=ATG;rbs_motif=4Base/6BMM;rbs_spacer=13-15bp;gc_cont=0.296
NZ_QQQX01000002.1:20876-21565|- -            230 3895at2085           -            150   1.2e-06   23.9   1.7   2   3     0.047       8.6    1.6   0.1    60    85   108   133    83   143 0.84 NZ_QQQX01000002.1_19 # 20876 # 21565 # -1 # ID=22_19;partial=00;start_type=ATG;rbs_motif=4Base/6BMM;rbs_spacer=13-15bp;gc_cont=0.296
NZ_QQQX01000002.1:20876-21565|- -            230 3895at2085           -            150   1.2e-06   23.9   1.7   3   3      0.17        32   -0.2   0.1    45    93   170   215   154   225 0.55 NZ_QQQX01000002.1_19 # 20876 # 21565 # -1 # ID=22_19;partial=00;start_type=ATG;rbs_motif=4Base/6BMM;rbs_spacer=13-15bp;gc_cont=0.296
NZ_QQQX01000003.1:46964-47545|- -            194 3895at2085           -            150     0.001   14.4   0.2   1   2   5.5e-06     0.001   14.4   0.2     2    36     5    40     3   100 0.79 NZ_QQQX01000003.1_44 # 46964 # 47545 # -1 # ID=32_44;partial=00;start_type=ATG;rbs_motif=GGA/GAG/AGG;rbs_spacer=5-10bp;gc_cont=0.268
NZ_QQQX01000003.1:46964-47545|- -            194 3895at2085           -            150     0.001   14.4   0.2   2   2      0.13        23    0.2   0.5    37    72   146   181   131   192 0.57 NZ_QQQX01000003.1_44 # 46964 # 47545 # -1 # ID=32_44;partial=00;start_type=ATG;rbs_motif=GGA/GAG/AGG;rbs_spacer=5-10bp;gc_cont=0.268
NZ_QQQX01000023.1:6931-7887|+   -            319 3895at2085           -            150     0.002   13.4   0.0   1   1   3.1e-05    0.0057   11.9   0.0     2    24    42    64    41   120 0.80 NZ_QQQX01000023.1_6 # 6931 # 7887 # 1 # ID=15_6;partial=00;start_type=ATG;rbs_motif=None;rbs_spacer=None;gc_cont=0.316
#
# Program:         hmmsearch
# Version:         3.4 (Aug 2023)
# Pipeline mode:   SEARCH
# Query file:      /home/lgef/Documentos/GitHub/Project_doctoral/IMPLEMENTACAO/Genomes/M_hyopneumoniae/MHP_ncbi_dataset/ncbi_dataset/data/strains/MHP699/Use/busco_downloads/lineages/mycoplasmatales_odb10/hmms/3895at2085.hmm
# Target file:     /home/lgef/Documentos/GitHub/Project_doctoral/IMPLEMENTACAO/Genomes/M_hyopneumoniae/MHP_ncbi_dataset/ncbi_dataset/data/strains/MHP699/Use/busco_draft/prodigal_output/predicted_genes/predicted.faa
# Option settings: hmmsearch --domtblout /home/lgef/Documentos/GitHub/Project_doctoral/IMPLEMENTACAO/Genomes/M_hyopneumoniae/MHP_ncbi_dataset/ncbi_dataset/data/strains/MHP699/Use/busco_draft/run_mycoplasmatales_odb10/hmmer_output/3895at2085.out --cpu 1 /home/lgef/Documentos/GitHub/Project_doctoral/IMPLEMENTACAO/Genomes/M_hyopneumoniae/MHP_ncbi_dataset/ncbi_dataset/data/strains/MHP699/Use/busco_downloads/lineages/mycoplasmatales_odb10/hmms/3895at2085.hmm /home/lgef/Documentos/GitHub/Project_doctoral/IMPLEMENTACAO/Genomes/M_hyopneumoniae/MHP_ncbi_dataset/ncbi_dataset/data/strains/MHP699/Use/busco_draft/prodigal_output/predicted_genes/predicted.faa 
# Current dir:     /home/lgef/Documentos/GitHub/Project_doctoral/IMPLEMENTACAO/Genomes/M_hyopneumoniae/MHP_ncbi_dataset/ncbi_dataset/data/strains/MHP699/Use
# Date:            Thu Nov 28 19:34:54 2024
# [ok]
