-------------------------------------
PRODIGAL v2.6.3 [February, 2016]         
Univ of Tenn / Oak Ridge National Lab
Doug Hyatt, Loren Hauser, et al.     
-------------------------------------
Request:  Single Genome, Phase:  Training
Reading in the sequence(s) to train...758526 bp seq created, 28.92 pct GC
Locating all potential starts and stops...24691 nodes
Looking for GC bias in different frames...frame bias scores: 2.37 0.33 0.29
Building initial set of genes to train from...done!
Creating coding model and scoring nodes...done!
Examining upstream regions and training starts...done!
-------------------------------------
Request:  Single Genome, Phase:  Gene Finding
Finding genes in sequence #1 (12986 bp)...done!
Finding genes in sequence #2 (10950 bp)...done!
Finding genes in sequence #3 (10204 bp)...done!
Finding genes in sequence #4 (8190 bp)...done!
Finding genes in sequence #5 (4869 bp)...done!
Finding genes in sequence #6 (2129 bp)...done!
Finding genes in sequence #7 (1072 bp)...done!
Finding genes in sequence #8 (956 bp)...done!
Finding genes in sequence #9 (872 bp)...done!
Finding genes in sequence #10 (336205 bp)...done!
Finding genes in sequence #11 (291 bp)...done!
Finding genes in sequence #12 (285 bp)...done!
Finding genes in sequence #13 (269 bp)...done!
Finding genes in sequence #14 (239 bp)...done!
Finding genes in sequence #15 (238 bp)...done!
Finding genes in sequence #16 (238 bp)...done!
Finding genes in sequence #17 (232 bp)...done!
Finding genes in sequence #18 (230 bp)...done!
Finding genes in sequence #19 (229 bp)...done!
Finding genes in sequence #20 (229 bp)...done!
Finding genes in sequence #21 (131966 bp)...done!
Finding genes in sequence #22 (228 bp)...done!
Finding genes in sequence #23 (218 bp)...done!
Finding genes in sequence #24 (210 bp)...done!
Finding genes in sequence #25 (54680 bp)...done!
Finding genes in sequence #26 (48672 bp)...done!
Finding genes in sequence #27 (39486 bp)...done!
Finding genes in sequence #28 (39105 bp)...done!
Finding genes in sequence #29 (23301 bp)...done!
Finding genes in sequence #30 (16279 bp)...done!
Finding genes in sequence #31 (13096 bp)...done!
