A	C	G	T	N	IUPAC	Other	GC	GC_stdev
0.3545	0.1422	0.1424	0.3609	0.0000	0.0000	0.0000	0.2846	0.0000

Main genome scaffold total:         	1
Main genome contig total:           	1
Main genome scaffold sequence total:	925576
Main genome contig sequence total:  	925576  	0.000% gap
Main genome scaffold N/L50:         	1/925576
Main genome contig N/L50:           	1/925576
Main genome scaffold N/L90:         	1/925576
Main genome contig N/L90:           	1/925576
Max scaffold length:                	925576
Max contig length:                  	925576
Number of scaffolds > 50 KB:        	1
% main genome in scaffolds > 50 KB: 	100.00%


Minimum 	Number        	Number        	Total         	Total         	Scaffold
Scaffold	of            	of            	Scaffold      	Contig        	Contig  
Length  	Scaffolds     	Contigs       	Length        	Length        	Coverage
--------	--------------	--------------	--------------	--------------	--------
    All 	             1	             1	        925576	        925576	 100.00%
 500000 	             1	             1	        925576	        925576	 100.00%

