#                                                                                   --- full sequence --- -------------- this domain -------------   hmm coord   ali coord   env coord
# target name               accession   tlen query name           accession   qlen   E-value  score  bias   #  of  c-Evalue  i-Evalue  score  bias  from    to  from    to  from    to  acc description of target
#       ------------------- ---------- ----- -------------------- ---------- ----- --------- ------ ----- --- --- --------- --------- ------ ----- ----- ----- ----- ----- ----- ----- ---- ---------------------
scf00000000:731880-733214|- -            445 1064at2085           -            350  4.8e-149  491.5  18.4   1   2   8.1e-57   1.7e-55  183.8   0.5     1   128    10   137    10   156 0.90 scf00000000_582 # 731880 # 733214 # -1 # ID=1_582;partial=00;start_type=ATG;rbs_motif=GGA/GAG/AGG;rbs_spacer=11-12bp;gc_cont=0.306
scf00000000:731880-733214|- -            445 1064at2085           -            350  4.8e-149  491.5  18.4   2   2   3.3e-95   7.2e-94  310.0  12.8   100   349   147   441   139   442 0.82 scf00000000_582 # 731880 # 733214 # -1 # ID=1_582;partial=00;start_type=ATG;rbs_motif=GGA/GAG/AGG;rbs_spacer=11-12bp;gc_cont=0.306
scf00000000:463556-465733|+ -            726 1064at2085           -            350   5.8e-79  261.0   7.8   1   2   1.5e-35   3.2e-34  113.8   0.2     2   123    39   161    38   225 0.76 scf00000000_388 # 463556 # 465733 # 1 # ID=1_388;partial=00;start_type=ATG;rbs_motif=GGA/GAG/AGG;rbs_spacer=5-10bp;gc_cont=0.305
scf00000000:463556-465733|+ -            726 1064at2085           -            350   5.8e-79  261.0   7.8   2   2   3.2e-49   6.9e-48  158.8   2.5   104   289   435   621   421   635 0.85 scf00000000_388 # 463556 # 465733 # 1 # ID=1_388;partial=00;start_type=ATG;rbs_motif=GGA/GAG/AGG;rbs_spacer=5-10bp;gc_cont=0.305
scf00000000:292643-294172|+ -            510 1064at2085           -            350   1.5e-49  164.2  10.1   1   4   4.2e-15   9.1e-14   46.6   0.1     2    99    11   116    10   121 0.89 scf00000000_252 # 292643 # 294172 # 1 # ID=1_252;partial=00;start_type=TTG;rbs_motif=GGAGG;rbs_spacer=5-10bp;gc_cont=0.320
scf00000000:292643-294172|+ -            510 1064at2085           -            350   1.5e-49  164.2  10.1   2   4   2.4e-15   5.2e-14   47.3   0.4   153   256   127   229   116   251 0.92 scf00000000_252 # 292643 # 294172 # 1 # ID=1_252;partial=00;start_type=TTG;rbs_motif=GGAGG;rbs_spacer=5-10bp;gc_cont=0.320
scf00000000:292643-294172|+ -            510 1064at2085           -            350   1.5e-49  164.2  10.1   3   4   0.00045    0.0098   10.3   0.0    16    67   280   331   273   343 0.90 scf00000000_252 # 292643 # 294172 # 1 # ID=1_252;partial=00;start_type=TTG;rbs_motif=GGAGG;rbs_spacer=5-10bp;gc_cont=0.320
scf00000000:292643-294172|+ -            510 1064at2085           -            350   1.5e-49  164.2  10.1   4   4   1.7e-20   3.8e-19   64.3   0.2   150   259   381   490   374   502 0.90 scf00000000_252 # 292643 # 294172 # 1 # ID=1_252;partial=00;start_type=TTG;rbs_motif=GGAGG;rbs_spacer=5-10bp;gc_cont=0.320
scf00000000:690868-692406|+ -            513 1064at2085           -            350   1.7e-49  164.0  17.3   1   4     1e-12   2.2e-11   38.7   0.1     1    97     6   107     6   117 0.84 scf00000000_553 # 690868 # 692406 # 1 # ID=1_553;partial=00;start_type=TTG;rbs_motif=AGGA;rbs_spacer=5-10bp;gc_cont=0.320
scf00000000:690868-692406|+ -            513 1064at2085           -            350   1.7e-49  164.0  17.3   2   4   1.7e-20   3.7e-19   64.3   0.7   150   272   116   237   109   247 0.92 scf00000000_553 # 690868 # 692406 # 1 # ID=1_553;partial=00;start_type=TTG;rbs_motif=AGGA;rbs_spacer=5-10bp;gc_cont=0.320
scf00000000:690868-692406|+ -            513 1064at2085           -            350   1.7e-49  164.0  17.3   3   4   5.1e-08   1.1e-06   23.2   0.2    12    73   278   341   264   369 0.81 scf00000000_553 # 690868 # 692406 # 1 # ID=1_553;partial=00;start_type=TTG;rbs_motif=AGGA;rbs_spacer=5-10bp;gc_cont=0.320
scf00000000:690868-692406|+ -            513 1064at2085           -            350   1.7e-49  164.0  17.3   4   4   2.1e-15   4.7e-14   47.5   1.7   159   262   391   495   376   502 0.86 scf00000000_553 # 690868 # 692406 # 1 # ID=1_553;partial=00;start_type=TTG;rbs_motif=AGGA;rbs_spacer=5-10bp;gc_cont=0.320
scf00000000:480241-481401|+ -            387 1064at2085           -            350   1.9e-47  157.4  13.5   1   1   1.8e-48   3.9e-47  156.3  13.5     2   297     8   313     7   361 0.77 scf00000000_398 # 480241 # 481401 # 1 # ID=1_398;partial=00;start_type=ATG;rbs_motif=3Base/5BMM;rbs_spacer=13-15bp;gc_cont=0.257
scf00000000:601991-602887|- -            299 1064at2085           -            350   2.8e-35  117.3   4.2   1   2   1.1e-20   2.4e-19   64.9   0.8     1   106    60   175    60   188 0.82 scf00000000_491 # 601991 # 602887 # -1 # ID=1_491;partial=00;start_type=GTG;rbs_motif=AGGAG;rbs_spacer=5-10bp;gc_cont=0.355
scf00000000:601991-602887|- -            299 1064at2085           -            350   2.8e-35  117.3   4.2   2   2   2.4e-17   5.3e-16   53.9   0.2   160   258   180   277   176   284 0.89 scf00000000_491 # 601991 # 602887 # -1 # ID=1_491;partial=00;start_type=GTG;rbs_motif=AGGAG;rbs_spacer=5-10bp;gc_cont=0.355
scf00000000:268976-270307|+ -            444 1064at2085           -            350   3.5e-35  117.0   3.1   1   2   1.2e-10   2.7e-09   31.9   0.2     3   104    45   161    43   199 0.74 scf00000000_239 # 268976 # 270307 # 1 # ID=1_239;partial=00;start_type=ATG;rbs_motif=GGAG/GAGG;rbs_spacer=5-10bp;gc_cont=0.288
scf00000000:268976-270307|+ -            444 1064at2085           -            350   3.5e-35  117.0   3.1   2   2   5.4e-27   1.2e-25   85.7   0.2   140   267   242   369   200   375 0.86 scf00000000_239 # 268976 # 270307 # 1 # ID=1_239;partial=00;start_type=ATG;rbs_motif=GGAG/GAGG;rbs_spacer=5-10bp;gc_cont=0.288
scf00000000:331344-332162|+ -            273 1064at2085           -            350     1e-33  112.2   7.7   1   2   9.6e-15   2.1e-13   45.4   1.9     2   104     2   110     1   117 0.83 scf00000000_284 # 331344 # 332162 # 1 # ID=1_284;partial=00;start_type=ATG;rbs_motif=GGA/GAG/AGG;rbs_spacer=5-10bp;gc_cont=0.305
scf00000000:331344-332162|+ -            273 1064at2085           -            350     1e-33  112.2   7.7   2   2   1.4e-22   2.9e-21   71.2   0.8   153   271   112   229   106   245 0.94 scf00000000_284 # 331344 # 332162 # 1 # ID=1_284;partial=00;start_type=ATG;rbs_motif=GGA/GAG/AGG;rbs_spacer=5-10bp;gc_cont=0.305
scf00000000:49169-51493|-   -            775 1064at2085           -            350   4.2e-33  110.1  10.2   1   2   4.6e-21   9.9e-20   66.2   5.2     1   117     1   114     1   122 0.91 scf00000000_35 # 49169 # 51493 # -1 # ID=1_35;partial=00;start_type=ATG;rbs_motif=AGxAG;rbs_spacer=5-10bp;gc_cont=0.262
scf00000000:49169-51493|-   -            775 1064at2085           -            350   4.2e-33  110.1  10.2   2   2     9e-16   1.9e-14   48.8   0.5   158   258   106   205   103   221 0.89 scf00000000_35 # 49169 # 51493 # -1 # ID=1_35;partial=00;start_type=ATG;rbs_motif=AGxAG;rbs_spacer=5-10bp;gc_cont=0.262
scf00000000:400593-402545|+ -            651 1064at2085           -            350     1e-32  108.9  11.5   1   2   2.1e-18   4.5e-17   57.4   7.2     1   120     1   121     1   123 0.84 scf00000000_338 # 400593 # 402545 # 1 # ID=1_338;partial=00;start_type=ATG;rbs_motif=GGA/GAG/AGG;rbs_spacer=5-10bp;gc_cont=0.240
scf00000000:400593-402545|+ -            651 1064at2085           -            350     1e-32  108.9  11.5   2   2   1.2e-17   2.6e-16   54.9   0.7   146   259    99   207    94   243 0.84 scf00000000_338 # 400593 # 402545 # 1 # ID=1_338;partial=00;start_type=ATG;rbs_motif=GGA/GAG/AGG;rbs_spacer=5-10bp;gc_cont=0.240
scf00000000:332135-333037|+ -            301 1064at2085           -            350   3.1e-32  107.3   2.4   1   2   1.4e-11   3.1e-10   34.9   2.1     2   106     3   132     2   138 0.65 scf00000000_285 # 332135 # 333037 # 1 # ID=1_285;partial=00;start_type=ATG;rbs_motif=GGA/GAG/AGG;rbs_spacer=5-10bp;gc_cont=0.306
scf00000000:332135-333037|+ -            301 1064at2085           -            350   3.1e-32  107.3   2.4   2   2   9.9e-22   2.1e-20   68.4   0.0   152   282   131   261   125   294 0.86 scf00000000_285 # 332135 # 333037 # 1 # ID=1_285;partial=00;start_type=ATG;rbs_motif=GGA/GAG/AGG;rbs_spacer=5-10bp;gc_cont=0.306
scf00000000:421971-424358|- -            796 1064at2085           -            350   5.8e-32  106.4   9.3   1   2   3.7e-19   7.9e-18   59.9   2.9     1   125     1   125     1   127 0.83 scf00000000_357 # 421971 # 424358 # -1 # ID=1_357;partial=00;start_type=ATG;rbs_motif=None;rbs_spacer=None;gc_cont=0.250
scf00000000:421971-424358|- -            796 1064at2085           -            350   5.8e-32  106.4   9.3   2   2   1.8e-16   3.9e-15   51.0   1.0   170   266   119   213   104   219 0.88 scf00000000_357 # 421971 # 424358 # -1 # ID=1_357;partial=00;start_type=ATG;rbs_motif=None;rbs_spacer=None;gc_cont=0.250
scf00000000:671228-673552|- -            775 1064at2085           -            350   8.4e-31  102.6   9.3   1   3   2.5e-09   5.3e-08   27.6   2.4     8   102    15   114     5   160 0.78 scf00000000_538 # 671228 # 673552 # -1 # ID=1_538;partial=00;start_type=ATG;rbs_motif=AGxAG;rbs_spacer=5-10bp;gc_cont=0.281
scf00000000:671228-673552|- -            775 1064at2085           -            350   8.4e-31  102.6   9.3   2   3       2.1        45   -1.8   2.1    70   159   312   403   307   424 0.56 scf00000000_538 # 671228 # 673552 # -1 # ID=1_538;partial=00;start_type=ATG;rbs_motif=AGxAG;rbs_spacer=5-10bp;gc_cont=0.281
scf00000000:671228-673552|- -            775 1064at2085           -            350   8.4e-31  102.6   9.3   3   3   1.1e-27   2.4e-26   87.9   0.6   106   271   547   709   523   720 0.79 scf00000000_538 # 671228 # 673552 # -1 # ID=1_538;partial=00;start_type=ATG;rbs_motif=AGxAG;rbs_spacer=5-10bp;gc_cont=0.281
scf00000000:381641-383593|- -            651 1064at2085           -            350   1.9e-30  101.4   8.1   1   2   4.5e-19   9.7e-18   59.6   5.2     1   124     1   125     1   127 0.86 scf00000000_328 # 381641 # 383593 # -1 # ID=1_328;partial=00;start_type=ATG;rbs_motif=GGA/GAG/AGG;rbs_spacer=5-10bp;gc_cont=0.248
scf00000000:381641-383593|- -            651 1064at2085           -            350   1.9e-30  101.4   8.1   2   2   1.9e-14   4.2e-13   44.4   0.1   171   259   121   207   112   220 0.89 scf00000000_328 # 381641 # 383593 # -1 # ID=1_328;partial=00;start_type=ATG;rbs_motif=GGA/GAG/AGG;rbs_spacer=5-10bp;gc_cont=0.248
scf00000000:673552-674604|- -            351 1064at2085           -            350   1.1e-28   95.6   0.7   1   2   7.5e-08   1.6e-06   22.7   0.2    11    72    26    88     9    94 0.78 scf00000000_539 # 673552 # 674604 # -1 # ID=1_539;partial=00;start_type=ATG;rbs_motif=GGxGG;rbs_spacer=5-10bp;gc_cont=0.330
scf00000000:673552-674604|- -            351 1064at2085           -            350   1.1e-28   95.6   0.7   2   2   1.2e-22   2.5e-21   71.4   0.0   153   271   133   254   121   263 0.89 scf00000000_539 # 673552 # 674604 # -1 # ID=1_539;partial=00;start_type=ATG;rbs_motif=GGxGG;rbs_spacer=5-10bp;gc_cont=0.330
scf00000000:262210-263826|- -            539 1064at2085           -            350   1.3e-27   92.1   4.6   1   5   2.4e-13   5.2e-12   40.8   0.8     1    64     1    64     1   104 0.82 scf00000000_234 # 262210 # 263826 # -1 # ID=1_234;partial=00;start_type=ATG;rbs_motif=AGGA;rbs_spacer=5-10bp;gc_cont=0.332
scf00000000:262210-263826|- -            539 1064at2085           -            350   1.3e-27   92.1   4.6   2   5       1.5        32   -1.3   0.0   248   273    83   109    62   116 0.75 scf00000000_234 # 262210 # 263826 # -1 # ID=1_234;partial=00;start_type=ATG;rbs_motif=AGGA;rbs_spacer=5-10bp;gc_cont=0.332
scf00000000:262210-263826|- -            539 1064at2085           -            350   1.3e-27   92.1   4.6   3   5   1.9e-09   4.2e-08   27.9   0.0   171   261   148   234   130   281 0.84 scf00000000_234 # 262210 # 263826 # -1 # ID=1_234;partial=00;start_type=ATG;rbs_motif=AGGA;rbs_spacer=5-10bp;gc_cont=0.332
scf00000000:262210-263826|- -            539 1064at2085           -            350   1.3e-27   92.1   4.6   4   5      0.01      0.22    5.8   0.0    14    60   334   380   321   395 0.87 scf00000000_234 # 262210 # 263826 # -1 # ID=1_234;partial=00;start_type=ATG;rbs_motif=AGGA;rbs_spacer=5-10bp;gc_cont=0.332
scf00000000:262210-263826|- -            539 1064at2085           -            350   1.3e-27   92.1   4.6   5   5   1.5e-05   0.00032   15.1   0.0   174   223   443   492   418   535 0.78 scf00000000_234 # 262210 # 263826 # -1 # ID=1_234;partial=00;start_type=ATG;rbs_motif=AGGA;rbs_spacer=5-10bp;gc_cont=0.332
scf00000000:383670-385952|- -            761 1064at2085           -            350   1.6e-27   91.8  17.6   1   3   7.8e-18   1.7e-16   55.5   4.4     1    94     1    91     1    94 0.90 scf00000000_329 # 383670 # 385952 # -1 # ID=1_329;partial=00;start_type=ATG;rbs_motif=GGA/GAG/AGG;rbs_spacer=5-10bp;gc_cont=0.254
scf00000000:383670-385952|- -            761 1064at2085           -            350   1.6e-27   91.8  17.6   2   3   9.1e-14     2e-12   42.2   4.0   143   281    95   228    92   306 0.79 scf00000000_329 # 383670 # 385952 # -1 # ID=1_329;partial=00;start_type=ATG;rbs_motif=GGA/GAG/AGG;rbs_spacer=5-10bp;gc_cont=0.254
scf00000000:383670-385952|- -            761 1064at2085           -            350   1.6e-27   91.8  17.6   3   3       1.4        30   -1.2   0.1    83   121   275   320   260   349 0.54 scf00000000_329 # 383670 # 385952 # -1 # ID=1_329;partial=00;start_type=ATG;rbs_motif=GGA/GAG/AGG;rbs_spacer=5-10bp;gc_cont=0.254
scf00000000:398185-400503|+ -            773 1064at2085           -            350   4.5e-27   90.3  13.8   1   3   3.7e-17     8e-16   53.3   4.1     1    98     1    96     1   112 0.90 scf00000000_337 # 398185 # 400503 # 1 # ID=1_337;partial=00;start_type=ATG;rbs_motif=None;rbs_spacer=None;gc_cont=0.259
scf00000000:398185-400503|+ -            773 1064at2085           -            350   4.5e-27   90.3  13.8   2   3   3.6e-14   7.8e-13   43.5   1.0   152   268   101   216    93   239 0.83 scf00000000_337 # 398185 # 400503 # 1 # ID=1_337;partial=00;start_type=ATG;rbs_motif=None;rbs_spacer=None;gc_cont=0.259
scf00000000:398185-400503|+ -            773 1064at2085           -            350   4.5e-27   90.3  13.8   3   3       5.1   1.1e+02   -3.1   0.1    32    94   547   606   528   612 0.68 scf00000000_337 # 398185 # 400503 # 1 # ID=1_337;partial=00;start_type=ATG;rbs_motif=None;rbs_spacer=None;gc_cont=0.259
scf00000000:803235-804767|+ -            511 1064at2085           -            350   5.7e-27   90.0  18.6   1   4   2.2e-13   4.8e-12   40.9   0.9     2   119    14   136    13   150 0.87 scf00000000_640 # 803235 # 804767 # 1 # ID=1_640;partial=00;start_type=GTG;rbs_motif=GGA/GAG/AGG;rbs_spacer=11-12bp;gc_cont=0.322
scf00000000:803235-804767|+ -            511 1064at2085           -            350   5.7e-27   90.0  18.6   2   4   6.4e-06   0.00014   16.4   1.4   156   260   127   230   121   272 0.77 scf00000000_640 # 803235 # 804767 # 1 # ID=1_640;partial=00;start_type=GTG;rbs_motif=GGA/GAG/AGG;rbs_spacer=11-12bp;gc_cont=0.322
scf00000000:803235-804767|+ -            511 1064at2085           -            350   5.7e-27   90.0  18.6   3   4    0.0032     0.069    7.5   0.2    17    69   280   331   267   336 0.84 scf00000000_640 # 803235 # 804767 # 1 # ID=1_640;partial=00;start_type=GTG;rbs_motif=GGA/GAG/AGG;rbs_spacer=11-12bp;gc_cont=0.322
scf00000000:803235-804767|+ -            511 1064at2085           -            350   5.7e-27   90.0  18.6   4   4   2.8e-12     6e-11   37.3   0.8   140   259   375   492   356   503 0.75 scf00000000_640 # 803235 # 804767 # 1 # ID=1_640;partial=00;start_type=GTG;rbs_motif=GGA/GAG/AGG;rbs_spacer=11-12bp;gc_cont=0.322
scf00000000:44223-46517|-   -            765 1064at2085           -            350   1.8e-26   88.3  15.1   1   3   3.1e-18   6.6e-17   56.9   4.5     1   126     1   126     1   127 0.82 scf00000000_33 # 44223 # 46517 # -1 # ID=1_33;partial=00;start_type=ATG;rbs_motif=None;rbs_spacer=None;gc_cont=0.250
scf00000000:44223-46517|-   -            765 1064at2085           -            350   1.8e-26   88.3  15.1   2   3   2.3e-13   4.9e-12   40.9   0.2   170   258   119   205   107   219 0.90 scf00000000_33 # 44223 # 46517 # -1 # ID=1_33;partial=00;start_type=ATG;rbs_motif=None;rbs_spacer=None;gc_cont=0.250
scf00000000:44223-46517|-   -            765 1064at2085           -            350   1.8e-26   88.3  15.1   3   3       8.2   1.8e+02   -3.7   0.6    98   158   444   505   435   536 0.57 scf00000000_33 # 44223 # 46517 # -1 # ID=1_33;partial=00;start_type=ATG;rbs_motif=None;rbs_spacer=None;gc_cont=0.250
scf00000000:483836-486136|+ -            767 1064at2085           -            350   3.1e-26   87.6  10.4   1   3   5.4e-18   1.2e-16   56.1   2.6     1   126     1   127     1   128 0.86 scf00000000_402 # 483836 # 486136 # 1 # ID=1_402;partial=00;start_type=ATG;rbs_motif=GGA/GAG/AGG;rbs_spacer=5-10bp;gc_cont=0.292
scf00000000:483836-486136|+ -            767 1064at2085           -            350   3.1e-26   87.6  10.4   2   3   5.2e-12   1.1e-10   36.4   0.2   173   253   123   201   102   212 0.86 scf00000000_402 # 483836 # 486136 # 1 # ID=1_402;partial=00;start_type=ATG;rbs_motif=GGA/GAG/AGG;rbs_spacer=5-10bp;gc_cont=0.292
scf00000000:483836-486136|+ -            767 1064at2085           -            350   3.1e-26   87.6  10.4   3   3       0.5        11    0.3   0.1    85   157   527   600   521   607 0.82 scf00000000_402 # 483836 # 486136 # 1 # ID=1_402;partial=00;start_type=ATG;rbs_motif=GGA/GAG/AGG;rbs_spacer=5-10bp;gc_cont=0.292
scf00000000:625653-626369|- -            239 1064at2085           -            350   9.9e-25   82.6   2.5   1   2     4e-10   8.7e-09   30.2   0.6     1    63     5    68     5    90 0.88 scf00000000_508 # 625653 # 626369 # -1 # ID=1_508;partial=00;start_type=ATG;rbs_motif=AGGA;rbs_spacer=5-10bp;gc_cont=0.266
scf00000000:625653-626369|- -            239 1064at2085           -            350   9.9e-25   82.6   2.5   2   2   5.8e-17   1.3e-15   52.7   0.0   137   269    94   226    75   233 0.87 scf00000000_508 # 625653 # 626369 # -1 # ID=1_508;partial=00;start_type=ATG;rbs_motif=AGGA;rbs_spacer=5-10bp;gc_cont=0.266
scf00000000:267574-268986|+ -            471 1064at2085           -            350   9.6e-24   79.4  10.4   1   3       2.4        52   -2.0   0.5   111   160    77   118    47   137 0.47 scf00000000_238 # 267574 # 268986 # 1 # ID=1_238;partial=00;start_type=ATG;rbs_motif=AGGAGG;rbs_spacer=5-10bp;gc_cont=0.323
scf00000000:267574-268986|+ -            471 1064at2085           -            350   9.6e-24   79.4  10.4   2   3   2.5e-06   5.4e-05   17.7   0.1    14   110   141   251   138   269 0.69 scf00000000_238 # 267574 # 268986 # 1 # ID=1_238;partial=00;start_type=ATG;rbs_motif=AGGAGG;rbs_spacer=5-10bp;gc_cont=0.323
scf00000000:267574-268986|+ -            471 1064at2085           -            350   9.6e-24   79.4  10.4   3   3   1.2e-21   2.7e-20   68.0   0.9   173   270   272   369   247   375 0.90 scf00000000_238 # 267574 # 268986 # 1 # ID=1_238;partial=00;start_type=ATG;rbs_motif=AGGAGG;rbs_spacer=5-10bp;gc_cont=0.323
scf00000000:452715-453485|+ -            257 1064at2085           -            350   1.7e-22   75.2   4.8   1   2   5.9e-07   1.3e-05   19.7   0.3    12    76    22    86     9   131 0.71 scf00000000_381 # 452715 # 453485 # 1 # ID=1_381;partial=00;start_type=ATG;rbs_motif=None;rbs_spacer=None;gc_cont=0.265
scf00000000:452715-453485|+ -            257 1064at2085           -            350   1.7e-22   75.2   4.8   2   2     6e-19   1.3e-17   59.2   2.7    83   267    56   242    56   249 0.74 scf00000000_381 # 452715 # 453485 # 1 # ID=1_381;partial=00;start_type=ATG;rbs_motif=None;rbs_spacer=None;gc_cont=0.265
scf00000000:841742-843361|+ -            540 1064at2085           -            350   5.8e-22   73.5   4.5   1   2     6e-12   1.3e-10   36.2   0.7     1    72   336   408   336   419 0.92 scf00000000_662 # 841742 # 843361 # 1 # ID=1_662;partial=00;start_type=ATG;rbs_motif=None;rbs_spacer=None;gc_cont=0.230
scf00000000:841742-843361|+ -            540 1064at2085           -            350   5.8e-22   73.5   4.5   2   2   8.4e-13   1.8e-11   39.0   0.2   130   242   417   528   407   539 0.81 scf00000000_662 # 841742 # 843361 # 1 # ID=1_662;partial=00;start_type=ATG;rbs_motif=None;rbs_spacer=None;gc_cont=0.230
scf00000000:3762-5375|+     -            538 1064at2085           -            350   6.9e-20   66.7   7.7   1   2     2e-15   4.3e-14   47.6   1.0     2    75   325   398   324   422 0.85 scf00000000_3 # 3762 # 5375 # 1 # ID=1_3;partial=00;start_type=ATG;rbs_motif=AGxAGG/AGGxGG;rbs_spacer=5-10bp;gc_cont=0.270
scf00000000:3762-5375|+     -            538 1064at2085           -            350   6.9e-20   66.7   7.7   2   2   8.7e-08   1.9e-06   22.5   1.0   157   240   427   514   413   520 0.79 scf00000000_3 # 3762 # 5375 # 1 # ID=1_3;partial=00;start_type=ATG;rbs_motif=AGxAGG/AGGxGG;rbs_spacer=5-10bp;gc_cont=0.270
scf00000000:835129-836742|+ -            538 1064at2085           -            350     3e-18   61.3   6.5   1   4       5.4   1.2e+02   -3.1   0.4    79   108    72   101    67   121 0.64 scf00000000_659 # 835129 # 836742 # 1 # ID=1_659;partial=00;start_type=ATG;rbs_motif=AGGAGG;rbs_spacer=5-10bp;gc_cont=0.239
scf00000000:835129-836742|+ -            538 1064at2085           -            350     3e-18   61.3   6.5   2   4       6.8   1.5e+02   -3.5   0.1   131   150   300   316   289   332 0.60 scf00000000_659 # 835129 # 836742 # 1 # ID=1_659;partial=00;start_type=ATG;rbs_motif=AGGAGG;rbs_spacer=5-10bp;gc_cont=0.239
scf00000000:835129-836742|+ -            538 1064at2085           -            350     3e-18   61.3   6.5   3   4   2.4e-10   5.3e-09   30.9   0.4     6    71   339   405   334   417 0.87 scf00000000_659 # 835129 # 836742 # 1 # ID=1_659;partial=00;start_type=ATG;rbs_motif=AGGAGG;rbs_spacer=5-10bp;gc_cont=0.239
scf00000000:835129-836742|+ -            538 1064at2085           -            350     3e-18   61.3   6.5   4   4   1.4e-13   2.9e-12   41.6   1.2   154   251   435   534   421   537 0.79 scf00000000_659 # 835129 # 836742 # 1 # ID=1_659;partial=00;start_type=ATG;rbs_motif=AGGAGG;rbs_spacer=5-10bp;gc_cont=0.239
scf00000000:46767-49058|-   -            764 1064at2085           -            350   3.1e-18   61.2  14.9   1   3   7.1e-16   1.5e-14   49.1   4.3     1   125     1   125     1   128 0.81 scf00000000_34 # 46767 # 49058 # -1 # ID=1_34;partial=00;start_type=ATG;rbs_motif=AGGAG(G)/GGAGG;rbs_spacer=13-15bp;gc_cont=0.252
scf00000000:46767-49058|-   -            764 1064at2085           -            350   3.1e-18   61.2  14.9   2   3   4.6e-07     1e-05   20.1   0.8   171   258   120   205    97   219 0.85 scf00000000_34 # 46767 # 49058 # -1 # ID=1_34;partial=00;start_type=ATG;rbs_motif=AGGAG(G)/GGAGG;rbs_spacer=13-15bp;gc_cont=0.252
scf00000000:46767-49058|-   -            764 1064at2085           -            350   3.1e-18   61.2  14.9   3   3       1.8        40   -1.6   0.4   100   163   441   505   431   533 0.76 scf00000000_34 # 46767 # 49058 # -1 # ID=1_34;partial=00;start_type=ATG;rbs_motif=AGGAG(G)/GGAGG;rbs_spacer=13-15bp;gc_cont=0.252
scf00000000:136609-139452|- -            948 1064at2085           -            350   1.6e-15   52.3   5.9   1   4     0.015      0.33    5.3   0.1    15    42    19    46    13    57 0.90 scf00000000_108 # 136609 # 139452 # -1 # ID=1_108;partial=00;start_type=ATG;rbs_motif=None;rbs_spacer=None;gc_cont=0.327
scf00000000:136609-139452|- -            948 1064at2085           -            350   1.6e-15   52.3   5.9   2   4   6.5e-07   1.4e-05   19.6   0.0   153   249   467   563   443   601 0.77 scf00000000_108 # 136609 # 139452 # -1 # ID=1_108;partial=00;start_type=ATG;rbs_motif=None;rbs_spacer=None;gc_cont=0.327
scf00000000:136609-139452|- -            948 1064at2085           -            350   1.6e-15   52.3   5.9   3   4   8.4e-06   0.00018   16.0   0.4    15    47   626   658   618   680 0.82 scf00000000_108 # 136609 # 139452 # -1 # ID=1_108;partial=00;start_type=ATG;rbs_motif=None;rbs_spacer=None;gc_cont=0.327
scf00000000:136609-139452|- -            948 1064at2085           -            350   1.6e-15   52.3   5.9   4   4   0.00025    0.0054   11.1   0.0   174   251   829   907   811   940 0.74 scf00000000_108 # 136609 # 139452 # -1 # ID=1_108;partial=00;start_type=ATG;rbs_motif=None;rbs_spacer=None;gc_cont=0.327
scf00000000:840123-841733|+ -            537 1064at2085           -            350   9.4e-14   46.5   6.6   1   2   5.1e-11   1.1e-09   33.1   2.7     2   127   334   462   333   463 0.80 scf00000000_661 # 840123 # 841733 # 1 # ID=1_661;partial=00;start_type=ATG;rbs_motif=GGA/GAG/AGG;rbs_spacer=5-10bp;gc_cont=0.187
scf00000000:840123-841733|+ -            537 1064at2085           -            350   9.4e-14   46.5   6.6   2   2   3.1e-06   6.6e-05   17.4   0.4   170   250   456   534   431   536 0.70 scf00000000_661 # 840123 # 841733 # 1 # ID=1_661;partial=00;start_type=ATG;rbs_motif=GGA/GAG/AGG;rbs_spacer=5-10bp;gc_cont=0.187
scf00000000:833508-835118|+ -            537 1064at2085           -            350   1.5e-13   45.8   0.2   1   2   1.8e-10   3.8e-09   31.3   0.1     2    72   334   406   333   433 0.85 scf00000000_658 # 833508 # 835118 # 1 # ID=1_658;partial=00;start_type=ATG;rbs_motif=AGGA;rbs_spacer=5-10bp;gc_cont=0.233
scf00000000:833508-835118|+ -            537 1064at2085           -            350   1.5e-13   45.8   0.2   2   2   0.00015    0.0033   11.8   0.0   174   231   460   514   440   535 0.72 scf00000000_658 # 833508 # 835118 # 1 # ID=1_658;partial=00;start_type=ATG;rbs_motif=AGGA;rbs_spacer=5-10bp;gc_cont=0.233
scf00000000:2171-3769|+     -            533 1064at2085           -            350   1.7e-12   42.4   7.6   1   3         3        65   -2.3   0.2   126   154   211   241   199   255 0.74 scf00000000_2 # 2171 # 3769 # 1 # ID=1_2;partial=00;start_type=ATG;rbs_motif=AGGAGG;rbs_spacer=5-10bp;gc_cont=0.256
scf00000000:2171-3769|+     -            533 1064at2085           -            350   1.7e-12   42.4   7.6   2   3   8.3e-10   1.8e-08   29.1   0.7     2    94   327   421   326   425 0.80 scf00000000_2 # 2171 # 3769 # 1 # ID=1_2;partial=00;start_type=ATG;rbs_motif=AGGAGG;rbs_spacer=5-10bp;gc_cont=0.256
scf00000000:2171-3769|+     -            533 1064at2085           -            350   1.7e-12   42.4   7.6   3   3   6.3e-06   0.00014   16.4   0.1   166   245   442   518   426   529 0.79 scf00000000_2 # 2171 # 3769 # 1 # ID=1_2;partial=00;start_type=ATG;rbs_motif=AGGAGG;rbs_spacer=5-10bp;gc_cont=0.256
scf00000000:191132-193171|+ -            680 1064at2085           -            350   1.6e-09   32.6   5.2   1   3       2.8        61   -2.2   0.1    68    86   113   131    81   146 0.68 scf00000000_167 # 191132 # 193171 # 1 # ID=1_167;partial=00;start_type=ATG;rbs_motif=None;rbs_spacer=None;gc_cont=0.248
scf00000000:191132-193171|+ -            680 1064at2085           -            350   1.6e-09   32.6   5.2   2   3   8.8e-06   0.00019   15.9   0.5     2    94   470   561   469   584 0.80 scf00000000_167 # 191132 # 193171 # 1 # ID=1_167;partial=00;start_type=ATG;rbs_motif=None;rbs_spacer=None;gc_cont=0.248
scf00000000:191132-193171|+ -            680 1064at2085           -            350   1.6e-09   32.6   5.2   3   3   2.4e-06   5.1e-05   17.8   0.1   165   239   589   661   568   666 0.88 scf00000000_167 # 191132 # 193171 # 1 # ID=1_167;partial=00;start_type=ATG;rbs_motif=None;rbs_spacer=None;gc_cont=0.248
#
# Program:         hmmsearch
# Version:         3.4 (Aug 2023)
# Pipeline mode:   SEARCH
# Query file:      /home/bryan/Documentos/GitHub/Project_doctoral/IMPLEMENTACAO/Genomes/M_hyopneumoniae/strains/MHP691/Use/busco_downloads/lineages/mycoplasmatales_odb10/hmms/1064at2085.hmm
# Target file:     /home/bryan/Documentos/GitHub/Project_doctoral/IMPLEMENTACAO/Genomes/M_hyopneumoniae/strains/MHP691/Use/busco_complete/prodigal_output/predicted_genes/predicted.faa
# Option settings: hmmsearch --domtblout /home/bryan/Documentos/GitHub/Project_doctoral/IMPLEMENTACAO/Genomes/M_hyopneumoniae/strains/MHP691/Use/busco_complete/run_mycoplasmatales_odb10/hmmer_output/1064at2085.out --cpu 1 /home/bryan/Documentos/GitHub/Project_doctoral/IMPLEMENTACAO/Genomes/M_hyopneumoniae/strains/MHP691/Use/busco_downloads/lineages/mycoplasmatales_odb10/hmms/1064at2085.hmm /home/bryan/Documentos/GitHub/Project_doctoral/IMPLEMENTACAO/Genomes/M_hyopneumoniae/strains/MHP691/Use/busco_complete/prodigal_output/predicted_genes/predicted.faa 
# Current dir:     /home/bryan/Documentos/GitHub/Project_doctoral/IMPLEMENTACAO/Genomes/M_hyopneumoniae/strains/MHP691/Use
# Date:            Sun Dec  1 19:14:56 2024
# [ok]
