#                                                                                   --- full sequence --- -------------- this domain -------------   hmm coord   ali coord   env coord
# target name               accession   tlen query name           accession   qlen   E-value  score  bias   #  of  c-Evalue  i-Evalue  score  bias  from    to  from    to  from    to  acc description of target
#       ------------------- ---------- ----- -------------------- ---------- ----- --------- ------ ----- --- --- --------- --------- ------ ----- ----- ----- ----- ----- ----- ----- ---- ---------------------
scf00000000:117732-119150|- -            473 148at2085            -            586  1.9e-179  593.2  10.4   1   2  3.3e-114  4.8e-112  370.7   2.9     1   181    11   193    11   217 0.95 scf00000000_90 # 117732 # 119150 # -1 # ID=1_90;partial=00;start_type=ATG;rbs_motif=AGGA;rbs_spacer=5-10bp;gc_cont=0.407
scf00000000:117732-119150|- -            473 148at2085            -            586  1.9e-179  593.2  10.4   2   2   5.5e-70   7.8e-68  224.7   0.9   173   336   220   403   204   411 0.83 scf00000000_90 # 117732 # 119150 # -1 # ID=1_90;partial=00;start_type=ATG;rbs_motif=AGGA;rbs_spacer=5-10bp;gc_cont=0.407
scf00000000:116911-117645|- -            245 148at2085            -            586    7e-106  350.3   0.4   1   1  6.6e-108  9.4e-106  349.9   0.4   381   579     1   221     1   238 0.90 scf00000000_89 # 116911 # 117645 # -1 # ID=1_89;partial=00;start_type=ATG;rbs_motif=None;rbs_spacer=None;gc_cont=0.395
scf00000000:113780-115576|+ -            599 148at2085            -            586   7.9e-42  138.8   0.2   1   3   3.4e-30   4.8e-28   93.3   0.1     1   150     7   153     7   164 0.92 scf00000000_87 # 113780 # 115576 # 1 # ID=1_87;partial=00;start_type=ATG;rbs_motif=None;rbs_spacer=None;gc_cont=0.343
scf00000000:113780-115576|+ -            599 148at2085            -            586   7.9e-42  138.8   0.2   2   3   1.6e-13   2.3e-11   38.2   0.0   218   415   163   375   154   381 0.75 scf00000000_87 # 113780 # 115576 # 1 # ID=1_87;partial=00;start_type=ATG;rbs_motif=None;rbs_spacer=None;gc_cont=0.343
scf00000000:113780-115576|+ -            599 148at2085            -            586   7.9e-42  138.8   0.2   3   3    0.0039      0.55    3.9   0.0   521   547   402   428   395   478 0.65 scf00000000_87 # 113780 # 115576 # 1 # ID=1_87;partial=00;start_type=ATG;rbs_motif=None;rbs_spacer=None;gc_cont=0.343
scf00000000:772823-774622|- -            600 148at2085            -            586   4.6e-18   60.3   0.9   1   2   3.2e-20   4.6e-18   60.3   0.9    31   135   120   230   115   244 0.82 scf00000000_617 # 772823 # 774622 # -1 # ID=1_617;partial=00;start_type=ATG;rbs_motif=GGAG/GAGG;rbs_spacer=5-10bp;gc_cont=0.351
scf00000000:772823-774622|- -            600 148at2085            -            586   4.6e-18   60.3   0.9   2   2      0.51        73   -3.1   0.1    44    70   378   404   368   457 0.69 scf00000000_617 # 772823 # 774622 # -1 # ID=1_617;partial=00;start_type=ATG;rbs_motif=GGAG/GAGG;rbs_spacer=5-10bp;gc_cont=0.351
scf00000000:707046-708254|- -            403 148at2085            -            586   2.1e-15   51.5   1.7   1   2   2.7e-17   3.9e-15   50.6   0.3     2   130    20   147    19   168 0.90 scf00000000_563 # 707046 # 708254 # -1 # ID=1_563;partial=00;start_type=ATG;rbs_motif=AGGA;rbs_spacer=5-10bp;gc_cont=0.401
scf00000000:707046-708254|- -            403 148at2085            -            586   2.1e-15   51.5   1.7   2   2      0.06       8.6   -0.0   0.1   220   326   195   303   148   317 0.66 scf00000000_563 # 707046 # 708254 # -1 # ID=1_563;partial=00;start_type=ATG;rbs_motif=AGGA;rbs_spacer=5-10bp;gc_cont=0.401
#
# Program:         hmmsearch
# Version:         3.4 (Aug 2023)
# Pipeline mode:   SEARCH
# Query file:      /home/bryan/Documentos/GitHub/Project_doctoral/IMPLEMENTACAO/Genomes/M_hyopneumoniae/strains/MHP691/Use/busco_downloads/lineages/mycoplasmatales_odb10/hmms/148at2085.hmm
# Target file:     /home/bryan/Documentos/GitHub/Project_doctoral/IMPLEMENTACAO/Genomes/M_hyopneumoniae/strains/MHP691/Use/busco_complete/prodigal_output/predicted_genes/predicted.faa
# Option settings: hmmsearch --domtblout /home/bryan/Documentos/GitHub/Project_doctoral/IMPLEMENTACAO/Genomes/M_hyopneumoniae/strains/MHP691/Use/busco_complete/run_mycoplasmatales_odb10/hmmer_output/148at2085.out --cpu 1 /home/bryan/Documentos/GitHub/Project_doctoral/IMPLEMENTACAO/Genomes/M_hyopneumoniae/strains/MHP691/Use/busco_downloads/lineages/mycoplasmatales_odb10/hmms/148at2085.hmm /home/bryan/Documentos/GitHub/Project_doctoral/IMPLEMENTACAO/Genomes/M_hyopneumoniae/strains/MHP691/Use/busco_complete/prodigal_output/predicted_genes/predicted.faa 
# Current dir:     /home/bryan/Documentos/GitHub/Project_doctoral/IMPLEMENTACAO/Genomes/M_hyopneumoniae/strains/MHP691/Use
# Date:            Sun Dec  1 19:14:58 2024
# [ok]
