#                                                                                   --- full sequence --- -------------- this domain -------------   hmm coord   ali coord   env coord
# target name               accession   tlen query name           accession   qlen   E-value  score  bias   #  of  c-Evalue  i-Evalue  score  bias  from    to  from    to  from    to  acc description of target
#       ------------------- ---------- ----- -------------------- ---------- ----- --------- ------ ----- --- --- --------- --------- ------ ----- ----- ----- ----- ----- ----- ----- ---- ---------------------
scf00000000:131974-132765|+ -            264 1679at2085           -            265   2.2e-79  261.8  12.3   1   1   2.3e-81   2.4e-79  261.7  12.3    12   256     1   255     1   263 0.91 scf00000000_102 # 131974 # 132765 # 1 # ID=1_102;partial=00;start_type=ATG;rbs_motif=None;rbs_spacer=None;gc_cont=0.270
scf00000000:111921-113222|+ -            434 1679at2085           -            265   4.9e-23   77.1  11.8   1   3   1.3e-11   1.3e-09   33.1   0.2   123   177     6    64     1    79 0.80 scf00000000_84 # 111921 # 113222 # 1 # ID=1_84;partial=00;start_type=ATG;rbs_motif=3Base/5BMM;rbs_spacer=13-15bp;gc_cont=0.294
scf00000000:111921-113222|+ -            434 1679at2085           -            265   4.9e-23   77.1  11.8   2   3   1.9e-12     2e-10   35.8   0.5    23   173    79   228    71   240 0.76 scf00000000_84 # 111921 # 113222 # 1 # ID=1_84;partial=00;start_type=ATG;rbs_motif=3Base/5BMM;rbs_spacer=13-15bp;gc_cont=0.294
scf00000000:111921-113222|+ -            434 1679at2085           -            265   4.9e-23   77.1  11.8   3   3   6.2e-06   0.00064   14.4   1.1    24   139   251   380   245   386 0.62 scf00000000_84 # 111921 # 113222 # 1 # ID=1_84;partial=00;start_type=ATG;rbs_motif=3Base/5BMM;rbs_spacer=13-15bp;gc_cont=0.294
scf00000000:598979-599575|- -            199 1679at2085           -            265   5.3e-13   44.2   5.5   1   2   7.4e-13   7.6e-11   37.1   0.1   123   172    41    91    32   109 0.90 scf00000000_488 # 598979 # 599575 # -1 # ID=1_488;partial=00;start_type=ATG;rbs_motif=None;rbs_spacer=None;gc_cont=0.298
scf00000000:598979-599575|- -            199 1679at2085           -            265   5.3e-13   44.2   5.5   2   2   0.00031     0.032    8.9   1.9    24    97   117   195   102   198 0.77 scf00000000_488 # 598979 # 599575 # -1 # ID=1_488;partial=00;start_type=ATG;rbs_motif=None;rbs_spacer=None;gc_cont=0.298
scf00000000:260838-262166|- -            443 1679at2085           -            265   1.2e-12   43.0  15.4   1   3      0.93        95   -2.5   0.1   231   258   137   164   114   170 0.58 scf00000000_233 # 260838 # 262166 # -1 # ID=1_233;partial=00;start_type=TTG;rbs_motif=AGGAG;rbs_spacer=5-10bp;gc_cont=0.316
scf00000000:260838-262166|- -            443 1679at2085           -            265   1.2e-12   43.0  15.4   2   3   1.2e-13   1.2e-11   39.8   0.2    97   174   194   275   185   287 0.79 scf00000000_233 # 260838 # 262166 # -1 # ID=1_233;partial=00;start_type=TTG;rbs_motif=AGGAG;rbs_spacer=5-10bp;gc_cont=0.316
scf00000000:260838-262166|- -            443 1679at2085           -            265   1.2e-12   43.0  15.4   3   3   0.00019      0.02    9.6   6.0    21   104   291   366   283   386 0.71 scf00000000_233 # 260838 # 262166 # -1 # ID=1_233;partial=00;start_type=TTG;rbs_motif=AGGAG;rbs_spacer=5-10bp;gc_cont=0.316
scf00000000:194398-195279|+ -            294 1679at2085           -            265   1.6e-10   36.1   9.5   1   2   1.8e-11   1.9e-09   32.6   0.3   119   175     6    66     2    84 0.78 scf00000000_171 # 194398 # 195279 # 1 # ID=1_171;partial=00;start_type=ATG;rbs_motif=None;rbs_spacer=None;gc_cont=0.290
scf00000000:194398-195279|+ -            294 1679at2085           -            265   1.6e-10   36.1   9.5   2   2    0.0013      0.13    6.8   4.0    47   103   108   169    77   190 0.77 scf00000000_171 # 194398 # 195279 # 1 # ID=1_171;partial=00;start_type=ATG;rbs_motif=None;rbs_spacer=None;gc_cont=0.290
scf00000000:74209-75468|+   -            420 1679at2085           -            265   6.8e-06   20.9  11.9   1   2   4.4e-07   4.4e-05   18.2   0.1   124   175   161   215   145   236 0.75 scf00000000_53 # 74209 # 75468 # 1 # ID=1_53;partial=00;start_type=ATG;rbs_motif=AGGA;rbs_spacer=5-10bp;gc_cont=0.310
scf00000000:74209-75468|+   -            420 1679at2085           -            265   6.8e-06   20.9  11.9   2   2     0.011       1.1    3.8   8.4    39   121   257   343   253   346 0.85 scf00000000_53 # 74209 # 75468 # 1 # ID=1_53;partial=00;start_type=ATG;rbs_motif=AGGA;rbs_spacer=5-10bp;gc_cont=0.310
scf00000000:367518-368621|- -            368 1679at2085           -            265   1.3e-05   20.0   0.1   1   1     3e-07   3.1e-05   18.8   0.1   119   155     2    37     1    47 0.85 scf00000000_314 # 367518 # 368621 # -1 # ID=1_314;partial=00;start_type=ATG;rbs_motif=None;rbs_spacer=None;gc_cont=0.300
#
# Program:         hmmsearch
# Version:         3.4 (Aug 2023)
# Pipeline mode:   SEARCH
# Query file:      /home/bryan/Documentos/GitHub/Project_doctoral/IMPLEMENTACAO/Genomes/M_hyopneumoniae/strains/MHP691/Use/busco_downloads/lineages/mycoplasmatales_odb10/hmms/1679at2085.hmm
# Target file:     /home/bryan/Documentos/GitHub/Project_doctoral/IMPLEMENTACAO/Genomes/M_hyopneumoniae/strains/MHP691/Use/busco_complete/prodigal_output/predicted_genes/predicted.faa
# Option settings: hmmsearch --domtblout /home/bryan/Documentos/GitHub/Project_doctoral/IMPLEMENTACAO/Genomes/M_hyopneumoniae/strains/MHP691/Use/busco_complete/run_mycoplasmatales_odb10/hmmer_output/1679at2085.out --cpu 1 /home/bryan/Documentos/GitHub/Project_doctoral/IMPLEMENTACAO/Genomes/M_hyopneumoniae/strains/MHP691/Use/busco_downloads/lineages/mycoplasmatales_odb10/hmms/1679at2085.hmm /home/bryan/Documentos/GitHub/Project_doctoral/IMPLEMENTACAO/Genomes/M_hyopneumoniae/strains/MHP691/Use/busco_complete/prodigal_output/predicted_genes/predicted.faa 
# Current dir:     /home/bryan/Documentos/GitHub/Project_doctoral/IMPLEMENTACAO/Genomes/M_hyopneumoniae/strains/MHP691/Use
# Date:            Sun Dec  1 19:14:58 2024
# [ok]
