#                                                                                   --- full sequence --- -------------- this domain -------------   hmm coord   ali coord   env coord
# target name               accession   tlen query name           accession   qlen   E-value  score  bias   #  of  c-Evalue  i-Evalue  score  bias  from    to  from    to  from    to  acc description of target
#       ------------------- ---------- ----- -------------------- ---------- ----- --------- ------ ----- --- --- --------- --------- ------ ----- ----- ----- ----- ----- ----- ----- ---- ---------------------
scf00000000:634455-635375|- -            307 2666at2085           -            250     1e-91  301.9   0.2   1   1   4.5e-93   5.3e-91  299.6   0.2     1   248     5   285     5   288 0.89 scf00000000_516 # 634455 # 635375 # -1 # ID=1_516;partial=00;start_type=ATG;rbs_motif=None;rbs_spacer=None;gc_cont=0.332
scf00000000:565076-565972|- -            299 2666at2085           -            250   7.8e-31  102.5   1.1   1   3   4.1e-15   4.9e-13   44.2   0.0     6    77    22    95    20   120 0.83 scf00000000_477 # 565076 # 565972 # -1 # ID=1_477;partial=00;start_type=ATG;rbs_motif=3Base/5BMM;rbs_spacer=13-15bp;gc_cont=0.312
scf00000000:565076-565972|- -            299 2666at2085           -            250   7.8e-31  102.5   1.1   2   3      0.24        28   -0.9   0.1   138   187   117   163    93   169 0.44 scf00000000_477 # 565076 # 565972 # -1 # ID=1_477;partial=00;start_type=ATG;rbs_motif=3Base/5BMM;rbs_spacer=13-15bp;gc_cont=0.312
scf00000000:565076-565972|- -            299 2666at2085           -            250   7.8e-31  102.5   1.1   3   3   8.7e-19     1e-16   56.2   0.3   133   241   183   296   163   298 0.83 scf00000000_477 # 565076 # 565972 # -1 # ID=1_477;partial=00;start_type=ATG;rbs_motif=3Base/5BMM;rbs_spacer=13-15bp;gc_cont=0.312
scf00000000:645315-646118|+ -            268 2666at2085           -            250   4.8e-25   83.5   4.4   1   2   1.3e-09   1.5e-07   26.2   0.1     2    70     2    69     1   122 0.88 scf00000000_524 # 645315 # 646118 # 1 # ID=1_524;partial=00;start_type=ATG;rbs_motif=None;rbs_spacer=None;gc_cont=0.299
scf00000000:645315-646118|+ -            268 2666at2085           -            250   4.8e-25   83.5   4.4   2   2   2.3e-19   2.7e-17   58.1   1.6   164   245   177   264   138   266 0.82 scf00000000_524 # 645315 # 646118 # 1 # ID=1_524;partial=00;start_type=ATG;rbs_motif=None;rbs_spacer=None;gc_cont=0.299
scf00000000:260019-260849|+ -            277 2666at2085           -            250   1.2e-21   72.4   4.6   1   1   5.5e-23   6.5e-21   70.0   4.6     3   246     2   272     1   274 0.73 scf00000000_232 # 260019 # 260849 # 1 # ID=1_232;partial=00;start_type=ATG;rbs_motif=AGGA;rbs_spacer=5-10bp;gc_cont=0.312
scf00000000:437527-438867|- -            447 2666at2085           -            250   1.4e-17   59.1   8.5   1   2   1.2e-19   1.4e-17   59.1   8.5     6   245     6   265     3   269 0.74 scf00000000_368 # 437527 # 438867 # -1 # ID=1_368;partial=00;start_type=ATG;rbs_motif=GGA/GAG/AGG;rbs_spacer=5-10bp;gc_cont=0.245
scf00000000:437527-438867|- -            447 2666at2085           -            250   1.4e-17   59.1   8.5   2   2     0.054       6.4    1.2   1.1   104   152   363   414   326   444 0.72 scf00000000_368 # 437527 # 438867 # -1 # ID=1_368;partial=00;start_type=ATG;rbs_motif=GGA/GAG/AGG;rbs_spacer=5-10bp;gc_cont=0.245
scf00000000:352237-353046|+ -            270 2666at2085           -            250   2.4e-17   58.3   3.6   1   2   1.6e-05    0.0019   12.8   0.1     4    79     5    80     2    94 0.80 scf00000000_298 # 352237 # 353046 # 1 # ID=1_298;partial=00;start_type=ATG;rbs_motif=None;rbs_spacer=None;gc_cont=0.295
scf00000000:352237-353046|+ -            270 2666at2085           -            250   2.4e-17   58.3   3.6   2   2     8e-16   9.5e-14   46.5   0.7   107   223   132   242   104   263 0.81 scf00000000_298 # 352237 # 353046 # 1 # ID=1_298;partial=00;start_type=ATG;rbs_motif=None;rbs_spacer=None;gc_cont=0.295
#
# Program:         hmmsearch
# Version:         3.4 (Aug 2023)
# Pipeline mode:   SEARCH
# Query file:      /home/bryan/Documentos/GitHub/Project_doctoral/IMPLEMENTACAO/Genomes/M_hyopneumoniae/strains/MHP691/Use/busco_downloads/lineages/mycoplasmatales_odb10/hmms/2666at2085.hmm
# Target file:     /home/bryan/Documentos/GitHub/Project_doctoral/IMPLEMENTACAO/Genomes/M_hyopneumoniae/strains/MHP691/Use/busco_complete/prodigal_output/predicted_genes/predicted.faa
# Option settings: hmmsearch --domtblout /home/bryan/Documentos/GitHub/Project_doctoral/IMPLEMENTACAO/Genomes/M_hyopneumoniae/strains/MHP691/Use/busco_complete/run_mycoplasmatales_odb10/hmmer_output/2666at2085.out --cpu 1 /home/bryan/Documentos/GitHub/Project_doctoral/IMPLEMENTACAO/Genomes/M_hyopneumoniae/strains/MHP691/Use/busco_downloads/lineages/mycoplasmatales_odb10/hmms/2666at2085.hmm /home/bryan/Documentos/GitHub/Project_doctoral/IMPLEMENTACAO/Genomes/M_hyopneumoniae/strains/MHP691/Use/busco_complete/prodigal_output/predicted_genes/predicted.faa 
# Current dir:     /home/bryan/Documentos/GitHub/Project_doctoral/IMPLEMENTACAO/Genomes/M_hyopneumoniae/strains/MHP691/Use
# Date:            Sun Dec  1 19:15:00 2024
# [ok]
