#                                                                                   --- full sequence --- -------------- this domain -------------   hmm coord   ali coord   env coord
# target name               accession   tlen query name           accession   qlen   E-value  score  bias   #  of  c-Evalue  i-Evalue  score  bias  from    to  from    to  from    to  acc description of target
#       ------------------- ---------- ----- -------------------- ---------- ----- --------- ------ ----- --- --- --------- --------- ------ ----- ----- ----- ----- ----- ----- ----- ---- ---------------------
scf00000000:598979-599575|- -            199 4324at2085           -            135     3e-41  136.0   3.2   1   1   7.5e-43   5.9e-41  135.0   3.2     2   134    24   190    23   191 0.79 scf00000000_488 # 598979 # 599575 # -1 # ID=1_488;partial=00;start_type=ATG;rbs_motif=None;rbs_spacer=None;gc_cont=0.298
scf00000000:111921-113222|+ -            434 4324at2085           -            135   2.3e-15   52.2   7.6   1   3   4.3e-10   3.5e-08   28.9   0.1    10    46     3    39     1   129 0.69 scf00000000_84 # 111921 # 113222 # 1 # ID=1_84;partial=00;start_type=ATG;rbs_motif=3Base/5BMM;rbs_spacer=13-15bp;gc_cont=0.294
scf00000000:111921-113222|+ -            434 4324at2085           -            135   2.3e-15   52.2   7.6   2   3   5.8e-09   4.6e-07   25.3   0.2    11    60   172   228   162   313 0.64 scf00000000_84 # 111921 # 113222 # 1 # ID=1_84;partial=00;start_type=ATG;rbs_motif=3Base/5BMM;rbs_spacer=13-15bp;gc_cont=0.294
scf00000000:111921-113222|+ -            434 4324at2085           -            135   2.3e-15   52.2   7.6   3   3      0.52        42   -0.5   0.4    25    82   353   412   334   421 0.72 scf00000000_84 # 111921 # 113222 # 1 # ID=1_84;partial=00;start_type=ATG;rbs_motif=3Base/5BMM;rbs_spacer=13-15bp;gc_cont=0.294
scf00000000:260838-262166|- -            443 4324at2085           -            135   6.3e-08   28.1   4.4   1   2       4.7   3.7e+02   -3.5   0.0    27    49    93   115    88   124 0.63 scf00000000_233 # 260838 # 262166 # -1 # ID=1_233;partial=00;start_type=TTG;rbs_motif=AGGAG;rbs_spacer=5-10bp;gc_cont=0.316
scf00000000:260838-262166|- -            443 4324at2085           -            135   6.3e-08   28.1   4.4   2   2   1.4e-09   1.1e-07   27.3   2.5    11   129   218   350   214   358 0.68 scf00000000_233 # 260838 # 262166 # -1 # ID=1_233;partial=00;start_type=TTG;rbs_motif=AGGAG;rbs_spacer=5-10bp;gc_cont=0.316
scf00000000:131974-132765|+ -            264 4324at2085           -            135     8e-08   27.8  10.8   1   3     0.025         2    3.8   1.0   100   124    42    66    11    72 0.72 scf00000000_102 # 131974 # 132765 # 1 # ID=1_102;partial=00;start_type=ATG;rbs_motif=None;rbs_spacer=None;gc_cont=0.270
scf00000000:131974-132765|+ -            264 4324at2085           -            135     8e-08   27.8  10.8   2   3      0.54        43   -0.5   0.4    74   119    62   104    55   111 0.58 scf00000000_102 # 131974 # 132765 # 1 # ID=1_102;partial=00;start_type=ATG;rbs_motif=None;rbs_spacer=None;gc_cont=0.270
scf00000000:131974-132765|+ -            264 4324at2085           -            135     8e-08   27.8  10.8   3   3   1.5e-09   1.2e-07   27.2   1.2    11    89   112   194   103   238 0.73 scf00000000_102 # 131974 # 132765 # 1 # ID=1_102;partial=00;start_type=ATG;rbs_motif=None;rbs_spacer=None;gc_cont=0.270
scf00000000:194398-195279|+ -            294 4324at2085           -            135   1.2e-06   23.9   3.4   1   1   4.1e-08   3.2e-06   22.6   3.4    12   115     9   129     3   141 0.63 scf00000000_171 # 194398 # 195279 # 1 # ID=1_171;partial=00;start_type=ATG;rbs_motif=None;rbs_spacer=None;gc_cont=0.290
scf00000000:197600-198457|+ -            286 4324at2085           -            135   4.6e-06   22.1   1.8   1   2       0.6        48   -0.7   0.2    96   117    99   120    87   142 0.60 scf00000000_175 # 197600 # 198457 # 1 # ID=1_175;partial=00;start_type=ATG;rbs_motif=3Base/5BMM;rbs_spacer=13-15bp;gc_cont=0.276
scf00000000:197600-198457|+ -            286 4324at2085           -            135   4.6e-06   22.1   1.8   2   2   1.1e-07   8.5e-06   21.2   0.1    13    77   156   232   150   252 0.76 scf00000000_175 # 197600 # 198457 # 1 # ID=1_175;partial=00;start_type=ATG;rbs_motif=3Base/5BMM;rbs_spacer=13-15bp;gc_cont=0.276
scf00000000:772823-774622|- -            600 4324at2085           -            135   0.00037   15.9   0.1   1   3       1.3     1e+02   -1.7   0.1    77   115    30    68    16    78 0.77 scf00000000_617 # 772823 # 774622 # -1 # ID=1_617;partial=00;start_type=ATG;rbs_motif=GGAG/GAGG;rbs_spacer=5-10bp;gc_cont=0.351
scf00000000:772823-774622|- -            600 4324at2085           -            135   0.00037   15.9   0.1   2   3   4.7e-06   0.00037   15.9   0.1    12   123   116   236   112   245 0.79 scf00000000_617 # 772823 # 774622 # -1 # ID=1_617;partial=00;start_type=ATG;rbs_motif=GGAG/GAGG;rbs_spacer=5-10bp;gc_cont=0.351
scf00000000:772823-774622|- -            600 4324at2085           -            135   0.00037   15.9   0.1   3   3       2.5     2e+02   -2.7   0.1    90   116   468   494   448   500 0.74 scf00000000_617 # 772823 # 774622 # -1 # ID=1_617;partial=00;start_type=ATG;rbs_motif=GGAG/GAGG;rbs_spacer=5-10bp;gc_cont=0.351
scf00000000:74209-75468|+   -            420 4324at2085           -            135   0.00038   15.9   2.4   1   2   6.7e-06   0.00053   15.4   0.2    10   121   157   273   152   282 0.79 scf00000000_53 # 74209 # 75468 # 1 # ID=1_53;partial=00;start_type=ATG;rbs_motif=AGGA;rbs_spacer=5-10bp;gc_cont=0.310
scf00000000:74209-75468|+   -            420 4324at2085           -            135   0.00038   15.9   2.4   2   2      0.54        43   -0.5   0.1    33   103   300   370   293   384 0.73 scf00000000_53 # 74209 # 75468 # 1 # ID=1_53;partial=00;start_type=ATG;rbs_motif=AGGA;rbs_spacer=5-10bp;gc_cont=0.310
scf00000000:136609-139452|- -            948 4324at2085           -            135    0.0043   12.4   1.9   1   2     0.085       6.7    2.1   0.0    10    29    32    52    24    59 0.80 scf00000000_108 # 136609 # 139452 # -1 # ID=1_108;partial=00;start_type=ATG;rbs_motif=None;rbs_spacer=None;gc_cont=0.327
scf00000000:136609-139452|- -            948 4324at2085           -            135    0.0043   12.4   1.9   2   2    0.0016      0.13    7.7   0.4    12    36   641   665   637   676 0.89 scf00000000_108 # 136609 # 139452 # -1 # ID=1_108;partial=00;start_type=ATG;rbs_motif=None;rbs_spacer=None;gc_cont=0.327
#
# Program:         hmmsearch
# Version:         3.4 (Aug 2023)
# Pipeline mode:   SEARCH
# Query file:      /home/bryan/Documentos/GitHub/Project_doctoral/IMPLEMENTACAO/Genomes/M_hyopneumoniae/strains/MHP691/Use/busco_downloads/lineages/mycoplasmatales_odb10/hmms/4324at2085.hmm
# Target file:     /home/bryan/Documentos/GitHub/Project_doctoral/IMPLEMENTACAO/Genomes/M_hyopneumoniae/strains/MHP691/Use/busco_complete/prodigal_output/predicted_genes/predicted.faa
# Option settings: hmmsearch --domtblout /home/bryan/Documentos/GitHub/Project_doctoral/IMPLEMENTACAO/Genomes/M_hyopneumoniae/strains/MHP691/Use/busco_complete/run_mycoplasmatales_odb10/hmmer_output/4324at2085.out --cpu 1 /home/bryan/Documentos/GitHub/Project_doctoral/IMPLEMENTACAO/Genomes/M_hyopneumoniae/strains/MHP691/Use/busco_downloads/lineages/mycoplasmatales_odb10/hmms/4324at2085.hmm /home/bryan/Documentos/GitHub/Project_doctoral/IMPLEMENTACAO/Genomes/M_hyopneumoniae/strains/MHP691/Use/busco_complete/prodigal_output/predicted_genes/predicted.faa 
# Current dir:     /home/bryan/Documentos/GitHub/Project_doctoral/IMPLEMENTACAO/Genomes/M_hyopneumoniae/strains/MHP691/Use
# Date:            Sun Dec  1 19:15:02 2024
# [ok]
