#                                                                                     --- full sequence --- -------------- this domain -------------   hmm coord   ali coord   env coord
# target name                 accession   tlen query name           accession   qlen   E-value  score  bias   #  of  c-Evalue  i-Evalue  score  bias  from    to  from    to  from    to  acc description of target
#         ------------------- ---------- ----- -------------------- ---------- ----- --------- ------ ----- --- --- --------- --------- ------ ----- ----- ----- ----- ----- ----- ----- ---- ---------------------
NZ_CP038641.1:90456-91757|+   -            434 1140at2085           -            348  2.3e-118  390.5  11.7   1   1  3.8e-120  4.7e-118  389.4  11.7     1   346     5   429     5   431 0.85 NZ_CP038641.1_72 # 90456 # 91757 # 1 # ID=1_72;partial=00;start_type=ATG;rbs_motif=None;rbs_spacer=None;gc_cont=0.290
NZ_CP038641.1:242307-243635|- -            443 1140at2085           -            348   9.6e-23   76.0   4.8   1   1   2.5e-24   3.2e-22   74.3   4.8   130   303   217   391   210   399 0.78 NZ_CP038641.1_217 # 242307 # 243635 # -1 # ID=1_217;partial=00;start_type=TTG;rbs_motif=AGGAG;rbs_spacer=5-10bp;gc_cont=0.317
NZ_CP038641.1:193418-194299|- -            294 1140at2085           -            348   5.3e-13   43.9   1.8   1   1   8.4e-15     1e-12   43.0   1.3     1   103     9   124     9   136 0.76 NZ_CP038641.1_158 # 193418 # 194299 # -1 # ID=1_158;partial=00;start_type=ATG;rbs_motif=None;rbs_spacer=None;gc_cont=0.290
NZ_CP038641.1:110364-111155|+ -            264 1140at2085           -            348   1.3e-09   32.8   5.5   1   2   0.00078     0.097    6.9   2.5   213   275    35   100     3   109 0.65 NZ_CP038641.1_89 # 110364 # 111155 # 1 # ID=1_89;partial=00;start_type=ATG;rbs_motif=GGA/GAG/AGG;rbs_spacer=3-4bp;gc_cont=0.268
NZ_CP038641.1:110364-111155|+ -            264 1140at2085           -            348   1.3e-09   32.8   5.5   2   2   7.4e-10   9.2e-08   26.7   0.1     3    60   115   173   113   193 0.85 NZ_CP038641.1_89 # 110364 # 111155 # 1 # ID=1_89;partial=00;start_type=ATG;rbs_motif=GGA/GAG/AGG;rbs_spacer=3-4bp;gc_cont=0.268
NZ_CP038641.1:628064-628594|- -            177 1140at2085           -            348   1.2e-07   26.4   2.9   1   1   1.1e-08   1.3e-06   22.9   2.9   132   271    18   173    12   176 0.46 NZ_CP038641.1_513 # 628064 # 628594 # -1 # ID=1_513;partial=00;start_type=GTG;rbs_motif=GGA/GAG/AGG;rbs_spacer=3-4bp;gc_cont=0.307
NZ_CP038641.1:190239-191096|- -            286 1140at2085           -            348   0.00023   15.5   7.6   1   2    0.0027      0.34    5.1   1.1   181   237    61   120    43   155 0.72 NZ_CP038641.1_154 # 190239 # 191096 # -1 # ID=1_154;partial=00;start_type=ATG;rbs_motif=None;rbs_spacer=None;gc_cont=0.279
NZ_CP038641.1:190239-191096|- -            286 1140at2085           -            348   0.00023   15.5   7.6   2   2   5.2e-06   0.00064   14.1   0.7     3    61   157   223   154   231 0.71 NZ_CP038641.1_154 # 190239 # 191096 # -1 # ID=1_154;partial=00;start_type=ATG;rbs_motif=None;rbs_spacer=None;gc_cont=0.279
#
# Program:         hmmsearch
# Version:         3.4 (Aug 2023)
# Pipeline mode:   SEARCH
# Query file:      /home/lgef/Documentos/GitHub/Project_doctoral/IMPLEMENTACAO/Genomes/M_hyopneumoniae/MHP_ncbi_dataset/ncbi_dataset/data/strains/ES2/Use/busco_downloads/lineages/mycoplasmatales_odb10/hmms/1140at2085.hmm
# Target file:     /home/lgef/Documentos/GitHub/Project_doctoral/IMPLEMENTACAO/Genomes/M_hyopneumoniae/MHP_ncbi_dataset/ncbi_dataset/data/strains/ES2/Use/busco_complete/prodigal_output/predicted_genes/predicted.faa
# Option settings: hmmsearch --domtblout /home/lgef/Documentos/GitHub/Project_doctoral/IMPLEMENTACAO/Genomes/M_hyopneumoniae/MHP_ncbi_dataset/ncbi_dataset/data/strains/ES2/Use/busco_complete/run_mycoplasmatales_odb10/hmmer_output/1140at2085.out --cpu 1 /home/lgef/Documentos/GitHub/Project_doctoral/IMPLEMENTACAO/Genomes/M_hyopneumoniae/MHP_ncbi_dataset/ncbi_dataset/data/strains/ES2/Use/busco_downloads/lineages/mycoplasmatales_odb10/hmms/1140at2085.hmm /home/lgef/Documentos/GitHub/Project_doctoral/IMPLEMENTACAO/Genomes/M_hyopneumoniae/MHP_ncbi_dataset/ncbi_dataset/data/strains/ES2/Use/busco_complete/prodigal_output/predicted_genes/predicted.faa 
# Current dir:     /home/lgef/Documentos/GitHub/Project_doctoral/IMPLEMENTACAO/Genomes/M_hyopneumoniae/MHP_ncbi_dataset/ncbi_dataset/data/strains/ES2/Use
# Date:            Thu Nov 28 19:20:12 2024
# [ok]
