#                                                                                     --- full sequence --- -------------- this domain -------------   hmm coord   ali coord   env coord
# target name                 accession   tlen query name           accession   qlen   E-value  score  bias   #  of  c-Evalue  i-Evalue  score  bias  from    to  from    to  from    to  acc description of target
#         ------------------- ---------- ----- -------------------- ---------- ----- --------- ------ ----- --- --- --------- --------- ------ ----- ----- ----- ----- ----- ----- ----- ---- ---------------------
NZ_CP038641.1:242307-243635|- -            443 1338at2085           -            333    1e-109  362.2  27.5   1   2  4.6e-104  4.9e-102  336.9  23.9     1   318     4   357     4   394 0.78 NZ_CP038641.1_217 # 242307 # 243635 # -1 # ID=1_217;partial=00;start_type=TTG;rbs_motif=AGGAG;rbs_spacer=5-10bp;gc_cont=0.317
NZ_CP038641.1:242307-243635|- -            443 1338at2085           -            333    1e-109  362.2  27.5   2   2   4.5e-08   4.9e-06   21.3   0.1   300   333   405   442   396   442 0.87 NZ_CP038641.1_217 # 242307 # 243635 # -1 # ID=1_217;partial=00;start_type=TTG;rbs_motif=AGGAG;rbs_spacer=5-10bp;gc_cont=0.317
NZ_CP038641.1:90456-91757|+   -            434 1338at2085           -            333   6.3e-40  132.7   5.4   1   2   8.8e-18   9.4e-16   53.3   1.0   179   329     5   160     2   162 0.84 NZ_CP038641.1_72 # 90456 # 91757 # 1 # ID=1_72;partial=00;start_type=ATG;rbs_motif=None;rbs_spacer=None;gc_cont=0.290
NZ_CP038641.1:90456-91757|+   -            434 1338at2085           -            333   6.3e-40  132.7   5.4   2   2     3e-26   3.2e-24   81.1   0.1   176   266   170   264   149   340 0.76 NZ_CP038641.1_72 # 90456 # 91757 # 1 # ID=1_72;partial=00;start_type=ATG;rbs_motif=None;rbs_spacer=None;gc_cont=0.290
NZ_CP038641.1:193418-194299|- -            294 1338at2085           -            333   7.5e-15   50.3   1.2   1   1   1.2e-16   1.3e-14   49.6   1.2   174   267     4    98     1   141 0.78 NZ_CP038641.1_158 # 193418 # 194299 # -1 # ID=1_158;partial=00;start_type=ATG;rbs_motif=None;rbs_spacer=None;gc_cont=0.290
NZ_CP038641.1:110364-111155|+ -            264 1338at2085           -            333   4.9e-10   34.5   0.2   1   2      0.43        47   -1.6   0.1   255   281    15    39     2    68 0.49 NZ_CP038641.1_89 # 110364 # 111155 # 1 # ID=1_89;partial=00;start_type=ATG;rbs_motif=GGA/GAG/AGG;rbs_spacer=3-4bp;gc_cont=0.268
NZ_CP038641.1:110364-111155|+ -            264 1338at2085           -            333   4.9e-10   34.5   0.2   2   2   1.7e-11   1.8e-09   32.6   0.0   151   234    80   164    60   180 0.79 NZ_CP038641.1_89 # 110364 # 111155 # 1 # ID=1_89;partial=00;start_type=ATG;rbs_motif=GGA/GAG/AGG;rbs_spacer=3-4bp;gc_cont=0.268
NZ_CP038641.1:628064-628594|- -            177 1338at2085           -            333   7.7e-07   24.0   0.5   1   2   2.5e-08   2.7e-06   22.2   0.0   171   212    10    51     1    69 0.86 NZ_CP038641.1_513 # 628064 # 628594 # -1 # ID=1_513;partial=00;start_type=GTG;rbs_motif=GGA/GAG/AGG;rbs_spacer=3-4bp;gc_cont=0.307
NZ_CP038641.1:628064-628594|- -            177 1338at2085           -            333   7.7e-07   24.0   0.5   2   2      0.14        15    0.0   0.2    43    86    83   127    72   174 0.44 NZ_CP038641.1_513 # 628064 # 628594 # -1 # ID=1_513;partial=00;start_type=GTG;rbs_motif=GGA/GAG/AGG;rbs_spacer=3-4bp;gc_cont=0.307
NZ_CP038641.1:53022-54281|+   -            420 1338at2085           -            333   9.7e-06   20.4   0.2   1   1     2e-07   2.2e-05   19.2   0.0   178   307   158   288   150   297 0.76 NZ_CP038641.1_40 # 53022 # 54281 # 1 # ID=1_40;partial=00;start_type=ATG;rbs_motif=AGGA;rbs_spacer=5-10bp;gc_cont=0.311
NZ_CP038641.1:355236-356339|- -            368 1338at2085           -            333     9e-05   17.2   0.9   1   1   1.7e-05    0.0018   12.9   0.9   177   283     3   128     1   156 0.59 NZ_CP038641.1_303 # 355236 # 356339 # -1 # ID=1_303;partial=00;start_type=ATG;rbs_motif=None;rbs_spacer=None;gc_cont=0.299
#
# Program:         hmmsearch
# Version:         3.4 (Aug 2023)
# Pipeline mode:   SEARCH
# Query file:      /home/lgef/Documentos/GitHub/Project_doctoral/IMPLEMENTACAO/Genomes/M_hyopneumoniae/MHP_ncbi_dataset/ncbi_dataset/data/strains/ES2/Use/busco_downloads/lineages/mycoplasmatales_odb10/hmms/1338at2085.hmm
# Target file:     /home/lgef/Documentos/GitHub/Project_doctoral/IMPLEMENTACAO/Genomes/M_hyopneumoniae/MHP_ncbi_dataset/ncbi_dataset/data/strains/ES2/Use/busco_complete/prodigal_output/predicted_genes/predicted.faa
# Option settings: hmmsearch --domtblout /home/lgef/Documentos/GitHub/Project_doctoral/IMPLEMENTACAO/Genomes/M_hyopneumoniae/MHP_ncbi_dataset/ncbi_dataset/data/strains/ES2/Use/busco_complete/run_mycoplasmatales_odb10/hmmer_output/1338at2085.out --cpu 1 /home/lgef/Documentos/GitHub/Project_doctoral/IMPLEMENTACAO/Genomes/M_hyopneumoniae/MHP_ncbi_dataset/ncbi_dataset/data/strains/ES2/Use/busco_downloads/lineages/mycoplasmatales_odb10/hmms/1338at2085.hmm /home/lgef/Documentos/GitHub/Project_doctoral/IMPLEMENTACAO/Genomes/M_hyopneumoniae/MHP_ncbi_dataset/ncbi_dataset/data/strains/ES2/Use/busco_complete/prodigal_output/predicted_genes/predicted.faa 
# Current dir:     /home/lgef/Documentos/GitHub/Project_doctoral/IMPLEMENTACAO/Genomes/M_hyopneumoniae/MHP_ncbi_dataset/ncbi_dataset/data/strains/ES2/Use
# Date:            Thu Nov 28 19:20:13 2024
# [ok]
