#                                                                                     --- full sequence --- -------------- this domain -------------   hmm coord   ali coord   env coord
# target name                 accession   tlen query name           accession   qlen   E-value  score  bias   #  of  c-Evalue  i-Evalue  score  bias  from    to  from    to  from    to  acc description of target
#         ------------------- ---------- ----- -------------------- ---------- ----- --------- ------ ----- --- --- --------- --------- ------ ----- ----- ----- ----- ----- ----- ----- ---- ---------------------
NZ_CP038641.1:195526-197565|- -            680 1371at2085           -            438   1.2e-84  279.9 108.2   1   5     2e-32   1.2e-30  102.0   7.3     1   103    21   133    21   135 0.93 NZ_CP038641.1_162 # 195526 # 197565 # -1 # ID=1_162;partial=00;start_type=ATG;rbs_motif=None;rbs_spacer=None;gc_cont=0.248
NZ_CP038641.1:195526-197565|- -            680 1371at2085           -            438   1.2e-84  279.9 108.2   2   5     3e-27   1.7e-25   85.0  34.7   102   261   158   335   144   348 0.83 NZ_CP038641.1_162 # 195526 # 197565 # -1 # ID=1_162;partial=00;start_type=ATG;rbs_motif=None;rbs_spacer=None;gc_cont=0.248
NZ_CP038641.1:195526-197565|- -            680 1371at2085           -            438   1.2e-84  279.9 108.2   3   5      0.75        43   -2.0   6.9   161   228   339   406   331   407 0.73 NZ_CP038641.1_162 # 195526 # 197565 # -1 # ID=1_162;partial=00;start_type=ATG;rbs_motif=None;rbs_spacer=None;gc_cont=0.248
NZ_CP038641.1:195526-197565|- -            680 1371at2085           -            438   1.2e-84  279.9 108.2   4   5   1.5e-08   8.7e-07   23.3  19.9   269   372   408   552   405   559 0.75 NZ_CP038641.1_162 # 195526 # 197565 # -1 # ID=1_162;partial=00;start_type=ATG;rbs_motif=None;rbs_spacer=None;gc_cont=0.248
NZ_CP038641.1:195526-197565|- -            680 1371at2085           -            438   1.2e-84  279.9 108.2   5   5   4.3e-28   2.5e-26   87.8  11.6   349   438   573   663   567   663 0.83 NZ_CP038641.1_162 # 195526 # 197565 # -1 # ID=1_162;partial=00;start_type=ATG;rbs_motif=None;rbs_spacer=None;gc_cont=0.248
NZ_CP038641.1:347354-348052|- -            233 1371at2085           -            438   9.3e-12   39.7   9.4   1   2      0.22        13   -0.3   0.1   333   345    38    50    22    53 0.88 NZ_CP038641.1_297 # 347354 # 348052 # -1 # ID=1_297;partial=00;start_type=ATG;rbs_motif=None;rbs_spacer=None;gc_cont=0.263
NZ_CP038641.1:347354-348052|- -            233 1371at2085           -            438   9.3e-12   39.7   9.4   2   2   1.6e-13   9.3e-12   39.7   9.4   350   437    99   187    76   188 0.90 NZ_CP038641.1_297 # 347354 # 348052 # -1 # ID=1_297;partial=00;start_type=ATG;rbs_motif=None;rbs_spacer=None;gc_cont=0.263
NZ_CP038641.1:277013-278542|+ -            510 1371at2085           -            438   3.8e-10   34.4   7.7   1   3   2.5e-08   1.4e-06   22.6   0.7   377   431   151   206   148   213 0.87 NZ_CP038641.1_239 # 277013 # 278542 # 1 # ID=1_239;partial=00;start_type=TTG;rbs_motif=GGAGG;rbs_spacer=5-10bp;gc_cont=0.324
NZ_CP038641.1:277013-278542|+ -            510 1371at2085           -            438   3.8e-10   34.4   7.7   2   3      0.55        32   -1.6   1.3   279   313   363   397   360   403 0.68 NZ_CP038641.1_239 # 277013 # 278542 # 1 # ID=1_239;partial=00;start_type=TTG;rbs_motif=GGAGG;rbs_spacer=5-10bp;gc_cont=0.324
NZ_CP038641.1:277013-278542|+ -            510 1371at2085           -            438   3.8e-10   34.4   7.7   3   3   1.3e-05   0.00074   13.7   0.0   377   432   409   465   400   470 0.91 NZ_CP038641.1_239 # 277013 # 278542 # 1 # ID=1_239;partial=00;start_type=TTG;rbs_motif=GGAGG;rbs_spacer=5-10bp;gc_cont=0.324
NZ_CP038641.1:655245-655961|- -            239 1371at2085           -            438   5.2e-10   34.0   2.6   1   2     0.033       1.9    2.4   1.2   333   374    43    90     6    95 0.76 NZ_CP038641.1_534 # 655245 # 655961 # -1 # ID=1_534;partial=00;start_type=ATG;rbs_motif=AGGA;rbs_spacer=5-10bp;gc_cont=0.266
NZ_CP038641.1:655245-655961|- -            239 1371at2085           -            438   5.2e-10   34.0   2.6   2   2   9.1e-12   5.2e-10   34.0   2.6   374   435   131   194   111   196 0.83 NZ_CP038641.1_534 # 655245 # 655961 # -1 # ID=1_534;partial=00;start_type=ATG;rbs_motif=AGGA;rbs_spacer=5-10bp;gc_cont=0.266
NZ_CP038641.1:720962-722500|+ -            513 1371at2085           -            438     4e-08   27.8  21.4   1   4      0.13       7.2    0.5   0.1   333   344    43    54     9    56 0.94 NZ_CP038641.1_581 # 720962 # 722500 # 1 # ID=1_581;partial=00;start_type=TTG;rbs_motif=AGGA;rbs_spacer=5-10bp;gc_cont=0.319
NZ_CP038641.1:720962-722500|+ -            513 1371at2085           -            438     4e-08   27.8  21.4   2   4   1.6e-07   9.1e-06   20.0   0.5   378   436   144   204   136   206 0.90 NZ_CP038641.1_581 # 720962 # 722500 # 1 # ID=1_581;partial=00;start_type=TTG;rbs_motif=AGGA;rbs_spacer=5-10bp;gc_cont=0.319
NZ_CP038641.1:720962-722500|+ -            513 1371at2085           -            438     4e-08   27.8  21.4   3   4      0.13       7.2    0.5   5.7   274   324   356   406   324   407 0.82 NZ_CP038641.1_581 # 720962 # 722500 # 1 # ID=1_581;partial=00;start_type=TTG;rbs_motif=AGGA;rbs_spacer=5-10bp;gc_cont=0.319
NZ_CP038641.1:720962-722500|+ -            513 1371at2085           -            438     4e-08   27.8  21.4   4   4   6.7e-05    0.0039   11.3  10.3   338   431   372   465   359   471 0.74 NZ_CP038641.1_581 # 720962 # 722500 # 1 # ID=1_581;partial=00;start_type=TTG;rbs_motif=AGGA;rbs_spacer=5-10bp;gc_cont=0.319
NZ_CP038641.1:631068-631964|- -            299 1371at2085           -            438     4e-08   27.7   0.1   1   3       1.4        83   -3.0   0.2   162   212    27    77    13    81 0.66 NZ_CP038641.1_517 # 631068 # 631964 # -1 # ID=1_517;partial=00;start_type=GTG;rbs_motif=AGGAG;rbs_spacer=5-10bp;gc_cont=0.350
NZ_CP038641.1:631068-631964|- -            299 1371at2085           -            438     4e-08   27.7   0.1   2   3       0.2        12   -0.1   0.2   333   356   101   130    94   156 0.68 NZ_CP038641.1_517 # 631068 # 631964 # -1 # ID=1_517;partial=00;start_type=GTG;rbs_motif=AGGAG;rbs_spacer=5-10bp;gc_cont=0.350
NZ_CP038641.1:631068-631964|- -            299 1371at2085           -            438     4e-08   27.7   0.1   3   3     7e-10     4e-08   27.7   0.1   369   435   189   258   138   261 0.83 NZ_CP038641.1_517 # 631068 # 631964 # -1 # ID=1_517;partial=00;start_type=GTG;rbs_motif=AGGAG;rbs_spacer=5-10bp;gc_cont=0.350
NZ_CP038641.1:475474-476244|+ -            257 1371at2085           -            438   4.8e-08   27.5   0.7   1   2   8.4e-10   4.8e-08   27.5   0.7   370   435   145   213   136   216 0.83 NZ_CP038641.1_395 # 475474 # 476244 # 1 # ID=1_395;partial=00;start_type=ATG;rbs_motif=None;rbs_spacer=None;gc_cont=0.267
NZ_CP038641.1:475474-476244|+ -            257 1371at2085           -            438   4.8e-08   27.5   0.7   2   2     0.034         2    2.4   1.1   234   273   207   246   205   250 0.87 NZ_CP038641.1_395 # 475474 # 476244 # 1 # ID=1_395;partial=00;start_type=ATG;rbs_motif=None;rbs_spacer=None;gc_cont=0.267
NZ_CP038641.1:314797-315615|+ -            273 1371at2085           -            438     3e-07   24.9   5.2   1   2     0.053         3    1.8   1.7   318   354    27    68     1    93 0.55 NZ_CP038641.1_271 # 314797 # 315615 # 1 # ID=1_271;partial=00;start_type=ATG;rbs_motif=GGA/GAG/AGG;rbs_spacer=5-10bp;gc_cont=0.306
NZ_CP038641.1:314797-315615|+ -            273 1371at2085           -            438     3e-07   24.9   5.2   2   2   1.3e-08   7.7e-07   23.5   0.1   367   436   126   198   107   199 0.86 NZ_CP038641.1_271 # 314797 # 315615 # 1 # ID=1_271;partial=00;start_type=ATG;rbs_motif=GGA/GAG/AGG;rbs_spacer=5-10bp;gc_cont=0.306
NZ_CP038641.1:881786-883396|+ -            537 1371at2085           -            438   6.4e-07   23.8   7.3   1   1   1.1e-08   6.4e-07   23.8   7.3   374   434   460   521   423   524 0.74 NZ_CP038641.1_698 # 881786 # 883396 # 1 # ID=1_698;partial=00;start_type=ATG;rbs_motif=GGA/GAG/AGG;rbs_spacer=5-10bp;gc_cont=0.186
NZ_CP038641.1:761810-763144|- -            445 1371at2085           -            438   2.2e-06   22.0   0.2   1   4    0.0066      0.38    4.7   0.0   333   358    47    78    44    91 0.84 NZ_CP038641.1_612 # 761810 # 763144 # -1 # ID=1_612;partial=00;start_type=ATG;rbs_motif=GGA/GAG/AGG;rbs_spacer=11-12bp;gc_cont=0.300
NZ_CP038641.1:761810-763144|- -            445 1371at2085           -            438   2.2e-06   22.0   0.2   2   4       2.8   1.6e+02   -3.9   2.2   152   182   127   158   122   169 0.68 NZ_CP038641.1_612 # 761810 # 763144 # -1 # ID=1_612;partial=00;start_type=ATG;rbs_motif=GGA/GAG/AGG;rbs_spacer=11-12bp;gc_cont=0.300
NZ_CP038641.1:761810-763144|- -            445 1371at2085           -            438   2.2e-06   22.0   0.2   3   4   3.8e-08   2.2e-06   22.0   0.2   376   436   229   292   201   293 0.82 NZ_CP038641.1_612 # 761810 # 763144 # -1 # ID=1_612;partial=00;start_type=ATG;rbs_motif=GGA/GAG/AGG;rbs_spacer=11-12bp;gc_cont=0.300
NZ_CP038641.1:761810-763144|- -            445 1371at2085           -            438   2.2e-06   22.0   0.2   4   4       1.3        72   -2.8   0.2   343   372   405   434   396   436 0.81 NZ_CP038641.1_612 # 761810 # 763144 # -1 # ID=1_612;partial=00;start_type=ATG;rbs_motif=GGA/GAG/AGG;rbs_spacer=11-12bp;gc_cont=0.300
NZ_CP038641.1:875096-876706|+ -            537 1371at2085           -            438   1.2e-05   19.6   0.4   1   2       6.5   3.7e+02   -5.1  58.6    97   314    20   247     5   266 0.67 NZ_CP038641.1_695 # 875096 # 876706 # 1 # ID=1_695;partial=00;start_type=ATG;rbs_motif=AGGA;rbs_spacer=5-10bp;gc_cont=0.234
NZ_CP038641.1:875096-876706|+ -            537 1371at2085           -            438   1.2e-05   19.6   0.4   2   2     2e-07   1.2e-05   19.6   0.4   375   434   461   521   453   524 0.88 NZ_CP038641.1_695 # 875096 # 876706 # 1 # ID=1_695;partial=00;start_type=ATG;rbs_motif=AGGA;rbs_spacer=5-10bp;gc_cont=0.234
NZ_CP038641.1:883405-885024|+ -            540 1371at2085           -            438   1.8e-05   19.0   3.3   1   1   3.1e-07   1.8e-05   19.0   3.3   367   422   455   512   445   526 0.77 NZ_CP038641.1_699 # 883405 # 885024 # 1 # ID=1_699;partial=00;start_type=ATG;rbs_motif=None;rbs_spacer=None;gc_cont=0.227
NZ_CP038641.1:876717-878330|+ -            538 1371at2085           -            438   5.4e-05   17.4   9.6   1   3   0.00033     0.019    9.0  40.8    99   266    11   191     8   200 0.66 NZ_CP038641.1_696 # 876717 # 878330 # 1 # ID=1_696;partial=00;start_type=ATG;rbs_motif=AGGAGG;rbs_spacer=5-10bp;gc_cont=0.235
NZ_CP038641.1:876717-878330|+ -            538 1371at2085           -            438   5.4e-05   17.4   9.6   2   3     0.033       1.9    2.4  34.3   170   374   207   422   188   433 0.82 NZ_CP038641.1_696 # 876717 # 878330 # 1 # ID=1_696;partial=00;start_type=ATG;rbs_motif=AGGAGG;rbs_spacer=5-10bp;gc_cont=0.235
NZ_CP038641.1:876717-878330|+ -            538 1371at2085           -            438   5.4e-05   17.4   9.6   3   3   9.4e-07   5.4e-05   17.4   9.6   371   435   457   520   436   523 0.75 NZ_CP038641.1_696 # 876717 # 878330 # 1 # ID=1_696;partial=00;start_type=ATG;rbs_motif=AGGAGG;rbs_spacer=5-10bp;gc_cont=0.235
#
# Program:         hmmsearch
# Version:         3.4 (Aug 2023)
# Pipeline mode:   SEARCH
# Query file:      /home/lgef/Documentos/GitHub/Project_doctoral/IMPLEMENTACAO/Genomes/M_hyopneumoniae/MHP_ncbi_dataset/ncbi_dataset/data/strains/ES2/Use/busco_downloads/lineages/mycoplasmatales_odb10/hmms/1371at2085.hmm
# Target file:     /home/lgef/Documentos/GitHub/Project_doctoral/IMPLEMENTACAO/Genomes/M_hyopneumoniae/MHP_ncbi_dataset/ncbi_dataset/data/strains/ES2/Use/busco_complete/prodigal_output/predicted_genes/predicted.faa
# Option settings: hmmsearch --domtblout /home/lgef/Documentos/GitHub/Project_doctoral/IMPLEMENTACAO/Genomes/M_hyopneumoniae/MHP_ncbi_dataset/ncbi_dataset/data/strains/ES2/Use/busco_complete/run_mycoplasmatales_odb10/hmmer_output/1371at2085.out --cpu 1 /home/lgef/Documentos/GitHub/Project_doctoral/IMPLEMENTACAO/Genomes/M_hyopneumoniae/MHP_ncbi_dataset/ncbi_dataset/data/strains/ES2/Use/busco_downloads/lineages/mycoplasmatales_odb10/hmms/1371at2085.hmm /home/lgef/Documentos/GitHub/Project_doctoral/IMPLEMENTACAO/Genomes/M_hyopneumoniae/MHP_ncbi_dataset/ncbi_dataset/data/strains/ES2/Use/busco_complete/prodigal_output/predicted_genes/predicted.faa 
# Current dir:     /home/lgef/Documentos/GitHub/Project_doctoral/IMPLEMENTACAO/Genomes/M_hyopneumoniae/MHP_ncbi_dataset/ncbi_dataset/data/strains/ES2/Use
# Date:            Thu Nov 28 19:20:13 2024
# [ok]
