#                                                                                     --- full sequence --- -------------- this domain -------------   hmm coord   ali coord   env coord
# target name                 accession   tlen query name           accession   qlen   E-value  score  bias   #  of  c-Evalue  i-Evalue  score  bias  from    to  from    to  from    to  acc description of target
#         ------------------- ---------- ----- -------------------- ---------- ----- --------- ------ ----- --- --- --------- --------- ------ ----- ----- ----- ----- ----- ----- ----- ---- ---------------------
NZ_CP038641.1:509404-510843|- -            480 1529at2085           -            392  1.1e-152  504.1  18.8   1   2  4.1e-147  7.8e-145  478.2  12.9     1   341     1   372     1   387 0.90 NZ_CP038641.1_418 # 509404 # 510843 # -1 # ID=1_418;partial=00;start_type=ATG;rbs_motif=None;rbs_spacer=None;gc_cont=0.308
NZ_CP038641.1:509404-510843|- -            480 1529at2085           -            392  1.1e-152  504.1  18.8   2   2   7.7e-09   1.4e-06   23.0   0.5   334   386   386   448   377   451 0.85 NZ_CP038641.1_418 # 509404 # 510843 # -1 # ID=1_418;partial=00;start_type=ATG;rbs_motif=None;rbs_spacer=None;gc_cont=0.308
NZ_CP038641.1:68475-69842|+   -            456 1529at2085           -            392   1.3e-08   29.8   1.4   1   2   3.3e-06   0.00062   14.3   0.5    82   159   143   222   119   275 0.75 NZ_CP038641.1_58 # 68475 # 69842 # 1 # ID=1_58;partial=00;start_type=ATG;rbs_motif=AGGA;rbs_spacer=5-10bp;gc_cont=0.301
NZ_CP038641.1:68475-69842|+   -            456 1529at2085           -            392   1.3e-08   29.8   1.4   2   2   3.4e-06   0.00063   14.3   0.0   295   341   394   440   354   454 0.85 NZ_CP038641.1_58 # 68475 # 69842 # 1 # ID=1_58;partial=00;start_type=ATG;rbs_motif=AGGA;rbs_spacer=5-10bp;gc_cont=0.301
NZ_CP038641.1:304730-305971|+ -            414 1529at2085           -            392   1.3e-06   23.1   0.1   1   2     0.053       9.9    0.5   0.2   306   368    37   101    18   105 0.75 NZ_CP038641.1_259 # 304730 # 305971 # 1 # ID=1_259;partial=00;start_type=ATG;rbs_motif=None;rbs_spacer=None;gc_cont=0.318
NZ_CP038641.1:304730-305971|+ -            414 1529at2085           -            392   1.3e-06   23.1   0.1   2   2   5.6e-08     1e-05   20.2   0.0   103   246   225   377   162   400 0.80 NZ_CP038641.1_259 # 304730 # 305971 # 1 # ID=1_259;partial=00;start_type=ATG;rbs_motif=None;rbs_spacer=None;gc_cont=0.318
NZ_CP038641.1:819204-820943|- -            580 1529at2085           -            392   1.5e-05   19.6   2.0   1   2   1.2e-05    0.0022   12.5   0.1    40   158   207   325   175   353 0.80 NZ_CP038641.1_659 # 819204 # 820943 # -1 # ID=1_659;partial=00;start_type=ATG;rbs_motif=AGGA;rbs_spacer=5-10bp;gc_cont=0.296
NZ_CP038641.1:819204-820943|- -            580 1529at2085           -            392   1.5e-05   19.6   2.0   2   2     0.001      0.19    6.1   0.3   280   329   503   552   428   567 0.79 NZ_CP038641.1_659 # 819204 # 820943 # -1 # ID=1_659;partial=00;start_type=ATG;rbs_motif=AGGA;rbs_spacer=5-10bp;gc_cont=0.296
#
# Program:         hmmsearch
# Version:         3.4 (Aug 2023)
# Pipeline mode:   SEARCH
# Query file:      /home/lgef/Documentos/GitHub/Project_doctoral/IMPLEMENTACAO/Genomes/M_hyopneumoniae/MHP_ncbi_dataset/ncbi_dataset/data/strains/ES2/Use/busco_downloads/lineages/mycoplasmatales_odb10/hmms/1529at2085.hmm
# Target file:     /home/lgef/Documentos/GitHub/Project_doctoral/IMPLEMENTACAO/Genomes/M_hyopneumoniae/MHP_ncbi_dataset/ncbi_dataset/data/strains/ES2/Use/busco_complete/prodigal_output/predicted_genes/predicted.faa
# Option settings: hmmsearch --domtblout /home/lgef/Documentos/GitHub/Project_doctoral/IMPLEMENTACAO/Genomes/M_hyopneumoniae/MHP_ncbi_dataset/ncbi_dataset/data/strains/ES2/Use/busco_complete/run_mycoplasmatales_odb10/hmmer_output/1529at2085.out --cpu 1 /home/lgef/Documentos/GitHub/Project_doctoral/IMPLEMENTACAO/Genomes/M_hyopneumoniae/MHP_ncbi_dataset/ncbi_dataset/data/strains/ES2/Use/busco_downloads/lineages/mycoplasmatales_odb10/hmms/1529at2085.hmm /home/lgef/Documentos/GitHub/Project_doctoral/IMPLEMENTACAO/Genomes/M_hyopneumoniae/MHP_ncbi_dataset/ncbi_dataset/data/strains/ES2/Use/busco_complete/prodigal_output/predicted_genes/predicted.faa 
# Current dir:     /home/lgef/Documentos/GitHub/Project_doctoral/IMPLEMENTACAO/Genomes/M_hyopneumoniae/MHP_ncbi_dataset/ncbi_dataset/data/strains/ES2/Use
# Date:            Thu Nov 28 19:20:13 2024
# [ok]
