#                                                                                     --- full sequence --- -------------- this domain -------------   hmm coord   ali coord   env coord
# target name                 accession   tlen query name           accession   qlen   E-value  score  bias   #  of  c-Evalue  i-Evalue  score  bias  from    to  from    to  from    to  acc description of target
#         ------------------- ---------- ----- -------------------- ---------- ----- --------- ------ ----- --- --- --------- --------- ------ ----- ----- ----- ----- ----- ----- ----- ---- ---------------------
NZ_CP038641.1:7892-8893|+     -            334 1633at2085           -            266   4.9e-99  326.5  14.4   1   1   3.3e-99   6.1e-97  319.6  14.4     9   265    21   326    16   327 0.87 NZ_CP038641.1_8 # 7892 # 8893 # 1 # ID=1_8;partial=00;start_type=ATG;rbs_motif=AGGA;rbs_spacer=5-10bp;gc_cont=0.323
NZ_CP038641.1:67125-68447|+   -            441 1633at2085           -            266   1.3e-42  141.6   9.3   1   3      0.18        34   -0.8   0.4    11    62    14    62     5    91 0.40 NZ_CP038641.1_57 # 67125 # 68447 # 1 # ID=1_57;partial=00;start_type=ATG;rbs_motif=None;rbs_spacer=None;gc_cont=0.314
NZ_CP038641.1:67125-68447|+   -            441 1633at2085           -            266   1.3e-42  141.6   9.3   2   3   6.7e-45   1.3e-42  141.6   9.3    52   257    74   287    27   294 0.86 NZ_CP038641.1_57 # 67125 # 68447 # 1 # ID=1_57;partial=00;start_type=ATG;rbs_motif=None;rbs_spacer=None;gc_cont=0.314
NZ_CP038641.1:67125-68447|+   -            441 1633at2085           -            266   1.3e-42  141.6   9.3   3   3      0.53     1e+02   -2.3   0.1    56    72   362   378   326   385 0.51 NZ_CP038641.1_57 # 67125 # 68447 # 1 # ID=1_57;partial=00;start_type=ATG;rbs_motif=None;rbs_spacer=None;gc_cont=0.314
NZ_CP038641.1:857902-858321|- -            140 1633at2085           -            266    0.0015   13.5   0.9   1   1   1.3e-05    0.0024   12.8   0.9    60   100    17    59     3    67 0.72 NZ_CP038641.1_687 # 857902 # 858321 # -1 # ID=1_687;partial=00;start_type=ATG;rbs_motif=None;rbs_spacer=None;gc_cont=0.245
NZ_CP038641.1:315588-316490|+ -            301 1633at2085           -            266    0.0019   13.1   2.4   1   2   1.5e-05    0.0028   12.6   0.3    52    97     8    53     1    58 0.85 NZ_CP038641.1_272 # 315588 # 316490 # 1 # ID=1_272;partial=00;start_type=ATG;rbs_motif=GGA/GAG/AGG;rbs_spacer=5-10bp;gc_cont=0.306
NZ_CP038641.1:315588-316490|+ -            301 1633at2085           -            266    0.0019   13.1   2.4   2   2      0.11        20   -0.1   0.1    19    60    87   129    73   147 0.74 NZ_CP038641.1_272 # 315588 # 316490 # 1 # ID=1_272;partial=00;start_type=ATG;rbs_motif=GGA/GAG/AGG;rbs_spacer=5-10bp;gc_cont=0.306
#
# Program:         hmmsearch
# Version:         3.4 (Aug 2023)
# Pipeline mode:   SEARCH
# Query file:      /home/lgef/Documentos/GitHub/Project_doctoral/IMPLEMENTACAO/Genomes/M_hyopneumoniae/MHP_ncbi_dataset/ncbi_dataset/data/strains/ES2/Use/busco_downloads/lineages/mycoplasmatales_odb10/hmms/1633at2085.hmm
# Target file:     /home/lgef/Documentos/GitHub/Project_doctoral/IMPLEMENTACAO/Genomes/M_hyopneumoniae/MHP_ncbi_dataset/ncbi_dataset/data/strains/ES2/Use/busco_complete/prodigal_output/predicted_genes/predicted.faa
# Option settings: hmmsearch --domtblout /home/lgef/Documentos/GitHub/Project_doctoral/IMPLEMENTACAO/Genomes/M_hyopneumoniae/MHP_ncbi_dataset/ncbi_dataset/data/strains/ES2/Use/busco_complete/run_mycoplasmatales_odb10/hmmer_output/1633at2085.out --cpu 1 /home/lgef/Documentos/GitHub/Project_doctoral/IMPLEMENTACAO/Genomes/M_hyopneumoniae/MHP_ncbi_dataset/ncbi_dataset/data/strains/ES2/Use/busco_downloads/lineages/mycoplasmatales_odb10/hmms/1633at2085.hmm /home/lgef/Documentos/GitHub/Project_doctoral/IMPLEMENTACAO/Genomes/M_hyopneumoniae/MHP_ncbi_dataset/ncbi_dataset/data/strains/ES2/Use/busco_complete/prodigal_output/predicted_genes/predicted.faa 
# Current dir:     /home/lgef/Documentos/GitHub/Project_doctoral/IMPLEMENTACAO/Genomes/M_hyopneumoniae/MHP_ncbi_dataset/ncbi_dataset/data/strains/ES2/Use
# Date:            Thu Nov 28 19:20:13 2024
# [ok]
