#                                                                                     --- full sequence --- -------------- this domain -------------   hmm coord   ali coord   env coord
# target name                 accession   tlen query name           accession   qlen   E-value  score  bias   #  of  c-Evalue  i-Evalue  score  bias  from    to  from    to  from    to  acc description of target
#         ------------------- ---------- ----- -------------------- ---------- ----- --------- ------ ----- --- --- --------- --------- ------ ----- ----- ----- ----- ----- ----- ----- ---- ---------------------
NZ_CP038641.1:92315-94111|+   -            599 501at2085            -            526  7.7e-249  822.1   8.8   1   1  1.1e-250  1.6e-248  821.1   8.8     1   526     1   594     1   594 0.93 NZ_CP038641.1_75 # 92315 # 94111 # 1 # ID=1_75;partial=00;start_type=ATG;rbs_motif=None;rbs_spacer=None;gc_cont=0.345
NZ_CP038641.1:95445-97529|-   -            695 501at2085            -            526   6.3e-47  155.9   1.2   1   4   1.8e-36   2.6e-34  114.2   0.1     4   153     8   162     5   186 0.86 NZ_CP038641.1_77 # 95445 # 97529 # -1 # ID=1_77;partial=00;start_type=ATG;rbs_motif=AGGA;rbs_spacer=5-10bp;gc_cont=0.372
NZ_CP038641.1:95445-97529|-   -            695 501at2085            -            526   6.3e-47  155.9   1.2   2   4      0.53        80   -2.9   0.0   155   173   263   281   256   293 0.80 NZ_CP038641.1_77 # 95445 # 97529 # -1 # ID=1_77;partial=00;start_type=ATG;rbs_motif=AGGA;rbs_spacer=5-10bp;gc_cont=0.372
NZ_CP038641.1:95445-97529|-   -            695 501at2085            -            526   6.3e-47  155.9   1.2   3   4     6e-12     9e-10   33.2   0.1   170   339   301   485   289   498 0.69 NZ_CP038641.1_77 # 95445 # 97529 # -1 # ID=1_77;partial=00;start_type=ATG;rbs_motif=AGGA;rbs_spacer=5-10bp;gc_cont=0.372
NZ_CP038641.1:95445-97529|-   -            695 501at2085            -            526   6.3e-47  155.9   1.2   4   4    0.0026       0.4    4.7   0.0   350   411   607   675   595   691 0.78 NZ_CP038641.1_77 # 95445 # 97529 # -1 # ID=1_77;partial=00;start_type=ATG;rbs_motif=AGGA;rbs_spacer=5-10bp;gc_cont=0.372
NZ_CP038641.1:811003-812802|- -            600 501at2085            -            526   2.6e-19   64.7   2.9   1   3   1.7e-21   2.6e-19   64.7   2.9    10   196   117   308   115   321 0.77 NZ_CP038641.1_652 # 811003 # 812802 # -1 # ID=1_652;partial=00;start_type=ATG;rbs_motif=GGAG/GAGG;rbs_spacer=5-10bp;gc_cont=0.352
NZ_CP038641.1:811003-812802|- -            600 501at2085            -            526   2.6e-19   64.7   2.9   2   3      0.56        85   -3.0   0.6   135   181   388   434   377   452 0.72 NZ_CP038641.1_652 # 811003 # 812802 # -1 # ID=1_652;partial=00;start_type=ATG;rbs_motif=GGAG/GAGG;rbs_spacer=5-10bp;gc_cont=0.352
NZ_CP038641.1:811003-812802|- -            600 501at2085            -            526   2.6e-19   64.7   2.9   3   3      0.34        51   -2.2   0.0   382   408   480   506   460   516 0.80 NZ_CP038641.1_652 # 811003 # 812802 # -1 # ID=1_652;partial=00;start_type=ATG;rbs_motif=GGAG/GAGG;rbs_spacer=5-10bp;gc_cont=0.352
NZ_CP038641.1:736961-738169|- -            403 501at2085            -            526     2e-18   61.8   3.2   1   2   3.1e-20   4.6e-18   60.6   0.3     8   140    20   155    14   168 0.88 NZ_CP038641.1_593 # 736961 # 738169 # -1 # ID=1_593;partial=00;start_type=ATG;rbs_motif=AGGA;rbs_spacer=5-10bp;gc_cont=0.403
NZ_CP038641.1:736961-738169|- -            403 501at2085            -            526     2e-18   61.8   3.2   2   2     0.023       3.4    1.6   0.2   161   256   205   309   194   325 0.67 NZ_CP038641.1_593 # 736961 # 738169 # -1 # ID=1_593;partial=00;start_type=ATG;rbs_motif=AGGA;rbs_spacer=5-10bp;gc_cont=0.403
NZ_CP038641.1:90456-91757|+   -            434 501at2085            -            526   1.8e-13   45.4   0.4   1   2   5.8e-06   0.00087   13.5   0.1    62   180    45   170    35   173 0.76 NZ_CP038641.1_72 # 90456 # 91757 # 1 # ID=1_72;partial=00;start_type=ATG;rbs_motif=None;rbs_spacer=None;gc_cont=0.290
NZ_CP038641.1:90456-91757|+   -            434 501at2085            -            526   1.8e-13   45.4   0.4   2   2   5.6e-11   8.3e-09   30.1   0.0    77   168   237   340   210   363 0.78 NZ_CP038641.1_72 # 90456 # 91757 # 1 # ID=1_72;partial=00;start_type=ATG;rbs_motif=None;rbs_spacer=None;gc_cont=0.290
#
# Program:         hmmsearch
# Version:         3.4 (Aug 2023)
# Pipeline mode:   SEARCH
# Query file:      /home/lgef/Documentos/GitHub/Project_doctoral/IMPLEMENTACAO/Genomes/M_hyopneumoniae/MHP_ncbi_dataset/ncbi_dataset/data/strains/ES2/Use/busco_downloads/lineages/mycoplasmatales_odb10/hmms/501at2085.hmm
# Target file:     /home/lgef/Documentos/GitHub/Project_doctoral/IMPLEMENTACAO/Genomes/M_hyopneumoniae/MHP_ncbi_dataset/ncbi_dataset/data/strains/ES2/Use/busco_complete/prodigal_output/predicted_genes/predicted.faa
# Option settings: hmmsearch --domtblout /home/lgef/Documentos/GitHub/Project_doctoral/IMPLEMENTACAO/Genomes/M_hyopneumoniae/MHP_ncbi_dataset/ncbi_dataset/data/strains/ES2/Use/busco_complete/run_mycoplasmatales_odb10/hmmer_output/501at2085.out --cpu 1 /home/lgef/Documentos/GitHub/Project_doctoral/IMPLEMENTACAO/Genomes/M_hyopneumoniae/MHP_ncbi_dataset/ncbi_dataset/data/strains/ES2/Use/busco_downloads/lineages/mycoplasmatales_odb10/hmms/501at2085.hmm /home/lgef/Documentos/GitHub/Project_doctoral/IMPLEMENTACAO/Genomes/M_hyopneumoniae/MHP_ncbi_dataset/ncbi_dataset/data/strains/ES2/Use/busco_complete/prodigal_output/predicted_genes/predicted.faa 
# Current dir:     /home/lgef/Documentos/GitHub/Project_doctoral/IMPLEMENTACAO/Genomes/M_hyopneumoniae/MHP_ncbi_dataset/ncbi_dataset/data/strains/ES2/Use
# Date:            Thu Nov 28 19:20:15 2024
# [ok]
