#                                                                                   --- full sequence --- -------------- this domain -------------   hmm coord   ali coord   env coord
# target name               accession   tlen query name           accession   qlen   E-value  score  bias   #  of  c-Evalue  i-Evalue  score  bias  from    to  from    to  from    to  acc description of target
#       ------------------- ---------- ----- -------------------- ---------- ----- --------- ------ ----- --- --- --------- --------- ------ ----- ----- ----- ----- ----- ----- ----- ---- ---------------------
NC_017509.1:769495-771234|- -            580 539at2085            -            541  5.2e-246  812.8  14.5   1   1  3.4e-248    6e-246  812.6  14.5     1   540     8   573     8   574 0.97 NC_017509.1_606 # 769495 # 771234 # -1 # ID=1_606;partial=00;start_type=ATG;rbs_motif=AGGA;rbs_spacer=5-10bp;gc_cont=0.295
NC_017509.1:62968-64335|+   -            456 539at2085            -            541     6e-10   33.7   1.4   1   3      0.16        28   -1.5   0.0   197   228    56    87    39   104 0.73 NC_017509.1_56 # 62968 # 64335 # 1 # ID=1_56;partial=00;start_type=ATG;rbs_motif=AGGA;rbs_spacer=5-10bp;gc_cont=0.298
NC_017509.1:62968-64335|+   -            456 539at2085            -            541     6e-10   33.7   1.4   2   3   1.4e-08   2.4e-06   21.8   0.1   235   346   157   268   150   272 0.88 NC_017509.1_56 # 62968 # 64335 # 1 # ID=1_56;partial=00;start_type=ATG;rbs_motif=AGGA;rbs_spacer=5-10bp;gc_cont=0.298
NC_017509.1:62968-64335|+   -            456 539at2085            -            541     6e-10   33.7   1.4   3   3     6e-05     0.011    9.8   0.2   451   540   354   449   348   450 0.83 NC_017509.1_56 # 62968 # 64335 # 1 # ID=1_56;partial=00;start_type=ATG;rbs_motif=AGGA;rbs_spacer=5-10bp;gc_cont=0.298
NC_017509.1:499811-501250|+ -            480 539at2085            -            541     2e-07   25.4   6.2   1   2    0.0087       1.5    2.7   0.0   186   317    43   184    34   196 0.69 NC_017509.1_417 # 499811 # 501250 # 1 # ID=1_417;partial=00;start_type=ATG;rbs_motif=None;rbs_spacer=None;gc_cont=0.308
NC_017509.1:499811-501250|+ -            480 539at2085            -            541     2e-07   25.4   6.2   2   2   2.7e-09   4.8e-07   24.1   2.1   408   525   237   366   226   382 0.77 NC_017509.1_417 # 499811 # 501250 # 1 # ID=1_417;partial=00;start_type=ATG;rbs_motif=None;rbs_spacer=None;gc_cont=0.308
NC_017509.1:320903-322144|+ -            414 539at2085            -            541    0.0001   16.4   0.6   1   3      0.17        30   -1.6   0.2    99   142     9    52     3    89 0.64 NC_017509.1_274 # 320903 # 322144 # 1 # ID=1_274;partial=00;start_type=ATG;rbs_motif=None;rbs_spacer=None;gc_cont=0.316
NC_017509.1:320903-322144|+ -            414 539at2085            -            541    0.0001   16.4   0.6   2   3   1.7e-05    0.0029   11.6   0.0   153   362   133   347   128   353 0.80 NC_017509.1_274 # 320903 # 322144 # 1 # ID=1_274;partial=00;start_type=ATG;rbs_motif=None;rbs_spacer=None;gc_cont=0.316
NC_017509.1:320903-322144|+ -            414 539at2085            -            541    0.0001   16.4   0.6   3   3     0.014       2.5    1.9   0.0   411   458   361   406   355   409 0.76 NC_017509.1_274 # 320903 # 322144 # 1 # ID=1_274;partial=00;start_type=ATG;rbs_motif=None;rbs_spacer=None;gc_cont=0.316
#
# Program:         hmmsearch
# Version:         3.4 (Aug 2023)
# Pipeline mode:   SEARCH
# Query file:      /home/lgef/Documentos/GitHub/Project_doctoral/IMPLEMENTACAO/Genomes/M_hyopneumoniae/MHP_ncbi_dataset/ncbi_dataset/data/strains/168/Use/busco_downloads/lineages/mycoplasmatales_odb10/hmms/539at2085.hmm
# Target file:     /home/lgef/Documentos/GitHub/Project_doctoral/IMPLEMENTACAO/Genomes/M_hyopneumoniae/MHP_ncbi_dataset/ncbi_dataset/data/strains/168/Use/busco_complete/prodigal_output/predicted_genes/predicted.faa
# Option settings: hmmsearch --domtblout /home/lgef/Documentos/GitHub/Project_doctoral/IMPLEMENTACAO/Genomes/M_hyopneumoniae/MHP_ncbi_dataset/ncbi_dataset/data/strains/168/Use/busco_complete/run_mycoplasmatales_odb10/hmmer_output/539at2085.out --cpu 1 /home/lgef/Documentos/GitHub/Project_doctoral/IMPLEMENTACAO/Genomes/M_hyopneumoniae/MHP_ncbi_dataset/ncbi_dataset/data/strains/168/Use/busco_downloads/lineages/mycoplasmatales_odb10/hmms/539at2085.hmm /home/lgef/Documentos/GitHub/Project_doctoral/IMPLEMENTACAO/Genomes/M_hyopneumoniae/MHP_ncbi_dataset/ncbi_dataset/data/strains/168/Use/busco_complete/prodigal_output/predicted_genes/predicted.faa 
# Current dir:     /home/lgef/Documentos/GitHub/Project_doctoral/IMPLEMENTACAO/Genomes/M_hyopneumoniae/MHP_ncbi_dataset/ncbi_dataset/data/strains/168/Use
# Date:            Thu Nov 28 19:23:56 2024
# [ok]
