#                                                                                   --- full sequence --- -------------- this domain -------------   hmm coord   ali coord   env coord
# target name               accession   tlen query name           accession   qlen   E-value  score  bias   #  of  c-Evalue  i-Evalue  score  bias  from    to  from    to  from    to  acc description of target
#       ------------------- ---------- ----- -------------------- ---------- ----- --------- ------ ----- --- --- --------- --------- ------ ----- ----- ----- ----- ----- ----- ----- ---- ---------------------
scf00000000:499502-500605|- -            368 1683at2085           -            284  1.3e-103  341.7  14.3   1   3     2e-71   2.5e-69  229.2   1.9     1   163     1   169     1   177 0.94 scf00000000_402 # 499502 # 500605 # -1 # ID=1_402;partial=00;start_type=ATG;rbs_motif=None;rbs_spacer=None;gc_cont=0.301
scf00000000:499502-500605|- -            368 1683at2085           -            284  1.3e-103  341.7  14.3   2   3   1.2e-07   1.5e-05   19.9   0.2   156   187   183   214   167   219 0.84 scf00000000_402 # 499502 # 500605 # -1 # ID=1_402;partial=00;start_type=ATG;rbs_motif=None;rbs_spacer=None;gc_cont=0.301
scf00000000:499502-500605|- -            368 1683at2085           -            284  1.3e-103  341.7  14.3   3   3   7.8e-32   9.8e-30   99.3   1.5   185   284   238   365   222   365 0.75 scf00000000_402 # 499502 # 500605 # -1 # ID=1_402;partial=00;start_type=ATG;rbs_motif=None;rbs_spacer=None;gc_cont=0.301
scf00000000:208811-210070|+ -            420 1683at2085           -            284   1.9e-16   55.7   5.8   1   1   3.1e-17   3.9e-15   51.4   5.8     4   136   158   277   155   367 0.77 scf00000000_149 # 208811 # 210070 # 1 # ID=1_149;partial=00;start_type=ATG;rbs_motif=AGGA;rbs_spacer=5-10bp;gc_cont=0.306
scf00000000:246486-247787|+ -            434 1683at2085           -            284     2e-06   22.8   5.3   1   4     2e-05    0.0025   12.7   0.1     2    25     2    25     1    37 0.85 scf00000000_180 # 246486 # 247787 # 1 # ID=1_180;partial=00;start_type=ATG;rbs_motif=3Base/5BMM;rbs_spacer=13-15bp;gc_cont=0.291
scf00000000:246486-247787|+ -            434 1683at2085           -            284     2e-06   22.8   5.3   2   4       1.4   1.7e+02   -3.2   0.0   171   181   108   118    89   131 0.70 scf00000000_180 # 246486 # 247787 # 1 # ID=1_180;partial=00;start_type=ATG;rbs_motif=3Base/5BMM;rbs_spacer=13-15bp;gc_cont=0.291
scf00000000:246486-247787|+ -            434 1683at2085           -            284     2e-06   22.8   5.3   3   4    0.0004      0.05    8.4   0.0     3    22   171   190   169   253 0.82 scf00000000_180 # 246486 # 247787 # 1 # ID=1_180;partial=00;start_type=ATG;rbs_motif=3Base/5BMM;rbs_spacer=13-15bp;gc_cont=0.291
scf00000000:246486-247787|+ -            434 1683at2085           -            284     2e-06   22.8   5.3   4   4     0.041       5.1    1.8   0.1    27    80   273   329   269   358 0.70 scf00000000_180 # 246486 # 247787 # 1 # ID=1_180;partial=00;start_type=ATG;rbs_motif=3Base/5BMM;rbs_spacer=13-15bp;gc_cont=0.291
scf00000000:390919-392247|- -            443 1683at2085           -            284   3.6e-06   22.0   2.4   1   1   1.4e-06   0.00017   16.4   2.2     3   104   217   308   215   366 0.82 scf00000000_317 # 390919 # 392247 # -1 # ID=1_317;partial=00;start_type=TTG;rbs_motif=AGGAG;rbs_spacer=5-10bp;gc_cont=0.313
scf00000000:349421-350302|- -            294 1683at2085           -            284   1.6e-05   19.8   0.1   1   1   2.9e-07   3.7e-05   18.7   0.1     5    26     9    30     6    55 0.85 scf00000000_264 # 349421 # 350302 # -1 # ID=1_264;partial=00;start_type=ATG;rbs_motif=None;rbs_spacer=None;gc_cont=0.291
scf00000000:266349-267140|+ -            264 1683at2085           -            284   6.6e-05   17.8   0.1   1   4      0.15        19   -0.1   1.0    79   150    29   103     8   107 0.62 scf00000000_197 # 266349 # 267140 # 1 # ID=1_197;partial=00;start_type=ATG;rbs_motif=None;rbs_spacer=None;gc_cont=0.266
scf00000000:266349-267140|+ -            264 1683at2085           -            284   6.6e-05   17.8   0.1   2   4   5.2e-07   6.6e-05   17.8   0.1     2    27   110   135   109   152 0.87 scf00000000_197 # 266349 # 267140 # 1 # ID=1_197;partial=00;start_type=ATG;rbs_motif=None;rbs_spacer=None;gc_cont=0.266
scf00000000:266349-267140|+ -            264 1683at2085           -            284   6.6e-05   17.8   0.1   3   4         1   1.2e+02   -2.8   0.0    56    72   148   164   139   170 0.80 scf00000000_197 # 266349 # 267140 # 1 # ID=1_197;partial=00;start_type=ATG;rbs_motif=None;rbs_spacer=None;gc_cont=0.266
scf00000000:266349-267140|+ -            264 1683at2085           -            284   6.6e-05   17.8   0.1   4   4      0.48        60   -1.7   0.1    16    56   191   233   173   243 0.50 scf00000000_197 # 266349 # 267140 # 1 # ID=1_197;partial=00;start_type=ATG;rbs_motif=None;rbs_spacer=None;gc_cont=0.266
#
# Program:         hmmsearch
# Version:         3.4 (Aug 2023)
# Pipeline mode:   SEARCH
# Query file:      /home/bryan/Documentos/GitHub/Project_doctoral/IMPLEMENTACAO/Genomes/M_hyopneumoniae/strains/UFV02/Use/busco_downloads/lineages/mycoplasmatales_odb10/hmms/1683at2085.hmm
# Target file:     /home/bryan/Documentos/GitHub/Project_doctoral/IMPLEMENTACAO/Genomes/M_hyopneumoniae/strains/UFV02/Use/busco_complete/prodigal_output/predicted_genes/predicted.faa
# Option settings: hmmsearch --domtblout /home/bryan/Documentos/GitHub/Project_doctoral/IMPLEMENTACAO/Genomes/M_hyopneumoniae/strains/UFV02/Use/busco_complete/run_mycoplasmatales_odb10/hmmer_output/1683at2085.out --cpu 1 /home/bryan/Documentos/GitHub/Project_doctoral/IMPLEMENTACAO/Genomes/M_hyopneumoniae/strains/UFV02/Use/busco_downloads/lineages/mycoplasmatales_odb10/hmms/1683at2085.hmm /home/bryan/Documentos/GitHub/Project_doctoral/IMPLEMENTACAO/Genomes/M_hyopneumoniae/strains/UFV02/Use/busco_complete/prodigal_output/predicted_genes/predicted.faa 
# Current dir:     /home/bryan/Documentos/GitHub/Project_doctoral/IMPLEMENTACAO/Genomes/M_hyopneumoniae/strains/UFV02/Use
# Date:            Sun Dec  1 19:13:16 2024
# [ok]
