#                                                                                   --- full sequence --- -------------- this domain -------------   hmm coord   ali coord   env coord
# target name               accession   tlen query name           accession   qlen   E-value  score  bias   #  of  c-Evalue  i-Evalue  score  bias  from    to  from    to  from    to  acc description of target
#       ------------------- ---------- ----- -------------------- ---------- ----- --------- ------ ----- --- --- --------- --------- ------ ----- ----- ----- ----- ----- ----- ----- ---- ---------------------
scf00000000:347100-347681|- -            194 4276at2085           -            173   1.7e-66  218.8   7.5   1   1   1.1e-68     2e-66  218.5   7.5     3   173     2   190     1   190 0.91 scf00000000_261 # 347100 # 347681 # -1 # ID=1_261;partial=00;start_type=ATG;rbs_motif=GGA/GAG/AGG;rbs_spacer=5-10bp;gc_cont=0.270
scf00000000:245779-246468|+ -            230 4276at2085           -            173   5.2e-05   18.6   0.5   1   2   5.6e-06     0.001   14.3   0.0     6    27     8    29     3    39 0.82 scf00000000_179 # 245779 # 246468 # 1 # ID=1_179;partial=00;start_type=ATG;rbs_motif=4Base/6BMM;rbs_spacer=13-15bp;gc_cont=0.299
scf00000000:245779-246468|+ -            230 4276at2085           -            173   5.2e-05   18.6   0.5   2   2     0.028       5.2    2.3   0.1    23    72   135   184   126   213 0.75 scf00000000_179 # 245779 # 246468 # 1 # ID=1_179;partial=00;start_type=ATG;rbs_motif=4Base/6BMM;rbs_spacer=13-15bp;gc_cont=0.299
scf00000000:362841-363479|- -            213 4276at2085           -            173   0.00059   15.1   0.7   1   2   2.7e-05    0.0051   12.1   0.2     2    42     3    42     2    98 0.78 scf00000000_283 # 362841 # 363479 # -1 # ID=1_283;partial=00;start_type=ATG;rbs_motif=AGxAGG/AGGxGG;rbs_spacer=11-12bp;gc_cont=0.288
scf00000000:362841-363479|- -            213 4276at2085           -            173   0.00059   15.1   0.7   2   2     0.052       9.8    1.4   0.0   125   146   157   178   139   208 0.88 scf00000000_283 # 362841 # 363479 # -1 # ID=1_283;partial=00;start_type=ATG;rbs_motif=AGxAGG/AGGxGG;rbs_spacer=11-12bp;gc_cont=0.288
scf00000000:272990-275833|- -            948 4276at2085           -            173    0.0016   13.7   0.4   1   2    0.0033      0.62    5.3   0.0     2    22    30    50    29    74 0.74 scf00000000_202 # 272990 # 275833 # -1 # ID=1_202;partial=00;start_type=ATG;rbs_motif=None;rbs_spacer=None;gc_cont=0.327
scf00000000:272990-275833|- -            948 4276at2085           -            173    0.0016   13.7   0.4   2   2    0.0022      0.42    5.9   0.2     4    26   639   661   637   679 0.86 scf00000000_202 # 272990 # 275833 # -1 # ID=1_202;partial=00;start_type=ATG;rbs_motif=None;rbs_spacer=None;gc_cont=0.327
#
# Program:         hmmsearch
# Version:         3.4 (Aug 2023)
# Pipeline mode:   SEARCH
# Query file:      /home/bryan/Documentos/GitHub/Project_doctoral/IMPLEMENTACAO/Genomes/M_hyopneumoniae/strains/UFV02/Use/busco_downloads/lineages/mycoplasmatales_odb10/hmms/4276at2085.hmm
# Target file:     /home/bryan/Documentos/GitHub/Project_doctoral/IMPLEMENTACAO/Genomes/M_hyopneumoniae/strains/UFV02/Use/busco_complete/prodigal_output/predicted_genes/predicted.faa
# Option settings: hmmsearch --domtblout /home/bryan/Documentos/GitHub/Project_doctoral/IMPLEMENTACAO/Genomes/M_hyopneumoniae/strains/UFV02/Use/busco_complete/run_mycoplasmatales_odb10/hmmer_output/4276at2085.out --cpu 1 /home/bryan/Documentos/GitHub/Project_doctoral/IMPLEMENTACAO/Genomes/M_hyopneumoniae/strains/UFV02/Use/busco_downloads/lineages/mycoplasmatales_odb10/hmms/4276at2085.hmm /home/bryan/Documentos/GitHub/Project_doctoral/IMPLEMENTACAO/Genomes/M_hyopneumoniae/strains/UFV02/Use/busco_complete/prodigal_output/predicted_genes/predicted.faa 
# Current dir:     /home/bryan/Documentos/GitHub/Project_doctoral/IMPLEMENTACAO/Genomes/M_hyopneumoniae/strains/UFV02/Use
# Date:            Sun Dec  1 19:13:19 2024
# [ok]
