#                                                                                   --- full sequence --- -------------- this domain -------------   hmm coord   ali coord   env coord
# target name               accession   tlen query name           accession   qlen   E-value  score  bias   #  of  c-Evalue  i-Evalue  score  bias  from    to  from    to  from    to  acc description of target
#       ------------------- ---------- ----- -------------------- ---------- ----- --------- ------ ----- --- --- --------- --------- ------ ----- ----- ----- ----- ----- ----- ----- ---- ---------------------
scf00000000:17011-18810|-   -            600 801at2085            -            486  1.7e-190  629.3  28.9   1   2  1.4e-156  1.7e-154  510.5   9.3     3   342    16   391    14   394 0.90 scf00000000_17 # 17011 # 18810 # -1 # ID=1_17;partial=00;start_type=ATG;rbs_motif=GGAG/GAGG;rbs_spacer=5-10bp;gc_cont=0.352
scf00000000:17011-18810|-   -            600 801at2085            -            486  1.7e-190  629.3  28.9   2   2   1.6e-39     2e-37  124.4  13.6   320   485   388   594   383   595 0.82 scf00000000_17 # 17011 # 18810 # -1 # ID=1_17;partial=00;start_type=ATG;rbs_motif=GGAG/GAGG;rbs_spacer=5-10bp;gc_cont=0.352
scf00000000:911427-913226|- -            600 801at2085            -            486  1.7e-190  629.3  28.9   1   2  1.4e-156  1.7e-154  510.5   9.3     3   342    16   391    14   394 0.90 scf00000000_707 # 911427 # 913226 # -1 # ID=1_707;partial=00;start_type=ATG;rbs_motif=GGAG/GAGG;rbs_spacer=5-10bp;gc_cont=0.352
scf00000000:911427-913226|- -            600 801at2085            -            486  1.7e-190  629.3  28.9   2   2   1.6e-39     2e-37  124.4  13.6   320   485   388   594   383   595 0.82 scf00000000_707 # 911427 # 913226 # -1 # ID=1_707;partial=00;start_type=ATG;rbs_motif=GGAG/GAGG;rbs_spacer=5-10bp;gc_cont=0.352
scf00000000:248345-250141|+ -            599 801at2085            -            486   1.2e-19   65.8   5.9   1   2     1e-21   1.3e-19   65.7   3.7    86   282    10   221     3   243 0.80 scf00000000_183 # 248345 # 250141 # 1 # ID=1_183;partial=00;start_type=ATG;rbs_motif=None;rbs_spacer=None;gc_cont=0.342
scf00000000:248345-250141|+ -            599 801at2085            -            486   1.2e-19   65.8   5.9   2   2      0.34        43   -2.0   0.0    26    81   464   520   441   535 0.61 scf00000000_183 # 248345 # 250141 # 1 # ID=1_183;partial=00;start_type=ATG;rbs_motif=None;rbs_spacer=None;gc_cont=0.342
scf00000000:851755-852963|- -            403 801at2085            -            486   1.3e-18   62.4   3.1   1   2     2e-05    0.0026   11.9   0.1    85   103    21    39     7    56 0.83 scf00000000_657 # 851755 # 852963 # -1 # ID=1_657;partial=00;start_type=ATG;rbs_motif=AGGA;rbs_spacer=5-10bp;gc_cont=0.401
scf00000000:851755-852963|- -            403 801at2085            -            486   1.3e-18   62.4   3.1   2   2   2.9e-17   3.7e-15   51.0   0.5   127   281    85   249    59   320 0.74 scf00000000_657 # 851755 # 852963 # -1 # ID=1_657;partial=00;start_type=ATG;rbs_motif=AGGA;rbs_spacer=5-10bp;gc_cont=0.401
scf00000000:251474-253558|- -            695 801at2085            -            486   1.1e-15   52.7   4.7   1   2   4.7e-16   5.9e-14   47.0   3.0   112   205    58   161     6   210 0.69 scf00000000_185 # 251474 # 253558 # -1 # ID=1_185;partial=00;start_type=ATG;rbs_motif=AGGA;rbs_spacer=5-10bp;gc_cont=0.375
scf00000000:251474-253558|- -            695 801at2085            -            486   1.1e-15   52.7   4.7   2   2     0.017       2.1    2.3   0.0   203   234   243   275   223   396 0.77 scf00000000_185 # 251474 # 253558 # -1 # ID=1_185;partial=00;start_type=ATG;rbs_motif=AGGA;rbs_spacer=5-10bp;gc_cont=0.375
scf00000000:266349-267140|+ -            264 801at2085            -            486   3.1e-06   21.6   0.8   1   2    0.0072      0.91    3.5   0.3   144   201    12    68     8    89 0.81 scf00000000_197 # 266349 # 267140 # 1 # ID=1_197;partial=00;start_type=ATG;rbs_motif=None;rbs_spacer=None;gc_cont=0.266
scf00000000:266349-267140|+ -            264 801at2085            -            486   3.1e-06   21.6   0.8   2   2   9.1e-07   0.00011   16.4   0.0    87   132   115   162    87   168 0.82 scf00000000_197 # 266349 # 267140 # 1 # ID=1_197;partial=00;start_type=ATG;rbs_motif=None;rbs_spacer=None;gc_cont=0.266
#
# Program:         hmmsearch
# Version:         3.4 (Aug 2023)
# Pipeline mode:   SEARCH
# Query file:      /home/bryan/Documentos/GitHub/Project_doctoral/IMPLEMENTACAO/Genomes/M_hyopneumoniae/strains/UFV02/Use/busco_downloads/lineages/mycoplasmatales_odb10/hmms/801at2085.hmm
# Target file:     /home/bryan/Documentos/GitHub/Project_doctoral/IMPLEMENTACAO/Genomes/M_hyopneumoniae/strains/UFV02/Use/busco_complete/prodigal_output/predicted_genes/predicted.faa
# Option settings: hmmsearch --domtblout /home/bryan/Documentos/GitHub/Project_doctoral/IMPLEMENTACAO/Genomes/M_hyopneumoniae/strains/UFV02/Use/busco_complete/run_mycoplasmatales_odb10/hmmer_output/801at2085.out --cpu 1 /home/bryan/Documentos/GitHub/Project_doctoral/IMPLEMENTACAO/Genomes/M_hyopneumoniae/strains/UFV02/Use/busco_downloads/lineages/mycoplasmatales_odb10/hmms/801at2085.hmm /home/bryan/Documentos/GitHub/Project_doctoral/IMPLEMENTACAO/Genomes/M_hyopneumoniae/strains/UFV02/Use/busco_complete/prodigal_output/predicted_genes/predicted.faa 
# Current dir:     /home/bryan/Documentos/GitHub/Project_doctoral/IMPLEMENTACAO/Genomes/M_hyopneumoniae/strains/UFV02/Use
# Date:            Sun Dec  1 19:13:22 2024
# [ok]
