#                                                                                   --- full sequence --- -------------- this domain -------------   hmm coord   ali coord   env coord
# target name               accession   tlen query name           accession   qlen   E-value  score  bias   #  of  c-Evalue  i-Evalue  score  bias  from    to  from    to  from    to  acc description of target
#       ------------------- ---------- ----- -------------------- ---------- ----- --------- ------ ----- --- --- --------- --------- ------ ----- ----- ----- ----- ----- ----- ----- ---- ---------------------
NZ_KZ266912.1:16010-16606|+ -            199 4324at2085           -            135   2.6e-41  136.3   2.7   1   1   5.8e-43     5e-41  135.4   2.7     2   134    24   190    23   191 0.79 NZ_KZ266912.1_12 # 16010 # 16606 # 1 # ID=19_12;partial=00;start_type=ATG;rbs_motif=None;rbs_spacer=None;gc_cont=0.296
NZ_KZ266923.1:7045-7836|+   -            264 4324at2085           -            135   4.2e-09   32.0   6.0   1   3     0.017       1.5    4.3   0.3   100   124    42    66     9    73 0.75 NZ_KZ266923.1_5 # 7045 # 7836 # 1 # ID=30_5;partial=00;start_type=ATG;rbs_motif=GGA/GAG/AGG;rbs_spacer=3-4bp;gc_cont=0.269
NZ_KZ266923.1:7045-7836|+   -            264 4324at2085           -            135   4.2e-09   32.0   6.0   2   3   9.4e-10     8e-08   27.9   0.1    10    71   111   174   103   200 0.80 NZ_KZ266923.1_5 # 7045 # 7836 # 1 # ID=30_5;partial=00;start_type=ATG;rbs_motif=GGA/GAG/AGG;rbs_spacer=3-4bp;gc_cont=0.269
NZ_KZ266923.1:7045-7836|+   -            264 4324at2085           -            135   4.2e-09   32.0   6.0   3   3      0.13        12    1.5   0.1    84   114   208   238   186   244 0.85 NZ_KZ266923.1_5 # 7045 # 7836 # 1 # ID=30_5;partial=00;start_type=ATG;rbs_motif=GGA/GAG/AGG;rbs_spacer=3-4bp;gc_cont=0.269
NZ_KZ266894.1:69143-69679|+ -            179 4324at2085           -            135     1e-08   30.7   0.1   1   1   1.6e-10   1.3e-08   30.4   0.1    10    46     3    39     1   107 0.81 NZ_KZ266894.1_57 # 69143 # 69679 # 1 # ID=1_57;partial=00;start_type=ATG;rbs_motif=None;rbs_spacer=None;gc_cont=0.520
NZ_KZ266904.1:16694-18022|+ -            443 4324at2085           -            135   7.6e-08   27.9   4.4   1   2       4.7     4e+02   -3.5   0.0    27    49    93   115    88   124 0.63 NZ_KZ266904.1_9 # 16694 # 18022 # 1 # ID=11_9;partial=00;start_type=TTG;rbs_motif=AGGAG;rbs_spacer=5-10bp;gc_cont=0.312
NZ_KZ266904.1:16694-18022|+ -            443 4324at2085           -            135   7.6e-08   27.9   4.4   2   2   1.6e-09   1.4e-07   27.1   2.5    11   129   218   350   214   358 0.68 NZ_KZ266904.1_9 # 16694 # 18022 # 1 # ID=11_9;partial=00;start_type=TTG;rbs_motif=AGGAG;rbs_spacer=5-10bp;gc_cont=0.312
NZ_KZ266901.1:8972-9853|+   -            294 4324at2085           -            135   1.4e-06   23.9   3.4   1   1     4e-08   3.4e-06   22.6   3.4    12   115     9   129     3   143 0.63 NZ_KZ266901.1_12 # 8972 # 9853 # 1 # ID=8_12;partial=00;start_type=ATG;rbs_motif=None;rbs_spacer=None;gc_cont=0.293
NZ_KZ266901.1:12175-13032|+ -            286 4324at2085           -            135   6.9e-06   21.6   2.2   1   2       0.6        52   -0.7   0.2    96   117    99   120    87   142 0.60 NZ_KZ266901.1_16 # 12175 # 13032 # 1 # ID=8_16;partial=00;start_type=ATG;rbs_motif=None;rbs_spacer=None;gc_cont=0.282
NZ_KZ266901.1:12175-13032|+ -            286 4324at2085           -            135   6.9e-06   21.6   2.2   2   2   1.1e-07   9.8e-06   21.1   0.2    13    77   156   232   148   241 0.74 NZ_KZ266901.1_16 # 12175 # 13032 # 1 # ID=8_16;partial=00;start_type=ATG;rbs_motif=None;rbs_spacer=None;gc_cont=0.282
NZ_KZ266894.1:31728-32987|+ -            420 4324at2085           -            135   0.00019   16.9   0.1   1   1   6.3e-06   0.00054   15.5   0.1    10   121   157   273   152   283 0.79 NZ_KZ266894.1_26 # 31728 # 32987 # 1 # ID=1_26;partial=00;start_type=ATG;rbs_motif=AGGA;rbs_spacer=5-10bp;gc_cont=0.306
NZ_KZ266900.1:15879-17678|- -            600 4324at2085           -            135    0.0004   15.9   0.1   1   3       1.3   1.1e+02   -1.7   0.1    77   115    30    68    16    78 0.77 NZ_KZ266900.1_16 # 15879 # 17678 # -1 # ID=7_16;partial=00;start_type=ATG;rbs_motif=GGAG/GAGG;rbs_spacer=5-10bp;gc_cont=0.351
NZ_KZ266900.1:15879-17678|- -            600 4324at2085           -            135    0.0004   15.9   0.1   2   3   4.7e-06    0.0004   15.9   0.1    12   123   116   236   112   245 0.79 NZ_KZ266900.1_16 # 15879 # 17678 # -1 # ID=7_16;partial=00;start_type=ATG;rbs_motif=GGAG/GAGG;rbs_spacer=5-10bp;gc_cont=0.351
NZ_KZ266900.1:15879-17678|- -            600 4324at2085           -            135    0.0004   15.9   0.1   3   3       2.5   2.1e+02   -2.7   0.1    90   116   468   494   448   500 0.74 NZ_KZ266900.1_16 # 15879 # 17678 # -1 # ID=7_16;partial=00;start_type=ATG;rbs_motif=GGAG/GAGG;rbs_spacer=5-10bp;gc_cont=0.351
NZ_KZ266906.1:1524-4367|-   -            948 4324at2085           -            135    0.0054   12.2   1.9   1   2     0.085       7.3    2.1   0.0    10    29    32    52    24    59 0.80 NZ_KZ266906.1_3 # 1524 # 4367 # -1 # ID=13_3;partial=00;start_type=ATG;rbs_motif=None;rbs_spacer=None;gc_cont=0.328
NZ_KZ266906.1:1524-4367|-   -            948 4324at2085           -            135    0.0054   12.2   1.9   2   2    0.0016      0.14    7.7   0.4    12    36   641   665   637   676 0.89 NZ_KZ266906.1_3 # 1524 # 4367 # -1 # ID=13_3;partial=00;start_type=ATG;rbs_motif=None;rbs_spacer=None;gc_cont=0.328
#
# Program:         hmmsearch
# Version:         3.4 (Aug 2023)
# Pipeline mode:   SEARCH
# Query file:      /home/bryan/Documentos/GitHub/Project_doctoral/IMPLEMENTACAO/Genomes/M_hyopneumoniae/strains/TB1/Use/busco_downloads/lineages/mycoplasmatales_odb10/hmms/4324at2085.hmm
# Target file:     /home/bryan/Documentos/GitHub/Project_doctoral/IMPLEMENTACAO/Genomes/M_hyopneumoniae/strains/TB1/Use/busco_draft/prodigal_output/predicted_genes/predicted.faa
# Option settings: hmmsearch --domtblout /home/bryan/Documentos/GitHub/Project_doctoral/IMPLEMENTACAO/Genomes/M_hyopneumoniae/strains/TB1/Use/busco_draft/run_mycoplasmatales_odb10/hmmer_output/4324at2085.out --cpu 1 /home/bryan/Documentos/GitHub/Project_doctoral/IMPLEMENTACAO/Genomes/M_hyopneumoniae/strains/TB1/Use/busco_downloads/lineages/mycoplasmatales_odb10/hmms/4324at2085.hmm /home/bryan/Documentos/GitHub/Project_doctoral/IMPLEMENTACAO/Genomes/M_hyopneumoniae/strains/TB1/Use/busco_draft/prodigal_output/predicted_genes/predicted.faa 
# Current dir:     /home/bryan/Documentos/GitHub/Project_doctoral/IMPLEMENTACAO/Genomes/M_hyopneumoniae/strains/TB1/Use
# Date:            Sun Dec  1 19:27:35 2024
# [ok]
