#                                                                                       --- full sequence --- -------------- this domain -------------   hmm coord   ali coord   env coord
# target name                   accession   tlen query name           accession   qlen   E-value  score  bias   #  of  c-Evalue  i-Evalue  score  bias  from    to  from    to  from    to  acc description of target
#           ------------------- ---------- ----- -------------------- ---------- ----- --------- ------ ----- --- --- --------- --------- ------ ----- ----- ----- ----- ----- ----- ----- ---- ---------------------
NZ_AFCG01000006.1:16268-19213|- -            982 543at2085            -            552  9.9e-179  590.4  39.5   1   4     2e-20   5.9e-18   59.7   4.7     1    79     3    91     3   147 0.74 NZ_AFCG01000006.1_17 # 16268 # 19213 # -1 # ID=6_17;partial=00;start_type=ATG;rbs_motif=None;rbs_spacer=None;gc_cont=0.284
NZ_AFCG01000006.1:16268-19213|- -            982 543at2085            -            552  9.9e-179  590.4  39.5   2   4     3e-68   8.9e-66  217.6   0.2    86   255   237   404   231   416 0.92 NZ_AFCG01000006.1_17 # 16268 # 19213 # -1 # ID=6_17;partial=00;start_type=ATG;rbs_motif=None;rbs_spacer=None;gc_cont=0.284
NZ_AFCG01000006.1:16268-19213|- -            982 543at2085            -            552  9.9e-179  590.4  39.5   3   4   1.6e-99   4.8e-97  320.8  18.9   227   542   437   822   430   834 0.82 NZ_AFCG01000006.1_17 # 16268 # 19213 # -1 # ID=6_17;partial=00;start_type=ATG;rbs_motif=None;rbs_spacer=None;gc_cont=0.284
NZ_AFCG01000006.1:16268-19213|- -            982 543at2085            -            552  9.9e-179  590.4  39.5   4   4     0.085        25   -1.8   0.0   104   133   906   934   882   940 0.80 NZ_AFCG01000006.1_17 # 16268 # 19213 # -1 # ID=6_17;partial=00;start_type=ATG;rbs_motif=None;rbs_spacer=None;gc_cont=0.284
NZ_AFCG01000005.1:69085-71541|+ -            819 543at2085            -            552   1.1e-22   75.3  13.4   1   6   1.4e-11   4.3e-09   30.5   0.1   106   169   202   264   188   271 0.90 NZ_AFCG01000005.1_50 # 69085 # 71541 # 1 # ID=5_50;partial=00;start_type=GTG;rbs_motif=None;rbs_spacer=None;gc_cont=0.322
NZ_AFCG01000005.1:69085-71541|+ -            819 543at2085            -            552   1.1e-22   75.3  13.4   2   6   1.6e-05    0.0049   10.5   0.0   171   216   307   352   302   375 0.88 NZ_AFCG01000005.1_50 # 69085 # 71541 # 1 # ID=5_50;partial=00;start_type=GTG;rbs_motif=None;rbs_spacer=None;gc_cont=0.322
NZ_AFCG01000005.1:69085-71541|+ -            819 543at2085            -            552   1.1e-22   75.3  13.4   3   6    0.0014      0.43    4.1   0.1   233   266   400   433   392   486 0.57 NZ_AFCG01000005.1_50 # 69085 # 71541 # 1 # ID=5_50;partial=00;start_type=GTG;rbs_motif=None;rbs_spacer=None;gc_cont=0.322
NZ_AFCG01000005.1:69085-71541|+ -            819 543at2085            -            552   1.1e-22   75.3  13.4   4   6    0.0066         2    1.9   0.0   307   354   516   565   505   584 0.72 NZ_AFCG01000005.1_50 # 69085 # 71541 # 1 # ID=5_50;partial=00;start_type=GTG;rbs_motif=None;rbs_spacer=None;gc_cont=0.322
NZ_AFCG01000005.1:69085-71541|+ -            819 543at2085            -            552   1.1e-22   75.3  13.4   5   6     5e-11   1.5e-08   28.7   0.4   434   472   633   671   618   712 0.77 NZ_AFCG01000005.1_50 # 69085 # 71541 # 1 # ID=5_50;partial=00;start_type=GTG;rbs_motif=None;rbs_spacer=None;gc_cont=0.322
NZ_AFCG01000005.1:69085-71541|+ -            819 543at2085            -            552   1.1e-22   75.3  13.4   6   6    0.0033         1    2.9   0.2   482   545   739   810   716   816 0.80 NZ_AFCG01000005.1_50 # 69085 # 71541 # 1 # ID=5_50;partial=00;start_type=GTG;rbs_motif=None;rbs_spacer=None;gc_cont=0.322
#
# Program:         hmmsearch
# Version:         3.4 (Aug 2023)
# Pipeline mode:   SEARCH
# Query file:      /home/bryan/Documentos/GitHub/Project_doctoral/IMPLEMENTACAO/Genomes/M_flocculare/strains/ATCC27716/Use/busco_downloads/lineages/mycoplasmatales_odb10/hmms/543at2085.hmm
# Target file:     /home/bryan/Documentos/GitHub/Project_doctoral/IMPLEMENTACAO/Genomes/M_flocculare/strains/ATCC27716/Use/busco_draft/prodigal_output/predicted_genes/predicted.faa
# Option settings: hmmsearch --domtblout /home/bryan/Documentos/GitHub/Project_doctoral/IMPLEMENTACAO/Genomes/M_flocculare/strains/ATCC27716/Use/busco_draft/run_mycoplasmatales_odb10/hmmer_output/543at2085.out --cpu 1 /home/bryan/Documentos/GitHub/Project_doctoral/IMPLEMENTACAO/Genomes/M_flocculare/strains/ATCC27716/Use/busco_downloads/lineages/mycoplasmatales_odb10/hmms/543at2085.hmm /home/bryan/Documentos/GitHub/Project_doctoral/IMPLEMENTACAO/Genomes/M_flocculare/strains/ATCC27716/Use/busco_draft/prodigal_output/predicted_genes/predicted.faa 
# Current dir:     /home/bryan/Documentos/GitHub/Project_doctoral/IMPLEMENTACAO/Genomes/M_flocculare/strains/ATCC27716/Use
# Date:            Sun Dec  1 18:42:42 2024
# [ok]
