#                                                                                   --- full sequence --- -------------- this domain -------------   hmm coord   ali coord   env coord
# target name               accession   tlen query name           accession   qlen   E-value  score  bias   #  of  c-Evalue  i-Evalue  score  bias  from    to  from    to  from    to  acc description of target
#       ------------------- ---------- ----- -------------------- ---------- ----- --------- ------ ----- --- --- --------- --------- ------ ----- ----- ----- ----- ----- ----- ----- ---- ---------------------
scf00000000:500778-503039|- -            754 218at2085            -            506  2.9e-135  447.0  43.4   1   4   4.4e-33   8.4e-31  102.3   5.7     1   131     9   167     9   175 0.82 scf00000000_341 # 500778 # 503039 # -1 # ID=1_341;partial=00;start_type=ATG;rbs_motif=GGAGG;rbs_spacer=5-10bp;gc_cont=0.307
scf00000000:500778-503039|- -            754 218at2085            -            506  2.9e-135  447.0  43.4   2   4   2.8e-72   5.4e-70  231.6  19.4    94   377   179   497   170   503 0.80 scf00000000_341 # 500778 # 503039 # -1 # ID=1_341;partial=00;start_type=ATG;rbs_motif=GGAGG;rbs_spacer=5-10bp;gc_cont=0.307
scf00000000:500778-503039|- -            754 218at2085            -            506  2.9e-135  447.0  43.4   3   4   9.5e-32   1.8e-29   97.9   2.3   344   456   511   646   481   665 0.81 scf00000000_341 # 500778 # 503039 # -1 # ID=1_341;partial=00;start_type=ATG;rbs_motif=GGAGG;rbs_spacer=5-10bp;gc_cont=0.307
scf00000000:500778-503039|- -            754 218at2085            -            506  2.9e-135  447.0  43.4   4   4   1.7e-07   3.2e-05   18.0   0.1   465   505   699   749   690   750 0.80 scf00000000_341 # 500778 # 503039 # -1 # ID=1_341;partial=00;start_type=ATG;rbs_motif=GGAGG;rbs_spacer=5-10bp;gc_cont=0.307
scf00000000:437565-437792|- -             76 218at2085            -            506   4.7e-05   17.4   0.0   1   1   2.7e-07   5.2e-05   17.3   0.0     5    44    20    56    16    72 0.76 scf00000000_289 # 437565 # 437792 # -1 # ID=1_289;partial=00;start_type=ATG;rbs_motif=None;rbs_spacer=None;gc_cont=0.285
scf00000000:215331-216029|+ -            233 218at2085            -            506   0.00023   15.1   1.5   1   2     0.014       2.6    1.7   0.1    72   114    74   115    52   117 0.86 scf00000000_153 # 215331 # 216029 # 1 # ID=1_153;partial=00;start_type=ATG;rbs_motif=GGA/GAG/AGG;rbs_spacer=5-10bp;gc_cont=0.300
scf00000000:215331-216029|+ -            233 218at2085            -            506   0.00023   15.1   1.5   2   2     1e-05    0.0019   12.1   0.3   207   282   145   222   126   231 0.78 scf00000000_153 # 215331 # 216029 # 1 # ID=1_153;partial=00;start_type=ATG;rbs_motif=GGA/GAG/AGG;rbs_spacer=5-10bp;gc_cont=0.300
#
# Program:         hmmsearch
# Version:         3.4 (Aug 2023)
# Pipeline mode:   SEARCH
# Query file:      /home/bryan/Documentos/GitHub/Project_doctoral/IMPLEMENTACAO/Genomes/M_flocculare/strains/MF22/Use/busco_downloads/lineages/mycoplasmatales_odb10/hmms/218at2085.hmm
# Target file:     /home/bryan/Documentos/GitHub/Project_doctoral/IMPLEMENTACAO/Genomes/M_flocculare/strains/MF22/Use/busco_complete/prodigal_output/predicted_genes/predicted.faa
# Option settings: hmmsearch --domtblout /home/bryan/Documentos/GitHub/Project_doctoral/IMPLEMENTACAO/Genomes/M_flocculare/strains/MF22/Use/busco_complete/run_mycoplasmatales_odb10/hmmer_output/218at2085.out --cpu 1 /home/bryan/Documentos/GitHub/Project_doctoral/IMPLEMENTACAO/Genomes/M_flocculare/strains/MF22/Use/busco_downloads/lineages/mycoplasmatales_odb10/hmms/218at2085.hmm /home/bryan/Documentos/GitHub/Project_doctoral/IMPLEMENTACAO/Genomes/M_flocculare/strains/MF22/Use/busco_complete/prodigal_output/predicted_genes/predicted.faa 
# Current dir:     /home/bryan/Documentos/GitHub/Project_doctoral/IMPLEMENTACAO/Genomes/M_flocculare/strains/MF22/Use
# Date:            Sun Dec  1 18:44:07 2024
# [ok]
