#                                                                                   --- full sequence --- -------------- this domain -------------   hmm coord   ali coord   env coord
# target name               accession   tlen query name           accession   qlen   E-value  score  bias   #  of  c-Evalue  i-Evalue  score  bias  from    to  from    to  from    to  acc description of target
#       ------------------- ---------- ----- -------------------- ---------- ----- --------- ------ ----- --- --- --------- --------- ------ ----- ----- ----- ----- ----- ----- ----- ---- ---------------------
scf00000000:174990-176786|+ -            599 501at2085            -            526  8.3e-247  815.0   6.9   1   1    1e-248  1.2e-246  814.5   6.9     1   526     1   594     1   594 0.93 scf00000000_126 # 174990 # 176786 # 1 # ID=1_126;partial=00;start_type=ATG;rbs_motif=None;rbs_spacer=None;gc_cont=0.336
scf00000000:178172-180256|- -            695 501at2085            -            526   1.4e-46  154.3   1.5   1   4   1.1e-36   1.2e-34  114.9   0.2     4   160     8   169     5   187 0.85 scf00000000_128 # 178172 # 180256 # -1 # ID=1_128;partial=00;start_type=ATG;rbs_motif=AGGA;rbs_spacer=5-10bp;gc_cont=0.372
scf00000000:178172-180256|- -            695 501at2085            -            526   1.4e-46  154.3   1.5   2   4      0.47        54   -2.7   0.0   152   173   260   281   244   290 0.83 scf00000000_128 # 178172 # 180256 # -1 # ID=1_128;partial=00;start_type=ATG;rbs_motif=AGGA;rbs_spacer=5-10bp;gc_cont=0.372
scf00000000:178172-180256|- -            695 501at2085            -            526   1.4e-46  154.3   1.5   3   4   1.4e-11   1.6e-09   32.1   0.1   171   339   302   485   292   498 0.64 scf00000000_128 # 178172 # 180256 # -1 # ID=1_128;partial=00;start_type=ATG;rbs_motif=AGGA;rbs_spacer=5-10bp;gc_cont=0.372
scf00000000:178172-180256|- -            695 501at2085            -            526   1.4e-46  154.3   1.5   4   4    0.0051      0.58    3.8   0.0   350   411   607   675   595   691 0.77 scf00000000_128 # 178172 # 180256 # -1 # ID=1_128;partial=00;start_type=ATG;rbs_motif=AGGA;rbs_spacer=5-10bp;gc_cont=0.372
scf00000000:628560-630359|- -            600 501at2085            -            526   1.2e-20   68.7   5.4   1   2   4.4e-22     5e-20   66.7   3.1    10   196   117   308   115   321 0.78 scf00000000_471 # 628560 # 630359 # -1 # ID=1_471;partial=00;start_type=ATG;rbs_motif=GGAG/GAGG;rbs_spacer=5-10bp;gc_cont=0.347
scf00000000:628560-630359|- -            600 501at2085            -            526   1.2e-20   68.7   5.4   2   2      0.26        29   -1.8   0.0   382   408   480   506   460   518 0.71 scf00000000_471 # 628560 # 630359 # -1 # ID=1_471;partial=00;start_type=ATG;rbs_motif=GGAG/GAGG;rbs_spacer=5-10bp;gc_cont=0.347
scf00000000:272193-273401|+ -            403 501at2085            -            526   2.6e-18   61.1   3.2   1   2   4.4e-20     5e-18   60.1   0.3     8   140    20   155    14   168 0.88 scf00000000_194 # 272193 # 273401 # 1 # ID=1_194;partial=00;start_type=ATG;rbs_motif=AGGA;rbs_spacer=5-10bp;gc_cont=0.404
scf00000000:272193-273401|+ -            403 501at2085            -            526   2.6e-18   61.1   3.2   2   2     0.026         3    1.4   0.2   161   256   205   309   194   325 0.67 scf00000000_194 # 272193 # 273401 # 1 # ID=1_194;partial=00;start_type=ATG;rbs_motif=AGGA;rbs_spacer=5-10bp;gc_cont=0.404
scf00000000:173122-174435|+ -            438 501at2085            -            526   5.5e-14   46.8   2.8   1   2   8.7e-06     0.001   12.9   0.4    63   172    46   162     5   172 0.83 scf00000000_123 # 173122 # 174435 # 1 # ID=1_123;partial=00;start_type=ATG;rbs_motif=None;rbs_spacer=None;gc_cont=0.300
scf00000000:173122-174435|+ -            438 501at2085            -            526   5.5e-14   46.8   2.8   2   2   3.7e-12   4.2e-10   34.0   0.1    67   168   218   340   166   383 0.77 scf00000000_123 # 173122 # 174435 # 1 # ID=1_123;partial=00;start_type=ATG;rbs_motif=None;rbs_spacer=None;gc_cont=0.300
#
# Program:         hmmsearch
# Version:         3.4 (Aug 2023)
# Pipeline mode:   SEARCH
# Query file:      /home/bryan/Documentos/GitHub/Project_doctoral/IMPLEMENTACAO/Genomes/M_flocculare/strains/MF22/Use/busco_downloads/lineages/mycoplasmatales_odb10/hmms/501at2085.hmm
# Target file:     /home/bryan/Documentos/GitHub/Project_doctoral/IMPLEMENTACAO/Genomes/M_flocculare/strains/MF22/Use/busco_complete/prodigal_output/predicted_genes/predicted.faa
# Option settings: hmmsearch --domtblout /home/bryan/Documentos/GitHub/Project_doctoral/IMPLEMENTACAO/Genomes/M_flocculare/strains/MF22/Use/busco_complete/run_mycoplasmatales_odb10/hmmer_output/501at2085.out --cpu 1 /home/bryan/Documentos/GitHub/Project_doctoral/IMPLEMENTACAO/Genomes/M_flocculare/strains/MF22/Use/busco_downloads/lineages/mycoplasmatales_odb10/hmms/501at2085.hmm /home/bryan/Documentos/GitHub/Project_doctoral/IMPLEMENTACAO/Genomes/M_flocculare/strains/MF22/Use/busco_complete/prodigal_output/predicted_genes/predicted.faa 
# Current dir:     /home/bryan/Documentos/GitHub/Project_doctoral/IMPLEMENTACAO/Genomes/M_flocculare/strains/MF22/Use
# Date:            Sun Dec  1 18:44:10 2024
# [ok]
