#                                                                                   --- full sequence --- -------------- this domain -------------   hmm coord   ali coord   env coord
# target name               accession   tlen query name           accession   qlen   E-value  score  bias   #  of  c-Evalue  i-Evalue  score  bias  from    to  from    to  from    to  acc description of target
#       ------------------- ---------- ----- -------------------- ---------- ----- --------- ------ ----- --- --- --------- --------- ------ ----- ----- ----- ----- ----- ----- ----- ---- ---------------------
scf00000000:85845-88316|+   -            824 534at2085            -            678  6.3e-261  862.5  57.2   1   2  8.5e-254  1.2e-251  831.8  43.8    14   646    28   734     1   755 0.86 scf00000000_54 # 85845 # 88316 # 1 # ID=1_54;partial=00;start_type=ATG;rbs_motif=GGA/GAG/AGG;rbs_spacer=5-10bp;gc_cont=0.286
scf00000000:85845-88316|+   -            824 534at2085            -            678  6.3e-261  862.5  57.2   2   2   2.2e-11   3.2e-09   30.6   8.1   607   678   746   819   738   819 0.80 scf00000000_54 # 85845 # 88316 # 1 # ID=1_54;partial=00;start_type=ATG;rbs_motif=GGA/GAG/AGG;rbs_spacer=5-10bp;gc_cont=0.286
scf00000000:119357-122017|- -            887 534at2085            -            678   4.4e-65  215.2  30.1   1   3   1.3e-25   1.9e-23   77.6   0.6     3   206    36   245    34   266 0.83 scf00000000_82 # 119357 # 122017 # -1 # ID=1_82;partial=00;start_type=ATG;rbs_motif=AGGA;rbs_spacer=5-10bp;gc_cont=0.297
scf00000000:119357-122017|- -            887 534at2085            -            678   4.4e-65  215.2  30.1   2   3     4e-20   5.7e-18   59.5   0.2   217   384   293   470   287   484 0.82 scf00000000_82 # 119357 # 122017 # -1 # ID=1_82;partial=00;start_type=ATG;rbs_motif=AGGA;rbs_spacer=5-10bp;gc_cont=0.297
scf00000000:119357-122017|- -            887 534at2085            -            678   4.4e-65  215.2  30.1   3   3   6.4e-28   9.2e-26   85.3  17.9   376   668   492   788   480   812 0.74 scf00000000_82 # 119357 # 122017 # -1 # ID=1_82;partial=00;start_type=ATG;rbs_motif=AGGA;rbs_spacer=5-10bp;gc_cont=0.297
scf00000000:33528-35900|-   -            791 534at2085            -            678   5.8e-43  142.1  21.9   1   6   2.4e-14   3.5e-12   40.4   0.2     5   168    16   170    12   176 0.83 scf00000000_25 # 33528 # 35900 # -1 # ID=1_25;partial=00;start_type=ATG;rbs_motif=None;rbs_spacer=None;gc_cont=0.303
scf00000000:33528-35900|-   -            791 534at2085            -            678   5.8e-43  142.1  21.9   2   6   1.8e-05    0.0026   11.1   0.1   308   365   177   233   172   235 0.90 scf00000000_25 # 33528 # 35900 # -1 # ID=1_25;partial=00;start_type=ATG;rbs_motif=None;rbs_spacer=None;gc_cont=0.303
scf00000000:33528-35900|-   -            791 534at2085            -            678   5.8e-43  142.1  21.9   3   6    0.0035       0.5    3.5   0.0   178   209   233   265   231   278 0.84 scf00000000_25 # 33528 # 35900 # -1 # ID=1_25;partial=00;start_type=ATG;rbs_motif=None;rbs_spacer=None;gc_cont=0.303
scf00000000:33528-35900|-   -            791 534at2085            -            678   5.8e-43  142.1  21.9   4   6   3.3e-10   4.6e-08   26.8   0.2   215   299   301   390   295   398 0.86 scf00000000_25 # 33528 # 35900 # -1 # ID=1_25;partial=00;start_type=ATG;rbs_motif=None;rbs_spacer=None;gc_cont=0.303
scf00000000:33528-35900|-   -            791 534at2085            -            678   5.8e-43  142.1  21.9   5   6   3.7e-05    0.0053   10.1   0.0   360   387   399   426   393   440 0.83 scf00000000_25 # 33528 # 35900 # -1 # ID=1_25;partial=00;start_type=ATG;rbs_motif=None;rbs_spacer=None;gc_cont=0.303
scf00000000:33528-35900|-   -            791 534at2085            -            678   5.8e-43  142.1  21.9   6   6   1.3e-19   1.9e-17   57.8   5.9   437   639   530   752   506   785 0.75 scf00000000_25 # 33528 # 35900 # -1 # ID=1_25;partial=00;start_type=ATG;rbs_motif=None;rbs_spacer=None;gc_cont=0.303
seq00000020:9500-11044|+    -            515 534at2085            -            678   3.3e-14   47.1  23.8   1   2   1.3e-09   1.8e-07   24.8   1.9    18   156     3   129     1   148 0.78 seq00000020_9 # 9500 # 11044 # 1 # ID=2_9;partial=00;start_type=ATG;rbs_motif=GGA/GAG/AGG;rbs_spacer=5-10bp;gc_cont=0.275
seq00000020:9500-11044|+    -            515 534at2085            -            678   3.3e-14   47.1  23.8   2   2     6e-10   8.5e-08   25.9  14.7   309   540   148   378   127   476 0.72 seq00000020_9 # 9500 # 11044 # 1 # ID=2_9;partial=00;start_type=ATG;rbs_motif=GGA/GAG/AGG;rbs_spacer=5-10bp;gc_cont=0.275
#
# Program:         hmmsearch
# Version:         3.4 (Aug 2023)
# Pipeline mode:   SEARCH
# Query file:      /home/bryan/Documentos/GitHub/Project_doctoral/IMPLEMENTACAO/Genomes/M_flocculare/strains/MF22/Use/busco_downloads/lineages/mycoplasmatales_odb10/hmms/534at2085.hmm
# Target file:     /home/bryan/Documentos/GitHub/Project_doctoral/IMPLEMENTACAO/Genomes/M_flocculare/strains/MF22/Use/busco_complete/prodigal_output/predicted_genes/predicted.faa
# Option settings: hmmsearch --domtblout /home/bryan/Documentos/GitHub/Project_doctoral/IMPLEMENTACAO/Genomes/M_flocculare/strains/MF22/Use/busco_complete/run_mycoplasmatales_odb10/hmmer_output/534at2085.out --cpu 1 /home/bryan/Documentos/GitHub/Project_doctoral/IMPLEMENTACAO/Genomes/M_flocculare/strains/MF22/Use/busco_downloads/lineages/mycoplasmatales_odb10/hmms/534at2085.hmm /home/bryan/Documentos/GitHub/Project_doctoral/IMPLEMENTACAO/Genomes/M_flocculare/strains/MF22/Use/busco_complete/prodigal_output/predicted_genes/predicted.faa 
# Current dir:     /home/bryan/Documentos/GitHub/Project_doctoral/IMPLEMENTACAO/Genomes/M_flocculare/strains/MF22/Use
# Date:            Sun Dec  1 18:44:11 2024
# [ok]
