#                                                                                       --- full sequence --- -------------- this domain -------------   hmm coord   ali coord   env coord
# target name                   accession   tlen query name           accession   qlen   E-value  score  bias   #  of  c-Evalue  i-Evalue  score  bias  from    to  from    to  from    to  acc description of target
#           ------------------- ---------- ----- -------------------- ---------- ----- --------- ------ ----- --- --- --------- --------- ------ ----- ----- ----- ----- ----- ----- ----- ---- ---------------------
NZ_QQRJ01000025.1:1467-4310|-   -            948 111at2085            -            770         0 1167.5  25.3   1   3   2.2e-85   8.6e-84  277.3   1.3     1   184    11   218    11   234 0.89 NZ_QQRJ01000025.1_3 # 1467 # 4310 # -1 # ID=17_3;partial=00;start_type=ATG;rbs_motif=None;rbs_spacer=None;gc_cont=0.328
NZ_QQRJ01000025.1:1467-4310|-   -            948 111at2085            -            770         0 1167.5  25.3   2   3   1.8e-36     7e-35  115.6   0.4   185   344   254   454   247   459 0.81 NZ_QQRJ01000025.1_3 # 1467 # 4310 # -1 # ID=17_3;partial=00;start_type=ATG;rbs_motif=None;rbs_spacer=None;gc_cont=0.328
NZ_QQRJ01000025.1:1467-4310|-   -            948 111at2085            -            770         0 1167.5  25.3   3   3    4e-235  1.5e-233  772.5  10.9   321   770   458   944   450   944 0.95 NZ_QQRJ01000025.1_3 # 1467 # 4310 # -1 # ID=17_3;partial=00;start_type=ATG;rbs_motif=None;rbs_spacer=None;gc_cont=0.328
NZ_QQRJ01000003.1:64180-65709|+ -            510 111at2085            -            770   4.3e-18   60.1   4.6   1   4    0.0031      0.12    5.7   0.1    11    38    26    53    21   109 0.82 NZ_QQRJ01000003.1_42 # 64180 # 65709 # 1 # ID=32_42;partial=00;start_type=TTG;rbs_motif=GGAGG;rbs_spacer=5-10bp;gc_cont=0.322
NZ_QQRJ01000003.1:64180-65709|+ -            510 111at2085            -            770   4.3e-18   60.1   4.6   2   4   5.4e-08   2.1e-06   21.4   0.0   662   735   151   222   131   237 0.86 NZ_QQRJ01000003.1_42 # 64180 # 65709 # 1 # ID=32_42;partial=00;start_type=TTG;rbs_motif=GGAGG;rbs_spacer=5-10bp;gc_cont=0.322
NZ_QQRJ01000003.1:64180-65709|+ -            510 111at2085            -            770   4.3e-18   60.1   4.6   3   4     0.029       1.1    2.5   0.0     3    40   273   310   271   319 0.86 NZ_QQRJ01000003.1_42 # 64180 # 65709 # 1 # ID=32_42;partial=00;start_type=TTG;rbs_motif=GGAGG;rbs_spacer=5-10bp;gc_cont=0.322
NZ_QQRJ01000003.1:64180-65709|+ -            510 111at2085            -            770   4.3e-18   60.1   4.6   4   4   1.9e-10   7.5e-09   29.5   0.1   658   738   405   483   368   506 0.84 NZ_QQRJ01000003.1_42 # 64180 # 65709 # 1 # ID=32_42;partial=00;start_type=TTG;rbs_motif=GGAGG;rbs_spacer=5-10bp;gc_cont=0.322
NZ_QQRJ01000011.1:7693-10011|-  -            773 111at2085            -            770   4.1e-15   50.3   3.3   1   2     5e-06    0.0002   14.9   0.2   484   513    17    46     5    53 0.88 NZ_QQRJ01000011.1_7 # 7693 # 10011 # -1 # ID=2_7;partial=00;start_type=ATG;rbs_motif=None;rbs_spacer=None;gc_cont=0.261
NZ_QQRJ01000011.1:7693-10011|-  -            773 111at2085            -            770   4.1e-15   50.3   3.3   2   2   2.5e-12   9.7e-11   35.8   0.3   645   738   110   200    60   206 0.76 NZ_QQRJ01000011.1_7 # 7693 # 10011 # -1 # ID=2_7;partial=00;start_type=ATG;rbs_motif=None;rbs_spacer=None;gc_cont=0.261
NZ_QQRJ01000001.1:56018-57556|+ -            513 111at2085            -            770   2.4e-14   47.7  13.3   1   4     0.026         1    2.7   0.2   484   512    22    50    13    57 0.84 NZ_QQRJ01000001.1_37 # 56018 # 57556 # 1 # ID=11_37;partial=00;start_type=TTG;rbs_motif=AGGA;rbs_spacer=5-10bp;gc_cont=0.318
NZ_QQRJ01000001.1:56018-57556|+ -            513 111at2085            -            770   2.4e-14   47.7  13.3   2   4     2e-08   7.7e-07   22.9   0.1   648   736   130   215   113   223 0.81 NZ_QQRJ01000001.1_37 # 56018 # 57556 # 1 # ID=11_37;partial=00;start_type=TTG;rbs_motif=AGGA;rbs_spacer=5-10bp;gc_cont=0.318
NZ_QQRJ01000001.1:56018-57556|+ -            513 111at2085            -            770   2.4e-14   47.7  13.3   3   4     0.004      0.16    5.3   0.1   479   511   278   310   267   319 0.61 NZ_QQRJ01000001.1_37 # 56018 # 57556 # 1 # ID=11_37;partial=00;start_type=TTG;rbs_motif=AGGA;rbs_spacer=5-10bp;gc_cont=0.318
NZ_QQRJ01000001.1:56018-57556|+ -            513 111at2085            -            770   2.4e-14   47.7  13.3   4   4   1.7e-08   6.6e-07   23.1   1.3   643   736   391   482   361   508 0.78 NZ_QQRJ01000001.1_37 # 56018 # 57556 # 1 # ID=11_37;partial=00;start_type=TTG;rbs_motif=AGGA;rbs_spacer=5-10bp;gc_cont=0.318
NZ_QQRJ01000014.1:22263-23165|+ -            301 111at2085            -            770   2.2e-13   44.5   0.0   1   2   0.00028     0.011    9.2   0.0   482   513    21    52     6    60 0.89 NZ_QQRJ01000014.1_20 # 22263 # 23165 # 1 # ID=5_20;partial=00;start_type=ATG;rbs_motif=GGA/GAG/AGG;rbs_spacer=5-10bp;gc_cont=0.306
NZ_QQRJ01000014.1:22263-23165|+ -            301 111at2085            -            770   2.2e-13   44.5   0.0   2   2   1.4e-11   5.6e-10   33.3   0.0   645   729   140   221   120   231 0.92 NZ_QQRJ01000014.1_20 # 22263 # 23165 # 1 # ID=5_20;partial=00;start_type=ATG;rbs_motif=GGA/GAG/AGG;rbs_spacer=5-10bp;gc_cont=0.306
NZ_QQRJ01000023.1:357-2684|-    -            776 111at2085            -            770   2.3e-13   44.5   2.2   1   2   1.6e-05   0.00064   13.2   0.1   484   513    17    46     5    55 0.87 NZ_QQRJ01000023.1_2 # 357 # 2684 # -1 # ID=15_2;partial=00;start_type=ATG;rbs_motif=None;rbs_spacer=None;gc_cont=0.263
NZ_QQRJ01000023.1:357-2684|-    -            776 111at2085            -            770   2.3e-13   44.5   2.2   2   2   1.1e-10   4.2e-09   30.4   0.1   654   739   118   200   104   205 0.86 NZ_QQRJ01000023.1_2 # 357 # 2684 # -1 # ID=15_2;partial=00;start_type=ATG;rbs_motif=None;rbs_spacer=None;gc_cont=0.263
NZ_QQRJ01000001.1:39078-40130|- -            351 111at2085            -            770   5.8e-12   39.8   0.6   1   2     0.003      0.12    5.8   0.1    11    37    30    56    17    66 0.78 NZ_QQRJ01000001.1_24 # 39078 # 40130 # -1 # ID=11_24;partial=00;start_type=ATG;rbs_motif=GGxGG;rbs_spacer=5-10bp;gc_cont=0.329
NZ_QQRJ01000001.1:39078-40130|- -            351 111at2085            -            770   5.8e-12   39.8   0.6   2   2   2.4e-11   9.3e-10   32.5   0.1   632   754   124   245   110   253 0.76 NZ_QQRJ01000001.1_24 # 39078 # 40130 # -1 # ID=11_24;partial=00;start_type=ATG;rbs_motif=GGxGG;rbs_spacer=5-10bp;gc_cont=0.329
NZ_QQRJ01000002.1:75411-76571|+ -            387 111at2085            -            770     2e-10   34.7   0.6   1   2   0.00016    0.0061   10.0   0.0   479   512    18    51     3    65 0.78 NZ_QQRJ01000002.1_59 # 75411 # 76571 # 1 # ID=21_59;partial=00;start_type=ATG;rbs_motif=3Base/5BMM;rbs_spacer=13-15bp;gc_cont=0.258
NZ_QQRJ01000002.1:75411-76571|+ -            387 111at2085            -            770     2e-10   34.7   0.6   2   2   2.1e-08     8e-07   22.8   0.1   658   756   187   278   154   292 0.78 NZ_QQRJ01000002.1_59 # 75411 # 76571 # 1 # ID=21_59;partial=00;start_type=ATG;rbs_motif=3Base/5BMM;rbs_spacer=13-15bp;gc_cont=0.258
NZ_QQRJ01000014.1:21472-22290|+ -            273 111at2085            -            770   5.5e-10   33.3   1.7   1   2   8.6e-05    0.0033   10.9   0.1   482   510    18    46     9    55 0.86 NZ_QQRJ01000014.1_19 # 21472 # 22290 # 1 # ID=5_19;partial=00;start_type=ATG;rbs_motif=GGA/GAG/AGG;rbs_spacer=5-10bp;gc_cont=0.306
NZ_QQRJ01000014.1:21472-22290|+ -            273 111at2085            -            770   5.5e-10   33.3   1.7   2   2   3.8e-08   1.5e-06   21.9   0.2   657   757   131   223    93   231 0.83 NZ_QQRJ01000014.1_19 # 21472 # 22290 # 1 # ID=5_19;partial=00;start_type=ATG;rbs_motif=GGA/GAG/AGG;rbs_spacer=5-10bp;gc_cont=0.306
NZ_QQRJ01000001.1:96873-98207|- -            445 111at2085            -            770   5.9e-09   29.9   5.8   1   2    0.0021     0.083    6.2   0.0   483   511    25    53    18    57 0.80 NZ_QQRJ01000001.1_67 # 96873 # 98207 # -1 # ID=11_67;partial=00;start_type=ATG;rbs_motif=GGA/GAG/AGG;rbs_spacer=11-12bp;gc_cont=0.306
NZ_QQRJ01000001.1:96873-98207|- -            445 111at2085            -            770   5.9e-09   29.9   5.8   2   2     1e-08     4e-07   23.8   3.3   241   426   120   302   107   314 0.72 NZ_QQRJ01000001.1_67 # 96873 # 98207 # -1 # ID=11_67;partial=00;start_type=ATG;rbs_motif=GGA/GAG/AGG;rbs_spacer=11-12bp;gc_cont=0.306
NZ_QQRJ01000017.1:8102-8998|-   -            299 111at2085            -            770   1.5e-08   28.5   1.3   1   2   0.00036     0.014    8.8   0.1   484   512    80   108    65   125 0.88 NZ_QQRJ01000017.1_5 # 8102 # 8998 # -1 # ID=8_5;partial=00;start_type=GTG;rbs_motif=AGGAG;rbs_spacer=5-10bp;gc_cont=0.357
NZ_QQRJ01000017.1:8102-8998|-   -            299 111at2085            -            770   1.5e-08   28.5   1.3   2   2   3.5e-07   1.4e-05   18.7   0.2   645   738   181   271   161   278 0.84 NZ_QQRJ01000017.1_5 # 8102 # 8998 # -1 # ID=8_5;partial=00;start_type=GTG;rbs_motif=AGGAG;rbs_spacer=5-10bp;gc_cont=0.357
NZ_QQRJ01000002.1:47787-48557|+ -            257 111at2085            -            770   2.2e-07   24.7   2.8   1   2    0.0031      0.12    5.7   0.1   479   513    22    56    14    70 0.77 NZ_QQRJ01000002.1_42 # 47787 # 48557 # 1 # ID=21_42;partial=00;start_type=ATG;rbs_motif=None;rbs_spacer=None;gc_cont=0.267
NZ_QQRJ01000002.1:47787-48557|+ -            257 111at2085            -            770   2.2e-07   24.7   2.8   2   2   2.3e-07   8.8e-06   19.4   0.5   647   734   138   222    92   234 0.76 NZ_QQRJ01000002.1_42 # 47787 # 48557 # 1 # ID=21_42;partial=00;start_type=ATG;rbs_motif=None;rbs_spacer=None;gc_cont=0.267
NZ_QQRJ01000008.1:1782-3296|+   -            505 111at2085            -            770   2.2e-07   24.7   9.0   1   4     0.075       2.9    1.1   0.0    14   512    26    51    19    71 0.65 NZ_QQRJ01000008.1_2 # 1782 # 3296 # 1 # ID=57_2;partial=00;start_type=ATG;rbs_motif=None;rbs_spacer=None;gc_cont=0.327
NZ_QQRJ01000008.1:1782-3296|+   -            505 111at2085            -            770   2.2e-07   24.7   9.0   2   4   7.1e-08   2.8e-06   21.0   0.3   642   731   122   208   114   219 0.84 NZ_QQRJ01000008.1_2 # 1782 # 3296 # 1 # ID=57_2;partial=00;start_type=ATG;rbs_motif=None;rbs_spacer=None;gc_cont=0.327
NZ_QQRJ01000008.1:1782-3296|+   -            505 111at2085            -            770   2.2e-07   24.7   9.0   3   4      0.13       5.1    0.3   0.1   480   507   270   297   209   311 0.58 NZ_QQRJ01000008.1_2 # 1782 # 3296 # 1 # ID=57_2;partial=00;start_type=ATG;rbs_motif=None;rbs_spacer=None;gc_cont=0.327
NZ_QQRJ01000008.1:1782-3296|+   -            505 111at2085            -            770   2.2e-07   24.7   9.0   4   4    0.0065      0.25    4.6   0.4   658   736   401   477   371   484 0.85 NZ_QQRJ01000008.1_2 # 1782 # 3296 # 1 # ID=57_2;partial=00;start_type=ATG;rbs_motif=None;rbs_spacer=None;gc_cont=0.327
NZ_QQRJ01000003.1:38874-40205|+ -            444 111at2085            -            770   4.7e-07   23.6   2.0   1   2     0.031       1.2    2.4   0.1     8    36    60    88    53    95 0.64 NZ_QQRJ01000003.1_28 # 38874 # 40205 # 1 # ID=32_28;partial=00;start_type=ATG;rbs_motif=GGAG/GAGG;rbs_spacer=5-10bp;gc_cont=0.291
NZ_QQRJ01000003.1:38874-40205|+ -            444 111at2085            -            770   4.7e-07   23.6   2.0   2   2   9.9e-08   3.9e-06   20.6   0.3   639   731   256   346   116   365 0.87 NZ_QQRJ01000003.1_28 # 38874 # 40205 # 1 # ID=32_28;partial=00;start_type=ATG;rbs_motif=GGAG/GAGG;rbs_spacer=5-10bp;gc_cont=0.291
NZ_QQRJ01000023.1:3-284|-       -             94 111at2085            -            770   3.4e-06   20.7   0.3   1   1   1.1e-07   4.2e-06   20.5   0.3   477   513    10    46     4    56 0.86 NZ_QQRJ01000023.1_1 # 3 # 284 # -1 # ID=15_1;partial=10;start_type=ATG;rbs_motif=None;rbs_spacer=None;gc_cont=0.252
NZ_QQRJ01000036.1:3-284|-       -             94 111at2085            -            770   0.00011   15.8   0.4   1   1   3.3e-06   0.00013   15.5   0.4   481   514    14    47     4    55 0.85 NZ_QQRJ01000036.1_1 # 3 # 284 # -1 # ID=29_1;partial=10;start_type=ATG;rbs_motif=None;rbs_spacer=None;gc_cont=0.234
NZ_QQRJ01000052.1:3-284|-       -             94 111at2085            -            770   0.00034   14.1   0.0   1   1   1.1e-05   0.00043   13.8   0.0   652   698    47    90     5    93 0.77 NZ_QQRJ01000052.1_1 # 3 # 284 # -1 # ID=47_1;partial=11;start_type=Edge;rbs_motif=None;rbs_spacer=None;gc_cont=0.294
NZ_QQRJ01000003.1:32102-33718|- -            539 111at2085            -            770   0.00061   13.3   2.6   1   3     0.037       1.4    2.1   0.1   481   512    14    45     8    66 0.82 NZ_QQRJ01000003.1_23 # 32102 # 33718 # -1 # ID=32_23;partial=00;start_type=ATG;rbs_motif=AGGA;rbs_spacer=5-10bp;gc_cont=0.330
NZ_QQRJ01000003.1:32102-33718|- -            539 111at2085            -            770   0.00061   13.3   2.6   2   3    0.0035      0.14    5.5   0.1   674   738   166   225   149   231 0.74 NZ_QQRJ01000003.1_23 # 32102 # 33718 # -1 # ID=32_23;partial=00;start_type=ATG;rbs_motif=AGGA;rbs_spacer=5-10bp;gc_cont=0.330
NZ_QQRJ01000003.1:32102-33718|- -            539 111at2085            -            770   0.00061   13.3   2.6   3   3      0.01      0.41    3.9   0.0   661   740   445   519   439   526 0.84 NZ_QQRJ01000003.1_23 # 32102 # 33718 # -1 # ID=32_23;partial=00;start_type=ATG;rbs_motif=AGGA;rbs_spacer=5-10bp;gc_cont=0.330
#
# Program:         hmmsearch
# Version:         3.4 (Aug 2023)
# Pipeline mode:   SEARCH
# Query file:      /home/lgef/Documentos/GitHub/Project_doctoral/IMPLEMENTACAO/Genomes/M_hyopneumoniae/MHP_ncbi_dataset/ncbi_dataset/data/strains/MHP709/Use/busco_downloads/lineages/mycoplasmatales_odb10/hmms/111at2085.hmm
# Target file:     /home/lgef/Documentos/GitHub/Project_doctoral/IMPLEMENTACAO/Genomes/M_hyopneumoniae/MHP_ncbi_dataset/ncbi_dataset/data/strains/MHP709/Use/busco_draft/prodigal_output/predicted_genes/predicted.faa
# Option settings: hmmsearch --domtblout /home/lgef/Documentos/GitHub/Project_doctoral/IMPLEMENTACAO/Genomes/M_hyopneumoniae/MHP_ncbi_dataset/ncbi_dataset/data/strains/MHP709/Use/busco_draft/run_mycoplasmatales_odb10/hmmer_output/111at2085.out --cpu 1 /home/lgef/Documentos/GitHub/Project_doctoral/IMPLEMENTACAO/Genomes/M_hyopneumoniae/MHP_ncbi_dataset/ncbi_dataset/data/strains/MHP709/Use/busco_downloads/lineages/mycoplasmatales_odb10/hmms/111at2085.hmm /home/lgef/Documentos/GitHub/Project_doctoral/IMPLEMENTACAO/Genomes/M_hyopneumoniae/MHP_ncbi_dataset/ncbi_dataset/data/strains/MHP709/Use/busco_draft/prodigal_output/predicted_genes/predicted.faa 
# Current dir:     /home/lgef/Documentos/GitHub/Project_doctoral/IMPLEMENTACAO/Genomes/M_hyopneumoniae/MHP_ncbi_dataset/ncbi_dataset/data/strains/MHP709/Use
# Date:            Thu Nov 28 19:36:26 2024
# [ok]
