#                                                                                       --- full sequence --- -------------- this domain -------------   hmm coord   ali coord   env coord
# target name                   accession   tlen query name           accession   qlen   E-value  score  bias   #  of  c-Evalue  i-Evalue  score  bias  from    to  from    to  from    to  acc description of target
#           ------------------- ---------- ----- -------------------- ---------- ----- --------- ------ ----- --- --- --------- --------- ------ ----- ----- ----- ----- ----- ----- ----- ---- ---------------------
NZ_QQRJ01000024.1:1914-3017|+   -            368 1683at2085           -            284  9.1e-104  342.1  14.5   1   3   2.3e-71   2.7e-69  229.0   2.1     1   162     1   168     1   175 0.94 NZ_QQRJ01000024.1_4 # 1914 # 3017 # 1 # ID=16_4;partial=00;start_type=ATG;rbs_motif=None;rbs_spacer=None;gc_cont=0.302
NZ_QQRJ01000024.1:1914-3017|+   -            368 1683at2085           -            284  9.1e-104  342.1  14.5   2   3     8e-08   9.3e-06   20.5   0.2   155   187   182   214   167   222 0.82 NZ_QQRJ01000024.1_4 # 1914 # 3017 # 1 # ID=16_4;partial=00;start_type=ATG;rbs_motif=None;rbs_spacer=None;gc_cont=0.302
NZ_QQRJ01000024.1:1914-3017|+   -            368 1683at2085           -            284  9.1e-104  342.1  14.5   3   3   7.4e-32   8.6e-30   99.4   1.5   185   284   238   365   222   365 0.75 NZ_QQRJ01000024.1_4 # 1914 # 3017 # 1 # ID=16_4;partial=00;start_type=ATG;rbs_motif=None;rbs_spacer=None;gc_cont=0.302
NZ_QQRJ01000004.1:58210-59469|- -            420 1683at2085           -            284   1.7e-16   55.8   5.4   1   1   3.4e-17     4e-15   51.2   5.5     4   135   158   274   155   347 0.82 NZ_QQRJ01000004.1_51 # 58210 # 59469 # -1 # ID=43_51;partial=00;start_type=ATG;rbs_motif=AGGA;rbs_spacer=5-10bp;gc_cont=0.308
NZ_QQRJ01000004.1:20739-22040|- -            434 1683at2085           -            284   2.6e-06   22.3   5.8   1   4     2e-05    0.0023   12.7   0.1     2    25     2    25     1    35 0.85 NZ_QQRJ01000004.1_19 # 20739 # 22040 # -1 # ID=43_19;partial=00;start_type=ATG;rbs_motif=3Base/5BMM;rbs_spacer=13-15bp;gc_cont=0.291
NZ_QQRJ01000004.1:20739-22040|- -            434 1683at2085           -            284   2.6e-06   22.3   5.8   2   4       1.5   1.7e+02   -3.3   0.0   171   181   108   118    92   130 0.69 NZ_QQRJ01000004.1_19 # 20739 # 22040 # -1 # ID=43_19;partial=00;start_type=ATG;rbs_motif=3Base/5BMM;rbs_spacer=13-15bp;gc_cont=0.291
NZ_QQRJ01000004.1:20739-22040|- -            434 1683at2085           -            284   2.6e-06   22.3   5.8   3   4    0.0004     0.046    8.4   0.0     3    22   171   190   169   253 0.82 NZ_QQRJ01000004.1_19 # 20739 # 22040 # -1 # ID=43_19;partial=00;start_type=ATG;rbs_motif=3Base/5BMM;rbs_spacer=13-15bp;gc_cont=0.291
NZ_QQRJ01000004.1:20739-22040|- -            434 1683at2085           -            284   2.6e-06   22.3   5.8   4   4     0.041       4.8    1.8   0.1    27    80   273   329   269   358 0.70 NZ_QQRJ01000004.1_19 # 20739 # 22040 # -1 # ID=43_19;partial=00;start_type=ATG;rbs_motif=3Base/5BMM;rbs_spacer=13-15bp;gc_cont=0.291
NZ_QQRJ01000003.1:30730-32058|- -            443 1683at2085           -            284   3.3e-06   22.0   2.4   1   1   1.4e-06   0.00016   16.4   2.2     3   104   217   308   215   366 0.82 NZ_QQRJ01000003.1_22 # 30730 # 32058 # -1 # ID=32_22;partial=00;start_type=TTG;rbs_motif=AGGAG;rbs_spacer=5-10bp;gc_cont=0.314
NZ_QQRJ01000006.1:29376-30257|+ -            294 1683at2085           -            284   1.5e-05   19.8   0.1   1   1   2.9e-07   3.4e-05   18.7   0.1     5    26     9    30     6    55 0.85 NZ_QQRJ01000006.1_44 # 29376 # 30257 # 1 # ID=55_44;partial=00;start_type=ATG;rbs_motif=None;rbs_spacer=None;gc_cont=0.294
NZ_QQRJ01000004.1:1369-2160|-   -            264 1683at2085           -            284   5.6e-05   18.0   0.1   1   3      0.13        16    0.1   1.1    79   150    29   103     8   107 0.64 NZ_QQRJ01000004.1_2 # 1369 # 2160 # -1 # ID=43_2;partial=00;start_type=ATG;rbs_motif=None;rbs_spacer=None;gc_cont=0.269
NZ_QQRJ01000004.1:1369-2160|-   -            264 1683at2085           -            284   5.6e-05   18.0   0.1   2   3   4.8e-07   5.6e-05   18.0   0.1     2    27   110   135   109   155 0.87 NZ_QQRJ01000004.1_2 # 1369 # 2160 # -1 # ID=43_2;partial=00;start_type=ATG;rbs_motif=None;rbs_spacer=None;gc_cont=0.269
NZ_QQRJ01000004.1:1369-2160|-   -            264 1683at2085           -            284   5.6e-05   18.0   0.1   3   3      0.53        62   -1.9   0.1    17    53   192   230   174   243 0.49 NZ_QQRJ01000004.1_2 # 1369 # 2160 # -1 # ID=43_2;partial=00;start_type=ATG;rbs_motif=None;rbs_spacer=None;gc_cont=0.269
#
# Program:         hmmsearch
# Version:         3.4 (Aug 2023)
# Pipeline mode:   SEARCH
# Query file:      /home/lgef/Documentos/GitHub/Project_doctoral/IMPLEMENTACAO/Genomes/M_hyopneumoniae/MHP_ncbi_dataset/ncbi_dataset/data/strains/MHP709/Use/busco_downloads/lineages/mycoplasmatales_odb10/hmms/1683at2085.hmm
# Target file:     /home/lgef/Documentos/GitHub/Project_doctoral/IMPLEMENTACAO/Genomes/M_hyopneumoniae/MHP_ncbi_dataset/ncbi_dataset/data/strains/MHP709/Use/busco_draft/prodigal_output/predicted_genes/predicted.faa
# Option settings: hmmsearch --domtblout /home/lgef/Documentos/GitHub/Project_doctoral/IMPLEMENTACAO/Genomes/M_hyopneumoniae/MHP_ncbi_dataset/ncbi_dataset/data/strains/MHP709/Use/busco_draft/run_mycoplasmatales_odb10/hmmer_output/1683at2085.out --cpu 1 /home/lgef/Documentos/GitHub/Project_doctoral/IMPLEMENTACAO/Genomes/M_hyopneumoniae/MHP_ncbi_dataset/ncbi_dataset/data/strains/MHP709/Use/busco_downloads/lineages/mycoplasmatales_odb10/hmms/1683at2085.hmm /home/lgef/Documentos/GitHub/Project_doctoral/IMPLEMENTACAO/Genomes/M_hyopneumoniae/MHP_ncbi_dataset/ncbi_dataset/data/strains/MHP709/Use/busco_draft/prodigal_output/predicted_genes/predicted.faa 
# Current dir:     /home/lgef/Documentos/GitHub/Project_doctoral/IMPLEMENTACAO/Genomes/M_hyopneumoniae/MHP_ncbi_dataset/ncbi_dataset/data/strains/MHP709/Use
# Date:            Thu Nov 28 19:36:27 2024
# [ok]
