A	C	G	T	N	IUPAC	Other	GC	GC_stdev
0.3599	0.1432	0.1424	0.3544	0.0021	0.0000	0.0000	0.2856	0.0020

Main genome scaffold total:         	2
Main genome contig total:           	10
Main genome scaffold sequence total:	898336
Main genome contig sequence total:  	896469  	0.208% gap
Main genome scaffold N/L50:         	1/894287
Main genome contig N/L50:           	3/131513
Main genome scaffold N/L90:         	1/894287
Main genome contig N/L90:           	7/43950
Max scaffold length:                	894287
Max contig length:                  	207382
Number of scaffolds > 50 KB:        	1
% main genome in scaffolds > 50 KB: 	99.55%


Minimum 	Number        	Number        	Total         	Total         	Scaffold
Scaffold	of            	of            	Scaffold      	Contig        	Contig  
Length  	Scaffolds     	Contigs       	Length        	Length        	Coverage
--------	--------------	--------------	--------------	--------------	--------
    All 	             2	            10	        898336	        896469	  99.79%
   2500 	             2	            10	        898336	        896469	  99.79%
   5000 	             1	             9	        894287	        892420	  99.79%
  10000 	             1	             9	        894287	        892420	  99.79%
  25000 	             1	             9	        894287	        892420	  99.79%
  50000 	             1	             9	        894287	        892420	  99.79%
 100000 	             1	             9	        894287	        892420	  99.79%
 250000 	             1	             9	        894287	        892420	  99.79%
 500000 	             1	             9	        894287	        892420	  99.79%

