#                                                                                   --- full sequence --- -------------- this domain -------------   hmm coord   ali coord   env coord
# target name               accession   tlen query name           accession   qlen   E-value  score  bias   #  of  c-Evalue  i-Evalue  score  bias  from    to  from    to  from    to  acc description of target
#       ------------------- ---------- ----- -------------------- ---------- ----- --------- ------ ----- --- --- --------- --------- ------ ----- ----- ----- ----- ----- ----- ----- ---- ---------------------
scf00000000:368455-369558|- -            368 1683at2085           -            284  3.2e-105  346.6  15.3   1   3   3.6e-72   4.4e-70  231.4   3.4     1   163     1   171     1   177 0.91 scf00000000_242 # 368455 # 369558 # -1 # ID=1_242;partial=00;start_type=ATG;rbs_motif=None;rbs_spacer=None;gc_cont=0.336
scf00000000:368455-369558|- -            368 1683at2085           -            284  3.2e-105  346.6  15.3   2   3     1e-07   1.2e-05   19.9   0.1   151   187   177   214   163   229 0.78 scf00000000_242 # 368455 # 369558 # -1 # ID=1_242;partial=00;start_type=ATG;rbs_motif=None;rbs_spacer=None;gc_cont=0.336
scf00000000:368455-369558|- -            368 1683at2085           -            284  3.2e-105  346.6  15.3   3   3   1.2e-32   1.4e-30  101.7   1.8   181   284   234   365   223   365 0.79 scf00000000_242 # 368455 # 369558 # -1 # ID=1_242;partial=00;start_type=ATG;rbs_motif=None;rbs_spacer=None;gc_cont=0.336
scf00000000:90277-91536|+   -            420 1683at2085           -            284   9.5e-15   49.8   5.2   1   1   1.6e-15     2e-13   45.5   5.2     4   193   158   348   155   371 0.66 scf00000000_61 # 90277 # 91536 # 1 # ID=1_61;partial=00;start_type=ATG;rbs_motif=AGGA;rbs_spacer=5-10bp;gc_cont=0.296
scf00000000:127743-129056|+ -            438 1683at2085           -            284   2.4e-07   25.5   2.1   1   3   2.6e-05    0.0032   12.0   0.1     2    23     2    23     1    32 0.83 scf00000000_92 # 127743 # 129056 # 1 # ID=1_92;partial=00;start_type=ATG;rbs_motif=None;rbs_spacer=None;gc_cont=0.299
scf00000000:127743-129056|+ -            438 1683at2085           -            284   2.4e-07   25.5   2.1   2   3   7.9e-05    0.0095   10.4   0.0     3    34   171   205   170   245 0.72 scf00000000_92 # 127743 # 129056 # 1 # ID=1_92;partial=00;start_type=ATG;rbs_motif=None;rbs_spacer=None;gc_cont=0.299
scf00000000:127743-129056|+ -            438 1683at2085           -            284   2.4e-07   25.5   2.1   3   3     0.092        11    0.4   0.1    54    78   303   327   271   361 0.69 scf00000000_92 # 127743 # 129056 # 1 # ID=1_92;partial=00;start_type=ATG;rbs_motif=None;rbs_spacer=None;gc_cont=0.299
scf00000000:580867-581748|- -            294 1683at2085           -            284   5.1e-05   17.9   0.1   1   2   4.2e-07   5.1e-05   17.9   0.1     5    27     9    31     6    58 0.83 scf00000000_421 # 580867 # 581748 # -1 # ID=1_421;partial=00;start_type=ATG;rbs_motif=None;rbs_spacer=None;gc_cont=0.282
scf00000000:580867-581748|- -            294 1683at2085           -            284   5.1e-05   17.9   0.1   2   2         1   1.3e+02   -3.1   3.4   158   158   126   126    65   232 0.58 scf00000000_421 # 580867 # 581748 # -1 # ID=1_421;partial=00;start_type=ATG;rbs_motif=None;rbs_spacer=None;gc_cont=0.282
scf00000000:148201-148992|+ -            264 1683at2085           -            284   0.00027   15.5   0.1   1   2      0.27        33   -1.2   0.8   123   145    82   104     5   108 0.48 scf00000000_109 # 148201 # 148992 # 1 # ID=1_109;partial=00;start_type=ATG;rbs_motif=None;rbs_spacer=None;gc_cont=0.268
scf00000000:148201-148992|+ -            264 1683at2085           -            284   0.00027   15.5   0.1   2   2   2.3e-06   0.00027   15.5   0.1     2    27   110   135   109   151 0.87 scf00000000_109 # 148201 # 148992 # 1 # ID=1_109;partial=00;start_type=ATG;rbs_motif=None;rbs_spacer=None;gc_cont=0.268
#
# Program:         hmmsearch
# Version:         3.1b2 (February 2015)
# Pipeline mode:   SEARCH
# Query file:      /home/lgef/Documentos/GitHub/Project_doctoral/IMPLEMENTACAO/Genomes/M_flocculare/MFC_ncbi_dataset/ncbi_dataset/data/strains/MF29/Use/busco_downloads/lineages/mycoplasmatales_odb10/hmms/1683at2085.hmm
# Target file:     /home/lgef/Documentos/GitHub/Project_doctoral/IMPLEMENTACAO/Genomes/M_flocculare/MFC_ncbi_dataset/ncbi_dataset/data/strains/MF29/Use/busco_complete/prodigal_output/predicted_genes/predicted.faa
# Option settings: hmmsearch --domtblout /home/lgef/Documentos/GitHub/Project_doctoral/IMPLEMENTACAO/Genomes/M_flocculare/MFC_ncbi_dataset/ncbi_dataset/data/strains/MF29/Use/busco_complete/run_mycoplasmatales_odb10/hmmer_output/1683at2085.out --cpu 1 /home/lgef/Documentos/GitHub/Project_doctoral/IMPLEMENTACAO/Genomes/M_flocculare/MFC_ncbi_dataset/ncbi_dataset/data/strains/MF29/Use/busco_downloads/lineages/mycoplasmatales_odb10/hmms/1683at2085.hmm /home/lgef/Documentos/GitHub/Project_doctoral/IMPLEMENTACAO/Genomes/M_flocculare/MFC_ncbi_dataset/ncbi_dataset/data/strains/MF29/Use/busco_complete/prodigal_output/predicted_genes/predicted.faa 
# Current dir:     /home/lgef/Documentos/GitHub/Project_doctoral/IMPLEMENTACAO/Genomes/M_flocculare/MFC_ncbi_dataset/ncbi_dataset/data/strains/MF29/Use
# Date:            Fri Nov 29 12:34:38 2024
# [ok]
