#                                                                                   --- full sequence --- -------------- this domain -------------   hmm coord   ali coord   env coord
# target name               accession   tlen query name           accession   qlen   E-value  score  bias   #  of  c-Evalue  i-Evalue  score  bias  from    to  from    to  from    to  acc description of target
#       ------------------- ---------- ----- -------------------- ---------- ----- --------- ------ ----- --- --- --------- --------- ------ ----- ----- ----- ----- ----- ----- ----- ---- ---------------------
scf00000000:580867-581748|- -            294 2656at2085           -            232   7.1e-67  220.2  18.5   1   2   9.2e-41   6.9e-39  128.6   7.4     1   117     9   129     9   148 0.91 scf00000000_421 # 580867 # 581748 # -1 # ID=1_421;partial=00;start_type=ATG;rbs_motif=None;rbs_spacer=None;gc_cont=0.282
scf00000000:580867-581748|- -            294 2656at2085           -            232   7.1e-67  220.2  18.5   2   2     6e-31   4.5e-29   96.5   4.6   120   232   160   293   127   293 0.80 scf00000000_421 # 580867 # 581748 # -1 # ID=1_421;partial=00;start_type=ATG;rbs_motif=None;rbs_spacer=None;gc_cont=0.282
scf00000000:127743-129056|+ -            438 2656at2085           -            232   6.7e-42  138.5   8.9   1   3   2.8e-20   2.1e-18   61.6   1.3     1   114     5   123     5   136 0.84 scf00000000_92 # 127743 # 129056 # 1 # ID=1_92;partial=00;start_type=ATG;rbs_motif=None;rbs_spacer=None;gc_cont=0.299
scf00000000:127743-129056|+ -            438 2656at2085           -            232   6.7e-42  138.5   8.9   2   3   2.7e-26     2e-24   81.3   0.3     2   132   174   312   173   319 0.86 scf00000000_92 # 127743 # 129056 # 1 # ID=1_92;partial=00;start_type=ATG;rbs_motif=None;rbs_spacer=None;gc_cont=0.299
scf00000000:127743-129056|+ -            438 2656at2085           -            232   6.7e-42  138.5   8.9   3   3       0.6        45   -1.6   0.1   105   132   321   348   302   361 0.68 scf00000000_92 # 127743 # 129056 # 1 # ID=1_92;partial=00;start_type=ATG;rbs_motif=None;rbs_spacer=None;gc_cont=0.299
scf00000000:617529-618857|- -            443 2656at2085           -            232   1.4e-18   62.2   8.0   1   3       0.7        53   -1.9   0.2   116   146   126   156   112   210 0.56 scf00000000_469 # 617529 # 618857 # -1 # ID=1_469;partial=00;start_type=TTG;rbs_motif=AGGAG;rbs_spacer=5-10bp;gc_cont=0.310
scf00000000:617529-618857|- -            443 2656at2085           -            232   1.4e-18   62.2   8.0   2   3   1.8e-20   1.4e-18   62.2   8.0     2   114   220   335   219   381 0.84 scf00000000_469 # 617529 # 618857 # -1 # ID=1_469;partial=00;start_type=TTG;rbs_motif=AGGAG;rbs_spacer=5-10bp;gc_cont=0.310
scf00000000:617529-618857|- -            443 2656at2085           -            232   1.4e-18   62.2   8.0   3   3      0.89        67   -2.2   0.1    72   106   357   392   351   398 0.61 scf00000000_469 # 617529 # 618857 # -1 # ID=1_469;partial=00;start_type=TTG;rbs_motif=AGGAG;rbs_spacer=5-10bp;gc_cont=0.310
scf00000000:329035-329565|+ -            177 2656at2085           -            232   5.5e-13   43.9   0.6   1   1   8.6e-15   6.5e-13   43.6   0.6     2   129    19   154    18   172 0.77 scf00000000_226 # 329035 # 329565 # 1 # ID=1_226;partial=00;start_type=ATG;rbs_motif=None;rbs_spacer=None;gc_cont=0.322
scf00000000:368455-369558|- -            368 2656at2085           -            232   2.7e-09   31.8   1.7   1   1   1.7e-09   1.2e-07   26.4   1.7     2   136     6   151     5   175 0.67 scf00000000_242 # 368455 # 369558 # -1 # ID=1_242;partial=00;start_type=ATG;rbs_motif=None;rbs_spacer=None;gc_cont=0.336
scf00000000:148201-148992|+ -            264 2656at2085           -            232   4.5e-09   31.1   0.4   1   2     0.041       3.1    2.1   2.8    66   123     6    64     1    87 0.71 scf00000000_109 # 148201 # 148992 # 1 # ID=1_109;partial=00;start_type=ATG;rbs_motif=None;rbs_spacer=None;gc_cont=0.268
scf00000000:148201-148992|+ -            264 2656at2085           -            232   4.5e-09   31.1   0.4   2   2     6e-11   4.5e-09   31.1   0.4     2    65   114   173   113   262 0.81 scf00000000_109 # 148201 # 148992 # 1 # ID=1_109;partial=00;start_type=ATG;rbs_motif=None;rbs_spacer=None;gc_cont=0.268
scf00000000:90277-91536|+   -            420 2656at2085           -            232   4.6e-08   27.8   3.3   1   1   1.6e-09   1.2e-07   26.4   3.3     1   121   159   291   159   401 0.71 scf00000000_61 # 90277 # 91536 # 1 # ID=1_61;partial=00;start_type=ATG;rbs_motif=AGGA;rbs_spacer=5-10bp;gc_cont=0.296
scf00000000:577651-578508|- -            286 2656at2085           -            232   2.1e-07   25.6   0.3   1   2     0.046       3.4    2.0   1.7    59   123    55   124    45   154 0.63 scf00000000_417 # 577651 # 578508 # -1 # ID=1_417;partial=00;start_type=ATG;rbs_motif=None;rbs_spacer=None;gc_cont=0.270
scf00000000:577651-578508|- -            286 2656at2085           -            232   2.1e-07   25.6   0.3   2   2   2.8e-09   2.1e-07   25.6   0.3     3    58   157   215   155   238 0.74 scf00000000_417 # 577651 # 578508 # -1 # ID=1_417;partial=00;start_type=ATG;rbs_motif=None;rbs_spacer=None;gc_cont=0.270
#
# Program:         hmmsearch
# Version:         3.1b2 (February 2015)
# Pipeline mode:   SEARCH
# Query file:      /home/lgef/Documentos/GitHub/Project_doctoral/IMPLEMENTACAO/Genomes/M_flocculare/MFC_ncbi_dataset/ncbi_dataset/data/strains/MF29/Use/busco_downloads/lineages/mycoplasmatales_odb10/hmms/2656at2085.hmm
# Target file:     /home/lgef/Documentos/GitHub/Project_doctoral/IMPLEMENTACAO/Genomes/M_flocculare/MFC_ncbi_dataset/ncbi_dataset/data/strains/MF29/Use/busco_complete/prodigal_output/predicted_genes/predicted.faa
# Option settings: hmmsearch --domtblout /home/lgef/Documentos/GitHub/Project_doctoral/IMPLEMENTACAO/Genomes/M_flocculare/MFC_ncbi_dataset/ncbi_dataset/data/strains/MF29/Use/busco_complete/run_mycoplasmatales_odb10/hmmer_output/2656at2085.out --cpu 1 /home/lgef/Documentos/GitHub/Project_doctoral/IMPLEMENTACAO/Genomes/M_flocculare/MFC_ncbi_dataset/ncbi_dataset/data/strains/MF29/Use/busco_downloads/lineages/mycoplasmatales_odb10/hmms/2656at2085.hmm /home/lgef/Documentos/GitHub/Project_doctoral/IMPLEMENTACAO/Genomes/M_flocculare/MFC_ncbi_dataset/ncbi_dataset/data/strains/MF29/Use/busco_complete/prodigal_output/predicted_genes/predicted.faa 
# Current dir:     /home/lgef/Documentos/GitHub/Project_doctoral/IMPLEMENTACAO/Genomes/M_flocculare/MFC_ncbi_dataset/ncbi_dataset/data/strains/MF29/Use
# Date:            Fri Nov 29 12:34:39 2024
# [ok]
