#                                                                                 --- full sequence --- -------------- this domain -------------   hmm coord   ali coord   env coord
# target name             accession   tlen query name           accession   qlen   E-value  score  bias   #  of  c-Evalue  i-Evalue  score  bias  from    to  from    to  from    to  acc description of target
#     ------------------- ---------- ----- -------------------- ---------- ----- --------- ------ ----- --- --- --------- --------- ------ ----- ----- ----- ----- ----- ----- ----- ---- ---------------------
seq00000031:1978-4821|+   -            948 111at2085            -            770         0 1167.5  25.3   1   3   1.8e-85   8.8e-84  277.3   1.3     1   184    11   218    11   234 0.89 seq00000031_2 # 1978 # 4821 # 1 # ID=31_2;partial=00;start_type=ATG;rbs_motif=None;rbs_spacer=None;gc_cont=0.327
seq00000031:1978-4821|+   -            948 111at2085            -            770         0 1167.5  25.3   2   3   1.5e-36   7.3e-35  115.6   0.4   185   344   254   454   247   459 0.81 seq00000031_2 # 1978 # 4821 # 1 # ID=31_2;partial=00;start_type=ATG;rbs_motif=None;rbs_spacer=None;gc_cont=0.327
seq00000031:1978-4821|+   -            948 111at2085            -            770         0 1167.5  25.3   3   3  3.3e-235  1.6e-233  772.5  10.9   321   770   458   944   450   944 0.95 seq00000031_2 # 1978 # 4821 # 1 # ID=31_2;partial=00;start_type=ATG;rbs_motif=None;rbs_spacer=None;gc_cont=0.327
scf00000001:13721-15250|+ -            510 111at2085            -            770   3.9e-18   60.3   4.8   1   4    0.0022      0.11    5.9   0.1    10    43    25    60    21   115 0.77 scf00000001_11 # 13721 # 15250 # 1 # ID=2_11;partial=00;start_type=TTG;rbs_motif=GGAGG;rbs_spacer=5-10bp;gc_cont=0.320
scf00000001:13721-15250|+ -            510 111at2085            -            770   3.9e-18   60.3   4.8   2   4   4.4e-08   2.1e-06   21.5   0.0   662   735   151   222   131   238 0.86 scf00000001_11 # 13721 # 15250 # 1 # ID=2_11;partial=00;start_type=TTG;rbs_motif=GGAGG;rbs_spacer=5-10bp;gc_cont=0.320
scf00000001:13721-15250|+ -            510 111at2085            -            770   3.9e-18   60.3   4.8   3   4     0.024       1.2    2.5   0.0     3    40   273   310   271   319 0.86 scf00000001_11 # 13721 # 15250 # 1 # ID=2_11;partial=00;start_type=TTG;rbs_motif=GGAGG;rbs_spacer=5-10bp;gc_cont=0.320
scf00000001:13721-15250|+ -            510 111at2085            -            770   3.9e-18   60.3   4.8   4   4   1.6e-10   7.8e-09   29.5   0.1   658   738   405   483   368   506 0.84 scf00000001_11 # 13721 # 15250 # 1 # ID=2_11;partial=00;start_type=TTG;rbs_motif=GGAGG;rbs_spacer=5-10bp;gc_cont=0.320
seq00000026:5720-7258|+   -            513 111at2085            -            770   2.5e-14   47.7  13.3   1   4     0.021         1    2.7   0.2   484   512    22    50    13    57 0.84 seq00000026_8 # 5720 # 7258 # 1 # ID=26_8;partial=00;start_type=TTG;rbs_motif=AGGA;rbs_spacer=5-10bp;gc_cont=0.320
seq00000026:5720-7258|+   -            513 111at2085            -            770   2.5e-14   47.7  13.3   2   4   1.6e-08   7.9e-07   22.9   0.1   648   736   130   215   113   223 0.81 seq00000026_8 # 5720 # 7258 # 1 # ID=26_8;partial=00;start_type=TTG;rbs_motif=AGGA;rbs_spacer=5-10bp;gc_cont=0.320
seq00000026:5720-7258|+   -            513 111at2085            -            770   2.5e-14   47.7  13.3   3   4    0.0034      0.16    5.3   0.1   479   511   278   310   267   319 0.61 seq00000026_8 # 5720 # 7258 # 1 # ID=26_8;partial=00;start_type=TTG;rbs_motif=AGGA;rbs_spacer=5-10bp;gc_cont=0.320
seq00000026:5720-7258|+   -            513 111at2085            -            770   2.5e-14   47.7  13.3   4   4   1.4e-08   6.8e-07   23.1   1.3   643   736   391   482   361   508 0.78 seq00000026_8 # 5720 # 7258 # 1 # ID=26_8;partial=00;start_type=TTG;rbs_motif=AGGA;rbs_spacer=5-10bp;gc_cont=0.320
seq00000012:22477-24795|+ -            773 111at2085            -            770   3.6e-14   47.2   3.3   1   2   4.2e-06    0.0002   14.9   0.2   484   513    17    46     5    53 0.88 seq00000012_16 # 22477 # 24795 # 1 # ID=14_16;partial=00;start_type=ATG;rbs_motif=None;rbs_spacer=None;gc_cont=0.259
seq00000012:22477-24795|+ -            773 111at2085            -            770   3.6e-14   47.2   3.3   2   2   1.8e-11   8.6e-10   32.7   0.3   647   738   112   200    61   206 0.77 seq00000012_16 # 22477 # 24795 # 1 # ID=14_16;partial=00;start_type=ATG;rbs_motif=None;rbs_spacer=None;gc_cont=0.259
seq00000005:22034-22936|- -            301 111at2085            -            770   2.3e-13   44.5   0.0   1   2   0.00023     0.011    9.2   0.0   482   513    21    52     6    60 0.89 seq00000005_16 # 22034 # 22936 # -1 # ID=7_16;partial=00;start_type=ATG;rbs_motif=GGA/GAG/AGG;rbs_spacer=5-10bp;gc_cont=0.307
seq00000005:22034-22936|- -            301 111at2085            -            770   2.3e-13   44.5   0.0   2   2   1.2e-11   5.7e-10   33.3   0.0   645   729   140   221   120   231 0.92 seq00000005_16 # 22034 # 22936 # -1 # ID=7_16;partial=00;start_type=ATG;rbs_motif=GGA/GAG/AGG;rbs_spacer=5-10bp;gc_cont=0.307
seq00000001:49169-51493|- -            775 111at2085            -            770   1.8e-12   41.5   4.0   1   2   1.8e-05   0.00089   12.8   0.3   479   513    12    46     4    54 0.86 seq00000001_36 # 49169 # 51493 # -1 # ID=5_36;partial=00;start_type=ATG;rbs_motif=AGxAG;rbs_spacer=5-10bp;gc_cont=0.262
seq00000001:49169-51493|- -            775 111at2085            -            770   1.8e-12   41.5   4.0   2   2   1.3e-10   6.1e-09   29.9   0.4   651   738   115   199    63   206 0.85 seq00000001_36 # 49169 # 51493 # -1 # ID=5_36;partial=00;start_type=ATG;rbs_motif=AGxAG;rbs_spacer=5-10bp;gc_cont=0.262
seq00000006:5342-6394|+   -            351 111at2085            -            770     6e-12   39.8   0.6   1   2    0.0025      0.12    5.8   0.1    11    37    30    56    17    66 0.78 seq00000006_4 # 5342 # 6394 # 1 # ID=8_4;partial=00;start_type=ATG;rbs_motif=GGxGG;rbs_spacer=5-10bp;gc_cont=0.330
seq00000006:5342-6394|+   -            351 111at2085            -            770     6e-12   39.8   0.6   2   2     2e-11   9.6e-10   32.5   0.1   632   754   124   245   110   253 0.76 seq00000006_4 # 5342 # 6394 # 1 # ID=8_4;partial=00;start_type=ATG;rbs_motif=GGxGG;rbs_spacer=5-10bp;gc_cont=0.330
seq00000000:31738-32898|+ -            387 111at2085            -            770   1.6e-10   35.1   0.7   1   2   0.00013    0.0063   10.0   0.0   479   512    18    51     3    65 0.78 seq00000000_22 # 31738 # 32898 # 1 # ID=4_22;partial=00;start_type=ATG;rbs_motif=3Base/5BMM;rbs_spacer=13-15bp;gc_cont=0.257
seq00000000:31738-32898|+ -            387 111at2085            -            770   1.6e-10   35.1   0.7   2   2   1.3e-08   6.1e-07   23.2   0.1   658   755   187   277   154   290 0.76 seq00000000_22 # 31738 # 32898 # 1 # ID=4_22;partial=00;start_type=ATG;rbs_motif=3Base/5BMM;rbs_spacer=13-15bp;gc_cont=0.257
seq00000005:22909-23727|- -            273 111at2085            -            770   5.6e-10   33.3   1.7   1   2   7.1e-05    0.0034   10.9   0.1   482   510    18    46     9    55 0.86 seq00000005_17 # 22909 # 23727 # -1 # ID=7_17;partial=00;start_type=ATG;rbs_motif=GGA/GAG/AGG;rbs_spacer=5-10bp;gc_cont=0.303
seq00000005:22909-23727|- -            273 111at2085            -            770   5.6e-10   33.3   1.7   2   2   3.2e-08   1.5e-06   21.9   0.2   657   757   131   223    93   231 0.83 seq00000005_17 # 22909 # 23727 # -1 # ID=7_17;partial=00;start_type=ATG;rbs_motif=GGA/GAG/AGG;rbs_spacer=5-10bp;gc_cont=0.303
seq00000007:35897-37231|- -            445 111at2085            -            770   5.8e-09   29.9   5.8   1   2    0.0018     0.086    6.2   0.0   483   511    25    53    18    57 0.80 seq00000007_25 # 35897 # 37231 # -1 # ID=9_25;partial=00;start_type=ATG;rbs_motif=GGA/GAG/AGG;rbs_spacer=11-12bp;gc_cont=0.306
seq00000007:35897-37231|- -            445 111at2085            -            770   5.8e-09   29.9   5.8   2   2   8.4e-09   4.1e-07   23.8   3.3   241   426   120   302   107   314 0.73 seq00000007_25 # 35897 # 37231 # -1 # ID=9_25;partial=00;start_type=ATG;rbs_motif=GGA/GAG/AGG;rbs_spacer=11-12bp;gc_cont=0.306
seq00000016:8103-8999|-   -            299 111at2085            -            770   1.1e-08   29.1   1.4   1   2    0.0003     0.015    8.8   0.1   484   512    80   108    65   125 0.88 seq00000016_5 # 8103 # 8999 # -1 # ID=18_5;partial=00;start_type=GTG;rbs_motif=AGGAG;rbs_spacer=5-10bp;gc_cont=0.355
seq00000016:8103-8999|-   -            299 111at2085            -            770   1.1e-08   29.1   1.4   2   2   1.9e-07   9.4e-06   19.3   0.2   645   738   181   271   160   278 0.85 seq00000016_5 # 8103 # 8999 # -1 # ID=18_5;partial=00;start_type=GTG;rbs_motif=AGGAG;rbs_spacer=5-10bp;gc_cont=0.355
scf00000000:4704-6236|-   -            511 111at2085            -            770   1.5e-07   25.3   7.8   1   4     0.065       3.1    1.1   0.0    14   512    32    57    25    75 0.64 scf00000000_6 # 4704 # 6236 # -1 # ID=1_6;partial=00;start_type=GTG;rbs_motif=GGA/GAG/AGG;rbs_spacer=11-12bp;gc_cont=0.322
scf00000000:4704-6236|-   -            511 111at2085            -            770   1.5e-07   25.3   7.8   2   4     5e-08   2.4e-06   21.3   0.2   642   731   128   214   120   259 0.87 scf00000000_6 # 4704 # 6236 # -1 # ID=1_6;partial=00;start_type=GTG;rbs_motif=GGA/GAG/AGG;rbs_spacer=11-12bp;gc_cont=0.322
scf00000000:4704-6236|-   -            511 111at2085            -            770   1.5e-07   25.3   7.8   3   4      0.23        11   -0.8   0.0     9    36   278   305   261   318 0.72 scf00000000_6 # 4704 # 6236 # -1 # ID=1_6;partial=00;start_type=GTG;rbs_motif=GGA/GAG/AGG;rbs_spacer=11-12bp;gc_cont=0.322
scf00000000:4704-6236|-   -            511 111at2085            -            770   1.5e-07   25.3   7.8   4   4    0.0055      0.27    4.6   0.4   658   736   407   483   377   490 0.85 scf00000000_6 # 4704 # 6236 # -1 # ID=1_6;partial=00;start_type=GTG;rbs_motif=GGA/GAG/AGG;rbs_spacer=11-12bp;gc_cont=0.322
seq00000000:4212-4982|+   -            257 111at2085            -            770   2.2e-07   24.7   2.8   1   2    0.0026      0.12    5.7   0.1   479   513    22    56    14    70 0.77 seq00000000_5 # 4212 # 4982 # 1 # ID=4_5;partial=00;start_type=ATG;rbs_motif=None;rbs_spacer=None;gc_cont=0.265
seq00000000:4212-4982|+   -            257 111at2085            -            770   2.2e-07   24.7   2.8   2   2   1.9e-07   9.1e-06   19.4   0.5   647   734   138   222    92   234 0.76 seq00000000_5 # 4212 # 4982 # 1 # ID=4_5;partial=00;start_type=ATG;rbs_motif=None;rbs_spacer=None;gc_cont=0.265
seq00000011:8516-9847|-   -            444 111at2085            -            770   4.8e-07   23.6   2.0   1   2     0.026       1.3    2.4   0.1     8    36    60    88    53    95 0.64 seq00000011_3 # 8516 # 9847 # -1 # ID=13_3;partial=00;start_type=ATG;rbs_motif=GGAG/GAGG;rbs_spacer=5-10bp;gc_cont=0.288
seq00000011:8516-9847|-   -            444 111at2085            -            770   4.8e-07   23.6   2.0   2   2   8.3e-08     4e-06   20.6   0.3   639   731   256   346   116   365 0.87 seq00000011_3 # 8516 # 9847 # -1 # ID=13_3;partial=00;start_type=ATG;rbs_motif=GGAG/GAGG;rbs_spacer=5-10bp;gc_cont=0.288
seq00000011:14997-16613|+ -            539 111at2085            -            770   0.00063   13.3   2.6   1   3     0.031       1.5    2.1   0.1   481   512    14    45     8    66 0.82 seq00000011_8 # 14997 # 16613 # 1 # ID=13_8;partial=00;start_type=ATG;rbs_motif=AGGA;rbs_spacer=5-10bp;gc_cont=0.332
seq00000011:14997-16613|+ -            539 111at2085            -            770   0.00063   13.3   2.6   2   3    0.0029      0.14    5.5   0.1   674   738   166   225   149   231 0.74 seq00000011_8 # 14997 # 16613 # 1 # ID=13_8;partial=00;start_type=ATG;rbs_motif=AGGA;rbs_spacer=5-10bp;gc_cont=0.332
seq00000011:14997-16613|+ -            539 111at2085            -            770   0.00063   13.3   2.6   3   3    0.0087      0.42    3.9   0.0   661   740   445   519   439   526 0.84 seq00000011_8 # 14997 # 16613 # 1 # ID=13_8;partial=00;start_type=ATG;rbs_motif=AGGA;rbs_spacer=5-10bp;gc_cont=0.332
#
# Program:         hmmsearch
# Version:         3.4 (Aug 2023)
# Pipeline mode:   SEARCH
# Query file:      /home/lgef/Documentos/GitHub/Project_doctoral/IMPLEMENTACAO/Genomes/M_hyopneumoniae/MHP_ncbi_dataset/ncbi_dataset/data/strains/MHP691/Use/busco_downloads/lineages/mycoplasmatales_odb10/hmms/111at2085.hmm
# Target file:     /home/lgef/Documentos/GitHub/Project_doctoral/IMPLEMENTACAO/Genomes/M_hyopneumoniae/MHP_ncbi_dataset/ncbi_dataset/data/strains/MHP691/Use/busco_complete/prodigal_output/predicted_genes/predicted.faa
# Option settings: hmmsearch --domtblout /home/lgef/Documentos/GitHub/Project_doctoral/IMPLEMENTACAO/Genomes/M_hyopneumoniae/MHP_ncbi_dataset/ncbi_dataset/data/strains/MHP691/Use/busco_complete/run_mycoplasmatales_odb10/hmmer_output/111at2085.out --cpu 1 /home/lgef/Documentos/GitHub/Project_doctoral/IMPLEMENTACAO/Genomes/M_hyopneumoniae/MHP_ncbi_dataset/ncbi_dataset/data/strains/MHP691/Use/busco_downloads/lineages/mycoplasmatales_odb10/hmms/111at2085.hmm /home/lgef/Documentos/GitHub/Project_doctoral/IMPLEMENTACAO/Genomes/M_hyopneumoniae/MHP_ncbi_dataset/ncbi_dataset/data/strains/MHP691/Use/busco_complete/prodigal_output/predicted_genes/predicted.faa 
# Current dir:     /home/lgef/Documentos/GitHub/Project_doctoral/IMPLEMENTACAO/Genomes/M_hyopneumoniae/MHP_ncbi_dataset/ncbi_dataset/data/strains/MHP691/Use
# Date:            Thu Nov 28 19:33:52 2024
# [ok]
