#                                                                                 --- full sequence --- -------------- this domain -------------   hmm coord   ali coord   env coord
# target name             accession   tlen query name           accession   qlen   E-value  score  bias   #  of  c-Evalue  i-Evalue  score  bias  from    to  from    to  from    to  acc description of target
#     ------------------- ---------- ----- -------------------- ---------- ----- --------- ------ ----- --- --- --------- --------- ------ ----- ----- ----- ----- ----- ----- ----- ---- ---------------------
seq00000021:5939-6856|+   -            306 3146at2085           -            235   2.1e-85  281.2   1.1   1   2   5.8e-29   1.1e-26   89.1   0.1     1    65     4    71     4   103 0.91 seq00000021_8 # 5939 # 6856 # 1 # ID=21_8;partial=00;start_type=ATG;rbs_motif=GGA/GAG/AGG;rbs_spacer=5-10bp;gc_cont=0.353
seq00000021:5939-6856|+   -            306 3146at2085           -            235   2.1e-85  281.2   1.1   2   2   5.5e-60   9.9e-58  190.6   0.1    64   234   104   299    98   300 0.86 seq00000021_8 # 5939 # 6856 # 1 # ID=21_8;partial=00;start_type=ATG;rbs_motif=GGA/GAG/AGG;rbs_spacer=5-10bp;gc_cont=0.353
scf00000000:49978-51342|+ -            455 3146at2085           -            235   2.5e-16   55.1   5.5   1   2     1e-07   1.8e-05   19.5   0.1     1    39     4    42     4    51 0.94 scf00000000_43 # 49978 # 51342 # 1 # ID=1_43;partial=00;start_type=ATG;rbs_motif=GGA/GAG/AGG;rbs_spacer=5-10bp;gc_cont=0.316
scf00000000:49978-51342|+ -            455 3146at2085           -            235   2.5e-16   55.1   5.5   2   2   1.4e-12   2.5e-10   35.4   2.2   102   235   167   320   125   320 0.67 scf00000000_43 # 49978 # 51342 # 1 # ID=1_43;partial=00;start_type=ATG;rbs_motif=GGA/GAG/AGG;rbs_spacer=5-10bp;gc_cont=0.316
seq00000036:1796-3643|+   -            616 3146at2085           -            235   1.1e-11   39.9   9.6   1   2   2.9e-08   5.3e-06   21.3   0.1     1    38   161   198   161   207 0.93 seq00000036_2 # 1796 # 3643 # 1 # ID=34_2;partial=00;start_type=ATG;rbs_motif=AGGA;rbs_spacer=5-10bp;gc_cont=0.364
seq00000036:1796-3643|+   -            616 3146at2085           -            235   1.1e-11   39.9   9.6   2   2   3.9e-08     7e-06   20.9   3.9    59   218   285   466   245   483 0.67 seq00000036_2 # 1796 # 3643 # 1 # ID=34_2;partial=00;start_type=ATG;rbs_motif=AGGA;rbs_spacer=5-10bp;gc_cont=0.364
seq00000001:28357-30216|+ -            620 3146at2085           -            235     0.025    9.3   2.9   1   3    0.0011      0.21    6.3   0.0     1    30    12    41    12    49 0.85 seq00000001_19 # 28357 # 30216 # 1 # ID=5_19;partial=00;start_type=ATG;rbs_motif=GGAG/GAGG;rbs_spacer=5-10bp;gc_cont=0.326
seq00000001:28357-30216|+ -            620 3146at2085           -            235     0.025    9.3   2.9   2   3     0.028         5    1.7   0.7   129   169    98   142    79   162 0.72 seq00000001_19 # 28357 # 30216 # 1 # ID=5_19;partial=00;start_type=ATG;rbs_motif=GGAG/GAGG;rbs_spacer=5-10bp;gc_cont=0.326
seq00000001:28357-30216|+ -            620 3146at2085           -            235     0.025    9.3   2.9   3   3      0.61   1.1e+02   -2.6   0.0   201   215   361   376   350   393 0.73 seq00000001_19 # 28357 # 30216 # 1 # ID=5_19;partial=00;start_type=ATG;rbs_motif=GGAG/GAGG;rbs_spacer=5-10bp;gc_cont=0.326
#
# Program:         hmmsearch
# Version:         3.4 (Aug 2023)
# Pipeline mode:   SEARCH
# Query file:      /home/lgef/Documentos/GitHub/Project_doctoral/IMPLEMENTACAO/Genomes/M_hyopneumoniae/MHP_ncbi_dataset/ncbi_dataset/data/strains/MHP691/Use/busco_downloads/lineages/mycoplasmatales_odb10/hmms/3146at2085.hmm
# Target file:     /home/lgef/Documentos/GitHub/Project_doctoral/IMPLEMENTACAO/Genomes/M_hyopneumoniae/MHP_ncbi_dataset/ncbi_dataset/data/strains/MHP691/Use/busco_complete/prodigal_output/predicted_genes/predicted.faa
# Option settings: hmmsearch --domtblout /home/lgef/Documentos/GitHub/Project_doctoral/IMPLEMENTACAO/Genomes/M_hyopneumoniae/MHP_ncbi_dataset/ncbi_dataset/data/strains/MHP691/Use/busco_complete/run_mycoplasmatales_odb10/hmmer_output/3146at2085.out --cpu 1 /home/lgef/Documentos/GitHub/Project_doctoral/IMPLEMENTACAO/Genomes/M_hyopneumoniae/MHP_ncbi_dataset/ncbi_dataset/data/strains/MHP691/Use/busco_downloads/lineages/mycoplasmatales_odb10/hmms/3146at2085.hmm /home/lgef/Documentos/GitHub/Project_doctoral/IMPLEMENTACAO/Genomes/M_hyopneumoniae/MHP_ncbi_dataset/ncbi_dataset/data/strains/MHP691/Use/busco_complete/prodigal_output/predicted_genes/predicted.faa 
# Current dir:     /home/lgef/Documentos/GitHub/Project_doctoral/IMPLEMENTACAO/Genomes/M_hyopneumoniae/MHP_ncbi_dataset/ncbi_dataset/data/strains/MHP691/Use
# Date:            Thu Nov 28 19:33:54 2024
# [ok]
