#                                                                                 --- full sequence --- -------------- this domain -------------   hmm coord   ali coord   env coord
# target name             accession   tlen query name           accession   qlen   E-value  score  bias   #  of  c-Evalue  i-Evalue  score  bias  from    to  from    to  from    to  acc description of target
#     ------------------- ---------- ----- -------------------- ---------- ----- --------- ------ ----- --- --- --------- --------- ------ ----- ----- ----- ----- ----- ----- ----- ---- ---------------------
scf00000000:37039-39984|+ -            982 543at2085            -            552  3.9e-181  598.6  40.7   1   3     1e-21   3.6e-19   64.0   1.7     1    73     3    85     3   144 0.88 scf00000000_31 # 37039 # 39984 # 1 # ID=1_31;partial=00;start_type=ATG;rbs_motif=None;rbs_spacer=None;gc_cont=0.289
scf00000000:37039-39984|+ -            982 543at2085            -            552  3.9e-181  598.6  40.7   2   3   1.9e-69   6.9e-67  221.5   2.3    86   255   237   404   161   420 0.86 scf00000000_31 # 37039 # 39984 # 1 # ID=1_31;partial=00;start_type=ATG;rbs_motif=None;rbs_spacer=None;gc_cont=0.289
scf00000000:37039-39984|+ -            982 543at2085            -            552  3.9e-181  598.6  40.7   3   3    4e-100   1.4e-97  322.8  21.5   227   542   437   822   431   834 0.82 scf00000000_31 # 37039 # 39984 # 1 # ID=1_31;partial=00;start_type=ATG;rbs_motif=None;rbs_spacer=None;gc_cont=0.289
seq00000007:22921-27330|- -           1470 543at2085            -            552   3.2e-17   57.6  24.9   1   6      0.31   1.1e+02   -3.6   0.8   457   536   546   626   542   633 0.68 seq00000007_15 # 22921 # 27330 # -1 # ID=9_15;partial=00;start_type=ATG;rbs_motif=AGGAG;rbs_spacer=5-10bp;gc_cont=0.302
seq00000007:22921-27330|- -           1470 543at2085            -            552   3.2e-17   57.6  24.9   2   6   7.3e-11   2.6e-08   28.1   0.0   106   169   853   915   838   919 0.91 seq00000007_15 # 22921 # 27330 # -1 # ID=9_15;partial=00;start_type=ATG;rbs_motif=AGGAG;rbs_spacer=5-10bp;gc_cont=0.302
seq00000007:22921-27330|- -           1470 543at2085            -            552   3.2e-17   57.6  24.9   3   6   6.9e-05     0.025    8.4   0.0   171   216   958  1003   951  1025 0.88 seq00000007_15 # 22921 # 27330 # -1 # ID=9_15;partial=00;start_type=ATG;rbs_motif=AGGAG;rbs_spacer=5-10bp;gc_cont=0.302
seq00000007:22921-27330|- -           1470 543at2085            -            552   3.2e-17   57.6  24.9   4   6    0.0028         1    3.1   0.0   233   267  1051  1085  1046  1138 0.60 seq00000007_15 # 22921 # 27330 # -1 # ID=9_15;partial=00;start_type=ATG;rbs_motif=AGGAG;rbs_spacer=5-10bp;gc_cont=0.302
seq00000007:22921-27330|- -           1470 543at2085            -            552   3.2e-17   57.6  24.9   5   6   3.4e-09   1.2e-06   22.7   6.3   308   468  1168  1318  1158  1348 0.60 seq00000007_15 # 22921 # 27330 # -1 # ID=9_15;partial=00;start_type=ATG;rbs_motif=AGGAG;rbs_spacer=5-10bp;gc_cont=0.302
seq00000007:22921-27330|- -           1470 543at2085            -            552   3.2e-17   57.6  24.9   6   6    0.0052       1.9    2.2   0.1   478   545  1386  1461  1366  1467 0.78 seq00000007_15 # 22921 # 27330 # -1 # ID=9_15;partial=00;start_type=ATG;rbs_motif=AGGAG;rbs_spacer=5-10bp;gc_cont=0.302
#
# Program:         hmmsearch
# Version:         3.4 (Aug 2023)
# Pipeline mode:   SEARCH
# Query file:      /home/lgef/Documentos/GitHub/Project_doctoral/IMPLEMENTACAO/Genomes/M_hyopneumoniae/MHP_ncbi_dataset/ncbi_dataset/data/strains/MHP691/Use/busco_downloads/lineages/mycoplasmatales_odb10/hmms/543at2085.hmm
# Target file:     /home/lgef/Documentos/GitHub/Project_doctoral/IMPLEMENTACAO/Genomes/M_hyopneumoniae/MHP_ncbi_dataset/ncbi_dataset/data/strains/MHP691/Use/busco_complete/prodigal_output/predicted_genes/predicted.faa
# Option settings: hmmsearch --domtblout /home/lgef/Documentos/GitHub/Project_doctoral/IMPLEMENTACAO/Genomes/M_hyopneumoniae/MHP_ncbi_dataset/ncbi_dataset/data/strains/MHP691/Use/busco_complete/run_mycoplasmatales_odb10/hmmer_output/543at2085.out --cpu 1 /home/lgef/Documentos/GitHub/Project_doctoral/IMPLEMENTACAO/Genomes/M_hyopneumoniae/MHP_ncbi_dataset/ncbi_dataset/data/strains/MHP691/Use/busco_downloads/lineages/mycoplasmatales_odb10/hmms/543at2085.hmm /home/lgef/Documentos/GitHub/Project_doctoral/IMPLEMENTACAO/Genomes/M_hyopneumoniae/MHP_ncbi_dataset/ncbi_dataset/data/strains/MHP691/Use/busco_complete/prodigal_output/predicted_genes/predicted.faa 
# Current dir:     /home/lgef/Documentos/GitHub/Project_doctoral/IMPLEMENTACAO/Genomes/M_hyopneumoniae/MHP_ncbi_dataset/ncbi_dataset/data/strains/MHP691/Use
# Date:            Thu Nov 28 19:33:55 2024
# [ok]
