#                                                                                       --- full sequence --- -------------- this domain -------------   hmm coord   ali coord   env coord
# target name                   accession   tlen query name           accession   qlen   E-value  score  bias   #  of  c-Evalue  i-Evalue  score  bias  from    to  from    to  from    to  acc description of target
#           ------------------- ---------- ----- -------------------- ---------- ----- --------- ------ ----- --- --- --------- --------- ------ ----- ----- ----- ----- ----- ----- ----- ---- ---------------------
NZ_QQRM01000005.1:40840-43500|- -            887 157at2085            -            637  4.2e-232  767.0  42.3   1   3  1.6e-216  2.3e-214  708.4  21.1     1   543    19   675    19   680 0.85 NZ_QQRM01000005.1_35 # 40840 # 43500 # -1 # ID=24_35;partial=00;start_type=ATG;rbs_motif=AGGA;rbs_spacer=5-10bp;gc_cont=0.298
NZ_QQRM01000005.1:40840-43500|- -            887 157at2085            -            637  4.2e-232  767.0  42.3   2   3   5.6e-19   8.3e-17   55.7  11.5   509   602   668   773   662   808 0.78 NZ_QQRM01000005.1_35 # 40840 # 43500 # -1 # ID=24_35;partial=00;start_type=ATG;rbs_motif=AGGA;rbs_spacer=5-10bp;gc_cont=0.298
NZ_QQRM01000005.1:40840-43500|- -            887 157at2085            -            637  4.2e-232  767.0  42.3   3   3     0.039       5.8    0.1   0.1   620   637   846   863   818   863 0.80 NZ_QQRM01000005.1_35 # 40840 # 43500 # -1 # ID=24_35;partial=00;start_type=ATG;rbs_motif=AGGA;rbs_spacer=5-10bp;gc_cont=0.298
NZ_QQRM01000005.1:7321-9792|+   -            824 157at2085            -            637     9e-44  144.8  33.6   1   2   2.2e-43   3.3e-41  136.3  24.5     7   532    16   587    10   598 0.75 NZ_QQRM01000005.1_6 # 7321 # 9792 # 1 # ID=24_6;partial=00;start_type=ATG;rbs_motif=GGA/GAG/AGG;rbs_spacer=5-10bp;gc_cont=0.289
NZ_QQRM01000005.1:7321-9792|+   -            824 157at2085            -            637     9e-44  144.8  33.6   2   2   0.00013      0.02    8.2   2.5   511   583   591   661   588   692 0.75 NZ_QQRM01000005.1_6 # 7321 # 9792 # 1 # ID=24_6;partial=00;start_type=ATG;rbs_motif=GGA/GAG/AGG;rbs_spacer=5-10bp;gc_cont=0.289
NZ_QQRM01000007.1:3163-5535|+   -            791 157at2085            -            637   2.5e-38  126.8   9.6   1   3   4.7e-16     7e-14   46.1   0.1    11   161    17   171    10   179 0.81 NZ_QQRM01000007.1_3 # 3163 # 5535 # 1 # ID=26_3;partial=00;start_type=ATG;rbs_motif=None;rbs_spacer=None;gc_cont=0.302
NZ_QQRM01000007.1:3163-5535|+   -            791 157at2085            -            637   2.5e-38  126.8   9.6   2   3   4.1e-09   6.1e-07   23.1   0.2   320   377   384   443   372   495 0.66 NZ_QQRM01000007.1_3 # 3163 # 5535 # 1 # ID=26_3;partial=00;start_type=ATG;rbs_motif=None;rbs_spacer=None;gc_cont=0.302
NZ_QQRM01000007.1:3163-5535|+   -            791 157at2085            -            637   2.5e-38  126.8   9.6   3   3   1.1e-20   1.7e-18   61.3   1.2   438   610   543   725   506   746 0.72 NZ_QQRM01000007.1_3 # 3163 # 5535 # 1 # ID=26_3;partial=00;start_type=ATG;rbs_motif=None;rbs_spacer=None;gc_cont=0.302
NZ_QQRM01000003.1:68503-70047|- -            515 157at2085            -            637   2.9e-18   60.6  10.4   1   3   5.7e-13   8.4e-11   35.9   1.4    30   164    10   145     2   158 0.77 NZ_QQRM01000003.1_56 # 68503 # 70047 # -1 # ID=22_56;partial=00;start_type=ATG;rbs_motif=GGA/GAG/AGG;rbs_spacer=5-10bp;gc_cont=0.274
NZ_QQRM01000003.1:68503-70047|- -            515 157at2085            -            637   2.9e-18   60.6  10.4   2   3   4.7e-11     7e-09   29.5   0.1   444   517   293   366   288   385 0.77 NZ_QQRM01000003.1_56 # 68503 # 70047 # -1 # ID=22_56;partial=00;start_type=ATG;rbs_motif=GGA/GAG/AGG;rbs_spacer=5-10bp;gc_cont=0.274
NZ_QQRM01000003.1:68503-70047|- -            515 157at2085            -            637   2.9e-18   60.6  10.4   3   3     0.095        14   -1.2   0.5   515   592   401   483   364   504 0.61 NZ_QQRM01000003.1_56 # 68503 # 70047 # -1 # ID=22_56;partial=00;start_type=ATG;rbs_motif=GGA/GAG/AGG;rbs_spacer=5-10bp;gc_cont=0.274
#
# Program:         hmmsearch
# Version:         3.4 (Aug 2023)
# Pipeline mode:   SEARCH
# Query file:      /home/bryan/Documentos/GitHub/Project_doctoral/IMPLEMENTACAO/Genomes/M_flocculare/strains/MF33/Use/busco_downloads/lineages/mycoplasmatales_odb10/hmms/157at2085.hmm
# Target file:     /home/bryan/Documentos/GitHub/Project_doctoral/IMPLEMENTACAO/Genomes/M_flocculare/strains/MF33/Use/busco_draft/prodigal_output/predicted_genes/predicted.faa
# Option settings: hmmsearch --domtblout /home/bryan/Documentos/GitHub/Project_doctoral/IMPLEMENTACAO/Genomes/M_flocculare/strains/MF33/Use/busco_draft/run_mycoplasmatales_odb10/hmmer_output/157at2085.out --cpu 1 /home/bryan/Documentos/GitHub/Project_doctoral/IMPLEMENTACAO/Genomes/M_flocculare/strains/MF33/Use/busco_downloads/lineages/mycoplasmatales_odb10/hmms/157at2085.hmm /home/bryan/Documentos/GitHub/Project_doctoral/IMPLEMENTACAO/Genomes/M_flocculare/strains/MF33/Use/busco_draft/prodigal_output/predicted_genes/predicted.faa 
# Current dir:     /home/bryan/Documentos/GitHub/Project_doctoral/IMPLEMENTACAO/Genomes/M_flocculare/strains/MF33/Use
# Date:            Sun Dec  1 18:46:56 2024
# [ok]
