#                                                                                       --- full sequence --- -------------- this domain -------------   hmm coord   ali coord   env coord
# target name                   accession   tlen query name           accession   qlen   E-value  score  bias   #  of  c-Evalue  i-Evalue  score  bias  from    to  from    to  from    to  acc description of target
#           ------------------- ---------- ----- -------------------- ---------- ----- --------- ------ ----- --- --- --------- --------- ------ ----- ----- ----- ----- ----- ----- ----- ---- ---------------------
NZ_QQRM01000003.1:68503-70047|- -            515 913at2085            -            397  3.6e-133  439.6  32.8   1   2  1.1e-124  1.6e-122  404.5  20.8     2   314     3   375     2   383 0.85 NZ_QQRM01000003.1_56 # 68503 # 70047 # -1 # ID=22_56;partial=00;start_type=ATG;rbs_motif=GGA/GAG/AGG;rbs_spacer=5-10bp;gc_cont=0.274
NZ_QQRM01000003.1:68503-70047|- -            515 913at2085            -            397  3.6e-133  439.6  32.8   2   2   3.7e-13   5.5e-11   37.3   4.1   307   385   402   484   391   500 0.81 NZ_QQRM01000003.1_56 # 68503 # 70047 # -1 # ID=22_56;partial=00;start_type=ATG;rbs_motif=GGA/GAG/AGG;rbs_spacer=5-10bp;gc_cont=0.274
NZ_QQRM01000007.1:3163-5535|+   -            791 913at2085            -            397   3.9e-20   67.4   1.4   1   2   5.4e-12     8e-10   33.4   0.0     1   166    28   205    28   215 0.82 NZ_QQRM01000007.1_3 # 3163 # 5535 # 1 # ID=26_3;partial=00;start_type=ATG;rbs_motif=None;rbs_spacer=None;gc_cont=0.302
NZ_QQRM01000007.1:3163-5535|+   -            791 913at2085            -            397   3.9e-20   67.4   1.4   2   2   1.2e-11   1.7e-09   32.3   0.7   238   343   547   650   513   693 0.79 NZ_QQRM01000007.1_3 # 3163 # 5535 # 1 # ID=26_3;partial=00;start_type=ATG;rbs_motif=None;rbs_spacer=None;gc_cont=0.302
NZ_QQRM01000005.1:40840-43500|- -            887 913at2085            -            397   7.9e-15   49.9   5.3   1   6   2.4e-12   3.6e-10   34.6   0.2    12   132    61   198    58   229 0.70 NZ_QQRM01000005.1_35 # 40840 # 43500 # -1 # ID=24_35;partial=00;start_type=ATG;rbs_motif=AGGA;rbs_spacer=5-10bp;gc_cont=0.298
NZ_QQRM01000005.1:40840-43500|- -            887 913at2085            -            397   7.9e-15   49.9   5.3   2   6      0.19        28   -1.3   0.2   159   188   433   461   401   464 0.63 NZ_QQRM01000005.1_35 # 40840 # 43500 # -1 # ID=24_35;partial=00;start_type=ATG;rbs_motif=AGGA;rbs_spacer=5-10bp;gc_cont=0.298
NZ_QQRM01000005.1:40840-43500|- -            887 913at2085            -            397   7.9e-15   49.9   5.3   3   6       1.4   2.1e+02   -4.2   0.0   183   205   511   532   508   535 0.77 NZ_QQRM01000005.1_35 # 40840 # 43500 # -1 # ID=24_35;partial=00;start_type=ATG;rbs_motif=AGGA;rbs_spacer=5-10bp;gc_cont=0.298
NZ_QQRM01000005.1:40840-43500|- -            887 913at2085            -            397   7.9e-15   49.9   5.3   4   6     7e-10     1e-07   26.5   0.9   238   308   571   647   563   675 0.76 NZ_QQRM01000005.1_35 # 40840 # 43500 # -1 # ID=24_35;partial=00;start_type=ATG;rbs_motif=AGGA;rbs_spacer=5-10bp;gc_cont=0.298
NZ_QQRM01000005.1:40840-43500|- -            887 913at2085            -            397   7.9e-15   49.9   5.3   5   6      0.27        40   -1.8  10.7   265   386   635   762   626   776 0.65 NZ_QQRM01000005.1_35 # 40840 # 43500 # -1 # ID=24_35;partial=00;start_type=ATG;rbs_motif=AGGA;rbs_spacer=5-10bp;gc_cont=0.298
NZ_QQRM01000005.1:40840-43500|- -            887 913at2085            -            397   7.9e-15   49.9   5.3   6   6       0.1        15   -0.4   0.3   119   155   764   798   755   812 0.71 NZ_QQRM01000005.1_35 # 40840 # 43500 # -1 # ID=24_35;partial=00;start_type=ATG;rbs_motif=AGGA;rbs_spacer=5-10bp;gc_cont=0.298
NZ_QQRM01000005.1:7321-9792|+   -            824 913at2085            -            397   2.7e-13   44.9  23.2   1   3     7e-10     1e-07   26.5   2.1     2   136    32   186    31   218 0.65 NZ_QQRM01000005.1_6 # 7321 # 9792 # 1 # ID=24_6;partial=00;start_type=ATG;rbs_motif=GGA/GAG/AGG;rbs_spacer=5-10bp;gc_cont=0.289
NZ_QQRM01000005.1:7321-9792|+   -            824 913at2085            -            397   2.7e-13   44.9  23.2   2   3     0.092        14   -0.3   2.0   281   358   274   369   231   398 0.66 NZ_QQRM01000005.1_6 # 7321 # 9792 # 1 # ID=24_6;partial=00;start_type=ATG;rbs_motif=GGA/GAG/AGG;rbs_spacer=5-10bp;gc_cont=0.289
NZ_QQRM01000005.1:7321-9792|+   -            824 913at2085            -            397   2.7e-13   44.9  23.2   3   3   8.3e-11   1.2e-08   29.5   1.4   234   340   491   606   466   623 0.76 NZ_QQRM01000005.1_6 # 7321 # 9792 # 1 # ID=24_6;partial=00;start_type=ATG;rbs_motif=GGA/GAG/AGG;rbs_spacer=5-10bp;gc_cont=0.289
#
# Program:         hmmsearch
# Version:         3.4 (Aug 2023)
# Pipeline mode:   SEARCH
# Query file:      /home/bryan/Documentos/GitHub/Project_doctoral/IMPLEMENTACAO/Genomes/M_flocculare/strains/MF33/Use/busco_downloads/lineages/mycoplasmatales_odb10/hmms/913at2085.hmm
# Target file:     /home/bryan/Documentos/GitHub/Project_doctoral/IMPLEMENTACAO/Genomes/M_flocculare/strains/MF33/Use/busco_draft/prodigal_output/predicted_genes/predicted.faa
# Option settings: hmmsearch --domtblout /home/bryan/Documentos/GitHub/Project_doctoral/IMPLEMENTACAO/Genomes/M_flocculare/strains/MF33/Use/busco_draft/run_mycoplasmatales_odb10/hmmer_output/913at2085.out --cpu 1 /home/bryan/Documentos/GitHub/Project_doctoral/IMPLEMENTACAO/Genomes/M_flocculare/strains/MF33/Use/busco_downloads/lineages/mycoplasmatales_odb10/hmms/913at2085.hmm /home/bryan/Documentos/GitHub/Project_doctoral/IMPLEMENTACAO/Genomes/M_flocculare/strains/MF33/Use/busco_draft/prodigal_output/predicted_genes/predicted.faa 
# Current dir:     /home/bryan/Documentos/GitHub/Project_doctoral/IMPLEMENTACAO/Genomes/M_flocculare/strains/MF33/Use
# Date:            Sun Dec  1 18:47:02 2024
# [ok]
