#                                                                                       --- full sequence --- -------------- this domain -------------   hmm coord   ali coord   env coord
# target name                   accession   tlen query name           accession   qlen   E-value  score  bias   #  of  c-Evalue  i-Evalue  score  bias  from    to  from    to  from    to  acc description of target
#           ------------------- ---------- ----- -------------------- ---------- ----- --------- ------ ----- --- --- --------- --------- ------ ----- ----- ----- ----- ----- ----- ----- ---- ---------------------
NZ_QQRK01000017.1:10427-12466|+ -            680 1371at2085           -            438     8e-85  280.5 107.7   1   5   1.9e-32     1e-30  102.2   6.8     1   103    21   133    21   135 0.93 NZ_QQRK01000017.1_14 # 10427 # 12466 # 1 # ID=8_14;partial=00;start_type=ATG;rbs_motif=None;rbs_spacer=None;gc_cont=0.248
NZ_QQRK01000017.1:10427-12466|+ -            680 1371at2085           -            438     8e-85  280.5 107.7   2   5   3.5e-27   1.8e-25   84.9  35.2   102   262   158   336   144   349 0.82 NZ_QQRK01000017.1_14 # 10427 # 12466 # 1 # ID=8_14;partial=00;start_type=ATG;rbs_motif=None;rbs_spacer=None;gc_cont=0.248
NZ_QQRK01000017.1:10427-12466|+ -            680 1371at2085           -            438     8e-85  280.5 107.7   3   5      0.56        29   -1.5   6.2   161   228   339   406   334   407 0.73 NZ_QQRK01000017.1_14 # 10427 # 12466 # 1 # ID=8_14;partial=00;start_type=ATG;rbs_motif=None;rbs_spacer=None;gc_cont=0.248
NZ_QQRK01000017.1:10427-12466|+ -            680 1371at2085           -            438     8e-85  280.5 107.7   4   5   1.3e-06   6.7e-05   17.1  27.6   269   372   408   552   377   559 0.72 NZ_QQRK01000017.1_14 # 10427 # 12466 # 1 # ID=8_14;partial=00;start_type=ATG;rbs_motif=None;rbs_spacer=None;gc_cont=0.248
NZ_QQRK01000017.1:10427-12466|+ -            680 1371at2085           -            438     8e-85  280.5 107.7   5   5   4.6e-28   2.4e-26   87.8  11.6   349   438   573   663   567   663 0.83 NZ_QQRK01000017.1_14 # 10427 # 12466 # 1 # ID=8_14;partial=00;start_type=ATG;rbs_motif=None;rbs_spacer=None;gc_cont=0.248
NZ_QQRK01000021.1:6468-7184|-   -            239 1371at2085           -            438   4.2e-10   34.2   2.3   1   2     0.036       1.8    2.4   1.2   333   374    43    90     6    95 0.76 NZ_QQRK01000021.1_7 # 6468 # 7184 # -1 # ID=13_7;partial=00;start_type=ATG;rbs_motif=AGGA;rbs_spacer=5-10bp;gc_cont=0.266
NZ_QQRK01000021.1:6468-7184|-   -            239 1371at2085           -            438   4.2e-10   34.2   2.3   2   2   8.2e-12   4.2e-10   34.2   2.3   374   435   131   194   111   196 0.83 NZ_QQRK01000021.1_7 # 6468 # 7184 # -1 # ID=13_7;partial=00;start_type=ATG;rbs_motif=AGGA;rbs_spacer=5-10bp;gc_cont=0.266
NZ_QQRK01000019.1:13721-15250|+ -            510 1371at2085           -            438   5.1e-10   33.9   8.1   1   3   2.7e-08   1.4e-06   22.6   0.7   377   431   151   206   148   213 0.87 NZ_QQRK01000019.1_11 # 13721 # 15250 # 1 # ID=10_11;partial=00;start_type=TTG;rbs_motif=GGAGG;rbs_spacer=5-10bp;gc_cont=0.320
NZ_QQRK01000019.1:13721-15250|+ -            510 1371at2085           -            438   5.1e-10   33.9   8.1   2   3      0.44        23   -1.2   1.4   279   313   363   397   356   406 0.60 NZ_QQRK01000019.1_11 # 13721 # 15250 # 1 # ID=10_11;partial=00;start_type=TTG;rbs_motif=GGAGG;rbs_spacer=5-10bp;gc_cont=0.320
NZ_QQRK01000019.1:13721-15250|+ -            510 1371at2085           -            438   5.1e-10   33.9   8.1   3   3   1.6e-05   0.00081   13.5   0.0   377   432   409   465   406   470 0.91 NZ_QQRK01000019.1_11 # 13721 # 15250 # 1 # ID=10_11;partial=00;start_type=TTG;rbs_motif=GGAGG;rbs_spacer=5-10bp;gc_cont=0.320
NZ_QQRK01000002.1:3762-5375|+   -            538 1371at2085           -            438   3.9e-09   31.0   3.4   1   4      0.28        15   -0.5  29.2   104   290     9   214     2   232 0.62 NZ_QQRK01000002.1_3 # 3762 # 5375 # 1 # ID=22_3;partial=00;start_type=ATG;rbs_motif=AGxAGG/AGGxGG;rbs_spacer=5-10bp;gc_cont=0.270
NZ_QQRK01000002.1:3762-5375|+   -            538 1371at2085           -            438   3.9e-09   31.0   3.4   2   4       4.7   2.4e+02   -4.5  24.5    95   199   233   338   217   348 0.68 NZ_QQRK01000002.1_3 # 3762 # 5375 # 1 # ID=22_3;partial=00;start_type=ATG;rbs_motif=AGxAGG/AGGxGG;rbs_spacer=5-10bp;gc_cont=0.270
NZ_QQRK01000002.1:3762-5375|+   -            538 1371at2085           -            438   3.9e-09   31.0   3.4   3   4      0.01      0.52    4.3   4.8   333   373   361   410   359   453 0.68 NZ_QQRK01000002.1_3 # 3762 # 5375 # 1 # ID=22_3;partial=00;start_type=ATG;rbs_motif=AGxAGG/AGGxGG;rbs_spacer=5-10bp;gc_cont=0.270
NZ_QQRK01000002.1:3762-5375|+   -            538 1371at2085           -            438   3.9e-09   31.0   3.4   4   4   7.6e-11   3.9e-09   31.0   3.4   371   431   447   508   428   514 0.84 NZ_QQRK01000002.1_3 # 3762 # 5375 # 1 # ID=22_3;partial=00;start_type=ATG;rbs_motif=AGxAGG/AGGxGG;rbs_spacer=5-10bp;gc_cont=0.270
NZ_QQRK01000001.1:4212-4982|+   -            257 1371at2085           -            438   4.6e-08   27.5   0.9   1   2   8.8e-10   4.6e-08   27.5   0.9   370   435   145   213   130   216 0.83 NZ_QQRK01000001.1_5 # 4212 # 4982 # 1 # ID=11_5;partial=00;start_type=ATG;rbs_motif=None;rbs_spacer=None;gc_cont=0.265
NZ_QQRK01000001.1:4212-4982|+   -            257 1371at2085           -            438   4.6e-08   27.5   0.9   2   2     0.038         2    2.3   1.2   234   273   207   246   205   250 0.87 NZ_QQRK01000001.1_5 # 4212 # 4982 # 1 # ID=11_5;partial=00;start_type=ATG;rbs_motif=None;rbs_spacer=None;gc_cont=0.265
NZ_QQRK01000016.1:8103-8999|-   -            299 1371at2085           -            438   9.1e-08   26.5   0.1   1   3       1.6        80   -3.0   0.2   162   212    27    77    13    81 0.66 NZ_QQRK01000016.1_5 # 8103 # 8999 # -1 # ID=7_5;partial=00;start_type=GTG;rbs_motif=AGGAG;rbs_spacer=5-10bp;gc_cont=0.355
NZ_QQRK01000016.1:8103-8999|-   -            299 1371at2085           -            438   9.1e-08   26.5   0.1   2   3      0.19        10    0.0   0.1   333   355   101   129    91   155 0.69 NZ_QQRK01000016.1_5 # 8103 # 8999 # -1 # ID=7_5;partial=00;start_type=GTG;rbs_motif=AGGAG;rbs_spacer=5-10bp;gc_cont=0.355
NZ_QQRK01000016.1:8103-8999|-   -            299 1371at2085           -            438   9.1e-08   26.5   0.1   3   3   1.8e-09   9.1e-08   26.5   0.1   376   435   196   258   171   261 0.88 NZ_QQRK01000016.1_5 # 8103 # 8999 # -1 # ID=7_5;partial=00;start_type=GTG;rbs_motif=AGGAG;rbs_spacer=5-10bp;gc_cont=0.355
NZ_QQRK01000025.1:5720-7258|+   -            513 1371at2085           -            438   2.2e-07   25.2  22.9   1   4      0.12       6.2    0.7   0.1   333   344    43    54     3    56 0.85 NZ_QQRK01000025.1_8 # 5720 # 7258 # 1 # ID=17_8;partial=00;start_type=TTG;rbs_motif=AGGA;rbs_spacer=5-10bp;gc_cont=0.320
NZ_QQRK01000025.1:5720-7258|+   -            513 1371at2085           -            438   2.2e-07   25.2  22.9   2   4   4.1e-07   2.1e-05   18.7   0.5   378   436   144   204   136   206 0.90 NZ_QQRK01000025.1_8 # 5720 # 7258 # 1 # ID=17_8;partial=00;start_type=TTG;rbs_motif=AGGA;rbs_spacer=5-10bp;gc_cont=0.320
NZ_QQRK01000025.1:5720-7258|+   -            513 1371at2085           -            438   2.2e-07   25.2  22.9   3   4      0.13         7    0.5   5.7   274   324   356   406   324   407 0.82 NZ_QQRK01000025.1_8 # 5720 # 7258 # 1 # ID=17_8;partial=00;start_type=TTG;rbs_motif=AGGA;rbs_spacer=5-10bp;gc_cont=0.320
NZ_QQRK01000025.1:5720-7258|+   -            513 1371at2085           -            438   2.2e-07   25.2  22.9   4   4   7.2e-05    0.0037   11.3  10.3   338   431   372   465   359   471 0.74 NZ_QQRK01000025.1_8 # 5720 # 7258 # 1 # ID=17_8;partial=00;start_type=TTG;rbs_motif=AGGA;rbs_spacer=5-10bp;gc_cont=0.320
NZ_QQRK01000005.1:22909-23727|- -            273 1371at2085           -            438   2.9e-07   24.9   5.2   1   2     0.057       2.9    1.8   1.7   318   354    27    68     1    93 0.55 NZ_QQRK01000005.1_17 # 22909 # 23727 # -1 # ID=54_17;partial=00;start_type=ATG;rbs_motif=GGA/GAG/AGG;rbs_spacer=5-10bp;gc_cont=0.303
NZ_QQRK01000005.1:22909-23727|- -            273 1371at2085           -            438   2.9e-07   24.9   5.2   2   2   1.4e-08   7.4e-07   23.5   0.1   367   436   126   198   107   199 0.86 NZ_QQRK01000005.1_17 # 22909 # 23727 # -1 # ID=54_17;partial=00;start_type=ATG;rbs_motif=GGA/GAG/AGG;rbs_spacer=5-10bp;gc_cont=0.303
NZ_QQRK01000003.1:2917-4527|+   -            537 1371at2085           -            438   5.7e-07   23.9   7.2   1   1   1.1e-08   5.7e-07   23.9   7.2   374   434   460   521   423   524 0.74 NZ_QQRK01000003.1_2 # 2917 # 4527 # 1 # ID=32_2;partial=00;start_type=ATG;rbs_motif=GGA/GAG/AGG;rbs_spacer=5-10bp;gc_cont=0.187
NZ_QQRK01000002.1:2171-3769|+   -            533 1371at2085           -            438   7.4e-07   23.5   2.0   1   2      0.22        12   -0.2  41.1   102   316    13   240     3   244 0.64 NZ_QQRK01000002.1_2 # 2171 # 3769 # 1 # ID=22_2;partial=00;start_type=ATG;rbs_motif=AGGAGG;rbs_spacer=5-10bp;gc_cont=0.256
NZ_QQRK01000002.1:2171-3769|+   -            533 1371at2085           -            438   7.4e-07   23.5   2.0   2   2   1.4e-08   7.4e-07   23.5   2.0   374   435   450   511   418   513 0.83 NZ_QQRK01000002.1_2 # 2171 # 3769 # 1 # ID=22_2;partial=00;start_type=ATG;rbs_motif=AGGAGG;rbs_spacer=5-10bp;gc_cont=0.256
NZ_QQRK01000007.1:35897-37231|- -            445 1371at2085           -            438   2.9e-06   21.6   0.7   1   3    0.0071      0.37    4.7   0.0   333   358    47    78    44    91 0.84 NZ_QQRK01000007.1_25 # 35897 # 37231 # -1 # ID=67_25;partial=00;start_type=ATG;rbs_motif=GGA/GAG/AGG;rbs_spacer=11-12bp;gc_cont=0.306
NZ_QQRK01000007.1:35897-37231|- -            445 1371at2085           -            438   2.9e-06   21.6   0.7   2   3       4.3   2.2e+02   -4.4   1.8   152   182   127   158   122   169 0.61 NZ_QQRK01000007.1_25 # 35897 # 37231 # -1 # ID=67_25;partial=00;start_type=ATG;rbs_motif=GGA/GAG/AGG;rbs_spacer=11-12bp;gc_cont=0.306
NZ_QQRK01000007.1:35897-37231|- -            445 1371at2085           -            438   2.9e-06   21.6   0.7   3   3   5.6e-08   2.9e-06   21.6   0.7   376   436   229   292   184   293 0.84 NZ_QQRK01000007.1_25 # 35897 # 37231 # -1 # ID=67_25;partial=00;start_type=ATG;rbs_motif=GGA/GAG/AGG;rbs_spacer=11-12bp;gc_cont=0.306
NZ_QQRK01000013.1:1989-3599|-   -            537 1371at2085           -            438   1.5e-05   19.2   1.1   1   2       4.5   2.3e+02   -4.5  59.6    97   314    20   247     5   266 0.68 NZ_QQRK01000013.1_2 # 1989 # 3599 # -1 # ID=4_2;partial=00;start_type=ATG;rbs_motif=AGGA;rbs_spacer=5-10bp;gc_cont=0.233
NZ_QQRK01000013.1:1989-3599|-   -            537 1371at2085           -            438   1.5e-05   19.2   1.1   2   2     3e-07   1.5e-05   19.2   1.1   375   434   461   521   437   524 0.87 NZ_QQRK01000013.1_2 # 1989 # 3599 # -1 # ID=4_2;partial=00;start_type=ATG;rbs_motif=AGGA;rbs_spacer=5-10bp;gc_cont=0.233
NZ_QQRK01000003.1:4536-6155|+   -            540 1371at2085           -            438   1.7e-05   19.0   3.3   1   1   3.3e-07   1.7e-05   19.0   3.3   367   422   455   512   445   526 0.77 NZ_QQRK01000003.1_3 # 4536 # 6155 # 1 # ID=32_3;partial=00;start_type=ATG;rbs_motif=None;rbs_spacer=None;gc_cont=0.230
NZ_QQRK01000013.1:365-1978|-    -            538 1371at2085           -            438   8.1e-05   16.8   8.5   1   3   0.00042     0.022    8.8  40.6    99   266    11   191     8   203 0.66 NZ_QQRK01000013.1_1 # 365 # 1978 # -1 # ID=4_1;partial=00;start_type=ATG;rbs_motif=AGGAGG;rbs_spacer=5-10bp;gc_cont=0.239
NZ_QQRK01000013.1:365-1978|-    -            538 1371at2085           -            438   8.1e-05   16.8   8.5   2   3     0.067       3.4    1.6  34.6   170   373   207   421   188   431 0.82 NZ_QQRK01000013.1_1 # 365 # 1978 # -1 # ID=4_1;partial=00;start_type=ATG;rbs_motif=AGGAGG;rbs_spacer=5-10bp;gc_cont=0.239
NZ_QQRK01000013.1:365-1978|-    -            538 1371at2085           -            438   8.1e-05   16.8   8.5   3   3   1.6e-06   8.1e-05   16.8   8.5   373   435   458   520   424   523 0.77 NZ_QQRK01000013.1_1 # 365 # 1978 # -1 # ID=4_1;partial=00;start_type=ATG;rbs_motif=AGGAGG;rbs_spacer=5-10bp;gc_cont=0.239
#
# Program:         hmmsearch
# Version:         3.4 (Aug 2023)
# Pipeline mode:   SEARCH
# Query file:      /home/bryan/Documentos/GitHub/Project_doctoral/IMPLEMENTACAO/Genomes/M_hyopneumoniae/strains/MHP691/Use/busco_downloads/lineages/mycoplasmatales_odb10/hmms/1371at2085.hmm
# Target file:     /home/bryan/Documentos/GitHub/Project_doctoral/IMPLEMENTACAO/Genomes/M_hyopneumoniae/strains/MHP691/Use/busco_draft/prodigal_output/predicted_genes/predicted.faa
# Option settings: hmmsearch --domtblout /home/bryan/Documentos/GitHub/Project_doctoral/IMPLEMENTACAO/Genomes/M_hyopneumoniae/strains/MHP691/Use/busco_draft/run_mycoplasmatales_odb10/hmmer_output/1371at2085.out --cpu 1 /home/bryan/Documentos/GitHub/Project_doctoral/IMPLEMENTACAO/Genomes/M_hyopneumoniae/strains/MHP691/Use/busco_downloads/lineages/mycoplasmatales_odb10/hmms/1371at2085.hmm /home/bryan/Documentos/GitHub/Project_doctoral/IMPLEMENTACAO/Genomes/M_hyopneumoniae/strains/MHP691/Use/busco_draft/prodigal_output/predicted_genes/predicted.faa 
# Current dir:     /home/bryan/Documentos/GitHub/Project_doctoral/IMPLEMENTACAO/Genomes/M_hyopneumoniae/strains/MHP691/Use
# Date:            Sun Dec  1 19:14:03 2024
# [ok]
