#                                                                                       --- full sequence --- -------------- this domain -------------   hmm coord   ali coord   env coord
# target name                   accession   tlen query name           accession   qlen   E-value  score  bias   #  of  c-Evalue  i-Evalue  score  bias  from    to  from    to  from    to  acc description of target
#           ------------------- ---------- ----- -------------------- ---------- ----- --------- ------ ----- --- --- --------- --------- ------ ----- ----- ----- ----- ----- ----- ----- ---- ---------------------
NZ_QQRK01000022.1:2-1285|-      -            428 148at2085            -            586  1.1e-179  594.1  10.3   1   2  2.6e-114  3.8e-112  371.0   3.0     1   181    11   193    11   220 0.94 NZ_QQRK01000022.1_1 # 2 # 1285 # -1 # ID=14_1;partial=10;start_type=ATG;rbs_motif=AGGA;rbs_spacer=5-10bp;gc_cont=0.362
NZ_QQRK01000022.1:2-1285|-      -            428 148at2085            -            586  1.1e-179  594.1  10.3   2   2   4.6e-70   6.7e-68  224.9   0.9   174   336   221   403   208   411 0.83 NZ_QQRK01000022.1_1 # 2 # 1285 # -1 # ID=14_1;partial=10;start_type=ATG;rbs_motif=AGGA;rbs_spacer=5-10bp;gc_cont=0.362
NZ_QQRK01000010.1:37951-38805|- -            285 148at2085            -            586    9e-126  416.0   0.3   1   1  8.1e-128  1.2e-125  415.6   0.3   348   579     8   261     1   278 0.90 NZ_QQRK01000010.1_32 # 37951 # 38805 # -1 # ID=1_32;partial=01;start_type=Edge;rbs_motif=None;rbs_spacer=None;gc_cont=0.388
NZ_QQRK01000010.1:34820-36616|+ -            599 148at2085            -            586     8e-42  138.8   0.2   1   3   3.4e-30   4.9e-28   93.3   0.1     1   150     7   153     7   164 0.92 NZ_QQRK01000010.1_30 # 34820 # 36616 # 1 # ID=1_30;partial=00;start_type=ATG;rbs_motif=None;rbs_spacer=None;gc_cont=0.343
NZ_QQRK01000010.1:34820-36616|+ -            599 148at2085            -            586     8e-42  138.8   0.2   2   3   1.6e-13   2.3e-11   38.2   0.0   218   415   163   375   154   381 0.75 NZ_QQRK01000010.1_30 # 34820 # 36616 # 1 # ID=1_30;partial=00;start_type=ATG;rbs_motif=None;rbs_spacer=None;gc_cont=0.343
NZ_QQRK01000010.1:34820-36616|+ -            599 148at2085            -            586     8e-42  138.8   0.2   3   3    0.0039      0.56    3.9   0.0   521   547   402   428   395   478 0.65 NZ_QQRK01000010.1_30 # 34820 # 36616 # 1 # ID=1_30;partial=00;start_type=ATG;rbs_motif=None;rbs_spacer=None;gc_cont=0.343
NZ_QQRK01000004.1:34849-36648|+ -            600 148at2085            -            586   4.7e-18   60.3   0.9   1   2   3.2e-20   4.7e-18   60.3   0.9    31   135   120   230   115   244 0.82 NZ_QQRK01000004.1_29 # 34849 # 36648 # 1 # ID=43_29;partial=00;start_type=ATG;rbs_motif=GGAG/GAGG;rbs_spacer=5-10bp;gc_cont=0.350
NZ_QQRK01000004.1:34849-36648|+ -            600 148at2085            -            586   4.7e-18   60.3   0.9   2   2      0.51        74   -3.1   0.1    44    70   378   404   368   457 0.69 NZ_QQRK01000004.1_29 # 34849 # 36648 # 1 # ID=43_29;partial=00;start_type=ATG;rbs_motif=GGAG/GAGG;rbs_spacer=5-10bp;gc_cont=0.350
NZ_QQRK01000007.1:11063-12271|- -            403 148at2085            -            586   2.2e-15   51.5   1.7   1   2   2.7e-17   3.9e-15   50.6   0.3     2   130    20   147    19   168 0.90 NZ_QQRK01000007.1_6 # 11063 # 12271 # -1 # ID=67_6;partial=00;start_type=ATG;rbs_motif=AGGA;rbs_spacer=5-10bp;gc_cont=0.401
NZ_QQRK01000007.1:11063-12271|- -            403 148at2085            -            586   2.2e-15   51.5   1.7   2   2      0.06       8.7   -0.0   0.1   220   326   195   303   148   317 0.66 NZ_QQRK01000007.1_6 # 11063 # 12271 # -1 # ID=67_6;partial=00;start_type=ATG;rbs_motif=AGGA;rbs_spacer=5-10bp;gc_cont=0.401
#
# Program:         hmmsearch
# Version:         3.4 (Aug 2023)
# Pipeline mode:   SEARCH
# Query file:      /home/bryan/Documentos/GitHub/Project_doctoral/IMPLEMENTACAO/Genomes/M_hyopneumoniae/strains/MHP691/Use/busco_downloads/lineages/mycoplasmatales_odb10/hmms/148at2085.hmm
# Target file:     /home/bryan/Documentos/GitHub/Project_doctoral/IMPLEMENTACAO/Genomes/M_hyopneumoniae/strains/MHP691/Use/busco_draft/prodigal_output/predicted_genes/predicted.faa
# Option settings: hmmsearch --domtblout /home/bryan/Documentos/GitHub/Project_doctoral/IMPLEMENTACAO/Genomes/M_hyopneumoniae/strains/MHP691/Use/busco_draft/run_mycoplasmatales_odb10/hmmer_output/148at2085.out --cpu 1 /home/bryan/Documentos/GitHub/Project_doctoral/IMPLEMENTACAO/Genomes/M_hyopneumoniae/strains/MHP691/Use/busco_downloads/lineages/mycoplasmatales_odb10/hmms/148at2085.hmm /home/bryan/Documentos/GitHub/Project_doctoral/IMPLEMENTACAO/Genomes/M_hyopneumoniae/strains/MHP691/Use/busco_draft/prodigal_output/predicted_genes/predicted.faa 
# Current dir:     /home/bryan/Documentos/GitHub/Project_doctoral/IMPLEMENTACAO/Genomes/M_hyopneumoniae/strains/MHP691/Use
# Date:            Sun Dec  1 19:14:03 2024
# [ok]
