#                                                                                       --- full sequence --- -------------- this domain -------------   hmm coord   ali coord   env coord
# target name                   accession   tlen query name           accession   qlen   E-value  score  bias   #  of  c-Evalue  i-Evalue  score  bias  from    to  from    to  from    to  acc description of target
#           ------------------- ---------- ----- -------------------- ---------- ----- --------- ------ ----- --- --- --------- --------- ------ ----- ----- ----- ----- ----- ----- ----- ---- ---------------------
NZ_QQRK01000002.1:16827-19295|+ -            823 534at2085            -            678  1.4e-263  871.6  54.3   1   2  6.3e-256  1.1e-253  838.8  46.2    14   657    28   750     1   767 0.85 NZ_QQRK01000002.1_11 # 16827 # 19295 # 1 # ID=22_11;partial=00;start_type=ATG;rbs_motif=AGGA;rbs_spacer=5-10bp;gc_cont=0.299
NZ_QQRK01000002.1:16827-19295|+ -            823 534at2085            -            678  1.4e-263  871.6  54.3   2   2   2.9e-11   5.3e-09   30.2   3.9   628   678   769   819   743   819 0.85 NZ_QQRK01000002.1_11 # 16827 # 19295 # 1 # ID=22_11;partial=00;start_type=ATG;rbs_motif=AGGA;rbs_spacer=5-10bp;gc_cont=0.299
NZ_QQRK01000015.1:18350-21010|+ -            887 534at2085            -            678   7.1e-68  224.8  23.9   1   3   4.6e-26   8.3e-24   79.2   0.3     7   209    40   248    34   278 0.82 NZ_QQRK01000015.1_15 # 18350 # 21010 # 1 # ID=6_15;partial=00;start_type=ATG;rbs_motif=AGGA;rbs_spacer=5-10bp;gc_cont=0.308
NZ_QQRK01000015.1:18350-21010|+ -            887 534at2085            -            678   7.1e-68  224.8  23.9   2   3   1.7e-20     3e-18   60.8   0.3   217   383   293   469   288   484 0.80 NZ_QQRK01000015.1_15 # 18350 # 21010 # 1 # ID=6_15;partial=00;start_type=ATG;rbs_motif=AGGA;rbs_spacer=5-10bp;gc_cont=0.308
NZ_QQRK01000015.1:18350-21010|+ -            887 534at2085            -            678   7.1e-68  224.8  23.9   3   3     6e-30   1.1e-27   92.0  12.4   371   601   489   723   476   801 0.77 NZ_QQRK01000015.1_15 # 18350 # 21010 # 1 # ID=6_15;partial=00;start_type=ATG;rbs_motif=AGGA;rbs_spacer=5-10bp;gc_cont=0.308
NZ_QQRK01000003.1:26223-28595|- -            791 534at2085            -            678   3.1e-38  126.9  20.2   1   6   3.4e-13   6.2e-11   36.6   0.0    14   169    26   171    13   175 0.79 NZ_QQRK01000003.1_20 # 26223 # 28595 # -1 # ID=32_20;partial=00;start_type=ATG;rbs_motif=GGA/GAG/AGG;rbs_spacer=5-10bp;gc_cont=0.306
NZ_QQRK01000003.1:26223-28595|- -            791 534at2085            -            678   3.1e-38  126.9  20.2   2   6   7.9e-06    0.0014   12.3   0.2   308   365   177   233   170   238 0.89 NZ_QQRK01000003.1_20 # 26223 # 28595 # -1 # ID=32_20;partial=00;start_type=ATG;rbs_motif=GGA/GAG/AGG;rbs_spacer=5-10bp;gc_cont=0.306
NZ_QQRK01000003.1:26223-28595|- -            791 534at2085            -            678   3.1e-38  126.9  20.2   3   6     0.014       2.5    1.6   0.0   176   210   231   266   226   287 0.77 NZ_QQRK01000003.1_20 # 26223 # 28595 # -1 # ID=32_20;partial=00;start_type=ATG;rbs_motif=GGA/GAG/AGG;rbs_spacer=5-10bp;gc_cont=0.306
NZ_QQRK01000003.1:26223-28595|- -            791 534at2085            -            678   3.1e-38  126.9  20.2   4   6   9.3e-09   1.7e-06   22.0   0.1   216   300   302   391   295   397 0.86 NZ_QQRK01000003.1_20 # 26223 # 28595 # -1 # ID=32_20;partial=00;start_type=ATG;rbs_motif=GGA/GAG/AGG;rbs_spacer=5-10bp;gc_cont=0.306
NZ_QQRK01000003.1:26223-28595|- -            791 534at2085            -            678   3.1e-38  126.9  20.2   5   6   1.8e-05    0.0033   11.1   0.0   359   388   398   427   393   440 0.84 NZ_QQRK01000003.1_20 # 26223 # 28595 # -1 # ID=32_20;partial=00;start_type=ATG;rbs_motif=GGA/GAG/AGG;rbs_spacer=5-10bp;gc_cont=0.306
NZ_QQRK01000003.1:26223-28595|- -            791 534at2085            -            678   3.1e-38  126.9  20.2   6   6   2.2e-17     4e-15   50.5   6.1   437   596   530   705   500   778 0.74 NZ_QQRK01000003.1_20 # 26223 # 28595 # -1 # ID=32_20;partial=00;start_type=ATG;rbs_motif=GGA/GAG/AGG;rbs_spacer=5-10bp;gc_cont=0.306
NZ_QQRK01000001.1:49445-50986|+ -            514 534at2085            -            678   1.6e-12   41.8  22.6   1   2   6.7e-10   1.2e-07   25.8   2.0    29   153    14   126     2   145 0.78 NZ_QQRK01000001.1_39 # 49445 # 50986 # 1 # ID=11_39;partial=00;start_type=ATG;rbs_motif=GGA/GAG/AGG;rbs_spacer=5-10bp;gc_cont=0.274
NZ_QQRK01000001.1:49445-50986|+ -            514 534at2085            -            678   1.6e-12   41.8  22.6   2   2   2.8e-08   5.1e-06   20.4  12.8   312   561   151   392   128   468 0.67 NZ_QQRK01000001.1_39 # 49445 # 50986 # 1 # ID=11_39;partial=00;start_type=ATG;rbs_motif=GGA/GAG/AGG;rbs_spacer=5-10bp;gc_cont=0.274
#
# Program:         hmmsearch
# Version:         3.4 (Aug 2023)
# Pipeline mode:   SEARCH
# Query file:      /home/bryan/Documentos/GitHub/Project_doctoral/IMPLEMENTACAO/Genomes/M_hyopneumoniae/strains/MHP691/Use/busco_downloads/lineages/mycoplasmatales_odb10/hmms/534at2085.hmm
# Target file:     /home/bryan/Documentos/GitHub/Project_doctoral/IMPLEMENTACAO/Genomes/M_hyopneumoniae/strains/MHP691/Use/busco_draft/prodigal_output/predicted_genes/predicted.faa
# Option settings: hmmsearch --domtblout /home/bryan/Documentos/GitHub/Project_doctoral/IMPLEMENTACAO/Genomes/M_hyopneumoniae/strains/MHP691/Use/busco_draft/run_mycoplasmatales_odb10/hmmer_output/534at2085.out --cpu 1 /home/bryan/Documentos/GitHub/Project_doctoral/IMPLEMENTACAO/Genomes/M_hyopneumoniae/strains/MHP691/Use/busco_downloads/lineages/mycoplasmatales_odb10/hmms/534at2085.hmm /home/bryan/Documentos/GitHub/Project_doctoral/IMPLEMENTACAO/Genomes/M_hyopneumoniae/strains/MHP691/Use/busco_draft/prodigal_output/predicted_genes/predicted.faa 
# Current dir:     /home/bryan/Documentos/GitHub/Project_doctoral/IMPLEMENTACAO/Genomes/M_hyopneumoniae/strains/MHP691/Use
# Date:            Sun Dec  1 19:14:09 2024
# [ok]
