#                                                                                   --- full sequence --- -------------- this domain -------------   hmm coord   ali coord   env coord
# target name               accession   tlen query name           accession   qlen   E-value  score  bias   #  of  c-Evalue  i-Evalue  score  bias  from    to  from    to  from    to  acc description of target
#       ------------------- ---------- ----- -------------------- ---------- ----- --------- ------ ----- --- --- --------- --------- ------ ----- ----- ----- ----- ----- ----- ----- ---- ---------------------
NZ_KZ266899.1:18797-20131|+ -            445 1064at2085           -            350    1e-148  490.5  19.2   1   2   9.4e-57     2e-55  183.7   0.3     1   128    10   137    10   144 0.91 NZ_KZ266899.1_18 # 18797 # 20131 # 1 # ID=6_18;partial=00;start_type=ATG;rbs_motif=GGA/GAG/AGG;rbs_spacer=11-12bp;gc_cont=0.306
NZ_KZ266899.1:18797-20131|+ -            445 1064at2085           -            350    1e-148  490.5  19.2   2   2   6.9e-95   1.5e-93  309.1  13.6   100   349   147   441   139   442 0.82 NZ_KZ266899.1_18 # 18797 # 20131 # 1 # ID=6_18;partial=00;start_type=ATG;rbs_motif=GGA/GAG/AGG;rbs_spacer=11-12bp;gc_cont=0.306
NZ_KZ266896.1:57074-59251|+ -            726 1064at2085           -            350   5.7e-79  261.1   7.6   1   3   1.6e-35   3.4e-34  113.8   0.2     2   123    39   161    38   225 0.76 NZ_KZ266896.1_46 # 57074 # 59251 # 1 # ID=3_46;partial=00;start_type=ATG;rbs_motif=GGA/GAG/AGG;rbs_spacer=5-10bp;gc_cont=0.305
NZ_KZ266896.1:57074-59251|+ -            726 1064at2085           -            350   5.7e-79  261.1   7.6   2   3       5.4   1.2e+02   -3.0   0.7    96   132   266   286   257   338 0.53 NZ_KZ266896.1_46 # 57074 # 59251 # 1 # ID=3_46;partial=00;start_type=ATG;rbs_motif=GGA/GAG/AGG;rbs_spacer=5-10bp;gc_cont=0.305
NZ_KZ266896.1:57074-59251|+ -            726 1064at2085           -            350   5.7e-79  261.1   7.6   3   3   3.2e-49   6.8e-48  158.9   2.4   104   289   435   621   421   635 0.85 NZ_KZ266896.1_46 # 57074 # 59251 # 1 # ID=3_46;partial=00;start_type=ATG;rbs_motif=GGA/GAG/AGG;rbs_spacer=5-10bp;gc_cont=0.305
NZ_KZ266908.1:10590-12128|+ -            513 1064at2085           -            350   3.1e-49  163.3  16.5   1   4   2.3e-12     5e-11   37.6   0.1     1    97     6   107     6   117 0.84 NZ_KZ266908.1_10 # 10590 # 12128 # 1 # ID=15_10;partial=00;start_type=TTG;rbs_motif=AGGA;rbs_spacer=5-10bp;gc_cont=0.321
NZ_KZ266908.1:10590-12128|+ -            513 1064at2085           -            350   3.1e-49  163.3  16.5   2   4   1.9e-20     4e-19   64.3   0.7   150   272   116   237   109   247 0.92 NZ_KZ266908.1_10 # 10590 # 12128 # 1 # ID=15_10;partial=00;start_type=TTG;rbs_motif=AGGA;rbs_spacer=5-10bp;gc_cont=0.321
NZ_KZ266908.1:10590-12128|+ -            513 1064at2085           -            350   3.1e-49  163.3  16.5   3   4   5.5e-08   1.2e-06   23.3   0.2    12    73   278   341   264   369 0.81 NZ_KZ266908.1_10 # 10590 # 12128 # 1 # ID=15_10;partial=00;start_type=TTG;rbs_motif=AGGA;rbs_spacer=5-10bp;gc_cont=0.321
NZ_KZ266908.1:10590-12128|+ -            513 1064at2085           -            350   3.1e-49  163.3  16.5   4   4   2.4e-15   5.2e-14   47.5   1.4   160   262   392   495   375   502 0.86 NZ_KZ266908.1_10 # 10590 # 12128 # 1 # ID=15_10;partial=00;start_type=TTG;rbs_motif=AGGA;rbs_spacer=5-10bp;gc_cont=0.321
NZ_KZ266911.1:4807-5967|-   -            387 1064at2085           -            350   3.2e-47  156.7  14.0   1   1   3.2e-48   6.8e-47  155.6  14.0     2   298     8   314     7   362 0.77 NZ_KZ266911.1_5 # 4807 # 5967 # -1 # ID=18_5;partial=00;start_type=ATG;rbs_motif=None;rbs_spacer=None;gc_cont=0.256
NZ_KZ266912.1:12705-13601|+ -            299 1064at2085           -            350   3.4e-35  117.1   4.2   1   2   9.5e-21     2e-19   65.3   1.1     1   107    60   176    60   194 0.79 NZ_KZ266912.1_9 # 12705 # 13601 # 1 # ID=19_9;partial=00;start_type=GTG;rbs_motif=AGGAG;rbs_spacer=5-10bp;gc_cont=0.348
NZ_KZ266912.1:12705-13601|+ -            299 1064at2085           -            350   3.4e-35  117.1   4.2   2   2     3e-17   6.5e-16   53.7   0.1   160   258   180   277   176   284 0.90 NZ_KZ266912.1_9 # 12705 # 13601 # 1 # ID=19_9;partial=00;start_type=GTG;rbs_motif=AGGAG;rbs_spacer=5-10bp;gc_cont=0.348
NZ_KZ266904.1:8553-9884|-   -            444 1064at2085           -            350   3.9e-35  116.9   3.2   1   2   1.5e-10   3.1e-09   31.8   0.2     3   103    45   160    43   184 0.73 NZ_KZ266904.1_3 # 8553 # 9884 # -1 # ID=11_3;partial=00;start_type=ATG;rbs_motif=GGAG/GAGG;rbs_spacer=5-10bp;gc_cont=0.290
NZ_KZ266904.1:8553-9884|-   -            444 1064at2085           -            350   3.9e-35  116.9   3.2   2   2     6e-27   1.3e-25   85.6   0.2   140   267   242   369   200   375 0.86 NZ_KZ266904.1_3 # 8553 # 9884 # -1 # ID=11_3;partial=00;start_type=ATG;rbs_motif=GGAG/GAGG;rbs_spacer=5-10bp;gc_cont=0.290
NZ_KZ266898.1:22761-23579|- -            273 1064at2085           -            350   1.1e-33  112.2   7.7   1   2   1.1e-14   2.3e-13   45.4   1.9     2   104     2   110     1   117 0.83 NZ_KZ266898.1_19 # 22761 # 23579 # -1 # ID=5_19;partial=00;start_type=ATG;rbs_motif=GGA/GAG/AGG;rbs_spacer=5-10bp;gc_cont=0.302
NZ_KZ266898.1:22761-23579|- -            273 1064at2085           -            350   1.1e-33  112.2   7.7   2   2   1.5e-22   3.2e-21   71.2   0.8   153   271   112   229   106   245 0.94 NZ_KZ266898.1_19 # 22761 # 23579 # -1 # ID=5_19;partial=00;start_type=ATG;rbs_motif=GGA/GAG/AGG;rbs_spacer=5-10bp;gc_cont=0.302
NZ_KZ266903.1:22300-24252|+ -            651 1064at2085           -            350   1.7e-33  111.5   9.5   1   2     5e-19   1.1e-17   59.6   3.2     1    95     1    93     1    99 0.94 NZ_KZ266903.1_13 # 22300 # 24252 # 1 # ID=10_13;partial=00;start_type=ATG;rbs_motif=GGA/GAG/AGG;rbs_spacer=5-10bp;gc_cont=0.242
NZ_KZ266903.1:22300-24252|+ -            651 1064at2085           -            350   1.7e-33  111.5   9.5   2   2   1.4e-17     3e-16   54.8   0.5   146   260    99   208    94   235 0.84 NZ_KZ266903.1_13 # 22300 # 24252 # 1 # ID=10_13;partial=00;start_type=ATG;rbs_motif=GGA/GAG/AGG;rbs_spacer=5-10bp;gc_cont=0.242
NZ_KZ266896.1:15744-18131|- -            796 1064at2085           -            350   7.9e-32  106.1   9.3   1   2   7.9e-19   1.7e-17   58.9   2.9     1   115     1   112     1   125 0.82 NZ_KZ266896.1_18 # 15744 # 18131 # -1 # ID=3_18;partial=00;start_type=ATG;rbs_motif=None;rbs_spacer=None;gc_cont=0.250
NZ_KZ266896.1:15744-18131|- -            796 1064at2085           -            350   7.9e-32  106.1   9.3   2   2   1.3e-16   2.7e-15   51.7   1.1   159   266   107   213   104   219 0.87 NZ_KZ266896.1_18 # 15744 # 18131 # -1 # ID=3_18;partial=00;start_type=ATG;rbs_motif=None;rbs_spacer=None;gc_cont=0.250
NZ_KZ266898.1:21886-22788|- -            301 1064at2085           -            350   1.1e-31  105.6   2.6   1   2   9.8e-12   2.1e-10   35.6   2.2     2   106     3   132     2   138 0.65 NZ_KZ266898.1_18 # 21886 # 22788 # -1 # ID=5_18;partial=00;start_type=ATG;rbs_motif=GGA/GAG/AGG;rbs_spacer=5-10bp;gc_cont=0.308
NZ_KZ266898.1:21886-22788|- -            301 1064at2085           -            350   1.1e-31  105.6   2.6   2   2     6e-21   1.3e-19   65.9   0.0   152   276   131   255   125   288 0.86 NZ_KZ266898.1_18 # 21886 # 22788 # -1 # ID=5_18;partial=00;start_type=ATG;rbs_motif=GGA/GAG/AGG;rbs_spacer=5-10bp;gc_cont=0.308
NZ_KZ266894.1:8393-9094|-   -            234 1064at2085           -            350   1.4e-31  105.2   7.8   1   2   3.7e-22   7.8e-21   69.9   6.0     1   121     1   118     1   125 0.89 NZ_KZ266894.1_7 # 8393 # 9094 # -1 # ID=1_7;partial=00;start_type=ATG;rbs_motif=AGxAG;rbs_spacer=5-10bp;gc_cont=0.356
NZ_KZ266894.1:8393-9094|-   -            234 1064at2085           -            350   1.4e-31  105.2   7.8   2   2   1.2e-12   2.7e-11   38.6   0.1   159   238   107   185   104   189 0.86 NZ_KZ266894.1_7 # 8393 # 9094 # -1 # ID=1_7;partial=00;start_type=ATG;rbs_motif=AGxAG;rbs_spacer=5-10bp;gc_cont=0.356
NZ_KZ266897.1:6590-8914|+   -            775 1064at2085           -            350   2.2e-30  101.3   9.4   1   4   4.4e-09   9.5e-08   26.9   2.7     8   100    15   112     5   160 0.80 NZ_KZ266897.1_7 # 6590 # 8914 # 1 # ID=4_7;partial=00;start_type=ATG;rbs_motif=AGxAG;rbs_spacer=5-10bp;gc_cont=0.278
NZ_KZ266897.1:6590-8914|+   -            775 1064at2085           -            350   2.2e-30  101.3   9.4   2   4       7.5   1.6e+02   -3.5   3.5    60   147   177   264   162   319 0.60 NZ_KZ266897.1_7 # 6590 # 8914 # 1 # ID=4_7;partial=00;start_type=ATG;rbs_motif=AGxAG;rbs_spacer=5-10bp;gc_cont=0.278
NZ_KZ266897.1:6590-8914|+   -            775 1064at2085           -            350   2.2e-30  101.3   9.4   3   4       4.9     1e+02   -2.9   3.4    70   152   312   395   301   428 0.56 NZ_KZ266897.1_7 # 6590 # 8914 # 1 # ID=4_7;partial=00;start_type=ATG;rbs_motif=AGxAG;rbs_spacer=5-10bp;gc_cont=0.278
NZ_KZ266897.1:6590-8914|+   -            775 1064at2085           -            350   2.2e-30  101.3   9.4   4   4   1.8e-27   3.8e-26   87.4   0.6   145   271   582   709   523   720 0.79 NZ_KZ266897.1_7 # 6590 # 8914 # 1 # ID=4_7;partial=00;start_type=ATG;rbs_motif=AGxAG;rbs_spacer=5-10bp;gc_cont=0.278
NZ_KZ266903.1:3355-5319|-   -            655 1064at2085           -            350   3.1e-30  100.8   9.6   1   2   3.2e-19   6.8e-18   60.2   5.3     1   126     1   127     1   128 0.87 NZ_KZ266903.1_3 # 3355 # 5319 # -1 # ID=10_3;partial=00;start_type=ATG;rbs_motif=GGA/GAG/AGG;rbs_spacer=5-10bp;gc_cont=0.247
NZ_KZ266903.1:3355-5319|-   -            655 1064at2085           -            350   3.1e-30  100.8   9.6   2   2   9.2e-15     2e-13   45.6   0.4   171   265   121   213   109   248 0.86 NZ_KZ266903.1_3 # 3355 # 5319 # -1 # ID=10_3;partial=00;start_type=ATG;rbs_motif=GGA/GAG/AGG;rbs_spacer=5-10bp;gc_cont=0.247
NZ_KZ266909.1:15520-16455|- -            312 1064at2085           -            350   5.1e-29   96.8   5.3   1   3   1.9e-15     4e-14   47.8   0.1     2    99    11   116    10   121 0.89 NZ_KZ266909.1_15 # 15520 # 16455 # -1 # ID=16_15;partial=00;start_type=TTG;rbs_motif=AGGAGG;rbs_spacer=5-10bp;gc_cont=0.333
NZ_KZ266909.1:15520-16455|- -            312 1064at2085           -            350   5.1e-29   96.8   5.3   2   3   1.1e-15   2.4e-14   48.6   0.4   153   256   127   229   118   251 0.92 NZ_KZ266909.1_15 # 15520 # 16455 # -1 # ID=16_15;partial=00;start_type=TTG;rbs_motif=AGGAGG;rbs_spacer=5-10bp;gc_cont=0.333
NZ_KZ266909.1:15520-16455|- -            312 1064at2085           -            350   5.1e-29   96.8   5.3   3   3      0.22       4.6    1.6   0.0    16    42   280   306   273   310 0.88 NZ_KZ266909.1_15 # 15520 # 16455 # -1 # ID=16_15;partial=00;start_type=TTG;rbs_motif=AGGAGG;rbs_spacer=5-10bp;gc_cont=0.333
NZ_KZ266897.1:5538-6590|+   -            351 1064at2085           -            350   1.2e-28   95.6   0.7   1   2   8.2e-08   1.8e-06   22.7   0.2    11    72    26    88     9    94 0.78 NZ_KZ266897.1_6 # 5538 # 6590 # 1 # ID=4_6;partial=00;start_type=ATG;rbs_motif=GGxGG;rbs_spacer=5-10bp;gc_cont=0.333
NZ_KZ266897.1:5538-6590|+   -            351 1064at2085           -            350   1.2e-28   95.6   0.7   2   2   1.3e-22   2.8e-21   71.4   0.0   153   271   133   254   121   263 0.89 NZ_KZ266897.1_6 # 5538 # 6590 # 1 # ID=4_6;partial=00;start_type=ATG;rbs_motif=GGxGG;rbs_spacer=5-10bp;gc_cont=0.333
NZ_KZ266903.1:19893-22217|+ -            775 1064at2085           -            350   2.1e-28   94.8  10.9   1   2   3.5e-17   7.6e-16   53.5   3.2     1    95     1    93     1   103 0.93 NZ_KZ266903.1_12 # 19893 # 22217 # 1 # ID=10_12;partial=00;start_type=ATG;rbs_motif=None;rbs_spacer=None;gc_cont=0.264
NZ_KZ266903.1:19893-22217|+ -            775 1064at2085           -            350   2.1e-28   94.8  10.9   2   2   1.1e-14   2.3e-13   45.4   1.1   151   268   100   216    93   240 0.84 NZ_KZ266903.1_12 # 19893 # 22217 # 1 # ID=10_12;partial=00;start_type=ATG;rbs_motif=None;rbs_spacer=None;gc_cont=0.264
NZ_KZ266920.1:7714-10032|+  -            773 1064at2085           -            350   6.9e-28   93.1   7.9   1   2   2.7e-19   5.8e-18   60.5   4.1     1   124     1   124     1   127 0.83 NZ_KZ266920.1_8 # 7714 # 10032 # 1 # ID=27_8;partial=00;start_type=ATG;rbs_motif=None;rbs_spacer=None;gc_cont=0.264
NZ_KZ266920.1:7714-10032|+  -            773 1064at2085           -            350   6.9e-28   93.1   7.9   2   2   1.2e-11   2.5e-10   35.4   0.1   172   254   121   201   116   220 0.88 NZ_KZ266920.1_8 # 7714 # 10032 # 1 # ID=27_8;partial=00;start_type=ATG;rbs_motif=None;rbs_spacer=None;gc_cont=0.264
NZ_KZ266903.1:5396-7678|-   -            761 1064at2085           -            350     2e-27   91.6  18.3   1   3   8.5e-18   1.8e-16   55.5   4.4     1    94     1    91     1    94 0.90 NZ_KZ266903.1_4 # 5396 # 7678 # -1 # ID=10_4;partial=00;start_type=ATG;rbs_motif=GGA/GAG/AGG;rbs_spacer=5-10bp;gc_cont=0.252
NZ_KZ266903.1:5396-7678|-   -            761 1064at2085           -            350     2e-27   91.6  18.3   2   3   1.2e-13   2.6e-12   41.9   4.8   143   292    95   243    92   306 0.75 NZ_KZ266903.1_4 # 5396 # 7678 # -1 # ID=10_4;partial=00;start_type=ATG;rbs_motif=GGA/GAG/AGG;rbs_spacer=5-10bp;gc_cont=0.252
NZ_KZ266903.1:5396-7678|-   -            761 1064at2085           -            350     2e-27   91.6  18.3   3   3       1.4        31   -1.1   0.1    83   121   275   320   255   348 0.55 NZ_KZ266903.1_4 # 5396 # 7678 # -1 # ID=10_4;partial=00;start_type=ATG;rbs_motif=GGA/GAG/AGG;rbs_spacer=5-10bp;gc_cont=0.252
NZ_KZ266904.1:15034-16650|+ -            539 1064at2085           -            350   2.4e-27   91.3   4.5   1   5   2.6e-13   5.6e-12   40.8   0.8     1    64     1    64     1   104 0.82 NZ_KZ266904.1_8 # 15034 # 16650 # 1 # ID=11_8;partial=00;start_type=ATG;rbs_motif=AGGA;rbs_spacer=5-10bp;gc_cont=0.333
NZ_KZ266904.1:15034-16650|+ -            539 1064at2085           -            350   2.4e-27   91.3   4.5   2   5       1.6        35   -1.3   0.0   248   273    83   109    62   116 0.75 NZ_KZ266904.1_8 # 15034 # 16650 # 1 # ID=11_8;partial=00;start_type=ATG;rbs_motif=AGGA;rbs_spacer=5-10bp;gc_cont=0.333
NZ_KZ266904.1:15034-16650|+ -            539 1064at2085           -            350   2.4e-27   91.3   4.5   3   5   2.1e-09   4.5e-08   27.9   0.0   171   261   148   234   130   281 0.84 NZ_KZ266904.1_8 # 15034 # 16650 # 1 # ID=11_8;partial=00;start_type=ATG;rbs_motif=AGGA;rbs_spacer=5-10bp;gc_cont=0.333
NZ_KZ266904.1:15034-16650|+ -            539 1064at2085           -            350   2.4e-27   91.3   4.5   4   5      0.02      0.44    5.0   0.0    14    60   334   380   321   395 0.86 NZ_KZ266904.1_8 # 15034 # 16650 # 1 # ID=11_8;partial=00;start_type=ATG;rbs_motif=AGGA;rbs_spacer=5-10bp;gc_cont=0.333
NZ_KZ266904.1:15034-16650|+ -            539 1064at2085           -            350   2.4e-27   91.3   4.5   5   5   1.6e-05   0.00035   15.1   0.0   174   223   443   492   418   535 0.78 NZ_KZ266904.1_8 # 15034 # 16650 # 1 # ID=11_8;partial=00;start_type=ATG;rbs_motif=AGGA;rbs_spacer=5-10bp;gc_cont=0.333
NZ_KZ266915.1:9421-10953|-  -            511 1064at2085           -            350   1.6e-26   88.7  18.4   1   4   6.8e-13   1.5e-11   39.4   1.0     2   119    14   136    13   152 0.86 NZ_KZ266915.1_8 # 9421 # 10953 # -1 # ID=22_8;partial=00;start_type=GTG;rbs_motif=GGA/GAG/AGG;rbs_spacer=11-12bp;gc_cont=0.324
NZ_KZ266915.1:9421-10953|-  -            511 1064at2085           -            350   1.6e-26   88.7  18.4   2   4   5.5e-06   0.00012   16.7   1.5   156   258   127   228   121   271 0.79 NZ_KZ266915.1_8 # 9421 # 10953 # -1 # ID=22_8;partial=00;start_type=GTG;rbs_motif=GGA/GAG/AGG;rbs_spacer=11-12bp;gc_cont=0.324
NZ_KZ266915.1:9421-10953|-  -            511 1064at2085           -            350   1.6e-26   88.7  18.4   3   4    0.0028      0.06    7.8   0.2    17    69   280   331   267   337 0.84 NZ_KZ266915.1_8 # 9421 # 10953 # -1 # ID=22_8;partial=00;start_type=GTG;rbs_motif=GGA/GAG/AGG;rbs_spacer=11-12bp;gc_cont=0.324
NZ_KZ266915.1:9421-10953|-  -            511 1064at2085           -            350   1.6e-26   88.7  18.4   4   4   4.7e-12     1e-10   36.7   0.7   140   259   375   492   355   503 0.74 NZ_KZ266915.1_8 # 9421 # 10953 # -1 # ID=22_8;partial=00;start_type=GTG;rbs_motif=GGA/GAG/AGG;rbs_spacer=11-12bp;gc_cont=0.324
NZ_KZ266894.1:1828-4113|-   -            762 1064at2085           -            350   2.1e-26   88.2  15.1   1   3   3.3e-18   7.1e-17   56.9   4.5     1   126     1   126     1   127 0.82 NZ_KZ266894.1_3 # 1828 # 4113 # -1 # ID=1_3;partial=00;start_type=ATG;rbs_motif=None;rbs_spacer=None;gc_cont=0.251
NZ_KZ266894.1:1828-4113|-   -            762 1064at2085           -            350   2.1e-26   88.2  15.1   2   3   2.5e-13   5.3e-12   40.9   0.2   170   258   119   205   107   219 0.90 NZ_KZ266894.1_3 # 1828 # 4113 # -1 # ID=1_3;partial=00;start_type=ATG;rbs_motif=None;rbs_spacer=None;gc_cont=0.251
NZ_KZ266894.1:1828-4113|-   -            762 1064at2085           -            350   2.1e-26   88.2  15.1   3   3       8.9   1.9e+02   -3.7   0.6    98   158   444   505   435   536 0.57 NZ_KZ266894.1_3 # 1828 # 4113 # -1 # ID=1_3;partial=00;start_type=ATG;rbs_motif=None;rbs_spacer=None;gc_cont=0.251
NZ_KZ266911.1:73-2373|-     -            767 1064at2085           -            350   3.3e-26   87.6  10.4   1   3   5.9e-18   1.3e-16   56.1   2.6     1   126     1   127     1   128 0.86 NZ_KZ266911.1_1 # 73 # 2373 # -1 # ID=18_1;partial=00;start_type=ATG;rbs_motif=GGA/GAG/AGG;rbs_spacer=5-10bp;gc_cont=0.292
NZ_KZ266911.1:73-2373|-     -            767 1064at2085           -            350   3.3e-26   87.6  10.4   2   3   5.6e-12   1.2e-10   36.4   0.2   173   253   123   201   102   212 0.86 NZ_KZ266911.1_1 # 73 # 2373 # -1 # ID=18_1;partial=00;start_type=ATG;rbs_motif=GGA/GAG/AGG;rbs_spacer=5-10bp;gc_cont=0.292
NZ_KZ266911.1:73-2373|-     -            767 1064at2085           -            350   3.3e-26   87.6  10.4   3   3      0.54        12    0.3   0.1    85   157   527   600   521   607 0.82 NZ_KZ266911.1_1 # 73 # 2373 # -1 # ID=18_1;partial=00;start_type=ATG;rbs_motif=GGA/GAG/AGG;rbs_spacer=5-10bp;gc_cont=0.292
NZ_KZ266897.1:54134-54850|+ -            239 1064at2085           -            350     1e-24   82.7   3.0   1   2   4.4e-10   9.5e-09   30.2   0.7     1    63     5    68     5    90 0.88 NZ_KZ266897.1_45 # 54134 # 54850 # 1 # ID=4_45;partial=00;start_type=ATG;rbs_motif=AGGA;rbs_spacer=5-10bp;gc_cont=0.265
NZ_KZ266897.1:54134-54850|+ -            239 1064at2085           -            350     1e-24   82.7   3.0   2   2   4.1e-17   8.8e-16   53.3   0.1   136   268    93   225    74   233 0.87 NZ_KZ266897.1_45 # 54134 # 54850 # 1 # ID=4_45;partial=00;start_type=ATG;rbs_motif=AGGA;rbs_spacer=5-10bp;gc_cont=0.265
NZ_KZ266904.1:9874-11286|-  -            471 1064at2085           -            350   3.9e-24   80.8   9.1   1   3       1.9        40   -1.5   0.3    99   152    66   115    38   136 0.49 NZ_KZ266904.1_4 # 9874 # 11286 # -1 # ID=11_4;partial=00;start_type=ATG;rbs_motif=AGGAGG;rbs_spacer=5-10bp;gc_cont=0.321
NZ_KZ266904.1:9874-11286|-  -            471 1064at2085           -            350   3.9e-24   80.8   9.1   2   3   2.5e-06   5.4e-05   17.8   0.1    14   110   141   251   127   266 0.70 NZ_KZ266904.1_4 # 9874 # 11286 # -1 # ID=11_4;partial=00;start_type=ATG;rbs_motif=AGGAGG;rbs_spacer=5-10bp;gc_cont=0.321
NZ_KZ266904.1:9874-11286|-  -            471 1064at2085           -            350   3.9e-24   80.8   9.1   3   3   1.3e-21   2.8e-20   68.1   0.9   173   270   272   369   247   375 0.90 NZ_KZ266904.1_4 # 9874 # 11286 # -1 # ID=11_4;partial=00;start_type=ATG;rbs_motif=AGGAGG;rbs_spacer=5-10bp;gc_cont=0.321
NZ_KZ266895.1:48857-50473|- -            539 1064at2085           -            350   7.1e-22   73.3   4.2   1   2   1.3e-11   2.7e-10   35.2   0.5     1    72   335   407   335   418 0.92 NZ_KZ266895.1_35 # 48857 # 50473 # -1 # ID=2_35;partial=00;start_type=ATG;rbs_motif=None;rbs_spacer=None;gc_cont=0.229
NZ_KZ266895.1:48857-50473|- -            539 1064at2085           -            350   7.1e-22   73.3   4.2   2   2   6.1e-13   1.3e-11   39.6   0.3   130   250   416   535   406   538 0.82 NZ_KZ266895.1_35 # 48857 # 50473 # -1 # ID=2_35;partial=00;start_type=ATG;rbs_motif=None;rbs_spacer=None;gc_cont=0.229
NZ_KZ266909.1:14916-15503|- -            196 1064at2085           -            350   3.9e-20   67.6   0.3   1   1   2.4e-21   5.2e-20   67.2   0.3   150   259    67   176    59   188 0.90 NZ_KZ266909.1_14 # 14916 # 15503 # -1 # ID=16_14;partial=00;start_type=ATG;rbs_motif=None;rbs_spacer=None;gc_cont=0.303
NZ_KZ266896.1:46161-46922|+ -            254 1064at2085           -            350   6.2e-20   66.9   3.0   1   2   6.4e-07   1.4e-05   19.8   0.3    12    76    22    86     9   131 0.71 NZ_KZ266896.1_39 # 46161 # 46922 # 1 # ID=3_39;partial=00;start_type=ATG;rbs_motif=None;rbs_spacer=None;gc_cont=0.428
NZ_KZ266896.1:46161-46922|+ -            254 1064at2085           -            350   6.2e-20   66.9   3.0   2   2   1.1e-15   2.3e-14   48.6   0.7   148   220   123   195    76   201 0.74 NZ_KZ266896.1_39 # 46161 # 46922 # 1 # ID=3_39;partial=00;start_type=ATG;rbs_motif=None;rbs_spacer=None;gc_cont=0.428
NZ_KZ266902.1:35015-36628|- -            538 1064at2085           -            350   1.6e-19   65.6   9.9   1   2     8e-15   1.7e-13   45.8   1.2     2    72   325   395   324   421 0.86 NZ_KZ266902.1_31 # 35015 # 36628 # -1 # ID=9_31;partial=00;start_type=ATG;rbs_motif=AGxAGG/AGGxGG;rbs_spacer=5-10bp;gc_cont=0.263
NZ_KZ266902.1:35015-36628|- -            538 1064at2085           -            350   1.6e-19   65.6   9.9   2   2   3.3e-08     7e-07   24.0   2.1   157   240   427   514   420   521 0.83 NZ_KZ266902.1_31 # 35015 # 36628 # -1 # ID=9_31;partial=00;start_type=ATG;rbs_motif=AGxAGG/AGGxGG;rbs_spacer=5-10bp;gc_cont=0.263
NZ_KZ266894.1:4381-6672|-   -            764 1064at2085           -            350   1.9e-18   62.1  14.4   1   3   3.7e-16     8e-15   50.1   4.0     1   126     1   126     1   130 0.82 NZ_KZ266894.1_4 # 4381 # 6672 # -1 # ID=1_4;partial=00;start_type=ATG;rbs_motif=AGGAG(G)/GGAGG;rbs_spacer=13-15bp;gc_cont=0.254
NZ_KZ266894.1:4381-6672|-   -            764 1064at2085           -            350   1.9e-18   62.1  14.4   2   3   5.9e-07   1.3e-05   19.9   0.4   172   258   121   205   114   218 0.87 NZ_KZ266894.1_4 # 4381 # 6672 # -1 # ID=1_4;partial=00;start_type=ATG;rbs_motif=AGGAG(G)/GGAGG;rbs_spacer=13-15bp;gc_cont=0.254
NZ_KZ266894.1:4381-6672|-   -            764 1064at2085           -            350   1.9e-18   62.1  14.4   3   3         2        42   -1.6   0.3   100   163   441   505   431   531 0.76 NZ_KZ266894.1_4 # 4381 # 6672 # -1 # ID=1_4;partial=00;start_type=ATG;rbs_motif=AGGAG(G)/GGAGG;rbs_spacer=13-15bp;gc_cont=0.254
NZ_KZ266895.1:55544-57157|- -            538 1064at2085           -            350   3.2e-18   61.3   6.5   1   4       5.9   1.3e+02   -3.1   0.4    79   108    72   101    67   121 0.64 NZ_KZ266895.1_39 # 55544 # 57157 # -1 # ID=2_39;partial=00;start_type=ATG;rbs_motif=AGGAGG;rbs_spacer=5-10bp;gc_cont=0.242
NZ_KZ266895.1:55544-57157|- -            538 1064at2085           -            350   3.2e-18   61.3   6.5   2   4       7.4   1.6e+02   -3.5   0.1   131   150   300   316   289   332 0.60 NZ_KZ266895.1_39 # 55544 # 57157 # -1 # ID=2_39;partial=00;start_type=ATG;rbs_motif=AGGAGG;rbs_spacer=5-10bp;gc_cont=0.242
NZ_KZ266895.1:55544-57157|- -            538 1064at2085           -            350   3.2e-18   61.3   6.5   3   4   2.7e-10   5.7e-09   30.9   0.4     6    71   339   405   334   417 0.87 NZ_KZ266895.1_39 # 55544 # 57157 # -1 # ID=2_39;partial=00;start_type=ATG;rbs_motif=AGGAGG;rbs_spacer=5-10bp;gc_cont=0.242
NZ_KZ266895.1:55544-57157|- -            538 1064at2085           -            350   3.2e-18   61.3   6.5   4   4   1.5e-13   3.2e-12   41.6   1.2   154   251   435   534   421   537 0.79 NZ_KZ266895.1_39 # 55544 # 57157 # -1 # ID=2_39;partial=00;start_type=ATG;rbs_motif=AGGAGG;rbs_spacer=5-10bp;gc_cont=0.242
NZ_KZ266906.1:1524-4367|-   -            948 1064at2085           -            350   1.6e-15   52.5   5.8   1   4     0.016      0.35    5.3   0.1    15    42    19    46    13    57 0.90 NZ_KZ266906.1_3 # 1524 # 4367 # -1 # ID=13_3;partial=00;start_type=ATG;rbs_motif=None;rbs_spacer=None;gc_cont=0.328
NZ_KZ266906.1:1524-4367|-   -            948 1064at2085           -            350   1.6e-15   52.5   5.8   2   4   7.1e-07   1.5e-05   19.6   0.0   153   249   467   563   437   601 0.77 NZ_KZ266906.1_3 # 1524 # 4367 # -1 # ID=13_3;partial=00;start_type=ATG;rbs_motif=None;rbs_spacer=None;gc_cont=0.328
NZ_KZ266906.1:1524-4367|-   -            948 1064at2085           -            350   1.6e-15   52.5   5.8   3   4   9.2e-06    0.0002   16.0   0.4    15    47   626   658   618   680 0.82 NZ_KZ266906.1_3 # 1524 # 4367 # -1 # ID=13_3;partial=00;start_type=ATG;rbs_motif=None;rbs_spacer=None;gc_cont=0.328
NZ_KZ266906.1:1524-4367|-   -            948 1064at2085           -            350   1.6e-15   52.5   5.8   4   4   0.00026    0.0057   11.2   0.0   174   251   829   907   811   941 0.74 NZ_KZ266906.1_3 # 1524 # 4367 # -1 # ID=13_3;partial=00;start_type=ATG;rbs_motif=None;rbs_spacer=None;gc_cont=0.328
NZ_KZ266895.1:50482-52092|- -            537 1064at2085           -            350     1e-13   46.5   6.6   1   2   5.6e-11   1.2e-09   33.1   2.7     2   127   334   462   333   463 0.80 NZ_KZ266895.1_36 # 50482 # 52092 # -1 # ID=2_36;partial=00;start_type=ATG;rbs_motif=GGA/GAG/AGG;rbs_spacer=5-10bp;gc_cont=0.187
NZ_KZ266895.1:50482-52092|- -            537 1064at2085           -            350     1e-13   46.5   6.6   2   2   3.3e-06   7.2e-05   17.4   0.4   170   250   456   534   431   536 0.70 NZ_KZ266895.1_36 # 50482 # 52092 # -1 # ID=2_36;partial=00;start_type=ATG;rbs_motif=GGA/GAG/AGG;rbs_spacer=5-10bp;gc_cont=0.187
NZ_KZ266902.1:36621-38219|- -            533 1064at2085           -            350   1.4e-13   46.0   8.3   1   3       3.3        70   -2.3   0.2   126   154   211   241   199   255 0.74 NZ_KZ266902.1_32 # 36621 # 38219 # -1 # ID=9_32;partial=00;start_type=ATG;rbs_motif=AGGAGG;rbs_spacer=5-10bp;gc_cont=0.252
NZ_KZ266902.1:36621-38219|- -            533 1064at2085           -            350   1.4e-13   46.0   8.3   2   3   9.4e-10     2e-08   29.1   1.0     2    94   327   421   326   425 0.81 NZ_KZ266902.1_32 # 36621 # 38219 # -1 # ID=9_32;partial=00;start_type=ATG;rbs_motif=AGGAGG;rbs_spacer=5-10bp;gc_cont=0.252
NZ_KZ266902.1:36621-38219|- -            533 1064at2085           -            350   1.4e-13   46.0   8.3   3   3   2.6e-07   5.7e-06   21.0   0.3   157   245   431   518   392   529 0.77 NZ_KZ266902.1_32 # 36621 # 38219 # -1 # ID=9_32;partial=00;start_type=ATG;rbs_motif=AGGAGG;rbs_spacer=5-10bp;gc_cont=0.252
NZ_KZ266895.1:57168-58778|- -            537 1064at2085           -            350   2.3e-13   45.3   0.2   1   2   2.9e-10   6.1e-09   30.8   0.1     2    72   334   406   333   433 0.84 NZ_KZ266895.1_40 # 57168 # 58778 # -1 # ID=2_40;partial=00;start_type=ATG;rbs_motif=AGGA;rbs_spacer=5-10bp;gc_cont=0.235
NZ_KZ266895.1:57168-58778|- -            537 1064at2085           -            350   2.3e-13   45.3   0.2   2   2   0.00017    0.0037   11.8   0.0   174   231   460   514   441   535 0.72 NZ_KZ266895.1_40 # 57168 # 58778 # -1 # ID=2_40;partial=00;start_type=ATG;rbs_motif=AGGA;rbs_spacer=5-10bp;gc_cont=0.235
NZ_KZ266901.1:5706-7745|+   -            680 1064at2085           -            350   1.7e-09   32.6   5.1   1   3       3.1        68   -2.2   0.1    68    86   113   131    80   145 0.69 NZ_KZ266901.1_8 # 5706 # 7745 # 1 # ID=8_8;partial=00;start_type=ATG;rbs_motif=None;rbs_spacer=None;gc_cont=0.249
NZ_KZ266901.1:5706-7745|+   -            680 1064at2085           -            350   1.7e-09   32.6   5.1   2   3   9.6e-06   0.00021   15.9   0.5     2    94   470   561   469   584 0.80 NZ_KZ266901.1_8 # 5706 # 7745 # 1 # ID=8_8;partial=00;start_type=ATG;rbs_motif=None;rbs_spacer=None;gc_cont=0.249
NZ_KZ266901.1:5706-7745|+   -            680 1064at2085           -            350   1.7e-09   32.6   5.1   3   3   2.6e-06   5.6e-05   17.8   0.1   165   239   589   661   568   666 0.88 NZ_KZ266901.1_8 # 5706 # 7745 # 1 # ID=8_8;partial=00;start_type=ATG;rbs_motif=None;rbs_spacer=None;gc_cont=0.249
NZ_KZ266894.1:1440-1673|-   -             78 1064at2085           -            350   8.2e-06   20.5   0.8   1   1   3.9e-07   8.4e-06   20.5   0.8    60   125     3    71     1    76 0.71 NZ_KZ266894.1_2 # 1440 # 1673 # -1 # ID=1_2;partial=00;start_type=TTG;rbs_motif=None;rbs_spacer=None;gc_cont=0.261
#
# Program:         hmmsearch
# Version:         3.4 (Aug 2023)
# Pipeline mode:   SEARCH
# Query file:      /home/lgef/Documentos/GitHub/Project_doctoral/IMPLEMENTACAO/Genomes/M_hyopneumoniae/MHP_ncbi_dataset/ncbi_dataset/data/strains/TB1/Use/busco_downloads/lineages/mycoplasmatales_odb10/hmms/1064at2085.hmm
# Target file:     /home/lgef/Documentos/GitHub/Project_doctoral/IMPLEMENTACAO/Genomes/M_hyopneumoniae/MHP_ncbi_dataset/ncbi_dataset/data/strains/TB1/Use/busco_draft/prodigal_output/predicted_genes/predicted.faa
# Option settings: hmmsearch --domtblout /home/lgef/Documentos/GitHub/Project_doctoral/IMPLEMENTACAO/Genomes/M_hyopneumoniae/MHP_ncbi_dataset/ncbi_dataset/data/strains/TB1/Use/busco_draft/run_mycoplasmatales_odb10/hmmer_output/1064at2085.out --cpu 1 /home/lgef/Documentos/GitHub/Project_doctoral/IMPLEMENTACAO/Genomes/M_hyopneumoniae/MHP_ncbi_dataset/ncbi_dataset/data/strains/TB1/Use/busco_downloads/lineages/mycoplasmatales_odb10/hmms/1064at2085.hmm /home/lgef/Documentos/GitHub/Project_doctoral/IMPLEMENTACAO/Genomes/M_hyopneumoniae/MHP_ncbi_dataset/ncbi_dataset/data/strains/TB1/Use/busco_draft/prodigal_output/predicted_genes/predicted.faa 
# Current dir:     /home/lgef/Documentos/GitHub/Project_doctoral/IMPLEMENTACAO/Genomes/M_hyopneumoniae/MHP_ncbi_dataset/ncbi_dataset/data/strains/TB1/Use
# Date:            Thu Nov 28 19:40:31 2024
# [ok]
