#                                                                                   --- full sequence --- -------------- this domain -------------   hmm coord   ali coord   env coord
# target name               accession   tlen query name           accession   qlen   E-value  score  bias   #  of  c-Evalue  i-Evalue  score  bias  from    to  from    to  from    to  acc description of target
#       ------------------- ---------- ----- -------------------- ---------- ----- --------- ------ ----- --- --- --------- --------- ------ ----- ----- ----- ----- ----- ----- ----- ---- ---------------------
NC_007332.1:510204-511160|+ -            319 1978at2085           -            276  1.6e-109  361.1  12.5   1   1  1.4e-111  2.4e-109  360.5  12.5     1   275     8   313     8   314 0.92 NC_007332.1_415 # 510204 # 511160 # 1 # ID=1_415;partial=00;start_type=ATG;rbs_motif=None;rbs_spacer=None;gc_cont=0.316
NC_007332.1:309981-312146|+ -            722 1978at2085           -            276   7.8e-07   24.3   9.2   1   2   4.5e-09   7.8e-07   24.3   9.2     1   225    15   258    15   306 0.56 NC_007332.1_261 # 309981 # 312146 # 1 # ID=1_261;partial=00;start_type=GTG;rbs_motif=GGA/GAG/AGG;rbs_spacer=5-10bp;gc_cont=0.264
NC_007332.1:309981-312146|+ -            722 1978at2085           -            276   7.8e-07   24.3   9.2   2   2      0.54        94   -2.2   0.2   212   212   626   626   512   687 0.52 NC_007332.1_261 # 309981 # 312146 # 1 # ID=1_261;partial=00;start_type=GTG;rbs_motif=GGA/GAG/AGG;rbs_spacer=5-10bp;gc_cont=0.264
NC_007332.1:91041-91730|+   -            230 1978at2085           -            276     3e-05   19.1   2.2   1   2   0.00023      0.04    8.8   0.0    36    57     9    30     5    46 0.87 NC_007332.1_73 # 91041 # 91730 # 1 # ID=1_73;partial=00;start_type=ATG;rbs_motif=4Base/6BMM;rbs_spacer=13-15bp;gc_cont=0.297
NC_007332.1:91041-91730|+   -            230 1978at2085           -            276     3e-05   19.1   2.2   2   2   0.00014     0.023    9.6   0.6    93   167   122   195    79   228 0.74 NC_007332.1_73 # 91041 # 91730 # 1 # ID=1_73;partial=00;start_type=ATG;rbs_motif=4Base/6BMM;rbs_spacer=13-15bp;gc_cont=0.297
NC_007332.1:234039-236186|+ -            716 1978at2085           -            276   9.8e-05   17.4   0.0   1   2   2.1e-06   0.00037   15.5   0.0    30    96   260   334   226   338 0.73 NC_007332.1_211 # 234039 # 236186 # 1 # ID=1_211;partial=00;start_type=ATG;rbs_motif=GGAGG;rbs_spacer=5-10bp;gc_cont=0.368
NC_007332.1:234039-236186|+ -            716 1978at2085           -            276   9.8e-05   17.4   0.0   2   2      0.81   1.4e+02   -2.8   0.0   160   190   401   435   368   452 0.52 NC_007332.1_211 # 234039 # 236186 # 1 # ID=1_211;partial=00;start_type=ATG;rbs_motif=GGAGG;rbs_spacer=5-10bp;gc_cont=0.368
#
# Program:         hmmsearch
# Version:         3.4 (Aug 2023)
# Pipeline mode:   SEARCH
# Query file:      /home/lgef/Documentos/GitHub/Project_doctoral/IMPLEMENTACAO/Genomes/M_hyopneumoniae/MHP_ncbi_dataset/ncbi_dataset/data/strains/7448/Use/busco_downloads/lineages/mycoplasmatales_odb10/hmms/1978at2085.hmm
# Target file:     /home/lgef/Documentos/GitHub/Project_doctoral/IMPLEMENTACAO/Genomes/M_hyopneumoniae/MHP_ncbi_dataset/ncbi_dataset/data/strains/7448/Use/busco_complete/prodigal_output/predicted_genes/predicted.faa
# Option settings: hmmsearch --domtblout /home/lgef/Documentos/GitHub/Project_doctoral/IMPLEMENTACAO/Genomes/M_hyopneumoniae/MHP_ncbi_dataset/ncbi_dataset/data/strains/7448/Use/busco_complete/run_mycoplasmatales_odb10/hmmer_output/1978at2085.out --cpu 1 /home/lgef/Documentos/GitHub/Project_doctoral/IMPLEMENTACAO/Genomes/M_hyopneumoniae/MHP_ncbi_dataset/ncbi_dataset/data/strains/7448/Use/busco_downloads/lineages/mycoplasmatales_odb10/hmms/1978at2085.hmm /home/lgef/Documentos/GitHub/Project_doctoral/IMPLEMENTACAO/Genomes/M_hyopneumoniae/MHP_ncbi_dataset/ncbi_dataset/data/strains/7448/Use/busco_complete/prodigal_output/predicted_genes/predicted.faa 
# Current dir:     /home/lgef/Documentos/GitHub/Project_doctoral/IMPLEMENTACAO/Genomes/M_hyopneumoniae/MHP_ncbi_dataset/ncbi_dataset/data/strains/7448/Use
# Date:            Thu Nov 28 19:24:27 2024
# [ok]
