#                                                                                   --- full sequence --- -------------- this domain -------------   hmm coord   ali coord   env coord
# target name               accession   tlen query name           accession   qlen   E-value  score  bias   #  of  c-Evalue  i-Evalue  score  bias  from    to  from    to  from    to  acc description of target
#       ------------------- ---------- ----- -------------------- ---------- ----- --------- ------ ----- --- --- --------- --------- ------ ----- ----- ----- ----- ----- ----- ----- ---- ---------------------
NC_007332.1:622868-623788|- -            307 2666at2085           -            250   1.2e-91  301.7   0.1   1   1   5.3e-93   6.1e-91  299.3   0.1     1   248     5   285     5   288 0.89 NC_007332.1_489 # 622868 # 623788 # -1 # ID=1_489;partial=00;start_type=ATG;rbs_motif=None;rbs_spacer=None;gc_cont=0.332
NC_007332.1:551225-552121|- -            299 2666at2085           -            250   1.9e-30  101.2   1.2   1   3   1.8e-14     2e-12   42.1   0.0     6    77    22    95    20   121 0.83 NC_007332.1_451 # 551225 # 552121 # -1 # ID=1_451;partial=00;start_type=ATG;rbs_motif=None;rbs_spacer=None;gc_cont=0.309
NC_007332.1:551225-552121|- -            299 2666at2085           -            250   1.9e-30  101.2   1.2   2   3      0.26        30   -1.0   0.1   139   188   118   164    94   174 0.48 NC_007332.1_451 # 551225 # 552121 # -1 # ID=1_451;partial=00;start_type=ATG;rbs_motif=None;rbs_spacer=None;gc_cont=0.309
NC_007332.1:551225-552121|- -            299 2666at2085           -            250   1.9e-30  101.2   1.2   3   3   5.2e-19     6e-17   57.0   0.4   133   241   183   296   164   298 0.83 NC_007332.1_451 # 551225 # 552121 # -1 # ID=1_451;partial=00;start_type=ATG;rbs_motif=None;rbs_spacer=None;gc_cont=0.309
NC_007332.1:633299-634102|+ -            268 2666at2085           -            250   1.5e-25   85.1   4.6   1   2   1.3e-09   1.5e-07   26.2   0.1     2    70     2    69     1   122 0.88 NC_007332.1_498 # 633299 # 634102 # 1 # ID=1_498;partial=00;start_type=ATG;rbs_motif=None;rbs_spacer=None;gc_cont=0.299
NC_007332.1:633299-634102|+ -            268 2666at2085           -            250   1.5e-25   85.1   4.6   2   2     7e-20   8.1e-18   59.8   1.8   164   245   177   264   138   266 0.83 NC_007332.1_498 # 633299 # 634102 # 1 # ID=1_498;partial=00;start_type=ATG;rbs_motif=None;rbs_spacer=None;gc_cont=0.299
NC_007332.1:237777-238607|+ -            277 2666at2085           -            250   1.2e-21   72.4   4.6   1   1   5.5e-23   6.3e-21   70.0   4.6     3   246     2   272     1   274 0.73 NC_007332.1_213 # 237777 # 238607 # 1 # ID=1_213;partial=00;start_type=ATG;rbs_motif=AGGA;rbs_spacer=5-10bp;gc_cont=0.313
NC_007332.1:437184-438524|- -            447 2666at2085           -            250   8.4e-18   59.8   9.0   1   2   7.3e-20   8.4e-18   59.8   9.0     6   246     6   266     3   269 0.75 NC_007332.1_361 # 437184 # 438524 # -1 # ID=1_361;partial=00;start_type=ATG;rbs_motif=GGA/GAG/AGG;rbs_spacer=5-10bp;gc_cont=0.245
NC_007332.1:437184-438524|- -            447 2666at2085           -            250   8.4e-18   59.8   9.0   2   2     0.054       6.3    1.2   1.1   104   152   363   414   326   444 0.72 NC_007332.1_361 # 437184 # 438524 # -1 # ID=1_361;partial=00;start_type=ATG;rbs_motif=GGA/GAG/AGG;rbs_spacer=5-10bp;gc_cont=0.245
NC_007332.1:336809-337618|+ -            270 2666at2085           -            250   2.3e-17   58.3   3.6   1   2   1.6e-05    0.0019   12.8   0.1     4    79     5    80     2    94 0.80 NC_007332.1_282 # 336809 # 337618 # 1 # ID=1_282;partial=00;start_type=ATG;rbs_motif=None;rbs_spacer=None;gc_cont=0.298
NC_007332.1:336809-337618|+ -            270 2666at2085           -            250   2.3e-17   58.3   3.6   2   2     8e-16   9.2e-14   46.5   0.7   107   223   132   242   104   263 0.81 NC_007332.1_282 # 336809 # 337618 # 1 # ID=1_282;partial=00;start_type=ATG;rbs_motif=None;rbs_spacer=None;gc_cont=0.298
#
# Program:         hmmsearch
# Version:         3.4 (Aug 2023)
# Pipeline mode:   SEARCH
# Query file:      /home/lgef/Documentos/GitHub/Project_doctoral/IMPLEMENTACAO/Genomes/M_hyopneumoniae/MHP_ncbi_dataset/ncbi_dataset/data/strains/7448/Use/busco_downloads/lineages/mycoplasmatales_odb10/hmms/2666at2085.hmm
# Target file:     /home/lgef/Documentos/GitHub/Project_doctoral/IMPLEMENTACAO/Genomes/M_hyopneumoniae/MHP_ncbi_dataset/ncbi_dataset/data/strains/7448/Use/busco_complete/prodigal_output/predicted_genes/predicted.faa
# Option settings: hmmsearch --domtblout /home/lgef/Documentos/GitHub/Project_doctoral/IMPLEMENTACAO/Genomes/M_hyopneumoniae/MHP_ncbi_dataset/ncbi_dataset/data/strains/7448/Use/busco_complete/run_mycoplasmatales_odb10/hmmer_output/2666at2085.out --cpu 1 /home/lgef/Documentos/GitHub/Project_doctoral/IMPLEMENTACAO/Genomes/M_hyopneumoniae/MHP_ncbi_dataset/ncbi_dataset/data/strains/7448/Use/busco_downloads/lineages/mycoplasmatales_odb10/hmms/2666at2085.hmm /home/lgef/Documentos/GitHub/Project_doctoral/IMPLEMENTACAO/Genomes/M_hyopneumoniae/MHP_ncbi_dataset/ncbi_dataset/data/strains/7448/Use/busco_complete/prodigal_output/predicted_genes/predicted.faa 
# Current dir:     /home/lgef/Documentos/GitHub/Project_doctoral/IMPLEMENTACAO/Genomes/M_hyopneumoniae/MHP_ncbi_dataset/ncbi_dataset/data/strains/7448/Use
# Date:            Thu Nov 28 19:24:27 2024
# [ok]
