#                                                                                   --- full sequence --- -------------- this domain -------------   hmm coord   ali coord   env coord
# target name               accession   tlen query name           accession   qlen   E-value  score  bias   #  of  c-Evalue  i-Evalue  score  bias  from    to  from    to  from    to  acc description of target
#       ------------------- ---------- ----- -------------------- ---------- ----- --------- ------ ----- --- --- --------- --------- ------ ----- ----- ----- ----- ----- ----- ----- ---- ---------------------
scf00000000:94635-95948|+   -            438 1140at2085           -            348    2e-120  396.9  20.0   1   1  5.3e-122  3.8e-120  395.9  20.0     1   347     5   430     5   431 0.87 scf00000000_78 # 94635 # 95948 # 1 # ID=1_78;partial=00;start_type=ATG;rbs_motif=None;rbs_spacer=None;gc_cont=0.298
scf00000000:484396-485724|- -            443 1140at2085           -            348   3.1e-20   67.4   7.9   1   1     2e-21   1.4e-19   65.2   7.9   130   274   217   362   209   396 0.71 scf00000000_371 # 484396 # 485724 # -1 # ID=1_371;partial=00;start_type=TTG;rbs_motif=AGGAG;rbs_spacer=5-10bp;gc_cont=0.312
scf00000000:447717-448598|- -            294 1140at2085           -            348   2.6e-13   44.6   2.9   1   2   3.7e-15   2.6e-13   44.6   2.9     1   101     9   122     9   131 0.77 scf00000000_323 # 447717 # 448598 # -1 # ID=1_323;partial=00;start_type=ATG;rbs_motif=None;rbs_spacer=None;gc_cont=0.283
scf00000000:447717-448598|- -            294 1140at2085           -            348   2.6e-13   44.6   2.9   2   2     0.027       1.9    2.3   1.2   214   275   108   167   105   244 0.76 scf00000000_323 # 447717 # 448598 # -1 # ID=1_323;partial=00;start_type=ATG;rbs_motif=None;rbs_spacer=None;gc_cont=0.283
scf00000000:292296-292826|+ -            177 1140at2085           -            348   1.2e-08   29.2   0.9   1   1   4.7e-10   3.4e-08   27.8   0.9   130   272    16   174     6   176 0.52 scf00000000_207 # 292296 # 292826 # 1 # ID=1_207;partial=00;start_type=ATG;rbs_motif=None;rbs_spacer=None;gc_cont=0.324
scf00000000:115099-115890|+ -            264 1140at2085           -            348   5.3e-07   23.8   3.7   1   2      0.15        11   -0.2   2.2   204   250    16    73     4   112 0.50 scf00000000_95 # 115099 # 115890 # 1 # ID=1_95;partial=00;start_type=ATG;rbs_motif=None;rbs_spacer=None;gc_cont=0.266
scf00000000:115099-115890|+ -            264 1140at2085           -            348   5.3e-07   23.8   3.7   2   2   1.1e-08   7.8e-07   23.3   0.0     2    54   114   167   106   210 0.59 scf00000000_95 # 115099 # 115890 # 1 # ID=1_95;partial=00;start_type=ATG;rbs_motif=None;rbs_spacer=None;gc_cont=0.266
scf00000000:57173-58432|+   -            420 1140at2085           -            348     4e-05   17.7   8.7   1   2   3.9e-06   0.00028   14.9   0.1   128   158   155   185   122   197 0.82 scf00000000_47 # 57173 # 58432 # 1 # ID=1_47;partial=00;start_type=ATG;rbs_motif=AGGA;rbs_spacer=5-10bp;gc_cont=0.297
scf00000000:57173-58432|+   -            420 1140at2085           -            348     4e-05   17.7   8.7   2   2     0.003      0.22    5.4   3.6   220   278   271   330   260   380 0.75 scf00000000_47 # 57173 # 58432 # 1 # ID=1_47;partial=00;start_type=ATG;rbs_motif=AGGA;rbs_spacer=5-10bp;gc_cont=0.297
scf00000000:444512-445369|- -            286 1140at2085           -            348   5.8e-05   17.1   0.6   1   2     0.038       2.7    1.8   0.8   181   275    61   152    44   156 0.62 scf00000000_319 # 444512 # 445369 # -1 # ID=1_319;partial=00;start_type=ATG;rbs_motif=None;rbs_spacer=None;gc_cont=0.269
scf00000000:444512-445369|- -            286 1140at2085           -            348   5.8e-05   17.1   0.6   2   2   8.1e-07   5.8e-05   17.1   0.6   109   180   132   214   122   234 0.61 scf00000000_319 # 444512 # 445369 # -1 # ID=1_319;partial=00;start_type=ATG;rbs_motif=None;rbs_spacer=None;gc_cont=0.269
scf00000000:331543-332646|- -            368 1140at2085           -            348   0.00019   15.4   0.0   1   4   2.7e-06   0.00019   15.4   0.0   129   185     2    58     1    82 0.83 scf00000000_222 # 331543 # 332646 # -1 # ID=1_222;partial=00;start_type=ATG;rbs_motif=None;rbs_spacer=None;gc_cont=0.337
scf00000000:331543-332646|- -            368 1140at2085           -            348   0.00019   15.4   0.0   2   4      0.72        51   -2.4   0.1    75   104    90   121    88   128 0.75 scf00000000_222 # 331543 # 332646 # -1 # ID=1_222;partial=00;start_type=ATG;rbs_motif=None;rbs_spacer=None;gc_cont=0.337
scf00000000:331543-332646|- -            368 1140at2085           -            348   0.00019   15.4   0.0   3   4      0.65        47   -2.3   0.2   265   299   143   177   131   182 0.75 scf00000000_222 # 331543 # 332646 # -1 # ID=1_222;partial=00;start_type=ATG;rbs_motif=None;rbs_spacer=None;gc_cont=0.337
scf00000000:331543-332646|- -            368 1140at2085           -            348   0.00019   15.4   0.0   4   4       0.2        15   -0.6   0.0    37    59   298   320   290   330 0.80 scf00000000_222 # 331543 # 332646 # -1 # ID=1_222;partial=00;start_type=ATG;rbs_motif=None;rbs_spacer=None;gc_cont=0.337
#
# Program:         hmmsearch
# Version:         3.1b2 (February 2015)
# Pipeline mode:   SEARCH
# Query file:      /home/lgef/Documentos/GitHub/Project_doctoral/IMPLEMENTACAO/Genomes/M_flocculare/MFC_ncbi_dataset/ncbi_dataset/data/strains/MF30/Use/busco_downloads/lineages/mycoplasmatales_odb10/hmms/1140at2085.hmm
# Target file:     /home/lgef/Documentos/GitHub/Project_doctoral/IMPLEMENTACAO/Genomes/M_flocculare/MFC_ncbi_dataset/ncbi_dataset/data/strains/MF30/Use/busco_complete/prodigal_output/predicted_genes/predicted.faa
# Option settings: hmmsearch --domtblout /home/lgef/Documentos/GitHub/Project_doctoral/IMPLEMENTACAO/Genomes/M_flocculare/MFC_ncbi_dataset/ncbi_dataset/data/strains/MF30/Use/busco_complete/run_mycoplasmatales_odb10/hmmer_output/1140at2085.out --cpu 1 /home/lgef/Documentos/GitHub/Project_doctoral/IMPLEMENTACAO/Genomes/M_flocculare/MFC_ncbi_dataset/ncbi_dataset/data/strains/MF30/Use/busco_downloads/lineages/mycoplasmatales_odb10/hmms/1140at2085.hmm /home/lgef/Documentos/GitHub/Project_doctoral/IMPLEMENTACAO/Genomes/M_flocculare/MFC_ncbi_dataset/ncbi_dataset/data/strains/MF30/Use/busco_complete/prodigal_output/predicted_genes/predicted.faa 
# Current dir:     /home/lgef/Documentos/GitHub/Project_doctoral/IMPLEMENTACAO/Genomes/M_flocculare/MFC_ncbi_dataset/ncbi_dataset/data/strains/MF30/Use
# Date:            Fri Nov 29 12:30:55 2024
# [ok]
