#                                                                                   --- full sequence --- -------------- this domain -------------   hmm coord   ali coord   env coord
# target name               accession   tlen query name           accession   qlen   E-value  score  bias   #  of  c-Evalue  i-Evalue  score  bias  from    to  from    to  from    to  acc description of target
#       ------------------- ---------- ----- -------------------- ---------- ----- --------- ------ ----- --- --- --------- --------- ------ ----- ----- ----- ----- ----- ----- ----- ---- ---------------------
scf00000000:177974-182386|+ -           1471 56at2085             -           1080         0 1365.7  36.7   1   2     0.066        19   -2.1   0.4   290   370   138   221   133   289 0.66 scf00000000_140 # 177974 # 182386 # 1 # ID=1_140;partial=00;start_type=ATG;rbs_motif=GGA/GAG/AGG;rbs_spacer=5-10bp;gc_cont=0.298
scf00000000:177974-182386|+ -           1471 56at2085             -           1080         0 1365.7  36.7   2   2         0         0 1361.6  31.2    35  1080   302  1469   273  1469 0.88 scf00000000_140 # 177974 # 182386 # 1 # ID=1_140;partial=00;start_type=ATG;rbs_motif=GGA/GAG/AGG;rbs_spacer=5-10bp;gc_cont=0.298
scf00000000:527553-530498|- -            982 56at2085             -           1080   4.6e-30   99.2  31.8   1   6     8e-08   2.3e-05   17.5   0.0    52   118     2    69     1    75 0.93 scf00000000_407 # 527553 # 530498 # -1 # ID=1_407;partial=00;start_type=ATG;rbs_motif=None;rbs_spacer=None;gc_cont=0.284
scf00000000:527553-530498|- -            982 56at2085             -           1080   4.6e-30   99.2  31.8   2   6   5.9e-13   1.7e-10   34.5   3.3   436   566   186   320    82   324 0.70 scf00000000_407 # 527553 # 530498 # -1 # ID=1_407;partial=00;start_type=ATG;rbs_motif=None;rbs_spacer=None;gc_cont=0.284
scf00000000:527553-530498|- -            982 56at2085             -           1080   4.6e-30   99.2  31.8   3   6   3.7e-06    0.0011   11.9   0.1   606   677   323   394   321   403 0.89 scf00000000_407 # 527553 # 530498 # -1 # ID=1_407;partial=00;start_type=ATG;rbs_motif=None;rbs_spacer=None;gc_cont=0.284
scf00000000:527553-530498|- -            982 56at2085             -           1080   4.6e-30   99.2  31.8   4   6   0.00039      0.11    5.3   0.0   675   757   438   516   427   555 0.75 scf00000000_407 # 527553 # 530498 # -1 # ID=1_407;partial=00;start_type=ATG;rbs_motif=None;rbs_spacer=None;gc_cont=0.284
scf00000000:527553-530498|- -            982 56at2085             -           1080   4.6e-30   99.2  31.8   5   6   1.9e-07   5.4e-05   16.2   7.7   905   944   683   722   616   737 0.80 scf00000000_407 # 527553 # 530498 # -1 # ID=1_407;partial=00;start_type=ATG;rbs_motif=None;rbs_spacer=None;gc_cont=0.284
scf00000000:527553-530498|- -            982 56at2085             -           1080   4.6e-30   99.2  31.8   6   6   2.2e-10   6.3e-08   26.0   0.1   983  1074   730   823   719   830 0.84 scf00000000_407 # 527553 # 530498 # -1 # ID=1_407;partial=00;start_type=ATG;rbs_motif=None;rbs_spacer=None;gc_cont=0.284
#
# Program:         hmmsearch
# Version:         3.1b2 (February 2015)
# Pipeline mode:   SEARCH
# Query file:      /home/lgef/Documentos/GitHub/Project_doctoral/IMPLEMENTACAO/Genomes/M_flocculare/MFC_ncbi_dataset/ncbi_dataset/data/strains/MF30/Use/busco_downloads/lineages/mycoplasmatales_odb10/hmms/56at2085.hmm
# Target file:     /home/lgef/Documentos/GitHub/Project_doctoral/IMPLEMENTACAO/Genomes/M_flocculare/MFC_ncbi_dataset/ncbi_dataset/data/strains/MF30/Use/busco_complete/prodigal_output/predicted_genes/predicted.faa
# Option settings: hmmsearch --domtblout /home/lgef/Documentos/GitHub/Project_doctoral/IMPLEMENTACAO/Genomes/M_flocculare/MFC_ncbi_dataset/ncbi_dataset/data/strains/MF30/Use/busco_complete/run_mycoplasmatales_odb10/hmmer_output/56at2085.out --cpu 1 /home/lgef/Documentos/GitHub/Project_doctoral/IMPLEMENTACAO/Genomes/M_flocculare/MFC_ncbi_dataset/ncbi_dataset/data/strains/MF30/Use/busco_downloads/lineages/mycoplasmatales_odb10/hmms/56at2085.hmm /home/lgef/Documentos/GitHub/Project_doctoral/IMPLEMENTACAO/Genomes/M_flocculare/MFC_ncbi_dataset/ncbi_dataset/data/strains/MF30/Use/busco_complete/prodigal_output/predicted_genes/predicted.faa 
# Current dir:     /home/lgef/Documentos/GitHub/Project_doctoral/IMPLEMENTACAO/Genomes/M_flocculare/MFC_ncbi_dataset/ncbi_dataset/data/strains/MF30/Use
# Date:            Fri Nov 29 12:30:59 2024
# [ok]
