#                                                                                     --- full sequence --- -------------- this domain -------------   hmm coord   ali coord   env coord
# target name                 accession   tlen query name           accession   qlen   E-value  score  bias   #  of  c-Evalue  i-Evalue  score  bias  from    to  from    to  from    to  acc description of target
#         ------------------- ---------- ----- -------------------- ---------- ----- --------- ------ ----- --- --- --------- --------- ------ ----- ----- ----- ----- ----- ----- ----- ---- ---------------------
NZ_CP058578.1:704473-705807|- -            445 1064at2085           -            350  6.1e-149  491.1  18.8   1   2   9.4e-57   1.9e-55  183.7   0.3     1   128    10   137    10   144 0.91 NZ_CP058578.1_564 # 704473 # 705807 # -1 # ID=1_564;partial=00;start_type=ATG;rbs_motif=GGA/GAG/AGG;rbs_spacer=11-12bp;gc_cont=0.306
NZ_CP058578.1:704473-705807|- -            445 1064at2085           -            350  6.1e-149  491.1  18.8   2   2   4.5e-95   8.9e-94  309.7  13.2   100   349   147   441   139   442 0.82 NZ_CP058578.1_564 # 704473 # 705807 # -1 # ID=1_564;partial=00;start_type=ATG;rbs_motif=GGA/GAG/AGG;rbs_spacer=11-12bp;gc_cont=0.306
NZ_CP058578.1:449638-451815|+ -            726 1064at2085           -            350   5.7e-79  261.0   7.7   1   3   1.6e-35   3.2e-34  113.8   0.2     2   123    39   161    38   225 0.76 NZ_CP058578.1_376 # 449638 # 451815 # 1 # ID=1_376;partial=00;start_type=ATG;rbs_motif=GGA/GAG/AGG;rbs_spacer=5-10bp;gc_cont=0.305
NZ_CP058578.1:449638-451815|+ -            726 1064at2085           -            350   5.7e-79  261.0   7.7   2   3       4.9        97   -2.9   0.1    96   131   266   285   257   325 0.58 NZ_CP058578.1_376 # 449638 # 451815 # 1 # ID=1_376;partial=00;start_type=ATG;rbs_motif=GGA/GAG/AGG;rbs_spacer=5-10bp;gc_cont=0.305
NZ_CP058578.1:449638-451815|+ -            726 1064at2085           -            350   5.7e-79  261.0   7.7   3   3   3.4e-49   6.7e-48  158.8   2.5   104   289   435   621   420   635 0.85 NZ_CP058578.1_376 # 449638 # 451815 # 1 # ID=1_376;partial=00;start_type=ATG;rbs_motif=GGA/GAG/AGG;rbs_spacer=5-10bp;gc_cont=0.305
NZ_CP058578.1:268114-269643|+ -            510 1064at2085           -            350   1.2e-49  164.5   9.8   1   4   4.6e-15   9.1e-14   46.6   0.1     2    99    11   116    10   121 0.89 NZ_CP058578.1_232 # 268114 # 269643 # 1 # ID=1_232;partial=00;start_type=TTG;rbs_motif=AGGAGG;rbs_spacer=5-10bp;gc_cont=0.318
NZ_CP058578.1:268114-269643|+ -            510 1064at2085           -            350   1.2e-49  164.5   9.8   2   4   2.6e-15   5.3e-14   47.3   0.4   153   256   127   229   116   251 0.92 NZ_CP058578.1_232 # 268114 # 269643 # 1 # ID=1_232;partial=00;start_type=TTG;rbs_motif=AGGAGG;rbs_spacer=5-10bp;gc_cont=0.318
NZ_CP058578.1:268114-269643|+ -            510 1064at2085           -            350   1.2e-49  164.5   9.8   3   4   0.00048    0.0096   10.3   0.0    16    67   280   331   273   344 0.89 NZ_CP058578.1_232 # 268114 # 269643 # 1 # ID=1_232;partial=00;start_type=TTG;rbs_motif=AGGAGG;rbs_spacer=5-10bp;gc_cont=0.318
NZ_CP058578.1:268114-269643|+ -            510 1064at2085           -            350   1.2e-49  164.5   9.8   4   4   1.8e-20   3.7e-19   64.3   0.3   150   259   381   490   371   502 0.90 NZ_CP058578.1_232 # 268114 # 269643 # 1 # ID=1_232;partial=00;start_type=TTG;rbs_motif=AGGAGG;rbs_spacer=5-10bp;gc_cont=0.318
NZ_CP058578.1:663615-665153|+ -            513 1064at2085           -            350   1.7e-49  164.0  17.3   1   4   1.1e-12   2.2e-11   38.7   0.1     1    97     6   107     6   117 0.84 NZ_CP058578.1_534 # 663615 # 665153 # 1 # ID=1_534;partial=00;start_type=TTG;rbs_motif=AGGA;rbs_spacer=5-10bp;gc_cont=0.321
NZ_CP058578.1:663615-665153|+ -            513 1064at2085           -            350   1.7e-49  164.0  17.3   2   4   1.9e-20   3.7e-19   64.3   0.7   150   272   116   237   109   247 0.92 NZ_CP058578.1_534 # 663615 # 665153 # 1 # ID=1_534;partial=00;start_type=TTG;rbs_motif=AGGA;rbs_spacer=5-10bp;gc_cont=0.321
NZ_CP058578.1:663615-665153|+ -            513 1064at2085           -            350   1.7e-49  164.0  17.3   3   4   5.6e-08   1.1e-06   23.2   0.2    12    73   278   341   264   369 0.81 NZ_CP058578.1_534 # 663615 # 665153 # 1 # ID=1_534;partial=00;start_type=TTG;rbs_motif=AGGA;rbs_spacer=5-10bp;gc_cont=0.321
NZ_CP058578.1:663615-665153|+ -            513 1064at2085           -            350   1.7e-49  164.0  17.3   4   4   2.3e-15   4.7e-14   47.5   1.7   159   262   391   495   376   502 0.86 NZ_CP058578.1_534 # 663615 # 665153 # 1 # ID=1_534;partial=00;start_type=TTG;rbs_motif=AGGA;rbs_spacer=5-10bp;gc_cont=0.321
NZ_CP058578.1:466310-467470|+ -            387 1064at2085           -            350   4.6e-48  159.4  13.8   1   1   4.7e-49   9.4e-48  158.3  13.8     2   303     8   319     7   362 0.78 NZ_CP058578.1_386 # 466310 # 467470 # 1 # ID=1_386;partial=00;start_type=ATG;rbs_motif=3Base/5BMM;rbs_spacer=13-15bp;gc_cont=0.258
NZ_CP058578.1:572032-572928|- -            299 1064at2085           -            350   1.9e-35  117.9   4.1   1   2   9.1e-21   1.8e-19   65.3   1.0     1   107    60   176    60   194 0.79 NZ_CP058578.1_468 # 572032 # 572928 # -1 # ID=1_468;partial=00;start_type=GTG;rbs_motif=AGGAG;rbs_spacer=5-10bp;gc_cont=0.353
NZ_CP058578.1:572032-572928|- -            299 1064at2085           -            350   1.9e-35  117.9   4.1   2   2   2.1e-17   4.1e-16   54.3   0.1   160   258   180   277   177   284 0.89 NZ_CP058578.1_468 # 572032 # 572928 # -1 # ID=1_468;partial=00;start_type=GTG;rbs_motif=AGGAG;rbs_spacer=5-10bp;gc_cont=0.353
NZ_CP058578.1:242845-244176|+ -            444 1064at2085           -            350   3.5e-35  117.0   3.1   1   2   1.3e-10   2.7e-09   31.9   0.2     3   104    45   161    43   199 0.74 NZ_CP058578.1_217 # 242845 # 244176 # 1 # ID=1_217;partial=00;start_type=ATG;rbs_motif=GGAG/GAGG;rbs_spacer=5-10bp;gc_cont=0.294
NZ_CP058578.1:242845-244176|+ -            444 1064at2085           -            350   3.5e-35  117.0   3.1   2   2   5.9e-27   1.2e-25   85.7   0.2   140   267   242   369   200   375 0.86 NZ_CP058578.1_217 # 242845 # 244176 # 1 # ID=1_217;partial=00;start_type=ATG;rbs_motif=GGAG/GAGG;rbs_spacer=5-10bp;gc_cont=0.294
NZ_CP058578.1:305968-306786|+ -            273 1064at2085           -            350     1e-33  112.2   7.7   1   2   1.1e-14   2.1e-13   45.4   1.9     2   104     2   110     1   117 0.83 NZ_CP058578.1_263 # 305968 # 306786 # 1 # ID=1_263;partial=00;start_type=ATG;rbs_motif=GGA/GAG/AGG;rbs_spacer=5-10bp;gc_cont=0.304
NZ_CP058578.1:305968-306786|+ -            273 1064at2085           -            350     1e-33  112.2   7.7   2   2   1.5e-22   2.9e-21   71.2   0.8   153   271   112   229   106   245 0.94 NZ_CP058578.1_263 # 305968 # 306786 # 1 # ID=1_263;partial=00;start_type=ATG;rbs_motif=GGA/GAG/AGG;rbs_spacer=5-10bp;gc_cont=0.304
NZ_CP058578.1:379449-381401|+ -            651 1064at2085           -            350   2.2e-33  111.1  10.6   1   2   5.9e-20   1.2e-18   62.6   6.4     1   126     1   127     1   128 0.89 NZ_CP058578.1_321 # 379449 # 381401 # 1 # ID=1_321;partial=00;start_type=ATG;rbs_motif=GGA/GAG/AGG;rbs_spacer=5-10bp;gc_cont=0.243
NZ_CP058578.1:379449-381401|+ -            651 1064at2085           -            350   2.2e-33  111.1  10.6   2   2   1.2e-17   2.3e-16   55.1   0.8   146   260    99   208    93   243 0.80 NZ_CP058578.1_321 # 379449 # 381401 # 1 # ID=1_321;partial=00;start_type=ATG;rbs_motif=GGA/GAG/AGG;rbs_spacer=5-10bp;gc_cont=0.243
NZ_CP058578.1:408355-410742|- -            796 1064at2085           -            350   1.1e-32  108.8   8.4   1   2   1.5e-19     3e-18   61.3   2.2     1   115     1   112     1   125 0.82 NZ_CP058578.1_345 # 408355 # 410742 # -1 # ID=1_345;partial=00;start_type=ATG;rbs_motif=None;rbs_spacer=None;gc_cont=0.248
NZ_CP058578.1:408355-410742|- -            796 1064at2085           -            350   1.1e-32  108.8   8.4   2   2   1.2e-16   2.4e-15   51.8   1.6   157   266   105   213    98   219 0.88 NZ_CP058578.1_345 # 408355 # 410742 # -1 # ID=1_345;partial=00;start_type=ATG;rbs_motif=None;rbs_spacer=None;gc_cont=0.248
NZ_CP058578.1:306759-307661|+ -            301 1064at2085           -            350   1.8e-32  108.0   2.5   1   2   9.7e-12   1.9e-10   35.6   2.2     2   106     3   132     2   138 0.65 NZ_CP058578.1_264 # 306759 # 307661 # 1 # ID=1_264;partial=00;start_type=ATG;rbs_motif=GGA/GAG/AGG;rbs_spacer=5-10bp;gc_cont=0.308
NZ_CP058578.1:306759-307661|+ -            301 1064at2085           -            350   1.8e-32  108.0   2.5   2   2   1.1e-21   2.1e-20   68.4   0.0   152   282   131   261   125   294 0.86 NZ_CP058578.1_264 # 306759 # 307661 # 1 # ID=1_264;partial=00;start_type=ATG;rbs_motif=GGA/GAG/AGG;rbs_spacer=5-10bp;gc_cont=0.308
NZ_CP058578.1:358527-360491|- -            655 1064at2085           -            350     2e-30  101.3   9.3   1   2   2.8e-19   5.6e-18   60.4   5.1     1   126     1   127     1   128 0.87 NZ_CP058578.1_309 # 358527 # 360491 # -1 # ID=1_309;partial=00;start_type=ATG;rbs_motif=GGA/GAG/AGG;rbs_spacer=5-10bp;gc_cont=0.247
NZ_CP058578.1:358527-360491|- -            655 1064at2085           -            350     2e-30  101.3   9.3   2   2   1.3e-14   2.6e-13   45.0   0.2   172   261   122   209   113   227 0.88 NZ_CP058578.1_309 # 358527 # 360491 # -1 # ID=1_309;partial=00;start_type=ATG;rbs_motif=GGA/GAG/AGG;rbs_spacer=5-10bp;gc_cont=0.247
NZ_CP058578.1:28016-30343|-   -            776 1064at2085           -            350   7.4e-30   99.5  16.2   1   3   5.7e-20   1.1e-18   62.7   2.9     1   113     1   110     1   121 0.87 NZ_CP058578.1_21 # 28016 # 30343 # -1 # ID=1_21;partial=00;start_type=ATG;rbs_motif=None;rbs_spacer=None;gc_cont=0.262
NZ_CP058578.1:28016-30343|-   -            776 1064at2085           -            350   7.4e-30   99.5  16.2   2   3   4.4e-15   8.7e-14   46.6   0.4   171   258   120   205   108   220 0.91 NZ_CP058578.1_21 # 28016 # 30343 # -1 # ID=1_21;partial=00;start_type=ATG;rbs_motif=None;rbs_spacer=None;gc_cont=0.262
NZ_CP058578.1:28016-30343|-   -            776 1064at2085           -            350   7.4e-30   99.5  16.2   3   3       5.1     1e+02   -2.9   1.0    95   146   404   451   401   492 0.53 NZ_CP058578.1_21 # 28016 # 30343 # -1 # ID=1_21;partial=00;start_type=ATG;rbs_motif=None;rbs_spacer=None;gc_cont=0.262
NZ_CP058578.1:338511-339197|- -            229 1064at2085           -            350   1.2e-29   98.8   8.1   1   2   1.7e-20   3.3e-19   64.4   3.9     1   124     1   124     1   127 0.83 NZ_CP058578.1_289 # 338511 # 339197 # -1 # ID=1_289;partial=00;start_type=ATG;rbs_motif=None;rbs_spacer=None;gc_cont=0.265
NZ_CP058578.1:338511-339197|- -            229 1064at2085           -            350   1.2e-29   98.8   8.1   2   2   1.4e-12   2.8e-11   38.4   0.2   172   254   121   201   114   219 0.88 NZ_CP058578.1_289 # 338511 # 339197 # -1 # ID=1_289;partial=00;start_type=ATG;rbs_motif=None;rbs_spacer=None;gc_cont=0.265
NZ_CP058578.1:22336-24663|-   -            776 1064at2085           -            350   1.2e-29   98.7   9.9   1   2     4e-19   7.9e-18   59.9   5.8     2   125     2   125     1   127 0.83 NZ_CP058578.1_18 # 22336 # 24663 # -1 # ID=1_18;partial=00;start_type=ATG;rbs_motif=None;rbs_spacer=None;gc_cont=0.265
NZ_CP058578.1:22336-24663|-   -            776 1064at2085           -            350   1.2e-29   98.7   9.9   2   2   6.1e-14   1.2e-12   42.9   0.8   162   258   110   205    97   229 0.82 NZ_CP058578.1_18 # 22336 # 24663 # -1 # ID=1_18;partial=00;start_type=ATG;rbs_motif=None;rbs_spacer=None;gc_cont=0.265
NZ_CP058578.1:17544-19820|-   -            759 1064at2085           -            350   1.6e-29   98.3   8.9   1   2   8.5e-19   1.7e-17   58.8   4.4     1   107     1   104     1   120 0.87 NZ_CP058578.1_16 # 17544 # 19820 # -1 # ID=1_16;partial=00;start_type=ATG;rbs_motif=None;rbs_spacer=None;gc_cont=0.249
NZ_CP058578.1:17544-19820|-   -            759 1064at2085           -            350   1.6e-29   98.3   8.9   2   2     2e-13     4e-12   41.2   0.2   170   258   119   205   105   222 0.88 NZ_CP058578.1_16 # 17544 # 19820 # -1 # ID=1_16;partial=00;start_type=ATG;rbs_motif=None;rbs_spacer=None;gc_cont=0.249
NZ_CP058578.1:644017-646341|- -            775 1064at2085           -            350   3.8e-29   97.2  14.3   1   3   7.1e-08   1.4e-06   22.9   7.3     8   113    15   124     5   200 0.80 NZ_CP058578.1_521 # 644017 # 646341 # -1 # ID=1_521;partial=00;start_type=ATG;rbs_motif=None;rbs_spacer=None;gc_cont=0.277
NZ_CP058578.1:644017-646341|- -            775 1064at2085           -            350   3.8e-29   97.2  14.3   2   3       4.5        90   -2.8   3.0    70   143   312   385   300   431 0.57 NZ_CP058578.1_521 # 644017 # 646341 # -1 # ID=1_521;partial=00;start_type=ATG;rbs_motif=None;rbs_spacer=None;gc_cont=0.277
NZ_CP058578.1:644017-646341|- -            775 1064at2085           -            350   3.8e-29   97.2  14.3   3   3   1.8e-27   3.5e-26   87.4   0.6   145   271   582   709   523   719 0.79 NZ_CP058578.1_521 # 644017 # 646341 # -1 # ID=1_521;partial=00;start_type=ATG;rbs_motif=None;rbs_spacer=None;gc_cont=0.277
NZ_CP058578.1:646341-647393|- -            351 1064at2085           -            350   6.9e-29   96.3   0.6   1   2   5.2e-08     1e-06   23.4   0.2     5    72    20    88     9    94 0.79 NZ_CP058578.1_522 # 646341 # 647393 # -1 # ID=1_522;partial=00;start_type=ATG;rbs_motif=GGxGG;rbs_spacer=5-10bp;gc_cont=0.330
NZ_CP058578.1:646341-647393|- -            351 1064at2085           -            350   6.9e-29   96.3   0.6   2   2   1.3e-22   2.6e-21   71.4   0.0   153   271   133   254   121   263 0.89 NZ_CP058578.1_522 # 646341 # 647393 # -1 # ID=1_522;partial=00;start_type=ATG;rbs_motif=GGxGG;rbs_spacer=5-10bp;gc_cont=0.330
NZ_CP058578.1:236088-237704|- -            539 1064at2085           -            350   1.3e-27   92.1   4.6   1   5   2.6e-13   5.2e-12   40.8   0.8     1    64     1    64     1   104 0.82 NZ_CP058578.1_212 # 236088 # 237704 # -1 # ID=1_212;partial=00;start_type=ATG;rbs_motif=AGGA;rbs_spacer=5-10bp;gc_cont=0.331
NZ_CP058578.1:236088-237704|- -            539 1064at2085           -            350   1.3e-27   92.1   4.6   2   5       1.6        33   -1.3   0.0   248   273    83   109    62   116 0.75 NZ_CP058578.1_212 # 236088 # 237704 # -1 # ID=1_212;partial=00;start_type=ATG;rbs_motif=AGGA;rbs_spacer=5-10bp;gc_cont=0.331
NZ_CP058578.1:236088-237704|- -            539 1064at2085           -            350   1.3e-27   92.1   4.6   3   5   2.1e-09   4.2e-08   27.9   0.0   171   261   148   234   130   281 0.84 NZ_CP058578.1_212 # 236088 # 237704 # -1 # ID=1_212;partial=00;start_type=ATG;rbs_motif=AGGA;rbs_spacer=5-10bp;gc_cont=0.331
NZ_CP058578.1:236088-237704|- -            539 1064at2085           -            350   1.3e-27   92.1   4.6   4   5     0.011      0.23    5.8   0.0    14    60   334   380   321   395 0.87 NZ_CP058578.1_212 # 236088 # 237704 # -1 # ID=1_212;partial=00;start_type=ATG;rbs_motif=AGGA;rbs_spacer=5-10bp;gc_cont=0.331
NZ_CP058578.1:236088-237704|- -            539 1064at2085           -            350   1.3e-27   92.1   4.6   5   5   1.6e-05   0.00032   15.1   0.0   174   223   443   492   418   535 0.78 NZ_CP058578.1_212 # 236088 # 237704 # -1 # ID=1_212;partial=00;start_type=ATG;rbs_motif=AGGA;rbs_spacer=5-10bp;gc_cont=0.331
NZ_CP058578.1:360569-362851|- -            761 1064at2085           -            350   1.3e-27   92.0  17.4   1   3   5.1e-18     1e-16   56.3   3.9     1    94     1    91     1    94 0.91 NZ_CP058578.1_310 # 360569 # 362851 # -1 # ID=1_310;partial=00;start_type=ATG;rbs_motif=GGA/GAG/AGG;rbs_spacer=5-10bp;gc_cont=0.257
NZ_CP058578.1:360569-362851|- -            761 1064at2085           -            350   1.3e-27   92.0  17.4   2   3   1.3e-13   2.6e-12   41.8   4.4   143   281    95   228    92   306 0.75 NZ_CP058578.1_310 # 360569 # 362851 # -1 # ID=1_310;partial=00;start_type=ATG;rbs_motif=GGA/GAG/AGG;rbs_spacer=5-10bp;gc_cont=0.257
NZ_CP058578.1:360569-362851|- -            761 1064at2085           -            350   1.3e-27   92.0  17.4   3   3       1.5        30   -1.2   0.1    83   125   275   319   254   348 0.57 NZ_CP058578.1_310 # 360569 # 362851 # -1 # ID=1_310;partial=00;start_type=ATG;rbs_motif=GGA/GAG/AGG;rbs_spacer=5-10bp;gc_cont=0.257
NZ_CP058578.1:377041-379359|+ -            773 1064at2085           -            350   2.3e-27   91.3  14.6   1   3     4e-17   7.9e-16   53.3   3.2     1    95     1    93     1   100 0.94 NZ_CP058578.1_320 # 377041 # 379359 # 1 # ID=1_320;partial=00;start_type=ATG;rbs_motif=None;rbs_spacer=None;gc_cont=0.264
NZ_CP058578.1:377041-379359|+ -            773 1064at2085           -            350   2.3e-27   91.3  14.6   2   3   1.5e-14     3e-13   44.9   1.5   151   267   100   215    93   238 0.84 NZ_CP058578.1_320 # 377041 # 379359 # 1 # ID=1_320;partial=00;start_type=ATG;rbs_motif=None;rbs_spacer=None;gc_cont=0.264
NZ_CP058578.1:377041-379359|+ -            773 1064at2085           -            350   2.3e-27   91.3  14.6   3   3       5.6   1.1e+02   -3.1   0.1    32    94   547   606   528   612 0.68 NZ_CP058578.1_320 # 377041 # 379359 # 1 # ID=1_320;partial=00;start_type=ATG;rbs_motif=None;rbs_spacer=None;gc_cont=0.264
NZ_CP058578.1:806275-807807|+ -            511 1064at2085           -            350   2.2e-26   88.0  18.6   1   4     7e-13   1.4e-11   39.4   1.0     2   119    14   136    13   152 0.86 NZ_CP058578.1_646 # 806275 # 807807 # 1 # ID=1_646;partial=00;start_type=GTG;rbs_motif=GGA/GAG/AGG;rbs_spacer=11-12bp;gc_cont=0.322
NZ_CP058578.1:806275-807807|+ -            511 1064at2085           -            350   2.2e-26   88.0  18.6   2   4   4.2e-06   8.4e-05   17.1   1.5   155   260   126   230   120   271 0.79 NZ_CP058578.1_646 # 806275 # 807807 # 1 # ID=1_646;partial=00;start_type=GTG;rbs_motif=GGA/GAG/AGG;rbs_spacer=11-12bp;gc_cont=0.322
NZ_CP058578.1:806275-807807|+ -            511 1064at2085           -            350   2.2e-26   88.0  18.6   3   4    0.0047     0.094    7.0   0.2    17    69   280   331   268   336 0.85 NZ_CP058578.1_646 # 806275 # 807807 # 1 # ID=1_646;partial=00;start_type=GTG;rbs_motif=GGA/GAG/AGG;rbs_spacer=11-12bp;gc_cont=0.322
NZ_CP058578.1:806275-807807|+ -            511 1064at2085           -            350   2.2e-26   88.0  18.6   4   4   4.7e-12   9.3e-11   36.7   0.7   140   259   375   492   355   503 0.74 NZ_CP058578.1_646 # 806275 # 807807 # 1 # ID=1_646;partial=00;start_type=GTG;rbs_motif=GGA/GAG/AGG;rbs_spacer=11-12bp;gc_cont=0.322
NZ_CP058578.1:469904-472204|+ -            767 1064at2085           -            350   3.1e-26   87.6  10.4   1   3   5.9e-18   1.2e-16   56.1   2.6     1   126     1   127     1   128 0.86 NZ_CP058578.1_390 # 469904 # 472204 # 1 # ID=1_390;partial=00;start_type=ATG;rbs_motif=GGA/GAG/AGG;rbs_spacer=5-10bp;gc_cont=0.289
NZ_CP058578.1:469904-472204|+ -            767 1064at2085           -            350   3.1e-26   87.6  10.4   2   3   5.6e-12   1.1e-10   36.4   0.2   173   253   123   201   102   212 0.86 NZ_CP058578.1_390 # 469904 # 472204 # 1 # ID=1_390;partial=00;start_type=ATG;rbs_motif=GGA/GAG/AGG;rbs_spacer=5-10bp;gc_cont=0.289
NZ_CP058578.1:469904-472204|+ -            767 1064at2085           -            350   3.1e-26   87.6  10.4   3   3      0.54        11    0.3   0.1    85   157   527   600   521   607 0.82 NZ_CP058578.1_390 # 469904 # 472204 # 1 # ID=1_390;partial=00;start_type=ATG;rbs_motif=GGA/GAG/AGG;rbs_spacer=5-10bp;gc_cont=0.289
NZ_CP058578.1:20022-22262|-   -            747 1064at2085           -            350   4.2e-25   83.8   8.9   1   2   2.2e-17   4.3e-16   54.2   4.5     1   122     1   122     1   126 0.82 NZ_CP058578.1_17 # 20022 # 22262 # -1 # ID=1_17;partial=00;start_type=ATG;rbs_motif=None;rbs_spacer=None;gc_cont=0.259
NZ_CP058578.1:20022-22262|-   -            747 1064at2085           -            350   4.2e-25   83.8   8.9   2   2   3.9e-11   7.8e-10   33.6   0.7   160   258   108   205    95   219 0.81 NZ_CP058578.1_17 # 20022 # 22262 # -1 # ID=1_17;partial=00;start_type=ATG;rbs_motif=None;rbs_spacer=None;gc_cont=0.259
NZ_CP058578.1:596176-596892|- -            239 1064at2085           -            350   9.3e-25   82.7   3.0   1   2   4.4e-10   8.8e-09   30.2   0.7     1    63     5    68     5    90 0.88 NZ_CP058578.1_485 # 596176 # 596892 # -1 # ID=1_485;partial=00;start_type=ATG;rbs_motif=AGGA;rbs_spacer=5-10bp;gc_cont=0.265
NZ_CP058578.1:596176-596892|- -            239 1064at2085           -            350   9.3e-25   82.7   3.0   2   2   4.1e-17   8.1e-16   53.3   0.1   136   268    93   225    74   233 0.87 NZ_CP058578.1_485 # 596176 # 596892 # -1 # ID=1_485;partial=00;start_type=ATG;rbs_motif=AGGA;rbs_spacer=5-10bp;gc_cont=0.265
NZ_CP058578.1:25623-27905|-   -            761 1064at2085           -            350   1.3e-24   82.3  13.2   1   3   4.8e-17   9.5e-16   53.1   4.3     2   126     2   126     1   127 0.83 NZ_CP058578.1_20 # 25623 # 27905 # -1 # ID=1_20;partial=00;start_type=ATG;rbs_motif=AGGAG(G)/GGAGG;rbs_spacer=13-15bp;gc_cont=0.240
NZ_CP058578.1:25623-27905|-   -            761 1064at2085           -            350   1.3e-24   82.3  13.2   2   3   3.1e-12   6.2e-11   37.2   0.5   171   258   120   205    99   222 0.85 NZ_CP058578.1_20 # 25623 # 27905 # -1 # ID=1_20;partial=00;start_type=ATG;rbs_motif=AGGAG(G)/GGAGG;rbs_spacer=13-15bp;gc_cont=0.240
NZ_CP058578.1:25623-27905|-   -            761 1064at2085           -            350   1.3e-24   82.3  13.2   3   3         3        61   -2.2   0.2   104   166   540   603   529   637 0.64 NZ_CP058578.1_20 # 25623 # 27905 # -1 # ID=1_20;partial=00;start_type=ATG;rbs_motif=AGGAG(G)/GGAGG;rbs_spacer=13-15bp;gc_cont=0.240
NZ_CP058578.1:241443-242855|+ -            471 1064at2085           -            350   4.9e-24   80.3   9.4   1   3         2        41   -1.6   0.4   101   152    68   115    37   139 0.51 NZ_CP058578.1_216 # 241443 # 242855 # 1 # ID=1_216;partial=00;start_type=ATG;rbs_motif=AGGAGG;rbs_spacer=5-10bp;gc_cont=0.323
NZ_CP058578.1:241443-242855|+ -            471 1064at2085           -            350   4.9e-24   80.3   9.4   2   3   2.5e-06     5e-05   17.8   0.1    14   110   141   251   127   266 0.70 NZ_CP058578.1_216 # 241443 # 242855 # 1 # ID=1_216;partial=00;start_type=ATG;rbs_motif=AGGAGG;rbs_spacer=5-10bp;gc_cont=0.323
NZ_CP058578.1:241443-242855|+ -            471 1064at2085           -            350   4.9e-24   80.3   9.4   3   3   1.3e-21   2.6e-20   68.1   0.9   173   270   272   369   247   375 0.90 NZ_CP058578.1_216 # 241443 # 242855 # 1 # ID=1_216;partial=00;start_type=ATG;rbs_motif=AGGAGG;rbs_spacer=5-10bp;gc_cont=0.323
NZ_CP058578.1:438808-439578|+ -            257 1064at2085           -            350   2.1e-22   74.9   5.1   1   2   7.3e-07   1.4e-05   19.6   0.4    12    75    22    85     9   130 0.72 NZ_CP058578.1_369 # 438808 # 439578 # 1 # ID=1_369;partial=00;start_type=ATG;rbs_motif=None;rbs_spacer=None;gc_cont=0.267
NZ_CP058578.1:438808-439578|+ -            257 1064at2085           -            350   2.1e-22   74.9   5.1   2   2   5.3e-19   1.1e-17   59.5   3.0    83   267    56   242    55   249 0.75 NZ_CP058578.1_369 # 438808 # 439578 # 1 # ID=1_369;partial=00;start_type=ATG;rbs_motif=None;rbs_spacer=None;gc_cont=0.267
NZ_CP058578.1:844965-846584|+ -            540 1064at2085           -            350   4.1e-22   74.0   4.8   1   2   6.2e-12   1.2e-10   36.3   0.7     1    72   336   408   336   422 0.91 NZ_CP058578.1_668 # 844965 # 846584 # 1 # ID=1_668;partial=00;start_type=ATG;rbs_motif=None;rbs_spacer=None;gc_cont=0.227
NZ_CP058578.1:844965-846584|+ -            540 1064at2085           -            350   4.1e-22   74.0   4.8   2   2   5.9e-13   1.2e-11   39.6   0.3   131   251   418   537   408   539 0.82 NZ_CP058578.1_668 # 844965 # 846584 # 1 # ID=1_668;partial=00;start_type=ATG;rbs_motif=None;rbs_spacer=None;gc_cont=0.227
NZ_CP058578.1:897103-898716|+ -            538 1064at2085           -            350   1.8e-19   65.4   9.7   1   2   5.9e-15   1.2e-13   46.2   1.4     2    72   325   395   324   421 0.86 NZ_CP058578.1_704 # 897103 # 898716 # 1 # ID=1_704;partial=00;start_type=ATG;rbs_motif=AGxAGG/AGGxGG;rbs_spacer=5-10bp;gc_cont=0.265
NZ_CP058578.1:897103-898716|+ -            538 1064at2085           -            350   1.8e-19   65.4   9.7   2   2   5.1e-08     1e-06   23.4   1.6   157   240   427   514   419   521 0.81 NZ_CP058578.1_704 # 897103 # 898716 # 1 # ID=1_704;partial=00;start_type=ATG;rbs_motif=AGxAGG/AGGxGG;rbs_spacer=5-10bp;gc_cont=0.265
NZ_CP058578.1:838293-839906|+ -            538 1064at2085           -            350     3e-18   61.3   6.5   1   4       5.9   1.2e+02   -3.1   0.4    79   108    72   101    67   121 0.64 NZ_CP058578.1_665 # 838293 # 839906 # 1 # ID=1_665;partial=00;start_type=ATG;rbs_motif=AGGAGG;rbs_spacer=5-10bp;gc_cont=0.242
NZ_CP058578.1:838293-839906|+ -            538 1064at2085           -            350     3e-18   61.3   6.5   2   4       7.4   1.5e+02   -3.5   0.1   131   150   300   316   289   332 0.60 NZ_CP058578.1_665 # 838293 # 839906 # 1 # ID=1_665;partial=00;start_type=ATG;rbs_motif=AGGAGG;rbs_spacer=5-10bp;gc_cont=0.242
NZ_CP058578.1:838293-839906|+ -            538 1064at2085           -            350     3e-18   61.3   6.5   3   4   2.7e-10   5.3e-09   30.9   0.4     6    71   339   405   334   417 0.87 NZ_CP058578.1_665 # 838293 # 839906 # 1 # ID=1_665;partial=00;start_type=ATG;rbs_motif=AGGAGG;rbs_spacer=5-10bp;gc_cont=0.242
NZ_CP058578.1:838293-839906|+ -            538 1064at2085           -            350     3e-18   61.3   6.5   4   4   1.5e-13     3e-12   41.6   1.2   154   251   435   534   421   537 0.79 NZ_CP058578.1_665 # 838293 # 839906 # 1 # ID=1_665;partial=00;start_type=ATG;rbs_motif=AGGAGG;rbs_spacer=5-10bp;gc_cont=0.242
NZ_CP058578.1:117185-120028|- -            948 1064at2085           -            350   1.4e-15   52.5   5.7   1   4     0.016      0.33    5.3   0.1    15    42    19    46    13    57 0.90 NZ_CP058578.1_97 # 117185 # 120028 # -1 # ID=1_97;partial=00;start_type=ATG;rbs_motif=None;rbs_spacer=None;gc_cont=0.327
NZ_CP058578.1:117185-120028|- -            948 1064at2085           -            350   1.4e-15   52.5   5.7   2   4   7.1e-07   1.4e-05   19.6   0.0   153   249   467   563   437   601 0.77 NZ_CP058578.1_97 # 117185 # 120028 # -1 # ID=1_97;partial=00;start_type=ATG;rbs_motif=None;rbs_spacer=None;gc_cont=0.327
NZ_CP058578.1:117185-120028|- -            948 1064at2085           -            350   1.4e-15   52.5   5.7   3   4   9.2e-06   0.00018   16.0   0.4    15    47   626   658   618   680 0.82 NZ_CP058578.1_97 # 117185 # 120028 # -1 # ID=1_97;partial=00;start_type=ATG;rbs_motif=None;rbs_spacer=None;gc_cont=0.327
NZ_CP058578.1:117185-120028|- -            948 1064at2085           -            350   1.4e-15   52.5   5.7   4   4   0.00027    0.0055   11.1   0.0   174   251   829   907   811   940 0.74 NZ_CP058578.1_97 # 117185 # 120028 # -1 # ID=1_97;partial=00;start_type=ATG;rbs_motif=None;rbs_spacer=None;gc_cont=0.327
NZ_CP058578.1:896268-897110|+ -            281 1064at2085           -            350   1.7e-15   52.2   4.0   1   2   3.8e-10   7.6e-09   30.4   1.1     2    72    75   146    74   174 0.81 NZ_CP058578.1_703 # 896268 # 897110 # 1 # ID=1_703;partial=00;start_type=GTG;rbs_motif=None;rbs_spacer=None;gc_cont=0.257
NZ_CP058578.1:896268-897110|+ -            281 1064at2085           -            350   1.7e-15   52.2   4.0   2   2   4.6e-08   9.1e-07   23.5   0.3   157   245   179   266   137   277 0.72 NZ_CP058578.1_703 # 896268 # 897110 # 1 # ID=1_703;partial=00;start_type=GTG;rbs_motif=None;rbs_spacer=None;gc_cont=0.257
NZ_CP058578.1:843346-844956|+ -            537 1064at2085           -            350   1.2e-13   46.2   6.0   1   2   9.5e-11   1.9e-09   32.4   2.2     2   126   334   461   333   463 0.75 NZ_CP058578.1_667 # 843346 # 844956 # 1 # ID=1_667;partial=00;start_type=ATG;rbs_motif=GGA/GAG/AGG;rbs_spacer=5-10bp;gc_cont=0.189
NZ_CP058578.1:843346-844956|+ -            537 1064at2085           -            350   1.2e-13   46.2   6.0   2   2   4.8e-06   9.6e-05   16.9   0.3   171   250   457   534   431   536 0.71 NZ_CP058578.1_667 # 843346 # 844956 # 1 # ID=1_667;partial=00;start_type=ATG;rbs_motif=GGA/GAG/AGG;rbs_spacer=5-10bp;gc_cont=0.189
NZ_CP058578.1:836672-838282|+ -            537 1064at2085           -            350   2.4e-13   45.1   0.2   1   2   3.2e-10   6.4e-09   30.6   0.1     2    72   334   406   333   433 0.84 NZ_CP058578.1_664 # 836672 # 838282 # 1 # ID=1_664;partial=00;start_type=ATG;rbs_motif=AGGA;rbs_spacer=5-10bp;gc_cont=0.237
NZ_CP058578.1:836672-838282|+ -            537 1064at2085           -            350   2.4e-13   45.1   0.2   2   2   0.00017    0.0034   11.8   0.0   174   231   460   514   440   535 0.72 NZ_CP058578.1_664 # 836672 # 838282 # 1 # ID=1_664;partial=00;start_type=ATG;rbs_motif=AGGA;rbs_spacer=5-10bp;gc_cont=0.237
NZ_CP058578.1:193267-195306|- -            680 1064at2085           -            350   1.3e-09   32.9   4.7   1   3       3.3        66   -2.3   0.1    67    86   112   131    77   143 0.70 NZ_CP058578.1_161 # 193267 # 195306 # -1 # ID=1_161;partial=00;start_type=ATG;rbs_motif=None;rbs_spacer=None;gc_cont=0.247
NZ_CP058578.1:193267-195306|- -            680 1064at2085           -            350   1.3e-09   32.9   4.7   2   3   9.6e-06   0.00019   15.9   0.5     2    94   470   561   469   584 0.80 NZ_CP058578.1_161 # 193267 # 195306 # -1 # ID=1_161;partial=00;start_type=ATG;rbs_motif=None;rbs_spacer=None;gc_cont=0.247
NZ_CP058578.1:193267-195306|- -            680 1064at2085           -            350   1.3e-09   32.9   4.7   3   3   2.6e-06   5.2e-05   17.8   0.1   165   239   589   661   568   666 0.88 NZ_CP058578.1_161 # 193267 # 195306 # -1 # ID=1_161;partial=00;start_type=ATG;rbs_motif=None;rbs_spacer=None;gc_cont=0.247
#
# Program:         hmmsearch
# Version:         3.4 (Aug 2023)
# Pipeline mode:   SEARCH
# Query file:      /home/bryan/Documentos/GitHub/Project_doctoral/IMPLEMENTACAO/Genomes/M_hyopneumoniae/strains/ES2L/Use/busco_downloads/lineages/mycoplasmatales_odb10/hmms/1064at2085.hmm
# Target file:     /home/bryan/Documentos/GitHub/Project_doctoral/IMPLEMENTACAO/Genomes/M_hyopneumoniae/strains/ES2L/Use/busco_complete/prodigal_output/predicted_genes/predicted.faa
# Option settings: hmmsearch --domtblout /home/bryan/Documentos/GitHub/Project_doctoral/IMPLEMENTACAO/Genomes/M_hyopneumoniae/strains/ES2L/Use/busco_complete/run_mycoplasmatales_odb10/hmmer_output/1064at2085.out --cpu 1 /home/bryan/Documentos/GitHub/Project_doctoral/IMPLEMENTACAO/Genomes/M_hyopneumoniae/strains/ES2L/Use/busco_downloads/lineages/mycoplasmatales_odb10/hmms/1064at2085.hmm /home/bryan/Documentos/GitHub/Project_doctoral/IMPLEMENTACAO/Genomes/M_hyopneumoniae/strains/ES2L/Use/busco_complete/prodigal_output/predicted_genes/predicted.faa 
# Current dir:     /home/bryan/Documentos/GitHub/Project_doctoral/IMPLEMENTACAO/Genomes/M_hyopneumoniae/strains/ES2L/Use
# Date:            Sun Dec  1 19:01:43 2024
# [ok]
