#                                                                                     --- full sequence --- -------------- this domain -------------   hmm coord   ali coord   env coord
# target name                 accession   tlen query name           accession   qlen   E-value  score  bias   #  of  c-Evalue  i-Evalue  score  bias  from    to  from    to  from    to  acc description of target
#         ------------------- ---------- ----- -------------------- ---------- ----- --------- ------ ----- --- --- --------- --------- ------ ----- ----- ----- ----- ----- ----- ----- ---- ---------------------
NZ_CP058578.1:90280-91581|+   -            434 1140at2085           -            348  3.5e-118  389.8  10.4   1   1  5.9e-120  7.1e-118  388.8  10.4     1   346     5   429     5   431 0.85 NZ_CP058578.1_71 # 90280 # 91581 # 1 # ID=1_71;partial=00;start_type=ATG;rbs_motif=3Base/5BMM;rbs_spacer=13-15bp;gc_cont=0.297
NZ_CP058578.1:234716-236044|- -            443 1140at2085           -            348   1.1e-22   75.7   4.7   1   1   3.4e-24   4.1e-22   73.9   4.7   130   301   217   389   212   399 0.77 NZ_CP058578.1_211 # 234716 # 236044 # -1 # ID=1_211;partial=00;start_type=TTG;rbs_motif=AGGAG;rbs_spacer=5-10bp;gc_cont=0.312
NZ_CP058578.1:191159-192040|- -            294 1140at2085           -            348   6.8e-13   43.5   2.6   1   1   1.2e-14   1.4e-12   42.5   2.2     1   103     9   124     9   138 0.74 NZ_CP058578.1_157 # 191159 # 192040 # -1 # ID=1_157;partial=00;start_type=ATG;rbs_motif=None;rbs_spacer=None;gc_cont=0.293
NZ_CP058578.1:110152-110943|+ -            264 1140at2085           -            348   6.9e-10   33.6   6.1   1   2    0.0004     0.048    7.8   3.0   203   279    15   104     3   110 0.68 NZ_CP058578.1_88 # 110152 # 110943 # 1 # ID=1_88;partial=00;start_type=ATG;rbs_motif=GGA/GAG/AGG;rbs_spacer=3-4bp;gc_cont=0.266
NZ_CP058578.1:110152-110943|+ -            264 1140at2085           -            348   6.9e-10   33.6   6.1   2   2   7.8e-10   9.3e-08   26.6   0.1     3    60   115   173   113   191 0.85 NZ_CP058578.1_88 # 110152 # 110943 # 1 # ID=1_88;partial=00;start_type=ATG;rbs_motif=GGA/GAG/AGG;rbs_spacer=3-4bp;gc_cont=0.266
NZ_CP058578.1:569027-569623|- -            199 1140at2085           -            348   1.1e-07   26.4   2.8   1   1   8.4e-09     1e-06   23.2   2.8   131   271    39   195    13   198 0.56 NZ_CP058578.1_465 # 569027 # 569623 # -1 # ID=1_465;partial=00;start_type=ATG;rbs_motif=None;rbs_spacer=None;gc_cont=0.295
NZ_CP058578.1:187980-188837|- -            286 1140at2085           -            348   0.00041   14.7   8.7   1   2    0.0041      0.49    4.5   1.8   185   237    66   120    44   156 0.68 NZ_CP058578.1_153 # 187980 # 188837 # -1 # ID=1_153;partial=00;start_type=ATG;rbs_motif=3Base/5BMM;rbs_spacer=13-15bp;gc_cont=0.281
NZ_CP058578.1:187980-188837|- -            286 1140at2085           -            348   0.00041   14.7   8.7   2   2   4.6e-06   0.00055   14.3   0.7     3    62   157   224   155   233 0.71 NZ_CP058578.1_153 # 187980 # 188837 # -1 # ID=1_153;partial=00;start_type=ATG;rbs_motif=3Base/5BMM;rbs_spacer=13-15bp;gc_cont=0.281
#
# Program:         hmmsearch
# Version:         3.4 (Aug 2023)
# Pipeline mode:   SEARCH
# Query file:      /home/bryan/Documentos/GitHub/Project_doctoral/IMPLEMENTACAO/Genomes/M_hyopneumoniae/strains/ES2L/Use/busco_downloads/lineages/mycoplasmatales_odb10/hmms/1140at2085.hmm
# Target file:     /home/bryan/Documentos/GitHub/Project_doctoral/IMPLEMENTACAO/Genomes/M_hyopneumoniae/strains/ES2L/Use/busco_complete/prodigal_output/predicted_genes/predicted.faa
# Option settings: hmmsearch --domtblout /home/bryan/Documentos/GitHub/Project_doctoral/IMPLEMENTACAO/Genomes/M_hyopneumoniae/strains/ES2L/Use/busco_complete/run_mycoplasmatales_odb10/hmmer_output/1140at2085.out --cpu 1 /home/bryan/Documentos/GitHub/Project_doctoral/IMPLEMENTACAO/Genomes/M_hyopneumoniae/strains/ES2L/Use/busco_downloads/lineages/mycoplasmatales_odb10/hmms/1140at2085.hmm /home/bryan/Documentos/GitHub/Project_doctoral/IMPLEMENTACAO/Genomes/M_hyopneumoniae/strains/ES2L/Use/busco_complete/prodigal_output/predicted_genes/predicted.faa 
# Current dir:     /home/bryan/Documentos/GitHub/Project_doctoral/IMPLEMENTACAO/Genomes/M_hyopneumoniae/strains/ES2L/Use
# Date:            Sun Dec  1 19:01:43 2024
# [ok]
