#                                                                                     --- full sequence --- -------------- this domain -------------   hmm coord   ali coord   env coord
# target name                 accession   tlen query name           accession   qlen   E-value  score  bias   #  of  c-Evalue  i-Evalue  score  bias  from    to  from    to  from    to  acc description of target
#         ------------------- ---------- ----- -------------------- ---------- ----- --------- ------ ----- --- --- --------- --------- ------ ----- ----- ----- ----- ----- ----- ----- ---- ---------------------
NZ_CP058578.1:691497-695906|- -           1470 56at2085             -           1080         0 1366.1  30.1   1   2       1.1     4e+02   -6.2   2.2   139   221    57   137    37   143 0.72 NZ_CP058578.1_554 # 691497 # 695906 # -1 # ID=1_554;partial=00;start_type=ATG;rbs_motif=AGGAG;rbs_spacer=5-10bp;gc_cont=0.300
NZ_CP058578.1:691497-695906|- -           1470 56at2085             -           1080         0 1366.1  30.1   2   2         0         0 1366.1  30.1    49  1080   318  1468   288  1468 0.89 NZ_CP058578.1_554 # 691497 # 695906 # -1 # ID=1_554;partial=00;start_type=ATG;rbs_motif=AGGAG;rbs_spacer=5-10bp;gc_cont=0.300
NZ_CP058578.1:770922-773879|- -            986 56at2085             -           1080   1.5e-27   91.2  38.4   1   7   4.1e-08   1.5e-05   18.4   0.0    54   118     4    69     1    76 0.92 NZ_CP058578.1_619 # 770922 # 773879 # -1 # ID=1_619;partial=00;start_type=ATG;rbs_motif=None;rbs_spacer=None;gc_cont=0.288
NZ_CP058578.1:770922-773879|- -            986 56at2085             -           1080   1.5e-27   91.2  38.4   2   7   1.3e-14   4.5e-12   40.0   3.2   347   566    99   320    75   324 0.74 NZ_CP058578.1_619 # 770922 # 773879 # -1 # ID=1_619;partial=00;start_type=ATG;rbs_motif=None;rbs_spacer=None;gc_cont=0.288
NZ_CP058578.1:770922-773879|- -            986 56at2085             -           1080   1.5e-27   91.2  38.4   3   7     1e-05    0.0037   10.5   0.1   606   680   323   397   321   403 0.91 NZ_CP058578.1_619 # 770922 # 773879 # -1 # ID=1_619;partial=00;start_type=ATG;rbs_motif=None;rbs_spacer=None;gc_cont=0.288
NZ_CP058578.1:770922-773879|- -            986 56at2085             -           1080   1.5e-27   91.2  38.4   4   7    0.0015      0.52    3.4   0.1   674   754   437   512   426   547 0.78 NZ_CP058578.1_619 # 770922 # 773879 # -1 # ID=1_619;partial=00;start_type=ATG;rbs_motif=None;rbs_spacer=None;gc_cont=0.288
NZ_CP058578.1:770922-773879|- -            986 56at2085             -           1080   1.5e-27   91.2  38.4   5   7    0.0095       3.4    0.7   0.7   296   374   588   668   582   684 0.77 NZ_CP058578.1_619 # 770922 # 773879 # -1 # ID=1_619;partial=00;start_type=ATG;rbs_motif=None;rbs_spacer=None;gc_cont=0.288
NZ_CP058578.1:770922-773879|- -            986 56at2085             -           1080   1.5e-27   91.2  38.4   6   7   3.3e-07   0.00012   15.4   8.2   906   945   684   723   670   737 0.83 NZ_CP058578.1_619 # 770922 # 773879 # -1 # ID=1_619;partial=00;start_type=ATG;rbs_motif=None;rbs_spacer=None;gc_cont=0.288
NZ_CP058578.1:770922-773879|- -            986 56at2085             -           1080   1.5e-27   91.2  38.4   7   7   2.1e-08   7.5e-06   19.4   0.3   987  1065   734   814   724   830 0.80 NZ_CP058578.1_619 # 770922 # 773879 # -1 # ID=1_619;partial=00;start_type=ATG;rbs_motif=None;rbs_spacer=None;gc_cont=0.288
#
# Program:         hmmsearch
# Version:         3.4 (Aug 2023)
# Pipeline mode:   SEARCH
# Query file:      /home/bryan/Documentos/GitHub/Project_doctoral/IMPLEMENTACAO/Genomes/M_hyopneumoniae/strains/ES2L/Use/busco_downloads/lineages/mycoplasmatales_odb10/hmms/56at2085.hmm
# Target file:     /home/bryan/Documentos/GitHub/Project_doctoral/IMPLEMENTACAO/Genomes/M_hyopneumoniae/strains/ES2L/Use/busco_complete/prodigal_output/predicted_genes/predicted.faa
# Option settings: hmmsearch --domtblout /home/bryan/Documentos/GitHub/Project_doctoral/IMPLEMENTACAO/Genomes/M_hyopneumoniae/strains/ES2L/Use/busco_complete/run_mycoplasmatales_odb10/hmmer_output/56at2085.out --cpu 1 /home/bryan/Documentos/GitHub/Project_doctoral/IMPLEMENTACAO/Genomes/M_hyopneumoniae/strains/ES2L/Use/busco_downloads/lineages/mycoplasmatales_odb10/hmms/56at2085.hmm /home/bryan/Documentos/GitHub/Project_doctoral/IMPLEMENTACAO/Genomes/M_hyopneumoniae/strains/ES2L/Use/busco_complete/prodigal_output/predicted_genes/predicted.faa 
# Current dir:     /home/bryan/Documentos/GitHub/Project_doctoral/IMPLEMENTACAO/Genomes/M_hyopneumoniae/strains/ES2L/Use
# Date:            Sun Dec  1 19:01:51 2024
# [ok]
