#                                                                                     --- full sequence --- -------------- this domain -------------   hmm coord   ali coord   env coord
# target name                 accession   tlen query name           accession   qlen   E-value  score  bias   #  of  c-Evalue  i-Evalue  score  bias  from    to  from    to  from    to  acc description of target
#         ------------------- ---------- ----- -------------------- ---------- ----- --------- ------ ----- --- --- --------- --------- ------ ----- ----- ----- ----- ----- ----- ----- ---- ---------------------
NZ_CP058578.1:232429-233895|+ -            489 759at2085            -            394  3.8e-157  518.5  11.1   1   2     0.017       2.5    2.1   0.1     1    19     3    21     3    25 0.90 NZ_CP058578.1_209 # 232429 # 233895 # 1 # ID=1_209;partial=00;start_type=ATG;rbs_motif=GGA/GAG/AGG;rbs_spacer=11-12bp;gc_cont=0.313
NZ_CP058578.1:232429-233895|+ -            489 759at2085            -            394  3.8e-157  518.5  11.1   2   2  3.5e-159    5e-157  518.1   6.7    11   394    44   484    34   484 0.87 NZ_CP058578.1_209 # 232429 # 233895 # 1 # ID=1_209;partial=00;start_type=ATG;rbs_motif=GGA/GAG/AGG;rbs_spacer=11-12bp;gc_cont=0.313
NZ_CP058578.1:281722-283425|+ -            568 759at2085            -            394     2e-25   84.7   1.6   1   2   1.6e-15   2.2e-13   45.1   1.2    83   235   116   270    33   284 0.83 NZ_CP058578.1_242 # 281722 # 283425 # 1 # ID=1_242;partial=00;start_type=ATG;rbs_motif=GGA/GAG/AGG;rbs_spacer=5-10bp;gc_cont=0.323
NZ_CP058578.1:281722-283425|+ -            568 759at2085            -            394     2e-25   84.7   1.6   2   2   2.1e-13     3e-11   38.1   0.0   354   391   498   535   428   537 0.92 NZ_CP058578.1_242 # 281722 # 283425 # 1 # ID=1_242;partial=00;start_type=ATG;rbs_motif=GGA/GAG/AGG;rbs_spacer=5-10bp;gc_cont=0.323
NZ_CP058578.1:510213-511562|+ -            450 759at2085            -            394   2.4e-20   68.0   4.4   1   1   2.6e-22   3.7e-20   67.4   4.4    87   392   124   442    86   444 0.81 NZ_CP058578.1_432 # 510213 # 511562 # 1 # ID=1_432;partial=00;start_type=ATG;rbs_motif=None;rbs_spacer=None;gc_cont=0.323
NZ_CP058578.1:642752-643342|- -            197 759at2085            -            394   2.1e-05   18.8   0.0   1   2     0.041       5.9    0.9   0.0    72   126    44   100    40   106 0.72 NZ_CP058578.1_519 # 642752 # 643342 # -1 # ID=1_519;partial=00;start_type=ATG;rbs_motif=None;rbs_spacer=None;gc_cont=0.245
NZ_CP058578.1:642752-643342|- -            197 759at2085            -            394   2.1e-05   18.8   0.0   2   2   1.3e-06   0.00019   15.7   0.0   353   391   149   187   125   189 0.81 NZ_CP058578.1_519 # 642752 # 643342 # -1 # ID=1_519;partial=00;start_type=ATG;rbs_motif=None;rbs_spacer=None;gc_cont=0.245
NZ_CP058578.1:322312-322992|+ -            227 759at2085            -            394   0.00042   14.6   0.2   1   2   3.7e-05    0.0053   10.9   0.0   167   218    87   139    76   152 0.80 NZ_CP058578.1_273 # 322312 # 322992 # 1 # ID=1_273;partial=00;start_type=ATG;rbs_motif=GGA/GAG/AGG;rbs_spacer=11-12bp;gc_cont=0.301
NZ_CP058578.1:322312-322992|+ -            227 759at2085            -            394   0.00042   14.6   0.2   2   2     0.027       3.9    1.5   0.0   367   386   194   213   188   216 0.85 NZ_CP058578.1_273 # 322312 # 322992 # 1 # ID=1_273;partial=00;start_type=ATG;rbs_motif=GGA/GAG/AGG;rbs_spacer=11-12bp;gc_cont=0.301
#
# Program:         hmmsearch
# Version:         3.4 (Aug 2023)
# Pipeline mode:   SEARCH
# Query file:      /home/bryan/Documentos/GitHub/Project_doctoral/IMPLEMENTACAO/Genomes/M_hyopneumoniae/strains/ES2L/Use/busco_downloads/lineages/mycoplasmatales_odb10/hmms/759at2085.hmm
# Target file:     /home/bryan/Documentos/GitHub/Project_doctoral/IMPLEMENTACAO/Genomes/M_hyopneumoniae/strains/ES2L/Use/busco_complete/prodigal_output/predicted_genes/predicted.faa
# Option settings: hmmsearch --domtblout /home/bryan/Documentos/GitHub/Project_doctoral/IMPLEMENTACAO/Genomes/M_hyopneumoniae/strains/ES2L/Use/busco_complete/run_mycoplasmatales_odb10/hmmer_output/759at2085.out --cpu 1 /home/bryan/Documentos/GitHub/Project_doctoral/IMPLEMENTACAO/Genomes/M_hyopneumoniae/strains/ES2L/Use/busco_downloads/lineages/mycoplasmatales_odb10/hmms/759at2085.hmm /home/bryan/Documentos/GitHub/Project_doctoral/IMPLEMENTACAO/Genomes/M_hyopneumoniae/strains/ES2L/Use/busco_complete/prodigal_output/predicted_genes/predicted.faa 
# Current dir:     /home/bryan/Documentos/GitHub/Project_doctoral/IMPLEMENTACAO/Genomes/M_hyopneumoniae/strains/ES2L/Use
# Date:            Sun Dec  1 19:01:51 2024
# [ok]
