#                                                                                     --- full sequence --- -------------- this domain -------------   hmm coord   ali coord   env coord
# target name                 accession   tlen query name           accession   qlen   E-value  score  bias   #  of  c-Evalue  i-Evalue  score  bias  from    to  from    to  from    to  acc description of target
#         ------------------- ---------- ----- -------------------- ---------- ----- --------- ------ ----- --- --- --------- --------- ------ ----- ----- ----- ----- ----- ----- ----- ---- ---------------------
NZ_CP157277.1:164608-166647|+ -            680 1371at2085           -            438   2.1e-84  279.0 109.8   1   5   2.2e-32   1.1e-30  102.0   7.3     1   103    21   133    21   135 0.93 NZ_CP157277.1_147 # 164608 # 166647 # 1 # ID=1_147;partial=00;start_type=ATG;rbs_motif=None;rbs_spacer=None;gc_cont=0.247
NZ_CP157277.1:164608-166647|+ -            680 1371at2085           -            438   2.1e-84  279.0 109.8   2   5   6.3e-27     3e-25   84.0  36.3   102   261   158   335   144   348 0.83 NZ_CP157277.1_147 # 164608 # 166647 # 1 # ID=1_147;partial=00;start_type=ATG;rbs_motif=None;rbs_spacer=None;gc_cont=0.247
NZ_CP157277.1:164608-166647|+ -            680 1371at2085           -            438   2.1e-84  279.0 109.8   3   5      0.82        40   -2.0   6.9   161   228   339   406   331   407 0.73 NZ_CP157277.1_147 # 164608 # 166647 # 1 # ID=1_147;partial=00;start_type=ATG;rbs_motif=None;rbs_spacer=None;gc_cont=0.247
NZ_CP157277.1:164608-166647|+ -            680 1371at2085           -            438   2.1e-84  279.0 109.8   4   5   1.6e-08   7.7e-07   23.4  19.9   269   372   408   552   405   559 0.75 NZ_CP157277.1_147 # 164608 # 166647 # 1 # ID=1_147;partial=00;start_type=ATG;rbs_motif=None;rbs_spacer=None;gc_cont=0.247
NZ_CP157277.1:164608-166647|+ -            680 1371at2085           -            438   2.1e-84  279.0 109.8   5   5   4.6e-28   2.2e-26   87.8  11.6   349   438   573   663   567   663 0.83 NZ_CP157277.1_147 # 164608 # 166647 # 1 # ID=1_147;partial=00;start_type=ATG;rbs_motif=None;rbs_spacer=None;gc_cont=0.247
NZ_CP157277.1:24881-27208|-   -            776 1371at2085           -            438   2.6e-12   41.4   7.9   1   4      0.46        22   -1.2   0.3   333   345    38    50     4    53 0.80 NZ_CP157277.1_22 # 24881 # 27208 # -1 # ID=1_22;partial=00;start_type=ATG;rbs_motif=None;rbs_spacer=None;gc_cont=0.267
NZ_CP157277.1:24881-27208|-   -            776 1371at2085           -            438   2.6e-12   41.4   7.9   2   4   5.4e-14   2.6e-12   41.4   7.9   340   437    90   187    82   188 0.88 NZ_CP157277.1_22 # 24881 # 27208 # -1 # ID=1_22;partial=00;start_type=ATG;rbs_motif=None;rbs_spacer=None;gc_cont=0.267
NZ_CP157277.1:24881-27208|-   -            776 1371at2085           -            438   2.6e-12   41.4   7.9   3   4         6   2.9e+02   -4.9   4.5   270   292   346   368   306   464 0.58 NZ_CP157277.1_22 # 24881 # 27208 # -1 # ID=1_22;partial=00;start_type=ATG;rbs_motif=None;rbs_spacer=None;gc_cont=0.267
NZ_CP157277.1:24881-27208|-   -            776 1371at2085           -            438   2.6e-12   41.4   7.9   4   4     0.038       1.8    2.4   3.6    83   122   723   763   713   775 0.82 NZ_CP157277.1_22 # 24881 # 27208 # -1 # ID=1_22;partial=00;start_type=ATG;rbs_motif=None;rbs_spacer=None;gc_cont=0.267
NZ_CP157277.1:268273-269802|+ -            510 1371at2085           -            438   3.2e-10   34.5   7.6   1   3   2.7e-08   1.3e-06   22.6   0.7   377   431   151   206   148   213 0.87 NZ_CP157277.1_233 # 268273 # 269802 # 1 # ID=1_233;partial=00;start_type=TTG;rbs_motif=AGGAGG;rbs_spacer=5-10bp;gc_cont=0.319
NZ_CP157277.1:268273-269802|+ -            510 1371at2085           -            438   3.2e-10   34.5   7.6   2   3      0.38        18   -0.9   1.0   279   313   363   397   357   405 0.63 NZ_CP157277.1_233 # 268273 # 269802 # 1 # ID=1_233;partial=00;start_type=TTG;rbs_motif=AGGAGG;rbs_spacer=5-10bp;gc_cont=0.319
NZ_CP157277.1:268273-269802|+ -            510 1371at2085           -            438   3.2e-10   34.5   7.6   3   3   1.3e-05   0.00063   13.8   0.0   377   432   409   465   400   470 0.91 NZ_CP157277.1_233 # 268273 # 269802 # 1 # ID=1_233;partial=00;start_type=TTG;rbs_motif=AGGAGG;rbs_spacer=5-10bp;gc_cont=0.319
NZ_CP157277.1:597756-598472|- -            239 1371at2085           -            438     4e-10   34.2   2.3   1   2     0.036       1.7    2.4   1.2   333   374    43    90     6    95 0.76 NZ_CP157277.1_468 # 597756 # 598472 # -1 # ID=1_468;partial=00;start_type=ATG;rbs_motif=AGGA;rbs_spacer=5-10bp;gc_cont=0.271
NZ_CP157277.1:597756-598472|- -            239 1371at2085           -            438     4e-10   34.2   2.3   2   2   8.2e-12     4e-10   34.2   2.3   374   435   131   194   111   196 0.83 NZ_CP157277.1_468 # 597756 # 598472 # -1 # ID=1_468;partial=00;start_type=ATG;rbs_motif=AGGA;rbs_spacer=5-10bp;gc_cont=0.271
NZ_CP157277.1:873120-874733|+ -            538 1371at2085           -            438   1.1e-08   29.5   4.4   1   4      0.72        35   -1.9  33.7   104   292     9   216     2   233 0.63 NZ_CP157277.1_660 # 873120 # 874733 # 1 # ID=1_660;partial=00;start_type=ATG;rbs_motif=GGAG/GAGG;rbs_spacer=5-10bp;gc_cont=0.260
NZ_CP157277.1:873120-874733|+ -            538 1371at2085           -            438   1.1e-08   29.5   4.4   2   4       2.3   1.1e+02   -3.5  23.5    95   199   233   338   216   350 0.74 NZ_CP157277.1_660 # 873120 # 874733 # 1 # ID=1_660;partial=00;start_type=ATG;rbs_motif=GGAG/GAGG;rbs_spacer=5-10bp;gc_cont=0.260
NZ_CP157277.1:873120-874733|+ -            538 1371at2085           -            438   1.1e-08   29.5   4.4   3   4     0.018      0.86    3.4   8.3   333   373   361   410   333   451 0.72 NZ_CP157277.1_660 # 873120 # 874733 # 1 # ID=1_660;partial=00;start_type=ATG;rbs_motif=GGAG/GAGG;rbs_spacer=5-10bp;gc_cont=0.260
NZ_CP157277.1:873120-874733|+ -            538 1371at2085           -            438   1.1e-08   29.5   4.4   4   4   2.3e-10   1.1e-08   29.5   4.4   367   431   443   508   428   514 0.82 NZ_CP157277.1_660 # 873120 # 874733 # 1 # ID=1_660;partial=00;start_type=ATG;rbs_motif=GGAG/GAGG;rbs_spacer=5-10bp;gc_cont=0.260
NZ_CP157277.1:573590-574486|- -            299 1371at2085           -            438   3.6e-08   27.7   0.1   1   3       1.6        75   -3.0   0.2   162   212    27    77    13    81 0.66 NZ_CP157277.1_451 # 573590 # 574486 # -1 # ID=1_451;partial=00;start_type=GTG;rbs_motif=AGGAG;rbs_spacer=5-10bp;gc_cont=0.352
NZ_CP157277.1:573590-574486|- -            299 1371at2085           -            438   3.6e-08   27.7   0.1   2   3      0.22        10   -0.1   0.2   333   356   101   130    94   156 0.68 NZ_CP157277.1_451 # 573590 # 574486 # -1 # ID=1_451;partial=00;start_type=GTG;rbs_motif=AGGAG;rbs_spacer=5-10bp;gc_cont=0.352
NZ_CP157277.1:573590-574486|- -            299 1371at2085           -            438   3.6e-08   27.7   0.1   3   3   7.5e-10   3.6e-08   27.7   0.1   369   435   189   258   138   261 0.83 NZ_CP157277.1_451 # 573590 # 574486 # -1 # ID=1_451;partial=00;start_type=GTG;rbs_motif=AGGAG;rbs_spacer=5-10bp;gc_cont=0.352
NZ_CP157277.1:439955-440725|+ -            257 1371at2085           -            438     4e-08   27.6   0.5   1   2   8.2e-10     4e-08   27.6   0.5   370   435   145   213   140   216 0.83 NZ_CP157277.1_365 # 439955 # 440725 # 1 # ID=1_365;partial=00;start_type=ATG;rbs_motif=None;rbs_spacer=None;gc_cont=0.266
NZ_CP157277.1:439955-440725|+ -            257 1371at2085           -            438     4e-08   27.6   0.5   2   2     0.039       1.9    2.3   1.3   233   273   206   246   204   250 0.87 NZ_CP157277.1_365 # 439955 # 440725 # 1 # ID=1_365;partial=00;start_type=ATG;rbs_motif=None;rbs_spacer=None;gc_cont=0.266
NZ_CP157277.1:662129-663667|+ -            513 1371at2085           -            438   4.2e-08   27.5  21.6   1   4      0.13       6.5    0.5   0.1   333   344    43    54     9    56 0.94 NZ_CP157277.1_511 # 662129 # 663667 # 1 # ID=1_511;partial=00;start_type=TTG;rbs_motif=AGGA;rbs_spacer=5-10bp;gc_cont=0.320
NZ_CP157277.1:662129-663667|+ -            513 1371at2085           -            438   4.2e-08   27.5  21.6   2   4   1.8e-07   8.8e-06   19.9   0.6   378   436   144   204   136   206 0.90 NZ_CP157277.1_511 # 662129 # 663667 # 1 # ID=1_511;partial=00;start_type=TTG;rbs_motif=AGGA;rbs_spacer=5-10bp;gc_cont=0.320
NZ_CP157277.1:662129-663667|+ -            513 1371at2085           -            438   4.2e-08   27.5  21.6   3   4      0.13       6.5    0.5   5.7   274   324   356   406   324   407 0.82 NZ_CP157277.1_511 # 662129 # 663667 # 1 # ID=1_511;partial=00;start_type=TTG;rbs_motif=AGGA;rbs_spacer=5-10bp;gc_cont=0.320
NZ_CP157277.1:662129-663667|+ -            513 1371at2085           -            438   4.2e-08   27.5  21.6   4   4   7.2e-05    0.0035   11.3  10.3   338   431   372   465   359   471 0.74 NZ_CP157277.1_511 # 662129 # 663667 # 1 # ID=1_511;partial=00;start_type=TTG;rbs_motif=AGGA;rbs_spacer=5-10bp;gc_cont=0.320
NZ_CP157277.1:306033-306851|+ -            273 1371at2085           -            438   2.7e-07   24.9   5.2   1   2     0.057       2.7    1.8   1.7   318   354    27    68     1    93 0.55 NZ_CP157277.1_264 # 306033 # 306851 # 1 # ID=1_264;partial=00;start_type=ATG;rbs_motif=GGA/GAG/AGG;rbs_spacer=5-10bp;gc_cont=0.302
NZ_CP157277.1:306033-306851|+ -            273 1371at2085           -            438   2.7e-07   24.9   5.2   2   2   1.4e-08   6.9e-07   23.5   0.1   367   436   126   198   107   199 0.86 NZ_CP157277.1_264 # 306033 # 306851 # 1 # ID=1_264;partial=00;start_type=ATG;rbs_motif=GGA/GAG/AGG;rbs_spacer=5-10bp;gc_cont=0.302
NZ_CP157277.1:871529-873127|+ -            533 1371at2085           -            438   5.7e-07   23.8   2.8   1   2      0.67        33   -1.8  40.4   102   316    13   240     3   244 0.63 NZ_CP157277.1_659 # 871529 # 873127 # 1 # ID=1_659;partial=00;start_type=ATG;rbs_motif=AGGAGG;rbs_spacer=5-10bp;gc_cont=0.253
NZ_CP157277.1:871529-873127|+ -            533 1371at2085           -            438   5.7e-07   23.8   2.8   2   2   1.2e-08   5.7e-07   23.8   2.8   374   435   450   511   419   513 0.84 NZ_CP157277.1_659 # 871529 # 873127 # 1 # ID=1_659;partial=00;start_type=ATG;rbs_motif=AGGAGG;rbs_spacer=5-10bp;gc_cont=0.253
NZ_CP157277.1:704214-705548|- -            445 1371at2085           -            438     1e-06   23.0   7.7   1   3    0.0071      0.35    4.7   0.0   333   358    47    78    44    91 0.84 NZ_CP157277.1_540 # 704214 # 705548 # -1 # ID=1_540;partial=00;start_type=ATG;rbs_motif=GGA/GAG/AGG;rbs_spacer=11-12bp;gc_cont=0.303
NZ_CP157277.1:704214-705548|- -            445 1371at2085           -            438     1e-06   23.0   7.7   2   3       4.5   2.2e+02   -4.5   1.8   152   182   127   158   122   168 0.61 NZ_CP157277.1_540 # 704214 # 705548 # -1 # ID=1_540;partial=00;start_type=ATG;rbs_motif=GGA/GAG/AGG;rbs_spacer=11-12bp;gc_cont=0.303
NZ_CP157277.1:704214-705548|- -            445 1371at2085           -            438     1e-06   23.0   7.7   3   3   4.1e-08     2e-06   22.0   0.2   376   436   229   292   201   293 0.82 NZ_CP157277.1_540 # 704214 # 705548 # -1 # ID=1_540;partial=00;start_type=ATG;rbs_motif=GGA/GAG/AGG;rbs_spacer=11-12bp;gc_cont=0.303
NZ_CP157277.1:821834-822499|+ -            222 1371at2085           -            438   1.8e-06   22.2   2.4   1   2     0.034       1.6    2.5   7.4   333   375    55   107    47   119 0.77 NZ_CP157277.1_625 # 821834 # 822499 # 1 # ID=1_625;partial=00;start_type=TTG;rbs_motif=GGA/GAG/AGG;rbs_spacer=5-10bp;gc_cont=0.278
NZ_CP157277.1:821834-822499|+ -            222 1371at2085           -            438   1.8e-06   22.2   2.4   2   2   3.6e-08   1.8e-06   22.2   2.4   366   423   136   195   122   208 0.77 NZ_CP157277.1_625 # 821834 # 822499 # 1 # ID=1_625;partial=00;start_type=TTG;rbs_motif=GGA/GAG/AGG;rbs_spacer=5-10bp;gc_cont=0.278
NZ_CP157277.1:817990-819600|+ -            537 1371at2085           -            438   1.3e-05   19.3   0.9   1   2       0.3        15   -0.6  56.2    97   311    20   244     2   247 0.66 NZ_CP157277.1_623 # 817990 # 819600 # 1 # ID=1_623;partial=00;start_type=ATG;rbs_motif=AGGA;rbs_spacer=5-10bp;gc_cont=0.235
NZ_CP157277.1:817990-819600|+ -            537 1371at2085           -            438   1.3e-05   19.3   0.9   2   2   2.8e-07   1.3e-05   19.3   0.9   375   434   461   521   445   524 0.88 NZ_CP157277.1_623 # 817990 # 819600 # 1 # ID=1_623;partial=00;start_type=ATG;rbs_motif=AGGA;rbs_spacer=5-10bp;gc_cont=0.235
NZ_CP157277.1:819611-821224|+ -            538 1371at2085           -            438   5.8e-05   17.2   7.1   1   3   0.00027     0.013    9.4  41.7    99   266    11   191     8   196 0.67 NZ_CP157277.1_624 # 819611 # 821224 # 1 # ID=1_624;partial=00;start_type=ATG;rbs_motif=AGGAGG;rbs_spacer=5-10bp;gc_cont=0.237
NZ_CP157277.1:819611-821224|+ -            538 1371at2085           -            438   5.8e-05   17.2   7.1   2   3       0.1       4.9    0.9  35.6   168   373   205   421   183   431 0.81 NZ_CP157277.1_624 # 819611 # 821224 # 1 # ID=1_624;partial=00;start_type=ATG;rbs_motif=AGGAGG;rbs_spacer=5-10bp;gc_cont=0.237
NZ_CP157277.1:819611-821224|+ -            538 1371at2085           -            438   5.8e-05   17.2   7.1   3   3   1.2e-06   5.8e-05   17.2   7.1   374   434   459   519   439   523 0.79 NZ_CP157277.1_624 # 819611 # 821224 # 1 # ID=1_624;partial=00;start_type=ATG;rbs_motif=AGGAGG;rbs_spacer=5-10bp;gc_cont=0.237
#
# Program:         hmmsearch
# Version:         3.4 (Aug 2023)
# Pipeline mode:   SEARCH
# Query file:      /home/lgef/Documentos/GitHub/Project_doctoral/IMPLEMENTACAO/Genomes/M_hyopneumoniae/MHP_ncbi_dataset/ncbi_dataset/data/strains/116/Use/busco_downloads/lineages/mycoplasmatales_odb10/hmms/1371at2085.hmm
# Target file:     /home/lgef/Documentos/GitHub/Project_doctoral/IMPLEMENTACAO/Genomes/M_hyopneumoniae/MHP_ncbi_dataset/ncbi_dataset/data/strains/116/Use/busco_complete/prodigal_output/predicted_genes/predicted.faa
# Option settings: hmmsearch --domtblout /home/lgef/Documentos/GitHub/Project_doctoral/IMPLEMENTACAO/Genomes/M_hyopneumoniae/MHP_ncbi_dataset/ncbi_dataset/data/strains/116/Use/busco_complete/run_mycoplasmatales_odb10/hmmer_output/1371at2085.out --cpu 1 /home/lgef/Documentos/GitHub/Project_doctoral/IMPLEMENTACAO/Genomes/M_hyopneumoniae/MHP_ncbi_dataset/ncbi_dataset/data/strains/116/Use/busco_downloads/lineages/mycoplasmatales_odb10/hmms/1371at2085.hmm /home/lgef/Documentos/GitHub/Project_doctoral/IMPLEMENTACAO/Genomes/M_hyopneumoniae/MHP_ncbi_dataset/ncbi_dataset/data/strains/116/Use/busco_complete/prodigal_output/predicted_genes/predicted.faa 
# Current dir:     /home/lgef/Documentos/GitHub/Project_doctoral/IMPLEMENTACAO/Genomes/M_hyopneumoniae/MHP_ncbi_dataset/ncbi_dataset/data/strains/116/Use
# Date:            Thu Nov 28 19:22:30 2024
# [ok]
