#                                                                                     --- full sequence --- -------------- this domain -------------   hmm coord   ali coord   env coord
# target name                 accession   tlen query name           accession   qlen   E-value  score  bias   #  of  c-Evalue  i-Evalue  score  bias  from    to  from    to  from    to  acc description of target
#         ------------------- ---------- ----- -------------------- ---------- ----- --------- ------ ----- --- --- --------- --------- ------ ----- ----- ----- ----- ----- ----- ----- ---- ---------------------
NZ_CP157277.1:171075-171932|+ -            286 3843at2085           -            213   7.2e-67  220.3   7.1   1   1   1.5e-68   1.1e-66  219.6   7.1    13   211    37   278    32   280 0.89 NZ_CP157277.1_155 # 171075 # 171932 # 1 # ID=1_155;partial=00;start_type=ATG;rbs_motif=3Base/5BMM;rbs_spacer=13-15bp;gc_cont=0.277
NZ_CP157277.1:167874-168755|+ -            294 3843at2085           -            213   2.4e-07   25.8   5.1   1   2   1.8e-06   0.00014   16.8   0.1   108   172     6    73     1    82 0.73 NZ_CP157277.1_151 # 167874 # 168755 # 1 # ID=1_151;partial=00;start_type=ATG;rbs_motif=None;rbs_spacer=None;gc_cont=0.291
NZ_CP157277.1:167874-168755|+ -            294 3843at2085           -            213   2.4e-07   25.8   5.1   2   2     6e-05    0.0045   11.8   2.5    24   106    66   143    65   155 0.78 NZ_CP157277.1_151 # 167874 # 168755 # 1 # ID=1_151;partial=00;start_type=ATG;rbs_motif=None;rbs_spacer=None;gc_cont=0.291
NZ_CP157277.1:356435-358399|- -            655 3843at2085           -            213   5.7e-06   21.3   0.3   1   3   7.6e-08   5.7e-06   21.3   0.3   104   138    23    57     5   100 0.86 NZ_CP157277.1_306 # 356435 # 358399 # -1 # ID=1_306;partial=00;start_type=ATG;rbs_motif=GGA/GAG/AGG;rbs_spacer=5-10bp;gc_cont=0.246
NZ_CP157277.1:356435-358399|- -            655 3843at2085           -            213   5.7e-06   21.3   0.3   2   3       0.1       7.6    1.3   0.5    72   109   174   212   152   221 0.76 NZ_CP157277.1_306 # 356435 # 358399 # -1 # ID=1_306;partial=00;start_type=ATG;rbs_motif=GGA/GAG/AGG;rbs_spacer=5-10bp;gc_cont=0.246
NZ_CP157277.1:356435-358399|- -            655 3843at2085           -            213   5.7e-06   21.3   0.3   3   3       0.2        15    0.3   0.3    29    94   374   403   346   457 0.62 NZ_CP157277.1_306 # 356435 # 358399 # -1 # ID=1_306;partial=00;start_type=ATG;rbs_motif=GGA/GAG/AGG;rbs_spacer=5-10bp;gc_cont=0.246
NZ_CP157277.1:570561-571157|- -            199 3843at2085           -            213     6e-06   21.2   0.2   1   2   1.7e-07   1.2e-05   20.2   0.0   106   173    35   104    15   115 0.78 NZ_CP157277.1_448 # 570561 # 571157 # -1 # ID=1_448;partial=00;start_type=ATG;rbs_motif=None;rbs_spacer=None;gc_cont=0.296
NZ_CP157277.1:570561-571157|- -            199 3843at2085           -            213     6e-06   21.2   0.2   2   2       1.1        83   -2.1   0.1    76    82   149   155   125   182 0.51 NZ_CP157277.1_448 # 570561 # 571157 # -1 # ID=1_448;partial=00;start_type=ATG;rbs_motif=None;rbs_spacer=None;gc_cont=0.296
NZ_CP157277.1:358476-360758|- -            761 3843at2085           -            213   7.8e-06   20.8   0.7   1   5     1e-07   7.8e-06   20.8   0.7   103   144    22    63     2    98 0.79 NZ_CP157277.1_307 # 358476 # 360758 # -1 # ID=1_307;partial=00;start_type=ATG;rbs_motif=GGA/GAG/AGG;rbs_spacer=5-10bp;gc_cont=0.253
NZ_CP157277.1:358476-360758|- -            761 3843at2085           -            213   7.8e-06   20.8   0.7   2   5       0.6        45   -1.3   0.1    67   106   170   208   134   213 0.73 NZ_CP157277.1_307 # 358476 # 360758 # -1 # ID=1_307;partial=00;start_type=ATG;rbs_motif=GGA/GAG/AGG;rbs_spacer=5-10bp;gc_cont=0.253
NZ_CP157277.1:358476-360758|- -            761 3843at2085           -            213   7.8e-06   20.8   0.7   3   5      0.49        37   -1.0   0.1   147   179   417   449   390   459 0.70 NZ_CP157277.1_307 # 358476 # 360758 # -1 # ID=1_307;partial=00;start_type=ATG;rbs_motif=GGA/GAG/AGG;rbs_spacer=5-10bp;gc_cont=0.253
NZ_CP157277.1:358476-360758|- -            761 3843at2085           -            213   7.8e-06   20.8   0.7   4   5       1.7   1.3e+02   -2.8   0.1    46    75   561   590   523   596 0.76 NZ_CP157277.1_307 # 358476 # 360758 # -1 # ID=1_307;partial=00;start_type=ATG;rbs_motif=GGA/GAG/AGG;rbs_spacer=5-10bp;gc_cont=0.253
NZ_CP157277.1:358476-360758|- -            761 3843at2085           -            213   7.8e-06   20.8   0.7   5   5      0.89        67   -1.8   2.0    48   102   697   751   693   758 0.80 NZ_CP157277.1_307 # 358476 # 360758 # -1 # ID=1_307;partial=00;start_type=ATG;rbs_motif=GGA/GAG/AGG;rbs_spacer=5-10bp;gc_cont=0.253
NZ_CP157277.1:113670-116513|- -            948 3843at2085           -            213   2.9e-05   19.0   2.5   1   2    0.0019      0.14    6.9   0.1   100   125    22    48    10    57 0.77 NZ_CP157277.1_95 # 113670 # 116513 # -1 # ID=1_95;partial=00;start_type=ATG;rbs_motif=None;rbs_spacer=None;gc_cont=0.328
NZ_CP157277.1:113670-116513|- -            948 3843at2085           -            213   2.9e-05   19.0   2.5   2   2     9e-05    0.0068   11.2   0.6   107   139   637   667   617   677 0.74 NZ_CP157277.1_95 # 113670 # 116513 # -1 # ID=1_95;partial=00;start_type=ATG;rbs_motif=None;rbs_spacer=None;gc_cont=0.328
NZ_CP157277.1:87202-88503|+   -            434 3843at2085           -            213   0.00018   16.4  10.4   1   4   0.00019     0.014   10.1   0.0   109   136     3    30     1    70 0.80 NZ_CP157277.1_71 # 87202 # 88503 # 1 # ID=1_71;partial=00;start_type=ATG;rbs_motif=3Base/5BMM;rbs_spacer=13-15bp;gc_cont=0.291
NZ_CP157277.1:87202-88503|+   -            434 3843at2085           -            213   0.00018   16.4  10.4   2   4    0.0064      0.48    5.2   0.0    97   162   160   228   153   259 0.68 NZ_CP157277.1_71 # 87202 # 88503 # 1 # ID=1_71;partial=00;start_type=ATG;rbs_motif=3Base/5BMM;rbs_spacer=13-15bp;gc_cont=0.291
NZ_CP157277.1:87202-88503|+   -            434 3843at2085           -            213   0.00018   16.4  10.4   3   4      0.32        24   -0.4   0.0    74    90   281   297   265   313 0.76 NZ_CP157277.1_71 # 87202 # 88503 # 1 # ID=1_71;partial=00;start_type=ATG;rbs_motif=3Base/5BMM;rbs_spacer=13-15bp;gc_cont=0.291
NZ_CP157277.1:87202-88503|+   -            434 3843at2085           -            213   0.00018   16.4  10.4   4   4     0.029       2.2    3.0   2.9    13    99   322   411   310   419 0.74 NZ_CP157277.1_71 # 87202 # 88503 # 1 # ID=1_71;partial=00;start_type=ATG;rbs_motif=3Base/5BMM;rbs_spacer=13-15bp;gc_cont=0.291
NZ_CP157277.1:597756-598472|- -            239 3843at2085           -            213   0.00037   15.4   0.7   1   2   4.9e-06   0.00037   15.4   0.7   104   138    28    62    10    67 0.81 NZ_CP157277.1_468 # 597756 # 598472 # -1 # ID=1_468;partial=00;start_type=ATG;rbs_motif=AGGA;rbs_spacer=5-10bp;gc_cont=0.271
NZ_CP157277.1:597756-598472|- -            239 3843at2085           -            213   0.00037   15.4   0.7   2   2         2   1.5e+02   -3.0   0.1    52    74   105   127   103   131 0.66 NZ_CP157277.1_468 # 597756 # 598472 # -1 # ID=1_468;partial=00;start_type=ATG;rbs_motif=AGGA;rbs_spacer=5-10bp;gc_cont=0.271
NZ_CP157277.1:306824-307726|+ -            301 3843at2085           -            213     0.001   13.9   0.1   1   1     3e-05    0.0022   12.8   0.1   102   129    27    54     9    57 0.82 NZ_CP157277.1_265 # 306824 # 307726 # 1 # ID=1_265;partial=00;start_type=ATG;rbs_motif=GGA/GAG/AGG;rbs_spacer=5-10bp;gc_cont=0.305
#
# Program:         hmmsearch
# Version:         3.4 (Aug 2023)
# Pipeline mode:   SEARCH
# Query file:      /home/lgef/Documentos/GitHub/Project_doctoral/IMPLEMENTACAO/Genomes/M_hyopneumoniae/MHP_ncbi_dataset/ncbi_dataset/data/strains/116/Use/busco_downloads/lineages/mycoplasmatales_odb10/hmms/3843at2085.hmm
# Target file:     /home/lgef/Documentos/GitHub/Project_doctoral/IMPLEMENTACAO/Genomes/M_hyopneumoniae/MHP_ncbi_dataset/ncbi_dataset/data/strains/116/Use/busco_complete/prodigal_output/predicted_genes/predicted.faa
# Option settings: hmmsearch --domtblout /home/lgef/Documentos/GitHub/Project_doctoral/IMPLEMENTACAO/Genomes/M_hyopneumoniae/MHP_ncbi_dataset/ncbi_dataset/data/strains/116/Use/busco_complete/run_mycoplasmatales_odb10/hmmer_output/3843at2085.out --cpu 1 /home/lgef/Documentos/GitHub/Project_doctoral/IMPLEMENTACAO/Genomes/M_hyopneumoniae/MHP_ncbi_dataset/ncbi_dataset/data/strains/116/Use/busco_downloads/lineages/mycoplasmatales_odb10/hmms/3843at2085.hmm /home/lgef/Documentos/GitHub/Project_doctoral/IMPLEMENTACAO/Genomes/M_hyopneumoniae/MHP_ncbi_dataset/ncbi_dataset/data/strains/116/Use/busco_complete/prodigal_output/predicted_genes/predicted.faa 
# Current dir:     /home/lgef/Documentos/GitHub/Project_doctoral/IMPLEMENTACAO/Genomes/M_hyopneumoniae/MHP_ncbi_dataset/ncbi_dataset/data/strains/116/Use
# Date:            Thu Nov 28 19:22:32 2024
# [ok]
