/home/bryan/miniconda3/envs/quast/bin/quast /home/bryan/Documentos/GitHub/Project_doctoral/IMPLEMENTACAO/Genomes/M_flocculare/strains/MF33/Use/ragtag/ragtag_patch/ragtag.patch.fasta -o /home/bryan/Documentos/GitHub/Project_doctoral/IMPLEMENTACAO/Genomes/M_flocculare/strains/MF33/Use/quast_complete

Version: 5.3.0

System information:
  OS: Linux-6.8.0-49-generic-x86_64-with-glibc2.35 (linux_64)
  Python version: 3.12.7
  CPUs number: 4

Started: 2024-12-01 18:47:33

Logging to /home/bryan/Documentos/GitHub/Project_doctoral/IMPLEMENTACAO/Genomes/M_flocculare/strains/MF33/Use/quast_complete/quast.log
NOTICE: Maximum number of threads is set to 1 (use --threads option to set it manually)

CWD: /home/bryan/Documentos/GitHub/Project_doctoral/IMPLEMENTACAO/Genomes/M_flocculare/strains/MF33
Main parameters: 
  MODE: default, threads: 1, min contig length: 500, min alignment length: 65, min alignment IDY: 95.0, \
  ambiguity: one, min local misassembly length: 200, min extensive misassembly length: 1000

Contigs:
  Pre-processing...
  /home/bryan/Documentos/GitHub/Project_doctoral/IMPLEMENTACAO/Genomes/M_flocculare/strains/MF33/Use/ragtag/ragtag_patch/ragtag.patch.fasta ==> ragtag.patch

2024-12-01 18:47:34
Running Basic statistics processor...
  Contig files: 
    ragtag.patch
  Calculating N50 and L50...
    ragtag.patch, N50 = 751030, L50 = 1, auN = 745690.6, Total length = 756417, GC % = 28.96, # N's per 100 kbp =  263.74
  Drawing Nx plot...
    saved to /home/bryan/Documentos/GitHub/Project_doctoral/IMPLEMENTACAO/Genomes/M_flocculare/strains/MF33/Use/quast_complete/basic_stats/Nx_plot.pdf
  Drawing cumulative plot...
    saved to /home/bryan/Documentos/GitHub/Project_doctoral/IMPLEMENTACAO/Genomes/M_flocculare/strains/MF33/Use/quast_complete/basic_stats/cumulative_plot.pdf
  Drawing GC content plot...
    saved to /home/bryan/Documentos/GitHub/Project_doctoral/IMPLEMENTACAO/Genomes/M_flocculare/strains/MF33/Use/quast_complete/basic_stats/GC_content_plot.pdf
  Drawing ragtag.patch GC content plot...
    saved to /home/bryan/Documentos/GitHub/Project_doctoral/IMPLEMENTACAO/Genomes/M_flocculare/strains/MF33/Use/quast_complete/basic_stats/ragtag.patch_GC_content_plot.pdf
Done.

NOTICE: Genes are not predicted by default. Use --gene-finding or --glimmer option to enable it.

2024-12-01 18:47:35
Creating large visual summaries...
This may take a while: press Ctrl-C to skip this step..
  1 of 2: Creating PDF with all tables and plots...
  2 of 2: Creating Icarus viewers...
Done

2024-12-01 18:47:36
RESULTS:
  Text versions of total report are saved to /home/bryan/Documentos/GitHub/Project_doctoral/IMPLEMENTACAO/Genomes/M_flocculare/strains/MF33/Use/quast_complete/report.txt, report.tsv, and report.tex
  Text versions of transposed total report are saved to /home/bryan/Documentos/GitHub/Project_doctoral/IMPLEMENTACAO/Genomes/M_flocculare/strains/MF33/Use/quast_complete/transposed_report.txt, transposed_report.tsv, and transposed_report.tex
  HTML version (interactive tables and plots) is saved to /home/bryan/Documentos/GitHub/Project_doctoral/IMPLEMENTACAO/Genomes/M_flocculare/strains/MF33/Use/quast_complete/report.html
  PDF version (tables and plots) is saved to /home/bryan/Documentos/GitHub/Project_doctoral/IMPLEMENTACAO/Genomes/M_flocculare/strains/MF33/Use/quast_complete/report.pdf
  Icarus (contig browser) is saved to /home/bryan/Documentos/GitHub/Project_doctoral/IMPLEMENTACAO/Genomes/M_flocculare/strains/MF33/Use/quast_complete/icarus.html
  Log is saved to /home/bryan/Documentos/GitHub/Project_doctoral/IMPLEMENTACAO/Genomes/M_flocculare/strains/MF33/Use/quast_complete/quast.log

Finished: 2024-12-01 18:47:36
Elapsed time: 0:00:02.490359
NOTICEs: 2; WARNINGs: 0; non-fatal ERRORs: 0

Thank you for using QUAST!
