A	C	G	T	N	IUPAC	Other	GC	GC_stdev
0.3551	0.1430	0.1430	0.3590	0.0000	0.0000	0.0000	0.2860	0.0000

Main genome scaffold total:         	1
Main genome contig total:           	1
Main genome scaffold sequence total:	886877
Main genome contig sequence total:  	886877  	0.000% gap
Main genome scaffold N/L50:         	1/886877
Main genome contig N/L50:           	1/886877
Main genome scaffold N/L90:         	1/886877
Main genome contig N/L90:           	1/886877
Max scaffold length:                	886877
Max contig length:                  	886877
Number of scaffolds > 50 KB:        	1
% main genome in scaffolds > 50 KB: 	100.00%


Minimum 	Number        	Number        	Total         	Total         	Scaffold
Scaffold	of            	of            	Scaffold      	Contig        	Contig  
Length  	Scaffolds     	Contigs       	Length        	Length        	Coverage
--------	--------------	--------------	--------------	--------------	--------
    All 	             1	             1	        886877	        886877	 100.00%
 500000 	             1	             1	        886877	        886877	 100.00%

