A	C	G	T	N	IUPAC	Other	GC	GC_stdev
0.3570	0.1481	0.1465	0.3483	0.0025	0.0000	0.0000	0.2946	0.1677

Main genome scaffold total:         	49
Main genome contig total:           	69
Main genome scaffold sequence total:	767312
Main genome contig sequence total:  	765404  	0.249% gap
Main genome scaffold N/L50:         	1/753173
Main genome contig N/L50:           	2/78572
Main genome scaffold N/L90:         	1/753173
Main genome contig N/L90:           	9/16286
Max scaffold length:                	753173
Max contig length:                  	323644
Number of scaffolds > 50 KB:        	1
% main genome in scaffolds > 50 KB: 	98.16%


Minimum 	Number        	Number        	Total         	Total         	Scaffold
Scaffold	of            	of            	Scaffold      	Contig        	Contig  
Length  	Scaffolds     	Contigs       	Length        	Length        	Coverage
--------	--------------	--------------	--------------	--------------	--------
    All 	            49	            69	        767312	        765404	  99.75%
    100 	            49	            69	        767312	        765404	  99.75%
    250 	            28	            48	        762334	        760426	  99.75%
    500 	             3	            23	        755628	        753720	  99.75%
   1000 	             2	            22	        754790	        752882	  99.75%
   2500 	             1	            21	        753173	        751265	  99.75%
   5000 	             1	            21	        753173	        751265	  99.75%
  10000 	             1	            21	        753173	        751265	  99.75%
  25000 	             1	            21	        753173	        751265	  99.75%
  50000 	             1	            21	        753173	        751265	  99.75%
 100000 	             1	            21	        753173	        751265	  99.75%
 250000 	             1	            21	        753173	        751265	  99.75%
 500000 	             1	            21	        753173	        751265	  99.75%

