#                                                                                         --- full sequence --- -------------- this domain -------------   hmm coord   ali coord   env coord
# target name                     accession   tlen query name           accession   qlen   E-value  score  bias   #  of  c-Evalue  i-Evalue  score  bias  from    to  from    to  from    to  acc description of target
#             ------------------- ---------- ----- -------------------- ---------- ----- --------- ------ ----- --- --- --------- --------- ------ ----- ----- ----- ----- ----- ----- ----- ---- ---------------------
NZ_MWWN01000002.1:225068-227911|+ -            948 111at2085            -            770         0 1169.0  25.8   1   3   2.2e-85   8.4e-84  277.3   1.3     1   184    11   218    11   234 0.89 NZ_MWWN01000002.1_197 # 225068 # 227911 # 1 # ID=2_197;partial=00;start_type=ATG;rbs_motif=None;rbs_spacer=None;gc_cont=0.328
NZ_MWWN01000002.1:225068-227911|+ -            948 111at2085            -            770         0 1169.0  25.8   2   3   3.3e-37   1.2e-35  118.0   0.4   185   344   254   454   247   458 0.82 NZ_MWWN01000002.1_197 # 225068 # 227911 # 1 # ID=2_197;partial=00;start_type=ATG;rbs_motif=None;rbs_spacer=None;gc_cont=0.328
NZ_MWWN01000002.1:225068-227911|+ -            948 111at2085            -            770         0 1169.0  25.8   3   3  7.1e-235  2.7e-233  771.7  11.1   321   770   458   944   451   944 0.95 NZ_MWWN01000002.1_197 # 225068 # 227911 # 1 # ID=2_197;partial=00;start_type=ATG;rbs_motif=None;rbs_spacer=None;gc_cont=0.328
NZ_MWWN01000002.1:73169-74698|-   -            510 111at2085            -            770   3.7e-18   60.3   4.8   1   4    0.0026       0.1    5.9   0.1    10    43    25    60    21   115 0.77 NZ_MWWN01000002.1_62 # 73169 # 74698 # -1 # ID=2_62;partial=00;start_type=TTG;rbs_motif=AGGAGG;rbs_spacer=5-10bp;gc_cont=0.319
NZ_MWWN01000002.1:73169-74698|-   -            510 111at2085            -            770   3.7e-18   60.3   4.8   2   4   5.3e-08     2e-06   21.5   0.0   662   735   151   222   131   238 0.86 NZ_MWWN01000002.1_62 # 73169 # 74698 # -1 # ID=2_62;partial=00;start_type=TTG;rbs_motif=AGGAGG;rbs_spacer=5-10bp;gc_cont=0.319
NZ_MWWN01000002.1:73169-74698|-   -            510 111at2085            -            770   3.7e-18   60.3   4.8   3   4     0.029       1.1    2.5   0.0     3    40   273   310   271   319 0.86 NZ_MWWN01000002.1_62 # 73169 # 74698 # -1 # ID=2_62;partial=00;start_type=TTG;rbs_motif=AGGAGG;rbs_spacer=5-10bp;gc_cont=0.319
NZ_MWWN01000002.1:73169-74698|-   -            510 111at2085            -            770   3.7e-18   60.3   4.8   4   4   1.9e-10   7.3e-09   29.5   0.1   658   738   405   483   368   506 0.84 NZ_MWWN01000002.1_62 # 73169 # 74698 # -1 # ID=2_62;partial=00;start_type=TTG;rbs_motif=AGGAGG;rbs_spacer=5-10bp;gc_cont=0.319
NZ_MWWN01000004.1:34925-37243|+   -            773 111at2085            -            770   2.3e-14   47.8   3.1   1   2     5e-06   0.00019   14.9   0.2   484   513    17    46     5    53 0.88 NZ_MWWN01000004.1_28 # 34925 # 37243 # 1 # ID=4_28;partial=00;start_type=ATG;rbs_motif=None;rbs_spacer=None;gc_cont=0.262
NZ_MWWN01000004.1:34925-37243|+   -            773 111at2085            -            770   2.3e-14   47.8   3.1   2   2   1.6e-11   5.9e-10   33.1   0.3   645   738   110   200    60   206 0.75 NZ_MWWN01000004.1_28 # 34925 # 37243 # 1 # ID=4_28;partial=00;start_type=ATG;rbs_motif=None;rbs_spacer=None;gc_cont=0.262
NZ_MWWN01000003.1:166224-167762|+ -            513 111at2085            -            770   4.3e-14   46.8  13.5   1   4     0.047       1.8    1.8   0.2   484   512    22    50    14    57 0.84 NZ_MWWN01000003.1_111 # 166224 # 167762 # 1 # ID=3_111;partial=00;start_type=TTG;rbs_motif=AGGA;rbs_spacer=5-10bp;gc_cont=0.321
NZ_MWWN01000003.1:166224-167762|+ -            513 111at2085            -            770   4.3e-14   46.8  13.5   2   4   1.8e-08   6.8e-07   23.0   0.1   648   736   130   215   112   233 0.82 NZ_MWWN01000003.1_111 # 166224 # 167762 # 1 # ID=3_111;partial=00;start_type=TTG;rbs_motif=AGGA;rbs_spacer=5-10bp;gc_cont=0.321
NZ_MWWN01000003.1:166224-167762|+ -            513 111at2085            -            770   4.3e-14   46.8  13.5   3   4    0.0038      0.15    5.4   0.1   479   511   278   310   261   319 0.65 NZ_MWWN01000003.1_111 # 166224 # 167762 # 1 # ID=3_111;partial=00;start_type=TTG;rbs_motif=AGGA;rbs_spacer=5-10bp;gc_cont=0.321
NZ_MWWN01000003.1:166224-167762|+ -            513 111at2085            -            770   4.3e-14   46.8  13.5   4   4   1.7e-08   6.4e-07   23.1   1.3   643   736   391   482   361   508 0.78 NZ_MWWN01000003.1_111 # 166224 # 167762 # 1 # ID=3_111;partial=00;start_type=TTG;rbs_motif=AGGA;rbs_spacer=5-10bp;gc_cont=0.321
NZ_MWWN01000002.1:35133-36035|-   -            301 111at2085            -            770   2.2e-13   44.5   0.0   1   2   0.00028     0.011    9.2   0.0   482   513    21    52     6    60 0.89 NZ_MWWN01000002.1_30 # 35133 # 36035 # -1 # ID=2_30;partial=00;start_type=ATG;rbs_motif=GGA/GAG/AGG;rbs_spacer=5-10bp;gc_cont=0.309
NZ_MWWN01000002.1:35133-36035|-   -            301 111at2085            -            770   2.2e-13   44.5   0.0   2   2   1.4e-11   5.4e-10   33.3   0.0   645   729   140   221   119   231 0.92 NZ_MWWN01000002.1_30 # 35133 # 36035 # -1 # ID=2_30;partial=00;start_type=ATG;rbs_motif=GGA/GAG/AGG;rbs_spacer=5-10bp;gc_cont=0.309
NZ_MWWN01000001.1:245183-247510|- -            776 111at2085            -            770   3.1e-13   44.0   2.7   1   2   1.7e-05   0.00065   13.2   0.2   484   513    17    46     5    54 0.87 NZ_MWWN01000001.1_175 # 245183 # 247510 # -1 # ID=1_175;partial=00;start_type=ATG;rbs_motif=None;rbs_spacer=None;gc_cont=0.264
NZ_MWWN01000001.1:245183-247510|- -            776 111at2085            -            770   3.1e-13   44.0   2.7   2   2     1e-10   3.9e-09   30.4   0.2   653   739   117   200    95   205 0.86 NZ_MWWN01000001.1_175 # 245183 # 247510 # -1 # ID=1_175;partial=00;start_type=ATG;rbs_motif=None;rbs_spacer=None;gc_cont=0.264
NZ_MWWN01000002.1:3621-4319|+     -            233 111at2085            -            770   3.3e-13   43.9   1.2   1   2   6.5e-06   0.00025   14.6   0.0   485   512    18    45     9    52 0.65 NZ_MWWN01000002.1_5 # 3621 # 4319 # 1 # ID=2_5;partial=00;start_type=ATG;rbs_motif=None;rbs_spacer=None;gc_cont=0.260
NZ_MWWN01000002.1:3621-4319|+     -            233 111at2085            -            770   3.3e-13   43.9   1.2   2   2   4.3e-10   1.6e-08   28.4   0.2   655   738   119   199    64   205 0.81 NZ_MWWN01000002.1_5 # 3621 # 4319 # 1 # ID=2_5;partial=00;start_type=ATG;rbs_motif=None;rbs_spacer=None;gc_cont=0.260
NZ_MWWN01000003.1:149296-150348|- -            351 111at2085            -            770   5.6e-12   39.8   0.6   1   2     0.003      0.11    5.8   0.1    11    37    30    56    17    66 0.78 NZ_MWWN01000003.1_98 # 149296 # 150348 # -1 # ID=3_98;partial=00;start_type=ATG;rbs_motif=GGxGG;rbs_spacer=5-10bp;gc_cont=0.330
NZ_MWWN01000003.1:149296-150348|- -            351 111at2085            -            770   5.6e-12   39.8   0.6   2   2   2.4e-11     9e-10   32.5   0.1   632   754   124   245   110   253 0.76 NZ_MWWN01000003.1_98 # 149296 # 150348 # -1 # ID=3_98;partial=00;start_type=ATG;rbs_motif=GGxGG;rbs_spacer=5-10bp;gc_cont=0.330
NZ_MWWN01000001.1:250821-253148|- -            776 111at2085            -            770   4.3e-11   36.9  10.9   1   3   1.4e-05   0.00053   13.5   0.1   479   513    12    46     5    54 0.86 NZ_MWWN01000001.1_178 # 250821 # 253148 # -1 # ID=1_178;partial=00;start_type=ATG;rbs_motif=None;rbs_spacer=None;gc_cont=0.260
NZ_MWWN01000001.1:250821-253148|- -            776 111at2085            -            770   4.3e-11   36.9  10.9   2   3   1.4e-10   5.4e-09   30.0   0.3   652   738   116   199    63   207 0.79 NZ_MWWN01000001.1_178 # 250821 # 253148 # -1 # ID=1_178;partial=00;start_type=ATG;rbs_motif=None;rbs_spacer=None;gc_cont=0.260
NZ_MWWN01000001.1:250821-253148|- -            776 111at2085            -            770   4.3e-11   36.9  10.9   3   3      0.85        32   -2.4   1.9   233   316   359   447   352   494 0.76 NZ_MWWN01000001.1_178 # 250821 # 253148 # -1 # ID=1_178;partial=00;start_type=ATG;rbs_motif=None;rbs_spacer=None;gc_cont=0.260
NZ_MWWN01000004.1:123920-125080|+ -            387 111at2085            -            770   1.5e-10   35.1   0.7   1   2   0.00016     0.006   10.0   0.0   479   512    18    51     3    65 0.78 NZ_MWWN01000004.1_93 # 123920 # 125080 # 1 # ID=4_93;partial=00;start_type=ATG;rbs_motif=3Base/5BMM;rbs_spacer=13-15bp;gc_cont=0.258
NZ_MWWN01000004.1:123920-125080|+ -            387 111at2085            -            770   1.5e-10   35.1   0.7   2   2   1.5e-08   5.7e-07   23.3   0.1   658   756   187   278   154   291 0.76 NZ_MWWN01000004.1_93 # 123920 # 125080 # 1 # ID=4_93;partial=00;start_type=ATG;rbs_motif=3Base/5BMM;rbs_spacer=13-15bp;gc_cont=0.258
NZ_MWWN01000001.1:242866-245109|- -            748 111at2085            -            770   3.5e-10   33.9  11.7   1   3   3.2e-06   0.00012   15.6   0.5   478   513    11    46     3    53 0.82 NZ_MWWN01000001.1_174 # 242866 # 245109 # -1 # ID=1_174;partial=00;start_type=ATG;rbs_motif=None;rbs_spacer=None;gc_cont=0.262
NZ_MWWN01000001.1:242866-245109|- -            748 111at2085            -            770   3.5e-10   33.9  11.7   2   3   2.4e-09   9.1e-08   25.9   0.2   652   740   116   201    63   207 0.81 NZ_MWWN01000001.1_174 # 242866 # 245109 # -1 # ID=1_174;partial=00;start_type=ATG;rbs_motif=None;rbs_spacer=None;gc_cont=0.262
NZ_MWWN01000001.1:242866-245109|- -            748 111at2085            -            770   3.5e-10   33.9  11.7   3   3       0.8        30   -2.3   1.0   238   299   415   481   407   518 0.71 NZ_MWWN01000001.1_174 # 242866 # 245109 # -1 # ID=1_174;partial=00;start_type=ATG;rbs_motif=None;rbs_spacer=None;gc_cont=0.262
NZ_MWWN01000002.1:36008-36826|-   -            273 111at2085            -            770   5.3e-10   33.3   1.7   1   2   8.6e-05    0.0033   10.9   0.1   482   510    18    46     9    55 0.86 NZ_MWWN01000002.1_31 # 36008 # 36826 # -1 # ID=2_31;partial=00;start_type=ATG;rbs_motif=GGA/GAG/AGG;rbs_spacer=5-10bp;gc_cont=0.302
NZ_MWWN01000002.1:36008-36826|-   -            273 111at2085            -            770   5.3e-10   33.3   1.7   2   2   3.8e-08   1.5e-06   21.9   0.2   657   757   131   223    93   231 0.83 NZ_MWWN01000002.1_31 # 36008 # 36826 # -1 # ID=2_31;partial=00;start_type=ATG;rbs_motif=GGA/GAG/AGG;rbs_spacer=5-10bp;gc_cont=0.302
NZ_MWWN01000001.1:37282-38616|-   -            445 111at2085            -            770   6.3e-09   29.7   5.4   1   2    0.0021     0.081    6.2   0.0   483   511    25    53    18    57 0.80 NZ_MWWN01000001.1_26 # 37282 # 38616 # -1 # ID=1_26;partial=00;start_type=ATG;rbs_motif=GGA/GAG/AGG;rbs_spacer=11-12bp;gc_cont=0.303
NZ_MWWN01000001.1:37282-38616|-   -            445 111at2085            -            770   6.3e-09   29.7   5.4   2   2   1.2e-08   4.5e-07   23.6   3.0   242   426   121   302   108   314 0.71 NZ_MWWN01000001.1_26 # 37282 # 38616 # -1 # ID=1_26;partial=00;start_type=ATG;rbs_motif=GGA/GAG/AGG;rbs_spacer=11-12bp;gc_cont=0.303
NZ_MWWN01000003.1:76866-77762|-   -            299 111at2085            -            770   1.4e-08   28.5   1.3   1   2   0.00036     0.014    8.8   0.1   484   512    80   108    65   125 0.88 NZ_MWWN01000003.1_48 # 76866 # 77762 # -1 # ID=3_48;partial=00;start_type=GTG;rbs_motif=AGGAG;rbs_spacer=5-10bp;gc_cont=0.353
NZ_MWWN01000003.1:76866-77762|-   -            299 111at2085            -            770   1.4e-08   28.5   1.3   2   2   3.5e-07   1.3e-05   18.7   0.2   645   738   181   271   161   278 0.84 NZ_MWWN01000003.1_48 # 76866 # 77762 # -1 # ID=3_48;partial=00;start_type=GTG;rbs_motif=AGGAG;rbs_spacer=5-10bp;gc_cont=0.353
NZ_MWWN01000001.1:107541-109073|+ -            511 111at2085            -            770   8.1e-08   26.1   8.9   1   4     0.076       2.9    1.1   0.0    14   512    32    57    25    77 0.65 NZ_MWWN01000001.1_84 # 107541 # 109073 # 1 # ID=1_84;partial=00;start_type=GTG;rbs_motif=GGA/GAG/AGG;rbs_spacer=11-12bp;gc_cont=0.324
NZ_MWWN01000001.1:107541-109073|+ -            511 111at2085            -            770   8.1e-08   26.1   8.9   2   4   3.8e-08   1.5e-06   21.9   0.3   642   731   128   214   120   225 0.84 NZ_MWWN01000001.1_84 # 107541 # 109073 # 1 # ID=1_84;partial=00;start_type=GTG;rbs_motif=GGA/GAG/AGG;rbs_spacer=11-12bp;gc_cont=0.324
NZ_MWWN01000001.1:107541-109073|+ -            511 111at2085            -            770   8.1e-08   26.1   8.9   3   4      0.13       5.1    0.3   0.1   480   507   276   303   215   317 0.58 NZ_MWWN01000001.1_84 # 107541 # 109073 # 1 # ID=1_84;partial=00;start_type=GTG;rbs_motif=GGA/GAG/AGG;rbs_spacer=11-12bp;gc_cont=0.324
NZ_MWWN01000001.1:107541-109073|+ -            511 111at2085            -            770   8.1e-08   26.1   8.9   4   4    0.0047      0.18    5.1   0.3   658   736   407   483   377   490 0.86 NZ_MWWN01000001.1_84 # 107541 # 109073 # 1 # ID=1_84;partial=00;start_type=GTG;rbs_motif=GGA/GAG/AGG;rbs_spacer=11-12bp;gc_cont=0.324
NZ_MWWN01000004.1:96379-97149|+   -            257 111at2085            -            770   2.1e-07   24.7   2.8   1   2    0.0031      0.12    5.7   0.1   479   513    22    56    14    70 0.77 NZ_MWWN01000004.1_76 # 96379 # 97149 # 1 # ID=4_76;partial=00;start_type=ATG;rbs_motif=None;rbs_spacer=None;gc_cont=0.267
NZ_MWWN01000004.1:96379-97149|+   -            257 111at2085            -            770   2.1e-07   24.7   2.8   2   2   2.3e-07   8.6e-06   19.4   0.5   647   734   138   222    92   234 0.76 NZ_MWWN01000004.1_76 # 96379 # 97149 # 1 # ID=4_76;partial=00;start_type=ATG;rbs_motif=None;rbs_spacer=None;gc_cont=0.267
NZ_MWWN01000002.1:98659-99990|-   -            444 111at2085            -            770   4.3e-07   23.7   1.8   1   2     0.031       1.2    2.4   0.1     8    36    60    88    53    95 0.64 NZ_MWWN01000002.1_78 # 98659 # 99990 # -1 # ID=2_78;partial=00;start_type=ATG;rbs_motif=GGAG/GAGG;rbs_spacer=5-10bp;gc_cont=0.291
NZ_MWWN01000002.1:98659-99990|-   -            444 111at2085            -            770   4.3e-07   23.7   1.8   2   2   9.7e-08   3.7e-06   20.6   0.3   639   731   256   346   116   366 0.88 NZ_MWWN01000002.1_78 # 98659 # 99990 # -1 # ID=2_78;partial=00;start_type=ATG;rbs_motif=GGAG/GAGG;rbs_spacer=5-10bp;gc_cont=0.291
NZ_MWWN01000002.1:105140-106756|+ -            539 111at2085            -            770    0.0006   13.3   2.6   1   3     0.037       1.4    2.1   0.1   481   512    14    45     8    66 0.82 NZ_MWWN01000002.1_83 # 105140 # 106756 # 1 # ID=2_83;partial=00;start_type=ATG;rbs_motif=AGGA;rbs_spacer=5-10bp;gc_cont=0.331
NZ_MWWN01000002.1:105140-106756|+ -            539 111at2085            -            770    0.0006   13.3   2.6   2   3    0.0035      0.13    5.5   0.1   674   738   166   225   149   231 0.74 NZ_MWWN01000002.1_83 # 105140 # 106756 # 1 # ID=2_83;partial=00;start_type=ATG;rbs_motif=AGGA;rbs_spacer=5-10bp;gc_cont=0.331
NZ_MWWN01000002.1:105140-106756|+ -            539 111at2085            -            770    0.0006   13.3   2.6   3   3      0.01       0.4    3.9   0.0   661   740   445   519   439   526 0.84 NZ_MWWN01000002.1_83 # 105140 # 106756 # 1 # ID=2_83;partial=00;start_type=ATG;rbs_motif=AGGA;rbs_spacer=5-10bp;gc_cont=0.331
#
# Program:         hmmsearch
# Version:         3.4 (Aug 2023)
# Pipeline mode:   SEARCH
# Query file:      /home/bryan/Documentos/GitHub/Project_doctoral/IMPLEMENTACAO/Genomes/M_hyopneumoniae/strains/11/Use/busco_downloads/lineages/mycoplasmatales_odb10/hmms/111at2085.hmm
# Target file:     /home/bryan/Documentos/GitHub/Project_doctoral/IMPLEMENTACAO/Genomes/M_hyopneumoniae/strains/11/Use/busco_draft/prodigal_output/predicted_genes/predicted.faa
# Option settings: hmmsearch --domtblout /home/bryan/Documentos/GitHub/Project_doctoral/IMPLEMENTACAO/Genomes/M_hyopneumoniae/strains/11/Use/busco_draft/run_mycoplasmatales_odb10/hmmer_output/111at2085.out --cpu 1 /home/bryan/Documentos/GitHub/Project_doctoral/IMPLEMENTACAO/Genomes/M_hyopneumoniae/strains/11/Use/busco_downloads/lineages/mycoplasmatales_odb10/hmms/111at2085.hmm /home/bryan/Documentos/GitHub/Project_doctoral/IMPLEMENTACAO/Genomes/M_hyopneumoniae/strains/11/Use/busco_draft/prodigal_output/predicted_genes/predicted.faa 
# Current dir:     /home/bryan/Documentos/GitHub/Project_doctoral/IMPLEMENTACAO/Genomes/M_hyopneumoniae/strains/11/Use
# Date:            Sun Dec  1 19:09:50 2024
# [ok]
