#                                                                                         --- full sequence --- -------------- this domain -------------   hmm coord   ali coord   env coord
# target name                     accession   tlen query name           accession   qlen   E-value  score  bias   #  of  c-Evalue  i-Evalue  score  bias  from    to  from    to  from    to  acc description of target
#             ------------------- ---------- ----- -------------------- ---------- ----- --------- ------ ----- --- --- --------- --------- ------ ----- ----- ----- ----- ----- ----- ----- ---- ---------------------
NZ_MWWN01000002.1:106800-108128|+ -            443 1338at2085           -            333  1.4e-109  361.5  27.3   1   2    8e-104  7.8e-102  336.1  23.8     1   290     4   357     4   394 0.78 NZ_MWWN01000002.1_84 # 106800 # 108128 # 1 # ID=2_84;partial=00;start_type=TTG;rbs_motif=AGGAG;rbs_spacer=5-10bp;gc_cont=0.314
NZ_MWWN01000002.1:106800-108128|+ -            443 1338at2085           -            333  1.4e-109  361.5  27.3   2   2   3.9e-08   3.8e-06   21.6   0.1   300   333   405   442   370   442 0.88 NZ_MWWN01000002.1_84 # 106800 # 108128 # 1 # ID=2_84;partial=00;start_type=TTG;rbs_motif=AGGAG;rbs_spacer=5-10bp;gc_cont=0.314
NZ_MWWN01000001.1:313140-314441|+ -            434 1338at2085           -            333   3.5e-41  136.7   3.5   1   3     4e-18   3.9e-16   54.4   0.8   179   329     5   160     2   162 0.85 NZ_MWWN01000001.1_227 # 313140 # 314441 # 1 # ID=1_227;partial=00;start_type=ATG;rbs_motif=3Base/5BMM;rbs_spacer=13-15bp;gc_cont=0.291
NZ_MWWN01000001.1:313140-314441|+ -            434 1338at2085           -            333   3.5e-41  136.7   3.5   2   3   1.1e-26     1e-24   82.6   0.0   176   323   170   316   147   322 0.74 NZ_MWWN01000001.1_227 # 313140 # 314441 # 1 # ID=1_227;partial=00;start_type=ATG;rbs_motif=3Base/5BMM;rbs_spacer=13-15bp;gc_cont=0.291
NZ_MWWN01000001.1:313140-314441|+ -            434 1338at2085           -            333   3.5e-41  136.7   3.5   3   3      0.17        16   -0.2   0.1   264   297   281   316   276   350 0.56 NZ_MWWN01000001.1_227 # 313140 # 314441 # 1 # ID=1_227;partial=00;start_type=ATG;rbs_motif=3Base/5BMM;rbs_spacer=13-15bp;gc_cont=0.291
NZ_MWWN01000002.1:150553-151434|+ -            294 1338at2085           -            333   6.9e-15   50.3   1.2   1   1   1.2e-16   1.2e-14   49.6   1.2   174   267     4    98     1   141 0.78 NZ_MWWN01000002.1_136 # 150553 # 151434 # 1 # ID=2_136;partial=00;start_type=ATG;rbs_motif=None;rbs_spacer=None;gc_cont=0.291
NZ_MWWN01000002.1:233674-234465|- -            264 1338at2085           -            333   1.5e-09   32.8   0.2   1   1   3.5e-11   3.4e-09   31.6   0.1   151   234    80   164    29   180 0.75 NZ_MWWN01000002.1_203 # 233674 # 234465 # -1 # ID=2_203;partial=00;start_type=ATG;rbs_motif=GGA/GAG/AGG;rbs_spacer=3-4bp;gc_cont=0.265
NZ_MWWN01000003.1:73861-74457|-   -            199 1338at2085           -            333   2.6e-07   25.4   0.5   1   2   6.5e-09   6.3e-07   24.1   0.0   160   212    21    73    16    91 0.89 NZ_MWWN01000003.1_45 # 73861 # 74457 # -1 # ID=3_45;partial=00;start_type=ATG;rbs_motif=None;rbs_spacer=None;gc_cont=0.298
NZ_MWWN01000003.1:73861-74457|-   -            199 1338at2085           -            333   2.6e-07   25.4   0.5   2   2      0.28        27   -1.0   0.3    90    90   159   159    95   196 0.48 NZ_MWWN01000003.1_45 # 73861 # 74457 # -1 # ID=3_45;partial=00;start_type=ATG;rbs_motif=None;rbs_spacer=None;gc_cont=0.298
NZ_MWWN01000001.1:275716-276975|+ -            420 1338at2085           -            333     6e-06   20.9   0.3   1   1   1.5e-07   1.5e-05   19.6   0.1   178   307   158   288   151   295 0.76 NZ_MWWN01000001.1_196 # 275716 # 276975 # 1 # ID=1_196;partial=00;start_type=ATG;rbs_motif=AGGA;rbs_spacer=5-10bp;gc_cont=0.308
NZ_MWWN01000004.1:4505-5608|-     -            368 1338at2085           -            333   8.3e-05   17.2   1.0   1   1   1.8e-05    0.0018   12.8   0.9   177   281     3   126     1   147 0.57 NZ_MWWN01000004.1_5 # 4505 # 5608 # -1 # ID=4_5;partial=00;start_type=ATG;rbs_motif=None;rbs_spacer=None;gc_cont=0.303
#
# Program:         hmmsearch
# Version:         3.4 (Aug 2023)
# Pipeline mode:   SEARCH
# Query file:      /home/bryan/Documentos/GitHub/Project_doctoral/IMPLEMENTACAO/Genomes/M_hyopneumoniae/strains/11/Use/busco_downloads/lineages/mycoplasmatales_odb10/hmms/1338at2085.hmm
# Target file:     /home/bryan/Documentos/GitHub/Project_doctoral/IMPLEMENTACAO/Genomes/M_hyopneumoniae/strains/11/Use/busco_draft/prodigal_output/predicted_genes/predicted.faa
# Option settings: hmmsearch --domtblout /home/bryan/Documentos/GitHub/Project_doctoral/IMPLEMENTACAO/Genomes/M_hyopneumoniae/strains/11/Use/busco_draft/run_mycoplasmatales_odb10/hmmer_output/1338at2085.out --cpu 1 /home/bryan/Documentos/GitHub/Project_doctoral/IMPLEMENTACAO/Genomes/M_hyopneumoniae/strains/11/Use/busco_downloads/lineages/mycoplasmatales_odb10/hmms/1338at2085.hmm /home/bryan/Documentos/GitHub/Project_doctoral/IMPLEMENTACAO/Genomes/M_hyopneumoniae/strains/11/Use/busco_draft/prodigal_output/predicted_genes/predicted.faa 
# Current dir:     /home/bryan/Documentos/GitHub/Project_doctoral/IMPLEMENTACAO/Genomes/M_hyopneumoniae/strains/11/Use
# Date:            Sun Dec  1 19:09:51 2024
# [ok]
