#                                                                                         --- full sequence --- -------------- this domain -------------   hmm coord   ali coord   env coord
# target name                     accession   tlen query name           accession   qlen   E-value  score  bias   #  of  c-Evalue  i-Evalue  score  bias  from    to  from    to  from    to  acc description of target
#             ------------------- ---------- ----- -------------------- ---------- ----- --------- ------ ----- --- --- --------- --------- ------ ----- ----- ----- ----- ----- ----- ----- ---- ---------------------
NZ_MWWN01000002.1:216330-217247|- -            306 3146at2085           -            235     2e-85  281.2   1.1   1   2   5.8e-29   9.9e-27   89.1   0.1     1    65     4    71     4   103 0.91 NZ_MWWN01000002.1_190 # 216330 # 217247 # -1 # ID=2_190;partial=00;start_type=ATG;rbs_motif=GGA/GAG/AGG;rbs_spacer=5-10bp;gc_cont=0.357
NZ_MWWN01000002.1:216330-217247|- -            306 3146at2085           -            235     2e-85  281.2   1.1   2   2   5.5e-60   9.4e-58  190.6   0.1    64   234   104   299    98   300 0.86 NZ_MWWN01000002.1_190 # 216330 # 217247 # -1 # ID=2_190;partial=00;start_type=ATG;rbs_motif=GGA/GAG/AGG;rbs_spacer=5-10bp;gc_cont=0.357
NZ_MWWN01000001.1:62554-63918|-   -            455 3146at2085           -            235     9e-16   53.2   6.9   1   2     1e-07   1.7e-05   19.5   0.1     1    40     4    43     4    53 0.92 NZ_MWWN01000001.1_46 # 62554 # 63918 # -1 # ID=1_46;partial=00;start_type=ATG;rbs_motif=GGA/GAG/AGG;rbs_spacer=5-10bp;gc_cont=0.316
NZ_MWWN01000001.1:62554-63918|-   -            455 3146at2085           -            235     9e-16   53.2   6.9   2   2   2.7e-12   4.7e-10   34.5   2.7   102   235   167   320   121   320 0.68 NZ_MWWN01000001.1_46 # 62554 # 63918 # -1 # ID=1_46;partial=00;start_type=ATG;rbs_motif=GGA/GAG/AGG;rbs_spacer=5-10bp;gc_cont=0.316
NZ_MWWN01000003.1:157307-159154|+ -            616 3146at2085           -            235   6.1e-11   37.4   9.5   1   2     3e-08   5.1e-06   21.3   0.1     1    38   161   198   161   206 0.93 NZ_MWWN01000003.1_103 # 157307 # 159154 # 1 # ID=3_103;partial=00;start_type=ATG;rbs_motif=AGGA;rbs_spacer=5-10bp;gc_cont=0.362
NZ_MWWN01000003.1:157307-159154|+ -            616 3146at2085           -            235   6.1e-11   37.4   9.5   2   2   2.3e-07   3.8e-05   18.4   3.6    63   218   287   466   265   483 0.66 NZ_MWWN01000003.1_103 # 157307 # 159154 # 1 # ID=3_103;partial=00;start_type=ATG;rbs_motif=AGGA;rbs_spacer=5-10bp;gc_cont=0.362
NZ_MWWN01000001.1:223017-224876|+ -            620 3146at2085           -            235     0.021    9.4   2.6   1   3    0.0011       0.2    6.3   0.0     1    30    12    41    12    49 0.85 NZ_MWWN01000001.1_156 # 223017 # 224876 # 1 # ID=1_156;partial=00;start_type=ATG;rbs_motif=GGAG/GAGG;rbs_spacer=5-10bp;gc_cont=0.329
NZ_MWWN01000001.1:223017-224876|+ -            620 3146at2085           -            235     0.021    9.4   2.6   2   3     0.028       4.8    1.7   0.7   129   169    98   142    79   162 0.72 NZ_MWWN01000001.1_156 # 223017 # 224876 # 1 # ID=1_156;partial=00;start_type=ATG;rbs_motif=GGAG/GAGG;rbs_spacer=5-10bp;gc_cont=0.329
NZ_MWWN01000001.1:223017-224876|+ -            620 3146at2085           -            235     0.021    9.4   2.6   3   3       1.1   1.9e+02   -3.5   0.0   201   215   361   376   354   392 0.73 NZ_MWWN01000001.1_156 # 223017 # 224876 # 1 # ID=1_156;partial=00;start_type=ATG;rbs_motif=GGAG/GAGG;rbs_spacer=5-10bp;gc_cont=0.329
#
# Program:         hmmsearch
# Version:         3.4 (Aug 2023)
# Pipeline mode:   SEARCH
# Query file:      /home/bryan/Documentos/GitHub/Project_doctoral/IMPLEMENTACAO/Genomes/M_hyopneumoniae/strains/11/Use/busco_downloads/lineages/mycoplasmatales_odb10/hmms/3146at2085.hmm
# Target file:     /home/bryan/Documentos/GitHub/Project_doctoral/IMPLEMENTACAO/Genomes/M_hyopneumoniae/strains/11/Use/busco_draft/prodigal_output/predicted_genes/predicted.faa
# Option settings: hmmsearch --domtblout /home/bryan/Documentos/GitHub/Project_doctoral/IMPLEMENTACAO/Genomes/M_hyopneumoniae/strains/11/Use/busco_draft/run_mycoplasmatales_odb10/hmmer_output/3146at2085.out --cpu 1 /home/bryan/Documentos/GitHub/Project_doctoral/IMPLEMENTACAO/Genomes/M_hyopneumoniae/strains/11/Use/busco_downloads/lineages/mycoplasmatales_odb10/hmms/3146at2085.hmm /home/bryan/Documentos/GitHub/Project_doctoral/IMPLEMENTACAO/Genomes/M_hyopneumoniae/strains/11/Use/busco_draft/prodigal_output/predicted_genes/predicted.faa 
# Current dir:     /home/bryan/Documentos/GitHub/Project_doctoral/IMPLEMENTACAO/Genomes/M_hyopneumoniae/strains/11/Use
# Date:            Sun Dec  1 19:09:54 2024
# [ok]
