#                                                                                         --- full sequence --- -------------- this domain -------------   hmm coord   ali coord   env coord
# target name                     accession   tlen query name           accession   qlen   E-value  score  bias   #  of  c-Evalue  i-Evalue  score  bias  from    to  from    to  from    to  acc description of target
#             ------------------- ---------- ----- -------------------- ---------- ----- --------- ------ ----- --- --- --------- --------- ------ ----- ----- ----- ----- ----- ----- ----- ---- ---------------------
NZ_MWWN01000002.1:59388-61091|-   -            568 908at2085            -            403  5.1e-146  481.7  18.1   1   2   8.7e-86   1.5e-83  276.0  13.1     4   231    16   288    13   303 0.85 NZ_MWWN01000002.1_52 # 59388 # 61091 # -1 # ID=2_52;partial=00;start_type=ATG;rbs_motif=GGA/GAG/AGG;rbs_spacer=5-10bp;gc_cont=0.321
NZ_MWWN01000002.1:59388-61091|-   -            568 908at2085            -            403  5.1e-146  481.7  18.1   2   2   7.6e-63   1.3e-60  200.4   0.2   243   395   381   553   354   563 0.85 NZ_MWWN01000002.1_52 # 59388 # 61091 # -1 # ID=2_52;partial=00;start_type=ATG;rbs_motif=GGA/GAG/AGG;rbs_spacer=5-10bp;gc_cont=0.321
NZ_MWWN01000002.1:108949-110415|- -            489 908at2085            -            403   1.8e-29   97.9   6.4   1   2   6.8e-18   1.2e-15   52.4   4.8    47   229   113   303    76   325 0.82 NZ_MWWN01000002.1_86 # 108949 # 110415 # -1 # ID=2_86;partial=00;start_type=ATG;rbs_motif=GGA/GAG/AGG;rbs_spacer=11-12bp;gc_cont=0.311
NZ_MWWN01000002.1:108949-110415|- -            489 908at2085            -            403   1.8e-29   97.9   6.4   2   2   1.3e-15   2.2e-13   44.9   0.0   318   378   423   482   397   488 0.78 NZ_MWWN01000002.1_86 # 108949 # 110415 # -1 # ID=2_86;partial=00;start_type=ATG;rbs_motif=GGA/GAG/AGG;rbs_spacer=11-12bp;gc_cont=0.311
NZ_MWWN01000003.1:15544-16893|+   -            450 908at2085            -            403   8.5e-29   95.7   7.4   1   2   2.9e-14   4.9e-12   40.5   4.5     3   202    19   247    16   265 0.71 NZ_MWWN01000003.1_15 # 15544 # 16893 # 1 # ID=3_15;partial=00;start_type=ATG;rbs_motif=None;rbs_spacer=None;gc_cont=0.324
NZ_MWWN01000003.1:15544-16893|+   -            450 908at2085            -            403   8.5e-29   95.7   7.4   2   2   2.3e-17     4e-15   50.6   0.0   286   383   353   447   329   449 0.85 NZ_MWWN01000003.1_15 # 15544 # 16893 # 1 # ID=3_15;partial=00;start_type=ATG;rbs_motif=None;rbs_spacer=None;gc_cont=0.324
NZ_MWWN01000003.1:145708-146709|- -            334 908at2085            -            403     3e-07   24.7   0.4   1   2     0.002      0.34    4.8   0.1   106   196    34   133    19   163 0.71 NZ_MWWN01000003.1_96 # 145708 # 146709 # -1 # ID=3_96;partial=00;start_type=GTG;rbs_motif=AGGA/GGAG/GAGG;rbs_spacer=11-12bp;gc_cont=0.258
NZ_MWWN01000003.1:145708-146709|- -            334 908at2085            -            403     3e-07   24.7   0.4   2   2   1.3e-07   2.3e-05   18.5   0.0   294   380   245   327   175   332 0.79 NZ_MWWN01000003.1_96 # 145708 # 146709 # -1 # ID=3_96;partial=00;start_type=GTG;rbs_motif=AGGA/GGAG/GAGG;rbs_spacer=11-12bp;gc_cont=0.258
#
# Program:         hmmsearch
# Version:         3.4 (Aug 2023)
# Pipeline mode:   SEARCH
# Query file:      /home/bryan/Documentos/GitHub/Project_doctoral/IMPLEMENTACAO/Genomes/M_hyopneumoniae/strains/11/Use/busco_downloads/lineages/mycoplasmatales_odb10/hmms/908at2085.hmm
# Target file:     /home/bryan/Documentos/GitHub/Project_doctoral/IMPLEMENTACAO/Genomes/M_hyopneumoniae/strains/11/Use/busco_draft/prodigal_output/predicted_genes/predicted.faa
# Option settings: hmmsearch --domtblout /home/bryan/Documentos/GitHub/Project_doctoral/IMPLEMENTACAO/Genomes/M_hyopneumoniae/strains/11/Use/busco_draft/run_mycoplasmatales_odb10/hmmer_output/908at2085.out --cpu 1 /home/bryan/Documentos/GitHub/Project_doctoral/IMPLEMENTACAO/Genomes/M_hyopneumoniae/strains/11/Use/busco_downloads/lineages/mycoplasmatales_odb10/hmms/908at2085.hmm /home/bryan/Documentos/GitHub/Project_doctoral/IMPLEMENTACAO/Genomes/M_hyopneumoniae/strains/11/Use/busco_draft/prodigal_output/predicted_genes/predicted.faa 
# Current dir:     /home/bryan/Documentos/GitHub/Project_doctoral/IMPLEMENTACAO/Genomes/M_hyopneumoniae/strains/11/Use
# Date:            Sun Dec  1 19:09:58 2024
# [ok]
