#                                                                                 --- full sequence --- -------------- this domain -------------   hmm coord   ali coord   env coord
# target name             accession   tlen query name           accession   qlen   E-value  score  bias   #  of  c-Evalue  i-Evalue  score  bias  from    to  from    to  from    to  acc description of target
#     ------------------- ---------- ----- -------------------- ---------- ----- --------- ------ ----- --- --- --------- --------- ------ ----- ----- ----- ----- ----- ----- ----- ---- ---------------------
seq00000006:28390-31002|+ -            871 147at2085            -            460  5.8e-196  647.0  22.4   1   4   5.4e-08     2e-05   18.9   1.2     2    33   276   307   275   319 0.91 seq00000006_23 # 28390 # 31002 # 1 # ID=7_23;partial=00;start_type=ATG;rbs_motif=AGGA/GGAG/GAGG;rbs_spacer=11-12bp;gc_cont=0.336
seq00000006:28390-31002|+ -            871 147at2085            -            460  5.8e-196  647.0  22.4   2   4     6e-17   2.2e-14   48.4   1.2    37    95   341   407   314   411 0.78 seq00000006_23 # 28390 # 31002 # 1 # ID=7_23;partial=00;start_type=ATG;rbs_motif=AGGA/GGAG/GAGG;rbs_spacer=11-12bp;gc_cont=0.336
seq00000006:28390-31002|+ -            871 147at2085            -            460  5.8e-196  647.0  22.4   3   4  3.6e-110  1.3e-107  355.7   0.6    94   300   444   657   435   666 0.95 seq00000006_23 # 28390 # 31002 # 1 # ID=7_23;partial=00;start_type=ATG;rbs_motif=AGGA/GGAG/GAGG;rbs_spacer=11-12bp;gc_cont=0.336
seq00000006:28390-31002|+ -            871 147at2085            -            460  5.8e-196  647.0  22.4   4   4   2.8e-74     1e-71  237.4   0.6   301   460   695   869   690   869 0.95 seq00000006_23 # 28390 # 31002 # 1 # ID=7_23;partial=00;start_type=ATG;rbs_motif=AGGA/GGAG/GAGG;rbs_spacer=11-12bp;gc_cont=0.336
seq00000029:3374-4330|-   -            319 147at2085            -            460   9.9e-06   19.9   4.1   1   3   1.7e-06   0.00061   14.0   0.0   100   125    42    67    36    80 0.86 seq00000029_4 # 3374 # 4330 # -1 # ID=25_4;partial=00;start_type=ATG;rbs_motif=None;rbs_spacer=None;gc_cont=0.318
seq00000029:3374-4330|-   -            319 147at2085            -            460   9.9e-06   19.9   4.1   2   3    0.0015      0.54    4.2   0.6   208   273   134   196    85   203 0.72 seq00000029_4 # 3374 # 4330 # -1 # ID=25_4;partial=00;start_type=ATG;rbs_motif=None;rbs_spacer=None;gc_cont=0.318
seq00000029:3374-4330|-   -            319 147at2085            -            460   9.9e-06   19.9   4.1   3   3      0.01       3.7    1.5   0.1     8    78   205   277   196   291 0.80 seq00000029_4 # 3374 # 4330 # -1 # ID=25_4;partial=00;start_type=ATG;rbs_motif=None;rbs_spacer=None;gc_cont=0.318
#
# Program:         hmmsearch
# Version:         3.4 (Aug 2023)
# Pipeline mode:   SEARCH
# Query file:      /home/lgef/Documentos/GitHub/Project_doctoral/IMPLEMENTACAO/Genomes/M_hyopneumoniae/MHP_ncbi_dataset/ncbi_dataset/data/strains/MHP653/Use/busco_downloads/lineages/mycoplasmatales_odb10/hmms/147at2085.hmm
# Target file:     /home/lgef/Documentos/GitHub/Project_doctoral/IMPLEMENTACAO/Genomes/M_hyopneumoniae/MHP_ncbi_dataset/ncbi_dataset/data/strains/MHP653/Use/busco_complete/prodigal_output/predicted_genes/predicted.faa
# Option settings: hmmsearch --domtblout /home/lgef/Documentos/GitHub/Project_doctoral/IMPLEMENTACAO/Genomes/M_hyopneumoniae/MHP_ncbi_dataset/ncbi_dataset/data/strains/MHP653/Use/busco_complete/run_mycoplasmatales_odb10/hmmer_output/147at2085.out --cpu 1 /home/lgef/Documentos/GitHub/Project_doctoral/IMPLEMENTACAO/Genomes/M_hyopneumoniae/MHP_ncbi_dataset/ncbi_dataset/data/strains/MHP653/Use/busco_downloads/lineages/mycoplasmatales_odb10/hmms/147at2085.hmm /home/lgef/Documentos/GitHub/Project_doctoral/IMPLEMENTACAO/Genomes/M_hyopneumoniae/MHP_ncbi_dataset/ncbi_dataset/data/strains/MHP653/Use/busco_complete/prodigal_output/predicted_genes/predicted.faa 
# Current dir:     /home/lgef/Documentos/GitHub/Project_doctoral/IMPLEMENTACAO/Genomes/M_hyopneumoniae/MHP_ncbi_dataset/ncbi_dataset/data/strains/MHP653/Use
# Date:            Thu Nov 28 19:38:40 2024
# [ok]
