#                                                                                 --- full sequence --- -------------- this domain -------------   hmm coord   ali coord   env coord
# target name             accession   tlen query name           accession   qlen   E-value  score  bias   #  of  c-Evalue  i-Evalue  score  bias  from    to  from    to  from    to  acc description of target
#     ------------------- ---------- ----- -------------------- ---------- ----- --------- ------ ----- --- --- --------- --------- ------ ----- ----- ----- ----- ----- ----- ----- ---- ---------------------
scf00000002:31618-32721|- -            368 1683at2085           -            284  9.3e-104  342.1  14.9   1   2   5.3e-74   6.5e-72  237.6   6.2     1   187     1   214     1   217 0.85 scf00000002_28 # 31618 # 32721 # -1 # ID=3_28;partial=00;start_type=ATG;rbs_motif=None;rbs_spacer=None;gc_cont=0.299
scf00000002:31618-32721|- -            368 1683at2085           -            284  9.3e-104  342.1  14.9   2   2   7.5e-32   9.2e-30   99.3   1.5   185   284   238   365   222   365 0.75 scf00000002_28 # 31618 # 32721 # -1 # ID=3_28;partial=00;start_type=ATG;rbs_motif=None;rbs_spacer=None;gc_cont=0.299
scf00000000:58438-59697|- -            420 1683at2085           -            284   1.6e-16   55.9   5.3   1   1   3.1e-17   3.8e-15   51.4   5.3     4   135   158   274   155   348 0.82 scf00000000_50 # 58438 # 59697 # -1 # ID=1_50;partial=00;start_type=ATG;rbs_motif=AGGA;rbs_spacer=5-10bp;gc_cont=0.309
scf00000000:20966-22267|- -            434 1683at2085           -            284   4.4e-07   24.9   2.9   1   3     2e-05    0.0025   12.6   0.1     2    25     2    25     1    32 0.84 scf00000000_19 # 20966 # 22267 # -1 # ID=1_19;partial=00;start_type=ATG;rbs_motif=3Base/5BMM;rbs_spacer=13-15bp;gc_cont=0.293
scf00000000:20966-22267|- -            434 1683at2085           -            284   4.4e-07   24.9   2.9   2   3   0.00037     0.045    8.5   0.0     3    23   171   191   169   253 0.80 scf00000000_19 # 20966 # 22267 # -1 # ID=1_19;partial=00;start_type=ATG;rbs_motif=3Base/5BMM;rbs_spacer=13-15bp;gc_cont=0.293
scf00000000:20966-22267|- -            434 1683at2085           -            284   4.4e-07   24.9   2.9   3   3     0.041         5    1.8   0.1    27    80   273   329   269   358 0.70 scf00000000_19 # 20966 # 22267 # -1 # ID=1_19;partial=00;start_type=ATG;rbs_motif=3Base/5BMM;rbs_spacer=13-15bp;gc_cont=0.293
seq00000013:11257-12585|- -            443 1683at2085           -            284   3.5e-06   22.0   2.4   1   1   1.4e-06   0.00017   16.4   2.2     3   104   217   308   215   366 0.82 seq00000013_11 # 11257 # 12585 # -1 # ID=12_11;partial=00;start_type=TTG;rbs_motif=AGGAG;rbs_spacer=5-10bp;gc_cont=0.313
seq00000017:7208-8089|-   -            294 1683at2085           -            284   1.6e-05   19.8   0.1   1   1   2.9e-07   3.6e-05   18.7   0.1     5    26     9    30     6    55 0.85 seq00000017_9 # 7208 # 8089 # -1 # ID=16_9;partial=00;start_type=ATG;rbs_motif=None;rbs_spacer=None;gc_cont=0.291
scf00000000:1561-2352|-   -            264 1683at2085           -            284   5.8e-05   18.0   0.1   1   3      0.17        20   -0.2   0.9    79   150    29   103     8   107 0.64 scf00000000_2 # 1561 # 2352 # -1 # ID=1_2;partial=00;start_type=ATG;rbs_motif=GGA/GAG/AGG;rbs_spacer=3-4bp;gc_cont=0.268
scf00000000:1561-2352|-   -            264 1683at2085           -            284   5.8e-05   18.0   0.1   2   3   4.7e-07   5.8e-05   18.0   0.1     2    27   110   135   109   156 0.86 scf00000000_2 # 1561 # 2352 # -1 # ID=1_2;partial=00;start_type=ATG;rbs_motif=GGA/GAG/AGG;rbs_spacer=3-4bp;gc_cont=0.268
scf00000000:1561-2352|-   -            264 1683at2085           -            284   5.8e-05   18.0   0.1   3   3      0.86   1.1e+02   -2.6   0.1    30    30   205   205   176   242 0.47 scf00000000_2 # 1561 # 2352 # -1 # ID=1_2;partial=00;start_type=ATG;rbs_motif=GGA/GAG/AGG;rbs_spacer=3-4bp;gc_cont=0.268
#
# Program:         hmmsearch
# Version:         3.4 (Aug 2023)
# Pipeline mode:   SEARCH
# Query file:      /home/lgef/Documentos/GitHub/Project_doctoral/IMPLEMENTACAO/Genomes/M_hyopneumoniae/MHP_ncbi_dataset/ncbi_dataset/data/strains/MHP653/Use/busco_downloads/lineages/mycoplasmatales_odb10/hmms/1683at2085.hmm
# Target file:     /home/lgef/Documentos/GitHub/Project_doctoral/IMPLEMENTACAO/Genomes/M_hyopneumoniae/MHP_ncbi_dataset/ncbi_dataset/data/strains/MHP653/Use/busco_complete/prodigal_output/predicted_genes/predicted.faa
# Option settings: hmmsearch --domtblout /home/lgef/Documentos/GitHub/Project_doctoral/IMPLEMENTACAO/Genomes/M_hyopneumoniae/MHP_ncbi_dataset/ncbi_dataset/data/strains/MHP653/Use/busco_complete/run_mycoplasmatales_odb10/hmmer_output/1683at2085.out --cpu 1 /home/lgef/Documentos/GitHub/Project_doctoral/IMPLEMENTACAO/Genomes/M_hyopneumoniae/MHP_ncbi_dataset/ncbi_dataset/data/strains/MHP653/Use/busco_downloads/lineages/mycoplasmatales_odb10/hmms/1683at2085.hmm /home/lgef/Documentos/GitHub/Project_doctoral/IMPLEMENTACAO/Genomes/M_hyopneumoniae/MHP_ncbi_dataset/ncbi_dataset/data/strains/MHP653/Use/busco_complete/prodigal_output/predicted_genes/predicted.faa 
# Current dir:     /home/lgef/Documentos/GitHub/Project_doctoral/IMPLEMENTACAO/Genomes/M_hyopneumoniae/MHP_ncbi_dataset/ncbi_dataset/data/strains/MHP653/Use
# Date:            Thu Nov 28 19:38:40 2024
# [ok]
