#                                                                                 --- full sequence --- -------------- this domain -------------   hmm coord   ali coord   env coord
# target name             accession   tlen query name           accession   qlen   E-value  score  bias   #  of  c-Evalue  i-Evalue  score  bias  from    to  from    to  from    to  acc description of target
#     ------------------- ---------- ----- -------------------- ---------- ----- --------- ------ ----- --- --- --------- --------- ------ ----- ----- ----- ----- ----- ----- ----- ---- ---------------------
seq00000041:172-768|+     -            199 4324at2085           -            135   2.3e-41  136.4   3.5   1   1   5.6e-43   4.6e-41  135.4   3.5     2   134    24   190    23   191 0.78 seq00000041_1 # 172 # 768 # 1 # ID=37_1;partial=00;start_type=ATG;rbs_motif=None;rbs_spacer=None;gc_cont=0.298
scf00000000:20966-22267|- -            434 4324at2085           -            135   3.1e-15   51.8   7.7   1   3   4.8e-10   3.9e-08   28.8   0.1    10    46     3    39     1   129 0.72 scf00000000_19 # 20966 # 22267 # -1 # ID=1_19;partial=00;start_type=ATG;rbs_motif=3Base/5BMM;rbs_spacer=13-15bp;gc_cont=0.293
scf00000000:20966-22267|- -            434 4324at2085           -            135   3.1e-15   51.8   7.7   2   3   6.5e-09   5.4e-07   25.1   0.2    11    60   172   228   163   313 0.64 scf00000000_19 # 20966 # 22267 # -1 # ID=1_19;partial=00;start_type=ATG;rbs_motif=3Base/5BMM;rbs_spacer=13-15bp;gc_cont=0.293
scf00000000:20966-22267|- -            434 4324at2085           -            135   3.1e-15   51.8   7.7   3   3      0.52        43   -0.5   0.4    25    82   353   412   334   421 0.72 scf00000000_19 # 20966 # 22267 # -1 # ID=1_19;partial=00;start_type=ATG;rbs_motif=3Base/5BMM;rbs_spacer=13-15bp;gc_cont=0.293
scf00000000:1561-2352|-   -            264 4324at2085           -            135   5.2e-08   28.4  10.5   1   3     0.019       1.6    4.2   1.0    99   124    41    66     5    72 0.69 scf00000000_2 # 1561 # 2352 # -1 # ID=1_2;partial=00;start_type=ATG;rbs_motif=GGA/GAG/AGG;rbs_spacer=3-4bp;gc_cont=0.268
scf00000000:1561-2352|-   -            264 4324at2085           -            135   5.2e-08   28.4  10.5   2   3      0.59        48   -0.6   0.4    74   119    62   104    55   108 0.56 scf00000000_2 # 1561 # 2352 # -1 # ID=1_2;partial=00;start_type=ATG;rbs_motif=GGA/GAG/AGG;rbs_spacer=3-4bp;gc_cont=0.268
scf00000000:1561-2352|-   -            264 4324at2085           -            135   5.2e-08   28.4  10.5   3   3   1.5e-09   1.2e-07   27.2   1.1    11    88   112   193   103   237 0.74 scf00000000_2 # 1561 # 2352 # -1 # ID=1_2;partial=00;start_type=ATG;rbs_motif=GGA/GAG/AGG;rbs_spacer=3-4bp;gc_cont=0.268
seq00000013:11257-12585|- -            443 4324at2085           -            135   5.5e-08   28.3   4.2   1   2       4.7   3.8e+02   -3.5   0.0    27    49    93   115    88   124 0.63 seq00000013_11 # 11257 # 12585 # -1 # ID=12_11;partial=00;start_type=TTG;rbs_motif=AGGAG;rbs_spacer=5-10bp;gc_cont=0.313
seq00000013:11257-12585|- -            443 4324at2085           -            135   5.5e-08   28.3   4.2   2   2   1.4e-09   1.1e-07   27.3   2.3    12   129   219   350   215   357 0.68 seq00000013_11 # 11257 # 12585 # -1 # ID=12_11;partial=00;start_type=TTG;rbs_motif=AGGAG;rbs_spacer=5-10bp;gc_cont=0.313
seq00000017:7208-8089|-   -            294 4324at2085           -            135   1.2e-06   23.9   3.4   1   1   4.1e-08   3.3e-06   22.6   3.4    12   115     9   129     3   141 0.63 seq00000017_9 # 7208 # 8089 # -1 # ID=16_9;partial=00;start_type=ATG;rbs_motif=None;rbs_spacer=None;gc_cont=0.291
seq00000017:4029-4886|-   -            286 4324at2085           -            135   8.6e-06   21.2   2.5   1   2       0.6        49   -0.7   0.2    96   117    99   120    87   142 0.60 seq00000017_5 # 4029 # 4886 # -1 # ID=16_5;partial=00;start_type=ATG;rbs_motif=3Base/5BMM;rbs_spacer=13-15bp;gc_cont=0.279
seq00000017:4029-4886|-   -            286 4324at2085           -            135   8.6e-06   21.2   2.5   2   2   1.2e-07     1e-05   21.0   0.2    13    77   156   232   150   241 0.73 seq00000017_5 # 4029 # 4886 # -1 # ID=16_5;partial=00;start_type=ATG;rbs_motif=3Base/5BMM;rbs_spacer=13-15bp;gc_cont=0.279
scf00000001:15757-17556|+ -            600 4324at2085           -            135   0.00038   15.9   0.1   1   3       1.3   1.1e+02   -1.7   0.1    77   115    30    68    16    78 0.77 scf00000001_15 # 15757 # 17556 # 1 # ID=2_15;partial=00;start_type=ATG;rbs_motif=GGAG/GAGG;rbs_spacer=5-10bp;gc_cont=0.351
scf00000001:15757-17556|+ -            600 4324at2085           -            135   0.00038   15.9   0.1   2   3   4.7e-06   0.00038   15.9   0.1    12   123   116   236   112   245 0.79 scf00000001_15 # 15757 # 17556 # 1 # ID=2_15;partial=00;start_type=ATG;rbs_motif=GGAG/GAGG;rbs_spacer=5-10bp;gc_cont=0.351
scf00000001:15757-17556|+ -            600 4324at2085           -            135   0.00038   15.9   0.1   3   3       2.5     2e+02   -2.7   0.1    90   116   468   494   448   500 0.74 scf00000001_15 # 15757 # 17556 # 1 # ID=2_15;partial=00;start_type=ATG;rbs_motif=GGAG/GAGG;rbs_spacer=5-10bp;gc_cont=0.351
scf00000000:58438-59697|- -            420 4324at2085           -            135   0.00039   15.9   2.1   1   2   6.7e-06   0.00055   15.4   0.2    10   121   157   273   152   282 0.79 scf00000000_50 # 58438 # 59697 # -1 # ID=1_50;partial=00;start_type=ATG;rbs_motif=AGGA;rbs_spacer=5-10bp;gc_cont=0.309
scf00000000:58438-59697|- -            420 4324at2085           -            135   0.00039   15.9   2.1   2   2      0.69        56   -0.8   0.1    33   101   300   368   294   383 0.69 scf00000000_50 # 58438 # 59697 # -1 # ID=1_50;partial=00;start_type=ATG;rbs_motif=AGGA;rbs_spacer=5-10bp;gc_cont=0.309
seq00000036:1996-4839|+   -            948 4324at2085           -            135    0.0044   12.4   1.9   1   2     0.085       6.9    2.1   0.0    10    29    32    52    24    59 0.80 seq00000036_2 # 1996 # 4839 # 1 # ID=32_2;partial=00;start_type=ATG;rbs_motif=None;rbs_spacer=None;gc_cont=0.328
seq00000036:1996-4839|+   -            948 4324at2085           -            135    0.0044   12.4   1.9   2   2    0.0016      0.13    7.7   0.4    12    36   641   665   637   676 0.89 seq00000036_2 # 1996 # 4839 # 1 # ID=32_2;partial=00;start_type=ATG;rbs_motif=None;rbs_spacer=None;gc_cont=0.328
#
# Program:         hmmsearch
# Version:         3.4 (Aug 2023)
# Pipeline mode:   SEARCH
# Query file:      /home/lgef/Documentos/GitHub/Project_doctoral/IMPLEMENTACAO/Genomes/M_hyopneumoniae/MHP_ncbi_dataset/ncbi_dataset/data/strains/MHP653/Use/busco_downloads/lineages/mycoplasmatales_odb10/hmms/4324at2085.hmm
# Target file:     /home/lgef/Documentos/GitHub/Project_doctoral/IMPLEMENTACAO/Genomes/M_hyopneumoniae/MHP_ncbi_dataset/ncbi_dataset/data/strains/MHP653/Use/busco_complete/prodigal_output/predicted_genes/predicted.faa
# Option settings: hmmsearch --domtblout /home/lgef/Documentos/GitHub/Project_doctoral/IMPLEMENTACAO/Genomes/M_hyopneumoniae/MHP_ncbi_dataset/ncbi_dataset/data/strains/MHP653/Use/busco_complete/run_mycoplasmatales_odb10/hmmer_output/4324at2085.out --cpu 1 /home/lgef/Documentos/GitHub/Project_doctoral/IMPLEMENTACAO/Genomes/M_hyopneumoniae/MHP_ncbi_dataset/ncbi_dataset/data/strains/MHP653/Use/busco_downloads/lineages/mycoplasmatales_odb10/hmms/4324at2085.hmm /home/lgef/Documentos/GitHub/Project_doctoral/IMPLEMENTACAO/Genomes/M_hyopneumoniae/MHP_ncbi_dataset/ncbi_dataset/data/strains/MHP653/Use/busco_complete/prodigal_output/predicted_genes/predicted.faa 
# Current dir:     /home/lgef/Documentos/GitHub/Project_doctoral/IMPLEMENTACAO/Genomes/M_hyopneumoniae/MHP_ncbi_dataset/ncbi_dataset/data/strains/MHP653/Use
# Date:            Thu Nov 28 19:38:42 2024
# [ok]
