#                                                                                 --- full sequence --- -------------- this domain -------------   hmm coord   ali coord   env coord
# target name             accession   tlen query name           accession   qlen   E-value  score  bias   #  of  c-Evalue  i-Evalue  score  bias  from    to  from    to  from    to  acc description of target
#     ------------------- ---------- ----- -------------------- ---------- ----- --------- ------ ----- --- --- --------- --------- ------ ----- ----- ----- ----- ----- ----- ----- ---- ---------------------
seq00000010:26787-28490|- -            568 908at2085            -            403    4e-146  482.1  18.7   1   2   1.1e-85   1.9e-83  275.7  13.0     4   229    16   286    13   304 0.85 seq00000010_25 # 26787 # 28490 # -1 # ID=9_25;partial=00;start_type=ATG;rbs_motif=GGA/GAG/AGG;rbs_spacer=5-10bp;gc_cont=0.323
seq00000010:26787-28490|- -            568 908at2085            -            403    4e-146  482.1  18.7   2   2   2.8e-63   5.2e-61  201.9   0.3   243   398   381   558   354   563 0.85 seq00000010_25 # 26787 # 28490 # -1 # ID=9_25;partial=00;start_type=ATG;rbs_motif=GGA/GAG/AGG;rbs_spacer=5-10bp;gc_cont=0.323
seq00000013:8970-10436|+  -            489 908at2085            -            403     2e-29   97.9   6.5   1   2   7.2e-18   1.3e-15   52.3   4.9    47   229   113   303    76   323 0.82 seq00000013_9 # 8970 # 10436 # 1 # ID=12_9;partial=00;start_type=ATG;rbs_motif=GGA/GAG/AGG;rbs_spacer=11-12bp;gc_cont=0.314
seq00000013:8970-10436|+  -            489 908at2085            -            403     2e-29   97.9   6.5   2   2   1.3e-15   2.3e-13   44.9   0.0   318   378   423   482   397   488 0.78 seq00000013_9 # 8970 # 10436 # 1 # ID=12_9;partial=00;start_type=ATG;rbs_motif=GGA/GAG/AGG;rbs_spacer=11-12bp;gc_cont=0.314
seq00000029:9421-10770|-  -            450 908at2085            -            403   4.5e-29   96.7   7.1   1   2   1.4e-14   2.5e-12   41.5   4.3     3   202    19   247    16   259 0.71 seq00000029_9 # 9421 # 10770 # -1 # ID=25_9;partial=00;start_type=ATG;rbs_motif=None;rbs_spacer=None;gc_cont=0.320
seq00000029:9421-10770|-  -            450 908at2085            -            403   4.5e-29   96.7   7.1   2   2   2.7e-17     5e-15   50.4   0.0   286   383   353   447   329   449 0.83 seq00000029_9 # 9421 # 10770 # -1 # ID=25_9;partial=00;start_type=ATG;rbs_motif=None;rbs_spacer=None;gc_cont=0.320
seq00000009:13523-14524|- -            334 908at2085            -            403   3.9e-07   24.4   0.4   1   2     0.002      0.37    4.8   0.1   106   196    34   133    19   163 0.71 seq00000009_5 # 13523 # 14524 # -1 # ID=8_5;partial=00;start_type=GTG;rbs_motif=AGGA/GGAG/GAGG;rbs_spacer=11-12bp;gc_cont=0.257
seq00000009:13523-14524|- -            334 908at2085            -            403   3.9e-07   24.4   0.4   2   2   1.6e-07     3e-05   18.2   0.0   295   380   246   327   175   332 0.79 seq00000009_5 # 13523 # 14524 # -1 # ID=8_5;partial=00;start_type=GTG;rbs_motif=AGGA/GGAG/GAGG;rbs_spacer=11-12bp;gc_cont=0.257
#
# Program:         hmmsearch
# Version:         3.4 (Aug 2023)
# Pipeline mode:   SEARCH
# Query file:      /home/lgef/Documentos/GitHub/Project_doctoral/IMPLEMENTACAO/Genomes/M_hyopneumoniae/MHP_ncbi_dataset/ncbi_dataset/data/strains/MHP653/Use/busco_downloads/lineages/mycoplasmatales_odb10/hmms/908at2085.hmm
# Target file:     /home/lgef/Documentos/GitHub/Project_doctoral/IMPLEMENTACAO/Genomes/M_hyopneumoniae/MHP_ncbi_dataset/ncbi_dataset/data/strains/MHP653/Use/busco_complete/prodigal_output/predicted_genes/predicted.faa
# Option settings: hmmsearch --domtblout /home/lgef/Documentos/GitHub/Project_doctoral/IMPLEMENTACAO/Genomes/M_hyopneumoniae/MHP_ncbi_dataset/ncbi_dataset/data/strains/MHP653/Use/busco_complete/run_mycoplasmatales_odb10/hmmer_output/908at2085.out --cpu 1 /home/lgef/Documentos/GitHub/Project_doctoral/IMPLEMENTACAO/Genomes/M_hyopneumoniae/MHP_ncbi_dataset/ncbi_dataset/data/strains/MHP653/Use/busco_downloads/lineages/mycoplasmatales_odb10/hmms/908at2085.hmm /home/lgef/Documentos/GitHub/Project_doctoral/IMPLEMENTACAO/Genomes/M_hyopneumoniae/MHP_ncbi_dataset/ncbi_dataset/data/strains/MHP653/Use/busco_complete/prodigal_output/predicted_genes/predicted.faa 
# Current dir:     /home/lgef/Documentos/GitHub/Project_doctoral/IMPLEMENTACAO/Genomes/M_hyopneumoniae/MHP_ncbi_dataset/ncbi_dataset/data/strains/MHP653/Use
# Date:            Thu Nov 28 19:38:43 2024
# [ok]
