#                                                                                   --- full sequence --- -------------- this domain -------------   hmm coord   ali coord   env coord
# target name               accession   tlen query name           accession   qlen   E-value  score  bias   #  of  c-Evalue  i-Evalue  score  bias  from    to  from    to  from    to  acc description of target
#       ------------------- ---------- ----- -------------------- ---------- ----- --------- ------ ----- --- --- --------- --------- ------ ----- ----- ----- ----- ----- ----- ----- ---- ---------------------
NC_007332.1:192006-192863|- -            286 3843at2085           -            213   6.6e-67  220.4   6.9   1   1   1.3e-68     1e-66  219.8   6.9    13   211    37   278    32   280 0.89 NC_007332.1_157 # 192006 # 192863 # -1 # ID=1_157;partial=00;start_type=ATG;rbs_motif=None;rbs_spacer=None;gc_cont=0.277
NC_007332.1:195185-196066|- -            294 3843at2085           -            213   2.5e-07   25.8   5.1   1   2   1.8e-06   0.00014   16.8   0.1   108   172     6    73     1    82 0.73 NC_007332.1_161 # 195185 # 196066 # -1 # ID=1_161;partial=00;start_type=ATG;rbs_motif=None;rbs_spacer=None;gc_cont=0.290
NC_007332.1:195185-196066|- -            294 3843at2085           -            213   2.5e-07   25.8   5.1   2   2     6e-05    0.0046   11.8   2.5    24   106    66   143    65   155 0.78 NC_007332.1_161 # 195185 # 196066 # -1 # ID=1_161;partial=00;start_type=ATG;rbs_motif=None;rbs_spacer=None;gc_cont=0.290
NC_007332.1:586887-587483|- -            199 3843at2085           -            213   6.2e-06   21.2   0.2   1   2   1.7e-07   1.3e-05   20.2   0.0   106   173    35   104    15   115 0.78 NC_007332.1_462 # 586887 # 587483 # -1 # ID=1_462;partial=00;start_type=ATG;rbs_motif=None;rbs_spacer=None;gc_cont=0.293
NC_007332.1:586887-587483|- -            199 3843at2085           -            213   6.2e-06   21.2   0.2   2   2       1.1        85   -2.1   0.1    76    82   149   155   125   182 0.51 NC_007332.1_462 # 586887 # 587483 # -1 # ID=1_462;partial=00;start_type=ATG;rbs_motif=None;rbs_spacer=None;gc_cont=0.293
NC_007332.1:369400-371682|- -            761 3843at2085           -            213     8e-06   20.8   0.7   1   5     1e-07     8e-06   20.8   0.7   103   144    22    63     2    98 0.79 NC_007332.1_312 # 369400 # 371682 # -1 # ID=1_312;partial=00;start_type=ATG;rbs_motif=GGA/GAG/AGG;rbs_spacer=5-10bp;gc_cont=0.253
NC_007332.1:369400-371682|- -            761 3843at2085           -            213     8e-06   20.8   0.7   2   5       0.6        46   -1.3   0.1    67   106   170   208   134   213 0.73 NC_007332.1_312 # 369400 # 371682 # -1 # ID=1_312;partial=00;start_type=ATG;rbs_motif=GGA/GAG/AGG;rbs_spacer=5-10bp;gc_cont=0.253
NC_007332.1:369400-371682|- -            761 3843at2085           -            213     8e-06   20.8   0.7   3   5      0.47        36   -0.9   0.1   147   179   417   449   389   459 0.69 NC_007332.1_312 # 369400 # 371682 # -1 # ID=1_312;partial=00;start_type=ATG;rbs_motif=GGA/GAG/AGG;rbs_spacer=5-10bp;gc_cont=0.253
NC_007332.1:369400-371682|- -            761 3843at2085           -            213     8e-06   20.8   0.7   4   5       1.5   1.2e+02   -2.6   0.1    46    75   561   590   523   597 0.77 NC_007332.1_312 # 369400 # 371682 # -1 # ID=1_312;partial=00;start_type=ATG;rbs_motif=GGA/GAG/AGG;rbs_spacer=5-10bp;gc_cont=0.253
NC_007332.1:369400-371682|- -            761 3843at2085           -            213     8e-06   20.8   0.7   5   5      0.89        68   -1.8   2.0    48   102   697   751   693   758 0.80 NC_007332.1_312 # 369400 # 371682 # -1 # ID=1_312;partial=00;start_type=ATG;rbs_motif=GGA/GAG/AGG;rbs_spacer=5-10bp;gc_cont=0.253
NC_007332.1:116732-119575|- -            948 3843at2085           -            213   2.5e-05   19.2   2.5   1   2    0.0019      0.15    6.9   0.1   100   125    22    48    10    57 0.77 NC_007332.1_96 # 116732 # 119575 # -1 # ID=1_96;partial=00;start_type=ATG;rbs_motif=None;rbs_spacer=None;gc_cont=0.328
NC_007332.1:116732-119575|- -            948 3843at2085           -            213   2.5e-05   19.2   2.5   2   2     9e-05     0.007   11.2   0.6   107   139   637   667   617   677 0.74 NC_007332.1_96 # 116732 # 119575 # -1 # ID=1_96;partial=00;start_type=ATG;rbs_motif=None;rbs_spacer=None;gc_cont=0.328
NC_007332.1:91748-93049|+   -            434 3843at2085           -            213   0.00019   16.3  10.4   1   4   0.00019     0.015   10.1   0.0   109   136     3    30     1    70 0.80 NC_007332.1_74 # 91748 # 93049 # 1 # ID=1_74;partial=00;start_type=ATG;rbs_motif=None;rbs_spacer=None;gc_cont=0.293
NC_007332.1:91748-93049|+   -            434 3843at2085           -            213   0.00019   16.3  10.4   2   4    0.0065       0.5    5.1   0.0    97   162   160   228   153   257 0.67 NC_007332.1_74 # 91748 # 93049 # 1 # ID=1_74;partial=00;start_type=ATG;rbs_motif=None;rbs_spacer=None;gc_cont=0.293
NC_007332.1:91748-93049|+   -            434 3843at2085           -            213   0.00019   16.3  10.4   3   4      0.32        24   -0.4   0.0    74    90   281   297   265   314 0.76 NC_007332.1_74 # 91748 # 93049 # 1 # ID=1_74;partial=00;start_type=ATG;rbs_motif=None;rbs_spacer=None;gc_cont=0.293
NC_007332.1:91748-93049|+   -            434 3843at2085           -            213   0.00019   16.3  10.4   4   4     0.029       2.3    3.0   2.9    13    99   322   411   310   419 0.74 NC_007332.1_74 # 91748 # 93049 # 1 # ID=1_74;partial=00;start_type=ATG;rbs_motif=None;rbs_spacer=None;gc_cont=0.293
NC_007332.1:134736-136814|- -            693 3843at2085           -            213   0.00023   16.0   1.6   1   4    0.0012     0.096    7.5   0.0   107   132    45    70    31    84 0.72 NC_007332.1_106 # 134736 # 136814 # -1 # ID=1_106;partial=00;start_type=ATG;rbs_motif=AGGA;rbs_spacer=5-10bp;gc_cont=0.303
NC_007332.1:134736-136814|- -            693 3843at2085           -            213   0.00023   16.0   1.6   2   4       1.6   1.3e+02   -2.7   0.0    55    86    99   129    75   134 0.65 NC_007332.1_106 # 134736 # 136814 # -1 # ID=1_106;partial=00;start_type=ATG;rbs_motif=AGGA;rbs_spacer=5-10bp;gc_cont=0.303
NC_007332.1:134736-136814|- -            693 3843at2085           -            213   0.00023   16.0   1.6   3   4       2.9   2.2e+02   -3.5   0.1    17    66   190   238   182   255 0.60 NC_007332.1_106 # 134736 # 136814 # -1 # ID=1_106;partial=00;start_type=ATG;rbs_motif=AGGA;rbs_spacer=5-10bp;gc_cont=0.303
NC_007332.1:134736-136814|- -            693 3843at2085           -            213   0.00023   16.0   1.6   4   4     0.005      0.38    5.5   0.0   111   130   438   457   421   481 0.84 NC_007332.1_106 # 134736 # 136814 # -1 # ID=1_106;partial=00;start_type=ATG;rbs_motif=AGGA;rbs_spacer=5-10bp;gc_cont=0.303
NC_007332.1:614066-614782|- -            239 3843at2085           -            213   0.00038   15.4   0.7   1   2   4.9e-06   0.00038   15.4   0.7   104   138    28    62    10    67 0.81 NC_007332.1_481 # 614066 # 614782 # -1 # ID=1_481;partial=00;start_type=ATG;rbs_motif=AGGA;rbs_spacer=5-10bp;gc_cont=0.265
NC_007332.1:614066-614782|- -            239 3843at2085           -            213   0.00038   15.4   0.7   2   2         2   1.6e+02   -3.0   0.1    52    74   105   127   103   131 0.66 NC_007332.1_481 # 614066 # 614782 # -1 # ID=1_481;partial=00;start_type=ATG;rbs_motif=AGGA;rbs_spacer=5-10bp;gc_cont=0.265
NC_007332.1:316703-317605|+ -            301 3843at2085           -            213    0.0011   13.9   0.1   1   1     3e-05    0.0023   12.8   0.1   102   129    27    54     9    57 0.82 NC_007332.1_269 # 316703 # 317605 # 1 # ID=1_269;partial=00;start_type=ATG;rbs_motif=GGA/GAG/AGG;rbs_spacer=5-10bp;gc_cont=0.306
#
# Program:         hmmsearch
# Version:         3.4 (Aug 2023)
# Pipeline mode:   SEARCH
# Query file:      /home/bryan/Documentos/GitHub/Project_doctoral/IMPLEMENTACAO/Genomes/M_hyopneumoniae/strains/7448/Use/busco_downloads/lineages/mycoplasmatales_odb10/hmms/3843at2085.hmm
# Target file:     /home/bryan/Documentos/GitHub/Project_doctoral/IMPLEMENTACAO/Genomes/M_hyopneumoniae/strains/7448/Use/busco_complete/prodigal_output/predicted_genes/predicted.faa
# Option settings: hmmsearch --domtblout /home/bryan/Documentos/GitHub/Project_doctoral/IMPLEMENTACAO/Genomes/M_hyopneumoniae/strains/7448/Use/busco_complete/run_mycoplasmatales_odb10/hmmer_output/3843at2085.out --cpu 1 /home/bryan/Documentos/GitHub/Project_doctoral/IMPLEMENTACAO/Genomes/M_hyopneumoniae/strains/7448/Use/busco_downloads/lineages/mycoplasmatales_odb10/hmms/3843at2085.hmm /home/bryan/Documentos/GitHub/Project_doctoral/IMPLEMENTACAO/Genomes/M_hyopneumoniae/strains/7448/Use/busco_complete/prodigal_output/predicted_genes/predicted.faa 
# Current dir:     /home/bryan/Documentos/GitHub/Project_doctoral/IMPLEMENTACAO/Genomes/M_hyopneumoniae/strains/7448/Use
# Date:            Sun Dec  1 19:06:31 2024
# [ok]
