#                                                                                     --- full sequence --- -------------- this domain -------------   hmm coord   ali coord   env coord
# target name                 accession   tlen query name           accession   qlen   E-value  score  bias   #  of  c-Evalue  i-Evalue  score  bias  from    to  from    to  from    to  acc description of target
#         ------------------- ---------- ----- -------------------- ---------- ----- --------- ------ ----- --- --- --------- --------- ------ ----- ----- ----- ----- ----- ----- ----- ---- ---------------------
NZ_CP157277.1:704214-705548|- -            445 1064at2085           -            350    7e-149  490.9  19.6   1   2   8.6e-57   1.8e-55  183.7   0.3     1   128    10   137    10   144 0.91 NZ_CP157277.1_540 # 704214 # 705548 # -1 # ID=1_540;partial=00;start_type=ATG;rbs_motif=GGA/GAG/AGG;rbs_spacer=11-12bp;gc_cont=0.303
NZ_CP157277.1:704214-705548|- -            445 1064at2085           -            350    7e-149  490.9  19.6   2   2     5e-95     1e-93  309.4  14.0   100   349   147   441   139   442 0.82 NZ_CP157277.1_540 # 704214 # 705548 # -1 # ID=1_540;partial=00;start_type=ATG;rbs_motif=GGA/GAG/AGG;rbs_spacer=11-12bp;gc_cont=0.303
NZ_CP157277.1:450819-452996|+ -            726 1064at2085           -            350   5.6e-78  257.7  11.4   1   3   1.3e-35   2.7e-34  114.0   0.2     2   133    39   177    38   225 0.74 NZ_CP157277.1_372 # 450819 # 452996 # 1 # ID=1_372;partial=00;start_type=ATG;rbs_motif=GGA/GAG/AGG;rbs_spacer=5-10bp;gc_cont=0.304
NZ_CP157277.1:450819-452996|+ -            726 1064at2085           -            350   5.6e-78  257.7  11.4   2   3       4.8        98   -3.0   0.8    96   129   266   292   257   342 0.52 NZ_CP157277.1_372 # 450819 # 452996 # 1 # ID=1_372;partial=00;start_type=ATG;rbs_motif=GGA/GAG/AGG;rbs_spacer=5-10bp;gc_cont=0.304
NZ_CP157277.1:450819-452996|+ -            726 1064at2085           -            350   5.6e-78  257.7  11.4   3   3   3.1e-48   6.4e-47  155.5   5.9   103   289   434   621   389   634 0.86 NZ_CP157277.1_372 # 450819 # 452996 # 1 # ID=1_372;partial=00;start_type=ATG;rbs_motif=GGA/GAG/AGG;rbs_spacer=5-10bp;gc_cont=0.304
NZ_CP157277.1:268273-269802|+ -            510 1064at2085           -            350   5.9e-50  165.5  10.4   1   4   1.7e-15   3.6e-14   47.8   0.2     2    99    11   116    10   121 0.89 NZ_CP157277.1_233 # 268273 # 269802 # 1 # ID=1_233;partial=00;start_type=TTG;rbs_motif=AGGAGG;rbs_spacer=5-10bp;gc_cont=0.319
NZ_CP157277.1:268273-269802|+ -            510 1064at2085           -            350   5.9e-50  165.5  10.4   2   4   2.4e-15     5e-14   47.3   0.4   153   256   127   229   116   251 0.92 NZ_CP157277.1_233 # 268273 # 269802 # 1 # ID=1_233;partial=00;start_type=TTG;rbs_motif=AGGAGG;rbs_spacer=5-10bp;gc_cont=0.319
NZ_CP157277.1:268273-269802|+ -            510 1064at2085           -            350   5.9e-50  165.5  10.4   3   4   0.00045    0.0093   10.3   0.0    16    67   280   331   273   343 0.90 NZ_CP157277.1_233 # 268273 # 269802 # 1 # ID=1_233;partial=00;start_type=TTG;rbs_motif=AGGAGG;rbs_spacer=5-10bp;gc_cont=0.319
NZ_CP157277.1:268273-269802|+ -            510 1064at2085           -            350   5.9e-50  165.5  10.4   4   4   1.4e-20   2.9e-19   64.6   0.2   150   259   381   490   374   502 0.90 NZ_CP157277.1_233 # 268273 # 269802 # 1 # ID=1_233;partial=00;start_type=TTG;rbs_motif=AGGAGG;rbs_spacer=5-10bp;gc_cont=0.319
NZ_CP157277.1:662129-663667|+ -            513 1064at2085           -            350   4.2e-49  162.7  17.3   1   4   2.1e-12   4.4e-11   37.6   0.1     1    97     6   107     6   117 0.84 NZ_CP157277.1_511 # 662129 # 663667 # 1 # ID=1_511;partial=00;start_type=TTG;rbs_motif=AGGA;rbs_spacer=5-10bp;gc_cont=0.320
NZ_CP157277.1:662129-663667|+ -            513 1064at2085           -            350   4.2e-49  162.7  17.3   2   4   2.2e-20   4.5e-19   63.9   0.7   150   272   116   237   109   247 0.92 NZ_CP157277.1_511 # 662129 # 663667 # 1 # ID=1_511;partial=00;start_type=TTG;rbs_motif=AGGA;rbs_spacer=5-10bp;gc_cont=0.320
NZ_CP157277.1:662129-663667|+ -            513 1064at2085           -            350   4.2e-49  162.7  17.3   3   4   5.1e-08     1e-06   23.2   0.2    12    73   278   341   264   369 0.81 NZ_CP157277.1_511 # 662129 # 663667 # 1 # ID=1_511;partial=00;start_type=TTG;rbs_motif=AGGA;rbs_spacer=5-10bp;gc_cont=0.320
NZ_CP157277.1:662129-663667|+ -            513 1064at2085           -            350   4.2e-49  162.7  17.3   4   4   2.1e-15   4.4e-14   47.5   1.7   159   262   391   495   376   502 0.86 NZ_CP157277.1_511 # 662129 # 663667 # 1 # ID=1_511;partial=00;start_type=TTG;rbs_motif=AGGA;rbs_spacer=5-10bp;gc_cont=0.320
NZ_CP157277.1:467576-468736|+ -            387 1064at2085           -            350   4.2e-48  159.4  13.7   1   1   4.6e-49   9.4e-48  158.2  13.7     2   303     8   319     7   360 0.77 NZ_CP157277.1_382 # 467576 # 468736 # 1 # ID=1_382;partial=00;start_type=ATG;rbs_motif=3Base/5BMM;rbs_spacer=13-15bp;gc_cont=0.258
NZ_CP157277.1:573590-574486|- -            299 1064at2085           -            350   1.8e-35  117.9   4.1   1   2   8.3e-21   1.7e-19   65.3   1.0     1   107    60   176    60   194 0.79 NZ_CP157277.1_451 # 573590 # 574486 # -1 # ID=1_451;partial=00;start_type=GTG;rbs_motif=AGGAG;rbs_spacer=5-10bp;gc_cont=0.352
NZ_CP157277.1:573590-574486|- -            299 1064at2085           -            350   1.8e-35  117.9   4.1   2   2   1.9e-17   3.9e-16   54.3   0.1   160   258   180   277   177   284 0.89 NZ_CP157277.1_451 # 573590 # 574486 # -1 # ID=1_451;partial=00;start_type=GTG;rbs_motif=AGGAG;rbs_spacer=5-10bp;gc_cont=0.352
NZ_CP157277.1:241060-242391|+ -            444 1064at2085           -            350   3.5e-35  116.9   3.2   1   2   1.3e-10   2.7e-09   31.8   0.2     3   103    45   160    43   184 0.73 NZ_CP157277.1_217 # 241060 # 242391 # 1 # ID=1_217;partial=00;start_type=ATG;rbs_motif=GGAG/GAGG;rbs_spacer=5-10bp;gc_cont=0.291
NZ_CP157277.1:241060-242391|+ -            444 1064at2085           -            350   3.5e-35  116.9   3.2   2   2   5.5e-27   1.1e-25   85.6   0.2   140   267   242   369   200   375 0.86 NZ_CP157277.1_217 # 241060 # 242391 # 1 # ID=1_217;partial=00;start_type=ATG;rbs_motif=GGAG/GAGG;rbs_spacer=5-10bp;gc_cont=0.291
NZ_CP157277.1:306033-306851|+ -            273 1064at2085           -            350   9.6e-34  112.2   7.7   1   2   9.6e-15     2e-13   45.4   1.9     2   104     2   110     1   117 0.83 NZ_CP157277.1_264 # 306033 # 306851 # 1 # ID=1_264;partial=00;start_type=ATG;rbs_motif=GGA/GAG/AGG;rbs_spacer=5-10bp;gc_cont=0.302
NZ_CP157277.1:306033-306851|+ -            273 1064at2085           -            350   9.6e-34  112.2   7.7   2   2   1.4e-22   2.8e-21   71.2   0.8   153   271   112   229   106   245 0.94 NZ_CP157277.1_264 # 306033 # 306851 # 1 # ID=1_264;partial=00;start_type=ATG;rbs_motif=GGA/GAG/AGG;rbs_spacer=5-10bp;gc_cont=0.302
NZ_CP157277.1:375412-377364|+ -            651 1064at2085           -            350   4.9e-33  109.8  10.8   1   2   8.8e-19   1.8e-17   58.6   4.5     1    95     1    93     1   106 0.93 NZ_CP157277.1_316 # 375412 # 377364 # 1 # ID=1_316;partial=00;start_type=ATG;rbs_motif=GGA/GAG/AGG;rbs_spacer=5-10bp;gc_cont=0.244
NZ_CP157277.1:375412-377364|+ -            651 1064at2085           -            350   4.9e-33  109.8  10.8   2   2   1.6e-17   3.3e-16   54.5   0.6   146   259    99   207    93   229 0.84 NZ_CP157277.1_316 # 375412 # 377364 # 1 # ID=1_316;partial=00;start_type=ATG;rbs_motif=GGA/GAG/AGG;rbs_spacer=5-10bp;gc_cont=0.244
NZ_CP157277.1:306824-307726|+ -            301 1064at2085           -            350   1.1e-32  108.7   2.6   1   2   8.9e-12   1.8e-10   35.6   2.2     2   106     3   132     2   138 0.65 NZ_CP157277.1_265 # 306824 # 307726 # 1 # ID=1_265;partial=00;start_type=ATG;rbs_motif=GGA/GAG/AGG;rbs_spacer=5-10bp;gc_cont=0.305
NZ_CP157277.1:306824-307726|+ -            301 1064at2085           -            350   1.1e-32  108.7   2.6   2   2   6.1e-22   1.3e-20   69.0   0.0   152   282   131   261   125   294 0.86 NZ_CP157277.1_265 # 306824 # 307726 # 1 # ID=1_265;partial=00;start_type=ATG;rbs_motif=GGA/GAG/AGG;rbs_spacer=5-10bp;gc_cont=0.305
NZ_CP157277.1:409465-411852|- -            796 1064at2085           -            350   5.4e-32  106.4   8.5   1   2     4e-19   8.2e-18   59.8   2.3     1   114     1   111     1   124 0.84 NZ_CP157277.1_344 # 409465 # 411852 # -1 # ID=1_344;partial=00;start_type=ATG;rbs_motif=None;rbs_spacer=None;gc_cont=0.252
NZ_CP157277.1:409465-411852|- -            796 1064at2085           -            350   5.4e-32  106.4   8.5   2   2   1.8e-16   3.7e-15   51.1   1.2   157   266   105   213   100   221 0.88 NZ_CP157277.1_344 # 409465 # 411852 # -1 # ID=1_344;partial=00;start_type=ATG;rbs_motif=None;rbs_spacer=None;gc_cont=0.252
NZ_CP157277.1:24881-27208|-   -            776 1064at2085           -            350   5.5e-32  106.4   9.2   1   2   1.7e-20   3.4e-19   64.3   4.5     1   117     1   114     1   125 0.85 NZ_CP157277.1_22 # 24881 # 27208 # -1 # ID=1_22;partial=00;start_type=ATG;rbs_motif=None;rbs_spacer=None;gc_cont=0.267
NZ_CP157277.1:24881-27208|-   -            776 1064at2085           -            350   5.5e-32  106.4   9.2   2   2   1.4e-14   2.8e-13   44.9   0.4   171   258   120   205   112   229 0.87 NZ_CP157277.1_22 # 24881 # 27208 # -1 # ID=1_22;partial=00;start_type=ATG;rbs_motif=None;rbs_spacer=None;gc_cont=0.267
NZ_CP157277.1:642870-645194|- -            775 1064at2085           -            350     9e-31  102.4   8.3   1   4   2.5e-09   5.1e-08   27.6   2.1     8   101    15   113     5   130 0.77 NZ_CP157277.1_498 # 642870 # 645194 # -1 # ID=1_498;partial=00;start_type=ATG;rbs_motif=AGxAG;rbs_spacer=5-10bp;gc_cont=0.277
NZ_CP157277.1:642870-645194|- -            775 1064at2085           -            350     9e-31  102.4   8.3   2   4      0.97        20   -0.7   0.3   106   159   144   196   135   204 0.72 NZ_CP157277.1_498 # 642870 # 645194 # -1 # ID=1_498;partial=00;start_type=ATG;rbs_motif=AGxAG;rbs_spacer=5-10bp;gc_cont=0.277
NZ_CP157277.1:642870-645194|- -            775 1064at2085           -            350     9e-31  102.4   8.3   3   4       1.9        40   -1.7   1.6    70   143   312   385   301   420 0.57 NZ_CP157277.1_498 # 642870 # 645194 # -1 # ID=1_498;partial=00;start_type=ATG;rbs_motif=AGxAG;rbs_spacer=5-10bp;gc_cont=0.277
NZ_CP157277.1:642870-645194|- -            775 1064at2085           -            350     9e-31  102.4   8.3   4   4   1.7e-27   3.4e-26   87.3   0.5   145   271   582   709   523   719 0.79 NZ_CP157277.1_498 # 642870 # 645194 # -1 # ID=1_498;partial=00;start_type=ATG;rbs_motif=AGxAG;rbs_spacer=5-10bp;gc_cont=0.277
NZ_CP157277.1:356435-358399|- -            655 1064at2085           -            350   2.2e-30  101.1  10.7   1   2   2.2e-19   4.4e-18   60.7   6.0     1   126     1   127     1   128 0.87 NZ_CP157277.1_306 # 356435 # 358399 # -1 # ID=1_306;partial=00;start_type=ATG;rbs_motif=GGA/GAG/AGG;rbs_spacer=5-10bp;gc_cont=0.246
NZ_CP157277.1:356435-358399|- -            655 1064at2085           -            350   2.2e-30  101.1  10.7   2   2   9.2e-15   1.9e-13   45.4   0.5   171   268   121   216   110   250 0.86 NZ_CP157277.1_306 # 356435 # 358399 # -1 # ID=1_306;partial=00;start_type=ATG;rbs_motif=GGA/GAG/AGG;rbs_spacer=5-10bp;gc_cont=0.246
NZ_CP157277.1:20099-22375|-   -            759 1064at2085           -            350   6.9e-30   99.5   8.0   1   2   2.3e-19   4.7e-18   60.6   3.7     1   107     1   104     1   120 0.87 NZ_CP157277.1_20 # 20099 # 22375 # -1 # ID=1_20;partial=00;start_type=ATG;rbs_motif=None;rbs_spacer=None;gc_cont=0.253
NZ_CP157277.1:20099-22375|-   -            759 1064at2085           -            350   6.9e-30   99.5   8.0   2   2   3.1e-13   6.5e-12   40.4   0.2   170   258   119   205   107   219 0.90 NZ_CP157277.1_20 # 20099 # 22375 # -1 # ID=1_20;partial=00;start_type=ATG;rbs_motif=None;rbs_spacer=None;gc_cont=0.253
NZ_CP157277.1:645194-646246|- -            351 1064at2085           -            350   1.1e-28   95.6   0.7   1   2   7.5e-08   1.5e-06   22.7   0.2    11    72    26    88     9    94 0.78 NZ_CP157277.1_499 # 645194 # 646246 # -1 # ID=1_499;partial=00;start_type=ATG;rbs_motif=GGxGG;rbs_spacer=5-10bp;gc_cont=0.330
NZ_CP157277.1:645194-646246|- -            351 1064at2085           -            350   1.1e-28   95.6   0.7   2   2   1.2e-22   2.4e-21   71.4   0.0   153   271   133   254   121   263 0.89 NZ_CP157277.1_499 # 645194 # 646246 # -1 # ID=1_499;partial=00;start_type=ATG;rbs_motif=GGxGG;rbs_spacer=5-10bp;gc_cont=0.330
NZ_CP157277.1:234285-235901|- -            539 1064at2085           -            350   1.2e-27   92.1   4.6   1   5   2.4e-13   4.9e-12   40.8   0.8     1    64     1    64     1   104 0.82 NZ_CP157277.1_212 # 234285 # 235901 # -1 # ID=1_212;partial=00;start_type=ATG;rbs_motif=AGGA;rbs_spacer=5-10bp;gc_cont=0.330
NZ_CP157277.1:234285-235901|- -            539 1064at2085           -            350   1.2e-27   92.1   4.6   2   5       1.5        31   -1.3   0.0   248   273    83   109    62   116 0.75 NZ_CP157277.1_212 # 234285 # 235901 # -1 # ID=1_212;partial=00;start_type=ATG;rbs_motif=AGGA;rbs_spacer=5-10bp;gc_cont=0.330
NZ_CP157277.1:234285-235901|- -            539 1064at2085           -            350   1.2e-27   92.1   4.6   3   5   1.9e-09     4e-08   27.9   0.0   171   261   148   234   130   281 0.84 NZ_CP157277.1_212 # 234285 # 235901 # -1 # ID=1_212;partial=00;start_type=ATG;rbs_motif=AGGA;rbs_spacer=5-10bp;gc_cont=0.330
NZ_CP157277.1:234285-235901|- -            539 1064at2085           -            350   1.2e-27   92.1   4.6   4   5      0.01      0.21    5.8   0.0    14    60   334   380   321   395 0.87 NZ_CP157277.1_212 # 234285 # 235901 # -1 # ID=1_212;partial=00;start_type=ATG;rbs_motif=AGGA;rbs_spacer=5-10bp;gc_cont=0.330
NZ_CP157277.1:234285-235901|- -            539 1064at2085           -            350   1.2e-27   92.1   4.6   5   5   1.5e-05   0.00031   15.1   0.0   174   223   443   492   418   535 0.78 NZ_CP157277.1_212 # 234285 # 235901 # -1 # ID=1_212;partial=00;start_type=ATG;rbs_motif=AGGA;rbs_spacer=5-10bp;gc_cont=0.330
NZ_CP157277.1:358476-360758|- -            761 1064at2085           -            350   1.5e-27   91.8  17.7   1   3   7.7e-18   1.6e-16   55.6   4.4     1    94     1    91     1    94 0.90 NZ_CP157277.1_307 # 358476 # 360758 # -1 # ID=1_307;partial=00;start_type=ATG;rbs_motif=GGA/GAG/AGG;rbs_spacer=5-10bp;gc_cont=0.253
NZ_CP157277.1:358476-360758|- -            761 1064at2085           -            350   1.5e-27   91.8  17.7   2   3   9.6e-14     2e-12   42.1   4.3   143   282    95   229    92   307 0.75 NZ_CP157277.1_307 # 358476 # 360758 # -1 # ID=1_307;partial=00;start_type=ATG;rbs_motif=GGA/GAG/AGG;rbs_spacer=5-10bp;gc_cont=0.253
NZ_CP157277.1:358476-360758|- -            761 1064at2085           -            350   1.5e-27   91.8  17.7   3   3       1.5        31   -1.3   0.1    83   126   275   320   266   348 0.53 NZ_CP157277.1_307 # 358476 # 360758 # -1 # ID=1_307;partial=00;start_type=ATG;rbs_motif=GGA/GAG/AGG;rbs_spacer=5-10bp;gc_cont=0.253
NZ_CP157277.1:373002-375320|+ -            773 1064at2085           -            350   2.8e-27   90.9  15.0   1   3   3.2e-17   6.6e-16   53.5   3.2     1    95     1    93     1   103 0.93 NZ_CP157277.1_315 # 373002 # 375320 # 1 # ID=1_315;partial=00;start_type=ATG;rbs_motif=None;rbs_spacer=None;gc_cont=0.261
NZ_CP157277.1:373002-375320|+ -            773 1064at2085           -            350   2.8e-27   90.9  15.0   2   3   1.2e-14   2.5e-13   45.0   1.4   151   268   100   216    93   240 0.84 NZ_CP157277.1_315 # 373002 # 375320 # 1 # ID=1_315;partial=00;start_type=ATG;rbs_motif=None;rbs_spacer=None;gc_cont=0.261
NZ_CP157277.1:373002-375320|+ -            773 1064at2085           -            350   2.8e-27   90.9  15.0   3   3       6.1   1.2e+02   -3.3   0.1    33    94   548   606   529   612 0.66 NZ_CP157277.1_315 # 373002 # 375320 # 1 # ID=1_315;partial=00;start_type=ATG;rbs_motif=None;rbs_spacer=None;gc_cont=0.261
NZ_CP157277.1:788753-790267|+ -            505 1064at2085           -            350   3.5e-27   90.6  18.9   1   4   6.5e-13   1.3e-11   39.4   1.0     2   119     8   130     7   145 0.86 NZ_CP157277.1_604 # 788753 # 790267 # 1 # ID=1_604;partial=00;start_type=ATG;rbs_motif=None;rbs_spacer=None;gc_cont=0.327
NZ_CP157277.1:788753-790267|+ -            505 1064at2085           -            350   3.5e-27   90.6  18.9   2   4   3.9e-06     8e-05   17.1   1.7   154   260   119   224   114   266 0.78 NZ_CP157277.1_604 # 788753 # 790267 # 1 # ID=1_604;partial=00;start_type=ATG;rbs_motif=None;rbs_spacer=None;gc_cont=0.327
NZ_CP157277.1:788753-790267|+ -            505 1064at2085           -            350   3.5e-27   90.6  18.9   3   4    0.0014     0.029    8.6   0.2    16    69   273   325   259   331 0.83 NZ_CP157277.1_604 # 788753 # 790267 # 1 # ID=1_604;partial=00;start_type=ATG;rbs_motif=None;rbs_spacer=None;gc_cont=0.327
NZ_CP157277.1:788753-790267|+ -            505 1064at2085           -            350   3.5e-27   90.6  18.9   4   4   1.9e-12   3.9e-11   37.8   0.8   141   260   370   487   351   497 0.76 NZ_CP157277.1_604 # 788753 # 790267 # 1 # ID=1_604;partial=00;start_type=ATG;rbs_motif=None;rbs_spacer=None;gc_cont=0.327
NZ_CP157277.1:471170-473470|+ -            767 1064at2085           -            350   2.9e-26   87.6  10.4   1   3   5.4e-18   1.1e-16   56.1   2.6     1   126     1   127     1   128 0.86 NZ_CP157277.1_386 # 471170 # 473470 # 1 # ID=1_386;partial=00;start_type=ATG;rbs_motif=GGA/GAG/AGG;rbs_spacer=5-10bp;gc_cont=0.290
NZ_CP157277.1:471170-473470|+ -            767 1064at2085           -            350   2.9e-26   87.6  10.4   2   3   5.2e-12   1.1e-10   36.4   0.2   173   253   123   201   102   212 0.86 NZ_CP157277.1_386 # 471170 # 473470 # 1 # ID=1_386;partial=00;start_type=ATG;rbs_motif=GGA/GAG/AGG;rbs_spacer=5-10bp;gc_cont=0.290
NZ_CP157277.1:471170-473470|+ -            767 1064at2085           -            350   2.9e-26   87.6  10.4   3   3       0.5        10    0.3   0.1    85   157   527   600   521   607 0.82 NZ_CP157277.1_386 # 471170 # 473470 # 1 # ID=1_386;partial=00;start_type=ATG;rbs_motif=GGA/GAG/AGG;rbs_spacer=5-10bp;gc_cont=0.290
NZ_CP157277.1:22567-24807|-   -            747 1064at2085           -            350   9.3e-26   85.9   8.2   1   2   3.1e-17   6.3e-16   53.6   3.5     1   108     1   105     1   115 0.88 NZ_CP157277.1_21 # 22567 # 24807 # -1 # ID=1_21;partial=00;start_type=ATG;rbs_motif=None;rbs_spacer=None;gc_cont=0.258
NZ_CP157277.1:22567-24807|-   -            747 1064at2085           -            350   9.3e-26   85.9   8.2   2   2     2e-11   4.1e-10   34.5   0.4   170   258   119   205    98   219 0.86 NZ_CP157277.1_21 # 22567 # 24807 # -1 # ID=1_21;partial=00;start_type=ATG;rbs_motif=None;rbs_spacer=None;gc_cont=0.258
NZ_CP157277.1:597756-598472|- -            239 1064at2085           -            350   1.2e-24   82.3   2.9   1   2   4.1e-10   8.3e-09   30.2   0.6     1    63     5    68     5    90 0.88 NZ_CP157277.1_468 # 597756 # 598472 # -1 # ID=1_468;partial=00;start_type=ATG;rbs_motif=AGGA;rbs_spacer=5-10bp;gc_cont=0.271
NZ_CP157277.1:597756-598472|- -            239 1064at2085           -            350   1.2e-24   82.3   2.9   2   2   5.8e-17   1.2e-15   52.7   0.1   137   269    94   226    75   233 0.87 NZ_CP157277.1_468 # 597756 # 598472 # -1 # ID=1_468;partial=00;start_type=ATG;rbs_motif=AGGA;rbs_spacer=5-10bp;gc_cont=0.271
NZ_CP157277.1:239658-241070|+ -            471 1064at2085           -            350   4.6e-24   80.3   9.4   1   3       1.9        38   -1.6   0.4   101   152    68   115    37   139 0.51 NZ_CP157277.1_216 # 239658 # 241070 # 1 # ID=1_216;partial=00;start_type=ATG;rbs_motif=AGGAGG;rbs_spacer=5-10bp;gc_cont=0.321
NZ_CP157277.1:239658-241070|+ -            471 1064at2085           -            350   4.6e-24   80.3   9.4   2   3   2.3e-06   4.7e-05   17.8   0.1    14   110   141   251   127   266 0.70 NZ_CP157277.1_216 # 239658 # 241070 # 1 # ID=1_216;partial=00;start_type=ATG;rbs_motif=AGGAGG;rbs_spacer=5-10bp;gc_cont=0.321
NZ_CP157277.1:239658-241070|+ -            471 1064at2085           -            350   4.6e-24   80.3   9.4   3   3   1.2e-21   2.4e-20   68.1   0.9   173   270   272   369   247   375 0.90 NZ_CP157277.1_216 # 239658 # 241070 # 1 # ID=1_216;partial=00;start_type=ATG;rbs_motif=AGGAGG;rbs_spacer=5-10bp;gc_cont=0.321
NZ_CP157277.1:821834-822499|+ -            222 1064at2085           -            350   1.9e-22   75.0   3.8   1   2   1.9e-11     4e-10   34.5   0.3    10    72    27    90    22   114 0.85 NZ_CP157277.1_625 # 821834 # 822499 # 1 # ID=1_625;partial=00;start_type=TTG;rbs_motif=GGA/GAG/AGG;rbs_spacer=5-10bp;gc_cont=0.278
NZ_CP157277.1:821834-822499|+ -            222 1064at2085           -            350   1.9e-22   75.0   3.8   2   2     3e-14   6.2e-13   43.7   0.7   115   243    85   211    83   221 0.81 NZ_CP157277.1_625 # 821834 # 822499 # 1 # ID=1_625;partial=00;start_type=TTG;rbs_motif=GGA/GAG/AGG;rbs_spacer=5-10bp;gc_cont=0.278
NZ_CP157277.1:439955-440725|+ -            257 1064at2085           -            350   2.2e-22   74.8   5.0   1   2   7.1e-07   1.5e-05   19.5   0.4    12    76    22    86     9   131 0.71 NZ_CP157277.1_365 # 439955 # 440725 # 1 # ID=1_365;partial=00;start_type=ATG;rbs_motif=None;rbs_spacer=None;gc_cont=0.266
NZ_CP157277.1:439955-440725|+ -            257 1064at2085           -            350   2.2e-22   74.8   5.0   2   2   1.8e-18   3.6e-17   57.7   1.9   148   267   123   242    75   249 0.78 NZ_CP157277.1_365 # 439955 # 440725 # 1 # ID=1_365;partial=00;start_type=ATG;rbs_motif=None;rbs_spacer=None;gc_cont=0.266
NZ_CP157277.1:873120-874733|+ -            538 1064at2085           -            350   1.1e-19   66.0   9.5   1   2   5.1e-15   1.1e-13   46.3   1.2     2    72   325   395   324   425 0.86 NZ_CP157277.1_660 # 873120 # 874733 # 1 # ID=1_660;partial=00;start_type=ATG;rbs_motif=GGAG/GAGG;rbs_spacer=5-10bp;gc_cont=0.260
NZ_CP157277.1:873120-874733|+ -            538 1064at2085           -            350   1.1e-19   66.0   9.5   2   2   2.9e-08     6e-07   24.0   1.5   157   240   427   514   419   520 0.83 NZ_CP157277.1_660 # 873120 # 874733 # 1 # ID=1_660;partial=00;start_type=ATG;rbs_motif=GGAG/GAGG;rbs_spacer=5-10bp;gc_cont=0.260
NZ_CP157277.1:819611-821224|+ -            538 1064at2085           -            350   2.5e-18   61.5   6.5   1   5       4.6        94   -2.9   0.5    79   106    72    99    65   122 0.60 NZ_CP157277.1_624 # 819611 # 821224 # 1 # ID=1_624;partial=00;start_type=ATG;rbs_motif=AGGAGG;rbs_spacer=5-10bp;gc_cont=0.237
NZ_CP157277.1:819611-821224|+ -            538 1064at2085           -            350   2.5e-18   61.5   6.5   2   5       7.2   1.5e+02   -3.6   0.0    81   125   139   184   131   194 0.69 NZ_CP157277.1_624 # 819611 # 821224 # 1 # ID=1_624;partial=00;start_type=ATG;rbs_motif=AGGAGG;rbs_spacer=5-10bp;gc_cont=0.237
NZ_CP157277.1:819611-821224|+ -            538 1064at2085           -            350   2.5e-18   61.5   6.5   3   5       6.8   1.4e+02   -3.5   0.1   131   150   300   316   289   332 0.60 NZ_CP157277.1_624 # 819611 # 821224 # 1 # ID=1_624;partial=00;start_type=ATG;rbs_motif=AGGAGG;rbs_spacer=5-10bp;gc_cont=0.237
NZ_CP157277.1:819611-821224|+ -            538 1064at2085           -            350   2.5e-18   61.5   6.5   4   5   2.5e-10     5e-09   30.9   0.4     6    71   339   405   334   417 0.87 NZ_CP157277.1_624 # 819611 # 821224 # 1 # ID=1_624;partial=00;start_type=ATG;rbs_motif=AGGAGG;rbs_spacer=5-10bp;gc_cont=0.237
NZ_CP157277.1:819611-821224|+ -            538 1064at2085           -            350   2.5e-18   61.5   6.5   5   5   1.2e-13   2.5e-12   41.8   1.2   153   251   434   534   421   537 0.79 NZ_CP157277.1_624 # 819611 # 821224 # 1 # ID=1_624;partial=00;start_type=ATG;rbs_motif=AGGAGG;rbs_spacer=5-10bp;gc_cont=0.237
NZ_CP157277.1:113670-116513|- -            948 1064at2085           -            350   8.7e-16   53.1   5.0   1   4     0.015      0.31    5.3   0.1    15    42    19    46    13    57 0.90 NZ_CP157277.1_95 # 113670 # 116513 # -1 # ID=1_95;partial=00;start_type=ATG;rbs_motif=None;rbs_spacer=None;gc_cont=0.328
NZ_CP157277.1:113670-116513|- -            948 1064at2085           -            350   8.7e-16   53.1   5.0   2   4   7.3e-07   1.5e-05   19.5   0.0   153   249   467   563   447   601 0.77 NZ_CP157277.1_95 # 113670 # 116513 # -1 # ID=1_95;partial=00;start_type=ATG;rbs_motif=None;rbs_spacer=None;gc_cont=0.328
NZ_CP157277.1:113670-116513|- -            948 1064at2085           -            350   8.7e-16   53.1   5.0   3   4   8.4e-06   0.00017   16.0   0.4    15    47   626   658   618   680 0.82 NZ_CP157277.1_95 # 113670 # 116513 # -1 # ID=1_95;partial=00;start_type=ATG;rbs_motif=None;rbs_spacer=None;gc_cont=0.328
NZ_CP157277.1:113670-116513|- -            948 1064at2085           -            350   8.7e-16   53.1   5.0   4   4   0.00025    0.0052   11.1   0.0   174   251   829   907   811   940 0.74 NZ_CP157277.1_95 # 113670 # 116513 # -1 # ID=1_95;partial=00;start_type=ATG;rbs_motif=None;rbs_spacer=None;gc_cont=0.328
NZ_CP157277.1:871529-873127|+ -            533 1064at2085           -            350   1.7e-13   45.6   7.8   1   3         3        61   -2.3   0.2   126   154   211   241   199   255 0.74 NZ_CP157277.1_659 # 871529 # 873127 # 1 # ID=1_659;partial=00;start_type=ATG;rbs_motif=AGGAGG;rbs_spacer=5-10bp;gc_cont=0.253
NZ_CP157277.1:871529-873127|+ -            533 1064at2085           -            350   1.7e-13   45.6   7.8   2   3   9.2e-10   1.9e-08   29.0   0.7     2    71   327   397   326   427 0.81 NZ_CP157277.1_659 # 871529 # 873127 # 1 # ID=1_659;partial=00;start_type=ATG;rbs_motif=AGGAGG;rbs_spacer=5-10bp;gc_cont=0.253
NZ_CP157277.1:871529-873127|+ -            533 1064at2085           -            350   1.7e-13   45.6   7.8   3   3   3.9e-07   8.1e-06   20.3   0.1   158   250   432   524   413   532 0.78 NZ_CP157277.1_659 # 871529 # 873127 # 1 # ID=1_659;partial=00;start_type=ATG;rbs_motif=AGGAGG;rbs_spacer=5-10bp;gc_cont=0.253
NZ_CP157277.1:817990-819600|+ -            537 1064at2085           -            350   4.3e-13   44.2   0.2   1   2   5.6e-10   1.1e-08   29.7   0.1     2    72   334   406   333   433 0.84 NZ_CP157277.1_623 # 817990 # 819600 # 1 # ID=1_623;partial=00;start_type=ATG;rbs_motif=AGGA;rbs_spacer=5-10bp;gc_cont=0.235
NZ_CP157277.1:817990-819600|+ -            537 1064at2085           -            350   4.3e-13   44.2   0.2   2   2   0.00015    0.0032   11.8   0.0   174   231   460   514   440   535 0.72 NZ_CP157277.1_623 # 817990 # 819600 # 1 # ID=1_623;partial=00;start_type=ATG;rbs_motif=AGGA;rbs_spacer=5-10bp;gc_cont=0.235
NZ_CP157277.1:164608-166647|+ -            680 1064at2085           -            350   1.6e-09   32.5   5.2   1   3       2.9        59   -2.2   0.1    68    86   113   131    80   145 0.68 NZ_CP157277.1_147 # 164608 # 166647 # 1 # ID=1_147;partial=00;start_type=ATG;rbs_motif=None;rbs_spacer=None;gc_cont=0.247
NZ_CP157277.1:164608-166647|+ -            680 1064at2085           -            350   1.6e-09   32.5   5.2   2   3   8.8e-06   0.00018   15.9   0.5     2    94   470   561   469   584 0.80 NZ_CP157277.1_147 # 164608 # 166647 # 1 # ID=1_147;partial=00;start_type=ATG;rbs_motif=None;rbs_spacer=None;gc_cont=0.247
NZ_CP157277.1:164608-166647|+ -            680 1064at2085           -            350   1.6e-09   32.5   5.2   3   3   2.4e-06   4.9e-05   17.8   0.1   165   239   589   661   568   666 0.88 NZ_CP157277.1_147 # 164608 # 166647 # 1 # ID=1_147;partial=00;start_type=ATG;rbs_motif=None;rbs_spacer=None;gc_cont=0.247
NZ_CP157277.1:19711-19944|-   -             78 1064at2085           -            350   0.00031   15.1   0.5   1   1   1.5e-05   0.00031   15.1   0.5    64   115     7    58     1    74 0.68 NZ_CP157277.1_19 # 19711 # 19944 # -1 # ID=1_19;partial=00;start_type=TTG;rbs_motif=None;rbs_spacer=None;gc_cont=0.248
#
# Program:         hmmsearch
# Version:         3.4 (Aug 2023)
# Pipeline mode:   SEARCH
# Query file:      /home/bryan/Documentos/GitHub/Project_doctoral/IMPLEMENTACAO/Genomes/M_hyopneumoniae/strains/116/Use/busco_downloads/lineages/mycoplasmatales_odb10/hmms/1064at2085.hmm
# Target file:     /home/bryan/Documentos/GitHub/Project_doctoral/IMPLEMENTACAO/Genomes/M_hyopneumoniae/strains/116/Use/busco_complete/prodigal_output/predicted_genes/predicted.faa
# Option settings: hmmsearch --domtblout /home/bryan/Documentos/GitHub/Project_doctoral/IMPLEMENTACAO/Genomes/M_hyopneumoniae/strains/116/Use/busco_complete/run_mycoplasmatales_odb10/hmmer_output/1064at2085.out --cpu 1 /home/bryan/Documentos/GitHub/Project_doctoral/IMPLEMENTACAO/Genomes/M_hyopneumoniae/strains/116/Use/busco_downloads/lineages/mycoplasmatales_odb10/hmms/1064at2085.hmm /home/bryan/Documentos/GitHub/Project_doctoral/IMPLEMENTACAO/Genomes/M_hyopneumoniae/strains/116/Use/busco_complete/prodigal_output/predicted_genes/predicted.faa 
# Current dir:     /home/bryan/Documentos/GitHub/Project_doctoral/IMPLEMENTACAO/Genomes/M_hyopneumoniae/strains/116/Use
# Date:            Sun Dec  1 19:02:20 2024
# [ok]
