#                                                                                     --- full sequence --- -------------- this domain -------------   hmm coord   ali coord   env coord
# target name                 accession   tlen query name           accession   qlen   E-value  score  bias   #  of  c-Evalue  i-Evalue  score  bias  from    to  from    to  from    to  acc description of target
#         ------------------- ---------- ----- -------------------- ---------- ----- --------- ------ ----- --- --- --------- --------- ------ ----- ----- ----- ----- ----- ----- ----- ---- ---------------------
NZ_CP157277.1:7840-8841|+     -            334 1633at2085           -            266     3e-99  327.1  14.5   1   1   2.2e-99   3.7e-97  320.2  14.5     9   265    21   326    16   327 0.86 NZ_CP157277.1_8 # 7840 # 8841 # 1 # ID=1_8;partial=00;start_type=ATG;rbs_motif=AGGA;rbs_spacer=5-10bp;gc_cont=0.324
NZ_CP157277.1:63886-65208|+   -            441 1633at2085           -            266   1.1e-42  141.6   9.3   1   3      0.18        31   -0.8   0.4    11    62    14    62     5    91 0.40 NZ_CP157277.1_57 # 63886 # 65208 # 1 # ID=1_57;partial=00;start_type=ATG;rbs_motif=None;rbs_spacer=None;gc_cont=0.314
NZ_CP157277.1:63886-65208|+   -            441 1633at2085           -            266   1.1e-42  141.6   9.3   2   3   6.7e-45   1.1e-42  141.6   9.3    52   257    74   287    27   294 0.86 NZ_CP157277.1_57 # 63886 # 65208 # 1 # ID=1_57;partial=00;start_type=ATG;rbs_motif=None;rbs_spacer=None;gc_cont=0.314
NZ_CP157277.1:63886-65208|+   -            441 1633at2085           -            266   1.1e-42  141.6   9.3   3   3      0.53        90   -2.3   0.1    56    72   362   378   326   385 0.51 NZ_CP157277.1_57 # 63886 # 65208 # 1 # ID=1_57;partial=00;start_type=ATG;rbs_motif=None;rbs_spacer=None;gc_cont=0.314
NZ_CP157277.1:306824-307726|+ -            301 1633at2085           -            266    0.0017   13.1   2.4   1   2   1.5e-05    0.0025   12.6   0.3    52    97     8    53     1    58 0.85 NZ_CP157277.1_265 # 306824 # 307726 # 1 # ID=1_265;partial=00;start_type=ATG;rbs_motif=GGA/GAG/AGG;rbs_spacer=5-10bp;gc_cont=0.305
NZ_CP157277.1:306824-307726|+ -            301 1633at2085           -            266    0.0017   13.1   2.4   2   2      0.11        18   -0.1   0.1    19    60    87   129    73   147 0.74 NZ_CP157277.1_265 # 306824 # 307726 # 1 # ID=1_265;partial=00;start_type=ATG;rbs_motif=GGA/GAG/AGG;rbs_spacer=5-10bp;gc_cont=0.305
NZ_CP157277.1:800774-801193|- -            140 1633at2085           -            266    0.0019   13.0   1.4   1   1     2e-05    0.0034   12.2   1.4    60   100    17    59     4    67 0.73 NZ_CP157277.1_614 # 800774 # 801193 # -1 # ID=1_614;partial=00;start_type=ATG;rbs_motif=None;rbs_spacer=None;gc_cont=0.245
#
# Program:         hmmsearch
# Version:         3.4 (Aug 2023)
# Pipeline mode:   SEARCH
# Query file:      /home/bryan/Documentos/GitHub/Project_doctoral/IMPLEMENTACAO/Genomes/M_hyopneumoniae/strains/116/Use/busco_downloads/lineages/mycoplasmatales_odb10/hmms/1633at2085.hmm
# Target file:     /home/bryan/Documentos/GitHub/Project_doctoral/IMPLEMENTACAO/Genomes/M_hyopneumoniae/strains/116/Use/busco_complete/prodigal_output/predicted_genes/predicted.faa
# Option settings: hmmsearch --domtblout /home/bryan/Documentos/GitHub/Project_doctoral/IMPLEMENTACAO/Genomes/M_hyopneumoniae/strains/116/Use/busco_complete/run_mycoplasmatales_odb10/hmmer_output/1633at2085.out --cpu 1 /home/bryan/Documentos/GitHub/Project_doctoral/IMPLEMENTACAO/Genomes/M_hyopneumoniae/strains/116/Use/busco_downloads/lineages/mycoplasmatales_odb10/hmms/1633at2085.hmm /home/bryan/Documentos/GitHub/Project_doctoral/IMPLEMENTACAO/Genomes/M_hyopneumoniae/strains/116/Use/busco_complete/prodigal_output/predicted_genes/predicted.faa 
# Current dir:     /home/bryan/Documentos/GitHub/Project_doctoral/IMPLEMENTACAO/Genomes/M_hyopneumoniae/strains/116/Use
# Date:            Sun Dec  1 19:02:22 2024
# [ok]
