#                                                                                     --- full sequence --- -------------- this domain -------------   hmm coord   ali coord   env coord
# target name                 accession   tlen query name           accession   qlen   E-value  score  bias   #  of  c-Evalue  i-Evalue  score  bias  from    to  from    to  from    to  acc description of target
#         ------------------- ---------- ----- -------------------- ---------- ----- --------- ------ ----- --- --- --------- --------- ------ ----- ----- ----- ----- ----- ----- ----- ---- ---------------------
NZ_CP157277.1:518585-519541|+ -            319 1978at2085           -            276  1.6e-109  361.1  12.5   1   1  1.4e-111  2.4e-109  360.5  12.5     1   275     8   313     8   314 0.92 NZ_CP157277.1_423 # 518585 # 519541 # 1 # ID=1_423;partial=00;start_type=ATG;rbs_motif=None;rbs_spacer=None;gc_cont=0.318
NZ_CP157277.1:300126-302279|+ -            718 1978at2085           -            276   7.7e-07   24.3   9.7   1   2   4.5e-09   7.7e-07   24.3   9.7     1   226    15   259    15   307 0.57 NZ_CP157277.1_257 # 300126 # 302279 # 1 # ID=1_257;partial=00;start_type=GTG;rbs_motif=GGA/GAG/AGG;rbs_spacer=5-10bp;gc_cont=0.262
NZ_CP157277.1:300126-302279|+ -            718 1978at2085           -            276   7.7e-07   24.3   9.7   2   2      0.41        70   -1.8   0.2   240   260   658   678   507   694 0.59 NZ_CP157277.1_257 # 300126 # 302279 # 1 # ID=1_257;partial=00;start_type=GTG;rbs_motif=GGA/GAG/AGG;rbs_spacer=5-10bp;gc_cont=0.262
NZ_CP157277.1:86495-87184|+   -            230 1978at2085           -            276   4.3e-05   18.5   2.1   1   2   0.00032     0.054    8.4   0.0    36    58     9    31     5    61 0.88 NZ_CP157277.1_70 # 86495 # 87184 # 1 # ID=1_70;partial=00;start_type=ATG;rbs_motif=4Base/6BMM;rbs_spacer=13-15bp;gc_cont=0.296
NZ_CP157277.1:86495-87184|+   -            230 1978at2085           -            276   4.3e-05   18.5   2.1   2   2   0.00013     0.023    9.6   0.6    93   167   122   195    79   228 0.74 NZ_CP157277.1_70 # 86495 # 87184 # 1 # ID=1_70;partial=00;start_type=ATG;rbs_motif=4Base/6BMM;rbs_spacer=13-15bp;gc_cont=0.296
NZ_CP157277.1:228356-230503|+ -            716 1978at2085           -            276   9.6e-05   17.4   0.0   1   2   2.1e-06   0.00036   15.5   0.0    30    96   260   334   226   338 0.73 NZ_CP157277.1_208 # 228356 # 230503 # 1 # ID=1_208;partial=00;start_type=ATG;rbs_motif=GGAGG;rbs_spacer=5-10bp;gc_cont=0.367
NZ_CP157277.1:228356-230503|+ -            716 1978at2085           -            276   9.6e-05   17.4   0.0   2   2      0.81   1.4e+02   -2.8   0.0   160   190   401   435   368   452 0.52 NZ_CP157277.1_208 # 228356 # 230503 # 1 # ID=1_208;partial=00;start_type=ATG;rbs_motif=GGAGG;rbs_spacer=5-10bp;gc_cont=0.367
#
# Program:         hmmsearch
# Version:         3.4 (Aug 2023)
# Pipeline mode:   SEARCH
# Query file:      /home/bryan/Documentos/GitHub/Project_doctoral/IMPLEMENTACAO/Genomes/M_hyopneumoniae/strains/116/Use/busco_downloads/lineages/mycoplasmatales_odb10/hmms/1978at2085.hmm
# Target file:     /home/bryan/Documentos/GitHub/Project_doctoral/IMPLEMENTACAO/Genomes/M_hyopneumoniae/strains/116/Use/busco_complete/prodigal_output/predicted_genes/predicted.faa
# Option settings: hmmsearch --domtblout /home/bryan/Documentos/GitHub/Project_doctoral/IMPLEMENTACAO/Genomes/M_hyopneumoniae/strains/116/Use/busco_complete/run_mycoplasmatales_odb10/hmmer_output/1978at2085.out --cpu 1 /home/bryan/Documentos/GitHub/Project_doctoral/IMPLEMENTACAO/Genomes/M_hyopneumoniae/strains/116/Use/busco_downloads/lineages/mycoplasmatales_odb10/hmms/1978at2085.hmm /home/bryan/Documentos/GitHub/Project_doctoral/IMPLEMENTACAO/Genomes/M_hyopneumoniae/strains/116/Use/busco_complete/prodigal_output/predicted_genes/predicted.faa 
# Current dir:     /home/bryan/Documentos/GitHub/Project_doctoral/IMPLEMENTACAO/Genomes/M_hyopneumoniae/strains/116/Use
# Date:            Sun Dec  1 19:02:23 2024
# [ok]
