#                                                                                     --- full sequence --- -------------- this domain -------------   hmm coord   ali coord   env coord
# target name                 accession   tlen query name           accession   qlen   E-value  score  bias   #  of  c-Evalue  i-Evalue  score  bias  from    to  from    to  from    to  acc description of target
#         ------------------- ---------- ----- -------------------- ---------- ----- --------- ------ ----- --- --- --------- --------- ------ ----- ----- ----- ----- ----- ----- ----- ---- ---------------------
NZ_CP157277.1:167874-168755|+ -            294 2656at2085           -            232   6.1e-67  220.6  11.6   1   2   6.2e-41   5.2e-39  129.2   4.2     1   122     9   134     9   156 0.90 NZ_CP157277.1_151 # 167874 # 168755 # 1 # ID=1_151;partial=00;start_type=ATG;rbs_motif=None;rbs_spacer=None;gc_cont=0.291
NZ_CP157277.1:167874-168755|+ -            294 2656at2085           -            232   6.1e-67  220.6  11.6   2   2   7.3e-31   6.2e-29   96.2   0.8   119   232   159   293   147   293 0.81 NZ_CP157277.1_151 # 167874 # 168755 # 1 # ID=1_151;partial=00;start_type=ATG;rbs_motif=None;rbs_spacer=None;gc_cont=0.291
NZ_CP157277.1:87202-88503|+   -            434 2656at2085           -            232   4.1e-42  139.4   2.4   1   3   1.3e-21   1.1e-19   65.9   0.9     1   116     5   125     5   137 0.84 NZ_CP157277.1_71 # 87202 # 88503 # 1 # ID=1_71;partial=00;start_type=ATG;rbs_motif=3Base/5BMM;rbs_spacer=13-15bp;gc_cont=0.291
NZ_CP157277.1:87202-88503|+   -            434 2656at2085           -            232   4.1e-42  139.4   2.4   2   3   2.2e-23   1.9e-21   71.8   0.0     2   122   174   302   173   316 0.84 NZ_CP157277.1_71 # 87202 # 88503 # 1 # ID=1_71;partial=00;start_type=ATG;rbs_motif=3Base/5BMM;rbs_spacer=13-15bp;gc_cont=0.291
NZ_CP157277.1:87202-88503|+   -            434 2656at2085           -            232   4.1e-42  139.4   2.4   3   3       0.5        43   -1.4   0.1   116   145   329   358   316   365 0.62 NZ_CP157277.1_71 # 87202 # 88503 # 1 # ID=1_71;partial=00;start_type=ATG;rbs_motif=3Base/5BMM;rbs_spacer=13-15bp;gc_cont=0.291
NZ_CP157277.1:232913-234241|- -            443 2656at2085           -            232   4.6e-18   60.7   5.8   1   2      0.21        18   -0.2   0.3   168   200   127   159   112   187 0.64 NZ_CP157277.1_211 # 232913 # 234241 # -1 # ID=1_211;partial=00;start_type=TTG;rbs_motif=AGGAG;rbs_spacer=5-10bp;gc_cont=0.312
NZ_CP157277.1:232913-234241|- -            443 2656at2085           -            232   4.6e-18   60.7   5.8   2   2   5.4e-20   4.6e-18   60.7   5.8     2   116   220   338   219   384 0.79 NZ_CP157277.1_211 # 232913 # 234241 # -1 # ID=1_211;partial=00;start_type=TTG;rbs_motif=AGGAG;rbs_spacer=5-10bp;gc_cont=0.312
NZ_CP157277.1:570561-571157|- -            199 2656at2085           -            232   1.7e-12   42.4   2.1   1   1   2.7e-14   2.3e-12   42.0   2.1     2   132    41   179    40   197 0.71 NZ_CP157277.1_448 # 570561 # 571157 # -1 # ID=1_448;partial=00;start_type=ATG;rbs_motif=None;rbs_spacer=None;gc_cont=0.296
NZ_CP157277.1:107102-107893|+ -            264 2656at2085           -            232   9.2e-11   36.8   9.4   1   2      0.01      0.85    4.2   2.7    70   124     9    64     2   100 0.76 NZ_CP157277.1_88 # 107102 # 107893 # 1 # ID=1_88;partial=00;start_type=ATG;rbs_motif=GGA/GAG/AGG;rbs_spacer=3-4bp;gc_cont=0.264
NZ_CP157277.1:107102-107893|+ -            264 2656at2085           -            232   9.2e-11   36.8   9.4   2   2   1.5e-12   1.2e-10   36.4   0.2     3    66   115   174   113   180 0.88 NZ_CP157277.1_88 # 107102 # 107893 # 1 # ID=1_88;partial=00;start_type=ATG;rbs_motif=GGA/GAG/AGG;rbs_spacer=3-4bp;gc_cont=0.264
NZ_CP157277.1:342127-343230|- -            368 2656at2085           -            232   2.4e-08   28.9   3.0   1   1   6.4e-09   5.4e-07   24.4   2.5     2   143     6   162     5   214 0.71 NZ_CP157277.1_294 # 342127 # 343230 # -1 # ID=1_294;partial=00;start_type=ATG;rbs_motif=None;rbs_spacer=None;gc_cont=0.295
NZ_CP157277.1:49783-51042|+   -            420 2656at2085           -            232   2.8e-08   28.6   2.9   1   1   6.3e-10   5.3e-08   27.7   2.8     1   111   159   274   159   389 0.78 NZ_CP157277.1_40 # 49783 # 51042 # 1 # ID=1_40;partial=00;start_type=ATG;rbs_motif=AGGA;rbs_spacer=5-10bp;gc_cont=0.311
NZ_CP157277.1:171075-171932|+ -            286 2656at2085           -            232   2.3e-06   22.4   7.4   1   2     0.021       1.8    3.1   2.0    57   113    83   140    52   154 0.68 NZ_CP157277.1_155 # 171075 # 171932 # 1 # ID=1_155;partial=00;start_type=ATG;rbs_motif=3Base/5BMM;rbs_spacer=13-15bp;gc_cont=0.277
NZ_CP157277.1:171075-171932|+ -            286 2656at2085           -            232   2.3e-06   22.4   7.4   2   2     3e-08   2.6e-06   22.2   0.3     3    68   157   224   155   235 0.72 NZ_CP157277.1_155 # 171075 # 171932 # 1 # ID=1_155;partial=00;start_type=ATG;rbs_motif=3Base/5BMM;rbs_spacer=13-15bp;gc_cont=0.277
#
# Program:         hmmsearch
# Version:         3.4 (Aug 2023)
# Pipeline mode:   SEARCH
# Query file:      /home/bryan/Documentos/GitHub/Project_doctoral/IMPLEMENTACAO/Genomes/M_hyopneumoniae/strains/116/Use/busco_downloads/lineages/mycoplasmatales_odb10/hmms/2656at2085.hmm
# Target file:     /home/bryan/Documentos/GitHub/Project_doctoral/IMPLEMENTACAO/Genomes/M_hyopneumoniae/strains/116/Use/busco_complete/prodigal_output/predicted_genes/predicted.faa
# Option settings: hmmsearch --domtblout /home/bryan/Documentos/GitHub/Project_doctoral/IMPLEMENTACAO/Genomes/M_hyopneumoniae/strains/116/Use/busco_complete/run_mycoplasmatales_odb10/hmmer_output/2656at2085.out --cpu 1 /home/bryan/Documentos/GitHub/Project_doctoral/IMPLEMENTACAO/Genomes/M_hyopneumoniae/strains/116/Use/busco_downloads/lineages/mycoplasmatales_odb10/hmms/2656at2085.hmm /home/bryan/Documentos/GitHub/Project_doctoral/IMPLEMENTACAO/Genomes/M_hyopneumoniae/strains/116/Use/busco_complete/prodigal_output/predicted_genes/predicted.faa 
# Current dir:     /home/bryan/Documentos/GitHub/Project_doctoral/IMPLEMENTACAO/Genomes/M_hyopneumoniae/strains/116/Use
# Date:            Sun Dec  1 19:02:24 2024
# [ok]
