#                                                                                     --- full sequence --- -------------- this domain -------------   hmm coord   ali coord   env coord
# target name                 accession   tlen query name           accession   qlen   E-value  score  bias   #  of  c-Evalue  i-Evalue  score  bias  from    to  from    to  from    to  acc description of target
#         ------------------- ---------- ----- -------------------- ---------- ----- --------- ------ ----- --- --- --------- --------- ------ ----- ----- ----- ----- ----- ----- ----- ---- ---------------------
NZ_CP157277.1:892580-895048|+ -            823 534at2085            -            678  1.6e-263  871.3  55.1   1   2  1.2e-255    2e-253  837.9  47.3    14   658    28   751     1   767 0.85 NZ_CP157277.1_672 # 892580 # 895048 # 1 # ID=1_672;partial=00;start_type=ATG;rbs_motif=AGGA;rbs_spacer=5-10bp;gc_cont=0.299
NZ_CP157277.1:892580-895048|+ -            823 534at2085            -            678  1.6e-263  871.3  55.1   2   2   6.1e-11     1e-08   29.2   5.4   625   678   766   819   741   819 0.83 NZ_CP157277.1_672 # 892580 # 895048 # 1 # ID=1_672;partial=00;start_type=ATG;rbs_motif=AGGA;rbs_spacer=5-10bp;gc_cont=0.299
NZ_CP157277.1:33459-36119|-   -            887 534at2085            -            678     7e-68  224.7  25.7   1   3   4.6e-26   7.8e-24   79.2   0.4     7   209    40   248    34   278 0.82 NZ_CP157277.1_30 # 33459 # 36119 # -1 # ID=1_30;partial=00;start_type=ATG;rbs_motif=AGGA;rbs_spacer=5-10bp;gc_cont=0.306
NZ_CP157277.1:33459-36119|-   -            887 534at2085            -            678     7e-68  224.7  25.7   2   3   1.7e-20   2.9e-18   60.7   0.3   217   382   293   468   288   481 0.80 NZ_CP157277.1_30 # 33459 # 36119 # -1 # ID=1_30;partial=00;start_type=ATG;rbs_motif=AGGA;rbs_spacer=5-10bp;gc_cont=0.306
NZ_CP157277.1:33459-36119|-   -            887 534at2085            -            678     7e-68  224.7  25.7   3   3   3.6e-30   6.1e-28   92.7  13.2   371   636   489   757   476   794 0.75 NZ_CP157277.1_30 # 33459 # 36119 # -1 # ID=1_30;partial=00;start_type=ATG;rbs_motif=AGGA;rbs_spacer=5-10bp;gc_cont=0.306
NZ_CP157277.1:842603-844975|- -            791 534at2085            -            678   4.3e-38  126.3  20.2   1   6   3.2e-13   5.5e-11   36.7   0.0    14   169    26   171    13   176 0.79 NZ_CP157277.1_642 # 842603 # 844975 # -1 # ID=1_642;partial=00;start_type=ATG;rbs_motif=GGA/GAG/AGG;rbs_spacer=5-10bp;gc_cont=0.306
NZ_CP157277.1:842603-844975|- -            791 534at2085            -            678   4.3e-38  126.3  20.2   2   6   5.2e-06   0.00089   12.9   0.2   308   365   177   233   168   238 0.88 NZ_CP157277.1_642 # 842603 # 844975 # -1 # ID=1_642;partial=00;start_type=ATG;rbs_motif=GGA/GAG/AGG;rbs_spacer=5-10bp;gc_cont=0.306
NZ_CP157277.1:842603-844975|- -            791 534at2085            -            678   4.3e-38  126.3  20.2   3   6      0.02       3.4    1.1   0.1   174   208   229   264   221   281 0.82 NZ_CP157277.1_642 # 842603 # 844975 # -1 # ID=1_642;partial=00;start_type=ATG;rbs_motif=GGA/GAG/AGG;rbs_spacer=5-10bp;gc_cont=0.306
NZ_CP157277.1:842603-844975|- -            791 534at2085            -            678   4.3e-38  126.3  20.2   4   6   1.6e-08   2.7e-06   21.2   0.1   216   300   302   391   296   397 0.86 NZ_CP157277.1_642 # 842603 # 844975 # -1 # ID=1_642;partial=00;start_type=ATG;rbs_motif=GGA/GAG/AGG;rbs_spacer=5-10bp;gc_cont=0.306
NZ_CP157277.1:842603-844975|- -            791 534at2085            -            678   4.3e-38  126.3  20.2   5   6   1.8e-05    0.0031   11.1   0.0   359   388   398   427   393   440 0.84 NZ_CP157277.1_642 # 842603 # 844975 # -1 # ID=1_642;partial=00;start_type=ATG;rbs_motif=GGA/GAG/AGG;rbs_spacer=5-10bp;gc_cont=0.306
NZ_CP157277.1:842603-844975|- -            791 534at2085            -            678   4.3e-38  126.3  20.2   6   6   2.2e-17   3.8e-15   50.5   6.1   437   596   530   705   500   778 0.74 NZ_CP157277.1_642 # 842603 # 844975 # -1 # ID=1_642;partial=00;start_type=ATG;rbs_motif=GGA/GAG/AGG;rbs_spacer=5-10bp;gc_cont=0.306
NZ_CP157277.1:505795-507336|+ -            514 534at2085            -            678   1.7e-12   41.7  22.8   1   2   7.2e-10   1.2e-07   25.6   2.2    29   154    14   127     2   145 0.78 NZ_CP157277.1_413 # 505795 # 507336 # 1 # ID=1_413;partial=00;start_type=ATG;rbs_motif=GGA/GAG/AGG;rbs_spacer=5-10bp;gc_cont=0.268
NZ_CP157277.1:505795-507336|+ -            514 534at2085            -            678   1.7e-12   41.7  22.8   2   2   2.8e-08   4.8e-06   20.4  12.8   312   561   151   392   128   468 0.67 NZ_CP157277.1_413 # 505795 # 507336 # 1 # ID=1_413;partial=00;start_type=ATG;rbs_motif=GGA/GAG/AGG;rbs_spacer=5-10bp;gc_cont=0.268
#
# Program:         hmmsearch
# Version:         3.4 (Aug 2023)
# Pipeline mode:   SEARCH
# Query file:      /home/bryan/Documentos/GitHub/Project_doctoral/IMPLEMENTACAO/Genomes/M_hyopneumoniae/strains/116/Use/busco_downloads/lineages/mycoplasmatales_odb10/hmms/534at2085.hmm
# Target file:     /home/bryan/Documentos/GitHub/Project_doctoral/IMPLEMENTACAO/Genomes/M_hyopneumoniae/strains/116/Use/busco_complete/prodigal_output/predicted_genes/predicted.faa
# Option settings: hmmsearch --domtblout /home/bryan/Documentos/GitHub/Project_doctoral/IMPLEMENTACAO/Genomes/M_hyopneumoniae/strains/116/Use/busco_complete/run_mycoplasmatales_odb10/hmmer_output/534at2085.out --cpu 1 /home/bryan/Documentos/GitHub/Project_doctoral/IMPLEMENTACAO/Genomes/M_hyopneumoniae/strains/116/Use/busco_downloads/lineages/mycoplasmatales_odb10/hmms/534at2085.hmm /home/bryan/Documentos/GitHub/Project_doctoral/IMPLEMENTACAO/Genomes/M_hyopneumoniae/strains/116/Use/busco_complete/prodigal_output/predicted_genes/predicted.faa 
# Current dir:     /home/bryan/Documentos/GitHub/Project_doctoral/IMPLEMENTACAO/Genomes/M_hyopneumoniae/strains/116/Use
# Date:            Sun Dec  1 19:02:27 2024
# [ok]
