#                                                                                     --- full sequence --- -------------- this domain -------------   hmm coord   ali coord   env coord
# target name                 accession   tlen query name           accession   qlen   E-value  score  bias   #  of  c-Evalue  i-Evalue  score  bias  from    to  from    to  from    to  acc description of target
#         ------------------- ---------- ----- -------------------- ---------- ----- --------- ------ ----- --- --- --------- --------- ------ ----- ----- ----- ----- ----- ----- ----- ---- ---------------------
NZ_CP157277.1:505795-507336|+ -            514 913at2085            -            397  7.3e-136  448.6  28.4   1   2  1.9e-125  3.2e-123  407.0  18.9     2   316     3   378     2   388 0.85 NZ_CP157277.1_413 # 505795 # 507336 # 1 # ID=1_413;partial=00;start_type=ATG;rbs_motif=GGA/GAG/AGG;rbs_spacer=5-10bp;gc_cont=0.268
NZ_CP157277.1:505795-507336|+ -            514 913at2085            -            397  7.3e-136  448.6  28.4   2   2   3.7e-15   6.3e-13   43.8   1.9   311   386   406   485   393   500 0.84 NZ_CP157277.1_413 # 505795 # 507336 # 1 # ID=1_413;partial=00;start_type=ATG;rbs_motif=GGA/GAG/AGG;rbs_spacer=5-10bp;gc_cont=0.268
NZ_CP157277.1:842603-844975|- -            791 913at2085            -            397   5.4e-18   60.5   0.5   1   2   1.3e-11   2.2e-09   32.2   0.0     2   166    29   205    28   215 0.83 NZ_CP157277.1_642 # 842603 # 844975 # -1 # ID=1_642;partial=00;start_type=ATG;rbs_motif=GGA/GAG/AGG;rbs_spacer=5-10bp;gc_cont=0.306
NZ_CP157277.1:842603-844975|- -            791 913at2085            -            397   5.4e-18   60.5   0.5   2   2   1.5e-09   2.6e-07   25.3   0.4   238   340   547   647   512   694 0.74 NZ_CP157277.1_642 # 842603 # 844975 # -1 # ID=1_642;partial=00;start_type=ATG;rbs_motif=GGA/GAG/AGG;rbs_spacer=5-10bp;gc_cont=0.306
NZ_CP157277.1:33459-36119|-   -            887 913at2085            -            397   3.6e-15   51.2  25.5   1   5     2e-12   3.3e-10   34.9   0.2    12   128    61   194    58   224 0.70 NZ_CP157277.1_30 # 33459 # 36119 # -1 # ID=1_30;partial=00;start_type=ATG;rbs_motif=AGGA;rbs_spacer=5-10bp;gc_cont=0.306
NZ_CP157277.1:33459-36119|-   -            887 913at2085            -            397   3.6e-15   51.2  25.5   2   5      0.59     1e+02   -2.9   0.1   144   187   410   460   402   462 0.53 NZ_CP157277.1_30 # 33459 # 36119 # -1 # ID=1_30;partial=00;start_type=ATG;rbs_motif=AGGA;rbs_spacer=5-10bp;gc_cont=0.306
NZ_CP157277.1:33459-36119|-   -            887 913at2085            -            397   3.6e-15   51.2  25.5   3   5   4.3e-09   7.4e-07   23.9   0.1   238   303   571   642   563   655 0.75 NZ_CP157277.1_30 # 33459 # 36119 # -1 # ID=1_30;partial=00;start_type=ATG;rbs_motif=AGGA;rbs_spacer=5-10bp;gc_cont=0.306
NZ_CP157277.1:33459-36119|-   -            887 913at2085            -            397   3.6e-15   51.2  25.5   4   5     0.038       6.5    1.0  11.8   264   387   634   763   626   776 0.67 NZ_CP157277.1_30 # 33459 # 36119 # -1 # ID=1_30;partial=00;start_type=ATG;rbs_motif=AGGA;rbs_spacer=5-10bp;gc_cont=0.306
NZ_CP157277.1:33459-36119|-   -            887 913at2085            -            397   3.6e-15   51.2  25.5   5   5      0.11        19   -0.5   0.4   118   163   763   806   756   811 0.70 NZ_CP157277.1_30 # 33459 # 36119 # -1 # ID=1_30;partial=00;start_type=ATG;rbs_motif=AGGA;rbs_spacer=5-10bp;gc_cont=0.306
NZ_CP157277.1:892580-895048|+ -            823 913at2085            -            397   1.3e-11   39.5   8.9   1   4   1.2e-09   2.1e-07   25.6   1.9     5   147    35   199    31   220 0.64 NZ_CP157277.1_672 # 892580 # 895048 # 1 # ID=1_672;partial=00;start_type=ATG;rbs_motif=AGGA;rbs_spacer=5-10bp;gc_cont=0.299
NZ_CP157277.1:892580-895048|+ -            823 913at2085            -            397   1.3e-11   39.5   8.9   2   4      0.11        18   -0.5   0.2   255   307   248   301   242   334 0.75 NZ_CP157277.1_672 # 892580 # 895048 # 1 # ID=1_672;partial=00;start_type=ATG;rbs_motif=AGGA;rbs_spacer=5-10bp;gc_cont=0.299
NZ_CP157277.1:892580-895048|+ -            823 913at2085            -            397   1.3e-11   39.5   8.9   3   4   5.2e-10   8.8e-08   26.9   0.7   233   318   490   575   465   606 0.67 NZ_CP157277.1_672 # 892580 # 895048 # 1 # ID=1_672;partial=00;start_type=ATG;rbs_motif=AGGA;rbs_spacer=5-10bp;gc_cont=0.299
NZ_CP157277.1:892580-895048|+ -            823 913at2085            -            397   1.3e-11   39.5   8.9   4   4      0.46        77   -2.6   0.7   319   342   684   707   663   796 0.62 NZ_CP157277.1_672 # 892580 # 895048 # 1 # ID=1_672;partial=00;start_type=ATG;rbs_motif=AGGA;rbs_spacer=5-10bp;gc_cont=0.299
#
# Program:         hmmsearch
# Version:         3.4 (Aug 2023)
# Pipeline mode:   SEARCH
# Query file:      /home/bryan/Documentos/GitHub/Project_doctoral/IMPLEMENTACAO/Genomes/M_hyopneumoniae/strains/116/Use/busco_downloads/lineages/mycoplasmatales_odb10/hmms/913at2085.hmm
# Target file:     /home/bryan/Documentos/GitHub/Project_doctoral/IMPLEMENTACAO/Genomes/M_hyopneumoniae/strains/116/Use/busco_complete/prodigal_output/predicted_genes/predicted.faa
# Option settings: hmmsearch --domtblout /home/bryan/Documentos/GitHub/Project_doctoral/IMPLEMENTACAO/Genomes/M_hyopneumoniae/strains/116/Use/busco_complete/run_mycoplasmatales_odb10/hmmer_output/913at2085.out --cpu 1 /home/bryan/Documentos/GitHub/Project_doctoral/IMPLEMENTACAO/Genomes/M_hyopneumoniae/strains/116/Use/busco_downloads/lineages/mycoplasmatales_odb10/hmms/913at2085.hmm /home/bryan/Documentos/GitHub/Project_doctoral/IMPLEMENTACAO/Genomes/M_hyopneumoniae/strains/116/Use/busco_complete/prodigal_output/predicted_genes/predicted.faa 
# Current dir:     /home/bryan/Documentos/GitHub/Project_doctoral/IMPLEMENTACAO/Genomes/M_hyopneumoniae/strains/116/Use
# Date:            Sun Dec  1 19:02:29 2024
# [ok]
